<?xml version="1.0" encoding="UTF-8"?>
<testsuite name="id.walt.common.SQLiteTest" tests="1" skipped="0" failures="0" errors="0" timestamp="2024-09-12T09:39:42" hostname="pablito-B550-AORUS-ELITE-V2" time="0.016">
  <properties/>
  <testcase name="createKeyStoreDb" classname="id.walt.common.SQLiteTest" time="0.016"/>
  <system-out><![CDATA[true
lastRowId: 4449
]]></system-out>
  <system-err><![CDATA[7686 [pool-1-thread-1 @coroutine#172] DEBUG id.walt.services.keystore.HKVKeyStoreService - Storing key "e80071805d83421b9cb0d72a3c1ab43b".
7686 [pool-1-thread-1 @coroutine#172] DEBUG id.walt.services.keystore.HKVKeyStoreService - Loading key "e80071805d83421b9cb0d72a3c1ab43b".
]]></system-err>
</testsuite>
