<?xml version="1.0" encoding="UTF-8"?>
<testsuite name="id.walt.services.hkvstore.HKVStoreTest" tests="2" skipped="0" failures="0" errors="0" timestamp="2024-09-12T09:39:47" hostname="pablito-B550-AORUS-ELITE-V2" time="0.004">
  <properties/>
  <testcase name="InMemoryStore test" classname="id.walt.services.hkvstore.HKVStoreTest" time="0.001"/>
  <testcase name="FileSystemStore test" classname="id.walt.services.hkvstore.HKVStoreTest" time="0.003"/>
  <system-out><![CDATA[Adding items...
Retrieving items...
Retrieving data...
Deleting items...
Adding items...
Retrieving items...
Retrieving data...
Deleting items...
]]></system-out>
  <system-err><![CDATA[]]></system-err>
</testsuite>
