<?xml version="1.0" encoding="UTF-8"?>
<testsuite name="id.walt.services.essif.jsonrpc.JsonRpcServiceTest" tests="1" skipped="0" failures="0" errors="0" timestamp="2024-09-12T09:39:47" hostname="pablito-B550-AORUS-ELITE-V2" time="0.025">
  <properties/>
  <testcase name="testSignTransaction" classname="id.walt.services.essif.jsonrpc.JsonRpcServiceTest" time="0.025"/>
  <system-out><![CDATA[Running ServiceMatrix
Done running the ServiceMatrix
NEEDING DID EBSI 2
]]></system-out>
  <system-err><![CDATA[12316 [pool-1-thread-1 @coroutine#817] DEBUG id.walt.services.keystore.SqlKeyStoreService - Saving key "Key[JsonRpcServiceTest_key; Algo: ECDSA_Secp256k1; Provider: SUN]"...
12319 [pool-1-thread-1 @coroutine#817] DEBUG id.walt.services.keystore.SqlKeyStoreService - Adding alias "did:ebsi:23R3YwWEc7J1chejmwjh5JDaRjqvvf6ogHnxJNHUvaep4f98" for keyId "JsonRpcServiceTest_key"...
12321 [pool-1-thread-1 @coroutine#817] DEBUG id.walt.services.keystore.SqlKeyStoreService - Adding alias "did:ebsi:23R3YwWEc7J1chejmwjh5JDaRjqvvf6ogHnxJNHUvaep4f98#key-1" for keyId "JsonRpcServiceTest_key"...
12327 [pool-1-thread-1 @coroutine#817] DEBUG id.walt.services.keystore.SqlKeyStoreService - Loading key "did:ebsi:23R3YwWEc7J1chejmwjh5JDaRjqvvf6ogHnxJNHUvaep4f98"...
12327 [pool-1-thread-1 @coroutine#817] DEBUG id.walt.services.keystore.SqlKeyStoreService - Loading key "JsonRpcServiceTest_key"...
12331 [pool-1-thread-1 @coroutine#817] DEBUG id.walt.services.keystore.SqlKeyStoreService - Loading key "did:ebsi:23R3YwWEc7J1chejmwjh5JDaRjqvvf6ogHnxJNHUvaep4f98"...
12332 [pool-1-thread-1 @coroutine#817] DEBUG id.walt.services.keystore.SqlKeyStoreService - Deleting key "JsonRpcServiceTest_key".
]]></system-err>
</testsuite>
