<?xml version="1.0" encoding="UTF-8"?>
<testsuite name="id.walt.signatory.SimpleCredentialClientServiceTest" tests="1" skipped="0" failures="0" errors="0" timestamp="2024-09-12T09:39:50" hostname="pablito-B550-AORUS-ELITE-V2" time="0.018">
  <properties/>
  <testcase name="test" classname="id.walt.signatory.SimpleCredentialClientServiceTest" time="0.018"/>
  <system-out><![CDATA[223ab60d-035d-4af7-a1da-f8a9a32c8529bf925f46-2820-4697-b2bc-6de5cce1aad1
2FANI76CGZYRWF7WYSS6LNKABXT63BGLRLYARZVP6WYNJ7DNM3OQ
TokenRevocationStatus(token=2FANI76CGZYRWF7WYSS6LNKABXT63BGLRLYARZVP6WYNJ7DNM3OQ, isRevoked=false, timeOfRevocation=null)
TokenRevocationStatus(token=2FANI76CGZYRWF7WYSS6LNKABXT63BGLRLYARZVP6WYNJ7DNM3OQ, isRevoked=false, timeOfRevocation=null)
]]></system-out>
  <system-err><![CDATA[15089 [Test worker @coroutine#65] WARN io.javalin.Javalin - JDK15 and Kotlin 1.5 break reflection in different ways - the OpenAPI plugin will not work properly. Please visit https://github.com/tipsy/javalin/issues/1193 if you want to help fix this issue.
15089 [Test worker @coroutine#65] WARN io.javalin.Javalin - You can disable this warning by doing `OpenApiVersionUtil.logWarnings = false`
15090 [Test worker @coroutine#65] INFO io.javalin.Javalin - JAVALIN HANDLER REGISTRATION DEBUG LOG: GET[/api-routes]
15090 [Test worker @coroutine#65] INFO io.javalin.Javalin - JAVALIN HANDLER REGISTRATION DEBUG LOG: GET[/v1/api-documentation]
15090 [Test worker @coroutine#65] INFO io.javalin.Javalin - JAVALIN HANDLER REGISTRATION DEBUG LOG: GET[/v1/swagger]
15091 [Test worker @coroutine#65] INFO io.javalin.Javalin - JAVALIN HANDLER REGISTRATION DEBUG LOG: GET[/v1/redoc]
15091 [Test worker @coroutine#65] INFO io.javalin.Javalin - JAVALIN HANDLER REGISTRATION DEBUG LOG: BEFORE[*]
15091 [Test worker @coroutine#65] INFO io.javalin.Javalin - JAVALIN HANDLER REGISTRATION DEBUG LOG: GET[/]
15091 [Test worker @coroutine#65] INFO io.javalin.Javalin - JAVALIN HANDLER REGISTRATION DEBUG LOG: GET[/health]
15091 [Test worker @coroutine#65] INFO io.javalin.Javalin - JAVALIN HANDLER REGISTRATION DEBUG LOG: POST[/v1/credentials/issue]
15091 [Test worker @coroutine#65] INFO io.javalin.Javalin - JAVALIN HANDLER REGISTRATION DEBUG LOG: POST[/v1/credentials/issueFromJson]
15091 [Test worker @coroutine#65] INFO io.javalin.Javalin - JAVALIN HANDLER REGISTRATION DEBUG LOG: GET[/v1/credentials/status/{id}]
15091 [Test worker @coroutine#65] INFO io.javalin.Javalin - JAVALIN HANDLER REGISTRATION DEBUG LOG: GET[/v1/credentials/token/{id}]
15091 [Test worker @coroutine#65] INFO io.javalin.Javalin - JAVALIN HANDLER REGISTRATION DEBUG LOG: GET[/v1/templates]
15091 [Test worker @coroutine#65] INFO io.javalin.Javalin - JAVALIN HANDLER REGISTRATION DEBUG LOG: GET[/v1/templates/{id}]
15091 [Test worker @coroutine#65] INFO io.javalin.Javalin - JAVALIN HANDLER REGISTRATION DEBUG LOG: POST[/v1/templates/{id}]
15091 [Test worker @coroutine#65] INFO io.javalin.Javalin - JAVALIN HANDLER REGISTRATION DEBUG LOG: DELETE[/v1/templates/{id}]
15091 [Test worker @coroutine#65] INFO io.javalin.Javalin - JAVALIN HANDLER REGISTRATION DEBUG LOG: POST[/v1/revocations/check]
15091 [Test worker @coroutine#65] INFO io.javalin.Javalin - JAVALIN HANDLER REGISTRATION DEBUG LOG: POST[/v1/revocations/revoke]
15091 [Test worker @coroutine#65] INFO io.javalin.Javalin - 
       __                      __ _            __ __
      / /____ _ _   __ ____ _ / /(_)____      / // /
 __  / // __ `/| | / // __ `// // // __ \    / // /_
/ /_/ // /_/ / | |/ // /_/ // // // / / /   /__  __/
\____/ \__,_/  |___/ \__,_//_//_//_/ /_/      /_/

          https://javalin.io/documentation

15092 [Test worker @coroutine#65] INFO io.javalin.Javalin - Starting Javalin ...
15092 [Test worker @coroutine#65] INFO io.javalin.Javalin - You are running Javalin 4.6.8 (released May 4, 2023. Your Javalin version is 496 days old. Consider checking for a newer version.).
15094 [Test worker @coroutine#65] INFO io.javalin.Javalin - Static file handler added: StaticFileConfig(hostedPath=/, directory=META-INF/resources/webjars, location=CLASSPATH, precompress=false, aliasCheck=null, headers={Cache-Control=max-age=31622400}). File system location: 'jar:file:/home/pablito/.gradle/caches/modules-2/files-2.1/org.webjars.npm/redoc/2.0.0-rc.45/e5a05187d6d468d389c54974d1e70cb2225c4071/redoc-2.0.0-rc.45.jar!/META-INF/resources/webjars'
15094 [Test worker @coroutine#65] INFO io.javalin.Javalin - Listening on http://127.0.0.1:7001/
15094 [Test worker @coroutine#65] INFO io.javalin.Javalin - Javalin started in 3ms \o/
15099 [pool-1-thread-1 @coroutine#1034] DEBUG WaltIdRevocationClientService - Checking revocation at TokenRevocationCheckParameter(revocationCheckUrl=http://localhost:7001/v1/credentials/token/2FANI76CGZYRWF7WYSS6LNKABXT63BGLRLYARZVP6WYNJ7DNM3OQ)
15106 [JettyServerThreadPool-315] INFO io.javalin.Javalin - JAVALIN REQUEST DEBUG LOG:
Request: GET [/v1/credentials/token/2FANI76CGZYRWF7WYSS6LNKABXT63BGLRLYARZVP6WYNJ7DNM3OQ]
    Matching endpoint-handlers: [BEFORE=*, GET=/v1/credentials/token/{id}]
    Headers: {Accept-Charset=UTF-8, Accept=application/json,application/json, User-Agent=Ktor client, Host=localhost:7001, Content-Type=application/json}
    Cookies: {}
    Body: 
    QueryString: null
    QueryParams: {}
    FormParams: {}
Response: [200], execution took 4.10 ms
    Headers: {Date=Thu, 12 Sep 2024 09:39:50 GMT, Content-Type=application/json}
    Body is 87 bytes (starts on next line):
    {"isRevoked" : false, "token" : "2FANI76CGZYRWF7WYSS6LNKABXT63BGLRLYARZVP6WYNJ7DNM3OQ"}
----------------------------------------------------------------------------------
15108 [pool-1-thread-1 @coroutine#1031] DEBUG WaltIdRevocationClientService - Revoking at http://localhost:7001/v1/credentials/token/223ab60d-035d-4af7-a1da-f8a9a32c8529bf925f46-2820-4697-b2bc-6de5cce1aad1
15109 [pool-1-thread-1 @coroutine#1044] DEBUG WaltIdRevocationClientService - Checking revocation at TokenRevocationCheckParameter(revocationCheckUrl=http://localhost:7001/v1/credentials/token/2FANI76CGZYRWF7WYSS6LNKABXT63BGLRLYARZVP6WYNJ7DNM3OQ)
15112 [JettyServerThreadPool-303] INFO io.javalin.Javalin - JAVALIN REQUEST DEBUG LOG:
Request: GET [/v1/credentials/token/2FANI76CGZYRWF7WYSS6LNKABXT63BGLRLYARZVP6WYNJ7DNM3OQ]
    Matching endpoint-handlers: [BEFORE=*, GET=/v1/credentials/token/{id}]
    Headers: {Accept-Charset=UTF-8, Accept=application/json,application/json, User-Agent=Ktor client, Host=localhost:7001, Content-Type=application/json}
    Cookies: {}
    Body: 
    QueryString: null
    QueryParams: {}
    FormParams: {}
Response: [200], execution took 0.99 ms
    Headers: {Date=Thu, 12 Sep 2024 09:39:50 GMT, Content-Type=application/json}
    Body is 87 bytes (starts on next line):
    {"isRevoked" : false, "token" : "2FANI76CGZYRWF7WYSS6LNKABXT63BGLRLYARZVP6WYNJ7DNM3OQ"}
----------------------------------------------------------------------------------
15113 [Test worker @coroutine#65] INFO io.javalin.Javalin - Stopping Javalin ...
15114 [Test worker @coroutine#65] INFO io.javalin.Javalin - Javalin has stopped
]]></system-err>
</testsuite>
