<?xml version="1.0" encoding="UTF-8"?>
<testsuite name="id.walt.services.did.DidServiceTest" tests="21" skipped="2" failures="0" errors="0" timestamp="2024-09-12T09:39:46" hostname="pablito-B550-AORUS-ELITE-V2" time="0.415">
  <properties/>
  <testcase name="createDidEbsiTest" classname="id.walt.services.did.DidServiceTest" time="0.007"/>
  <testcase name="createDidEbsiV1Identifier" classname="id.walt.services.did.DidServiceTest" time="0.003"/>
  <testcase name="createDidEbsiV2Identifier" classname="id.walt.services.did.DidServiceTest" time="0.003"/>
  <testcase name="createResolveDidJwkP256Test" classname="id.walt.services.did.DidServiceTest" time="0.006"/>
  <testcase name="createResolveDidKeyP256Test" classname="id.walt.services.did.DidServiceTest" time="0.007"/>
  <testcase name="createResolveDidKeyRsaTest" classname="id.walt.services.did.DidServiceTest" time="0.07"/>
  <testcase name="createResolveDidKeySecpTest" classname="id.walt.services.did.DidServiceTest" time="0.008"/>
  <testcase name="createResolveDidKeyTest" classname="id.walt.services.did.DidServiceTest" time="0.006"/>
  <testcase name="listDidsTest" classname="id.walt.services.did.DidServiceTest" time="0.004"/>
  <testcase name="parseDidUrlTest" classname="id.walt.services.did.DidServiceTest" time="0.002"/>
  <testcase name="parseDidWithContextArray" classname="id.walt.services.did.DidServiceTest" time="0.004"/>
  <testcase name="parseDidWithSingleValueContext" classname="id.walt.services.did.DidServiceTest" time="0.006"/>
  <testcase name="resolveDidEbsiRawTest" classname="id.walt.services.did.DidServiceTest" time="0.0">
    <skipped/>
  </testcase>
  <testcase name="resolveDidEbsiTest" classname="id.walt.services.did.DidServiceTest" time="0.0">
    <skipped/>
  </testcase>
  <testcase name="resolveDidKeyJwkJcsPub" classname="id.walt.services.did.DidServiceTest" time="0.008"/>
  <testcase name="testDeleteDid" classname="id.walt.services.did.DidServiceTest" time="0.224"/>
  <testcase name="testDidImportFromBram" classname="id.walt.services.did.DidServiceTest" time="0.016"/>
  <testcase name="testDidImportFromMauro" classname="id.walt.services.did.DidServiceTest" time="0.009"/>
  <testcase name="testDidWithoutContext" classname="id.walt.services.did.DidServiceTest" time="0.005"/>
  <testcase name="testParseAndSerializeDidWithMixedVerificationRelationships" classname="id.walt.services.did.DidServiceTest" time="0.005"/>
  <testcase name="testResolveDidJwkExamples" classname="id.walt.services.did.DidServiceTest" time="0.004"/>
  <system-out><![CDATA[{"assertionMethod" : [{"controller" : "", "id" : "did:ebsi:zxUAsJGw2nSvpq47Gs33kx2#a76615cd29b04c1a8a3910014e556e8e", "type" : ""}], "authentication" : [{"controller" : "", "id" : "did:ebsi:zxUAsJGw2nSvpq47Gs33kx2#a76615cd29b04c1a8a3910014e556e8e", "type" : ""}], "@context" : ["https://www.w3.org/ns/did/v1"], "id" : "did:ebsi:zxUAsJGw2nSvpq47Gs33kx2", "verificationMethod" : [{"controller" : "did:ebsi:zxUAsJGw2nSvpq47Gs33kx2", "id" : "did:ebsi:zxUAsJGw2nSvpq47Gs33kx2#a76615cd29b04c1a8a3910014e556e8e", "publicKeyJwk" : {"alg" : "ES256K", "crv" : "secp256k1", "kid" : "a76615cd29b04c1a8a3910014e556e8e", "kty" : "EC", "use" : "sig", "x" : "qZU0tlovXxFU06rVWProEDZK7TMARuW4TOJurU53RPs", "y" : "qEd2mk72Uf6VRcg7Qcd6ibNGxkBy8KlK0JZFllLbvYU"}, "type" : "EcdsaSecp256k1VerificationKey2019"}]}
{"assertionMethod" : [{"controller" : "", "id" : "did:ebsi:zxUAsJGw2nSvpq47Gs33kx2#a76615cd29b04c1a8a3910014e556e8e", "type" : ""}], "authentication" : [{"controller" : "", "id" : "did:ebsi:zxUAsJGw2nSvpq47Gs33kx2#a76615cd29b04c1a8a3910014e556e8e", "type" : ""}], "@context" : ["https://www.w3.org/ns/did/v1"], "id" : "did:ebsi:zxUAsJGw2nSvpq47Gs33kx2", "verificationMethod" : [{"controller" : "did:ebsi:zxUAsJGw2nSvpq47Gs33kx2", "id" : "did:ebsi:zxUAsJGw2nSvpq47Gs33kx2#a76615cd29b04c1a8a3910014e556e8e", "publicKeyJwk" : {"alg" : "ES256K", "crv" : "secp256k1", "kid" : "a76615cd29b04c1a8a3910014e556e8e", "kty" : "EC", "use" : "sig", "x" : "qZU0tlovXxFU06rVWProEDZK7TMARuW4TOJurU53RPs", "y" : "qEd2mk72Uf6VRcg7Qcd6ibNGxkBy8KlK0JZFllLbvYU"}, "type" : "EcdsaSecp256k1VerificationKey2019"}]}
did:jwk:eyJrdHkiOiJFQyIsInVzZSI6InNpZyIsImNydiI6IlAtMjU2Iiwia2lkIjoiNGViM2E1MDkzNTVhNGQ0YWJmYTljMzI0ZDhlYTk5ODAiLCJ4IjoiRkd2T2lMM0xLQ2Y5dVM1eWpvM3RuZFRhLXpoNmJsRDg2M2lxMkptYlNOUSIsInkiOiJ2RVg1SHBtRk8zekl2STg5Q2VxNnkyS1BlcXlITjFJbjBpVTNsNkx1S280IiwiYWxnIjoiRVMyNTYifQ{"assertionMethod" : [{"controller" : "", "id" : "did:jwk:eyJrdHkiOiJFQyIsInVzZSI6InNpZyIsImNydiI6IlAtMjU2Iiwia2lkIjoiNGViM2E1MDkzNTVhNGQ0YWJmYTljMzI0ZDhlYTk5ODAiLCJ4IjoiRkd2T2lMM0xLQ2Y5dVM1eWpvM3RuZFRhLXpoNmJsRDg2M2lxMkptYlNOUSIsInkiOiJ2RVg1SHBtRk8zekl2STg5Q2VxNnkyS1BlcXlITjFJbjBpVTNsNkx1S280IiwiYWxnIjoiRVMyNTYifQ#0", "type" : ""}], "authentication" : [{"controller" : "", "id" : "did:jwk:eyJrdHkiOiJFQyIsInVzZSI6InNpZyIsImNydiI6IlAtMjU2Iiwia2lkIjoiNGViM2E1MDkzNTVhNGQ0YWJmYTljMzI0ZDhlYTk5ODAiLCJ4IjoiRkd2T2lMM0xLQ2Y5dVM1eWpvM3RuZFRhLXpoNmJsRDg2M2lxMkptYlNOUSIsInkiOiJ2RVg1SHBtRk8zekl2STg5Q2VxNnkyS1BlcXlITjFJbjBpVTNsNkx1S280IiwiYWxnIjoiRVMyNTYifQ#0", "type" : ""}], "capabilityDelegation" : [{"controller" : "", "id" : "did:jwk:eyJrdHkiOiJFQyIsInVzZSI6InNpZyIsImNydiI6IlAtMjU2Iiwia2lkIjoiNGViM2E1MDkzNTVhNGQ0YWJmYTljMzI0ZDhlYTk5ODAiLCJ4IjoiRkd2T2lMM0xLQ2Y5dVM1eWpvM3RuZFRhLXpoNmJsRDg2M2lxMkptYlNOUSIsInkiOiJ2RVg1SHBtRk8zekl2STg5Q2VxNnkyS1BlcXlITjFJbjBpVTNsNkx1S280IiwiYWxnIjoiRVMyNTYifQ#0", "type" : ""}], "capabilityInvocation" : [{"controller" : "", "id" : "did:jwk:eyJrdHkiOiJFQyIsInVzZSI6InNpZyIsImNydiI6IlAtMjU2Iiwia2lkIjoiNGViM2E1MDkzNTVhNGQ0YWJmYTljMzI0ZDhlYTk5ODAiLCJ4IjoiRkd2T2lMM0xLQ2Y5dVM1eWpvM3RuZFRhLXpoNmJsRDg2M2lxMkptYlNOUSIsInkiOiJ2RVg1SHBtRk8zekl2STg5Q2VxNnkyS1BlcXlITjFJbjBpVTNsNkx1S280IiwiYWxnIjoiRVMyNTYifQ#0", "type" : ""}], "@context" : ["https://www.w3.org/ns/did/v1", "https://w3id.org/security/suites/jws-2020/v1"], "id" : "did:jwk:eyJrdHkiOiJFQyIsInVzZSI6InNpZyIsImNydiI6IlAtMjU2Iiwia2lkIjoiNGViM2E1MDkzNTVhNGQ0YWJmYTljMzI0ZDhlYTk5ODAiLCJ4IjoiRkd2T2lMM0xLQ2Y5dVM1eWpvM3RuZFRhLXpoNmJsRDg2M2lxMkptYlNOUSIsInkiOiJ2RVg1SHBtRk8zekl2STg5Q2VxNnkyS1BlcXlITjFJbjBpVTNsNkx1S280IiwiYWxnIjoiRVMyNTYifQ", "keyAgreement" : [{"controller" : "", "id" : "did:jwk:eyJrdHkiOiJFQyIsInVzZSI6InNpZyIsImNydiI6IlAtMjU2Iiwia2lkIjoiNGViM2E1MDkzNTVhNGQ0YWJmYTljMzI0ZDhlYTk5ODAiLCJ4IjoiRkd2T2lMM0xLQ2Y5dVM1eWpvM3RuZFRhLXpoNmJsRDg2M2lxMkptYlNOUSIsInkiOiJ2RVg1SHBtRk8zekl2STg5Q2VxNnkyS1BlcXlITjFJbjBpVTNsNkx1S280IiwiYWxnIjoiRVMyNTYifQ#0", "type" : ""}], "verificationMethod" : [{"controller" : "did:jwk:eyJrdHkiOiJFQyIsInVzZSI6InNpZyIsImNydiI6IlAtMjU2Iiwia2lkIjoiNGViM2E1MDkzNTVhNGQ0YWJmYTljMzI0ZDhlYTk5ODAiLCJ4IjoiRkd2T2lMM0xLQ2Y5dVM1eWpvM3RuZFRhLXpoNmJsRDg2M2lxMkptYlNOUSIsInkiOiJ2RVg1SHBtRk8zekl2STg5Q2VxNnkyS1BlcXlITjFJbjBpVTNsNkx1S280IiwiYWxnIjoiRVMyNTYifQ", "id" : "did:jwk:eyJrdHkiOiJFQyIsInVzZSI6InNpZyIsImNydiI6IlAtMjU2Iiwia2lkIjoiNGViM2E1MDkzNTVhNGQ0YWJmYTljMzI0ZDhlYTk5ODAiLCJ4IjoiRkd2T2lMM0xLQ2Y5dVM1eWpvM3RuZFRhLXpoNmJsRDg2M2lxMkptYlNOUSIsInkiOiJ2RVg1SHBtRk8zekl2STg5Q2VxNnkyS1BlcXlITjFJbjBpVTNsNkx1S280IiwiYWxnIjoiRVMyNTYifQ#0", "publicKeyJwk" : {"alg" : "ES256", "crv" : "P-256", "kid" : "4eb3a509355a4d4abfa9c324d8ea9980", "kty" : "EC", "use" : "sig", "x" : "FGvOiL3LKCf9uS5yjo3tndTa-zh6blD863iq2JmbSNQ", "y" : "vEX5HpmFO3zIvI89Ceq6y2KPeqyHN1In0iU3l6LuKo4"}, "type" : "JsonWebKey2020"}]}
did:key:zDnaeSprrBtPmK8sVremxYw3zEwoXevTd3viXzeFY4xWJndx1{"assertionMethod" : [{"controller" : "", "id" : "did:key:zDnaeSprrBtPmK8sVremxYw3zEwoXevTd3viXzeFY4xWJndx1#zDnaeSprrBtPmK8sVremxYw3zEwoXevTd3viXzeFY4xWJndx1", "type" : ""}], "authentication" : [{"controller" : "", "id" : "did:key:zDnaeSprrBtPmK8sVremxYw3zEwoXevTd3viXzeFY4xWJndx1#zDnaeSprrBtPmK8sVremxYw3zEwoXevTd3viXzeFY4xWJndx1", "type" : ""}], "capabilityDelegation" : [{"controller" : "", "id" : "did:key:zDnaeSprrBtPmK8sVremxYw3zEwoXevTd3viXzeFY4xWJndx1#zDnaeSprrBtPmK8sVremxYw3zEwoXevTd3viXzeFY4xWJndx1", "type" : ""}], "capabilityInvocation" : [{"controller" : "", "id" : "did:key:zDnaeSprrBtPmK8sVremxYw3zEwoXevTd3viXzeFY4xWJndx1#zDnaeSprrBtPmK8sVremxYw3zEwoXevTd3viXzeFY4xWJndx1", "type" : ""}], "@context" : ["https://www.w3.org/ns/did/v1"], "id" : "did:key:zDnaeSprrBtPmK8sVremxYw3zEwoXevTd3viXzeFY4xWJndx1", "verificationMethod" : [{"controller" : "did:key:zDnaeSprrBtPmK8sVremxYw3zEwoXevTd3viXzeFY4xWJndx1", "id" : "did:key:zDnaeSprrBtPmK8sVremxYw3zEwoXevTd3viXzeFY4xWJndx1#zDnaeSprrBtPmK8sVremxYw3zEwoXevTd3viXzeFY4xWJndx1", "publicKeyJwk" : {"alg" : "ES256", "crv" : "P-256", "kid" : "301e58b4606849c4bcef682179cac57c", "kty" : "EC", "use" : "sig", "x" : "I5S5o27TgeVDPgmh3KQJTS2MbGQdpPL4Uk8iUROOLf4", "y" : "Y5VOKeo-QpdzKlRy5E_3Vy_Hg_ISV3Q0n_CkzE9cYkQ"}, "type" : "EcdsaSecp256r1VerificationKey2019"}]}
did:key:z4MXj1wBzi9jUstyPPUwqybGkMxxTQGXFMJY3Mtr2qkS1XyJSVS1bEFTU15c8Umy2dwVHKRmEyoTxtZzWHfiK4KFB689bzKKKS6hHxkTXpRoEDvWHSP2bVvRRRpnFXZER1YMbyxCNttEEusKNQgxtgLCJiWa5PThRCVyEFdu6rYaEkkBv3juzg1TvRHFnnUpHYYcDL67s8vGvgMBDQXDmT3TG9f1uxDUWNFw2JUnoc4M8qTCcXcbuZVmw2Ch77nufJ6DChZ4Z7jouc1u1pCyRLXqBm5riXJkeDa5GDSMx37FLpe7rzyFmPtifcQgdY4pBwRxik9W4zJuDSXSYP9Z1JEjZDTfVdEM5Sg2ihzMoJokPvMqeEHqA{"assertionMethod" : [{"controller" : "", "id" : "did:key:z4MXj1wBzi9jUstyPPUwqybGkMxxTQGXFMJY3Mtr2qkS1XyJSVS1bEFTU15c8Umy2dwVHKRmEyoTxtZzWHfiK4KFB689bzKKKS6hHxkTXpRoEDvWHSP2bVvRRRpnFXZER1YMbyxCNttEEusKNQgxtgLCJiWa5PThRCVyEFdu6rYaEkkBv3juzg1TvRHFnnUpHYYcDL67s8vGvgMBDQXDmT3TG9f1uxDUWNFw2JUnoc4M8qTCcXcbuZVmw2Ch77nufJ6DChZ4Z7jouc1u1pCyRLXqBm5riXJkeDa5GDSMx37FLpe7rzyFmPtifcQgdY4pBwRxik9W4zJuDSXSYP9Z1JEjZDTfVdEM5Sg2ihzMoJokPvMqeEHqA#z4MXj1wBzi9jUstyPPUwqybGkMxxTQGXFMJY3Mtr2qkS1XyJSVS1bEFTU15c8Umy2dwVHKRmEyoTxtZzWHfiK4KFB689bzKKKS6hHxkTXpRoEDvWHSP2bVvRRRpnFXZER1YMbyxCNttEEusKNQgxtgLCJiWa5PThRCVyEFdu6rYaEkkBv3juzg1TvRHFnnUpHYYcDL67s8vGvgMBDQXDmT3TG9f1uxDUWNFw2JUnoc4M8qTCcXcbuZVmw2Ch77nufJ6DChZ4Z7jouc1u1pCyRLXqBm5riXJkeDa5GDSMx37FLpe7rzyFmPtifcQgdY4pBwRxik9W4zJuDSXSYP9Z1JEjZDTfVdEM5Sg2ihzMoJokPvMqeEHqA", "type" : ""}], "authentication" : [{"controller" : "", "id" : "did:key:z4MXj1wBzi9jUstyPPUwqybGkMxxTQGXFMJY3Mtr2qkS1XyJSVS1bEFTU15c8Umy2dwVHKRmEyoTxtZzWHfiK4KFB689bzKKKS6hHxkTXpRoEDvWHSP2bVvRRRpnFXZER1YMbyxCNttEEusKNQgxtgLCJiWa5PThRCVyEFdu6rYaEkkBv3juzg1TvRHFnnUpHYYcDL67s8vGvgMBDQXDmT3TG9f1uxDUWNFw2JUnoc4M8qTCcXcbuZVmw2Ch77nufJ6DChZ4Z7jouc1u1pCyRLXqBm5riXJkeDa5GDSMx37FLpe7rzyFmPtifcQgdY4pBwRxik9W4zJuDSXSYP9Z1JEjZDTfVdEM5Sg2ihzMoJokPvMqeEHqA#z4MXj1wBzi9jUstyPPUwqybGkMxxTQGXFMJY3Mtr2qkS1XyJSVS1bEFTU15c8Umy2dwVHKRmEyoTxtZzWHfiK4KFB689bzKKKS6hHxkTXpRoEDvWHSP2bVvRRRpnFXZER1YMbyxCNttEEusKNQgxtgLCJiWa5PThRCVyEFdu6rYaEkkBv3juzg1TvRHFnnUpHYYcDL67s8vGvgMBDQXDmT3TG9f1uxDUWNFw2JUnoc4M8qTCcXcbuZVmw2Ch77nufJ6DChZ4Z7jouc1u1pCyRLXqBm5riXJkeDa5GDSMx37FLpe7rzyFmPtifcQgdY4pBwRxik9W4zJuDSXSYP9Z1JEjZDTfVdEM5Sg2ihzMoJokPvMqeEHqA", "type" : ""}], "capabilityDelegation" : [{"controller" : "", "id" : "did:key:z4MXj1wBzi9jUstyPPUwqybGkMxxTQGXFMJY3Mtr2qkS1XyJSVS1bEFTU15c8Umy2dwVHKRmEyoTxtZzWHfiK4KFB689bzKKKS6hHxkTXpRoEDvWHSP2bVvRRRpnFXZER1YMbyxCNttEEusKNQgxtgLCJiWa5PThRCVyEFdu6rYaEkkBv3juzg1TvRHFnnUpHYYcDL67s8vGvgMBDQXDmT3TG9f1uxDUWNFw2JUnoc4M8qTCcXcbuZVmw2Ch77nufJ6DChZ4Z7jouc1u1pCyRLXqBm5riXJkeDa5GDSMx37FLpe7rzyFmPtifcQgdY4pBwRxik9W4zJuDSXSYP9Z1JEjZDTfVdEM5Sg2ihzMoJokPvMqeEHqA#z4MXj1wBzi9jUstyPPUwqybGkMxxTQGXFMJY3Mtr2qkS1XyJSVS1bEFTU15c8Umy2dwVHKRmEyoTxtZzWHfiK4KFB689bzKKKS6hHxkTXpRoEDvWHSP2bVvRRRpnFXZER1YMbyxCNttEEusKNQgxtgLCJiWa5PThRCVyEFdu6rYaEkkBv3juzg1TvRHFnnUpHYYcDL67s8vGvgMBDQXDmT3TG9f1uxDUWNFw2JUnoc4M8qTCcXcbuZVmw2Ch77nufJ6DChZ4Z7jouc1u1pCyRLXqBm5riXJkeDa5GDSMx37FLpe7rzyFmPtifcQgdY4pBwRxik9W4zJuDSXSYP9Z1JEjZDTfVdEM5Sg2ihzMoJokPvMqeEHqA", "type" : ""}], "capabilityInvocation" : [{"controller" : "", "id" : "did:key:z4MXj1wBzi9jUstyPPUwqybGkMxxTQGXFMJY3Mtr2qkS1XyJSVS1bEFTU15c8Umy2dwVHKRmEyoTxtZzWHfiK4KFB689bzKKKS6hHxkTXpRoEDvWHSP2bVvRRRpnFXZER1YMbyxCNttEEusKNQgxtgLCJiWa5PThRCVyEFdu6rYaEkkBv3juzg1TvRHFnnUpHYYcDL67s8vGvgMBDQXDmT3TG9f1uxDUWNFw2JUnoc4M8qTCcXcbuZVmw2Ch77nufJ6DChZ4Z7jouc1u1pCyRLXqBm5riXJkeDa5GDSMx37FLpe7rzyFmPtifcQgdY4pBwRxik9W4zJuDSXSYP9Z1JEjZDTfVdEM5Sg2ihzMoJokPvMqeEHqA#z4MXj1wBzi9jUstyPPUwqybGkMxxTQGXFMJY3Mtr2qkS1XyJSVS1bEFTU15c8Umy2dwVHKRmEyoTxtZzWHfiK4KFB689bzKKKS6hHxkTXpRoEDvWHSP2bVvRRRpnFXZER1YMbyxCNttEEusKNQgxtgLCJiWa5PThRCVyEFdu6rYaEkkBv3juzg1TvRHFnnUpHYYcDL67s8vGvgMBDQXDmT3TG9f1uxDUWNFw2JUnoc4M8qTCcXcbuZVmw2Ch77nufJ6DChZ4Z7jouc1u1pCyRLXqBm5riXJkeDa5GDSMx37FLpe7rzyFmPtifcQgdY4pBwRxik9W4zJuDSXSYP9Z1JEjZDTfVdEM5Sg2ihzMoJokPvMqeEHqA", "type" : ""}], "@context" : ["https://www.w3.org/ns/did/v1"], "id" : "did:key:z4MXj1wBzi9jUstyPPUwqybGkMxxTQGXFMJY3Mtr2qkS1XyJSVS1bEFTU15c8Umy2dwVHKRmEyoTxtZzWHfiK4KFB689bzKKKS6hHxkTXpRoEDvWHSP2bVvRRRpnFXZER1YMbyxCNttEEusKNQgxtgLCJiWa5PThRCVyEFdu6rYaEkkBv3juzg1TvRHFnnUpHYYcDL67s8vGvgMBDQXDmT3TG9f1uxDUWNFw2JUnoc4M8qTCcXcbuZVmw2Ch77nufJ6DChZ4Z7jouc1u1pCyRLXqBm5riXJkeDa5GDSMx37FLpe7rzyFmPtifcQgdY4pBwRxik9W4zJuDSXSYP9Z1JEjZDTfVdEM5Sg2ihzMoJokPvMqeEHqA", "verificationMethod" : [{"controller" : "did:key:z4MXj1wBzi9jUstyPPUwqybGkMxxTQGXFMJY3Mtr2qkS1XyJSVS1bEFTU15c8Umy2dwVHKRmEyoTxtZzWHfiK4KFB689bzKKKS6hHxkTXpRoEDvWHSP2bVvRRRpnFXZER1YMbyxCNttEEusKNQgxtgLCJiWa5PThRCVyEFdu6rYaEkkBv3juzg1TvRHFnnUpHYYcDL67s8vGvgMBDQXDmT3TG9f1uxDUWNFw2JUnoc4M8qTCcXcbuZVmw2Ch77nufJ6DChZ4Z7jouc1u1pCyRLXqBm5riXJkeDa5GDSMx37FLpe7rzyFmPtifcQgdY4pBwRxik9W4zJuDSXSYP9Z1JEjZDTfVdEM5Sg2ihzMoJokPvMqeEHqA", "id" : "did:key:z4MXj1wBzi9jUstyPPUwqybGkMxxTQGXFMJY3Mtr2qkS1XyJSVS1bEFTU15c8Umy2dwVHKRmEyoTxtZzWHfiK4KFB689bzKKKS6hHxkTXpRoEDvWHSP2bVvRRRpnFXZER1YMbyxCNttEEusKNQgxtgLCJiWa5PThRCVyEFdu6rYaEkkBv3juzg1TvRHFnnUpHYYcDL67s8vGvgMBDQXDmT3TG9f1uxDUWNFw2JUnoc4M8qTCcXcbuZVmw2Ch77nufJ6DChZ4Z7jouc1u1pCyRLXqBm5riXJkeDa5GDSMx37FLpe7rzyFmPtifcQgdY4pBwRxik9W4zJuDSXSYP9Z1JEjZDTfVdEM5Sg2ihzMoJokPvMqeEHqA#z4MXj1wBzi9jUstyPPUwqybGkMxxTQGXFMJY3Mtr2qkS1XyJSVS1bEFTU15c8Umy2dwVHKRmEyoTxtZzWHfiK4KFB689bzKKKS6hHxkTXpRoEDvWHSP2bVvRRRpnFXZER1YMbyxCNttEEusKNQgxtgLCJiWa5PThRCVyEFdu6rYaEkkBv3juzg1TvRHFnnUpHYYcDL67s8vGvgMBDQXDmT3TG9f1uxDUWNFw2JUnoc4M8qTCcXcbuZVmw2Ch77nufJ6DChZ4Z7jouc1u1pCyRLXqBm5riXJkeDa5GDSMx37FLpe7rzyFmPtifcQgdY4pBwRxik9W4zJuDSXSYP9Z1JEjZDTfVdEM5Sg2ihzMoJokPvMqeEHqA", "publicKeyBase58" : "4e1BUTgGBfqVWanpb9gcK28V6RyhBCiepZpobRzjWSQwRzw4ySM74LkpvAUaMxZVupaNkuzrHjk1sjVTJuPK7rxqJag7YvY8tLUkd8ir2cLnWUPYDQDZ1ZikZJdtx1EsHCnz7RBSyir7Vz6zMYCdhgN4Be6puFzAc8jjKxLsRSpkrpf9HqjeRReqezjWFpWD1qNRL6Tw9Q3hbTcY2nt39battRXJ3ceCgxUW7jaNyWZbnbigEpNqmDkHAqezMLM62sGtwqwcNop6ghuGWeYK46DBVTUqgeEo7T1JRWGP7eueog5eoe1K8sZm78s2Y3Ti5sn4urtGuQigFubd9H667XfWnT7vQC6iTDjWB9NoGpNgfAY8g", "type" : "RsaVerificationKey2018"}]}
did:key:zQ3shuDnvCocCPeKXy69EUDeoVGW7zN6uMVZ1t581HjXYupL5{"assertionMethod" : [{"controller" : "", "id" : "did:key:zQ3shuDnvCocCPeKXy69EUDeoVGW7zN6uMVZ1t581HjXYupL5#zQ3shuDnvCocCPeKXy69EUDeoVGW7zN6uMVZ1t581HjXYupL5", "type" : ""}], "authentication" : [{"controller" : "", "id" : "did:key:zQ3shuDnvCocCPeKXy69EUDeoVGW7zN6uMVZ1t581HjXYupL5#zQ3shuDnvCocCPeKXy69EUDeoVGW7zN6uMVZ1t581HjXYupL5", "type" : ""}], "capabilityDelegation" : [{"controller" : "", "id" : "did:key:zQ3shuDnvCocCPeKXy69EUDeoVGW7zN6uMVZ1t581HjXYupL5#zQ3shuDnvCocCPeKXy69EUDeoVGW7zN6uMVZ1t581HjXYupL5", "type" : ""}], "capabilityInvocation" : [{"controller" : "", "id" : "did:key:zQ3shuDnvCocCPeKXy69EUDeoVGW7zN6uMVZ1t581HjXYupL5#zQ3shuDnvCocCPeKXy69EUDeoVGW7zN6uMVZ1t581HjXYupL5", "type" : ""}], "@context" : ["https://www.w3.org/ns/did/v1"], "id" : "did:key:zQ3shuDnvCocCPeKXy69EUDeoVGW7zN6uMVZ1t581HjXYupL5", "verificationMethod" : [{"controller" : "did:key:zQ3shuDnvCocCPeKXy69EUDeoVGW7zN6uMVZ1t581HjXYupL5", "id" : "did:key:zQ3shuDnvCocCPeKXy69EUDeoVGW7zN6uMVZ1t581HjXYupL5#zQ3shuDnvCocCPeKXy69EUDeoVGW7zN6uMVZ1t581HjXYupL5", "publicKeyJwk" : {"alg" : "ES256K", "crv" : "secp256k1", "kid" : "68228e6e02a34d0784e4715d012ecd44", "kty" : "EC", "use" : "sig", "x" : "2KTGeO61nRZqFs8HlJPcPmFHC3-XbOraKWPsPV-dSD4", "y" : "stwCIz-HMF7efQxZ1N8L60bqCq7KP8z_Fw3-pIZbfLU"}, "type" : "EcdsaSecp256k1VerificationKey2019"}]}
did:key:z6MkqQBD4d89qdMpjDJETMWUDyFtkr7wUQnys4gLa7H9ivmT{"assertionMethod" : [{"controller" : "", "id" : "did:key:z6MkqQBD4d89qdMpjDJETMWUDyFtkr7wUQnys4gLa7H9ivmT#z6MkqQBD4d89qdMpjDJETMWUDyFtkr7wUQnys4gLa7H9ivmT", "type" : ""}], "authentication" : [{"controller" : "", "id" : "did:key:z6MkqQBD4d89qdMpjDJETMWUDyFtkr7wUQnys4gLa7H9ivmT#z6MkqQBD4d89qdMpjDJETMWUDyFtkr7wUQnys4gLa7H9ivmT", "type" : ""}], "capabilityDelegation" : [{"controller" : "", "id" : "did:key:z6MkqQBD4d89qdMpjDJETMWUDyFtkr7wUQnys4gLa7H9ivmT#z6MkqQBD4d89qdMpjDJETMWUDyFtkr7wUQnys4gLa7H9ivmT", "type" : ""}], "capabilityInvocation" : [{"controller" : "", "id" : "did:key:z6MkqQBD4d89qdMpjDJETMWUDyFtkr7wUQnys4gLa7H9ivmT#z6MkqQBD4d89qdMpjDJETMWUDyFtkr7wUQnys4gLa7H9ivmT", "type" : ""}], "@context" : ["https://www.w3.org/ns/did/v1"], "id" : "did:key:z6MkqQBD4d89qdMpjDJETMWUDyFtkr7wUQnys4gLa7H9ivmT", "keyAgreement" : [{"controller" : "", "id" : "did:key:z6MkqQBD4d89qdMpjDJETMWUDyFtkr7wUQnys4gLa7H9ivmT#z6LSpkFr6QC91wQu9C6XB6Xeybpt3J9x5vpF4YM1FtbrGCvE", "type" : ""}], "verificationMethod" : [{"controller" : "did:key:z6MkqQBD4d89qdMpjDJETMWUDyFtkr7wUQnys4gLa7H9ivmT", "id" : "did:key:z6MkqQBD4d89qdMpjDJETMWUDyFtkr7wUQnys4gLa7H9ivmT#z6MkqQBD4d89qdMpjDJETMWUDyFtkr7wUQnys4gLa7H9ivmT", "publicKeyBase58" : "BwvAUNsiW5sMciTXmnYdNshtwGr64XYdB3mQjqK8ohz5", "type" : "Ed25519VerificationKey2019"}, {"controller" : "did:key:z6MkqQBD4d89qdMpjDJETMWUDyFtkr7wUQnys4gLa7H9ivmT", "id" : "did:key:z6MkqQBD4d89qdMpjDJETMWUDyFtkr7wUQnys4gLa7H9ivmT#z6LSpkFr6QC91wQu9C6XB6Xeybpt3J9x5vpF4YM1FtbrGCvE", "publicKeyBase58" : "E55ga6PGvUhA3oikeT1hf1cQC9cqPKe6BZdKmRxKYq9U", "type" : "X25519KeyAgreementKey2019"}]}
{
    "authentication" : [
        "did:ebsi:zuffrvD4gvopW2dgTWDYTXv#87d651a26f3a416bba58770de899e8fe"
    ],
    "@context" : [
        "https://www.w3.org/ns/did/v1",
        "https://www.w3.org/ns/did/v2"
    ],
    "id" : "did:ebsi:zuffrvD4gvopW2dgTWDYTXv",
    "verificationMethod" : [
        {
            "controller" : "did:ebsi:zuffrvD4gvopW2dgTWDYTXv",
            "id" : "did:ebsi:zuffrvD4gvopW2dgTWDYTXv#87d651a26f3a416bba58770de899e8fe",
            "publicKeyJwk" : {
                "alg" : "EdDSA",
                "crv" : "Ed25519",
                "kid" : "87d651a26f3a416bba58770de899e8fe",
                "kty" : "OKP",
                "use" : "sig",
                "x" : "tP7zl2umgGKVMao41TkvjHBgu6EPebcnTmF9MuJqzlc"
            },
            "type" : "Ed25519VerificationKey2018"
        }
    ]
}
{
    "assertionMethod" : [
        "did:ebsi:zcGvqgZTHCtkjgtcKRL7H8k#keys-1"
    ],
    "authentication" : [
        "did:ebsi:zcGvqgZTHCtkjgtcKRL7H8k#keys-1"
    ],
    "@context" : "https://www.w3.org/ns/did/v1",
    "id" : "did:ebsi:zcGvqgZTHCtkjgtcKRL7H8k",
    "verificationMethod" : [
        {
            "controller" : "did:ebsi:zcGvqgZTHCtkjgtcKRL7H8k",
            "id" : "did:ebsi:zcGvqgZTHCtkjgtcKRL7H8k#keys-1",
            "publicKeyJwk" : {
                "crv" : "secp256k1",
                "kty" : "EC",
                "x" : "Iq579rsuHREntinz8NnlG_e8gDjNNQt4DbChj9mBt7Y",
                "y" : "V-Tr9B56eA7H_UJN9q6dyMWlYkQkHFvtvDDlE66LXkk"
            },
            "type" : "Secp256k1VerificationKey2018"
        }
    ]
}
did:key:z6MkfxkCs6nfexDLpVS5ToCHtLRnQNFVBr5sShZRQchxdCZ5#z6MkfxkCs6nfexDLpVS5ToCHtLRnQNFVBr5sShZRQchxdCZ5
did:key:z6MkfxkCs6nfexDLpVS5ToCHtLRnQNFVBr5sShZRQchxdCZ5#z6LSsUiAjmUTc7q99YrKdraJK6YxiraR4T6sfdpMwQDE9GH4
did:web:walt.id#9df7402059c54b7291733cca88bdbf57
did:ebsi:ziJiiog94VYM5FRpEZGXgyG#a177987d05cd4761a934bf4173b7b47f
did:key:zQ3shRCzEoUwuJK3MCayfGFJegLQzaxiPFVuodumw8G5DDm2x#zQ3shRCzEoUwuJK3MCayfGFJegLQzaxiPFVuodumw8G5DDm2x
did:key:z6Mkhmo1qj2GvoAiUC65EoHpxNhbb6k8UbUPuGEQ2KMgfY8o#z6Mkhmo1qj2GvoAiUC65EoHpxNhbb6k8UbUPuGEQ2KMgfY8o
did:key:z6Mkhmo1qj2GvoAiUC65EoHpxNhbb6k8UbUPuGEQ2KMgfY8o#z6LSh96kaPEmHoTiQG6LQobyTsUh7uiKZ6FfFbuE8whbbUKi
did:key:z4MXj1wBzi9jUstyPLekp48CugFuYnWPq9xnRmUt9Pa3P6bKdf9KHG2SpWZpoM5RSyE3mjqUaWChbiWMUjowLjTN9vwLJYksw9YEU78qK6xLgcn633pUtBKKd3WggGLo2Paj4Xyf1k3DQ4rkGsJ6eD11LWPLwMrw95dH6woCkowzKrJaf7kFaDenooiduw6kNwfbkZNnLLLFtCDSHCPiqMGqLmhKFUFoueUgKfp3farNjCXJVYsTJieQA1BobvKeSokqV8DXziJTRtLbizVa2SwdubhQSc2EpVwgBfUntSVLjPgZ7ujf6mKVUy8vcueujNBHCbQyeq6wa5Ne4VWBGq3iQ5Y2SyhkAcEDtyjju5oV2aAc3UBag#z4MXj1wBzi9jUstyPLekp48CugFuYnWPq9xnRmUt9Pa3P6bKdf9KHG2SpWZpoM5RSyE3mjqUaWChbiWMUjowLjTN9vwLJYksw9YEU78qK6xLgcn633pUtBKKd3WggGLo2Paj4Xyf1k3DQ4rkGsJ6eD11LWPLwMrw95dH6woCkowzKrJaf7kFaDenooiduw6kNwfbkZNnLLLFtCDSHCPiqMGqLmhKFUFoueUgKfp3farNjCXJVYsTJieQA1BobvKeSokqV8DXziJTRtLbizVa2SwdubhQSc2EpVwgBfUntSVLjPgZ7ujf6mKVUy8vcueujNBHCbQyeq6wa5Ne4VWBGq3iQ5Y2SyhkAcEDtyjju5oV2aAc3UBag
did:web:walt.id#7f35abb9f9764ea49d2239088c772af1
did:web:walt.id#c9f219f5c51a4164b5ea1b42717cf885
did:web:walt.id#37c86ae86be34779bfca840040cca517
did:ebsi:zewVaNwPtMfzaAzqeQj67hz#4315f5549d9840bebf2b54bb218c0307
did:ebsi:zzYaYPrwe6FXsWf1pEv6fi6#80fd5deac4154922bece061beeb6f69e
did:ebsi:zvJ7ukY7YNw2Hd4AUPqbxr3#787c1dbb45674f789e8825d41bab7cde
]]></system-out>
  <system-err><![CDATA[11687 [pool-1-thread-1 @coroutine#781] DEBUG id.walt.services.keystore.HKVKeyStoreService - Storing key "a76615cd29b04c1a8a3910014e556e8e".
11687 [pool-1-thread-1 @coroutine#781] DEBUG id.walt.services.keystore.HKVKeyStoreService - Loading key "a76615cd29b04c1a8a3910014e556e8e".
11687 [pool-1-thread-1 @coroutine#781] DEBUG id.walt.services.keystore.HKVKeyStoreService - Loading key "a76615cd29b04c1a8a3910014e556e8e".
11687 [pool-1-thread-1 @coroutine#781] DEBUG id.walt.services.did.composers.DidDocumentComposerBase - Verification method JWK for kid: {"kty":"EC","use":"sig","crv":"secp256k1","kid":"a76615cd29b04c1a8a3910014e556e8e","x":"qZU0tlovXxFU06rVWProEDZK7TMARuW4TOJurU53RPs","y":"qEd2mk72Uf6VRcg7Qcd6ibNGxkBy8KlK0JZFllLbvYU","alg":"ES256K"}
11687 [pool-1-thread-1 @coroutine#781] DEBUG id.walt.services.did.composers.DidDocumentComposerBase - Verification method public JWK: {"kty":"EC","use":"sig","crv":"secp256k1","kid":"a76615cd29b04c1a8a3910014e556e8e","x":"qZU0tlovXxFU06rVWProEDZK7TMARuW4TOJurU53RPs","y":"qEd2mk72Uf6VRcg7Qcd6ibNGxkBy8KlK0JZFllLbvYU","alg":"ES256K"}
11688 [pool-1-thread-1 @coroutine#781] DEBUG id.walt.services.did.composers.DidDocumentComposerBase - Verification method parsed public JWK: Jwk(kid=a76615cd29b04c1a8a3910014e556e8e, kty=EC, alg=ES256K, crv=secp256k1, use=sig, x=qZU0tlovXxFU06rVWProEDZK7TMARuW4TOJurU53RPs, y=qEd2mk72Uf6VRcg7Qcd6ibNGxkBy8KlK0JZFllLbvYU, d=null, n=null, e=null, x5u=null)
11689 [pool-1-thread-1 @coroutine#781] DEBUG id.walt.services.keystore.HKVKeyStoreService - Loading key "a76615cd29b04c1a8a3910014e556e8e".
11689 [pool-1-thread-1 @coroutine#781] DEBUG id.walt.services.did.DidService - A key with the id "a76615cd29b04c1a8a3910014e556e8e" exists.
11689 [pool-1-thread-1 @coroutine#781] DEBUG id.walt.model.DidUrl - Trying to create DidUrl from URL: "did:ebsi:zxUAsJGw2nSvpq47Gs33kx2"...
11689 [pool-1-thread-1 @coroutine#781] DEBUG id.walt.model.DidUrl - Trying to create DidUrl from URL: "did:ebsi:zxUAsJGw2nSvpq47Gs33kx2"...
11689 [pool-1-thread-1 @coroutine#781] DEBUG id.walt.model.DidUrl - Trying to create DidUrl from URL: "did:ebsi:zxUAsJGw2nSvpq47Gs33kx2"...
11689 [pool-1-thread-1 @coroutine#781] DEBUG id.walt.model.DidUrl - Trying to create DidUrl from URL: "did:ebsi:zxUAsJGw2nSvpq47Gs33kx2"...
11690 [pool-1-thread-1 @coroutine#781] DEBUG id.walt.model.DidUrl - Trying to create DidUrl from URL: "did:ebsi:zxUAsJGw2nSvpq47Gs33kx2"...
11690 [pool-1-thread-1 @coroutine#781] DEBUG id.walt.model.DidUrl - Trying to create DidUrl from URL: "did:ebsi:zxUAsJGw2nSvpq47Gs33kx2"...
11690 [pool-1-thread-1 @coroutine#781] DEBUG id.walt.model.DidUrl - Trying to create DidUrl from URL: "did:ebsi:zxUAsJGw2nSvpq47Gs33kx2"...
11698 [pool-1-thread-1 @coroutine#783] DEBUG id.walt.services.keystore.HKVKeyStoreService - Storing key "1c6952281a6b4f82a05ef734e58cd008".
11698 [pool-1-thread-1 @coroutine#783] DEBUG id.walt.services.keystore.HKVKeyStoreService - Loading key "1c6952281a6b4f82a05ef734e58cd008".
11702 [pool-1-thread-1 @coroutine#784] DEBUG id.walt.services.keystore.HKVKeyStoreService - Storing key "4eb3a509355a4d4abfa9c324d8ea9980".
11702 [pool-1-thread-1 @coroutine#784] DEBUG id.walt.services.keystore.HKVKeyStoreService - Loading key "4eb3a509355a4d4abfa9c324d8ea9980".
11702 [pool-1-thread-1 @coroutine#784] DEBUG id.walt.services.keystore.HKVKeyStoreService - Loading key "4eb3a509355a4d4abfa9c324d8ea9980".
11702 [pool-1-thread-1 @coroutine#784] DEBUG id.walt.model.DidUrl - Trying to create DidUrl from URL: "did:jwk:eyJrdHkiOiJFQyIsInVzZSI6InNpZyIsImNydiI6IlAtMjU2Iiwia2lkIjoiNGViM2E1MDkzNTVhNGQ0YWJmYTljMzI0ZDhlYTk5ODAiLCJ4IjoiRkd2T2lMM0xLQ2Y5dVM1eWpvM3RuZFRhLXpoNmJsRDg2M2lxMkptYlNOUSIsInkiOiJ2RVg1SHBtRk8zekl2STg5Q2VxNnkyS1BlcXlITjFJbjBpVTNsNkx1S280IiwiYWxnIjoiRVMyNTYifQ"...
11703 [pool-1-thread-1 @coroutine#784] DEBUG id.walt.services.keystore.HKVKeyStoreService - Loading key "4eb3a509355a4d4abfa9c324d8ea9980".
11703 [pool-1-thread-1 @coroutine#784] DEBUG id.walt.services.did.DidService - A key with the id "4eb3a509355a4d4abfa9c324d8ea9980" exists.
11703 [pool-1-thread-1 @coroutine#784] DEBUG id.walt.model.DidUrl - Trying to create DidUrl from URL: "did:jwk:eyJrdHkiOiJFQyIsInVzZSI6InNpZyIsImNydiI6IlAtMjU2Iiwia2lkIjoiNGViM2E1MDkzNTVhNGQ0YWJmYTljMzI0ZDhlYTk5ODAiLCJ4IjoiRkd2T2lMM0xLQ2Y5dVM1eWpvM3RuZFRhLXpoNmJsRDg2M2lxMkptYlNOUSIsInkiOiJ2RVg1SHBtRk8zekl2STg5Q2VxNnkyS1BlcXlITjFJbjBpVTNsNkx1S280IiwiYWxnIjoiRVMyNTYifQ"...
11703 [pool-1-thread-1 @coroutine#784] DEBUG id.walt.model.DidUrl - Trying to create DidUrl from URL: "did:jwk:eyJrdHkiOiJFQyIsInVzZSI6InNpZyIsImNydiI6IlAtMjU2Iiwia2lkIjoiNGViM2E1MDkzNTVhNGQ0YWJmYTljMzI0ZDhlYTk5ODAiLCJ4IjoiRkd2T2lMM0xLQ2Y5dVM1eWpvM3RuZFRhLXpoNmJsRDg2M2lxMkptYlNOUSIsInkiOiJ2RVg1SHBtRk8zekl2STg5Q2VxNnkyS1BlcXlITjFJbjBpVTNsNkx1S280IiwiYWxnIjoiRVMyNTYifQ"...
11703 [pool-1-thread-1 @coroutine#784] DEBUG id.walt.model.DidUrl - Trying to create DidUrl from URL: "did:jwk:eyJrdHkiOiJFQyIsInVzZSI6InNpZyIsImNydiI6IlAtMjU2Iiwia2lkIjoiNGViM2E1MDkzNTVhNGQ0YWJmYTljMzI0ZDhlYTk5ODAiLCJ4IjoiRkd2T2lMM0xLQ2Y5dVM1eWpvM3RuZFRhLXpoNmJsRDg2M2lxMkptYlNOUSIsInkiOiJ2RVg1SHBtRk8zekl2STg5Q2VxNnkyS1BlcXlITjFJbjBpVTNsNkx1S280IiwiYWxnIjoiRVMyNTYifQ"...
11703 [pool-1-thread-1 @coroutine#784] DEBUG id.walt.model.DidUrl - Trying to create DidUrl from URL: "did:jwk:eyJrdHkiOiJFQyIsInVzZSI6InNpZyIsImNydiI6IlAtMjU2Iiwia2lkIjoiNGViM2E1MDkzNTVhNGQ0YWJmYTljMzI0ZDhlYTk5ODAiLCJ4IjoiRkd2T2lMM0xLQ2Y5dVM1eWpvM3RuZFRhLXpoNmJsRDg2M2lxMkptYlNOUSIsInkiOiJ2RVg1SHBtRk8zekl2STg5Q2VxNnkyS1BlcXlITjFJbjBpVTNsNkx1S280IiwiYWxnIjoiRVMyNTYifQ"...
11704 [pool-1-thread-1 @coroutine#784] DEBUG id.walt.model.DidUrl - Trying to create DidUrl from URL: "did:jwk:eyJrdHkiOiJFQyIsInVzZSI6InNpZyIsImNydiI6IlAtMjU2Iiwia2lkIjoiNGViM2E1MDkzNTVhNGQ0YWJmYTljMzI0ZDhlYTk5ODAiLCJ4IjoiRkd2T2lMM0xLQ2Y5dVM1eWpvM3RuZFRhLXpoNmJsRDg2M2lxMkptYlNOUSIsInkiOiJ2RVg1SHBtRk8zekl2STg5Q2VxNnkyS1BlcXlITjFJbjBpVTNsNkx1S280IiwiYWxnIjoiRVMyNTYifQ"...
11709 [pool-1-thread-1 @coroutine#785] DEBUG id.walt.services.keystore.HKVKeyStoreService - Storing key "f980ab66187f43ba9eb5a8ac2116a36a".
11709 [pool-1-thread-1 @coroutine#785] DEBUG id.walt.services.keystore.HKVKeyStoreService - Loading key "f980ab66187f43ba9eb5a8ac2116a36a".
11709 [pool-1-thread-1 @coroutine#785] DEBUG id.walt.model.DidUrl - Trying to create DidUrl from URL: "did:key:zDnaeSprrBtPmK8sVremxYw3zEwoXevTd3viXzeFY4xWJndx1"...
11710 [pool-1-thread-1 @coroutine#785] DEBUG id.walt.services.keystore.HKVKeyStoreService - Loading key "f980ab66187f43ba9eb5a8ac2116a36a".
11710 [pool-1-thread-1 @coroutine#785] DEBUG id.walt.services.did.DidService - A key with the id "f980ab66187f43ba9eb5a8ac2116a36a" exists.
11710 [pool-1-thread-1 @coroutine#785] DEBUG id.walt.model.DidUrl - Trying to create DidUrl from URL: "did:key:zDnaeSprrBtPmK8sVremxYw3zEwoXevTd3viXzeFY4xWJndx1"...
11710 [pool-1-thread-1 @coroutine#785] DEBUG id.walt.model.DidUrl - Trying to create DidUrl from URL: "did:key:zDnaeSprrBtPmK8sVremxYw3zEwoXevTd3viXzeFY4xWJndx1"...
11710 [pool-1-thread-1 @coroutine#785] DEBUG id.walt.model.DidUrl - Trying to create DidUrl from URL: "did:key:zDnaeSprrBtPmK8sVremxYw3zEwoXevTd3viXzeFY4xWJndx1"...
11711 [pool-1-thread-1 @coroutine#785] DEBUG id.walt.model.DidUrl - Trying to create DidUrl from URL: "did:key:zDnaeSprrBtPmK8sVremxYw3zEwoXevTd3viXzeFY4xWJndx1"...
11711 [pool-1-thread-1 @coroutine#785] DEBUG id.walt.model.DidUrl - Trying to create DidUrl from URL: "did:key:zDnaeSprrBtPmK8sVremxYw3zEwoXevTd3viXzeFY4xWJndx1"...
11712 [pool-1-thread-1 @coroutine#785] DEBUG id.walt.services.keystore.HKVKeyStoreService - Loading key "f980ab66187f43ba9eb5a8ac2116a36a".
11780 [pool-1-thread-1 @coroutine#786] DEBUG id.walt.services.keystore.HKVKeyStoreService - Storing key "74d0cf94bce648feb99d8e6afe3eff50".
11781 [pool-1-thread-1 @coroutine#786] DEBUG id.walt.services.keystore.HKVKeyStoreService - Loading key "74d0cf94bce648feb99d8e6afe3eff50".
11781 [pool-1-thread-1 @coroutine#786] DEBUG id.walt.model.DidUrl - Trying to create DidUrl from URL: "did:key:z4MXj1wBzi9jUstyPPUwqybGkMxxTQGXFMJY3Mtr2qkS1XyJSVS1bEFTU15c8Umy2dwVHKRmEyoTxtZzWHfiK4KFB689bzKKKS6hHxkTXpRoEDvWHSP2bVvRRRpnFXZER1YMbyxCNttEEusKNQgxtgLCJiWa5PThRCVyEFdu6rYaEkkBv3juzg1TvRHFnnUpHYYcDL67s8vGvgMBDQXDmT3TG9f1uxDUWNFw2JUnoc4M8qTCcXcbuZVmw2Ch77nufJ6DChZ4Z7jouc1u1pCyRLXqBm5riXJkeDa5GDSMx37FLpe7rzyFmPtifcQgdY4pBwRxik9W4zJuDSXSYP9Z1JEjZDTfVdEM5Sg2ihzMoJokPvMqeEHqA"...
11781 [pool-1-thread-1 @coroutine#786] DEBUG id.walt.services.keystore.HKVKeyStoreService - Loading key "74d0cf94bce648feb99d8e6afe3eff50".
11781 [pool-1-thread-1 @coroutine#786] DEBUG id.walt.services.did.DidService - A key with the id "74d0cf94bce648feb99d8e6afe3eff50" exists.
11781 [pool-1-thread-1 @coroutine#786] DEBUG id.walt.model.DidUrl - Trying to create DidUrl from URL: "did:key:z4MXj1wBzi9jUstyPPUwqybGkMxxTQGXFMJY3Mtr2qkS1XyJSVS1bEFTU15c8Umy2dwVHKRmEyoTxtZzWHfiK4KFB689bzKKKS6hHxkTXpRoEDvWHSP2bVvRRRpnFXZER1YMbyxCNttEEusKNQgxtgLCJiWa5PThRCVyEFdu6rYaEkkBv3juzg1TvRHFnnUpHYYcDL67s8vGvgMBDQXDmT3TG9f1uxDUWNFw2JUnoc4M8qTCcXcbuZVmw2Ch77nufJ6DChZ4Z7jouc1u1pCyRLXqBm5riXJkeDa5GDSMx37FLpe7rzyFmPtifcQgdY4pBwRxik9W4zJuDSXSYP9Z1JEjZDTfVdEM5Sg2ihzMoJokPvMqeEHqA"...
11782 [pool-1-thread-1 @coroutine#786] DEBUG id.walt.model.DidUrl - Trying to create DidUrl from URL: "did:key:z4MXj1wBzi9jUstyPPUwqybGkMxxTQGXFMJY3Mtr2qkS1XyJSVS1bEFTU15c8Umy2dwVHKRmEyoTxtZzWHfiK4KFB689bzKKKS6hHxkTXpRoEDvWHSP2bVvRRRpnFXZER1YMbyxCNttEEusKNQgxtgLCJiWa5PThRCVyEFdu6rYaEkkBv3juzg1TvRHFnnUpHYYcDL67s8vGvgMBDQXDmT3TG9f1uxDUWNFw2JUnoc4M8qTCcXcbuZVmw2Ch77nufJ6DChZ4Z7jouc1u1pCyRLXqBm5riXJkeDa5GDSMx37FLpe7rzyFmPtifcQgdY4pBwRxik9W4zJuDSXSYP9Z1JEjZDTfVdEM5Sg2ihzMoJokPvMqeEHqA"...
11782 [pool-1-thread-1 @coroutine#786] DEBUG id.walt.model.DidUrl - Trying to create DidUrl from URL: "did:key:z4MXj1wBzi9jUstyPPUwqybGkMxxTQGXFMJY3Mtr2qkS1XyJSVS1bEFTU15c8Umy2dwVHKRmEyoTxtZzWHfiK4KFB689bzKKKS6hHxkTXpRoEDvWHSP2bVvRRRpnFXZER1YMbyxCNttEEusKNQgxtgLCJiWa5PThRCVyEFdu6rYaEkkBv3juzg1TvRHFnnUpHYYcDL67s8vGvgMBDQXDmT3TG9f1uxDUWNFw2JUnoc4M8qTCcXcbuZVmw2Ch77nufJ6DChZ4Z7jouc1u1pCyRLXqBm5riXJkeDa5GDSMx37FLpe7rzyFmPtifcQgdY4pBwRxik9W4zJuDSXSYP9Z1JEjZDTfVdEM5Sg2ihzMoJokPvMqeEHqA"...
11782 [pool-1-thread-1 @coroutine#786] DEBUG id.walt.model.DidUrl - Trying to create DidUrl from URL: "did:key:z4MXj1wBzi9jUstyPPUwqybGkMxxTQGXFMJY3Mtr2qkS1XyJSVS1bEFTU15c8Umy2dwVHKRmEyoTxtZzWHfiK4KFB689bzKKKS6hHxkTXpRoEDvWHSP2bVvRRRpnFXZER1YMbyxCNttEEusKNQgxtgLCJiWa5PThRCVyEFdu6rYaEkkBv3juzg1TvRHFnnUpHYYcDL67s8vGvgMBDQXDmT3TG9f1uxDUWNFw2JUnoc4M8qTCcXcbuZVmw2Ch77nufJ6DChZ4Z7jouc1u1pCyRLXqBm5riXJkeDa5GDSMx37FLpe7rzyFmPtifcQgdY4pBwRxik9W4zJuDSXSYP9Z1JEjZDTfVdEM5Sg2ihzMoJokPvMqeEHqA"...
11783 [pool-1-thread-1 @coroutine#786] DEBUG id.walt.model.DidUrl - Trying to create DidUrl from URL: "did:key:z4MXj1wBzi9jUstyPPUwqybGkMxxTQGXFMJY3Mtr2qkS1XyJSVS1bEFTU15c8Umy2dwVHKRmEyoTxtZzWHfiK4KFB689bzKKKS6hHxkTXpRoEDvWHSP2bVvRRRpnFXZER1YMbyxCNttEEusKNQgxtgLCJiWa5PThRCVyEFdu6rYaEkkBv3juzg1TvRHFnnUpHYYcDL67s8vGvgMBDQXDmT3TG9f1uxDUWNFw2JUnoc4M8qTCcXcbuZVmw2Ch77nufJ6DChZ4Z7jouc1u1pCyRLXqBm5riXJkeDa5GDSMx37FLpe7rzyFmPtifcQgdY4pBwRxik9W4zJuDSXSYP9Z1JEjZDTfVdEM5Sg2ihzMoJokPvMqeEHqA"...
11788 [pool-1-thread-1 @coroutine#787] DEBUG id.walt.services.keystore.HKVKeyStoreService - Storing key "fff7a9adc86e4737b09af68ca9f1fc57".
11788 [pool-1-thread-1 @coroutine#787] DEBUG id.walt.services.keystore.HKVKeyStoreService - Loading key "fff7a9adc86e4737b09af68ca9f1fc57".
11788 [pool-1-thread-1 @coroutine#787] DEBUG id.walt.model.DidUrl - Trying to create DidUrl from URL: "did:key:zQ3shuDnvCocCPeKXy69EUDeoVGW7zN6uMVZ1t581HjXYupL5"...
11789 [pool-1-thread-1 @coroutine#787] DEBUG id.walt.services.keystore.HKVKeyStoreService - Loading key "fff7a9adc86e4737b09af68ca9f1fc57".
11789 [pool-1-thread-1 @coroutine#787] DEBUG id.walt.services.did.DidService - A key with the id "fff7a9adc86e4737b09af68ca9f1fc57" exists.
11789 [pool-1-thread-1 @coroutine#787] DEBUG id.walt.model.DidUrl - Trying to create DidUrl from URL: "did:key:zQ3shuDnvCocCPeKXy69EUDeoVGW7zN6uMVZ1t581HjXYupL5"...
11789 [pool-1-thread-1 @coroutine#787] DEBUG id.walt.model.DidUrl - Trying to create DidUrl from URL: "did:key:zQ3shuDnvCocCPeKXy69EUDeoVGW7zN6uMVZ1t581HjXYupL5"...
11789 [pool-1-thread-1 @coroutine#787] DEBUG id.walt.model.DidUrl - Trying to create DidUrl from URL: "did:key:zQ3shuDnvCocCPeKXy69EUDeoVGW7zN6uMVZ1t581HjXYupL5"...
11789 [pool-1-thread-1 @coroutine#787] DEBUG id.walt.model.DidUrl - Trying to create DidUrl from URL: "did:key:zQ3shuDnvCocCPeKXy69EUDeoVGW7zN6uMVZ1t581HjXYupL5"...
11791 [pool-1-thread-1 @coroutine#787] DEBUG id.walt.model.DidUrl - Trying to create DidUrl from URL: "did:key:zQ3shuDnvCocCPeKXy69EUDeoVGW7zN6uMVZ1t581HjXYupL5"...
11792 [pool-1-thread-1 @coroutine#787] DEBUG id.walt.services.keystore.HKVKeyStoreService - Loading key "fff7a9adc86e4737b09af68ca9f1fc57".
11796 [pool-1-thread-1 @coroutine#788] DEBUG id.walt.services.keystore.HKVKeyStoreService - Storing key "623258d22e444a4ca05343a550f26ab1".
11796 [pool-1-thread-1 @coroutine#788] DEBUG id.walt.services.keystore.HKVKeyStoreService - Loading key "623258d22e444a4ca05343a550f26ab1".
11796 [pool-1-thread-1 @coroutine#788] DEBUG id.walt.model.DidUrl - Trying to create DidUrl from URL: "did:key:z6MkqQBD4d89qdMpjDJETMWUDyFtkr7wUQnys4gLa7H9ivmT"...
11797 [pool-1-thread-1 @coroutine#788] DEBUG id.walt.services.keystore.HKVKeyStoreService - Loading key "623258d22e444a4ca05343a550f26ab1".
11797 [pool-1-thread-1 @coroutine#788] DEBUG id.walt.services.did.DidService - A key with the id "623258d22e444a4ca05343a550f26ab1" exists.
11797 [pool-1-thread-1 @coroutine#788] DEBUG id.walt.model.DidUrl - Trying to create DidUrl from URL: "did:key:z6MkqQBD4d89qdMpjDJETMWUDyFtkr7wUQnys4gLa7H9ivmT"...
11798 [pool-1-thread-1 @coroutine#788] DEBUG id.walt.model.DidUrl - Trying to create DidUrl from URL: "did:key:z6MkqQBD4d89qdMpjDJETMWUDyFtkr7wUQnys4gLa7H9ivmT"...
11798 [pool-1-thread-1 @coroutine#788] DEBUG id.walt.model.DidUrl - Trying to create DidUrl from URL: "did:key:z6MkqQBD4d89qdMpjDJETMWUDyFtkr7wUQnys4gLa7H9ivmT"...
11798 [pool-1-thread-1 @coroutine#788] DEBUG id.walt.model.DidUrl - Trying to create DidUrl from URL: "did:key:z6MkqQBD4d89qdMpjDJETMWUDyFtkr7wUQnys4gLa7H9ivmT"...
11799 [pool-1-thread-1 @coroutine#788] DEBUG id.walt.model.DidUrl - Trying to create DidUrl from URL: "did:key:z6MkqQBD4d89qdMpjDJETMWUDyFtkr7wUQnys4gLa7H9ivmT"...
11803 [pool-1-thread-1 @coroutine#789] DEBUG id.walt.services.keystore.HKVKeyStoreService - Storing key "81078a0ec85f42b6bad611de69ca8863".
11803 [pool-1-thread-1 @coroutine#789] DEBUG id.walt.services.keystore.HKVKeyStoreService - Loading key "81078a0ec85f42b6bad611de69ca8863".
11803 [pool-1-thread-1 @coroutine#789] DEBUG id.walt.model.DidUrl - Trying to create DidUrl from URL: "did:key:z6MkhGcgg7tw9ASCJkGmP5KegydFuwa51YDcCGR4fPiUPBpT"...
11804 [pool-1-thread-1 @coroutine#789] DEBUG id.walt.services.keystore.HKVKeyStoreService - Loading key "81078a0ec85f42b6bad611de69ca8863".
11804 [pool-1-thread-1 @coroutine#789] DEBUG id.walt.services.did.DidService - A key with the id "81078a0ec85f42b6bad611de69ca8863" exists.
11804 [pool-1-thread-1 @coroutine#789] DEBUG id.walt.model.DidUrl - Trying to create DidUrl from URL: "did:key:z6MkhGcgg7tw9ASCJkGmP5KegydFuwa51YDcCGR4fPiUPBpT"...
11804 [pool-1-thread-1 @coroutine#789] DEBUG id.walt.model.DidUrl - Trying to create DidUrl from URL: "did:key:z6MkhGcgg7tw9ASCJkGmP5KegydFuwa51YDcCGR4fPiUPBpT"...
11805 [pool-1-thread-1 @coroutine#789] DEBUG id.walt.model.DidUrl - Trying to create DidUrl from URL: "did:key:z6MkhGcgg7tw9ASCJkGmP5KegydFuwa51YDcCGR4fPiUPBpT"...
11808 [pool-1-thread-1 @coroutine#790] DEBUG id.walt.model.DidUrl - Trying to create DidUrl from URL: "did:method:identifier#key1"...
11811 [pool-1-thread-1 @coroutine#791] DEBUG id.walt.model.DidUrl - Trying to create DidUrl from URL: "did:ebsi:zuffrvD4gvopW2dgTWDYTXv"...
11811 [pool-1-thread-1 @coroutine#791] DEBUG id.walt.model.DidUrl - Trying to create DidUrl from URL: "did:ebsi:zuffrvD4gvopW2dgTWDYTXv"...
11811 [pool-1-thread-1 @coroutine#791] DEBUG id.walt.model.DidUrl - Trying to create DidUrl from URL: "did:ebsi:zuffrvD4gvopW2dgTWDYTXv"...
11812 [pool-1-thread-1 @coroutine#791] DEBUG id.walt.model.DidUrl - Trying to create DidUrl from URL: "did:ebsi:zuffrvD4gvopW2dgTWDYTXv"...
11812 [pool-1-thread-1 @coroutine#791] DEBUG id.walt.model.DidUrl - Trying to create DidUrl from URL: "did:ebsi:zuffrvD4gvopW2dgTWDYTXv"...
11812 [pool-1-thread-1 @coroutine#791] DEBUG id.walt.model.DidUrl - Trying to create DidUrl from URL: "did:ebsi:zuffrvD4gvopW2dgTWDYTXv"...
11816 [pool-1-thread-1 @coroutine#792] DEBUG id.walt.model.DidUrl - Trying to create DidUrl from URL: "did:ebsi:zcGvqgZTHCtkjgtcKRL7H8k"...
11816 [pool-1-thread-1 @coroutine#792] DEBUG id.walt.model.DidUrl - Trying to create DidUrl from URL: "did:ebsi:zcGvqgZTHCtkjgtcKRL7H8k"...
11816 [pool-1-thread-1 @coroutine#792] DEBUG id.walt.model.DidUrl - Trying to create DidUrl from URL: "did:ebsi:zcGvqgZTHCtkjgtcKRL7H8k"...
11819 [pool-1-thread-1 @coroutine#792] DEBUG id.walt.model.DidUrl - Trying to create DidUrl from URL: "did:ebsi:zcGvqgZTHCtkjgtcKRL7H8k"...
11819 [pool-1-thread-1 @coroutine#792] DEBUG id.walt.model.DidUrl - Trying to create DidUrl from URL: "did:ebsi:zcGvqgZTHCtkjgtcKRL7H8k"...
11819 [pool-1-thread-1 @coroutine#792] DEBUG id.walt.model.DidUrl - Trying to create DidUrl from URL: "did:ebsi:zcGvqgZTHCtkjgtcKRL7H8k"...
11825 [pool-1-thread-1 @coroutine#795] DEBUG id.walt.model.DidUrl - Trying to create DidUrl from URL: "did:key:z2dmzD81cgPx8Vki7JbuuMmFYrWPgYoytykUZ3eyqht1j9KbsEYvdrjxMjQ4tpnje9BDBTzuNDP3knn6qLZErzd4bJ5go2CChoPjd5GAH3zpFJP5fuwSk66U5Pq6EhF4nKnHzDnznEP8fX99nZGgwbAh1o7Gj1X52Tdhf7U4KTk66xsA5r"...
11827 [pool-1-thread-1 @coroutine#795] DEBUG id.walt.services.keystore.HKVKeyStoreService - Storing key "b1390339ab8143988c31180f03ead889".
11827 [pool-1-thread-1 @coroutine#795] DEBUG id.walt.services.key.WaltIdKeyService - Importing key b1390339ab8143988c31180f03ead889
11827 [pool-1-thread-1 @coroutine#795] DEBUG id.walt.services.keystore.HKVKeyStoreService - Loading key "b1390339ab8143988c31180f03ead889".
11827 [pool-1-thread-1 @coroutine#795] DEBUG id.walt.services.keystore.HKVKeyStoreService - Loading key "b1390339ab8143988c31180f03ead889".
11827 [pool-1-thread-1 @coroutine#795] DEBUG id.walt.model.DidUrl - Trying to create DidUrl from URL: "did:key:z2dmzD81cgPx8Vki7JbuuMmFYrWPgYoytykUZ3eyqht1j9KbsEYvdrjxMjQ4tpnje9BDBTzuNDP3knn6qLZErzd4bJ5go2CChoPjd5GAH3zpFJP5fuwSk66U5Pq6EhF4nKnHzDnznEP8fX99nZGgwbAh1o7Gj1X52Tdhf7U4KTk66xsA5r"...
11828 [pool-1-thread-1 @coroutine#795] DEBUG id.walt.services.keystore.HKVKeyStoreService - Loading key "b1390339ab8143988c31180f03ead889".
11828 [pool-1-thread-1 @coroutine#795] DEBUG id.walt.services.did.DidService - A key with the id "b1390339ab8143988c31180f03ead889" exists.
11828 [pool-1-thread-1 @coroutine#795] DEBUG id.walt.model.DidUrl - Trying to create DidUrl from URL: "did:key:z2dmzD81cgPx8Vki7JbuuMmFYrWPgYoytykUZ3eyqht1j9KbsEYvdrjxMjQ4tpnje9BDBTzuNDP3knn6qLZErzd4bJ5go2CChoPjd5GAH3zpFJP5fuwSk66U5Pq6EhF4nKnHzDnznEP8fX99nZGgwbAh1o7Gj1X52Tdhf7U4KTk66xsA5r"...
11828 [pool-1-thread-1 @coroutine#795] DEBUG id.walt.model.DidUrl - Trying to create DidUrl from URL: "did:key:z2dmzD81cgPx8Vki7JbuuMmFYrWPgYoytykUZ3eyqht1j9KbsEYvdrjxMjQ4tpnje9BDBTzuNDP3knn6qLZErzd4bJ5go2CChoPjd5GAH3zpFJP5fuwSk66U5Pq6EhF4nKnHzDnznEP8fX99nZGgwbAh1o7Gj1X52Tdhf7U4KTk66xsA5r"...
11828 [pool-1-thread-1 @coroutine#795] DEBUG id.walt.model.DidUrl - Trying to create DidUrl from URL: "did:key:z2dmzD81cgPx8Vki7JbuuMmFYrWPgYoytykUZ3eyqht1j9KbsEYvdrjxMjQ4tpnje9BDBTzuNDP3knn6qLZErzd4bJ5go2CChoPjd5GAH3zpFJP5fuwSk66U5Pq6EhF4nKnHzDnznEP8fX99nZGgwbAh1o7Gj1X52Tdhf7U4KTk66xsA5r"...
11829 [pool-1-thread-1 @coroutine#795] DEBUG id.walt.model.DidUrl - Trying to create DidUrl from URL: "did:key:z2dmzD81cgPx8Vki7JbuuMmFYrWPgYoytykUZ3eyqht1j9KbsEYvdrjxMjQ4tpnje9BDBTzuNDP3knn6qLZErzd4bJ5go2CChoPjd5GAH3zpFJP5fuwSk66U5Pq6EhF4nKnHzDnznEP8fX99nZGgwbAh1o7Gj1X52Tdhf7U4KTk66xsA5r"...
11829 [pool-1-thread-1 @coroutine#795] DEBUG id.walt.model.DidUrl - Trying to create DidUrl from URL: "did:key:z2dmzD81cgPx8Vki7JbuuMmFYrWPgYoytykUZ3eyqht1j9KbsEYvdrjxMjQ4tpnje9BDBTzuNDP3knn6qLZErzd4bJ5go2CChoPjd5GAH3zpFJP5fuwSk66U5Pq6EhF4nKnHzDnznEP8fX99nZGgwbAh1o7Gj1X52Tdhf7U4KTk66xsA5r"...
11834 [pool-1-thread-1 @coroutine#796] DEBUG id.walt.services.keystore.HKVKeyStoreService - Storing key "2cb076eb722f47678531a70a479873de".
11834 [pool-1-thread-1 @coroutine#796] DEBUG id.walt.services.keystore.HKVKeyStoreService - Storing key "3bc9fc9b356744b5bf5f41588922c18c".
11958 [pool-1-thread-1 @coroutine#796] DEBUG id.walt.services.keystore.HKVKeyStoreService - Storing key "d7f97b8a54d5497abd1242002f874cf6".
11959 [pool-1-thread-1 @coroutine#796] DEBUG id.walt.services.keystore.HKVKeyStoreService - Storing key "7f35abb9f9764ea49d2239088c772af1".
11959 [pool-1-thread-1 @coroutine#796] DEBUG id.walt.services.keystore.HKVKeyStoreService - Storing key "c9f219f5c51a4164b5ea1b42717cf885".
11982 [pool-1-thread-1 @coroutine#796] DEBUG id.walt.services.keystore.HKVKeyStoreService - Storing key "37c86ae86be34779bfca840040cca517".
11983 [pool-1-thread-1 @coroutine#796] DEBUG id.walt.services.keystore.HKVKeyStoreService - Storing key "4315f5549d9840bebf2b54bb218c0307".
11983 [pool-1-thread-1 @coroutine#796] DEBUG id.walt.services.keystore.HKVKeyStoreService - Storing key "80fd5deac4154922bece061beeb6f69e".
12013 [pool-1-thread-1 @coroutine#796] DEBUG id.walt.services.keystore.HKVKeyStoreService - Storing key "787c1dbb45674f789e8825d41bab7cde".
12014 [pool-1-thread-1 @coroutine#796] DEBUG id.walt.services.keystore.HKVKeyStoreService - Storing key "3167b6e52653439ca911bfb69903f657".
12014 [pool-1-thread-1 @coroutine#796] DEBUG id.walt.services.keystore.HKVKeyStoreService - Loading key "3167b6e52653439ca911bfb69903f657".
12014 [pool-1-thread-1 @coroutine#796] DEBUG id.walt.model.DidUrl - Trying to create DidUrl from URL: "did:key:z6MkfxkCs6nfexDLpVS5ToCHtLRnQNFVBr5sShZRQchxdCZ5"...
12015 [pool-1-thread-1 @coroutine#796] DEBUG id.walt.services.keystore.HKVKeyStoreService - Loading key "3167b6e52653439ca911bfb69903f657".
12015 [pool-1-thread-1 @coroutine#796] DEBUG id.walt.services.did.DidService - A key with the id "3167b6e52653439ca911bfb69903f657" exists.
12015 [pool-1-thread-1 @coroutine#796] DEBUG id.walt.model.DidUrl - Trying to create DidUrl from URL: "did:key:z6MkfxkCs6nfexDLpVS5ToCHtLRnQNFVBr5sShZRQchxdCZ5"...
12015 [pool-1-thread-1 @coroutine#796] DEBUG id.walt.model.DidUrl - Trying to create DidUrl from URL: "did:key:z6MkfxkCs6nfexDLpVS5ToCHtLRnQNFVBr5sShZRQchxdCZ5"...
12016 [pool-1-thread-1 @coroutine#796] DEBUG id.walt.model.DidUrl - Trying to create DidUrl from URL: "did:key:z6MkfxkCs6nfexDLpVS5ToCHtLRnQNFVBr5sShZRQchxdCZ5"...
12016 [pool-1-thread-1 @coroutine#796] DEBUG id.walt.services.did.DidService - Loading or resolving "did:key:z6MkfxkCs6nfexDLpVS5ToCHtLRnQNFVBr5sShZRQchxdCZ5"...
12016 [pool-1-thread-1 @coroutine#796] DEBUG id.walt.model.DidUrl - Trying to create DidUrl from URL: "did:key:z6MkfxkCs6nfexDLpVS5ToCHtLRnQNFVBr5sShZRQchxdCZ5"...
12016 [pool-1-thread-1 @coroutine#796] DEBUG id.walt.services.did.DidService - loadOrResolve: url=DidUrl(method=key, identifier=z6MkfxkCs6nfexDLpVS5ToCHtLRnQNFVBr5sShZRQchxdCZ5, fragment=z6MkfxkCs6nfexDLpVS5ToCHtLRnQNFVBr5sShZRQchxdCZ5, query=null), length of stored=1639
12016 [pool-1-thread-1 @coroutine#796] DEBUG id.walt.model.DidUrl - Trying to create DidUrl from URL: "did:key:z6MkfxkCs6nfexDLpVS5ToCHtLRnQNFVBr5sShZRQchxdCZ5"...
12017 [pool-1-thread-1 @coroutine#796] DEBUG id.walt.model.DidUrl - Trying to create DidUrl from URL: "did:key:z6MkfxkCs6nfexDLpVS5ToCHtLRnQNFVBr5sShZRQchxdCZ5"...
12017 [pool-1-thread-1 @coroutine#796] DEBUG id.walt.model.DidUrl - Trying to create DidUrl from URL: "did:key:z6MkfxkCs6nfexDLpVS5ToCHtLRnQNFVBr5sShZRQchxdCZ5"...
12017 [pool-1-thread-1 @coroutine#796] DEBUG id.walt.services.keystore.HKVKeyStoreService - Loading key "did:key:z6MkfxkCs6nfexDLpVS5ToCHtLRnQNFVBr5sShZRQchxdCZ5#z6MkfxkCs6nfexDLpVS5ToCHtLRnQNFVBr5sShZRQchxdCZ5".
12018 [pool-1-thread-1 @coroutine#796] DEBUG id.walt.services.keystore.HKVKeyStoreService - Loading key "did:key:z6MkfxkCs6nfexDLpVS5ToCHtLRnQNFVBr5sShZRQchxdCZ5#z6LSsUiAjmUTc7q99YrKdraJK6YxiraR4T6sfdpMwQDE9GH4".
12018 [pool-1-thread-1 @coroutine#796] DEBUG id.walt.services.keystore.HKVKeyStoreService - Storing key "9df7402059c54b7291733cca88bdbf57".
12018 [pool-1-thread-1 @coroutine#796] DEBUG id.walt.services.keystore.HKVKeyStoreService - Loading key "9df7402059c54b7291733cca88bdbf57".
12018 [pool-1-thread-1 @coroutine#796] DEBUG id.walt.services.keystore.HKVKeyStoreService - Loading key "9df7402059c54b7291733cca88bdbf57".
12018 [pool-1-thread-1 @coroutine#796] DEBUG id.walt.services.did.composers.DidDocumentComposerBase - Verification method JWK for kid: {"kty":"OKP","use":"sig","crv":"Ed25519","kid":"9df7402059c54b7291733cca88bdbf57","x":"kH_gSe_G0nvvPd4WdildwhIVA-SVprinyQySSxXEy5k","alg":"EdDSA"}
12018 [pool-1-thread-1 @coroutine#796] DEBUG id.walt.services.did.composers.DidDocumentComposerBase - Verification method public JWK: {"kty":"OKP","use":"sig","crv":"Ed25519","kid":"9df7402059c54b7291733cca88bdbf57","x":"kH_gSe_G0nvvPd4WdildwhIVA-SVprinyQySSxXEy5k","alg":"EdDSA"}
12019 [pool-1-thread-1 @coroutine#796] DEBUG id.walt.services.did.composers.DidDocumentComposerBase - Verification method parsed public JWK: Jwk(kid=9df7402059c54b7291733cca88bdbf57, kty=OKP, alg=EdDSA, crv=Ed25519, use=sig, x=kH_gSe_G0nvvPd4WdildwhIVA-SVprinyQySSxXEy5k, y=null, d=null, n=null, e=null, x5u=null)
12019 [pool-1-thread-1 @coroutine#796] DEBUG id.walt.services.keystore.HKVKeyStoreService - Loading key "9df7402059c54b7291733cca88bdbf57".
12019 [pool-1-thread-1 @coroutine#796] DEBUG id.walt.services.did.DidService - A key with the id "9df7402059c54b7291733cca88bdbf57" exists.
12019 [pool-1-thread-1 @coroutine#796] DEBUG id.walt.model.DidUrl - Trying to create DidUrl from URL: "did:web:walt.id"...
12019 [pool-1-thread-1 @coroutine#796] DEBUG id.walt.model.DidUrl - Trying to create DidUrl from URL: "did:web:walt.id"...
12020 [pool-1-thread-1 @coroutine#796] DEBUG id.walt.model.DidUrl - Trying to create DidUrl from URL: "did:web:walt.id"...
12020 [pool-1-thread-1 @coroutine#796] DEBUG id.walt.services.did.DidService - Loading or resolving "did:web:walt.id"...
12020 [pool-1-thread-1 @coroutine#796] DEBUG id.walt.model.DidUrl - Trying to create DidUrl from URL: "did:web:walt.id"...
12020 [pool-1-thread-1 @coroutine#796] DEBUG id.walt.services.did.DidService - loadOrResolve: url=DidUrl(method=web, identifier=walt.id, fragment=walt.id, query=null), length of stored=791
12020 [pool-1-thread-1 @coroutine#796] DEBUG id.walt.model.DidUrl - Trying to create DidUrl from URL: "did:web:walt.id"...
12020 [pool-1-thread-1 @coroutine#796] DEBUG id.walt.model.DidUrl - Trying to create DidUrl from URL: "did:web:walt.id"...
12021 [pool-1-thread-1 @coroutine#796] DEBUG id.walt.model.DidUrl - Trying to create DidUrl from URL: "did:web:walt.id"...
12021 [pool-1-thread-1 @coroutine#796] DEBUG id.walt.model.DidUrl - Trying to create DidUrl from URL: "did:web:walt.id"...
12021 [pool-1-thread-1 @coroutine#796] DEBUG id.walt.services.keystore.HKVKeyStoreService - Loading key "did:web:walt.id#9df7402059c54b7291733cca88bdbf57".
12021 [pool-1-thread-1 @coroutine#796] DEBUG id.walt.services.keystore.HKVKeyStoreService - Storing key "a177987d05cd4761a934bf4173b7b47f".
12021 [pool-1-thread-1 @coroutine#796] DEBUG id.walt.services.keystore.HKVKeyStoreService - Loading key "a177987d05cd4761a934bf4173b7b47f".
12021 [pool-1-thread-1 @coroutine#796] DEBUG id.walt.services.keystore.HKVKeyStoreService - Loading key "a177987d05cd4761a934bf4173b7b47f".
12021 [pool-1-thread-1 @coroutine#796] DEBUG id.walt.services.did.composers.DidDocumentComposerBase - Verification method JWK for kid: {"kty":"OKP","use":"sig","crv":"Ed25519","kid":"a177987d05cd4761a934bf4173b7b47f","x":"UKnRq8fgOhThcofXgowjqcYssTgLNRbKTef3KottlHk","alg":"EdDSA"}
12021 [pool-1-thread-1 @coroutine#796] DEBUG id.walt.services.did.composers.DidDocumentComposerBase - Verification method public JWK: {"kty":"OKP","use":"sig","crv":"Ed25519","kid":"a177987d05cd4761a934bf4173b7b47f","x":"UKnRq8fgOhThcofXgowjqcYssTgLNRbKTef3KottlHk","alg":"EdDSA"}
12022 [pool-1-thread-1 @coroutine#796] DEBUG id.walt.services.did.composers.DidDocumentComposerBase - Verification method parsed public JWK: Jwk(kid=a177987d05cd4761a934bf4173b7b47f, kty=OKP, alg=EdDSA, crv=Ed25519, use=sig, x=UKnRq8fgOhThcofXgowjqcYssTgLNRbKTef3KottlHk, y=null, d=null, n=null, e=null, x5u=null)
12022 [pool-1-thread-1 @coroutine#796] DEBUG id.walt.services.keystore.HKVKeyStoreService - Loading key "a177987d05cd4761a934bf4173b7b47f".
12022 [pool-1-thread-1 @coroutine#796] DEBUG id.walt.services.did.DidService - A key with the id "a177987d05cd4761a934bf4173b7b47f" exists.
12022 [pool-1-thread-1 @coroutine#796] DEBUG id.walt.model.DidUrl - Trying to create DidUrl from URL: "did:ebsi:ziJiiog94VYM5FRpEZGXgyG"...
12023 [pool-1-thread-1 @coroutine#796] DEBUG id.walt.model.DidUrl - Trying to create DidUrl from URL: "did:ebsi:ziJiiog94VYM5FRpEZGXgyG"...
12023 [pool-1-thread-1 @coroutine#796] DEBUG id.walt.model.DidUrl - Trying to create DidUrl from URL: "did:ebsi:ziJiiog94VYM5FRpEZGXgyG"...
12023 [pool-1-thread-1 @coroutine#796] DEBUG id.walt.services.did.DidService - Loading or resolving "did:ebsi:ziJiiog94VYM5FRpEZGXgyG"...
12023 [pool-1-thread-1 @coroutine#796] DEBUG id.walt.model.DidUrl - Trying to create DidUrl from URL: "did:ebsi:ziJiiog94VYM5FRpEZGXgyG"...
12023 [pool-1-thread-1 @coroutine#796] DEBUG id.walt.services.did.DidService - loadOrResolve: url=DidUrl(method=ebsi, identifier=ziJiiog94VYM5FRpEZGXgyG, fragment=ziJiiog94VYM5FRpEZGXgyG, query=null), length of stored=876
12023 [pool-1-thread-1 @coroutine#796] DEBUG id.walt.model.DidUrl - Trying to create DidUrl from URL: "did:ebsi:ziJiiog94VYM5FRpEZGXgyG"...
12023 [pool-1-thread-1 @coroutine#796] DEBUG id.walt.model.DidUrl - Trying to create DidUrl from URL: "did:ebsi:ziJiiog94VYM5FRpEZGXgyG"...
12023 [pool-1-thread-1 @coroutine#796] DEBUG id.walt.model.DidUrl - Trying to create DidUrl from URL: "did:ebsi:ziJiiog94VYM5FRpEZGXgyG"...
12024 [pool-1-thread-1 @coroutine#796] DEBUG id.walt.model.DidUrl - Trying to create DidUrl from URL: "did:ebsi:ziJiiog94VYM5FRpEZGXgyG"...
12024 [pool-1-thread-1 @coroutine#796] DEBUG id.walt.model.DidUrl - Trying to create DidUrl from URL: "did:ebsi:ziJiiog94VYM5FRpEZGXgyG"...
12024 [pool-1-thread-1 @coroutine#796] DEBUG id.walt.services.keystore.HKVKeyStoreService - Loading key "did:ebsi:ziJiiog94VYM5FRpEZGXgyG#a177987d05cd4761a934bf4173b7b47f".
12024 [pool-1-thread-1 @coroutine#796] DEBUG id.walt.services.keystore.HKVKeyStoreService - Loading key "2cb076eb722f47678531a70a479873de".
12024 [pool-1-thread-1 @coroutine#796] DEBUG id.walt.model.DidUrl - Trying to create DidUrl from URL: "did:key:zQ3shRCzEoUwuJK3MCayfGFJegLQzaxiPFVuodumw8G5DDm2x"...
12025 [pool-1-thread-1 @coroutine#796] DEBUG id.walt.services.keystore.HKVKeyStoreService - Loading key "2cb076eb722f47678531a70a479873de".
12025 [pool-1-thread-1 @coroutine#796] DEBUG id.walt.services.did.DidService - A key with the id "2cb076eb722f47678531a70a479873de" exists.
12025 [pool-1-thread-1 @coroutine#796] DEBUG id.walt.model.DidUrl - Trying to create DidUrl from URL: "did:key:zQ3shRCzEoUwuJK3MCayfGFJegLQzaxiPFVuodumw8G5DDm2x"...
12025 [pool-1-thread-1 @coroutine#796] DEBUG id.walt.model.DidUrl - Trying to create DidUrl from URL: "did:key:zQ3shRCzEoUwuJK3MCayfGFJegLQzaxiPFVuodumw8G5DDm2x"...
12025 [pool-1-thread-1 @coroutine#796] DEBUG id.walt.model.DidUrl - Trying to create DidUrl from URL: "did:key:zQ3shRCzEoUwuJK3MCayfGFJegLQzaxiPFVuodumw8G5DDm2x"...
12025 [pool-1-thread-1 @coroutine#796] DEBUG id.walt.services.did.DidService - Loading or resolving "did:key:zQ3shRCzEoUwuJK3MCayfGFJegLQzaxiPFVuodumw8G5DDm2x"...
12025 [pool-1-thread-1 @coroutine#796] DEBUG id.walt.model.DidUrl - Trying to create DidUrl from URL: "did:key:zQ3shRCzEoUwuJK3MCayfGFJegLQzaxiPFVuodumw8G5DDm2x"...
12025 [pool-1-thread-1 @coroutine#796] DEBUG id.walt.services.did.DidService - loadOrResolve: url=DidUrl(method=key, identifier=zQ3shRCzEoUwuJK3MCayfGFJegLQzaxiPFVuodumw8G5DDm2x, fragment=zQ3shRCzEoUwuJK3MCayfGFJegLQzaxiPFVuodumw8G5DDm2x, query=null), length of stored=1442
12026 [pool-1-thread-1 @coroutine#796] DEBUG id.walt.model.DidUrl - Trying to create DidUrl from URL: "did:key:zQ3shRCzEoUwuJK3MCayfGFJegLQzaxiPFVuodumw8G5DDm2x"...
12027 [pool-1-thread-1 @coroutine#796] DEBUG id.walt.model.DidUrl - Trying to create DidUrl from URL: "did:key:zQ3shRCzEoUwuJK3MCayfGFJegLQzaxiPFVuodumw8G5DDm2x"...
12027 [pool-1-thread-1 @coroutine#796] DEBUG id.walt.model.DidUrl - Trying to create DidUrl from URL: "did:key:zQ3shRCzEoUwuJK3MCayfGFJegLQzaxiPFVuodumw8G5DDm2x"...
12027 [pool-1-thread-1 @coroutine#796] DEBUG id.walt.services.keystore.HKVKeyStoreService - Loading key "did:key:zQ3shRCzEoUwuJK3MCayfGFJegLQzaxiPFVuodumw8G5DDm2x#zQ3shRCzEoUwuJK3MCayfGFJegLQzaxiPFVuodumw8G5DDm2x".
12027 [pool-1-thread-1 @coroutine#796] DEBUG id.walt.services.keystore.HKVKeyStoreService - Loading key "3bc9fc9b356744b5bf5f41588922c18c".
12027 [pool-1-thread-1 @coroutine#796] DEBUG id.walt.model.DidUrl - Trying to create DidUrl from URL: "did:key:z6Mkhmo1qj2GvoAiUC65EoHpxNhbb6k8UbUPuGEQ2KMgfY8o"...
12028 [pool-1-thread-1 @coroutine#796] DEBUG id.walt.services.keystore.HKVKeyStoreService - Loading key "3bc9fc9b356744b5bf5f41588922c18c".
12028 [pool-1-thread-1 @coroutine#796] DEBUG id.walt.services.did.DidService - A key with the id "3bc9fc9b356744b5bf5f41588922c18c" exists.
12028 [pool-1-thread-1 @coroutine#796] DEBUG id.walt.model.DidUrl - Trying to create DidUrl from URL: "did:key:z6Mkhmo1qj2GvoAiUC65EoHpxNhbb6k8UbUPuGEQ2KMgfY8o"...
12028 [pool-1-thread-1 @coroutine#796] DEBUG id.walt.model.DidUrl - Trying to create DidUrl from URL: "did:key:z6Mkhmo1qj2GvoAiUC65EoHpxNhbb6k8UbUPuGEQ2KMgfY8o"...
12028 [pool-1-thread-1 @coroutine#796] DEBUG id.walt.model.DidUrl - Trying to create DidUrl from URL: "did:key:z6Mkhmo1qj2GvoAiUC65EoHpxNhbb6k8UbUPuGEQ2KMgfY8o"...
12028 [pool-1-thread-1 @coroutine#796] DEBUG id.walt.services.did.DidService - Loading or resolving "did:key:z6Mkhmo1qj2GvoAiUC65EoHpxNhbb6k8UbUPuGEQ2KMgfY8o"...
12028 [pool-1-thread-1 @coroutine#796] DEBUG id.walt.model.DidUrl - Trying to create DidUrl from URL: "did:key:z6Mkhmo1qj2GvoAiUC65EoHpxNhbb6k8UbUPuGEQ2KMgfY8o"...
12028 [pool-1-thread-1 @coroutine#796] DEBUG id.walt.services.did.DidService - loadOrResolve: url=DidUrl(method=key, identifier=z6Mkhmo1qj2GvoAiUC65EoHpxNhbb6k8UbUPuGEQ2KMgfY8o, fragment=z6Mkhmo1qj2GvoAiUC65EoHpxNhbb6k8UbUPuGEQ2KMgfY8o, query=null), length of stored=1639
12029 [pool-1-thread-1 @coroutine#796] DEBUG id.walt.model.DidUrl - Trying to create DidUrl from URL: "did:key:z6Mkhmo1qj2GvoAiUC65EoHpxNhbb6k8UbUPuGEQ2KMgfY8o"...
12030 [pool-1-thread-1 @coroutine#796] DEBUG id.walt.model.DidUrl - Trying to create DidUrl from URL: "did:key:z6Mkhmo1qj2GvoAiUC65EoHpxNhbb6k8UbUPuGEQ2KMgfY8o"...
12030 [pool-1-thread-1 @coroutine#796] DEBUG id.walt.model.DidUrl - Trying to create DidUrl from URL: "did:key:z6Mkhmo1qj2GvoAiUC65EoHpxNhbb6k8UbUPuGEQ2KMgfY8o"...
12030 [pool-1-thread-1 @coroutine#796] DEBUG id.walt.services.keystore.HKVKeyStoreService - Loading key "did:key:z6Mkhmo1qj2GvoAiUC65EoHpxNhbb6k8UbUPuGEQ2KMgfY8o#z6Mkhmo1qj2GvoAiUC65EoHpxNhbb6k8UbUPuGEQ2KMgfY8o".
12030 [pool-1-thread-1 @coroutine#796] DEBUG id.walt.services.keystore.HKVKeyStoreService - Loading key "did:key:z6Mkhmo1qj2GvoAiUC65EoHpxNhbb6k8UbUPuGEQ2KMgfY8o#z6LSh96kaPEmHoTiQG6LQobyTsUh7uiKZ6FfFbuE8whbbUKi".
12030 [pool-1-thread-1 @coroutine#796] DEBUG id.walt.services.keystore.HKVKeyStoreService - Loading key "d7f97b8a54d5497abd1242002f874cf6".
12030 [pool-1-thread-1 @coroutine#796] DEBUG id.walt.model.DidUrl - Trying to create DidUrl from URL: "did:key:z4MXj1wBzi9jUstyPLekp48CugFuYnWPq9xnRmUt9Pa3P6bKdf9KHG2SpWZpoM5RSyE3mjqUaWChbiWMUjowLjTN9vwLJYksw9YEU78qK6xLgcn633pUtBKKd3WggGLo2Paj4Xyf1k3DQ4rkGsJ6eD11LWPLwMrw95dH6woCkowzKrJaf7kFaDenooiduw6kNwfbkZNnLLLFtCDSHCPiqMGqLmhKFUFoueUgKfp3farNjCXJVYsTJieQA1BobvKeSokqV8DXziJTRtLbizVa2SwdubhQSc2EpVwgBfUntSVLjPgZ7ujf6mKVUy8vcueujNBHCbQyeq6wa5Ne4VWBGq3iQ5Y2SyhkAcEDtyjju5oV2aAc3UBag"...
12031 [pool-1-thread-1 @coroutine#796] DEBUG id.walt.services.keystore.HKVKeyStoreService - Loading key "d7f97b8a54d5497abd1242002f874cf6".
12031 [pool-1-thread-1 @coroutine#796] DEBUG id.walt.services.did.DidService - A key with the id "d7f97b8a54d5497abd1242002f874cf6" exists.
12031 [pool-1-thread-1 @coroutine#796] DEBUG id.walt.model.DidUrl - Trying to create DidUrl from URL: "did:key:z4MXj1wBzi9jUstyPLekp48CugFuYnWPq9xnRmUt9Pa3P6bKdf9KHG2SpWZpoM5RSyE3mjqUaWChbiWMUjowLjTN9vwLJYksw9YEU78qK6xLgcn633pUtBKKd3WggGLo2Paj4Xyf1k3DQ4rkGsJ6eD11LWPLwMrw95dH6woCkowzKrJaf7kFaDenooiduw6kNwfbkZNnLLLFtCDSHCPiqMGqLmhKFUFoueUgKfp3farNjCXJVYsTJieQA1BobvKeSokqV8DXziJTRtLbizVa2SwdubhQSc2EpVwgBfUntSVLjPgZ7ujf6mKVUy8vcueujNBHCbQyeq6wa5Ne4VWBGq3iQ5Y2SyhkAcEDtyjju5oV2aAc3UBag"...
12031 [pool-1-thread-1 @coroutine#796] DEBUG id.walt.model.DidUrl - Trying to create DidUrl from URL: "did:key:z4MXj1wBzi9jUstyPLekp48CugFuYnWPq9xnRmUt9Pa3P6bKdf9KHG2SpWZpoM5RSyE3mjqUaWChbiWMUjowLjTN9vwLJYksw9YEU78qK6xLgcn633pUtBKKd3WggGLo2Paj4Xyf1k3DQ4rkGsJ6eD11LWPLwMrw95dH6woCkowzKrJaf7kFaDenooiduw6kNwfbkZNnLLLFtCDSHCPiqMGqLmhKFUFoueUgKfp3farNjCXJVYsTJieQA1BobvKeSokqV8DXziJTRtLbizVa2SwdubhQSc2EpVwgBfUntSVLjPgZ7ujf6mKVUy8vcueujNBHCbQyeq6wa5Ne4VWBGq3iQ5Y2SyhkAcEDtyjju5oV2aAc3UBag"...
12031 [pool-1-thread-1 @coroutine#796] DEBUG id.walt.model.DidUrl - Trying to create DidUrl from URL: "did:key:z4MXj1wBzi9jUstyPLekp48CugFuYnWPq9xnRmUt9Pa3P6bKdf9KHG2SpWZpoM5RSyE3mjqUaWChbiWMUjowLjTN9vwLJYksw9YEU78qK6xLgcn633pUtBKKd3WggGLo2Paj4Xyf1k3DQ4rkGsJ6eD11LWPLwMrw95dH6woCkowzKrJaf7kFaDenooiduw6kNwfbkZNnLLLFtCDSHCPiqMGqLmhKFUFoueUgKfp3farNjCXJVYsTJieQA1BobvKeSokqV8DXziJTRtLbizVa2SwdubhQSc2EpVwgBfUntSVLjPgZ7ujf6mKVUy8vcueujNBHCbQyeq6wa5Ne4VWBGq3iQ5Y2SyhkAcEDtyjju5oV2aAc3UBag"...
12031 [pool-1-thread-1 @coroutine#796] DEBUG id.walt.services.did.DidService - Loading or resolving "did:key:z4MXj1wBzi9jUstyPLekp48CugFuYnWPq9xnRmUt9Pa3P6bKdf9KHG2SpWZpoM5RSyE3mjqUaWChbiWMUjowLjTN9vwLJYksw9YEU78qK6xLgcn633pUtBKKd3WggGLo2Paj4Xyf1k3DQ4rkGsJ6eD11LWPLwMrw95dH6woCkowzKrJaf7kFaDenooiduw6kNwfbkZNnLLLFtCDSHCPiqMGqLmhKFUFoueUgKfp3farNjCXJVYsTJieQA1BobvKeSokqV8DXziJTRtLbizVa2SwdubhQSc2EpVwgBfUntSVLjPgZ7ujf6mKVUy8vcueujNBHCbQyeq6wa5Ne4VWBGq3iQ5Y2SyhkAcEDtyjju5oV2aAc3UBag"...
12031 [pool-1-thread-1 @coroutine#796] DEBUG id.walt.model.DidUrl - Trying to create DidUrl from URL: "did:key:z4MXj1wBzi9jUstyPLekp48CugFuYnWPq9xnRmUt9Pa3P6bKdf9KHG2SpWZpoM5RSyE3mjqUaWChbiWMUjowLjTN9vwLJYksw9YEU78qK6xLgcn633pUtBKKd3WggGLo2Paj4Xyf1k3DQ4rkGsJ6eD11LWPLwMrw95dH6woCkowzKrJaf7kFaDenooiduw6kNwfbkZNnLLLFtCDSHCPiqMGqLmhKFUFoueUgKfp3farNjCXJVYsTJieQA1BobvKeSokqV8DXziJTRtLbizVa2SwdubhQSc2EpVwgBfUntSVLjPgZ7ujf6mKVUy8vcueujNBHCbQyeq6wa5Ne4VWBGq3iQ5Y2SyhkAcEDtyjju5oV2aAc3UBag"...
12031 [pool-1-thread-1 @coroutine#796] DEBUG id.walt.services.did.DidService - loadOrResolve: url=DidUrl(method=key, identifier=z4MXj1wBzi9jUstyPLekp48CugFuYnWPq9xnRmUt9Pa3P6bKdf9KHG2SpWZpoM5RSyE3mjqUaWChbiWMUjowLjTN9vwLJYksw9YEU78qK6xLgcn633pUtBKKd3WggGLo2Paj4Xyf1k3DQ4rkGsJ6eD11LWPLwMrw95dH6woCkowzKrJaf7kFaDenooiduw6kNwfbkZNnLLLFtCDSHCPiqMGqLmhKFUFoueUgKfp3farNjCXJVYsTJieQA1BobvKeSokqV8DXziJTRtLbizVa2SwdubhQSc2EpVwgBfUntSVLjPgZ7ujf6mKVUy8vcueujNBHCbQyeq6wa5Ne4VWBGq3iQ5Y2SyhkAcEDtyjju5oV2aAc3UBag, fragment=z4MXj1wBzi9jUstyPLekp48CugFuYnWPq9xnRmUt9Pa3P6bKdf9KHG2SpWZpoM5RSyE3mjqUaWChbiWMUjowLjTN9vwLJYksw9YEU78qK6xLgcn633pUtBKKd3WggGLo2Paj4Xyf1k3DQ4rkGsJ6eD11LWPLwMrw95dH6woCkowzKrJaf7kFaDenooiduw6kNwfbkZNnLLLFtCDSHCPiqMGqLmhKFUFoueUgKfp3farNjCXJVYsTJieQA1BobvKeSokqV8DXziJTRtLbizVa2SwdubhQSc2EpVwgBfUntSVLjPgZ7ujf6mKVUy8vcueujNBHCbQyeq6wa5Ne4VWBGq3iQ5Y2SyhkAcEDtyjju5oV2aAc3UBag, query=null), length of stored=5349
12031 [pool-1-thread-1 @coroutine#796] DEBUG id.walt.model.DidUrl - Trying to create DidUrl from URL: "did:key:z4MXj1wBzi9jUstyPLekp48CugFuYnWPq9xnRmUt9Pa3P6bKdf9KHG2SpWZpoM5RSyE3mjqUaWChbiWMUjowLjTN9vwLJYksw9YEU78qK6xLgcn633pUtBKKd3WggGLo2Paj4Xyf1k3DQ4rkGsJ6eD11LWPLwMrw95dH6woCkowzKrJaf7kFaDenooiduw6kNwfbkZNnLLLFtCDSHCPiqMGqLmhKFUFoueUgKfp3farNjCXJVYsTJieQA1BobvKeSokqV8DXziJTRtLbizVa2SwdubhQSc2EpVwgBfUntSVLjPgZ7ujf6mKVUy8vcueujNBHCbQyeq6wa5Ne4VWBGq3iQ5Y2SyhkAcEDtyjju5oV2aAc3UBag"...
12032 [pool-1-thread-1 @coroutine#796] DEBUG id.walt.model.DidUrl - Trying to create DidUrl from URL: "did:key:z4MXj1wBzi9jUstyPLekp48CugFuYnWPq9xnRmUt9Pa3P6bKdf9KHG2SpWZpoM5RSyE3mjqUaWChbiWMUjowLjTN9vwLJYksw9YEU78qK6xLgcn633pUtBKKd3WggGLo2Paj4Xyf1k3DQ4rkGsJ6eD11LWPLwMrw95dH6woCkowzKrJaf7kFaDenooiduw6kNwfbkZNnLLLFtCDSHCPiqMGqLmhKFUFoueUgKfp3farNjCXJVYsTJieQA1BobvKeSokqV8DXziJTRtLbizVa2SwdubhQSc2EpVwgBfUntSVLjPgZ7ujf6mKVUy8vcueujNBHCbQyeq6wa5Ne4VWBGq3iQ5Y2SyhkAcEDtyjju5oV2aAc3UBag"...
12032 [pool-1-thread-1 @coroutine#796] DEBUG id.walt.model.DidUrl - Trying to create DidUrl from URL: "did:key:z4MXj1wBzi9jUstyPLekp48CugFuYnWPq9xnRmUt9Pa3P6bKdf9KHG2SpWZpoM5RSyE3mjqUaWChbiWMUjowLjTN9vwLJYksw9YEU78qK6xLgcn633pUtBKKd3WggGLo2Paj4Xyf1k3DQ4rkGsJ6eD11LWPLwMrw95dH6woCkowzKrJaf7kFaDenooiduw6kNwfbkZNnLLLFtCDSHCPiqMGqLmhKFUFoueUgKfp3farNjCXJVYsTJieQA1BobvKeSokqV8DXziJTRtLbizVa2SwdubhQSc2EpVwgBfUntSVLjPgZ7ujf6mKVUy8vcueujNBHCbQyeq6wa5Ne4VWBGq3iQ5Y2SyhkAcEDtyjju5oV2aAc3UBag"...
12032 [pool-1-thread-1 @coroutine#796] DEBUG id.walt.services.keystore.HKVKeyStoreService - Loading key "did:key:z4MXj1wBzi9jUstyPLekp48CugFuYnWPq9xnRmUt9Pa3P6bKdf9KHG2SpWZpoM5RSyE3mjqUaWChbiWMUjowLjTN9vwLJYksw9YEU78qK6xLgcn633pUtBKKd3WggGLo2Paj4Xyf1k3DQ4rkGsJ6eD11LWPLwMrw95dH6woCkowzKrJaf7kFaDenooiduw6kNwfbkZNnLLLFtCDSHCPiqMGqLmhKFUFoueUgKfp3farNjCXJVYsTJieQA1BobvKeSokqV8DXziJTRtLbizVa2SwdubhQSc2EpVwgBfUntSVLjPgZ7ujf6mKVUy8vcueujNBHCbQyeq6wa5Ne4VWBGq3iQ5Y2SyhkAcEDtyjju5oV2aAc3UBag#z4MXj1wBzi9jUstyPLekp48CugFuYnWPq9xnRmUt9Pa3P6bKdf9KHG2SpWZpoM5RSyE3mjqUaWChbiWMUjowLjTN9vwLJYksw9YEU78qK6xLgcn633pUtBKKd3WggGLo2Paj4Xyf1k3DQ4rkGsJ6eD11LWPLwMrw95dH6woCkowzKrJaf7kFaDenooiduw6kNwfbkZNnLLLFtCDSHCPiqMGqLmhKFUFoueUgKfp3farNjCXJVYsTJieQA1BobvKeSokqV8DXziJTRtLbizVa2SwdubhQSc2EpVwgBfUntSVLjPgZ7ujf6mKVUy8vcueujNBHCbQyeq6wa5Ne4VWBGq3iQ5Y2SyhkAcEDtyjju5oV2aAc3UBag".
12032 [pool-1-thread-1 @coroutine#796] DEBUG id.walt.services.keystore.HKVKeyStoreService - Loading key "7f35abb9f9764ea49d2239088c772af1".
12032 [pool-1-thread-1 @coroutine#796] DEBUG id.walt.services.keystore.HKVKeyStoreService - Loading key "7f35abb9f9764ea49d2239088c772af1".
12032 [pool-1-thread-1 @coroutine#796] DEBUG id.walt.services.did.composers.DidDocumentComposerBase - Verification method JWK for kid: {"kty":"EC","use":"sig","crv":"secp256k1","kid":"7f35abb9f9764ea49d2239088c772af1","x":"CnoAi54viJtryW8VsK-Wbu-_nkW-VqjTr-vHtHXXzIo","y":"3eydB5Rq3MAyoTxx831DWj5kYmiJk-DG3hgNVXBKBxY","alg":"ES256K"}
12032 [pool-1-thread-1 @coroutine#796] DEBUG id.walt.services.did.composers.DidDocumentComposerBase - Verification method public JWK: {"kty":"EC","use":"sig","crv":"secp256k1","kid":"7f35abb9f9764ea49d2239088c772af1","x":"CnoAi54viJtryW8VsK-Wbu-_nkW-VqjTr-vHtHXXzIo","y":"3eydB5Rq3MAyoTxx831DWj5kYmiJk-DG3hgNVXBKBxY","alg":"ES256K"}
12033 [pool-1-thread-1 @coroutine#796] DEBUG id.walt.services.did.composers.DidDocumentComposerBase - Verification method parsed public JWK: Jwk(kid=7f35abb9f9764ea49d2239088c772af1, kty=EC, alg=ES256K, crv=secp256k1, use=sig, x=CnoAi54viJtryW8VsK-Wbu-_nkW-VqjTr-vHtHXXzIo, y=3eydB5Rq3MAyoTxx831DWj5kYmiJk-DG3hgNVXBKBxY, d=null, n=null, e=null, x5u=null)
12033 [pool-1-thread-1 @coroutine#796] DEBUG id.walt.services.keystore.HKVKeyStoreService - Loading key "7f35abb9f9764ea49d2239088c772af1".
12034 [pool-1-thread-1 @coroutine#796] DEBUG id.walt.services.did.DidService - A key with the id "7f35abb9f9764ea49d2239088c772af1" exists.
12034 [pool-1-thread-1 @coroutine#796] DEBUG id.walt.model.DidUrl - Trying to create DidUrl from URL: "did:web:walt.id"...
12034 [pool-1-thread-1 @coroutine#796] DEBUG id.walt.model.DidUrl - Trying to create DidUrl from URL: "did:web:walt.id"...
12034 [pool-1-thread-1 @coroutine#796] DEBUG id.walt.model.DidUrl - Trying to create DidUrl from URL: "did:web:walt.id"...
12034 [pool-1-thread-1 @coroutine#796] DEBUG id.walt.services.did.DidService - Loading or resolving "did:web:walt.id"...
12034 [pool-1-thread-1 @coroutine#796] DEBUG id.walt.model.DidUrl - Trying to create DidUrl from URL: "did:web:walt.id"...
12034 [pool-1-thread-1 @coroutine#796] DEBUG id.walt.services.did.DidService - loadOrResolve: url=DidUrl(method=web, identifier=walt.id, fragment=walt.id, query=null), length of stored=869
12034 [pool-1-thread-1 @coroutine#796] DEBUG id.walt.model.DidUrl - Trying to create DidUrl from URL: "did:web:walt.id"...
12034 [pool-1-thread-1 @coroutine#796] DEBUG id.walt.model.DidUrl - Trying to create DidUrl from URL: "did:web:walt.id"...
12035 [pool-1-thread-1 @coroutine#796] DEBUG id.walt.model.DidUrl - Trying to create DidUrl from URL: "did:web:walt.id"...
12035 [pool-1-thread-1 @coroutine#796] DEBUG id.walt.model.DidUrl - Trying to create DidUrl from URL: "did:web:walt.id"...
12035 [pool-1-thread-1 @coroutine#796] DEBUG id.walt.services.keystore.HKVKeyStoreService - Loading key "did:web:walt.id#7f35abb9f9764ea49d2239088c772af1".
12035 [pool-1-thread-1 @coroutine#796] DEBUG id.walt.services.keystore.HKVKeyStoreService - Loading key "c9f219f5c51a4164b5ea1b42717cf885".
12035 [pool-1-thread-1 @coroutine#796] DEBUG id.walt.services.keystore.HKVKeyStoreService - Loading key "c9f219f5c51a4164b5ea1b42717cf885".
12035 [pool-1-thread-1 @coroutine#796] DEBUG id.walt.services.did.composers.DidDocumentComposerBase - Verification method JWK for kid: {"kty":"OKP","use":"sig","crv":"Ed25519","kid":"c9f219f5c51a4164b5ea1b42717cf885","x":"A5WP0JqEToUH0cmbflnnNYo4hFEjhfudIrtpR2TZRR0","alg":"EdDSA"}
12035 [pool-1-thread-1 @coroutine#796] DEBUG id.walt.services.did.composers.DidDocumentComposerBase - Verification method public JWK: {"kty":"OKP","use":"sig","crv":"Ed25519","kid":"c9f219f5c51a4164b5ea1b42717cf885","x":"A5WP0JqEToUH0cmbflnnNYo4hFEjhfudIrtpR2TZRR0","alg":"EdDSA"}
12037 [pool-1-thread-1 @coroutine#796] DEBUG id.walt.services.did.composers.DidDocumentComposerBase - Verification method parsed public JWK: Jwk(kid=c9f219f5c51a4164b5ea1b42717cf885, kty=OKP, alg=EdDSA, crv=Ed25519, use=sig, x=A5WP0JqEToUH0cmbflnnNYo4hFEjhfudIrtpR2TZRR0, y=null, d=null, n=null, e=null, x5u=null)
12038 [pool-1-thread-1 @coroutine#796] DEBUG id.walt.services.keystore.HKVKeyStoreService - Loading key "c9f219f5c51a4164b5ea1b42717cf885".
12038 [pool-1-thread-1 @coroutine#796] DEBUG id.walt.services.did.DidService - A key with the id "c9f219f5c51a4164b5ea1b42717cf885" exists.
12038 [pool-1-thread-1 @coroutine#796] DEBUG id.walt.model.DidUrl - Trying to create DidUrl from URL: "did:web:walt.id"...
12038 [pool-1-thread-1 @coroutine#796] DEBUG id.walt.model.DidUrl - Trying to create DidUrl from URL: "did:web:walt.id"...
12038 [pool-1-thread-1 @coroutine#796] DEBUG id.walt.model.DidUrl - Trying to create DidUrl from URL: "did:web:walt.id"...
12038 [pool-1-thread-1 @coroutine#796] DEBUG id.walt.services.did.DidService - Loading or resolving "did:web:walt.id"...
12038 [pool-1-thread-1 @coroutine#796] DEBUG id.walt.model.DidUrl - Trying to create DidUrl from URL: "did:web:walt.id"...
12038 [pool-1-thread-1 @coroutine#796] DEBUG id.walt.services.did.DidService - loadOrResolve: url=DidUrl(method=web, identifier=walt.id, fragment=walt.id, query=null), length of stored=791
12038 [pool-1-thread-1 @coroutine#796] DEBUG id.walt.model.DidUrl - Trying to create DidUrl from URL: "did:web:walt.id"...
12038 [pool-1-thread-1 @coroutine#796] DEBUG id.walt.model.DidUrl - Trying to create DidUrl from URL: "did:web:walt.id"...
12040 [pool-1-thread-1 @coroutine#796] DEBUG id.walt.model.DidUrl - Trying to create DidUrl from URL: "did:web:walt.id"...
12040 [pool-1-thread-1 @coroutine#796] DEBUG id.walt.model.DidUrl - Trying to create DidUrl from URL: "did:web:walt.id"...
12040 [pool-1-thread-1 @coroutine#796] DEBUG id.walt.services.keystore.HKVKeyStoreService - Loading key "did:web:walt.id#c9f219f5c51a4164b5ea1b42717cf885".
12040 [pool-1-thread-1 @coroutine#796] DEBUG id.walt.services.keystore.HKVKeyStoreService - Loading key "37c86ae86be34779bfca840040cca517".
12040 [pool-1-thread-1 @coroutine#796] DEBUG id.walt.services.keystore.HKVKeyStoreService - Loading key "37c86ae86be34779bfca840040cca517".
12040 [pool-1-thread-1 @coroutine#796] DEBUG id.walt.services.did.composers.DidDocumentComposerBase - Verification method JWK for kid: {"kty":"RSA","e":"AQAB","use":"sig","kid":"37c86ae86be34779bfca840040cca517","alg":"RS256","n":"xE2F9ej903-VYjJxB2xIpWxBVrDhWNRio0okZG9BQV8ieZMoHZvNQAe15MQM1KhZ4PsgwJhxoCeS1vzoiW95LaHwlLloobA-LiHRKwyFwhqT2akL6nsgnIWVMGg2tVMwatiF7XFo9Kpi_arJUXjdd31alUcD1T2LYPPINuLJbbfpFZkW_2vmkoBfJJL4eUCYw1fwo3osVkskeyICFSfCdq-tMqaF0CFmz7OMj6j54a033PKEcziqkLN_1eixZjv_HmZa0eazpM2a1fW6s3RszL6iHTln_fuymNCJMCnzXDK42g2wfAzyIoNhLqLdWI5eCnopifHUs-KMUVNskmcfTw"}
12040 [pool-1-thread-1 @coroutine#796] DEBUG id.walt.services.did.composers.DidDocumentComposerBase - Verification method public JWK: {"kty":"RSA","e":"AQAB","use":"sig","kid":"37c86ae86be34779bfca840040cca517","alg":"RS256","n":"xE2F9ej903-VYjJxB2xIpWxBVrDhWNRio0okZG9BQV8ieZMoHZvNQAe15MQM1KhZ4PsgwJhxoCeS1vzoiW95LaHwlLloobA-LiHRKwyFwhqT2akL6nsgnIWVMGg2tVMwatiF7XFo9Kpi_arJUXjdd31alUcD1T2LYPPINuLJbbfpFZkW_2vmkoBfJJL4eUCYw1fwo3osVkskeyICFSfCdq-tMqaF0CFmz7OMj6j54a033PKEcziqkLN_1eixZjv_HmZa0eazpM2a1fW6s3RszL6iHTln_fuymNCJMCnzXDK42g2wfAzyIoNhLqLdWI5eCnopifHUs-KMUVNskmcfTw"}
12041 [pool-1-thread-1 @coroutine#796] DEBUG id.walt.services.did.composers.DidDocumentComposerBase - Verification method parsed public JWK: Jwk(kid=37c86ae86be34779bfca840040cca517, kty=RSA, alg=RS256, crv=null, use=sig, x=null, y=null, d=null, n=xE2F9ej903-VYjJxB2xIpWxBVrDhWNRio0okZG9BQV8ieZMoHZvNQAe15MQM1KhZ4PsgwJhxoCeS1vzoiW95LaHwlLloobA-LiHRKwyFwhqT2akL6nsgnIWVMGg2tVMwatiF7XFo9Kpi_arJUXjdd31alUcD1T2LYPPINuLJbbfpFZkW_2vmkoBfJJL4eUCYw1fwo3osVkskeyICFSfCdq-tMqaF0CFmz7OMj6j54a033PKEcziqkLN_1eixZjv_HmZa0eazpM2a1fW6s3RszL6iHTln_fuymNCJMCnzXDK42g2wfAzyIoNhLqLdWI5eCnopifHUs-KMUVNskmcfTw, e=AQAB, x5u=null)
12041 [pool-1-thread-1 @coroutine#796] DEBUG id.walt.services.keystore.HKVKeyStoreService - Loading key "37c86ae86be34779bfca840040cca517".
12041 [pool-1-thread-1 @coroutine#796] DEBUG id.walt.services.did.DidService - A key with the id "37c86ae86be34779bfca840040cca517" exists.
12041 [pool-1-thread-1 @coroutine#796] DEBUG id.walt.model.DidUrl - Trying to create DidUrl from URL: "did:web:walt.id"...
12041 [pool-1-thread-1 @coroutine#796] DEBUG id.walt.model.DidUrl - Trying to create DidUrl from URL: "did:web:walt.id"...
12041 [pool-1-thread-1 @coroutine#796] DEBUG id.walt.model.DidUrl - Trying to create DidUrl from URL: "did:web:walt.id"...
12041 [pool-1-thread-1 @coroutine#796] DEBUG id.walt.services.did.DidService - Loading or resolving "did:web:walt.id"...
12041 [pool-1-thread-1 @coroutine#796] DEBUG id.walt.model.DidUrl - Trying to create DidUrl from URL: "did:web:walt.id"...
12041 [pool-1-thread-1 @coroutine#796] DEBUG id.walt.services.did.DidService - loadOrResolve: url=DidUrl(method=web, identifier=walt.id, fragment=walt.id, query=null), length of stored=1081
12042 [pool-1-thread-1 @coroutine#796] DEBUG id.walt.model.DidUrl - Trying to create DidUrl from URL: "did:web:walt.id"...
12042 [pool-1-thread-1 @coroutine#796] DEBUG id.walt.model.DidUrl - Trying to create DidUrl from URL: "did:web:walt.id"...
12043 [pool-1-thread-1 @coroutine#796] DEBUG id.walt.model.DidUrl - Trying to create DidUrl from URL: "did:web:walt.id"...
12043 [pool-1-thread-1 @coroutine#796] DEBUG id.walt.model.DidUrl - Trying to create DidUrl from URL: "did:web:walt.id"...
12043 [pool-1-thread-1 @coroutine#796] DEBUG id.walt.services.keystore.HKVKeyStoreService - Loading key "did:web:walt.id#37c86ae86be34779bfca840040cca517".
12043 [pool-1-thread-1 @coroutine#796] DEBUG id.walt.services.keystore.HKVKeyStoreService - Loading key "4315f5549d9840bebf2b54bb218c0307".
12044 [pool-1-thread-1 @coroutine#796] DEBUG id.walt.services.keystore.HKVKeyStoreService - Loading key "4315f5549d9840bebf2b54bb218c0307".
12044 [pool-1-thread-1 @coroutine#796] DEBUG id.walt.services.did.composers.DidDocumentComposerBase - Verification method JWK for kid: {"kty":"EC","use":"sig","crv":"secp256k1","kid":"4315f5549d9840bebf2b54bb218c0307","x":"epTB_FPQ-6akiV3Dpv3R_gUoI33ZD7QeDalaRiDiRcY","y":"_floorL57Wzl8jrdMmO4NwRcBFseXONUfYNDjlqBTF0","alg":"ES256K"}
12044 [pool-1-thread-1 @coroutine#796] DEBUG id.walt.services.did.composers.DidDocumentComposerBase - Verification method public JWK: {"kty":"EC","use":"sig","crv":"secp256k1","kid":"4315f5549d9840bebf2b54bb218c0307","x":"epTB_FPQ-6akiV3Dpv3R_gUoI33ZD7QeDalaRiDiRcY","y":"_floorL57Wzl8jrdMmO4NwRcBFseXONUfYNDjlqBTF0","alg":"ES256K"}
12044 [pool-1-thread-1 @coroutine#796] DEBUG id.walt.services.did.composers.DidDocumentComposerBase - Verification method parsed public JWK: Jwk(kid=4315f5549d9840bebf2b54bb218c0307, kty=EC, alg=ES256K, crv=secp256k1, use=sig, x=epTB_FPQ-6akiV3Dpv3R_gUoI33ZD7QeDalaRiDiRcY, y=_floorL57Wzl8jrdMmO4NwRcBFseXONUfYNDjlqBTF0, d=null, n=null, e=null, x5u=null)
12045 [pool-1-thread-1 @coroutine#796] DEBUG id.walt.services.keystore.HKVKeyStoreService - Loading key "4315f5549d9840bebf2b54bb218c0307".
12045 [pool-1-thread-1 @coroutine#796] DEBUG id.walt.services.did.DidService - A key with the id "4315f5549d9840bebf2b54bb218c0307" exists.
12045 [pool-1-thread-1 @coroutine#796] DEBUG id.walt.model.DidUrl - Trying to create DidUrl from URL: "did:ebsi:zewVaNwPtMfzaAzqeQj67hz"...
12045 [pool-1-thread-1 @coroutine#796] DEBUG id.walt.model.DidUrl - Trying to create DidUrl from URL: "did:ebsi:zewVaNwPtMfzaAzqeQj67hz"...
12045 [pool-1-thread-1 @coroutine#796] DEBUG id.walt.model.DidUrl - Trying to create DidUrl from URL: "did:ebsi:zewVaNwPtMfzaAzqeQj67hz"...
12045 [pool-1-thread-1 @coroutine#796] DEBUG id.walt.services.did.DidService - Loading or resolving "did:ebsi:zewVaNwPtMfzaAzqeQj67hz"...
12045 [pool-1-thread-1 @coroutine#796] DEBUG id.walt.model.DidUrl - Trying to create DidUrl from URL: "did:ebsi:zewVaNwPtMfzaAzqeQj67hz"...
12045 [pool-1-thread-1 @coroutine#796] DEBUG id.walt.services.did.DidService - loadOrResolve: url=DidUrl(method=ebsi, identifier=zewVaNwPtMfzaAzqeQj67hz, fragment=zewVaNwPtMfzaAzqeQj67hz, query=null), length of stored=954
12046 [pool-1-thread-1 @coroutine#796] DEBUG id.walt.model.DidUrl - Trying to create DidUrl from URL: "did:ebsi:zewVaNwPtMfzaAzqeQj67hz"...
12046 [pool-1-thread-1 @coroutine#796] DEBUG id.walt.model.DidUrl - Trying to create DidUrl from URL: "did:ebsi:zewVaNwPtMfzaAzqeQj67hz"...
12046 [pool-1-thread-1 @coroutine#796] DEBUG id.walt.model.DidUrl - Trying to create DidUrl from URL: "did:ebsi:zewVaNwPtMfzaAzqeQj67hz"...
12047 [pool-1-thread-1 @coroutine#796] DEBUG id.walt.model.DidUrl - Trying to create DidUrl from URL: "did:ebsi:zewVaNwPtMfzaAzqeQj67hz"...
12047 [pool-1-thread-1 @coroutine#796] DEBUG id.walt.model.DidUrl - Trying to create DidUrl from URL: "did:ebsi:zewVaNwPtMfzaAzqeQj67hz"...
12047 [pool-1-thread-1 @coroutine#796] DEBUG id.walt.services.keystore.HKVKeyStoreService - Loading key "did:ebsi:zewVaNwPtMfzaAzqeQj67hz#4315f5549d9840bebf2b54bb218c0307".
12047 [pool-1-thread-1 @coroutine#796] DEBUG id.walt.services.keystore.HKVKeyStoreService - Loading key "80fd5deac4154922bece061beeb6f69e".
12047 [pool-1-thread-1 @coroutine#796] DEBUG id.walt.services.keystore.HKVKeyStoreService - Loading key "80fd5deac4154922bece061beeb6f69e".
12047 [pool-1-thread-1 @coroutine#796] DEBUG id.walt.services.did.composers.DidDocumentComposerBase - Verification method JWK for kid: {"kty":"OKP","use":"sig","crv":"Ed25519","kid":"80fd5deac4154922bece061beeb6f69e","x":"n08H3NDZ6iRs8jHfDwE182l6kNxGefFRszzGXggbBfU","alg":"EdDSA"}
12047 [pool-1-thread-1 @coroutine#796] DEBUG id.walt.services.did.composers.DidDocumentComposerBase - Verification method public JWK: {"kty":"OKP","use":"sig","crv":"Ed25519","kid":"80fd5deac4154922bece061beeb6f69e","x":"n08H3NDZ6iRs8jHfDwE182l6kNxGefFRszzGXggbBfU","alg":"EdDSA"}
12048 [pool-1-thread-1 @coroutine#796] DEBUG id.walt.services.did.composers.DidDocumentComposerBase - Verification method parsed public JWK: Jwk(kid=80fd5deac4154922bece061beeb6f69e, kty=OKP, alg=EdDSA, crv=Ed25519, use=sig, x=n08H3NDZ6iRs8jHfDwE182l6kNxGefFRszzGXggbBfU, y=null, d=null, n=null, e=null, x5u=null)
12048 [pool-1-thread-1 @coroutine#796] DEBUG id.walt.services.keystore.HKVKeyStoreService - Loading key "80fd5deac4154922bece061beeb6f69e".
12049 [pool-1-thread-1 @coroutine#796] DEBUG id.walt.services.did.DidService - A key with the id "80fd5deac4154922bece061beeb6f69e" exists.
12049 [pool-1-thread-1 @coroutine#796] DEBUG id.walt.model.DidUrl - Trying to create DidUrl from URL: "did:ebsi:zzYaYPrwe6FXsWf1pEv6fi6"...
12049 [pool-1-thread-1 @coroutine#796] DEBUG id.walt.model.DidUrl - Trying to create DidUrl from URL: "did:ebsi:zzYaYPrwe6FXsWf1pEv6fi6"...
12049 [pool-1-thread-1 @coroutine#796] DEBUG id.walt.model.DidUrl - Trying to create DidUrl from URL: "did:ebsi:zzYaYPrwe6FXsWf1pEv6fi6"...
12049 [pool-1-thread-1 @coroutine#796] DEBUG id.walt.services.did.DidService - Loading or resolving "did:ebsi:zzYaYPrwe6FXsWf1pEv6fi6"...
12049 [pool-1-thread-1 @coroutine#796] DEBUG id.walt.model.DidUrl - Trying to create DidUrl from URL: "did:ebsi:zzYaYPrwe6FXsWf1pEv6fi6"...
12049 [pool-1-thread-1 @coroutine#796] DEBUG id.walt.services.did.DidService - loadOrResolve: url=DidUrl(method=ebsi, identifier=zzYaYPrwe6FXsWf1pEv6fi6, fragment=zzYaYPrwe6FXsWf1pEv6fi6, query=null), length of stored=876
12049 [pool-1-thread-1 @coroutine#796] DEBUG id.walt.model.DidUrl - Trying to create DidUrl from URL: "did:ebsi:zzYaYPrwe6FXsWf1pEv6fi6"...
12049 [pool-1-thread-1 @coroutine#796] DEBUG id.walt.model.DidUrl - Trying to create DidUrl from URL: "did:ebsi:zzYaYPrwe6FXsWf1pEv6fi6"...
12049 [pool-1-thread-1 @coroutine#796] DEBUG id.walt.model.DidUrl - Trying to create DidUrl from URL: "did:ebsi:zzYaYPrwe6FXsWf1pEv6fi6"...
12050 [pool-1-thread-1 @coroutine#796] DEBUG id.walt.model.DidUrl - Trying to create DidUrl from URL: "did:ebsi:zzYaYPrwe6FXsWf1pEv6fi6"...
12050 [pool-1-thread-1 @coroutine#796] DEBUG id.walt.model.DidUrl - Trying to create DidUrl from URL: "did:ebsi:zzYaYPrwe6FXsWf1pEv6fi6"...
12050 [pool-1-thread-1 @coroutine#796] DEBUG id.walt.services.keystore.HKVKeyStoreService - Loading key "did:ebsi:zzYaYPrwe6FXsWf1pEv6fi6#80fd5deac4154922bece061beeb6f69e".
12050 [pool-1-thread-1 @coroutine#796] DEBUG id.walt.services.keystore.HKVKeyStoreService - Loading key "787c1dbb45674f789e8825d41bab7cde".
12051 [pool-1-thread-1 @coroutine#796] DEBUG id.walt.services.keystore.HKVKeyStoreService - Loading key "787c1dbb45674f789e8825d41bab7cde".
12051 [pool-1-thread-1 @coroutine#796] DEBUG id.walt.services.did.composers.DidDocumentComposerBase - Verification method JWK for kid: {"kty":"RSA","e":"AQAB","use":"sig","kid":"787c1dbb45674f789e8825d41bab7cde","alg":"RS256","n":"zG5kp46zSv6PBDweGk1Gbwzt6MI8-PeJJXLagp0NnytwGaJ3kTkH_OlMU3XcJ3UV2gL5ndgIjaNi1KI2Vanw4ELL3WeM-dFUNGcxU66_Aoz84iF1u9c3qfik_FTij9TOCwPKWHY1yada0Afvo-IiUtRkTyyhIt19y5b58u1OlJ6B3ZUYTYFh54X5MGaHtqgq9Ju9h1t2zIHcHmjtL3hQsORhmQHUSxklyAiippnMKSHeNNiCkO4JsQuscMDmu3uo1PMglHZFkrDiiYdMElpPV8uF9iV0SplcHQZXNJ7TyCQdovuxazW3f_Yui-riWkeILHjEuHpHQAweW5sa0ZL0-w"}
12051 [pool-1-thread-1 @coroutine#796] DEBUG id.walt.services.did.composers.DidDocumentComposerBase - Verification method public JWK: {"kty":"RSA","e":"AQAB","use":"sig","kid":"787c1dbb45674f789e8825d41bab7cde","alg":"RS256","n":"zG5kp46zSv6PBDweGk1Gbwzt6MI8-PeJJXLagp0NnytwGaJ3kTkH_OlMU3XcJ3UV2gL5ndgIjaNi1KI2Vanw4ELL3WeM-dFUNGcxU66_Aoz84iF1u9c3qfik_FTij9TOCwPKWHY1yada0Afvo-IiUtRkTyyhIt19y5b58u1OlJ6B3ZUYTYFh54X5MGaHtqgq9Ju9h1t2zIHcHmjtL3hQsORhmQHUSxklyAiippnMKSHeNNiCkO4JsQuscMDmu3uo1PMglHZFkrDiiYdMElpPV8uF9iV0SplcHQZXNJ7TyCQdovuxazW3f_Yui-riWkeILHjEuHpHQAweW5sa0ZL0-w"}
12051 [pool-1-thread-1 @coroutine#796] DEBUG id.walt.services.did.composers.DidDocumentComposerBase - Verification method parsed public JWK: Jwk(kid=787c1dbb45674f789e8825d41bab7cde, kty=RSA, alg=RS256, crv=null, use=sig, x=null, y=null, d=null, n=zG5kp46zSv6PBDweGk1Gbwzt6MI8-PeJJXLagp0NnytwGaJ3kTkH_OlMU3XcJ3UV2gL5ndgIjaNi1KI2Vanw4ELL3WeM-dFUNGcxU66_Aoz84iF1u9c3qfik_FTij9TOCwPKWHY1yada0Afvo-IiUtRkTyyhIt19y5b58u1OlJ6B3ZUYTYFh54X5MGaHtqgq9Ju9h1t2zIHcHmjtL3hQsORhmQHUSxklyAiippnMKSHeNNiCkO4JsQuscMDmu3uo1PMglHZFkrDiiYdMElpPV8uF9iV0SplcHQZXNJ7TyCQdovuxazW3f_Yui-riWkeILHjEuHpHQAweW5sa0ZL0-w, e=AQAB, x5u=null)
12052 [pool-1-thread-1 @coroutine#796] DEBUG id.walt.services.keystore.HKVKeyStoreService - Loading key "787c1dbb45674f789e8825d41bab7cde".
12052 [pool-1-thread-1 @coroutine#796] DEBUG id.walt.services.did.DidService - A key with the id "787c1dbb45674f789e8825d41bab7cde" exists.
12052 [pool-1-thread-1 @coroutine#796] DEBUG id.walt.model.DidUrl - Trying to create DidUrl from URL: "did:ebsi:zvJ7ukY7YNw2Hd4AUPqbxr3"...
12052 [pool-1-thread-1 @coroutine#796] DEBUG id.walt.model.DidUrl - Trying to create DidUrl from URL: "did:ebsi:zvJ7ukY7YNw2Hd4AUPqbxr3"...
12052 [pool-1-thread-1 @coroutine#796] DEBUG id.walt.model.DidUrl - Trying to create DidUrl from URL: "did:ebsi:zvJ7ukY7YNw2Hd4AUPqbxr3"...
12052 [pool-1-thread-1 @coroutine#796] DEBUG id.walt.services.did.DidService - Loading or resolving "did:ebsi:zvJ7ukY7YNw2Hd4AUPqbxr3"...
12052 [pool-1-thread-1 @coroutine#796] DEBUG id.walt.model.DidUrl - Trying to create DidUrl from URL: "did:ebsi:zvJ7ukY7YNw2Hd4AUPqbxr3"...
12052 [pool-1-thread-1 @coroutine#796] DEBUG id.walt.services.did.DidService - loadOrResolve: url=DidUrl(method=ebsi, identifier=zvJ7ukY7YNw2Hd4AUPqbxr3, fragment=zvJ7ukY7YNw2Hd4AUPqbxr3, query=null), length of stored=1166
12053 [pool-1-thread-1 @coroutine#796] DEBUG id.walt.model.DidUrl - Trying to create DidUrl from URL: "did:ebsi:zvJ7ukY7YNw2Hd4AUPqbxr3"...
12053 [pool-1-thread-1 @coroutine#796] DEBUG id.walt.model.DidUrl - Trying to create DidUrl from URL: "did:ebsi:zvJ7ukY7YNw2Hd4AUPqbxr3"...
12053 [pool-1-thread-1 @coroutine#796] DEBUG id.walt.model.DidUrl - Trying to create DidUrl from URL: "did:ebsi:zvJ7ukY7YNw2Hd4AUPqbxr3"...
12054 [pool-1-thread-1 @coroutine#796] DEBUG id.walt.model.DidUrl - Trying to create DidUrl from URL: "did:ebsi:zvJ7ukY7YNw2Hd4AUPqbxr3"...
12054 [pool-1-thread-1 @coroutine#796] DEBUG id.walt.model.DidUrl - Trying to create DidUrl from URL: "did:ebsi:zvJ7ukY7YNw2Hd4AUPqbxr3"...
12054 [pool-1-thread-1 @coroutine#796] DEBUG id.walt.services.keystore.HKVKeyStoreService - Loading key "did:ebsi:zvJ7ukY7YNw2Hd4AUPqbxr3#787c1dbb45674f789e8825d41bab7cde".
12060 [pool-1-thread-1 @coroutine#797] DEBUG id.walt.model.DidUrl - Trying to create DidUrl from URL: "did:jwk:eyJ1c2UiOiJzaWciLCJrdHkiOiJFQyIsImNydiI6IlAtMjU2IiwieCI6Ik1WeUxseS1WcDNZbF9DQlVBQTdQR1dZemZMSVhsYzlINzNfMmItWXJUeEEiLCJ5IjoiM3UwR2JFaWw1RU41NnJta1d3R2tmVENOdERXZ3JCb1BhV2FVVFRZTU9yayJ9"...
12062 [pool-1-thread-1 @coroutine#797] DEBUG id.walt.model.DidUrl - Trying to create DidUrl from URL: "did:jwk:eyJ1c2UiOiJzaWciLCJrdHkiOiJFQyIsImNydiI6IlAtMjU2IiwieCI6Ik1WeUxseS1WcDNZbF9DQlVBQTdQR1dZemZMSVhsYzlINzNfMmItWXJUeEEiLCJ5IjoiM3UwR2JFaWw1RU41NnJta1d3R2tmVENOdERXZ3JCb1BhV2FVVFRZTU9yayJ9"...
12062 [pool-1-thread-1 @coroutine#797] DEBUG id.walt.model.DidUrl - Trying to create DidUrl from URL: "did:jwk:eyJ1c2UiOiJzaWciLCJrdHkiOiJFQyIsImNydiI6IlAtMjU2IiwieCI6Ik1WeUxseS1WcDNZbF9DQlVBQTdQR1dZemZMSVhsYzlINzNfMmItWXJUeEEiLCJ5IjoiM3UwR2JFaWw1RU41NnJta1d3R2tmVENOdERXZ3JCb1BhV2FVVFRZTU9yayJ9"...
12062 [pool-1-thread-1 @coroutine#797] DEBUG id.walt.services.did.DidService - DID imported: did:jwk:eyJ1c2UiOiJzaWciLCJrdHkiOiJFQyIsImNydiI6IlAtMjU2IiwieCI6Ik1WeUxseS1WcDNZbF9DQlVBQTdQR1dZemZMSVhsYzlINzNfMmItWXJUeEEiLCJ5IjoiM3UwR2JFaWw1RU41NnJta1d3R2tmVENOdERXZ3JCb1BhV2FVVFRZTU9yayJ9
12062 [pool-1-thread-1 @coroutine#797] DEBUG id.walt.services.did.DidService - Loading or resolving "did:jwk:eyJ1c2UiOiJzaWciLCJrdHkiOiJFQyIsImNydiI6IlAtMjU2IiwieCI6Ik1WeUxseS1WcDNZbF9DQlVBQTdQR1dZemZMSVhsYzlINzNfMmItWXJUeEEiLCJ5IjoiM3UwR2JFaWw1RU41NnJta1d3R2tmVENOdERXZ3JCb1BhV2FVVFRZTU9yayJ9"...
12062 [pool-1-thread-1 @coroutine#797] DEBUG id.walt.model.DidUrl - Trying to create DidUrl from URL: "did:jwk:eyJ1c2UiOiJzaWciLCJrdHkiOiJFQyIsImNydiI6IlAtMjU2IiwieCI6Ik1WeUxseS1WcDNZbF9DQlVBQTdQR1dZemZMSVhsYzlINzNfMmItWXJUeEEiLCJ5IjoiM3UwR2JFaWw1RU41NnJta1d3R2tmVENOdERXZ3JCb1BhV2FVVFRZTU9yayJ9"...
12062 [pool-1-thread-1 @coroutine#797] DEBUG id.walt.services.did.DidService - loadOrResolve: url=DidUrl(method=jwk, identifier=eyJ1c2UiOiJzaWciLCJrdHkiOiJFQyIsImNydiI6IlAtMjU2IiwieCI6Ik1WeUxseS1WcDNZbF9DQlVBQTdQR1dZemZMSVhsYzlINzNfMmItWXJUeEEiLCJ5IjoiM3UwR2JFaWw1RU41NnJta1d3R2tmVENOdERXZ3JCb1BhV2FVVFRZTU9yayJ9, fragment=eyJ1c2UiOiJzaWciLCJrdHkiOiJFQyIsImNydiI6IlAtMjU2IiwieCI6Ik1WeUxseS1WcDNZbF9DQlVBQTdQR1dZemZMSVhsYzlINzNfMmItWXJUeEEiLCJ5IjoiM3UwR2JFaWw1RU41NnJta1d3R2tmVENOdERXZ3JCb1BhV2FVVFRZTU9yayJ9, query=null), length of stored=2337
12063 [pool-1-thread-1 @coroutine#797] DEBUG id.walt.model.DidUrl - Trying to create DidUrl from URL: "did:jwk:eyJ1c2UiOiJzaWciLCJrdHkiOiJFQyIsImNydiI6IlAtMjU2IiwieCI6Ik1WeUxseS1WcDNZbF9DQlVBQTdQR1dZemZMSVhsYzlINzNfMmItWXJUeEEiLCJ5IjoiM3UwR2JFaWw1RU41NnJta1d3R2tmVENOdERXZ3JCb1BhV2FVVFRZTU9yayJ9"...
12063 [pool-1-thread-1 @coroutine#797] DEBUG id.walt.model.DidUrl - Trying to create DidUrl from URL: "did:jwk:eyJ1c2UiOiJzaWciLCJrdHkiOiJFQyIsImNydiI6IlAtMjU2IiwieCI6Ik1WeUxseS1WcDNZbF9DQlVBQTdQR1dZemZMSVhsYzlINzNfMmItWXJUeEEiLCJ5IjoiM3UwR2JFaWw1RU41NnJta1d3R2tmVENOdERXZ3JCb1BhV2FVVFRZTU9yayJ9"...
12063 [pool-1-thread-1 @coroutine#797] DEBUG id.walt.model.DidUrl - Trying to create DidUrl from URL: "did:jwk:eyJ1c2UiOiJzaWciLCJrdHkiOiJFQyIsImNydiI6IlAtMjU2IiwieCI6Ik1WeUxseS1WcDNZbF9DQlVBQTdQR1dZemZMSVhsYzlINzNfMmItWXJUeEEiLCJ5IjoiM3UwR2JFaWw1RU41NnJta1d3R2tmVENOdERXZ3JCb1BhV2FVVFRZTU9yayJ9"...
12063 [pool-1-thread-1 @coroutine#797] DEBUG id.walt.model.DidUrl - Trying to create DidUrl from URL: "did:jwk:eyJ1c2UiOiJzaWciLCJrdHkiOiJFQyIsImNydiI6IlAtMjU2IiwieCI6Ik1WeUxseS1WcDNZbF9DQlVBQTdQR1dZemZMSVhsYzlINzNfMmItWXJUeEEiLCJ5IjoiM3UwR2JFaWw1RU41NnJta1d3R2tmVENOdERXZ3JCb1BhV2FVVFRZTU9yayJ9"...
12063 [pool-1-thread-1 @coroutine#797] DEBUG id.walt.model.DidUrl - Trying to create DidUrl from URL: "did:jwk:eyJ1c2UiOiJzaWciLCJrdHkiOiJFQyIsImNydiI6IlAtMjU2IiwieCI6Ik1WeUxseS1WcDNZbF9DQlVBQTdQR1dZemZMSVhsYzlINzNfMmItWXJUeEEiLCJ5IjoiM3UwR2JFaWw1RU41NnJta1d3R2tmVENOdERXZ3JCb1BhV2FVVFRZTU9yayJ9"...
12063 [pool-1-thread-1 @coroutine#797] DEBUG id.walt.model.DidUrl - Trying to create DidUrl from URL: "did:jwk:eyJ1c2UiOiJzaWciLCJrdHkiOiJFQyIsImNydiI6IlAtMjU2IiwieCI6Ik1WeUxseS1WcDNZbF9DQlVBQTdQR1dZemZMSVhsYzlINzNfMmItWXJUeEEiLCJ5IjoiM3UwR2JFaWw1RU41NnJta1d3R2tmVENOdERXZ3JCb1BhV2FVVFRZTU9yayJ9"...
12063 [pool-1-thread-1 @coroutine#797] DEBUG id.walt.model.DidUrl - Trying to create DidUrl from URL: "did:jwk:eyJ1c2UiOiJzaWciLCJrdHkiOiJFQyIsImNydiI6IlAtMjU2IiwieCI6Ik1WeUxseS1WcDNZbF9DQlVBQTdQR1dZemZMSVhsYzlINzNfMmItWXJUeEEiLCJ5IjoiM3UwR2JFaWw1RU41NnJta1d3R2tmVENOdERXZ3JCb1BhV2FVVFRZTU9yayJ9"...
12071 [pool-1-thread-1 @coroutine#797] DEBUG id.walt.services.did.DidService - Key imported for: did:jwk:eyJ1c2UiOiJzaWciLCJrdHkiOiJFQyIsImNydiI6IlAtMjU2IiwieCI6Ik1WeUxseS1WcDNZbF9DQlVBQTdQR1dZemZMSVhsYzlINzNfMmItWXJUeEEiLCJ5IjoiM3UwR2JFaWw1RU41NnJta1d3R2tmVENOdERXZ3JCb1BhV2FVVFRZTU9yayJ9
12077 [pool-1-thread-1 @coroutine#798] DEBUG id.walt.model.DidUrl - Trying to create DidUrl from URL: "did:jwk:eyJrdHkiOiJFQyIsIngiOiJuSkpwZzgzY084R0sxZmZ6dmtoaXFabjk4eEczS3ctbEJGX1llZ1hpVzNzIiwieSI6ImhtUU1OVU5Ta3lycGlydmoxanhzbTZBbENCd2lmdWdhQ1NYLWpVaDNXZkkiLCJjcnYiOiJQLTI1NiJ9"...
12078 [pool-1-thread-1 @coroutine#798] DEBUG id.walt.model.DidUrl - Trying to create DidUrl from URL: "did:jwk:eyJrdHkiOiJFQyIsIngiOiJuSkpwZzgzY084R0sxZmZ6dmtoaXFabjk4eEczS3ctbEJGX1llZ1hpVzNzIiwieSI6ImhtUU1OVU5Ta3lycGlydmoxanhzbTZBbENCd2lmdWdhQ1NYLWpVaDNXZkkiLCJjcnYiOiJQLTI1NiJ9"...
12078 [pool-1-thread-1 @coroutine#798] DEBUG id.walt.model.DidUrl - Trying to create DidUrl from URL: "did:jwk:eyJrdHkiOiJFQyIsIngiOiJuSkpwZzgzY084R0sxZmZ6dmtoaXFabjk4eEczS3ctbEJGX1llZ1hpVzNzIiwieSI6ImhtUU1OVU5Ta3lycGlydmoxanhzbTZBbENCd2lmdWdhQ1NYLWpVaDNXZkkiLCJjcnYiOiJQLTI1NiJ9"...
12078 [pool-1-thread-1 @coroutine#798] DEBUG id.walt.services.did.DidService - DID imported: did:jwk:eyJrdHkiOiJFQyIsIngiOiJuSkpwZzgzY084R0sxZmZ6dmtoaXFabjk4eEczS3ctbEJGX1llZ1hpVzNzIiwieSI6ImhtUU1OVU5Ta3lycGlydmoxanhzbTZBbENCd2lmdWdhQ1NYLWpVaDNXZkkiLCJjcnYiOiJQLTI1NiJ9
12078 [pool-1-thread-1 @coroutine#798] DEBUG id.walt.services.did.DidService - Loading or resolving "did:jwk:eyJrdHkiOiJFQyIsIngiOiJuSkpwZzgzY084R0sxZmZ6dmtoaXFabjk4eEczS3ctbEJGX1llZ1hpVzNzIiwieSI6ImhtUU1OVU5Ta3lycGlydmoxanhzbTZBbENCd2lmdWdhQ1NYLWpVaDNXZkkiLCJjcnYiOiJQLTI1NiJ9"...
12078 [pool-1-thread-1 @coroutine#798] DEBUG id.walt.model.DidUrl - Trying to create DidUrl from URL: "did:jwk:eyJrdHkiOiJFQyIsIngiOiJuSkpwZzgzY084R0sxZmZ6dmtoaXFabjk4eEczS3ctbEJGX1llZ1hpVzNzIiwieSI6ImhtUU1OVU5Ta3lycGlydmoxanhzbTZBbENCd2lmdWdhQ1NYLWpVaDNXZkkiLCJjcnYiOiJQLTI1NiJ9"...
12078 [pool-1-thread-1 @coroutine#798] DEBUG id.walt.services.did.DidService - loadOrResolve: url=DidUrl(method=jwk, identifier=eyJrdHkiOiJFQyIsIngiOiJuSkpwZzgzY084R0sxZmZ6dmtoaXFabjk4eEczS3ctbEJGX1llZ1hpVzNzIiwieSI6ImhtUU1OVU5Ta3lycGlydmoxanhzbTZBbENCd2lmdWdhQ1NYLWpVaDNXZkkiLCJjcnYiOiJQLTI1NiJ9, fragment=eyJrdHkiOiJFQyIsIngiOiJuSkpwZzgzY084R0sxZmZ6dmtoaXFabjk4eEczS3ctbEJGX1llZ1hpVzNzIiwieSI6ImhtUU1OVU5Ta3lycGlydmoxanhzbTZBbENCd2lmdWdhQ1NYLWpVaDNXZkkiLCJjcnYiOiJQLTI1NiJ9, query=null), length of stored=2178
12079 [pool-1-thread-1 @coroutine#798] DEBUG id.walt.model.DidUrl - Trying to create DidUrl from URL: "did:jwk:eyJrdHkiOiJFQyIsIngiOiJuSkpwZzgzY084R0sxZmZ6dmtoaXFabjk4eEczS3ctbEJGX1llZ1hpVzNzIiwieSI6ImhtUU1OVU5Ta3lycGlydmoxanhzbTZBbENCd2lmdWdhQ1NYLWpVaDNXZkkiLCJjcnYiOiJQLTI1NiJ9"...
12079 [pool-1-thread-1 @coroutine#798] DEBUG id.walt.model.DidUrl - Trying to create DidUrl from URL: "did:jwk:eyJrdHkiOiJFQyIsIngiOiJuSkpwZzgzY084R0sxZmZ6dmtoaXFabjk4eEczS3ctbEJGX1llZ1hpVzNzIiwieSI6ImhtUU1OVU5Ta3lycGlydmoxanhzbTZBbENCd2lmdWdhQ1NYLWpVaDNXZkkiLCJjcnYiOiJQLTI1NiJ9"...
12079 [pool-1-thread-1 @coroutine#798] DEBUG id.walt.model.DidUrl - Trying to create DidUrl from URL: "did:jwk:eyJrdHkiOiJFQyIsIngiOiJuSkpwZzgzY084R0sxZmZ6dmtoaXFabjk4eEczS3ctbEJGX1llZ1hpVzNzIiwieSI6ImhtUU1OVU5Ta3lycGlydmoxanhzbTZBbENCd2lmdWdhQ1NYLWpVaDNXZkkiLCJjcnYiOiJQLTI1NiJ9"...
12079 [pool-1-thread-1 @coroutine#798] DEBUG id.walt.model.DidUrl - Trying to create DidUrl from URL: "did:jwk:eyJrdHkiOiJFQyIsIngiOiJuSkpwZzgzY084R0sxZmZ6dmtoaXFabjk4eEczS3ctbEJGX1llZ1hpVzNzIiwieSI6ImhtUU1OVU5Ta3lycGlydmoxanhzbTZBbENCd2lmdWdhQ1NYLWpVaDNXZkkiLCJjcnYiOiJQLTI1NiJ9"...
12079 [pool-1-thread-1 @coroutine#798] DEBUG id.walt.model.DidUrl - Trying to create DidUrl from URL: "did:jwk:eyJrdHkiOiJFQyIsIngiOiJuSkpwZzgzY084R0sxZmZ6dmtoaXFabjk4eEczS3ctbEJGX1llZ1hpVzNzIiwieSI6ImhtUU1OVU5Ta3lycGlydmoxanhzbTZBbENCd2lmdWdhQ1NYLWpVaDNXZkkiLCJjcnYiOiJQLTI1NiJ9"...
12079 [pool-1-thread-1 @coroutine#798] DEBUG id.walt.model.DidUrl - Trying to create DidUrl from URL: "did:jwk:eyJrdHkiOiJFQyIsIngiOiJuSkpwZzgzY084R0sxZmZ6dmtoaXFabjk4eEczS3ctbEJGX1llZ1hpVzNzIiwieSI6ImhtUU1OVU5Ta3lycGlydmoxanhzbTZBbENCd2lmdWdhQ1NYLWpVaDNXZkkiLCJjcnYiOiJQLTI1NiJ9"...
12079 [pool-1-thread-1 @coroutine#798] DEBUG id.walt.model.DidUrl - Trying to create DidUrl from URL: "did:jwk:eyJrdHkiOiJFQyIsIngiOiJuSkpwZzgzY084R0sxZmZ6dmtoaXFabjk4eEczS3ctbEJGX1llZ1hpVzNzIiwieSI6ImhtUU1OVU5Ta3lycGlydmoxanhzbTZBbENCd2lmdWdhQ1NYLWpVaDNXZkkiLCJjcnYiOiJQLTI1NiJ9"...
12081 [pool-1-thread-1 @coroutine#798] DEBUG id.walt.services.did.DidService - Key imported for: did:jwk:eyJrdHkiOiJFQyIsIngiOiJuSkpwZzgzY084R0sxZmZ6dmtoaXFabjk4eEczS3ctbEJGX1llZ1hpVzNzIiwieSI6ImhtUU1OVU5Ta3lycGlydmoxanhzbTZBbENCd2lmdWdhQ1NYLWpVaDNXZkkiLCJjcnYiOiJQLTI1NiJ9
12085 [pool-1-thread-1 @coroutine#799] DEBUG id.walt.model.DidUrl - Trying to create DidUrl from URL: "did:peer:0z6Mksu6Kco9yky1pUAWnWyer17bnokrLL3bYvYFp27zv8WNv"...
12086 [pool-1-thread-1 @coroutine#799] DEBUG id.walt.model.DidUrl - Trying to create DidUrl from URL: "did:peer:0z6Mksu6Kco9yky1pUAWnWyer17bnokrLL3bYvYFp27zv8WNv"...
12086 [pool-1-thread-1 @coroutine#799] DEBUG id.walt.model.DidUrl - Trying to create DidUrl from URL: "did:peer:0z6Mksu6Kco9yky1pUAWnWyer17bnokrLL3bYvYFp27zv8WNv"...
12086 [pool-1-thread-1 @coroutine#799] DEBUG id.walt.model.DidUrl - Trying to create DidUrl from URL: "did:peer:0z6Mksu6Kco9yky1pUAWnWyer17bnokrLL3bYvYFp27zv8WNv"...
12086 [pool-1-thread-1 @coroutine#799] DEBUG id.walt.model.DidUrl - Trying to create DidUrl from URL: "did:peer:0z6Mksu6Kco9yky1pUAWnWyer17bnokrLL3bYvYFp27zv8WNv"...
12086 [pool-1-thread-1 @coroutine#799] DEBUG id.walt.model.DidUrl - Trying to create DidUrl from URL: "did:peer:0z6Mksu6Kco9yky1pUAWnWyer17bnokrLL3bYvYFp27zv8WNv"...
12086 [pool-1-thread-1 @coroutine#799] DEBUG id.walt.model.DidUrl - Trying to create DidUrl from URL: "did:peer:0z6Mksu6Kco9yky1pUAWnWyer17bnokrLL3bYvYFp27zv8WNv"...
12086 [pool-1-thread-1 @coroutine#799] DEBUG id.walt.model.DidUrl - Trying to create DidUrl from URL: "did:peer:0z6Mksu6Kco9yky1pUAWnWyer17bnokrLL3bYvYFp27zv8WNv"...
12087 [pool-1-thread-1 @coroutine#799] DEBUG id.walt.model.DidUrl - Trying to create DidUrl from URL: "did:peer:0z6Mksu6Kco9yky1pUAWnWyer17bnokrLL3bYvYFp27zv8WNv"...
12091 [pool-1-thread-1 @coroutine#800] DEBUG id.walt.model.DidUrl - Trying to create DidUrl from URL: "did:ebsi:zcGvqgZTHCtkjgtcKRL7H8k"...
12091 [pool-1-thread-1 @coroutine#800] DEBUG id.walt.model.DidUrl - Trying to create DidUrl from URL: "did:ebsi:zcGvqgZTHCtkjgtcKRL7H8k"...
12091 [pool-1-thread-1 @coroutine#800] DEBUG id.walt.model.DidUrl - Trying to create DidUrl from URL: "did:ebsi:zcGvqgZTHCtkjgtcKRL7H8k"...
12093 [pool-1-thread-1 @coroutine#800] DEBUG id.walt.model.DidUrl - Trying to create DidUrl from URL: "did:ebsi:zcGvqgZTHCtkjgtcKRL7H8k"...
12098 [pool-1-thread-1 @coroutine#801] DEBUG id.walt.model.DidUrl - Trying to create DidUrl from URL: "did:jwk:eyJjcnYiOiJQLTI1NiIsImt0eSI6IkVDIiwieCI6ImFjYklRaXVNczNpOF91c3pFakoydHBUdFJNNEVVM3l6OTFQSDZDZEgyVjAiLCJ5IjoiX0tjeUxqOXZXTXB0bm1LdG00NkdxRHo4d2Y3NEk1TEtncmwyR3pIM25TRSJ9"...
12098 [pool-1-thread-1 @coroutine#801] DEBUG id.walt.model.DidUrl - Trying to create DidUrl from URL: "did:jwk:eyJjcnYiOiJQLTI1NiIsImt0eSI6IkVDIiwieCI6ImFjYklRaXVNczNpOF91c3pFakoydHBUdFJNNEVVM3l6OTFQSDZDZEgyVjAiLCJ5IjoiX0tjeUxqOXZXTXB0bm1LdG00NkdxRHo4d2Y3NEk1TEtncmwyR3pIM25TRSJ9"...
]]></system-err>
</testsuite>
