<?xml version="1.0" encoding="UTF-8"?>
<testsuite name="id.walt.rest.CoreApiTest" tests="21" skipped="0" failures="1" errors="0" timestamp="2024-09-12T09:39:43" hostname="pablito-B550-AORUS-ELITE-V2" time="0.879">
  <properties/>
  <testcase name="test export private key Ed25519" classname="id.walt.rest.CoreApiTest" time="0.11"/>
  <testcase name="test export private key Secp256k1" classname="id.walt.rest.CoreApiTest" time="0.011"/>
  <testcase name="test export public key Ed25519" classname="id.walt.rest.CoreApiTest" time="0.011"/>
  <testcase name="test export public key Secp256k1" classname="id.walt.rest.CoreApiTest" time="0.01"/>
  <testcase name="test import private key Ed25519" classname="id.walt.rest.CoreApiTest" time="0.006"/>
  <testcase name="test import private key Secp256k1" classname="id.walt.rest.CoreApiTest" time="0.004"/>
  <testcase name="test import public key Ed25519" classname="id.walt.rest.CoreApiTest" time="0.005"/>
  <testcase name="test import public key Secp256k1" classname="id.walt.rest.CoreApiTest" time="0.005"/>
  <testcase name="testDeleteKey" classname="id.walt.rest.CoreApiTest" time="0.006"/>
  <testcase name="testDidCreateKey" classname="id.walt.rest.CoreApiTest" time="0.014"/>
  <testcase name="testDidCreateVc" classname="id.walt.rest.CoreApiTest" time="0.038"/>
  <testcase name="testDidCreateWeb" classname="id.walt.rest.CoreApiTest" time="0.012"/>
  <testcase name="testDidDelete" classname="id.walt.rest.CoreApiTest" time="0.269"/>
  <testcase name="testDidImport" classname="id.walt.rest.CoreApiTest" time="0.01"/>
  <testcase name="testDocumentation" classname="id.walt.rest.CoreApiTest" time="0.265"/>
  <testcase name="testGenKeyEd25519" classname="id.walt.rest.CoreApiTest" time="0.005"/>
  <testcase name="testGenKeySecp256k1" classname="id.walt.rest.CoreApiTest" time="0.004"/>
  <testcase name="testGenKeyWrongParam" classname="id.walt.rest.CoreApiTest" time="0.026"/>
  <testcase name="testHealth" classname="id.walt.rest.CoreApiTest" time="0.004"/>
  <testcase name="testListKey" classname="id.walt.rest.CoreApiTest" time="0.004"/>
  <testcase name="testPresentVerifyVC" classname="id.walt.rest.CoreApiTest" time="0.039">
    <failure message="io.ktor.serialization.JsonConvertException: Unexpected JSON token at offset 2: Encountered an unknown key 'details' at path: $&#10;Use 'ignoreUnknownKeys = true' in 'Json {}' builder to ignore unknown keys.&#10;JSON input: {&quot;details&quot; : [], &quot;status&quot; : 400, &quot;title&quot; : &quot;Could not load key: z6MkpXqQgx8Lw7LsLDrKoHG3uyemRy7KBivKyG8k9BEigbY7&quot;, &quot;type&quot; : null}" type="io.ktor.serialization.JsonConvertException">io.ktor.serialization.JsonConvertException: Unexpected JSON token at offset 2: Encountered an unknown key 'details' at path: $
Use 'ignoreUnknownKeys = true' in 'Json {}' builder to ignore unknown keys.
JSON input: {&quot;details&quot; : [], &quot;status&quot; : 400, &quot;title&quot; : &quot;Could not load key: z6MkpXqQgx8Lw7LsLDrKoHG3uyemRy7KBivKyG8k9BEigbY7&quot;, &quot;type&quot; : null}
	at _COROUTINE._BOUNDARY._(CoroutineDebugging.kt:46)
	at io.ktor.client.plugins.HttpCallValidator$Companion$install$2.invokeSuspend(HttpCallValidator.kt:142)
	at io.ktor.client.call.HttpClientCall.bodyNullable(HttpClientCall.kt:88)
	at id.walt.rest.CoreApiTest$testPresentVerifyVC$1.invokeSuspend(CoreApiTest.kt:476)
	at kotlinx.coroutines.TimeoutKt.withTimeoutOrNull(Timeout.kt:104)
	at io.kotest.engine.test.interceptors.InvocationTimeoutInterceptor.intercept(InvocationTimeoutInterceptor.kt:42)
	at io.kotest.engine.test.TestInvocationInterceptor$runBeforeTestAfter$wrappedTest$1$1.invokeSuspend(TestInvocationInterceptor.kt:70)
	at io.kotest.engine.test.TestInvocationInterceptor$intercept$2$1.invokeSuspend(TestInvocationInterceptor.kt:36)
	at io.kotest.mpp.ReplayKt.replay(replay.kt:15)
	at io.kotest.engine.test.TestInvocationInterceptor$intercept$2.invokeSuspend(TestInvocationInterceptor.kt:32)
	at io.kotest.engine.test.TestInvocationInterceptor.intercept(TestInvocationInterceptor.kt:31)
	at io.kotest.engine.test.TestCaseExecutor$execute$3$1.invokeSuspend(TestCaseExecutor.kt:97)
	at io.kotest.engine.test.interceptors.TimeoutInterceptor.intercept(TimeoutInterceptor.kt:33)
	at io.kotest.engine.test.TestCaseExecutor$execute$3$1.invokeSuspend(TestCaseExecutor.kt:97)
	at io.kotest.engine.test.interceptors.BlockedThreadTimeoutInterceptor.intercept(BlockedThreadTimeoutInterceptor.kt:74)
	at io.kotest.engine.test.TestCaseExecutor$execute$3$1.invokeSuspend(TestCaseExecutor.kt:97)
	at io.kotest.engine.test.interceptors.CoroutineLoggingInterceptor.intercept(CoroutineLoggingInterceptor.kt:30)
	at io.kotest.engine.test.TestCaseExecutor$execute$3$1.invokeSuspend(TestCaseExecutor.kt:97)
	at io.kotest.engine.test.interceptors.SoftAssertInterceptor.intercept(SoftAssertInterceptor.kt:27)
	at io.kotest.engine.test.TestCaseExecutor$execute$3$1.invokeSuspend(TestCaseExecutor.kt:97)
	at io.kotest.engine.test.interceptors.AssertionModeInterceptor.intercept(AssertionModeInterceptor.kt:25)
	at io.kotest.engine.test.TestCaseExecutor$execute$3$1.invokeSuspend(TestCaseExecutor.kt:97)
	at io.kotest.engine.test.interceptors.LifecycleInterceptor.intercept(LifecycleInterceptor.kt:51)
	at io.kotest.engine.test.TestCaseExecutor$execute$3$1.invokeSuspend(TestCaseExecutor.kt:97)
	at io.kotest.engine.test.interceptors.EnabledCheckInterceptor.intercept(EnabledCheckInterceptor.kt:31)
	at io.kotest.engine.test.TestCaseExecutor$execute$3$1.invokeSuspend(TestCaseExecutor.kt:97)
	at io.kotest.engine.test.interceptors.TestCaseExtensionInterceptor$intercept$2.invokeSuspend(TestCaseExtensionInterceptor.kt:24)
	at io.kotest.engine.test.TestCaseExecutor$execute$3$1.invokeSuspend(TestCaseExecutor.kt:97)
	at io.kotest.engine.test.interceptors.CoroutineErrorCollectorInterceptor$intercept$3.invokeSuspend(CoroutineErrorCollectorInterceptor.kt:28)
	at io.kotest.engine.test.TestCaseExecutor$execute$3$1.invokeSuspend(TestCaseExecutor.kt:97)
	at io.kotest.engine.test.interceptors.CoroutineDispatcherFactoryInterceptor$intercept$4.invokeSuspend(coroutineDispatcherFactoryInterceptor.kt:57)
	at io.kotest.engine.concurrency.FixedThreadCoroutineDispatcherFactory$withDispatcher$4.invokeSuspend(FixedThreadCoroutineDispatcherFactory.kt:54)
	at io.kotest.engine.test.TestCaseExecutor$execute$3$1.invokeSuspend(TestCaseExecutor.kt:97)
	at io.kotest.engine.test.interceptors.SupervisorScopeInterceptor$intercept$2.invokeSuspend(SupervisorScopeInterceptor.kt:23)
	at io.kotest.engine.test.TestCaseExecutor$execute$3$1.invokeSuspend(TestCaseExecutor.kt:97)
	at io.kotest.engine.test.TestCaseExecutor$execute$3$1.invokeSuspend(TestCaseExecutor.kt:97)
	at io.kotest.engine.test.interceptors.TestFinishedInterceptor.intercept(TestFinishedInterceptor.kt:21)
	at io.kotest.engine.test.TestCaseExecutor$execute$3$1.invokeSuspend(TestCaseExecutor.kt:97)
	at io.kotest.engine.test.interceptors.TestNameContextInterceptor$intercept$2.invokeSuspend(TestPathContextInterceptor.kt:35)
	at io.kotest.engine.test.TestCaseExecutor$execute$3$1.invokeSuspend(TestCaseExecutor.kt:97)
	at io.kotest.engine.test.interceptors.TestPathContextInterceptor$intercept$2.invokeSuspend(TestPathContextInterceptor.kt:20)
	at io.kotest.engine.test.TestCaseExecutor$execute$3$1.invokeSuspend(TestCaseExecutor.kt:97)
	at io.kotest.engine.spec.runners.SingleInstanceSpecRunner.runTest(SingleInstanceSpecRunner.kt:121)
	at io.kotest.engine.spec.runners.SingleInstanceSpecRunner$execute$interceptAndRun$2$1.invokeSuspend(SingleInstanceSpecRunner.kt:51)
	at io.kotest.engine.test.scheduler.SequentialTestScheduler$schedule$3$1$1.invokeSuspend(SequentialTestScheduler.kt:20)
Caused by: io.ktor.serialization.JsonConvertException: Unexpected JSON token at offset 2: Encountered an unknown key 'details' at path: $
Use 'ignoreUnknownKeys = true' in 'Json {}' builder to ignore unknown keys.
JSON input: {&quot;details&quot; : [], &quot;status&quot; : 400, &quot;title&quot; : &quot;Could not load key: z6MkpXqQgx8Lw7LsLDrKoHG3uyemRy7KBivKyG8k9BEigbY7&quot;, &quot;type&quot; : null}
	at _COROUTINE._BOUNDARY._(CoroutineDebugging.kt:46)
	at io.ktor.client.plugins.HttpCallValidator$Companion$install$2.invokeSuspend(HttpCallValidator.kt:142)
Caused by: io.ktor.serialization.JsonConvertException: Unexpected JSON token at offset 2: Encountered an unknown key 'details' at path: $
Use 'ignoreUnknownKeys = true' in 'Json {}' builder to ignore unknown keys.
JSON input: {&quot;details&quot; : [], &quot;status&quot; : 400, &quot;title&quot; : &quot;Could not load key: z6MkpXqQgx8Lw7LsLDrKoHG3uyemRy7KBivKyG8k9BEigbY7&quot;, &quot;type&quot; : null}
	at app//io.ktor.serialization.kotlinx.KotlinxSerializationConverter.deserialize(KotlinxSerializationConverter.kt:90)
	at app//io.ktor.serialization.ContentConverterKt$deserialize$$inlined$map$1$2.emit(Emitters.kt:224)
	at app//kotlinx.coroutines.flow.FlowKt__BuildersKt$asFlow$$inlined$unsafeFlow$3.collect(SafeCollector.common.kt:115)
	at app//io.ktor.serialization.ContentConverterKt$deserialize$$inlined$map$1.collect(SafeCollector.common.kt:113)
	at app//kotlinx.coroutines.flow.FlowKt__ReduceKt.firstOrNull(Reduce.kt:243)
	at app//kotlinx.coroutines.flow.FlowKt.firstOrNull(Unknown Source)
	at app//io.ktor.serialization.ContentConverterKt.deserialize(ContentConverter.kt:123)
	at app//io.ktor.client.plugins.contentnegotiation.ContentNegotiation.convertResponse$ktor_client_content_negotiation(ContentNegotiation.kt:230)
	at app//io.ktor.client.plugins.contentnegotiation.ContentNegotiation$Plugin$install$2.invokeSuspend(ContentNegotiation.kt:262)
	at app//io.ktor.client.plugins.contentnegotiation.ContentNegotiation$Plugin$install$2.invoke(ContentNegotiation.kt)
	at app//io.ktor.client.plugins.contentnegotiation.ContentNegotiation$Plugin$install$2.invoke(ContentNegotiation.kt)
	at app//io.ktor.util.pipeline.SuspendFunctionGun.loop(SuspendFunctionGun.kt:120)
	at app//io.ktor.util.pipeline.SuspendFunctionGun.proceed(SuspendFunctionGun.kt:78)
	at app//io.ktor.client.HttpClient$4.invokeSuspend(HttpClient.kt:177)
	at app//io.ktor.client.HttpClient$4.invoke(HttpClient.kt)
	at app//io.ktor.client.HttpClient$4.invoke(HttpClient.kt)
	at app//io.ktor.util.pipeline.SuspendFunctionGun.loop(SuspendFunctionGun.kt:120)
	at app//io.ktor.util.pipeline.SuspendFunctionGun.proceed(SuspendFunctionGun.kt:78)
	at app//io.ktor.util.pipeline.SuspendFunctionGun.proceedWith(SuspendFunctionGun.kt:88)
	at app//io.ktor.client.plugins.HttpCallValidator$Companion$install$2.invokeSuspend(HttpCallValidator.kt:142)
	at app//io.ktor.client.plugins.HttpCallValidator$Companion$install$2.invoke(HttpCallValidator.kt)
	at app//io.ktor.client.plugins.HttpCallValidator$Companion$install$2.invoke(HttpCallValidator.kt)
	at app//io.ktor.util.pipeline.SuspendFunctionGun.loop(SuspendFunctionGun.kt:120)
	at app//io.ktor.util.pipeline.SuspendFunctionGun.proceed(SuspendFunctionGun.kt:78)
	at app//io.ktor.util.pipeline.SuspendFunctionGun.execute$ktor_utils(SuspendFunctionGun.kt:98)
	at app//io.ktor.util.pipeline.Pipeline.execute(Pipeline.kt:77)
	at app//io.ktor.client.call.HttpClientCall.bodyNullable(HttpClientCall.kt:88)
	at app//id.walt.rest.CoreApiTest$testPresentVerifyVC$1.invokeSuspend(CoreApiTest.kt:476)
	at _COROUTINE._BOUNDARY._(CoroutineDebugging.kt:46)
	at io.ktor.client.HttpClient$4.invokeSuspend(HttpClient.kt:177)
	at io.ktor.client.plugins.HttpCallValidator$Companion$install$2.invokeSuspend(HttpCallValidator.kt:142)
	at io.ktor.client.call.HttpClientCall.bodyNullable(HttpClientCall.kt:88)
	at id.walt.rest.CoreApiTest$testPresentVerifyVC$1.invokeSuspend(CoreApiTest.kt:476)
Caused by: kotlinx.serialization.json.internal.JsonDecodingException: Unexpected JSON token at offset 2: Encountered an unknown key 'details' at path: $
Use 'ignoreUnknownKeys = true' in 'Json {}' builder to ignore unknown keys.
JSON input: {&quot;details&quot; : [], &quot;status&quot; : 400, &quot;title&quot; : &quot;Could not load key: z6MkpXqQgx8Lw7LsLDrKoHG3uyemRy7KBivKyG8k9BEigbY7&quot;, &quot;type&quot; : null}
	at app//kotlinx.serialization.json.internal.JsonExceptionsKt.JsonDecodingException(JsonExceptions.kt:24)
	at app//kotlinx.serialization.json.internal.JsonExceptionsKt.JsonDecodingException(JsonExceptions.kt:32)
	at app//kotlinx.serialization.json.internal.AbstractJsonLexer.fail(AbstractJsonLexer.kt:598)
	at app//kotlinx.serialization.json.internal.AbstractJsonLexer.failOnUnknownKey(AbstractJsonLexer.kt:593)
	at app//kotlinx.serialization.json.internal.StreamingJsonDecoder.handleUnknown(StreamingJsonDecoder.kt:257)
	at app//kotlinx.serialization.json.internal.StreamingJsonDecoder.decodeObjectIndex(StreamingJsonDecoder.kt:243)
	at app//kotlinx.serialization.json.internal.StreamingJsonDecoder.decodeElementIndex(StreamingJsonDecoder.kt:178)
	at app//id.walt.services.vc.VerificationResult$$serializer.deserialize(JsonLdCredentialService.kt:19)
	at app//id.walt.services.vc.VerificationResult$$serializer.deserialize(JsonLdCredentialService.kt:19)
	at app//kotlinx.serialization.json.internal.StreamingJsonDecoder.decodeSerializableValue(StreamingJsonDecoder.kt:69)
	at app//kotlinx.serialization.json.Json.decodeFromString(Json.kt:107)
	at app//io.ktor.serialization.kotlinx.KotlinxSerializationConverter.deserialize(KotlinxSerializationConverter.kt:82)
	at app//io.ktor.serialization.ContentConverterKt$deserialize$$inlined$map$1$2.emit(Emitters.kt:224)
	at app//kotlinx.coroutines.flow.FlowKt__BuildersKt$asFlow$$inlined$unsafeFlow$3.collect(SafeCollector.common.kt:115)
	at app//io.ktor.serialization.ContentConverterKt$deserialize$$inlined$map$1.collect(SafeCollector.common.kt:113)
	at app//kotlinx.coroutines.flow.FlowKt__ReduceKt.firstOrNull(Reduce.kt:243)
	at app//kotlinx.coroutines.flow.FlowKt.firstOrNull(Unknown Source)
	at app//io.ktor.serialization.ContentConverterKt.deserialize(ContentConverter.kt:123)
	at app//io.ktor.client.plugins.contentnegotiation.ContentNegotiation.convertResponse$ktor_client_content_negotiation(ContentNegotiation.kt:230)
	at app//io.ktor.client.plugins.contentnegotiation.ContentNegotiation$Plugin$install$2.invokeSuspend(ContentNegotiation.kt:262)
	at app//io.ktor.client.plugins.contentnegotiation.ContentNegotiation$Plugin$install$2.invoke(ContentNegotiation.kt)
	at app//io.ktor.client.plugins.contentnegotiation.ContentNegotiation$Plugin$install$2.invoke(ContentNegotiation.kt)
	at app//io.ktor.util.pipeline.SuspendFunctionGun.loop(SuspendFunctionGun.kt:120)
	at app//io.ktor.util.pipeline.SuspendFunctionGun.proceed(SuspendFunctionGun.kt:78)
	at app//io.ktor.client.HttpClient$4.invokeSuspend(HttpClient.kt:177)
	at app//io.ktor.client.HttpClient$4.invoke(HttpClient.kt)
	at app//io.ktor.client.HttpClient$4.invoke(HttpClient.kt)
	at app//io.ktor.util.pipeline.SuspendFunctionGun.loop(SuspendFunctionGun.kt:120)
	at app//io.ktor.util.pipeline.SuspendFunctionGun.proceed(SuspendFunctionGun.kt:78)
	at app//io.ktor.util.pipeline.SuspendFunctionGun.proceedWith(SuspendFunctionGun.kt:88)
	at app//io.ktor.client.plugins.HttpCallValidator$Companion$install$2.invokeSuspend(HttpCallValidator.kt:142)
	at app//io.ktor.client.plugins.HttpCallValidator$Companion$install$2.invoke(HttpCallValidator.kt)
	at app//io.ktor.client.plugins.HttpCallValidator$Companion$install$2.invoke(HttpCallValidator.kt)
	at app//io.ktor.util.pipeline.SuspendFunctionGun.loop(SuspendFunctionGun.kt:120)
	at app//io.ktor.util.pipeline.SuspendFunctionGun.proceed(SuspendFunctionGun.kt:78)
	at app//io.ktor.util.pipeline.SuspendFunctionGun.execute$ktor_utils(SuspendFunctionGun.kt:98)
	at app//io.ktor.util.pipeline.Pipeline.execute(Pipeline.kt:77)
	at app//io.ktor.client.call.HttpClientCall.bodyNullable(HttpClientCall.kt:88)
	at app//id.walt.rest.CoreApiTest$testPresentVerifyVC$1.invokeSuspend(CoreApiTest.kt:476)
	at app//kotlin.coroutines.jvm.internal.BaseContinuationImpl.resumeWith(ContinuationImpl.kt:33)
	at app//kotlinx.coroutines.DispatchedTask.run(DispatchedTask.kt:108)
	at app//kotlinx.coroutines.EventLoopImplBase.processNextEvent(EventLoop.common.kt:280)
	at app//kotlinx.coroutines.BlockingCoroutine.joinBlocking(Builders.kt:85)
	at app//kotlinx.coroutines.BuildersKt__BuildersKt.runBlocking(Builders.kt:59)
	at app//kotlinx.coroutines.BuildersKt.runBlocking(Unknown Source)
	at app//kotlinx.coroutines.BuildersKt__BuildersKt.runBlocking$default(Builders.kt:38)
	at app//kotlinx.coroutines.BuildersKt.runBlocking$default(Unknown Source)
	at app//id.walt.rest.CoreApiTest.testPresentVerifyVC(CoreApiTest.kt:383)
	at java.base@17.0.6/java.lang.reflect.Method.invoke(Method.java:568)
	at app//kotlin.reflect.jvm.internal.calls.CallerImpl$Method.callMethod(CallerImpl.kt:97)
	at app//kotlin.reflect.jvm.internal.calls.CallerImpl$Method$Instance.call(CallerImpl.kt:113)
	at app//kotlin.reflect.jvm.internal.KCallableImpl.call(KCallableImpl.kt:107)
	at app//kotlin.reflect.full.KCallables.callSuspend(KCallables.kt:54)
	at app//io.kotest.core.spec.style.AnnotationSpec$callNotExpectingException$1.invokeSuspend(AnnotationSpec.kt:139)
	at app//io.kotest.core.spec.style.AnnotationSpec$callNotExpectingException$1.invoke(AnnotationSpec.kt)
	at app//io.kotest.core.spec.style.AnnotationSpec$callNotExpectingException$1.invoke(AnnotationSpec.kt)
	at app//io.kotest.engine.test.TestCaseExecutor$execute$innerExecute$1.invokeSuspend(TestCaseExecutor.kt:88)
	at app//io.kotest.engine.test.TestCaseExecutor$execute$innerExecute$1.invoke(TestCaseExecutor.kt)
	at app//io.kotest.engine.test.TestCaseExecutor$execute$innerExecute$1.invoke(TestCaseExecutor.kt)
	at app//io.kotest.engine.test.interceptors.CoroutineDebugProbeInterceptor.intercept(CoroutineDebugProbeInterceptor.kt:29)
	at app//io.kotest.engine.test.TestCaseExecutor$execute$3$1.invokeSuspend(TestCaseExecutor.kt:97)
	at app//io.kotest.engine.test.TestCaseExecutor$execute$3$1.invoke(TestCaseExecutor.kt)
	at app//io.kotest.engine.test.TestCaseExecutor$execute$3$1.invoke(TestCaseExecutor.kt)
	at app//io.kotest.engine.test.TestInvocationInterceptor$runBeforeTestAfter$executeWithBeforeAfter$1.invokeSuspend(TestInvocationInterceptor.kt:63)
	at app//io.kotest.engine.test.TestInvocationInterceptor$runBeforeTestAfter$executeWithBeforeAfter$1.invoke(TestInvocationInterceptor.kt)
	at app//io.kotest.engine.test.TestInvocationInterceptor$runBeforeTestAfter$executeWithBeforeAfter$1.invoke(TestInvocationInterceptor.kt)
	at app//io.kotest.engine.test.interceptors.InvocationTimeoutInterceptor$intercept$3.invokeSuspend(InvocationTimeoutInterceptor.kt:43)
	at app//io.kotest.engine.test.interceptors.InvocationTimeoutInterceptor$intercept$3.invoke(InvocationTimeoutInterceptor.kt)
	at app//io.kotest.engine.test.interceptors.InvocationTimeoutInterceptor$intercept$3.invoke(InvocationTimeoutInterceptor.kt)
	at app//kotlinx.coroutines.intrinsics.UndispatchedKt.startUndispatchedOrReturnIgnoreTimeout(Undispatched.kt:89)
	at app//kotlinx.coroutines.TimeoutKt.setupTimeout(Timeout.kt:151)
	at app//kotlinx.coroutines.TimeoutKt.withTimeoutOrNull(Timeout.kt:107)
	at app//io.kotest.engine.test.interceptors.InvocationTimeoutInterceptor.intercept(InvocationTimeoutInterceptor.kt:42)
	at app//io.kotest.engine.test.TestInvocationInterceptor$runBeforeTestAfter$wrappedTest$1$1.invokeSuspend(TestInvocationInterceptor.kt:70)
	at app//io.kotest.engine.test.TestInvocationInterceptor$runBeforeTestAfter$wrappedTest$1$1.invoke(TestInvocationInterceptor.kt)
	at app//io.kotest.engine.test.TestInvocationInterceptor$runBeforeTestAfter$wrappedTest$1$1.invoke(TestInvocationInterceptor.kt)
	at app//io.kotest.engine.test.TestInvocationInterceptor.runBeforeTestAfter(TestInvocationInterceptor.kt:73)
	at app//io.kotest.engine.test.TestInvocationInterceptor.access$runBeforeTestAfter(TestInvocationInterceptor.kt:14)
	at app//io.kotest.engine.test.TestInvocationInterceptor$intercept$2$1.invokeSuspend(TestInvocationInterceptor.kt:36)
	at app//io.kotest.engine.test.TestInvocationInterceptor$intercept$2$1.invoke(TestInvocationInterceptor.kt)
	at app//io.kotest.engine.test.TestInvocationInterceptor$intercept$2$1.invoke(TestInvocationInterceptor.kt)
	at app//io.kotest.mpp.ReplayKt.replay(replay.kt:15)
	at app//io.kotest.engine.test.TestInvocationInterceptor$intercept$2.invokeSuspend(TestInvocationInterceptor.kt:32)
	at app//io.kotest.engine.test.TestInvocationInterceptor$intercept$2.invoke(TestInvocationInterceptor.kt)
	at app//io.kotest.engine.test.TestInvocationInterceptor$intercept$2.invoke(TestInvocationInterceptor.kt)
	at app//kotlinx.coroutines.intrinsics.UndispatchedKt.startUndispatchedOrReturn(Undispatched.kt:78)
	at app//kotlinx.coroutines.CoroutineScopeKt.coroutineScope(CoroutineScope.kt:264)
	at app//io.kotest.engine.test.TestInvocationInterceptor.intercept(TestInvocationInterceptor.kt:31)
	at app//io.kotest.engine.test.TestCaseExecutor$execute$3$1.invokeSuspend(TestCaseExecutor.kt:97)
	at app//io.kotest.engine.test.TestCaseExecutor$execute$3$1.invoke(TestCaseExecutor.kt)
	at app//io.kotest.engine.test.TestCaseExecutor$execute$3$1.invoke(TestCaseExecutor.kt)
	at app//io.kotest.engine.test.interceptors.TimeoutInterceptor.intercept(TimeoutInterceptor.kt:33)
	at app//io.kotest.engine.test.TestCaseExecutor$execute$3$1.invokeSuspend(TestCaseExecutor.kt:97)
	at app//io.kotest.engine.test.TestCaseExecutor$execute$3$1.invoke(TestCaseExecutor.kt)
	at app//io.kotest.engine.test.TestCaseExecutor$execute$3$1.invoke(TestCaseExecutor.kt)
	at app//io.kotest.engine.test.interceptors.BlockedThreadTimeoutInterceptor.intercept(BlockedThreadTimeoutInterceptor.kt:74)
	at app//io.kotest.engine.test.TestCaseExecutor$execute$3$1.invokeSuspend(TestCaseExecutor.kt:97)
	at app//io.kotest.engine.test.TestCaseExecutor$execute$3$1.invoke(TestCaseExecutor.kt)
	at app//io.kotest.engine.test.TestCaseExecutor$execute$3$1.invoke(TestCaseExecutor.kt)
	at app//io.kotest.engine.test.interceptors.CoroutineLoggingInterceptor.intercept(CoroutineLoggingInterceptor.kt:30)
	at app//io.kotest.engine.test.TestCaseExecutor$execute$3$1.invokeSuspend(TestCaseExecutor.kt:97)
	at app//io.kotest.engine.test.TestCaseExecutor$execute$3$1.invoke(TestCaseExecutor.kt)
	at app//io.kotest.engine.test.TestCaseExecutor$execute$3$1.invoke(TestCaseExecutor.kt)
	at app//io.kotest.engine.test.interceptors.SoftAssertInterceptor.intercept(SoftAssertInterceptor.kt:27)
	at app//io.kotest.engine.test.TestCaseExecutor$execute$3$1.invokeSuspend(TestCaseExecutor.kt:97)
	at app//io.kotest.engine.test.TestCaseExecutor$execute$3$1.invoke(TestCaseExecutor.kt)
	at app//io.kotest.engine.test.TestCaseExecutor$execute$3$1.invoke(TestCaseExecutor.kt)
	at app//io.kotest.engine.test.interceptors.AssertionModeInterceptor.intercept(AssertionModeInterceptor.kt:25)
	at app//io.kotest.engine.test.TestCaseExecutor$execute$3$1.invokeSuspend(TestCaseExecutor.kt:97)
	at app//io.kotest.engine.test.TestCaseExecutor$execute$3$1.invoke(TestCaseExecutor.kt)
	at app//io.kotest.engine.test.TestCaseExecutor$execute$3$1.invoke(TestCaseExecutor.kt)
	at app//io.kotest.engine.test.interceptors.LifecycleInterceptor.intercept(LifecycleInterceptor.kt:51)
	at app//io.kotest.engine.test.TestCaseExecutor$execute$3$1.invokeSuspend(TestCaseExecutor.kt:97)
	at app//io.kotest.engine.test.TestCaseExecutor$execute$3$1.invoke(TestCaseExecutor.kt)
	at app//io.kotest.engine.test.TestCaseExecutor$execute$3$1.invoke(TestCaseExecutor.kt)
	at app//io.kotest.engine.test.interceptors.EnabledCheckInterceptor.intercept(EnabledCheckInterceptor.kt:31)
	at app//io.kotest.engine.test.TestCaseExecutor$execute$3$1.invokeSuspend(TestCaseExecutor.kt:97)
	at app//io.kotest.engine.test.TestCaseExecutor$execute$3$1.invoke(TestCaseExecutor.kt)
	at app//io.kotest.engine.test.TestCaseExecutor$execute$3$1.invoke(TestCaseExecutor.kt)
	at app//io.kotest.engine.test.interceptors.TestCaseExtensionInterceptor$intercept$2.invokeSuspend(TestCaseExtensionInterceptor.kt:24)
	at app//io.kotest.engine.test.interceptors.TestCaseExtensionInterceptor$intercept$2.invoke(TestCaseExtensionInterceptor.kt)
	at app//io.kotest.engine.test.interceptors.TestCaseExtensionInterceptor$intercept$2.invoke(TestCaseExtensionInterceptor.kt)
	at app//io.kotest.engine.test.TestExtensions.intercept(TestExtensions.kt:154)
	at app//io.kotest.engine.test.interceptors.TestCaseExtensionInterceptor.intercept(TestCaseExtensionInterceptor.kt:24)
	at app//io.kotest.engine.test.TestCaseExecutor$execute$3$1.invokeSuspend(TestCaseExecutor.kt:97)
	at app//io.kotest.engine.test.TestCaseExecutor$execute$3$1.invoke(TestCaseExecutor.kt)
	at app//io.kotest.engine.test.TestCaseExecutor$execute$3$1.invoke(TestCaseExecutor.kt)
	at app//io.kotest.engine.test.interceptors.CoroutineErrorCollectorInterceptor$intercept$3.invokeSuspend(CoroutineErrorCollectorInterceptor.kt:28)
	at app//io.kotest.engine.test.interceptors.CoroutineErrorCollectorInterceptor$intercept$3.invoke(CoroutineErrorCollectorInterceptor.kt)
	at app//io.kotest.engine.test.interceptors.CoroutineErrorCollectorInterceptor$intercept$3.invoke(CoroutineErrorCollectorInterceptor.kt)
	at app//kotlinx.coroutines.intrinsics.UndispatchedKt.startUndispatchedOrReturn(Undispatched.kt:78)
	at app//kotlinx.coroutines.BuildersKt__Builders_commonKt.withContext(Builders.common.kt:167)
	at app//kotlinx.coroutines.BuildersKt.withContext(Unknown Source)
	at app//io.kotest.engine.test.interceptors.CoroutineErrorCollectorInterceptor.intercept(CoroutineErrorCollectorInterceptor.kt:27)
	at app//io.kotest.engine.test.TestCaseExecutor$execute$3$1.invokeSuspend(TestCaseExecutor.kt:97)
	at app//io.kotest.engine.test.TestCaseExecutor$execute$3$1.invoke(TestCaseExecutor.kt)
	at app//io.kotest.engine.test.TestCaseExecutor$execute$3$1.invoke(TestCaseExecutor.kt)
	at app//io.kotest.engine.test.interceptors.CoroutineDispatcherFactoryInterceptor$intercept$4.invokeSuspend(coroutineDispatcherFactoryInterceptor.kt:57)
	at app//io.kotest.engine.test.interceptors.CoroutineDispatcherFactoryInterceptor$intercept$4.invoke(coroutineDispatcherFactoryInterceptor.kt)
	at app//io.kotest.engine.test.interceptors.CoroutineDispatcherFactoryInterceptor$intercept$4.invoke(coroutineDispatcherFactoryInterceptor.kt)
	at app//io.kotest.engine.concurrency.FixedThreadCoroutineDispatcherFactory$withDispatcher$4.invokeSuspend(FixedThreadCoroutineDispatcherFactory.kt:54)
	at app//kotlin.coroutines.jvm.internal.BaseContinuationImpl.resumeWith(ContinuationImpl.kt:33)
	at app//kotlinx.coroutines.DispatchedTask.run(DispatchedTask.kt:108)
	at java.base@17.0.6/java.util.concurrent.ThreadPoolExecutor.runWorker(ThreadPoolExecutor.java:1136)
	at java.base@17.0.6/java.util.concurrent.ThreadPoolExecutor$Worker.run(ThreadPoolExecutor.java:635)
	at java.base@17.0.6/java.lang.Thread.run(Thread.java:833)
</failure>
  </testcase>
  <system-out><![CDATA[6751ab45ff3942ecb8737fd7c383ccd5
Credential received: {
  "@context" : [ "https://www.w3.org/2018/credentials/v1", "https://w3id.org/security/suites/jws-2020/v1" ],
  "id" : "did:ebsi-eth:00000001/credentials/1872",
  "type" : [ "VerifiableCredential", "VerifiableAuthorization" ],
  "issuer" : "did:ebsi:000001234",
  "issuanceDate" : "2020-08-24T14:13:44Z",
  "credentialSubject" : {
    "id" : "did:ebsi:00000004321",
    "naturalPerson" : {
      "did" : "did:example:00001111",
      "publicKey" : "eyJhbGciOiJSUzI1NiIsImI2N",
      "serviceEndpoints" : [ {
        "id" : "did:example:123456789abcdefghi#openid",
        "type" : "OpenIdConnectVersion1.0Service",
        "serviceEndpoint" : "https://openid.example.com/"
      } ]
    }
  },
  "proof" : {
    "type" : "JsonWebSignature2020",
    "creator" : "did:web:walt.id",
    "created" : "2024-09-12T09:39:44Z",
    "verificationMethod" : "did:web:walt.id",
    "jws" : "eyJiNjQiOmZhbHNlLCJjcml0IjpbImI2NCJdLCJhbGciOiJFZERTQSJ9..NJW1de9AH28oFMelXo_FD-lOL6UUtfY30aKyT_Mw0V8wSi2iFZqojO0zV3H0Vl6JE-27HbQX638th2UIITvHCQ"
  }
}
Credential decoded: {"type":["VerifiableCredential","VerifiableAuthorization"],"@context":["https://www.w3.org/2018/credentials/v1","https://w3id.org/security/suites/jws-2020/v1"],"id":"did:ebsi-eth:00000001/credentials/1872","issuer":"did:ebsi:000001234","issuanceDate":"2020-08-24T14:13:44Z","proof":{"type":"JsonWebSignature2020","creator":"did:web:walt.id","created":"2024-09-12T09:39:44Z","verificationMethod":"did:web:walt.id","jws":"eyJiNjQiOmZhbHNlLCJjcml0IjpbImI2NCJdLCJhbGciOiJFZERTQSJ9..NJW1de9AH28oFMelXo_FD-lOL6UUtfY30aKyT_Mw0V8wSi2iFZqojO0zV3H0Vl6JE-27HbQX638th2UIITvHCQ"},"credentialSubject":{"id":"did:ebsi:00000004321","naturalPerson":{"did":"did:example:00001111","publicKey":"eyJhbGciOiJSUzI1NiIsImI2N","serviceEndpoints":[{"id":"did:example:123456789abcdefghi#openid","type":"OpenIdConnectVersion1.0Service","serviceEndpoint":"https://openid.example.com/"}]}}}
Credential encoded: {"type":["VerifiableCredential","VerifiableAuthorization"],"@context":["https://www.w3.org/2018/credentials/v1","https://w3id.org/security/suites/jws-2020/v1"],"id":"did:ebsi-eth:00000001/credentials/1872","issuer":"did:ebsi:000001234","issuanceDate":"2020-08-24T14:13:44Z","proof":{"type":"JsonWebSignature2020","creator":"did:web:walt.id","created":"2024-09-12T09:39:44Z","verificationMethod":"did:web:walt.id","jws":"eyJiNjQiOmZhbHNlLCJjcml0IjpbImI2NCJdLCJhbGciOiJFZERTQSJ9..NJW1de9AH28oFMelXo_FD-lOL6UUtfY30aKyT_Mw0V8wSi2iFZqojO0zV3H0Vl6JE-27HbQX638th2UIITvHCQ"},"credentialSubject":{"id":"did:ebsi:00000004321","naturalPerson":{"did":"did:example:00001111","publicKey":"eyJhbGciOiJSUzI1NiIsImI2N","serviceEndpoints":[{"id":"did:example:123456789abcdefghi#openid","type":"OpenIdConnectVersion1.0Service","serviceEndpoint":"https://openid.example.com/"}]}}}
New DID: did:key:z6MkrA4JMXgNWXEgQqYwSynWe7LVkj5kwgcCpLbvGLXjWXHD
did:key:z6MkrA4JMXgNWXEgQqYwSynWe7LVkj5kwgcCpLbvGLXjWXHD#z6MkrA4JMXgNWXEgQqYwSynWe7LVkj5kwgcCpLbvGLXjWXHD
{"details" : [], "status" : 400, "title" : "Cannot deserialize value of type `id.walt.crypto.KeyAlgorithm` from String \"ECDSA_Secp256k1-asdf\": not one of the values accepted for Enum class: [RSA, EdDSA_Ed25519, ECDSA_Secp256r1, ECDSA_Secp256k1]\n at [Source: (String)\"{\"keyAlgorithm\":\"ECDSA_Secp256k1-asdf\"}\"; line: 1, column: 17] (through reference chain: id.walt.rest.core.GenKeyRequest[\"keyAlgorithm\"])", "type" : null}
Credential request:
{"type":["VerifiableCredential","VerifiableAttestation"],"@context":["https://www.w3.org/2018/credentials/v1"],"id":"1726133984656","issuer":"did:web:example.com","issuanceDate":"2021-12-03T10:15:30Z","issued":"2024-09-12T11:39:44Z","credentialSchema":{"id":"https://essif.europa.eu/tsr/education/CSR1224.json","type":"JsonSchemaValidator2018"},"credentialSubject":{"id":"did:key:z6MkpXqQgx8Lw7LsLDrKoHG3uyemRy7KBivKyG8k9BEigbY7","authorizationClaims":["claim1","claim2"]},"credentialStatus":{"id":"https://essif.europa.eu/status","type":"CredentialsStatusList2020"}}
OUR VC STR: {
  "type" : [ "VerifiableCredential", "VerifiableAttestation" ],
  "@context" : [ "https://www.w3.org/2018/credentials/v1", "https://w3id.org/security/suites/jws-2020/v1" ],
  "id" : "1726133984656",
  "issuer" : "did:web:example.com",
  "issuanceDate" : "2021-12-03T10:15:30Z",
  "issued" : "2024-09-12T11:39:44Z",
  "credentialSchema" : {
    "id" : "https://essif.europa.eu/tsr/education/CSR1224.json",
    "type" : "JsonSchemaValidator2018"
  },
  "credentialSubject" : {
    "id" : "did:key:z6MkpXqQgx8Lw7LsLDrKoHG3uyemRy7KBivKyG8k9BEigbY7",
    "authorizationClaims" : [ "claim1", "claim2" ]
  },
  "credentialStatus" : {
    "id" : "https://essif.europa.eu/status",
    "type" : "CredentialsStatusList2020"
  },
  "proof" : {
    "type" : "JsonWebSignature2020",
    "creator" : "did:web:example.com",
    "created" : "2024-09-12T09:39:44Z",
    "verificationMethod" : "did:web:example.com",
    "jws" : "eyJiNjQiOmZhbHNlLCJjcml0IjpbImI2NCJdLCJhbGciOiJFZERTQSJ9..3TKmZzEMgcSxqVMFvJAVqngJ_a0Fy28r9PdK2p0X9B2gG1R490LeJHk7t-zv5Am0iD_LW3to_TuaLJIueJe_CQ"
  }
}
Credential generated: {"type":["VerifiableCredential","VerifiableAttestation"],"@context":["https://www.w3.org/2018/credentials/v1","https://w3id.org/security/suites/jws-2020/v1"],"id":"1726133984656","issuer":"did:web:example.com","issuanceDate":"2021-12-03T10:15:30Z","issued":"2024-09-12T11:39:44Z","proof":{"type":"JsonWebSignature2020","creator":"did:web:example.com","created":"2024-09-12T09:39:44Z","verificationMethod":"did:web:example.com","jws":"eyJiNjQiOmZhbHNlLCJjcml0IjpbImI2NCJdLCJhbGciOiJFZERTQSJ9..3TKmZzEMgcSxqVMFvJAVqngJ_a0Fy28r9PdK2p0X9B2gG1R490LeJHk7t-zv5Am0iD_LW3to_TuaLJIueJe_CQ"},"credentialSchema":{"id":"https://essif.europa.eu/tsr/education/CSR1224.json","type":"JsonSchemaValidator2018"},"credentialSubject":{"id":"did:key:z6MkpXqQgx8Lw7LsLDrKoHG3uyemRy7KBivKyG8k9BEigbY7","authorizationClaims":["claim1","claim2"]},"credentialStatus":{"id":"https://essif.europa.eu/status","type":"CredentialsStatusList2020"}}
]]></system-out>
  <system-err><![CDATA[8347 [Test worker @coroutine#37] INFO id.walt.rest.core.CoreAPI - Starting walt.id Core API ...

8374 [Test worker @coroutine#37] WARN io.javalin.Javalin - JDK15 and Kotlin 1.5 break reflection in different ways - the OpenAPI plugin will not work properly. Please visit https://github.com/tipsy/javalin/issues/1193 if you want to help fix this issue.
8374 [Test worker @coroutine#37] WARN io.javalin.Javalin - You can disable this warning by doing `OpenApiVersionUtil.logWarnings = false`
8452 [Test worker @coroutine#37] INFO io.javalin.Javalin - JAVALIN HANDLER REGISTRATION DEBUG LOG: GET[/api-routes]
8453 [Test worker @coroutine#37] INFO io.javalin.Javalin - JAVALIN HANDLER REGISTRATION DEBUG LOG: GET[/v1/api-documentation]
8453 [Test worker @coroutine#37] INFO io.javalin.Javalin - JAVALIN HANDLER REGISTRATION DEBUG LOG: GET[/v1/swagger]
8454 [Test worker @coroutine#37] INFO io.javalin.Javalin - JAVALIN HANDLER REGISTRATION DEBUG LOG: GET[/v1/redoc]
8458 [Test worker @coroutine#37] INFO org.eclipse.jetty.util.log - Logging initialized @11373ms to org.eclipse.jetty.util.log.Slf4jLog
8487 [Test worker @coroutine#37] INFO io.javalin.Javalin - JAVALIN HANDLER REGISTRATION DEBUG LOG: BEFORE[*]
8493 [Test worker @coroutine#37] INFO io.javalin.Javalin - JAVALIN HANDLER REGISTRATION DEBUG LOG: GET[/]
8494 [Test worker @coroutine#37] INFO io.javalin.Javalin - JAVALIN HANDLER REGISTRATION DEBUG LOG: GET[/health]
8495 [Test worker @coroutine#37] INFO io.javalin.Javalin - JAVALIN HANDLER REGISTRATION DEBUG LOG: GET[/v1/key]
8496 [Test worker @coroutine#37] INFO io.javalin.Javalin - JAVALIN HANDLER REGISTRATION DEBUG LOG: GET[/v1/key/{id}]
8498 [Test worker @coroutine#37] INFO io.javalin.Javalin - JAVALIN HANDLER REGISTRATION DEBUG LOG: DELETE[/v1/key/{id}]
8498 [Test worker @coroutine#37] INFO io.javalin.Javalin - JAVALIN HANDLER REGISTRATION DEBUG LOG: POST[/v1/key/gen]
8499 [Test worker @coroutine#37] INFO io.javalin.Javalin - JAVALIN HANDLER REGISTRATION DEBUG LOG: POST[/v1/key/import]
8499 [Test worker @coroutine#37] INFO io.javalin.Javalin - JAVALIN HANDLER REGISTRATION DEBUG LOG: POST[/v1/key/export]
8500 [Test worker @coroutine#37] INFO io.javalin.Javalin - JAVALIN HANDLER REGISTRATION DEBUG LOG: GET[/v1/did]
8500 [Test worker @coroutine#37] INFO io.javalin.Javalin - JAVALIN HANDLER REGISTRATION DEBUG LOG: GET[/v1/did/{id}]
8501 [Test worker @coroutine#37] INFO io.javalin.Javalin - JAVALIN HANDLER REGISTRATION DEBUG LOG: DELETE[/v1/did/{id}]
8501 [Test worker @coroutine#37] INFO io.javalin.Javalin - JAVALIN HANDLER REGISTRATION DEBUG LOG: POST[/v1/did/create]
8502 [Test worker @coroutine#37] INFO io.javalin.Javalin - JAVALIN HANDLER REGISTRATION DEBUG LOG: POST[/v1/did/resolve]
8503 [Test worker @coroutine#37] INFO io.javalin.Javalin - JAVALIN HANDLER REGISTRATION DEBUG LOG: POST[/v1/did/import]
8503 [Test worker @coroutine#37] INFO io.javalin.Javalin - JAVALIN HANDLER REGISTRATION DEBUG LOG: GET[/v1/vc]
8504 [Test worker @coroutine#37] INFO io.javalin.Javalin - JAVALIN HANDLER REGISTRATION DEBUG LOG: GET[/v1/vc/{id}]
8504 [Test worker @coroutine#37] INFO io.javalin.Javalin - JAVALIN HANDLER REGISTRATION DEBUG LOG: DELETE[/v1/vc/{id}]
8505 [Test worker @coroutine#37] INFO io.javalin.Javalin - JAVALIN HANDLER REGISTRATION DEBUG LOG: POST[/v1/vc/create]
8505 [Test worker @coroutine#37] INFO io.javalin.Javalin - JAVALIN HANDLER REGISTRATION DEBUG LOG: POST[/v1/vc/present]
8506 [Test worker @coroutine#37] INFO io.javalin.Javalin - JAVALIN HANDLER REGISTRATION DEBUG LOG: POST[/v1/vc/verify]
8506 [Test worker @coroutine#37] INFO io.javalin.Javalin - JAVALIN HANDLER REGISTRATION DEBUG LOG: POST[/v1/vc/import]
8507 [Test worker @coroutine#37] INFO io.javalin.Javalin - 
       __                      __ _            __ __
      / /____ _ _   __ ____ _ / /(_)____      / // /
 __  / // __ `/| | / // __ `// // // __ \    / // /_
/ /_/ // /_/ / | |/ // /_/ // // // / / /   /__  __/
\____/ \__,_/  |___/ \__,_//_//_//_/ /_/      /_/

          https://javalin.io/documentation

8507 [Test worker @coroutine#37] INFO io.javalin.Javalin - Starting Javalin ...
8515 [Test worker @coroutine#37] INFO io.javalin.Javalin - You are running Javalin 4.6.8 (released May 4, 2023. Your Javalin version is 496 days old. Consider checking for a newer version.).
8585 [Test worker @coroutine#37] INFO io.javalin.Javalin - Static file handler added: StaticFileConfig(hostedPath=/, directory=META-INF/resources/webjars, location=CLASSPATH, precompress=false, aliasCheck=null, headers={Cache-Control=max-age=31622400}). File system location: 'jar:file:/home/pablito/.gradle/caches/modules-2/files-2.1/org.webjars.npm/redoc/2.0.0-rc.45/e5a05187d6d468d389c54974d1e70cb2225c4071/redoc-2.0.0-rc.45.jar!/META-INF/resources/webjars'
8586 [Test worker @coroutine#37] INFO io.javalin.Javalin - Listening on http://127.0.0.1:7013/
8586 [Test worker @coroutine#37] INFO io.javalin.Javalin - Javalin started in 79ms \o/
8671 [JettyServerThreadPool-128] DEBUG id.walt.services.keystore.HKVKeyStoreService - Storing key "cba88524c1154d7997c3284edb48d547".
8675 [JettyServerThreadPool-128] INFO io.javalin.Javalin - JAVALIN REQUEST DEBUG LOG:
Request: POST [/v1/key/gen]
    Matching endpoint-handlers: [BEFORE=*, POST=/v1/key/gen]
    Headers: {Accept-Charset=UTF-8, Accept=application/json, User-Agent=Ktor client, Host=localhost:7013, Content-Length=32, Content-Type=application/json}
    Cookies: {}
    Body: {"keyAlgorithm":"EdDSA_Ed25519"}
    QueryString: null
    QueryParams: {}
    FormParams: {}
Response: [200], execution took 33.31 ms
    Headers: {Date=Thu, 12 Sep 2024 09:39:43 GMT, Content-Type=application/json}
    Body is 43 bytes (starts on next line):
    {"id" : "cba88524c1154d7997c3284edb48d547"}
----------------------------------------------------------------------------------
8696 [JettyServerThreadPool-111] DEBUG id.walt.services.keystore.HKVKeyStoreService - Loading key "cba88524c1154d7997c3284edb48d547".
8698 [JettyServerThreadPool-111] INFO io.javalin.Javalin - JAVALIN REQUEST DEBUG LOG:
Request: POST [/v1/key/export]
    Matching endpoint-handlers: [BEFORE=*, POST=/v1/key/export]
    Headers: {Accept-Charset=UTF-8, Accept=application/json, User-Agent=Ktor client, Host=localhost:7013, Content-Length=83, Content-Type=application/json}
    Cookies: {}
    Body: {"keyAlias":"cba88524c1154d7997c3284edb48d547","format":"JWK","exportPrivate":true}
    QueryString: null
    QueryParams: {}
    FormParams: {}
Response: [200], execution took 4.75 ms
    Headers: {Date=Thu, 12 Sep 2024 09:39:43 GMT, Content-Type=text/plain}
    Body is 196 bytes (starts on next line):
    {"kty":"OKP","d":"9nX2jSCZpYNdhsfq5c8_zB1Dor8lX-EVIFQVn_5yYj0","use":"sig","crv":"Ed25519","kid":"cba88524c1154d7997c3284edb48d547","x":"tU6if0HQ9ZgS7eebLHcBMkGD1AmWP7ifW2sdpqrY_08","alg":"EdDSA"}
----------------------------------------------------------------------------------
8701 [pool-1-thread-1 @coroutine#266] DEBUG id.walt.services.keystore.HKVKeyStoreService - Loading key "cba88524c1154d7997c3284edb48d547".
8705 [JettyServerThreadPool-112] DEBUG id.walt.services.keystore.HKVKeyStoreService - Storing key "0a09bd221c064b3480e76693a5e4896c".
8706 [JettyServerThreadPool-112] INFO io.javalin.Javalin - JAVALIN REQUEST DEBUG LOG:
Request: POST [/v1/key/gen]
    Matching endpoint-handlers: [BEFORE=*, POST=/v1/key/gen]
    Headers: {Accept-Charset=UTF-8, Accept=application/json, User-Agent=Ktor client, Host=localhost:7013, Content-Length=34, Content-Type=application/json}
    Cookies: {}
    Body: {"keyAlgorithm":"ECDSA_Secp256k1"}
    QueryString: null
    QueryParams: {}
    FormParams: {}
Response: [200], execution took 0.99 ms
    Headers: {Date=Thu, 12 Sep 2024 09:39:43 GMT, Content-Type=application/json}
    Body is 43 bytes (starts on next line):
    {"id" : "0a09bd221c064b3480e76693a5e4896c"}
----------------------------------------------------------------------------------
8710 [JettyServerThreadPool-128] DEBUG id.walt.services.keystore.HKVKeyStoreService - Loading key "0a09bd221c064b3480e76693a5e4896c".
8711 [JettyServerThreadPool-128] INFO io.javalin.Javalin - JAVALIN REQUEST DEBUG LOG:
Request: POST [/v1/key/export]
    Matching endpoint-handlers: [BEFORE=*, POST=/v1/key/export]
    Headers: {Accept-Charset=UTF-8, Accept=application/json, User-Agent=Ktor client, Host=localhost:7013, Content-Length=83, Content-Type=application/json}
    Cookies: {}
    Body: {"keyAlias":"0a09bd221c064b3480e76693a5e4896c","format":"JWK","exportPrivate":true}
    QueryString: null
    QueryParams: {}
    FormParams: {}
Response: [200], execution took 0.78 ms
    Headers: {Date=Thu, 12 Sep 2024 09:39:43 GMT, Content-Type=text/plain}
    Body is 248 bytes (starts on next line):
    {"kty":"EC","d":"lcJJZhoD-LpQXf_Ix3ekc4cCZ7IuVFX2gwy3fg7ZKG0","use":"sig","crv":"secp256k1","kid":"0a09bd221c064b3480e76693a5e4896c","x":"BXFaFYwv2yNvqUW0nc441zSq7iQKttnwRheLDI7y9es","y":"2-drloOnpTQcAWGGs1JaGyD6-E0qtrVv_pw3EWeKHow","alg":"ES256K"}
----------------------------------------------------------------------------------
8714 [pool-1-thread-1 @coroutine#286] DEBUG id.walt.services.keystore.HKVKeyStoreService - Loading key "0a09bd221c064b3480e76693a5e4896c".
8718 [JettyServerThreadPool-114] DEBUG id.walt.services.keystore.HKVKeyStoreService - Storing key "c6674e673e184900a0640396ec3ce73c".
8719 [JettyServerThreadPool-114] INFO io.javalin.Javalin - JAVALIN REQUEST DEBUG LOG:
Request: POST [/v1/key/gen]
    Matching endpoint-handlers: [BEFORE=*, POST=/v1/key/gen]
    Headers: {Accept-Charset=UTF-8, Accept=application/json, User-Agent=Ktor client, Host=localhost:7013, Content-Length=32, Content-Type=application/json}
    Cookies: {}
    Body: {"keyAlgorithm":"EdDSA_Ed25519"}
    QueryString: null
    QueryParams: {}
    FormParams: {}
Response: [200], execution took 1.12 ms
    Headers: {Date=Thu, 12 Sep 2024 09:39:43 GMT, Content-Type=application/json}
    Body is 43 bytes (starts on next line):
    {"id" : "c6674e673e184900a0640396ec3ce73c"}
----------------------------------------------------------------------------------
8722 [JettyServerThreadPool-115] DEBUG id.walt.services.keystore.HKVKeyStoreService - Loading key "c6674e673e184900a0640396ec3ce73c".
8723 [JettyServerThreadPool-115] INFO io.javalin.Javalin - JAVALIN REQUEST DEBUG LOG:
Request: POST [/v1/key/export]
    Matching endpoint-handlers: [BEFORE=*, POST=/v1/key/export]
    Headers: {Accept-Charset=UTF-8, Accept=application/json, User-Agent=Ktor client, Host=localhost:7013, Content-Length=84, Content-Type=application/json}
    Cookies: {}
    Body: {"keyAlias":"c6674e673e184900a0640396ec3ce73c","format":"JWK","exportPrivate":false}
    QueryString: null
    QueryParams: {}
    FormParams: {}
Response: [200], execution took 0.72 ms
    Headers: {Date=Thu, 12 Sep 2024 09:39:43 GMT, Content-Type=text/plain}
    Body is 146 bytes (starts on next line):
    {"kty":"OKP","use":"sig","crv":"Ed25519","kid":"c6674e673e184900a0640396ec3ce73c","x":"W-4IXb-dKtMNvKP_AJnnJIXBWATLuL-y11gB0YaPPCs","alg":"EdDSA"}
----------------------------------------------------------------------------------
8726 [pool-1-thread-1 @coroutine#306] DEBUG id.walt.services.keystore.HKVKeyStoreService - Loading key "c6674e673e184900a0640396ec3ce73c".
8729 [JettyServerThreadPool-116] DEBUG id.walt.services.keystore.HKVKeyStoreService - Storing key "5dbb5882f0eb401fae122a4127630f51".
8730 [JettyServerThreadPool-116] INFO io.javalin.Javalin - JAVALIN REQUEST DEBUG LOG:
Request: POST [/v1/key/gen]
    Matching endpoint-handlers: [BEFORE=*, POST=/v1/key/gen]
    Headers: {Accept-Charset=UTF-8, Accept=application/json, User-Agent=Ktor client, Host=localhost:7013, Content-Length=34, Content-Type=application/json}
    Cookies: {}
    Body: {"keyAlgorithm":"ECDSA_Secp256k1"}
    QueryString: null
    QueryParams: {}
    FormParams: {}
Response: [200], execution took 1.00 ms
    Headers: {Date=Thu, 12 Sep 2024 09:39:43 GMT, Content-Type=application/json}
    Body is 43 bytes (starts on next line):
    {"id" : "5dbb5882f0eb401fae122a4127630f51"}
----------------------------------------------------------------------------------
8734 [JettyServerThreadPool-109] DEBUG id.walt.services.keystore.HKVKeyStoreService - Loading key "5dbb5882f0eb401fae122a4127630f51".
8734 [JettyServerThreadPool-109] INFO io.javalin.Javalin - JAVALIN REQUEST DEBUG LOG:
Request: POST [/v1/key/export]
    Matching endpoint-handlers: [BEFORE=*, POST=/v1/key/export]
    Headers: {Accept-Charset=UTF-8, Accept=application/json, User-Agent=Ktor client, Host=localhost:7013, Content-Length=84, Content-Type=application/json}
    Cookies: {}
    Body: {"keyAlias":"5dbb5882f0eb401fae122a4127630f51","format":"JWK","exportPrivate":false}
    QueryString: null
    QueryParams: {}
    FormParams: {}
Response: [200], execution took 0.65 ms
    Headers: {Date=Thu, 12 Sep 2024 09:39:43 GMT, Content-Type=text/plain}
    Body is 198 bytes (starts on next line):
    {"kty":"EC","use":"sig","crv":"secp256k1","kid":"5dbb5882f0eb401fae122a4127630f51","x":"8vnhcYWx8jdseMDFde_W68AV-dPmqUZn1eZTlt5dhFs","y":"Udv4I83-nG_7EbJnERVCIfF9-dNc5rWM10e2rpw59B0","alg":"ES256K"}
----------------------------------------------------------------------------------
8737 [pool-1-thread-1 @coroutine#326] DEBUG id.walt.services.keystore.HKVKeyStoreService - Loading key "5dbb5882f0eb401fae122a4127630f51".
8740 [JettyServerThreadPool-121] DEBUG id.walt.services.keystore.HKVKeyStoreService - Storing key "45674a4ac169f7f4716804393d20480138a".
8741 [JettyServerThreadPool-121] DEBUG id.walt.services.key.WaltIdKeyService - Importing key 45674a4ac169f7f4716804393d20480138a
8741 [JettyServerThreadPool-121] INFO io.javalin.Javalin - JAVALIN REQUEST DEBUG LOG:
Request: POST [/v1/key/import]
    Matching endpoint-handlers: [BEFORE=*, POST=/v1/key/import]
    Headers: {Accept-Charset=UTF-8, Accept=application/json, User-Agent=Ktor client, Host=localhost:7013, Content-Length=243, Content-Type=text/plain; charset=UTF-8}
    Cookies: {}
    Body: {
    "kty": "OKP",
    "d": "NzNkDxp2OPyplpxvxSmKtHCul2tQ_7QNuameOTKd6uY",
    "use": "sig",
    "crv": "Ed25519",
    "kid": "45674a4ac169f7f4716804393d20480138a",
    "x": "4t6ROMKS2g9hwguVM-u9LzR06spoS__YyaOOvrtSFiI",
    "alg": "EdDSA"
}

    QueryString: null
    QueryParams: {}
    FormParams: {}
Response: [200], execution took 0.58 ms
    Headers: {Date=Thu, 12 Sep 2024 09:39:43 GMT, Content-Type=application/json}
    Body is 46 bytes (starts on next line):
    {"id" : "45674a4ac169f7f4716804393d20480138a"}
----------------------------------------------------------------------------------
8742 [pool-1-thread-1 @coroutine#327] DEBUG id.walt.services.keystore.HKVKeyStoreService - Loading key "45674a4ac169f7f4716804393d20480138a".
8746 [JettyServerThreadPool-110] DEBUG id.walt.services.keystore.HKVKeyStoreService - Storing key "ed51ec3a165f4af8bef8298d99b41de7".
8746 [JettyServerThreadPool-110] DEBUG id.walt.services.key.WaltIdKeyService - Importing key ed51ec3a165f4af8bef8298d99b41de7
8746 [JettyServerThreadPool-110] INFO io.javalin.Javalin - JAVALIN REQUEST DEBUG LOG:
Request: POST [/v1/key/import]
    Matching endpoint-handlers: [BEFORE=*, POST=/v1/key/import]
    Headers: {Accept-Charset=UTF-8, Accept=application/json, User-Agent=Ktor client, Host=localhost:7013, Content-Length=298, Content-Type=text/plain; charset=UTF-8}
    Cookies: {}
    Body: {
    "kty": "EC",
    "d": "OqVsq7XATh0pmUWZF8qDMccsQJpvREZ0YizoKHofklo",
    "use": "sig",
    "crv": "secp256k1",
    "kid": "ed51ec3a165f4af8bef8298d99b41de7",
    "x": "9KDwicGxrzRs-5ehPIdT-B3bxAFsXd4l3_2WJdd_sbU",
    "y": "CxuLSI9ndIWLRsA8Q_lQY87SukzDjPiNErpXn9-3IJk",
    "alg": "ES256K"
}

    QueryString: null
    QueryParams: {}
    FormParams: {}
Response: [200], execution took 0.48 ms
    Headers: {Date=Thu, 12 Sep 2024 09:39:43 GMT, Content-Type=application/json}
    Body is 43 bytes (starts on next line):
    {"id" : "ed51ec3a165f4af8bef8298d99b41de7"}
----------------------------------------------------------------------------------
8748 [pool-1-thread-1 @coroutine#338] DEBUG id.walt.services.keystore.HKVKeyStoreService - Loading key "ed51ec3a165f4af8bef8298d99b41de7".
8751 [JettyServerThreadPool-129] DEBUG id.walt.services.keystore.HKVKeyStoreService - Storing key "12374a4ac169f7f4716804393d20480138a".
8751 [JettyServerThreadPool-129] DEBUG id.walt.services.key.WaltIdKeyService - Importing key 12374a4ac169f7f4716804393d20480138a
8752 [JettyServerThreadPool-129] INFO io.javalin.Javalin - JAVALIN REQUEST DEBUG LOG:
Request: POST [/v1/key/import]
    Matching endpoint-handlers: [BEFORE=*, POST=/v1/key/import]
    Headers: {Accept-Charset=UTF-8, Accept=application/json, User-Agent=Ktor client, Host=localhost:7013, Content-Length=187, Content-Type=text/plain; charset=UTF-8}
    Cookies: {}
    Body: {
    "kty": "OKP",
    "use": "sig",
    "crv": "Ed25519",
    "kid": "12374a4ac169f7f4716804393d20480138a",
    "x": "4t6ROMKS2g9hwguVM-u9LzR06spoS__YyaOOvrtSFiI",
    "alg": "EdDSA"
}

    QueryString: null
    QueryParams: {}
    FormParams: {}
Response: [200], execution took 0.57 ms
    Headers: {Date=Thu, 12 Sep 2024 09:39:43 GMT, Content-Type=application/json}
    Body is 46 bytes (starts on next line):
    {"id" : "12374a4ac169f7f4716804393d20480138a"}
----------------------------------------------------------------------------------
8753 [pool-1-thread-1 @coroutine#349] DEBUG id.walt.services.keystore.HKVKeyStoreService - Loading key "12374a4ac169f7f4716804393d20480138a".
8757 [JettyServerThreadPool-128] DEBUG id.walt.services.keystore.HKVKeyStoreService - Storing key "c96fe427cef847e6b2b9675cec31a2bb".
8758 [JettyServerThreadPool-128] DEBUG id.walt.services.key.WaltIdKeyService - Importing key c96fe427cef847e6b2b9675cec31a2bb
8758 [JettyServerThreadPool-128] INFO io.javalin.Javalin - JAVALIN REQUEST DEBUG LOG:
Request: POST [/v1/key/import]
    Matching endpoint-handlers: [BEFORE=*, POST=/v1/key/import]
    Headers: {Accept-Charset=UTF-8, Accept=application/json, User-Agent=Ktor client, Host=localhost:7013, Content-Length=242, Content-Type=text/plain; charset=UTF-8}
    Cookies: {}
    Body: {
    "kty": "EC",
    "use": "sig",
    "crv": "secp256k1",
    "kid": "c96fe427cef847e6b2b9675cec31a2bb",
    "x": "Aqm7rMnVWrRJUmXqty5EPW8yMfAGDKc9pD7v2llfZ1A",
    "y": "do4Reb5jPJK46PshOdO3aj9G0TmfmHQZip57KeJ1xPQ",
    "alg": "ES256K"
}

    QueryString: null
    QueryParams: {}
    FormParams: {}
Response: [200], execution took 0.56 ms
    Headers: {Date=Thu, 12 Sep 2024 09:39:43 GMT, Content-Type=application/json}
    Body is 43 bytes (starts on next line):
    {"id" : "c96fe427cef847e6b2b9675cec31a2bb"}
----------------------------------------------------------------------------------
8759 [pool-1-thread-1 @coroutine#360] DEBUG id.walt.services.keystore.HKVKeyStoreService - Loading key "c96fe427cef847e6b2b9675cec31a2bb".
8762 [pool-1-thread-1 @coroutine#371] DEBUG id.walt.services.keystore.HKVKeyStoreService - Storing key "6751ab45ff3942ecb8737fd7c383ccd5".
8765 [JettyServerThreadPool-112] INFO io.javalin.Javalin - JAVALIN REQUEST DEBUG LOG:
Request: DELETE [/v1/key/delete]
    Matching endpoint-handlers: [BEFORE=*, DELETE=/v1/key/{id}]
    Headers: {Accept-Charset=UTF-8, Accept=application/json, User-Agent=Ktor client, Host=localhost:7013, Content-Length=32, Content-Type=text/plain; charset=UTF-8}
    Cookies: {}
    Body: 6751ab45ff3942ecb8737fd7c383ccd5
    QueryString: null
    QueryParams: {}
    FormParams: {}
Response: [200], execution took 0.95 ms
    Headers: {Date=Thu, 12 Sep 2024 09:39:43 GMT, Content-Type=application/json}
    Body is 2 bytes (starts on next line):
    {}
----------------------------------------------------------------------------------
8767 [pool-1-thread-1 @coroutine#371] DEBUG id.walt.services.keystore.HKVKeyStoreService - Loading key "6751ab45ff3942ecb8737fd7c383ccd5".
8777 [JettyServerThreadPool-113] DEBUG id.walt.services.keystore.HKVKeyStoreService - Storing key "a642186b891a43478dfc786c63edc7b0".
8778 [JettyServerThreadPool-113] DEBUG id.walt.services.keystore.HKVKeyStoreService - Loading key "a642186b891a43478dfc786c63edc7b0".
8778 [JettyServerThreadPool-113] DEBUG id.walt.model.DidUrl - Trying to create DidUrl from URL: "did:key:z6Mkn68aBg19J59uR7bwsYBnKf24NitdERu49XB2ZCwY1cQf"...
8779 [JettyServerThreadPool-113] DEBUG id.walt.services.keystore.HKVKeyStoreService - Loading key "a642186b891a43478dfc786c63edc7b0".
8779 [JettyServerThreadPool-113] DEBUG id.walt.services.did.DidService - A key with the id "a642186b891a43478dfc786c63edc7b0" exists.
8779 [JettyServerThreadPool-113] DEBUG id.walt.model.DidUrl - Trying to create DidUrl from URL: "did:key:z6Mkn68aBg19J59uR7bwsYBnKf24NitdERu49XB2ZCwY1cQf"...
8779 [JettyServerThreadPool-113] DEBUG id.walt.model.DidUrl - Trying to create DidUrl from URL: "did:key:z6Mkn68aBg19J59uR7bwsYBnKf24NitdERu49XB2ZCwY1cQf"...
8780 [JettyServerThreadPool-113] INFO io.javalin.Javalin - JAVALIN REQUEST DEBUG LOG:
Request: POST [/v1/did/create]
    Matching endpoint-handlers: [BEFORE=*, POST=/v1/did/create]
    Headers: {Accept-Charset=UTF-8, Accept=application/json, User-Agent=Ktor client, Host=localhost:7013, Content-Length=53, Content-Type=application/json}
    Cookies: {}
    Body: 
    QueryString: null
    QueryParams: {}
    FormParams: {}
Response: [201], execution took 6.99 ms
    Headers: {Date=Thu, 12 Sep 2024 09:39:43 GMT, Content-Type=text/plain}
    Body is 56 bytes (starts on next line):
    did:key:z6Mkn68aBg19J59uR7bwsYBnKf24NitdERu49XB2ZCwY1cQf
----------------------------------------------------------------------------------
8782 [pool-1-thread-1 @coroutine#382] DEBUG id.walt.model.DidUrl - Trying to create DidUrl from URL: "did:key:z6Mkn68aBg19J59uR7bwsYBnKf24NitdERu49XB2ZCwY1cQf"...
8783 [pool-1-thread-1 @coroutine#392] DEBUG id.walt.services.keystore.HKVKeyStoreService - Loading key "a642186b891a43478dfc786c63edc7b0".
8789 [JettyServerThreadPool-114] DEBUG id.walt.services.keystore.HKVKeyStoreService - Storing key "3d2e624d27ec452a8894a60da9b056ad".
8789 [JettyServerThreadPool-114] DEBUG id.walt.services.keystore.HKVKeyStoreService - Loading key "3d2e624d27ec452a8894a60da9b056ad".
8789 [JettyServerThreadPool-114] DEBUG id.walt.services.keystore.HKVKeyStoreService - Loading key "3d2e624d27ec452a8894a60da9b056ad".
8789 [JettyServerThreadPool-114] DEBUG id.walt.services.did.composers.DidDocumentComposerBase - Verification method JWK for kid: {"kty":"OKP","use":"sig","crv":"Ed25519","kid":"3d2e624d27ec452a8894a60da9b056ad","x":"0hIIPgtWB3rZ4DN1r3R-gIKqXTj6zXmTbgpGxcMEwOc","alg":"EdDSA"}
8789 [JettyServerThreadPool-114] DEBUG id.walt.services.did.composers.DidDocumentComposerBase - Verification method public JWK: {"kty":"OKP","use":"sig","crv":"Ed25519","kid":"3d2e624d27ec452a8894a60da9b056ad","x":"0hIIPgtWB3rZ4DN1r3R-gIKqXTj6zXmTbgpGxcMEwOc","alg":"EdDSA"}
8790 [JettyServerThreadPool-114] DEBUG id.walt.services.did.composers.DidDocumentComposerBase - Verification method parsed public JWK: Jwk(kid=3d2e624d27ec452a8894a60da9b056ad, kty=OKP, alg=EdDSA, crv=Ed25519, use=sig, x=0hIIPgtWB3rZ4DN1r3R-gIKqXTj6zXmTbgpGxcMEwOc, y=null, d=null, n=null, e=null, x5u=null)
8790 [JettyServerThreadPool-114] DEBUG id.walt.services.keystore.HKVKeyStoreService - Loading key "3d2e624d27ec452a8894a60da9b056ad".
8790 [JettyServerThreadPool-114] DEBUG id.walt.services.did.DidService - A key with the id "3d2e624d27ec452a8894a60da9b056ad" exists.
8790 [JettyServerThreadPool-114] DEBUG id.walt.model.DidUrl - Trying to create DidUrl from URL: "did:web:walt.id"...
8791 [JettyServerThreadPool-114] DEBUG id.walt.model.DidUrl - Trying to create DidUrl from URL: "did:web:walt.id"...
8791 [JettyServerThreadPool-114] INFO io.javalin.Javalin - JAVALIN REQUEST DEBUG LOG:
Request: POST [/v1/did/create]
    Matching endpoint-handlers: [BEFORE=*, POST=/v1/did/create]
    Headers: {Accept-Charset=UTF-8, Accept=application/json, User-Agent=Ktor client, Host=localhost:7013, Content-Length=58, Content-Type=application/json}
    Cookies: {}
    Body: 
    QueryString: null
    QueryParams: {}
    FormParams: {}
Response: [201], execution took 4.48 ms
    Headers: {Date=Thu, 12 Sep 2024 09:39:44 GMT, Content-Type=text/plain}
    Body is 15 bytes (starts on next line):
    did:web:walt.id
----------------------------------------------------------------------------------
8796 [JettyServerThreadPool-115] DEBUG id.walt.services.keystore.HKVKeyStoreService - Storing key "2df3087a03ce48279503088228af78b7".
8796 [JettyServerThreadPool-115] DEBUG id.walt.services.keystore.HKVKeyStoreService - Loading key "2df3087a03ce48279503088228af78b7".
8796 [JettyServerThreadPool-115] DEBUG id.walt.services.keystore.HKVKeyStoreService - Loading key "2df3087a03ce48279503088228af78b7".
8796 [JettyServerThreadPool-115] DEBUG id.walt.services.did.composers.DidDocumentComposerBase - Verification method JWK for kid: {"kty":"OKP","use":"sig","crv":"Ed25519","kid":"2df3087a03ce48279503088228af78b7","x":"63IZpI-pdeNCA4uPfF7zfjF8SFTIpyoo7xha7e775Qc","alg":"EdDSA"}
8796 [JettyServerThreadPool-115] DEBUG id.walt.services.did.composers.DidDocumentComposerBase - Verification method public JWK: {"kty":"OKP","use":"sig","crv":"Ed25519","kid":"2df3087a03ce48279503088228af78b7","x":"63IZpI-pdeNCA4uPfF7zfjF8SFTIpyoo7xha7e775Qc","alg":"EdDSA"}
8797 [JettyServerThreadPool-115] DEBUG id.walt.services.did.composers.DidDocumentComposerBase - Verification method parsed public JWK: Jwk(kid=2df3087a03ce48279503088228af78b7, kty=OKP, alg=EdDSA, crv=Ed25519, use=sig, x=63IZpI-pdeNCA4uPfF7zfjF8SFTIpyoo7xha7e775Qc, y=null, d=null, n=null, e=null, x5u=null)
8798 [JettyServerThreadPool-115] DEBUG id.walt.services.keystore.HKVKeyStoreService - Loading key "2df3087a03ce48279503088228af78b7".
8798 [JettyServerThreadPool-115] DEBUG id.walt.services.did.DidService - A key with the id "2df3087a03ce48279503088228af78b7" exists.
8798 [JettyServerThreadPool-115] DEBUG id.walt.model.DidUrl - Trying to create DidUrl from URL: "did:web:walt.id"...
8798 [JettyServerThreadPool-115] DEBUG id.walt.model.DidUrl - Trying to create DidUrl from URL: "did:web:walt.id"...
8800 [JettyServerThreadPool-115] INFO io.javalin.Javalin - JAVALIN REQUEST DEBUG LOG:
Request: POST [/v1/did/create]
    Matching endpoint-handlers: [BEFORE=*, POST=/v1/did/create]
    Headers: {Accept-Charset=UTF-8, Accept=application/json, User-Agent=Ktor client, Host=localhost:7013, Content-Length=58, Content-Type=application/json}
    Cookies: {}
    Body: 
    QueryString: null
    QueryParams: {}
    FormParams: {}
Response: [201], execution took 4.77 ms
    Headers: {Date=Thu, 12 Sep 2024 09:39:44 GMT, Content-Type=text/plain}
    Body is 15 bytes (starts on next line):
    did:web:walt.id
----------------------------------------------------------------------------------
8811 [JettyServerThreadPool-121] DEBUG id.walt.services.vc.WaltIdJsonLdCredentialService - Signing jsonLd object with: issuerDid (did:web:walt.id), domain (null), nonce (null
8811 [JettyServerThreadPool-121] DEBUG id.walt.services.keystore.HKVKeyStoreService - Loading key "did:web:walt.id".
8811 [JettyServerThreadPool-121] DEBUG id.walt.services.vc.WaltIdJsonLdCredentialService - Signing: {"@context":["https://www.w3.org/2018/credentials/v1"],"id":"did:ebsi-eth:00000001/credentials/1872","type":["VerifiableCredential","VerifiableAuthorization"],"issuer":"did:ebsi:000001234","issuanceDate":"2020-08-24T14:13:44Z","credentialSubject":{"id":"did:ebsi:00000004321","naturalPerson":{"did":"did:example:00001111","publicKey":"eyJhbGciOiJSUzI1NiIsImI2N","serviceEndpoints":[{"id":"did:example:123456789abcdefghi#openid","type":"OpenIdConnectVersion1.0Service","serviceEndpoint":"https://openid.example.com/"}]}}}
8814 [JettyServerThreadPool-121] DEBUG id.walt.services.keystore.HKVKeyStoreService - Loading key "2df3087a03ce48279503088228af78b7".
8814 [JettyServerThreadPool-121] DEBUG id.walt.services.keystore.HKVKeyStoreService - Loading key "2df3087a03ce48279503088228af78b7".
8814 [JettyServerThreadPool-121] DEBUG id.walt.services.keystore.HKVKeyStoreService - Loading key "2df3087a03ce48279503088228af78b7".
8816 [JettyServerThreadPool-121] INFO io.javalin.Javalin - JAVALIN REQUEST DEBUG LOG:
Request: POST [/v1/vc/create]
    Matching endpoint-handlers: [BEFORE=*, POST=/v1/vc/create]
    Headers: {Accept-Charset=UTF-8, Accept=application/json, User-Agent=Ktor client, Host=localhost:7013, Content-Length=990, Content-Type=application/json}
    Cookies: {}
    Body: {"issuerDid":"did:web:walt.id","subjectDid":"did:web:walt.id","credentialOffer":"{\n    \"@context\": [\n        \"https://www.w3.org/2018/credentials/v1\"\n    ],\n    \"id\": \"did:ebsi-eth:00000001/credentials/1872\",\n    \"type\": [\n        \"VerifiableCredential\",\n        \"VerifiableAuthorization\"\n    ],\n    \"issuer\": \"did:ebsi:000001234\",\n    \"issuanceDate\": \"2020-08-24T14:13:44Z\",\n    \"credentialSubject\": {\n        \"id\": \"did:ebsi:00000004321\",\n        \"naturalPerson\": {\n            \"did\": \"did:example:00001111\",\n            \"publicKey\": \"eyJhbGciOiJSUzI1NiIsImI2N\",\n            \"serviceEndpoints\": [\n                {\n                    \"id\": \"did:example:123456789abcdefghi#openid\",\n                    \"type\": \"OpenIdConnectVersion1.0Service\",\n                    \"serviceEndpoint\": \"https://openid.example.com/\"\n                }\n            ]\n        }\n    }\n}\n","templateId":null,"domain":null,"nonce":null}
    QueryString: null
    QueryParams: {}
    FormParams: {}
Response: [200], execution took 9.21 ms
    Headers: {Date=Thu, 12 Sep 2024 09:39:44 GMT, Content-Type=application/json}
    Body is 1031 bytes (starts on next line):
    {
  "@context" : [ "https://www.w3.org/2018/credentials/v1", "https://w3id.org/security/suites/jws-2020/v1" ],
  "id" : "did:ebsi-eth:00000001/credentials/1872",
  "type" : [ "VerifiableCredential", "VerifiableAuthorization" ],
  "issuer" : "did:ebsi:000001234",
  "issuanceDate" : "2020-08-24T14:13:44Z",
  "credentialSubject" : {
    "id" : "did:ebsi:00000004321",
    "naturalPerson" : {
      "did" : "did:example:00001111",
      "publicKey" : "eyJhbGciOiJSUzI1NiIsImI2N",
      "serviceEndpoints" : [ {
        "id" : "did:example:123456789abcdefghi#openid",
        "type" : "OpenIdConnectVersion1.0Service",
        "serviceEndpoint" : "https://openid.example.com/"
      } ]
    }
  },
  "proof" : {
    "type" : "JsonWebSignature2020",
    "creator" : "did:web:walt.id",
    "created" : "2024-09-12T09:39:44Z",
    "verificationMethod" : "did:web:walt.id",
    "jws" : "eyJiNjQiOmZhbHNlLCJjcml0IjpbImI2NCJdLCJhbGciOiJFZERTQSJ9..NJW1de9AH28oFMelXo_FD-lOL6UUtfY30aKyT_Mw0V8wSi2iFZqojO0zV3H0Vl6JE-27HbQX638th2UIITvHCQ"
  }
}
----------------------------------------------------------------------------------
8822 [pool-1-thread-1 @coroutine#421] DEBUG id.walt.services.keystore.HKVKeyStoreService - Loading key "2df3087a03ce48279503088228af78b7".
8822 [pool-1-thread-1 @coroutine#421] DEBUG id.walt.services.keystore.HKVKeyStoreService - Loading key "3d2e624d27ec452a8894a60da9b056ad".
8827 [JettyServerThreadPool-110] DEBUG id.walt.services.keystore.HKVKeyStoreService - Storing key "b4d40d746d374d968a0f6fcad215e67f".
8828 [JettyServerThreadPool-110] DEBUG id.walt.services.keystore.HKVKeyStoreService - Loading key "b4d40d746d374d968a0f6fcad215e67f".
8828 [JettyServerThreadPool-110] DEBUG id.walt.services.keystore.HKVKeyStoreService - Loading key "b4d40d746d374d968a0f6fcad215e67f".
8828 [JettyServerThreadPool-110] DEBUG id.walt.services.did.composers.DidDocumentComposerBase - Verification method JWK for kid: {"kty":"OKP","use":"sig","crv":"Ed25519","kid":"b4d40d746d374d968a0f6fcad215e67f","x":"-oZwuWH5UWlqg5cRC3kWLKXieyAem5Hd2PamGHNYbrk","alg":"EdDSA"}
8828 [JettyServerThreadPool-110] DEBUG id.walt.services.did.composers.DidDocumentComposerBase - Verification method public JWK: {"kty":"OKP","use":"sig","crv":"Ed25519","kid":"b4d40d746d374d968a0f6fcad215e67f","x":"-oZwuWH5UWlqg5cRC3kWLKXieyAem5Hd2PamGHNYbrk","alg":"EdDSA"}
8829 [JettyServerThreadPool-110] DEBUG id.walt.services.did.composers.DidDocumentComposerBase - Verification method parsed public JWK: Jwk(kid=b4d40d746d374d968a0f6fcad215e67f, kty=OKP, alg=EdDSA, crv=Ed25519, use=sig, x=-oZwuWH5UWlqg5cRC3kWLKXieyAem5Hd2PamGHNYbrk, y=null, d=null, n=null, e=null, x5u=null)
8830 [JettyServerThreadPool-110] DEBUG id.walt.services.keystore.HKVKeyStoreService - Loading key "b4d40d746d374d968a0f6fcad215e67f".
8830 [JettyServerThreadPool-110] DEBUG id.walt.services.did.DidService - A key with the id "b4d40d746d374d968a0f6fcad215e67f" exists.
8830 [JettyServerThreadPool-110] DEBUG id.walt.model.DidUrl - Trying to create DidUrl from URL: "did:web:walt.id"...
8830 [JettyServerThreadPool-110] DEBUG id.walt.model.DidUrl - Trying to create DidUrl from URL: "did:web:walt.id"...
8831 [JettyServerThreadPool-110] INFO io.javalin.Javalin - JAVALIN REQUEST DEBUG LOG:
Request: POST [/v1/did/create]
    Matching endpoint-handlers: [BEFORE=*, POST=/v1/did/create]
    Headers: {Accept-Charset=UTF-8, Accept=application/json, User-Agent=Ktor client, Host=localhost:7013, Content-Length=58, Content-Type=application/json}
    Cookies: {}
    Body: 
    QueryString: null
    QueryParams: {}
    FormParams: {}
Response: [201], execution took 5.15 ms
    Headers: {Date=Thu, 12 Sep 2024 09:39:44 GMT, Content-Type=text/plain}
    Body is 15 bytes (starts on next line):
    did:web:walt.id
----------------------------------------------------------------------------------
8834 [pool-1-thread-1 @coroutine#422] DEBUG id.walt.model.DidUrl - Trying to create DidUrl from URL: "did:web:walt.id"...
8836 [pool-1-thread-1 @coroutine#432] DEBUG id.walt.services.keystore.HKVKeyStoreService - Loading key "b4d40d746d374d968a0f6fcad215e67f".
8837 [pool-1-thread-1 @coroutine#432] DEBUG id.walt.services.keystore.HKVKeyStoreService - Storing key "71f41ea51d354577ab5797f93c2615bc".
8838 [pool-1-thread-1 @coroutine#432] DEBUG id.walt.services.keystore.HKVKeyStoreService - Storing key "65edd64d1cbf4dc18fe3aef61d7fd0bf".
8933 [pool-1-thread-1 @coroutine#432] DEBUG id.walt.services.keystore.HKVKeyStoreService - Storing key "9273be6104d64c8e949ff079d1cb0d7f".
8934 [pool-1-thread-1 @coroutine#432] DEBUG id.walt.services.keystore.HKVKeyStoreService - Storing key "ba8a060cdb7b40118f9c10a2958d3b48".
8934 [pool-1-thread-1 @coroutine#432] DEBUG id.walt.services.keystore.HKVKeyStoreService - Storing key "94a4f1bcca9c4aaa92d0b4b292e969f4".
8987 [pool-1-thread-1 @coroutine#432] DEBUG id.walt.services.keystore.HKVKeyStoreService - Storing key "ec1d369870504c60834be2b0ec828b6e".
8987 [pool-1-thread-1 @coroutine#432] DEBUG id.walt.services.keystore.HKVKeyStoreService - Storing key "5fa699cc4bd64344b5d445962bf1dcd9".
8988 [pool-1-thread-1 @coroutine#432] DEBUG id.walt.services.keystore.HKVKeyStoreService - Storing key "3da8e1467bc248c89f661a1b0d3ca9ef".
9009 [pool-1-thread-1 @coroutine#432] DEBUG id.walt.services.keystore.HKVKeyStoreService - Storing key "c61222a8c5ea42cb8758afd0a8b3f799".
9010 [pool-1-thread-1 @coroutine#432] DEBUG id.walt.services.keystore.HKVKeyStoreService - Storing key "6ad4a79236874dadaef2b9d28feff042".
9010 [pool-1-thread-1 @coroutine#432] DEBUG id.walt.services.keystore.HKVKeyStoreService - Loading key "6ad4a79236874dadaef2b9d28feff042".
9010 [pool-1-thread-1 @coroutine#432] DEBUG id.walt.model.DidUrl - Trying to create DidUrl from URL: "did:key:z6MkpPUtp3PVzj3WtF3F9YZ2bPNQPZRVoFTi4c4r2j2jewr8"...
9012 [pool-1-thread-1 @coroutine#432] DEBUG id.walt.services.keystore.HKVKeyStoreService - Loading key "6ad4a79236874dadaef2b9d28feff042".
9012 [pool-1-thread-1 @coroutine#432] DEBUG id.walt.services.did.DidService - A key with the id "6ad4a79236874dadaef2b9d28feff042" exists.
9012 [pool-1-thread-1 @coroutine#432] DEBUG id.walt.model.DidUrl - Trying to create DidUrl from URL: "did:key:z6MkpPUtp3PVzj3WtF3F9YZ2bPNQPZRVoFTi4c4r2j2jewr8"...
9012 [pool-1-thread-1 @coroutine#432] DEBUG id.walt.model.DidUrl - Trying to create DidUrl from URL: "did:key:z6MkpPUtp3PVzj3WtF3F9YZ2bPNQPZRVoFTi4c4r2j2jewr8"...
9015 [JettyServerThreadPool-129] DEBUG id.walt.services.did.DidService - Loading or resolving "did:key:z6MkpPUtp3PVzj3WtF3F9YZ2bPNQPZRVoFTi4c4r2j2jewr8"...
9015 [JettyServerThreadPool-129] DEBUG id.walt.model.DidUrl - Trying to create DidUrl from URL: "did:key:z6MkpPUtp3PVzj3WtF3F9YZ2bPNQPZRVoFTi4c4r2j2jewr8"...
9015 [JettyServerThreadPool-129] DEBUG id.walt.services.did.DidService - loadOrResolve: url=DidUrl(method=key, identifier=z6MkpPUtp3PVzj3WtF3F9YZ2bPNQPZRVoFTi4c4r2j2jewr8, fragment=z6MkpPUtp3PVzj3WtF3F9YZ2bPNQPZRVoFTi4c4r2j2jewr8, query=null), length of stored=1639
9016 [JettyServerThreadPool-129] DEBUG id.walt.model.DidUrl - Trying to create DidUrl from URL: "did:key:z6MkpPUtp3PVzj3WtF3F9YZ2bPNQPZRVoFTi4c4r2j2jewr8"...
9017 [JettyServerThreadPool-129] DEBUG id.walt.model.DidUrl - Trying to create DidUrl from URL: "did:key:z6MkpPUtp3PVzj3WtF3F9YZ2bPNQPZRVoFTi4c4r2j2jewr8"...
9018 [JettyServerThreadPool-129] INFO io.javalin.Javalin - JAVALIN REQUEST DEBUG LOG:
Request: DELETE [/v1/did/did:key:z6MkpPUtp3PVzj3WtF3F9YZ2bPNQPZRVoFTi4c4r2j2jewr8]
    Matching endpoint-handlers: [BEFORE=*, DELETE=/v1/did/{id}]
    Headers: {Accept-Charset=UTF-8, Accept=application/json, User-Agent=Ktor client, Host=localhost:7013, Content-Length=0}
    Cookies: {}
    Body: 
    QueryString: null
    QueryParams: {}
    FormParams: {}
Response: [200], execution took 2.41 ms
    Headers: {Date=Thu, 12 Sep 2024 09:39:44 GMT, Content-Type=text/plain}
    No body was set
----------------------------------------------------------------------------------
9019 [pool-1-thread-1 @coroutine#432] DEBUG id.walt.model.DidUrl - Trying to create DidUrl from URL: "did:key:z6MkpPUtp3PVzj3WtF3F9YZ2bPNQPZRVoFTi4c4r2j2jewr8"...
9019 [pool-1-thread-1 @coroutine#432] DEBUG id.walt.services.keystore.HKVKeyStoreService - Storing key "2866cf63ff0b4823929be259ec195c8b".
9020 [pool-1-thread-1 @coroutine#432] DEBUG id.walt.services.keystore.HKVKeyStoreService - Loading key "2866cf63ff0b4823929be259ec195c8b".
9020 [pool-1-thread-1 @coroutine#432] DEBUG id.walt.services.keystore.HKVKeyStoreService - Loading key "2866cf63ff0b4823929be259ec195c8b".
9020 [pool-1-thread-1 @coroutine#432] DEBUG id.walt.services.did.composers.DidDocumentComposerBase - Verification method JWK for kid: {"kty":"OKP","use":"sig","crv":"Ed25519","kid":"2866cf63ff0b4823929be259ec195c8b","x":"KLkCCplzKehRuja__l9r7AfBzWwyGrHWUBkUqSC49Go","alg":"EdDSA"}
9020 [pool-1-thread-1 @coroutine#432] DEBUG id.walt.services.did.composers.DidDocumentComposerBase - Verification method public JWK: {"kty":"OKP","use":"sig","crv":"Ed25519","kid":"2866cf63ff0b4823929be259ec195c8b","x":"KLkCCplzKehRuja__l9r7AfBzWwyGrHWUBkUqSC49Go","alg":"EdDSA"}
9020 [pool-1-thread-1 @coroutine#432] DEBUG id.walt.services.did.composers.DidDocumentComposerBase - Verification method parsed public JWK: Jwk(kid=2866cf63ff0b4823929be259ec195c8b, kty=OKP, alg=EdDSA, crv=Ed25519, use=sig, x=KLkCCplzKehRuja__l9r7AfBzWwyGrHWUBkUqSC49Go, y=null, d=null, n=null, e=null, x5u=null)
9021 [pool-1-thread-1 @coroutine#432] DEBUG id.walt.services.keystore.HKVKeyStoreService - Loading key "2866cf63ff0b4823929be259ec195c8b".
9021 [pool-1-thread-1 @coroutine#432] DEBUG id.walt.services.did.DidService - A key with the id "2866cf63ff0b4823929be259ec195c8b" exists.
9021 [pool-1-thread-1 @coroutine#432] DEBUG id.walt.model.DidUrl - Trying to create DidUrl from URL: "did:web:walt.id"...
9021 [pool-1-thread-1 @coroutine#432] DEBUG id.walt.model.DidUrl - Trying to create DidUrl from URL: "did:web:walt.id"...
9023 [JettyServerThreadPool-128] DEBUG id.walt.services.did.DidService - Loading or resolving "did:web:walt.id"...
9023 [JettyServerThreadPool-128] DEBUG id.walt.model.DidUrl - Trying to create DidUrl from URL: "did:web:walt.id"...
9023 [JettyServerThreadPool-128] DEBUG id.walt.services.did.DidService - loadOrResolve: url=DidUrl(method=web, identifier=walt.id, fragment=walt.id, query=null), length of stored=791
9023 [JettyServerThreadPool-128] DEBUG id.walt.model.DidUrl - Trying to create DidUrl from URL: "did:web:walt.id"...
9023 [JettyServerThreadPool-128] DEBUG id.walt.model.DidUrl - Trying to create DidUrl from URL: "did:web:walt.id"...
9025 [JettyServerThreadPool-128] DEBUG id.walt.model.DidUrl - Trying to create DidUrl from URL: "did:web:walt.id"...
9025 [JettyServerThreadPool-128] INFO io.javalin.Javalin - JAVALIN REQUEST DEBUG LOG:
Request: DELETE [/v1/did/did:web:walt.id]
    Matching endpoint-handlers: [BEFORE=*, DELETE=/v1/did/{id}]
    Headers: {Accept-Charset=UTF-8, Accept=application/json, User-Agent=Ktor client, Host=localhost:7013, Content-Length=0}
    Cookies: {}
    Body: 
    QueryString: null
    QueryParams: {}
    FormParams: {}
Response: [200], execution took 2.13 ms
    Headers: {Date=Thu, 12 Sep 2024 09:39:44 GMT, Content-Type=text/plain}
    No body was set
----------------------------------------------------------------------------------
9026 [pool-1-thread-1 @coroutine#432] DEBUG id.walt.model.DidUrl - Trying to create DidUrl from URL: "did:web:walt.id"...
9027 [pool-1-thread-1 @coroutine#432] DEBUG id.walt.services.keystore.HKVKeyStoreService - Storing key "e38b3dc7eb5f494585a5ccf579c0886d".
9027 [pool-1-thread-1 @coroutine#432] DEBUG id.walt.services.keystore.HKVKeyStoreService - Loading key "e38b3dc7eb5f494585a5ccf579c0886d".
9027 [pool-1-thread-1 @coroutine#432] DEBUG id.walt.services.keystore.HKVKeyStoreService - Loading key "e38b3dc7eb5f494585a5ccf579c0886d".
9027 [pool-1-thread-1 @coroutine#432] DEBUG id.walt.services.did.composers.DidDocumentComposerBase - Verification method JWK for kid: {"kty":"OKP","use":"sig","crv":"Ed25519","kid":"e38b3dc7eb5f494585a5ccf579c0886d","x":"gh8nqcKzgaV9F7jEWQmTpwfvhDrXHQRfaHbzfl0VV9E","alg":"EdDSA"}
9027 [pool-1-thread-1 @coroutine#432] DEBUG id.walt.services.did.composers.DidDocumentComposerBase - Verification method public JWK: {"kty":"OKP","use":"sig","crv":"Ed25519","kid":"e38b3dc7eb5f494585a5ccf579c0886d","x":"gh8nqcKzgaV9F7jEWQmTpwfvhDrXHQRfaHbzfl0VV9E","alg":"EdDSA"}
9028 [pool-1-thread-1 @coroutine#432] DEBUG id.walt.services.did.composers.DidDocumentComposerBase - Verification method parsed public JWK: Jwk(kid=e38b3dc7eb5f494585a5ccf579c0886d, kty=OKP, alg=EdDSA, crv=Ed25519, use=sig, x=gh8nqcKzgaV9F7jEWQmTpwfvhDrXHQRfaHbzfl0VV9E, y=null, d=null, n=null, e=null, x5u=null)
9028 [pool-1-thread-1 @coroutine#432] DEBUG id.walt.services.keystore.HKVKeyStoreService - Loading key "e38b3dc7eb5f494585a5ccf579c0886d".
9028 [pool-1-thread-1 @coroutine#432] DEBUG id.walt.services.did.DidService - A key with the id "e38b3dc7eb5f494585a5ccf579c0886d" exists.
9028 [pool-1-thread-1 @coroutine#432] DEBUG id.walt.model.DidUrl - Trying to create DidUrl from URL: "did:ebsi:zif2w8HFBq1i17vqyPtgFk4"...
9028 [pool-1-thread-1 @coroutine#432] DEBUG id.walt.model.DidUrl - Trying to create DidUrl from URL: "did:ebsi:zif2w8HFBq1i17vqyPtgFk4"...
9030 [JettyServerThreadPool-112] DEBUG id.walt.services.did.DidService - Loading or resolving "did:ebsi:zif2w8HFBq1i17vqyPtgFk4"...
9030 [JettyServerThreadPool-112] DEBUG id.walt.model.DidUrl - Trying to create DidUrl from URL: "did:ebsi:zif2w8HFBq1i17vqyPtgFk4"...
9030 [JettyServerThreadPool-112] DEBUG id.walt.services.did.DidService - loadOrResolve: url=DidUrl(method=ebsi, identifier=zif2w8HFBq1i17vqyPtgFk4, fragment=zif2w8HFBq1i17vqyPtgFk4, query=null), length of stored=876
9031 [JettyServerThreadPool-112] DEBUG id.walt.model.DidUrl - Trying to create DidUrl from URL: "did:ebsi:zif2w8HFBq1i17vqyPtgFk4"...
9031 [JettyServerThreadPool-112] DEBUG id.walt.model.DidUrl - Trying to create DidUrl from URL: "did:ebsi:zif2w8HFBq1i17vqyPtgFk4"...
9031 [JettyServerThreadPool-112] DEBUG id.walt.model.DidUrl - Trying to create DidUrl from URL: "did:ebsi:zif2w8HFBq1i17vqyPtgFk4"...
9032 [JettyServerThreadPool-112] DEBUG id.walt.model.DidUrl - Trying to create DidUrl from URL: "did:ebsi:zif2w8HFBq1i17vqyPtgFk4"...
9033 [JettyServerThreadPool-112] INFO io.javalin.Javalin - JAVALIN REQUEST DEBUG LOG:
Request: DELETE [/v1/did/did:ebsi:zif2w8HFBq1i17vqyPtgFk4]
    Matching endpoint-handlers: [BEFORE=*, DELETE=/v1/did/{id}]
    Headers: {Accept-Charset=UTF-8, Accept=application/json, User-Agent=Ktor client, Host=localhost:7013, Content-Length=0}
    Cookies: {}
    Body: 
    QueryString: null
    QueryParams: {}
    FormParams: {}
Response: [200], execution took 2.15 ms
    Headers: {Date=Thu, 12 Sep 2024 09:39:44 GMT, Content-Type=text/plain}
    No body was set
----------------------------------------------------------------------------------
9034 [pool-1-thread-1 @coroutine#432] DEBUG id.walt.model.DidUrl - Trying to create DidUrl from URL: "did:ebsi:zif2w8HFBq1i17vqyPtgFk4"...
9034 [pool-1-thread-1 @coroutine#432] DEBUG id.walt.services.keystore.HKVKeyStoreService - Loading key "71f41ea51d354577ab5797f93c2615bc".
9034 [pool-1-thread-1 @coroutine#432] DEBUG id.walt.model.DidUrl - Trying to create DidUrl from URL: "did:key:zQ3shSnjJjFxuUXb7ZpWnmzVE7jRHr6n3CBq7Dq5CxEeyhWVQ"...
9035 [pool-1-thread-1 @coroutine#432] DEBUG id.walt.services.keystore.HKVKeyStoreService - Loading key "71f41ea51d354577ab5797f93c2615bc".
9035 [pool-1-thread-1 @coroutine#432] DEBUG id.walt.services.did.DidService - A key with the id "71f41ea51d354577ab5797f93c2615bc" exists.
9035 [pool-1-thread-1 @coroutine#432] DEBUG id.walt.model.DidUrl - Trying to create DidUrl from URL: "did:key:zQ3shSnjJjFxuUXb7ZpWnmzVE7jRHr6n3CBq7Dq5CxEeyhWVQ"...
9035 [pool-1-thread-1 @coroutine#432] DEBUG id.walt.model.DidUrl - Trying to create DidUrl from URL: "did:key:zQ3shSnjJjFxuUXb7ZpWnmzVE7jRHr6n3CBq7Dq5CxEeyhWVQ"...
9037 [JettyServerThreadPool-113] DEBUG id.walt.services.did.DidService - Loading or resolving "did:key:zQ3shSnjJjFxuUXb7ZpWnmzVE7jRHr6n3CBq7Dq5CxEeyhWVQ"...
9037 [JettyServerThreadPool-113] DEBUG id.walt.model.DidUrl - Trying to create DidUrl from URL: "did:key:zQ3shSnjJjFxuUXb7ZpWnmzVE7jRHr6n3CBq7Dq5CxEeyhWVQ"...
9037 [JettyServerThreadPool-113] DEBUG id.walt.services.did.DidService - loadOrResolve: url=DidUrl(method=key, identifier=zQ3shSnjJjFxuUXb7ZpWnmzVE7jRHr6n3CBq7Dq5CxEeyhWVQ, fragment=zQ3shSnjJjFxuUXb7ZpWnmzVE7jRHr6n3CBq7Dq5CxEeyhWVQ, query=null), length of stored=1442
9037 [JettyServerThreadPool-113] DEBUG id.walt.model.DidUrl - Trying to create DidUrl from URL: "did:key:zQ3shSnjJjFxuUXb7ZpWnmzVE7jRHr6n3CBq7Dq5CxEeyhWVQ"...
9039 [JettyServerThreadPool-113] DEBUG id.walt.model.DidUrl - Trying to create DidUrl from URL: "did:key:zQ3shSnjJjFxuUXb7ZpWnmzVE7jRHr6n3CBq7Dq5CxEeyhWVQ"...
9039 [JettyServerThreadPool-113] INFO io.javalin.Javalin - JAVALIN REQUEST DEBUG LOG:
Request: DELETE [/v1/did/did:key:zQ3shSnjJjFxuUXb7ZpWnmzVE7jRHr6n3CBq7Dq5CxEeyhWVQ]
    Matching endpoint-handlers: [BEFORE=*, DELETE=/v1/did/{id}]
    Headers: {Accept-Charset=UTF-8, Accept=application/json, User-Agent=Ktor client, Host=localhost:7013, Content-Length=0}
    Cookies: {}
    Body: 
    QueryString: null
    QueryParams: {}
    FormParams: {}
Response: [200], execution took 2.22 ms
    Headers: {Date=Thu, 12 Sep 2024 09:39:44 GMT, Content-Type=text/plain}
    No body was set
----------------------------------------------------------------------------------
9041 [pool-1-thread-1 @coroutine#432] DEBUG id.walt.model.DidUrl - Trying to create DidUrl from URL: "did:key:zQ3shSnjJjFxuUXb7ZpWnmzVE7jRHr6n3CBq7Dq5CxEeyhWVQ"...
9041 [pool-1-thread-1 @coroutine#432] DEBUG id.walt.services.keystore.HKVKeyStoreService - Loading key "65edd64d1cbf4dc18fe3aef61d7fd0bf".
9041 [pool-1-thread-1 @coroutine#432] DEBUG id.walt.model.DidUrl - Trying to create DidUrl from URL: "did:key:z6Mks9V4XVAoweW6aQ5JvdAGrJ3RGbopCrPqMqhr4uGRdX8o"...
9042 [pool-1-thread-1 @coroutine#432] DEBUG id.walt.services.keystore.HKVKeyStoreService - Loading key "65edd64d1cbf4dc18fe3aef61d7fd0bf".
9042 [pool-1-thread-1 @coroutine#432] DEBUG id.walt.services.did.DidService - A key with the id "65edd64d1cbf4dc18fe3aef61d7fd0bf" exists.
9042 [pool-1-thread-1 @coroutine#432] DEBUG id.walt.model.DidUrl - Trying to create DidUrl from URL: "did:key:z6Mks9V4XVAoweW6aQ5JvdAGrJ3RGbopCrPqMqhr4uGRdX8o"...
9042 [pool-1-thread-1 @coroutine#432] DEBUG id.walt.model.DidUrl - Trying to create DidUrl from URL: "did:key:z6Mks9V4XVAoweW6aQ5JvdAGrJ3RGbopCrPqMqhr4uGRdX8o"...
9044 [JettyServerThreadPool-114] DEBUG id.walt.services.did.DidService - Loading or resolving "did:key:z6Mks9V4XVAoweW6aQ5JvdAGrJ3RGbopCrPqMqhr4uGRdX8o"...
9044 [JettyServerThreadPool-114] DEBUG id.walt.model.DidUrl - Trying to create DidUrl from URL: "did:key:z6Mks9V4XVAoweW6aQ5JvdAGrJ3RGbopCrPqMqhr4uGRdX8o"...
9044 [JettyServerThreadPool-114] DEBUG id.walt.services.did.DidService - loadOrResolve: url=DidUrl(method=key, identifier=z6Mks9V4XVAoweW6aQ5JvdAGrJ3RGbopCrPqMqhr4uGRdX8o, fragment=z6Mks9V4XVAoweW6aQ5JvdAGrJ3RGbopCrPqMqhr4uGRdX8o, query=null), length of stored=1639
9044 [JettyServerThreadPool-114] DEBUG id.walt.model.DidUrl - Trying to create DidUrl from URL: "did:key:z6Mks9V4XVAoweW6aQ5JvdAGrJ3RGbopCrPqMqhr4uGRdX8o"...
9046 [JettyServerThreadPool-114] DEBUG id.walt.model.DidUrl - Trying to create DidUrl from URL: "did:key:z6Mks9V4XVAoweW6aQ5JvdAGrJ3RGbopCrPqMqhr4uGRdX8o"...
9047 [JettyServerThreadPool-114] INFO io.javalin.Javalin - JAVALIN REQUEST DEBUG LOG:
Request: DELETE [/v1/did/did:key:z6Mks9V4XVAoweW6aQ5JvdAGrJ3RGbopCrPqMqhr4uGRdX8o]
    Matching endpoint-handlers: [BEFORE=*, DELETE=/v1/did/{id}]
    Headers: {Accept-Charset=UTF-8, Accept=application/json, User-Agent=Ktor client, Host=localhost:7013, Content-Length=0}
    Cookies: {}
    Body: 
    QueryString: null
    QueryParams: {}
    FormParams: {}
Response: [200], execution took 2.40 ms
    Headers: {Date=Thu, 12 Sep 2024 09:39:44 GMT, Content-Type=text/plain}
    No body was set
----------------------------------------------------------------------------------
9048 [pool-1-thread-1 @coroutine#432] DEBUG id.walt.model.DidUrl - Trying to create DidUrl from URL: "did:key:z6Mks9V4XVAoweW6aQ5JvdAGrJ3RGbopCrPqMqhr4uGRdX8o"...
9048 [pool-1-thread-1 @coroutine#432] DEBUG id.walt.services.keystore.HKVKeyStoreService - Loading key "9273be6104d64c8e949ff079d1cb0d7f".
9048 [pool-1-thread-1 @coroutine#432] DEBUG id.walt.model.DidUrl - Trying to create DidUrl from URL: "did:key:z4MXj1wBzi9jUstyQLt5FVHjAcWJmBYiac1tG6LL7m994UWJMmWxjCwsUH2TM7NMNFkmQ39RhjsK9ECaKCowcSzWg6LfYDDthwmp2tYqbCCXyYCCA2zAHT7MTKSmBuPu5Uk2MsLK7wvCTpChhURecDEqRbk9xnpSrXvYYvhSP37hY27By7i43jCfYAvjh9M7pwcbMcHAoDRAHy85LMSQJDGB9SutfqETS6FQrarAG1JUthczfLZpga669jKeE2CwjUfUyQjiW5KdVncoHcHMuqGzgeXotgDGFozgQNsdt3yW3svqUqeumKyhZcZ1UeeoiG4eBSPhAXfCdfxVsu5y7cbpYBZuuZZvUVcADv9sm2tM8XB2dzLqn"...
9049 [pool-1-thread-1 @coroutine#432] DEBUG id.walt.services.keystore.HKVKeyStoreService - Loading key "9273be6104d64c8e949ff079d1cb0d7f".
9049 [pool-1-thread-1 @coroutine#432] DEBUG id.walt.services.did.DidService - A key with the id "9273be6104d64c8e949ff079d1cb0d7f" exists.
9049 [pool-1-thread-1 @coroutine#432] DEBUG id.walt.model.DidUrl - Trying to create DidUrl from URL: "did:key:z4MXj1wBzi9jUstyQLt5FVHjAcWJmBYiac1tG6LL7m994UWJMmWxjCwsUH2TM7NMNFkmQ39RhjsK9ECaKCowcSzWg6LfYDDthwmp2tYqbCCXyYCCA2zAHT7MTKSmBuPu5Uk2MsLK7wvCTpChhURecDEqRbk9xnpSrXvYYvhSP37hY27By7i43jCfYAvjh9M7pwcbMcHAoDRAHy85LMSQJDGB9SutfqETS6FQrarAG1JUthczfLZpga669jKeE2CwjUfUyQjiW5KdVncoHcHMuqGzgeXotgDGFozgQNsdt3yW3svqUqeumKyhZcZ1UeeoiG4eBSPhAXfCdfxVsu5y7cbpYBZuuZZvUVcADv9sm2tM8XB2dzLqn"...
9049 [pool-1-thread-1 @coroutine#432] DEBUG id.walt.model.DidUrl - Trying to create DidUrl from URL: "did:key:z4MXj1wBzi9jUstyQLt5FVHjAcWJmBYiac1tG6LL7m994UWJMmWxjCwsUH2TM7NMNFkmQ39RhjsK9ECaKCowcSzWg6LfYDDthwmp2tYqbCCXyYCCA2zAHT7MTKSmBuPu5Uk2MsLK7wvCTpChhURecDEqRbk9xnpSrXvYYvhSP37hY27By7i43jCfYAvjh9M7pwcbMcHAoDRAHy85LMSQJDGB9SutfqETS6FQrarAG1JUthczfLZpga669jKeE2CwjUfUyQjiW5KdVncoHcHMuqGzgeXotgDGFozgQNsdt3yW3svqUqeumKyhZcZ1UeeoiG4eBSPhAXfCdfxVsu5y7cbpYBZuuZZvUVcADv9sm2tM8XB2dzLqn"...
9051 [JettyServerThreadPool-115] DEBUG id.walt.services.did.DidService - Loading or resolving "did:key:z4MXj1wBzi9jUstyQLt5FVHjAcWJmBYiac1tG6LL7m994UWJMmWxjCwsUH2TM7NMNFkmQ39RhjsK9ECaKCowcSzWg6LfYDDthwmp2tYqbCCXyYCCA2zAHT7MTKSmBuPu5Uk2MsLK7wvCTpChhURecDEqRbk9xnpSrXvYYvhSP37hY27By7i43jCfYAvjh9M7pwcbMcHAoDRAHy85LMSQJDGB9SutfqETS6FQrarAG1JUthczfLZpga669jKeE2CwjUfUyQjiW5KdVncoHcHMuqGzgeXotgDGFozgQNsdt3yW3svqUqeumKyhZcZ1UeeoiG4eBSPhAXfCdfxVsu5y7cbpYBZuuZZvUVcADv9sm2tM8XB2dzLqn"...
9051 [JettyServerThreadPool-115] DEBUG id.walt.model.DidUrl - Trying to create DidUrl from URL: "did:key:z4MXj1wBzi9jUstyQLt5FVHjAcWJmBYiac1tG6LL7m994UWJMmWxjCwsUH2TM7NMNFkmQ39RhjsK9ECaKCowcSzWg6LfYDDthwmp2tYqbCCXyYCCA2zAHT7MTKSmBuPu5Uk2MsLK7wvCTpChhURecDEqRbk9xnpSrXvYYvhSP37hY27By7i43jCfYAvjh9M7pwcbMcHAoDRAHy85LMSQJDGB9SutfqETS6FQrarAG1JUthczfLZpga669jKeE2CwjUfUyQjiW5KdVncoHcHMuqGzgeXotgDGFozgQNsdt3yW3svqUqeumKyhZcZ1UeeoiG4eBSPhAXfCdfxVsu5y7cbpYBZuuZZvUVcADv9sm2tM8XB2dzLqn"...
9051 [JettyServerThreadPool-115] DEBUG id.walt.services.did.DidService - loadOrResolve: url=DidUrl(method=key, identifier=z4MXj1wBzi9jUstyQLt5FVHjAcWJmBYiac1tG6LL7m994UWJMmWxjCwsUH2TM7NMNFkmQ39RhjsK9ECaKCowcSzWg6LfYDDthwmp2tYqbCCXyYCCA2zAHT7MTKSmBuPu5Uk2MsLK7wvCTpChhURecDEqRbk9xnpSrXvYYvhSP37hY27By7i43jCfYAvjh9M7pwcbMcHAoDRAHy85LMSQJDGB9SutfqETS6FQrarAG1JUthczfLZpga669jKeE2CwjUfUyQjiW5KdVncoHcHMuqGzgeXotgDGFozgQNsdt3yW3svqUqeumKyhZcZ1UeeoiG4eBSPhAXfCdfxVsu5y7cbpYBZuuZZvUVcADv9sm2tM8XB2dzLqn, fragment=z4MXj1wBzi9jUstyQLt5FVHjAcWJmBYiac1tG6LL7m994UWJMmWxjCwsUH2TM7NMNFkmQ39RhjsK9ECaKCowcSzWg6LfYDDthwmp2tYqbCCXyYCCA2zAHT7MTKSmBuPu5Uk2MsLK7wvCTpChhURecDEqRbk9xnpSrXvYYvhSP37hY27By7i43jCfYAvjh9M7pwcbMcHAoDRAHy85LMSQJDGB9SutfqETS6FQrarAG1JUthczfLZpga669jKeE2CwjUfUyQjiW5KdVncoHcHMuqGzgeXotgDGFozgQNsdt3yW3svqUqeumKyhZcZ1UeeoiG4eBSPhAXfCdfxVsu5y7cbpYBZuuZZvUVcADv9sm2tM8XB2dzLqn, query=null), length of stored=5349
9052 [JettyServerThreadPool-115] DEBUG id.walt.model.DidUrl - Trying to create DidUrl from URL: "did:key:z4MXj1wBzi9jUstyQLt5FVHjAcWJmBYiac1tG6LL7m994UWJMmWxjCwsUH2TM7NMNFkmQ39RhjsK9ECaKCowcSzWg6LfYDDthwmp2tYqbCCXyYCCA2zAHT7MTKSmBuPu5Uk2MsLK7wvCTpChhURecDEqRbk9xnpSrXvYYvhSP37hY27By7i43jCfYAvjh9M7pwcbMcHAoDRAHy85LMSQJDGB9SutfqETS6FQrarAG1JUthczfLZpga669jKeE2CwjUfUyQjiW5KdVncoHcHMuqGzgeXotgDGFozgQNsdt3yW3svqUqeumKyhZcZ1UeeoiG4eBSPhAXfCdfxVsu5y7cbpYBZuuZZvUVcADv9sm2tM8XB2dzLqn"...
9053 [JettyServerThreadPool-115] DEBUG id.walt.model.DidUrl - Trying to create DidUrl from URL: "did:key:z4MXj1wBzi9jUstyQLt5FVHjAcWJmBYiac1tG6LL7m994UWJMmWxjCwsUH2TM7NMNFkmQ39RhjsK9ECaKCowcSzWg6LfYDDthwmp2tYqbCCXyYCCA2zAHT7MTKSmBuPu5Uk2MsLK7wvCTpChhURecDEqRbk9xnpSrXvYYvhSP37hY27By7i43jCfYAvjh9M7pwcbMcHAoDRAHy85LMSQJDGB9SutfqETS6FQrarAG1JUthczfLZpga669jKeE2CwjUfUyQjiW5KdVncoHcHMuqGzgeXotgDGFozgQNsdt3yW3svqUqeumKyhZcZ1UeeoiG4eBSPhAXfCdfxVsu5y7cbpYBZuuZZvUVcADv9sm2tM8XB2dzLqn"...
9054 [JettyServerThreadPool-115] INFO io.javalin.Javalin - JAVALIN REQUEST DEBUG LOG:
Request: DELETE [/v1/did/did:key:z4MXj1wBzi9jUstyQLt5FVHjAcWJmBYiac1tG6LL7m994UWJMmWxjCwsUH2TM7NMNFkmQ39RhjsK9ECaKCowcSzWg6LfYDDthwmp2tYqbCCXyYCCA2zAHT7MTKSmBuPu5Uk2MsLK7wvCTpChhURecDEqRbk9xnpSrXvYYvhSP37hY27By7i43jCfYAvjh9M7pwcbMcHAoDRAHy85LMSQJDGB9SutfqETS6FQrarAG1JUthczfLZpga669jKeE2CwjUfUyQjiW5KdVncoHcHMuqGzgeXotgDGFozgQNsdt3yW3svqUqeumKyhZcZ1UeeoiG4eBSPhAXfCdfxVsu5y7cbpYBZuuZZvUVcADv9sm2tM8XB2dzLqn]
    Matching endpoint-handlers: [BEFORE=*, DELETE=/v1/did/{id}]
    Headers: {Accept-Charset=UTF-8, Accept=application/json, User-Agent=Ktor client, Host=localhost:7013, Content-Length=0}
    Cookies: {}
    Body: 
    QueryString: null
    QueryParams: {}
    FormParams: {}
Response: [200], execution took 3.04 ms
    Headers: {Date=Thu, 12 Sep 2024 09:39:44 GMT, Content-Type=text/plain}
    No body was set
----------------------------------------------------------------------------------
9055 [pool-1-thread-1 @coroutine#432] DEBUG id.walt.model.DidUrl - Trying to create DidUrl from URL: "did:key:z4MXj1wBzi9jUstyQLt5FVHjAcWJmBYiac1tG6LL7m994UWJMmWxjCwsUH2TM7NMNFkmQ39RhjsK9ECaKCowcSzWg6LfYDDthwmp2tYqbCCXyYCCA2zAHT7MTKSmBuPu5Uk2MsLK7wvCTpChhURecDEqRbk9xnpSrXvYYvhSP37hY27By7i43jCfYAvjh9M7pwcbMcHAoDRAHy85LMSQJDGB9SutfqETS6FQrarAG1JUthczfLZpga669jKeE2CwjUfUyQjiW5KdVncoHcHMuqGzgeXotgDGFozgQNsdt3yW3svqUqeumKyhZcZ1UeeoiG4eBSPhAXfCdfxVsu5y7cbpYBZuuZZvUVcADv9sm2tM8XB2dzLqn"...
9055 [pool-1-thread-1 @coroutine#432] DEBUG id.walt.services.keystore.HKVKeyStoreService - Loading key "ba8a060cdb7b40118f9c10a2958d3b48".
9055 [pool-1-thread-1 @coroutine#432] DEBUG id.walt.services.keystore.HKVKeyStoreService - Loading key "ba8a060cdb7b40118f9c10a2958d3b48".
9056 [pool-1-thread-1 @coroutine#432] DEBUG id.walt.services.did.composers.DidDocumentComposerBase - Verification method JWK for kid: {"kty":"EC","use":"sig","crv":"secp256k1","kid":"ba8a060cdb7b40118f9c10a2958d3b48","x":"icqhuSi0TaMdFELSErC9gkScEzjIqKA6rZCSCxxwsjY","y":"R1HzpKTHmiZZTGv15PISnme_GONUDq9Pu2VJb6JejGc","alg":"ES256K"}
9056 [pool-1-thread-1 @coroutine#432] DEBUG id.walt.services.did.composers.DidDocumentComposerBase - Verification method public JWK: {"kty":"EC","use":"sig","crv":"secp256k1","kid":"ba8a060cdb7b40118f9c10a2958d3b48","x":"icqhuSi0TaMdFELSErC9gkScEzjIqKA6rZCSCxxwsjY","y":"R1HzpKTHmiZZTGv15PISnme_GONUDq9Pu2VJb6JejGc","alg":"ES256K"}
9056 [pool-1-thread-1 @coroutine#432] DEBUG id.walt.services.did.composers.DidDocumentComposerBase - Verification method parsed public JWK: Jwk(kid=ba8a060cdb7b40118f9c10a2958d3b48, kty=EC, alg=ES256K, crv=secp256k1, use=sig, x=icqhuSi0TaMdFELSErC9gkScEzjIqKA6rZCSCxxwsjY, y=R1HzpKTHmiZZTGv15PISnme_GONUDq9Pu2VJb6JejGc, d=null, n=null, e=null, x5u=null)
9057 [pool-1-thread-1 @coroutine#432] DEBUG id.walt.services.keystore.HKVKeyStoreService - Loading key "ba8a060cdb7b40118f9c10a2958d3b48".
9057 [pool-1-thread-1 @coroutine#432] DEBUG id.walt.services.did.DidService - A key with the id "ba8a060cdb7b40118f9c10a2958d3b48" exists.
9057 [pool-1-thread-1 @coroutine#432] DEBUG id.walt.model.DidUrl - Trying to create DidUrl from URL: "did:web:walt.id"...
9057 [pool-1-thread-1 @coroutine#432] DEBUG id.walt.model.DidUrl - Trying to create DidUrl from URL: "did:web:walt.id"...
9059 [JettyServerThreadPool-111] DEBUG id.walt.services.did.DidService - Loading or resolving "did:web:walt.id"...
9059 [JettyServerThreadPool-111] DEBUG id.walt.model.DidUrl - Trying to create DidUrl from URL: "did:web:walt.id"...
9059 [JettyServerThreadPool-111] DEBUG id.walt.services.did.DidService - loadOrResolve: url=DidUrl(method=web, identifier=walt.id, fragment=walt.id, query=null), length of stored=869
9060 [JettyServerThreadPool-111] DEBUG id.walt.model.DidUrl - Trying to create DidUrl from URL: "did:web:walt.id"...
9060 [JettyServerThreadPool-111] DEBUG id.walt.model.DidUrl - Trying to create DidUrl from URL: "did:web:walt.id"...
9061 [JettyServerThreadPool-111] DEBUG id.walt.model.DidUrl - Trying to create DidUrl from URL: "did:web:walt.id"...
9061 [JettyServerThreadPool-111] INFO io.javalin.Javalin - JAVALIN REQUEST DEBUG LOG:
Request: DELETE [/v1/did/did:web:walt.id]
    Matching endpoint-handlers: [BEFORE=*, DELETE=/v1/did/{id}]
    Headers: {Accept-Charset=UTF-8, Accept=application/json, User-Agent=Ktor client, Host=localhost:7013, Content-Length=0}
    Cookies: {}
    Body: 
    QueryString: null
    QueryParams: {}
    FormParams: {}
Response: [200], execution took 1.98 ms
    Headers: {Date=Thu, 12 Sep 2024 09:39:44 GMT, Content-Type=text/plain}
    No body was set
----------------------------------------------------------------------------------
9062 [pool-1-thread-1 @coroutine#432] DEBUG id.walt.model.DidUrl - Trying to create DidUrl from URL: "did:web:walt.id"...
9063 [pool-1-thread-1 @coroutine#432] DEBUG id.walt.services.keystore.HKVKeyStoreService - Loading key "94a4f1bcca9c4aaa92d0b4b292e969f4".
9063 [pool-1-thread-1 @coroutine#432] DEBUG id.walt.services.keystore.HKVKeyStoreService - Loading key "94a4f1bcca9c4aaa92d0b4b292e969f4".
9063 [pool-1-thread-1 @coroutine#432] DEBUG id.walt.services.did.composers.DidDocumentComposerBase - Verification method JWK for kid: {"kty":"OKP","use":"sig","crv":"Ed25519","kid":"94a4f1bcca9c4aaa92d0b4b292e969f4","x":"2woHz7_-Ek4NUi4kh33vSwR1MExkwEU9N0-4cewZ1s4","alg":"EdDSA"}
9063 [pool-1-thread-1 @coroutine#432] DEBUG id.walt.services.did.composers.DidDocumentComposerBase - Verification method public JWK: {"kty":"OKP","use":"sig","crv":"Ed25519","kid":"94a4f1bcca9c4aaa92d0b4b292e969f4","x":"2woHz7_-Ek4NUi4kh33vSwR1MExkwEU9N0-4cewZ1s4","alg":"EdDSA"}
9063 [pool-1-thread-1 @coroutine#432] DEBUG id.walt.services.did.composers.DidDocumentComposerBase - Verification method parsed public JWK: Jwk(kid=94a4f1bcca9c4aaa92d0b4b292e969f4, kty=OKP, alg=EdDSA, crv=Ed25519, use=sig, x=2woHz7_-Ek4NUi4kh33vSwR1MExkwEU9N0-4cewZ1s4, y=null, d=null, n=null, e=null, x5u=null)
9064 [pool-1-thread-1 @coroutine#432] DEBUG id.walt.services.keystore.HKVKeyStoreService - Loading key "94a4f1bcca9c4aaa92d0b4b292e969f4".
9064 [pool-1-thread-1 @coroutine#432] DEBUG id.walt.services.did.DidService - A key with the id "94a4f1bcca9c4aaa92d0b4b292e969f4" exists.
9064 [pool-1-thread-1 @coroutine#432] DEBUG id.walt.model.DidUrl - Trying to create DidUrl from URL: "did:web:walt.id"...
9064 [pool-1-thread-1 @coroutine#432] DEBUG id.walt.model.DidUrl - Trying to create DidUrl from URL: "did:web:walt.id"...
9066 [JettyServerThreadPool-110] DEBUG id.walt.services.did.DidService - Loading or resolving "did:web:walt.id"...
9066 [JettyServerThreadPool-110] DEBUG id.walt.model.DidUrl - Trying to create DidUrl from URL: "did:web:walt.id"...
9066 [JettyServerThreadPool-110] DEBUG id.walt.services.did.DidService - loadOrResolve: url=DidUrl(method=web, identifier=walt.id, fragment=walt.id, query=null), length of stored=791
9067 [JettyServerThreadPool-110] DEBUG id.walt.model.DidUrl - Trying to create DidUrl from URL: "did:web:walt.id"...
9067 [JettyServerThreadPool-110] DEBUG id.walt.model.DidUrl - Trying to create DidUrl from URL: "did:web:walt.id"...
9068 [JettyServerThreadPool-110] DEBUG id.walt.model.DidUrl - Trying to create DidUrl from URL: "did:web:walt.id"...
9068 [JettyServerThreadPool-110] INFO io.javalin.Javalin - JAVALIN REQUEST DEBUG LOG:
Request: DELETE [/v1/did/did:web:walt.id]
    Matching endpoint-handlers: [BEFORE=*, DELETE=/v1/did/{id}]
    Headers: {Accept-Charset=UTF-8, Accept=application/json, User-Agent=Ktor client, Host=localhost:7013, Content-Length=0}
    Cookies: {}
    Body: 
    QueryString: null
    QueryParams: {}
    FormParams: {}
Response: [200], execution took 1.84 ms
    Headers: {Date=Thu, 12 Sep 2024 09:39:44 GMT, Content-Type=text/plain}
    No body was set
----------------------------------------------------------------------------------
9069 [pool-1-thread-1 @coroutine#432] DEBUG id.walt.model.DidUrl - Trying to create DidUrl from URL: "did:web:walt.id"...
9069 [pool-1-thread-1 @coroutine#432] DEBUG id.walt.services.keystore.HKVKeyStoreService - Loading key "ec1d369870504c60834be2b0ec828b6e".
9069 [pool-1-thread-1 @coroutine#432] DEBUG id.walt.services.keystore.HKVKeyStoreService - Loading key "ec1d369870504c60834be2b0ec828b6e".
9069 [pool-1-thread-1 @coroutine#432] DEBUG id.walt.services.did.composers.DidDocumentComposerBase - Verification method JWK for kid: {"kty":"RSA","e":"AQAB","use":"sig","kid":"ec1d369870504c60834be2b0ec828b6e","alg":"RS256","n":"9csWKoh0Zq6q7muGq9G10dDC-bbJEDxq5LfQH3tWWp2kgSn__KN4j4M-9PF0M1SZsFxNWY-NAByYv0ShG_-a_G18_t6Ub0MkMEJDREUImEb2MtR8RNOtEAcq8x7KlziBiASYmLjeLkPY6MdoZpwPtpL2QWyRXpPHKgAgNntmV9X5-IjqcsPILhLIxlY1KeOHQwVIWHmF-WX29qm-nwteiLn9H_Ivay8s5qu5ws21MAmrNOO8VAUE_WzbYn-Taew8QH24x8yZQ5abc_ZgcVcR62hpxERF8haf7bX9pWdhCjfFj5xNtla45tdnlP9JFdW_TDQGmhDb5Es2Q7nAGKfBgw"}
9069 [pool-1-thread-1 @coroutine#432] DEBUG id.walt.services.did.composers.DidDocumentComposerBase - Verification method public JWK: {"kty":"RSA","e":"AQAB","use":"sig","kid":"ec1d369870504c60834be2b0ec828b6e","alg":"RS256","n":"9csWKoh0Zq6q7muGq9G10dDC-bbJEDxq5LfQH3tWWp2kgSn__KN4j4M-9PF0M1SZsFxNWY-NAByYv0ShG_-a_G18_t6Ub0MkMEJDREUImEb2MtR8RNOtEAcq8x7KlziBiASYmLjeLkPY6MdoZpwPtpL2QWyRXpPHKgAgNntmV9X5-IjqcsPILhLIxlY1KeOHQwVIWHmF-WX29qm-nwteiLn9H_Ivay8s5qu5ws21MAmrNOO8VAUE_WzbYn-Taew8QH24x8yZQ5abc_ZgcVcR62hpxERF8haf7bX9pWdhCjfFj5xNtla45tdnlP9JFdW_TDQGmhDb5Es2Q7nAGKfBgw"}
9070 [pool-1-thread-1 @coroutine#432] DEBUG id.walt.services.did.composers.DidDocumentComposerBase - Verification method parsed public JWK: Jwk(kid=ec1d369870504c60834be2b0ec828b6e, kty=RSA, alg=RS256, crv=null, use=sig, x=null, y=null, d=null, n=9csWKoh0Zq6q7muGq9G10dDC-bbJEDxq5LfQH3tWWp2kgSn__KN4j4M-9PF0M1SZsFxNWY-NAByYv0ShG_-a_G18_t6Ub0MkMEJDREUImEb2MtR8RNOtEAcq8x7KlziBiASYmLjeLkPY6MdoZpwPtpL2QWyRXpPHKgAgNntmV9X5-IjqcsPILhLIxlY1KeOHQwVIWHmF-WX29qm-nwteiLn9H_Ivay8s5qu5ws21MAmrNOO8VAUE_WzbYn-Taew8QH24x8yZQ5abc_ZgcVcR62hpxERF8haf7bX9pWdhCjfFj5xNtla45tdnlP9JFdW_TDQGmhDb5Es2Q7nAGKfBgw, e=AQAB, x5u=null)
9071 [pool-1-thread-1 @coroutine#432] DEBUG id.walt.services.keystore.HKVKeyStoreService - Loading key "ec1d369870504c60834be2b0ec828b6e".
9071 [pool-1-thread-1 @coroutine#432] DEBUG id.walt.services.did.DidService - A key with the id "ec1d369870504c60834be2b0ec828b6e" exists.
9071 [pool-1-thread-1 @coroutine#432] DEBUG id.walt.model.DidUrl - Trying to create DidUrl from URL: "did:web:walt.id"...
9071 [pool-1-thread-1 @coroutine#432] DEBUG id.walt.model.DidUrl - Trying to create DidUrl from URL: "did:web:walt.id"...
9073 [JettyServerThreadPool-129] DEBUG id.walt.services.did.DidService - Loading or resolving "did:web:walt.id"...
9073 [JettyServerThreadPool-129] DEBUG id.walt.model.DidUrl - Trying to create DidUrl from URL: "did:web:walt.id"...
9073 [JettyServerThreadPool-129] DEBUG id.walt.services.did.DidService - loadOrResolve: url=DidUrl(method=web, identifier=walt.id, fragment=walt.id, query=null), length of stored=1081
9073 [JettyServerThreadPool-129] DEBUG id.walt.model.DidUrl - Trying to create DidUrl from URL: "did:web:walt.id"...
9073 [JettyServerThreadPool-129] DEBUG id.walt.model.DidUrl - Trying to create DidUrl from URL: "did:web:walt.id"...
9075 [JettyServerThreadPool-129] DEBUG id.walt.model.DidUrl - Trying to create DidUrl from URL: "did:web:walt.id"...
9075 [JettyServerThreadPool-129] INFO io.javalin.Javalin - JAVALIN REQUEST DEBUG LOG:
Request: DELETE [/v1/did/did:web:walt.id]
    Matching endpoint-handlers: [BEFORE=*, DELETE=/v1/did/{id}]
    Headers: {Accept-Charset=UTF-8, Accept=application/json, User-Agent=Ktor client, Host=localhost:7013, Content-Length=0}
    Cookies: {}
    Body: 
    QueryString: null
    QueryParams: {}
    FormParams: {}
Response: [200], execution took 2.37 ms
    Headers: {Date=Thu, 12 Sep 2024 09:39:44 GMT, Content-Type=text/plain}
    No body was set
----------------------------------------------------------------------------------
9077 [pool-1-thread-1 @coroutine#432] DEBUG id.walt.model.DidUrl - Trying to create DidUrl from URL: "did:web:walt.id"...
9077 [pool-1-thread-1 @coroutine#432] DEBUG id.walt.services.keystore.HKVKeyStoreService - Loading key "5fa699cc4bd64344b5d445962bf1dcd9".
9077 [pool-1-thread-1 @coroutine#432] DEBUG id.walt.services.keystore.HKVKeyStoreService - Loading key "5fa699cc4bd64344b5d445962bf1dcd9".
9077 [pool-1-thread-1 @coroutine#432] DEBUG id.walt.services.did.composers.DidDocumentComposerBase - Verification method JWK for kid: {"kty":"EC","use":"sig","crv":"secp256k1","kid":"5fa699cc4bd64344b5d445962bf1dcd9","x":"jbFX4x1kMM_azZhJAFELcBhzCQYXQlcPv_UHJyQCZsY","y":"6VM-QICW93gTsK6xsInafAex5WTGS1OjrVueBIPnUbs","alg":"ES256K"}
9077 [pool-1-thread-1 @coroutine#432] DEBUG id.walt.services.did.composers.DidDocumentComposerBase - Verification method public JWK: {"kty":"EC","use":"sig","crv":"secp256k1","kid":"5fa699cc4bd64344b5d445962bf1dcd9","x":"jbFX4x1kMM_azZhJAFELcBhzCQYXQlcPv_UHJyQCZsY","y":"6VM-QICW93gTsK6xsInafAex5WTGS1OjrVueBIPnUbs","alg":"ES256K"}
9078 [pool-1-thread-1 @coroutine#432] DEBUG id.walt.services.did.composers.DidDocumentComposerBase - Verification method parsed public JWK: Jwk(kid=5fa699cc4bd64344b5d445962bf1dcd9, kty=EC, alg=ES256K, crv=secp256k1, use=sig, x=jbFX4x1kMM_azZhJAFELcBhzCQYXQlcPv_UHJyQCZsY, y=6VM-QICW93gTsK6xsInafAex5WTGS1OjrVueBIPnUbs, d=null, n=null, e=null, x5u=null)
9078 [pool-1-thread-1 @coroutine#432] DEBUG id.walt.services.keystore.HKVKeyStoreService - Loading key "5fa699cc4bd64344b5d445962bf1dcd9".
9079 [pool-1-thread-1 @coroutine#432] DEBUG id.walt.services.did.DidService - A key with the id "5fa699cc4bd64344b5d445962bf1dcd9" exists.
9079 [pool-1-thread-1 @coroutine#432] DEBUG id.walt.model.DidUrl - Trying to create DidUrl from URL: "did:ebsi:zfgnGW1qkusNhg195qvAgV5"...
9079 [pool-1-thread-1 @coroutine#432] DEBUG id.walt.model.DidUrl - Trying to create DidUrl from URL: "did:ebsi:zfgnGW1qkusNhg195qvAgV5"...
9081 [JettyServerThreadPool-128] DEBUG id.walt.services.did.DidService - Loading or resolving "did:ebsi:zfgnGW1qkusNhg195qvAgV5"...
9081 [JettyServerThreadPool-128] DEBUG id.walt.model.DidUrl - Trying to create DidUrl from URL: "did:ebsi:zfgnGW1qkusNhg195qvAgV5"...
9081 [JettyServerThreadPool-128] DEBUG id.walt.services.did.DidService - loadOrResolve: url=DidUrl(method=ebsi, identifier=zfgnGW1qkusNhg195qvAgV5, fragment=zfgnGW1qkusNhg195qvAgV5, query=null), length of stored=954
9081 [JettyServerThreadPool-128] DEBUG id.walt.model.DidUrl - Trying to create DidUrl from URL: "did:ebsi:zfgnGW1qkusNhg195qvAgV5"...
9081 [JettyServerThreadPool-128] DEBUG id.walt.model.DidUrl - Trying to create DidUrl from URL: "did:ebsi:zfgnGW1qkusNhg195qvAgV5"...
9081 [JettyServerThreadPool-128] DEBUG id.walt.model.DidUrl - Trying to create DidUrl from URL: "did:ebsi:zfgnGW1qkusNhg195qvAgV5"...
9083 [JettyServerThreadPool-128] DEBUG id.walt.model.DidUrl - Trying to create DidUrl from URL: "did:ebsi:zfgnGW1qkusNhg195qvAgV5"...
9084 [JettyServerThreadPool-128] INFO io.javalin.Javalin - JAVALIN REQUEST DEBUG LOG:
Request: DELETE [/v1/did/did:ebsi:zfgnGW1qkusNhg195qvAgV5]
    Matching endpoint-handlers: [BEFORE=*, DELETE=/v1/did/{id}]
    Headers: {Accept-Charset=UTF-8, Accept=application/json, User-Agent=Ktor client, Host=localhost:7013, Content-Length=0}
    Cookies: {}
    Body: 
    QueryString: null
    QueryParams: {}
    FormParams: {}
Response: [200], execution took 3.05 ms
    Headers: {Date=Thu, 12 Sep 2024 09:39:44 GMT, Content-Type=text/plain}
    No body was set
----------------------------------------------------------------------------------
9085 [pool-1-thread-1 @coroutine#432] DEBUG id.walt.model.DidUrl - Trying to create DidUrl from URL: "did:ebsi:zfgnGW1qkusNhg195qvAgV5"...
9085 [pool-1-thread-1 @coroutine#432] DEBUG id.walt.services.keystore.HKVKeyStoreService - Loading key "3da8e1467bc248c89f661a1b0d3ca9ef".
9085 [pool-1-thread-1 @coroutine#432] DEBUG id.walt.services.keystore.HKVKeyStoreService - Loading key "3da8e1467bc248c89f661a1b0d3ca9ef".
9086 [pool-1-thread-1 @coroutine#432] DEBUG id.walt.services.did.composers.DidDocumentComposerBase - Verification method JWK for kid: {"kty":"OKP","use":"sig","crv":"Ed25519","kid":"3da8e1467bc248c89f661a1b0d3ca9ef","x":"aaEKZAhh8WZkk3Tgjq2girOmsuYFXckDBVlkYGivXxU","alg":"EdDSA"}
9086 [pool-1-thread-1 @coroutine#432] DEBUG id.walt.services.did.composers.DidDocumentComposerBase - Verification method public JWK: {"kty":"OKP","use":"sig","crv":"Ed25519","kid":"3da8e1467bc248c89f661a1b0d3ca9ef","x":"aaEKZAhh8WZkk3Tgjq2girOmsuYFXckDBVlkYGivXxU","alg":"EdDSA"}
9087 [pool-1-thread-1 @coroutine#432] DEBUG id.walt.services.did.composers.DidDocumentComposerBase - Verification method parsed public JWK: Jwk(kid=3da8e1467bc248c89f661a1b0d3ca9ef, kty=OKP, alg=EdDSA, crv=Ed25519, use=sig, x=aaEKZAhh8WZkk3Tgjq2girOmsuYFXckDBVlkYGivXxU, y=null, d=null, n=null, e=null, x5u=null)
9088 [pool-1-thread-1 @coroutine#432] DEBUG id.walt.services.keystore.HKVKeyStoreService - Loading key "3da8e1467bc248c89f661a1b0d3ca9ef".
9088 [pool-1-thread-1 @coroutine#432] DEBUG id.walt.services.did.DidService - A key with the id "3da8e1467bc248c89f661a1b0d3ca9ef" exists.
9088 [pool-1-thread-1 @coroutine#432] DEBUG id.walt.model.DidUrl - Trying to create DidUrl from URL: "did:ebsi:zqCjy3u2y8XuXKjbxnVyDBh"...
9088 [pool-1-thread-1 @coroutine#432] DEBUG id.walt.model.DidUrl - Trying to create DidUrl from URL: "did:ebsi:zqCjy3u2y8XuXKjbxnVyDBh"...
9091 [JettyServerThreadPool-112] DEBUG id.walt.services.did.DidService - Loading or resolving "did:ebsi:zqCjy3u2y8XuXKjbxnVyDBh"...
9091 [JettyServerThreadPool-112] DEBUG id.walt.model.DidUrl - Trying to create DidUrl from URL: "did:ebsi:zqCjy3u2y8XuXKjbxnVyDBh"...
9091 [JettyServerThreadPool-112] DEBUG id.walt.services.did.DidService - loadOrResolve: url=DidUrl(method=ebsi, identifier=zqCjy3u2y8XuXKjbxnVyDBh, fragment=zqCjy3u2y8XuXKjbxnVyDBh, query=null), length of stored=876
9092 [JettyServerThreadPool-112] DEBUG id.walt.model.DidUrl - Trying to create DidUrl from URL: "did:ebsi:zqCjy3u2y8XuXKjbxnVyDBh"...
9092 [JettyServerThreadPool-112] DEBUG id.walt.model.DidUrl - Trying to create DidUrl from URL: "did:ebsi:zqCjy3u2y8XuXKjbxnVyDBh"...
9092 [JettyServerThreadPool-112] DEBUG id.walt.model.DidUrl - Trying to create DidUrl from URL: "did:ebsi:zqCjy3u2y8XuXKjbxnVyDBh"...
9094 [JettyServerThreadPool-112] DEBUG id.walt.model.DidUrl - Trying to create DidUrl from URL: "did:ebsi:zqCjy3u2y8XuXKjbxnVyDBh"...
9094 [JettyServerThreadPool-112] INFO io.javalin.Javalin - JAVALIN REQUEST DEBUG LOG:
Request: DELETE [/v1/did/did:ebsi:zqCjy3u2y8XuXKjbxnVyDBh]
    Matching endpoint-handlers: [BEFORE=*, DELETE=/v1/did/{id}]
    Headers: {Accept-Charset=UTF-8, Accept=application/json, User-Agent=Ktor client, Host=localhost:7013, Content-Length=0}
    Cookies: {}
    Body: 
    QueryString: null
    QueryParams: {}
    FormParams: {}
Response: [200], execution took 3.32 ms
    Headers: {Date=Thu, 12 Sep 2024 09:39:44 GMT, Content-Type=text/plain}
    No body was set
----------------------------------------------------------------------------------
9096 [pool-1-thread-1 @coroutine#432] DEBUG id.walt.model.DidUrl - Trying to create DidUrl from URL: "did:ebsi:zqCjy3u2y8XuXKjbxnVyDBh"...
9096 [pool-1-thread-1 @coroutine#432] DEBUG id.walt.services.keystore.HKVKeyStoreService - Loading key "c61222a8c5ea42cb8758afd0a8b3f799".
9096 [pool-1-thread-1 @coroutine#432] DEBUG id.walt.services.keystore.HKVKeyStoreService - Loading key "c61222a8c5ea42cb8758afd0a8b3f799".
9096 [pool-1-thread-1 @coroutine#432] DEBUG id.walt.services.did.composers.DidDocumentComposerBase - Verification method JWK for kid: {"kty":"RSA","e":"AQAB","use":"sig","kid":"c61222a8c5ea42cb8758afd0a8b3f799","alg":"RS256","n":"lOXPuqlgWgJAwp7_KDXGj0QOgUJZ7MSIRBo388OJkn7ehK6jJM2wQtS-5wZc_VXT2j6hx43Tu5eAWTpGCDhTNt38TNMF-OOf3CSO7dkNpixQz5g8rNTH9k6qKPZ-1IkxtWT8Tzrk1yw5JCrb-QBZvWhO8z8wMotJhnN2bvTFD4xmM0PzA1y4aRAyfXCSEPtE500GYDe_1Pihphnr16o_xGgWRzptfy-0i3WOYi5J12dvvzyaMURt8G3mZOUXaarsdhLgITeh0khsjuU_sY-iH2WAdI9drbzknBcwQ7z-kAVvikAVOFiXfz2ouwA9pBd76Klb-mURuQ0e7ngbUIUTiw"}
9096 [pool-1-thread-1 @coroutine#432] DEBUG id.walt.services.did.composers.DidDocumentComposerBase - Verification method public JWK: {"kty":"RSA","e":"AQAB","use":"sig","kid":"c61222a8c5ea42cb8758afd0a8b3f799","alg":"RS256","n":"lOXPuqlgWgJAwp7_KDXGj0QOgUJZ7MSIRBo388OJkn7ehK6jJM2wQtS-5wZc_VXT2j6hx43Tu5eAWTpGCDhTNt38TNMF-OOf3CSO7dkNpixQz5g8rNTH9k6qKPZ-1IkxtWT8Tzrk1yw5JCrb-QBZvWhO8z8wMotJhnN2bvTFD4xmM0PzA1y4aRAyfXCSEPtE500GYDe_1Pihphnr16o_xGgWRzptfy-0i3WOYi5J12dvvzyaMURt8G3mZOUXaarsdhLgITeh0khsjuU_sY-iH2WAdI9drbzknBcwQ7z-kAVvikAVOFiXfz2ouwA9pBd76Klb-mURuQ0e7ngbUIUTiw"}
9097 [pool-1-thread-1 @coroutine#432] DEBUG id.walt.services.did.composers.DidDocumentComposerBase - Verification method parsed public JWK: Jwk(kid=c61222a8c5ea42cb8758afd0a8b3f799, kty=RSA, alg=RS256, crv=null, use=sig, x=null, y=null, d=null, n=lOXPuqlgWgJAwp7_KDXGj0QOgUJZ7MSIRBo388OJkn7ehK6jJM2wQtS-5wZc_VXT2j6hx43Tu5eAWTpGCDhTNt38TNMF-OOf3CSO7dkNpixQz5g8rNTH9k6qKPZ-1IkxtWT8Tzrk1yw5JCrb-QBZvWhO8z8wMotJhnN2bvTFD4xmM0PzA1y4aRAyfXCSEPtE500GYDe_1Pihphnr16o_xGgWRzptfy-0i3WOYi5J12dvvzyaMURt8G3mZOUXaarsdhLgITeh0khsjuU_sY-iH2WAdI9drbzknBcwQ7z-kAVvikAVOFiXfz2ouwA9pBd76Klb-mURuQ0e7ngbUIUTiw, e=AQAB, x5u=null)
9098 [pool-1-thread-1 @coroutine#432] DEBUG id.walt.services.keystore.HKVKeyStoreService - Loading key "c61222a8c5ea42cb8758afd0a8b3f799".
9098 [pool-1-thread-1 @coroutine#432] DEBUG id.walt.services.did.DidService - A key with the id "c61222a8c5ea42cb8758afd0a8b3f799" exists.
9098 [pool-1-thread-1 @coroutine#432] DEBUG id.walt.model.DidUrl - Trying to create DidUrl from URL: "did:ebsi:zZCW4XnEok1iG4eTGUSWF8y"...
9098 [pool-1-thread-1 @coroutine#432] DEBUG id.walt.model.DidUrl - Trying to create DidUrl from URL: "did:ebsi:zZCW4XnEok1iG4eTGUSWF8y"...
9101 [JettyServerThreadPool-113] DEBUG id.walt.services.did.DidService - Loading or resolving "did:ebsi:zZCW4XnEok1iG4eTGUSWF8y"...
9101 [JettyServerThreadPool-113] DEBUG id.walt.model.DidUrl - Trying to create DidUrl from URL: "did:ebsi:zZCW4XnEok1iG4eTGUSWF8y"...
9101 [JettyServerThreadPool-113] DEBUG id.walt.services.did.DidService - loadOrResolve: url=DidUrl(method=ebsi, identifier=zZCW4XnEok1iG4eTGUSWF8y, fragment=zZCW4XnEok1iG4eTGUSWF8y, query=null), length of stored=1166
9101 [JettyServerThreadPool-113] DEBUG id.walt.model.DidUrl - Trying to create DidUrl from URL: "did:ebsi:zZCW4XnEok1iG4eTGUSWF8y"...
9101 [JettyServerThreadPool-113] DEBUG id.walt.model.DidUrl - Trying to create DidUrl from URL: "did:ebsi:zZCW4XnEok1iG4eTGUSWF8y"...
9101 [JettyServerThreadPool-113] DEBUG id.walt.model.DidUrl - Trying to create DidUrl from URL: "did:ebsi:zZCW4XnEok1iG4eTGUSWF8y"...
9103 [JettyServerThreadPool-113] DEBUG id.walt.model.DidUrl - Trying to create DidUrl from URL: "did:ebsi:zZCW4XnEok1iG4eTGUSWF8y"...
9103 [JettyServerThreadPool-113] INFO io.javalin.Javalin - JAVALIN REQUEST DEBUG LOG:
Request: DELETE [/v1/did/did:ebsi:zZCW4XnEok1iG4eTGUSWF8y]
    Matching endpoint-handlers: [BEFORE=*, DELETE=/v1/did/{id}]
    Headers: {Accept-Charset=UTF-8, Accept=application/json, User-Agent=Ktor client, Host=localhost:7013, Content-Length=0}
    Cookies: {}
    Body: 
    QueryString: null
    QueryParams: {}
    FormParams: {}
Response: [200], execution took 2.25 ms
    Headers: {Date=Thu, 12 Sep 2024 09:39:44 GMT, Content-Type=text/plain}
    No body was set
----------------------------------------------------------------------------------
9105 [pool-1-thread-1 @coroutine#432] DEBUG id.walt.model.DidUrl - Trying to create DidUrl from URL: "did:ebsi:zZCW4XnEok1iG4eTGUSWF8y"...
9109 [JettyServerThreadPool-114] DEBUG id.walt.model.DidUrl - Trying to create DidUrl from URL: "did:key:z6MkrA4JMXgNWXEgQqYwSynWe7LVkj5kwgcCpLbvGLXjWXHD"...
9111 [JettyServerThreadPool-114] DEBUG id.walt.model.DidUrl - Trying to create DidUrl from URL: "did:key:z6MkrA4JMXgNWXEgQqYwSynWe7LVkj5kwgcCpLbvGLXjWXHD"...
9111 [JettyServerThreadPool-114] DEBUG id.walt.model.DidUrl - Trying to create DidUrl from URL: "did:key:z6MkrA4JMXgNWXEgQqYwSynWe7LVkj5kwgcCpLbvGLXjWXHD"...
9111 [JettyServerThreadPool-114] DEBUG id.walt.services.did.DidService - Loading or resolving "did:key:z6MkrA4JMXgNWXEgQqYwSynWe7LVkj5kwgcCpLbvGLXjWXHD"...
9111 [JettyServerThreadPool-114] DEBUG id.walt.model.DidUrl - Trying to create DidUrl from URL: "did:key:z6MkrA4JMXgNWXEgQqYwSynWe7LVkj5kwgcCpLbvGLXjWXHD"...
9111 [JettyServerThreadPool-114] DEBUG id.walt.services.did.DidService - loadOrResolve: url=DidUrl(method=key, identifier=z6MkrA4JMXgNWXEgQqYwSynWe7LVkj5kwgcCpLbvGLXjWXHD, fragment=z6MkrA4JMXgNWXEgQqYwSynWe7LVkj5kwgcCpLbvGLXjWXHD, query=null), length of stored=1639
9112 [JettyServerThreadPool-114] DEBUG id.walt.model.DidUrl - Trying to create DidUrl from URL: "did:key:z6MkrA4JMXgNWXEgQqYwSynWe7LVkj5kwgcCpLbvGLXjWXHD"...
9113 [JettyServerThreadPool-114] DEBUG id.walt.services.keystore.HKVKeyStoreService - Storing key "did:key:z6MkrA4JMXgNWXEgQqYwSynWe7LVkj5kwgcCpLbvGLXjWXHD#z6MkrA4JMXgNWXEgQqYwSynWe7LVkj5kwgcCpLbvGLXjWXHD".
9114 [JettyServerThreadPool-114] INFO io.javalin.Javalin - JAVALIN REQUEST DEBUG LOG:
Request: POST [/v1/did/import]
    Matching endpoint-handlers: [BEFORE=*, POST=/v1/did/import]
    Headers: {Accept-Charset=UTF-8, Accept=application/json, User-Agent=Ktor client, Host=localhost:7013, Content-Length=56, Content-Type=text/plain; charset=UTF-8}
    Cookies: {}
    Body: did:key:z6MkrA4JMXgNWXEgQqYwSynWe7LVkj5kwgcCpLbvGLXjWXHD
    QueryString: null
    QueryParams: {}
    FormParams: {}
Response: [201], execution took 4.72 ms
    Headers: {Date=Thu, 12 Sep 2024 09:39:44 GMT, Content-Type=text/plain}
    No body was set
----------------------------------------------------------------------------------
9115 [pool-1-thread-1 @coroutine#542] DEBUG id.walt.model.DidUrl - Trying to create DidUrl from URL: "did:key:z6MkrA4JMXgNWXEgQqYwSynWe7LVkj5kwgcCpLbvGLXjWXHD"...
9116 [pool-1-thread-1 @coroutine#542] DEBUG id.walt.services.keystore.HKVKeyStoreService - Loading key "did:key:z6MkrA4JMXgNWXEgQqYwSynWe7LVkj5kwgcCpLbvGLXjWXHD".
9117 [pool-1-thread-1 @coroutine#552] DEBUG id.walt.services.keystore.HKVKeyStoreService - Loading key "did:key:z6MkrA4JMXgNWXEgQqYwSynWe7LVkj5kwgcCpLbvGLXjWXHD#z6MkrA4JMXgNWXEgQqYwSynWe7LVkj5kwgcCpLbvGLXjWXHD".
9141 [JettyServerThreadPool-115] DEBUG io.javalin.plugin.openapi.dsl.ExtractDocumentation - methodReferenceOfHandler else branch called for handler: GET path '/api-routes' and parent class = io.javalin.core.util.RouteOverviewRenderer
9141 [JettyServerThreadPool-115] DEBUG io.javalin.plugin.openapi.dsl.ExtractDocumentation - methodReferenceOfHandler else branch called for handler: GET path '/api-routes' and parent class = io.javalin.core.util.RouteOverviewRenderer
9141 [JettyServerThreadPool-115] DEBUG io.javalin.plugin.openapi.dsl.ExtractDocumentation - fieldReferenceOfHandler else branch called for handler: GET path '/api-routes' and parent class = io.javalin.core.util.RouteOverviewRenderer
9142 [JettyServerThreadPool-115] DEBUG io.javalin.plugin.openapi.dsl.ExtractDocumentation - methodReferenceOfHandler else branch called for handler: GET path '/v1/api-documentation' and parent class = io.javalin.plugin.openapi.OpenApiHandler
9142 [JettyServerThreadPool-115] DEBUG io.javalin.plugin.openapi.dsl.ExtractDocumentation - methodReferenceOfHandler else branch called for handler: GET path '/v1/api-documentation' and parent class = io.javalin.plugin.openapi.OpenApiHandler
9142 [JettyServerThreadPool-115] DEBUG io.javalin.plugin.openapi.dsl.ExtractDocumentation - fieldReferenceOfHandler else branch called for handler: GET path '/v1/api-documentation' and parent class = io.javalin.plugin.openapi.OpenApiHandler
9146 [JettyServerThreadPool-115] DEBUG io.javalin.plugin.openapi.dsl.ExtractDocumentation - methodReferenceOfHandler else branch called for handler: GET path '/v1/swagger' and parent class = io.javalin.plugin.openapi.ui.SwaggerRenderer
9146 [JettyServerThreadPool-115] DEBUG io.javalin.plugin.openapi.dsl.ExtractDocumentation - methodReferenceOfHandler else branch called for handler: GET path '/v1/swagger' and parent class = io.javalin.plugin.openapi.ui.SwaggerRenderer
9146 [JettyServerThreadPool-115] DEBUG io.javalin.plugin.openapi.dsl.ExtractDocumentation - fieldReferenceOfHandler else branch called for handler: GET path '/v1/swagger' and parent class = io.javalin.plugin.openapi.ui.SwaggerRenderer
9146 [JettyServerThreadPool-115] DEBUG io.javalin.plugin.openapi.dsl.ExtractDocumentation - methodReferenceOfHandler else branch called for handler: GET path '/v1/redoc' and parent class = io.javalin.plugin.openapi.ui.ReDocRenderer
9146 [JettyServerThreadPool-115] DEBUG io.javalin.plugin.openapi.dsl.ExtractDocumentation - methodReferenceOfHandler else branch called for handler: GET path '/v1/redoc' and parent class = io.javalin.plugin.openapi.ui.ReDocRenderer
9146 [JettyServerThreadPool-115] DEBUG io.javalin.plugin.openapi.dsl.ExtractDocumentation - fieldReferenceOfHandler else branch called for handler: GET path '/v1/redoc' and parent class = io.javalin.plugin.openapi.ui.ReDocRenderer
9148 [JettyServerThreadPool-115] DEBUG io.swagger.v3.core.converter.ModelConverterContextImpl - resolve class id.walt.rest.core.GenKeyRequest
9159 [JettyServerThreadPool-115] DEBUG io.swagger.v3.core.converter.ModelConverterContextImpl - resolve [simple type, class id.walt.crypto.KeyAlgorithm]
9220 [JettyServerThreadPool-115] DEBUG io.swagger.v3.core.converter.ModelConverterContextImpl - resolve class id.walt.crypto.KeyId
9221 [JettyServerThreadPool-115] DEBUG io.swagger.v3.core.converter.ModelConverterContextImpl - resolve [simple type, class java.lang.String]
9221 [JettyServerThreadPool-115] DEBUG io.swagger.v3.core.converter.ModelConverterContextImpl - resolve class id.walt.rest.core.ExportKeyRequest
9222 [JettyServerThreadPool-115] DEBUG io.swagger.v3.core.converter.ModelConverterContextImpl - resolve [simple type, class java.lang.String]
9222 [JettyServerThreadPool-115] DEBUG io.swagger.v3.core.converter.ModelConverterContextImpl - resolve [simple type, class id.walt.services.key.KeyFormat]
9223 [JettyServerThreadPool-115] DEBUG io.swagger.v3.core.converter.ModelConverterContextImpl - resolve [simple type, class boolean]
9228 [JettyServerThreadPool-115] DEBUG io.swagger.v3.core.converter.ModelConverterContextImpl - resolve class id.walt.rest.core.requests.did.CreateDidRequest
9229 [JettyServerThreadPool-115] DEBUG io.swagger.v3.core.converter.ModelConverterContextImpl - resolve [simple type, class java.lang.String]
9230 [JettyServerThreadPool-115] DEBUG io.swagger.v3.core.converter.ModelConverterContextImpl - resolve class id.walt.rest.core.requests.did.CheqdCreateDidRequest
9233 [JettyServerThreadPool-115] DEBUG io.swagger.v3.core.converter.ModelConverterContextImpl - resolve class id.walt.rest.core.requests.did.EbsiCreateDidRequest
9235 [JettyServerThreadPool-115] DEBUG io.swagger.v3.core.converter.ModelConverterContextImpl - resolve [simple type, class int]
9240 [JettyServerThreadPool-115] DEBUG io.swagger.v3.core.converter.ModelConverterContextImpl - resolve class id.walt.rest.core.requests.did.IotaCreateDidRequest
9243 [JettyServerThreadPool-115] DEBUG io.swagger.v3.core.converter.ModelConverterContextImpl - resolve class id.walt.rest.core.requests.did.JWKCreateDidRequest
9250 [JettyServerThreadPool-115] DEBUG io.swagger.v3.core.converter.ModelConverterContextImpl - resolve class id.walt.rest.core.requests.did.KeyCreateDidRequest
9252 [JettyServerThreadPool-115] DEBUG io.swagger.v3.core.converter.ModelConverterContextImpl - resolve [simple type, class boolean]
9252 [JettyServerThreadPool-115] DEBUG io.swagger.v3.core.converter.ModelConverterContextImpl - resolve class id.walt.rest.core.requests.did.WebCreateDidRequest
9255 [JettyServerThreadPool-115] DEBUG io.swagger.v3.core.converter.ModelConverterContextImpl - resolve class id.walt.rest.core.ResolveDidRequest
9257 [JettyServerThreadPool-115] DEBUG io.swagger.v3.core.converter.ModelConverterContextImpl - resolve [simple type, class java.lang.String]
9258 [JettyServerThreadPool-115] DEBUG io.swagger.v3.core.converter.ModelConverterContextImpl - resolve class id.walt.rest.core.CreateVcRequest
9258 [JettyServerThreadPool-115] DEBUG io.swagger.v3.core.converter.ModelConverterContextImpl - resolve [simple type, class java.lang.String]
9260 [JettyServerThreadPool-115] DEBUG io.swagger.v3.core.converter.ModelConverterContextImpl - resolve class id.walt.rest.core.PresentVcRequest
9262 [JettyServerThreadPool-115] DEBUG io.swagger.v3.core.converter.ModelConverterContextImpl - resolve [simple type, class java.lang.String]
9263 [JettyServerThreadPool-115] DEBUG io.swagger.v3.core.converter.ModelConverterContextImpl - resolve class id.walt.rest.core.VerifyVcRequest
9272 [JettyServerThreadPool-115] DEBUG io.swagger.v3.core.converter.ModelConverterContextImpl - resolve [simple type, class java.lang.String]
9272 [JettyServerThreadPool-115] DEBUG io.swagger.v3.core.converter.ModelConverterContextImpl - resolve class id.walt.rest.core.VerifyVcRequest
9272 [JettyServerThreadPool-115] DEBUG io.swagger.v3.core.converter.ModelConverterContextImpl - resolve [simple type, class java.lang.String]
9273 [JettyServerThreadPool-115] DEBUG io.javalin.plugin.openapi.dsl.ExtractDocumentation - methodReferenceOfHandler else branch called for handler: GET path '/api-routes' and parent class = io.javalin.core.util.RouteOverviewRenderer
9273 [JettyServerThreadPool-115] DEBUG io.javalin.plugin.openapi.dsl.ExtractDocumentation - methodReferenceOfHandler else branch called for handler: GET path '/api-routes' and parent class = io.javalin.core.util.RouteOverviewRenderer
9273 [JettyServerThreadPool-115] DEBUG io.javalin.plugin.openapi.dsl.ExtractDocumentation - fieldReferenceOfHandler else branch called for handler: GET path '/api-routes' and parent class = io.javalin.core.util.RouteOverviewRenderer
9273 [JettyServerThreadPool-115] DEBUG io.javalin.plugin.openapi.dsl.ExtractDocumentation - methodReferenceOfHandler else branch called for handler: GET path '/v1/api-documentation' and parent class = io.javalin.plugin.openapi.OpenApiHandler
9273 [JettyServerThreadPool-115] DEBUG io.javalin.plugin.openapi.dsl.ExtractDocumentation - methodReferenceOfHandler else branch called for handler: GET path '/v1/api-documentation' and parent class = io.javalin.plugin.openapi.OpenApiHandler
9273 [JettyServerThreadPool-115] DEBUG io.javalin.plugin.openapi.dsl.ExtractDocumentation - fieldReferenceOfHandler else branch called for handler: GET path '/v1/api-documentation' and parent class = io.javalin.plugin.openapi.OpenApiHandler
9273 [JettyServerThreadPool-115] DEBUG io.javalin.plugin.openapi.dsl.ExtractDocumentation - methodReferenceOfHandler else branch called for handler: GET path '/v1/swagger' and parent class = io.javalin.plugin.openapi.ui.SwaggerRenderer
9273 [JettyServerThreadPool-115] DEBUG io.javalin.plugin.openapi.dsl.ExtractDocumentation - methodReferenceOfHandler else branch called for handler: GET path '/v1/swagger' and parent class = io.javalin.plugin.openapi.ui.SwaggerRenderer
9273 [JettyServerThreadPool-115] DEBUG io.javalin.plugin.openapi.dsl.ExtractDocumentation - fieldReferenceOfHandler else branch called for handler: GET path '/v1/swagger' and parent class = io.javalin.plugin.openapi.ui.SwaggerRenderer
9273 [JettyServerThreadPool-115] DEBUG io.javalin.plugin.openapi.dsl.ExtractDocumentation - methodReferenceOfHandler else branch called for handler: GET path '/v1/redoc' and parent class = io.javalin.plugin.openapi.ui.ReDocRenderer
9273 [JettyServerThreadPool-115] DEBUG io.javalin.plugin.openapi.dsl.ExtractDocumentation - methodReferenceOfHandler else branch called for handler: GET path '/v1/redoc' and parent class = io.javalin.plugin.openapi.ui.ReDocRenderer
9273 [JettyServerThreadPool-115] DEBUG io.javalin.plugin.openapi.dsl.ExtractDocumentation - fieldReferenceOfHandler else branch called for handler: GET path '/v1/redoc' and parent class = io.javalin.plugin.openapi.ui.ReDocRenderer
9274 [JettyServerThreadPool-115] DEBUG io.javalin.plugin.openapi.dsl.ExtractDocumentation - methodReferenceOfHandler else branch called for handler: GET path '/api-routes' and parent class = io.javalin.core.util.RouteOverviewRenderer
9274 [JettyServerThreadPool-115] DEBUG io.javalin.plugin.openapi.dsl.ExtractDocumentation - methodReferenceOfHandler else branch called for handler: GET path '/api-routes' and parent class = io.javalin.core.util.RouteOverviewRenderer
9274 [JettyServerThreadPool-115] DEBUG io.javalin.plugin.openapi.dsl.ExtractDocumentation - fieldReferenceOfHandler else branch called for handler: GET path '/api-routes' and parent class = io.javalin.core.util.RouteOverviewRenderer
9280 [JettyServerThreadPool-115] WARN io.javalin.plugin.openapi.JavalinOpenApi - A default response was added to the documentation of GET /api-routes
9379 [JettyServerThreadPool-115] INFO io.javalin.Javalin - JAVALIN REQUEST DEBUG LOG:
Request: GET [/v1/api-documentation]
    Matching endpoint-handlers: [BEFORE=*, GET=/v1/api-documentation]
    Headers: {Authorization=token, Accept-Charset=UTF-8, Accept=text/html,application/json, User-Agent=Ktor client, Host=localhost:7013}
    Cookies: {}
    Body: 
    QueryString: null
    QueryParams: {}
    FormParams: {}
Response: [200], execution took 259.00 ms
    Headers: {Access-Control-Allow-Origin=*, Access-Control-Allow-Methods=GET, Date=Thu, 12 Sep 2024 09:39:44 GMT, Content-Type=application/json}
    Body is 11619 bytes (starts on next line):
    {"openapi":"3.0.1","info":{"title":"walt.id Core API","description":"The walt.id public API documentation","contact":{"name":"walt.id","url":"https://walt.id","email":"office@walt.id"},"version":"1.SNAPSHOT"},"externalDocs":{"description":"walt.id docs","url":"https://docs.walt.id"},"servers":[{"url":"/"}],"paths":{"/api-routes":{"get":{"summary":"Get apiRoutes","operationId":"getApiRoutes","responses":{"200":{"description":"Default response"}}}},"/health":{"get":{"summary":"Returns HTTP 200 in case all services are up and running","operationId":"health","responses":{"200":{"description":"OK","content":{"application/json":{"schema":{"type":"string","example":null},"example":null}}}}}},"/v1/key":{"get":{"tags":["Key Management"],"summary":"List of key IDs","operationId":"listKeys","responses":{"200":{"description":"The desired key IDs","content":{"application/json":{"schema":{"type":"array","example":null,"items":{"type":"string","example":null}},"example":null}}}}}},"/v1/key/{id}":{"get":{"tags":["Key Management"],"summary":"Loads the public key in JWK format","operationId":"getV1KeyWithId","parameters":[{"name":"id","in":"path","required":true,"schema":{"type":"string","example":null}}],"responses":{"200":{"description":"OK","content":{"application/json":{"schema":{"type":"string","example":null},"example":null}}}}},"delete":{"tags":["Key Management"],"summary":"Delete key","operationId":"deleteKey","parameters":[{"name":"id","in":"path","required":true,"schema":{"type":"string","example":null}}],"requestBody":{"description":"ID of key to be deleted","content":{"text/plain":{"schema":{"type":"string","example":null},"example":null}}},"responses":{"200":{"description":"OK","content":{"application/json":{"schema":{"type":"string","example":null},"example":null}}}}}},"/v1/key/gen":{"post":{"tags":["Key Management"],"summary":"Generate key","operationId":"genKey","requestBody":{"description":"The desired key algorithm (ECDSA_Secp256k1 or EdDSA_Ed25519)","content":{"application/json":{"schema":{"$ref":"#/components/schemas/GenKeyRequest"},"example":null}}},"responses":{"200":{"description":"Key ID","content":{"application/json":{"schema":{"$ref":"#/components/schemas/KeyId"},"example":null}}}}}},"/v1/key/import":{"post":{"tags":["Key Management"],"summary":"Import key","operationId":"importKey","requestBody":{"description":"Imports the key (JWK and PEM format) to the key store","content":{"text/plain":{"schema":{"type":"string","example":null},"example":null}}},"responses":{"200":{"description":"OK","content":{"application/json":{"schema":{"type":"string","example":null},"example":null}}}}}},"/v1/key/export":{"post":{"tags":["Key Management"],"summary":"Exports public and private key part (if supported by underlying keystore)","operationId":"exportKey","requestBody":{"description":"Exports the key in JWK or PEM format","content":{"application/json":{"schema":{"$ref":"#/components/schemas/ExportKeyRequest"},"example":null}}},"responses":{"200":{"description":"The key in the desired format","content":{"application/json":{"schema":{"type":"string","example":null},"example":null}}}}}},"/v1/did":{"get":{"tags":["Decentralized Identifiers"],"summary":"List DIDs","operationId":"listDids","responses":{"200":{"description":"OK","content":{"application/json":{"schema":{"type":"array","example":null,"items":{"type":"string","example":null}},"example":null}}}}}},"/v1/did/{id}":{"get":{"tags":["Decentralized Identifiers"],"summary":"Load DID","operationId":"loadDid","parameters":[{"name":"id","in":"path","required":true,"schema":{"type":"string","example":null}}],"responses":{"200":{"description":"OK","content":{"application/json":{"schema":{"type":"string","example":null},"example":null}}}}},"delete":{"tags":["Decentralized Identifiers"],"summary":"Delete DID by url","operationId":"deleteDid","parameters":[{"name":"id","in":"path","required":true,"schema":{"type":"string","example":null}}],"responses":{"200":{"description":"Http OK","content":{"application/json":{"schema":{"type":"string","example":null},"example":null}}}}}},"/v1/did/create":{"post":{"tags":["Decentralized Identifiers"],"summary":"Create DID","operationId":"createDid","requestBody":{"description":"Defines the DID method and optionally the key to be used","content":{"application/json":{"schema":{"$ref":"#/components/schemas/CreateDidRequest"},"example":null}}},"responses":{"200":{"description":"DID document of the resolved DID","content":{"application/json":{"schema":{"type":"string","example":null},"example":null}}}}}},"/v1/did/resolve":{"post":{"tags":["Decentralized Identifiers"],"summary":"Resolve DID","operationId":"resolveDid","requestBody":{"description":"Identifier to be resolved","content":{"application/json":{"schema":{"$ref":"#/components/schemas/ResolveDidRequest"},"example":null}}},"responses":{"200":{"description":"DID document of the resolved DID","content":{"application/json":{"schema":{"type":"string","example":null},"example":null}}}}}},"/v1/did/import":{"post":{"tags":["Decentralized Identifiers"],"summary":"Import DID","operationId":"importDid","parameters":[{"name":"keyId","in":"query","allowEmptyValue":true,"schema":{"type":"string","example":null}}],"requestBody":{"description":"Resolves and imports a DID (e.g. did:key:z6MkiFniw3DEmvQ1AmF818vtFirrY1eJeYxtSoGCaGeqP5Mu) to the underlying data store","content":{"text/plain":{"schema":{"type":"string","example":null},"example":null}}},"responses":{"201":{"description":"Created","content":{"application/json":{"schema":{"type":"string","example":null},"example":null}}}}}},"/v1/vc":{"get":{"tags":["Verifiable Credentials"],"summary":"List VCs","operationId":"listVcs","responses":{"200":{"description":"OK","content":{"application/json":{"schema":{"type":"array","example":null,"items":{"type":"string","example":null}},"example":null}}}}}},"/v1/vc/{id}":{"get":{"tags":["Verifiable Credentials"],"summary":"Load VC","operationId":"loadVc","parameters":[{"name":"id","in":"path","required":true,"schema":{"type":"string","example":null}}],"requestBody":{"description":"ID of the DID to be loaded","content":{"text/plain":{"schema":{"type":"string","example":null},"example":null}}},"responses":{"200":{"description":"OK","content":{"application/json":{"schema":{"type":"string","example":null},"example":null}}}}},"delete":{"tags":["Verifiable Credentials"],"summary":"Delete VC","operationId":"deleteVc","parameters":[{"name":"id","in":"path","required":true,"schema":{"type":"string","example":null}}],"requestBody":{"description":"ID of VC to be deleted","content":{"text/plain":{"schema":{"type":"string","example":null},"example":null}}},"responses":{"200":{"description":"OK","content":{"application/json":{"schema":{"type":"string","example":null},"example":null}}}}}},"/v1/vc/create":{"post":{"tags":["Verifiable Credentials"],"summary":"Create VC","operationId":"createVc","requestBody":{"description":"Create a W3C Verifiable Credential by providing the full credential content (credentialOffer).","content":{"application/json":{"schema":{"$ref":"#/components/schemas/CreateVcRequest"},"example":null}}},"responses":{"200":{"description":"The signed credential","content":{"application/json":{"schema":{"type":"string","example":null},"example":null}}}}}},"/v1/vc/present":{"post":{"tags":["Verifiable Credentials"],"summary":"Present VC","operationId":"presentVc","requestBody":{"description":"Defines the VC to be presented","content":{"application/json":{"schema":{"$ref":"#/components/schemas/PresentVcRequest"},"example":null}}},"responses":{"200":{"description":"The signed presentation","content":{"application/json":{"schema":{"type":"string","example":null},"example":null}}}}}},"/v1/vc/verify":{"post":{"tags":["Verifiable Credentials"],"summary":"Verify VC","operationId":"verifyVc","requestBody":{"description":"VC to be verified","content":{"application/json":{"schema":{"$ref":"#/components/schemas/VerifyVcRequest"},"example":null}}},"responses":{"200":{"description":"Verification result object","content":{"application/json":{"schema":{"$ref":"#/components/schemas/VerifyVcRequest"},"example":null}}}}}},"/v1/vc/import":{"post":{"tags":["Verifiable Credentials"],"summary":"Import VC","operationId":"importVc","requestBody":{"content":{"text/plain":{"schema":{"type":"string","example":null},"example":null}}},"responses":{"200":{"description":"OK","content":{"application/json":{"schema":{"type":"string","example":null},"example":null}}}}}}},"components":{"schemas":{"GenKeyRequest":{"required":["keyAlgorithm"],"type":"object","properties":{"keyAlgorithm":{"type":"string","example":null,"enum":["EdDSA_Ed25519","ECDSA_Secp256k1","RSA","ECDSA_Secp256r1"]}},"example":null},"KeyId":{"required":["id"],"type":"object","properties":{"id":{"type":"string","example":null}},"example":null},"ExportKeyRequest":{"required":["exportPrivate","format","keyAlias"],"type":"object","properties":{"keyAlias":{"type":"string","example":null},"format":{"type":"string","example":null,"enum":["JWK","PEM"]},"exportPrivate":{"type":"boolean","example":null}},"example":null},"CheqdCreateDidRequest":{"required":["method","network"],"type":"object","example":null,"allOf":[{"$ref":"#/components/schemas/CreateDidRequest"},{"type":"object","properties":{"network":{"type":"string","example":null}},"example":null}]},"CreateDidRequest":{"required":["method"],"type":"object","properties":{"method":{"type":"string","example":null},"keyAlias":{"type":"string","example":null}},"example":null},"EbsiCreateDidRequest":{"required":["method","version"],"type":"object","example":null,"allOf":[{"$ref":"#/components/schemas/CreateDidRequest"},{"type":"object","properties":{"version":{"type":"integer","format":"int32","example":null}},"example":null}]},"IotaCreateDidRequest":{"required":["method"],"type":"object","example":null,"allOf":[{"$ref":"#/components/schemas/CreateDidRequest"}]},"JWKCreateDidRequest":{"required":["method"],"type":"object","example":null,"allOf":[{"$ref":"#/components/schemas/CreateDidRequest"}]},"KeyCreateDidRequest":{"required":["method","useJwkJcsPub"],"type":"object","example":null,"allOf":[{"$ref":"#/components/schemas/CreateDidRequest"},{"type":"object","properties":{"useJwkJcsPub":{"type":"boolean","example":null}},"example":null}]},"WebCreateDidRequest":{"required":["method"],"type":"object","example":null,"allOf":[{"$ref":"#/components/schemas/CreateDidRequest"},{"type":"object","properties":{"domain":{"type":"string","example":null},"path":{"type":"string","example":null}},"example":null}]},"ResolveDidRequest":{"required":["did"],"type":"object","properties":{"did":{"type":"string","example":null}},"example":null},"CreateVcRequest":{"required":["issuerDid"],"type":"object","properties":{"issuerDid":{"type":"string","example":null},"subjectDid":{"type":"string","example":null},"credentialOffer":{"type":"string","example":null},"templateId":{"type":"string","example":null},"domain":{"type":"string","example":null},"nonce":{"type":"string","example":null}},"example":null},"PresentVcRequest":{"required":["holderDid","vc"],"type":"object","properties":{"vc":{"type":"string","example":null},"holderDid":{"type":"string","example":null},"domain":{"type":"string","example":null},"challenge":{"type":"string","example":null}},"example":null},"VerifyVcRequest":{"required":["vcOrVp"],"type":"object","properties":{"vcOrVp":{"type":"string","example":null}},"example":null}},"securitySchemes":{"http":{"type":"http","description":"HTTP Bearer Token authentication","name":"bearerAuth","in":"header","scheme":"bearer","bearerFormat":"JWT"}}}}
----------------------------------------------------------------------------------
9386 [JettyServerThreadPool-111] DEBUG id.walt.services.keystore.HKVKeyStoreService - Storing key "92a77ce95d0349a0addcb68b2f576e5f".
9386 [JettyServerThreadPool-111] INFO io.javalin.Javalin - JAVALIN REQUEST DEBUG LOG:
Request: POST [/v1/key/gen]
    Matching endpoint-handlers: [BEFORE=*, POST=/v1/key/gen]
    Headers: {Accept-Charset=UTF-8, Accept=application/json, User-Agent=Ktor client, Host=localhost:7013, Content-Length=32, Content-Type=application/json}
    Cookies: {}
    Body: {"keyAlgorithm":"EdDSA_Ed25519"}
    QueryString: null
    QueryParams: {}
    FormParams: {}
Response: [200], execution took 0.86 ms
    Headers: {Date=Thu, 12 Sep 2024 09:39:44 GMT, Content-Type=application/json}
    Body is 43 bytes (starts on next line):
    {"id" : "92a77ce95d0349a0addcb68b2f576e5f"}
----------------------------------------------------------------------------------
9389 [pool-1-thread-1 @coroutine#574] DEBUG id.walt.services.keystore.HKVKeyStoreService - Loading key "92a77ce95d0349a0addcb68b2f576e5f".
9391 [JettyServerThreadPool-110] DEBUG id.walt.services.keystore.HKVKeyStoreService - Storing key "2e2a3df05cf74c3289d1b1aaf204b23a".
9391 [JettyServerThreadPool-110] INFO io.javalin.Javalin - JAVALIN REQUEST DEBUG LOG:
Request: POST [/v1/key/gen]
    Matching endpoint-handlers: [BEFORE=*, POST=/v1/key/gen]
    Headers: {Accept-Charset=UTF-8, Accept=application/json, User-Agent=Ktor client, Host=localhost:7013, Content-Length=34, Content-Type=application/json}
    Cookies: {}
    Body: {"keyAlgorithm":"ECDSA_Secp256k1"}
    QueryString: null
    QueryParams: {}
    FormParams: {}
Response: [200], execution took 0.74 ms
    Headers: {Date=Thu, 12 Sep 2024 09:39:44 GMT, Content-Type=application/json}
    Body is 43 bytes (starts on next line):
    {"id" : "2e2a3df05cf74c3289d1b1aaf204b23a"}
----------------------------------------------------------------------------------
9393 [pool-1-thread-1 @coroutine#585] DEBUG id.walt.services.keystore.HKVKeyStoreService - Loading key "2e2a3df05cf74c3289d1b1aaf204b23a".
9411 [JettyServerThreadPool-129] ERROR id.walt.rest.core.CoreAPI - com.fasterxml.jackson.databind.exc.InvalidFormatException: Cannot deserialize value of type `id.walt.crypto.KeyAlgorithm` from String "ECDSA_Secp256k1-asdf": not one of the values accepted for Enum class: [RSA, EdDSA_Ed25519, ECDSA_Secp256r1, ECDSA_Secp256k1]
 at [Source: (String)"{"keyAlgorithm":"ECDSA_Secp256k1-asdf"}"; line: 1, column: 17] (through reference chain: id.walt.rest.core.GenKeyRequest["keyAlgorithm"])
	at com.fasterxml.jackson.databind.exc.InvalidFormatException.from(InvalidFormatException.java:67)
	at com.fasterxml.jackson.databind.DeserializationContext.weirdStringException(DeserializationContext.java:2002)
	at com.fasterxml.jackson.databind.DeserializationContext.handleWeirdStringValue(DeserializationContext.java:1230)
	at com.fasterxml.jackson.databind.deser.std.EnumDeserializer._deserializeAltString(EnumDeserializer.java:415)
	at com.fasterxml.jackson.databind.deser.std.EnumDeserializer._fromString(EnumDeserializer.java:279)
	at com.fasterxml.jackson.databind.deser.std.EnumDeserializer.deserialize(EnumDeserializer.java:248)
	at com.fasterxml.jackson.databind.deser.SettableBeanProperty.deserialize(SettableBeanProperty.java:545)
	at com.fasterxml.jackson.databind.deser.BeanDeserializer._deserializeWithErrorWrapping(BeanDeserializer.java:570)
	at com.fasterxml.jackson.databind.deser.BeanDeserializer._deserializeUsingPropertyBased(BeanDeserializer.java:439)
	at com.fasterxml.jackson.databind.deser.BeanDeserializerBase.deserializeFromObjectUsingNonDefault(BeanDeserializerBase.java:1409)
	at com.fasterxml.jackson.databind.deser.BeanDeserializer.deserializeFromObject(BeanDeserializer.java:352)
	at com.fasterxml.jackson.databind.deser.BeanDeserializer.deserialize(BeanDeserializer.java:185)
	at com.fasterxml.jackson.databind.deser.DefaultDeserializationContext.readRootValue(DefaultDeserializationContext.java:323)
	at com.fasterxml.jackson.databind.ObjectMapper._readMapAndClose(ObjectMapper.java:4825)
	at com.fasterxml.jackson.databind.ObjectMapper.readValue(ObjectMapper.java:3772)
	at com.fasterxml.jackson.databind.ObjectMapper.readValue(ObjectMapper.java:3740)
	at io.javalin.plugin.json.JavalinJackson.fromJsonString(JavalinJackson.kt:37)
	at id.walt.rest.core.CoreAPI$start$2$1$3.fromJsonString(CoreAPI.kt:114)
	at io.javalin.http.Context.bodyAsClass(Context.kt:113)
	at id.walt.rest.core.KeyController.gen(KeyController.kt:29)
	at id.walt.rest.core.CoreAPI$start$3$3$1$4.invoke(CoreAPI.kt:132)
	at id.walt.rest.core.CoreAPI$start$3$3$1$4.invoke(CoreAPI.kt:132)
	at io.javalin.plugin.openapi.dsl.OpenApiBuilder.documented$lambda-0(OpenApiBuilder.kt:23)
	at io.javalin.plugin.openapi.dsl.DocumentedHandler.handle(DocumentedHandler.kt:10)
	at io.javalin.core.security.SecurityUtil.noopAccessManager(SecurityUtil.kt:20)
	at io.javalin.http.JavalinServlet.addHandler$lambda-0(JavalinServlet.kt:96)
	at io.javalin.http.JavalinServlet$lifecycle$2$1$1.invoke(JavalinServlet.kt:43)
	at io.javalin.http.JavalinServlet$lifecycle$2$1$1.invoke(JavalinServlet.kt:43)
	at io.javalin.http.JavalinServletHandler.executeNextTask(JavalinServletHandler.kt:99)
	at io.javalin.http.JavalinServletHandler.queueNextTaskOrFinish$lambda-1(JavalinServletHandler.kt:85)
	at java.base/java.util.concurrent.CompletableFuture.uniComposeStage(CompletableFuture.java:1187)
	at java.base/java.util.concurrent.CompletableFuture.thenCompose(CompletableFuture.java:2309)
	at io.javalin.http.JavalinServletHandler.queueNextTaskOrFinish$javalin(JavalinServletHandler.kt:85)
	at io.javalin.http.JavalinServletHandler.executeNextTask$lambda-11$lambda-10(JavalinServletHandler.kt:119)
	at java.base/java.util.concurrent.CompletableFuture.uniApplyNow(CompletableFuture.java:684)
	at java.base/java.util.concurrent.CompletableFuture.uniApplyStage(CompletableFuture.java:662)
	at java.base/java.util.concurrent.CompletableFuture.thenApply(CompletableFuture.java:2168)
	at io.javalin.http.JavalinServletHandler.executeNextTask(JavalinServletHandler.kt:119)
	at io.javalin.http.JavalinServletHandler.queueNextTaskOrFinish$lambda-1(JavalinServletHandler.kt:85)
	at java.base/java.util.concurrent.CompletableFuture.uniComposeStage(CompletableFuture.java:1187)
	at java.base/java.util.concurrent.CompletableFuture.thenCompose(CompletableFuture.java:2309)
	at io.javalin.http.JavalinServletHandler.queueNextTaskOrFinish$javalin(JavalinServletHandler.kt:85)
	at io.javalin.http.JavalinServlet.service(JavalinServlet.kt:89)
	at javax.servlet.http.HttpServlet.service(HttpServlet.java:790)
	at io.javalin.jetty.JavalinJettyServlet.service(JavalinJettyServlet.kt:58)
	at javax.servlet.http.HttpServlet.service(HttpServlet.java:790)
	at org.eclipse.jetty.servlet.ServletHolder.handle(ServletHolder.java:799)
	at org.eclipse.jetty.servlet.ServletHandler.doHandle(ServletHandler.java:554)
	at org.eclipse.jetty.server.handler.ScopedHandler.nextHandle(ScopedHandler.java:233)
	at org.eclipse.jetty.server.session.SessionHandler.doHandle(SessionHandler.java:1624)
	at org.eclipse.jetty.server.handler.ScopedHandler.nextHandle(ScopedHandler.java:233)
	at io.javalin.jetty.JettyServer$start$wsAndHttpHandler$1.doHandle(JettyServer.kt:52)
	at org.eclipse.jetty.server.handler.ScopedHandler.nextScope(ScopedHandler.java:188)
	at org.eclipse.jetty.servlet.ServletHandler.doScope(ServletHandler.java:505)
	at org.eclipse.jetty.server.session.SessionHandler.doScope(SessionHandler.java:1594)
	at org.eclipse.jetty.server.handler.ScopedHandler.nextScope(ScopedHandler.java:186)
	at org.eclipse.jetty.server.handler.ContextHandler.doScope(ContextHandler.java:1355)
	at org.eclipse.jetty.server.handler.ScopedHandler.handle(ScopedHandler.java:141)
	at org.eclipse.jetty.server.handler.StatisticsHandler.handle(StatisticsHandler.java:181)
	at org.eclipse.jetty.server.handler.HandlerWrapper.handle(HandlerWrapper.java:127)
	at org.eclipse.jetty.server.Server.handle(Server.java:516)
	at org.eclipse.jetty.server.HttpChannel.lambda$handle$1(HttpChannel.java:487)
	at org.eclipse.jetty.server.HttpChannel.dispatch(HttpChannel.java:732)
	at org.eclipse.jetty.server.HttpChannel.handle(HttpChannel.java:479)
	at org.eclipse.jetty.server.HttpConnection.onFillable(HttpConnection.java:277)
	at org.eclipse.jetty.io.AbstractConnection$ReadCallback.succeeded(AbstractConnection.java:311)
	at org.eclipse.jetty.io.FillInterest.fillable(FillInterest.java:105)
	at org.eclipse.jetty.io.ChannelEndPoint$1.run(ChannelEndPoint.java:104)
	at org.eclipse.jetty.util.thread.strategy.EatWhatYouKill.runTask(EatWhatYouKill.java:338)
	at org.eclipse.jetty.util.thread.strategy.EatWhatYouKill.doProduce(EatWhatYouKill.java:315)
	at org.eclipse.jetty.util.thread.strategy.EatWhatYouKill.tryProduce(EatWhatYouKill.java:173)
	at org.eclipse.jetty.util.thread.strategy.EatWhatYouKill.run(EatWhatYouKill.java:131)
	at org.eclipse.jetty.util.thread.ReservedThreadExecutor$ReservedThread.run(ReservedThreadExecutor.java:409)
	at org.eclipse.jetty.util.thread.QueuedThreadPool.runJob(QueuedThreadPool.java:883)
	at org.eclipse.jetty.util.thread.QueuedThreadPool$Runner.run(QueuedThreadPool.java:1034)
	at java.base/java.lang.Thread.run(Thread.java:833)

9415 [JettyServerThreadPool-129] INFO io.javalin.Javalin - JAVALIN REQUEST DEBUG LOG:
Request: POST [/v1/key/gen]
    Matching endpoint-handlers: [BEFORE=*, POST=/v1/key/gen]
    Headers: {Accept-Charset=UTF-8, Accept=application/json, User-Agent=Ktor client, Host=localhost:7013, Content-Length=39, Content-Type=application/json}
    Cookies: {}
    Body: {"keyAlgorithm":"ECDSA_Secp256k1-asdf"}
    QueryString: null
    QueryParams: {}
    FormParams: {}
Response: [400], execution took 5.96 ms
    Headers: {Date=Thu, 12 Sep 2024 09:39:44 GMT, Content-Type=application/json}
    Body is 432 bytes (starts on next line):
    {"details" : [], "status" : 400, "title" : "Cannot deserialize value of type `id.walt.crypto.KeyAlgorithm` from String \"ECDSA_Secp256k1-asdf\": not one of the values accepted for Enum class: [RSA, EdDSA_Ed25519, ECDSA_Secp256r1, ECDSA_Secp256k1]\n at [Source: (String)\"{\"keyAlgorithm\":\"ECDSA_Secp256k1-asdf\"}\"; line: 1, column: 17] (through reference chain: id.walt.rest.core.GenKeyRequest[\"keyAlgorithm\"])", "type" : null}
----------------------------------------------------------------------------------
9423 [JettyServerThreadPool-128] INFO io.javalin.Javalin - JAVALIN REQUEST DEBUG LOG:
Request: GET [/health]
    Matching endpoint-handlers: [BEFORE=*, GET=/health]
    Headers: {Authorization=token, Accept-Charset=UTF-8, Accept=text/html,application/json, User-Agent=Ktor client, Host=localhost:7013}
    Cookies: {}
    Body: 
    QueryString: null
    QueryParams: {}
    FormParams: {}
Response: [200], execution took 0.21 ms
    Headers: {Date=Thu, 12 Sep 2024 09:39:44 GMT, Content-Type=text/html}
    Body is 2 bytes (starts on next line):
    OK
----------------------------------------------------------------------------------
9427 [JettyServerThreadPool-112] INFO io.javalin.Javalin - JAVALIN REQUEST DEBUG LOG:
Request: GET [/v1/key]
    Matching endpoint-handlers: [BEFORE=*, GET=/v1/key]
    Headers: {Accept-Charset=UTF-8, Accept=application/json, User-Agent=Ktor client, Host=localhost:7013}
    Cookies: {}
    Body: 
    QueryString: null
    QueryParams: {}
    FormParams: {}
Response: [200], execution took 0.18 ms
    Headers: {Date=Thu, 12 Sep 2024 09:39:44 GMT, Content-Type=application/json}
    Body is 2 bytes (starts on next line):
    []
----------------------------------------------------------------------------------
9431 [pool-1-thread-1 @coroutine#618] DEBUG id.walt.services.keystore.HKVKeyStoreService - Storing key "75016da52b05453ab85bedb8e61a9bee".
9431 [pool-1-thread-1 @coroutine#618] DEBUG id.walt.services.keystore.HKVKeyStoreService - Loading key "75016da52b05453ab85bedb8e61a9bee".
9431 [pool-1-thread-1 @coroutine#618] DEBUG id.walt.services.keystore.HKVKeyStoreService - Loading key "75016da52b05453ab85bedb8e61a9bee".
9431 [pool-1-thread-1 @coroutine#618] DEBUG id.walt.services.did.composers.DidDocumentComposerBase - Verification method JWK for kid: {"kty":"OKP","use":"sig","crv":"Ed25519","kid":"75016da52b05453ab85bedb8e61a9bee","x":"M5e5EMpHoMVvgtXOQEYXL_MKNlqsdRfZpGlS5xjg0AQ","alg":"EdDSA"}
9431 [pool-1-thread-1 @coroutine#618] DEBUG id.walt.services.did.composers.DidDocumentComposerBase - Verification method public JWK: {"kty":"OKP","use":"sig","crv":"Ed25519","kid":"75016da52b05453ab85bedb8e61a9bee","x":"M5e5EMpHoMVvgtXOQEYXL_MKNlqsdRfZpGlS5xjg0AQ","alg":"EdDSA"}
9432 [pool-1-thread-1 @coroutine#618] DEBUG id.walt.services.did.composers.DidDocumentComposerBase - Verification method parsed public JWK: Jwk(kid=75016da52b05453ab85bedb8e61a9bee, kty=OKP, alg=EdDSA, crv=Ed25519, use=sig, x=M5e5EMpHoMVvgtXOQEYXL_MKNlqsdRfZpGlS5xjg0AQ, y=null, d=null, n=null, e=null, x5u=null)
9433 [pool-1-thread-1 @coroutine#618] DEBUG id.walt.services.keystore.HKVKeyStoreService - Loading key "75016da52b05453ab85bedb8e61a9bee".
9433 [pool-1-thread-1 @coroutine#618] DEBUG id.walt.services.did.DidService - A key with the id "75016da52b05453ab85bedb8e61a9bee" exists.
9433 [pool-1-thread-1 @coroutine#618] DEBUG id.walt.model.DidUrl - Trying to create DidUrl from URL: "did:web:example.com"...
9433 [pool-1-thread-1 @coroutine#618] DEBUG id.walt.model.DidUrl - Trying to create DidUrl from URL: "did:web:example.com"...
9434 [pool-1-thread-1 @coroutine#618] DEBUG id.walt.services.keystore.HKVKeyStoreService - Storing key "4c87503d6204466d854d7a4a32bea83b".
9434 [pool-1-thread-1 @coroutine#618] DEBUG id.walt.services.keystore.HKVKeyStoreService - Loading key "4c87503d6204466d854d7a4a32bea83b".
9434 [pool-1-thread-1 @coroutine#618] DEBUG id.walt.model.DidUrl - Trying to create DidUrl from URL: "did:key:z6MkpXqQgx8Lw7LsLDrKoHG3uyemRy7KBivKyG8k9BEigbY7"...
9435 [pool-1-thread-1 @coroutine#618] DEBUG id.walt.services.keystore.HKVKeyStoreService - Loading key "4c87503d6204466d854d7a4a32bea83b".
9435 [pool-1-thread-1 @coroutine#618] DEBUG id.walt.services.did.DidService - A key with the id "4c87503d6204466d854d7a4a32bea83b" exists.
9435 [pool-1-thread-1 @coroutine#618] DEBUG id.walt.model.DidUrl - Trying to create DidUrl from URL: "did:key:z6MkpXqQgx8Lw7LsLDrKoHG3uyemRy7KBivKyG8k9BEigbY7"...
9435 [pool-1-thread-1 @coroutine#618] DEBUG id.walt.model.DidUrl - Trying to create DidUrl from URL: "did:key:z6MkpXqQgx8Lw7LsLDrKoHG3uyemRy7KBivKyG8k9BEigbY7"...
9436 [pool-1-thread-1 @coroutine#618] DEBUG id.walt.services.vc.WaltIdJsonLdCredentialService - Signing jsonLd object with: issuerDid (did:web:example.com), domain (null), nonce (null
9437 [pool-1-thread-1 @coroutine#618] DEBUG id.walt.services.keystore.HKVKeyStoreService - Loading key "did:web:example.com".
9437 [pool-1-thread-1 @coroutine#618] DEBUG id.walt.services.vc.WaltIdJsonLdCredentialService - Signing: {"type":["VerifiableCredential","VerifiableAttestation"],"@context":["https://www.w3.org/2018/credentials/v1"],"id":"1726133984656","issuer":"did:web:example.com","issuanceDate":"2021-12-03T10:15:30Z","issued":"2024-09-12T11:39:44Z","credentialSchema":{"id":"https://essif.europa.eu/tsr/education/CSR1224.json","type":"JsonSchemaValidator2018"},"credentialSubject":{"id":"did:key:z6MkpXqQgx8Lw7LsLDrKoHG3uyemRy7KBivKyG8k9BEigbY7","authorizationClaims":["claim1","claim2"]},"credentialStatus":{"id":"https://essif.europa.eu/status","type":"CredentialsStatusList2020"}}
Sep 12, 2024 11:39:44 AM com.apicatalog.jsonld.deseralization.JsonLdToRdf build
WARNING: Non well-formed subject [1726133984656] has been skipped.
9439 [pool-1-thread-1 @coroutine#618] DEBUG id.walt.services.keystore.HKVKeyStoreService - Loading key "75016da52b05453ab85bedb8e61a9bee".
9439 [pool-1-thread-1 @coroutine#618] DEBUG id.walt.services.keystore.HKVKeyStoreService - Loading key "75016da52b05453ab85bedb8e61a9bee".
9439 [pool-1-thread-1 @coroutine#618] DEBUG id.walt.services.keystore.HKVKeyStoreService - Loading key "75016da52b05453ab85bedb8e61a9bee".
9443 [JettyServerThreadPool-113] DEBUG id.walt.services.vc.WaltIdJsonLdCredentialService - Creating a presentation for VCs:
[PresentableCredential(verifiableCredential={"type":["VerifiableCredential","VerifiableAttestation"],"@context":["https://www.w3.org/2018/credentials/v1","https://w3id.org/security/suites/jws-2020/v1"],"id":"1726133984656","issuer":"did:web:example.com","issuanceDate":"2021-12-03T10:15:30Z","issued":"2024-09-12T11:39:44Z","proof":{"type":"JsonWebSignature2020","creator":"did:web:example.com","created":"2024-09-12T09:39:44Z","verificationMethod":"did:web:example.com","jws":"eyJiNjQiOmZhbHNlLCJjcml0IjpbImI2NCJdLCJhbGciOiJFZERTQSJ9..3TKmZzEMgcSxqVMFvJAVqngJ_a0Fy28r9PdK2p0X9B2gG1R490LeJHk7t-zv5Am0iD_LW3to_TuaLJIueJe_CQ"},"credentialSchema":{"id":"https://essif.europa.eu/tsr/education/CSR1224.json","type":"JsonSchemaValidator2018"},"credentialSubject":{"id":"did:key:z6MkpXqQgx8Lw7LsLDrKoHG3uyemRy7KBivKyG8k9BEigbY7","authorizationClaims":["claim1","claim2"]},"credentialStatus":{"id":"https://essif.europa.eu/status","type":"CredentialsStatusList2020"}}, selectiveDisclosure=null, discloseAll=false)]
9443 [JettyServerThreadPool-113] DEBUG id.walt.model.DidUrl - Trying to create DidUrl from URL: "did:key:z6MkpXqQgx8Lw7LsLDrKoHG3uyemRy7KBivKyG8k9BEigbY7"...
9443 [JettyServerThreadPool-113] DEBUG id.walt.services.vc.WaltIdJsonLdCredentialService - Signing jsonLd object with: issuerDid (did:key:z6MkpXqQgx8Lw7LsLDrKoHG3uyemRy7KBivKyG8k9BEigbY7), domain (domain.com), nonce (nonce
9443 [JettyServerThreadPool-113] DEBUG id.walt.services.keystore.HKVKeyStoreService - Loading key "did:key:z6MkpXqQgx8Lw7LsLDrKoHG3uyemRy7KBivKyG8k9BEigbY7#z6MkpXqQgx8Lw7LsLDrKoHG3uyemRy7KBivKyG8k9BEigbY7".
9443 [JettyServerThreadPool-113] DEBUG id.walt.services.vc.WaltIdJsonLdCredentialService - Signing: {"type":["VerifiablePresentation"],"@context":["https://www.w3.org/2018/credentials/v1"],"id":"urn:uuid:32d39813-2818-4c8e-a61d-413f68f41481","holder":"did:key:z6MkpXqQgx8Lw7LsLDrKoHG3uyemRy7KBivKyG8k9BEigbY7","verifiableCredential":[{"type":["VerifiableCredential","VerifiableAttestation"],"@context":["https://www.w3.org/2018/credentials/v1","https://w3id.org/security/suites/jws-2020/v1"],"id":"1726133984656","issuer":"did:web:example.com","issuanceDate":"2021-12-03T10:15:30Z","issued":"2024-09-12T11:39:44Z","proof":{"type":"JsonWebSignature2020","creator":"did:web:example.com","created":"2024-09-12T09:39:44Z","verificationMethod":"did:web:example.com","jws":"eyJiNjQiOmZhbHNlLCJjcml0IjpbImI2NCJdLCJhbGciOiJFZERTQSJ9..3TKmZzEMgcSxqVMFvJAVqngJ_a0Fy28r9PdK2p0X9B2gG1R490LeJHk7t-zv5Am0iD_LW3to_TuaLJIueJe_CQ"},"credentialSchema":{"id":"https://essif.europa.eu/tsr/education/CSR1224.json","type":"JsonSchemaValidator2018"},"credentialSubject":{"id":"did:key:z6MkpXqQgx8Lw7LsLDrKoHG3uyemRy7KBivKyG8k9BEigbY7","authorizationClaims":["claim1","claim2"]},"credentialStatus":{"id":"https://essif.europa.eu/status","type":"CredentialsStatusList2020"}}]}
Sep 12, 2024 11:39:44 AM com.apicatalog.jsonld.deseralization.JsonLdToRdf build
WARNING: Non well-formed subject [1726133984656] has been skipped.
9446 [JettyServerThreadPool-113] DEBUG id.walt.services.keystore.HKVKeyStoreService - Loading key "4c87503d6204466d854d7a4a32bea83b".
9446 [JettyServerThreadPool-113] DEBUG id.walt.services.keystore.HKVKeyStoreService - Loading key "4c87503d6204466d854d7a4a32bea83b".
9446 [JettyServerThreadPool-113] DEBUG id.walt.services.keystore.HKVKeyStoreService - Loading key "4c87503d6204466d854d7a4a32bea83b".
9447 [JettyServerThreadPool-113] DEBUG id.walt.services.vc.WaltIdJsonLdCredentialService - VP created:{
  "type" : [ "VerifiablePresentation" ],
  "@context" : [ "https://www.w3.org/2018/credentials/v1", "https://w3id.org/security/suites/jws-2020/v1" ],
  "id" : "urn:uuid:32d39813-2818-4c8e-a61d-413f68f41481",
  "holder" : "did:key:z6MkpXqQgx8Lw7LsLDrKoHG3uyemRy7KBivKyG8k9BEigbY7",
  "verifiableCredential" : [ {
    "type" : [ "VerifiableCredential", "VerifiableAttestation" ],
    "@context" : [ "https://www.w3.org/2018/credentials/v1", "https://w3id.org/security/suites/jws-2020/v1" ],
    "id" : "1726133984656",
    "issuer" : "did:web:example.com",
    "issuanceDate" : "2021-12-03T10:15:30Z",
    "issued" : "2024-09-12T11:39:44Z",
    "proof" : {
      "type" : "JsonWebSignature2020",
      "creator" : "did:web:example.com",
      "created" : "2024-09-12T09:39:44Z",
      "verificationMethod" : "did:web:example.com",
      "jws" : "eyJiNjQiOmZhbHNlLCJjcml0IjpbImI2NCJdLCJhbGciOiJFZERTQSJ9..3TKmZzEMgcSxqVMFvJAVqngJ_a0Fy28r9PdK2p0X9B2gG1R490LeJHk7t-zv5Am0iD_LW3to_TuaLJIueJe_CQ"
    },
    "credentialSchema" : {
      "id" : "https://essif.europa.eu/tsr/education/CSR1224.json",
      "type" : "JsonSchemaValidator2018"
    },
    "credentialSubject" : {
      "id" : "did:key:z6MkpXqQgx8Lw7LsLDrKoHG3uyemRy7KBivKyG8k9BEigbY7",
      "authorizationClaims" : [ "claim1", "claim2" ]
    },
    "credentialStatus" : {
      "id" : "https://essif.europa.eu/status",
      "type" : "CredentialsStatusList2020"
    }
  } ],
  "proof" : {
    "type" : "JsonWebSignature2020",
    "creator" : "did:key:z6MkpXqQgx8Lw7LsLDrKoHG3uyemRy7KBivKyG8k9BEigbY7",
    "created" : "2024-09-12T09:39:44Z",
    "domain" : "domain.com",
    "nonce" : "nonce",
    "proofPurpose" : "authentication",
    "verificationMethod" : "did:key:z6MkpXqQgx8Lw7LsLDrKoHG3uyemRy7KBivKyG8k9BEigbY7#z6MkpXqQgx8Lw7LsLDrKoHG3uyemRy7KBivKyG8k9BEigbY7",
    "jws" : "eyJiNjQiOmZhbHNlLCJjcml0IjpbImI2NCJdLCJhbGciOiJFZERTQSJ9..2SLy0jRpxX8nVPmQDOetwRjjhDUe9AU5refRRtrDOxazSDRkUN8ty9-wCnmp178adrcVvHJhnKiZ3IHY2UTHBQ"
  }
}
9447 [JettyServerThreadPool-113] INFO io.javalin.Javalin - JAVALIN REQUEST DEBUG LOG:
Request: POST [/v1/vc/present]
    Matching endpoint-handlers: [BEFORE=*, POST=/v1/vc/present]
    Headers: {Accept-Charset=UTF-8, Accept=application/json, User-Agent=Ktor client, Host=localhost:7013, Content-Length=1294, Content-Type=application/json}
    Cookies: {}
    Body: {"vc":"{\n  \"type\" : [ \"VerifiableCredential\", \"VerifiableAttestation\" ],\n  \"@context\" : [ \"https://www.w3.org/2018/credentials/v1\", \"https://w3id.org/security/suites/jws-2020/v1\" ],\n  \"id\" : \"1726133984656\",\n  \"issuer\" : \"did:web:example.com\",\n  \"issuanceDate\" : \"2021-12-03T10:15:30Z\",\n  \"issued\" : \"2024-09-12T11:39:44Z\",\n  \"credentialSchema\" : {\n    \"id\" : \"https://essif.europa.eu/tsr/education/CSR1224.json\",\n    \"type\" : \"JsonSchemaValidator2018\"\n  },\n  \"credentialSubject\" : {\n    \"id\" : \"did:key:z6MkpXqQgx8Lw7LsLDrKoHG3uyemRy7KBivKyG8k9BEigbY7\",\n    \"authorizationClaims\" : [ \"claim1\", \"claim2\" ]\n  },\n  \"credentialStatus\" : {\n    \"id\" : \"https://essif.europa.eu/status\",\n    \"type\" : \"CredentialsStatusList2020\"\n  },\n  \"proof\" : {\n    \"type\" : \"JsonWebSignature2020\",\n    \"creator\" : \"did:web:example.com\",\n    \"created\" : \"2024-09-12T09:39:44Z\",\n    \"verificationMethod\" : \"did:web:example.com\",\n    \"jws\" : \"eyJiNjQiOmZhbHNlLCJjcml0IjpbImI2NCJdLCJhbGciOiJFZERTQSJ9..3TKmZzEMgcSxqVMFvJAVqngJ_a0Fy28r9PdK2p0X9B2gG1R490LeJHk7t-zv5Am0iD_LW3to_TuaLJIueJe_CQ\"\n  }\n}","holderDid":"did:key:z6MkpXqQgx8Lw7LsLDrKoHG3uyemRy7KBivKyG8k9BEigbY7","domain":"domain.com","challenge":"nonce"}
    QueryString: null
    QueryParams: {}
    FormParams: {}
Response: [200], execution took 4.98 ms
    Headers: {Date=Thu, 12 Sep 2024 09:39:44 GMT, Content-Type=text/plain}
    Body is 1990 bytes (starts on next line):
    {
  "type" : [ "VerifiablePresentation" ],
  "@context" : [ "https://www.w3.org/2018/credentials/v1", "https://w3id.org/security/suites/jws-2020/v1" ],
  "id" : "urn:uuid:32d39813-2818-4c8e-a61d-413f68f41481",
  "holder" : "did:key:z6MkpXqQgx8Lw7LsLDrKoHG3uyemRy7KBivKyG8k9BEigbY7",
  "verifiableCredential" : [ {
    "type" : [ "VerifiableCredential", "VerifiableAttestation" ],
    "@context" : [ "https://www.w3.org/2018/credentials/v1", "https://w3id.org/security/suites/jws-2020/v1" ],
    "id" : "1726133984656",
    "issuer" : "did:web:example.com",
    "issuanceDate" : "2021-12-03T10:15:30Z",
    "issued" : "2024-09-12T11:39:44Z",
    "proof" : {
      "type" : "JsonWebSignature2020",
      "creator" : "did:web:example.com",
      "created" : "2024-09-12T09:39:44Z",
      "verificationMethod" : "did:web:example.com",
      "jws" : "eyJiNjQiOmZhbHNlLCJjcml0IjpbImI2NCJdLCJhbGciOiJFZERTQSJ9..3TKmZzEMgcSxqVMFvJAVqngJ_a0Fy28r9PdK2p0X9B2gG1R490LeJHk7t-zv5Am0iD_LW3to_TuaLJIueJe_CQ"
    },
    "credentialSchema" : {
      "id" : "https://essif.europa.eu/tsr/education/CSR1224.json",
      "type" : "JsonSchemaValidator2018"
    },
    "credentialSubject" : {
      "id" : "did:key:z6MkpXqQgx8Lw7LsLDrKoHG3uyemRy7KBivKyG8k9BEigbY7",
      "authorizationClaims" : [ "claim1", "claim2" ]
    },
    "credentialStatus" : {
      "id" : "https://essif.europa.eu/status",
      "type" : "CredentialsStatusList2020"
    }
  } ],
  "proof" : {
    "type" : "JsonWebSignature2020",
    "creator" : "did:key:z6MkpXqQgx8Lw7LsLDrKoHG3uyemRy7KBivKyG8k9BEigbY7",
    "created" : "2024-09-12T09:39:44Z",
    "domain" : "domain.com",
    "nonce" : "nonce",
    "proofPurpose" : "authentication",
    "verificationMethod" : "did:key:z6MkpXqQgx8Lw7LsLDrKoHG3uyemRy7KBivKyG8k9BEigbY7#z6MkpXqQgx8Lw7LsLDrKoHG3uyemRy7KBivKyG8k9BEigbY7",
    "jws" : "eyJiNjQiOmZhbHNlLCJjcml0IjpbImI2NCJdLCJhbGciOiJFZERTQSJ9..2SLy0jRpxX8nVPmQDOetwRjjhDUe9AU5refRRtrDOxazSDRkUN8ty9-wCnmp178adrcVvHJhnKiZ3IHY2UTHBQ"
  }
}
----------------------------------------------------------------------------------
9451 [JettyServerThreadPool-114] DEBUG id.walt.model.DidUrl - Trying to create DidUrl from URL: "did:key:z6MkpXqQgx8Lw7LsLDrKoHG3uyemRy7KBivKyG8k9BEigbY7#z6MkpXqQgx8Lw7LsLDrKoHG3uyemRy7KBivKyG8k9BEigbY7"...
9453 [JettyServerThreadPool-114] DEBUG id.walt.model.DidUrl - Trying to create DidUrl from URL: "did:key:z6MkpXqQgx8Lw7LsLDrKoHG3uyemRy7KBivKyG8k9BEigbY7"...
9453 [JettyServerThreadPool-114] DEBUG id.walt.model.DidUrl - Trying to create DidUrl from URL: "did:key:z6MkpXqQgx8Lw7LsLDrKoHG3uyemRy7KBivKyG8k9BEigbY7"...
9454 [JettyServerThreadPool-114] DEBUG id.walt.services.did.DidService - DID imported: did:key:z6MkpXqQgx8Lw7LsLDrKoHG3uyemRy7KBivKyG8k9BEigbY7#z6MkpXqQgx8Lw7LsLDrKoHG3uyemRy7KBivKyG8k9BEigbY7
9454 [JettyServerThreadPool-114] DEBUG id.walt.services.did.DidService - Loading or resolving "did:key:z6MkpXqQgx8Lw7LsLDrKoHG3uyemRy7KBivKyG8k9BEigbY7#z6MkpXqQgx8Lw7LsLDrKoHG3uyemRy7KBivKyG8k9BEigbY7"...
9454 [JettyServerThreadPool-114] DEBUG id.walt.model.DidUrl - Trying to create DidUrl from URL: "did:key:z6MkpXqQgx8Lw7LsLDrKoHG3uyemRy7KBivKyG8k9BEigbY7#z6MkpXqQgx8Lw7LsLDrKoHG3uyemRy7KBivKyG8k9BEigbY7"...
9454 [JettyServerThreadPool-114] DEBUG id.walt.services.did.DidService - loadOrResolve: url=DidUrl(method=key, identifier=z6MkpXqQgx8Lw7LsLDrKoHG3uyemRy7KBivKyG8k9BEigbY7, fragment=z6MkpXqQgx8Lw7LsLDrKoHG3uyemRy7KBivKyG8k9BEigbY7, query=null), length of stored=null
9454 [JettyServerThreadPool-114] DEBUG id.walt.model.DidUrl - Trying to create DidUrl from URL: "did:key:z6MkpXqQgx8Lw7LsLDrKoHG3uyemRy7KBivKyG8k9BEigbY7#z6MkpXqQgx8Lw7LsLDrKoHG3uyemRy7KBivKyG8k9BEigbY7"...
9455 [JettyServerThreadPool-114] DEBUG id.walt.model.DidUrl - Trying to create DidUrl from URL: "did:key:z6MkpXqQgx8Lw7LsLDrKoHG3uyemRy7KBivKyG8k9BEigbY7"...
9455 [JettyServerThreadPool-114] DEBUG id.walt.model.DidUrl - Trying to create DidUrl from URL: "did:key:z6MkpXqQgx8Lw7LsLDrKoHG3uyemRy7KBivKyG8k9BEigbY7"...
9455 [JettyServerThreadPool-114] DEBUG id.walt.services.did.DidService - Key imported for: did:key:z6MkpXqQgx8Lw7LsLDrKoHG3uyemRy7KBivKyG8k9BEigbY7#z6MkpXqQgx8Lw7LsLDrKoHG3uyemRy7KBivKyG8k9BEigbY7
9455 [JettyServerThreadPool-114] DEBUG id.walt.services.did.DidService - Loading or resolving "did:key:z6MkpXqQgx8Lw7LsLDrKoHG3uyemRy7KBivKyG8k9BEigbY7"...
9455 [JettyServerThreadPool-114] DEBUG id.walt.model.DidUrl - Trying to create DidUrl from URL: "did:key:z6MkpXqQgx8Lw7LsLDrKoHG3uyemRy7KBivKyG8k9BEigbY7"...
9455 [JettyServerThreadPool-114] DEBUG id.walt.services.did.DidService - loadOrResolve: url=DidUrl(method=key, identifier=z6MkpXqQgx8Lw7LsLDrKoHG3uyemRy7KBivKyG8k9BEigbY7, fragment=z6MkpXqQgx8Lw7LsLDrKoHG3uyemRy7KBivKyG8k9BEigbY7, query=null), length of stored=1639
9456 [JettyServerThreadPool-114] DEBUG id.walt.model.DidUrl - Trying to create DidUrl from URL: "did:key:z6MkpXqQgx8Lw7LsLDrKoHG3uyemRy7KBivKyG8k9BEigbY7"...
9458 [JettyServerThreadPool-114] DEBUG id.walt.services.vc.WaltIdJsonLdCredentialService - Loading verification key for:  did:key:z6MkpXqQgx8Lw7LsLDrKoHG3uyemRy7KBivKyG8k9BEigbY7#z6MkpXqQgx8Lw7LsLDrKoHG3uyemRy7KBivKyG8k9BEigbY7
9458 [JettyServerThreadPool-114] DEBUG id.walt.services.vc.WaltIdJsonLdCredentialService - Document loader config: isEnableHttp (true), isEnableHttps (true), isEnableFile (true), isEnableLocalCache (true)
9458 [JettyServerThreadPool-114] DEBUG id.walt.services.vc.WaltIdJsonLdCredentialService - Decoded Json LD object: {"type":["VerifiablePresentation"],"@context":["https://www.w3.org/2018/credentials/v1","https://w3id.org/security/suites/jws-2020/v1"],"id":"urn:uuid:32d39813-2818-4c8e-a61d-413f68f41481","holder":"did:key:z6MkpXqQgx8Lw7LsLDrKoHG3uyemRy7KBivKyG8k9BEigbY7","verifiableCredential":[{"type":["VerifiableCredential","VerifiableAttestation"],"@context":["https://www.w3.org/2018/credentials/v1","https://w3id.org/security/suites/jws-2020/v1"],"id":"1726133984656","issuer":"did:web:example.com","issuanceDate":"2021-12-03T10:15:30Z","issued":"2024-09-12T11:39:44Z","proof":{"type":"JsonWebSignature2020","creator":"did:web:example.com","created":"2024-09-12T09:39:44Z","verificationMethod":"did:web:example.com","jws":"eyJiNjQiOmZhbHNlLCJjcml0IjpbImI2NCJdLCJhbGciOiJFZERTQSJ9..3TKmZzEMgcSxqVMFvJAVqngJ_a0Fy28r9PdK2p0X9B2gG1R490LeJHk7t-zv5Am0iD_LW3to_TuaLJIueJe_CQ"},"credentialSchema":{"id":"https://essif.europa.eu/tsr/education/CSR1224.json","type":"JsonSchemaValidator2018"},"credentialSubject":{"id":"did:key:z6MkpXqQgx8Lw7LsLDrKoHG3uyemRy7KBivKyG8k9BEigbY7","authorizationClaims":["claim1","claim2"]},"credentialStatus":{"id":"https://essif.europa.eu/status","type":"CredentialsStatusList2020"}}],"proof":{"type":"JsonWebSignature2020","creator":"did:key:z6MkpXqQgx8Lw7LsLDrKoHG3uyemRy7KBivKyG8k9BEigbY7","created":"2024-09-12T09:39:44Z","domain":"domain.com","nonce":"nonce","proofPurpose":"authentication","verificationMethod":"did:key:z6MkpXqQgx8Lw7LsLDrKoHG3uyemRy7KBivKyG8k9BEigbY7#z6MkpXqQgx8Lw7LsLDrKoHG3uyemRy7KBivKyG8k9BEigbY7","jws":"eyJiNjQiOmZhbHNlLCJjcml0IjpbImI2NCJdLCJhbGciOiJFZERTQSJ9..2SLy0jRpxX8nVPmQDOetwRjjhDUe9AU5refRRtrDOxazSDRkUN8ty9-wCnmp178adrcVvHJhnKiZ3IHY2UTHBQ"}}
9458 [JettyServerThreadPool-114] DEBUG id.walt.services.storeUmu.defaultSoreServiceUmu - Loading key "z6MkpXqQgx8Lw7LsLDrKoHG3uyemRy7KBivKyG8k9BEigbY7"...
9459 [JettyServerThreadPool-114] ERROR id.walt.rest.core.CoreAPI - java.lang.IllegalArgumentException: Could not load key: z6MkpXqQgx8Lw7LsLDrKoHG3uyemRy7KBivKyG8k9BEigbY7
	at id.walt.services.storeUmu.defaultSoreServiceUmu.load(defaultSoreServiceUmu.kt:139)
	at id.walt.services.storeUmu.KeyStoreServiceUmu.load(KeyStoreServiceUmu.kt:20)
	at id.walt.services.vc.WaltIdJsonLdCredentialService.verify(WaltIdJsonLdCredentialService.kt:287)
	at id.walt.services.vc.JsonLdCredentialService.verify(JsonLdCredentialService.kt:27)
	at id.walt.rest.core.VcController.verify(VcController.kt:94)
	at id.walt.rest.core.CoreAPI$start$3$3$3$6.invoke(CoreAPI.kt:150)
	at id.walt.rest.core.CoreAPI$start$3$3$3$6.invoke(CoreAPI.kt:150)
	at io.javalin.plugin.openapi.dsl.OpenApiBuilder.documented$lambda-0(OpenApiBuilder.kt:23)
	at io.javalin.plugin.openapi.dsl.DocumentedHandler.handle(DocumentedHandler.kt:10)
	at io.javalin.core.security.SecurityUtil.noopAccessManager(SecurityUtil.kt:20)
	at io.javalin.http.JavalinServlet.addHandler$lambda-0(JavalinServlet.kt:96)
	at io.javalin.http.JavalinServlet$lifecycle$2$1$1.invoke(JavalinServlet.kt:43)
	at io.javalin.http.JavalinServlet$lifecycle$2$1$1.invoke(JavalinServlet.kt:43)
	at io.javalin.http.JavalinServletHandler.executeNextTask(JavalinServletHandler.kt:99)
	at io.javalin.http.JavalinServletHandler.queueNextTaskOrFinish$lambda-1(JavalinServletHandler.kt:85)
	at java.base/java.util.concurrent.CompletableFuture.uniComposeStage(CompletableFuture.java:1187)
	at java.base/java.util.concurrent.CompletableFuture.thenCompose(CompletableFuture.java:2309)
	at io.javalin.http.JavalinServletHandler.queueNextTaskOrFinish$javalin(JavalinServletHandler.kt:85)
	at io.javalin.http.JavalinServletHandler.executeNextTask$lambda-11$lambda-10(JavalinServletHandler.kt:119)
	at java.base/java.util.concurrent.CompletableFuture.uniApplyNow(CompletableFuture.java:684)
	at java.base/java.util.concurrent.CompletableFuture.uniApplyStage(CompletableFuture.java:662)
	at java.base/java.util.concurrent.CompletableFuture.thenApply(CompletableFuture.java:2168)
	at io.javalin.http.JavalinServletHandler.executeNextTask(JavalinServletHandler.kt:119)
	at io.javalin.http.JavalinServletHandler.queueNextTaskOrFinish$lambda-1(JavalinServletHandler.kt:85)
	at java.base/java.util.concurrent.CompletableFuture.uniComposeStage(CompletableFuture.java:1187)
	at java.base/java.util.concurrent.CompletableFuture.thenCompose(CompletableFuture.java:2309)
	at io.javalin.http.JavalinServletHandler.queueNextTaskOrFinish$javalin(JavalinServletHandler.kt:85)
	at io.javalin.http.JavalinServlet.service(JavalinServlet.kt:89)
	at javax.servlet.http.HttpServlet.service(HttpServlet.java:790)
	at io.javalin.jetty.JavalinJettyServlet.service(JavalinJettyServlet.kt:58)
	at javax.servlet.http.HttpServlet.service(HttpServlet.java:790)
	at org.eclipse.jetty.servlet.ServletHolder.handle(ServletHolder.java:799)
	at org.eclipse.jetty.servlet.ServletHandler.doHandle(ServletHandler.java:554)
	at org.eclipse.jetty.server.handler.ScopedHandler.nextHandle(ScopedHandler.java:233)
	at org.eclipse.jetty.server.session.SessionHandler.doHandle(SessionHandler.java:1624)
	at org.eclipse.jetty.server.handler.ScopedHandler.nextHandle(ScopedHandler.java:233)
	at io.javalin.jetty.JettyServer$start$wsAndHttpHandler$1.doHandle(JettyServer.kt:52)
	at org.eclipse.jetty.server.handler.ScopedHandler.nextScope(ScopedHandler.java:188)
	at org.eclipse.jetty.servlet.ServletHandler.doScope(ServletHandler.java:505)
	at org.eclipse.jetty.server.session.SessionHandler.doScope(SessionHandler.java:1594)
	at org.eclipse.jetty.server.handler.ScopedHandler.nextScope(ScopedHandler.java:186)
	at org.eclipse.jetty.server.handler.ContextHandler.doScope(ContextHandler.java:1355)
	at org.eclipse.jetty.server.handler.ScopedHandler.handle(ScopedHandler.java:141)
	at org.eclipse.jetty.server.handler.StatisticsHandler.handle(StatisticsHandler.java:181)
	at org.eclipse.jetty.server.handler.HandlerWrapper.handle(HandlerWrapper.java:127)
	at org.eclipse.jetty.server.Server.handle(Server.java:516)
	at org.eclipse.jetty.server.HttpChannel.lambda$handle$1(HttpChannel.java:487)
	at org.eclipse.jetty.server.HttpChannel.dispatch(HttpChannel.java:732)
	at org.eclipse.jetty.server.HttpChannel.handle(HttpChannel.java:479)
	at org.eclipse.jetty.server.HttpConnection.onFillable(HttpConnection.java:277)
	at org.eclipse.jetty.io.AbstractConnection$ReadCallback.succeeded(AbstractConnection.java:311)
	at org.eclipse.jetty.io.FillInterest.fillable(FillInterest.java:105)
	at org.eclipse.jetty.io.ChannelEndPoint$1.run(ChannelEndPoint.java:104)
	at org.eclipse.jetty.util.thread.strategy.EatWhatYouKill.runTask(EatWhatYouKill.java:338)
	at org.eclipse.jetty.util.thread.strategy.EatWhatYouKill.doProduce(EatWhatYouKill.java:315)
	at org.eclipse.jetty.util.thread.strategy.EatWhatYouKill.tryProduce(EatWhatYouKill.java:173)
	at org.eclipse.jetty.util.thread.strategy.EatWhatYouKill.run(EatWhatYouKill.java:131)
	at org.eclipse.jetty.util.thread.ReservedThreadExecutor$ReservedThread.run(ReservedThreadExecutor.java:409)
	at org.eclipse.jetty.util.thread.QueuedThreadPool.runJob(QueuedThreadPool.java:883)
	at org.eclipse.jetty.util.thread.QueuedThreadPool$Runner.run(QueuedThreadPool.java:1034)
	at java.base/java.lang.Thread.run(Thread.java:833)

9460 [JettyServerThreadPool-114] INFO io.javalin.Javalin - JAVALIN REQUEST DEBUG LOG:
Request: POST [/v1/vc/verify]
    Matching endpoint-handlers: [BEFORE=*, POST=/v1/vc/verify]
    Headers: {Accept-Charset=UTF-8, Accept=application/json, User-Agent=Ktor client, Host=localhost:7013, Content-Length=2181, Content-Type=application/json}
    Cookies: {}
    Body: {"vcOrVp":"{\n  \"type\" : [ \"VerifiablePresentation\" ],\n  \"@context\" : [ \"https://www.w3.org/2018/credentials/v1\", \"https://w3id.org/security/suites/jws-2020/v1\" ],\n  \"id\" : \"urn:uuid:32d39813-2818-4c8e-a61d-413f68f41481\",\n  \"holder\" : \"did:key:z6MkpXqQgx8Lw7LsLDrKoHG3uyemRy7KBivKyG8k9BEigbY7\",\n  \"verifiableCredential\" : [ {\n    \"type\" : [ \"VerifiableCredential\", \"VerifiableAttestation\" ],\n    \"@context\" : [ \"https://www.w3.org/2018/credentials/v1\", \"https://w3id.org/security/suites/jws-2020/v1\" ],\n    \"id\" : \"1726133984656\",\n    \"issuer\" : \"did:web:example.com\",\n    \"issuanceDate\" : \"2021-12-03T10:15:30Z\",\n    \"issued\" : \"2024-09-12T11:39:44Z\",\n    \"proof\" : {\n      \"type\" : \"JsonWebSignature2020\",\n      \"creator\" : \"did:web:example.com\",\n      \"created\" : \"2024-09-12T09:39:44Z\",\n      \"verificationMethod\" : \"did:web:example.com\",\n      \"jws\" : \"eyJiNjQiOmZhbHNlLCJjcml0IjpbImI2NCJdLCJhbGciOiJFZERTQSJ9..3TKmZzEMgcSxqVMFvJAVqngJ_a0Fy28r9PdK2p0X9B2gG1R490LeJHk7t-zv5Am0iD_LW3to_TuaLJIueJe_CQ\"\n    },\n    \"credentialSchema\" : {\n      \"id\" : \"https://essif.europa.eu/tsr/education/CSR1224.json\",\n      \"type\" : \"JsonSchemaValidator2018\"\n    },\n    \"credentialSubject\" : {\n      \"id\" : \"did:key:z6MkpXqQgx8Lw7LsLDrKoHG3uyemRy7KBivKyG8k9BEigbY7\",\n      \"authorizationClaims\" : [ \"claim1\", \"claim2\" ]\n    },\n    \"credentialStatus\" : {\n      \"id\" : \"https://essif.europa.eu/status\",\n      \"type\" : \"CredentialsStatusList2020\"\n    }\n  } ],\n  \"proof\" : {\n    \"type\" : \"JsonWebSignature2020\",\n    \"creator\" : \"did:key:z6MkpXqQgx8Lw7LsLDrKoHG3uyemRy7KBivKyG8k9BEigbY7\",\n    \"created\" : \"2024-09-12T09:39:44Z\",\n    \"domain\" : \"domain.com\",\n    \"nonce\" : \"nonce\",\n    \"proofPurpose\" : \"authentication\",\n    \"verificationMethod\" : \"did:key:z6MkpXqQgx8Lw7LsLDrKoHG3uyemRy7KBivKyG8k9BEigbY7#z6MkpXqQgx8Lw7LsLDrKoHG3uyemRy7KBivKyG8k9BEigbY7\",\n    \"jws\" : \"eyJiNjQiOmZhbHNlLCJjcml0IjpbImI2NCJdLCJhbGciOiJFZERTQSJ9..2SLy0jRpxX8nVPmQDOetwRjjhDUe9AU5refRRtrDOxazSDRkUN8ty9-wCnmp178adrcVvHJhnKiZ3IHY2UTHBQ\"\n  }\n}"}
    QueryString: null
    QueryParams: {}
    FormParams: {}
Response: [400], execution took 9.34 ms
    Headers: {Date=Thu, 12 Sep 2024 09:39:44 GMT, Content-Type=application/json}
    Body is 129 bytes (starts on next line):
    {"details" : [], "status" : 400, "title" : "Could not load key: z6MkpXqQgx8Lw7LsLDrKoHG3uyemRy7KBivKyG8k9BEigbY7", "type" : null}
----------------------------------------------------------------------------------
9469 [Test worker @coroutine#37] INFO io.javalin.Javalin - Stopping Javalin ...
9475 [Test worker @coroutine#37] INFO io.javalin.Javalin - Javalin has stopped
]]></system-err>
</testsuite>
