<?xml version="1.0" encoding="UTF-8"?>
<testsuite name="id.walt.services.keystore.KeyStoreServiceTest" tests="5" skipped="0" failures="0" errors="0" timestamp="2024-09-12T09:39:47" hostname="pablito-B550-AORUS-ELITE-V2" time="0.005">
  <properties/>
  <testcase name="addAliasTest" classname="id.walt.services.keystore.KeyStoreServiceTest" time="0.001"/>
  <testcase name="deleteKeysTest" classname="id.walt.services.keystore.KeyStoreServiceTest" time="0.0"/>
  <testcase name="listKeysTest" classname="id.walt.services.keystore.KeyStoreServiceTest" time="0.001"/>
  <testcase name="saveLoadEd25519KeysTest" classname="id.walt.services.keystore.KeyStoreServiceTest" time="0.0"/>
  <testcase name="saveLoadSecp256k1KeysTest" classname="id.walt.services.keystore.KeyStoreServiceTest" time="0.0"/>
  <system-out><![CDATA[keys: Key[56b4e58073234b1aa049dac4225b7634; Algo: EdDSA_Ed25519; Provider: SUN], Key[70413d71afeb4b03ac465aa619f9457d; Algo: ECDSA_Secp256k1; Provider: SUN]
]]></system-out>
  <system-err><![CDATA[12641 [pool-1-thread-1 @coroutine#843] DEBUG id.walt.services.keystore.HKVKeyStoreService - Storing key "56b4e58073234b1aa049dac4225b7634".
12641 [pool-1-thread-1 @coroutine#843] DEBUG id.walt.services.keystore.HKVKeyStoreService - Loading key "99bb540d-909a-43d4-9b4f-448e5e564dc9".
12641 [pool-1-thread-1 @coroutine#843] DEBUG id.walt.services.keystore.HKVKeyStoreService - Loading key "56b4e58073234b1aa049dac4225b7634".
12642 [pool-1-thread-1 @coroutine#844] DEBUG id.walt.services.keystore.HKVKeyStoreService - Storing key "dd4c1185c7d34fdcad650ebb00501bb2".
12643 [pool-1-thread-1 @coroutine#844] DEBUG id.walt.services.keystore.HKVKeyStoreService - Loading key "dd4c1185c7d34fdcad650ebb00501bb2".
12643 [pool-1-thread-1 @coroutine#844] DEBUG id.walt.services.keystore.HKVKeyStoreService - Loading key "dd4c1185c7d34fdcad650ebb00501bb2".
12643 [pool-1-thread-1 @coroutine#845] DEBUG id.walt.services.keystore.HKVKeyStoreService - Storing key "70413d71afeb4b03ac465aa619f9457d".
12643 [pool-1-thread-1 @coroutine#845] DEBUG id.walt.services.keystore.HKVKeyStoreService - Loading key "56b4e58073234b1aa049dac4225b7634".
12643 [pool-1-thread-1 @coroutine#845] DEBUG id.walt.services.keystore.HKVKeyStoreService - Loading key "70413d71afeb4b03ac465aa619f9457d".
12645 [pool-1-thread-1 @coroutine#846] DEBUG id.walt.services.keystore.HKVKeyStoreService - Storing key "30481ca6371c4873b06519022a13c073".
12645 [pool-1-thread-1 @coroutine#846] DEBUG id.walt.services.keystore.HKVKeyStoreService - Loading key "30481ca6371c4873b06519022a13c073".
12646 [pool-1-thread-1 @coroutine#847] DEBUG id.walt.services.keystore.HKVKeyStoreService - Storing key "6dcea61c463f45a192084e9b086c0f90".
12646 [pool-1-thread-1 @coroutine#847] DEBUG id.walt.services.keystore.HKVKeyStoreService - Loading key "6dcea61c463f45a192084e9b086c0f90".
]]></system-err>
</testsuite>
