<?xml version="1.0" encoding="UTF-8"?>
<testsuite name="id.walt.services.keystore.HKVKeyStoreServiceTest" tests="1" skipped="0" failures="0" errors="0" timestamp="2024-09-12T09:39:47" hostname="pablito-B550-AORUS-ELITE-V2" time="0.001">
  <properties/>
  <testcase name="listKeysTest" classname="id.walt.services.keystore.HKVKeyStoreServiceTest" time="0.001"/>
  <system-out><![CDATA[Generating keys...
Generated EdDSA_Ed25519 key: 074c2917b3da42a18cfee2633fbe6f22
Generated ECDSA_Secp256k1 key: e7b14c63ead046da972f65364a5a99f9
/home/pablito/Desktop/git/waltid-tango/app/.
Loading keys...
Loading EdDSA_Ed25519 key: 074c2917b3da42a18cfee2633fbe6f22
Generated ECDSA_Secp256k1 key: e7b14c63ead046da972f65364a5a99f9
]]></system-out>
  <system-err><![CDATA[12627 [pool-1-thread-1 @coroutine#840] DEBUG id.walt.services.keystore.HKVKeyStoreService - Storing key "074c2917b3da42a18cfee2633fbe6f22".
12628 [pool-1-thread-1 @coroutine#840] DEBUG id.walt.services.keystore.HKVKeyStoreService - Storing key "e7b14c63ead046da972f65364a5a99f9".
12628 [pool-1-thread-1 @coroutine#840] DEBUG id.walt.services.keystore.HKVKeyStoreService - Loading key "074c2917b3da42a18cfee2633fbe6f22".
12628 [pool-1-thread-1 @coroutine#840] DEBUG id.walt.services.keystore.HKVKeyStoreService - Loading key "e7b14c63ead046da972f65364a5a99f9".
12628 [pool-1-thread-1 @coroutine#840] DEBUG id.walt.services.keystore.HKVKeyStoreService - Loading key "e7b14c63ead046da972f65364a5a99f9".
12628 [pool-1-thread-1 @coroutine#840] DEBUG id.walt.services.keystore.HKVKeyStoreService - Loading key "074c2917b3da42a18cfee2633fbe6f22".
]]></system-err>
</testsuite>
