<?xml version="1.0" encoding="UTF-8"?>
<testsuite name="id.walt.services.did.DidKeyCreationTest" tests="6" skipped="0" failures="0" errors="0" timestamp="2024-09-12T09:39:46" hostname="pablito-B550-AORUS-ELITE-V2" time="0.113">
  <properties/>
  <testcase name="Create default did:key" classname="id.walt.services.did.DidKeyCreationTest" time="0.011"/>
  <testcase name="Create EdDSA_Ed25519 did:key" classname="id.walt.services.did.DidKeyCreationTest" time="0.011"/>
  <testcase name="Create ECDSA_Secp256r1 did:key" classname="id.walt.services.did.DidKeyCreationTest" time="0.01"/>
  <testcase name="Create ECDSA_Secp256k1 did:key" classname="id.walt.services.did.DidKeyCreationTest" time="0.009"/>
  <testcase name="Create RSA did:key" classname="id.walt.services.did.DidKeyCreationTest" time="0.056"/>
  <testcase name="Create jwk_jcs-pub did:key" classname="id.walt.services.did.DidKeyCreationTest" time="0.013"/>
  <system-out><![CDATA[Created: did:key:z6MkgZpi8nmm5caNU78sCZUKwHGFjP67cqzqcXm1F1TVKBue
Loaded: [DidDocument of did:key:z6MkgZpi8nmm5caNU78sCZUKwHGFjP67cqzqcXm1F1TVKBue#z6MkgZpi8nmm5caNU78sCZUKwHGFjP67cqzqcXm1F1TVKBue]
Created: did:key:z6MktuEV72dAnsAPW1sNpQCRLjaZnd87FtBKxr4rxmyB9ELn
Loaded: [DidDocument of did:key:z6MktuEV72dAnsAPW1sNpQCRLjaZnd87FtBKxr4rxmyB9ELn#z6MktuEV72dAnsAPW1sNpQCRLjaZnd87FtBKxr4rxmyB9ELn]
Created: did:key:zDnaeyUt5UieGpmP4pvQsT2NMqd3AYouSMvcCu19vdmd81WQv
Loaded: [DidDocument of did:key:zDnaeyUt5UieGpmP4pvQsT2NMqd3AYouSMvcCu19vdmd81WQv#zDnaeyUt5UieGpmP4pvQsT2NMqd3AYouSMvcCu19vdmd81WQv]
Created: did:key:zQ3shaHAoEK5Qp2ETeT7DcQL8C29s8UU8NevsJsrhLGpLWn6n
Loaded: [DidDocument of did:key:zQ3shaHAoEK5Qp2ETeT7DcQL8C29s8UU8NevsJsrhLGpLWn6n#zQ3shaHAoEK5Qp2ETeT7DcQL8C29s8UU8NevsJsrhLGpLWn6n]
Created: did:key:z4MXj1wBzi9jUstyPWGjtiZz3c1n9KLNFptKSsgaAhVmYPLCXMmspL8nSJcqgn2vkF9eVFrx3JMuqyJcSsgv1aRS8xhMLyJfu2yMpdWqn7YXo8wR3pBWefAFe9mhmqzK3Wy9MTey2iRieT7P3aNBeHe5Ybzo2fkj2aoLV4DoWMbQorJSCJ7mHPQaq2fzYxurQETVJvVBRGAPkpku43JDS1P7qke3YEngsecGNvwLjXhuodXKZH3D2v9vfZewpmjBfqkQB1Uec6mYFxCCccVZLEQCDRde2CdFK8eG78cJVwkvTyqsChZVU89SRYrmdGFM1BSKzvHt7jgY3sPPfHnakwnoVyZ1oP5GitoAQhJ496SC4WGAywTxL
Loaded: [DidDocument of did:key:z4MXj1wBzi9jUstyPWGjtiZz3c1n9KLNFptKSsgaAhVmYPLCXMmspL8nSJcqgn2vkF9eVFrx3JMuqyJcSsgv1aRS8xhMLyJfu2yMpdWqn7YXo8wR3pBWefAFe9mhmqzK3Wy9MTey2iRieT7P3aNBeHe5Ybzo2fkj2aoLV4DoWMbQorJSCJ7mHPQaq2fzYxurQETVJvVBRGAPkpku43JDS1P7qke3YEngsecGNvwLjXhuodXKZH3D2v9vfZewpmjBfqkQB1Uec6mYFxCCccVZLEQCDRde2CdFK8eG78cJVwkvTyqsChZVU89SRYrmdGFM1BSKzvHt7jgY3sPPfHnakwnoVyZ1oP5GitoAQhJ496SC4WGAywTxL#z4MXj1wBzi9jUstyPWGjtiZz3c1n9KLNFptKSsgaAhVmYPLCXMmspL8nSJcqgn2vkF9eVFrx3JMuqyJcSsgv1aRS8xhMLyJfu2yMpdWqn7YXo8wR3pBWefAFe9mhmqzK3Wy9MTey2iRieT7P3aNBeHe5Ybzo2fkj2aoLV4DoWMbQorJSCJ7mHPQaq2fzYxurQETVJvVBRGAPkpku43JDS1P7qke3YEngsecGNvwLjXhuodXKZH3D2v9vfZewpmjBfqkQB1Uec6mYFxCCccVZLEQCDRde2CdFK8eG78cJVwkvTyqsChZVU89SRYrmdGFM1BSKzvHt7jgY3sPPfHnakwnoVyZ1oP5GitoAQhJ496SC4WGAywTxL]
Created: did:key:z2dmzD81cgPx8Vki7JbuuMmFYrWPgYoytykUZ3eyqht1j9KbsEYvdrjxMjQ4tpnje9BDBTzuNDP3knn6qLZErzd4bJ5go2CChoPjd5GAH3zpFJP5fuwSk66U5Pq6EhF4nKnHzDnznEP8fX99nZGgwbAh1o7Gj1X52Tdhf7U4KTk66xsA5r
Loaded: [DidDocument of did:key:z2dmzD81cgPx8Vki7JbuuMmFYrWPgYoytykUZ3eyqht1j9KbsEYvdrjxMjQ4tpnje9BDBTzuNDP3knn6qLZErzd4bJ5go2CChoPjd5GAH3zpFJP5fuwSk66U5Pq6EhF4nKnHzDnznEP8fX99nZGgwbAh1o7Gj1X52Tdhf7U4KTk66xsA5r#z2dmzD81cgPx8Vki7JbuuMmFYrWPgYoytykUZ3eyqht1j9KbsEYvdrjxMjQ4tpnje9BDBTzuNDP3knn6qLZErzd4bJ5go2CChoPjd5GAH3zpFJP5fuwSk66U5Pq6EhF4nKnHzDnznEP8fX99nZGgwbAh1o7Gj1X52Tdhf7U4KTk66xsA5r]
]]></system-out>
  <system-err><![CDATA[11565 [pool-1-thread-1 @coroutine#775] DEBUG id.walt.services.keystore.SqlKeyStoreService - Saving key "Key[a45a177ca43b44648fd5ef4ee165a839; Algo: EdDSA_Ed25519; Provider: SUN]"...
11567 [pool-1-thread-1 @coroutine#775] DEBUG id.walt.services.keystore.SqlKeyStoreService - Loading key "a45a177ca43b44648fd5ef4ee165a839"...
11567 [pool-1-thread-1 @coroutine#775] DEBUG id.walt.model.DidUrl - Trying to create DidUrl from URL: "did:key:z6MkgZpi8nmm5caNU78sCZUKwHGFjP67cqzqcXm1F1TVKBue"...
11569 [pool-1-thread-1 @coroutine#775] DEBUG id.walt.services.keystore.SqlKeyStoreService - Loading key "a45a177ca43b44648fd5ef4ee165a839"...
11569 [pool-1-thread-1 @coroutine#775] DEBUG id.walt.services.did.DidService - A key with the id "a45a177ca43b44648fd5ef4ee165a839" exists.
11569 [pool-1-thread-1 @coroutine#775] DEBUG id.walt.services.keystore.SqlKeyStoreService - Adding alias "did:key:z6MkgZpi8nmm5caNU78sCZUKwHGFjP67cqzqcXm1F1TVKBue" for keyId "a45a177ca43b44648fd5ef4ee165a839"...
11571 [pool-1-thread-1 @coroutine#775] DEBUG id.walt.services.keystore.SqlKeyStoreService - Adding alias "did:key:z6MkgZpi8nmm5caNU78sCZUKwHGFjP67cqzqcXm1F1TVKBue#z6MkgZpi8nmm5caNU78sCZUKwHGFjP67cqzqcXm1F1TVKBue" for keyId "a45a177ca43b44648fd5ef4ee165a839"...
11573 [pool-1-thread-1 @coroutine#775] DEBUG id.walt.services.keystore.SqlKeyStoreService - Adding alias "did:key:z6MkgZpi8nmm5caNU78sCZUKwHGFjP67cqzqcXm1F1TVKBue#z6LSsC3Ej5YhrdDLCLsa1vkM8v97Gn5nWMGAQjRQH9t4ykQV" for keyId "a45a177ca43b44648fd5ef4ee165a839"...
11574 [pool-1-thread-1 @coroutine#775] DEBUG id.walt.model.DidUrl - Trying to create DidUrl from URL: "did:key:z6MkgZpi8nmm5caNU78sCZUKwHGFjP67cqzqcXm1F1TVKBue"...
11574 [pool-1-thread-1 @coroutine#775] DEBUG id.walt.model.DidUrl - Trying to create DidUrl from URL: "did:key:z6MkgZpi8nmm5caNU78sCZUKwHGFjP67cqzqcXm1F1TVKBue"...
11575 [pool-1-thread-1 @coroutine#775] DEBUG id.walt.model.DidUrl - Trying to create DidUrl from URL: "did:key:z6MkgZpi8nmm5caNU78sCZUKwHGFjP67cqzqcXm1F1TVKBue"...
11575 [pool-1-thread-1 @coroutine#775] DEBUG id.walt.model.DidUrl - Trying to create DidUrl from URL: "did:key:z6MkgZpi8nmm5caNU78sCZUKwHGFjP67cqzqcXm1F1TVKBue"...
11576 [pool-1-thread-1 @coroutine#776] DEBUG id.walt.services.keystore.SqlKeyStoreService - Saving key "Key[a65a89434ba24bb8af48da142bddfa06; Algo: EdDSA_Ed25519; Provider: SUN]"...
11578 [pool-1-thread-1 @coroutine#776] DEBUG id.walt.services.keystore.SqlKeyStoreService - Loading key "a65a89434ba24bb8af48da142bddfa06"...
11578 [pool-1-thread-1 @coroutine#776] DEBUG id.walt.model.DidUrl - Trying to create DidUrl from URL: "did:key:z6MktuEV72dAnsAPW1sNpQCRLjaZnd87FtBKxr4rxmyB9ELn"...
11579 [pool-1-thread-1 @coroutine#776] DEBUG id.walt.services.keystore.SqlKeyStoreService - Loading key "a65a89434ba24bb8af48da142bddfa06"...
11579 [pool-1-thread-1 @coroutine#776] DEBUG id.walt.services.did.DidService - A key with the id "a65a89434ba24bb8af48da142bddfa06" exists.
11580 [pool-1-thread-1 @coroutine#776] DEBUG id.walt.services.keystore.SqlKeyStoreService - Adding alias "did:key:z6MktuEV72dAnsAPW1sNpQCRLjaZnd87FtBKxr4rxmyB9ELn" for keyId "a65a89434ba24bb8af48da142bddfa06"...
11581 [pool-1-thread-1 @coroutine#776] DEBUG id.walt.services.keystore.SqlKeyStoreService - Adding alias "did:key:z6MktuEV72dAnsAPW1sNpQCRLjaZnd87FtBKxr4rxmyB9ELn#z6MktuEV72dAnsAPW1sNpQCRLjaZnd87FtBKxr4rxmyB9ELn" for keyId "a65a89434ba24bb8af48da142bddfa06"...
11584 [pool-1-thread-1 @coroutine#776] DEBUG id.walt.services.keystore.SqlKeyStoreService - Adding alias "did:key:z6MktuEV72dAnsAPW1sNpQCRLjaZnd87FtBKxr4rxmyB9ELn#z6LSekTFFUW1JNqA6Hdvh8U56rHXjJB7ecKugum7joguJHsE" for keyId "a65a89434ba24bb8af48da142bddfa06"...
11586 [pool-1-thread-1 @coroutine#776] DEBUG id.walt.model.DidUrl - Trying to create DidUrl from URL: "did:key:z6MktuEV72dAnsAPW1sNpQCRLjaZnd87FtBKxr4rxmyB9ELn"...
11586 [pool-1-thread-1 @coroutine#776] DEBUG id.walt.model.DidUrl - Trying to create DidUrl from URL: "did:key:z6MktuEV72dAnsAPW1sNpQCRLjaZnd87FtBKxr4rxmyB9ELn"...
11586 [pool-1-thread-1 @coroutine#776] DEBUG id.walt.model.DidUrl - Trying to create DidUrl from URL: "did:key:z6MktuEV72dAnsAPW1sNpQCRLjaZnd87FtBKxr4rxmyB9ELn"...
11586 [pool-1-thread-1 @coroutine#776] DEBUG id.walt.model.DidUrl - Trying to create DidUrl from URL: "did:key:z6MktuEV72dAnsAPW1sNpQCRLjaZnd87FtBKxr4rxmyB9ELn"...
11588 [pool-1-thread-1 @coroutine#777] DEBUG id.walt.services.keystore.SqlKeyStoreService - Saving key "Key[5d5a4da01e514dea82aab4c872f39eb4; Algo: ECDSA_Secp256r1; Provider: SUN]"...
11591 [pool-1-thread-1 @coroutine#777] DEBUG id.walt.services.keystore.SqlKeyStoreService - Loading key "5d5a4da01e514dea82aab4c872f39eb4"...
11591 [pool-1-thread-1 @coroutine#777] DEBUG id.walt.model.DidUrl - Trying to create DidUrl from URL: "did:key:zDnaeyUt5UieGpmP4pvQsT2NMqd3AYouSMvcCu19vdmd81WQv"...
11592 [pool-1-thread-1 @coroutine#777] DEBUG id.walt.services.keystore.SqlKeyStoreService - Loading key "5d5a4da01e514dea82aab4c872f39eb4"...
11592 [pool-1-thread-1 @coroutine#777] DEBUG id.walt.services.did.DidService - A key with the id "5d5a4da01e514dea82aab4c872f39eb4" exists.
11592 [pool-1-thread-1 @coroutine#777] DEBUG id.walt.services.keystore.SqlKeyStoreService - Adding alias "did:key:zDnaeyUt5UieGpmP4pvQsT2NMqd3AYouSMvcCu19vdmd81WQv" for keyId "5d5a4da01e514dea82aab4c872f39eb4"...
11594 [pool-1-thread-1 @coroutine#777] DEBUG id.walt.services.keystore.SqlKeyStoreService - Adding alias "did:key:zDnaeyUt5UieGpmP4pvQsT2NMqd3AYouSMvcCu19vdmd81WQv#zDnaeyUt5UieGpmP4pvQsT2NMqd3AYouSMvcCu19vdmd81WQv" for keyId "5d5a4da01e514dea82aab4c872f39eb4"...
11596 [pool-1-thread-1 @coroutine#777] DEBUG id.walt.model.DidUrl - Trying to create DidUrl from URL: "did:key:zDnaeyUt5UieGpmP4pvQsT2NMqd3AYouSMvcCu19vdmd81WQv"...
11596 [pool-1-thread-1 @coroutine#777] DEBUG id.walt.model.DidUrl - Trying to create DidUrl from URL: "did:key:zDnaeyUt5UieGpmP4pvQsT2NMqd3AYouSMvcCu19vdmd81WQv"...
11597 [pool-1-thread-1 @coroutine#777] DEBUG id.walt.model.DidUrl - Trying to create DidUrl from URL: "did:key:zDnaeyUt5UieGpmP4pvQsT2NMqd3AYouSMvcCu19vdmd81WQv"...
11597 [pool-1-thread-1 @coroutine#777] DEBUG id.walt.model.DidUrl - Trying to create DidUrl from URL: "did:key:zDnaeyUt5UieGpmP4pvQsT2NMqd3AYouSMvcCu19vdmd81WQv"...
11598 [pool-1-thread-1 @coroutine#778] DEBUG id.walt.services.keystore.SqlKeyStoreService - Saving key "Key[08a4732f0daa489da958be69660deae3; Algo: ECDSA_Secp256k1; Provider: SUN]"...
11601 [pool-1-thread-1 @coroutine#778] DEBUG id.walt.services.keystore.SqlKeyStoreService - Loading key "08a4732f0daa489da958be69660deae3"...
11601 [pool-1-thread-1 @coroutine#778] DEBUG id.walt.model.DidUrl - Trying to create DidUrl from URL: "did:key:zQ3shaHAoEK5Qp2ETeT7DcQL8C29s8UU8NevsJsrhLGpLWn6n"...
11602 [pool-1-thread-1 @coroutine#778] DEBUG id.walt.services.keystore.SqlKeyStoreService - Loading key "08a4732f0daa489da958be69660deae3"...
11602 [pool-1-thread-1 @coroutine#778] DEBUG id.walt.services.did.DidService - A key with the id "08a4732f0daa489da958be69660deae3" exists.
11602 [pool-1-thread-1 @coroutine#778] DEBUG id.walt.services.keystore.SqlKeyStoreService - Adding alias "did:key:zQ3shaHAoEK5Qp2ETeT7DcQL8C29s8UU8NevsJsrhLGpLWn6n" for keyId "08a4732f0daa489da958be69660deae3"...
11605 [pool-1-thread-1 @coroutine#778] DEBUG id.walt.services.keystore.SqlKeyStoreService - Adding alias "did:key:zQ3shaHAoEK5Qp2ETeT7DcQL8C29s8UU8NevsJsrhLGpLWn6n#zQ3shaHAoEK5Qp2ETeT7DcQL8C29s8UU8NevsJsrhLGpLWn6n" for keyId "08a4732f0daa489da958be69660deae3"...
11606 [pool-1-thread-1 @coroutine#778] DEBUG id.walt.model.DidUrl - Trying to create DidUrl from URL: "did:key:zQ3shaHAoEK5Qp2ETeT7DcQL8C29s8UU8NevsJsrhLGpLWn6n"...
11606 [pool-1-thread-1 @coroutine#778] DEBUG id.walt.model.DidUrl - Trying to create DidUrl from URL: "did:key:zQ3shaHAoEK5Qp2ETeT7DcQL8C29s8UU8NevsJsrhLGpLWn6n"...
11607 [pool-1-thread-1 @coroutine#778] DEBUG id.walt.model.DidUrl - Trying to create DidUrl from URL: "did:key:zQ3shaHAoEK5Qp2ETeT7DcQL8C29s8UU8NevsJsrhLGpLWn6n"...
11607 [pool-1-thread-1 @coroutine#778] DEBUG id.walt.model.DidUrl - Trying to create DidUrl from URL: "did:key:zQ3shaHAoEK5Qp2ETeT7DcQL8C29s8UU8NevsJsrhLGpLWn6n"...
11651 [pool-1-thread-1 @coroutine#779] DEBUG id.walt.services.keystore.SqlKeyStoreService - Saving key "Key[6fe62885722f45d2964a67b749f4f6ee; Algo: RSA; Provider: SUN]"...
11653 [pool-1-thread-1 @coroutine#779] DEBUG id.walt.services.keystore.SqlKeyStoreService - Loading key "6fe62885722f45d2964a67b749f4f6ee"...
11653 [pool-1-thread-1 @coroutine#779] DEBUG id.walt.model.DidUrl - Trying to create DidUrl from URL: "did:key:z4MXj1wBzi9jUstyPWGjtiZz3c1n9KLNFptKSsgaAhVmYPLCXMmspL8nSJcqgn2vkF9eVFrx3JMuqyJcSsgv1aRS8xhMLyJfu2yMpdWqn7YXo8wR3pBWefAFe9mhmqzK3Wy9MTey2iRieT7P3aNBeHe5Ybzo2fkj2aoLV4DoWMbQorJSCJ7mHPQaq2fzYxurQETVJvVBRGAPkpku43JDS1P7qke3YEngsecGNvwLjXhuodXKZH3D2v9vfZewpmjBfqkQB1Uec6mYFxCCccVZLEQCDRde2CdFK8eG78cJVwkvTyqsChZVU89SRYrmdGFM1BSKzvHt7jgY3sPPfHnakwnoVyZ1oP5GitoAQhJ496SC4WGAywTxL"...
11654 [pool-1-thread-1 @coroutine#779] DEBUG id.walt.services.keystore.SqlKeyStoreService - Loading key "6fe62885722f45d2964a67b749f4f6ee"...
11654 [pool-1-thread-1 @coroutine#779] DEBUG id.walt.services.did.DidService - A key with the id "6fe62885722f45d2964a67b749f4f6ee" exists.
11654 [pool-1-thread-1 @coroutine#779] DEBUG id.walt.services.keystore.SqlKeyStoreService - Adding alias "did:key:z4MXj1wBzi9jUstyPWGjtiZz3c1n9KLNFptKSsgaAhVmYPLCXMmspL8nSJcqgn2vkF9eVFrx3JMuqyJcSsgv1aRS8xhMLyJfu2yMpdWqn7YXo8wR3pBWefAFe9mhmqzK3Wy9MTey2iRieT7P3aNBeHe5Ybzo2fkj2aoLV4DoWMbQorJSCJ7mHPQaq2fzYxurQETVJvVBRGAPkpku43JDS1P7qke3YEngsecGNvwLjXhuodXKZH3D2v9vfZewpmjBfqkQB1Uec6mYFxCCccVZLEQCDRde2CdFK8eG78cJVwkvTyqsChZVU89SRYrmdGFM1BSKzvHt7jgY3sPPfHnakwnoVyZ1oP5GitoAQhJ496SC4WGAywTxL" for keyId "6fe62885722f45d2964a67b749f4f6ee"...
11656 [pool-1-thread-1 @coroutine#779] DEBUG id.walt.services.keystore.SqlKeyStoreService - Adding alias "did:key:z4MXj1wBzi9jUstyPWGjtiZz3c1n9KLNFptKSsgaAhVmYPLCXMmspL8nSJcqgn2vkF9eVFrx3JMuqyJcSsgv1aRS8xhMLyJfu2yMpdWqn7YXo8wR3pBWefAFe9mhmqzK3Wy9MTey2iRieT7P3aNBeHe5Ybzo2fkj2aoLV4DoWMbQorJSCJ7mHPQaq2fzYxurQETVJvVBRGAPkpku43JDS1P7qke3YEngsecGNvwLjXhuodXKZH3D2v9vfZewpmjBfqkQB1Uec6mYFxCCccVZLEQCDRde2CdFK8eG78cJVwkvTyqsChZVU89SRYrmdGFM1BSKzvHt7jgY3sPPfHnakwnoVyZ1oP5GitoAQhJ496SC4WGAywTxL#z4MXj1wBzi9jUstyPWGjtiZz3c1n9KLNFptKSsgaAhVmYPLCXMmspL8nSJcqgn2vkF9eVFrx3JMuqyJcSsgv1aRS8xhMLyJfu2yMpdWqn7YXo8wR3pBWefAFe9mhmqzK3Wy9MTey2iRieT7P3aNBeHe5Ybzo2fkj2aoLV4DoWMbQorJSCJ7mHPQaq2fzYxurQETVJvVBRGAPkpku43JDS1P7qke3YEngsecGNvwLjXhuodXKZH3D2v9vfZewpmjBfqkQB1Uec6mYFxCCccVZLEQCDRde2CdFK8eG78cJVwkvTyqsChZVU89SRYrmdGFM1BSKzvHt7jgY3sPPfHnakwnoVyZ1oP5GitoAQhJ496SC4WGAywTxL" for keyId "6fe62885722f45d2964a67b749f4f6ee"...
11658 [pool-1-thread-1 @coroutine#779] DEBUG id.walt.model.DidUrl - Trying to create DidUrl from URL: "did:key:z4MXj1wBzi9jUstyPWGjtiZz3c1n9KLNFptKSsgaAhVmYPLCXMmspL8nSJcqgn2vkF9eVFrx3JMuqyJcSsgv1aRS8xhMLyJfu2yMpdWqn7YXo8wR3pBWefAFe9mhmqzK3Wy9MTey2iRieT7P3aNBeHe5Ybzo2fkj2aoLV4DoWMbQorJSCJ7mHPQaq2fzYxurQETVJvVBRGAPkpku43JDS1P7qke3YEngsecGNvwLjXhuodXKZH3D2v9vfZewpmjBfqkQB1Uec6mYFxCCccVZLEQCDRde2CdFK8eG78cJVwkvTyqsChZVU89SRYrmdGFM1BSKzvHt7jgY3sPPfHnakwnoVyZ1oP5GitoAQhJ496SC4WGAywTxL"...
11658 [pool-1-thread-1 @coroutine#779] DEBUG id.walt.model.DidUrl - Trying to create DidUrl from URL: "did:key:z4MXj1wBzi9jUstyPWGjtiZz3c1n9KLNFptKSsgaAhVmYPLCXMmspL8nSJcqgn2vkF9eVFrx3JMuqyJcSsgv1aRS8xhMLyJfu2yMpdWqn7YXo8wR3pBWefAFe9mhmqzK3Wy9MTey2iRieT7P3aNBeHe5Ybzo2fkj2aoLV4DoWMbQorJSCJ7mHPQaq2fzYxurQETVJvVBRGAPkpku43JDS1P7qke3YEngsecGNvwLjXhuodXKZH3D2v9vfZewpmjBfqkQB1Uec6mYFxCCccVZLEQCDRde2CdFK8eG78cJVwkvTyqsChZVU89SRYrmdGFM1BSKzvHt7jgY3sPPfHnakwnoVyZ1oP5GitoAQhJ496SC4WGAywTxL"...
11659 [pool-1-thread-1 @coroutine#779] DEBUG id.walt.services.hkvstore.FileSystemHKVStore - Mapping "did%3Akey%3Az4MXj1wBzi9jUstyPWGjtiZz3c1n9KLNFptKSsgaAhVmYPLCXMmspL8nSJcqgn2vkF9eVFrx3JMuqyJcSsgv1aRS8xhMLyJfu2yMpdWqn7YXo8wR3pBWefAFe9mhmqzK3Wy9MTey2iRieT7P3aNBeHe5Ybzo2fkj2aoLV4DoWMbQorJSCJ7mHPQaq2fzYxurQETVJvVBRGAPkpku43JDS1P7qke3YEngsecGNvwLjXhuodXKZH3D2v9vfZewpmjBfqkQB1Uec6mYFxCCccVZLEQCDRde2CdFK8eG78cJVwkvTyqsChZVU89SRYrmdGFM1BSKzvHt7jgY3sPPfHnakwnoVyZ1oP5GitoAQhJ496SC4WGAywTxL" to "47VXJXMHWOFFRCEWRAT2SF6EYCOFYF6QIZEUINISRK5COSK3BMJMJJBZX37IMQUI7JJWTBXUIG5ZOK6GKI5TULFB6D46ISZMY62P2QA"
11664 [pool-1-thread-1 @coroutine#779] DEBUG id.walt.services.hkvstore.FileSystemHKVStore - File mapping is hashed: Path was "/home/pablito/Desktop/git/waltid-tango/app/./data/did/created/did%3Akey%3Az4MXj1wBzi9jUstyPWGjtiZz3c1n9KLNFptKSsgaAhVmYPLCXMmspL8nSJcqgn2vkF9eVFrx3JMuqyJcSsgv1aRS8xhMLyJfu2yMpdWqn7YXo8wR3pBWefAFe9mhmqzK3Wy9MTey2iRieT7P3aNBeHe5Ybzo2fkj2aoLV4DoWMbQorJSCJ7mHPQaq2fzYxurQETVJvVBRGAPkpku43JDS1P7qke3YEngsecGNvwLjXhuodXKZH3D2v9vfZewpmjBfqkQB1Uec6mYFxCCccVZLEQCDRde2CdFK8eG78cJVwkvTyqsChZVU89SRYrmdGFM1BSKzvHt7jgY3sPPfHnakwnoVyZ1oP5GitoAQhJ496SC4WGAywTxL", new path is ./data/did/created/47VXJXMHWOFFRCEWRAT2SF6EYCOFYF6QIZEUINISRK5COSK3BMJMJJBZX37IMQUI7JJWTBXUIG5ZOK6GKI5TULFB6D46ISZMY62P2QA
11664 [pool-1-thread-1 @coroutine#779] DEBUG id.walt.model.DidUrl - Trying to create DidUrl from URL: "did:key:z4MXj1wBzi9jUstyPWGjtiZz3c1n9KLNFptKSsgaAhVmYPLCXMmspL8nSJcqgn2vkF9eVFrx3JMuqyJcSsgv1aRS8xhMLyJfu2yMpdWqn7YXo8wR3pBWefAFe9mhmqzK3Wy9MTey2iRieT7P3aNBeHe5Ybzo2fkj2aoLV4DoWMbQorJSCJ7mHPQaq2fzYxurQETVJvVBRGAPkpku43JDS1P7qke3YEngsecGNvwLjXhuodXKZH3D2v9vfZewpmjBfqkQB1Uec6mYFxCCccVZLEQCDRde2CdFK8eG78cJVwkvTyqsChZVU89SRYrmdGFM1BSKzvHt7jgY3sPPfHnakwnoVyZ1oP5GitoAQhJ496SC4WGAywTxL"...
11664 [pool-1-thread-1 @coroutine#779] DEBUG id.walt.model.DidUrl - Trying to create DidUrl from URL: "did:key:z4MXj1wBzi9jUstyPWGjtiZz3c1n9KLNFptKSsgaAhVmYPLCXMmspL8nSJcqgn2vkF9eVFrx3JMuqyJcSsgv1aRS8xhMLyJfu2yMpdWqn7YXo8wR3pBWefAFe9mhmqzK3Wy9MTey2iRieT7P3aNBeHe5Ybzo2fkj2aoLV4DoWMbQorJSCJ7mHPQaq2fzYxurQETVJvVBRGAPkpku43JDS1P7qke3YEngsecGNvwLjXhuodXKZH3D2v9vfZewpmjBfqkQB1Uec6mYFxCCccVZLEQCDRde2CdFK8eG78cJVwkvTyqsChZVU89SRYrmdGFM1BSKzvHt7jgY3sPPfHnakwnoVyZ1oP5GitoAQhJ496SC4WGAywTxL"...
11665 [pool-1-thread-1 @coroutine#780] DEBUG id.walt.services.keystore.SqlKeyStoreService - Saving key "Key[e78a0c937f834599ab28678b39f73f9f; Algo: ECDSA_Secp256r1; Provider: SUN]"...
11667 [pool-1-thread-1 @coroutine#780] DEBUG id.walt.services.key.WaltIdKeyService - Importing key e78a0c937f834599ab28678b39f73f9f
11667 [pool-1-thread-1 @coroutine#780] DEBUG id.walt.services.keystore.SqlKeyStoreService - Loading key "e78a0c937f834599ab28678b39f73f9f"...
11667 [pool-1-thread-1 @coroutine#780] DEBUG id.walt.services.keystore.SqlKeyStoreService - Loading key "e78a0c937f834599ab28678b39f73f9f"...
11668 [pool-1-thread-1 @coroutine#780] DEBUG id.walt.model.DidUrl - Trying to create DidUrl from URL: "did:key:z2dmzD81cgPx8Vki7JbuuMmFYrWPgYoytykUZ3eyqht1j9KbsEYvdrjxMjQ4tpnje9BDBTzuNDP3knn6qLZErzd4bJ5go2CChoPjd5GAH3zpFJP5fuwSk66U5Pq6EhF4nKnHzDnznEP8fX99nZGgwbAh1o7Gj1X52Tdhf7U4KTk66xsA5r"...
11669 [pool-1-thread-1 @coroutine#780] DEBUG id.walt.services.keystore.SqlKeyStoreService - Loading key "e78a0c937f834599ab28678b39f73f9f"...
11669 [pool-1-thread-1 @coroutine#780] DEBUG id.walt.services.did.DidService - A key with the id "e78a0c937f834599ab28678b39f73f9f" exists.
11670 [pool-1-thread-1 @coroutine#780] DEBUG id.walt.services.keystore.SqlKeyStoreService - Adding alias "did:key:z2dmzD81cgPx8Vki7JbuuMmFYrWPgYoytykUZ3eyqht1j9KbsEYvdrjxMjQ4tpnje9BDBTzuNDP3knn6qLZErzd4bJ5go2CChoPjd5GAH3zpFJP5fuwSk66U5Pq6EhF4nKnHzDnznEP8fX99nZGgwbAh1o7Gj1X52Tdhf7U4KTk66xsA5r" for keyId "e78a0c937f834599ab28678b39f73f9f"...
11672 [pool-1-thread-1 @coroutine#780] DEBUG id.walt.services.keystore.SqlKeyStoreService - Adding alias "did:key:z2dmzD81cgPx8Vki7JbuuMmFYrWPgYoytykUZ3eyqht1j9KbsEYvdrjxMjQ4tpnje9BDBTzuNDP3knn6qLZErzd4bJ5go2CChoPjd5GAH3zpFJP5fuwSk66U5Pq6EhF4nKnHzDnznEP8fX99nZGgwbAh1o7Gj1X52Tdhf7U4KTk66xsA5r#z2dmzD81cgPx8Vki7JbuuMmFYrWPgYoytykUZ3eyqht1j9KbsEYvdrjxMjQ4tpnje9BDBTzuNDP3knn6qLZErzd4bJ5go2CChoPjd5GAH3zpFJP5fuwSk66U5Pq6EhF4nKnHzDnznEP8fX99nZGgwbAh1o7Gj1X52Tdhf7U4KTk66xsA5r" for keyId "e78a0c937f834599ab28678b39f73f9f"...
11674 [pool-1-thread-1 @coroutine#780] DEBUG id.walt.model.DidUrl - Trying to create DidUrl from URL: "did:key:z2dmzD81cgPx8Vki7JbuuMmFYrWPgYoytykUZ3eyqht1j9KbsEYvdrjxMjQ4tpnje9BDBTzuNDP3knn6qLZErzd4bJ5go2CChoPjd5GAH3zpFJP5fuwSk66U5Pq6EhF4nKnHzDnznEP8fX99nZGgwbAh1o7Gj1X52Tdhf7U4KTk66xsA5r"...
11674 [pool-1-thread-1 @coroutine#780] DEBUG id.walt.model.DidUrl - Trying to create DidUrl from URL: "did:key:z2dmzD81cgPx8Vki7JbuuMmFYrWPgYoytykUZ3eyqht1j9KbsEYvdrjxMjQ4tpnje9BDBTzuNDP3knn6qLZErzd4bJ5go2CChoPjd5GAH3zpFJP5fuwSk66U5Pq6EhF4nKnHzDnznEP8fX99nZGgwbAh1o7Gj1X52Tdhf7U4KTk66xsA5r"...
11674 [pool-1-thread-1 @coroutine#780] DEBUG id.walt.services.hkvstore.FileSystemHKVStore - Mapping "did%3Akey%3Az2dmzD81cgPx8Vki7JbuuMmFYrWPgYoytykUZ3eyqht1j9KbsEYvdrjxMjQ4tpnje9BDBTzuNDP3knn6qLZErzd4bJ5go2CChoPjd5GAH3zpFJP5fuwSk66U5Pq6EhF4nKnHzDnznEP8fX99nZGgwbAh1o7Gj1X52Tdhf7U4KTk66xsA5r" to "IWBHVJ5DWT2UCOUEX5KOGSCJWDBRS2YWI2EGV4KSJN7APEFVQNP4GN5Z4KGVLPE5JTZPSV5FVR74MOLD5TJ4M45AUZZHM5TVIVPIIDY"
11677 [pool-1-thread-1 @coroutine#780] DEBUG id.walt.services.hkvstore.FileSystemHKVStore - File mapping is hashed: Path was "/home/pablito/Desktop/git/waltid-tango/app/./data/did/created/did%3Akey%3Az2dmzD81cgPx8Vki7JbuuMmFYrWPgYoytykUZ3eyqht1j9KbsEYvdrjxMjQ4tpnje9BDBTzuNDP3knn6qLZErzd4bJ5go2CChoPjd5GAH3zpFJP5fuwSk66U5Pq6EhF4nKnHzDnznEP8fX99nZGgwbAh1o7Gj1X52Tdhf7U4KTk66xsA5r", new path is ./data/did/created/IWBHVJ5DWT2UCOUEX5KOGSCJWDBRS2YWI2EGV4KSJN7APEFVQNP4GN5Z4KGVLPE5JTZPSV5FVR74MOLD5TJ4M45AUZZHM5TVIVPIIDY
11677 [pool-1-thread-1 @coroutine#780] DEBUG id.walt.model.DidUrl - Trying to create DidUrl from URL: "did:key:z2dmzD81cgPx8Vki7JbuuMmFYrWPgYoytykUZ3eyqht1j9KbsEYvdrjxMjQ4tpnje9BDBTzuNDP3knn6qLZErzd4bJ5go2CChoPjd5GAH3zpFJP5fuwSk66U5Pq6EhF4nKnHzDnznEP8fX99nZGgwbAh1o7Gj1X52Tdhf7U4KTk66xsA5r"...
11677 [pool-1-thread-1 @coroutine#780] DEBUG id.walt.model.DidUrl - Trying to create DidUrl from URL: "did:key:z2dmzD81cgPx8Vki7JbuuMmFYrWPgYoytykUZ3eyqht1j9KbsEYvdrjxMjQ4tpnje9BDBTzuNDP3knn6qLZErzd4bJ5go2CChoPjd5GAH3zpFJP5fuwSk66U5Pq6EhF4nKnHzDnznEP8fX99nZGgwbAh1o7Gj1X52Tdhf7U4KTk66xsA5r"...
]]></system-err>
</testsuite>
