<?xml version="1.0" encoding="UTF-8"?>
<testsuite name="id.walt.crypto.UVarIntTest" tests="2" skipped="0" failures="0" errors="0" timestamp="2024-09-12T09:39:43" hostname="pablito-B550-AORUS-ELITE-V2" time="0.002">
  <properties/>
  <testcase name="testDecode" classname="id.walt.crypto.UVarIntTest" time="0.001"/>
  <testcase name="testEncode" classname="id.walt.crypto.UVarIntTest" time="0.0"/>
  <system-out><![CDATA[]]></system-out>
  <system-err><![CDATA[]]></system-err>
</testsuite>
