<?xml version="1.0" encoding="UTF-8"?>
<testsuite name="id.walt.services.key.KeyServiceTest" tests="19" skipped="0" failures="0" errors="0" timestamp="2024-09-12T09:39:47" hostname="pablito-B550-AORUS-ELITE-V2" time="0.256">
  <properties/>
  <testcase name="checkRequiredAlgorithms" classname="id.walt.services.key.KeyServiceTest" time="0.009"/>
  <testcase name="generateEd25519JwkTest" classname="id.walt.services.key.KeyServiceTest" time="0.009"/>
  <testcase name="generateEd25519KeyPairTest" classname="id.walt.services.key.KeyServiceTest" time="0.01"/>
  <testcase name="generateSecp256k1JwkTest" classname="id.walt.services.key.KeyServiceTest" time="0.009"/>
  <testcase name="generateSecp256k1KeyPairTest" classname="id.walt.services.key.KeyServiceTest" time="0.009"/>
  <testcase name="keyAgreementTest" classname="id.walt.services.key.KeyServiceTest" time="0.008"/>
  <testcase name="serizalizeEd25519k1JwkTest" classname="id.walt.services.key.KeyServiceTest" time="0.009"/>
  <testcase name="serizalizeSecp256k1JwkTest" classname="id.walt.services.key.KeyServiceTest" time="0.009"/>
  <testcase name="testDeleteKey" classname="id.walt.services.key.KeyServiceTest" time="0.008"/>
  <testcase name="testGetEthereumAddress" classname="id.walt.services.key.KeyServiceTest" time="0.009"/>
  <testcase name="testGetEthereumAddressWithBadKeyAlgorithm" classname="id.walt.services.key.KeyServiceTest" time="0.009"/>
  <testcase name="testGetRecoveryId" classname="id.walt.services.key.KeyServiceTest" time="0.009"/>
  <testcase name="testGetRecoveryIdFailsWithBadData" classname="id.walt.services.key.KeyServiceTest" time="0.011"/>
  <testcase name="testGetRecoveryIdFailsWithBadKey" classname="id.walt.services.key.KeyServiceTest" time="0.017"/>
  <testcase name="testGetRecoveryIdFailsWithBadSignature" classname="id.walt.services.key.KeyServiceTest" time="0.012"/>
  <testcase name="testImportJWKKey" classname="id.walt.services.key.KeyServiceTest" time="0.01"/>
  <testcase name="testImportPEMKey" classname="id.walt.services.key.KeyServiceTest" time="0.025"/>
  <testcase name="testInMemoryKeyService" classname="id.walt.services.key.KeyServiceTest" time="0.011"/>
  <testcase name="testKeyAgreementAlgorithms" classname="id.walt.services.key.KeyServiceTest" time="0.041"/>
  <system-out><![CDATA[{"kty":"OKP","d":"9U4tyYu-T3DhllftPbCg-nbKx0UcXpIxck4NOQCaLys","use":"sig","crv":"Ed25519","kid":"3ab95a84f2a841b0b6dfeb2c67b678fc","x":"LRhH1AB577LAqfu--2BgBjxl2a3FxK4S-p9EM_b2Zek","alg":"EdDSA"}
{"kty":"EC","d":"ccXbBEtADYAF_HZbx4Qt_LSRH56oRzZdmu0PQVMQnoo","use":"sig","crv":"secp256k1","kid":"cafc54f216f0479e9f76fbb8a1a2be51","x":"rv9ugMWprVSg1oWUWsSuJILx06LpAcZMKfhJIrVLWgk","y":"E2aR6P1edwtytlL9paqkwaSU0s7Xr-xuEvXg7AzBgwY","alg":"ES256K"}
{"kty":"OKP","d":"NzNkDxp2OPyplpxvxSmKtHCul2tQ_7QNuameOTKd6uY","use":"sig","crv":"Ed25519","kid":"45674a4ac169f7f4716804393d20480138a","x":"4t6ROMKS2g9hwguVM-u9LzR06spoS__YyaOOvrtSFiI","alg":"EdDSA"}{"kty":"OKP","use":"sig","crv":"Ed25519","kid":"12374a4ac169f7f4716804393d20480138a","x":"4t6ROMKS2g9hwguVM-u9LzR06spoS__YyaOOvrtSFiI","alg":"EdDSA"}{"kty":"EC","d":"OqVsq7XATh0pmUWZF8qDMccsQJpvREZ0YizoKHofklo","use":"sig","crv":"secp256k1","kid":"ed51ec3a165f4af8bef8298d99b41de7","x":"9KDwicGxrzRs-5ehPIdT-B3bxAFsXd4l3_2WJdd_sbU","y":"CxuLSI9ndIWLRsA8Q_lQY87SukzDjPiNErpXn9-3IJk","alg":"ES256K"}{"kty":"EC","use":"sig","crv":"secp256k1","kid":"c96fe427cef847e6b2b9675cec31a2bb","x":"Aqm7rMnVWrRJUmXqty5EPW8yMfAGDKc9pD7v2llfZ1A","y":"do4Reb5jPJK46PshOdO3aj9G0TmfmHQZip57KeJ1xPQ","alg":"ES256K"}{"p":"2a9Mxxvz74_kE8yJk50RBcls3HQfC2IS5lpaNrU8hIMxVpcBsUSBNAl-D3Zik3ItIAqs2ysZPq-AXht2YwbS1nJCuEggGuUTKaoGOlokxqmT8dxzJsdPiz1FYBl4V0z1RPOi7YPkmnpGbAh6Ky-zdXC6nMjRENEuDt3We9EcMe0","kty":"RSA","q":"zhdR_SdyxKg_0PXrqGye8xMvDzV3GEz4uUewfPiCVZ0z2bb07AgwqvQilH4W1JX8gnrMILKRz0LZBmV5nD0cpZiVl44k_5d_L7UfKhaSPrQlLq8vNaNcKk4ijxm2JfyBnNu9eIwpcU_BY0mUTTBwWCv8LMxWNGj-zA58hYhy648","d":"oNBpzF3W3KBcetiQCTEjaO0-GJGkfCCMneACPdxCl0o82zP1AJZnhjdjWUcjtgUrkV8aeRS1_j7QYPQaxh2t9e0HJmKqzqGJhsn6KH31AjmIKjUMbijtygdJqHZjnqJ3YNV6ppskzews5ZQoBGFOAt5J1V0WcZSDkkOFGqW17HN8NoQ4qL2vcE3H-OVLGJplzxf3JikY3_lRIieKatcPOzuidxU_g0TWExAk7gl1QNjqu-tY954iXvkYaCBp4YMbQ0Ci094N14YRbeYFKG8MUzQFw77n-RiVQGvfSdwZE_MurN0jrKmytn_U7k-_iTB1xKx-IGpDrWA7i34yqd1V4Q","e":"AQAB","use":"sig","kid":"44aEC1AgmLWAQ7rIitVWQBso2SpHcTs5d1_YTB4axHc","qi":"t1RDCFaOSyk35gBa0eK6-okyidsUaxy3Z0Bvbc-r4N1R8_w1CE7nzCMmdNOQtdw6GnsDKjRFwR9DwWw7HMgKo4rUL4Avf1q88mhaQKZK9joVBJI1WA6K4rW9qJtfXVOqJ8Ri-wOah0aH0oiQin9_8Ho9nwARcAXswvveKKBDIeA","dp":"TojsDjmLfDZRdsMoL1VPOuM8nxxVxumPIAQg3_Pq7XPXbQH13lp0sq1qCXIQhll-5jxzuG6IIRF4InuN7pQbpLp8T7fVvV4_15w7uvmiovmzImMCOE9X50gnq1AFFpnxMvsjIMWgyAqtNXSpfsMq34fYC5B3vLV7BGoMY4dBwNE","alg":"RS256","dq":"ue5EI_aRDmcUm_siDqNgi8BE9p2vwpa-1rmcukKho4feHY94S_Hfpnv3LqzLACQI2dbbjqxL7AdNMP4fxxtDWwrb-w1cx9LwBiSL5zbR3gw8d2_JUcT-A5TWjPAPaxnx_Ygp2jXptbbUrDTXvQP0dzfHnMsFAueu6H4xTW-a7nU","n":"rz7kP9l2-krsWPhd_wR2r8E8C3DkoNLmGGb6usd0mTqbeqYDdXMEdrUJfKF4fM-q0zan4uodz0oUDoaqNfF58fuGyGF3nqiRPbzQ1DCvuAD_a4NkHXIDHIqu3Za5CTzLc69F6bgpLPjpaagYwmtQXi1hOOqdBElOTTr2Kut8JxJ_cpO6zOdX36gKc5yRFBSGxUXOz5Mav8rOhd12tyI2ip8awpAFa-gbicBppaH2JgUk84bL5YfiooZOmF67WmXxub7HwoW-t9eRUnEOWHPRoX3pXDM1PNqGtS2H3u4A_ZORDS79IiSwcMTkPR3ErV_AJhAbCxnEuTIe001T1B5yYw"}{"kty":"RSA","e":"AQAB","use":"sig","kid":"44aEC1AgmLWAQ7rIitVWQBso2SpHcTs5d1_YTB4axHC","alg":"RS256","n":"rz7kP9l2-krsWPhd_wR2r8E8C3DkoNLmGGb6usd0mTqbeqYDdXMEdrUJfKF4fM-q0zan4uodz0oUDoaqNfF58fuGyGF3nqiRPbzQ1DCvuAD_a4NkHXIDHIqu3Za5CTzLc69F6bgpLPjpaagYwmtQXi1hOOqdBElOTTr2Kut8JxJ_cpO6zOdX36gKc5yRFBSGxUXOz5Mav8rOhd12tyI2ip8awpAFa-gbicBppaH2JgUk84bL5YfiooZOmF67WmXxub7HwoW-t9eRUnEOWHPRoX3pXDM1PNqGtS2H3u4A_ZORDS79IiSwcMTkPR3ErV_AJhAbCxnEuTIe001T1B5yYw"}]]></system-out>
  <system-err><![CDATA[12373 [pool-1-thread-1 @coroutine#821] DEBUG id.walt.services.keystore.HKVKeyStoreService - Storing key "3ab95a84f2a841b0b6dfeb2c67b678fc".
12373 [pool-1-thread-1 @coroutine#821] DEBUG id.walt.services.keystore.HKVKeyStoreService - Loading key "3ab95a84f2a841b0b6dfeb2c67b678fc".
12373 [pool-1-thread-1 @coroutine#821] DEBUG id.walt.services.keystore.HKVKeyStoreService - Loading key "3ab95a84f2a841b0b6dfeb2c67b678fc".
12383 [pool-1-thread-1 @coroutine#822] DEBUG id.walt.services.keystore.HKVKeyStoreService - Storing key "aaee8c3f8a4647dab0826476adba7a5c".
12383 [pool-1-thread-1 @coroutine#822] DEBUG id.walt.services.keystore.HKVKeyStoreService - Loading key "aaee8c3f8a4647dab0826476adba7a5c".
12393 [pool-1-thread-1 @coroutine#823] DEBUG id.walt.services.keystore.HKVKeyStoreService - Storing key "cafc54f216f0479e9f76fbb8a1a2be51".
12393 [pool-1-thread-1 @coroutine#823] DEBUG id.walt.services.keystore.HKVKeyStoreService - Loading key "cafc54f216f0479e9f76fbb8a1a2be51".
12393 [pool-1-thread-1 @coroutine#823] DEBUG id.walt.services.keystore.HKVKeyStoreService - Loading key "cafc54f216f0479e9f76fbb8a1a2be51".
12402 [pool-1-thread-1 @coroutine#824] DEBUG id.walt.services.keystore.HKVKeyStoreService - Storing key "8d977981fb4f4690b6e3d1073f52608b".
12402 [pool-1-thread-1 @coroutine#824] DEBUG id.walt.services.keystore.HKVKeyStoreService - Loading key "8d977981fb4f4690b6e3d1073f52608b".
12421 [pool-1-thread-1 @coroutine#826] DEBUG id.walt.services.keystore.HKVKeyStoreService - Storing key "da5d24e0f0ee49558a98e3f3b3b71780".
12421 [pool-1-thread-1 @coroutine#826] DEBUG id.walt.services.keystore.HKVKeyStoreService - Loading key "da5d24e0f0ee49558a98e3f3b3b71780".
12431 [pool-1-thread-1 @coroutine#827] DEBUG id.walt.services.keystore.HKVKeyStoreService - Storing key "db86b4c7b277433a88e4af66ea372420".
12432 [pool-1-thread-1 @coroutine#827] DEBUG id.walt.services.keystore.HKVKeyStoreService - Loading key "db86b4c7b277433a88e4af66ea372420".
12441 [pool-1-thread-1 @coroutine#828] DEBUG id.walt.services.keystore.HKVKeyStoreService - Storing key "a0ebbbccd3934b249eb5f9f4d5dedb18".
12442 [pool-1-thread-1 @coroutine#828] DEBUG id.walt.services.keystore.HKVKeyStoreService - Loading key "a0ebbbccd3934b249eb5f9f4d5dedb18".
12451 [pool-1-thread-1 @coroutine#829] DEBUG id.walt.services.keystore.HKVKeyStoreService - Storing key "4cb3cdec250047a792ef50f13e3c832e".
12451 [pool-1-thread-1 @coroutine#829] DEBUG id.walt.services.keystore.HKVKeyStoreService - Loading key "4cb3cdec250047a792ef50f13e3c832e".
12451 [pool-1-thread-1 @coroutine#829] DEBUG id.walt.services.keystore.HKVKeyStoreService - Loading key "4cb3cdec250047a792ef50f13e3c832e".
12461 [pool-1-thread-1 @coroutine#830] DEBUG id.walt.services.keystore.HKVKeyStoreService - Storing key "0982204a6d514a399d6e62d28d64a217".
12461 [pool-1-thread-1 @coroutine#830] DEBUG id.walt.services.keystore.HKVKeyStoreService - Loading key "0982204a6d514a399d6e62d28d64a217".
12470 [pool-1-thread-1 @coroutine#831] DEBUG id.walt.services.keystore.HKVKeyStoreService - Storing key "087147d4f6d54f8b8a971ecc95d6d417".
12471 [pool-1-thread-1 @coroutine#831] DEBUG id.walt.services.keystore.HKVKeyStoreService - Loading key "087147d4f6d54f8b8a971ecc95d6d417".
12471 [pool-1-thread-1 @coroutine#831] DEBUG id.walt.services.keystore.HKVKeyStoreService - Loading key "087147d4f6d54f8b8a971ecc95d6d417".
12481 [pool-1-thread-1 @coroutine#832] DEBUG id.walt.services.keystore.HKVKeyStoreService - Storing key "80e4d234269b4694811ae8eb7658c334".
12481 [pool-1-thread-1 @coroutine#832] DEBUG id.walt.services.keystore.HKVKeyStoreService - Loading key "80e4d234269b4694811ae8eb7658c334".
12482 [pool-1-thread-1 @coroutine#832] DEBUG id.walt.services.keystore.HKVKeyStoreService - Loading key "80e4d234269b4694811ae8eb7658c334".
12483 [pool-1-thread-1 @coroutine#832] DEBUG id.walt.services.keystore.HKVKeyStoreService - Loading key "80e4d234269b4694811ae8eb7658c334".
12499 [pool-1-thread-1 @coroutine#833] DEBUG id.walt.services.keystore.HKVKeyStoreService - Storing key "c5d30c3da6a5442b975707342f188997".
12499 [pool-1-thread-1 @coroutine#833] DEBUG id.walt.services.keystore.HKVKeyStoreService - Storing key "75e10925b4b84116a9571730093b8b94".
12499 [pool-1-thread-1 @coroutine#833] DEBUG id.walt.services.keystore.HKVKeyStoreService - Loading key "c5d30c3da6a5442b975707342f188997".
12500 [pool-1-thread-1 @coroutine#833] DEBUG id.walt.services.keystore.HKVKeyStoreService - Loading key "75e10925b4b84116a9571730093b8b94".
12501 [pool-1-thread-1 @coroutine#833] DEBUG id.walt.services.keystore.HKVKeyStoreService - Loading key "75e10925b4b84116a9571730093b8b94".
12511 [pool-1-thread-1 @coroutine#834] DEBUG id.walt.services.keystore.HKVKeyStoreService - Storing key "9729b606a5d44dd68afd3bf77dfb2ae8".
12512 [pool-1-thread-1 @coroutine#834] DEBUG id.walt.services.keystore.HKVKeyStoreService - Loading key "9729b606a5d44dd68afd3bf77dfb2ae8".
12512 [pool-1-thread-1 @coroutine#834] DEBUG id.walt.services.keystore.HKVKeyStoreService - Loading key "9729b606a5d44dd68afd3bf77dfb2ae8".
12513 [pool-1-thread-1 @coroutine#834] DEBUG id.walt.services.keystore.HKVKeyStoreService - Loading key "9729b606a5d44dd68afd3bf77dfb2ae8".
12514 [pool-1-thread-1 @coroutine#834] DEBUG id.walt.services.keystore.HKVKeyStoreService - Loading key "9729b606a5d44dd68afd3bf77dfb2ae8".
12524 [pool-1-thread-1 @coroutine#835] DEBUG id.walt.services.keystore.HKVKeyStoreService - Storing key "45674a4ac169f7f4716804393d20480138a".
12524 [pool-1-thread-1 @coroutine#835] DEBUG id.walt.services.key.WaltIdKeyService - Importing key 45674a4ac169f7f4716804393d20480138a
12524 [pool-1-thread-1 @coroutine#835] DEBUG id.walt.services.keystore.HKVKeyStoreService - Loading key "45674a4ac169f7f4716804393d20480138a".
12524 [pool-1-thread-1 @coroutine#835] DEBUG id.walt.services.keystore.HKVKeyStoreService - Storing key "12374a4ac169f7f4716804393d20480138a".
12524 [pool-1-thread-1 @coroutine#835] DEBUG id.walt.services.key.WaltIdKeyService - Importing key 12374a4ac169f7f4716804393d20480138a
12524 [pool-1-thread-1 @coroutine#835] DEBUG id.walt.services.keystore.HKVKeyStoreService - Loading key "12374a4ac169f7f4716804393d20480138a".
12525 [pool-1-thread-1 @coroutine#835] DEBUG id.walt.services.keystore.HKVKeyStoreService - Storing key "ed51ec3a165f4af8bef8298d99b41de7".
12525 [pool-1-thread-1 @coroutine#835] DEBUG id.walt.services.key.WaltIdKeyService - Importing key ed51ec3a165f4af8bef8298d99b41de7
12525 [pool-1-thread-1 @coroutine#835] DEBUG id.walt.services.keystore.HKVKeyStoreService - Loading key "ed51ec3a165f4af8bef8298d99b41de7".
12525 [pool-1-thread-1 @coroutine#835] DEBUG id.walt.services.keystore.HKVKeyStoreService - Storing key "c96fe427cef847e6b2b9675cec31a2bb".
12525 [pool-1-thread-1 @coroutine#835] DEBUG id.walt.services.key.WaltIdKeyService - Importing key c96fe427cef847e6b2b9675cec31a2bb
12525 [pool-1-thread-1 @coroutine#835] DEBUG id.walt.services.keystore.HKVKeyStoreService - Loading key "c96fe427cef847e6b2b9675cec31a2bb".
12525 [pool-1-thread-1 @coroutine#835] DEBUG id.walt.services.keystore.HKVKeyStoreService - Storing key "44aEC1AgmLWAQ7rIitVWQBso2SpHcTs5d1_YTB4axHc".
12525 [pool-1-thread-1 @coroutine#835] DEBUG id.walt.services.key.WaltIdKeyService - Importing key 44aEC1AgmLWAQ7rIitVWQBso2SpHcTs5d1_YTB4axHc
12525 [pool-1-thread-1 @coroutine#835] DEBUG id.walt.services.keystore.HKVKeyStoreService - Loading key "44aEC1AgmLWAQ7rIitVWQBso2SpHcTs5d1_YTB4axHc".
12525 [pool-1-thread-1 @coroutine#835] DEBUG id.walt.services.keystore.HKVKeyStoreService - Storing key "44aEC1AgmLWAQ7rIitVWQBso2SpHcTs5d1_YTB4axHC".
12525 [pool-1-thread-1 @coroutine#835] DEBUG id.walt.services.key.WaltIdKeyService - Importing key 44aEC1AgmLWAQ7rIitVWQBso2SpHcTs5d1_YTB4axHC
12525 [pool-1-thread-1 @coroutine#835] DEBUG id.walt.services.keystore.HKVKeyStoreService - Loading key "44aEC1AgmLWAQ7rIitVWQBso2SpHcTs5d1_YTB4axHC".
12534 [pool-1-thread-1 @coroutine#836] DEBUG id.walt.services.key.import.PemKeyImport - PEM parser next object: org.bouncycastle.asn1.pkcs.PrivateKeyInfo@d70d8f4d
12535 [pool-1-thread-1 @coroutine#836] DEBUG id.walt.services.key.import.PemKeyImport - PEM parser next object: org.bouncycastle.asn1.x509.SubjectPublicKeyInfo@f84e7b71
12535 [pool-1-thread-1 @coroutine#836] DEBUG id.walt.services.key.import.PemKeyImport - PEM parser next object: null
12535 [pool-1-thread-1 @coroutine#836] DEBUG id.walt.services.key.import.PemKeyImport - Searching key pair in: [org.bouncycastle.asn1.pkcs.PrivateKeyInfo@d70d8f4d, org.bouncycastle.asn1.x509.SubjectPublicKeyInfo@f84e7b71]
12535 [pool-1-thread-1 @coroutine#836] DEBUG id.walt.services.keystore.HKVKeyStoreService - Storing key "527f4e56625e47399b1fa340b0460905".
12535 [pool-1-thread-1 @coroutine#836] DEBUG id.walt.services.key.WaltIdKeyService - Importing key 527f4e56625e47399b1fa340b0460905
12535 [pool-1-thread-1 @coroutine#836] DEBUG id.walt.services.keystore.HKVKeyStoreService - Loading key "527f4e56625e47399b1fa340b0460905".
12535 [pool-1-thread-1 @coroutine#836] DEBUG id.walt.services.keystore.HKVKeyStoreService - Loading key "527f4e56625e47399b1fa340b0460905".
12535 [pool-1-thread-1 @coroutine#836] DEBUG id.walt.services.key.import.PemKeyImport - PEM parser next object: org.bouncycastle.asn1.x509.SubjectPublicKeyInfo@f84e7b71
12535 [pool-1-thread-1 @coroutine#836] DEBUG id.walt.services.key.import.PemKeyImport - PEM parser next object: null
12535 [pool-1-thread-1 @coroutine#836] DEBUG id.walt.services.key.import.PemKeyImport - Searching key pair in: [org.bouncycastle.asn1.x509.SubjectPublicKeyInfo@f84e7b71]
12535 [pool-1-thread-1 @coroutine#836] DEBUG id.walt.services.keystore.HKVKeyStoreService - Storing key "c449311708164e4eb86b98be1b40665f".
12535 [pool-1-thread-1 @coroutine#836] DEBUG id.walt.services.key.WaltIdKeyService - Importing key c449311708164e4eb86b98be1b40665f
12535 [pool-1-thread-1 @coroutine#836] DEBUG id.walt.services.keystore.HKVKeyStoreService - Loading key "c449311708164e4eb86b98be1b40665f".
12535 [pool-1-thread-1 @coroutine#836] DEBUG id.walt.services.key.import.PemKeyImport - PEM parser next object: org.bouncycastle.asn1.pkcs.PrivateKeyInfo@d70d8f4d
12535 [pool-1-thread-1 @coroutine#836] DEBUG id.walt.services.key.import.PemKeyImport - PEM parser next object: null
12535 [pool-1-thread-1 @coroutine#836] DEBUG id.walt.services.key.import.PemKeyImport - Searching key pair in: [org.bouncycastle.asn1.pkcs.PrivateKeyInfo@d70d8f4d]
12540 [pool-1-thread-1 @coroutine#836] DEBUG id.walt.services.keystore.HKVKeyStoreService - Storing key "702204a91bed42449df8e1e0b12d70a3".
12540 [pool-1-thread-1 @coroutine#836] DEBUG id.walt.services.key.WaltIdKeyService - Importing key 702204a91bed42449df8e1e0b12d70a3
12540 [pool-1-thread-1 @coroutine#836] DEBUG id.walt.services.keystore.HKVKeyStoreService - Loading key "702204a91bed42449df8e1e0b12d70a3".
12540 [pool-1-thread-1 @coroutine#836] DEBUG id.walt.services.keystore.HKVKeyStoreService - Loading key "702204a91bed42449df8e1e0b12d70a3".
12540 [pool-1-thread-1 @coroutine#836] DEBUG id.walt.services.key.import.PemKeyImport - PEM parser next object: org.bouncycastle.asn1.pkcs.PrivateKeyInfo@7f1f5769
12540 [pool-1-thread-1 @coroutine#836] DEBUG id.walt.services.key.import.PemKeyImport - PEM parser next object: org.bouncycastle.asn1.x509.SubjectPublicKeyInfo@ba52f501
12540 [pool-1-thread-1 @coroutine#836] DEBUG id.walt.services.key.import.PemKeyImport - PEM parser next object: null
12540 [pool-1-thread-1 @coroutine#836] DEBUG id.walt.services.key.import.PemKeyImport - Searching key pair in: [org.bouncycastle.asn1.pkcs.PrivateKeyInfo@7f1f5769, org.bouncycastle.asn1.x509.SubjectPublicKeyInfo@ba52f501]
12540 [pool-1-thread-1 @coroutine#836] DEBUG id.walt.services.keystore.HKVKeyStoreService - Storing key "718cd20501244098961ed99cb0cc99a5".
12540 [pool-1-thread-1 @coroutine#836] DEBUG id.walt.services.key.WaltIdKeyService - Importing key 718cd20501244098961ed99cb0cc99a5
12540 [pool-1-thread-1 @coroutine#836] DEBUG id.walt.services.keystore.HKVKeyStoreService - Loading key "718cd20501244098961ed99cb0cc99a5".
12540 [pool-1-thread-1 @coroutine#836] DEBUG id.walt.services.keystore.HKVKeyStoreService - Loading key "718cd20501244098961ed99cb0cc99a5".
12541 [pool-1-thread-1 @coroutine#836] DEBUG id.walt.services.key.import.PemKeyImport - PEM parser next object: org.bouncycastle.asn1.x509.SubjectPublicKeyInfo@ba52f501
12541 [pool-1-thread-1 @coroutine#836] DEBUG id.walt.services.key.import.PemKeyImport - PEM parser next object: null
12541 [pool-1-thread-1 @coroutine#836] DEBUG id.walt.services.key.import.PemKeyImport - Searching key pair in: [org.bouncycastle.asn1.x509.SubjectPublicKeyInfo@ba52f501]
12542 [pool-1-thread-1 @coroutine#836] DEBUG id.walt.services.keystore.HKVKeyStoreService - Storing key "4341a378917a466a930e453584dd1243".
12542 [pool-1-thread-1 @coroutine#836] DEBUG id.walt.services.key.WaltIdKeyService - Importing key 4341a378917a466a930e453584dd1243
12542 [pool-1-thread-1 @coroutine#836] DEBUG id.walt.services.keystore.HKVKeyStoreService - Loading key "4341a378917a466a930e453584dd1243".
12542 [pool-1-thread-1 @coroutine#836] DEBUG id.walt.services.key.import.PemKeyImport - PEM parser next object: org.bouncycastle.asn1.pkcs.PrivateKeyInfo@7f1f5769
12543 [pool-1-thread-1 @coroutine#836] DEBUG id.walt.services.key.import.PemKeyImport - PEM parser next object: null
12543 [pool-1-thread-1 @coroutine#836] DEBUG id.walt.services.key.import.PemKeyImport - Searching key pair in: [org.bouncycastle.asn1.pkcs.PrivateKeyInfo@7f1f5769]
12548 [pool-1-thread-1 @coroutine#836] DEBUG id.walt.services.keystore.HKVKeyStoreService - Storing key "19bee1b58f3f4941bda7244496ddd673".
12548 [pool-1-thread-1 @coroutine#836] DEBUG id.walt.services.key.WaltIdKeyService - Importing key 19bee1b58f3f4941bda7244496ddd673
12548 [pool-1-thread-1 @coroutine#836] DEBUG id.walt.services.keystore.HKVKeyStoreService - Loading key "19bee1b58f3f4941bda7244496ddd673".
12548 [pool-1-thread-1 @coroutine#836] DEBUG id.walt.services.keystore.HKVKeyStoreService - Loading key "19bee1b58f3f4941bda7244496ddd673".
12549 [pool-1-thread-1 @coroutine#836] DEBUG id.walt.services.key.import.PemKeyImport - PEM parser next object: org.bouncycastle.asn1.pkcs.PrivateKeyInfo@b3fa9c64
12549 [pool-1-thread-1 @coroutine#836] DEBUG id.walt.services.key.import.PemKeyImport - PEM parser next object: org.bouncycastle.asn1.x509.SubjectPublicKeyInfo@8c423836
12549 [pool-1-thread-1 @coroutine#836] DEBUG id.walt.services.key.import.PemKeyImport - PEM parser next object: null
12549 [pool-1-thread-1 @coroutine#836] DEBUG id.walt.services.key.import.PemKeyImport - Searching key pair in: [org.bouncycastle.asn1.pkcs.PrivateKeyInfo@b3fa9c64, org.bouncycastle.asn1.x509.SubjectPublicKeyInfo@8c423836]
12549 [pool-1-thread-1 @coroutine#836] DEBUG id.walt.services.keystore.HKVKeyStoreService - Storing key "0cb789fb44804c88a081fb8a2854b621".
12549 [pool-1-thread-1 @coroutine#836] DEBUG id.walt.services.key.WaltIdKeyService - Importing key 0cb789fb44804c88a081fb8a2854b621
12549 [pool-1-thread-1 @coroutine#836] DEBUG id.walt.services.keystore.HKVKeyStoreService - Loading key "0cb789fb44804c88a081fb8a2854b621".
12549 [pool-1-thread-1 @coroutine#836] DEBUG id.walt.services.keystore.HKVKeyStoreService - Loading key "0cb789fb44804c88a081fb8a2854b621".
12549 [pool-1-thread-1 @coroutine#836] DEBUG id.walt.services.key.import.PemKeyImport - PEM parser next object: org.bouncycastle.asn1.x509.SubjectPublicKeyInfo@8c423836
12549 [pool-1-thread-1 @coroutine#836] DEBUG id.walt.services.key.import.PemKeyImport - PEM parser next object: null
12549 [pool-1-thread-1 @coroutine#836] DEBUG id.walt.services.key.import.PemKeyImport - Searching key pair in: [org.bouncycastle.asn1.x509.SubjectPublicKeyInfo@8c423836]
12549 [pool-1-thread-1 @coroutine#836] DEBUG id.walt.services.keystore.HKVKeyStoreService - Storing key "089a86e345194df38aed0eebe984ec80".
12549 [pool-1-thread-1 @coroutine#836] DEBUG id.walt.services.key.WaltIdKeyService - Importing key 089a86e345194df38aed0eebe984ec80
12549 [pool-1-thread-1 @coroutine#836] DEBUG id.walt.services.keystore.HKVKeyStoreService - Loading key "089a86e345194df38aed0eebe984ec80".
12549 [pool-1-thread-1 @coroutine#836] DEBUG id.walt.services.key.import.PemKeyImport - PEM parser next object: org.bouncycastle.asn1.pkcs.PrivateKeyInfo@b3fa9c64
12549 [pool-1-thread-1 @coroutine#836] DEBUG id.walt.services.key.import.PemKeyImport - PEM parser next object: null
12549 [pool-1-thread-1 @coroutine#836] DEBUG id.walt.services.key.import.PemKeyImport - Searching key pair in: [org.bouncycastle.asn1.pkcs.PrivateKeyInfo@b3fa9c64]
12550 [pool-1-thread-1 @coroutine#836] DEBUG id.walt.services.keystore.HKVKeyStoreService - Storing key "d05342293cee4b7f96ca4e5157253e4b".
12551 [pool-1-thread-1 @coroutine#836] DEBUG id.walt.services.key.WaltIdKeyService - Importing key d05342293cee4b7f96ca4e5157253e4b
12551 [pool-1-thread-1 @coroutine#836] DEBUG id.walt.services.keystore.HKVKeyStoreService - Loading key "d05342293cee4b7f96ca4e5157253e4b".
12551 [pool-1-thread-1 @coroutine#836] DEBUG id.walt.services.keystore.HKVKeyStoreService - Loading key "d05342293cee4b7f96ca4e5157253e4b".
12561 [pool-1-thread-1 @coroutine#837] DEBUG id.walt.services.keystore.HKVKeyStoreService - Storing key "476914ca6edb4e55970188bfc6b84417".
12562 [pool-1-thread-1 @coroutine#837] DEBUG id.walt.services.keystore.HKVKeyStoreService - Loading key "476914ca6edb4e55970188bfc6b84417".
12562 [pool-1-thread-1 @coroutine#837] DEBUG id.walt.services.keystore.HKVKeyStoreService - Loading key "abadd8dac4444860a3ea577727f6804d".
12562 [pool-1-thread-1 @coroutine#837] DEBUG id.walt.services.keystore.HKVKeyStoreService - Loading key "abadd8dac4444860a3ea577727f6804d".
]]></system-err>
</testsuite>
