<?xml version="1.0" encoding="UTF-8"?>
<testsuite name="id.walt.custodian.InMemoryVcStoreTests" tests="5" skipped="0" failures="0" errors="0" timestamp="2024-09-12T09:39:43" hostname="pablito-B550-AORUS-ELITE-V2" time="0.004">
  <properties/>
  <testcase name="1: Store credentials" classname="id.walt.custodian.InMemoryVcStoreTests" time="0.001"/>
  <testcase name="2: List credential ids" classname="id.walt.custodian.InMemoryVcStoreTests" time="0.001"/>
  <testcase name="3: Retrieve credential" classname="id.walt.custodian.InMemoryVcStoreTests" time="0.0"/>
  <testcase name="3: List credentials" classname="id.walt.custodian.InMemoryVcStoreTests" time="0.0"/>
  <testcase name="4: Delete credentials" classname="id.walt.custodian.InMemoryVcStoreTests" time="0.0"/>
  <system-out><![CDATA[my-test-europass
my-test-va
{"type":["VerifiableCredential"],"@context":["https://www.w3.org/2018/credentials/v1"],"credentialSchema":{"id":"europass","type":""}}
europass
]]></system-out>
  <system-err><![CDATA[]]></system-err>
</testsuite>
