<?xml version="1.0" encoding="UTF-8"?>
<testsuite name="id.walt.services.keystore.SqlKeyStoreServiceTest" tests="6" skipped="0" failures="0" errors="0" timestamp="2024-09-12T09:39:47" hostname="pablito-B550-AORUS-ELITE-V2" time="0.014">
  <properties/>
  <testcase name="addAliasSqlApiTest" classname="id.walt.services.keystore.SqlKeyStoreServiceTest" time="0.008"/>
  <testcase name="addAliasTest" classname="id.walt.services.keystore.SqlKeyStoreServiceTest" time="0.001"/>
  <testcase name="deleteKeysTest" classname="id.walt.services.keystore.SqlKeyStoreServiceTest" time="0.0"/>
  <testcase name="listKeysTest" classname="id.walt.services.keystore.SqlKeyStoreServiceTest" time="0.0"/>
  <testcase name="saveLoadEd25519KeysTest" classname="id.walt.services.keystore.SqlKeyStoreServiceTest" time="0.0"/>
  <testcase name="saveLoadSecp256k1KeysTest" classname="id.walt.services.keystore.SqlKeyStoreServiceTest" time="0.0"/>
  <system-out><![CDATA[keys: Key[0a7c68718b6943b4bf99ad8e8abae5f2; Algo: EdDSA_Ed25519; Provider: SUN], Key[38790baeb82546b1aaddb7d33a7df1a4; Algo: EdDSA_Ed25519; Provider: SUN], Key[d8aae7f4bc604be39160b534de1d1c54; Algo: ECDSA_Secp256k1; Provider: SUN]
]]></system-out>
  <system-err><![CDATA[12660 [pool-1-thread-1 @coroutine#848] DEBUG id.walt.services.keystore.HKVKeyStoreService - Storing key "0a7c68718b6943b4bf99ad8e8abae5f2".
12660 [pool-1-thread-1 @coroutine#848] DEBUG id.walt.services.keystore.HKVKeyStoreService - Loading key "0a7c68718b6943b4bf99ad8e8abae5f2".
12660 [pool-1-thread-1 @coroutine#848] DEBUG id.walt.services.keystore.SqlKeyStoreService - Saving key "Key[0a7c68718b6943b4bf99ad8e8abae5f2; Algo: EdDSA_Ed25519; Provider: SUN]"...
12665 [pool-1-thread-1 @coroutine#848] DEBUG id.walt.services.keystore.SqlKeyStoreService - Adding alias "bbb06345-5e97-4d7e-908b-bd99ecb65182" for keyId "0a7c68718b6943b4bf99ad8e8abae5f2"...
12667 [pool-1-thread-1 @coroutine#848] DEBUG id.walt.services.keystore.SqlKeyStoreService - Loading key "0a7c68718b6943b4bf99ad8e8abae5f2"...
12669 [pool-1-thread-1 @coroutine#849] DEBUG id.walt.services.keystore.HKVKeyStoreService - Storing key "38790baeb82546b1aaddb7d33a7df1a4".
12669 [pool-1-thread-1 @coroutine#849] DEBUG id.walt.services.keystore.HKVKeyStoreService - Loading key "ebf5cc9a-c160-40f3-bc14-127bab337ccc".
12669 [pool-1-thread-1 @coroutine#849] DEBUG id.walt.services.keystore.HKVKeyStoreService - Loading key "38790baeb82546b1aaddb7d33a7df1a4".
12670 [pool-1-thread-1 @coroutine#850] DEBUG id.walt.services.keystore.HKVKeyStoreService - Storing key "938ab1877a654fcc91eb34c90c1b519c".
12671 [pool-1-thread-1 @coroutine#850] DEBUG id.walt.services.keystore.HKVKeyStoreService - Loading key "938ab1877a654fcc91eb34c90c1b519c".
12671 [pool-1-thread-1 @coroutine#850] DEBUG id.walt.services.keystore.HKVKeyStoreService - Loading key "938ab1877a654fcc91eb34c90c1b519c".
12671 [pool-1-thread-1 @coroutine#851] DEBUG id.walt.services.keystore.HKVKeyStoreService - Storing key "d8aae7f4bc604be39160b534de1d1c54".
12672 [pool-1-thread-1 @coroutine#851] DEBUG id.walt.services.keystore.HKVKeyStoreService - Loading key "0a7c68718b6943b4bf99ad8e8abae5f2".
12672 [pool-1-thread-1 @coroutine#851] DEBUG id.walt.services.keystore.HKVKeyStoreService - Loading key "38790baeb82546b1aaddb7d33a7df1a4".
12672 [pool-1-thread-1 @coroutine#851] DEBUG id.walt.services.keystore.HKVKeyStoreService - Loading key "d8aae7f4bc604be39160b534de1d1c54".
12673 [pool-1-thread-1 @coroutine#852] DEBUG id.walt.services.keystore.HKVKeyStoreService - Storing key "0558e2389c894231a143cb2cf5f29f9d".
12673 [pool-1-thread-1 @coroutine#852] DEBUG id.walt.services.keystore.HKVKeyStoreService - Loading key "0558e2389c894231a143cb2cf5f29f9d".
12673 [pool-1-thread-1 @coroutine#853] DEBUG id.walt.services.keystore.HKVKeyStoreService - Storing key "a7c700bdadfe4e239a86c1045f92e542".
12673 [pool-1-thread-1 @coroutine#853] DEBUG id.walt.services.keystore.HKVKeyStoreService - Loading key "a7c700bdadfe4e239a86c1045f92e542".
]]></system-err>
</testsuite>
