<?xml version="1.0" encoding="UTF-8"?>
<testsuite name="id.walt.common.OidcUtilTest" tests="1" skipped="0" failures="0" errors="0" timestamp="2024-09-12T09:39:42" hostname="pablito-B550-AORUS-ELITE-V2" time="0.006">
  <properties/>
  <testcase name="authenticationRequestTest" classname="id.walt.common.OidcUtilTest" time="0.006"/>
  <system-out><![CDATA[]]></system-out>
  <system-err><![CDATA[]]></system-err>
</testsuite>
