<?xml version="1.0" encoding="UTF-8"?>
<testsuite name="id.walt.services.vc.WaltIdJsonLdCredentialServiceTest" tests="8" skipped="0" failures="7" errors="0" timestamp="2024-09-12T09:39:48" hostname="pablito-B550-AORUS-ELITE-V2" time="1.189">
  <properties/>
  <testcase name="presentEuropassTest" classname="id.walt.services.vc.WaltIdJsonLdCredentialServiceTest" time="0.017">
    <failure message="java.lang.IllegalArgumentException: Could not load key: z6MkhvrqyeHTADs2uxNU1we4K3dKGVFm9ctkPfzbNAJN9W2U" type="java.lang.IllegalArgumentException">java.lang.IllegalArgumentException: Could not load key: z6MkhvrqyeHTADs2uxNU1we4K3dKGVFm9ctkPfzbNAJN9W2U
	at id.walt.services.storeUmu.defaultSoreServiceUmu.load(defaultSoreServiceUmu.kt:139)
	at id.walt.services.storeUmu.KeyStoreServiceUmu.load(KeyStoreServiceUmu.kt:20)
	at id.walt.services.vc.WaltIdJsonLdCredentialService.verify(WaltIdJsonLdCredentialService.kt:287)
	at id.walt.services.vc.JsonLdCredentialService.verify(JsonLdCredentialService.kt:27)
	at id.walt.services.vc.WaltIdJsonLdCredentialServiceTest.presentEuropassTest(WaltIdJsonLdCredentialServiceTest.kt:153)
	at java.base/java.lang.reflect.Method.invoke(Method.java:568)
	at kotlin.reflect.jvm.internal.calls.CallerImpl$Method.callMethod(CallerImpl.kt:97)
	at kotlin.reflect.jvm.internal.calls.CallerImpl$Method$Instance.call(CallerImpl.kt:113)
	at kotlin.reflect.jvm.internal.KCallableImpl.call(KCallableImpl.kt:107)
	at kotlin.reflect.full.KCallables.callSuspend(KCallables.kt:54)
	at io.kotest.core.spec.style.AnnotationSpec$callNotExpectingException$1.invokeSuspend(AnnotationSpec.kt:139)
	at io.kotest.core.spec.style.AnnotationSpec$callNotExpectingException$1.invoke(AnnotationSpec.kt)
	at io.kotest.core.spec.style.AnnotationSpec$callNotExpectingException$1.invoke(AnnotationSpec.kt)
	at io.kotest.engine.test.TestCaseExecutor$execute$innerExecute$1.invokeSuspend(TestCaseExecutor.kt:88)
	at io.kotest.engine.test.TestCaseExecutor$execute$innerExecute$1.invoke(TestCaseExecutor.kt)
	at io.kotest.engine.test.TestCaseExecutor$execute$innerExecute$1.invoke(TestCaseExecutor.kt)
	at io.kotest.engine.test.interceptors.CoroutineDebugProbeInterceptor.intercept(CoroutineDebugProbeInterceptor.kt:29)
	at io.kotest.engine.test.TestCaseExecutor$execute$3$1.invokeSuspend(TestCaseExecutor.kt:97)
	at io.kotest.engine.test.TestCaseExecutor$execute$3$1.invoke(TestCaseExecutor.kt)
	at io.kotest.engine.test.TestCaseExecutor$execute$3$1.invoke(TestCaseExecutor.kt)
	at io.kotest.engine.test.TestInvocationInterceptor$runBeforeTestAfter$executeWithBeforeAfter$1.invokeSuspend(TestInvocationInterceptor.kt:63)
	at io.kotest.engine.test.TestInvocationInterceptor$runBeforeTestAfter$executeWithBeforeAfter$1.invoke(TestInvocationInterceptor.kt)
	at io.kotest.engine.test.TestInvocationInterceptor$runBeforeTestAfter$executeWithBeforeAfter$1.invoke(TestInvocationInterceptor.kt)
	at io.kotest.engine.test.interceptors.InvocationTimeoutInterceptor$intercept$3.invokeSuspend(InvocationTimeoutInterceptor.kt:43)
	at io.kotest.engine.test.interceptors.InvocationTimeoutInterceptor$intercept$3.invoke(InvocationTimeoutInterceptor.kt)
	at io.kotest.engine.test.interceptors.InvocationTimeoutInterceptor$intercept$3.invoke(InvocationTimeoutInterceptor.kt)
	at kotlinx.coroutines.intrinsics.UndispatchedKt.startUndispatchedOrReturnIgnoreTimeout(Undispatched.kt:89)
	at kotlinx.coroutines.TimeoutKt.setupTimeout(Timeout.kt:151)
	at kotlinx.coroutines.TimeoutKt.withTimeoutOrNull(Timeout.kt:107)
	at io.kotest.engine.test.interceptors.InvocationTimeoutInterceptor.intercept(InvocationTimeoutInterceptor.kt:42)
	at io.kotest.engine.test.TestInvocationInterceptor$runBeforeTestAfter$wrappedTest$1$1.invokeSuspend(TestInvocationInterceptor.kt:70)
	at io.kotest.engine.test.TestInvocationInterceptor$runBeforeTestAfter$wrappedTest$1$1.invoke(TestInvocationInterceptor.kt)
	at io.kotest.engine.test.TestInvocationInterceptor$runBeforeTestAfter$wrappedTest$1$1.invoke(TestInvocationInterceptor.kt)
	at io.kotest.engine.test.TestInvocationInterceptor.runBeforeTestAfter(TestInvocationInterceptor.kt:73)
	at io.kotest.engine.test.TestInvocationInterceptor.access$runBeforeTestAfter(TestInvocationInterceptor.kt:14)
	at io.kotest.engine.test.TestInvocationInterceptor$intercept$2$1.invokeSuspend(TestInvocationInterceptor.kt:36)
	at io.kotest.engine.test.TestInvocationInterceptor$intercept$2$1.invoke(TestInvocationInterceptor.kt)
	at io.kotest.engine.test.TestInvocationInterceptor$intercept$2$1.invoke(TestInvocationInterceptor.kt)
	at io.kotest.mpp.ReplayKt.replay(replay.kt:15)
	at io.kotest.engine.test.TestInvocationInterceptor$intercept$2.invokeSuspend(TestInvocationInterceptor.kt:32)
	at io.kotest.engine.test.TestInvocationInterceptor$intercept$2.invoke(TestInvocationInterceptor.kt)
	at io.kotest.engine.test.TestInvocationInterceptor$intercept$2.invoke(TestInvocationInterceptor.kt)
	at kotlinx.coroutines.intrinsics.UndispatchedKt.startUndispatchedOrReturn(Undispatched.kt:78)
	at kotlinx.coroutines.CoroutineScopeKt.coroutineScope(CoroutineScope.kt:264)
	at io.kotest.engine.test.TestInvocationInterceptor.intercept(TestInvocationInterceptor.kt:31)
	at io.kotest.engine.test.TestCaseExecutor$execute$3$1.invokeSuspend(TestCaseExecutor.kt:97)
	at io.kotest.engine.test.TestCaseExecutor$execute$3$1.invoke(TestCaseExecutor.kt)
	at io.kotest.engine.test.TestCaseExecutor$execute$3$1.invoke(TestCaseExecutor.kt)
	at io.kotest.engine.test.interceptors.TimeoutInterceptor.intercept(TimeoutInterceptor.kt:33)
	at io.kotest.engine.test.TestCaseExecutor$execute$3$1.invokeSuspend(TestCaseExecutor.kt:97)
	at io.kotest.engine.test.TestCaseExecutor$execute$3$1.invoke(TestCaseExecutor.kt)
	at io.kotest.engine.test.TestCaseExecutor$execute$3$1.invoke(TestCaseExecutor.kt)
	at io.kotest.engine.test.interceptors.BlockedThreadTimeoutInterceptor.intercept(BlockedThreadTimeoutInterceptor.kt:74)
	at io.kotest.engine.test.TestCaseExecutor$execute$3$1.invokeSuspend(TestCaseExecutor.kt:97)
	at io.kotest.engine.test.TestCaseExecutor$execute$3$1.invoke(TestCaseExecutor.kt)
	at io.kotest.engine.test.TestCaseExecutor$execute$3$1.invoke(TestCaseExecutor.kt)
	at io.kotest.engine.test.interceptors.CoroutineLoggingInterceptor.intercept(CoroutineLoggingInterceptor.kt:30)
	at io.kotest.engine.test.TestCaseExecutor$execute$3$1.invokeSuspend(TestCaseExecutor.kt:97)
	at io.kotest.engine.test.TestCaseExecutor$execute$3$1.invoke(TestCaseExecutor.kt)
	at io.kotest.engine.test.TestCaseExecutor$execute$3$1.invoke(TestCaseExecutor.kt)
	at io.kotest.engine.test.interceptors.SoftAssertInterceptor.intercept(SoftAssertInterceptor.kt:27)
	at io.kotest.engine.test.TestCaseExecutor$execute$3$1.invokeSuspend(TestCaseExecutor.kt:97)
	at io.kotest.engine.test.TestCaseExecutor$execute$3$1.invoke(TestCaseExecutor.kt)
	at io.kotest.engine.test.TestCaseExecutor$execute$3$1.invoke(TestCaseExecutor.kt)
	at io.kotest.engine.test.interceptors.AssertionModeInterceptor.intercept(AssertionModeInterceptor.kt:25)
	at io.kotest.engine.test.TestCaseExecutor$execute$3$1.invokeSuspend(TestCaseExecutor.kt:97)
	at io.kotest.engine.test.TestCaseExecutor$execute$3$1.invoke(TestCaseExecutor.kt)
	at io.kotest.engine.test.TestCaseExecutor$execute$3$1.invoke(TestCaseExecutor.kt)
	at io.kotest.engine.test.interceptors.LifecycleInterceptor.intercept(LifecycleInterceptor.kt:51)
	at io.kotest.engine.test.TestCaseExecutor$execute$3$1.invokeSuspend(TestCaseExecutor.kt:97)
	at io.kotest.engine.test.TestCaseExecutor$execute$3$1.invoke(TestCaseExecutor.kt)
	at io.kotest.engine.test.TestCaseExecutor$execute$3$1.invoke(TestCaseExecutor.kt)
	at io.kotest.engine.test.interceptors.EnabledCheckInterceptor.intercept(EnabledCheckInterceptor.kt:31)
	at io.kotest.engine.test.TestCaseExecutor$execute$3$1.invokeSuspend(TestCaseExecutor.kt:97)
	at io.kotest.engine.test.TestCaseExecutor$execute$3$1.invoke(TestCaseExecutor.kt)
	at io.kotest.engine.test.TestCaseExecutor$execute$3$1.invoke(TestCaseExecutor.kt)
	at io.kotest.engine.test.interceptors.TestCaseExtensionInterceptor$intercept$2.invokeSuspend(TestCaseExtensionInterceptor.kt:24)
	at io.kotest.engine.test.interceptors.TestCaseExtensionInterceptor$intercept$2.invoke(TestCaseExtensionInterceptor.kt)
	at io.kotest.engine.test.interceptors.TestCaseExtensionInterceptor$intercept$2.invoke(TestCaseExtensionInterceptor.kt)
	at io.kotest.engine.test.TestExtensions.intercept(TestExtensions.kt:154)
	at io.kotest.engine.test.interceptors.TestCaseExtensionInterceptor.intercept(TestCaseExtensionInterceptor.kt:24)
	at io.kotest.engine.test.TestCaseExecutor$execute$3$1.invokeSuspend(TestCaseExecutor.kt:97)
	at io.kotest.engine.test.TestCaseExecutor$execute$3$1.invoke(TestCaseExecutor.kt)
	at io.kotest.engine.test.TestCaseExecutor$execute$3$1.invoke(TestCaseExecutor.kt)
	at io.kotest.engine.test.interceptors.CoroutineErrorCollectorInterceptor$intercept$3.invokeSuspend(CoroutineErrorCollectorInterceptor.kt:28)
	at io.kotest.engine.test.interceptors.CoroutineErrorCollectorInterceptor$intercept$3.invoke(CoroutineErrorCollectorInterceptor.kt)
	at io.kotest.engine.test.interceptors.CoroutineErrorCollectorInterceptor$intercept$3.invoke(CoroutineErrorCollectorInterceptor.kt)
	at kotlinx.coroutines.intrinsics.UndispatchedKt.startUndispatchedOrReturn(Undispatched.kt:78)
	at kotlinx.coroutines.BuildersKt__Builders_commonKt.withContext(Builders.common.kt:167)
	at kotlinx.coroutines.BuildersKt.withContext(Unknown Source)
	at io.kotest.engine.test.interceptors.CoroutineErrorCollectorInterceptor.intercept(CoroutineErrorCollectorInterceptor.kt:27)
	at io.kotest.engine.test.TestCaseExecutor$execute$3$1.invokeSuspend(TestCaseExecutor.kt:97)
	at io.kotest.engine.test.TestCaseExecutor$execute$3$1.invoke(TestCaseExecutor.kt)
	at io.kotest.engine.test.TestCaseExecutor$execute$3$1.invoke(TestCaseExecutor.kt)
	at io.kotest.engine.test.interceptors.CoroutineDispatcherFactoryInterceptor$intercept$4.invokeSuspend(coroutineDispatcherFactoryInterceptor.kt:57)
	at io.kotest.engine.test.interceptors.CoroutineDispatcherFactoryInterceptor$intercept$4.invoke(coroutineDispatcherFactoryInterceptor.kt)
	at io.kotest.engine.test.interceptors.CoroutineDispatcherFactoryInterceptor$intercept$4.invoke(coroutineDispatcherFactoryInterceptor.kt)
	at io.kotest.engine.concurrency.FixedThreadCoroutineDispatcherFactory$withDispatcher$4.invokeSuspend(FixedThreadCoroutineDispatcherFactory.kt:54)
	at _COROUTINE._BOUNDARY._(CoroutineDebugging.kt:46)
	at kotlinx.coroutines.TimeoutKt.withTimeoutOrNull(Timeout.kt:104)
	at io.kotest.engine.test.interceptors.InvocationTimeoutInterceptor.intercept(InvocationTimeoutInterceptor.kt:42)
	at io.kotest.engine.test.TestInvocationInterceptor$runBeforeTestAfter$wrappedTest$1$1.invokeSuspend(TestInvocationInterceptor.kt:70)
	at io.kotest.engine.test.TestInvocationInterceptor$intercept$2$1.invokeSuspend(TestInvocationInterceptor.kt:36)
	at io.kotest.mpp.ReplayKt.replay(replay.kt:15)
	at io.kotest.engine.test.TestInvocationInterceptor$intercept$2.invokeSuspend(TestInvocationInterceptor.kt:32)
	at io.kotest.engine.test.TestInvocationInterceptor.intercept(TestInvocationInterceptor.kt:31)
	at io.kotest.engine.test.TestCaseExecutor$execute$3$1.invokeSuspend(TestCaseExecutor.kt:97)
	at io.kotest.engine.test.interceptors.TimeoutInterceptor.intercept(TimeoutInterceptor.kt:33)
	at io.kotest.engine.test.TestCaseExecutor$execute$3$1.invokeSuspend(TestCaseExecutor.kt:97)
	at io.kotest.engine.test.interceptors.BlockedThreadTimeoutInterceptor.intercept(BlockedThreadTimeoutInterceptor.kt:74)
	at io.kotest.engine.test.TestCaseExecutor$execute$3$1.invokeSuspend(TestCaseExecutor.kt:97)
	at io.kotest.engine.test.interceptors.CoroutineLoggingInterceptor.intercept(CoroutineLoggingInterceptor.kt:30)
	at io.kotest.engine.test.TestCaseExecutor$execute$3$1.invokeSuspend(TestCaseExecutor.kt:97)
	at io.kotest.engine.test.interceptors.SoftAssertInterceptor.intercept(SoftAssertInterceptor.kt:27)
	at io.kotest.engine.test.TestCaseExecutor$execute$3$1.invokeSuspend(TestCaseExecutor.kt:97)
	at io.kotest.engine.test.interceptors.AssertionModeInterceptor.intercept(AssertionModeInterceptor.kt:25)
	at io.kotest.engine.test.TestCaseExecutor$execute$3$1.invokeSuspend(TestCaseExecutor.kt:97)
	at io.kotest.engine.test.interceptors.LifecycleInterceptor.intercept(LifecycleInterceptor.kt:51)
	at io.kotest.engine.test.TestCaseExecutor$execute$3$1.invokeSuspend(TestCaseExecutor.kt:97)
	at io.kotest.engine.test.interceptors.EnabledCheckInterceptor.intercept(EnabledCheckInterceptor.kt:31)
	at io.kotest.engine.test.TestCaseExecutor$execute$3$1.invokeSuspend(TestCaseExecutor.kt:97)
	at io.kotest.engine.test.interceptors.TestCaseExtensionInterceptor$intercept$2.invokeSuspend(TestCaseExtensionInterceptor.kt:24)
	at io.kotest.engine.test.TestCaseExecutor$execute$3$1.invokeSuspend(TestCaseExecutor.kt:97)
	at io.kotest.engine.test.interceptors.CoroutineErrorCollectorInterceptor$intercept$3.invokeSuspend(CoroutineErrorCollectorInterceptor.kt:28)
	at io.kotest.engine.test.TestCaseExecutor$execute$3$1.invokeSuspend(TestCaseExecutor.kt:97)
	at io.kotest.engine.test.interceptors.CoroutineDispatcherFactoryInterceptor$intercept$4.invokeSuspend(coroutineDispatcherFactoryInterceptor.kt:57)
	at io.kotest.engine.concurrency.FixedThreadCoroutineDispatcherFactory$withDispatcher$4.invokeSuspend(FixedThreadCoroutineDispatcherFactory.kt:54)
	at io.kotest.engine.test.TestCaseExecutor$execute$3$1.invokeSuspend(TestCaseExecutor.kt:97)
	at io.kotest.engine.test.interceptors.SupervisorScopeInterceptor$intercept$2.invokeSuspend(SupervisorScopeInterceptor.kt:23)
	at io.kotest.engine.test.TestCaseExecutor$execute$3$1.invokeSuspend(TestCaseExecutor.kt:97)
	at io.kotest.engine.test.TestCaseExecutor$execute$3$1.invokeSuspend(TestCaseExecutor.kt:97)
	at io.kotest.engine.test.interceptors.TestFinishedInterceptor.intercept(TestFinishedInterceptor.kt:21)
	at io.kotest.engine.test.TestCaseExecutor$execute$3$1.invokeSuspend(TestCaseExecutor.kt:97)
	at io.kotest.engine.test.interceptors.TestNameContextInterceptor$intercept$2.invokeSuspend(TestPathContextInterceptor.kt:35)
	at io.kotest.engine.test.TestCaseExecutor$execute$3$1.invokeSuspend(TestCaseExecutor.kt:97)
	at io.kotest.engine.test.interceptors.TestPathContextInterceptor$intercept$2.invokeSuspend(TestPathContextInterceptor.kt:20)
	at io.kotest.engine.test.TestCaseExecutor$execute$3$1.invokeSuspend(TestCaseExecutor.kt:97)
	at io.kotest.engine.spec.runners.SingleInstanceSpecRunner.runTest(SingleInstanceSpecRunner.kt:121)
	at io.kotest.engine.spec.runners.SingleInstanceSpecRunner$execute$interceptAndRun$2$1.invokeSuspend(SingleInstanceSpecRunner.kt:51)
	at io.kotest.engine.test.scheduler.SequentialTestScheduler$schedule$3$1$1.invokeSuspend(SequentialTestScheduler.kt:20)
Caused by: java.lang.IllegalArgumentException: Could not load key: z6MkhvrqyeHTADs2uxNU1we4K3dKGVFm9ctkPfzbNAJN9W2U
	at id.walt.services.storeUmu.defaultSoreServiceUmu.load(defaultSoreServiceUmu.kt:139)
	at id.walt.services.storeUmu.KeyStoreServiceUmu.load(KeyStoreServiceUmu.kt:20)
	at id.walt.services.vc.WaltIdJsonLdCredentialService.verify(WaltIdJsonLdCredentialService.kt:287)
	at id.walt.services.vc.JsonLdCredentialService.verify(JsonLdCredentialService.kt:27)
	at id.walt.services.vc.WaltIdJsonLdCredentialServiceTest.presentEuropassTest(WaltIdJsonLdCredentialServiceTest.kt:153)
	at java.base/java.lang.reflect.Method.invoke(Method.java:568)
	at kotlin.reflect.jvm.internal.calls.CallerImpl$Method.callMethod(CallerImpl.kt:97)
	at kotlin.reflect.jvm.internal.calls.CallerImpl$Method$Instance.call(CallerImpl.kt:113)
	at kotlin.reflect.jvm.internal.KCallableImpl.call(KCallableImpl.kt:107)
	at kotlin.reflect.full.KCallables.callSuspend(KCallables.kt:54)
	at io.kotest.core.spec.style.AnnotationSpec$callNotExpectingException$1.invokeSuspend(AnnotationSpec.kt:139)
	at io.kotest.core.spec.style.AnnotationSpec$callNotExpectingException$1.invoke(AnnotationSpec.kt)
	at io.kotest.core.spec.style.AnnotationSpec$callNotExpectingException$1.invoke(AnnotationSpec.kt)
	at io.kotest.engine.test.TestCaseExecutor$execute$innerExecute$1.invokeSuspend(TestCaseExecutor.kt:88)
	at io.kotest.engine.test.TestCaseExecutor$execute$innerExecute$1.invoke(TestCaseExecutor.kt)
	at io.kotest.engine.test.TestCaseExecutor$execute$innerExecute$1.invoke(TestCaseExecutor.kt)
	at io.kotest.engine.test.interceptors.CoroutineDebugProbeInterceptor.intercept(CoroutineDebugProbeInterceptor.kt:29)
	at io.kotest.engine.test.TestCaseExecutor$execute$3$1.invokeSuspend(TestCaseExecutor.kt:97)
	at io.kotest.engine.test.TestCaseExecutor$execute$3$1.invoke(TestCaseExecutor.kt)
	at io.kotest.engine.test.TestCaseExecutor$execute$3$1.invoke(TestCaseExecutor.kt)
	at io.kotest.engine.test.TestInvocationInterceptor$runBeforeTestAfter$executeWithBeforeAfter$1.invokeSuspend(TestInvocationInterceptor.kt:63)
	at io.kotest.engine.test.TestInvocationInterceptor$runBeforeTestAfter$executeWithBeforeAfter$1.invoke(TestInvocationInterceptor.kt)
	at io.kotest.engine.test.TestInvocationInterceptor$runBeforeTestAfter$executeWithBeforeAfter$1.invoke(TestInvocationInterceptor.kt)
	at io.kotest.engine.test.interceptors.InvocationTimeoutInterceptor$intercept$3.invokeSuspend(InvocationTimeoutInterceptor.kt:43)
	at io.kotest.engine.test.interceptors.InvocationTimeoutInterceptor$intercept$3.invoke(InvocationTimeoutInterceptor.kt)
	at io.kotest.engine.test.interceptors.InvocationTimeoutInterceptor$intercept$3.invoke(InvocationTimeoutInterceptor.kt)
	at kotlinx.coroutines.intrinsics.UndispatchedKt.startUndispatchedOrReturnIgnoreTimeout(Undispatched.kt:89)
	at kotlinx.coroutines.TimeoutKt.setupTimeout(Timeout.kt:151)
	at kotlinx.coroutines.TimeoutKt.withTimeoutOrNull(Timeout.kt:107)
	at io.kotest.engine.test.interceptors.InvocationTimeoutInterceptor.intercept(InvocationTimeoutInterceptor.kt:42)
	at io.kotest.engine.test.TestInvocationInterceptor$runBeforeTestAfter$wrappedTest$1$1.invokeSuspend(TestInvocationInterceptor.kt:70)
	at io.kotest.engine.test.TestInvocationInterceptor$runBeforeTestAfter$wrappedTest$1$1.invoke(TestInvocationInterceptor.kt)
	at io.kotest.engine.test.TestInvocationInterceptor$runBeforeTestAfter$wrappedTest$1$1.invoke(TestInvocationInterceptor.kt)
	at io.kotest.engine.test.TestInvocationInterceptor.runBeforeTestAfter(TestInvocationInterceptor.kt:73)
	at io.kotest.engine.test.TestInvocationInterceptor.access$runBeforeTestAfter(TestInvocationInterceptor.kt:14)
	at io.kotest.engine.test.TestInvocationInterceptor$intercept$2$1.invokeSuspend(TestInvocationInterceptor.kt:36)
	at io.kotest.engine.test.TestInvocationInterceptor$intercept$2$1.invoke(TestInvocationInterceptor.kt)
	at io.kotest.engine.test.TestInvocationInterceptor$intercept$2$1.invoke(TestInvocationInterceptor.kt)
	at io.kotest.mpp.ReplayKt.replay(replay.kt:15)
	at io.kotest.engine.test.TestInvocationInterceptor$intercept$2.invokeSuspend(TestInvocationInterceptor.kt:32)
	at io.kotest.engine.test.TestInvocationInterceptor$intercept$2.invoke(TestInvocationInterceptor.kt)
	at io.kotest.engine.test.TestInvocationInterceptor$intercept$2.invoke(TestInvocationInterceptor.kt)
	at kotlinx.coroutines.intrinsics.UndispatchedKt.startUndispatchedOrReturn(Undispatched.kt:78)
	at kotlinx.coroutines.CoroutineScopeKt.coroutineScope(CoroutineScope.kt:264)
	at io.kotest.engine.test.TestInvocationInterceptor.intercept(TestInvocationInterceptor.kt:31)
	at io.kotest.engine.test.TestCaseExecutor$execute$3$1.invokeSuspend(TestCaseExecutor.kt:97)
	at io.kotest.engine.test.TestCaseExecutor$execute$3$1.invoke(TestCaseExecutor.kt)
	at io.kotest.engine.test.TestCaseExecutor$execute$3$1.invoke(TestCaseExecutor.kt)
	at io.kotest.engine.test.interceptors.TimeoutInterceptor.intercept(TimeoutInterceptor.kt:33)
	at io.kotest.engine.test.TestCaseExecutor$execute$3$1.invokeSuspend(TestCaseExecutor.kt:97)
	at io.kotest.engine.test.TestCaseExecutor$execute$3$1.invoke(TestCaseExecutor.kt)
	at io.kotest.engine.test.TestCaseExecutor$execute$3$1.invoke(TestCaseExecutor.kt)
	at io.kotest.engine.test.interceptors.BlockedThreadTimeoutInterceptor.intercept(BlockedThreadTimeoutInterceptor.kt:74)
	at io.kotest.engine.test.TestCaseExecutor$execute$3$1.invokeSuspend(TestCaseExecutor.kt:97)
	at io.kotest.engine.test.TestCaseExecutor$execute$3$1.invoke(TestCaseExecutor.kt)
	at io.kotest.engine.test.TestCaseExecutor$execute$3$1.invoke(TestCaseExecutor.kt)
	at io.kotest.engine.test.interceptors.CoroutineLoggingInterceptor.intercept(CoroutineLoggingInterceptor.kt:30)
	at io.kotest.engine.test.TestCaseExecutor$execute$3$1.invokeSuspend(TestCaseExecutor.kt:97)
	at io.kotest.engine.test.TestCaseExecutor$execute$3$1.invoke(TestCaseExecutor.kt)
	at io.kotest.engine.test.TestCaseExecutor$execute$3$1.invoke(TestCaseExecutor.kt)
	at io.kotest.engine.test.interceptors.SoftAssertInterceptor.intercept(SoftAssertInterceptor.kt:27)
	at io.kotest.engine.test.TestCaseExecutor$execute$3$1.invokeSuspend(TestCaseExecutor.kt:97)
	at io.kotest.engine.test.TestCaseExecutor$execute$3$1.invoke(TestCaseExecutor.kt)
	at io.kotest.engine.test.TestCaseExecutor$execute$3$1.invoke(TestCaseExecutor.kt)
	at io.kotest.engine.test.interceptors.AssertionModeInterceptor.intercept(AssertionModeInterceptor.kt:25)
	at io.kotest.engine.test.TestCaseExecutor$execute$3$1.invokeSuspend(TestCaseExecutor.kt:97)
	at io.kotest.engine.test.TestCaseExecutor$execute$3$1.invoke(TestCaseExecutor.kt)
	at io.kotest.engine.test.TestCaseExecutor$execute$3$1.invoke(TestCaseExecutor.kt)
	at io.kotest.engine.test.interceptors.LifecycleInterceptor.intercept(LifecycleInterceptor.kt:51)
	at io.kotest.engine.test.TestCaseExecutor$execute$3$1.invokeSuspend(TestCaseExecutor.kt:97)
	at io.kotest.engine.test.TestCaseExecutor$execute$3$1.invoke(TestCaseExecutor.kt)
	at io.kotest.engine.test.TestCaseExecutor$execute$3$1.invoke(TestCaseExecutor.kt)
	at io.kotest.engine.test.interceptors.EnabledCheckInterceptor.intercept(EnabledCheckInterceptor.kt:31)
	at io.kotest.engine.test.TestCaseExecutor$execute$3$1.invokeSuspend(TestCaseExecutor.kt:97)
	at io.kotest.engine.test.TestCaseExecutor$execute$3$1.invoke(TestCaseExecutor.kt)
	at io.kotest.engine.test.TestCaseExecutor$execute$3$1.invoke(TestCaseExecutor.kt)
	at io.kotest.engine.test.interceptors.TestCaseExtensionInterceptor$intercept$2.invokeSuspend(TestCaseExtensionInterceptor.kt:24)
	at io.kotest.engine.test.interceptors.TestCaseExtensionInterceptor$intercept$2.invoke(TestCaseExtensionInterceptor.kt)
	at io.kotest.engine.test.interceptors.TestCaseExtensionInterceptor$intercept$2.invoke(TestCaseExtensionInterceptor.kt)
	at io.kotest.engine.test.TestExtensions.intercept(TestExtensions.kt:154)
	at io.kotest.engine.test.interceptors.TestCaseExtensionInterceptor.intercept(TestCaseExtensionInterceptor.kt:24)
	at io.kotest.engine.test.TestCaseExecutor$execute$3$1.invokeSuspend(TestCaseExecutor.kt:97)
	at io.kotest.engine.test.TestCaseExecutor$execute$3$1.invoke(TestCaseExecutor.kt)
	at io.kotest.engine.test.TestCaseExecutor$execute$3$1.invoke(TestCaseExecutor.kt)
	at io.kotest.engine.test.interceptors.CoroutineErrorCollectorInterceptor$intercept$3.invokeSuspend(CoroutineErrorCollectorInterceptor.kt:28)
	at io.kotest.engine.test.interceptors.CoroutineErrorCollectorInterceptor$intercept$3.invoke(CoroutineErrorCollectorInterceptor.kt)
	at io.kotest.engine.test.interceptors.CoroutineErrorCollectorInterceptor$intercept$3.invoke(CoroutineErrorCollectorInterceptor.kt)
	at kotlinx.coroutines.intrinsics.UndispatchedKt.startUndispatchedOrReturn(Undispatched.kt:78)
	at kotlinx.coroutines.BuildersKt__Builders_commonKt.withContext(Builders.common.kt:167)
	at kotlinx.coroutines.BuildersKt.withContext(Unknown Source)
	at io.kotest.engine.test.interceptors.CoroutineErrorCollectorInterceptor.intercept(CoroutineErrorCollectorInterceptor.kt:27)
	at io.kotest.engine.test.TestCaseExecutor$execute$3$1.invokeSuspend(TestCaseExecutor.kt:97)
	at io.kotest.engine.test.TestCaseExecutor$execute$3$1.invoke(TestCaseExecutor.kt)
	at io.kotest.engine.test.TestCaseExecutor$execute$3$1.invoke(TestCaseExecutor.kt)
	at io.kotest.engine.test.interceptors.CoroutineDispatcherFactoryInterceptor$intercept$4.invokeSuspend(coroutineDispatcherFactoryInterceptor.kt:57)
	at io.kotest.engine.test.interceptors.CoroutineDispatcherFactoryInterceptor$intercept$4.invoke(coroutineDispatcherFactoryInterceptor.kt)
	at io.kotest.engine.test.interceptors.CoroutineDispatcherFactoryInterceptor$intercept$4.invoke(coroutineDispatcherFactoryInterceptor.kt)
	at io.kotest.engine.concurrency.FixedThreadCoroutineDispatcherFactory$withDispatcher$4.invokeSuspend(FixedThreadCoroutineDispatcherFactory.kt:54)
	at kotlin.coroutines.jvm.internal.BaseContinuationImpl.resumeWith(ContinuationImpl.kt:33)
	at kotlinx.coroutines.DispatchedTask.run(DispatchedTask.kt:108)
	at java.base/java.util.concurrent.ThreadPoolExecutor.runWorker(ThreadPoolExecutor.java:1136)
	at java.base/java.util.concurrent.ThreadPoolExecutor$Worker.run(ThreadPoolExecutor.java:635)
	at java.base/java.lang.Thread.run(Thread.java:833)
</failure>
  </testcase>
  <testcase name="signCredentialECDSASecp256k1Test" classname="id.walt.services.vc.WaltIdJsonLdCredentialServiceTest" time="0.822">
    <failure message="com.beust.klaxon.KlaxonException: Unexpected character at position 0: '&lt;' (ASCII: 60)'" type="com.beust.klaxon.KlaxonException">com.beust.klaxon.KlaxonException: Unexpected character at position 0: '&lt;' (ASCII: 60)'
	at app//com.beust.klaxon.Lexer.actualNextToken(Lexer.kt:203)
	at app//com.beust.klaxon.Lexer.nextToken(Lexer.kt:69)
	at app//com.beust.klaxon.KlaxonParser.fullParseLoop(KlaxonParser.kt:59)
	at app//com.beust.klaxon.KlaxonParser.parse(KlaxonParser.kt:25)
	at app//id.walt.model.Did$Companion.decode(DecentralizedIdentifier.kt:150)
	at app//id.walt.services.did.resolvers.DidWebResolver$resolveDidWeb$1.invokeSuspend(DidWebResolver.kt:22)
	at _COROUTINE._BOUNDARY._(CoroutineDebugging.kt:46)
	at kotlinx.coroutines.TimeoutKt.withTimeoutOrNull(Timeout.kt:104)
	at io.kotest.engine.test.interceptors.InvocationTimeoutInterceptor.intercept(InvocationTimeoutInterceptor.kt:42)
	at io.kotest.engine.test.TestInvocationInterceptor$runBeforeTestAfter$wrappedTest$1$1.invokeSuspend(TestInvocationInterceptor.kt:70)
	at io.kotest.engine.test.TestInvocationInterceptor$intercept$2$1.invokeSuspend(TestInvocationInterceptor.kt:36)
	at io.kotest.mpp.ReplayKt.replay(replay.kt:15)
	at io.kotest.engine.test.TestInvocationInterceptor$intercept$2.invokeSuspend(TestInvocationInterceptor.kt:32)
	at io.kotest.engine.test.TestInvocationInterceptor.intercept(TestInvocationInterceptor.kt:31)
	at io.kotest.engine.test.TestCaseExecutor$execute$3$1.invokeSuspend(TestCaseExecutor.kt:97)
	at io.kotest.engine.test.interceptors.TimeoutInterceptor.intercept(TimeoutInterceptor.kt:33)
	at io.kotest.engine.test.TestCaseExecutor$execute$3$1.invokeSuspend(TestCaseExecutor.kt:97)
	at io.kotest.engine.test.interceptors.BlockedThreadTimeoutInterceptor.intercept(BlockedThreadTimeoutInterceptor.kt:74)
	at io.kotest.engine.test.TestCaseExecutor$execute$3$1.invokeSuspend(TestCaseExecutor.kt:97)
	at io.kotest.engine.test.interceptors.CoroutineLoggingInterceptor.intercept(CoroutineLoggingInterceptor.kt:30)
	at io.kotest.engine.test.TestCaseExecutor$execute$3$1.invokeSuspend(TestCaseExecutor.kt:97)
	at io.kotest.engine.test.interceptors.SoftAssertInterceptor.intercept(SoftAssertInterceptor.kt:27)
	at io.kotest.engine.test.TestCaseExecutor$execute$3$1.invokeSuspend(TestCaseExecutor.kt:97)
	at io.kotest.engine.test.interceptors.AssertionModeInterceptor.intercept(AssertionModeInterceptor.kt:25)
	at io.kotest.engine.test.TestCaseExecutor$execute$3$1.invokeSuspend(TestCaseExecutor.kt:97)
	at io.kotest.engine.test.interceptors.LifecycleInterceptor.intercept(LifecycleInterceptor.kt:51)
	at io.kotest.engine.test.TestCaseExecutor$execute$3$1.invokeSuspend(TestCaseExecutor.kt:97)
	at io.kotest.engine.test.interceptors.EnabledCheckInterceptor.intercept(EnabledCheckInterceptor.kt:31)
	at io.kotest.engine.test.TestCaseExecutor$execute$3$1.invokeSuspend(TestCaseExecutor.kt:97)
	at io.kotest.engine.test.interceptors.TestCaseExtensionInterceptor$intercept$2.invokeSuspend(TestCaseExtensionInterceptor.kt:24)
	at io.kotest.engine.test.TestCaseExecutor$execute$3$1.invokeSuspend(TestCaseExecutor.kt:97)
	at io.kotest.engine.test.interceptors.CoroutineErrorCollectorInterceptor$intercept$3.invokeSuspend(CoroutineErrorCollectorInterceptor.kt:28)
	at io.kotest.engine.test.TestCaseExecutor$execute$3$1.invokeSuspend(TestCaseExecutor.kt:97)
	at io.kotest.engine.test.interceptors.CoroutineDispatcherFactoryInterceptor$intercept$4.invokeSuspend(coroutineDispatcherFactoryInterceptor.kt:57)
	at io.kotest.engine.concurrency.FixedThreadCoroutineDispatcherFactory$withDispatcher$4.invokeSuspend(FixedThreadCoroutineDispatcherFactory.kt:54)
	at io.kotest.engine.test.TestCaseExecutor$execute$3$1.invokeSuspend(TestCaseExecutor.kt:97)
	at io.kotest.engine.test.interceptors.SupervisorScopeInterceptor$intercept$2.invokeSuspend(SupervisorScopeInterceptor.kt:23)
	at io.kotest.engine.test.TestCaseExecutor$execute$3$1.invokeSuspend(TestCaseExecutor.kt:97)
	at io.kotest.engine.test.TestCaseExecutor$execute$3$1.invokeSuspend(TestCaseExecutor.kt:97)
	at io.kotest.engine.test.interceptors.TestFinishedInterceptor.intercept(TestFinishedInterceptor.kt:21)
	at io.kotest.engine.test.TestCaseExecutor$execute$3$1.invokeSuspend(TestCaseExecutor.kt:97)
	at io.kotest.engine.test.interceptors.TestNameContextInterceptor$intercept$2.invokeSuspend(TestPathContextInterceptor.kt:35)
	at io.kotest.engine.test.TestCaseExecutor$execute$3$1.invokeSuspend(TestCaseExecutor.kt:97)
	at io.kotest.engine.test.interceptors.TestPathContextInterceptor$intercept$2.invokeSuspend(TestPathContextInterceptor.kt:20)
	at io.kotest.engine.test.TestCaseExecutor$execute$3$1.invokeSuspend(TestCaseExecutor.kt:97)
	at io.kotest.engine.spec.runners.SingleInstanceSpecRunner.runTest(SingleInstanceSpecRunner.kt:121)
	at io.kotest.engine.spec.runners.SingleInstanceSpecRunner$execute$interceptAndRun$2$1.invokeSuspend(SingleInstanceSpecRunner.kt:51)
	at io.kotest.engine.test.scheduler.SequentialTestScheduler$schedule$3$1$1.invokeSuspend(SequentialTestScheduler.kt:20)
Caused by: com.beust.klaxon.KlaxonException: Unexpected character at position 0: '&lt;' (ASCII: 60)'
	at app//com.beust.klaxon.Lexer.actualNextToken(Lexer.kt:203)
	at app//com.beust.klaxon.Lexer.nextToken(Lexer.kt:69)
	at app//com.beust.klaxon.KlaxonParser.fullParseLoop(KlaxonParser.kt:59)
	at app//com.beust.klaxon.KlaxonParser.parse(KlaxonParser.kt:25)
	at app//id.walt.model.Did$Companion.decode(DecentralizedIdentifier.kt:150)
	at app//id.walt.services.did.resolvers.DidWebResolver$resolveDidWeb$1.invokeSuspend(DidWebResolver.kt:22)
	at app//kotlin.coroutines.jvm.internal.BaseContinuationImpl.resumeWith(ContinuationImpl.kt:33)
	at app//kotlinx.coroutines.DispatchedTask.run(DispatchedTask.kt:108)
	at app//kotlinx.coroutines.EventLoopImplBase.processNextEvent(EventLoop.common.kt:280)
	at app//kotlinx.coroutines.BlockingCoroutine.joinBlocking(Builders.kt:85)
	at app//kotlinx.coroutines.BuildersKt__BuildersKt.runBlocking(Builders.kt:59)
	at app//kotlinx.coroutines.BuildersKt.runBlocking(Unknown Source)
	at app//kotlinx.coroutines.BuildersKt__BuildersKt.runBlocking$default(Builders.kt:38)
	at app//kotlinx.coroutines.BuildersKt.runBlocking$default(Unknown Source)
	at app//id.walt.services.did.resolvers.DidWebResolver.resolveDidWeb(DidWebResolver.kt:16)
	at app//id.walt.services.did.resolvers.DidWebResolver.resolve(DidWebResolver.kt:14)
	at app//id.walt.services.did.resolvers.DidWebResolver.resolve(DidWebResolver.kt:12)
	at app//id.walt.services.did.DidService.resolve(DidService.kt:182)
	at app//id.walt.services.did.DidService.resolve(DidService.kt:180)
	at app//id.walt.services.did.DidService.resolve$default(DidService.kt:180)
	at app//id.walt.services.did.DidService.resolveAndStore(DidService.kt:221)
	at app//id.walt.services.did.DidService.importDid(DidService.kt:189)
	at app//id.walt.services.did.DidService.importDidAndKeys(DidService.kt:213)
	at app//id.walt.services.vc.WaltIdJsonLdCredentialService.verify(WaltIdJsonLdCredentialService.kt:249)
	at app//id.walt.services.vc.JsonLdCredentialService.verify(JsonLdCredentialService.kt:27)
	at app//id.walt.services.vc.WaltIdJsonLdCredentialServiceTest.signCredentialECDSASecp256k1Test(WaltIdJsonLdCredentialServiceTest.kt:173)
	at java.base@17.0.6/java.lang.reflect.Method.invoke(Method.java:568)
	at app//kotlin.reflect.jvm.internal.calls.CallerImpl$Method.callMethod(CallerImpl.kt:97)
	at app//kotlin.reflect.jvm.internal.calls.CallerImpl$Method$Instance.call(CallerImpl.kt:113)
	at app//kotlin.reflect.jvm.internal.KCallableImpl.call(KCallableImpl.kt:107)
	at app//kotlin.reflect.full.KCallables.callSuspend(KCallables.kt:54)
	at app//io.kotest.core.spec.style.AnnotationSpec$callNotExpectingException$1.invokeSuspend(AnnotationSpec.kt:139)
	at app//io.kotest.core.spec.style.AnnotationSpec$callNotExpectingException$1.invoke(AnnotationSpec.kt)
	at app//io.kotest.core.spec.style.AnnotationSpec$callNotExpectingException$1.invoke(AnnotationSpec.kt)
	at app//io.kotest.engine.test.TestCaseExecutor$execute$innerExecute$1.invokeSuspend(TestCaseExecutor.kt:88)
	at app//io.kotest.engine.test.TestCaseExecutor$execute$innerExecute$1.invoke(TestCaseExecutor.kt)
	at app//io.kotest.engine.test.TestCaseExecutor$execute$innerExecute$1.invoke(TestCaseExecutor.kt)
	at app//io.kotest.engine.test.interceptors.CoroutineDebugProbeInterceptor.intercept(CoroutineDebugProbeInterceptor.kt:29)
	at app//io.kotest.engine.test.TestCaseExecutor$execute$3$1.invokeSuspend(TestCaseExecutor.kt:97)
	at app//io.kotest.engine.test.TestCaseExecutor$execute$3$1.invoke(TestCaseExecutor.kt)
	at app//io.kotest.engine.test.TestCaseExecutor$execute$3$1.invoke(TestCaseExecutor.kt)
	at app//io.kotest.engine.test.TestInvocationInterceptor$runBeforeTestAfter$executeWithBeforeAfter$1.invokeSuspend(TestInvocationInterceptor.kt:63)
	at app//io.kotest.engine.test.TestInvocationInterceptor$runBeforeTestAfter$executeWithBeforeAfter$1.invoke(TestInvocationInterceptor.kt)
	at app//io.kotest.engine.test.TestInvocationInterceptor$runBeforeTestAfter$executeWithBeforeAfter$1.invoke(TestInvocationInterceptor.kt)
	at app//io.kotest.engine.test.interceptors.InvocationTimeoutInterceptor$intercept$3.invokeSuspend(InvocationTimeoutInterceptor.kt:43)
	at app//io.kotest.engine.test.interceptors.InvocationTimeoutInterceptor$intercept$3.invoke(InvocationTimeoutInterceptor.kt)
	at app//io.kotest.engine.test.interceptors.InvocationTimeoutInterceptor$intercept$3.invoke(InvocationTimeoutInterceptor.kt)
	at app//kotlinx.coroutines.intrinsics.UndispatchedKt.startUndispatchedOrReturnIgnoreTimeout(Undispatched.kt:89)
	at app//kotlinx.coroutines.TimeoutKt.setupTimeout(Timeout.kt:151)
	at app//kotlinx.coroutines.TimeoutKt.withTimeoutOrNull(Timeout.kt:107)
	at app//io.kotest.engine.test.interceptors.InvocationTimeoutInterceptor.intercept(InvocationTimeoutInterceptor.kt:42)
	at app//io.kotest.engine.test.TestInvocationInterceptor$runBeforeTestAfter$wrappedTest$1$1.invokeSuspend(TestInvocationInterceptor.kt:70)
	at app//io.kotest.engine.test.TestInvocationInterceptor$runBeforeTestAfter$wrappedTest$1$1.invoke(TestInvocationInterceptor.kt)
	at app//io.kotest.engine.test.TestInvocationInterceptor$runBeforeTestAfter$wrappedTest$1$1.invoke(TestInvocationInterceptor.kt)
	at app//io.kotest.engine.test.TestInvocationInterceptor.runBeforeTestAfter(TestInvocationInterceptor.kt:73)
	at app//io.kotest.engine.test.TestInvocationInterceptor.access$runBeforeTestAfter(TestInvocationInterceptor.kt:14)
	at app//io.kotest.engine.test.TestInvocationInterceptor$intercept$2$1.invokeSuspend(TestInvocationInterceptor.kt:36)
	at app//io.kotest.engine.test.TestInvocationInterceptor$intercept$2$1.invoke(TestInvocationInterceptor.kt)
	at app//io.kotest.engine.test.TestInvocationInterceptor$intercept$2$1.invoke(TestInvocationInterceptor.kt)
	at app//io.kotest.mpp.ReplayKt.replay(replay.kt:15)
	at app//io.kotest.engine.test.TestInvocationInterceptor$intercept$2.invokeSuspend(TestInvocationInterceptor.kt:32)
	at app//io.kotest.engine.test.TestInvocationInterceptor$intercept$2.invoke(TestInvocationInterceptor.kt)
	at app//io.kotest.engine.test.TestInvocationInterceptor$intercept$2.invoke(TestInvocationInterceptor.kt)
	at app//kotlinx.coroutines.intrinsics.UndispatchedKt.startUndispatchedOrReturn(Undispatched.kt:78)
	at app//kotlinx.coroutines.CoroutineScopeKt.coroutineScope(CoroutineScope.kt:264)
	at app//io.kotest.engine.test.TestInvocationInterceptor.intercept(TestInvocationInterceptor.kt:31)
	at app//io.kotest.engine.test.TestCaseExecutor$execute$3$1.invokeSuspend(TestCaseExecutor.kt:97)
	at app//io.kotest.engine.test.TestCaseExecutor$execute$3$1.invoke(TestCaseExecutor.kt)
	at app//io.kotest.engine.test.TestCaseExecutor$execute$3$1.invoke(TestCaseExecutor.kt)
	at app//io.kotest.engine.test.interceptors.TimeoutInterceptor.intercept(TimeoutInterceptor.kt:33)
	at app//io.kotest.engine.test.TestCaseExecutor$execute$3$1.invokeSuspend(TestCaseExecutor.kt:97)
	at app//io.kotest.engine.test.TestCaseExecutor$execute$3$1.invoke(TestCaseExecutor.kt)
	at app//io.kotest.engine.test.TestCaseExecutor$execute$3$1.invoke(TestCaseExecutor.kt)
	at app//io.kotest.engine.test.interceptors.BlockedThreadTimeoutInterceptor.intercept(BlockedThreadTimeoutInterceptor.kt:74)
	at app//io.kotest.engine.test.TestCaseExecutor$execute$3$1.invokeSuspend(TestCaseExecutor.kt:97)
	at app//io.kotest.engine.test.TestCaseExecutor$execute$3$1.invoke(TestCaseExecutor.kt)
	at app//io.kotest.engine.test.TestCaseExecutor$execute$3$1.invoke(TestCaseExecutor.kt)
	at app//io.kotest.engine.test.interceptors.CoroutineLoggingInterceptor.intercept(CoroutineLoggingInterceptor.kt:30)
	at app//io.kotest.engine.test.TestCaseExecutor$execute$3$1.invokeSuspend(TestCaseExecutor.kt:97)
	at app//io.kotest.engine.test.TestCaseExecutor$execute$3$1.invoke(TestCaseExecutor.kt)
	at app//io.kotest.engine.test.TestCaseExecutor$execute$3$1.invoke(TestCaseExecutor.kt)
	at app//io.kotest.engine.test.interceptors.SoftAssertInterceptor.intercept(SoftAssertInterceptor.kt:27)
	at app//io.kotest.engine.test.TestCaseExecutor$execute$3$1.invokeSuspend(TestCaseExecutor.kt:97)
	at app//io.kotest.engine.test.TestCaseExecutor$execute$3$1.invoke(TestCaseExecutor.kt)
	at app//io.kotest.engine.test.TestCaseExecutor$execute$3$1.invoke(TestCaseExecutor.kt)
	at app//io.kotest.engine.test.interceptors.AssertionModeInterceptor.intercept(AssertionModeInterceptor.kt:25)
	at app//io.kotest.engine.test.TestCaseExecutor$execute$3$1.invokeSuspend(TestCaseExecutor.kt:97)
	at app//io.kotest.engine.test.TestCaseExecutor$execute$3$1.invoke(TestCaseExecutor.kt)
	at app//io.kotest.engine.test.TestCaseExecutor$execute$3$1.invoke(TestCaseExecutor.kt)
	at app//io.kotest.engine.test.interceptors.LifecycleInterceptor.intercept(LifecycleInterceptor.kt:51)
	at app//io.kotest.engine.test.TestCaseExecutor$execute$3$1.invokeSuspend(TestCaseExecutor.kt:97)
	at app//io.kotest.engine.test.TestCaseExecutor$execute$3$1.invoke(TestCaseExecutor.kt)
	at app//io.kotest.engine.test.TestCaseExecutor$execute$3$1.invoke(TestCaseExecutor.kt)
	at app//io.kotest.engine.test.interceptors.EnabledCheckInterceptor.intercept(EnabledCheckInterceptor.kt:31)
	at app//io.kotest.engine.test.TestCaseExecutor$execute$3$1.invokeSuspend(TestCaseExecutor.kt:97)
	at app//io.kotest.engine.test.TestCaseExecutor$execute$3$1.invoke(TestCaseExecutor.kt)
	at app//io.kotest.engine.test.TestCaseExecutor$execute$3$1.invoke(TestCaseExecutor.kt)
	at app//io.kotest.engine.test.interceptors.TestCaseExtensionInterceptor$intercept$2.invokeSuspend(TestCaseExtensionInterceptor.kt:24)
	at app//io.kotest.engine.test.interceptors.TestCaseExtensionInterceptor$intercept$2.invoke(TestCaseExtensionInterceptor.kt)
	at app//io.kotest.engine.test.interceptors.TestCaseExtensionInterceptor$intercept$2.invoke(TestCaseExtensionInterceptor.kt)
	at app//io.kotest.engine.test.TestExtensions.intercept(TestExtensions.kt:154)
	at app//io.kotest.engine.test.interceptors.TestCaseExtensionInterceptor.intercept(TestCaseExtensionInterceptor.kt:24)
	at app//io.kotest.engine.test.TestCaseExecutor$execute$3$1.invokeSuspend(TestCaseExecutor.kt:97)
	at app//io.kotest.engine.test.TestCaseExecutor$execute$3$1.invoke(TestCaseExecutor.kt)
	at app//io.kotest.engine.test.TestCaseExecutor$execute$3$1.invoke(TestCaseExecutor.kt)
	at app//io.kotest.engine.test.interceptors.CoroutineErrorCollectorInterceptor$intercept$3.invokeSuspend(CoroutineErrorCollectorInterceptor.kt:28)
	at app//io.kotest.engine.test.interceptors.CoroutineErrorCollectorInterceptor$intercept$3.invoke(CoroutineErrorCollectorInterceptor.kt)
	at app//io.kotest.engine.test.interceptors.CoroutineErrorCollectorInterceptor$intercept$3.invoke(CoroutineErrorCollectorInterceptor.kt)
	at app//kotlinx.coroutines.intrinsics.UndispatchedKt.startUndispatchedOrReturn(Undispatched.kt:78)
	at app//kotlinx.coroutines.BuildersKt__Builders_commonKt.withContext(Builders.common.kt:167)
	at app//kotlinx.coroutines.BuildersKt.withContext(Unknown Source)
	at app//io.kotest.engine.test.interceptors.CoroutineErrorCollectorInterceptor.intercept(CoroutineErrorCollectorInterceptor.kt:27)
	at app//io.kotest.engine.test.TestCaseExecutor$execute$3$1.invokeSuspend(TestCaseExecutor.kt:97)
	at app//io.kotest.engine.test.TestCaseExecutor$execute$3$1.invoke(TestCaseExecutor.kt)
	at app//io.kotest.engine.test.TestCaseExecutor$execute$3$1.invoke(TestCaseExecutor.kt)
	at app//io.kotest.engine.test.interceptors.CoroutineDispatcherFactoryInterceptor$intercept$4.invokeSuspend(coroutineDispatcherFactoryInterceptor.kt:57)
	at app//io.kotest.engine.test.interceptors.CoroutineDispatcherFactoryInterceptor$intercept$4.invoke(coroutineDispatcherFactoryInterceptor.kt)
	at app//io.kotest.engine.test.interceptors.CoroutineDispatcherFactoryInterceptor$intercept$4.invoke(coroutineDispatcherFactoryInterceptor.kt)
	at app//io.kotest.engine.concurrency.FixedThreadCoroutineDispatcherFactory$withDispatcher$4.invokeSuspend(FixedThreadCoroutineDispatcherFactory.kt:54)
	at app//kotlin.coroutines.jvm.internal.BaseContinuationImpl.resumeWith(ContinuationImpl.kt:33)
	at app//kotlinx.coroutines.DispatchedTask.run(DispatchedTask.kt:108)
	at java.base@17.0.6/java.util.concurrent.ThreadPoolExecutor.runWorker(ThreadPoolExecutor.java:1136)
	at java.base@17.0.6/java.util.concurrent.ThreadPoolExecutor$Worker.run(ThreadPoolExecutor.java:635)
	at java.base@17.0.6/java.lang.Thread.run(Thread.java:833)
</failure>
  </testcase>
  <testcase name="signCredentialEd25519k1Test" classname="id.walt.services.vc.WaltIdJsonLdCredentialServiceTest" time="0.012">
    <failure message="java.lang.IllegalArgumentException: Could not load key: did:key:z6MkjzfpAXXhn34rGxMCm2qzExDZjXvAvnyUVCariyVCm9rE" type="java.lang.IllegalArgumentException">java.lang.IllegalArgumentException: Could not load key: did:key:z6MkjzfpAXXhn34rGxMCm2qzExDZjXvAvnyUVCariyVCm9rE
	at id.walt.services.storeUmu.defaultSoreServiceUmu.load(defaultSoreServiceUmu.kt:139)
	at id.walt.services.storeUmu.KeyStoreServiceUmu.load(KeyStoreServiceUmu.kt:20)
	at id.walt.services.vc.WaltIdJsonLdCredentialService.verify(WaltIdJsonLdCredentialService.kt:287)
	at id.walt.services.vc.JsonLdCredentialService.verify(JsonLdCredentialService.kt:27)
	at id.walt.services.vc.WaltIdJsonLdCredentialServiceTest.signCredentialEd25519k1Test(WaltIdJsonLdCredentialServiceTest.kt:190)
	at java.base/java.lang.reflect.Method.invoke(Method.java:568)
	at kotlin.reflect.jvm.internal.calls.CallerImpl$Method.callMethod(CallerImpl.kt:97)
	at kotlin.reflect.jvm.internal.calls.CallerImpl$Method$Instance.call(CallerImpl.kt:113)
	at kotlin.reflect.jvm.internal.KCallableImpl.call(KCallableImpl.kt:107)
	at kotlin.reflect.full.KCallables.callSuspend(KCallables.kt:54)
	at io.kotest.core.spec.style.AnnotationSpec$callNotExpectingException$1.invokeSuspend(AnnotationSpec.kt:139)
	at io.kotest.core.spec.style.AnnotationSpec$callNotExpectingException$1.invoke(AnnotationSpec.kt)
	at io.kotest.core.spec.style.AnnotationSpec$callNotExpectingException$1.invoke(AnnotationSpec.kt)
	at io.kotest.engine.test.TestCaseExecutor$execute$innerExecute$1.invokeSuspend(TestCaseExecutor.kt:88)
	at io.kotest.engine.test.TestCaseExecutor$execute$innerExecute$1.invoke(TestCaseExecutor.kt)
	at io.kotest.engine.test.TestCaseExecutor$execute$innerExecute$1.invoke(TestCaseExecutor.kt)
	at io.kotest.engine.test.interceptors.CoroutineDebugProbeInterceptor.intercept(CoroutineDebugProbeInterceptor.kt:29)
	at io.kotest.engine.test.TestCaseExecutor$execute$3$1.invokeSuspend(TestCaseExecutor.kt:97)
	at io.kotest.engine.test.TestCaseExecutor$execute$3$1.invoke(TestCaseExecutor.kt)
	at io.kotest.engine.test.TestCaseExecutor$execute$3$1.invoke(TestCaseExecutor.kt)
	at io.kotest.engine.test.TestInvocationInterceptor$runBeforeTestAfter$executeWithBeforeAfter$1.invokeSuspend(TestInvocationInterceptor.kt:63)
	at io.kotest.engine.test.TestInvocationInterceptor$runBeforeTestAfter$executeWithBeforeAfter$1.invoke(TestInvocationInterceptor.kt)
	at io.kotest.engine.test.TestInvocationInterceptor$runBeforeTestAfter$executeWithBeforeAfter$1.invoke(TestInvocationInterceptor.kt)
	at io.kotest.engine.test.interceptors.InvocationTimeoutInterceptor$intercept$3.invokeSuspend(InvocationTimeoutInterceptor.kt:43)
	at io.kotest.engine.test.interceptors.InvocationTimeoutInterceptor$intercept$3.invoke(InvocationTimeoutInterceptor.kt)
	at io.kotest.engine.test.interceptors.InvocationTimeoutInterceptor$intercept$3.invoke(InvocationTimeoutInterceptor.kt)
	at kotlinx.coroutines.intrinsics.UndispatchedKt.startUndispatchedOrReturnIgnoreTimeout(Undispatched.kt:89)
	at kotlinx.coroutines.TimeoutKt.setupTimeout(Timeout.kt:151)
	at kotlinx.coroutines.TimeoutKt.withTimeoutOrNull(Timeout.kt:107)
	at io.kotest.engine.test.interceptors.InvocationTimeoutInterceptor.intercept(InvocationTimeoutInterceptor.kt:42)
	at io.kotest.engine.test.TestInvocationInterceptor$runBeforeTestAfter$wrappedTest$1$1.invokeSuspend(TestInvocationInterceptor.kt:70)
	at io.kotest.engine.test.TestInvocationInterceptor$runBeforeTestAfter$wrappedTest$1$1.invoke(TestInvocationInterceptor.kt)
	at io.kotest.engine.test.TestInvocationInterceptor$runBeforeTestAfter$wrappedTest$1$1.invoke(TestInvocationInterceptor.kt)
	at io.kotest.engine.test.TestInvocationInterceptor.runBeforeTestAfter(TestInvocationInterceptor.kt:73)
	at io.kotest.engine.test.TestInvocationInterceptor.access$runBeforeTestAfter(TestInvocationInterceptor.kt:14)
	at io.kotest.engine.test.TestInvocationInterceptor$intercept$2$1.invokeSuspend(TestInvocationInterceptor.kt:36)
	at io.kotest.engine.test.TestInvocationInterceptor$intercept$2$1.invoke(TestInvocationInterceptor.kt)
	at io.kotest.engine.test.TestInvocationInterceptor$intercept$2$1.invoke(TestInvocationInterceptor.kt)
	at io.kotest.mpp.ReplayKt.replay(replay.kt:15)
	at io.kotest.engine.test.TestInvocationInterceptor$intercept$2.invokeSuspend(TestInvocationInterceptor.kt:32)
	at io.kotest.engine.test.TestInvocationInterceptor$intercept$2.invoke(TestInvocationInterceptor.kt)
	at io.kotest.engine.test.TestInvocationInterceptor$intercept$2.invoke(TestInvocationInterceptor.kt)
	at kotlinx.coroutines.intrinsics.UndispatchedKt.startUndispatchedOrReturn(Undispatched.kt:78)
	at kotlinx.coroutines.CoroutineScopeKt.coroutineScope(CoroutineScope.kt:264)
	at io.kotest.engine.test.TestInvocationInterceptor.intercept(TestInvocationInterceptor.kt:31)
	at io.kotest.engine.test.TestCaseExecutor$execute$3$1.invokeSuspend(TestCaseExecutor.kt:97)
	at io.kotest.engine.test.TestCaseExecutor$execute$3$1.invoke(TestCaseExecutor.kt)
	at io.kotest.engine.test.TestCaseExecutor$execute$3$1.invoke(TestCaseExecutor.kt)
	at io.kotest.engine.test.interceptors.TimeoutInterceptor.intercept(TimeoutInterceptor.kt:33)
	at io.kotest.engine.test.TestCaseExecutor$execute$3$1.invokeSuspend(TestCaseExecutor.kt:97)
	at io.kotest.engine.test.TestCaseExecutor$execute$3$1.invoke(TestCaseExecutor.kt)
	at io.kotest.engine.test.TestCaseExecutor$execute$3$1.invoke(TestCaseExecutor.kt)
	at io.kotest.engine.test.interceptors.BlockedThreadTimeoutInterceptor.intercept(BlockedThreadTimeoutInterceptor.kt:74)
	at io.kotest.engine.test.TestCaseExecutor$execute$3$1.invokeSuspend(TestCaseExecutor.kt:97)
	at io.kotest.engine.test.TestCaseExecutor$execute$3$1.invoke(TestCaseExecutor.kt)
	at io.kotest.engine.test.TestCaseExecutor$execute$3$1.invoke(TestCaseExecutor.kt)
	at io.kotest.engine.test.interceptors.CoroutineLoggingInterceptor.intercept(CoroutineLoggingInterceptor.kt:30)
	at io.kotest.engine.test.TestCaseExecutor$execute$3$1.invokeSuspend(TestCaseExecutor.kt:97)
	at io.kotest.engine.test.TestCaseExecutor$execute$3$1.invoke(TestCaseExecutor.kt)
	at io.kotest.engine.test.TestCaseExecutor$execute$3$1.invoke(TestCaseExecutor.kt)
	at io.kotest.engine.test.interceptors.SoftAssertInterceptor.intercept(SoftAssertInterceptor.kt:27)
	at io.kotest.engine.test.TestCaseExecutor$execute$3$1.invokeSuspend(TestCaseExecutor.kt:97)
	at io.kotest.engine.test.TestCaseExecutor$execute$3$1.invoke(TestCaseExecutor.kt)
	at io.kotest.engine.test.TestCaseExecutor$execute$3$1.invoke(TestCaseExecutor.kt)
	at io.kotest.engine.test.interceptors.AssertionModeInterceptor.intercept(AssertionModeInterceptor.kt:25)
	at io.kotest.engine.test.TestCaseExecutor$execute$3$1.invokeSuspend(TestCaseExecutor.kt:97)
	at io.kotest.engine.test.TestCaseExecutor$execute$3$1.invoke(TestCaseExecutor.kt)
	at io.kotest.engine.test.TestCaseExecutor$execute$3$1.invoke(TestCaseExecutor.kt)
	at io.kotest.engine.test.interceptors.LifecycleInterceptor.intercept(LifecycleInterceptor.kt:51)
	at io.kotest.engine.test.TestCaseExecutor$execute$3$1.invokeSuspend(TestCaseExecutor.kt:97)
	at io.kotest.engine.test.TestCaseExecutor$execute$3$1.invoke(TestCaseExecutor.kt)
	at io.kotest.engine.test.TestCaseExecutor$execute$3$1.invoke(TestCaseExecutor.kt)
	at io.kotest.engine.test.interceptors.EnabledCheckInterceptor.intercept(EnabledCheckInterceptor.kt:31)
	at io.kotest.engine.test.TestCaseExecutor$execute$3$1.invokeSuspend(TestCaseExecutor.kt:97)
	at io.kotest.engine.test.TestCaseExecutor$execute$3$1.invoke(TestCaseExecutor.kt)
	at io.kotest.engine.test.TestCaseExecutor$execute$3$1.invoke(TestCaseExecutor.kt)
	at io.kotest.engine.test.interceptors.TestCaseExtensionInterceptor$intercept$2.invokeSuspend(TestCaseExtensionInterceptor.kt:24)
	at io.kotest.engine.test.interceptors.TestCaseExtensionInterceptor$intercept$2.invoke(TestCaseExtensionInterceptor.kt)
	at io.kotest.engine.test.interceptors.TestCaseExtensionInterceptor$intercept$2.invoke(TestCaseExtensionInterceptor.kt)
	at io.kotest.engine.test.TestExtensions.intercept(TestExtensions.kt:154)
	at io.kotest.engine.test.interceptors.TestCaseExtensionInterceptor.intercept(TestCaseExtensionInterceptor.kt:24)
	at io.kotest.engine.test.TestCaseExecutor$execute$3$1.invokeSuspend(TestCaseExecutor.kt:97)
	at io.kotest.engine.test.TestCaseExecutor$execute$3$1.invoke(TestCaseExecutor.kt)
	at io.kotest.engine.test.TestCaseExecutor$execute$3$1.invoke(TestCaseExecutor.kt)
	at io.kotest.engine.test.interceptors.CoroutineErrorCollectorInterceptor$intercept$3.invokeSuspend(CoroutineErrorCollectorInterceptor.kt:28)
	at io.kotest.engine.test.interceptors.CoroutineErrorCollectorInterceptor$intercept$3.invoke(CoroutineErrorCollectorInterceptor.kt)
	at io.kotest.engine.test.interceptors.CoroutineErrorCollectorInterceptor$intercept$3.invoke(CoroutineErrorCollectorInterceptor.kt)
	at kotlinx.coroutines.intrinsics.UndispatchedKt.startUndispatchedOrReturn(Undispatched.kt:78)
	at kotlinx.coroutines.BuildersKt__Builders_commonKt.withContext(Builders.common.kt:167)
	at kotlinx.coroutines.BuildersKt.withContext(Unknown Source)
	at io.kotest.engine.test.interceptors.CoroutineErrorCollectorInterceptor.intercept(CoroutineErrorCollectorInterceptor.kt:27)
	at io.kotest.engine.test.TestCaseExecutor$execute$3$1.invokeSuspend(TestCaseExecutor.kt:97)
	at io.kotest.engine.test.TestCaseExecutor$execute$3$1.invoke(TestCaseExecutor.kt)
	at io.kotest.engine.test.TestCaseExecutor$execute$3$1.invoke(TestCaseExecutor.kt)
	at io.kotest.engine.test.interceptors.CoroutineDispatcherFactoryInterceptor$intercept$4.invokeSuspend(coroutineDispatcherFactoryInterceptor.kt:57)
	at io.kotest.engine.test.interceptors.CoroutineDispatcherFactoryInterceptor$intercept$4.invoke(coroutineDispatcherFactoryInterceptor.kt)
	at io.kotest.engine.test.interceptors.CoroutineDispatcherFactoryInterceptor$intercept$4.invoke(coroutineDispatcherFactoryInterceptor.kt)
	at io.kotest.engine.concurrency.FixedThreadCoroutineDispatcherFactory$withDispatcher$4.invokeSuspend(FixedThreadCoroutineDispatcherFactory.kt:54)
	at _COROUTINE._BOUNDARY._(CoroutineDebugging.kt:46)
	at kotlinx.coroutines.TimeoutKt.withTimeoutOrNull(Timeout.kt:104)
	at io.kotest.engine.test.interceptors.InvocationTimeoutInterceptor.intercept(InvocationTimeoutInterceptor.kt:42)
	at io.kotest.engine.test.TestInvocationInterceptor$runBeforeTestAfter$wrappedTest$1$1.invokeSuspend(TestInvocationInterceptor.kt:70)
	at io.kotest.engine.test.TestInvocationInterceptor$intercept$2$1.invokeSuspend(TestInvocationInterceptor.kt:36)
	at io.kotest.mpp.ReplayKt.replay(replay.kt:15)
	at io.kotest.engine.test.TestInvocationInterceptor$intercept$2.invokeSuspend(TestInvocationInterceptor.kt:32)
	at io.kotest.engine.test.TestInvocationInterceptor.intercept(TestInvocationInterceptor.kt:31)
	at io.kotest.engine.test.TestCaseExecutor$execute$3$1.invokeSuspend(TestCaseExecutor.kt:97)
	at io.kotest.engine.test.interceptors.TimeoutInterceptor.intercept(TimeoutInterceptor.kt:33)
	at io.kotest.engine.test.TestCaseExecutor$execute$3$1.invokeSuspend(TestCaseExecutor.kt:97)
	at io.kotest.engine.test.interceptors.BlockedThreadTimeoutInterceptor.intercept(BlockedThreadTimeoutInterceptor.kt:74)
	at io.kotest.engine.test.TestCaseExecutor$execute$3$1.invokeSuspend(TestCaseExecutor.kt:97)
	at io.kotest.engine.test.interceptors.CoroutineLoggingInterceptor.intercept(CoroutineLoggingInterceptor.kt:30)
	at io.kotest.engine.test.TestCaseExecutor$execute$3$1.invokeSuspend(TestCaseExecutor.kt:97)
	at io.kotest.engine.test.interceptors.SoftAssertInterceptor.intercept(SoftAssertInterceptor.kt:27)
	at io.kotest.engine.test.TestCaseExecutor$execute$3$1.invokeSuspend(TestCaseExecutor.kt:97)
	at io.kotest.engine.test.interceptors.AssertionModeInterceptor.intercept(AssertionModeInterceptor.kt:25)
	at io.kotest.engine.test.TestCaseExecutor$execute$3$1.invokeSuspend(TestCaseExecutor.kt:97)
	at io.kotest.engine.test.interceptors.LifecycleInterceptor.intercept(LifecycleInterceptor.kt:51)
	at io.kotest.engine.test.TestCaseExecutor$execute$3$1.invokeSuspend(TestCaseExecutor.kt:97)
	at io.kotest.engine.test.interceptors.EnabledCheckInterceptor.intercept(EnabledCheckInterceptor.kt:31)
	at io.kotest.engine.test.TestCaseExecutor$execute$3$1.invokeSuspend(TestCaseExecutor.kt:97)
	at io.kotest.engine.test.interceptors.TestCaseExtensionInterceptor$intercept$2.invokeSuspend(TestCaseExtensionInterceptor.kt:24)
	at io.kotest.engine.test.TestCaseExecutor$execute$3$1.invokeSuspend(TestCaseExecutor.kt:97)
	at io.kotest.engine.test.interceptors.CoroutineErrorCollectorInterceptor$intercept$3.invokeSuspend(CoroutineErrorCollectorInterceptor.kt:28)
	at io.kotest.engine.test.TestCaseExecutor$execute$3$1.invokeSuspend(TestCaseExecutor.kt:97)
	at io.kotest.engine.test.interceptors.CoroutineDispatcherFactoryInterceptor$intercept$4.invokeSuspend(coroutineDispatcherFactoryInterceptor.kt:57)
	at io.kotest.engine.concurrency.FixedThreadCoroutineDispatcherFactory$withDispatcher$4.invokeSuspend(FixedThreadCoroutineDispatcherFactory.kt:54)
	at io.kotest.engine.test.TestCaseExecutor$execute$3$1.invokeSuspend(TestCaseExecutor.kt:97)
	at io.kotest.engine.test.interceptors.SupervisorScopeInterceptor$intercept$2.invokeSuspend(SupervisorScopeInterceptor.kt:23)
	at io.kotest.engine.test.TestCaseExecutor$execute$3$1.invokeSuspend(TestCaseExecutor.kt:97)
	at io.kotest.engine.test.TestCaseExecutor$execute$3$1.invokeSuspend(TestCaseExecutor.kt:97)
	at io.kotest.engine.test.interceptors.TestFinishedInterceptor.intercept(TestFinishedInterceptor.kt:21)
	at io.kotest.engine.test.TestCaseExecutor$execute$3$1.invokeSuspend(TestCaseExecutor.kt:97)
	at io.kotest.engine.test.interceptors.TestNameContextInterceptor$intercept$2.invokeSuspend(TestPathContextInterceptor.kt:35)
	at io.kotest.engine.test.TestCaseExecutor$execute$3$1.invokeSuspend(TestCaseExecutor.kt:97)
	at io.kotest.engine.test.interceptors.TestPathContextInterceptor$intercept$2.invokeSuspend(TestPathContextInterceptor.kt:20)
	at io.kotest.engine.test.TestCaseExecutor$execute$3$1.invokeSuspend(TestCaseExecutor.kt:97)
	at io.kotest.engine.spec.runners.SingleInstanceSpecRunner.runTest(SingleInstanceSpecRunner.kt:121)
	at io.kotest.engine.spec.runners.SingleInstanceSpecRunner$execute$interceptAndRun$2$1.invokeSuspend(SingleInstanceSpecRunner.kt:51)
	at io.kotest.engine.test.scheduler.SequentialTestScheduler$schedule$3$1$1.invokeSuspend(SequentialTestScheduler.kt:20)
Caused by: java.lang.IllegalArgumentException: Could not load key: did:key:z6MkjzfpAXXhn34rGxMCm2qzExDZjXvAvnyUVCariyVCm9rE
	at id.walt.services.storeUmu.defaultSoreServiceUmu.load(defaultSoreServiceUmu.kt:139)
	at id.walt.services.storeUmu.KeyStoreServiceUmu.load(KeyStoreServiceUmu.kt:20)
	at id.walt.services.vc.WaltIdJsonLdCredentialService.verify(WaltIdJsonLdCredentialService.kt:287)
	at id.walt.services.vc.JsonLdCredentialService.verify(JsonLdCredentialService.kt:27)
	at id.walt.services.vc.WaltIdJsonLdCredentialServiceTest.signCredentialEd25519k1Test(WaltIdJsonLdCredentialServiceTest.kt:190)
	at java.base/java.lang.reflect.Method.invoke(Method.java:568)
	at kotlin.reflect.jvm.internal.calls.CallerImpl$Method.callMethod(CallerImpl.kt:97)
	at kotlin.reflect.jvm.internal.calls.CallerImpl$Method$Instance.call(CallerImpl.kt:113)
	at kotlin.reflect.jvm.internal.KCallableImpl.call(KCallableImpl.kt:107)
	at kotlin.reflect.full.KCallables.callSuspend(KCallables.kt:54)
	at io.kotest.core.spec.style.AnnotationSpec$callNotExpectingException$1.invokeSuspend(AnnotationSpec.kt:139)
	at io.kotest.core.spec.style.AnnotationSpec$callNotExpectingException$1.invoke(AnnotationSpec.kt)
	at io.kotest.core.spec.style.AnnotationSpec$callNotExpectingException$1.invoke(AnnotationSpec.kt)
	at io.kotest.engine.test.TestCaseExecutor$execute$innerExecute$1.invokeSuspend(TestCaseExecutor.kt:88)
	at io.kotest.engine.test.TestCaseExecutor$execute$innerExecute$1.invoke(TestCaseExecutor.kt)
	at io.kotest.engine.test.TestCaseExecutor$execute$innerExecute$1.invoke(TestCaseExecutor.kt)
	at io.kotest.engine.test.interceptors.CoroutineDebugProbeInterceptor.intercept(CoroutineDebugProbeInterceptor.kt:29)
	at io.kotest.engine.test.TestCaseExecutor$execute$3$1.invokeSuspend(TestCaseExecutor.kt:97)
	at io.kotest.engine.test.TestCaseExecutor$execute$3$1.invoke(TestCaseExecutor.kt)
	at io.kotest.engine.test.TestCaseExecutor$execute$3$1.invoke(TestCaseExecutor.kt)
	at io.kotest.engine.test.TestInvocationInterceptor$runBeforeTestAfter$executeWithBeforeAfter$1.invokeSuspend(TestInvocationInterceptor.kt:63)
	at io.kotest.engine.test.TestInvocationInterceptor$runBeforeTestAfter$executeWithBeforeAfter$1.invoke(TestInvocationInterceptor.kt)
	at io.kotest.engine.test.TestInvocationInterceptor$runBeforeTestAfter$executeWithBeforeAfter$1.invoke(TestInvocationInterceptor.kt)
	at io.kotest.engine.test.interceptors.InvocationTimeoutInterceptor$intercept$3.invokeSuspend(InvocationTimeoutInterceptor.kt:43)
	at io.kotest.engine.test.interceptors.InvocationTimeoutInterceptor$intercept$3.invoke(InvocationTimeoutInterceptor.kt)
	at io.kotest.engine.test.interceptors.InvocationTimeoutInterceptor$intercept$3.invoke(InvocationTimeoutInterceptor.kt)
	at kotlinx.coroutines.intrinsics.UndispatchedKt.startUndispatchedOrReturnIgnoreTimeout(Undispatched.kt:89)
	at kotlinx.coroutines.TimeoutKt.setupTimeout(Timeout.kt:151)
	at kotlinx.coroutines.TimeoutKt.withTimeoutOrNull(Timeout.kt:107)
	at io.kotest.engine.test.interceptors.InvocationTimeoutInterceptor.intercept(InvocationTimeoutInterceptor.kt:42)
	at io.kotest.engine.test.TestInvocationInterceptor$runBeforeTestAfter$wrappedTest$1$1.invokeSuspend(TestInvocationInterceptor.kt:70)
	at io.kotest.engine.test.TestInvocationInterceptor$runBeforeTestAfter$wrappedTest$1$1.invoke(TestInvocationInterceptor.kt)
	at io.kotest.engine.test.TestInvocationInterceptor$runBeforeTestAfter$wrappedTest$1$1.invoke(TestInvocationInterceptor.kt)
	at io.kotest.engine.test.TestInvocationInterceptor.runBeforeTestAfter(TestInvocationInterceptor.kt:73)
	at io.kotest.engine.test.TestInvocationInterceptor.access$runBeforeTestAfter(TestInvocationInterceptor.kt:14)
	at io.kotest.engine.test.TestInvocationInterceptor$intercept$2$1.invokeSuspend(TestInvocationInterceptor.kt:36)
	at io.kotest.engine.test.TestInvocationInterceptor$intercept$2$1.invoke(TestInvocationInterceptor.kt)
	at io.kotest.engine.test.TestInvocationInterceptor$intercept$2$1.invoke(TestInvocationInterceptor.kt)
	at io.kotest.mpp.ReplayKt.replay(replay.kt:15)
	at io.kotest.engine.test.TestInvocationInterceptor$intercept$2.invokeSuspend(TestInvocationInterceptor.kt:32)
	at io.kotest.engine.test.TestInvocationInterceptor$intercept$2.invoke(TestInvocationInterceptor.kt)
	at io.kotest.engine.test.TestInvocationInterceptor$intercept$2.invoke(TestInvocationInterceptor.kt)
	at kotlinx.coroutines.intrinsics.UndispatchedKt.startUndispatchedOrReturn(Undispatched.kt:78)
	at kotlinx.coroutines.CoroutineScopeKt.coroutineScope(CoroutineScope.kt:264)
	at io.kotest.engine.test.TestInvocationInterceptor.intercept(TestInvocationInterceptor.kt:31)
	at io.kotest.engine.test.TestCaseExecutor$execute$3$1.invokeSuspend(TestCaseExecutor.kt:97)
	at io.kotest.engine.test.TestCaseExecutor$execute$3$1.invoke(TestCaseExecutor.kt)
	at io.kotest.engine.test.TestCaseExecutor$execute$3$1.invoke(TestCaseExecutor.kt)
	at io.kotest.engine.test.interceptors.TimeoutInterceptor.intercept(TimeoutInterceptor.kt:33)
	at io.kotest.engine.test.TestCaseExecutor$execute$3$1.invokeSuspend(TestCaseExecutor.kt:97)
	at io.kotest.engine.test.TestCaseExecutor$execute$3$1.invoke(TestCaseExecutor.kt)
	at io.kotest.engine.test.TestCaseExecutor$execute$3$1.invoke(TestCaseExecutor.kt)
	at io.kotest.engine.test.interceptors.BlockedThreadTimeoutInterceptor.intercept(BlockedThreadTimeoutInterceptor.kt:74)
	at io.kotest.engine.test.TestCaseExecutor$execute$3$1.invokeSuspend(TestCaseExecutor.kt:97)
	at io.kotest.engine.test.TestCaseExecutor$execute$3$1.invoke(TestCaseExecutor.kt)
	at io.kotest.engine.test.TestCaseExecutor$execute$3$1.invoke(TestCaseExecutor.kt)
	at io.kotest.engine.test.interceptors.CoroutineLoggingInterceptor.intercept(CoroutineLoggingInterceptor.kt:30)
	at io.kotest.engine.test.TestCaseExecutor$execute$3$1.invokeSuspend(TestCaseExecutor.kt:97)
	at io.kotest.engine.test.TestCaseExecutor$execute$3$1.invoke(TestCaseExecutor.kt)
	at io.kotest.engine.test.TestCaseExecutor$execute$3$1.invoke(TestCaseExecutor.kt)
	at io.kotest.engine.test.interceptors.SoftAssertInterceptor.intercept(SoftAssertInterceptor.kt:27)
	at io.kotest.engine.test.TestCaseExecutor$execute$3$1.invokeSuspend(TestCaseExecutor.kt:97)
	at io.kotest.engine.test.TestCaseExecutor$execute$3$1.invoke(TestCaseExecutor.kt)
	at io.kotest.engine.test.TestCaseExecutor$execute$3$1.invoke(TestCaseExecutor.kt)
	at io.kotest.engine.test.interceptors.AssertionModeInterceptor.intercept(AssertionModeInterceptor.kt:25)
	at io.kotest.engine.test.TestCaseExecutor$execute$3$1.invokeSuspend(TestCaseExecutor.kt:97)
	at io.kotest.engine.test.TestCaseExecutor$execute$3$1.invoke(TestCaseExecutor.kt)
	at io.kotest.engine.test.TestCaseExecutor$execute$3$1.invoke(TestCaseExecutor.kt)
	at io.kotest.engine.test.interceptors.LifecycleInterceptor.intercept(LifecycleInterceptor.kt:51)
	at io.kotest.engine.test.TestCaseExecutor$execute$3$1.invokeSuspend(TestCaseExecutor.kt:97)
	at io.kotest.engine.test.TestCaseExecutor$execute$3$1.invoke(TestCaseExecutor.kt)
	at io.kotest.engine.test.TestCaseExecutor$execute$3$1.invoke(TestCaseExecutor.kt)
	at io.kotest.engine.test.interceptors.EnabledCheckInterceptor.intercept(EnabledCheckInterceptor.kt:31)
	at io.kotest.engine.test.TestCaseExecutor$execute$3$1.invokeSuspend(TestCaseExecutor.kt:97)
	at io.kotest.engine.test.TestCaseExecutor$execute$3$1.invoke(TestCaseExecutor.kt)
	at io.kotest.engine.test.TestCaseExecutor$execute$3$1.invoke(TestCaseExecutor.kt)
	at io.kotest.engine.test.interceptors.TestCaseExtensionInterceptor$intercept$2.invokeSuspend(TestCaseExtensionInterceptor.kt:24)
	at io.kotest.engine.test.interceptors.TestCaseExtensionInterceptor$intercept$2.invoke(TestCaseExtensionInterceptor.kt)
	at io.kotest.engine.test.interceptors.TestCaseExtensionInterceptor$intercept$2.invoke(TestCaseExtensionInterceptor.kt)
	at io.kotest.engine.test.TestExtensions.intercept(TestExtensions.kt:154)
	at io.kotest.engine.test.interceptors.TestCaseExtensionInterceptor.intercept(TestCaseExtensionInterceptor.kt:24)
	at io.kotest.engine.test.TestCaseExecutor$execute$3$1.invokeSuspend(TestCaseExecutor.kt:97)
	at io.kotest.engine.test.TestCaseExecutor$execute$3$1.invoke(TestCaseExecutor.kt)
	at io.kotest.engine.test.TestCaseExecutor$execute$3$1.invoke(TestCaseExecutor.kt)
	at io.kotest.engine.test.interceptors.CoroutineErrorCollectorInterceptor$intercept$3.invokeSuspend(CoroutineErrorCollectorInterceptor.kt:28)
	at io.kotest.engine.test.interceptors.CoroutineErrorCollectorInterceptor$intercept$3.invoke(CoroutineErrorCollectorInterceptor.kt)
	at io.kotest.engine.test.interceptors.CoroutineErrorCollectorInterceptor$intercept$3.invoke(CoroutineErrorCollectorInterceptor.kt)
	at kotlinx.coroutines.intrinsics.UndispatchedKt.startUndispatchedOrReturn(Undispatched.kt:78)
	at kotlinx.coroutines.BuildersKt__Builders_commonKt.withContext(Builders.common.kt:167)
	at kotlinx.coroutines.BuildersKt.withContext(Unknown Source)
	at io.kotest.engine.test.interceptors.CoroutineErrorCollectorInterceptor.intercept(CoroutineErrorCollectorInterceptor.kt:27)
	at io.kotest.engine.test.TestCaseExecutor$execute$3$1.invokeSuspend(TestCaseExecutor.kt:97)
	at io.kotest.engine.test.TestCaseExecutor$execute$3$1.invoke(TestCaseExecutor.kt)
	at io.kotest.engine.test.TestCaseExecutor$execute$3$1.invoke(TestCaseExecutor.kt)
	at io.kotest.engine.test.interceptors.CoroutineDispatcherFactoryInterceptor$intercept$4.invokeSuspend(coroutineDispatcherFactoryInterceptor.kt:57)
	at io.kotest.engine.test.interceptors.CoroutineDispatcherFactoryInterceptor$intercept$4.invoke(coroutineDispatcherFactoryInterceptor.kt)
	at io.kotest.engine.test.interceptors.CoroutineDispatcherFactoryInterceptor$intercept$4.invoke(coroutineDispatcherFactoryInterceptor.kt)
	at io.kotest.engine.concurrency.FixedThreadCoroutineDispatcherFactory$withDispatcher$4.invokeSuspend(FixedThreadCoroutineDispatcherFactory.kt:54)
	at kotlin.coroutines.jvm.internal.BaseContinuationImpl.resumeWith(ContinuationImpl.kt:33)
	at kotlinx.coroutines.DispatchedTask.run(DispatchedTask.kt:108)
	at java.base/java.util.concurrent.ThreadPoolExecutor.runWorker(ThreadPoolExecutor.java:1136)
	at java.base/java.util.concurrent.ThreadPoolExecutor$Worker.run(ThreadPoolExecutor.java:635)
	at java.base/java.lang.Thread.run(Thread.java:833)
</failure>
  </testcase>
  <testcase name="signEbsiVerifiableAttestation" classname="id.walt.services.vc.WaltIdJsonLdCredentialServiceTest" time="0.215">
    <failure message="com.beust.klaxon.KlaxonException: Unexpected character at position 0: '&lt;' (ASCII: 60)'" type="com.beust.klaxon.KlaxonException">com.beust.klaxon.KlaxonException: Unexpected character at position 0: '&lt;' (ASCII: 60)'
	at app//com.beust.klaxon.Lexer.actualNextToken(Lexer.kt:203)
	at app//com.beust.klaxon.Lexer.nextToken(Lexer.kt:69)
	at app//com.beust.klaxon.KlaxonParser.fullParseLoop(KlaxonParser.kt:59)
	at app//com.beust.klaxon.KlaxonParser.parse(KlaxonParser.kt:25)
	at app//id.walt.model.Did$Companion.decode(DecentralizedIdentifier.kt:150)
	at app//id.walt.services.did.resolvers.DidWebResolver$resolveDidWeb$1.invokeSuspend(DidWebResolver.kt:22)
	at _COROUTINE._BOUNDARY._(CoroutineDebugging.kt:46)
	at kotlinx.coroutines.TimeoutKt.withTimeoutOrNull(Timeout.kt:104)
	at io.kotest.engine.test.interceptors.InvocationTimeoutInterceptor.intercept(InvocationTimeoutInterceptor.kt:42)
	at io.kotest.engine.test.TestInvocationInterceptor$runBeforeTestAfter$wrappedTest$1$1.invokeSuspend(TestInvocationInterceptor.kt:70)
	at io.kotest.engine.test.TestInvocationInterceptor$intercept$2$1.invokeSuspend(TestInvocationInterceptor.kt:36)
	at io.kotest.mpp.ReplayKt.replay(replay.kt:15)
	at io.kotest.engine.test.TestInvocationInterceptor$intercept$2.invokeSuspend(TestInvocationInterceptor.kt:32)
	at io.kotest.engine.test.TestInvocationInterceptor.intercept(TestInvocationInterceptor.kt:31)
	at io.kotest.engine.test.TestCaseExecutor$execute$3$1.invokeSuspend(TestCaseExecutor.kt:97)
	at io.kotest.engine.test.interceptors.TimeoutInterceptor.intercept(TimeoutInterceptor.kt:33)
	at io.kotest.engine.test.TestCaseExecutor$execute$3$1.invokeSuspend(TestCaseExecutor.kt:97)
	at io.kotest.engine.test.interceptors.BlockedThreadTimeoutInterceptor.intercept(BlockedThreadTimeoutInterceptor.kt:74)
	at io.kotest.engine.test.TestCaseExecutor$execute$3$1.invokeSuspend(TestCaseExecutor.kt:97)
	at io.kotest.engine.test.interceptors.CoroutineLoggingInterceptor.intercept(CoroutineLoggingInterceptor.kt:30)
	at io.kotest.engine.test.TestCaseExecutor$execute$3$1.invokeSuspend(TestCaseExecutor.kt:97)
	at io.kotest.engine.test.interceptors.SoftAssertInterceptor.intercept(SoftAssertInterceptor.kt:27)
	at io.kotest.engine.test.TestCaseExecutor$execute$3$1.invokeSuspend(TestCaseExecutor.kt:97)
	at io.kotest.engine.test.interceptors.AssertionModeInterceptor.intercept(AssertionModeInterceptor.kt:25)
	at io.kotest.engine.test.TestCaseExecutor$execute$3$1.invokeSuspend(TestCaseExecutor.kt:97)
	at io.kotest.engine.test.interceptors.LifecycleInterceptor.intercept(LifecycleInterceptor.kt:51)
	at io.kotest.engine.test.TestCaseExecutor$execute$3$1.invokeSuspend(TestCaseExecutor.kt:97)
	at io.kotest.engine.test.interceptors.EnabledCheckInterceptor.intercept(EnabledCheckInterceptor.kt:31)
	at io.kotest.engine.test.TestCaseExecutor$execute$3$1.invokeSuspend(TestCaseExecutor.kt:97)
	at io.kotest.engine.test.interceptors.TestCaseExtensionInterceptor$intercept$2.invokeSuspend(TestCaseExtensionInterceptor.kt:24)
	at io.kotest.engine.test.TestCaseExecutor$execute$3$1.invokeSuspend(TestCaseExecutor.kt:97)
	at io.kotest.engine.test.interceptors.CoroutineErrorCollectorInterceptor$intercept$3.invokeSuspend(CoroutineErrorCollectorInterceptor.kt:28)
	at io.kotest.engine.test.TestCaseExecutor$execute$3$1.invokeSuspend(TestCaseExecutor.kt:97)
	at io.kotest.engine.test.interceptors.CoroutineDispatcherFactoryInterceptor$intercept$4.invokeSuspend(coroutineDispatcherFactoryInterceptor.kt:57)
	at io.kotest.engine.concurrency.FixedThreadCoroutineDispatcherFactory$withDispatcher$4.invokeSuspend(FixedThreadCoroutineDispatcherFactory.kt:54)
	at io.kotest.engine.test.TestCaseExecutor$execute$3$1.invokeSuspend(TestCaseExecutor.kt:97)
	at io.kotest.engine.test.interceptors.SupervisorScopeInterceptor$intercept$2.invokeSuspend(SupervisorScopeInterceptor.kt:23)
	at io.kotest.engine.test.TestCaseExecutor$execute$3$1.invokeSuspend(TestCaseExecutor.kt:97)
	at io.kotest.engine.test.TestCaseExecutor$execute$3$1.invokeSuspend(TestCaseExecutor.kt:97)
	at io.kotest.engine.test.interceptors.TestFinishedInterceptor.intercept(TestFinishedInterceptor.kt:21)
	at io.kotest.engine.test.TestCaseExecutor$execute$3$1.invokeSuspend(TestCaseExecutor.kt:97)
	at io.kotest.engine.test.interceptors.TestNameContextInterceptor$intercept$2.invokeSuspend(TestPathContextInterceptor.kt:35)
	at io.kotest.engine.test.TestCaseExecutor$execute$3$1.invokeSuspend(TestCaseExecutor.kt:97)
	at io.kotest.engine.test.interceptors.TestPathContextInterceptor$intercept$2.invokeSuspend(TestPathContextInterceptor.kt:20)
	at io.kotest.engine.test.TestCaseExecutor$execute$3$1.invokeSuspend(TestCaseExecutor.kt:97)
	at io.kotest.engine.spec.runners.SingleInstanceSpecRunner.runTest(SingleInstanceSpecRunner.kt:121)
	at io.kotest.engine.spec.runners.SingleInstanceSpecRunner$execute$interceptAndRun$2$1.invokeSuspend(SingleInstanceSpecRunner.kt:51)
	at io.kotest.engine.test.scheduler.SequentialTestScheduler$schedule$3$1$1.invokeSuspend(SequentialTestScheduler.kt:20)
Caused by: com.beust.klaxon.KlaxonException: Unexpected character at position 0: '&lt;' (ASCII: 60)'
	at app//com.beust.klaxon.Lexer.actualNextToken(Lexer.kt:203)
	at app//com.beust.klaxon.Lexer.nextToken(Lexer.kt:69)
	at app//com.beust.klaxon.KlaxonParser.fullParseLoop(KlaxonParser.kt:59)
	at app//com.beust.klaxon.KlaxonParser.parse(KlaxonParser.kt:25)
	at app//id.walt.model.Did$Companion.decode(DecentralizedIdentifier.kt:150)
	at app//id.walt.services.did.resolvers.DidWebResolver$resolveDidWeb$1.invokeSuspend(DidWebResolver.kt:22)
	at app//kotlin.coroutines.jvm.internal.BaseContinuationImpl.resumeWith(ContinuationImpl.kt:33)
	at app//kotlinx.coroutines.DispatchedTask.run(DispatchedTask.kt:108)
	at app//kotlinx.coroutines.EventLoopImplBase.processNextEvent(EventLoop.common.kt:280)
	at app//kotlinx.coroutines.BlockingCoroutine.joinBlocking(Builders.kt:85)
	at app//kotlinx.coroutines.BuildersKt__BuildersKt.runBlocking(Builders.kt:59)
	at app//kotlinx.coroutines.BuildersKt.runBlocking(Unknown Source)
	at app//kotlinx.coroutines.BuildersKt__BuildersKt.runBlocking$default(Builders.kt:38)
	at app//kotlinx.coroutines.BuildersKt.runBlocking$default(Unknown Source)
	at app//id.walt.services.did.resolvers.DidWebResolver.resolveDidWeb(DidWebResolver.kt:16)
	at app//id.walt.services.did.resolvers.DidWebResolver.resolve(DidWebResolver.kt:14)
	at app//id.walt.services.did.resolvers.DidWebResolver.resolve(DidWebResolver.kt:12)
	at app//id.walt.services.did.DidService.resolve(DidService.kt:182)
	at app//id.walt.services.did.DidService.resolve(DidService.kt:180)
	at app//id.walt.services.did.DidService.resolve$default(DidService.kt:180)
	at app//id.walt.services.did.DidService.resolveAndStore(DidService.kt:221)
	at app//id.walt.services.did.DidService.importDid(DidService.kt:189)
	at app//id.walt.services.did.DidService.importDidAndKeys(DidService.kt:213)
	at app//id.walt.services.vc.WaltIdJsonLdCredentialService.verify(WaltIdJsonLdCredentialService.kt:249)
	at app//id.walt.services.vc.JsonLdCredentialService.verify(JsonLdCredentialService.kt:27)
	at app//id.walt.services.vc.WaltIdJsonLdCredentialServiceTest.genericSignVerify(WaltIdJsonLdCredentialServiceTest.kt:57)
	at app//id.walt.services.vc.WaltIdJsonLdCredentialServiceTest.signEbsiVerifiableAttestation(WaltIdJsonLdCredentialServiceTest.kt:88)
	at java.base@17.0.6/java.lang.reflect.Method.invoke(Method.java:568)
	at app//kotlin.reflect.jvm.internal.calls.CallerImpl$Method.callMethod(CallerImpl.kt:97)
	at app//kotlin.reflect.jvm.internal.calls.CallerImpl$Method$Instance.call(CallerImpl.kt:113)
	at app//kotlin.reflect.jvm.internal.KCallableImpl.call(KCallableImpl.kt:107)
	at app//kotlin.reflect.full.KCallables.callSuspend(KCallables.kt:54)
	at app//io.kotest.core.spec.style.AnnotationSpec$callNotExpectingException$1.invokeSuspend(AnnotationSpec.kt:139)
	at app//io.kotest.core.spec.style.AnnotationSpec$callNotExpectingException$1.invoke(AnnotationSpec.kt)
	at app//io.kotest.core.spec.style.AnnotationSpec$callNotExpectingException$1.invoke(AnnotationSpec.kt)
	at app//io.kotest.engine.test.TestCaseExecutor$execute$innerExecute$1.invokeSuspend(TestCaseExecutor.kt:88)
	at app//io.kotest.engine.test.TestCaseExecutor$execute$innerExecute$1.invoke(TestCaseExecutor.kt)
	at app//io.kotest.engine.test.TestCaseExecutor$execute$innerExecute$1.invoke(TestCaseExecutor.kt)
	at app//io.kotest.engine.test.interceptors.CoroutineDebugProbeInterceptor.intercept(CoroutineDebugProbeInterceptor.kt:29)
	at app//io.kotest.engine.test.TestCaseExecutor$execute$3$1.invokeSuspend(TestCaseExecutor.kt:97)
	at app//io.kotest.engine.test.TestCaseExecutor$execute$3$1.invoke(TestCaseExecutor.kt)
	at app//io.kotest.engine.test.TestCaseExecutor$execute$3$1.invoke(TestCaseExecutor.kt)
	at app//io.kotest.engine.test.TestInvocationInterceptor$runBeforeTestAfter$executeWithBeforeAfter$1.invokeSuspend(TestInvocationInterceptor.kt:63)
	at app//io.kotest.engine.test.TestInvocationInterceptor$runBeforeTestAfter$executeWithBeforeAfter$1.invoke(TestInvocationInterceptor.kt)
	at app//io.kotest.engine.test.TestInvocationInterceptor$runBeforeTestAfter$executeWithBeforeAfter$1.invoke(TestInvocationInterceptor.kt)
	at app//io.kotest.engine.test.interceptors.InvocationTimeoutInterceptor$intercept$3.invokeSuspend(InvocationTimeoutInterceptor.kt:43)
	at app//io.kotest.engine.test.interceptors.InvocationTimeoutInterceptor$intercept$3.invoke(InvocationTimeoutInterceptor.kt)
	at app//io.kotest.engine.test.interceptors.InvocationTimeoutInterceptor$intercept$3.invoke(InvocationTimeoutInterceptor.kt)
	at app//kotlinx.coroutines.intrinsics.UndispatchedKt.startUndispatchedOrReturnIgnoreTimeout(Undispatched.kt:89)
	at app//kotlinx.coroutines.TimeoutKt.setupTimeout(Timeout.kt:151)
	at app//kotlinx.coroutines.TimeoutKt.withTimeoutOrNull(Timeout.kt:107)
	at app//io.kotest.engine.test.interceptors.InvocationTimeoutInterceptor.intercept(InvocationTimeoutInterceptor.kt:42)
	at app//io.kotest.engine.test.TestInvocationInterceptor$runBeforeTestAfter$wrappedTest$1$1.invokeSuspend(TestInvocationInterceptor.kt:70)
	at app//io.kotest.engine.test.TestInvocationInterceptor$runBeforeTestAfter$wrappedTest$1$1.invoke(TestInvocationInterceptor.kt)
	at app//io.kotest.engine.test.TestInvocationInterceptor$runBeforeTestAfter$wrappedTest$1$1.invoke(TestInvocationInterceptor.kt)
	at app//io.kotest.engine.test.TestInvocationInterceptor.runBeforeTestAfter(TestInvocationInterceptor.kt:73)
	at app//io.kotest.engine.test.TestInvocationInterceptor.access$runBeforeTestAfter(TestInvocationInterceptor.kt:14)
	at app//io.kotest.engine.test.TestInvocationInterceptor$intercept$2$1.invokeSuspend(TestInvocationInterceptor.kt:36)
	at app//io.kotest.engine.test.TestInvocationInterceptor$intercept$2$1.invoke(TestInvocationInterceptor.kt)
	at app//io.kotest.engine.test.TestInvocationInterceptor$intercept$2$1.invoke(TestInvocationInterceptor.kt)
	at app//io.kotest.mpp.ReplayKt.replay(replay.kt:15)
	at app//io.kotest.engine.test.TestInvocationInterceptor$intercept$2.invokeSuspend(TestInvocationInterceptor.kt:32)
	at app//io.kotest.engine.test.TestInvocationInterceptor$intercept$2.invoke(TestInvocationInterceptor.kt)
	at app//io.kotest.engine.test.TestInvocationInterceptor$intercept$2.invoke(TestInvocationInterceptor.kt)
	at app//kotlinx.coroutines.intrinsics.UndispatchedKt.startUndispatchedOrReturn(Undispatched.kt:78)
	at app//kotlinx.coroutines.CoroutineScopeKt.coroutineScope(CoroutineScope.kt:264)
	at app//io.kotest.engine.test.TestInvocationInterceptor.intercept(TestInvocationInterceptor.kt:31)
	at app//io.kotest.engine.test.TestCaseExecutor$execute$3$1.invokeSuspend(TestCaseExecutor.kt:97)
	at app//io.kotest.engine.test.TestCaseExecutor$execute$3$1.invoke(TestCaseExecutor.kt)
	at app//io.kotest.engine.test.TestCaseExecutor$execute$3$1.invoke(TestCaseExecutor.kt)
	at app//io.kotest.engine.test.interceptors.TimeoutInterceptor.intercept(TimeoutInterceptor.kt:33)
	at app//io.kotest.engine.test.TestCaseExecutor$execute$3$1.invokeSuspend(TestCaseExecutor.kt:97)
	at app//io.kotest.engine.test.TestCaseExecutor$execute$3$1.invoke(TestCaseExecutor.kt)
	at app//io.kotest.engine.test.TestCaseExecutor$execute$3$1.invoke(TestCaseExecutor.kt)
	at app//io.kotest.engine.test.interceptors.BlockedThreadTimeoutInterceptor.intercept(BlockedThreadTimeoutInterceptor.kt:74)
	at app//io.kotest.engine.test.TestCaseExecutor$execute$3$1.invokeSuspend(TestCaseExecutor.kt:97)
	at app//io.kotest.engine.test.TestCaseExecutor$execute$3$1.invoke(TestCaseExecutor.kt)
	at app//io.kotest.engine.test.TestCaseExecutor$execute$3$1.invoke(TestCaseExecutor.kt)
	at app//io.kotest.engine.test.interceptors.CoroutineLoggingInterceptor.intercept(CoroutineLoggingInterceptor.kt:30)
	at app//io.kotest.engine.test.TestCaseExecutor$execute$3$1.invokeSuspend(TestCaseExecutor.kt:97)
	at app//io.kotest.engine.test.TestCaseExecutor$execute$3$1.invoke(TestCaseExecutor.kt)
	at app//io.kotest.engine.test.TestCaseExecutor$execute$3$1.invoke(TestCaseExecutor.kt)
	at app//io.kotest.engine.test.interceptors.SoftAssertInterceptor.intercept(SoftAssertInterceptor.kt:27)
	at app//io.kotest.engine.test.TestCaseExecutor$execute$3$1.invokeSuspend(TestCaseExecutor.kt:97)
	at app//io.kotest.engine.test.TestCaseExecutor$execute$3$1.invoke(TestCaseExecutor.kt)
	at app//io.kotest.engine.test.TestCaseExecutor$execute$3$1.invoke(TestCaseExecutor.kt)
	at app//io.kotest.engine.test.interceptors.AssertionModeInterceptor.intercept(AssertionModeInterceptor.kt:25)
	at app//io.kotest.engine.test.TestCaseExecutor$execute$3$1.invokeSuspend(TestCaseExecutor.kt:97)
	at app//io.kotest.engine.test.TestCaseExecutor$execute$3$1.invoke(TestCaseExecutor.kt)
	at app//io.kotest.engine.test.TestCaseExecutor$execute$3$1.invoke(TestCaseExecutor.kt)
	at app//io.kotest.engine.test.interceptors.LifecycleInterceptor.intercept(LifecycleInterceptor.kt:51)
	at app//io.kotest.engine.test.TestCaseExecutor$execute$3$1.invokeSuspend(TestCaseExecutor.kt:97)
	at app//io.kotest.engine.test.TestCaseExecutor$execute$3$1.invoke(TestCaseExecutor.kt)
	at app//io.kotest.engine.test.TestCaseExecutor$execute$3$1.invoke(TestCaseExecutor.kt)
	at app//io.kotest.engine.test.interceptors.EnabledCheckInterceptor.intercept(EnabledCheckInterceptor.kt:31)
	at app//io.kotest.engine.test.TestCaseExecutor$execute$3$1.invokeSuspend(TestCaseExecutor.kt:97)
	at app//io.kotest.engine.test.TestCaseExecutor$execute$3$1.invoke(TestCaseExecutor.kt)
	at app//io.kotest.engine.test.TestCaseExecutor$execute$3$1.invoke(TestCaseExecutor.kt)
	at app//io.kotest.engine.test.interceptors.TestCaseExtensionInterceptor$intercept$2.invokeSuspend(TestCaseExtensionInterceptor.kt:24)
	at app//io.kotest.engine.test.interceptors.TestCaseExtensionInterceptor$intercept$2.invoke(TestCaseExtensionInterceptor.kt)
	at app//io.kotest.engine.test.interceptors.TestCaseExtensionInterceptor$intercept$2.invoke(TestCaseExtensionInterceptor.kt)
	at app//io.kotest.engine.test.TestExtensions.intercept(TestExtensions.kt:154)
	at app//io.kotest.engine.test.interceptors.TestCaseExtensionInterceptor.intercept(TestCaseExtensionInterceptor.kt:24)
	at app//io.kotest.engine.test.TestCaseExecutor$execute$3$1.invokeSuspend(TestCaseExecutor.kt:97)
	at app//io.kotest.engine.test.TestCaseExecutor$execute$3$1.invoke(TestCaseExecutor.kt)
	at app//io.kotest.engine.test.TestCaseExecutor$execute$3$1.invoke(TestCaseExecutor.kt)
	at app//io.kotest.engine.test.interceptors.CoroutineErrorCollectorInterceptor$intercept$3.invokeSuspend(CoroutineErrorCollectorInterceptor.kt:28)
	at app//io.kotest.engine.test.interceptors.CoroutineErrorCollectorInterceptor$intercept$3.invoke(CoroutineErrorCollectorInterceptor.kt)
	at app//io.kotest.engine.test.interceptors.CoroutineErrorCollectorInterceptor$intercept$3.invoke(CoroutineErrorCollectorInterceptor.kt)
	at app//kotlinx.coroutines.intrinsics.UndispatchedKt.startUndispatchedOrReturn(Undispatched.kt:78)
	at app//kotlinx.coroutines.BuildersKt__Builders_commonKt.withContext(Builders.common.kt:167)
	at app//kotlinx.coroutines.BuildersKt.withContext(Unknown Source)
	at app//io.kotest.engine.test.interceptors.CoroutineErrorCollectorInterceptor.intercept(CoroutineErrorCollectorInterceptor.kt:27)
	at app//io.kotest.engine.test.TestCaseExecutor$execute$3$1.invokeSuspend(TestCaseExecutor.kt:97)
	at app//io.kotest.engine.test.TestCaseExecutor$execute$3$1.invoke(TestCaseExecutor.kt)
	at app//io.kotest.engine.test.TestCaseExecutor$execute$3$1.invoke(TestCaseExecutor.kt)
	at app//io.kotest.engine.test.interceptors.CoroutineDispatcherFactoryInterceptor$intercept$4.invokeSuspend(coroutineDispatcherFactoryInterceptor.kt:57)
	at app//io.kotest.engine.test.interceptors.CoroutineDispatcherFactoryInterceptor$intercept$4.invoke(coroutineDispatcherFactoryInterceptor.kt)
	at app//io.kotest.engine.test.interceptors.CoroutineDispatcherFactoryInterceptor$intercept$4.invoke(coroutineDispatcherFactoryInterceptor.kt)
	at app//io.kotest.engine.concurrency.FixedThreadCoroutineDispatcherFactory$withDispatcher$4.invokeSuspend(FixedThreadCoroutineDispatcherFactory.kt:54)
	at app//kotlin.coroutines.jvm.internal.BaseContinuationImpl.resumeWith(ContinuationImpl.kt:33)
	at app//kotlinx.coroutines.DispatchedTask.run(DispatchedTask.kt:108)
	at java.base@17.0.6/java.util.concurrent.ThreadPoolExecutor.runWorker(ThreadPoolExecutor.java:1136)
	at java.base@17.0.6/java.util.concurrent.ThreadPoolExecutor$Worker.run(ThreadPoolExecutor.java:635)
	at java.base@17.0.6/java.lang.Thread.run(Thread.java:833)
</failure>
  </testcase>
  <testcase name="signEuropass" classname="id.walt.services.vc.WaltIdJsonLdCredentialServiceTest" time="0.011">
    <failure message="java.lang.IllegalArgumentException: Could not load key: did:key:z6MkjzfpAXXhn34rGxMCm2qzExDZjXvAvnyUVCariyVCm9rE" type="java.lang.IllegalArgumentException">java.lang.IllegalArgumentException: Could not load key: did:key:z6MkjzfpAXXhn34rGxMCm2qzExDZjXvAvnyUVCariyVCm9rE
	at id.walt.services.storeUmu.defaultSoreServiceUmu.load(defaultSoreServiceUmu.kt:139)
	at id.walt.services.storeUmu.KeyStoreServiceUmu.load(KeyStoreServiceUmu.kt:20)
	at id.walt.services.vc.WaltIdJsonLdCredentialService.verify(WaltIdJsonLdCredentialService.kt:287)
	at id.walt.services.vc.JsonLdCredentialService.verify(JsonLdCredentialService.kt:27)
	at id.walt.services.vc.WaltIdJsonLdCredentialServiceTest.genericSignVerify(WaltIdJsonLdCredentialServiceTest.kt:57)
	at id.walt.services.vc.WaltIdJsonLdCredentialServiceTest.signEuropass(WaltIdJsonLdCredentialServiceTest.kt:108)
	at java.base/java.lang.reflect.Method.invoke(Method.java:568)
	at kotlin.reflect.jvm.internal.calls.CallerImpl$Method.callMethod(CallerImpl.kt:97)
	at kotlin.reflect.jvm.internal.calls.CallerImpl$Method$Instance.call(CallerImpl.kt:113)
	at kotlin.reflect.jvm.internal.KCallableImpl.call(KCallableImpl.kt:107)
	at kotlin.reflect.full.KCallables.callSuspend(KCallables.kt:54)
	at io.kotest.core.spec.style.AnnotationSpec$callNotExpectingException$1.invokeSuspend(AnnotationSpec.kt:139)
	at io.kotest.core.spec.style.AnnotationSpec$callNotExpectingException$1.invoke(AnnotationSpec.kt)
	at io.kotest.core.spec.style.AnnotationSpec$callNotExpectingException$1.invoke(AnnotationSpec.kt)
	at io.kotest.engine.test.TestCaseExecutor$execute$innerExecute$1.invokeSuspend(TestCaseExecutor.kt:88)
	at io.kotest.engine.test.TestCaseExecutor$execute$innerExecute$1.invoke(TestCaseExecutor.kt)
	at io.kotest.engine.test.TestCaseExecutor$execute$innerExecute$1.invoke(TestCaseExecutor.kt)
	at io.kotest.engine.test.interceptors.CoroutineDebugProbeInterceptor.intercept(CoroutineDebugProbeInterceptor.kt:29)
	at io.kotest.engine.test.TestCaseExecutor$execute$3$1.invokeSuspend(TestCaseExecutor.kt:97)
	at io.kotest.engine.test.TestCaseExecutor$execute$3$1.invoke(TestCaseExecutor.kt)
	at io.kotest.engine.test.TestCaseExecutor$execute$3$1.invoke(TestCaseExecutor.kt)
	at io.kotest.engine.test.TestInvocationInterceptor$runBeforeTestAfter$executeWithBeforeAfter$1.invokeSuspend(TestInvocationInterceptor.kt:63)
	at io.kotest.engine.test.TestInvocationInterceptor$runBeforeTestAfter$executeWithBeforeAfter$1.invoke(TestInvocationInterceptor.kt)
	at io.kotest.engine.test.TestInvocationInterceptor$runBeforeTestAfter$executeWithBeforeAfter$1.invoke(TestInvocationInterceptor.kt)
	at io.kotest.engine.test.interceptors.InvocationTimeoutInterceptor$intercept$3.invokeSuspend(InvocationTimeoutInterceptor.kt:43)
	at io.kotest.engine.test.interceptors.InvocationTimeoutInterceptor$intercept$3.invoke(InvocationTimeoutInterceptor.kt)
	at io.kotest.engine.test.interceptors.InvocationTimeoutInterceptor$intercept$3.invoke(InvocationTimeoutInterceptor.kt)
	at kotlinx.coroutines.intrinsics.UndispatchedKt.startUndispatchedOrReturnIgnoreTimeout(Undispatched.kt:89)
	at kotlinx.coroutines.TimeoutKt.setupTimeout(Timeout.kt:151)
	at kotlinx.coroutines.TimeoutKt.withTimeoutOrNull(Timeout.kt:107)
	at io.kotest.engine.test.interceptors.InvocationTimeoutInterceptor.intercept(InvocationTimeoutInterceptor.kt:42)
	at io.kotest.engine.test.TestInvocationInterceptor$runBeforeTestAfter$wrappedTest$1$1.invokeSuspend(TestInvocationInterceptor.kt:70)
	at io.kotest.engine.test.TestInvocationInterceptor$runBeforeTestAfter$wrappedTest$1$1.invoke(TestInvocationInterceptor.kt)
	at io.kotest.engine.test.TestInvocationInterceptor$runBeforeTestAfter$wrappedTest$1$1.invoke(TestInvocationInterceptor.kt)
	at io.kotest.engine.test.TestInvocationInterceptor.runBeforeTestAfter(TestInvocationInterceptor.kt:73)
	at io.kotest.engine.test.TestInvocationInterceptor.access$runBeforeTestAfter(TestInvocationInterceptor.kt:14)
	at io.kotest.engine.test.TestInvocationInterceptor$intercept$2$1.invokeSuspend(TestInvocationInterceptor.kt:36)
	at io.kotest.engine.test.TestInvocationInterceptor$intercept$2$1.invoke(TestInvocationInterceptor.kt)
	at io.kotest.engine.test.TestInvocationInterceptor$intercept$2$1.invoke(TestInvocationInterceptor.kt)
	at io.kotest.mpp.ReplayKt.replay(replay.kt:15)
	at io.kotest.engine.test.TestInvocationInterceptor$intercept$2.invokeSuspend(TestInvocationInterceptor.kt:32)
	at io.kotest.engine.test.TestInvocationInterceptor$intercept$2.invoke(TestInvocationInterceptor.kt)
	at io.kotest.engine.test.TestInvocationInterceptor$intercept$2.invoke(TestInvocationInterceptor.kt)
	at kotlinx.coroutines.intrinsics.UndispatchedKt.startUndispatchedOrReturn(Undispatched.kt:78)
	at kotlinx.coroutines.CoroutineScopeKt.coroutineScope(CoroutineScope.kt:264)
	at io.kotest.engine.test.TestInvocationInterceptor.intercept(TestInvocationInterceptor.kt:31)
	at io.kotest.engine.test.TestCaseExecutor$execute$3$1.invokeSuspend(TestCaseExecutor.kt:97)
	at io.kotest.engine.test.TestCaseExecutor$execute$3$1.invoke(TestCaseExecutor.kt)
	at io.kotest.engine.test.TestCaseExecutor$execute$3$1.invoke(TestCaseExecutor.kt)
	at io.kotest.engine.test.interceptors.TimeoutInterceptor.intercept(TimeoutInterceptor.kt:33)
	at io.kotest.engine.test.TestCaseExecutor$execute$3$1.invokeSuspend(TestCaseExecutor.kt:97)
	at io.kotest.engine.test.TestCaseExecutor$execute$3$1.invoke(TestCaseExecutor.kt)
	at io.kotest.engine.test.TestCaseExecutor$execute$3$1.invoke(TestCaseExecutor.kt)
	at io.kotest.engine.test.interceptors.BlockedThreadTimeoutInterceptor.intercept(BlockedThreadTimeoutInterceptor.kt:74)
	at io.kotest.engine.test.TestCaseExecutor$execute$3$1.invokeSuspend(TestCaseExecutor.kt:97)
	at io.kotest.engine.test.TestCaseExecutor$execute$3$1.invoke(TestCaseExecutor.kt)
	at io.kotest.engine.test.TestCaseExecutor$execute$3$1.invoke(TestCaseExecutor.kt)
	at io.kotest.engine.test.interceptors.CoroutineLoggingInterceptor.intercept(CoroutineLoggingInterceptor.kt:30)
	at io.kotest.engine.test.TestCaseExecutor$execute$3$1.invokeSuspend(TestCaseExecutor.kt:97)
	at io.kotest.engine.test.TestCaseExecutor$execute$3$1.invoke(TestCaseExecutor.kt)
	at io.kotest.engine.test.TestCaseExecutor$execute$3$1.invoke(TestCaseExecutor.kt)
	at io.kotest.engine.test.interceptors.SoftAssertInterceptor.intercept(SoftAssertInterceptor.kt:27)
	at io.kotest.engine.test.TestCaseExecutor$execute$3$1.invokeSuspend(TestCaseExecutor.kt:97)
	at io.kotest.engine.test.TestCaseExecutor$execute$3$1.invoke(TestCaseExecutor.kt)
	at io.kotest.engine.test.TestCaseExecutor$execute$3$1.invoke(TestCaseExecutor.kt)
	at io.kotest.engine.test.interceptors.AssertionModeInterceptor.intercept(AssertionModeInterceptor.kt:25)
	at io.kotest.engine.test.TestCaseExecutor$execute$3$1.invokeSuspend(TestCaseExecutor.kt:97)
	at io.kotest.engine.test.TestCaseExecutor$execute$3$1.invoke(TestCaseExecutor.kt)
	at io.kotest.engine.test.TestCaseExecutor$execute$3$1.invoke(TestCaseExecutor.kt)
	at io.kotest.engine.test.interceptors.LifecycleInterceptor.intercept(LifecycleInterceptor.kt:51)
	at io.kotest.engine.test.TestCaseExecutor$execute$3$1.invokeSuspend(TestCaseExecutor.kt:97)
	at io.kotest.engine.test.TestCaseExecutor$execute$3$1.invoke(TestCaseExecutor.kt)
	at io.kotest.engine.test.TestCaseExecutor$execute$3$1.invoke(TestCaseExecutor.kt)
	at io.kotest.engine.test.interceptors.EnabledCheckInterceptor.intercept(EnabledCheckInterceptor.kt:31)
	at io.kotest.engine.test.TestCaseExecutor$execute$3$1.invokeSuspend(TestCaseExecutor.kt:97)
	at io.kotest.engine.test.TestCaseExecutor$execute$3$1.invoke(TestCaseExecutor.kt)
	at io.kotest.engine.test.TestCaseExecutor$execute$3$1.invoke(TestCaseExecutor.kt)
	at io.kotest.engine.test.interceptors.TestCaseExtensionInterceptor$intercept$2.invokeSuspend(TestCaseExtensionInterceptor.kt:24)
	at io.kotest.engine.test.interceptors.TestCaseExtensionInterceptor$intercept$2.invoke(TestCaseExtensionInterceptor.kt)
	at io.kotest.engine.test.interceptors.TestCaseExtensionInterceptor$intercept$2.invoke(TestCaseExtensionInterceptor.kt)
	at io.kotest.engine.test.TestExtensions.intercept(TestExtensions.kt:154)
	at io.kotest.engine.test.interceptors.TestCaseExtensionInterceptor.intercept(TestCaseExtensionInterceptor.kt:24)
	at io.kotest.engine.test.TestCaseExecutor$execute$3$1.invokeSuspend(TestCaseExecutor.kt:97)
	at io.kotest.engine.test.TestCaseExecutor$execute$3$1.invoke(TestCaseExecutor.kt)
	at io.kotest.engine.test.TestCaseExecutor$execute$3$1.invoke(TestCaseExecutor.kt)
	at io.kotest.engine.test.interceptors.CoroutineErrorCollectorInterceptor$intercept$3.invokeSuspend(CoroutineErrorCollectorInterceptor.kt:28)
	at io.kotest.engine.test.interceptors.CoroutineErrorCollectorInterceptor$intercept$3.invoke(CoroutineErrorCollectorInterceptor.kt)
	at io.kotest.engine.test.interceptors.CoroutineErrorCollectorInterceptor$intercept$3.invoke(CoroutineErrorCollectorInterceptor.kt)
	at kotlinx.coroutines.intrinsics.UndispatchedKt.startUndispatchedOrReturn(Undispatched.kt:78)
	at kotlinx.coroutines.BuildersKt__Builders_commonKt.withContext(Builders.common.kt:167)
	at kotlinx.coroutines.BuildersKt.withContext(Unknown Source)
	at io.kotest.engine.test.interceptors.CoroutineErrorCollectorInterceptor.intercept(CoroutineErrorCollectorInterceptor.kt:27)
	at io.kotest.engine.test.TestCaseExecutor$execute$3$1.invokeSuspend(TestCaseExecutor.kt:97)
	at io.kotest.engine.test.TestCaseExecutor$execute$3$1.invoke(TestCaseExecutor.kt)
	at io.kotest.engine.test.TestCaseExecutor$execute$3$1.invoke(TestCaseExecutor.kt)
	at io.kotest.engine.test.interceptors.CoroutineDispatcherFactoryInterceptor$intercept$4.invokeSuspend(coroutineDispatcherFactoryInterceptor.kt:57)
	at io.kotest.engine.test.interceptors.CoroutineDispatcherFactoryInterceptor$intercept$4.invoke(coroutineDispatcherFactoryInterceptor.kt)
	at io.kotest.engine.test.interceptors.CoroutineDispatcherFactoryInterceptor$intercept$4.invoke(coroutineDispatcherFactoryInterceptor.kt)
	at io.kotest.engine.concurrency.FixedThreadCoroutineDispatcherFactory$withDispatcher$4.invokeSuspend(FixedThreadCoroutineDispatcherFactory.kt:54)
	at _COROUTINE._BOUNDARY._(CoroutineDebugging.kt:46)
	at kotlinx.coroutines.TimeoutKt.withTimeoutOrNull(Timeout.kt:104)
	at io.kotest.engine.test.interceptors.InvocationTimeoutInterceptor.intercept(InvocationTimeoutInterceptor.kt:42)
	at io.kotest.engine.test.TestInvocationInterceptor$runBeforeTestAfter$wrappedTest$1$1.invokeSuspend(TestInvocationInterceptor.kt:70)
	at io.kotest.engine.test.TestInvocationInterceptor$intercept$2$1.invokeSuspend(TestInvocationInterceptor.kt:36)
	at io.kotest.mpp.ReplayKt.replay(replay.kt:15)
	at io.kotest.engine.test.TestInvocationInterceptor$intercept$2.invokeSuspend(TestInvocationInterceptor.kt:32)
	at io.kotest.engine.test.TestInvocationInterceptor.intercept(TestInvocationInterceptor.kt:31)
	at io.kotest.engine.test.TestCaseExecutor$execute$3$1.invokeSuspend(TestCaseExecutor.kt:97)
	at io.kotest.engine.test.interceptors.TimeoutInterceptor.intercept(TimeoutInterceptor.kt:33)
	at io.kotest.engine.test.TestCaseExecutor$execute$3$1.invokeSuspend(TestCaseExecutor.kt:97)
	at io.kotest.engine.test.interceptors.BlockedThreadTimeoutInterceptor.intercept(BlockedThreadTimeoutInterceptor.kt:74)
	at io.kotest.engine.test.TestCaseExecutor$execute$3$1.invokeSuspend(TestCaseExecutor.kt:97)
	at io.kotest.engine.test.interceptors.CoroutineLoggingInterceptor.intercept(CoroutineLoggingInterceptor.kt:30)
	at io.kotest.engine.test.TestCaseExecutor$execute$3$1.invokeSuspend(TestCaseExecutor.kt:97)
	at io.kotest.engine.test.interceptors.SoftAssertInterceptor.intercept(SoftAssertInterceptor.kt:27)
	at io.kotest.engine.test.TestCaseExecutor$execute$3$1.invokeSuspend(TestCaseExecutor.kt:97)
	at io.kotest.engine.test.interceptors.AssertionModeInterceptor.intercept(AssertionModeInterceptor.kt:25)
	at io.kotest.engine.test.TestCaseExecutor$execute$3$1.invokeSuspend(TestCaseExecutor.kt:97)
	at io.kotest.engine.test.interceptors.LifecycleInterceptor.intercept(LifecycleInterceptor.kt:51)
	at io.kotest.engine.test.TestCaseExecutor$execute$3$1.invokeSuspend(TestCaseExecutor.kt:97)
	at io.kotest.engine.test.interceptors.EnabledCheckInterceptor.intercept(EnabledCheckInterceptor.kt:31)
	at io.kotest.engine.test.TestCaseExecutor$execute$3$1.invokeSuspend(TestCaseExecutor.kt:97)
	at io.kotest.engine.test.interceptors.TestCaseExtensionInterceptor$intercept$2.invokeSuspend(TestCaseExtensionInterceptor.kt:24)
	at io.kotest.engine.test.TestCaseExecutor$execute$3$1.invokeSuspend(TestCaseExecutor.kt:97)
	at io.kotest.engine.test.interceptors.CoroutineErrorCollectorInterceptor$intercept$3.invokeSuspend(CoroutineErrorCollectorInterceptor.kt:28)
	at io.kotest.engine.test.TestCaseExecutor$execute$3$1.invokeSuspend(TestCaseExecutor.kt:97)
	at io.kotest.engine.test.interceptors.CoroutineDispatcherFactoryInterceptor$intercept$4.invokeSuspend(coroutineDispatcherFactoryInterceptor.kt:57)
	at io.kotest.engine.concurrency.FixedThreadCoroutineDispatcherFactory$withDispatcher$4.invokeSuspend(FixedThreadCoroutineDispatcherFactory.kt:54)
	at io.kotest.engine.test.TestCaseExecutor$execute$3$1.invokeSuspend(TestCaseExecutor.kt:97)
	at io.kotest.engine.test.interceptors.SupervisorScopeInterceptor$intercept$2.invokeSuspend(SupervisorScopeInterceptor.kt:23)
	at io.kotest.engine.test.TestCaseExecutor$execute$3$1.invokeSuspend(TestCaseExecutor.kt:97)
	at io.kotest.engine.test.TestCaseExecutor$execute$3$1.invokeSuspend(TestCaseExecutor.kt:97)
	at io.kotest.engine.test.interceptors.TestFinishedInterceptor.intercept(TestFinishedInterceptor.kt:21)
	at io.kotest.engine.test.TestCaseExecutor$execute$3$1.invokeSuspend(TestCaseExecutor.kt:97)
	at io.kotest.engine.test.interceptors.TestNameContextInterceptor$intercept$2.invokeSuspend(TestPathContextInterceptor.kt:35)
	at io.kotest.engine.test.TestCaseExecutor$execute$3$1.invokeSuspend(TestCaseExecutor.kt:97)
	at io.kotest.engine.test.interceptors.TestPathContextInterceptor$intercept$2.invokeSuspend(TestPathContextInterceptor.kt:20)
	at io.kotest.engine.test.TestCaseExecutor$execute$3$1.invokeSuspend(TestCaseExecutor.kt:97)
	at io.kotest.engine.spec.runners.SingleInstanceSpecRunner.runTest(SingleInstanceSpecRunner.kt:121)
	at io.kotest.engine.spec.runners.SingleInstanceSpecRunner$execute$interceptAndRun$2$1.invokeSuspend(SingleInstanceSpecRunner.kt:51)
	at io.kotest.engine.test.scheduler.SequentialTestScheduler$schedule$3$1$1.invokeSuspend(SequentialTestScheduler.kt:20)
Caused by: java.lang.IllegalArgumentException: Could not load key: did:key:z6MkjzfpAXXhn34rGxMCm2qzExDZjXvAvnyUVCariyVCm9rE
	at id.walt.services.storeUmu.defaultSoreServiceUmu.load(defaultSoreServiceUmu.kt:139)
	at id.walt.services.storeUmu.KeyStoreServiceUmu.load(KeyStoreServiceUmu.kt:20)
	at id.walt.services.vc.WaltIdJsonLdCredentialService.verify(WaltIdJsonLdCredentialService.kt:287)
	at id.walt.services.vc.JsonLdCredentialService.verify(JsonLdCredentialService.kt:27)
	at id.walt.services.vc.WaltIdJsonLdCredentialServiceTest.genericSignVerify(WaltIdJsonLdCredentialServiceTest.kt:57)
	at id.walt.services.vc.WaltIdJsonLdCredentialServiceTest.signEuropass(WaltIdJsonLdCredentialServiceTest.kt:108)
	at java.base/java.lang.reflect.Method.invoke(Method.java:568)
	at kotlin.reflect.jvm.internal.calls.CallerImpl$Method.callMethod(CallerImpl.kt:97)
	at kotlin.reflect.jvm.internal.calls.CallerImpl$Method$Instance.call(CallerImpl.kt:113)
	at kotlin.reflect.jvm.internal.KCallableImpl.call(KCallableImpl.kt:107)
	at kotlin.reflect.full.KCallables.callSuspend(KCallables.kt:54)
	at io.kotest.core.spec.style.AnnotationSpec$callNotExpectingException$1.invokeSuspend(AnnotationSpec.kt:139)
	at io.kotest.core.spec.style.AnnotationSpec$callNotExpectingException$1.invoke(AnnotationSpec.kt)
	at io.kotest.core.spec.style.AnnotationSpec$callNotExpectingException$1.invoke(AnnotationSpec.kt)
	at io.kotest.engine.test.TestCaseExecutor$execute$innerExecute$1.invokeSuspend(TestCaseExecutor.kt:88)
	at io.kotest.engine.test.TestCaseExecutor$execute$innerExecute$1.invoke(TestCaseExecutor.kt)
	at io.kotest.engine.test.TestCaseExecutor$execute$innerExecute$1.invoke(TestCaseExecutor.kt)
	at io.kotest.engine.test.interceptors.CoroutineDebugProbeInterceptor.intercept(CoroutineDebugProbeInterceptor.kt:29)
	at io.kotest.engine.test.TestCaseExecutor$execute$3$1.invokeSuspend(TestCaseExecutor.kt:97)
	at io.kotest.engine.test.TestCaseExecutor$execute$3$1.invoke(TestCaseExecutor.kt)
	at io.kotest.engine.test.TestCaseExecutor$execute$3$1.invoke(TestCaseExecutor.kt)
	at io.kotest.engine.test.TestInvocationInterceptor$runBeforeTestAfter$executeWithBeforeAfter$1.invokeSuspend(TestInvocationInterceptor.kt:63)
	at io.kotest.engine.test.TestInvocationInterceptor$runBeforeTestAfter$executeWithBeforeAfter$1.invoke(TestInvocationInterceptor.kt)
	at io.kotest.engine.test.TestInvocationInterceptor$runBeforeTestAfter$executeWithBeforeAfter$1.invoke(TestInvocationInterceptor.kt)
	at io.kotest.engine.test.interceptors.InvocationTimeoutInterceptor$intercept$3.invokeSuspend(InvocationTimeoutInterceptor.kt:43)
	at io.kotest.engine.test.interceptors.InvocationTimeoutInterceptor$intercept$3.invoke(InvocationTimeoutInterceptor.kt)
	at io.kotest.engine.test.interceptors.InvocationTimeoutInterceptor$intercept$3.invoke(InvocationTimeoutInterceptor.kt)
	at kotlinx.coroutines.intrinsics.UndispatchedKt.startUndispatchedOrReturnIgnoreTimeout(Undispatched.kt:89)
	at kotlinx.coroutines.TimeoutKt.setupTimeout(Timeout.kt:151)
	at kotlinx.coroutines.TimeoutKt.withTimeoutOrNull(Timeout.kt:107)
	at io.kotest.engine.test.interceptors.InvocationTimeoutInterceptor.intercept(InvocationTimeoutInterceptor.kt:42)
	at io.kotest.engine.test.TestInvocationInterceptor$runBeforeTestAfter$wrappedTest$1$1.invokeSuspend(TestInvocationInterceptor.kt:70)
	at io.kotest.engine.test.TestInvocationInterceptor$runBeforeTestAfter$wrappedTest$1$1.invoke(TestInvocationInterceptor.kt)
	at io.kotest.engine.test.TestInvocationInterceptor$runBeforeTestAfter$wrappedTest$1$1.invoke(TestInvocationInterceptor.kt)
	at io.kotest.engine.test.TestInvocationInterceptor.runBeforeTestAfter(TestInvocationInterceptor.kt:73)
	at io.kotest.engine.test.TestInvocationInterceptor.access$runBeforeTestAfter(TestInvocationInterceptor.kt:14)
	at io.kotest.engine.test.TestInvocationInterceptor$intercept$2$1.invokeSuspend(TestInvocationInterceptor.kt:36)
	at io.kotest.engine.test.TestInvocationInterceptor$intercept$2$1.invoke(TestInvocationInterceptor.kt)
	at io.kotest.engine.test.TestInvocationInterceptor$intercept$2$1.invoke(TestInvocationInterceptor.kt)
	at io.kotest.mpp.ReplayKt.replay(replay.kt:15)
	at io.kotest.engine.test.TestInvocationInterceptor$intercept$2.invokeSuspend(TestInvocationInterceptor.kt:32)
	at io.kotest.engine.test.TestInvocationInterceptor$intercept$2.invoke(TestInvocationInterceptor.kt)
	at io.kotest.engine.test.TestInvocationInterceptor$intercept$2.invoke(TestInvocationInterceptor.kt)
	at kotlinx.coroutines.intrinsics.UndispatchedKt.startUndispatchedOrReturn(Undispatched.kt:78)
	at kotlinx.coroutines.CoroutineScopeKt.coroutineScope(CoroutineScope.kt:264)
	at io.kotest.engine.test.TestInvocationInterceptor.intercept(TestInvocationInterceptor.kt:31)
	at io.kotest.engine.test.TestCaseExecutor$execute$3$1.invokeSuspend(TestCaseExecutor.kt:97)
	at io.kotest.engine.test.TestCaseExecutor$execute$3$1.invoke(TestCaseExecutor.kt)
	at io.kotest.engine.test.TestCaseExecutor$execute$3$1.invoke(TestCaseExecutor.kt)
	at io.kotest.engine.test.interceptors.TimeoutInterceptor.intercept(TimeoutInterceptor.kt:33)
	at io.kotest.engine.test.TestCaseExecutor$execute$3$1.invokeSuspend(TestCaseExecutor.kt:97)
	at io.kotest.engine.test.TestCaseExecutor$execute$3$1.invoke(TestCaseExecutor.kt)
	at io.kotest.engine.test.TestCaseExecutor$execute$3$1.invoke(TestCaseExecutor.kt)
	at io.kotest.engine.test.interceptors.BlockedThreadTimeoutInterceptor.intercept(BlockedThreadTimeoutInterceptor.kt:74)
	at io.kotest.engine.test.TestCaseExecutor$execute$3$1.invokeSuspend(TestCaseExecutor.kt:97)
	at io.kotest.engine.test.TestCaseExecutor$execute$3$1.invoke(TestCaseExecutor.kt)
	at io.kotest.engine.test.TestCaseExecutor$execute$3$1.invoke(TestCaseExecutor.kt)
	at io.kotest.engine.test.interceptors.CoroutineLoggingInterceptor.intercept(CoroutineLoggingInterceptor.kt:30)
	at io.kotest.engine.test.TestCaseExecutor$execute$3$1.invokeSuspend(TestCaseExecutor.kt:97)
	at io.kotest.engine.test.TestCaseExecutor$execute$3$1.invoke(TestCaseExecutor.kt)
	at io.kotest.engine.test.TestCaseExecutor$execute$3$1.invoke(TestCaseExecutor.kt)
	at io.kotest.engine.test.interceptors.SoftAssertInterceptor.intercept(SoftAssertInterceptor.kt:27)
	at io.kotest.engine.test.TestCaseExecutor$execute$3$1.invokeSuspend(TestCaseExecutor.kt:97)
	at io.kotest.engine.test.TestCaseExecutor$execute$3$1.invoke(TestCaseExecutor.kt)
	at io.kotest.engine.test.TestCaseExecutor$execute$3$1.invoke(TestCaseExecutor.kt)
	at io.kotest.engine.test.interceptors.AssertionModeInterceptor.intercept(AssertionModeInterceptor.kt:25)
	at io.kotest.engine.test.TestCaseExecutor$execute$3$1.invokeSuspend(TestCaseExecutor.kt:97)
	at io.kotest.engine.test.TestCaseExecutor$execute$3$1.invoke(TestCaseExecutor.kt)
	at io.kotest.engine.test.TestCaseExecutor$execute$3$1.invoke(TestCaseExecutor.kt)
	at io.kotest.engine.test.interceptors.LifecycleInterceptor.intercept(LifecycleInterceptor.kt:51)
	at io.kotest.engine.test.TestCaseExecutor$execute$3$1.invokeSuspend(TestCaseExecutor.kt:97)
	at io.kotest.engine.test.TestCaseExecutor$execute$3$1.invoke(TestCaseExecutor.kt)
	at io.kotest.engine.test.TestCaseExecutor$execute$3$1.invoke(TestCaseExecutor.kt)
	at io.kotest.engine.test.interceptors.EnabledCheckInterceptor.intercept(EnabledCheckInterceptor.kt:31)
	at io.kotest.engine.test.TestCaseExecutor$execute$3$1.invokeSuspend(TestCaseExecutor.kt:97)
	at io.kotest.engine.test.TestCaseExecutor$execute$3$1.invoke(TestCaseExecutor.kt)
	at io.kotest.engine.test.TestCaseExecutor$execute$3$1.invoke(TestCaseExecutor.kt)
	at io.kotest.engine.test.interceptors.TestCaseExtensionInterceptor$intercept$2.invokeSuspend(TestCaseExtensionInterceptor.kt:24)
	at io.kotest.engine.test.interceptors.TestCaseExtensionInterceptor$intercept$2.invoke(TestCaseExtensionInterceptor.kt)
	at io.kotest.engine.test.interceptors.TestCaseExtensionInterceptor$intercept$2.invoke(TestCaseExtensionInterceptor.kt)
	at io.kotest.engine.test.TestExtensions.intercept(TestExtensions.kt:154)
	at io.kotest.engine.test.interceptors.TestCaseExtensionInterceptor.intercept(TestCaseExtensionInterceptor.kt:24)
	at io.kotest.engine.test.TestCaseExecutor$execute$3$1.invokeSuspend(TestCaseExecutor.kt:97)
	at io.kotest.engine.test.TestCaseExecutor$execute$3$1.invoke(TestCaseExecutor.kt)
	at io.kotest.engine.test.TestCaseExecutor$execute$3$1.invoke(TestCaseExecutor.kt)
	at io.kotest.engine.test.interceptors.CoroutineErrorCollectorInterceptor$intercept$3.invokeSuspend(CoroutineErrorCollectorInterceptor.kt:28)
	at io.kotest.engine.test.interceptors.CoroutineErrorCollectorInterceptor$intercept$3.invoke(CoroutineErrorCollectorInterceptor.kt)
	at io.kotest.engine.test.interceptors.CoroutineErrorCollectorInterceptor$intercept$3.invoke(CoroutineErrorCollectorInterceptor.kt)
	at kotlinx.coroutines.intrinsics.UndispatchedKt.startUndispatchedOrReturn(Undispatched.kt:78)
	at kotlinx.coroutines.BuildersKt__Builders_commonKt.withContext(Builders.common.kt:167)
	at kotlinx.coroutines.BuildersKt.withContext(Unknown Source)
	at io.kotest.engine.test.interceptors.CoroutineErrorCollectorInterceptor.intercept(CoroutineErrorCollectorInterceptor.kt:27)
	at io.kotest.engine.test.TestCaseExecutor$execute$3$1.invokeSuspend(TestCaseExecutor.kt:97)
	at io.kotest.engine.test.TestCaseExecutor$execute$3$1.invoke(TestCaseExecutor.kt)
	at io.kotest.engine.test.TestCaseExecutor$execute$3$1.invoke(TestCaseExecutor.kt)
	at io.kotest.engine.test.interceptors.CoroutineDispatcherFactoryInterceptor$intercept$4.invokeSuspend(coroutineDispatcherFactoryInterceptor.kt:57)
	at io.kotest.engine.test.interceptors.CoroutineDispatcherFactoryInterceptor$intercept$4.invoke(coroutineDispatcherFactoryInterceptor.kt)
	at io.kotest.engine.test.interceptors.CoroutineDispatcherFactoryInterceptor$intercept$4.invoke(coroutineDispatcherFactoryInterceptor.kt)
	at io.kotest.engine.concurrency.FixedThreadCoroutineDispatcherFactory$withDispatcher$4.invokeSuspend(FixedThreadCoroutineDispatcherFactory.kt:54)
	at kotlin.coroutines.jvm.internal.BaseContinuationImpl.resumeWith(ContinuationImpl.kt:33)
	at kotlinx.coroutines.DispatchedTask.run(DispatchedTask.kt:108)
	at java.base/java.util.concurrent.ThreadPoolExecutor.runWorker(ThreadPoolExecutor.java:1136)
	at java.base/java.util.concurrent.ThreadPoolExecutor$Worker.run(ThreadPoolExecutor.java:635)
	at java.base/java.lang.Thread.run(Thread.java:833)
</failure>
  </testcase>
  <testcase name="signEuropassCredentialTest" classname="id.walt.services.vc.WaltIdJsonLdCredentialServiceTest" time="0.011">
    <failure message="java.lang.IllegalArgumentException: Could not load key: did:key:z6MkjzfpAXXhn34rGxMCm2qzExDZjXvAvnyUVCariyVCm9rE" type="java.lang.IllegalArgumentException">java.lang.IllegalArgumentException: Could not load key: did:key:z6MkjzfpAXXhn34rGxMCm2qzExDZjXvAvnyUVCariyVCm9rE
	at id.walt.services.storeUmu.defaultSoreServiceUmu.load(defaultSoreServiceUmu.kt:139)
	at id.walt.services.storeUmu.KeyStoreServiceUmu.load(KeyStoreServiceUmu.kt:20)
	at id.walt.services.vc.WaltIdJsonLdCredentialService.verify(WaltIdJsonLdCredentialService.kt:287)
	at id.walt.services.vc.JsonLdCredentialService.verify(JsonLdCredentialService.kt:27)
	at id.walt.services.vc.WaltIdJsonLdCredentialServiceTest.signEuropassCredentialTest(WaltIdJsonLdCredentialServiceTest.kt:208)
	at java.base/java.lang.reflect.Method.invoke(Method.java:568)
	at kotlin.reflect.jvm.internal.calls.CallerImpl$Method.callMethod(CallerImpl.kt:97)
	at kotlin.reflect.jvm.internal.calls.CallerImpl$Method$Instance.call(CallerImpl.kt:113)
	at kotlin.reflect.jvm.internal.KCallableImpl.call(KCallableImpl.kt:107)
	at kotlin.reflect.full.KCallables.callSuspend(KCallables.kt:54)
	at io.kotest.core.spec.style.AnnotationSpec$callNotExpectingException$1.invokeSuspend(AnnotationSpec.kt:139)
	at io.kotest.core.spec.style.AnnotationSpec$callNotExpectingException$1.invoke(AnnotationSpec.kt)
	at io.kotest.core.spec.style.AnnotationSpec$callNotExpectingException$1.invoke(AnnotationSpec.kt)
	at io.kotest.engine.test.TestCaseExecutor$execute$innerExecute$1.invokeSuspend(TestCaseExecutor.kt:88)
	at io.kotest.engine.test.TestCaseExecutor$execute$innerExecute$1.invoke(TestCaseExecutor.kt)
	at io.kotest.engine.test.TestCaseExecutor$execute$innerExecute$1.invoke(TestCaseExecutor.kt)
	at io.kotest.engine.test.interceptors.CoroutineDebugProbeInterceptor.intercept(CoroutineDebugProbeInterceptor.kt:29)
	at io.kotest.engine.test.TestCaseExecutor$execute$3$1.invokeSuspend(TestCaseExecutor.kt:97)
	at io.kotest.engine.test.TestCaseExecutor$execute$3$1.invoke(TestCaseExecutor.kt)
	at io.kotest.engine.test.TestCaseExecutor$execute$3$1.invoke(TestCaseExecutor.kt)
	at io.kotest.engine.test.TestInvocationInterceptor$runBeforeTestAfter$executeWithBeforeAfter$1.invokeSuspend(TestInvocationInterceptor.kt:63)
	at io.kotest.engine.test.TestInvocationInterceptor$runBeforeTestAfter$executeWithBeforeAfter$1.invoke(TestInvocationInterceptor.kt)
	at io.kotest.engine.test.TestInvocationInterceptor$runBeforeTestAfter$executeWithBeforeAfter$1.invoke(TestInvocationInterceptor.kt)
	at io.kotest.engine.test.interceptors.InvocationTimeoutInterceptor$intercept$3.invokeSuspend(InvocationTimeoutInterceptor.kt:43)
	at io.kotest.engine.test.interceptors.InvocationTimeoutInterceptor$intercept$3.invoke(InvocationTimeoutInterceptor.kt)
	at io.kotest.engine.test.interceptors.InvocationTimeoutInterceptor$intercept$3.invoke(InvocationTimeoutInterceptor.kt)
	at kotlinx.coroutines.intrinsics.UndispatchedKt.startUndispatchedOrReturnIgnoreTimeout(Undispatched.kt:89)
	at kotlinx.coroutines.TimeoutKt.setupTimeout(Timeout.kt:151)
	at kotlinx.coroutines.TimeoutKt.withTimeoutOrNull(Timeout.kt:107)
	at io.kotest.engine.test.interceptors.InvocationTimeoutInterceptor.intercept(InvocationTimeoutInterceptor.kt:42)
	at io.kotest.engine.test.TestInvocationInterceptor$runBeforeTestAfter$wrappedTest$1$1.invokeSuspend(TestInvocationInterceptor.kt:70)
	at io.kotest.engine.test.TestInvocationInterceptor$runBeforeTestAfter$wrappedTest$1$1.invoke(TestInvocationInterceptor.kt)
	at io.kotest.engine.test.TestInvocationInterceptor$runBeforeTestAfter$wrappedTest$1$1.invoke(TestInvocationInterceptor.kt)
	at io.kotest.engine.test.TestInvocationInterceptor.runBeforeTestAfter(TestInvocationInterceptor.kt:73)
	at io.kotest.engine.test.TestInvocationInterceptor.access$runBeforeTestAfter(TestInvocationInterceptor.kt:14)
	at io.kotest.engine.test.TestInvocationInterceptor$intercept$2$1.invokeSuspend(TestInvocationInterceptor.kt:36)
	at io.kotest.engine.test.TestInvocationInterceptor$intercept$2$1.invoke(TestInvocationInterceptor.kt)
	at io.kotest.engine.test.TestInvocationInterceptor$intercept$2$1.invoke(TestInvocationInterceptor.kt)
	at io.kotest.mpp.ReplayKt.replay(replay.kt:15)
	at io.kotest.engine.test.TestInvocationInterceptor$intercept$2.invokeSuspend(TestInvocationInterceptor.kt:32)
	at io.kotest.engine.test.TestInvocationInterceptor$intercept$2.invoke(TestInvocationInterceptor.kt)
	at io.kotest.engine.test.TestInvocationInterceptor$intercept$2.invoke(TestInvocationInterceptor.kt)
	at kotlinx.coroutines.intrinsics.UndispatchedKt.startUndispatchedOrReturn(Undispatched.kt:78)
	at kotlinx.coroutines.CoroutineScopeKt.coroutineScope(CoroutineScope.kt:264)
	at io.kotest.engine.test.TestInvocationInterceptor.intercept(TestInvocationInterceptor.kt:31)
	at io.kotest.engine.test.TestCaseExecutor$execute$3$1.invokeSuspend(TestCaseExecutor.kt:97)
	at io.kotest.engine.test.TestCaseExecutor$execute$3$1.invoke(TestCaseExecutor.kt)
	at io.kotest.engine.test.TestCaseExecutor$execute$3$1.invoke(TestCaseExecutor.kt)
	at io.kotest.engine.test.interceptors.TimeoutInterceptor.intercept(TimeoutInterceptor.kt:33)
	at io.kotest.engine.test.TestCaseExecutor$execute$3$1.invokeSuspend(TestCaseExecutor.kt:97)
	at io.kotest.engine.test.TestCaseExecutor$execute$3$1.invoke(TestCaseExecutor.kt)
	at io.kotest.engine.test.TestCaseExecutor$execute$3$1.invoke(TestCaseExecutor.kt)
	at io.kotest.engine.test.interceptors.BlockedThreadTimeoutInterceptor.intercept(BlockedThreadTimeoutInterceptor.kt:74)
	at io.kotest.engine.test.TestCaseExecutor$execute$3$1.invokeSuspend(TestCaseExecutor.kt:97)
	at io.kotest.engine.test.TestCaseExecutor$execute$3$1.invoke(TestCaseExecutor.kt)
	at io.kotest.engine.test.TestCaseExecutor$execute$3$1.invoke(TestCaseExecutor.kt)
	at io.kotest.engine.test.interceptors.CoroutineLoggingInterceptor.intercept(CoroutineLoggingInterceptor.kt:30)
	at io.kotest.engine.test.TestCaseExecutor$execute$3$1.invokeSuspend(TestCaseExecutor.kt:97)
	at io.kotest.engine.test.TestCaseExecutor$execute$3$1.invoke(TestCaseExecutor.kt)
	at io.kotest.engine.test.TestCaseExecutor$execute$3$1.invoke(TestCaseExecutor.kt)
	at io.kotest.engine.test.interceptors.SoftAssertInterceptor.intercept(SoftAssertInterceptor.kt:27)
	at io.kotest.engine.test.TestCaseExecutor$execute$3$1.invokeSuspend(TestCaseExecutor.kt:97)
	at io.kotest.engine.test.TestCaseExecutor$execute$3$1.invoke(TestCaseExecutor.kt)
	at io.kotest.engine.test.TestCaseExecutor$execute$3$1.invoke(TestCaseExecutor.kt)
	at io.kotest.engine.test.interceptors.AssertionModeInterceptor.intercept(AssertionModeInterceptor.kt:25)
	at io.kotest.engine.test.TestCaseExecutor$execute$3$1.invokeSuspend(TestCaseExecutor.kt:97)
	at io.kotest.engine.test.TestCaseExecutor$execute$3$1.invoke(TestCaseExecutor.kt)
	at io.kotest.engine.test.TestCaseExecutor$execute$3$1.invoke(TestCaseExecutor.kt)
	at io.kotest.engine.test.interceptors.LifecycleInterceptor.intercept(LifecycleInterceptor.kt:51)
	at io.kotest.engine.test.TestCaseExecutor$execute$3$1.invokeSuspend(TestCaseExecutor.kt:97)
	at io.kotest.engine.test.TestCaseExecutor$execute$3$1.invoke(TestCaseExecutor.kt)
	at io.kotest.engine.test.TestCaseExecutor$execute$3$1.invoke(TestCaseExecutor.kt)
	at io.kotest.engine.test.interceptors.EnabledCheckInterceptor.intercept(EnabledCheckInterceptor.kt:31)
	at io.kotest.engine.test.TestCaseExecutor$execute$3$1.invokeSuspend(TestCaseExecutor.kt:97)
	at io.kotest.engine.test.TestCaseExecutor$execute$3$1.invoke(TestCaseExecutor.kt)
	at io.kotest.engine.test.TestCaseExecutor$execute$3$1.invoke(TestCaseExecutor.kt)
	at io.kotest.engine.test.interceptors.TestCaseExtensionInterceptor$intercept$2.invokeSuspend(TestCaseExtensionInterceptor.kt:24)
	at io.kotest.engine.test.interceptors.TestCaseExtensionInterceptor$intercept$2.invoke(TestCaseExtensionInterceptor.kt)
	at io.kotest.engine.test.interceptors.TestCaseExtensionInterceptor$intercept$2.invoke(TestCaseExtensionInterceptor.kt)
	at io.kotest.engine.test.TestExtensions.intercept(TestExtensions.kt:154)
	at io.kotest.engine.test.interceptors.TestCaseExtensionInterceptor.intercept(TestCaseExtensionInterceptor.kt:24)
	at io.kotest.engine.test.TestCaseExecutor$execute$3$1.invokeSuspend(TestCaseExecutor.kt:97)
	at io.kotest.engine.test.TestCaseExecutor$execute$3$1.invoke(TestCaseExecutor.kt)
	at io.kotest.engine.test.TestCaseExecutor$execute$3$1.invoke(TestCaseExecutor.kt)
	at io.kotest.engine.test.interceptors.CoroutineErrorCollectorInterceptor$intercept$3.invokeSuspend(CoroutineErrorCollectorInterceptor.kt:28)
	at io.kotest.engine.test.interceptors.CoroutineErrorCollectorInterceptor$intercept$3.invoke(CoroutineErrorCollectorInterceptor.kt)
	at io.kotest.engine.test.interceptors.CoroutineErrorCollectorInterceptor$intercept$3.invoke(CoroutineErrorCollectorInterceptor.kt)
	at kotlinx.coroutines.intrinsics.UndispatchedKt.startUndispatchedOrReturn(Undispatched.kt:78)
	at kotlinx.coroutines.BuildersKt__Builders_commonKt.withContext(Builders.common.kt:167)
	at kotlinx.coroutines.BuildersKt.withContext(Unknown Source)
	at io.kotest.engine.test.interceptors.CoroutineErrorCollectorInterceptor.intercept(CoroutineErrorCollectorInterceptor.kt:27)
	at io.kotest.engine.test.TestCaseExecutor$execute$3$1.invokeSuspend(TestCaseExecutor.kt:97)
	at io.kotest.engine.test.TestCaseExecutor$execute$3$1.invoke(TestCaseExecutor.kt)
	at io.kotest.engine.test.TestCaseExecutor$execute$3$1.invoke(TestCaseExecutor.kt)
	at io.kotest.engine.test.interceptors.CoroutineDispatcherFactoryInterceptor$intercept$4.invokeSuspend(coroutineDispatcherFactoryInterceptor.kt:57)
	at io.kotest.engine.test.interceptors.CoroutineDispatcherFactoryInterceptor$intercept$4.invoke(coroutineDispatcherFactoryInterceptor.kt)
	at io.kotest.engine.test.interceptors.CoroutineDispatcherFactoryInterceptor$intercept$4.invoke(coroutineDispatcherFactoryInterceptor.kt)
	at io.kotest.engine.concurrency.FixedThreadCoroutineDispatcherFactory$withDispatcher$4.invokeSuspend(FixedThreadCoroutineDispatcherFactory.kt:54)
	at _COROUTINE._BOUNDARY._(CoroutineDebugging.kt:46)
	at kotlinx.coroutines.TimeoutKt.withTimeoutOrNull(Timeout.kt:104)
	at io.kotest.engine.test.interceptors.InvocationTimeoutInterceptor.intercept(InvocationTimeoutInterceptor.kt:42)
	at io.kotest.engine.test.TestInvocationInterceptor$runBeforeTestAfter$wrappedTest$1$1.invokeSuspend(TestInvocationInterceptor.kt:70)
	at io.kotest.engine.test.TestInvocationInterceptor$intercept$2$1.invokeSuspend(TestInvocationInterceptor.kt:36)
	at io.kotest.mpp.ReplayKt.replay(replay.kt:15)
	at io.kotest.engine.test.TestInvocationInterceptor$intercept$2.invokeSuspend(TestInvocationInterceptor.kt:32)
	at io.kotest.engine.test.TestInvocationInterceptor.intercept(TestInvocationInterceptor.kt:31)
	at io.kotest.engine.test.TestCaseExecutor$execute$3$1.invokeSuspend(TestCaseExecutor.kt:97)
	at io.kotest.engine.test.interceptors.TimeoutInterceptor.intercept(TimeoutInterceptor.kt:33)
	at io.kotest.engine.test.TestCaseExecutor$execute$3$1.invokeSuspend(TestCaseExecutor.kt:97)
	at io.kotest.engine.test.interceptors.BlockedThreadTimeoutInterceptor.intercept(BlockedThreadTimeoutInterceptor.kt:74)
	at io.kotest.engine.test.TestCaseExecutor$execute$3$1.invokeSuspend(TestCaseExecutor.kt:97)
	at io.kotest.engine.test.interceptors.CoroutineLoggingInterceptor.intercept(CoroutineLoggingInterceptor.kt:30)
	at io.kotest.engine.test.TestCaseExecutor$execute$3$1.invokeSuspend(TestCaseExecutor.kt:97)
	at io.kotest.engine.test.interceptors.SoftAssertInterceptor.intercept(SoftAssertInterceptor.kt:27)
	at io.kotest.engine.test.TestCaseExecutor$execute$3$1.invokeSuspend(TestCaseExecutor.kt:97)
	at io.kotest.engine.test.interceptors.AssertionModeInterceptor.intercept(AssertionModeInterceptor.kt:25)
	at io.kotest.engine.test.TestCaseExecutor$execute$3$1.invokeSuspend(TestCaseExecutor.kt:97)
	at io.kotest.engine.test.interceptors.LifecycleInterceptor.intercept(LifecycleInterceptor.kt:51)
	at io.kotest.engine.test.TestCaseExecutor$execute$3$1.invokeSuspend(TestCaseExecutor.kt:97)
	at io.kotest.engine.test.interceptors.EnabledCheckInterceptor.intercept(EnabledCheckInterceptor.kt:31)
	at io.kotest.engine.test.TestCaseExecutor$execute$3$1.invokeSuspend(TestCaseExecutor.kt:97)
	at io.kotest.engine.test.interceptors.TestCaseExtensionInterceptor$intercept$2.invokeSuspend(TestCaseExtensionInterceptor.kt:24)
	at io.kotest.engine.test.TestCaseExecutor$execute$3$1.invokeSuspend(TestCaseExecutor.kt:97)
	at io.kotest.engine.test.interceptors.CoroutineErrorCollectorInterceptor$intercept$3.invokeSuspend(CoroutineErrorCollectorInterceptor.kt:28)
	at io.kotest.engine.test.TestCaseExecutor$execute$3$1.invokeSuspend(TestCaseExecutor.kt:97)
	at io.kotest.engine.test.interceptors.CoroutineDispatcherFactoryInterceptor$intercept$4.invokeSuspend(coroutineDispatcherFactoryInterceptor.kt:57)
	at io.kotest.engine.concurrency.FixedThreadCoroutineDispatcherFactory$withDispatcher$4.invokeSuspend(FixedThreadCoroutineDispatcherFactory.kt:54)
	at io.kotest.engine.test.TestCaseExecutor$execute$3$1.invokeSuspend(TestCaseExecutor.kt:97)
	at io.kotest.engine.test.interceptors.SupervisorScopeInterceptor$intercept$2.invokeSuspend(SupervisorScopeInterceptor.kt:23)
	at io.kotest.engine.test.TestCaseExecutor$execute$3$1.invokeSuspend(TestCaseExecutor.kt:97)
	at io.kotest.engine.test.TestCaseExecutor$execute$3$1.invokeSuspend(TestCaseExecutor.kt:97)
	at io.kotest.engine.test.interceptors.TestFinishedInterceptor.intercept(TestFinishedInterceptor.kt:21)
	at io.kotest.engine.test.TestCaseExecutor$execute$3$1.invokeSuspend(TestCaseExecutor.kt:97)
	at io.kotest.engine.test.interceptors.TestNameContextInterceptor$intercept$2.invokeSuspend(TestPathContextInterceptor.kt:35)
	at io.kotest.engine.test.TestCaseExecutor$execute$3$1.invokeSuspend(TestCaseExecutor.kt:97)
	at io.kotest.engine.test.interceptors.TestPathContextInterceptor$intercept$2.invokeSuspend(TestPathContextInterceptor.kt:20)
	at io.kotest.engine.test.TestCaseExecutor$execute$3$1.invokeSuspend(TestCaseExecutor.kt:97)
	at io.kotest.engine.spec.runners.SingleInstanceSpecRunner.runTest(SingleInstanceSpecRunner.kt:121)
	at io.kotest.engine.spec.runners.SingleInstanceSpecRunner$execute$interceptAndRun$2$1.invokeSuspend(SingleInstanceSpecRunner.kt:51)
	at io.kotest.engine.test.scheduler.SequentialTestScheduler$schedule$3$1$1.invokeSuspend(SequentialTestScheduler.kt:20)
Caused by: java.lang.IllegalArgumentException: Could not load key: did:key:z6MkjzfpAXXhn34rGxMCm2qzExDZjXvAvnyUVCariyVCm9rE
	at id.walt.services.storeUmu.defaultSoreServiceUmu.load(defaultSoreServiceUmu.kt:139)
	at id.walt.services.storeUmu.KeyStoreServiceUmu.load(KeyStoreServiceUmu.kt:20)
	at id.walt.services.vc.WaltIdJsonLdCredentialService.verify(WaltIdJsonLdCredentialService.kt:287)
	at id.walt.services.vc.JsonLdCredentialService.verify(JsonLdCredentialService.kt:27)
	at id.walt.services.vc.WaltIdJsonLdCredentialServiceTest.signEuropassCredentialTest(WaltIdJsonLdCredentialServiceTest.kt:208)
	at java.base/java.lang.reflect.Method.invoke(Method.java:568)
	at kotlin.reflect.jvm.internal.calls.CallerImpl$Method.callMethod(CallerImpl.kt:97)
	at kotlin.reflect.jvm.internal.calls.CallerImpl$Method$Instance.call(CallerImpl.kt:113)
	at kotlin.reflect.jvm.internal.KCallableImpl.call(KCallableImpl.kt:107)
	at kotlin.reflect.full.KCallables.callSuspend(KCallables.kt:54)
	at io.kotest.core.spec.style.AnnotationSpec$callNotExpectingException$1.invokeSuspend(AnnotationSpec.kt:139)
	at io.kotest.core.spec.style.AnnotationSpec$callNotExpectingException$1.invoke(AnnotationSpec.kt)
	at io.kotest.core.spec.style.AnnotationSpec$callNotExpectingException$1.invoke(AnnotationSpec.kt)
	at io.kotest.engine.test.TestCaseExecutor$execute$innerExecute$1.invokeSuspend(TestCaseExecutor.kt:88)
	at io.kotest.engine.test.TestCaseExecutor$execute$innerExecute$1.invoke(TestCaseExecutor.kt)
	at io.kotest.engine.test.TestCaseExecutor$execute$innerExecute$1.invoke(TestCaseExecutor.kt)
	at io.kotest.engine.test.interceptors.CoroutineDebugProbeInterceptor.intercept(CoroutineDebugProbeInterceptor.kt:29)
	at io.kotest.engine.test.TestCaseExecutor$execute$3$1.invokeSuspend(TestCaseExecutor.kt:97)
	at io.kotest.engine.test.TestCaseExecutor$execute$3$1.invoke(TestCaseExecutor.kt)
	at io.kotest.engine.test.TestCaseExecutor$execute$3$1.invoke(TestCaseExecutor.kt)
	at io.kotest.engine.test.TestInvocationInterceptor$runBeforeTestAfter$executeWithBeforeAfter$1.invokeSuspend(TestInvocationInterceptor.kt:63)
	at io.kotest.engine.test.TestInvocationInterceptor$runBeforeTestAfter$executeWithBeforeAfter$1.invoke(TestInvocationInterceptor.kt)
	at io.kotest.engine.test.TestInvocationInterceptor$runBeforeTestAfter$executeWithBeforeAfter$1.invoke(TestInvocationInterceptor.kt)
	at io.kotest.engine.test.interceptors.InvocationTimeoutInterceptor$intercept$3.invokeSuspend(InvocationTimeoutInterceptor.kt:43)
	at io.kotest.engine.test.interceptors.InvocationTimeoutInterceptor$intercept$3.invoke(InvocationTimeoutInterceptor.kt)
	at io.kotest.engine.test.interceptors.InvocationTimeoutInterceptor$intercept$3.invoke(InvocationTimeoutInterceptor.kt)
	at kotlinx.coroutines.intrinsics.UndispatchedKt.startUndispatchedOrReturnIgnoreTimeout(Undispatched.kt:89)
	at kotlinx.coroutines.TimeoutKt.setupTimeout(Timeout.kt:151)
	at kotlinx.coroutines.TimeoutKt.withTimeoutOrNull(Timeout.kt:107)
	at io.kotest.engine.test.interceptors.InvocationTimeoutInterceptor.intercept(InvocationTimeoutInterceptor.kt:42)
	at io.kotest.engine.test.TestInvocationInterceptor$runBeforeTestAfter$wrappedTest$1$1.invokeSuspend(TestInvocationInterceptor.kt:70)
	at io.kotest.engine.test.TestInvocationInterceptor$runBeforeTestAfter$wrappedTest$1$1.invoke(TestInvocationInterceptor.kt)
	at io.kotest.engine.test.TestInvocationInterceptor$runBeforeTestAfter$wrappedTest$1$1.invoke(TestInvocationInterceptor.kt)
	at io.kotest.engine.test.TestInvocationInterceptor.runBeforeTestAfter(TestInvocationInterceptor.kt:73)
	at io.kotest.engine.test.TestInvocationInterceptor.access$runBeforeTestAfter(TestInvocationInterceptor.kt:14)
	at io.kotest.engine.test.TestInvocationInterceptor$intercept$2$1.invokeSuspend(TestInvocationInterceptor.kt:36)
	at io.kotest.engine.test.TestInvocationInterceptor$intercept$2$1.invoke(TestInvocationInterceptor.kt)
	at io.kotest.engine.test.TestInvocationInterceptor$intercept$2$1.invoke(TestInvocationInterceptor.kt)
	at io.kotest.mpp.ReplayKt.replay(replay.kt:15)
	at io.kotest.engine.test.TestInvocationInterceptor$intercept$2.invokeSuspend(TestInvocationInterceptor.kt:32)
	at io.kotest.engine.test.TestInvocationInterceptor$intercept$2.invoke(TestInvocationInterceptor.kt)
	at io.kotest.engine.test.TestInvocationInterceptor$intercept$2.invoke(TestInvocationInterceptor.kt)
	at kotlinx.coroutines.intrinsics.UndispatchedKt.startUndispatchedOrReturn(Undispatched.kt:78)
	at kotlinx.coroutines.CoroutineScopeKt.coroutineScope(CoroutineScope.kt:264)
	at io.kotest.engine.test.TestInvocationInterceptor.intercept(TestInvocationInterceptor.kt:31)
	at io.kotest.engine.test.TestCaseExecutor$execute$3$1.invokeSuspend(TestCaseExecutor.kt:97)
	at io.kotest.engine.test.TestCaseExecutor$execute$3$1.invoke(TestCaseExecutor.kt)
	at io.kotest.engine.test.TestCaseExecutor$execute$3$1.invoke(TestCaseExecutor.kt)
	at io.kotest.engine.test.interceptors.TimeoutInterceptor.intercept(TimeoutInterceptor.kt:33)
	at io.kotest.engine.test.TestCaseExecutor$execute$3$1.invokeSuspend(TestCaseExecutor.kt:97)
	at io.kotest.engine.test.TestCaseExecutor$execute$3$1.invoke(TestCaseExecutor.kt)
	at io.kotest.engine.test.TestCaseExecutor$execute$3$1.invoke(TestCaseExecutor.kt)
	at io.kotest.engine.test.interceptors.BlockedThreadTimeoutInterceptor.intercept(BlockedThreadTimeoutInterceptor.kt:74)
	at io.kotest.engine.test.TestCaseExecutor$execute$3$1.invokeSuspend(TestCaseExecutor.kt:97)
	at io.kotest.engine.test.TestCaseExecutor$execute$3$1.invoke(TestCaseExecutor.kt)
	at io.kotest.engine.test.TestCaseExecutor$execute$3$1.invoke(TestCaseExecutor.kt)
	at io.kotest.engine.test.interceptors.CoroutineLoggingInterceptor.intercept(CoroutineLoggingInterceptor.kt:30)
	at io.kotest.engine.test.TestCaseExecutor$execute$3$1.invokeSuspend(TestCaseExecutor.kt:97)
	at io.kotest.engine.test.TestCaseExecutor$execute$3$1.invoke(TestCaseExecutor.kt)
	at io.kotest.engine.test.TestCaseExecutor$execute$3$1.invoke(TestCaseExecutor.kt)
	at io.kotest.engine.test.interceptors.SoftAssertInterceptor.intercept(SoftAssertInterceptor.kt:27)
	at io.kotest.engine.test.TestCaseExecutor$execute$3$1.invokeSuspend(TestCaseExecutor.kt:97)
	at io.kotest.engine.test.TestCaseExecutor$execute$3$1.invoke(TestCaseExecutor.kt)
	at io.kotest.engine.test.TestCaseExecutor$execute$3$1.invoke(TestCaseExecutor.kt)
	at io.kotest.engine.test.interceptors.AssertionModeInterceptor.intercept(AssertionModeInterceptor.kt:25)
	at io.kotest.engine.test.TestCaseExecutor$execute$3$1.invokeSuspend(TestCaseExecutor.kt:97)
	at io.kotest.engine.test.TestCaseExecutor$execute$3$1.invoke(TestCaseExecutor.kt)
	at io.kotest.engine.test.TestCaseExecutor$execute$3$1.invoke(TestCaseExecutor.kt)
	at io.kotest.engine.test.interceptors.LifecycleInterceptor.intercept(LifecycleInterceptor.kt:51)
	at io.kotest.engine.test.TestCaseExecutor$execute$3$1.invokeSuspend(TestCaseExecutor.kt:97)
	at io.kotest.engine.test.TestCaseExecutor$execute$3$1.invoke(TestCaseExecutor.kt)
	at io.kotest.engine.test.TestCaseExecutor$execute$3$1.invoke(TestCaseExecutor.kt)
	at io.kotest.engine.test.interceptors.EnabledCheckInterceptor.intercept(EnabledCheckInterceptor.kt:31)
	at io.kotest.engine.test.TestCaseExecutor$execute$3$1.invokeSuspend(TestCaseExecutor.kt:97)
	at io.kotest.engine.test.TestCaseExecutor$execute$3$1.invoke(TestCaseExecutor.kt)
	at io.kotest.engine.test.TestCaseExecutor$execute$3$1.invoke(TestCaseExecutor.kt)
	at io.kotest.engine.test.interceptors.TestCaseExtensionInterceptor$intercept$2.invokeSuspend(TestCaseExtensionInterceptor.kt:24)
	at io.kotest.engine.test.interceptors.TestCaseExtensionInterceptor$intercept$2.invoke(TestCaseExtensionInterceptor.kt)
	at io.kotest.engine.test.interceptors.TestCaseExtensionInterceptor$intercept$2.invoke(TestCaseExtensionInterceptor.kt)
	at io.kotest.engine.test.TestExtensions.intercept(TestExtensions.kt:154)
	at io.kotest.engine.test.interceptors.TestCaseExtensionInterceptor.intercept(TestCaseExtensionInterceptor.kt:24)
	at io.kotest.engine.test.TestCaseExecutor$execute$3$1.invokeSuspend(TestCaseExecutor.kt:97)
	at io.kotest.engine.test.TestCaseExecutor$execute$3$1.invoke(TestCaseExecutor.kt)
	at io.kotest.engine.test.TestCaseExecutor$execute$3$1.invoke(TestCaseExecutor.kt)
	at io.kotest.engine.test.interceptors.CoroutineErrorCollectorInterceptor$intercept$3.invokeSuspend(CoroutineErrorCollectorInterceptor.kt:28)
	at io.kotest.engine.test.interceptors.CoroutineErrorCollectorInterceptor$intercept$3.invoke(CoroutineErrorCollectorInterceptor.kt)
	at io.kotest.engine.test.interceptors.CoroutineErrorCollectorInterceptor$intercept$3.invoke(CoroutineErrorCollectorInterceptor.kt)
	at kotlinx.coroutines.intrinsics.UndispatchedKt.startUndispatchedOrReturn(Undispatched.kt:78)
	at kotlinx.coroutines.BuildersKt__Builders_commonKt.withContext(Builders.common.kt:167)
	at kotlinx.coroutines.BuildersKt.withContext(Unknown Source)
	at io.kotest.engine.test.interceptors.CoroutineErrorCollectorInterceptor.intercept(CoroutineErrorCollectorInterceptor.kt:27)
	at io.kotest.engine.test.TestCaseExecutor$execute$3$1.invokeSuspend(TestCaseExecutor.kt:97)
	at io.kotest.engine.test.TestCaseExecutor$execute$3$1.invoke(TestCaseExecutor.kt)
	at io.kotest.engine.test.TestCaseExecutor$execute$3$1.invoke(TestCaseExecutor.kt)
	at io.kotest.engine.test.interceptors.CoroutineDispatcherFactoryInterceptor$intercept$4.invokeSuspend(coroutineDispatcherFactoryInterceptor.kt:57)
	at io.kotest.engine.test.interceptors.CoroutineDispatcherFactoryInterceptor$intercept$4.invoke(coroutineDispatcherFactoryInterceptor.kt)
	at io.kotest.engine.test.interceptors.CoroutineDispatcherFactoryInterceptor$intercept$4.invoke(coroutineDispatcherFactoryInterceptor.kt)
	at io.kotest.engine.concurrency.FixedThreadCoroutineDispatcherFactory$withDispatcher$4.invokeSuspend(FixedThreadCoroutineDispatcherFactory.kt:54)
	at kotlin.coroutines.jvm.internal.BaseContinuationImpl.resumeWith(ContinuationImpl.kt:33)
	at kotlinx.coroutines.DispatchedTask.run(DispatchedTask.kt:108)
	at java.base/java.util.concurrent.ThreadPoolExecutor.runWorker(ThreadPoolExecutor.java:1136)
	at java.base/java.util.concurrent.ThreadPoolExecutor$Worker.run(ThreadPoolExecutor.java:635)
	at java.base/java.lang.Thread.run(Thread.java:833)
</failure>
  </testcase>
  <testcase name="signPermanentResidentCard" classname="id.walt.services.vc.WaltIdJsonLdCredentialServiceTest" time="0.011">
    <failure message="java.lang.IllegalArgumentException: Could not load key: did:key:z6MkjzfpAXXhn34rGxMCm2qzExDZjXvAvnyUVCariyVCm9rE" type="java.lang.IllegalArgumentException">java.lang.IllegalArgumentException: Could not load key: did:key:z6MkjzfpAXXhn34rGxMCm2qzExDZjXvAvnyUVCariyVCm9rE
	at id.walt.services.storeUmu.defaultSoreServiceUmu.load(defaultSoreServiceUmu.kt:139)
	at id.walt.services.storeUmu.KeyStoreServiceUmu.load(KeyStoreServiceUmu.kt:20)
	at id.walt.services.vc.WaltIdJsonLdCredentialService.verify(WaltIdJsonLdCredentialService.kt:287)
	at id.walt.services.vc.JsonLdCredentialService.verify(JsonLdCredentialService.kt:27)
	at id.walt.services.vc.WaltIdJsonLdCredentialServiceTest.genericSignVerify(WaltIdJsonLdCredentialServiceTest.kt:57)
	at id.walt.services.vc.WaltIdJsonLdCredentialServiceTest.signPermanentResidentCard(WaltIdJsonLdCredentialServiceTest.kt:122)
	at java.base/java.lang.reflect.Method.invoke(Method.java:568)
	at kotlin.reflect.jvm.internal.calls.CallerImpl$Method.callMethod(CallerImpl.kt:97)
	at kotlin.reflect.jvm.internal.calls.CallerImpl$Method$Instance.call(CallerImpl.kt:113)
	at kotlin.reflect.jvm.internal.KCallableImpl.call(KCallableImpl.kt:107)
	at kotlin.reflect.full.KCallables.callSuspend(KCallables.kt:54)
	at io.kotest.core.spec.style.AnnotationSpec$callNotExpectingException$1.invokeSuspend(AnnotationSpec.kt:139)
	at io.kotest.core.spec.style.AnnotationSpec$callNotExpectingException$1.invoke(AnnotationSpec.kt)
	at io.kotest.core.spec.style.AnnotationSpec$callNotExpectingException$1.invoke(AnnotationSpec.kt)
	at io.kotest.engine.test.TestCaseExecutor$execute$innerExecute$1.invokeSuspend(TestCaseExecutor.kt:88)
	at io.kotest.engine.test.TestCaseExecutor$execute$innerExecute$1.invoke(TestCaseExecutor.kt)
	at io.kotest.engine.test.TestCaseExecutor$execute$innerExecute$1.invoke(TestCaseExecutor.kt)
	at io.kotest.engine.test.interceptors.CoroutineDebugProbeInterceptor.intercept(CoroutineDebugProbeInterceptor.kt:29)
	at io.kotest.engine.test.TestCaseExecutor$execute$3$1.invokeSuspend(TestCaseExecutor.kt:97)
	at io.kotest.engine.test.TestCaseExecutor$execute$3$1.invoke(TestCaseExecutor.kt)
	at io.kotest.engine.test.TestCaseExecutor$execute$3$1.invoke(TestCaseExecutor.kt)
	at io.kotest.engine.test.TestInvocationInterceptor$runBeforeTestAfter$executeWithBeforeAfter$1.invokeSuspend(TestInvocationInterceptor.kt:63)
	at io.kotest.engine.test.TestInvocationInterceptor$runBeforeTestAfter$executeWithBeforeAfter$1.invoke(TestInvocationInterceptor.kt)
	at io.kotest.engine.test.TestInvocationInterceptor$runBeforeTestAfter$executeWithBeforeAfter$1.invoke(TestInvocationInterceptor.kt)
	at io.kotest.engine.test.interceptors.InvocationTimeoutInterceptor$intercept$3.invokeSuspend(InvocationTimeoutInterceptor.kt:43)
	at io.kotest.engine.test.interceptors.InvocationTimeoutInterceptor$intercept$3.invoke(InvocationTimeoutInterceptor.kt)
	at io.kotest.engine.test.interceptors.InvocationTimeoutInterceptor$intercept$3.invoke(InvocationTimeoutInterceptor.kt)
	at kotlinx.coroutines.intrinsics.UndispatchedKt.startUndispatchedOrReturnIgnoreTimeout(Undispatched.kt:89)
	at kotlinx.coroutines.TimeoutKt.setupTimeout(Timeout.kt:151)
	at kotlinx.coroutines.TimeoutKt.withTimeoutOrNull(Timeout.kt:107)
	at io.kotest.engine.test.interceptors.InvocationTimeoutInterceptor.intercept(InvocationTimeoutInterceptor.kt:42)
	at io.kotest.engine.test.TestInvocationInterceptor$runBeforeTestAfter$wrappedTest$1$1.invokeSuspend(TestInvocationInterceptor.kt:70)
	at io.kotest.engine.test.TestInvocationInterceptor$runBeforeTestAfter$wrappedTest$1$1.invoke(TestInvocationInterceptor.kt)
	at io.kotest.engine.test.TestInvocationInterceptor$runBeforeTestAfter$wrappedTest$1$1.invoke(TestInvocationInterceptor.kt)
	at io.kotest.engine.test.TestInvocationInterceptor.runBeforeTestAfter(TestInvocationInterceptor.kt:73)
	at io.kotest.engine.test.TestInvocationInterceptor.access$runBeforeTestAfter(TestInvocationInterceptor.kt:14)
	at io.kotest.engine.test.TestInvocationInterceptor$intercept$2$1.invokeSuspend(TestInvocationInterceptor.kt:36)
	at io.kotest.engine.test.TestInvocationInterceptor$intercept$2$1.invoke(TestInvocationInterceptor.kt)
	at io.kotest.engine.test.TestInvocationInterceptor$intercept$2$1.invoke(TestInvocationInterceptor.kt)
	at io.kotest.mpp.ReplayKt.replay(replay.kt:15)
	at io.kotest.engine.test.TestInvocationInterceptor$intercept$2.invokeSuspend(TestInvocationInterceptor.kt:32)
	at io.kotest.engine.test.TestInvocationInterceptor$intercept$2.invoke(TestInvocationInterceptor.kt)
	at io.kotest.engine.test.TestInvocationInterceptor$intercept$2.invoke(TestInvocationInterceptor.kt)
	at kotlinx.coroutines.intrinsics.UndispatchedKt.startUndispatchedOrReturn(Undispatched.kt:78)
	at kotlinx.coroutines.CoroutineScopeKt.coroutineScope(CoroutineScope.kt:264)
	at io.kotest.engine.test.TestInvocationInterceptor.intercept(TestInvocationInterceptor.kt:31)
	at io.kotest.engine.test.TestCaseExecutor$execute$3$1.invokeSuspend(TestCaseExecutor.kt:97)
	at io.kotest.engine.test.TestCaseExecutor$execute$3$1.invoke(TestCaseExecutor.kt)
	at io.kotest.engine.test.TestCaseExecutor$execute$3$1.invoke(TestCaseExecutor.kt)
	at io.kotest.engine.test.interceptors.TimeoutInterceptor.intercept(TimeoutInterceptor.kt:33)
	at io.kotest.engine.test.TestCaseExecutor$execute$3$1.invokeSuspend(TestCaseExecutor.kt:97)
	at io.kotest.engine.test.TestCaseExecutor$execute$3$1.invoke(TestCaseExecutor.kt)
	at io.kotest.engine.test.TestCaseExecutor$execute$3$1.invoke(TestCaseExecutor.kt)
	at io.kotest.engine.test.interceptors.BlockedThreadTimeoutInterceptor.intercept(BlockedThreadTimeoutInterceptor.kt:74)
	at io.kotest.engine.test.TestCaseExecutor$execute$3$1.invokeSuspend(TestCaseExecutor.kt:97)
	at io.kotest.engine.test.TestCaseExecutor$execute$3$1.invoke(TestCaseExecutor.kt)
	at io.kotest.engine.test.TestCaseExecutor$execute$3$1.invoke(TestCaseExecutor.kt)
	at io.kotest.engine.test.interceptors.CoroutineLoggingInterceptor.intercept(CoroutineLoggingInterceptor.kt:30)
	at io.kotest.engine.test.TestCaseExecutor$execute$3$1.invokeSuspend(TestCaseExecutor.kt:97)
	at io.kotest.engine.test.TestCaseExecutor$execute$3$1.invoke(TestCaseExecutor.kt)
	at io.kotest.engine.test.TestCaseExecutor$execute$3$1.invoke(TestCaseExecutor.kt)
	at io.kotest.engine.test.interceptors.SoftAssertInterceptor.intercept(SoftAssertInterceptor.kt:27)
	at io.kotest.engine.test.TestCaseExecutor$execute$3$1.invokeSuspend(TestCaseExecutor.kt:97)
	at io.kotest.engine.test.TestCaseExecutor$execute$3$1.invoke(TestCaseExecutor.kt)
	at io.kotest.engine.test.TestCaseExecutor$execute$3$1.invoke(TestCaseExecutor.kt)
	at io.kotest.engine.test.interceptors.AssertionModeInterceptor.intercept(AssertionModeInterceptor.kt:25)
	at io.kotest.engine.test.TestCaseExecutor$execute$3$1.invokeSuspend(TestCaseExecutor.kt:97)
	at io.kotest.engine.test.TestCaseExecutor$execute$3$1.invoke(TestCaseExecutor.kt)
	at io.kotest.engine.test.TestCaseExecutor$execute$3$1.invoke(TestCaseExecutor.kt)
	at io.kotest.engine.test.interceptors.LifecycleInterceptor.intercept(LifecycleInterceptor.kt:51)
	at io.kotest.engine.test.TestCaseExecutor$execute$3$1.invokeSuspend(TestCaseExecutor.kt:97)
	at io.kotest.engine.test.TestCaseExecutor$execute$3$1.invoke(TestCaseExecutor.kt)
	at io.kotest.engine.test.TestCaseExecutor$execute$3$1.invoke(TestCaseExecutor.kt)
	at io.kotest.engine.test.interceptors.EnabledCheckInterceptor.intercept(EnabledCheckInterceptor.kt:31)
	at io.kotest.engine.test.TestCaseExecutor$execute$3$1.invokeSuspend(TestCaseExecutor.kt:97)
	at io.kotest.engine.test.TestCaseExecutor$execute$3$1.invoke(TestCaseExecutor.kt)
	at io.kotest.engine.test.TestCaseExecutor$execute$3$1.invoke(TestCaseExecutor.kt)
	at io.kotest.engine.test.interceptors.TestCaseExtensionInterceptor$intercept$2.invokeSuspend(TestCaseExtensionInterceptor.kt:24)
	at io.kotest.engine.test.interceptors.TestCaseExtensionInterceptor$intercept$2.invoke(TestCaseExtensionInterceptor.kt)
	at io.kotest.engine.test.interceptors.TestCaseExtensionInterceptor$intercept$2.invoke(TestCaseExtensionInterceptor.kt)
	at io.kotest.engine.test.TestExtensions.intercept(TestExtensions.kt:154)
	at io.kotest.engine.test.interceptors.TestCaseExtensionInterceptor.intercept(TestCaseExtensionInterceptor.kt:24)
	at io.kotest.engine.test.TestCaseExecutor$execute$3$1.invokeSuspend(TestCaseExecutor.kt:97)
	at io.kotest.engine.test.TestCaseExecutor$execute$3$1.invoke(TestCaseExecutor.kt)
	at io.kotest.engine.test.TestCaseExecutor$execute$3$1.invoke(TestCaseExecutor.kt)
	at io.kotest.engine.test.interceptors.CoroutineErrorCollectorInterceptor$intercept$3.invokeSuspend(CoroutineErrorCollectorInterceptor.kt:28)
	at io.kotest.engine.test.interceptors.CoroutineErrorCollectorInterceptor$intercept$3.invoke(CoroutineErrorCollectorInterceptor.kt)
	at io.kotest.engine.test.interceptors.CoroutineErrorCollectorInterceptor$intercept$3.invoke(CoroutineErrorCollectorInterceptor.kt)
	at kotlinx.coroutines.intrinsics.UndispatchedKt.startUndispatchedOrReturn(Undispatched.kt:78)
	at kotlinx.coroutines.BuildersKt__Builders_commonKt.withContext(Builders.common.kt:167)
	at kotlinx.coroutines.BuildersKt.withContext(Unknown Source)
	at io.kotest.engine.test.interceptors.CoroutineErrorCollectorInterceptor.intercept(CoroutineErrorCollectorInterceptor.kt:27)
	at io.kotest.engine.test.TestCaseExecutor$execute$3$1.invokeSuspend(TestCaseExecutor.kt:97)
	at io.kotest.engine.test.TestCaseExecutor$execute$3$1.invoke(TestCaseExecutor.kt)
	at io.kotest.engine.test.TestCaseExecutor$execute$3$1.invoke(TestCaseExecutor.kt)
	at io.kotest.engine.test.interceptors.CoroutineDispatcherFactoryInterceptor$intercept$4.invokeSuspend(coroutineDispatcherFactoryInterceptor.kt:57)
	at io.kotest.engine.test.interceptors.CoroutineDispatcherFactoryInterceptor$intercept$4.invoke(coroutineDispatcherFactoryInterceptor.kt)
	at io.kotest.engine.test.interceptors.CoroutineDispatcherFactoryInterceptor$intercept$4.invoke(coroutineDispatcherFactoryInterceptor.kt)
	at io.kotest.engine.concurrency.FixedThreadCoroutineDispatcherFactory$withDispatcher$4.invokeSuspend(FixedThreadCoroutineDispatcherFactory.kt:54)
	at _COROUTINE._BOUNDARY._(CoroutineDebugging.kt:46)
	at kotlinx.coroutines.TimeoutKt.withTimeoutOrNull(Timeout.kt:104)
	at io.kotest.engine.test.interceptors.InvocationTimeoutInterceptor.intercept(InvocationTimeoutInterceptor.kt:42)
	at io.kotest.engine.test.TestInvocationInterceptor$runBeforeTestAfter$wrappedTest$1$1.invokeSuspend(TestInvocationInterceptor.kt:70)
	at io.kotest.engine.test.TestInvocationInterceptor$intercept$2$1.invokeSuspend(TestInvocationInterceptor.kt:36)
	at io.kotest.mpp.ReplayKt.replay(replay.kt:15)
	at io.kotest.engine.test.TestInvocationInterceptor$intercept$2.invokeSuspend(TestInvocationInterceptor.kt:32)
	at io.kotest.engine.test.TestInvocationInterceptor.intercept(TestInvocationInterceptor.kt:31)
	at io.kotest.engine.test.TestCaseExecutor$execute$3$1.invokeSuspend(TestCaseExecutor.kt:97)
	at io.kotest.engine.test.interceptors.TimeoutInterceptor.intercept(TimeoutInterceptor.kt:33)
	at io.kotest.engine.test.TestCaseExecutor$execute$3$1.invokeSuspend(TestCaseExecutor.kt:97)
	at io.kotest.engine.test.interceptors.BlockedThreadTimeoutInterceptor.intercept(BlockedThreadTimeoutInterceptor.kt:74)
	at io.kotest.engine.test.TestCaseExecutor$execute$3$1.invokeSuspend(TestCaseExecutor.kt:97)
	at io.kotest.engine.test.interceptors.CoroutineLoggingInterceptor.intercept(CoroutineLoggingInterceptor.kt:30)
	at io.kotest.engine.test.TestCaseExecutor$execute$3$1.invokeSuspend(TestCaseExecutor.kt:97)
	at io.kotest.engine.test.interceptors.SoftAssertInterceptor.intercept(SoftAssertInterceptor.kt:27)
	at io.kotest.engine.test.TestCaseExecutor$execute$3$1.invokeSuspend(TestCaseExecutor.kt:97)
	at io.kotest.engine.test.interceptors.AssertionModeInterceptor.intercept(AssertionModeInterceptor.kt:25)
	at io.kotest.engine.test.TestCaseExecutor$execute$3$1.invokeSuspend(TestCaseExecutor.kt:97)
	at io.kotest.engine.test.interceptors.LifecycleInterceptor.intercept(LifecycleInterceptor.kt:51)
	at io.kotest.engine.test.TestCaseExecutor$execute$3$1.invokeSuspend(TestCaseExecutor.kt:97)
	at io.kotest.engine.test.interceptors.EnabledCheckInterceptor.intercept(EnabledCheckInterceptor.kt:31)
	at io.kotest.engine.test.TestCaseExecutor$execute$3$1.invokeSuspend(TestCaseExecutor.kt:97)
	at io.kotest.engine.test.interceptors.TestCaseExtensionInterceptor$intercept$2.invokeSuspend(TestCaseExtensionInterceptor.kt:24)
	at io.kotest.engine.test.TestCaseExecutor$execute$3$1.invokeSuspend(TestCaseExecutor.kt:97)
	at io.kotest.engine.test.interceptors.CoroutineErrorCollectorInterceptor$intercept$3.invokeSuspend(CoroutineErrorCollectorInterceptor.kt:28)
	at io.kotest.engine.test.TestCaseExecutor$execute$3$1.invokeSuspend(TestCaseExecutor.kt:97)
	at io.kotest.engine.test.interceptors.CoroutineDispatcherFactoryInterceptor$intercept$4.invokeSuspend(coroutineDispatcherFactoryInterceptor.kt:57)
	at io.kotest.engine.concurrency.FixedThreadCoroutineDispatcherFactory$withDispatcher$4.invokeSuspend(FixedThreadCoroutineDispatcherFactory.kt:54)
	at io.kotest.engine.test.TestCaseExecutor$execute$3$1.invokeSuspend(TestCaseExecutor.kt:97)
	at io.kotest.engine.test.interceptors.SupervisorScopeInterceptor$intercept$2.invokeSuspend(SupervisorScopeInterceptor.kt:23)
	at io.kotest.engine.test.TestCaseExecutor$execute$3$1.invokeSuspend(TestCaseExecutor.kt:97)
	at io.kotest.engine.test.TestCaseExecutor$execute$3$1.invokeSuspend(TestCaseExecutor.kt:97)
	at io.kotest.engine.test.interceptors.TestFinishedInterceptor.intercept(TestFinishedInterceptor.kt:21)
	at io.kotest.engine.test.TestCaseExecutor$execute$3$1.invokeSuspend(TestCaseExecutor.kt:97)
	at io.kotest.engine.test.interceptors.TestNameContextInterceptor$intercept$2.invokeSuspend(TestPathContextInterceptor.kt:35)
	at io.kotest.engine.test.TestCaseExecutor$execute$3$1.invokeSuspend(TestCaseExecutor.kt:97)
	at io.kotest.engine.test.interceptors.TestPathContextInterceptor$intercept$2.invokeSuspend(TestPathContextInterceptor.kt:20)
	at io.kotest.engine.test.TestCaseExecutor$execute$3$1.invokeSuspend(TestCaseExecutor.kt:97)
	at io.kotest.engine.spec.runners.SingleInstanceSpecRunner.runTest(SingleInstanceSpecRunner.kt:121)
	at io.kotest.engine.spec.runners.SingleInstanceSpecRunner$execute$interceptAndRun$2$1.invokeSuspend(SingleInstanceSpecRunner.kt:51)
	at io.kotest.engine.test.scheduler.SequentialTestScheduler$schedule$3$1$1.invokeSuspend(SequentialTestScheduler.kt:20)
Caused by: java.lang.IllegalArgumentException: Could not load key: did:key:z6MkjzfpAXXhn34rGxMCm2qzExDZjXvAvnyUVCariyVCm9rE
	at id.walt.services.storeUmu.defaultSoreServiceUmu.load(defaultSoreServiceUmu.kt:139)
	at id.walt.services.storeUmu.KeyStoreServiceUmu.load(KeyStoreServiceUmu.kt:20)
	at id.walt.services.vc.WaltIdJsonLdCredentialService.verify(WaltIdJsonLdCredentialService.kt:287)
	at id.walt.services.vc.JsonLdCredentialService.verify(JsonLdCredentialService.kt:27)
	at id.walt.services.vc.WaltIdJsonLdCredentialServiceTest.genericSignVerify(WaltIdJsonLdCredentialServiceTest.kt:57)
	at id.walt.services.vc.WaltIdJsonLdCredentialServiceTest.signPermanentResidentCard(WaltIdJsonLdCredentialServiceTest.kt:122)
	at java.base/java.lang.reflect.Method.invoke(Method.java:568)
	at kotlin.reflect.jvm.internal.calls.CallerImpl$Method.callMethod(CallerImpl.kt:97)
	at kotlin.reflect.jvm.internal.calls.CallerImpl$Method$Instance.call(CallerImpl.kt:113)
	at kotlin.reflect.jvm.internal.KCallableImpl.call(KCallableImpl.kt:107)
	at kotlin.reflect.full.KCallables.callSuspend(KCallables.kt:54)
	at io.kotest.core.spec.style.AnnotationSpec$callNotExpectingException$1.invokeSuspend(AnnotationSpec.kt:139)
	at io.kotest.core.spec.style.AnnotationSpec$callNotExpectingException$1.invoke(AnnotationSpec.kt)
	at io.kotest.core.spec.style.AnnotationSpec$callNotExpectingException$1.invoke(AnnotationSpec.kt)
	at io.kotest.engine.test.TestCaseExecutor$execute$innerExecute$1.invokeSuspend(TestCaseExecutor.kt:88)
	at io.kotest.engine.test.TestCaseExecutor$execute$innerExecute$1.invoke(TestCaseExecutor.kt)
	at io.kotest.engine.test.TestCaseExecutor$execute$innerExecute$1.invoke(TestCaseExecutor.kt)
	at io.kotest.engine.test.interceptors.CoroutineDebugProbeInterceptor.intercept(CoroutineDebugProbeInterceptor.kt:29)
	at io.kotest.engine.test.TestCaseExecutor$execute$3$1.invokeSuspend(TestCaseExecutor.kt:97)
	at io.kotest.engine.test.TestCaseExecutor$execute$3$1.invoke(TestCaseExecutor.kt)
	at io.kotest.engine.test.TestCaseExecutor$execute$3$1.invoke(TestCaseExecutor.kt)
	at io.kotest.engine.test.TestInvocationInterceptor$runBeforeTestAfter$executeWithBeforeAfter$1.invokeSuspend(TestInvocationInterceptor.kt:63)
	at io.kotest.engine.test.TestInvocationInterceptor$runBeforeTestAfter$executeWithBeforeAfter$1.invoke(TestInvocationInterceptor.kt)
	at io.kotest.engine.test.TestInvocationInterceptor$runBeforeTestAfter$executeWithBeforeAfter$1.invoke(TestInvocationInterceptor.kt)
	at io.kotest.engine.test.interceptors.InvocationTimeoutInterceptor$intercept$3.invokeSuspend(InvocationTimeoutInterceptor.kt:43)
	at io.kotest.engine.test.interceptors.InvocationTimeoutInterceptor$intercept$3.invoke(InvocationTimeoutInterceptor.kt)
	at io.kotest.engine.test.interceptors.InvocationTimeoutInterceptor$intercept$3.invoke(InvocationTimeoutInterceptor.kt)
	at kotlinx.coroutines.intrinsics.UndispatchedKt.startUndispatchedOrReturnIgnoreTimeout(Undispatched.kt:89)
	at kotlinx.coroutines.TimeoutKt.setupTimeout(Timeout.kt:151)
	at kotlinx.coroutines.TimeoutKt.withTimeoutOrNull(Timeout.kt:107)
	at io.kotest.engine.test.interceptors.InvocationTimeoutInterceptor.intercept(InvocationTimeoutInterceptor.kt:42)
	at io.kotest.engine.test.TestInvocationInterceptor$runBeforeTestAfter$wrappedTest$1$1.invokeSuspend(TestInvocationInterceptor.kt:70)
	at io.kotest.engine.test.TestInvocationInterceptor$runBeforeTestAfter$wrappedTest$1$1.invoke(TestInvocationInterceptor.kt)
	at io.kotest.engine.test.TestInvocationInterceptor$runBeforeTestAfter$wrappedTest$1$1.invoke(TestInvocationInterceptor.kt)
	at io.kotest.engine.test.TestInvocationInterceptor.runBeforeTestAfter(TestInvocationInterceptor.kt:73)
	at io.kotest.engine.test.TestInvocationInterceptor.access$runBeforeTestAfter(TestInvocationInterceptor.kt:14)
	at io.kotest.engine.test.TestInvocationInterceptor$intercept$2$1.invokeSuspend(TestInvocationInterceptor.kt:36)
	at io.kotest.engine.test.TestInvocationInterceptor$intercept$2$1.invoke(TestInvocationInterceptor.kt)
	at io.kotest.engine.test.TestInvocationInterceptor$intercept$2$1.invoke(TestInvocationInterceptor.kt)
	at io.kotest.mpp.ReplayKt.replay(replay.kt:15)
	at io.kotest.engine.test.TestInvocationInterceptor$intercept$2.invokeSuspend(TestInvocationInterceptor.kt:32)
	at io.kotest.engine.test.TestInvocationInterceptor$intercept$2.invoke(TestInvocationInterceptor.kt)
	at io.kotest.engine.test.TestInvocationInterceptor$intercept$2.invoke(TestInvocationInterceptor.kt)
	at kotlinx.coroutines.intrinsics.UndispatchedKt.startUndispatchedOrReturn(Undispatched.kt:78)
	at kotlinx.coroutines.CoroutineScopeKt.coroutineScope(CoroutineScope.kt:264)
	at io.kotest.engine.test.TestInvocationInterceptor.intercept(TestInvocationInterceptor.kt:31)
	at io.kotest.engine.test.TestCaseExecutor$execute$3$1.invokeSuspend(TestCaseExecutor.kt:97)
	at io.kotest.engine.test.TestCaseExecutor$execute$3$1.invoke(TestCaseExecutor.kt)
	at io.kotest.engine.test.TestCaseExecutor$execute$3$1.invoke(TestCaseExecutor.kt)
	at io.kotest.engine.test.interceptors.TimeoutInterceptor.intercept(TimeoutInterceptor.kt:33)
	at io.kotest.engine.test.TestCaseExecutor$execute$3$1.invokeSuspend(TestCaseExecutor.kt:97)
	at io.kotest.engine.test.TestCaseExecutor$execute$3$1.invoke(TestCaseExecutor.kt)
	at io.kotest.engine.test.TestCaseExecutor$execute$3$1.invoke(TestCaseExecutor.kt)
	at io.kotest.engine.test.interceptors.BlockedThreadTimeoutInterceptor.intercept(BlockedThreadTimeoutInterceptor.kt:74)
	at io.kotest.engine.test.TestCaseExecutor$execute$3$1.invokeSuspend(TestCaseExecutor.kt:97)
	at io.kotest.engine.test.TestCaseExecutor$execute$3$1.invoke(TestCaseExecutor.kt)
	at io.kotest.engine.test.TestCaseExecutor$execute$3$1.invoke(TestCaseExecutor.kt)
	at io.kotest.engine.test.interceptors.CoroutineLoggingInterceptor.intercept(CoroutineLoggingInterceptor.kt:30)
	at io.kotest.engine.test.TestCaseExecutor$execute$3$1.invokeSuspend(TestCaseExecutor.kt:97)
	at io.kotest.engine.test.TestCaseExecutor$execute$3$1.invoke(TestCaseExecutor.kt)
	at io.kotest.engine.test.TestCaseExecutor$execute$3$1.invoke(TestCaseExecutor.kt)
	at io.kotest.engine.test.interceptors.SoftAssertInterceptor.intercept(SoftAssertInterceptor.kt:27)
	at io.kotest.engine.test.TestCaseExecutor$execute$3$1.invokeSuspend(TestCaseExecutor.kt:97)
	at io.kotest.engine.test.TestCaseExecutor$execute$3$1.invoke(TestCaseExecutor.kt)
	at io.kotest.engine.test.TestCaseExecutor$execute$3$1.invoke(TestCaseExecutor.kt)
	at io.kotest.engine.test.interceptors.AssertionModeInterceptor.intercept(AssertionModeInterceptor.kt:25)
	at io.kotest.engine.test.TestCaseExecutor$execute$3$1.invokeSuspend(TestCaseExecutor.kt:97)
	at io.kotest.engine.test.TestCaseExecutor$execute$3$1.invoke(TestCaseExecutor.kt)
	at io.kotest.engine.test.TestCaseExecutor$execute$3$1.invoke(TestCaseExecutor.kt)
	at io.kotest.engine.test.interceptors.LifecycleInterceptor.intercept(LifecycleInterceptor.kt:51)
	at io.kotest.engine.test.TestCaseExecutor$execute$3$1.invokeSuspend(TestCaseExecutor.kt:97)
	at io.kotest.engine.test.TestCaseExecutor$execute$3$1.invoke(TestCaseExecutor.kt)
	at io.kotest.engine.test.TestCaseExecutor$execute$3$1.invoke(TestCaseExecutor.kt)
	at io.kotest.engine.test.interceptors.EnabledCheckInterceptor.intercept(EnabledCheckInterceptor.kt:31)
	at io.kotest.engine.test.TestCaseExecutor$execute$3$1.invokeSuspend(TestCaseExecutor.kt:97)
	at io.kotest.engine.test.TestCaseExecutor$execute$3$1.invoke(TestCaseExecutor.kt)
	at io.kotest.engine.test.TestCaseExecutor$execute$3$1.invoke(TestCaseExecutor.kt)
	at io.kotest.engine.test.interceptors.TestCaseExtensionInterceptor$intercept$2.invokeSuspend(TestCaseExtensionInterceptor.kt:24)
	at io.kotest.engine.test.interceptors.TestCaseExtensionInterceptor$intercept$2.invoke(TestCaseExtensionInterceptor.kt)
	at io.kotest.engine.test.interceptors.TestCaseExtensionInterceptor$intercept$2.invoke(TestCaseExtensionInterceptor.kt)
	at io.kotest.engine.test.TestExtensions.intercept(TestExtensions.kt:154)
	at io.kotest.engine.test.interceptors.TestCaseExtensionInterceptor.intercept(TestCaseExtensionInterceptor.kt:24)
	at io.kotest.engine.test.TestCaseExecutor$execute$3$1.invokeSuspend(TestCaseExecutor.kt:97)
	at io.kotest.engine.test.TestCaseExecutor$execute$3$1.invoke(TestCaseExecutor.kt)
	at io.kotest.engine.test.TestCaseExecutor$execute$3$1.invoke(TestCaseExecutor.kt)
	at io.kotest.engine.test.interceptors.CoroutineErrorCollectorInterceptor$intercept$3.invokeSuspend(CoroutineErrorCollectorInterceptor.kt:28)
	at io.kotest.engine.test.interceptors.CoroutineErrorCollectorInterceptor$intercept$3.invoke(CoroutineErrorCollectorInterceptor.kt)
	at io.kotest.engine.test.interceptors.CoroutineErrorCollectorInterceptor$intercept$3.invoke(CoroutineErrorCollectorInterceptor.kt)
	at kotlinx.coroutines.intrinsics.UndispatchedKt.startUndispatchedOrReturn(Undispatched.kt:78)
	at kotlinx.coroutines.BuildersKt__Builders_commonKt.withContext(Builders.common.kt:167)
	at kotlinx.coroutines.BuildersKt.withContext(Unknown Source)
	at io.kotest.engine.test.interceptors.CoroutineErrorCollectorInterceptor.intercept(CoroutineErrorCollectorInterceptor.kt:27)
	at io.kotest.engine.test.TestCaseExecutor$execute$3$1.invokeSuspend(TestCaseExecutor.kt:97)
	at io.kotest.engine.test.TestCaseExecutor$execute$3$1.invoke(TestCaseExecutor.kt)
	at io.kotest.engine.test.TestCaseExecutor$execute$3$1.invoke(TestCaseExecutor.kt)
	at io.kotest.engine.test.interceptors.CoroutineDispatcherFactoryInterceptor$intercept$4.invokeSuspend(coroutineDispatcherFactoryInterceptor.kt:57)
	at io.kotest.engine.test.interceptors.CoroutineDispatcherFactoryInterceptor$intercept$4.invoke(coroutineDispatcherFactoryInterceptor.kt)
	at io.kotest.engine.test.interceptors.CoroutineDispatcherFactoryInterceptor$intercept$4.invoke(coroutineDispatcherFactoryInterceptor.kt)
	at io.kotest.engine.concurrency.FixedThreadCoroutineDispatcherFactory$withDispatcher$4.invokeSuspend(FixedThreadCoroutineDispatcherFactory.kt:54)
	at kotlin.coroutines.jvm.internal.BaseContinuationImpl.resumeWith(ContinuationImpl.kt:33)
	at kotlinx.coroutines.DispatchedTask.run(DispatchedTask.kt:108)
	at java.base/java.util.concurrent.ThreadPoolExecutor.runWorker(ThreadPoolExecutor.java:1136)
	at java.base/java.util.concurrent.ThreadPoolExecutor$Worker.run(ThreadPoolExecutor.java:635)
	at java.base/java.lang.Thread.run(Thread.java:833)
</failure>
  </testcase>
  <testcase name="testValidateSchemaTsr" classname="id.walt.services.vc.WaltIdJsonLdCredentialServiceTest" time="0.086"/>
  <system-out><![CDATA[Signed vc: {
  "type" : [ "VerifiableCredential", "VerifiableAttestation" ],
  "@context" : [ "https://www.w3.org/2018/credentials/v1", "https://w3id.org/security/suites/jws-2020/v1" ],
  "id" : "XXX",
  "issuer" : "did:ebsi:zuWDpCJNkFKbNh1JXBk3gdv",
  "issuanceDate" : "2021-12-03T10:15:30Z",
  "credentialSchema" : {
    "id" : "https://essif.europa.eu/tsr/education/CSR1224.json",
    "type" : "JsonSchemaValidator2018"
  },
  "credentialSubject" : {
    "id" : "did:key:z6MkhvrqyeHTADs2uxNU1we4K3dKGVFm9ctkPfzbNAJN9W2U",
    "authorizationClaims" : [ "claim1", "claim2" ]
  },
  "credentialStatus" : {
    "id" : "https://essif.europa.eu/status",
    "type" : "CredentialsStatusList2020"
  },
  "proof" : {
    "type" : "JsonWebSignature2020",
    "creator" : "did:ebsi:zuWDpCJNkFKbNh1JXBk3gdv",
    "created" : "2024-09-12T09:39:48Z",
    "verificationMethod" : "did:ebsi:zuWDpCJNkFKbNh1JXBk3gdv",
    "jws" : "eyJiNjQiOmZhbHNlLCJjcml0IjpbImI2NCJdLCJhbGciOiJFZERTQSJ9..liYcm8fsRlpA4_myyK3a70kzgddpNNI64UeMBduS-atBKVToRp1ugl1pFkoIJxcAg02hwVm6NCnI00M2FYBBCA"
  }
}
{"type":["VerifiableCredential","VerifiableAttestation"],"@context":["https://www.w3.org/2018/credentials/v1","https://w3id.org/security/suites/jws-2020/v1"],"id":"XXX","issuer":"did:ebsi:zuWDpCJNkFKbNh1JXBk3gdv","issuanceDate":"2021-12-03T10:15:30Z","proof":{"type":"JsonWebSignature2020","creator":"did:ebsi:zuWDpCJNkFKbNh1JXBk3gdv","created":"2024-09-12T09:39:48Z","verificationMethod":"did:ebsi:zuWDpCJNkFKbNh1JXBk3gdv","jws":"eyJiNjQiOmZhbHNlLCJjcml0IjpbImI2NCJdLCJhbGciOiJFZERTQSJ9..liYcm8fsRlpA4_myyK3a70kzgddpNNI64UeMBduS-atBKVToRp1ugl1pFkoIJxcAg02hwVm6NCnI00M2FYBBCA"},"credentialSchema":{"id":"https://essif.europa.eu/tsr/education/CSR1224.json","type":"JsonSchemaValidator2018"},"credentialSubject":{"id":"did:key:z6MkhvrqyeHTADs2uxNU1we4K3dKGVFm9ctkPfzbNAJN9W2U","authorizationClaims":["claim1","claim2"]},"credentialStatus":{"id":"https://essif.europa.eu/status","type":"CredentialsStatusList2020"}}
Presentation generated: {
  "type" : [ "VerifiablePresentation" ],
  "@context" : [ "https://www.w3.org/2018/credentials/v1", "https://w3id.org/security/suites/jws-2020/v1" ],
  "id" : "urn:uuid:0e5be833-6e1f-4889-9f6a-fd5deb56b619",
  "holder" : "did:key:z6MkhvrqyeHTADs2uxNU1we4K3dKGVFm9ctkPfzbNAJN9W2U",
  "verifiableCredential" : [ {
    "type" : [ "VerifiableCredential", "VerifiableAttestation" ],
    "@context" : [ "https://www.w3.org/2018/credentials/v1", "https://w3id.org/security/suites/jws-2020/v1" ],
    "id" : "XXX",
    "issuer" : "did:ebsi:zuWDpCJNkFKbNh1JXBk3gdv",
    "issuanceDate" : "2021-12-03T10:15:30Z",
    "proof" : {
      "type" : "JsonWebSignature2020",
      "creator" : "did:ebsi:zuWDpCJNkFKbNh1JXBk3gdv",
      "created" : "2024-09-12T09:39:48Z",
      "verificationMethod" : "did:ebsi:zuWDpCJNkFKbNh1JXBk3gdv",
      "jws" : "eyJiNjQiOmZhbHNlLCJjcml0IjpbImI2NCJdLCJhbGciOiJFZERTQSJ9..liYcm8fsRlpA4_myyK3a70kzgddpNNI64UeMBduS-atBKVToRp1ugl1pFkoIJxcAg02hwVm6NCnI00M2FYBBCA"
    },
    "credentialSchema" : {
      "id" : "https://essif.europa.eu/tsr/education/CSR1224.json",
      "type" : "JsonSchemaValidator2018"
    },
    "credentialSubject" : {
      "id" : "did:key:z6MkhvrqyeHTADs2uxNU1we4K3dKGVFm9ctkPfzbNAJN9W2U",
      "authorizationClaims" : [ "claim1", "claim2" ]
    },
    "credentialStatus" : {
      "id" : "https://essif.europa.eu/status",
      "type" : "CredentialsStatusList2020"
    }
  } ],
  "proof" : {
    "type" : "JsonWebSignature2020",
    "creator" : "did:key:z6MkhvrqyeHTADs2uxNU1we4K3dKGVFm9ctkPfzbNAJN9W2U",
    "created" : "2024-09-12T09:39:48Z",
    "domain" : "example.com",
    "nonce" : "asdf",
    "proofPurpose" : "authentication",
    "verificationMethod" : "did:key:z6MkhvrqyeHTADs2uxNU1we4K3dKGVFm9ctkPfzbNAJN9W2U#z6MkhvrqyeHTADs2uxNU1we4K3dKGVFm9ctkPfzbNAJN9W2U",
    "jws" : "eyJiNjQiOmZhbHNlLCJjcml0IjpbImI2NCJdLCJhbGciOiJFZERTQSJ9..zgqoH4DD4uazCyN-ZupOLZpgDMZ_RuNzYcL7tmV92LXCgsIeEArYg-EXisoc1nTs0Enb3qRNEEQSG4JB8k7EAA"
  }
}
Credential generated: {
  "type" : [ "VerifiableCredential", "UniversityDegreeCredential" ],
  "@context" : [ "https://www.w3.org/2018/credentials/v1", "https://www.w3.org/2018/credentials/examples/v1", "https://w3id.org/security/suites/jws-2020/v1" ],
  "id" : "http://example.gov/credentials/3732",
  "issuer" : {
    "id" : "did:web:walt.id"
  },
  "issuanceDate" : "2020-03-10T04:24:12.164Z",
  "credentialSubject" : {
    "id" : "did:example:ebfeb1f712ebc6f1c276e12ec21",
    "degree" : {
      "type" : "BachelorDegree",
      "name" : "Bachelor of Science and Arts"
    },
    "skills" : [ "Java", "C++" ]
  },
  "description" : "This credential proofs the work-history of a contractor and the associated skills that were verified during that time.",
  "proof" : {
    "type" : "JsonWebSignature2020",
    "creator" : "did:web:walt.id",
    "created" : "2024-09-12T09:39:48Z",
    "domain" : "example.com",
    "verificationMethod" : "did:web:walt.id",
    "jws" : "eyJiNjQiOmZhbHNlLCJjcml0IjpbImI2NCJdLCJhbGciOiJFZERTQSJ9..GWT5VNEo-SL3KuNCV8LHnQE5UVYcq_T9xEdLDpV0evW8F4yrGYaSrJL6WxeGB7y3CvK059EjJST6Zz5egNhKBw"
  }
}
Credential generated: {
  "type" : [ "VerifiableCredential", "UniversityDegreeCredential" ],
  "@context" : [ "https://www.w3.org/2018/credentials/v1", "https://www.w3.org/2018/credentials/examples/v1", "https://w3id.org/security/suites/jws-2020/v1" ],
  "id" : "http://example.gov/credentials/3732",
  "issuer" : {
    "id" : "did:key:z6MkjzfpAXXhn34rGxMCm2qzExDZjXvAvnyUVCariyVCm9rE"
  },
  "issuanceDate" : "2020-03-10T04:24:12.164Z",
  "credentialSubject" : {
    "id" : "did:example:ebfeb1f712ebc6f1c276e12ec21",
    "degree" : {
      "type" : "BachelorDegree",
      "name" : "Bachelor of Science and Arts"
    },
    "skills" : [ "Java", "C++" ]
  },
  "description" : "This credential proofs the work-history of a contractor and the associated skills that were verified during that time.",
  "proof" : {
    "type" : "JsonWebSignature2020",
    "creator" : "did:key:z6MkjzfpAXXhn34rGxMCm2qzExDZjXvAvnyUVCariyVCm9rE",
    "created" : "2024-09-12T09:39:49Z",
    "domain" : "example.com",
    "verificationMethod" : "did:key:z6MkjzfpAXXhn34rGxMCm2qzExDZjXvAvnyUVCariyVCm9rE",
    "jws" : "eyJiNjQiOmZhbHNlLCJjcml0IjpbImI2NCJdLCJhbGciOiJFZERTQSJ9..493lCglf_Kv10WygsI0OopWjTcIgn8QMnd6FMqO8aWy8zTOWFVv9c379YT-zrnXdmO_2UiJXwXaJIW8I9BiaDQ"
  }
}
Credential generated: {
  "type" : [ "VerifiableCredential", "VerifiableAttestation" ],
  "@context" : [ "https://www.w3.org/2018/credentials/v1", "https://w3id.org/security/suites/jws-2020/v1" ],
  "id" : "XXX",
  "issuer" : "did:web:walt.id",
  "issuanceDate" : "2021-12-03T10:15:30Z",
  "credentialSchema" : {
    "id" : "https://essif.europa.eu/tsr/education/CSR1224.json",
    "type" : "JsonSchemaValidator2018"
  },
  "credentialSubject" : {
    "id" : "did:web:walt.id",
    "authorizationClaims" : [ "claim1", "claim2" ]
  },
  "credentialStatus" : {
    "id" : "https://essif.europa.eu/status",
    "type" : "CredentialsStatusList2020"
  },
  "proof" : {
    "type" : "JsonWebSignature2020",
    "creator" : "did:web:walt.id",
    "created" : "2024-09-12T09:39:49Z",
    "verificationMethod" : "did:web:walt.id",
    "jws" : "eyJiNjQiOmZhbHNlLCJjcml0IjpbImI2NCJdLCJhbGciOiJFZERTQSJ9..RTzrP4ugQzAb5m2ZKXbeaRjakr7Mfur7XvV3CJjs0pTsw1VJmIF-osge8PPxq_YjaCMBdTPhAzhyLSSIacoWDQ"
  }
}
Credential decoded: {"type":["VerifiableCredential","VerifiableAttestation"],"@context":["https://www.w3.org/2018/credentials/v1","https://w3id.org/security/suites/jws-2020/v1"],"id":"XXX","issuer":"did:web:walt.id","issuanceDate":"2021-12-03T10:15:30Z","proof":{"type":"JsonWebSignature2020","creator":"did:web:walt.id","created":"2024-09-12T09:39:49Z","verificationMethod":"did:web:walt.id","jws":"eyJiNjQiOmZhbHNlLCJjcml0IjpbImI2NCJdLCJhbGciOiJFZERTQSJ9..RTzrP4ugQzAb5m2ZKXbeaRjakr7Mfur7XvV3CJjs0pTsw1VJmIF-osge8PPxq_YjaCMBdTPhAzhyLSSIacoWDQ"},"credentialSchema":{"id":"https://essif.europa.eu/tsr/education/CSR1224.json","type":"JsonSchemaValidator2018"},"credentialSubject":{"id":"did:web:walt.id","authorizationClaims":["claim1","claim2"]},"credentialStatus":{"id":"https://essif.europa.eu/status","type":"CredentialsStatusList2020"}}
Verifying...
GENERIC SIGN VERIFY
Credential generated: {
  "type" : [ "VerifiableCredential", "VerifiableAttestation" ],
  "@context" : [ "https://www.w3.org/2018/credentials/v1", "https://w3id.org/security/suites/jws-2020/v1" ],
  "id" : "XXX",
  "issuer" : "did:key:z6MkjzfpAXXhn34rGxMCm2qzExDZjXvAvnyUVCariyVCm9rE",
  "issuanceDate" : "2021-12-03T10:15:30Z",
  "credentialSchema" : {
    "id" : "https://essif.europa.eu/tsr/education/CSR1224.json",
    "type" : "JsonSchemaValidator2018"
  },
  "credentialSubject" : {
    "id" : "did:key:z6MkjzfpAXXhn34rGxMCm2qzExDZjXvAvnyUVCariyVCm9rE",
    "authorizationClaims" : [ "claim1", "claim2" ],
    "achieved" : [ {
      "title" : "Some Europass specific title"
    } ]
  },
  "credentialStatus" : {
    "id" : "https://essif.europa.eu/status",
    "type" : "CredentialsStatusList2020"
  },
  "proof" : {
    "type" : "JsonWebSignature2020",
    "creator" : "did:key:z6MkjzfpAXXhn34rGxMCm2qzExDZjXvAvnyUVCariyVCm9rE",
    "created" : "2024-09-12T09:39:49Z",
    "verificationMethod" : "did:key:z6MkjzfpAXXhn34rGxMCm2qzExDZjXvAvnyUVCariyVCm9rE",
    "jws" : "eyJiNjQiOmZhbHNlLCJjcml0IjpbImI2NCJdLCJhbGciOiJFZERTQSJ9..eCsc1aANPVawghWCUuFR4HMdyb4XmBwiqHoiHx0jubvRaPjjpoBfwfbuC36IRHlZZ3W13TjZNjtQxSFKhpZ4Bg"
  }
}
Credential decoded: {"type":["VerifiableCredential","VerifiableAttestation"],"@context":["https://www.w3.org/2018/credentials/v1","https://w3id.org/security/suites/jws-2020/v1"],"id":"XXX","issuer":"did:key:z6MkjzfpAXXhn34rGxMCm2qzExDZjXvAvnyUVCariyVCm9rE","issuanceDate":"2021-12-03T10:15:30Z","proof":{"type":"JsonWebSignature2020","creator":"did:key:z6MkjzfpAXXhn34rGxMCm2qzExDZjXvAvnyUVCariyVCm9rE","created":"2024-09-12T09:39:49Z","verificationMethod":"did:key:z6MkjzfpAXXhn34rGxMCm2qzExDZjXvAvnyUVCariyVCm9rE","jws":"eyJiNjQiOmZhbHNlLCJjcml0IjpbImI2NCJdLCJhbGciOiJFZERTQSJ9..eCsc1aANPVawghWCUuFR4HMdyb4XmBwiqHoiHx0jubvRaPjjpoBfwfbuC36IRHlZZ3W13TjZNjtQxSFKhpZ4Bg"},"credentialSchema":{"id":"https://essif.europa.eu/tsr/education/CSR1224.json","type":"JsonSchemaValidator2018"},"credentialSubject":{"id":"did:key:z6MkjzfpAXXhn34rGxMCm2qzExDZjXvAvnyUVCariyVCm9rE","authorizationClaims":["claim1","claim2"],"achieved":[{"title":"Some Europass specific title"}]},"credentialStatus":{"id":"https://essif.europa.eu/status","type":"CredentialsStatusList2020"}}
Verifying...
Credential generated: {
  "type" : [ "VerifiableCredential", "VerifiableAttestation", "Europass" ],
  "@context" : [ "https://www.w3.org/2018/credentials/v1", "https://w3id.org/security/suites/jws-2020/v1" ],
  "id" : "education#higherEducation#51e42fda-cb0a-4333-b6a6-35cb147e1a88",
  "issuer" : "did:key:z6MkjzfpAXXhn34rGxMCm2qzExDZjXvAvnyUVCariyVCm9rE",
  "issuanceDate" : "2020-11-03T00:00:00Z",
  "validFrom" : "2020-11-03T00:00:00Z",
  "credentialSchema" : {
    "id" : "https://essif.europa.eu/trusted-schemas-registry/v1/schemas/to_be_obtained_after_registration_of_the_schema",
    "type" : "JsonSchemaValidator2018"
  },
  "credentialSubject" : {
    "id" : "did:ebsi:22AhtW7XMssv7es4YcQTdV2MCM3c8b1VsiBfi5weHsjcCY9o",
    "identifier" : {
      "schemeID" : "http://example.com/",
      "value" : "0904008084H"
    },
    "givenNames" : "Jane",
    "familyName" : "DOE",
    "dateOfBirth" : "1993-04-08T00:00:00Z",
    "gradingScheme" : {
      "id" : "https://leaston.bcdiploma.com/law-economics-management#GradingScheme",
      "title" : "Lower Second-Class Honours"
    },
    "learningAchievement" : {
      "id" : "https://leaston.bcdiploma.com/law-economics-management#LearningAchievment",
      "title" : "MASTERS LAW, ECONOMICS AND MANAGEMENT",
      "description" : "MARKETING AND SALES",
      "additionalNote" : [ "DISTRIBUTION MANAGEMENT" ]
    },
    "awardingOpportunity" : {
      "id" : "https://leaston.bcdiploma.com/law-economics-management#AwardingOpportunity",
      "identifier" : "https://certificate-demo.bcdiploma.com/check/87ED2F2270E6C41456E94B86B9D9115B4E35BCCAD200A49B846592C14F79C86BV1Fnbllta0NZTnJkR3lDWlRmTDlSRUJEVFZISmNmYzJhUU5sZUJ5Z2FJSHpWbmZZ",
      "awardingBody" : {
        "id" : "did:ebsi:2LGKvDMrNUPR6FhSNrXzQQ1h295zr4HwoX9UqvwAsenSKHe9",
        "eidasLegalIdentifier" : "Unknown",
        "registration" : "0597065J",
        "preferredName" : "Leaston University",
        "homepage" : "https://leaston.bcdiploma.com/"
      },
      "location" : "FRANCE",
      "startedAtTime" : "2015-11-03T00:00:00Z",
      "endedAtTime" : "2020-11-03T00:00:00Z"
    },
    "learningSpecification" : {
      "id" : "https://leaston.bcdiploma.com/law-economics-management#LearningSpecification",
      "ISCEDFCode" : [ "7" ],
      "ECTSCreditPoints" : 120,
      "EQFLevel" : 7,
      "NQFLevel" : [ "7" ]
    }
  },
  "credentialStatus" : {
    "id" : "https://essif.europa.eu/status/education#higherEducation#51e42fda-cb0a-4333-b6a6-35cb147e1a88",
    "type" : "CredentialsStatusList2020"
  },
  "proof" : {
    "type" : "JsonWebSignature2020",
    "creator" : "did:key:z6MkjzfpAXXhn34rGxMCm2qzExDZjXvAvnyUVCariyVCm9rE",
    "created" : "2024-09-12T09:39:49Z",
    "domain" : "example.com",
    "verificationMethod" : "did:key:z6MkjzfpAXXhn34rGxMCm2qzExDZjXvAvnyUVCariyVCm9rE",
    "jws" : "eyJiNjQiOmZhbHNlLCJjcml0IjpbImI2NCJdLCJhbGciOiJFZERTQSJ9..MFN-3D43cPpRrR2KVYzA0l6gm6dz5O69JxnjoUAtGVEQrX52HZ_XaGuNqIeUQan82t0bMpZsKh0b43D3O_wFAQ"
  }
}
Credential generated: {
  "type" : [ "VerifiableCredential", "VerifiableAttestation" ],
  "@context" : [ "https://www.w3.org/2018/credentials/v1", "https://w3id.org/security/suites/jws-2020/v1" ],
  "id" : "XXX",
  "issuer" : "did:key:z6MkjzfpAXXhn34rGxMCm2qzExDZjXvAvnyUVCariyVCm9rE",
  "issuanceDate" : "2021-12-03T10:15:30Z",
  "credentialSchema" : {
    "id" : "https://essif.europa.eu/tsr/education/CSR1224.json",
    "type" : "JsonSchemaValidator2018"
  },
  "credentialSubject" : {
    "id" : "did:key:z6MkjzfpAXXhn34rGxMCm2qzExDZjXvAvnyUVCariyVCm9rE",
    "authorizationClaims" : [ "claim1", "claim2" ],
    "givenName" : "Given Name"
  },
  "credentialStatus" : {
    "id" : "https://essif.europa.eu/status",
    "type" : "CredentialsStatusList2020"
  },
  "proof" : {
    "type" : "JsonWebSignature2020",
    "creator" : "did:key:z6MkjzfpAXXhn34rGxMCm2qzExDZjXvAvnyUVCariyVCm9rE",
    "created" : "2024-09-12T09:39:49Z",
    "verificationMethod" : "did:key:z6MkjzfpAXXhn34rGxMCm2qzExDZjXvAvnyUVCariyVCm9rE",
    "jws" : "eyJiNjQiOmZhbHNlLCJjcml0IjpbImI2NCJdLCJhbGciOiJFZERTQSJ9..eCsc1aANPVawghWCUuFR4HMdyb4XmBwiqHoiHx0jubvRaPjjpoBfwfbuC36IRHlZZ3W13TjZNjtQxSFKhpZ4Bg"
  }
}
Credential decoded: {"type":["VerifiableCredential","VerifiableAttestation"],"@context":["https://www.w3.org/2018/credentials/v1","https://w3id.org/security/suites/jws-2020/v1"],"id":"XXX","issuer":"did:key:z6MkjzfpAXXhn34rGxMCm2qzExDZjXvAvnyUVCariyVCm9rE","issuanceDate":"2021-12-03T10:15:30Z","proof":{"type":"JsonWebSignature2020","creator":"did:key:z6MkjzfpAXXhn34rGxMCm2qzExDZjXvAvnyUVCariyVCm9rE","created":"2024-09-12T09:39:49Z","verificationMethod":"did:key:z6MkjzfpAXXhn34rGxMCm2qzExDZjXvAvnyUVCariyVCm9rE","jws":"eyJiNjQiOmZhbHNlLCJjcml0IjpbImI2NCJdLCJhbGciOiJFZERTQSJ9..eCsc1aANPVawghWCUuFR4HMdyb4XmBwiqHoiHx0jubvRaPjjpoBfwfbuC36IRHlZZ3W13TjZNjtQxSFKhpZ4Bg"},"credentialSchema":{"id":"https://essif.europa.eu/tsr/education/CSR1224.json","type":"JsonSchemaValidator2018"},"credentialSubject":{"id":"did:key:z6MkjzfpAXXhn34rGxMCm2qzExDZjXvAvnyUVCariyVCm9rE","authorizationClaims":["claim1","claim2"],"givenName":"Given Name"},"credentialStatus":{"id":"https://essif.europa.eu/status","type":"CredentialsStatusList2020"}}
Verifying...
]]></system-out>
  <system-err><![CDATA[12980 [Test worker @coroutine#61] DEBUG id.walt.services.keystore.HKVKeyStoreService - Storing key "976b574442e34bd49d867c2e5e3839fa".
12980 [Test worker @coroutine#61] DEBUG id.walt.services.keystore.HKVKeyStoreService - Loading key "976b574442e34bd49d867c2e5e3839fa".
12980 [Test worker @coroutine#61] DEBUG id.walt.services.keystore.HKVKeyStoreService - Loading key "976b574442e34bd49d867c2e5e3839fa".
12980 [Test worker @coroutine#61] DEBUG id.walt.services.did.composers.DidDocumentComposerBase - Verification method JWK for kid: {"kty":"OKP","use":"sig","crv":"Ed25519","kid":"976b574442e34bd49d867c2e5e3839fa","x":"iV0w33XmvQllHjzoEutEgJlxnsLsQbmhgKD47k4w-J4","alg":"EdDSA"}
12980 [Test worker @coroutine#61] DEBUG id.walt.services.did.composers.DidDocumentComposerBase - Verification method public JWK: {"kty":"OKP","use":"sig","crv":"Ed25519","kid":"976b574442e34bd49d867c2e5e3839fa","x":"iV0w33XmvQllHjzoEutEgJlxnsLsQbmhgKD47k4w-J4","alg":"EdDSA"}
12981 [Test worker @coroutine#61] DEBUG id.walt.services.did.composers.DidDocumentComposerBase - Verification method parsed public JWK: Jwk(kid=976b574442e34bd49d867c2e5e3839fa, kty=OKP, alg=EdDSA, crv=Ed25519, use=sig, x=iV0w33XmvQllHjzoEutEgJlxnsLsQbmhgKD47k4w-J4, y=null, d=null, n=null, e=null, x5u=null)
12981 [Test worker @coroutine#61] DEBUG id.walt.services.keystore.HKVKeyStoreService - Loading key "976b574442e34bd49d867c2e5e3839fa".
12981 [Test worker @coroutine#61] DEBUG id.walt.services.did.DidService - A key with the id "976b574442e34bd49d867c2e5e3839fa" exists.
12981 [Test worker @coroutine#61] DEBUG id.walt.model.DidUrl - Trying to create DidUrl from URL: "did:web:walt.id"...
12981 [Test worker @coroutine#61] DEBUG id.walt.model.DidUrl - Trying to create DidUrl from URL: "did:web:walt.id"...
12982 [Test worker @coroutine#61] DEBUG id.walt.services.keystore.HKVKeyStoreService - Storing key "8ec4fd19ac4641baa7fa09198da36327".
12982 [Test worker @coroutine#61] DEBUG id.walt.services.keystore.HKVKeyStoreService - Loading key "8ec4fd19ac4641baa7fa09198da36327".
12982 [Test worker @coroutine#61] DEBUG id.walt.model.DidUrl - Trying to create DidUrl from URL: "did:key:z6MkjzfpAXXhn34rGxMCm2qzExDZjXvAvnyUVCariyVCm9rE"...
12984 [Test worker @coroutine#61] DEBUG id.walt.services.keystore.HKVKeyStoreService - Loading key "8ec4fd19ac4641baa7fa09198da36327".
12984 [Test worker @coroutine#61] DEBUG id.walt.services.did.DidService - A key with the id "8ec4fd19ac4641baa7fa09198da36327" exists.
12984 [Test worker @coroutine#61] DEBUG id.walt.model.DidUrl - Trying to create DidUrl from URL: "did:key:z6MkjzfpAXXhn34rGxMCm2qzExDZjXvAvnyUVCariyVCm9rE"...
12984 [Test worker @coroutine#61] DEBUG id.walt.model.DidUrl - Trying to create DidUrl from URL: "did:key:z6MkjzfpAXXhn34rGxMCm2qzExDZjXvAvnyUVCariyVCm9rE"...
12984 [Test worker @coroutine#61] DEBUG id.walt.services.keystore.HKVKeyStoreService - Storing key "92e52fcde74a4f29a22eb85ff5fc79a1".
12984 [Test worker @coroutine#61] DEBUG id.walt.services.keystore.HKVKeyStoreService - Loading key "92e52fcde74a4f29a22eb85ff5fc79a1".
12984 [Test worker @coroutine#61] DEBUG id.walt.model.DidUrl - Trying to create DidUrl from URL: "did:key:z6MkhvrqyeHTADs2uxNU1we4K3dKGVFm9ctkPfzbNAJN9W2U"...
12985 [Test worker @coroutine#61] DEBUG id.walt.services.keystore.HKVKeyStoreService - Loading key "92e52fcde74a4f29a22eb85ff5fc79a1".
12985 [Test worker @coroutine#61] DEBUG id.walt.services.did.DidService - A key with the id "92e52fcde74a4f29a22eb85ff5fc79a1" exists.
12985 [Test worker @coroutine#61] DEBUG id.walt.model.DidUrl - Trying to create DidUrl from URL: "did:key:z6MkhvrqyeHTADs2uxNU1we4K3dKGVFm9ctkPfzbNAJN9W2U"...
12985 [Test worker @coroutine#61] DEBUG id.walt.model.DidUrl - Trying to create DidUrl from URL: "did:key:z6MkhvrqyeHTADs2uxNU1we4K3dKGVFm9ctkPfzbNAJN9W2U"...
12986 [Test worker @coroutine#61] DEBUG id.walt.services.keystore.HKVKeyStoreService - Storing key "2b544f2edd5a4e79b10f9b1f4ecda517".
12986 [Test worker @coroutine#61] DEBUG id.walt.services.keystore.HKVKeyStoreService - Loading key "2b544f2edd5a4e79b10f9b1f4ecda517".
12986 [Test worker @coroutine#61] DEBUG id.walt.model.DidUrl - Trying to create DidUrl from URL: "did:key:z6Mkt3GYZX6rWZYv2QFJRUW3upNwoS9pXB4cRZhpidr2mu6i"...
12987 [Test worker @coroutine#61] DEBUG id.walt.services.keystore.HKVKeyStoreService - Loading key "2b544f2edd5a4e79b10f9b1f4ecda517".
12987 [Test worker @coroutine#61] DEBUG id.walt.services.did.DidService - A key with the id "2b544f2edd5a4e79b10f9b1f4ecda517" exists.
12987 [Test worker @coroutine#61] DEBUG id.walt.model.DidUrl - Trying to create DidUrl from URL: "did:key:z6Mkt3GYZX6rWZYv2QFJRUW3upNwoS9pXB4cRZhpidr2mu6i"...
12987 [Test worker @coroutine#61] DEBUG id.walt.model.DidUrl - Trying to create DidUrl from URL: "did:key:z6Mkt3GYZX6rWZYv2QFJRUW3upNwoS9pXB4cRZhpidr2mu6i"...
12988 [Test worker @coroutine#61] DEBUG id.walt.services.keystore.HKVKeyStoreService - Storing key "a22b9386900541a69fe81942a12e685a".
12988 [Test worker @coroutine#61] DEBUG id.walt.services.keystore.HKVKeyStoreService - Loading key "a22b9386900541a69fe81942a12e685a".
12988 [Test worker @coroutine#61] DEBUG id.walt.services.keystore.HKVKeyStoreService - Loading key "a22b9386900541a69fe81942a12e685a".
12988 [Test worker @coroutine#61] DEBUG id.walt.services.did.composers.DidDocumentComposerBase - Verification method JWK for kid: {"kty":"OKP","use":"sig","crv":"Ed25519","kid":"a22b9386900541a69fe81942a12e685a","x":"8bUh1BvIEDIiEbWX2hv5kOA9XSIqk6LPEIPwffjm8wg","alg":"EdDSA"}
12988 [Test worker @coroutine#61] DEBUG id.walt.services.did.composers.DidDocumentComposerBase - Verification method public JWK: {"kty":"OKP","use":"sig","crv":"Ed25519","kid":"a22b9386900541a69fe81942a12e685a","x":"8bUh1BvIEDIiEbWX2hv5kOA9XSIqk6LPEIPwffjm8wg","alg":"EdDSA"}
12989 [Test worker @coroutine#61] DEBUG id.walt.services.did.composers.DidDocumentComposerBase - Verification method parsed public JWK: Jwk(kid=a22b9386900541a69fe81942a12e685a, kty=OKP, alg=EdDSA, crv=Ed25519, use=sig, x=8bUh1BvIEDIiEbWX2hv5kOA9XSIqk6LPEIPwffjm8wg, y=null, d=null, n=null, e=null, x5u=null)
12989 [Test worker @coroutine#61] DEBUG id.walt.services.keystore.HKVKeyStoreService - Loading key "a22b9386900541a69fe81942a12e685a".
12989 [Test worker @coroutine#61] DEBUG id.walt.services.did.DidService - A key with the id "a22b9386900541a69fe81942a12e685a" exists.
12989 [Test worker @coroutine#61] DEBUG id.walt.model.DidUrl - Trying to create DidUrl from URL: "did:ebsi:zuWDpCJNkFKbNh1JXBk3gdv"...
12989 [Test worker @coroutine#61] DEBUG id.walt.model.DidUrl - Trying to create DidUrl from URL: "did:ebsi:zuWDpCJNkFKbNh1JXBk3gdv"...
12991 [Test worker @coroutine#61] DEBUG io.mockk.impl.stub.CommonClearer - Clearing [SchemaValidatorFactory(object SchemaValidatorFactory)] mocks ClearOptions(answers=true, recordedCalls=true, childMocks=true, verificationMarks=true, exclusionRules=true)
12993 [Test worker @coroutine#61] DEBUG io.mockk.impl.instantiation.AbstractMockFactory - Creating mockk for SchemaValidator name=child of object SchemaValidatorFactory#11
13340 [Test worker @coroutine#61] DEBUG io.mockk.impl.recording.states.AnsweringState - Answering id.walt.credentials.w3c.schema.NetworkntSchemaValidator@6f24ce45 on SchemaValidatorFactory(object SchemaValidatorFactory).get({
  "$schema" : "http://json-schema.org/draft-07/schema#",
  "type" : "object",
  "properties" : {
    "@context" : {
      "type" : "array",
      "items" : {
        "type" : "string"
      }
    },
    "credentialSchema" : {
      "type" : "object",
      "properties" : {
        "id" : {
          "type" : "string"
        },
        "type" : {
          "type" : "string"
        }
      },
      "additionalProperties" : false
    },
    "credentialStatus" : {
      "type" : "object",
      "properties" : {
        "id" : {
          "type" : "string"
        },
        "type" : {
          "type" : "string"
        }
      },
      "additionalProperties" : false
    },
    "credentialSubject" : {
      "type" : "object",
      "properties" : {
        "currentAddress" : {
          "type" : "array",
          "items" : {
            "type" : "string"
          }
        },
        "dateOfBirth" : {
          "type" : "string"
        },
        "familyName" : {
          "type" : "string"
        },
        "firstName" : {
          "type" : "string"
        },
        "gender" : {
          "type" : "string"
        },
        "id" : {
          "type" : "string"
        },
        "identifier" : {
          "type" : "array",
          "items" : {
            "type" : "object",
            "properties" : {
              "schemeID" : {
                "type" : "string"
              },
              "value" : {
                "type" : "string"
              }
            },
            "additionalProperties" : false
          }
        },
        "nameAndFamilyNameAtBirth" : {
          "type" : "string"
        },
        "personalIdentifier" : {
          "type" : "string"
        },
        "placeOfBirth" : {
          "type" : "string"
        }
      },
      "additionalProperties" : false
    },
    "evidence" : {
      "type" : "array",
      "items" : {
        "type" : "object",
        "properties" : {
          "documentPresence" : {
            "type" : "array",
            "items" : {
              "type" : "string"
            }
          },
          "evidenceDocument" : {
            "type" : "array",
            "items" : {
              "type" : "string"
            }
          },
          "id" : {
            "type" : "string"
          },
          "subjectPresence" : {
            "type" : "string"
          },
          "type" : {
            "type" : "array",
            "items" : {
              "type" : "string"
            }
          },
          "verifier" : {
            "type" : "string"
          }
        },
        "additionalProperties" : false
      }
    },
    "expirationDate" : {
      "type" : "string"
    },
    "id" : {
      "type" : "string"
    },
    "issuanceDate" : {
      "type" : "string"
    },
    "issued" : {
      "type" : "string"
    },
    "issuer" : {
      "type" : "string"
    },
    "proof" : {
      "type" : "object",
      "properties" : {
        "created" : {
          "type" : "string"
        },
        "creator" : {
          "type" : "string"
        },
        "domain" : {
          "type" : "string"
        },
        "jws" : {
          "type" : "string"
        },
        "nonce" : {
          "type" : "string"
        },
        "proofPurpose" : {
          "type" : "string"
        },
        "type" : {
          "type" : "string"
        },
        "verificationMethod" : {
          "type" : "string"
        }
      },
      "additionalProperties" : false
    },
    "type" : {
      "type" : "array",
      "items" : {
        "type" : "string"
      }
    },
    "validFrom" : {
      "type" : "string"
    }
  },
  "required" : [ "@context", "type" ],
  "title" : "EBSI Natural Person Verifiable ID",
  "description" : "Schema of an EBSI Verifiable ID for a natural person",
  "additionalProperties" : false
})
13343 [pool-1-thread-1 @coroutine#876] DEBUG id.walt.services.vc.WaltIdJsonLdCredentialService - Signing jsonLd object with: issuerDid (did:ebsi:zuWDpCJNkFKbNh1JXBk3gdv), domain (null), nonce (null
13343 [pool-1-thread-1 @coroutine#876] DEBUG id.walt.services.keystore.HKVKeyStoreService - Loading key "did:ebsi:zuWDpCJNkFKbNh1JXBk3gdv".
13344 [pool-1-thread-1 @coroutine#876] DEBUG id.walt.services.vc.WaltIdJsonLdCredentialService - Signing: {"type":["VerifiableCredential","VerifiableAttestation"],"@context":["https://www.w3.org/2018/credentials/v1"],"id":"XXX","issuer":"did:ebsi:zuWDpCJNkFKbNh1JXBk3gdv","issuanceDate":"2021-12-03T10:15:30Z","credentialSchema":{"id":"https://essif.europa.eu/tsr/education/CSR1224.json","type":"JsonSchemaValidator2018"},"credentialSubject":{"id":"did:key:z6MkhvrqyeHTADs2uxNU1we4K3dKGVFm9ctkPfzbNAJN9W2U","authorizationClaims":["claim1","claim2"]},"credentialStatus":{"id":"https://essif.europa.eu/status","type":"CredentialsStatusList2020"}}
Sep 12, 2024 11:39:48 AM com.apicatalog.jsonld.deseralization.JsonLdToRdf build
WARNING: Non well-formed subject [XXX] has been skipped.
13346 [pool-1-thread-1 @coroutine#876] DEBUG id.walt.services.keystore.HKVKeyStoreService - Loading key "a22b9386900541a69fe81942a12e685a".
13346 [pool-1-thread-1 @coroutine#876] DEBUG id.walt.services.keystore.HKVKeyStoreService - Loading key "a22b9386900541a69fe81942a12e685a".
13346 [pool-1-thread-1 @coroutine#876] DEBUG id.walt.services.keystore.HKVKeyStoreService - Loading key "a22b9386900541a69fe81942a12e685a".
13347 [pool-1-thread-1 @coroutine#876] DEBUG id.walt.services.vc.WaltIdJsonLdCredentialService - Creating a presentation for VCs:
[PresentableCredential(verifiableCredential={"type":["VerifiableCredential","VerifiableAttestation"],"@context":["https://www.w3.org/2018/credentials/v1","https://w3id.org/security/suites/jws-2020/v1"],"id":"XXX","issuer":"did:ebsi:zuWDpCJNkFKbNh1JXBk3gdv","issuanceDate":"2021-12-03T10:15:30Z","proof":{"type":"JsonWebSignature2020","creator":"did:ebsi:zuWDpCJNkFKbNh1JXBk3gdv","created":"2024-09-12T09:39:48Z","verificationMethod":"did:ebsi:zuWDpCJNkFKbNh1JXBk3gdv","jws":"eyJiNjQiOmZhbHNlLCJjcml0IjpbImI2NCJdLCJhbGciOiJFZERTQSJ9..liYcm8fsRlpA4_myyK3a70kzgddpNNI64UeMBduS-atBKVToRp1ugl1pFkoIJxcAg02hwVm6NCnI00M2FYBBCA"},"credentialSchema":{"id":"https://essif.europa.eu/tsr/education/CSR1224.json","type":"JsonSchemaValidator2018"},"credentialSubject":{"id":"did:key:z6MkhvrqyeHTADs2uxNU1we4K3dKGVFm9ctkPfzbNAJN9W2U","authorizationClaims":["claim1","claim2"]},"credentialStatus":{"id":"https://essif.europa.eu/status","type":"CredentialsStatusList2020"}}, selectiveDisclosure=null, discloseAll=false)]
13347 [pool-1-thread-1 @coroutine#876] DEBUG id.walt.model.DidUrl - Trying to create DidUrl from URL: "did:key:z6MkhvrqyeHTADs2uxNU1we4K3dKGVFm9ctkPfzbNAJN9W2U"...
13347 [pool-1-thread-1 @coroutine#876] DEBUG id.walt.services.vc.WaltIdJsonLdCredentialService - Signing jsonLd object with: issuerDid (did:key:z6MkhvrqyeHTADs2uxNU1we4K3dKGVFm9ctkPfzbNAJN9W2U), domain (example.com), nonce (asdf
13347 [pool-1-thread-1 @coroutine#876] DEBUG id.walt.services.keystore.HKVKeyStoreService - Loading key "did:key:z6MkhvrqyeHTADs2uxNU1we4K3dKGVFm9ctkPfzbNAJN9W2U#z6MkhvrqyeHTADs2uxNU1we4K3dKGVFm9ctkPfzbNAJN9W2U".
13347 [pool-1-thread-1 @coroutine#876] DEBUG id.walt.services.vc.WaltIdJsonLdCredentialService - Signing: {"type":["VerifiablePresentation"],"@context":["https://www.w3.org/2018/credentials/v1"],"id":"urn:uuid:0e5be833-6e1f-4889-9f6a-fd5deb56b619","holder":"did:key:z6MkhvrqyeHTADs2uxNU1we4K3dKGVFm9ctkPfzbNAJN9W2U","verifiableCredential":[{"type":["VerifiableCredential","VerifiableAttestation"],"@context":["https://www.w3.org/2018/credentials/v1","https://w3id.org/security/suites/jws-2020/v1"],"id":"XXX","issuer":"did:ebsi:zuWDpCJNkFKbNh1JXBk3gdv","issuanceDate":"2021-12-03T10:15:30Z","proof":{"type":"JsonWebSignature2020","creator":"did:ebsi:zuWDpCJNkFKbNh1JXBk3gdv","created":"2024-09-12T09:39:48Z","verificationMethod":"did:ebsi:zuWDpCJNkFKbNh1JXBk3gdv","jws":"eyJiNjQiOmZhbHNlLCJjcml0IjpbImI2NCJdLCJhbGciOiJFZERTQSJ9..liYcm8fsRlpA4_myyK3a70kzgddpNNI64UeMBduS-atBKVToRp1ugl1pFkoIJxcAg02hwVm6NCnI00M2FYBBCA"},"credentialSchema":{"id":"https://essif.europa.eu/tsr/education/CSR1224.json","type":"JsonSchemaValidator2018"},"credentialSubject":{"id":"did:key:z6MkhvrqyeHTADs2uxNU1we4K3dKGVFm9ctkPfzbNAJN9W2U","authorizationClaims":["claim1","claim2"]},"credentialStatus":{"id":"https://essif.europa.eu/status","type":"CredentialsStatusList2020"}}]}
Sep 12, 2024 11:39:48 AM com.apicatalog.jsonld.deseralization.JsonLdToRdf build
WARNING: Non well-formed subject [XXX] has been skipped.
13349 [pool-1-thread-1 @coroutine#876] DEBUG id.walt.services.keystore.HKVKeyStoreService - Loading key "92e52fcde74a4f29a22eb85ff5fc79a1".
13349 [pool-1-thread-1 @coroutine#876] DEBUG id.walt.services.keystore.HKVKeyStoreService - Loading key "92e52fcde74a4f29a22eb85ff5fc79a1".
13349 [pool-1-thread-1 @coroutine#876] DEBUG id.walt.services.keystore.HKVKeyStoreService - Loading key "92e52fcde74a4f29a22eb85ff5fc79a1".
13350 [pool-1-thread-1 @coroutine#876] DEBUG id.walt.services.vc.WaltIdJsonLdCredentialService - VP created:{
  "type" : [ "VerifiablePresentation" ],
  "@context" : [ "https://www.w3.org/2018/credentials/v1", "https://w3id.org/security/suites/jws-2020/v1" ],
  "id" : "urn:uuid:0e5be833-6e1f-4889-9f6a-fd5deb56b619",
  "holder" : "did:key:z6MkhvrqyeHTADs2uxNU1we4K3dKGVFm9ctkPfzbNAJN9W2U",
  "verifiableCredential" : [ {
    "type" : [ "VerifiableCredential", "VerifiableAttestation" ],
    "@context" : [ "https://www.w3.org/2018/credentials/v1", "https://w3id.org/security/suites/jws-2020/v1" ],
    "id" : "XXX",
    "issuer" : "did:ebsi:zuWDpCJNkFKbNh1JXBk3gdv",
    "issuanceDate" : "2021-12-03T10:15:30Z",
    "proof" : {
      "type" : "JsonWebSignature2020",
      "creator" : "did:ebsi:zuWDpCJNkFKbNh1JXBk3gdv",
      "created" : "2024-09-12T09:39:48Z",
      "verificationMethod" : "did:ebsi:zuWDpCJNkFKbNh1JXBk3gdv",
      "jws" : "eyJiNjQiOmZhbHNlLCJjcml0IjpbImI2NCJdLCJhbGciOiJFZERTQSJ9..liYcm8fsRlpA4_myyK3a70kzgddpNNI64UeMBduS-atBKVToRp1ugl1pFkoIJxcAg02hwVm6NCnI00M2FYBBCA"
    },
    "credentialSchema" : {
      "id" : "https://essif.europa.eu/tsr/education/CSR1224.json",
      "type" : "JsonSchemaValidator2018"
    },
    "credentialSubject" : {
      "id" : "did:key:z6MkhvrqyeHTADs2uxNU1we4K3dKGVFm9ctkPfzbNAJN9W2U",
      "authorizationClaims" : [ "claim1", "claim2" ]
    },
    "credentialStatus" : {
      "id" : "https://essif.europa.eu/status",
      "type" : "CredentialsStatusList2020"
    }
  } ],
  "proof" : {
    "type" : "JsonWebSignature2020",
    "creator" : "did:key:z6MkhvrqyeHTADs2uxNU1we4K3dKGVFm9ctkPfzbNAJN9W2U",
    "created" : "2024-09-12T09:39:48Z",
    "domain" : "example.com",
    "nonce" : "asdf",
    "proofPurpose" : "authentication",
    "verificationMethod" : "did:key:z6MkhvrqyeHTADs2uxNU1we4K3dKGVFm9ctkPfzbNAJN9W2U#z6MkhvrqyeHTADs2uxNU1we4K3dKGVFm9ctkPfzbNAJN9W2U",
    "jws" : "eyJiNjQiOmZhbHNlLCJjcml0IjpbImI2NCJdLCJhbGciOiJFZERTQSJ9..zgqoH4DD4uazCyN-ZupOLZpgDMZ_RuNzYcL7tmV92LXCgsIeEArYg-EXisoc1nTs0Enb3qRNEEQSG4JB8k7EAA"
  }
}
13350 [pool-1-thread-1 @coroutine#876] DEBUG id.walt.model.DidUrl - Trying to create DidUrl from URL: "did:key:z6MkhvrqyeHTADs2uxNU1we4K3dKGVFm9ctkPfzbNAJN9W2U#z6MkhvrqyeHTADs2uxNU1we4K3dKGVFm9ctkPfzbNAJN9W2U"...
13352 [pool-1-thread-1 @coroutine#876] DEBUG id.walt.model.DidUrl - Trying to create DidUrl from URL: "did:key:z6MkhvrqyeHTADs2uxNU1we4K3dKGVFm9ctkPfzbNAJN9W2U"...
13352 [pool-1-thread-1 @coroutine#876] DEBUG id.walt.model.DidUrl - Trying to create DidUrl from URL: "did:key:z6MkhvrqyeHTADs2uxNU1we4K3dKGVFm9ctkPfzbNAJN9W2U"...
13353 [pool-1-thread-1 @coroutine#876] DEBUG id.walt.services.did.DidService - DID imported: did:key:z6MkhvrqyeHTADs2uxNU1we4K3dKGVFm9ctkPfzbNAJN9W2U#z6MkhvrqyeHTADs2uxNU1we4K3dKGVFm9ctkPfzbNAJN9W2U
13353 [pool-1-thread-1 @coroutine#876] DEBUG id.walt.services.did.DidService - Loading or resolving "did:key:z6MkhvrqyeHTADs2uxNU1we4K3dKGVFm9ctkPfzbNAJN9W2U#z6MkhvrqyeHTADs2uxNU1we4K3dKGVFm9ctkPfzbNAJN9W2U"...
13353 [pool-1-thread-1 @coroutine#876] DEBUG id.walt.model.DidUrl - Trying to create DidUrl from URL: "did:key:z6MkhvrqyeHTADs2uxNU1we4K3dKGVFm9ctkPfzbNAJN9W2U#z6MkhvrqyeHTADs2uxNU1we4K3dKGVFm9ctkPfzbNAJN9W2U"...
13353 [pool-1-thread-1 @coroutine#876] DEBUG id.walt.services.did.DidService - loadOrResolve: url=DidUrl(method=key, identifier=z6MkhvrqyeHTADs2uxNU1we4K3dKGVFm9ctkPfzbNAJN9W2U, fragment=z6MkhvrqyeHTADs2uxNU1we4K3dKGVFm9ctkPfzbNAJN9W2U, query=null), length of stored=null
13353 [pool-1-thread-1 @coroutine#876] DEBUG id.walt.model.DidUrl - Trying to create DidUrl from URL: "did:key:z6MkhvrqyeHTADs2uxNU1we4K3dKGVFm9ctkPfzbNAJN9W2U#z6MkhvrqyeHTADs2uxNU1we4K3dKGVFm9ctkPfzbNAJN9W2U"...
13355 [pool-1-thread-1 @coroutine#876] DEBUG id.walt.model.DidUrl - Trying to create DidUrl from URL: "did:key:z6MkhvrqyeHTADs2uxNU1we4K3dKGVFm9ctkPfzbNAJN9W2U"...
13355 [pool-1-thread-1 @coroutine#876] DEBUG id.walt.model.DidUrl - Trying to create DidUrl from URL: "did:key:z6MkhvrqyeHTADs2uxNU1we4K3dKGVFm9ctkPfzbNAJN9W2U"...
13356 [pool-1-thread-1 @coroutine#876] DEBUG id.walt.services.did.DidService - Key imported for: did:key:z6MkhvrqyeHTADs2uxNU1we4K3dKGVFm9ctkPfzbNAJN9W2U#z6MkhvrqyeHTADs2uxNU1we4K3dKGVFm9ctkPfzbNAJN9W2U
13356 [pool-1-thread-1 @coroutine#876] DEBUG id.walt.services.did.DidService - Loading or resolving "did:key:z6MkhvrqyeHTADs2uxNU1we4K3dKGVFm9ctkPfzbNAJN9W2U"...
13356 [pool-1-thread-1 @coroutine#876] DEBUG id.walt.model.DidUrl - Trying to create DidUrl from URL: "did:key:z6MkhvrqyeHTADs2uxNU1we4K3dKGVFm9ctkPfzbNAJN9W2U"...
13356 [pool-1-thread-1 @coroutine#876] DEBUG id.walt.services.did.DidService - loadOrResolve: url=DidUrl(method=key, identifier=z6MkhvrqyeHTADs2uxNU1we4K3dKGVFm9ctkPfzbNAJN9W2U, fragment=z6MkhvrqyeHTADs2uxNU1we4K3dKGVFm9ctkPfzbNAJN9W2U, query=null), length of stored=1639
13356 [pool-1-thread-1 @coroutine#876] DEBUG id.walt.model.DidUrl - Trying to create DidUrl from URL: "did:key:z6MkhvrqyeHTADs2uxNU1we4K3dKGVFm9ctkPfzbNAJN9W2U"...
13358 [pool-1-thread-1 @coroutine#876] DEBUG id.walt.services.vc.WaltIdJsonLdCredentialService - Loading verification key for:  did:key:z6MkhvrqyeHTADs2uxNU1we4K3dKGVFm9ctkPfzbNAJN9W2U#z6MkhvrqyeHTADs2uxNU1we4K3dKGVFm9ctkPfzbNAJN9W2U
13358 [pool-1-thread-1 @coroutine#876] DEBUG id.walt.services.vc.WaltIdJsonLdCredentialService - Document loader config: isEnableHttp (true), isEnableHttps (true), isEnableFile (true), isEnableLocalCache (true)
13358 [pool-1-thread-1 @coroutine#876] DEBUG id.walt.services.vc.WaltIdJsonLdCredentialService - Decoded Json LD object: {"type":["VerifiablePresentation"],"@context":["https://www.w3.org/2018/credentials/v1","https://w3id.org/security/suites/jws-2020/v1"],"id":"urn:uuid:0e5be833-6e1f-4889-9f6a-fd5deb56b619","holder":"did:key:z6MkhvrqyeHTADs2uxNU1we4K3dKGVFm9ctkPfzbNAJN9W2U","verifiableCredential":[{"type":["VerifiableCredential","VerifiableAttestation"],"@context":["https://www.w3.org/2018/credentials/v1","https://w3id.org/security/suites/jws-2020/v1"],"id":"XXX","issuer":"did:ebsi:zuWDpCJNkFKbNh1JXBk3gdv","issuanceDate":"2021-12-03T10:15:30Z","proof":{"type":"JsonWebSignature2020","creator":"did:ebsi:zuWDpCJNkFKbNh1JXBk3gdv","created":"2024-09-12T09:39:48Z","verificationMethod":"did:ebsi:zuWDpCJNkFKbNh1JXBk3gdv","jws":"eyJiNjQiOmZhbHNlLCJjcml0IjpbImI2NCJdLCJhbGciOiJFZERTQSJ9..liYcm8fsRlpA4_myyK3a70kzgddpNNI64UeMBduS-atBKVToRp1ugl1pFkoIJxcAg02hwVm6NCnI00M2FYBBCA"},"credentialSchema":{"id":"https://essif.europa.eu/tsr/education/CSR1224.json","type":"JsonSchemaValidator2018"},"credentialSubject":{"id":"did:key:z6MkhvrqyeHTADs2uxNU1we4K3dKGVFm9ctkPfzbNAJN9W2U","authorizationClaims":["claim1","claim2"]},"credentialStatus":{"id":"https://essif.europa.eu/status","type":"CredentialsStatusList2020"}}],"proof":{"type":"JsonWebSignature2020","creator":"did:key:z6MkhvrqyeHTADs2uxNU1we4K3dKGVFm9ctkPfzbNAJN9W2U","created":"2024-09-12T09:39:48Z","domain":"example.com","nonce":"asdf","proofPurpose":"authentication","verificationMethod":"did:key:z6MkhvrqyeHTADs2uxNU1we4K3dKGVFm9ctkPfzbNAJN9W2U#z6MkhvrqyeHTADs2uxNU1we4K3dKGVFm9ctkPfzbNAJN9W2U","jws":"eyJiNjQiOmZhbHNlLCJjcml0IjpbImI2NCJdLCJhbGciOiJFZERTQSJ9..zgqoH4DD4uazCyN-ZupOLZpgDMZ_RuNzYcL7tmV92LXCgsIeEArYg-EXisoc1nTs0Enb3qRNEEQSG4JB8k7EAA"}}
13358 [pool-1-thread-1 @coroutine#876] DEBUG id.walt.services.storeUmu.defaultSoreServiceUmu - Loading key "z6MkhvrqyeHTADs2uxNU1we4K3dKGVFm9ctkPfzbNAJN9W2U"...
13361 [pool-1-thread-1 @coroutine#877] DEBUG id.walt.services.vc.WaltIdJsonLdCredentialService - Signing jsonLd object with: issuerDid (did:web:walt.id), domain (example.com), nonce (null
13361 [pool-1-thread-1 @coroutine#877] DEBUG id.walt.services.keystore.HKVKeyStoreService - Loading key "did:web:walt.id".
13362 [pool-1-thread-1 @coroutine#877] DEBUG id.walt.services.vc.WaltIdJsonLdCredentialService - Signing: {"type":["VerifiableCredential","UniversityDegreeCredential"],"@context":["https://www.w3.org/2018/credentials/v1","https://www.w3.org/2018/credentials/examples/v1"],"id":"http://example.gov/credentials/3732","issuer":{"id":"did:web:walt.id"},"issuanceDate":"2020-03-10T04:24:12.164Z","credentialSubject":{"id":"did:example:ebfeb1f712ebc6f1c276e12ec21","degree":{"type":"BachelorDegree","name":"Bachelor of Science and Arts"},"skills":["Java","C++"]},"description":"This credential proofs the work-history of a contractor and the associated skills that were verified during that time."}
13366 [pool-1-thread-1 @coroutine#877] DEBUG id.walt.services.keystore.HKVKeyStoreService - Loading key "976b574442e34bd49d867c2e5e3839fa".
13366 [pool-1-thread-1 @coroutine#877] DEBUG id.walt.services.keystore.HKVKeyStoreService - Loading key "976b574442e34bd49d867c2e5e3839fa".
13366 [pool-1-thread-1 @coroutine#877] DEBUG id.walt.services.keystore.HKVKeyStoreService - Loading key "976b574442e34bd49d867c2e5e3839fa".
13367 [pool-1-thread-1 @coroutine#877] DEBUG id.walt.model.DidUrl - Trying to create DidUrl from URL: "did:web:walt.id"...
13368 [pool-1-thread-1 @coroutine#877] DEBUG id.walt.model.DidUrl - Trying to create DidUrl from URL: "did:web:walt.id"...
13369 [pool-1-thread-1 @coroutine#878] DEBUG id.walt.services.did.resolvers.DidResolverBase - Resolving DID DidUrl(method=web, identifier=walt.id, fragment=walt.id, query=null)
13369 [pool-1-thread-1 @coroutine#878] DEBUG id.walt.services.did.resolvers.DidResolverBase - Fetching DID from https://walt.id/.well-known/did.json
14178 [pool-1-thread-1 @coroutine#878] DEBUG id.walt.services.did.resolvers.DidResolverBase - <!doctype html>
<html xmlns:og="http://opengraphprotocol.org/schema/" xmlns:fb="http://www.facebook.com/2008/fbml" lang="en-US"  >
  <head>
    <meta http-equiv="X-UA-Compatible" content="IE=edge,chrome=1">
    <meta name="viewport" content="width=device-width, initial-scale=1">
    <!-- This is Squarespace. --><!-- prism-badger-b5t4 -->
<base href="">
<meta charset="utf-8" />
<title>walt.id</title>
<meta http-equiv="Accept-CH" content="Sec-CH-UA-Platform-Version, Sec-CH-UA-Model" /><link rel="icon" type="image/x-icon" href="https://images.squarespace-cdn.com/content/v1/609c0ddf94bcc0278a7cbdb4/57a22a67-9804-4c9f-9f82-91193b5cee7e/favicon.ico?format=100w"/>
<meta property="og:site_name" content="walt.id"/>
<meta property="og:title" content="walt.id"/>
<meta property="og:type" content="website"/>
<meta property="og:image" content="http://images.squarespace-cdn.com/content/v1/609c0ddf94bcc0278a7cbdb4/4d493ccf-c893-4882-925f-fda3256c38f4/Walt.id_Logo_transparent.png?format=1500w"/>
<meta itemprop="name" content="walt.id"/>
<meta itemprop="thumbnailUrl" content="http://images.squarespace-cdn.com/content/v1/609c0ddf94bcc0278a7cbdb4/4d493ccf-c893-4882-925f-fda3256c38f4/Walt.id_Logo_transparent.png?format=1500w"/>
<link rel="image_src" href="http://images.squarespace-cdn.com/content/v1/609c0ddf94bcc0278a7cbdb4/4d493ccf-c893-4882-925f-fda3256c38f4/Walt.id_Logo_transparent.png?format=1500w" />
<meta itemprop="image" content="http://images.squarespace-cdn.com/content/v1/609c0ddf94bcc0278a7cbdb4/4d493ccf-c893-4882-925f-fda3256c38f4/Walt.id_Logo_transparent.png?format=1500w"/>
<meta name="twitter:title" content="walt.id"/>
<meta name="twitter:image" content="http://images.squarespace-cdn.com/content/v1/609c0ddf94bcc0278a7cbdb4/4d493ccf-c893-4882-925f-fda3256c38f4/Walt.id_Logo_transparent.png?format=1500w"/>
<meta name="twitter:card" content="summary"/>
<meta name="description" content="" />
<link rel="preconnect" href="https://images.squarespace-cdn.com">
<script type="text/javascript" src="//use.typekit.net/ik/PjTReF3jHeoK301KI98rxkZzLaDAzj2GJM83l3Rnth9feTjIfFHN4UJLFRbh52jhWDj35Aw3Zesc5QsKjhw3wRStjQiRjcsKFgnxMKG0jAFu-WsoShFGZAsude80ZkoRdhXCHKoyjamTiY8Djhy8ZYmC-Ao1Oco8if37OcBDOcu8OfG0SY4TShXljcBqZhmkOAJui2b0SaBujW48Sagyjh90jhNlOfG0SaBujW48SagyjhmDjhy8ZYmC-Ao1OcFzdPUyjamTiY8Djhy8ZYmC-Ao1OcFzdPUyjamTiY8Djhy8ZYmC-Ao1Oco8ifUySkolZPUCdhFydeyzSabCSY4TShXljcBqZhmkOAJui2b0SaBujW48Sagyjh90jhNlOYFUiABkZWF3jAF8ShFGZAsude80ZkoRdhXCihBCifoTZfUaiaS0jAFu-WsoShFGZAsude80ZkoRdhXCiaiaOcBRiA8XpWFR-emqiAUTdcS0dcmXOYiaikoySkolZPUaiaS0SY4TShXljcBqZhmkOAJui2b0SaBujW48Sagyjh90jhNlOYiaikoDSWmyScmDSeBRZWFR-emqiAUTdcS0jhNlOYiaikoajAUXOc8qJ6U3ScNt-AuyOAozicI7fbRKHyMMeMw6MKG4fHvgIMMjgfMfH6GJCwbgIMMjgPMfH6qJK3IbMg6YJMJ7fbRRHyMMeMX6MKG4fOMgIMMj2KMfH6GJCSbgIMMj2kMfH6qJRMIbMg6sJMHbMdYvC7je.js"></script>
<script type="text/javascript">try{Typekit.load();}catch(e){}</script>
<script type="text/javascript" crossorigin="anonymous" defer="defer" nomodule="nomodule" src="//assets.squarespace.com/@sqs/polyfiller/1.6/legacy.js"></script>
<script type="text/javascript" crossorigin="anonymous" defer="defer" src="//assets.squarespace.com/@sqs/polyfiller/1.6/modern.js"></script>
<script type="text/javascript">SQUARESPACE_ROLLUPS = {};</script>
<script>(function(rollups, name) { if (!rollups[name]) { rollups[name] = {}; } rollups[name].js = ["//assets.squarespace.com/universal/scripts-compressed/extract-css-runtime-9d1e920da0bed7b88658-min.en-US.js"]; })(SQUARESPACE_ROLLUPS, 'squarespace-extract_css_runtime');</script>
<script crossorigin="anonymous" src="//assets.squarespace.com/universal/scripts-compressed/extract-css-runtime-9d1e920da0bed7b88658-min.en-US.js" defer ></script><script>(function(rollups, name) { if (!rollups[name]) { rollups[name] = {}; } rollups[name].js = ["//assets.squarespace.com/universal/scripts-compressed/extract-css-moment-js-vendor-6c569122bfa66a51a056-min.en-US.js"]; })(SQUARESPACE_ROLLUPS, 'squarespace-extract_css_moment_js_vendor');</script>
<script crossorigin="anonymous" src="//assets.squarespace.com/universal/scripts-compressed/extract-css-moment-js-vendor-6c569122bfa66a51a056-min.en-US.js" defer ></script><script>(function(rollups, name) { if (!rollups[name]) { rollups[name] = {}; } rollups[name].js = ["//assets.squarespace.com/universal/scripts-compressed/cldr-resource-pack-e85130cf44bc2d365b8b-min.en-US.js"]; })(SQUARESPACE_ROLLUPS, 'squarespace-cldr_resource_pack');</script>
<script crossorigin="anonymous" src="//assets.squarespace.com/universal/scripts-compressed/cldr-resource-pack-e85130cf44bc2d365b8b-min.en-US.js" defer ></script><script>(function(rollups, name) { if (!rollups[name]) { rollups[name] = {}; } rollups[name].js = ["//assets.squarespace.com/universal/scripts-compressed/common-vendors-stable-b03dd66b7c78e5e40bc7-min.en-US.js"]; })(SQUARESPACE_ROLLUPS, 'squarespace-common_vendors_stable');</script>
<script crossorigin="anonymous" src="//assets.squarespace.com/universal/scripts-compressed/common-vendors-stable-b03dd66b7c78e5e40bc7-min.en-US.js" defer ></script><script>(function(rollups, name) { if (!rollups[name]) { rollups[name] = {}; } rollups[name].js = ["//assets.squarespace.com/universal/scripts-compressed/common-vendors-a32defeb077d27838b3a-min.en-US.js"]; })(SQUARESPACE_ROLLUPS, 'squarespace-common_vendors');</script>
<script crossorigin="anonymous" src="//assets.squarespace.com/universal/scripts-compressed/common-vendors-a32defeb077d27838b3a-min.en-US.js" defer ></script><script>(function(rollups, name) { if (!rollups[name]) { rollups[name] = {}; } rollups[name].js = ["//assets.squarespace.com/universal/scripts-compressed/common-0d056c345ecf62d9430e-min.en-US.js"]; })(SQUARESPACE_ROLLUPS, 'squarespace-common');</script>
<script crossorigin="anonymous" src="//assets.squarespace.com/universal/scripts-compressed/common-0d056c345ecf62d9430e-min.en-US.js" defer ></script><script data-name="static-context">Static = window.Static || {}; Static.SQUARESPACE_CONTEXT = {"betaFeatureFlags":["campaigns_global_uc_ab","accounting_orders_sync","collection_typename_switching","commerce_clearpay","supports_versioned_template_assets","hideable_header_footer_for_videos","background_art_onboarding","campaigns_new_image_layout_picker","order_status_page_checkout_landing_enabled","fluid_engine","member_areas_feature","use_new_surname_first_name_formatter","marketing_landing_page","is_feature_gate_refresh_enabled","campaigns_discount_section_in_blasts","i18n_beta_website_locales","hide_header_footer_beta","contacts_and_campaigns_redesign","toggle_preview_new_shortcut","campaigns_thumbnail_layout","fluid_engine_clean_up_grid_contextual_change","unify_edit_mode_p2","commerce_site_visitor_metrics","donations_refresh_in_circle_labs","commerce_subscription_renewal_notifications","override_block_styles","send_local_pickup_ready_email","themes","hideable_header_footer_for_courses","hideable_header_footer","donations_refresh","campaigns_import_discounts","commerce_paywall_renewal_notifications","crm_redesign_phase_1","enable_css_variable_tweaks","emit_donation_events_to_census","crm_product_contacts_use_mfe","nested_categories","hideable_header_footer_for_memberareas","campaigns_discount_section_in_automations","pages_panel_v3_search_bar","customer_accounts_email_verification","customer_account_creation_recaptcha","commerce_order_status_access","visitor_react_forms","new_stacked_index","gdpr_cookie_banner","blueprint_content_replacement","rewrite_transactional_email_from_address","nested_categories_migration_enabled","scripts_defer"],"videoAssetsFeatureFlags":["mux-data-video-collection","mux-data-course-collection"],"facebookAppId":"314192535267336","facebookApiVersion":"v6.0","rollups":{"squarespace-announcement-bar":{"js":"//assets.squarespace.com/universal/scripts-compressed/announcement-bar-5489476ed6b12c4b5205-min.en-US.js"},"squarespace-audio-player":{"css":"//assets.squarespace.com/universal/styles-compressed/audio-player-ef238f99d44a3bdc6fbe-min.en-US.css","js":"//assets.squarespace.com/universal/scripts-compressed/audio-player-d0bc63e327912cc1fb93-min.en-US.js"},"squarespace-blog-collection-list":{"css":"//assets.squarespace.com/universal/styles-compressed/blog-collection-list-8ec841cacfb75d4282f4-min.en-US.css","js":"//assets.squarespace.com/universal/scripts-compressed/blog-collection-list-7fa00fe7cf528fa9348d-min.en-US.js"},"squarespace-calendar-block-renderer":{"css":"//assets.squarespace.com/universal/styles-compressed/calendar-block-renderer-b15e2d46a617c8add4b4-min.en-US.css","js":"//assets.squarespace.com/universal/scripts-compressed/calendar-block-renderer-bfc2641354cdb940704b-min.en-US.js"},"squarespace-chartjs-helpers":{"css":"//assets.squarespace.com/universal/styles-compressed/chartjs-helpers-9e75b5d75bb5cb4c1f67-min.en-US.css","js":"//assets.squarespace.com/universal/scripts-compressed/chartjs-helpers-aad8c5502514c3c48c0a-min.en-US.js"},"squarespace-comments":{"css":"//assets.squarespace.com/universal/styles-compressed/comments-a0d9356d7c1596ab2c53-min.en-US.css","js":"//assets.squarespace.com/universal/scripts-compressed/comments-65d28e505aeebdda21fe-min.en-US.js"},"squarespace-custom-css-popup":{"css":"//assets.squarespace.com/universal/styles-compressed/custom-css-popup-874c10b32cc96dd5decf-min.en-US.css","js":"//assets.squarespace.com/universal/scripts-compressed/custom-css-popup-0f3e1f7b6b4f13b73aa9-min.en-US.js"},"squarespace-dialog":{"css":"//assets.squarespace.com/universal/styles-compressed/dialog-356db8caa3700c4ee3d1-min.en-US.css","js":"//assets.squarespace.com/universal/scripts-compressed/dialog-63ab37531003e7f875c3-min.en-US.js"},"squarespace-events-collection":{"css":"//assets.squarespace.com/universal/styles-compressed/events-collection-b15e2d46a617c8add4b4-min.en-US.css","js":"//assets.squarespace.com/universal/scripts-compressed/events-collection-b0d5780bc8f1dbbd0ff1-min.en-US.js"},"squarespace-form-rendering-utils":{"js":"//assets.squarespace.com/universal/scripts-compressed/form-rendering-utils-31fdc8e2a6c30637affb-min.en-US.js"},"squarespace-forms":{"css":"//assets.squarespace.com/universal/styles-compressed/forms-b952cddb94c5d471b8d3-min.en-US.css","js":"//assets.squarespace.com/universal/scripts-compressed/forms-bd4ad05030f020efd3d2-min.en-US.js"},"squarespace-gallery-collection-list":{"css":"//assets.squarespace.com/universal/styles-compressed/gallery-collection-list-8ec841cacfb75d4282f4-min.en-US.css","js":"//assets.squarespace.com/universal/scripts-compressed/gallery-collection-list-b8de094e7f01567755f6-min.en-US.js"},"squarespace-image-zoom":{"css":"//assets.squarespace.com/universal/styles-compressed/image-zoom-8ec841cacfb75d4282f4-min.en-US.css","js":"//assets.squarespace.com/universal/scripts-compressed/image-zoom-d1ade8a365b59c22afc8-min.en-US.js"},"squarespace-pinterest":{"css":"//assets.squarespace.com/universal/styles-compressed/pinterest-8ec841cacfb75d4282f4-min.en-US.css","js":"//assets.squarespace.com/universal/scripts-compressed/pinterest-914dff952c0cc3178d84-min.en-US.js"},"squarespace-popup-overlay":{"css":"//assets.squarespace.com/universal/styles-compressed/popup-overlay-e89b4cc96c222ed66c64-min.en-US.css","js":"//assets.squarespace.com/universal/scripts-compressed/popup-overlay-bbe0aa0c831cbac30f88-min.en-US.js"},"squarespace-product-quick-view":{"css":"//assets.squarespace.com/universal/styles-compressed/product-quick-view-417478db9bb9da5c65d0-min.en-US.css","js":"//assets.squarespace.com/universal/scripts-compressed/product-quick-view-f20927f721bd18d0c72c-min.en-US.js"},"squarespace-products-collection-item-v2":{"css":"//assets.squarespace.com/universal/styles-compressed/products-collection-item-v2-8ec841cacfb75d4282f4-min.en-US.css","js":"//assets.squarespace.com/universal/scripts-compressed/products-collection-item-v2-655f0e3594fcce586e44-min.en-US.js"},"squarespace-products-collection-list-v2":{"css":"//assets.squarespace.com/universal/styles-compressed/products-collection-list-v2-8ec841cacfb75d4282f4-min.en-US.css","js":"//assets.squarespace.com/universal/scripts-compressed/products-collection-list-v2-c84ebf15513dcfd7d11a-min.en-US.js"},"squarespace-search-page":{"css":"//assets.squarespace.com/universal/styles-compressed/search-page-917382e71b023cec7555-min.en-US.css","js":"//assets.squarespace.com/universal/scripts-compressed/search-page-13e6fc85092296849ca5-min.en-US.js"},"squarespace-search-preview":{"js":"//assets.squarespace.com/universal/scripts-compressed/search-preview-a22c5d153d192e53bd64-min.en-US.js"},"squarespace-simple-liking":{"css":"//assets.squarespace.com/universal/styles-compressed/simple-liking-4279cc7bb78333b8db43-min.en-US.css","js":"//assets.squarespace.com/universal/scripts-compressed/simple-liking-3288b9a9a4428cebc977-min.en-US.js"},"squarespace-social-buttons":{"css":"//assets.squarespace.com/universal/styles-compressed/social-buttons-3a7d186e7e5e3b30911b-min.en-US.css","js":"//assets.squarespace.com/universal/scripts-compressed/social-buttons-f0fd64c76d4924d8a2d6-min.en-US.js"},"squarespace-tourdates":{"css":"//assets.squarespace.com/universal/styles-compressed/tourdates-8ec841cacfb75d4282f4-min.en-US.css","js":"//assets.squarespace.com/universal/scripts-compressed/tourdates-f9b6dddda2a9dc2c6938-min.en-US.js"},"squarespace-website-overlays-manager":{"css":"//assets.squarespace.com/universal/styles-compressed/website-overlays-manager-efd3c12d460f58781eb3-min.en-US.css","js":"//assets.squarespace.com/universal/scripts-compressed/website-overlays-manager-76166136608b01661087-min.en-US.js"}},"pageType":100,"website":{"id":"609c0ddf94bcc0278a7cbdb4","identifier":"prism-badger-b5t4","websiteType":1,"contentModifiedOn":1725883626304,"cloneable":false,"hasBeenCloneable":false,"siteStatus":{},"language":"en-US","timeZone":"Europe/Vienna","machineTimeZoneOffset":7200000,"timeZoneOffset":7200000,"timeZoneAbbr":"CEST","siteTitle":"walt.id","fullSiteTitle":"walt.id","siteDescription":"","logoImageId":"643665b3427704252c27bead","mobileLogoImageId":"643665a4e7e0ae2f7918c953","shareButtonOptions":{"3":true,"2":true,"4":true,"1":true,"8":true,"6":true,"7":true},"logoImageUrl":"//images.squarespace-cdn.com/content/v1/609c0ddf94bcc0278a7cbdb4/4d493ccf-c893-4882-925f-fda3256c38f4/Walt.id_Logo_transparent.png","mobileLogoImageUrl":"//images.squarespace-cdn.com/content/v1/609c0ddf94bcc0278a7cbdb4/8fdb61a3-3059-4141-9506-9bceeae72064/Walt.id_Logo_transparent.png","authenticUrl":"https://walt.id","internalUrl":"https://prism-badger-b5t4.squarespace.com","baseUrl":"https://walt.id","primaryDomain":"walt.id","sslSetting":3,"isHstsEnabled":false,"socialAccounts":[{"serviceId":81,"screenname":"Discord","addedOn":1661249520693,"profileUrl":"https://discord.gg/AW8AgqJthZ","iconEnabled":true,"serviceName":"discord-unauth"},{"serviceId":73,"screenname":"GitHub","addedOn":1635882532268,"profileUrl":"https://github.com/walt-id","iconEnabled":true,"serviceName":"github-unauth"}],"typekitId":"","statsMigrated":false,"imageMetadataProcessingEnabled":false,"captchaSettings":{"enabledForDonations":false},"showOwnerLogin":false},"websiteSettings":{"id":"609c0ddf94bcc0278a7cbdb7","websiteId":"609c0ddf94bcc0278a7cbdb4","subjects":[],"country":"AT","state":"9","simpleLikingEnabled":true,"mobileInfoBarSettings":{"isContactEmailEnabled":false,"isContactPhoneNumberEnabled":false,"isLocationEnabled":false,"isBusinessHoursEnabled":false},"announcementBarSettings":{"style":2,"text":"<p class=\"\" style=\"white-space:pre-wrap;\"><span style=\"background-color:var(--cpd-color-bg-subtle-secondary)\"><strong>The Decentralized Identity Playbook is here!</strong> Everything you need to know to start your journey of adopting identity wallets \u2192 </span><a href=\"https://walt.id/white-paper/decentralized-identity-playbook\" target=\"_blank\"><span style=\"background-color:var(--cpd-color-bg-subtle-secondary)\">Read the eBook</span></a> </p>","clickthroughUrl":{"url":"https://walt.id/white-paper/decentralized-identity-playbook","newWindow":true}},"commentLikesAllowed":true,"commentAnonAllowed":true,"commentThreaded":true,"commentApprovalRequired":false,"commentAvatarsOn":true,"commentSortType":2,"commentFlagThreshold":0,"commentFlagsAllowed":true,"commentEnableByDefault":true,"commentDisableAfterDaysDefault":0,"disqusShortname":"","commentsEnabled":false,"storeSettings":{"returnPolicy":null,"termsOfService":null,"privacyPolicy":null,"expressCheckout":false,"continueShoppingLinkUrl":"/","useLightCart":false,"showNoteField":false,"shippingCountryDefaultValue":"US","billToShippingDefaultValue":false,"showShippingPhoneNumber":true,"isShippingPhoneRequired":false,"showBillingPhoneNumber":true,"isBillingPhoneRequired":false,"currenciesSupported":["USD","CAD","GBP","AUD","EUR","CHF","NOK","SEK","DKK","NZD","SGD","MXN","HKD","CZK","ILS","MYR","RUB","PHP","PLN","THB","BRL","ARS","COP","IDR","INR","JPY","ZAR"],"defaultCurrency":"USD","selectedCurrency":"USD","measurementStandard":1,"showCustomCheckoutForm":false,"checkoutPageMarketingOptInEnabled":false,"enableMailingListOptInByDefault":false,"sameAsRetailLocation":false,"merchandisingSettings":{"scarcityEnabledOnProductItems":false,"scarcityEnabledOnProductBlocks":false,"scarcityMessageType":"DEFAULT_SCARCITY_MESSAGE","scarcityThreshold":10,"multipleQuantityAllowedForServices":true,"restockNotificationsEnabled":false,"restockNotificationsSuccessText":"","restockNotificationsMailingListSignUpEnabled":false,"relatedProductsEnabled":false,"relatedProductsOrdering":"random","soldOutVariantsDropdownDisabled":false,"productComposerOptedIn":false,"productComposerABTestOptedOut":false,"productReviewsEnabled":false,"displayImportedProductReviewsEnabled":false,"hasOptedToCollectNativeReviews":false},"minimumOrderSubtotalEnabled":false,"isLive":false,"multipleQuantityAllowedForServices":true},"useEscapeKeyToLogin":false,"ssBadgeType":1,"ssBadgePosition":4,"ssBadgeVisibility":1,"ssBadgeDevices":1,"pinterestOverlayOptions":{"mode":"disabled"},"ampEnabled":false,"userAccountsSettings":{"loginAllowed":false,"signupAllowed":false}},"cookieSettings":{"isCookieBannerEnabled":true,"isRestrictiveCookiePolicyEnabled":true,"cookieBannerText":"By using this website, you agree to our use of cookies. We use cookies to provide you with a great experience and to help our website run effectively.","cookieBannerTheme":"DARK","cookieBannerThemeName":"black","cookieBannerVariant":"POPUP","cookieBannerPosition":"BOTTOM_LEFT","cookieBannerCtaVariant":"BUTTON","cookieBannerCtaText":"Accept","cookieBannerAcceptType":"OPT_IN","cookieBannerOptOutCtaText":"Decline","cookieBannerHasOptOut":false,"cookieBannerHasManageCookies":false,"cookieBannerSavedPreferencesLayout":"PILL"},"websiteCloneable":false,"subscribed":false,"appDomain":"squarespace.com","templateTweakable":true,"tweakJSON":{"form-use-theme-colors":"true","header-logo-height":"77px","header-mobile-logo-max-height":"40px","header-vert-padding":"1vw","header-width":"Full","maxPageWidth":"1400px","pagePadding":"3vw","tweak-blog-alternating-side-by-side-image-aspect-ratio":"1:1 Square","tweak-blog-alternating-side-by-side-image-spacing":"6%","tweak-blog-alternating-side-by-side-meta-spacing":"20px","tweak-blog-alternating-side-by-side-primary-meta":"Categories","tweak-blog-alternating-side-by-side-read-more-spacing":"20px","tweak-blog-alternating-side-by-side-secondary-meta":"Date","tweak-blog-basic-grid-columns":"3","tweak-blog-basic-grid-image-aspect-ratio":"3:2 Standard","tweak-blog-basic-grid-image-spacing":"10px","tweak-blog-basic-grid-meta-spacing":"10px","tweak-blog-basic-grid-primary-meta":"Categories","tweak-blog-basic-grid-read-more-spacing":"24px","tweak-blog-basic-grid-secondary-meta":"None","tweak-blog-item-custom-width":"50","tweak-blog-item-show-author-profile":"false","tweak-blog-item-width":"Medium","tweak-blog-masonry-columns":"3","tweak-blog-masonry-horizontal-spacing":"20px","tweak-blog-masonry-image-spacing":"10px","tweak-blog-masonry-meta-spacing":"0px","tweak-blog-masonry-primary-meta":"None","tweak-blog-masonry-read-more-spacing":"0px","tweak-blog-masonry-secondary-meta":"Categories","tweak-blog-masonry-vertical-spacing":"130px","tweak-blog-side-by-side-image-aspect-ratio":"3:2 Standard","tweak-blog-side-by-side-image-spacing":"6%","tweak-blog-side-by-side-meta-spacing":"9px","tweak-blog-side-by-side-primary-meta":"Categories","tweak-blog-side-by-side-read-more-spacing":"20px","tweak-blog-side-by-side-secondary-meta":"None","tweak-blog-single-column-image-spacing":"50px","tweak-blog-single-column-meta-spacing":"30px","tweak-blog-single-column-primary-meta":"Categories","tweak-blog-single-column-read-more-spacing":"30px","tweak-blog-single-column-secondary-meta":"Date","tweak-events-stacked-show-thumbnails":"true","tweak-events-stacked-thumbnail-size":"3:2 Standard","tweak-fixed-header":"true","tweak-fixed-header-style":"Basic","tweak-global-animations-animation-curve":"ease","tweak-global-animations-animation-delay":"0.6s","tweak-global-animations-animation-duration":"0.90s","tweak-global-animations-animation-style":"fade","tweak-global-animations-animation-type":"none","tweak-global-animations-complexity-level":"detailed","tweak-global-animations-enabled":"false","tweak-portfolio-grid-basic-custom-height":"50","tweak-portfolio-grid-overlay-custom-height":"50","tweak-portfolio-hover-follow-acceleration":"10%","tweak-portfolio-hover-follow-animation-duration":"Medium","tweak-portfolio-hover-follow-animation-type":"Fade","tweak-portfolio-hover-follow-delimiter":"Forward Slash","tweak-portfolio-hover-follow-front":"false","tweak-portfolio-hover-follow-layout":"Inline","tweak-portfolio-hover-follow-size":"75","tweak-portfolio-hover-follow-text-spacing-x":"1.5","tweak-portfolio-hover-follow-text-spacing-y":"1.5","tweak-portfolio-hover-static-animation-duration":"Medium","tweak-portfolio-hover-static-animation-type":"Scale Up","tweak-portfolio-hover-static-delimiter":"Forward Slash","tweak-portfolio-hover-static-front":"false","tweak-portfolio-hover-static-layout":"Stacked","tweak-portfolio-hover-static-size":"75","tweak-portfolio-hover-static-text-spacing-x":"1.5","tweak-portfolio-hover-static-text-spacing-y":"1.5","tweak-portfolio-index-background-animation-duration":"Medium","tweak-portfolio-index-background-animation-type":"Fade","tweak-portfolio-index-background-custom-height":"50","tweak-portfolio-index-background-delimiter":"None","tweak-portfolio-index-background-height":"Large","tweak-portfolio-index-background-horizontal-alignment":"Center","tweak-portfolio-index-background-link-format":"Stacked","tweak-portfolio-index-background-persist":"false","tweak-portfolio-index-background-vertical-alignment":"Middle","tweak-portfolio-index-background-width":"Full","tweak-product-basic-item-click-action":"None","tweak-product-basic-item-gallery-aspect-ratio":"3:4 Three-Four (Vertical)","tweak-product-basic-item-gallery-design":"Slideshow","tweak-product-basic-item-gallery-width":"50%","tweak-product-basic-item-hover-action":"None","tweak-product-basic-item-image-spacing":"3vw","tweak-product-basic-item-image-zoom-factor":"2","tweak-product-basic-item-product-variant-display":"Dropdown","tweak-product-basic-item-thumbnail-placement":"Side","tweak-product-basic-item-variant-picker-layout":"Dropdowns","tweak-products-add-to-cart-button":"false","tweak-products-columns":"2","tweak-products-gutter-column":"2vw","tweak-products-gutter-row":"2vw","tweak-products-header-text-alignment":"Middle","tweak-products-image-aspect-ratio":"1:1 Square","tweak-products-image-text-spacing":"0.5vw","tweak-products-mobile-columns":"1","tweak-products-text-alignment":"Left","tweak-products-width":"Full","tweak-transparent-header":"false"},"templateId":"5c5a519771c10ba3470d8101","templateVersion":"7.1","pageFeatures":[1,4],"gmRenderKey":"QUl6YVN5Q0JUUk9xNkx1dkZfSUUxcjQ2LVQ0QWVUU1YtMGQ3bXk4","templateScriptsRootUrl":"https://static1.squarespace.com/static/vta/5c5a519771c10ba3470d8101/scripts/","impersonatedSession":false,"tzData":{"zones":[[60,"EU","CE%sT",null]],"rules":{"EU":[[1981,"max",null,"Mar","lastSun","1:00u","1:00","S"],[1996,"max",null,"Oct","lastSun","1:00u","0",null]]}},"showAnnouncementBar":true,"recaptchaEnterpriseContext":{"recaptchaEnterpriseSiteKey":"6LdDFQwjAAAAAPigEvvPgEVbb7QBm-TkVJdDTlAv"},"i18nContext":{"timeZoneData":{"id":"Europe/Vienna","name":"Central European Time"}},"env":"PRODUCTION"};</script><script type="application/ld+json">{"url":"https://walt.id","name":"walt.id","description":"","image":"//images.squarespace-cdn.com/content/v1/609c0ddf94bcc0278a7cbdb4/4d493ccf-c893-4882-925f-fda3256c38f4/Walt.id_Logo_transparent.png","@context":"http://schema.org","@type":"WebSite"}</script><link rel="stylesheet" type="text/css" href="https://static1.squarespace.com/static/versioned-site-css/609c0ddf94bcc0278a7cbdb4/102/5c5a519771c10ba3470d8101/609c0de094bcc0278a7cbde8/1563/site.css"/><script data-sqs-type="cookiepreferencesgetter">(function(){window.getSquarespaceCookies = function() {    const getCookiesAllowed = function(cookieName){ return ('; '+document.cookie).split('; ' + cookieName + '=').pop().split(';')[0] === 'true'};    return {      performance: getCookiesAllowed('ss_performanceCookiesAllowed') ? 'accepted' : 'declined',      marketing: getCookiesAllowed('ss_marketingCookiesAllowed') ? 'accepted' : 'declined'    }}})()</script><script>Static.COOKIE_BANNER_CAPABLE = true;</script>
<script async src="https://www.googletagmanager.com/gtag/js?id=UA-202006702-3"></script><script>window.dataLayer = window.dataLayer || [];function gtag(){dataLayer.push(arguments);}gtag('js', new Date());gtag('set', 'developer_id.dZjQwMz', true);gtag('consent', 'default', { 'analytics_storage': 'denied', 'wait_for_update': 500 });window.googleAnalyticsRequiresConsentUpdates = true;(function(){let squarespaceCookies = {};if (window.getSquarespaceCookies) {  squarespaceCookies = window.getSquarespaceCookies();}const consentValue = squarespaceCookies.performance === 'accepted' ? 'granted' :  'denied';gtag('consent', 'update', { 'analytics_storage': consentValue })})();gtag('config', 'UA-202006702-3');</script><!-- End of Squarespace Headers -->
    
      <link rel="stylesheet" type="text/css" href="https://static1.squarespace.com/static/vta/5c5a519771c10ba3470d8101/versioned-assets/1725563131469-UAG59785O7WAJSV7SV91/static.css">
    
  </head>

  <body
    id="not-found"
    class="
      primary-button-style-solid primary-button-shape-custom secondary-button-style-outline secondary-button-shape-custom tertiary-button-style-outline tertiary-button-shape-custom form-use-theme-colors form-field-style-outline form-field-shape-rounded form-field-border-all form-field-checkbox-type-icon form-field-checkbox-fill-outline form-field-checkbox-color-inverted form-field-checkbox-shape-rounded form-field-checkbox-layout-fit form-field-radio-type-icon form-field-radio-fill-outline form-field-radio-color-inverted form-field-radio-shape-rounded form-field-radio-layout-fit form-field-survey-fill-outline form-field-survey-color-inverted form-field-survey-shape-rounded form-field-hover-focus-outline form-submit-button-style-label header-overlay-alignment-center header-width-full  tweak-fixed-header tweak-fixed-header-style-basic tweak-blog-alternating-side-by-side-width-full tweak-blog-alternating-side-by-side-image-aspect-ratio-11-square tweak-blog-alternating-side-by-side-text-alignment-left tweak-blog-alternating-side-by-side-read-more-style-show tweak-blog-alternating-side-by-side-image-text-alignment-middle tweak-blog-alternating-side-by-side-delimiter-bullet tweak-blog-alternating-side-by-side-meta-position-top tweak-blog-alternating-side-by-side-primary-meta-categories tweak-blog-alternating-side-by-side-secondary-meta-date tweak-blog-alternating-side-by-side-excerpt-show tweak-blog-basic-grid-width-inset tweak-blog-basic-grid-image-aspect-ratio-32-standard tweak-blog-basic-grid-text-alignment-center tweak-blog-basic-grid-delimiter-bullet tweak-blog-basic-grid-image-placement-above tweak-blog-basic-grid-read-more-style-show tweak-blog-basic-grid-primary-meta-categories tweak-blog-basic-grid-secondary-meta-none tweak-blog-basic-grid-excerpt-show tweak-blog-item-width-medium tweak-blog-item-text-alignment-left tweak-blog-item-meta-position-above-title tweak-blog-item-show-categories    tweak-blog-item-delimiter-pipe tweak-blog-masonry-width-inset tweak-blog-masonry-text-alignment-center tweak-blog-masonry-primary-meta-none tweak-blog-masonry-secondary-meta-categories tweak-blog-masonry-meta-position-top tweak-blog-masonry-read-more-style-show tweak-blog-masonry-delimiter-dash tweak-blog-masonry-image-placement-above tweak-blog-masonry-excerpt-show tweak-blog-side-by-side-width-inset tweak-blog-side-by-side-image-placement-left tweak-blog-side-by-side-image-aspect-ratio-32-standard tweak-blog-side-by-side-primary-meta-categories tweak-blog-side-by-side-secondary-meta-none tweak-blog-side-by-side-meta-position-top tweak-blog-side-by-side-text-alignment-left tweak-blog-side-by-side-image-text-alignment-middle tweak-blog-side-by-side-read-more-style-show tweak-blog-side-by-side-delimiter-pipe tweak-blog-side-by-side-excerpt-show tweak-blog-single-column-width-inset tweak-blog-single-column-text-alignment-center tweak-blog-single-column-image-placement-above tweak-blog-single-column-delimiter-bullet tweak-blog-single-column-read-more-style-show tweak-blog-single-column-primary-meta-categories tweak-blog-single-column-secondary-meta-date tweak-blog-single-column-meta-position-top tweak-blog-single-column-content-full-post tweak-events-stacked-width-full tweak-events-stacked-height-large  tweak-events-stacked-show-thumbnails tweak-events-stacked-thumbnail-size-32-standard tweak-events-stacked-date-style-with-text tweak-events-stacked-show-time tweak-events-stacked-show-location  tweak-events-stacked-show-excerpt   tweak-global-animations-complexity-level-detailed tweak-global-animations-animation-style-fade tweak-global-animations-animation-type-none tweak-global-animations-animation-curve-ease tweak-portfolio-grid-basic-width-full tweak-portfolio-grid-basic-height-large tweak-portfolio-grid-basic-image-aspect-ratio-11-square tweak-portfolio-grid-basic-text-alignment-left tweak-portfolio-grid-basic-hover-effect-fade tweak-portfolio-grid-overlay-width-full tweak-portfolio-grid-overlay-height-large tweak-portfolio-grid-overlay-image-aspect-ratio-11-square tweak-portfolio-grid-overlay-text-placement-center tweak-portfolio-grid-overlay-show-text-after-hover tweak-portfolio-index-background-link-format-stacked tweak-portfolio-index-background-width-full tweak-portfolio-index-background-height-large  tweak-portfolio-index-background-vertical-alignment-middle tweak-portfolio-index-background-horizontal-alignment-center tweak-portfolio-index-background-delimiter-none tweak-portfolio-index-background-animation-type-fade tweak-portfolio-index-background-animation-duration-medium tweak-portfolio-hover-follow-layout-inline  tweak-portfolio-hover-follow-delimiter-forward-slash tweak-portfolio-hover-follow-animation-type-fade tweak-portfolio-hover-follow-animation-duration-medium tweak-portfolio-hover-static-layout-stacked  tweak-portfolio-hover-static-delimiter-forward-slash tweak-portfolio-hover-static-animation-type-scale-up tweak-portfolio-hover-static-animation-duration-medium tweak-product-basic-item-product-variant-display-dropdown tweak-product-basic-item-product-subscription-display-radio tweak-product-basic-item-product-subscription-border-shape-square tweak-product-basic-item-width-full tweak-product-basic-item-gallery-aspect-ratio-34-three-four-vertical tweak-product-basic-item-text-alignment-left tweak-product-basic-item-navigation-breadcrumbs tweak-product-basic-item-description-position-below-price tweak-product-basic-item-description-position-mobile-below-add-to-cart-button tweak-product-basic-item-content-alignment-top tweak-product-basic-item-gallery-design-slideshow tweak-product-basic-item-gallery-placement-left tweak-product-basic-item-thumbnail-placement-side tweak-product-basic-item-click-action-none tweak-product-basic-item-hover-action-none tweak-product-basic-item-variant-picker-layout-dropdowns tweak-product-basic-item-add-to-cart-standalone tweak-product-basic-item-add-to-cart-mobile-standalone tweak-products-width-full tweak-products-image-aspect-ratio-11-square tweak-products-text-alignment-left  tweak-products-price-show tweak-products-nested-category-type-top tweak-products-category-title tweak-products-header-text-alignment-middle tweak-products-breadcrumbs image-block-poster-text-alignment-left image-block-card-content-position-center image-block-card-text-alignment-left image-block-overlap-content-position-center image-block-overlap-text-alignment-left image-block-collage-content-position-center image-block-collage-text-alignment-left image-block-stack-text-alignment-left hide-opentable-icons opentable-style-dark tweak-product-quick-view-button-style-floating tweak-product-quick-view-button-position-bottom tweak-product-quick-view-lightbox-excerpt-display-truncate tweak-product-quick-view-lightbox-show-arrows tweak-product-quick-view-lightbox-show-close-button tweak-product-quick-view-lightbox-controls-weight-light native-currency-code-usd not-found-page mobile-style-available sqs-seven-one
      
        
      
    "
    tabindex="-1"
  >
    <div
      id="siteWrapper"
      class="clearfix site-wrapper"
    >
      
        <div id="floatingCart" class="floating-cart hidden">
          <a href="/cart" class="icon icon--stroke icon--fill icon--cart sqs-custom-cart">
            <span class="Cart-inner">
              



  <svg class="icon icon--cart" viewBox="0 0 31 24">
  <g class="svg-icon cart-icon--odd">
    <circle fill="none" stroke-miterlimit="10" cx="22.5" cy="21.5" r="1"/>
    <circle fill="none" stroke-miterlimit="10" cx="9.5" cy="21.5" r="1"/>
    <path fill="none" stroke-miterlimit="10" d="M0,1.5h5c0.6,0,1.1,0.4,1.1,1l1.7,13
      c0.1,0.5,0.6,1,1.1,1h15c0.5,0,1.2-0.4,1.4-0.9l3.3-8.1c0.2-0.5-0.1-0.9-0.6-0.9H12"/>
  </g>
</svg>

              <div class="legacy-cart icon-cart-quantity">
                <span class="sqs-cart-quantity">0</span>
              </div>
            </span>
          </a>
        </div>
      

      

















  <header
    data-test="header"
    id="header"
    
    class="
      
        
      
      header theme-col--primary
    "
    data-section-theme=""
    data-controller="Header"
    data-current-styles="{
&quot;layout&quot;: &quot;navCenter&quot;,
&quot;action&quot;: {
&quot;href&quot;: &quot;/contact&quot;,
&quot;buttonText&quot;: &quot;Contact us&quot;,
&quot;newWindow&quot;: true
},
&quot;showSocial&quot;: true,
&quot;socialOptions&quot;: {
&quot;socialBorderShape&quot;: &quot;none&quot;,
&quot;socialBorderStyle&quot;: &quot;outline&quot;,
&quot;socialBorderThickness&quot;: {
&quot;unit&quot;: &quot;px&quot;,
&quot;value&quot;: 1.0
}
},
&quot;sectionTheme&quot;: &quot;&quot;,
&quot;menuOverlayTheme&quot;: &quot;white&quot;,
&quot;menuOverlayAnimation&quot;: &quot;fade&quot;,
&quot;cartStyle&quot;: &quot;cart&quot;,
&quot;cartText&quot;: &quot;Cart&quot;,
&quot;showEmptyCartState&quot;: true,
&quot;cartOptions&quot;: {
&quot;iconType&quot;: &quot;stroke-1&quot;,
&quot;cartBorderShape&quot;: &quot;none&quot;,
&quot;cartBorderStyle&quot;: &quot;outline&quot;,
&quot;cartBorderThickness&quot;: {
&quot;unit&quot;: &quot;px&quot;,
&quot;value&quot;: 1.0
}
},
&quot;showButton&quot;: true,
&quot;showCart&quot;: false,
&quot;showAccountLogin&quot;: false,
&quot;headerStyle&quot;: &quot;solid&quot;,
&quot;languagePicker&quot;: {
&quot;enabled&quot;: false,
&quot;iconEnabled&quot;: false,
&quot;iconType&quot;: &quot;globe&quot;,
&quot;flagShape&quot;: &quot;shiny&quot;,
&quot;languageFlags&quot;: [ ]
},
&quot;mobileOptions&quot;: {
&quot;layout&quot;: &quot;logoLeftNavRight&quot;,
&quot;menuIcon&quot;: &quot;tripleLineHamburger&quot;,
&quot;menuIconOptions&quot;: {
&quot;style&quot;: &quot;tripleLineHamburger&quot;,
&quot;thickness&quot;: {
&quot;unit&quot;: &quot;px&quot;,
&quot;value&quot;: 1.0
}
}
},
&quot;dynamicOptions&quot;: {
&quot;border&quot;: {
&quot;enabled&quot;: false,
&quot;position&quot;: &quot;allSides&quot;,
&quot;thickness&quot;: {
&quot;unit&quot;: &quot;px&quot;,
&quot;value&quot;: 1.0
},
&quot;color&quot;: {
&quot;type&quot;: &quot;SITE_PALETTE_COLOR&quot;,
&quot;sitePaletteColor&quot;: {
&quot;colorName&quot;: &quot;black&quot;,
&quot;alphaModifier&quot;: 1.0
}
}
}
},
&quot;solidOptions&quot;: {
&quot;headerOpacity&quot;: {
&quot;unit&quot;: &quot;%&quot;,
&quot;value&quot;: 100.0
},
&quot;border&quot;: {
&quot;enabled&quot;: false,
&quot;position&quot;: &quot;allSides&quot;,
&quot;thickness&quot;: {
&quot;unit&quot;: &quot;px&quot;,
&quot;value&quot;: 4.0
},
&quot;color&quot;: {
&quot;type&quot;: &quot;SITE_PALETTE_COLOR&quot;,
&quot;sitePaletteColor&quot;: {
&quot;colorName&quot;: &quot;black&quot;,
&quot;alphaModifier&quot;: 1.0
}
}
},
&quot;dropShadow&quot;: {
&quot;enabled&quot;: false,
&quot;blur&quot;: {
&quot;unit&quot;: &quot;px&quot;,
&quot;value&quot;: 30.0
},
&quot;spread&quot;: {
&quot;unit&quot;: &quot;px&quot;,
&quot;value&quot;: 0.0
},
&quot;distance&quot;: {
&quot;unit&quot;: &quot;px&quot;,
&quot;value&quot;: 0.0
},
&quot;color&quot;: {
&quot;type&quot;: &quot;SITE_PALETTE_COLOR&quot;,
&quot;sitePaletteColor&quot;: {
&quot;colorName&quot;: &quot;black&quot;,
&quot;alphaModifier&quot;: 1.0
}
}
},
&quot;blurBackground&quot;: {
&quot;enabled&quot;: false,
&quot;blurRadius&quot;: {
&quot;unit&quot;: &quot;px&quot;,
&quot;value&quot;: 12.0
}
},
&quot;backgroundColor&quot;: {
&quot;type&quot;: &quot;SITE_PALETTE_COLOR&quot;,
&quot;sitePaletteColor&quot;: {
&quot;colorName&quot;: &quot;white&quot;,
&quot;alphaModifier&quot;: 1.0
}
},
&quot;navigationColor&quot;: {
&quot;type&quot;: &quot;SITE_PALETTE_COLOR&quot;,
&quot;sitePaletteColor&quot;: {
&quot;colorName&quot;: &quot;black&quot;,
&quot;alphaModifier&quot;: 1.0
}
}
},
&quot;gradientOptions&quot;: {
&quot;gradientType&quot;: &quot;faded&quot;,
&quot;headerOpacity&quot;: {
&quot;unit&quot;: &quot;%&quot;,
&quot;value&quot;: 90.0
},
&quot;border&quot;: {
&quot;enabled&quot;: false,
&quot;position&quot;: &quot;allSides&quot;,
&quot;thickness&quot;: {
&quot;unit&quot;: &quot;px&quot;,
&quot;value&quot;: 4.0
},
&quot;color&quot;: {
&quot;type&quot;: &quot;SITE_PALETTE_COLOR&quot;,
&quot;sitePaletteColor&quot;: {
&quot;colorName&quot;: &quot;black&quot;,
&quot;alphaModifier&quot;: 1.0
}
}
},
&quot;dropShadow&quot;: {
&quot;enabled&quot;: false,
&quot;blur&quot;: {
&quot;unit&quot;: &quot;px&quot;,
&quot;value&quot;: 30.0
},
&quot;spread&quot;: {
&quot;unit&quot;: &quot;px&quot;,
&quot;value&quot;: 0.0
},
&quot;distance&quot;: {
&quot;unit&quot;: &quot;px&quot;,
&quot;value&quot;: 0.0
},
&quot;color&quot;: {
&quot;type&quot;: &quot;SITE_PALETTE_COLOR&quot;,
&quot;sitePaletteColor&quot;: {
&quot;colorName&quot;: &quot;black&quot;,
&quot;alphaModifier&quot;: 1.0
}
}
},
&quot;blurBackground&quot;: {
&quot;enabled&quot;: false,
&quot;blurRadius&quot;: {
&quot;unit&quot;: &quot;px&quot;,
&quot;value&quot;: 12.0
}
},
&quot;backgroundColor&quot;: {
&quot;type&quot;: &quot;SITE_PALETTE_COLOR&quot;,
&quot;sitePaletteColor&quot;: {
&quot;colorName&quot;: &quot;white&quot;,
&quot;alphaModifier&quot;: 1.0
}
},
&quot;navigationColor&quot;: {
&quot;type&quot;: &quot;SITE_PALETTE_COLOR&quot;,
&quot;sitePaletteColor&quot;: {
&quot;colorName&quot;: &quot;black&quot;,
&quot;alphaModifier&quot;: 1.0
}
}
},
&quot;dropShadowOptions&quot;: {
&quot;enabled&quot;: false,
&quot;blur&quot;: {
&quot;unit&quot;: &quot;px&quot;,
&quot;value&quot;: 30.0
},
&quot;spread&quot;: {
&quot;unit&quot;: &quot;px&quot;,
&quot;value&quot;: 0.0
},
&quot;distance&quot;: {
&quot;unit&quot;: &quot;px&quot;,
&quot;value&quot;: 0.0
},
&quot;color&quot;: {
&quot;type&quot;: &quot;SITE_PALETTE_COLOR&quot;,
&quot;sitePaletteColor&quot;: {
&quot;colorName&quot;: &quot;black&quot;,
&quot;alphaModifier&quot;: 1.0
}
}
},
&quot;borderOptions&quot;: {
&quot;enabled&quot;: false,
&quot;position&quot;: &quot;allSides&quot;,
&quot;thickness&quot;: {
&quot;unit&quot;: &quot;px&quot;,
&quot;value&quot;: 4.0
},
&quot;color&quot;: {
&quot;type&quot;: &quot;SITE_PALETTE_COLOR&quot;,
&quot;sitePaletteColor&quot;: {
&quot;colorName&quot;: &quot;black&quot;,
&quot;alphaModifier&quot;: 1.0
}
}
},
&quot;showPromotedElement&quot;: false,
&quot;buttonVariant&quot;: &quot;primary&quot;,
&quot;blurBackground&quot;: {
&quot;enabled&quot;: false,
&quot;blurRadius&quot;: {
&quot;unit&quot;: &quot;px&quot;,
&quot;value&quot;: 12.0
}
},
&quot;headerOpacity&quot;: {
&quot;unit&quot;: &quot;%&quot;,
&quot;value&quot;: 100.0
}
}"
    data-section-id="header"
    data-header-style="solid"
    data-language-picker="{
&quot;enabled&quot;: false,
&quot;iconEnabled&quot;: false,
&quot;iconType&quot;: &quot;globe&quot;,
&quot;flagShape&quot;: &quot;shiny&quot;,
&quot;languageFlags&quot;: [ ]
}"
    
    data-first-focusable-element
    tabindex="-1"
    style="
      
        
          --headerDropShadowColor: hsla(var(--black-hsl), 1);
        
        
          --headerBorderColor: hsla(var(--black-hsl), 1);
        
      
      
        --solidHeaderBackgroundColor: hsla(var(--white-hsl), 1);
      
      
        --solidHeaderNavigationColor: hsla(var(--black-hsl), 1);
      
      
        --gradientHeaderBackgroundColor: hsla(var(--white-hsl), 1);
      
      
        --gradientHeaderNavigationColor: hsla(var(--black-hsl), 1);
      
    "
  >
    
  <script>
    function shouldShowAnnouncementBar() {
      try {
        if (!window.Static.SQUARESPACE_CONTEXT.showAnnouncementBar) {
          return false;
        }
        var localDataStr = localStorage.getItem('squarespace-announcement-bar');
        if (localDataStr && JSON.parse(localDataStr).closed) {
          return false;
        }
        return true;
      } catch(e) {
        console.error(e);
        return true;
      }
    }
    if (shouldShowAnnouncementBar()) {
      document.body.classList.add('announcement-bar-reserved-space');
    }
    //# sourceURL=reserveSpaceForAnnouncementBar.js
  </script>

<div class="sqs-announcement-bar-dropzone"></div>

    <div class="header-announcement-bar-wrapper">
      
      <a
        href="#page"
        class="header-skip-link sqs-button-element--primary"
      >
        Skip to Content
      </a>
      


<style>
    @supports (-webkit-backdrop-filter: none) or (backdrop-filter: none) {
        .header-blur-background {
            
                -webkit-backdrop-filter: blur(12px);
                backdrop-filter: blur(12px);
            
            
        }
    }
</style>
      <div
        class="header-border"
        data-header-style="solid"
        data-header-usability-enabled="true"
        data-header-border="false"
        data-test="header-border"
        style="


  
    border-width: 0px !important;
  







  



"
      ></div>
      <div
        class="header-dropshadow"
        data-header-style="solid"
        data-header-usability-enabled="true"
        data-header-dropshadow="false"
        data-test="header-dropshadow"
        style="


  
"
      ></div>
      
      
        <div >
          <div
            class="header-background-solid"
            data-header-style="solid"
            data-test="header-background-solid"
            
            
            style="opacity: calc(100 * .01)"
          ></div>
        </div>
      

      <div class='header-inner container--fluid
        
        
        
         header-mobile-layout-logo-left-nav-right
        
        
        
        
        
        
        
        
         header-layout-nav-center
        
        
        
        
        
        
        '
        style="


  
    padding: 0;
  







"
        data-test="header-inner"
        >
        <!-- Background -->
        <div class="header-background theme-bg--primary"></div>

        <div class="header-display-desktop" data-content-field="site-title">
          

          

          

          

          

          
          
            
            <!-- Social -->
            
              
            
          
            
            <!-- Title and nav wrapper -->
            <div class="header-title-nav-wrapper">
              

              

              
                
                <!-- Title -->
                
                  <div
                    class="
                      header-title
                      header-title--use-mobile-logo
                    "
                    data-animation-role="header-element"
                  >
                    
                      <div class="header-title-logo">
                        <a href="/" data-animation-role="header-element">
                        <picture><source media="only screen and (pointer: coarse) and (max-width: 1024px), screen and (max-width: 799px)" srcset="//images.squarespace-cdn.com/content/v1/609c0ddf94bcc0278a7cbdb4/8fdb61a3-3059-4141-9506-9bceeae72064/Walt.id_Logo_transparent.png?format=1500w"><source media="only screen and (pointer: coarse) and (min-width: 1025px), screen and (min-width: 800px)" srcset="//images.squarespace-cdn.com/content/v1/609c0ddf94bcc0278a7cbdb4/4d493ccf-c893-4882-925f-fda3256c38f4/Walt.id_Logo_transparent.png?format=1500w">
<img elementtiming="nbf-header-logo-desktop" src="//images.squarespace-cdn.com/content/v1/609c0ddf94bcc0278a7cbdb4/4d493ccf-c893-4882-925f-fda3256c38f4/Walt.id_Logo_transparent.png?format=1500w" alt="walt.id" style="display:block" fetchpriority="high" loading="eager" decoding="async" data-loader="raw"></picture>

                        </a>
                      </div>

                    
                    
                      <div class="header-mobile-logo">
                        <a href="/" data-animation-role="header-element">
                          <picture><source media="only screen and (pointer: coarse) and (max-width: 1024px), screen and (max-width: 799px)" srcset="//images.squarespace-cdn.com/content/v1/609c0ddf94bcc0278a7cbdb4/8fdb61a3-3059-4141-9506-9bceeae72064/Walt.id_Logo_transparent.png?format=1500w"><source media="only screen and (pointer: coarse) and (min-width: 1025px), screen and (min-width: 800px)" srcset="//images.squarespace-cdn.com/content/v1/609c0ddf94bcc0278a7cbdb4/4d493ccf-c893-4882-925f-fda3256c38f4/Walt.id_Logo_transparent.png?format=1500w">
<img elementtiming="nbf-header-logo-mobile" src="//images.squarespace-cdn.com/content/v1/609c0ddf94bcc0278a7cbdb4/8fdb61a3-3059-4141-9506-9bceeae72064/Walt.id_Logo_transparent.png?format=1500w" alt="walt.id" style="display:block" fetchpriority="high" loading="eager" decoding="async" data-loader="raw"></picture>

                        </a>
                      </div>
                    
                  </div>
                
              
                
                <!-- Nav -->
                <div class="header-nav">
                  <div class="header-nav-wrapper">
                    <nav class="header-nav-list">
                      


  
    <div class="header-nav-item header-nav-item--folder">
      <a
        class="header-nav-folder-title"
        href="/products"
        tabindex="-1"
        data-animation-role="header-element"
        
      >
        Products
      </a>
      <div class="header-nav-folder-content">
        
          
            <div class="header-nav-folder-item">
              <a
                href="/identity-infrastructure"
                
              >
                <span class="header-nav-folder-item-content">
                  Identity Infrastructure
                </span>
              </a>
            </div>
          
          
        
          
            <div class="header-nav-folder-item">
              <a
                href="/wallet-infrastructure"
                
              >
                <span class="header-nav-folder-item-content">
                  Wallet Infrastructure
                </span>
              </a>
            </div>
          
          
        
      </div>
    </div>
  
  


  
    <div class="header-nav-item header-nav-item--folder">
      <a
        class="header-nav-folder-title"
        href="/new-folder"
        tabindex="-1"
        data-animation-role="header-element"
        
      >
        Developers
      </a>
      <div class="header-nav-folder-content">
        
          
            <div class="header-nav-folder-item">
              <a
                href="/community"
                
              >
                <span class="header-nav-folder-item-content">
                  Community
                </span>
              </a>
            </div>
          
          
        
          
          
            <div class="header-nav-folder-item header-nav-folder-item--external">
              <a href="https://docs.walt.id"  target="_blank" >Documentation</a>
            </div>
          
        
          
          
            <div class="header-nav-folder-item header-nav-folder-item--external">
              <a href="https://walt-id.notion.site/Feature-List-walt-id-95f6741fe34747b5a1d3a3d68b07a6f1"  target="_blank" >Product Roadmap</a>
            </div>
          
        
          
          
            <div class="header-nav-folder-item header-nav-folder-item--external">
              <a href="/blog"  target="_blank" >Product Updates</a>
            </div>
          
        
      </div>
    </div>
  
  


  
    <div class="header-nav-item header-nav-item--collection">
      <a
        href="/pricing"
        data-animation-role="header-element"
        
      >
        Pricing
      </a>
    </div>
  
  
  


  
    <div class="header-nav-item header-nav-item--folder">
      <a
        class="header-nav-folder-title"
        href="/all-resources"
        tabindex="-1"
        data-animation-role="header-element"
        
      >
        Resources
      </a>
      <div class="header-nav-folder-content">
        
          
            <div class="header-nav-folder-item">
              <a
                href="/blog"
                
              >
                <span class="header-nav-folder-item-content">
                  Blog
                </span>
              </a>
            </div>
          
          
        
          
            <div class="header-nav-folder-item">
              <a
                href="/case-studies"
                
              >
                <span class="header-nav-folder-item-content">
                  Case Studies
                </span>
              </a>
            </div>
          
          
        
          
            <div class="header-nav-folder-item">
              <a
                href="/white-papers"
                
              >
                <span class="header-nav-folder-item-content">
                  White Papers
                </span>
              </a>
            </div>
          
          
        
          
          
            <div class="header-nav-folder-item header-nav-folder-item--external">
              <a href="https://docs.walt.id"  target="_blank" >Documentation</a>
            </div>
          
        
      </div>
    </div>
  
  



                    </nav>
                  </div>
                </div>
              
              
            </div>
          
            
            <!-- Actions -->
            <div class="header-actions header-actions--right">
              
              
                
                  <div class="header-actions-action header-actions-action--social">
                    
                      
                        <a class="icon icon--fill  header-icon header-icon-border-shape-none header-icon-border-style-outline"  href="https://discord.gg/AW8AgqJthZ" target="_blank" aria-label="Discord">
                          <svg viewBox="23 23 64 64">
                            <use xlink:href="#discord-unauth-icon" width="110" height="110"></use>
                          </svg>
                        </a>
                      
                        <a class="icon icon--fill  header-icon header-icon-border-shape-none header-icon-border-style-outline"  href="https://github.com/walt-id" target="_blank" aria-label="GitHub">
                          <svg viewBox="23 23 64 64">
                            <use xlink:href="#github-unauth-icon" width="110" height="110"></use>
                          </svg>
                        </a>
                      
                    
                  </div>
                
              

              

            
            

              
              <div class="showOnMobile">
                
              </div>

              
              <div class="showOnDesktop">
                
              </div>

              
                <div class="header-actions-action header-actions-action--cta" data-animation-role="header-element">
                  <a
                    class="btn btn--border theme-btn--primary-inverse sqs-button-element--primary"
                    href="/contact"
                    target="_blank"
                  >
                    Contact us
                  </a>
                </div>
              
            </div>
          
            


<style>
  .top-bun, 
  .patty, 
  .bottom-bun {
    height: 1px;
  }
</style>

<!-- Burger -->
<div class="header-burger

  menu-overlay-has-visible-non-navigation-items

" data-animation-role="header-element">
  <button class="header-burger-btn burger" data-test="header-burger">
    <span hidden class="js-header-burger-open-title visually-hidden">Open Menu</span>
    <span hidden class="js-header-burger-close-title visually-hidden">Close Menu</span>
    <div class="burger-box">
      <div class="burger-inner header-menu-icon-tripleLineHamburger">
        <div class="top-bun"></div>
        <div class="patty"></div>
        <div class="bottom-bun"></div>
      </div>
    </div>
  </button>
</div>

          
          
          
          
          

        </div>
        <div class="header-display-mobile" data-content-field="site-title">
          
            
            <!-- Social -->
            
              
            
          
            
            <!-- Title and nav wrapper -->
            <div class="header-title-nav-wrapper">
              

              

              
                
                <!-- Title -->
                
                  <div
                    class="
                      header-title
                      header-title--use-mobile-logo
                    "
                    data-animation-role="header-element"
                  >
                    
                      <div class="header-title-logo">
                        <a href="/" data-animation-role="header-element">
                        <picture><source media="only screen and (pointer: coarse) and (max-width: 1024px), screen and (max-width: 799px)" srcset="//images.squarespace-cdn.com/content/v1/609c0ddf94bcc0278a7cbdb4/8fdb61a3-3059-4141-9506-9bceeae72064/Walt.id_Logo_transparent.png?format=1500w"><source media="only screen and (pointer: coarse) and (min-width: 1025px), screen and (min-width: 800px)" srcset="//images.squarespace-cdn.com/content/v1/609c0ddf94bcc0278a7cbdb4/4d493ccf-c893-4882-925f-fda3256c38f4/Walt.id_Logo_transparent.png?format=1500w">
<img elementtiming="nbf-header-logo-desktop" src="//images.squarespace-cdn.com/content/v1/609c0ddf94bcc0278a7cbdb4/4d493ccf-c893-4882-925f-fda3256c38f4/Walt.id_Logo_transparent.png?format=1500w" alt="walt.id" style="display:block" fetchpriority="high" loading="eager" decoding="async" data-loader="raw"></picture>

                        </a>
                      </div>

                    
                    
                      <div class="header-mobile-logo">
                        <a href="/" data-animation-role="header-element">
                          <picture><source media="only screen and (pointer: coarse) and (max-width: 1024px), screen and (max-width: 799px)" srcset="//images.squarespace-cdn.com/content/v1/609c0ddf94bcc0278a7cbdb4/8fdb61a3-3059-4141-9506-9bceeae72064/Walt.id_Logo_transparent.png?format=1500w"><source media="only screen and (pointer: coarse) and (min-width: 1025px), screen and (min-width: 800px)" srcset="//images.squarespace-cdn.com/content/v1/609c0ddf94bcc0278a7cbdb4/4d493ccf-c893-4882-925f-fda3256c38f4/Walt.id_Logo_transparent.png?format=1500w">
<img elementtiming="nbf-header-logo-mobile" src="//images.squarespace-cdn.com/content/v1/609c0ddf94bcc0278a7cbdb4/8fdb61a3-3059-4141-9506-9bceeae72064/Walt.id_Logo_transparent.png?format=1500w" alt="walt.id" style="display:block" fetchpriority="high" loading="eager" decoding="async" data-loader="raw"></picture>

                        </a>
                      </div>
                    
                  </div>
                
              
                
                <!-- Nav -->
                <div class="header-nav">
                  <div class="header-nav-wrapper">
                    <nav class="header-nav-list">
                      


  
    <div class="header-nav-item header-nav-item--folder">
      <a
        class="header-nav-folder-title"
        href="/products"
        tabindex="-1"
        data-animation-role="header-element"
        
      >
        Products
      </a>
      <div class="header-nav-folder-content">
        
          
            <div class="header-nav-folder-item">
              <a
                href="/identity-infrastructure"
                
              >
                <span class="header-nav-folder-item-content">
                  Identity Infrastructure
                </span>
              </a>
            </div>
          
          
        
          
            <div class="header-nav-folder-item">
              <a
                href="/wallet-infrastructure"
                
              >
                <span class="header-nav-folder-item-content">
                  Wallet Infrastructure
                </span>
              </a>
            </div>
          
          
        
      </div>
    </div>
  
  


  
    <div class="header-nav-item header-nav-item--folder">
      <a
        class="header-nav-folder-title"
        href="/new-folder"
        tabindex="-1"
        data-animation-role="header-element"
        
      >
        Developers
      </a>
      <div class="header-nav-folder-content">
        
          
            <div class="header-nav-folder-item">
              <a
                href="/community"
                
              >
                <span class="header-nav-folder-item-content">
                  Community
                </span>
              </a>
            </div>
          
          
        
          
          
            <div class="header-nav-folder-item header-nav-folder-item--external">
              <a href="https://docs.walt.id"  target="_blank" >Documentation</a>
            </div>
          
        
          
          
            <div class="header-nav-folder-item header-nav-folder-item--external">
              <a href="https://walt-id.notion.site/Feature-List-walt-id-95f6741fe34747b5a1d3a3d68b07a6f1"  target="_blank" >Product Roadmap</a>
            </div>
          
        
          
          
            <div class="header-nav-folder-item header-nav-folder-item--external">
              <a href="/blog"  target="_blank" >Product Updates</a>
            </div>
          
        
      </div>
    </div>
  
  


  
    <div class="header-nav-item header-nav-item--collection">
      <a
        href="/pricing"
        data-animation-role="header-element"
        
      >
        Pricing
      </a>
    </div>
  
  
  


  
    <div class="header-nav-item header-nav-item--folder">
      <a
        class="header-nav-folder-title"
        href="/all-resources"
        tabindex="-1"
        data-animation-role="header-element"
        
      >
        Resources
      </a>
      <div class="header-nav-folder-content">
        
          
            <div class="header-nav-folder-item">
              <a
                href="/blog"
                
              >
                <span class="header-nav-folder-item-content">
                  Blog
                </span>
              </a>
            </div>
          
          
        
          
            <div class="header-nav-folder-item">
              <a
                href="/case-studies"
                
              >
                <span class="header-nav-folder-item-content">
                  Case Studies
                </span>
              </a>
            </div>
          
          
        
          
            <div class="header-nav-folder-item">
              <a
                href="/white-papers"
                
              >
                <span class="header-nav-folder-item-content">
                  White Papers
                </span>
              </a>
            </div>
          
          
        
          
          
            <div class="header-nav-folder-item header-nav-folder-item--external">
              <a href="https://docs.walt.id"  target="_blank" >Documentation</a>
            </div>
          
        
      </div>
    </div>
  
  



                    </nav>
                  </div>
                </div>
              
              
            </div>
          
            
            <!-- Actions -->
            <div class="header-actions header-actions--right">
              
              
                
                  <div class="header-actions-action header-actions-action--social">
                    
                      
                        <a class="icon icon--fill  header-icon header-icon-border-shape-none header-icon-border-style-outline"  href="https://discord.gg/AW8AgqJthZ" target="_blank" aria-label="Discord">
                          <svg viewBox="23 23 64 64">
                            <use xlink:href="#discord-unauth-icon" width="110" height="110"></use>
                          </svg>
                        </a>
                      
                        <a class="icon icon--fill  header-icon header-icon-border-shape-none header-icon-border-style-outline"  href="https://github.com/walt-id" target="_blank" aria-label="GitHub">
                          <svg viewBox="23 23 64 64">
                            <use xlink:href="#github-unauth-icon" width="110" height="110"></use>
                          </svg>
                        </a>
                      
                    
                  </div>
                
              

              

            
            

              
              <div class="showOnMobile">
                
              </div>

              
              <div class="showOnDesktop">
                
              </div>

              
                <div class="header-actions-action header-actions-action--cta" data-animation-role="header-element">
                  <a
                    class="btn btn--border theme-btn--primary-inverse sqs-button-element--primary"
                    href="/contact"
                    target="_blank"
                  >
                    Contact us
                  </a>
                </div>
              
            </div>
          
            


<style>
  .top-bun, 
  .patty, 
  .bottom-bun {
    height: 1px;
  }
</style>

<!-- Burger -->
<div class="header-burger

  menu-overlay-has-visible-non-navigation-items

" data-animation-role="header-element">
  <button class="header-burger-btn burger" data-test="header-burger">
    <span hidden class="js-header-burger-open-title visually-hidden">Open Menu</span>
    <span hidden class="js-header-burger-close-title visually-hidden">Close Menu</span>
    <div class="burger-box">
      <div class="burger-inner header-menu-icon-tripleLineHamburger">
        <div class="top-bun"></div>
        <div class="patty"></div>
        <div class="bottom-bun"></div>
      </div>
    </div>
  </button>
</div>

          
          
          
          
          
        </div>
      </div>
    </div>
    <!-- (Mobile) Menu Navigation -->
    <div class="header-menu header-menu--folder-list
      white
      
      
      
      
      "
      data-section-theme="white"
      data-current-styles="{
&quot;layout&quot;: &quot;navCenter&quot;,
&quot;action&quot;: {
&quot;href&quot;: &quot;/contact&quot;,
&quot;buttonText&quot;: &quot;Contact us&quot;,
&quot;newWindow&quot;: true
},
&quot;showSocial&quot;: true,
&quot;socialOptions&quot;: {
&quot;socialBorderShape&quot;: &quot;none&quot;,
&quot;socialBorderStyle&quot;: &quot;outline&quot;,
&quot;socialBorderThickness&quot;: {
&quot;unit&quot;: &quot;px&quot;,
&quot;value&quot;: 1.0
}
},
&quot;sectionTheme&quot;: &quot;&quot;,
&quot;menuOverlayTheme&quot;: &quot;white&quot;,
&quot;menuOverlayAnimation&quot;: &quot;fade&quot;,
&quot;cartStyle&quot;: &quot;cart&quot;,
&quot;cartText&quot;: &quot;Cart&quot;,
&quot;showEmptyCartState&quot;: true,
&quot;cartOptions&quot;: {
&quot;iconType&quot;: &quot;stroke-1&quot;,
&quot;cartBorderShape&quot;: &quot;none&quot;,
&quot;cartBorderStyle&quot;: &quot;outline&quot;,
&quot;cartBorderThickness&quot;: {
&quot;unit&quot;: &quot;px&quot;,
&quot;value&quot;: 1.0
}
},
&quot;showButton&quot;: true,
&quot;showCart&quot;: false,
&quot;showAccountLogin&quot;: false,
&quot;headerStyle&quot;: &quot;solid&quot;,
&quot;languagePicker&quot;: {
&quot;enabled&quot;: false,
&quot;iconEnabled&quot;: false,
&quot;iconType&quot;: &quot;globe&quot;,
&quot;flagShape&quot;: &quot;shiny&quot;,
&quot;languageFlags&quot;: [ ]
},
&quot;mobileOptions&quot;: {
&quot;layout&quot;: &quot;logoLeftNavRight&quot;,
&quot;menuIcon&quot;: &quot;tripleLineHamburger&quot;,
&quot;menuIconOptions&quot;: {
&quot;style&quot;: &quot;tripleLineHamburger&quot;,
&quot;thickness&quot;: {
&quot;unit&quot;: &quot;px&quot;,
&quot;value&quot;: 1.0
}
}
},
&quot;dynamicOptions&quot;: {
&quot;border&quot;: {
&quot;enabled&quot;: false,
&quot;position&quot;: &quot;allSides&quot;,
&quot;thickness&quot;: {
&quot;unit&quot;: &quot;px&quot;,
&quot;value&quot;: 1.0
},
&quot;color&quot;: {
&quot;type&quot;: &quot;SITE_PALETTE_COLOR&quot;,
&quot;sitePaletteColor&quot;: {
&quot;colorName&quot;: &quot;black&quot;,
&quot;alphaModifier&quot;: 1.0
}
}
}
},
&quot;solidOptions&quot;: {
&quot;headerOpacity&quot;: {
&quot;unit&quot;: &quot;%&quot;,
&quot;value&quot;: 100.0
},
&quot;border&quot;: {
&quot;enabled&quot;: false,
&quot;position&quot;: &quot;allSides&quot;,
&quot;thickness&quot;: {
&quot;unit&quot;: &quot;px&quot;,
&quot;value&quot;: 4.0
},
&quot;color&quot;: {
&quot;type&quot;: &quot;SITE_PALETTE_COLOR&quot;,
&quot;sitePaletteColor&quot;: {
&quot;colorName&quot;: &quot;black&quot;,
&quot;alphaModifier&quot;: 1.0
}
}
},
&quot;dropShadow&quot;: {
&quot;enabled&quot;: false,
&quot;blur&quot;: {
&quot;unit&quot;: &quot;px&quot;,
&quot;value&quot;: 30.0
},
&quot;spread&quot;: {
&quot;unit&quot;: &quot;px&quot;,
&quot;value&quot;: 0.0
},
&quot;distance&quot;: {
&quot;unit&quot;: &quot;px&quot;,
&quot;value&quot;: 0.0
},
&quot;color&quot;: {
&quot;type&quot;: &quot;SITE_PALETTE_COLOR&quot;,
&quot;sitePaletteColor&quot;: {
&quot;colorName&quot;: &quot;black&quot;,
&quot;alphaModifier&quot;: 1.0
}
}
},
&quot;blurBackground&quot;: {
&quot;enabled&quot;: false,
&quot;blurRadius&quot;: {
&quot;unit&quot;: &quot;px&quot;,
&quot;value&quot;: 12.0
}
},
&quot;backgroundColor&quot;: {
&quot;type&quot;: &quot;SITE_PALETTE_COLOR&quot;,
&quot;sitePaletteColor&quot;: {
&quot;colorName&quot;: &quot;white&quot;,
&quot;alphaModifier&quot;: 1.0
}
},
&quot;navigationColor&quot;: {
&quot;type&quot;: &quot;SITE_PALETTE_COLOR&quot;,
&quot;sitePaletteColor&quot;: {
&quot;colorName&quot;: &quot;black&quot;,
&quot;alphaModifier&quot;: 1.0
}
}
},
&quot;gradientOptions&quot;: {
&quot;gradientType&quot;: &quot;faded&quot;,
&quot;headerOpacity&quot;: {
&quot;unit&quot;: &quot;%&quot;,
&quot;value&quot;: 90.0
},
&quot;border&quot;: {
&quot;enabled&quot;: false,
&quot;position&quot;: &quot;allSides&quot;,
&quot;thickness&quot;: {
&quot;unit&quot;: &quot;px&quot;,
&quot;value&quot;: 4.0
},
&quot;color&quot;: {
&quot;type&quot;: &quot;SITE_PALETTE_COLOR&quot;,
&quot;sitePaletteColor&quot;: {
&quot;colorName&quot;: &quot;black&quot;,
&quot;alphaModifier&quot;: 1.0
}
}
},
&quot;dropShadow&quot;: {
&quot;enabled&quot;: false,
&quot;blur&quot;: {
&quot;unit&quot;: &quot;px&quot;,
&quot;value&quot;: 30.0
},
&quot;spread&quot;: {
&quot;unit&quot;: &quot;px&quot;,
&quot;value&quot;: 0.0
},
&quot;distance&quot;: {
&quot;unit&quot;: &quot;px&quot;,
&quot;value&quot;: 0.0
},
&quot;color&quot;: {
&quot;type&quot;: &quot;SITE_PALETTE_COLOR&quot;,
&quot;sitePaletteColor&quot;: {
&quot;colorName&quot;: &quot;black&quot;,
&quot;alphaModifier&quot;: 1.0
}
}
},
&quot;blurBackground&quot;: {
&quot;enabled&quot;: false,
&quot;blurRadius&quot;: {
&quot;unit&quot;: &quot;px&quot;,
&quot;value&quot;: 12.0
}
},
&quot;backgroundColor&quot;: {
&quot;type&quot;: &quot;SITE_PALETTE_COLOR&quot;,
&quot;sitePaletteColor&quot;: {
&quot;colorName&quot;: &quot;white&quot;,
&quot;alphaModifier&quot;: 1.0
}
},
&quot;navigationColor&quot;: {
&quot;type&quot;: &quot;SITE_PALETTE_COLOR&quot;,
&quot;sitePaletteColor&quot;: {
&quot;colorName&quot;: &quot;black&quot;,
&quot;alphaModifier&quot;: 1.0
}
}
},
&quot;dropShadowOptions&quot;: {
&quot;enabled&quot;: false,
&quot;blur&quot;: {
&quot;unit&quot;: &quot;px&quot;,
&quot;value&quot;: 30.0
},
&quot;spread&quot;: {
&quot;unit&quot;: &quot;px&quot;,
&quot;value&quot;: 0.0
},
&quot;distance&quot;: {
&quot;unit&quot;: &quot;px&quot;,
&quot;value&quot;: 0.0
},
&quot;color&quot;: {
&quot;type&quot;: &quot;SITE_PALETTE_COLOR&quot;,
&quot;sitePaletteColor&quot;: {
&quot;colorName&quot;: &quot;black&quot;,
&quot;alphaModifier&quot;: 1.0
}
}
},
&quot;borderOptions&quot;: {
&quot;enabled&quot;: false,
&quot;position&quot;: &quot;allSides&quot;,
&quot;thickness&quot;: {
&quot;unit&quot;: &quot;px&quot;,
&quot;value&quot;: 4.0
},
&quot;color&quot;: {
&quot;type&quot;: &quot;SITE_PALETTE_COLOR&quot;,
&quot;sitePaletteColor&quot;: {
&quot;colorName&quot;: &quot;black&quot;,
&quot;alphaModifier&quot;: 1.0
}
}
},
&quot;showPromotedElement&quot;: false,
&quot;buttonVariant&quot;: &quot;primary&quot;,
&quot;blurBackground&quot;: {
&quot;enabled&quot;: false,
&quot;blurRadius&quot;: {
&quot;unit&quot;: &quot;px&quot;,
&quot;value&quot;: 12.0
}
},
&quot;headerOpacity&quot;: {
&quot;unit&quot;: &quot;%&quot;,
&quot;value&quot;: 100.0
}
}"
      data-section-id="overlay-nav"
      data-show-account-login="false"
      data-test="header-menu">
      <div class="header-menu-bg theme-bg--primary"></div>
      <div class="header-menu-nav">
        <nav class="header-menu-nav-list">
          <div data-folder="root" class="header-menu-nav-folder">
            <div class="header-menu-nav-folder-content">
              <!-- Menu Navigation -->
<div class="header-menu-nav-wrapper">
  
    
      
        
          <div class="container header-menu-nav-item">
            <a
              data-folder-id="/products"
              href="/products"
              
            >
              <div class="header-menu-nav-item-content">
                <span class="visually-hidden">Folder:</span>
                <span>Products</span>
                <span class="chevron chevron--right"></span>
              </div>
            </a>
          </div>
          <div data-folder="/products" class="header-menu-nav-folder">
            <div class="header-menu-nav-folder-content">
              <div class="header-menu-controls container header-menu-nav-item">
                <a class="header-menu-controls-control header-menu-controls-control--active" data-action="back" href="/">
                  <span class="chevron chevron--left"></span><span>Back</span>
                </a>
              </div>
              
                
                  <div class="container header-menu-nav-item">
                    <a
                      href="/identity-infrastructure"
                      
                    >
                      <div class="header-menu-nav-item-content">
                        Identity Infrastructure
                      </div>
                    </a>
                  </div>
                
                
              
                
                  <div class="container header-menu-nav-item">
                    <a
                      href="/wallet-infrastructure"
                      
                    >
                      <div class="header-menu-nav-item-content">
                        Wallet Infrastructure
                      </div>
                    </a>
                  </div>
                
                
              
            </div>
          </div>
        
      
    
      
        
          <div class="container header-menu-nav-item">
            <a
              data-folder-id="/new-folder"
              href="/new-folder"
              
            >
              <div class="header-menu-nav-item-content">
                <span class="visually-hidden">Folder:</span>
                <span>Developers</span>
                <span class="chevron chevron--right"></span>
              </div>
            </a>
          </div>
          <div data-folder="/new-folder" class="header-menu-nav-folder">
            <div class="header-menu-nav-folder-content">
              <div class="header-menu-controls container header-menu-nav-item">
                <a class="header-menu-controls-control header-menu-controls-control--active" data-action="back" href="/">
                  <span class="chevron chevron--left"></span><span>Back</span>
                </a>
              </div>
              
                
                  <div class="container header-menu-nav-item">
                    <a
                      href="/community"
                      
                    >
                      <div class="header-menu-nav-item-content">
                        Community
                      </div>
                    </a>
                  </div>
                
                
              
                
                
                  <div class="container header-menu-nav-item header-menu-nav-item--external">
                    <a href="https://docs.walt.id"  target="_blank" >Documentation</a>
                  </div>
                
              
                
                
                  <div class="container header-menu-nav-item header-menu-nav-item--external">
                    <a href="https://walt-id.notion.site/Feature-List-walt-id-95f6741fe34747b5a1d3a3d68b07a6f1"  target="_blank" >Product Roadmap</a>
                  </div>
                
              
                
                
                  <div class="container header-menu-nav-item header-menu-nav-item--external">
                    <a href="/blog"  target="_blank" >Product Updates</a>
                  </div>
                
              
            </div>
          </div>
        
      
    
      
        
          
            <div class="container header-menu-nav-item header-menu-nav-item--collection">
              <a
                href="/pricing"
                
              >
                <div class="header-menu-nav-item-content">
                  Pricing
                </div>
              </a>
            </div>
          
        
      
    
      
        
          <div class="container header-menu-nav-item">
            <a
              data-folder-id="/all-resources"
              href="/all-resources"
              
            >
              <div class="header-menu-nav-item-content">
                <span class="visually-hidden">Folder:</span>
                <span>Resources</span>
                <span class="chevron chevron--right"></span>
              </div>
            </a>
          </div>
          <div data-folder="/all-resources" class="header-menu-nav-folder">
            <div class="header-menu-nav-folder-content">
              <div class="header-menu-controls container header-menu-nav-item">
                <a class="header-menu-controls-control header-menu-controls-control--active" data-action="back" href="/">
                  <span class="chevron chevron--left"></span><span>Back</span>
                </a>
              </div>
              
                
                  <div class="container header-menu-nav-item">
                    <a
                      href="/blog"
                      
                    >
                      <div class="header-menu-nav-item-content">
                        Blog
                      </div>
                    </a>
                  </div>
                
                
              
                
                  <div class="container header-menu-nav-item">
                    <a
                      href="/case-studies"
                      
                    >
                      <div class="header-menu-nav-item-content">
                        Case Studies
                      </div>
                    </a>
                  </div>
                
                
              
                
                  <div class="container header-menu-nav-item">
                    <a
                      href="/white-papers"
                      
                    >
                      <div class="header-menu-nav-item-content">
                        White Papers
                      </div>
                    </a>
                  </div>
                
                
              
                
                
                  <div class="container header-menu-nav-item header-menu-nav-item--external">
                    <a href="https://docs.walt.id"  target="_blank" >Documentation</a>
                  </div>
                
              
            </div>
          </div>
        
      
    
  
</div>

              
            </div>
            
              <div class="header-menu-actions social-accounts">
                
                  
                    <div class="header-menu-actions-action header-menu-actions-action--social mobile">
                      <a class="icon icon--lg icon--fill  header-icon header-icon-border-shape-none header-icon-border-style-outline"  href="https://discord.gg/AW8AgqJthZ" target="_blank" aria-label="Discord">
                        <svg viewBox="23 23 64 64">
                          <use xlink:href="#discord-unauth-icon" width="110" height="110"></use>
                        </svg>
                      </a>
                    </div>
                  
                    <div class="header-menu-actions-action header-menu-actions-action--social mobile">
                      <a class="icon icon--lg icon--fill  header-icon header-icon-border-shape-none header-icon-border-style-outline"  href="https://github.com/walt-id" target="_blank" aria-label="GitHub">
                        <svg viewBox="23 23 64 64">
                          <use xlink:href="#github-unauth-icon" width="110" height="110"></use>
                        </svg>
                      </a>
                    </div>
                  
                
              </div>
            
            
            
            <div class="header-menu-cta">
              <a
                class="theme-btn--primary btn sqs-button-element--primary"
                href="/contact"
                target="_blank"
              >
                Contact us
              </a>
            </div>
            
          </div>
        </nav>
      </div>
    </div>
  </header>




      <main id="page" class="container" role="main">
        
          <div class="system-page">
            <p>We couldn't find the page you were looking for. This is either because:</p>
<ul>
  <li>There is an error in the URL entered into your web browser. Please check the URL and try again.</li>
  <li>The page you are looking for has been moved or deleted.</li>
</ul>
<p>
  You can return to our homepage by <a href="/">clicking here</a>, or you can try searching for the
  content you are seeking by <a href="/search">clicking here</a>.
</p>
          </div>
        
      </main>
      
        <footer class="sections" id="footer-sections" data-footer-sections>
  
  
  
  
  
  
    
    


  


<section
  data-test="page-section"
  
  data-section-theme="black"
  class='page-section 
    
      full-bleed-section
      layout-engine-section
    
    background-width--full-bleed
    
      section-height--small
    
    
      content-width--wide
    
    horizontal-alignment--center
    vertical-alignment--middle
    
      
    
    
    black'
  
  data-section-id="63048580223113dce9f9839e"
  
  data-controller="SectionWrapperController"
  data-current-styles="{
&quot;imageOverlayOpacity&quot;: 0.15,
&quot;backgroundWidth&quot;: &quot;background-width--full-bleed&quot;,
&quot;sectionHeight&quot;: &quot;section-height--small&quot;,
&quot;customSectionHeight&quot;: 1,
&quot;horizontalAlignment&quot;: &quot;horizontal-alignment--center&quot;,
&quot;verticalAlignment&quot;: &quot;vertical-alignment--middle&quot;,
&quot;contentWidth&quot;: &quot;content-width--wide&quot;,
&quot;customContentWidth&quot;: 50,
&quot;sectionTheme&quot;: &quot;black&quot;,
&quot;sectionAnimation&quot;: &quot;none&quot;,
&quot;backgroundMode&quot;: &quot;image&quot;
}"
  data-current-context="{
&quot;video&quot;: {
&quot;playbackSpeed&quot;: 0.5,
&quot;filter&quot;: 1,
&quot;filterStrength&quot;: 0,
&quot;zoom&quot;: 0,
&quot;videoSourceProvider&quot;: &quot;none&quot;
},
&quot;backgroundImageId&quot;: null,
&quot;backgroundMediaEffect&quot;: {
&quot;type&quot;: &quot;none&quot;
},
&quot;divider&quot;: null,
&quot;typeName&quot;: null
}"
  data-animation="none"
  data-fluid-engine-section
   
  
    
  
  
>
  <div
    class="section-border"
    
  >
    <div class="section-background">
    
      
    
    </div>
  </div>
  <div
    class='content-wrapper'
    style='
      
        
      
    '
  >
    <div
      class="content"
      
    >
      
      
      
      
      
      
      
      
      <div data-fluid-engine="true"><style>

.fe-63048580823d75d5e215243d {
  --grid-gutter: calc(var(--sqs-mobile-site-gutter, 6vw) - 11.0px);
  --cell-max-width: calc( ( var(--sqs-site-max-width, 1500px) - (11.0px * (8 - 1)) ) / 8 );

  display: grid;
  position: relative;
  grid-area: 1/1/-1/-1;
  grid-template-rows: repeat(16,minmax(24px, auto));
  grid-template-columns:
    minmax(var(--grid-gutter), 1fr)
    repeat(8, minmax(0, var(--cell-max-width)))
    minmax(var(--grid-gutter), 1fr);
  row-gap: 11.0px;
  column-gap: 11.0px;
}

@media (min-width: 768px) {
  .background-width--inset .fe-63048580823d75d5e215243d {
    --inset-padding: calc(var(--sqs-site-gutter) * 2);
  }

  .fe-63048580823d75d5e215243d {
    --grid-gutter: calc(var(--sqs-site-gutter, 4vw) - 11.0px);
    --cell-max-width: calc( ( var(--sqs-site-max-width, 1500px) - (11.0px * (24 - 1)) ) / 24 );
    --inset-padding: 0vw;

    --row-height-scaling-factor: 0.0215;
    --container-width: min(var(--sqs-site-max-width, 1500px), calc(100vw - var(--sqs-site-gutter, 4vw) * 2 - var(--inset-padding) ));

    grid-template-rows: repeat(10,minmax(calc(var(--container-width) * var(--row-height-scaling-factor)), auto));
    grid-template-columns:
      minmax(var(--grid-gutter), 1fr)
      repeat(24, minmax(0, var(--cell-max-width)))
      minmax(var(--grid-gutter), 1fr);
  }
}


  .fe-block-yui_3_17_2_1_1699278130296_46632 {
    grid-area: 1/2/3/10;
    z-index: 2;

    @media (max-width: 767px) {
      
    }
  }

  .fe-block-yui_3_17_2_1_1699278130296_46632 .sqs-block {
    justify-content: flex-start;
  }

  .fe-block-yui_3_17_2_1_1699278130296_46632 .sqs-block-alignment-wrapper {
    align-items: flex-start;
  }

  @media (min-width: 768px) {
    .fe-block-yui_3_17_2_1_1699278130296_46632 {
      grid-area: 2/15/5/20;
      z-index: 4;

      
    }

    .fe-block-yui_3_17_2_1_1699278130296_46632 .sqs-block {
      justify-content: center;
    }

    .fe-block-yui_3_17_2_1_1699278130296_46632 .sqs-block-alignment-wrapper {
      align-items: center;
    }
  }

  .fe-block-e2053423658cd71e4d47 {
    grid-area: 2/2/4/3;
    z-index: 5;

    @media (max-width: 767px) {
      
    }
  }

  .fe-block-e2053423658cd71e4d47 .sqs-block {
    justify-content: center;
  }

  .fe-block-e2053423658cd71e4d47 .sqs-block-alignment-wrapper {
    align-items: center;
  }

  @media (min-width: 768px) {
    .fe-block-e2053423658cd71e4d47 {
      grid-area: 5/15/7/16;
      z-index: 7;

      
    }

    .fe-block-e2053423658cd71e4d47 .sqs-block {
      justify-content: center;
    }

    .fe-block-e2053423658cd71e4d47 .sqs-block-alignment-wrapper {
      align-items: center;
    }
  }

  .fe-block-e855674051c5efaae4b6 {
    grid-area: 2/3/4/4;
    z-index: 5;

    @media (max-width: 767px) {
      
    }
  }

  .fe-block-e855674051c5efaae4b6 .sqs-block {
    justify-content: center;
  }

  .fe-block-e855674051c5efaae4b6 .sqs-block-alignment-wrapper {
    align-items: center;
  }

  @media (min-width: 768px) {
    .fe-block-e855674051c5efaae4b6 {
      grid-area: 5/16/7/17;
      z-index: 7;

      
    }

    .fe-block-e855674051c5efaae4b6 .sqs-block {
      justify-content: center;
    }

    .fe-block-e855674051c5efaae4b6 .sqs-block-alignment-wrapper {
      align-items: center;
    }
  }

  .fe-block-a38f7665c1d5f3bd533f {
    grid-area: 2/4/4/5;
    z-index: 5;

    @media (max-width: 767px) {
      
    }
  }

  .fe-block-a38f7665c1d5f3bd533f .sqs-block {
    justify-content: center;
  }

  .fe-block-a38f7665c1d5f3bd533f .sqs-block-alignment-wrapper {
    align-items: center;
  }

  @media (min-width: 768px) {
    .fe-block-a38f7665c1d5f3bd533f {
      grid-area: 5/17/7/18;
      z-index: 7;

      
    }

    .fe-block-a38f7665c1d5f3bd533f .sqs-block {
      justify-content: center;
    }

    .fe-block-a38f7665c1d5f3bd533f .sqs-block-alignment-wrapper {
      align-items: center;
    }
  }

  .fe-block-yui_3_17_2_1_1700952231759_20353 {
    grid-area: 2/5/4/6;
    z-index: 4;

    @media (max-width: 767px) {
      
    }
  }

  .fe-block-yui_3_17_2_1_1700952231759_20353 .sqs-block {
    justify-content: center;
  }

  .fe-block-yui_3_17_2_1_1700952231759_20353 .sqs-block-alignment-wrapper {
    align-items: center;
  }

  @media (min-width: 768px) {
    .fe-block-yui_3_17_2_1_1700952231759_20353 {
      grid-area: 5/18/7/19;
      z-index: 6;

      
    }

    .fe-block-yui_3_17_2_1_1700952231759_20353 .sqs-block {
      justify-content: center;
    }

    .fe-block-yui_3_17_2_1_1700952231759_20353 .sqs-block-alignment-wrapper {
      align-items: center;
    }
  }

  .fe-block-9ddb401a7d5217264b6a {
    grid-area: 2/6/4/7;
    z-index: 5;

    @media (max-width: 767px) {
      
    }
  }

  .fe-block-9ddb401a7d5217264b6a .sqs-block {
    justify-content: center;
  }

  .fe-block-9ddb401a7d5217264b6a .sqs-block-alignment-wrapper {
    align-items: center;
  }

  @media (min-width: 768px) {
    .fe-block-9ddb401a7d5217264b6a {
      grid-area: 5/19/7/20;
      z-index: 7;

      
    }

    .fe-block-9ddb401a7d5217264b6a .sqs-block {
      justify-content: center;
    }

    .fe-block-9ddb401a7d5217264b6a .sqs-block-alignment-wrapper {
      align-items: center;
    }
  }

  .fe-block-63048580b7164bcd0806ca86 {
    grid-area: 5/2/16/10;
    z-index: 0;

    @media (max-width: 767px) {
      
    }
  }

  .fe-block-63048580b7164bcd0806ca86 .sqs-block {
    justify-content: flex-start;
  }

  .fe-block-63048580b7164bcd0806ca86 .sqs-block-alignment-wrapper {
    align-items: flex-start;
  }

  @media (min-width: 768px) {
    .fe-block-63048580b7164bcd0806ca86 {
      grid-area: 2/4/11/14;
      z-index: 1;

      
    }

    .fe-block-63048580b7164bcd0806ca86 .sqs-block {
      justify-content: flex-start;
    }

    .fe-block-63048580b7164bcd0806ca86 .sqs-block-alignment-wrapper {
      align-items: flex-start;
    }
  }

</style><div class="fluid-engine fe-63048580823d75d5e215243d"><div class="fe-block fe-block-yui_3_17_2_1_1699278130296_46632"><div class="sqs-block html-block sqs-block-html" data-blend-mode="NORMAL" data-block-type="2" data-border-radii="&#123;&quot;topLeft&quot;:&#123;&quot;unit&quot;:&quot;px&quot;,&quot;value&quot;:0.0&#125;,&quot;topRight&quot;:&#123;&quot;unit&quot;:&quot;px&quot;,&quot;value&quot;:0.0&#125;,&quot;bottomLeft&quot;:&#123;&quot;unit&quot;:&quot;px&quot;,&quot;value&quot;:0.0&#125;,&quot;bottomRight&quot;:&#123;&quot;unit&quot;:&quot;px&quot;,&quot;value&quot;:0.0&#125;&#125;" id="block-yui_3_17_2_1_1699278130296_46632"><div class="sqs-block-content">

<div class="sqs-html-content">
  <h3 style="white-space:pre-wrap;">Join the community</h3>
</div>




















  
  



</div></div></div><div class="fe-block fe-block-e2053423658cd71e4d47"><div class="sqs-block image-block sqs-block-image sqs-stretched" data-block-type="5" id="block-e2053423658cd71e4d47"><div class="sqs-block-content">










































  

    
  
    <div
      class="
        image-block-outer-wrapper
        layout-caption-below
        design-layout-fluid
        image-position-center
        combination-animation-site-default
        individual-animation-site-default
      "
      data-test="image-block-fluid-outer-wrapper"
    >
      <div
        class="fluid-image-animation-wrapper sqs-image sqs-block-alignment-wrapper"
        data-animation-role="image"
        
  

      >
        <div
          class="fluid-image-container sqs-image-content"
          
          style="overflow: hidden;-webkit-mask-image: -webkit-radial-gradient(white, black);position: relative;width: 100%;height: 100%;"
        >
          

          
          

          
            <a
              class="sqs-block-image-link content-fit"
              href="https://github.com/walt-id"
              target="_blank"
            >
              
            
            
            
            
            
            
            <img data-stretch="false" data-src="https://images.squarespace-cdn.com/content/v1/609c0ddf94bcc0278a7cbdb4/8eb14a0e-670b-4402-bd6b-1f593fde7e39/pngfind.com-github-logo-png-1766942.png" data-image="https://images.squarespace-cdn.com/content/v1/609c0ddf94bcc0278a7cbdb4/8eb14a0e-670b-4402-bd6b-1f593fde7e39/pngfind.com-github-logo-png-1766942.png" data-image-dimensions="568x550" data-image-focal-point="0.5,0.5" alt="" data-load="false" elementtiming="system-image-block" src="https://images.squarespace-cdn.com/content/v1/609c0ddf94bcc0278a7cbdb4/8eb14a0e-670b-4402-bd6b-1f593fde7e39/pngfind.com-github-logo-png-1766942.png" width="568" height="550" alt="" sizes="(max-width: 640px) 100vw, (max-width: 767px) 12.5vw, 4.166666666666666vw" style="display:block;object-fit: contain; object-position: 50% 50%" srcset="https://images.squarespace-cdn.com/content/v1/609c0ddf94bcc0278a7cbdb4/8eb14a0e-670b-4402-bd6b-1f593fde7e39/pngfind.com-github-logo-png-1766942.png?format=100w 100w, https://images.squarespace-cdn.com/content/v1/609c0ddf94bcc0278a7cbdb4/8eb14a0e-670b-4402-bd6b-1f593fde7e39/pngfind.com-github-logo-png-1766942.png?format=300w 300w, https://images.squarespace-cdn.com/content/v1/609c0ddf94bcc0278a7cbdb4/8eb14a0e-670b-4402-bd6b-1f593fde7e39/pngfind.com-github-logo-png-1766942.png?format=500w 500w, https://images.squarespace-cdn.com/content/v1/609c0ddf94bcc0278a7cbdb4/8eb14a0e-670b-4402-bd6b-1f593fde7e39/pngfind.com-github-logo-png-1766942.png?format=750w 750w, https://images.squarespace-cdn.com/content/v1/609c0ddf94bcc0278a7cbdb4/8eb14a0e-670b-4402-bd6b-1f593fde7e39/pngfind.com-github-logo-png-1766942.png?format=1000w 1000w, https://images.squarespace-cdn.com/content/v1/609c0ddf94bcc0278a7cbdb4/8eb14a0e-670b-4402-bd6b-1f593fde7e39/pngfind.com-github-logo-png-1766942.png?format=1500w 1500w, https://images.squarespace-cdn.com/content/v1/609c0ddf94bcc0278a7cbdb4/8eb14a0e-670b-4402-bd6b-1f593fde7e39/pngfind.com-github-logo-png-1766942.png?format=2500w 2500w" loading="lazy" decoding="async" data-loader="sqs">

            
              
            
            <div class="fluidImageOverlay"></div>
          
            </a>
          

        </div>
      </div>
    </div>
    <style>
      .sqs-block-image .sqs-block-content {
        height: 100%;
        width: 100%;
      }

      
        .fe-block-e2053423658cd71e4d47 .fluidImageOverlay {
          position: absolute;
          top: 0;
          left: 0;
          width: 100%;
          height: 100%;
          mix-blend-mode: normal;
          
            
            
          
          
            opacity: 0;
          
        }
      
    </style>
  


  


</div></div></div><div class="fe-block fe-block-e855674051c5efaae4b6"><div class="sqs-block image-block sqs-block-image sqs-stretched" data-block-type="5" id="block-e855674051c5efaae4b6"><div class="sqs-block-content">










































  

    
  
    <div
      class="
        image-block-outer-wrapper
        layout-caption-below
        design-layout-fluid
        image-position-center
        combination-animation-site-default
        individual-animation-site-default
      "
      data-test="image-block-fluid-outer-wrapper"
    >
      <div
        class="fluid-image-animation-wrapper sqs-image sqs-block-alignment-wrapper"
        data-animation-role="image"
        
  

      >
        <div
          class="fluid-image-container sqs-image-content"
          
          style="overflow: hidden;-webkit-mask-image: -webkit-radial-gradient(white, black);position: relative;width: 100%;height: 100%;"
        >
          

          
          

          
            <a
              class="sqs-block-image-link content-fit"
              href="https://walt.id/discord"
              target="_blank"
            >
              
            
            
            
            
            
            
            <img data-stretch="false" data-src="https://images.squarespace-cdn.com/content/v1/609c0ddf94bcc0278a7cbdb4/8b142f78-3566-4c72-a58a-cf89307f37e2/pngfind.com-discord-icon-png-283551.png" data-image="https://images.squarespace-cdn.com/content/v1/609c0ddf94bcc0278a7cbdb4/8b142f78-3566-4c72-a58a-cf89307f37e2/pngfind.com-discord-icon-png-283551.png" data-image-dimensions="1468x1068" data-image-focal-point="0.5,0.5" alt="" data-load="false" elementtiming="system-image-block" src="https://images.squarespace-cdn.com/content/v1/609c0ddf94bcc0278a7cbdb4/8b142f78-3566-4c72-a58a-cf89307f37e2/pngfind.com-discord-icon-png-283551.png" width="1468" height="1068" alt="" sizes="(max-width: 640px) 100vw, (max-width: 767px) 12.5vw, 4.166666666666666vw" style="display:block;object-fit: contain; object-position: 50% 50%" srcset="https://images.squarespace-cdn.com/content/v1/609c0ddf94bcc0278a7cbdb4/8b142f78-3566-4c72-a58a-cf89307f37e2/pngfind.com-discord-icon-png-283551.png?format=100w 100w, https://images.squarespace-cdn.com/content/v1/609c0ddf94bcc0278a7cbdb4/8b142f78-3566-4c72-a58a-cf89307f37e2/pngfind.com-discord-icon-png-283551.png?format=300w 300w, https://images.squarespace-cdn.com/content/v1/609c0ddf94bcc0278a7cbdb4/8b142f78-3566-4c72-a58a-cf89307f37e2/pngfind.com-discord-icon-png-283551.png?format=500w 500w, https://images.squarespace-cdn.com/content/v1/609c0ddf94bcc0278a7cbdb4/8b142f78-3566-4c72-a58a-cf89307f37e2/pngfind.com-discord-icon-png-283551.png?format=750w 750w, https://images.squarespace-cdn.com/content/v1/609c0ddf94bcc0278a7cbdb4/8b142f78-3566-4c72-a58a-cf89307f37e2/pngfind.com-discord-icon-png-283551.png?format=1000w 1000w, https://images.squarespace-cdn.com/content/v1/609c0ddf94bcc0278a7cbdb4/8b142f78-3566-4c72-a58a-cf89307f37e2/pngfind.com-discord-icon-png-283551.png?format=1500w 1500w, https://images.squarespace-cdn.com/content/v1/609c0ddf94bcc0278a7cbdb4/8b142f78-3566-4c72-a58a-cf89307f37e2/pngfind.com-discord-icon-png-283551.png?format=2500w 2500w" loading="lazy" decoding="async" data-loader="sqs">

            
              
            
            <div class="fluidImageOverlay"></div>
          
            </a>
          

        </div>
      </div>
    </div>
    <style>
      .sqs-block-image .sqs-block-content {
        height: 100%;
        width: 100%;
      }

      
        .fe-block-e855674051c5efaae4b6 .fluidImageOverlay {
          position: absolute;
          top: 0;
          left: 0;
          width: 100%;
          height: 100%;
          mix-blend-mode: normal;
          
            
            
          
          
            opacity: 0;
          
        }
      
    </style>
  


  


</div></div></div><div class="fe-block fe-block-a38f7665c1d5f3bd533f"><div class="sqs-block image-block sqs-block-image sqs-stretched" data-block-type="5" id="block-a38f7665c1d5f3bd533f"><div class="sqs-block-content">










































  

    
  
    <div
      class="
        image-block-outer-wrapper
        layout-caption-below
        design-layout-fluid
        image-position-center
        combination-animation-site-default
        individual-animation-site-default
      "
      data-test="image-block-fluid-outer-wrapper"
    >
      <div
        class="fluid-image-animation-wrapper sqs-image sqs-block-alignment-wrapper"
        data-animation-role="image"
        
  

      >
        <div
          class="fluid-image-container sqs-image-content"
          
          style="overflow: hidden;-webkit-mask-image: -webkit-radial-gradient(white, black);position: relative;width: 100%;height: 100%;"
        >
          

          
          

          
            <a
              class="sqs-block-image-link content-fit"
              href="https://www.youtube.com/@walt_id"
              target="_blank"
            >
              
            
            
            
            
            
            
            <img data-stretch="false" data-src="https://images.squarespace-cdn.com/content/v1/609c0ddf94bcc0278a7cbdb4/58e64d25-ddee-4e73-bbc5-5a863e4bb06d/pngfind.com-joey-graceffa-png-6745261.png" data-image="https://images.squarespace-cdn.com/content/v1/609c0ddf94bcc0278a7cbdb4/58e64d25-ddee-4e73-bbc5-5a863e4bb06d/pngfind.com-joey-graceffa-png-6745261.png" data-image-dimensions="1021x720" data-image-focal-point="0.5,0.5" alt="" data-load="false" elementtiming="system-image-block" src="https://images.squarespace-cdn.com/content/v1/609c0ddf94bcc0278a7cbdb4/58e64d25-ddee-4e73-bbc5-5a863e4bb06d/pngfind.com-joey-graceffa-png-6745261.png" width="1021" height="720" alt="" sizes="(max-width: 640px) 100vw, (max-width: 767px) 12.5vw, 4.166666666666666vw" style="display:block;object-fit: contain; object-position: 50% 50%" srcset="https://images.squarespace-cdn.com/content/v1/609c0ddf94bcc0278a7cbdb4/58e64d25-ddee-4e73-bbc5-5a863e4bb06d/pngfind.com-joey-graceffa-png-6745261.png?format=100w 100w, https://images.squarespace-cdn.com/content/v1/609c0ddf94bcc0278a7cbdb4/58e64d25-ddee-4e73-bbc5-5a863e4bb06d/pngfind.com-joey-graceffa-png-6745261.png?format=300w 300w, https://images.squarespace-cdn.com/content/v1/609c0ddf94bcc0278a7cbdb4/58e64d25-ddee-4e73-bbc5-5a863e4bb06d/pngfind.com-joey-graceffa-png-6745261.png?format=500w 500w, https://images.squarespace-cdn.com/content/v1/609c0ddf94bcc0278a7cbdb4/58e64d25-ddee-4e73-bbc5-5a863e4bb06d/pngfind.com-joey-graceffa-png-6745261.png?format=750w 750w, https://images.squarespace-cdn.com/content/v1/609c0ddf94bcc0278a7cbdb4/58e64d25-ddee-4e73-bbc5-5a863e4bb06d/pngfind.com-joey-graceffa-png-6745261.png?format=1000w 1000w, https://images.squarespace-cdn.com/content/v1/609c0ddf94bcc0278a7cbdb4/58e64d25-ddee-4e73-bbc5-5a863e4bb06d/pngfind.com-joey-graceffa-png-6745261.png?format=1500w 1500w, https://images.squarespace-cdn.com/content/v1/609c0ddf94bcc0278a7cbdb4/58e64d25-ddee-4e73-bbc5-5a863e4bb06d/pngfind.com-joey-graceffa-png-6745261.png?format=2500w 2500w" loading="lazy" decoding="async" data-loader="sqs">

            
              
            
            <div class="fluidImageOverlay"></div>
          
            </a>
          

        </div>
      </div>
    </div>
    <style>
      .sqs-block-image .sqs-block-content {
        height: 100%;
        width: 100%;
      }

      
        .fe-block-a38f7665c1d5f3bd533f .fluidImageOverlay {
          position: absolute;
          top: 0;
          left: 0;
          width: 100%;
          height: 100%;
          mix-blend-mode: normal;
          
            
            
          
          
            opacity: 0;
          
        }
      
    </style>
  


  


</div></div></div><div class="fe-block fe-block-yui_3_17_2_1_1700952231759_20353"><div class="sqs-block image-block sqs-block-image sqs-stretched" data-block-type="5" id="block-yui_3_17_2_1_1700952231759_20353"><div class="sqs-block-content">










































  

    
  
    <div
      class="
        image-block-outer-wrapper
        layout-caption-below
        design-layout-fluid
        image-position-center
        combination-animation-site-default
        individual-animation-site-default
      "
      data-test="image-block-fluid-outer-wrapper"
    >
      <div
        class="fluid-image-animation-wrapper sqs-image sqs-block-alignment-wrapper"
        data-animation-role="image"
        
  

      >
        <div
          class="fluid-image-container sqs-image-content"
          
          style="overflow: hidden;-webkit-mask-image: -webkit-radial-gradient(white, black);position: relative;width: 100%;height: 100%;"
        >
          

          
          

          
            <a
              class="sqs-block-image-link content-fit"
              href="https://www.linkedin.com/company/walt-id"
              target="_blank"
            >
              
            
            
            
            
            
            
            <img data-stretch="false" data-src="https://images.squarespace-cdn.com/content/v1/609c0ddf94bcc0278a7cbdb4/fc25562d-550b-458c-a081-a87174e5cf71/Linkedin+white.png" data-image="https://images.squarespace-cdn.com/content/v1/609c0ddf94bcc0278a7cbdb4/fc25562d-550b-458c-a081-a87174e5cf71/Linkedin+white.png" data-image-dimensions="512x512" data-image-focal-point="0.5,0.5" alt="" data-load="false" elementtiming="system-image-block" src="https://images.squarespace-cdn.com/content/v1/609c0ddf94bcc0278a7cbdb4/fc25562d-550b-458c-a081-a87174e5cf71/Linkedin+white.png" width="512" height="512" alt="" sizes="(max-width: 640px) 100vw, (max-width: 767px) 12.5vw, 4.166666666666666vw" style="display:block;object-fit: contain; object-position: 50% 50%" srcset="https://images.squarespace-cdn.com/content/v1/609c0ddf94bcc0278a7cbdb4/fc25562d-550b-458c-a081-a87174e5cf71/Linkedin+white.png?format=100w 100w, https://images.squarespace-cdn.com/content/v1/609c0ddf94bcc0278a7cbdb4/fc25562d-550b-458c-a081-a87174e5cf71/Linkedin+white.png?format=300w 300w, https://images.squarespace-cdn.com/content/v1/609c0ddf94bcc0278a7cbdb4/fc25562d-550b-458c-a081-a87174e5cf71/Linkedin+white.png?format=500w 500w, https://images.squarespace-cdn.com/content/v1/609c0ddf94bcc0278a7cbdb4/fc25562d-550b-458c-a081-a87174e5cf71/Linkedin+white.png?format=750w 750w, https://images.squarespace-cdn.com/content/v1/609c0ddf94bcc0278a7cbdb4/fc25562d-550b-458c-a081-a87174e5cf71/Linkedin+white.png?format=1000w 1000w, https://images.squarespace-cdn.com/content/v1/609c0ddf94bcc0278a7cbdb4/fc25562d-550b-458c-a081-a87174e5cf71/Linkedin+white.png?format=1500w 1500w, https://images.squarespace-cdn.com/content/v1/609c0ddf94bcc0278a7cbdb4/fc25562d-550b-458c-a081-a87174e5cf71/Linkedin+white.png?format=2500w 2500w" loading="lazy" decoding="async" data-loader="sqs">

            
              
            
            <div class="fluidImageOverlay"></div>
          
            </a>
          

        </div>
      </div>
    </div>
    <style>
      .sqs-block-image .sqs-block-content {
        height: 100%;
        width: 100%;
      }

      
        .fe-block-yui_3_17_2_1_1700952231759_20353 .fluidImageOverlay {
          position: absolute;
          top: 0;
          left: 0;
          width: 100%;
          height: 100%;
          mix-blend-mode: normal;
          
            
            
          
          
            opacity: 0;
          
        }
      
    </style>
  


  


</div></div></div><div class="fe-block fe-block-9ddb401a7d5217264b6a"><div class="sqs-block image-block sqs-block-image sqs-stretched" data-block-type="5" id="block-9ddb401a7d5217264b6a"><div class="sqs-block-content">










































  

    
  
    <div
      class="
        image-block-outer-wrapper
        layout-caption-below
        design-layout-fluid
        image-position-center
        combination-animation-site-default
        individual-animation-site-default
      "
      data-test="image-block-fluid-outer-wrapper"
    >
      <div
        class="fluid-image-animation-wrapper sqs-image sqs-block-alignment-wrapper"
        data-animation-role="image"
        
  

      >
        <div
          class="fluid-image-container sqs-image-content"
          
          style="overflow: hidden;-webkit-mask-image: -webkit-radial-gradient(white, black);position: relative;width: 100%;height: 100%;"
        >
          

          
          

          
            <a
              class="sqs-block-image-link content-fit"
              href="https://twitter.com/walt_id"
              target="_blank"
            >
              
            
            
            
            
            
            
            <img data-stretch="false" data-src="https://images.squarespace-cdn.com/content/v1/609c0ddf94bcc0278a7cbdb4/8f3bb072-cfa9-45ef-9f5a-7ed8c58e6756/pngfind.com-twitter-png-logo-529833.png" data-image="https://images.squarespace-cdn.com/content/v1/609c0ddf94bcc0278a7cbdb4/8f3bb072-cfa9-45ef-9f5a-7ed8c58e6756/pngfind.com-twitter-png-logo-529833.png" data-image-dimensions="869x869" data-image-focal-point="0.5,0.5" alt="" data-load="false" elementtiming="system-image-block" src="https://images.squarespace-cdn.com/content/v1/609c0ddf94bcc0278a7cbdb4/8f3bb072-cfa9-45ef-9f5a-7ed8c58e6756/pngfind.com-twitter-png-logo-529833.png" width="869" height="869" alt="" sizes="(max-width: 640px) 100vw, (max-width: 767px) 12.5vw, 4.166666666666666vw" style="display:block;object-fit: contain; object-position: 50% 50%" srcset="https://images.squarespace-cdn.com/content/v1/609c0ddf94bcc0278a7cbdb4/8f3bb072-cfa9-45ef-9f5a-7ed8c58e6756/pngfind.com-twitter-png-logo-529833.png?format=100w 100w, https://images.squarespace-cdn.com/content/v1/609c0ddf94bcc0278a7cbdb4/8f3bb072-cfa9-45ef-9f5a-7ed8c58e6756/pngfind.com-twitter-png-logo-529833.png?format=300w 300w, https://images.squarespace-cdn.com/content/v1/609c0ddf94bcc0278a7cbdb4/8f3bb072-cfa9-45ef-9f5a-7ed8c58e6756/pngfind.com-twitter-png-logo-529833.png?format=500w 500w, https://images.squarespace-cdn.com/content/v1/609c0ddf94bcc0278a7cbdb4/8f3bb072-cfa9-45ef-9f5a-7ed8c58e6756/pngfind.com-twitter-png-logo-529833.png?format=750w 750w, https://images.squarespace-cdn.com/content/v1/609c0ddf94bcc0278a7cbdb4/8f3bb072-cfa9-45ef-9f5a-7ed8c58e6756/pngfind.com-twitter-png-logo-529833.png?format=1000w 1000w, https://images.squarespace-cdn.com/content/v1/609c0ddf94bcc0278a7cbdb4/8f3bb072-cfa9-45ef-9f5a-7ed8c58e6756/pngfind.com-twitter-png-logo-529833.png?format=1500w 1500w, https://images.squarespace-cdn.com/content/v1/609c0ddf94bcc0278a7cbdb4/8f3bb072-cfa9-45ef-9f5a-7ed8c58e6756/pngfind.com-twitter-png-logo-529833.png?format=2500w 2500w" loading="lazy" decoding="async" data-loader="sqs">

            
              
            
            <div class="fluidImageOverlay"></div>
          
            </a>
          

        </div>
      </div>
    </div>
    <style>
      .sqs-block-image .sqs-block-content {
        height: 100%;
        width: 100%;
      }

      
        .fe-block-9ddb401a7d5217264b6a .fluidImageOverlay {
          position: absolute;
          top: 0;
          left: 0;
          width: 100%;
          height: 100%;
          mix-blend-mode: normal;
          
            
            
          
          
            opacity: 0;
          
        }
      
    </style>
  


  


</div></div></div><div class="fe-block fe-block-63048580b7164bcd0806ca86"><div class="sqs-block newsletter-block sqs-block-newsletter sqs-background-enabled" data-blend-mode="NORMAL" data-block-type="51" data-border-radii="&#123;&quot;topLeft&quot;:&#123;&quot;unit&quot;:&quot;px&quot;,&quot;value&quot;:25.0&#125;,&quot;topRight&quot;:&#123;&quot;unit&quot;:&quot;px&quot;,&quot;value&quot;:25.0&#125;,&quot;bottomLeft&quot;:&#123;&quot;unit&quot;:&quot;px&quot;,&quot;value&quot;:25.0&#125;,&quot;bottomRight&quot;:&#123;&quot;unit&quot;:&quot;px&quot;,&quot;value&quot;:25.0&#125;&#125;" id="block-63048580b7164bcd0806ca86"><div class="sqs-block-content">




















  
  
    <style>
      #block-63048580b7164bcd0806ca86 {
        box-sizing: border-box;
        height: 100%;
        padding: 6% 6% 6% 6%;
        border-radius: 25px 25px 25px 25px;

        

        
          
            
            
          
        
      }
    </style>
  




<div class="newsletter-form-wrapper
  
  newsletter-form-wrapper--layoutFloat
  newsletter-form-wrapper--alignLeft
  
  "
  >
  <form
     class="newsletter-form"
     data-form-id="60ed4e30f2de0a6ebf31b00d"
     data-success-redirect="/newsletter-succes"
     autocomplete="on"
     method="POST"
     novalidate
     onsubmit="return (function (form) {
    Y.use('squarespace-form-submit', 'node', function usingFormSubmit(Y) {
      (new Y.Squarespace.FormSubmit(form)).submit({
        formId: '60ed4e30f2de0a6ebf31b00d',
        collectionId: '',
        objectName: '63048580b7164bcd0806ca86'
      });
    });
    return false;
  })(this);">
    <header class="newsletter-form-header">
      <h2 class="newsletter-form-header-title">Newsletter</h2>
      <div class="newsletter-form-header-description"><p class="" style="white-space:pre-wrap;">Join thousands of builders and get the latest updates.</p></div>
    </header>
    <div class="newsletter-form-body">
      <div class="newsletter-form-fields-wrapper form-fields" style="vertical-align: middle;">
        
        
          
            <div id="email-yui_3_17_2_1_1626164636374_17531" class="newsletter-form-field-wrapper form-item field email required" style="vertical-align: bottom;">
              <label class="newsletter-form-field-label title" for="email-yui_3_17_2_1_1626164636374_17531-field">Email Address</label>
              <input id="email-yui_3_17_2_1_1626164636374_17531-field" class="newsletter-form-field-element field-element" name="email" x-autocompletetype="email" autocomplete="email" type="email" spellcheck="false" placeholder="Email Address" />
            </div>
          
        
          
        
      </div>
      <div data-animation-role="button" class="newsletter-form-button-wrapper submit-wrapper" style="vertical-align: middle;">
        <button
          class="
            newsletter-form-button
            sqs-system-button
            sqs-editable-button-layout
            sqs-editable-button-style
            sqs-editable-button-shape
            sqs-button-element--primary
          "
          type="submit"
          value="Subscribe"
        >
          <span class="newsletter-form-spinner sqs-spin light large"></span>
          <span class="newsletter-form-button-label">Subscribe</span>
          <span class="newsletter-form-button-icon"></span>
        </button>
      </div>
      
        
        <div class="captcha-container sqs-form-rendered
          
          align-center
          
          "
          data-theme="light"
        ></div>
        
      
    </div>
    <div class="newsletter-form-footnote"></div>
    <div class="hidden form-submission-text"><p class="" style="white-space:pre-wrap;">Thank you!</p><p class="" style="white-space:pre-wrap;">Please check your mailbox &amp; confirm your interest in the e-mail we sent you. </p></div>
    <div class="hidden form-submission-html" data-submission-html=""></div>
  </form>
</div>
</div></div></div></div></div>
    </div>
  
  </div>
  
</section>

  
    
    


  


<section
  data-test="page-section"
  
  data-section-theme="black"
  class='page-section 
    
      full-bleed-section
      layout-engine-section
    
    background-width--full-bleed
    
      
        section-height--custom
      
    
    
      content-width--wide
    
    horizontal-alignment--center
    vertical-alignment--middle
    
      
    
    
    black'
  
  data-section-id="6304a251dcd63a67b7934eea"
  
  data-controller="SectionWrapperController"
  data-current-styles="{
&quot;imageOverlayOpacity&quot;: 0.15,
&quot;backgroundWidth&quot;: &quot;background-width--full-bleed&quot;,
&quot;sectionHeight&quot;: &quot;section-height--custom&quot;,
&quot;customSectionHeight&quot;: 0,
&quot;horizontalAlignment&quot;: &quot;horizontal-alignment--center&quot;,
&quot;verticalAlignment&quot;: &quot;vertical-alignment--middle&quot;,
&quot;contentWidth&quot;: &quot;content-width--wide&quot;,
&quot;customContentWidth&quot;: 50,
&quot;sectionTheme&quot;: &quot;black&quot;,
&quot;sectionAnimation&quot;: &quot;none&quot;,
&quot;backgroundMode&quot;: &quot;image&quot;
}"
  data-current-context="{
&quot;video&quot;: {
&quot;playbackSpeed&quot;: 0.5,
&quot;filter&quot;: 1,
&quot;filterStrength&quot;: 0,
&quot;zoom&quot;: 0,
&quot;videoSourceProvider&quot;: &quot;none&quot;
},
&quot;backgroundImageId&quot;: null,
&quot;backgroundMediaEffect&quot;: {
&quot;type&quot;: &quot;none&quot;
},
&quot;divider&quot;: {
&quot;enabled&quot;: false
},
&quot;typeName&quot;: null
}"
  data-animation="none"
  data-fluid-engine-section
   
  
  
>
  <div
    class="section-border"
    
  >
    <div class="section-background">
    
      
    
    </div>
  </div>
  <div
    class='content-wrapper'
    style='
      
        
          
          
          padding-top: calc(0vmax / 10); padding-bottom: calc(0vmax / 10);
        
      
    '
  >
    <div
      class="content"
      
    >
      
      
      
      
      
      
      
      
      <div data-fluid-engine="true"><style>

.fe-6304a251dcd63a67b7934ee9 {
  --grid-gutter: calc(var(--sqs-mobile-site-gutter, 6vw) - 11.0px);
  --cell-max-width: calc( ( var(--sqs-site-max-width, 1500px) - (11.0px * (8 - 1)) ) / 8 );

  display: grid;
  position: relative;
  grid-area: 1/1/-1/-1;
  grid-template-rows: repeat(18,minmax(24px, auto));
  grid-template-columns:
    minmax(var(--grid-gutter), 1fr)
    repeat(8, minmax(0, var(--cell-max-width)))
    minmax(var(--grid-gutter), 1fr);
  row-gap: 11.0px;
  column-gap: 11.0px;
}

@media (min-width: 768px) {
  .background-width--inset .fe-6304a251dcd63a67b7934ee9 {
    --inset-padding: calc(var(--sqs-site-gutter) * 2);
  }

  .fe-6304a251dcd63a67b7934ee9 {
    --grid-gutter: calc(var(--sqs-site-gutter, 4vw) - 11.0px);
    --cell-max-width: calc( ( var(--sqs-site-max-width, 1500px) - (11.0px * (24 - 1)) ) / 24 );
    --inset-padding: 0vw;

    --row-height-scaling-factor: 0.0215;
    --container-width: min(var(--sqs-site-max-width, 1500px), calc(100vw - var(--sqs-site-gutter, 4vw) * 2 - var(--inset-padding) ));

    grid-template-rows: repeat(7,minmax(calc(var(--container-width) * var(--row-height-scaling-factor)), auto));
    grid-template-columns:
      minmax(var(--grid-gutter), 1fr)
      repeat(24, minmax(0, var(--cell-max-width)))
      minmax(var(--grid-gutter), 1fr);
  }
}


  .fe-block-6f599243df5f0a638257 {
    grid-area: 2/2/5/6;
    z-index: 2;

    @media (max-width: 767px) {
      
    }
  }

  .fe-block-6f599243df5f0a638257 .sqs-block {
    justify-content: flex-start;
  }

  .fe-block-6f599243df5f0a638257 .sqs-block-alignment-wrapper {
    align-items: flex-start;
  }

  @media (min-width: 768px) {
    .fe-block-6f599243df5f0a638257 {
      grid-area: 1/4/6/7;
      z-index: 2;

      
    }

    .fe-block-6f599243df5f0a638257 .sqs-block {
      justify-content: flex-start;
    }

    .fe-block-6f599243df5f0a638257 .sqs-block-alignment-wrapper {
      align-items: flex-start;
    }
  }

  .fe-block-cfc0659c5dcf91fdccd4 {
    grid-area: 2/6/5/10;
    z-index: 5;

    @media (max-width: 767px) {
      
    }
  }

  .fe-block-cfc0659c5dcf91fdccd4 .sqs-block {
    justify-content: flex-start;
  }

  .fe-block-cfc0659c5dcf91fdccd4 .sqs-block-alignment-wrapper {
    align-items: flex-start;
  }

  @media (min-width: 768px) {
    .fe-block-cfc0659c5dcf91fdccd4 {
      grid-area: 1/19/4/22;
      z-index: 5;

      
    }

    .fe-block-cfc0659c5dcf91fdccd4 .sqs-block {
      justify-content: flex-start;
    }

    .fe-block-cfc0659c5dcf91fdccd4 .sqs-block-alignment-wrapper {
      align-items: flex-start;
    }
  }

  .fe-block-2b43b408c7f1d69a624b {
    grid-area: 8/6/14/10;
    z-index: 4;

    @media (max-width: 767px) {
      
    }
  }

  .fe-block-2b43b408c7f1d69a624b .sqs-block {
    justify-content: flex-start;
  }

  .fe-block-2b43b408c7f1d69a624b .sqs-block-alignment-wrapper {
    align-items: flex-start;
  }

  @media (min-width: 768px) {
    .fe-block-2b43b408c7f1d69a624b {
      grid-area: 1/16/6/19;
      z-index: 4;

      
    }

    .fe-block-2b43b408c7f1d69a624b .sqs-block {
      justify-content: flex-start;
    }

    .fe-block-2b43b408c7f1d69a624b .sqs-block-alignment-wrapper {
      align-items: flex-start;
    }
  }

  .fe-block-8a4669c7826a06553917 {
    grid-area: 5/2/9/6;
    z-index: 3;

    @media (max-width: 767px) {
      
    }
  }

  .fe-block-8a4669c7826a06553917 .sqs-block {
    justify-content: flex-start;
  }

  .fe-block-8a4669c7826a06553917 .sqs-block-alignment-wrapper {
    align-items: flex-start;
  }

  @media (min-width: 768px) {
    .fe-block-8a4669c7826a06553917 {
      grid-area: 1/7/5/10;
      z-index: 3;

      
    }

    .fe-block-8a4669c7826a06553917 .sqs-block {
      justify-content: flex-start;
    }

    .fe-block-8a4669c7826a06553917 .sqs-block-alignment-wrapper {
      align-items: flex-start;
    }
  }

  .fe-block-ef5bfeb10897607de406 {
    grid-area: 5/6/8/10;
    z-index: 8;

    @media (max-width: 767px) {
      
    }
  }

  .fe-block-ef5bfeb10897607de406 .sqs-block {
    justify-content: flex-start;
  }

  .fe-block-ef5bfeb10897607de406 .sqs-block-alignment-wrapper {
    align-items: flex-start;
  }

  @media (min-width: 768px) {
    .fe-block-ef5bfeb10897607de406 {
      grid-area: 1/10/4/13;
      z-index: 8;

      
    }

    .fe-block-ef5bfeb10897607de406 .sqs-block {
      justify-content: flex-start;
    }

    .fe-block-ef5bfeb10897607de406 .sqs-block-alignment-wrapper {
      align-items: flex-start;
    }
  }

  .fe-block-08048845d824ff44e82f {
    grid-area: 9/2/12/6;
    z-index: 7;

    @media (max-width: 767px) {
      
    }
  }

  .fe-block-08048845d824ff44e82f .sqs-block {
    justify-content: flex-start;
  }

  .fe-block-08048845d824ff44e82f .sqs-block-alignment-wrapper {
    align-items: flex-start;
  }

  @media (min-width: 768px) {
    .fe-block-08048845d824ff44e82f {
      grid-area: 1/13/4/16;
      z-index: 7;

      
    }

    .fe-block-08048845d824ff44e82f .sqs-block {
      justify-content: flex-start;
    }

    .fe-block-08048845d824ff44e82f .sqs-block-alignment-wrapper {
      align-items: flex-start;
    }
  }

  .fe-block-85c9ce4efe8bd9534dcf {
    grid-area: 12/2/17/6;
    z-index: 9;

    @media (max-width: 767px) {
      
    }
  }

  .fe-block-85c9ce4efe8bd9534dcf .sqs-block {
    justify-content: flex-start;
  }

  .fe-block-85c9ce4efe8bd9534dcf .sqs-block-alignment-wrapper {
    align-items: flex-start;
  }

  @media (min-width: 768px) {
    .fe-block-85c9ce4efe8bd9534dcf {
      grid-area: 1/22/5/25;
      z-index: 9;

      
    }

    .fe-block-85c9ce4efe8bd9534dcf .sqs-block {
      justify-content: flex-start;
    }

    .fe-block-85c9ce4efe8bd9534dcf .sqs-block-alignment-wrapper {
      align-items: flex-start;
    }
  }

  .fe-block-89be9ec09361b12407b4 {
    grid-area: 17/2/19/10;
    z-index: 5;

    @media (max-width: 767px) {
      
    }
  }

  .fe-block-89be9ec09361b12407b4 .sqs-block {
    justify-content: center;
  }

  .fe-block-89be9ec09361b12407b4 .sqs-block-alignment-wrapper {
    align-items: center;
  }

  @media (min-width: 768px) {
    .fe-block-89be9ec09361b12407b4 {
      grid-area: 7/2/8/26;
      z-index: 5;

      
    }

    .fe-block-89be9ec09361b12407b4 .sqs-block {
      justify-content: flex-start;
    }

    .fe-block-89be9ec09361b12407b4 .sqs-block-alignment-wrapper {
      align-items: flex-start;
    }
  }

</style><div class="fluid-engine fe-6304a251dcd63a67b7934ee9"><div class="fe-block fe-block-6f599243df5f0a638257"><div class="sqs-block html-block sqs-block-html" data-blend-mode="NORMAL" data-block-type="2" data-border-radii="&#123;&quot;topLeft&quot;:&#123;&quot;unit&quot;:&quot;px&quot;,&quot;value&quot;:0.0&#125;,&quot;topRight&quot;:&#123;&quot;unit&quot;:&quot;px&quot;,&quot;value&quot;:0.0&#125;,&quot;bottomLeft&quot;:&#123;&quot;unit&quot;:&quot;px&quot;,&quot;value&quot;:0.0&#125;,&quot;bottomRight&quot;:&#123;&quot;unit&quot;:&quot;px&quot;,&quot;value&quot;:0.0&#125;&#125;" id="block-6f599243df5f0a638257"><div class="sqs-block-content">

<div class="sqs-html-content">
  <p class="" style="white-space:pre-wrap;"><strong>Products</strong></p><p class="sqsrte-small" style="white-space:pre-wrap;"><a href="/identity-infrastructure">Identity infrastructure</a><br><a href="/wallet-infrastructure">Wallet infrastructure</a></p>
</div>




















  
  



</div></div></div><div class="fe-block fe-block-cfc0659c5dcf91fdccd4"><div class="sqs-block html-block sqs-block-html" data-blend-mode="NORMAL" data-block-type="2" data-border-radii="&#123;&quot;topLeft&quot;:&#123;&quot;unit&quot;:&quot;px&quot;,&quot;value&quot;:0.0&#125;,&quot;topRight&quot;:&#123;&quot;unit&quot;:&quot;px&quot;,&quot;value&quot;:0.0&#125;,&quot;bottomLeft&quot;:&#123;&quot;unit&quot;:&quot;px&quot;,&quot;value&quot;:0.0&#125;,&quot;bottomRight&quot;:&#123;&quot;unit&quot;:&quot;px&quot;,&quot;value&quot;:0.0&#125;&#125;" id="block-cfc0659c5dcf91fdccd4"><div class="sqs-block-content">

<div class="sqs-html-content">
  <p class="" style="white-space:pre-wrap;"><strong>Pricing</strong></p><p class="sqsrte-small" style="white-space:pre-wrap;"><a href="/pricing" target="_blank">Community Stack<br>Enterprise Stack<br>Cloud Platform</a><a href="/blog"><br></a></p>
</div>




















  
  



</div></div></div><div class="fe-block fe-block-2b43b408c7f1d69a624b"><div class="sqs-block html-block sqs-block-html" data-blend-mode="NORMAL" data-block-type="2" data-border-radii="&#123;&quot;topLeft&quot;:&#123;&quot;unit&quot;:&quot;px&quot;,&quot;value&quot;:0.0&#125;,&quot;topRight&quot;:&#123;&quot;unit&quot;:&quot;px&quot;,&quot;value&quot;:0.0&#125;,&quot;bottomLeft&quot;:&#123;&quot;unit&quot;:&quot;px&quot;,&quot;value&quot;:0.0&#125;,&quot;bottomRight&quot;:&#123;&quot;unit&quot;:&quot;px&quot;,&quot;value&quot;:0.0&#125;&#125;" id="block-2b43b408c7f1d69a624b"><div class="sqs-block-content">

<div class="sqs-html-content">
  <p class="" style="white-space:pre-wrap;"> <strong>Resources</strong></p><p class="sqsrte-small" style="white-space:pre-wrap;"><a href="/blog">Blog</a><br><a href="https://walt.id/case-studies">Case Studies</a><br><a href="https://walt.id/white-papers">White Papers</a><br><a href="https://walt.id/playbooks">Playbooks</a><a href="/blog"><br></a></p>
</div>




















  
  



</div></div></div><div class="fe-block fe-block-8a4669c7826a06553917"><div class="sqs-block html-block sqs-block-html" data-blend-mode="NORMAL" data-block-type="2" data-border-radii="&#123;&quot;topLeft&quot;:&#123;&quot;unit&quot;:&quot;px&quot;,&quot;value&quot;:0.0&#125;,&quot;topRight&quot;:&#123;&quot;unit&quot;:&quot;px&quot;,&quot;value&quot;:0.0&#125;,&quot;bottomLeft&quot;:&#123;&quot;unit&quot;:&quot;px&quot;,&quot;value&quot;:0.0&#125;,&quot;bottomRight&quot;:&#123;&quot;unit&quot;:&quot;px&quot;,&quot;value&quot;:0.0&#125;&#125;" id="block-8a4669c7826a06553917"><div class="sqs-block-content">

<div class="sqs-html-content">
  <p class="" style="white-space:pre-wrap;"><strong>Developers</strong></p><p class="sqsrte-small" style="white-space:pre-wrap;"><a href="https://github.com/walt-id" target="_blank">GitHub</a><br><a href="https://docs.walt.id" target="_blank">Documentation</a><br><a href="https://github.com/walt-id/.github/discussions/6" target="_blank">Become a contributor</a></p>
</div>




















  
  



</div></div></div><div class="fe-block fe-block-ef5bfeb10897607de406"><div class="sqs-block html-block sqs-block-html" data-blend-mode="NORMAL" data-block-type="2" data-border-radii="&#123;&quot;topLeft&quot;:&#123;&quot;unit&quot;:&quot;px&quot;,&quot;value&quot;:0.0&#125;,&quot;topRight&quot;:&#123;&quot;unit&quot;:&quot;px&quot;,&quot;value&quot;:0.0&#125;,&quot;bottomLeft&quot;:&#123;&quot;unit&quot;:&quot;px&quot;,&quot;value&quot;:0.0&#125;,&quot;bottomRight&quot;:&#123;&quot;unit&quot;:&quot;px&quot;,&quot;value&quot;:0.0&#125;&#125;" id="block-ef5bfeb10897607de406"><div class="sqs-block-content">

<div class="sqs-html-content">
  <p class="" style="white-space:pre-wrap;"><strong>Community</strong></p><p class="sqsrte-small" style="white-space:pre-wrap;"><a href="/community" target="_blank">Join the Community</a><br><a href="https://walt.id/events" target="_blank">Events</a></p>
</div>




















  
  



</div></div></div><div class="fe-block fe-block-08048845d824ff44e82f"><div class="sqs-block html-block sqs-block-html" data-blend-mode="NORMAL" data-block-type="2" data-border-radii="&#123;&quot;topLeft&quot;:&#123;&quot;unit&quot;:&quot;px&quot;,&quot;value&quot;:0.0&#125;,&quot;topRight&quot;:&#123;&quot;unit&quot;:&quot;px&quot;,&quot;value&quot;:0.0&#125;,&quot;bottomLeft&quot;:&#123;&quot;unit&quot;:&quot;px&quot;,&quot;value&quot;:0.0&#125;,&quot;bottomRight&quot;:&#123;&quot;unit&quot;:&quot;px&quot;,&quot;value&quot;:0.0&#125;&#125;" id="block-08048845d824ff44e82f"><div class="sqs-block-content">

<div class="sqs-html-content">
  <p class="" style="white-space:pre-wrap;"><strong>Partners</strong></p><p class="sqsrte-small" style="white-space:pre-wrap;"><a href="/partners" target="_blank">Partner Hub</a><br><a href="/become-a-partner" target="_blank">Become a partner</a></p>
</div>




















  
  



</div></div></div><div class="fe-block fe-block-85c9ce4efe8bd9534dcf"><div class="sqs-block html-block sqs-block-html" data-blend-mode="NORMAL" data-block-type="2" data-border-radii="&#123;&quot;topLeft&quot;:&#123;&quot;unit&quot;:&quot;px&quot;,&quot;value&quot;:0.0&#125;,&quot;topRight&quot;:&#123;&quot;unit&quot;:&quot;px&quot;,&quot;value&quot;:0.0&#125;,&quot;bottomLeft&quot;:&#123;&quot;unit&quot;:&quot;px&quot;,&quot;value&quot;:0.0&#125;,&quot;bottomRight&quot;:&#123;&quot;unit&quot;:&quot;px&quot;,&quot;value&quot;:0.0&#125;&#125;" id="block-85c9ce4efe8bd9534dcf"><div class="sqs-block-content">

<div class="sqs-html-content">
  <p class="" style="white-space:pre-wrap;"><strong>Company</strong></p><p class="sqsrte-small" style="white-space:pre-wrap;"><a href="/about">About</a><br><a href="/career" target="_blank">Career</a><br><a href="/jobs">Jobs</a><em><br></em><a href="/contact" target="_blank">Contact</a></p>
</div>




















  
  



</div></div></div><div class="fe-block fe-block-89be9ec09361b12407b4"><div class="sqs-block html-block sqs-block-html" data-blend-mode="NORMAL" data-block-type="2" data-border-radii="&#123;&quot;topLeft&quot;:&#123;&quot;unit&quot;:&quot;px&quot;,&quot;value&quot;:0.0&#125;,&quot;topRight&quot;:&#123;&quot;unit&quot;:&quot;px&quot;,&quot;value&quot;:0.0&#125;,&quot;bottomLeft&quot;:&#123;&quot;unit&quot;:&quot;px&quot;,&quot;value&quot;:0.0&#125;,&quot;bottomRight&quot;:&#123;&quot;unit&quot;:&quot;px&quot;,&quot;value&quot;:0.0&#125;&#125;" id="block-89be9ec09361b12407b4"><div class="sqs-block-content">

<div class="sqs-html-content">
  <p style="text-align:center;white-space:pre-wrap;" class="sqsrte-small"><a href="/imprint"><span class="sqsrte-text-color--darkAccent">Imprint</span></a><span class="sqsrte-text-color--darkAccent">   |   </span><a href="/privacy-policy"><span class="sqsrte-text-color--darkAccent">Privacy Policy</span></a></p>
</div>




















  
  



</div></div></div></div></div>
    </div>
  
  </div>
  
</section>

  
</footer>

      
    </div>

    <script defer="defer" src="https://static1.squarespace.com/static/vta/5c5a519771c10ba3470d8101/scripts/site-bundle.11fff701a22dbd232e9127391845b3e2.js" type="text/javascript"></script>
    <svg xmlns="http://www.w3.org/2000/svg" version="1.1" style="display:none" data-usage="social-icons-svg"><symbol id="discord-unauth-icon" viewBox="0 0 64 64"><path d="M42.3963 22.8955C40.4842 22.0182 38.4337 21.3718 36.2899 21.0016C36.2508 20.9944 36.2118 21.0123 36.1917 21.048C35.928 21.517 35.6359 22.1289 35.4314 22.6098C33.1255 22.2646 30.8315 22.2646 28.5729 22.6098C28.3683 22.1182 28.0656 21.517 27.8007 21.048C27.7806 21.0135 27.7416 20.9956 27.7026 21.0016C25.5599 21.3706 23.5095 22.017 21.5962 22.8955C21.5796 22.9027 21.5654 22.9146 21.556 22.93C17.6667 28.7405 16.6013 34.4081 17.124 40.0055C17.1263 40.0329 17.1417 40.0591 17.163 40.0757C19.729 41.9601 22.2146 43.1041 24.6541 43.8624C24.6931 43.8743 24.7345 43.8601 24.7594 43.8279C25.3364 43.0399 25.8508 42.209 26.2918 41.3352C26.3179 41.284 26.293 41.2233 26.2398 41.203C25.4239 40.8935 24.647 40.5162 23.8997 40.0876C23.8405 40.0531 23.8358 39.9686 23.8902 39.9281C24.0475 39.8102 24.2048 39.6876 24.3549 39.5638C24.3821 39.5412 24.42 39.5364 24.4519 39.5507C29.3616 41.7923 34.6769 41.7923 39.5287 39.5507C39.5606 39.5352 39.5985 39.54 39.6268 39.5626C39.7771 39.6864 39.9343 39.8102 40.0928 39.9281C40.1472 39.9686 40.1436 40.0531 40.0845 40.0876C39.3372 40.5245 38.5602 40.8935 37.7431 41.2019C37.6899 41.2221 37.6663 41.284 37.6923 41.3352C38.1428 42.2077 38.6572 43.0387 39.2236 43.8267C39.2473 43.8601 39.2898 43.8743 39.3289 43.8624C41.7802 43.1041 44.2658 41.9601 46.8318 40.0757C46.8543 40.0591 46.8685 40.0341 46.8708 40.0067C47.4964 33.5355 45.8231 27.9143 42.4353 22.9312C42.427 22.9146 42.4128 22.9027 42.3963 22.8955ZM27.025 36.5973C25.5469 36.5973 24.3289 35.2402 24.3289 33.5736C24.3289 31.907 25.5233 30.55 27.025 30.55C28.5386 30.55 29.7448 31.9189 29.7211 33.5736C29.7211 35.2402 28.5268 36.5973 27.025 36.5973ZM36.9934 36.5973C35.5153 36.5973 34.2974 35.2402 34.2974 33.5736C34.2974 31.907 35.4917 30.55 36.9934 30.55C38.507 30.55 39.7132 31.9189 39.6895 33.5736C39.6895 35.2402 38.507 36.5973 36.9934 36.5973Z" /></symbol><symbol id="discord-unauth-mask" viewBox="0 0 64 64"><path fill-rule="evenodd" clip-rule="evenodd" d="M64 0H0V64H64V0ZM36.23 20.0021C36.42 20.0021 40.8 20.3921 43.57 22.6221C45.07 24.0021 48 31.9321 47.98 38.7821C47.9812 38.9047 47.9501 39.0253 47.89 39.1321C45.87 42.6521 40.35 43.6521 39.09 43.6521C38.9798 43.6529 38.8709 43.628 38.772 43.5794C38.673 43.5308 38.5868 43.4598 38.52 43.3721L37.25 41.6221C39.1718 41.1872 40.9765 40.3412 42.54 39.1421C42.6637 39.0161 42.7351 38.8481 42.7401 38.6716C42.7451 38.4951 42.6832 38.3233 42.5669 38.1905C42.4506 38.0578 42.2884 37.9738 42.1128 37.9556C41.9372 37.9373 41.7612 37.9861 41.62 38.0921C41.59 38.1221 38.35 40.8721 32 40.8721C25.65 40.8721 22.36 38.0921 22.36 38.0921C22.2189 37.9861 22.0429 37.9373 21.8673 37.9556C21.6917 37.9738 21.5295 38.0578 21.4132 38.1905C21.2968 38.3233 21.2349 38.4951 21.2399 38.6716C21.2449 38.8481 21.3164 39.0161 21.44 39.1421C23.0035 40.3412 24.8083 41.1872 26.73 41.6221L25.46 43.3721C25.3933 43.4598 25.307 43.5308 25.2081 43.5794C25.1091 43.628 25.0003 43.6529 24.89 43.6521C23.63 43.6121 18.09 42.6821 16.09 39.1321C16.0299 39.0253 15.9989 38.9047 16 38.7821C16 31.9321 18.93 24.0021 20.4 22.6521C23.2 20.3921 27.58 20.0021 27.77 20.0021C27.9146 19.9908 28.0591 20.0252 28.1829 20.1006C28.3068 20.176 28.4037 20.2885 28.46 20.4221C28.5436 20.6103 28.6138 20.8041 28.67 21.0021C26.4824 21.3233 24.3773 22.0635 22.47 23.1821C22.3885 23.232 22.3178 23.2979 22.2623 23.3757C22.2068 23.4536 22.1676 23.5419 22.1471 23.6353C22.1265 23.7287 22.125 23.8252 22.1427 23.9192C22.1604 24.0132 22.1969 24.1026 22.25 24.1821C22.2981 24.2656 22.3628 24.3383 22.4402 24.3956C22.5176 24.4529 22.606 24.4936 22.6999 24.5152C22.7937 24.5368 22.891 24.5388 22.9857 24.5211C23.0804 24.5033 23.1704 24.4662 23.25 24.4121C25.9097 22.9176 28.9092 22.1326 31.96 22.1326C35.0108 22.1326 38.0103 22.9176 40.67 24.4121C40.7497 24.4662 40.8397 24.5033 40.9344 24.5211C41.029 24.5388 41.1263 24.5368 41.2202 24.5152C41.3141 24.4936 41.4025 24.4529 41.4799 24.3956C41.5573 24.3383 41.622 24.2656 41.67 24.1821C41.7231 24.1026 41.7596 24.0132 41.7773 23.9192C41.795 23.8252 41.7935 23.7287 41.773 23.6353C41.7525 23.5419 41.7133 23.4536 41.6578 23.3757C41.6023 23.2979 41.5316 23.232 41.45 23.1821C39.5679 22.0696 37.4907 21.3263 35.33 20.9921C35.3895 20.7952 35.4596 20.6015 35.54 20.4121C35.5991 20.2813 35.697 20.1718 35.8204 20.0984C35.9439 20.0251 36.0869 19.9915 36.23 20.0021ZM26.4843 35.7456C26.7961 35.8958 27.1345 35.983 27.48 36.0021C28.1619 35.9409 28.793 35.6163 29.2392 35.0972C29.6855 34.5781 29.9118 33.9054 29.87 33.2221C29.9141 32.5308 29.6836 31.85 29.2286 31.3276C28.7736 30.8052 28.1309 30.4834 27.44 30.4321C26.7474 30.4809 26.1021 30.8016 25.645 31.3243C25.1879 31.8469 24.9561 32.5292 25 33.2221C24.9798 33.5676 25.0279 33.9137 25.1416 34.2406C25.2554 34.5675 25.4326 34.8687 25.6629 35.1269C25.8933 35.3852 26.1724 35.5955 26.4843 35.7456ZM34.6952 35.1102C35.1499 35.6304 35.791 35.9508 36.48 36.0021H36.52C36.8656 35.983 37.204 35.8958 37.5158 35.7456C37.8276 35.5955 38.1067 35.3852 38.3371 35.1269C38.5675 34.8687 38.7447 34.5675 38.8584 34.2406C38.9722 33.9137 39.0203 33.5676 39 33.2221C39.0216 32.8726 38.9732 32.5223 38.8576 32.1917C38.742 31.8612 38.5615 31.5571 38.3268 31.2972C38.092 31.0373 37.8078 30.8269 37.4907 30.6784C37.1735 30.5298 36.8299 30.4461 36.48 30.4321C35.7892 30.4834 35.1465 30.8052 34.6915 31.3276C34.2365 31.85 34.006 32.5308 34.05 33.2221C34.0087 33.9118 34.2405 34.59 34.6952 35.1102Z" /></symbol><symbol id="github-unauth-icon" viewBox="0 0 64 64"><path d="M32,16c-8.8,0-16,7.2-16,16c0,7.1,4.6,13.1,10.9,15.2 c0.8,0.1,1.1-0.3,1.1-0.8c0-0.4,0-1.4,0-2.7c-4.5,1-5.4-2.1-5.4-2.1c-0.7-1.8-1.8-2.3-1.8-2.3c-1.5-1,0.1-1,0.1-1 c1.6,0.1,2.5,1.6,2.5,1.6c1.4,2.4,3.7,1.7,4.7,1.3c0.1-1,0.6-1.7,1-2.1c-3.6-0.4-7.3-1.8-7.3-7.9c0-1.7,0.6-3.2,1.6-4.3 c-0.2-0.4-0.7-2,0.2-4.2c0,0,1.3-0.4,4.4,1.6c1.3-0.4,2.6-0.5,4-0.5c1.4,0,2.7,0.2,4,0.5c3.1-2.1,4.4-1.6,4.4-1.6 c0.9,2.2,0.3,3.8,0.2,4.2c1,1.1,1.6,2.5,1.6,4.3c0,6.1-3.7,7.5-7.3,7.9c0.6,0.5,1.1,1.5,1.1,3c0,2.1,0,3.9,0,4.4 c0,0.4,0.3,0.9,1.1,0.8C43.4,45.1,48,39.1,48,32C48,23.2,40.8,16,32,16z"/></symbol><symbol id="github-unauth-mask" viewBox="0 0 64 64"><path d="M0,0v64h64V0H0z M37.1,47.2c-0.8,0.2-1.1-0.3-1.1-0.8c0-0.5,0-2.3,0-4.4c0-1.5-0.5-2.5-1.1-3 c3.6-0.4,7.3-1.7,7.3-7.9c0-1.7-0.6-3.2-1.6-4.3c0.2-0.4,0.7-2-0.2-4.2c0,0-1.3-0.4-4.4,1.6c-1.3-0.4-2.6-0.5-4-0.5 c-1.4,0-2.7,0.2-4,0.5c-3.1-2.1-4.4-1.6-4.4-1.6c-0.9,2.2-0.3,3.8-0.2,4.2c-1,1.1-1.6,2.5-1.6,4.3c0,6.1,3.7,7.5,7.3,7.9 c-0.5,0.4-0.9,1.1-1,2.1c-0.9,0.4-3.2,1.1-4.7-1.3c0,0-0.8-1.5-2.5-1.6c0,0-1.6,0-0.1,1c0,0,1,0.5,1.8,2.3c0,0,0.9,3.1,5.4,2.1 c0,1.3,0,2.3,0,2.7c0,0.4-0.3,0.9-1.1,0.8C20.6,45.1,16,39.1,16,32c0-8.8,7.2-16,16-16c8.8,0,16,7.2,16,16 C48,39.1,43.4,45.1,37.1,47.2z"/></symbol></svg>

  </body>
</html>

14184 [pool-1-thread-1 @coroutine#881] DEBUG id.walt.services.vc.WaltIdJsonLdCredentialService - Signing jsonLd object with: issuerDid (did:key:z6MkjzfpAXXhn34rGxMCm2qzExDZjXvAvnyUVCariyVCm9rE), domain (example.com), nonce (null
14184 [pool-1-thread-1 @coroutine#881] DEBUG id.walt.services.keystore.HKVKeyStoreService - Loading key "did:key:z6MkjzfpAXXhn34rGxMCm2qzExDZjXvAvnyUVCariyVCm9rE".
14184 [pool-1-thread-1 @coroutine#881] DEBUG id.walt.services.vc.WaltIdJsonLdCredentialService - Signing: {"type":["VerifiableCredential","UniversityDegreeCredential"],"@context":["https://www.w3.org/2018/credentials/v1","https://www.w3.org/2018/credentials/examples/v1"],"id":"http://example.gov/credentials/3732","issuer":{"id":"did:key:z6MkjzfpAXXhn34rGxMCm2qzExDZjXvAvnyUVCariyVCm9rE"},"issuanceDate":"2020-03-10T04:24:12.164Z","credentialSubject":{"id":"did:example:ebfeb1f712ebc6f1c276e12ec21","degree":{"type":"BachelorDegree","name":"Bachelor of Science and Arts"},"skills":["Java","C++"]},"description":"This credential proofs the work-history of a contractor and the associated skills that were verified during that time."}
14187 [pool-1-thread-1 @coroutine#881] DEBUG id.walt.services.keystore.HKVKeyStoreService - Loading key "8ec4fd19ac4641baa7fa09198da36327".
14187 [pool-1-thread-1 @coroutine#881] DEBUG id.walt.services.keystore.HKVKeyStoreService - Loading key "8ec4fd19ac4641baa7fa09198da36327".
14187 [pool-1-thread-1 @coroutine#881] DEBUG id.walt.services.keystore.HKVKeyStoreService - Loading key "8ec4fd19ac4641baa7fa09198da36327".
14188 [pool-1-thread-1 @coroutine#881] DEBUG id.walt.model.DidUrl - Trying to create DidUrl from URL: "did:key:z6MkjzfpAXXhn34rGxMCm2qzExDZjXvAvnyUVCariyVCm9rE"...
14189 [pool-1-thread-1 @coroutine#881] DEBUG id.walt.model.DidUrl - Trying to create DidUrl from URL: "did:key:z6MkjzfpAXXhn34rGxMCm2qzExDZjXvAvnyUVCariyVCm9rE"...
14189 [pool-1-thread-1 @coroutine#881] DEBUG id.walt.model.DidUrl - Trying to create DidUrl from URL: "did:key:z6MkjzfpAXXhn34rGxMCm2qzExDZjXvAvnyUVCariyVCm9rE"...
14190 [pool-1-thread-1 @coroutine#881] DEBUG id.walt.services.did.DidService - DID imported: did:key:z6MkjzfpAXXhn34rGxMCm2qzExDZjXvAvnyUVCariyVCm9rE
14190 [pool-1-thread-1 @coroutine#881] DEBUG id.walt.services.did.DidService - Loading or resolving "did:key:z6MkjzfpAXXhn34rGxMCm2qzExDZjXvAvnyUVCariyVCm9rE"...
14190 [pool-1-thread-1 @coroutine#881] DEBUG id.walt.model.DidUrl - Trying to create DidUrl from URL: "did:key:z6MkjzfpAXXhn34rGxMCm2qzExDZjXvAvnyUVCariyVCm9rE"...
14190 [pool-1-thread-1 @coroutine#881] DEBUG id.walt.services.did.DidService - loadOrResolve: url=DidUrl(method=key, identifier=z6MkjzfpAXXhn34rGxMCm2qzExDZjXvAvnyUVCariyVCm9rE, fragment=z6MkjzfpAXXhn34rGxMCm2qzExDZjXvAvnyUVCariyVCm9rE, query=null), length of stored=1639
14190 [pool-1-thread-1 @coroutine#881] DEBUG id.walt.model.DidUrl - Trying to create DidUrl from URL: "did:key:z6MkjzfpAXXhn34rGxMCm2qzExDZjXvAvnyUVCariyVCm9rE"...
14191 [pool-1-thread-1 @coroutine#881] DEBUG id.walt.services.did.DidService - Key imported for: did:key:z6MkjzfpAXXhn34rGxMCm2qzExDZjXvAvnyUVCariyVCm9rE
14191 [pool-1-thread-1 @coroutine#881] DEBUG id.walt.services.did.DidService - Loading or resolving "did:key:z6MkjzfpAXXhn34rGxMCm2qzExDZjXvAvnyUVCariyVCm9rE"...
14191 [pool-1-thread-1 @coroutine#881] DEBUG id.walt.model.DidUrl - Trying to create DidUrl from URL: "did:key:z6MkjzfpAXXhn34rGxMCm2qzExDZjXvAvnyUVCariyVCm9rE"...
14191 [pool-1-thread-1 @coroutine#881] DEBUG id.walt.services.did.DidService - loadOrResolve: url=DidUrl(method=key, identifier=z6MkjzfpAXXhn34rGxMCm2qzExDZjXvAvnyUVCariyVCm9rE, fragment=z6MkjzfpAXXhn34rGxMCm2qzExDZjXvAvnyUVCariyVCm9rE, query=null), length of stored=1639
14192 [pool-1-thread-1 @coroutine#881] DEBUG id.walt.model.DidUrl - Trying to create DidUrl from URL: "did:key:z6MkjzfpAXXhn34rGxMCm2qzExDZjXvAvnyUVCariyVCm9rE"...
14193 [pool-1-thread-1 @coroutine#881] DEBUG id.walt.services.vc.WaltIdJsonLdCredentialService - Loading verification key for:  did:key:z6MkjzfpAXXhn34rGxMCm2qzExDZjXvAvnyUVCariyVCm9rE
14193 [pool-1-thread-1 @coroutine#881] DEBUG id.walt.services.vc.WaltIdJsonLdCredentialService - Document loader config: isEnableHttp (true), isEnableHttps (true), isEnableFile (true), isEnableLocalCache (true)
14193 [pool-1-thread-1 @coroutine#881] DEBUG id.walt.services.vc.WaltIdJsonLdCredentialService - Decoded Json LD object: {"type":["VerifiableCredential","UniversityDegreeCredential"],"@context":["https://www.w3.org/2018/credentials/v1","https://www.w3.org/2018/credentials/examples/v1","https://w3id.org/security/suites/jws-2020/v1"],"id":"http://example.gov/credentials/3732","issuer":{"id":"did:key:z6MkjzfpAXXhn34rGxMCm2qzExDZjXvAvnyUVCariyVCm9rE"},"issuanceDate":"2020-03-10T04:24:12.164Z","credentialSubject":{"id":"did:example:ebfeb1f712ebc6f1c276e12ec21","degree":{"type":"BachelorDegree","name":"Bachelor of Science and Arts"},"skills":["Java","C++"]},"description":"This credential proofs the work-history of a contractor and the associated skills that were verified during that time.","proof":{"type":"JsonWebSignature2020","creator":"did:key:z6MkjzfpAXXhn34rGxMCm2qzExDZjXvAvnyUVCariyVCm9rE","created":"2024-09-12T09:39:49Z","domain":"example.com","verificationMethod":"did:key:z6MkjzfpAXXhn34rGxMCm2qzExDZjXvAvnyUVCariyVCm9rE","jws":"eyJiNjQiOmZhbHNlLCJjcml0IjpbImI2NCJdLCJhbGciOiJFZERTQSJ9..493lCglf_Kv10WygsI0OopWjTcIgn8QMnd6FMqO8aWy8zTOWFVv9c379YT-zrnXdmO_2UiJXwXaJIW8I9BiaDQ"}}
14193 [pool-1-thread-1 @coroutine#881] DEBUG id.walt.services.storeUmu.defaultSoreServiceUmu - Loading key "did:key:z6MkjzfpAXXhn34rGxMCm2qzExDZjXvAvnyUVCariyVCm9rE"...
14196 [pool-1-thread-1 @coroutine#882] DEBUG id.walt.services.vc.WaltIdJsonLdCredentialService - Signing jsonLd object with: issuerDid (did:web:walt.id), domain (null), nonce (null
14196 [pool-1-thread-1 @coroutine#882] DEBUG id.walt.services.keystore.HKVKeyStoreService - Loading key "did:web:walt.id".
14196 [pool-1-thread-1 @coroutine#882] DEBUG id.walt.services.vc.WaltIdJsonLdCredentialService - Signing: {"type":["VerifiableCredential","VerifiableAttestation"],"@context":["https://www.w3.org/2018/credentials/v1"],"id":"XXX","issuer":"did:web:walt.id","issuanceDate":"2021-12-03T10:15:30Z","credentialSchema":{"id":"https://essif.europa.eu/tsr/education/CSR1224.json","type":"JsonSchemaValidator2018"},"credentialSubject":{"id":"did:web:walt.id","authorizationClaims":["claim1","claim2"]},"credentialStatus":{"id":"https://essif.europa.eu/status","type":"CredentialsStatusList2020"}}
Sep 12, 2024 11:39:49 AM com.apicatalog.jsonld.deseralization.JsonLdToRdf build
WARNING: Non well-formed subject [XXX] has been skipped.
14198 [pool-1-thread-1 @coroutine#882] DEBUG id.walt.services.keystore.HKVKeyStoreService - Loading key "976b574442e34bd49d867c2e5e3839fa".
14198 [pool-1-thread-1 @coroutine#882] DEBUG id.walt.services.keystore.HKVKeyStoreService - Loading key "976b574442e34bd49d867c2e5e3839fa".
14198 [pool-1-thread-1 @coroutine#882] DEBUG id.walt.services.keystore.HKVKeyStoreService - Loading key "976b574442e34bd49d867c2e5e3839fa".
14199 [pool-1-thread-1 @coroutine#882] DEBUG id.walt.model.DidUrl - Trying to create DidUrl from URL: "did:web:walt.id"...
14199 [pool-1-thread-1 @coroutine#882] DEBUG id.walt.model.DidUrl - Trying to create DidUrl from URL: "did:web:walt.id"...
14199 [pool-1-thread-1 @coroutine#883] DEBUG id.walt.services.did.resolvers.DidResolverBase - Resolving DID DidUrl(method=web, identifier=walt.id, fragment=walt.id, query=null)
14199 [pool-1-thread-1 @coroutine#883] DEBUG id.walt.services.did.resolvers.DidResolverBase - Fetching DID from https://walt.id/.well-known/did.json
14407 [pool-1-thread-1 @coroutine#883] DEBUG id.walt.services.did.resolvers.DidResolverBase - <!doctype html>
<html xmlns:og="http://opengraphprotocol.org/schema/" xmlns:fb="http://www.facebook.com/2008/fbml" lang="en-US"  >
  <head>
    <meta http-equiv="X-UA-Compatible" content="IE=edge,chrome=1">
    <meta name="viewport" content="width=device-width, initial-scale=1">
    <!-- This is Squarespace. --><!-- prism-badger-b5t4 -->
<base href="">
<meta charset="utf-8" />
<title>walt.id</title>
<meta http-equiv="Accept-CH" content="Sec-CH-UA-Platform-Version, Sec-CH-UA-Model" /><link rel="icon" type="image/x-icon" href="https://images.squarespace-cdn.com/content/v1/609c0ddf94bcc0278a7cbdb4/57a22a67-9804-4c9f-9f82-91193b5cee7e/favicon.ico?format=100w"/>
<meta property="og:site_name" content="walt.id"/>
<meta property="og:title" content="walt.id"/>
<meta property="og:type" content="website"/>
<meta property="og:image" content="http://images.squarespace-cdn.com/content/v1/609c0ddf94bcc0278a7cbdb4/4d493ccf-c893-4882-925f-fda3256c38f4/Walt.id_Logo_transparent.png?format=1500w"/>
<meta itemprop="name" content="walt.id"/>
<meta itemprop="thumbnailUrl" content="http://images.squarespace-cdn.com/content/v1/609c0ddf94bcc0278a7cbdb4/4d493ccf-c893-4882-925f-fda3256c38f4/Walt.id_Logo_transparent.png?format=1500w"/>
<link rel="image_src" href="http://images.squarespace-cdn.com/content/v1/609c0ddf94bcc0278a7cbdb4/4d493ccf-c893-4882-925f-fda3256c38f4/Walt.id_Logo_transparent.png?format=1500w" />
<meta itemprop="image" content="http://images.squarespace-cdn.com/content/v1/609c0ddf94bcc0278a7cbdb4/4d493ccf-c893-4882-925f-fda3256c38f4/Walt.id_Logo_transparent.png?format=1500w"/>
<meta name="twitter:title" content="walt.id"/>
<meta name="twitter:image" content="http://images.squarespace-cdn.com/content/v1/609c0ddf94bcc0278a7cbdb4/4d493ccf-c893-4882-925f-fda3256c38f4/Walt.id_Logo_transparent.png?format=1500w"/>
<meta name="twitter:card" content="summary"/>
<meta name="description" content="" />
<link rel="preconnect" href="https://images.squarespace-cdn.com">
<script type="text/javascript" src="//use.typekit.net/ik/PjTReF3jHeoK301KI98rxkZzLaDAzj2GJM83l3Rnth9feTjIfFHN4UJLFRbh52jhWDj35Aw3Zesc5QsKjhw3wRStjQiRjcsKFgnxMKG0jAFu-WsoShFGZAsude80ZkoRdhXCHKoyjamTiY8Djhy8ZYmC-Ao1Oco8if37OcBDOcu8OfG0SY4TShXljcBqZhmkOAJui2b0SaBujW48Sagyjh90jhNlOfG0SaBujW48SagyjhmDjhy8ZYmC-Ao1OcFzdPUyjamTiY8Djhy8ZYmC-Ao1OcFzdPUyjamTiY8Djhy8ZYmC-Ao1Oco8ifUySkolZPUCdhFydeyzSabCSY4TShXljcBqZhmkOAJui2b0SaBujW48Sagyjh90jhNlOYFUiABkZWF3jAF8ShFGZAsude80ZkoRdhXCihBCifoTZfUaiaS0jAFu-WsoShFGZAsude80ZkoRdhXCiaiaOcBRiA8XpWFR-emqiAUTdcS0dcmXOYiaikoySkolZPUaiaS0SY4TShXljcBqZhmkOAJui2b0SaBujW48Sagyjh90jhNlOYiaikoDSWmyScmDSeBRZWFR-emqiAUTdcS0jhNlOYiaikoajAUXOc8qJ6U3ScNt-AuyOAozicI7fbRKHyMMeMw6MKG4fHvgIMMjgfMfH6GJCwbgIMMjgPMfH6qJK3IbMg6YJMJ7fbRRHyMMeMX6MKG4fOMgIMMj2KMfH6GJCSbgIMMj2kMfH6qJRMIbMg6sJMHbMdYvC7je.js"></script>
<script type="text/javascript">try{Typekit.load();}catch(e){}</script>
<script type="text/javascript" crossorigin="anonymous" defer="defer" nomodule="nomodule" src="//assets.squarespace.com/@sqs/polyfiller/1.6/legacy.js"></script>
<script type="text/javascript" crossorigin="anonymous" defer="defer" src="//assets.squarespace.com/@sqs/polyfiller/1.6/modern.js"></script>
<script type="text/javascript">SQUARESPACE_ROLLUPS = {};</script>
<script>(function(rollups, name) { if (!rollups[name]) { rollups[name] = {}; } rollups[name].js = ["//assets.squarespace.com/universal/scripts-compressed/extract-css-runtime-9d1e920da0bed7b88658-min.en-US.js"]; })(SQUARESPACE_ROLLUPS, 'squarespace-extract_css_runtime');</script>
<script crossorigin="anonymous" src="//assets.squarespace.com/universal/scripts-compressed/extract-css-runtime-9d1e920da0bed7b88658-min.en-US.js" defer ></script><script>(function(rollups, name) { if (!rollups[name]) { rollups[name] = {}; } rollups[name].js = ["//assets.squarespace.com/universal/scripts-compressed/extract-css-moment-js-vendor-6c569122bfa66a51a056-min.en-US.js"]; })(SQUARESPACE_ROLLUPS, 'squarespace-extract_css_moment_js_vendor');</script>
<script crossorigin="anonymous" src="//assets.squarespace.com/universal/scripts-compressed/extract-css-moment-js-vendor-6c569122bfa66a51a056-min.en-US.js" defer ></script><script>(function(rollups, name) { if (!rollups[name]) { rollups[name] = {}; } rollups[name].js = ["//assets.squarespace.com/universal/scripts-compressed/cldr-resource-pack-e85130cf44bc2d365b8b-min.en-US.js"]; })(SQUARESPACE_ROLLUPS, 'squarespace-cldr_resource_pack');</script>
<script crossorigin="anonymous" src="//assets.squarespace.com/universal/scripts-compressed/cldr-resource-pack-e85130cf44bc2d365b8b-min.en-US.js" defer ></script><script>(function(rollups, name) { if (!rollups[name]) { rollups[name] = {}; } rollups[name].js = ["//assets.squarespace.com/universal/scripts-compressed/common-vendors-stable-b03dd66b7c78e5e40bc7-min.en-US.js"]; })(SQUARESPACE_ROLLUPS, 'squarespace-common_vendors_stable');</script>
<script crossorigin="anonymous" src="//assets.squarespace.com/universal/scripts-compressed/common-vendors-stable-b03dd66b7c78e5e40bc7-min.en-US.js" defer ></script><script>(function(rollups, name) { if (!rollups[name]) { rollups[name] = {}; } rollups[name].js = ["//assets.squarespace.com/universal/scripts-compressed/common-vendors-a32defeb077d27838b3a-min.en-US.js"]; })(SQUARESPACE_ROLLUPS, 'squarespace-common_vendors');</script>
<script crossorigin="anonymous" src="//assets.squarespace.com/universal/scripts-compressed/common-vendors-a32defeb077d27838b3a-min.en-US.js" defer ></script><script>(function(rollups, name) { if (!rollups[name]) { rollups[name] = {}; } rollups[name].js = ["//assets.squarespace.com/universal/scripts-compressed/common-0d056c345ecf62d9430e-min.en-US.js"]; })(SQUARESPACE_ROLLUPS, 'squarespace-common');</script>
<script crossorigin="anonymous" src="//assets.squarespace.com/universal/scripts-compressed/common-0d056c345ecf62d9430e-min.en-US.js" defer ></script><script data-name="static-context">Static = window.Static || {}; Static.SQUARESPACE_CONTEXT = {"betaFeatureFlags":["campaigns_global_uc_ab","accounting_orders_sync","collection_typename_switching","commerce_clearpay","supports_versioned_template_assets","hideable_header_footer_for_videos","background_art_onboarding","campaigns_new_image_layout_picker","order_status_page_checkout_landing_enabled","fluid_engine","member_areas_feature","use_new_surname_first_name_formatter","marketing_landing_page","is_feature_gate_refresh_enabled","campaigns_discount_section_in_blasts","i18n_beta_website_locales","hide_header_footer_beta","contacts_and_campaigns_redesign","toggle_preview_new_shortcut","campaigns_thumbnail_layout","fluid_engine_clean_up_grid_contextual_change","unify_edit_mode_p2","commerce_site_visitor_metrics","donations_refresh_in_circle_labs","commerce_subscription_renewal_notifications","override_block_styles","send_local_pickup_ready_email","themes","hideable_header_footer_for_courses","hideable_header_footer","donations_refresh","campaigns_import_discounts","commerce_paywall_renewal_notifications","crm_redesign_phase_1","enable_css_variable_tweaks","emit_donation_events_to_census","crm_product_contacts_use_mfe","nested_categories","hideable_header_footer_for_memberareas","campaigns_discount_section_in_automations","pages_panel_v3_search_bar","customer_accounts_email_verification","customer_account_creation_recaptcha","commerce_order_status_access","visitor_react_forms","new_stacked_index","gdpr_cookie_banner","blueprint_content_replacement","rewrite_transactional_email_from_address","nested_categories_migration_enabled","scripts_defer"],"videoAssetsFeatureFlags":["mux-data-video-collection","mux-data-course-collection"],"facebookAppId":"314192535267336","facebookApiVersion":"v6.0","rollups":{"squarespace-announcement-bar":{"js":"//assets.squarespace.com/universal/scripts-compressed/announcement-bar-5489476ed6b12c4b5205-min.en-US.js"},"squarespace-audio-player":{"css":"//assets.squarespace.com/universal/styles-compressed/audio-player-ef238f99d44a3bdc6fbe-min.en-US.css","js":"//assets.squarespace.com/universal/scripts-compressed/audio-player-d0bc63e327912cc1fb93-min.en-US.js"},"squarespace-blog-collection-list":{"css":"//assets.squarespace.com/universal/styles-compressed/blog-collection-list-8ec841cacfb75d4282f4-min.en-US.css","js":"//assets.squarespace.com/universal/scripts-compressed/blog-collection-list-7fa00fe7cf528fa9348d-min.en-US.js"},"squarespace-calendar-block-renderer":{"css":"//assets.squarespace.com/universal/styles-compressed/calendar-block-renderer-b15e2d46a617c8add4b4-min.en-US.css","js":"//assets.squarespace.com/universal/scripts-compressed/calendar-block-renderer-bfc2641354cdb940704b-min.en-US.js"},"squarespace-chartjs-helpers":{"css":"//assets.squarespace.com/universal/styles-compressed/chartjs-helpers-9e75b5d75bb5cb4c1f67-min.en-US.css","js":"//assets.squarespace.com/universal/scripts-compressed/chartjs-helpers-aad8c5502514c3c48c0a-min.en-US.js"},"squarespace-comments":{"css":"//assets.squarespace.com/universal/styles-compressed/comments-a0d9356d7c1596ab2c53-min.en-US.css","js":"//assets.squarespace.com/universal/scripts-compressed/comments-65d28e505aeebdda21fe-min.en-US.js"},"squarespace-custom-css-popup":{"css":"//assets.squarespace.com/universal/styles-compressed/custom-css-popup-874c10b32cc96dd5decf-min.en-US.css","js":"//assets.squarespace.com/universal/scripts-compressed/custom-css-popup-0f3e1f7b6b4f13b73aa9-min.en-US.js"},"squarespace-dialog":{"css":"//assets.squarespace.com/universal/styles-compressed/dialog-356db8caa3700c4ee3d1-min.en-US.css","js":"//assets.squarespace.com/universal/scripts-compressed/dialog-63ab37531003e7f875c3-min.en-US.js"},"squarespace-events-collection":{"css":"//assets.squarespace.com/universal/styles-compressed/events-collection-b15e2d46a617c8add4b4-min.en-US.css","js":"//assets.squarespace.com/universal/scripts-compressed/events-collection-b0d5780bc8f1dbbd0ff1-min.en-US.js"},"squarespace-form-rendering-utils":{"js":"//assets.squarespace.com/universal/scripts-compressed/form-rendering-utils-31fdc8e2a6c30637affb-min.en-US.js"},"squarespace-forms":{"css":"//assets.squarespace.com/universal/styles-compressed/forms-b952cddb94c5d471b8d3-min.en-US.css","js":"//assets.squarespace.com/universal/scripts-compressed/forms-bd4ad05030f020efd3d2-min.en-US.js"},"squarespace-gallery-collection-list":{"css":"//assets.squarespace.com/universal/styles-compressed/gallery-collection-list-8ec841cacfb75d4282f4-min.en-US.css","js":"//assets.squarespace.com/universal/scripts-compressed/gallery-collection-list-b8de094e7f01567755f6-min.en-US.js"},"squarespace-image-zoom":{"css":"//assets.squarespace.com/universal/styles-compressed/image-zoom-8ec841cacfb75d4282f4-min.en-US.css","js":"//assets.squarespace.com/universal/scripts-compressed/image-zoom-d1ade8a365b59c22afc8-min.en-US.js"},"squarespace-pinterest":{"css":"//assets.squarespace.com/universal/styles-compressed/pinterest-8ec841cacfb75d4282f4-min.en-US.css","js":"//assets.squarespace.com/universal/scripts-compressed/pinterest-914dff952c0cc3178d84-min.en-US.js"},"squarespace-popup-overlay":{"css":"//assets.squarespace.com/universal/styles-compressed/popup-overlay-e89b4cc96c222ed66c64-min.en-US.css","js":"//assets.squarespace.com/universal/scripts-compressed/popup-overlay-bbe0aa0c831cbac30f88-min.en-US.js"},"squarespace-product-quick-view":{"css":"//assets.squarespace.com/universal/styles-compressed/product-quick-view-417478db9bb9da5c65d0-min.en-US.css","js":"//assets.squarespace.com/universal/scripts-compressed/product-quick-view-f20927f721bd18d0c72c-min.en-US.js"},"squarespace-products-collection-item-v2":{"css":"//assets.squarespace.com/universal/styles-compressed/products-collection-item-v2-8ec841cacfb75d4282f4-min.en-US.css","js":"//assets.squarespace.com/universal/scripts-compressed/products-collection-item-v2-655f0e3594fcce586e44-min.en-US.js"},"squarespace-products-collection-list-v2":{"css":"//assets.squarespace.com/universal/styles-compressed/products-collection-list-v2-8ec841cacfb75d4282f4-min.en-US.css","js":"//assets.squarespace.com/universal/scripts-compressed/products-collection-list-v2-c84ebf15513dcfd7d11a-min.en-US.js"},"squarespace-search-page":{"css":"//assets.squarespace.com/universal/styles-compressed/search-page-917382e71b023cec7555-min.en-US.css","js":"//assets.squarespace.com/universal/scripts-compressed/search-page-13e6fc85092296849ca5-min.en-US.js"},"squarespace-search-preview":{"js":"//assets.squarespace.com/universal/scripts-compressed/search-preview-a22c5d153d192e53bd64-min.en-US.js"},"squarespace-simple-liking":{"css":"//assets.squarespace.com/universal/styles-compressed/simple-liking-4279cc7bb78333b8db43-min.en-US.css","js":"//assets.squarespace.com/universal/scripts-compressed/simple-liking-3288b9a9a4428cebc977-min.en-US.js"},"squarespace-social-buttons":{"css":"//assets.squarespace.com/universal/styles-compressed/social-buttons-3a7d186e7e5e3b30911b-min.en-US.css","js":"//assets.squarespace.com/universal/scripts-compressed/social-buttons-f0fd64c76d4924d8a2d6-min.en-US.js"},"squarespace-tourdates":{"css":"//assets.squarespace.com/universal/styles-compressed/tourdates-8ec841cacfb75d4282f4-min.en-US.css","js":"//assets.squarespace.com/universal/scripts-compressed/tourdates-f9b6dddda2a9dc2c6938-min.en-US.js"},"squarespace-website-overlays-manager":{"css":"//assets.squarespace.com/universal/styles-compressed/website-overlays-manager-efd3c12d460f58781eb3-min.en-US.css","js":"//assets.squarespace.com/universal/scripts-compressed/website-overlays-manager-76166136608b01661087-min.en-US.js"}},"pageType":100,"website":{"id":"609c0ddf94bcc0278a7cbdb4","identifier":"prism-badger-b5t4","websiteType":1,"contentModifiedOn":1725883626304,"cloneable":false,"hasBeenCloneable":false,"siteStatus":{},"language":"en-US","timeZone":"Europe/Vienna","machineTimeZoneOffset":7200000,"timeZoneOffset":7200000,"timeZoneAbbr":"CEST","siteTitle":"walt.id","fullSiteTitle":"walt.id","siteDescription":"","logoImageId":"643665b3427704252c27bead","mobileLogoImageId":"643665a4e7e0ae2f7918c953","shareButtonOptions":{"3":true,"2":true,"4":true,"1":true,"8":true,"6":true,"7":true},"logoImageUrl":"//images.squarespace-cdn.com/content/v1/609c0ddf94bcc0278a7cbdb4/4d493ccf-c893-4882-925f-fda3256c38f4/Walt.id_Logo_transparent.png","mobileLogoImageUrl":"//images.squarespace-cdn.com/content/v1/609c0ddf94bcc0278a7cbdb4/8fdb61a3-3059-4141-9506-9bceeae72064/Walt.id_Logo_transparent.png","authenticUrl":"https://walt.id","internalUrl":"https://prism-badger-b5t4.squarespace.com","baseUrl":"https://walt.id","primaryDomain":"walt.id","sslSetting":3,"isHstsEnabled":false,"socialAccounts":[{"serviceId":81,"screenname":"Discord","addedOn":1661249520693,"profileUrl":"https://discord.gg/AW8AgqJthZ","iconEnabled":true,"serviceName":"discord-unauth"},{"serviceId":73,"screenname":"GitHub","addedOn":1635882532268,"profileUrl":"https://github.com/walt-id","iconEnabled":true,"serviceName":"github-unauth"}],"typekitId":"","statsMigrated":false,"imageMetadataProcessingEnabled":false,"captchaSettings":{"enabledForDonations":false},"showOwnerLogin":false},"websiteSettings":{"id":"609c0ddf94bcc0278a7cbdb7","websiteId":"609c0ddf94bcc0278a7cbdb4","subjects":[],"country":"AT","state":"9","simpleLikingEnabled":true,"mobileInfoBarSettings":{"isContactEmailEnabled":false,"isContactPhoneNumberEnabled":false,"isLocationEnabled":false,"isBusinessHoursEnabled":false},"announcementBarSettings":{"style":2,"text":"<p class=\"\" style=\"white-space:pre-wrap;\"><span style=\"background-color:var(--cpd-color-bg-subtle-secondary)\"><strong>The Decentralized Identity Playbook is here!</strong> Everything you need to know to start your journey of adopting identity wallets \u2192 </span><a href=\"https://walt.id/white-paper/decentralized-identity-playbook\" target=\"_blank\"><span style=\"background-color:var(--cpd-color-bg-subtle-secondary)\">Read the eBook</span></a> </p>","clickthroughUrl":{"url":"https://walt.id/white-paper/decentralized-identity-playbook","newWindow":true}},"commentLikesAllowed":true,"commentAnonAllowed":true,"commentThreaded":true,"commentApprovalRequired":false,"commentAvatarsOn":true,"commentSortType":2,"commentFlagThreshold":0,"commentFlagsAllowed":true,"commentEnableByDefault":true,"commentDisableAfterDaysDefault":0,"disqusShortname":"","commentsEnabled":false,"storeSettings":{"returnPolicy":null,"termsOfService":null,"privacyPolicy":null,"expressCheckout":false,"continueShoppingLinkUrl":"/","useLightCart":false,"showNoteField":false,"shippingCountryDefaultValue":"US","billToShippingDefaultValue":false,"showShippingPhoneNumber":true,"isShippingPhoneRequired":false,"showBillingPhoneNumber":true,"isBillingPhoneRequired":false,"currenciesSupported":["USD","CAD","GBP","AUD","EUR","CHF","NOK","SEK","DKK","NZD","SGD","MXN","HKD","CZK","ILS","MYR","RUB","PHP","PLN","THB","BRL","ARS","COP","IDR","INR","JPY","ZAR"],"defaultCurrency":"USD","selectedCurrency":"USD","measurementStandard":1,"showCustomCheckoutForm":false,"checkoutPageMarketingOptInEnabled":false,"enableMailingListOptInByDefault":false,"sameAsRetailLocation":false,"merchandisingSettings":{"scarcityEnabledOnProductItems":false,"scarcityEnabledOnProductBlocks":false,"scarcityMessageType":"DEFAULT_SCARCITY_MESSAGE","scarcityThreshold":10,"multipleQuantityAllowedForServices":true,"restockNotificationsEnabled":false,"restockNotificationsSuccessText":"","restockNotificationsMailingListSignUpEnabled":false,"relatedProductsEnabled":false,"relatedProductsOrdering":"random","soldOutVariantsDropdownDisabled":false,"productComposerOptedIn":false,"productComposerABTestOptedOut":false,"productReviewsEnabled":false,"displayImportedProductReviewsEnabled":false,"hasOptedToCollectNativeReviews":false},"minimumOrderSubtotalEnabled":false,"isLive":false,"multipleQuantityAllowedForServices":true},"useEscapeKeyToLogin":false,"ssBadgeType":1,"ssBadgePosition":4,"ssBadgeVisibility":1,"ssBadgeDevices":1,"pinterestOverlayOptions":{"mode":"disabled"},"ampEnabled":false,"userAccountsSettings":{"loginAllowed":false,"signupAllowed":false}},"cookieSettings":{"isCookieBannerEnabled":true,"isRestrictiveCookiePolicyEnabled":true,"cookieBannerText":"By using this website, you agree to our use of cookies. We use cookies to provide you with a great experience and to help our website run effectively.","cookieBannerTheme":"DARK","cookieBannerThemeName":"black","cookieBannerVariant":"POPUP","cookieBannerPosition":"BOTTOM_LEFT","cookieBannerCtaVariant":"BUTTON","cookieBannerCtaText":"Accept","cookieBannerAcceptType":"OPT_IN","cookieBannerOptOutCtaText":"Decline","cookieBannerHasOptOut":false,"cookieBannerHasManageCookies":false,"cookieBannerSavedPreferencesLayout":"PILL"},"websiteCloneable":false,"subscribed":false,"appDomain":"squarespace.com","templateTweakable":true,"tweakJSON":{"form-use-theme-colors":"true","header-logo-height":"77px","header-mobile-logo-max-height":"40px","header-vert-padding":"1vw","header-width":"Full","maxPageWidth":"1400px","pagePadding":"3vw","tweak-blog-alternating-side-by-side-image-aspect-ratio":"1:1 Square","tweak-blog-alternating-side-by-side-image-spacing":"6%","tweak-blog-alternating-side-by-side-meta-spacing":"20px","tweak-blog-alternating-side-by-side-primary-meta":"Categories","tweak-blog-alternating-side-by-side-read-more-spacing":"20px","tweak-blog-alternating-side-by-side-secondary-meta":"Date","tweak-blog-basic-grid-columns":"3","tweak-blog-basic-grid-image-aspect-ratio":"3:2 Standard","tweak-blog-basic-grid-image-spacing":"10px","tweak-blog-basic-grid-meta-spacing":"10px","tweak-blog-basic-grid-primary-meta":"Categories","tweak-blog-basic-grid-read-more-spacing":"24px","tweak-blog-basic-grid-secondary-meta":"None","tweak-blog-item-custom-width":"50","tweak-blog-item-show-author-profile":"false","tweak-blog-item-width":"Medium","tweak-blog-masonry-columns":"3","tweak-blog-masonry-horizontal-spacing":"20px","tweak-blog-masonry-image-spacing":"10px","tweak-blog-masonry-meta-spacing":"0px","tweak-blog-masonry-primary-meta":"None","tweak-blog-masonry-read-more-spacing":"0px","tweak-blog-masonry-secondary-meta":"Categories","tweak-blog-masonry-vertical-spacing":"130px","tweak-blog-side-by-side-image-aspect-ratio":"3:2 Standard","tweak-blog-side-by-side-image-spacing":"6%","tweak-blog-side-by-side-meta-spacing":"9px","tweak-blog-side-by-side-primary-meta":"Categories","tweak-blog-side-by-side-read-more-spacing":"20px","tweak-blog-side-by-side-secondary-meta":"None","tweak-blog-single-column-image-spacing":"50px","tweak-blog-single-column-meta-spacing":"30px","tweak-blog-single-column-primary-meta":"Categories","tweak-blog-single-column-read-more-spacing":"30px","tweak-blog-single-column-secondary-meta":"Date","tweak-events-stacked-show-thumbnails":"true","tweak-events-stacked-thumbnail-size":"3:2 Standard","tweak-fixed-header":"true","tweak-fixed-header-style":"Basic","tweak-global-animations-animation-curve":"ease","tweak-global-animations-animation-delay":"0.6s","tweak-global-animations-animation-duration":"0.90s","tweak-global-animations-animation-style":"fade","tweak-global-animations-animation-type":"none","tweak-global-animations-complexity-level":"detailed","tweak-global-animations-enabled":"false","tweak-portfolio-grid-basic-custom-height":"50","tweak-portfolio-grid-overlay-custom-height":"50","tweak-portfolio-hover-follow-acceleration":"10%","tweak-portfolio-hover-follow-animation-duration":"Medium","tweak-portfolio-hover-follow-animation-type":"Fade","tweak-portfolio-hover-follow-delimiter":"Forward Slash","tweak-portfolio-hover-follow-front":"false","tweak-portfolio-hover-follow-layout":"Inline","tweak-portfolio-hover-follow-size":"75","tweak-portfolio-hover-follow-text-spacing-x":"1.5","tweak-portfolio-hover-follow-text-spacing-y":"1.5","tweak-portfolio-hover-static-animation-duration":"Medium","tweak-portfolio-hover-static-animation-type":"Scale Up","tweak-portfolio-hover-static-delimiter":"Forward Slash","tweak-portfolio-hover-static-front":"false","tweak-portfolio-hover-static-layout":"Stacked","tweak-portfolio-hover-static-size":"75","tweak-portfolio-hover-static-text-spacing-x":"1.5","tweak-portfolio-hover-static-text-spacing-y":"1.5","tweak-portfolio-index-background-animation-duration":"Medium","tweak-portfolio-index-background-animation-type":"Fade","tweak-portfolio-index-background-custom-height":"50","tweak-portfolio-index-background-delimiter":"None","tweak-portfolio-index-background-height":"Large","tweak-portfolio-index-background-horizontal-alignment":"Center","tweak-portfolio-index-background-link-format":"Stacked","tweak-portfolio-index-background-persist":"false","tweak-portfolio-index-background-vertical-alignment":"Middle","tweak-portfolio-index-background-width":"Full","tweak-product-basic-item-click-action":"None","tweak-product-basic-item-gallery-aspect-ratio":"3:4 Three-Four (Vertical)","tweak-product-basic-item-gallery-design":"Slideshow","tweak-product-basic-item-gallery-width":"50%","tweak-product-basic-item-hover-action":"None","tweak-product-basic-item-image-spacing":"3vw","tweak-product-basic-item-image-zoom-factor":"2","tweak-product-basic-item-product-variant-display":"Dropdown","tweak-product-basic-item-thumbnail-placement":"Side","tweak-product-basic-item-variant-picker-layout":"Dropdowns","tweak-products-add-to-cart-button":"false","tweak-products-columns":"2","tweak-products-gutter-column":"2vw","tweak-products-gutter-row":"2vw","tweak-products-header-text-alignment":"Middle","tweak-products-image-aspect-ratio":"1:1 Square","tweak-products-image-text-spacing":"0.5vw","tweak-products-mobile-columns":"1","tweak-products-text-alignment":"Left","tweak-products-width":"Full","tweak-transparent-header":"false"},"templateId":"5c5a519771c10ba3470d8101","templateVersion":"7.1","pageFeatures":[1,4],"gmRenderKey":"QUl6YVN5Q0JUUk9xNkx1dkZfSUUxcjQ2LVQ0QWVUU1YtMGQ3bXk4","templateScriptsRootUrl":"https://static1.squarespace.com/static/vta/5c5a519771c10ba3470d8101/scripts/","impersonatedSession":false,"tzData":{"zones":[[60,"EU","CE%sT",null]],"rules":{"EU":[[1981,"max",null,"Mar","lastSun","1:00u","1:00","S"],[1996,"max",null,"Oct","lastSun","1:00u","0",null]]}},"showAnnouncementBar":true,"recaptchaEnterpriseContext":{"recaptchaEnterpriseSiteKey":"6LdDFQwjAAAAAPigEvvPgEVbb7QBm-TkVJdDTlAv"},"i18nContext":{"timeZoneData":{"id":"Europe/Vienna","name":"Central European Time"}},"env":"PRODUCTION"};</script><script type="application/ld+json">{"url":"https://walt.id","name":"walt.id","description":"","image":"//images.squarespace-cdn.com/content/v1/609c0ddf94bcc0278a7cbdb4/4d493ccf-c893-4882-925f-fda3256c38f4/Walt.id_Logo_transparent.png","@context":"http://schema.org","@type":"WebSite"}</script><link rel="stylesheet" type="text/css" href="https://static1.squarespace.com/static/versioned-site-css/609c0ddf94bcc0278a7cbdb4/102/5c5a519771c10ba3470d8101/609c0de094bcc0278a7cbde8/1563/site.css"/><script data-sqs-type="cookiepreferencesgetter">(function(){window.getSquarespaceCookies = function() {    const getCookiesAllowed = function(cookieName){ return ('; '+document.cookie).split('; ' + cookieName + '=').pop().split(';')[0] === 'true'};    return {      performance: getCookiesAllowed('ss_performanceCookiesAllowed') ? 'accepted' : 'declined',      marketing: getCookiesAllowed('ss_marketingCookiesAllowed') ? 'accepted' : 'declined'    }}})()</script><script>Static.COOKIE_BANNER_CAPABLE = true;</script>
<script async src="https://www.googletagmanager.com/gtag/js?id=UA-202006702-3"></script><script>window.dataLayer = window.dataLayer || [];function gtag(){dataLayer.push(arguments);}gtag('js', new Date());gtag('set', 'developer_id.dZjQwMz', true);gtag('consent', 'default', { 'analytics_storage': 'denied', 'wait_for_update': 500 });window.googleAnalyticsRequiresConsentUpdates = true;(function(){let squarespaceCookies = {};if (window.getSquarespaceCookies) {  squarespaceCookies = window.getSquarespaceCookies();}const consentValue = squarespaceCookies.performance === 'accepted' ? 'granted' :  'denied';gtag('consent', 'update', { 'analytics_storage': consentValue })})();gtag('config', 'UA-202006702-3');</script><!-- End of Squarespace Headers -->
    
      <link rel="stylesheet" type="text/css" href="https://static1.squarespace.com/static/vta/5c5a519771c10ba3470d8101/versioned-assets/1725563131469-UAG59785O7WAJSV7SV91/static.css">
    
  </head>

  <body
    id="not-found"
    class="
      primary-button-style-solid primary-button-shape-custom secondary-button-style-outline secondary-button-shape-custom tertiary-button-style-outline tertiary-button-shape-custom form-use-theme-colors form-field-style-outline form-field-shape-rounded form-field-border-all form-field-checkbox-type-icon form-field-checkbox-fill-outline form-field-checkbox-color-inverted form-field-checkbox-shape-rounded form-field-checkbox-layout-fit form-field-radio-type-icon form-field-radio-fill-outline form-field-radio-color-inverted form-field-radio-shape-rounded form-field-radio-layout-fit form-field-survey-fill-outline form-field-survey-color-inverted form-field-survey-shape-rounded form-field-hover-focus-outline form-submit-button-style-label header-overlay-alignment-center header-width-full  tweak-fixed-header tweak-fixed-header-style-basic tweak-blog-alternating-side-by-side-width-full tweak-blog-alternating-side-by-side-image-aspect-ratio-11-square tweak-blog-alternating-side-by-side-text-alignment-left tweak-blog-alternating-side-by-side-read-more-style-show tweak-blog-alternating-side-by-side-image-text-alignment-middle tweak-blog-alternating-side-by-side-delimiter-bullet tweak-blog-alternating-side-by-side-meta-position-top tweak-blog-alternating-side-by-side-primary-meta-categories tweak-blog-alternating-side-by-side-secondary-meta-date tweak-blog-alternating-side-by-side-excerpt-show tweak-blog-basic-grid-width-inset tweak-blog-basic-grid-image-aspect-ratio-32-standard tweak-blog-basic-grid-text-alignment-center tweak-blog-basic-grid-delimiter-bullet tweak-blog-basic-grid-image-placement-above tweak-blog-basic-grid-read-more-style-show tweak-blog-basic-grid-primary-meta-categories tweak-blog-basic-grid-secondary-meta-none tweak-blog-basic-grid-excerpt-show tweak-blog-item-width-medium tweak-blog-item-text-alignment-left tweak-blog-item-meta-position-above-title tweak-blog-item-show-categories    tweak-blog-item-delimiter-pipe tweak-blog-masonry-width-inset tweak-blog-masonry-text-alignment-center tweak-blog-masonry-primary-meta-none tweak-blog-masonry-secondary-meta-categories tweak-blog-masonry-meta-position-top tweak-blog-masonry-read-more-style-show tweak-blog-masonry-delimiter-dash tweak-blog-masonry-image-placement-above tweak-blog-masonry-excerpt-show tweak-blog-side-by-side-width-inset tweak-blog-side-by-side-image-placement-left tweak-blog-side-by-side-image-aspect-ratio-32-standard tweak-blog-side-by-side-primary-meta-categories tweak-blog-side-by-side-secondary-meta-none tweak-blog-side-by-side-meta-position-top tweak-blog-side-by-side-text-alignment-left tweak-blog-side-by-side-image-text-alignment-middle tweak-blog-side-by-side-read-more-style-show tweak-blog-side-by-side-delimiter-pipe tweak-blog-side-by-side-excerpt-show tweak-blog-single-column-width-inset tweak-blog-single-column-text-alignment-center tweak-blog-single-column-image-placement-above tweak-blog-single-column-delimiter-bullet tweak-blog-single-column-read-more-style-show tweak-blog-single-column-primary-meta-categories tweak-blog-single-column-secondary-meta-date tweak-blog-single-column-meta-position-top tweak-blog-single-column-content-full-post tweak-events-stacked-width-full tweak-events-stacked-height-large  tweak-events-stacked-show-thumbnails tweak-events-stacked-thumbnail-size-32-standard tweak-events-stacked-date-style-with-text tweak-events-stacked-show-time tweak-events-stacked-show-location  tweak-events-stacked-show-excerpt   tweak-global-animations-complexity-level-detailed tweak-global-animations-animation-style-fade tweak-global-animations-animation-type-none tweak-global-animations-animation-curve-ease tweak-portfolio-grid-basic-width-full tweak-portfolio-grid-basic-height-large tweak-portfolio-grid-basic-image-aspect-ratio-11-square tweak-portfolio-grid-basic-text-alignment-left tweak-portfolio-grid-basic-hover-effect-fade tweak-portfolio-grid-overlay-width-full tweak-portfolio-grid-overlay-height-large tweak-portfolio-grid-overlay-image-aspect-ratio-11-square tweak-portfolio-grid-overlay-text-placement-center tweak-portfolio-grid-overlay-show-text-after-hover tweak-portfolio-index-background-link-format-stacked tweak-portfolio-index-background-width-full tweak-portfolio-index-background-height-large  tweak-portfolio-index-background-vertical-alignment-middle tweak-portfolio-index-background-horizontal-alignment-center tweak-portfolio-index-background-delimiter-none tweak-portfolio-index-background-animation-type-fade tweak-portfolio-index-background-animation-duration-medium tweak-portfolio-hover-follow-layout-inline  tweak-portfolio-hover-follow-delimiter-forward-slash tweak-portfolio-hover-follow-animation-type-fade tweak-portfolio-hover-follow-animation-duration-medium tweak-portfolio-hover-static-layout-stacked  tweak-portfolio-hover-static-delimiter-forward-slash tweak-portfolio-hover-static-animation-type-scale-up tweak-portfolio-hover-static-animation-duration-medium tweak-product-basic-item-product-variant-display-dropdown tweak-product-basic-item-product-subscription-display-radio tweak-product-basic-item-product-subscription-border-shape-square tweak-product-basic-item-width-full tweak-product-basic-item-gallery-aspect-ratio-34-three-four-vertical tweak-product-basic-item-text-alignment-left tweak-product-basic-item-navigation-breadcrumbs tweak-product-basic-item-description-position-below-price tweak-product-basic-item-description-position-mobile-below-add-to-cart-button tweak-product-basic-item-content-alignment-top tweak-product-basic-item-gallery-design-slideshow tweak-product-basic-item-gallery-placement-left tweak-product-basic-item-thumbnail-placement-side tweak-product-basic-item-click-action-none tweak-product-basic-item-hover-action-none tweak-product-basic-item-variant-picker-layout-dropdowns tweak-product-basic-item-add-to-cart-standalone tweak-product-basic-item-add-to-cart-mobile-standalone tweak-products-width-full tweak-products-image-aspect-ratio-11-square tweak-products-text-alignment-left  tweak-products-price-show tweak-products-nested-category-type-top tweak-products-category-title tweak-products-header-text-alignment-middle tweak-products-breadcrumbs image-block-poster-text-alignment-left image-block-card-content-position-center image-block-card-text-alignment-left image-block-overlap-content-position-center image-block-overlap-text-alignment-left image-block-collage-content-position-center image-block-collage-text-alignment-left image-block-stack-text-alignment-left hide-opentable-icons opentable-style-dark tweak-product-quick-view-button-style-floating tweak-product-quick-view-button-position-bottom tweak-product-quick-view-lightbox-excerpt-display-truncate tweak-product-quick-view-lightbox-show-arrows tweak-product-quick-view-lightbox-show-close-button tweak-product-quick-view-lightbox-controls-weight-light native-currency-code-usd not-found-page mobile-style-available sqs-seven-one
      
        
      
    "
    tabindex="-1"
  >
    <div
      id="siteWrapper"
      class="clearfix site-wrapper"
    >
      
        <div id="floatingCart" class="floating-cart hidden">
          <a href="/cart" class="icon icon--stroke icon--fill icon--cart sqs-custom-cart">
            <span class="Cart-inner">
              



  <svg class="icon icon--cart" viewBox="0 0 31 24">
  <g class="svg-icon cart-icon--odd">
    <circle fill="none" stroke-miterlimit="10" cx="22.5" cy="21.5" r="1"/>
    <circle fill="none" stroke-miterlimit="10" cx="9.5" cy="21.5" r="1"/>
    <path fill="none" stroke-miterlimit="10" d="M0,1.5h5c0.6,0,1.1,0.4,1.1,1l1.7,13
      c0.1,0.5,0.6,1,1.1,1h15c0.5,0,1.2-0.4,1.4-0.9l3.3-8.1c0.2-0.5-0.1-0.9-0.6-0.9H12"/>
  </g>
</svg>

              <div class="legacy-cart icon-cart-quantity">
                <span class="sqs-cart-quantity">0</span>
              </div>
            </span>
          </a>
        </div>
      

      

















  <header
    data-test="header"
    id="header"
    
    class="
      
        
      
      header theme-col--primary
    "
    data-section-theme=""
    data-controller="Header"
    data-current-styles="{
&quot;layout&quot;: &quot;navCenter&quot;,
&quot;action&quot;: {
&quot;href&quot;: &quot;/contact&quot;,
&quot;buttonText&quot;: &quot;Contact us&quot;,
&quot;newWindow&quot;: true
},
&quot;showSocial&quot;: true,
&quot;socialOptions&quot;: {
&quot;socialBorderShape&quot;: &quot;none&quot;,
&quot;socialBorderStyle&quot;: &quot;outline&quot;,
&quot;socialBorderThickness&quot;: {
&quot;unit&quot;: &quot;px&quot;,
&quot;value&quot;: 1.0
}
},
&quot;sectionTheme&quot;: &quot;&quot;,
&quot;menuOverlayTheme&quot;: &quot;white&quot;,
&quot;menuOverlayAnimation&quot;: &quot;fade&quot;,
&quot;cartStyle&quot;: &quot;cart&quot;,
&quot;cartText&quot;: &quot;Cart&quot;,
&quot;showEmptyCartState&quot;: true,
&quot;cartOptions&quot;: {
&quot;iconType&quot;: &quot;stroke-1&quot;,
&quot;cartBorderShape&quot;: &quot;none&quot;,
&quot;cartBorderStyle&quot;: &quot;outline&quot;,
&quot;cartBorderThickness&quot;: {
&quot;unit&quot;: &quot;px&quot;,
&quot;value&quot;: 1.0
}
},
&quot;showButton&quot;: true,
&quot;showCart&quot;: false,
&quot;showAccountLogin&quot;: false,
&quot;headerStyle&quot;: &quot;solid&quot;,
&quot;languagePicker&quot;: {
&quot;enabled&quot;: false,
&quot;iconEnabled&quot;: false,
&quot;iconType&quot;: &quot;globe&quot;,
&quot;flagShape&quot;: &quot;shiny&quot;,
&quot;languageFlags&quot;: [ ]
},
&quot;mobileOptions&quot;: {
&quot;layout&quot;: &quot;logoLeftNavRight&quot;,
&quot;menuIcon&quot;: &quot;tripleLineHamburger&quot;,
&quot;menuIconOptions&quot;: {
&quot;style&quot;: &quot;tripleLineHamburger&quot;,
&quot;thickness&quot;: {
&quot;unit&quot;: &quot;px&quot;,
&quot;value&quot;: 1.0
}
}
},
&quot;dynamicOptions&quot;: {
&quot;border&quot;: {
&quot;enabled&quot;: false,
&quot;position&quot;: &quot;allSides&quot;,
&quot;thickness&quot;: {
&quot;unit&quot;: &quot;px&quot;,
&quot;value&quot;: 1.0
},
&quot;color&quot;: {
&quot;type&quot;: &quot;SITE_PALETTE_COLOR&quot;,
&quot;sitePaletteColor&quot;: {
&quot;colorName&quot;: &quot;black&quot;,
&quot;alphaModifier&quot;: 1.0
}
}
}
},
&quot;solidOptions&quot;: {
&quot;headerOpacity&quot;: {
&quot;unit&quot;: &quot;%&quot;,
&quot;value&quot;: 100.0
},
&quot;border&quot;: {
&quot;enabled&quot;: false,
&quot;position&quot;: &quot;allSides&quot;,
&quot;thickness&quot;: {
&quot;unit&quot;: &quot;px&quot;,
&quot;value&quot;: 4.0
},
&quot;color&quot;: {
&quot;type&quot;: &quot;SITE_PALETTE_COLOR&quot;,
&quot;sitePaletteColor&quot;: {
&quot;colorName&quot;: &quot;black&quot;,
&quot;alphaModifier&quot;: 1.0
}
}
},
&quot;dropShadow&quot;: {
&quot;enabled&quot;: false,
&quot;blur&quot;: {
&quot;unit&quot;: &quot;px&quot;,
&quot;value&quot;: 30.0
},
&quot;spread&quot;: {
&quot;unit&quot;: &quot;px&quot;,
&quot;value&quot;: 0.0
},
&quot;distance&quot;: {
&quot;unit&quot;: &quot;px&quot;,
&quot;value&quot;: 0.0
},
&quot;color&quot;: {
&quot;type&quot;: &quot;SITE_PALETTE_COLOR&quot;,
&quot;sitePaletteColor&quot;: {
&quot;colorName&quot;: &quot;black&quot;,
&quot;alphaModifier&quot;: 1.0
}
}
},
&quot;blurBackground&quot;: {
&quot;enabled&quot;: false,
&quot;blurRadius&quot;: {
&quot;unit&quot;: &quot;px&quot;,
&quot;value&quot;: 12.0
}
},
&quot;backgroundColor&quot;: {
&quot;type&quot;: &quot;SITE_PALETTE_COLOR&quot;,
&quot;sitePaletteColor&quot;: {
&quot;colorName&quot;: &quot;white&quot;,
&quot;alphaModifier&quot;: 1.0
}
},
&quot;navigationColor&quot;: {
&quot;type&quot;: &quot;SITE_PALETTE_COLOR&quot;,
&quot;sitePaletteColor&quot;: {
&quot;colorName&quot;: &quot;black&quot;,
&quot;alphaModifier&quot;: 1.0
}
}
},
&quot;gradientOptions&quot;: {
&quot;gradientType&quot;: &quot;faded&quot;,
&quot;headerOpacity&quot;: {
&quot;unit&quot;: &quot;%&quot;,
&quot;value&quot;: 90.0
},
&quot;border&quot;: {
&quot;enabled&quot;: false,
&quot;position&quot;: &quot;allSides&quot;,
&quot;thickness&quot;: {
&quot;unit&quot;: &quot;px&quot;,
&quot;value&quot;: 4.0
},
&quot;color&quot;: {
&quot;type&quot;: &quot;SITE_PALETTE_COLOR&quot;,
&quot;sitePaletteColor&quot;: {
&quot;colorName&quot;: &quot;black&quot;,
&quot;alphaModifier&quot;: 1.0
}
}
},
&quot;dropShadow&quot;: {
&quot;enabled&quot;: false,
&quot;blur&quot;: {
&quot;unit&quot;: &quot;px&quot;,
&quot;value&quot;: 30.0
},
&quot;spread&quot;: {
&quot;unit&quot;: &quot;px&quot;,
&quot;value&quot;: 0.0
},
&quot;distance&quot;: {
&quot;unit&quot;: &quot;px&quot;,
&quot;value&quot;: 0.0
},
&quot;color&quot;: {
&quot;type&quot;: &quot;SITE_PALETTE_COLOR&quot;,
&quot;sitePaletteColor&quot;: {
&quot;colorName&quot;: &quot;black&quot;,
&quot;alphaModifier&quot;: 1.0
}
}
},
&quot;blurBackground&quot;: {
&quot;enabled&quot;: false,
&quot;blurRadius&quot;: {
&quot;unit&quot;: &quot;px&quot;,
&quot;value&quot;: 12.0
}
},
&quot;backgroundColor&quot;: {
&quot;type&quot;: &quot;SITE_PALETTE_COLOR&quot;,
&quot;sitePaletteColor&quot;: {
&quot;colorName&quot;: &quot;white&quot;,
&quot;alphaModifier&quot;: 1.0
}
},
&quot;navigationColor&quot;: {
&quot;type&quot;: &quot;SITE_PALETTE_COLOR&quot;,
&quot;sitePaletteColor&quot;: {
&quot;colorName&quot;: &quot;black&quot;,
&quot;alphaModifier&quot;: 1.0
}
}
},
&quot;dropShadowOptions&quot;: {
&quot;enabled&quot;: false,
&quot;blur&quot;: {
&quot;unit&quot;: &quot;px&quot;,
&quot;value&quot;: 30.0
},
&quot;spread&quot;: {
&quot;unit&quot;: &quot;px&quot;,
&quot;value&quot;: 0.0
},
&quot;distance&quot;: {
&quot;unit&quot;: &quot;px&quot;,
&quot;value&quot;: 0.0
},
&quot;color&quot;: {
&quot;type&quot;: &quot;SITE_PALETTE_COLOR&quot;,
&quot;sitePaletteColor&quot;: {
&quot;colorName&quot;: &quot;black&quot;,
&quot;alphaModifier&quot;: 1.0
}
}
},
&quot;borderOptions&quot;: {
&quot;enabled&quot;: false,
&quot;position&quot;: &quot;allSides&quot;,
&quot;thickness&quot;: {
&quot;unit&quot;: &quot;px&quot;,
&quot;value&quot;: 4.0
},
&quot;color&quot;: {
&quot;type&quot;: &quot;SITE_PALETTE_COLOR&quot;,
&quot;sitePaletteColor&quot;: {
&quot;colorName&quot;: &quot;black&quot;,
&quot;alphaModifier&quot;: 1.0
}
}
},
&quot;showPromotedElement&quot;: false,
&quot;buttonVariant&quot;: &quot;primary&quot;,
&quot;blurBackground&quot;: {
&quot;enabled&quot;: false,
&quot;blurRadius&quot;: {
&quot;unit&quot;: &quot;px&quot;,
&quot;value&quot;: 12.0
}
},
&quot;headerOpacity&quot;: {
&quot;unit&quot;: &quot;%&quot;,
&quot;value&quot;: 100.0
}
}"
    data-section-id="header"
    data-header-style="solid"
    data-language-picker="{
&quot;enabled&quot;: false,
&quot;iconEnabled&quot;: false,
&quot;iconType&quot;: &quot;globe&quot;,
&quot;flagShape&quot;: &quot;shiny&quot;,
&quot;languageFlags&quot;: [ ]
}"
    
    data-first-focusable-element
    tabindex="-1"
    style="
      
        
          --headerDropShadowColor: hsla(var(--black-hsl), 1);
        
        
          --headerBorderColor: hsla(var(--black-hsl), 1);
        
      
      
        --solidHeaderBackgroundColor: hsla(var(--white-hsl), 1);
      
      
        --solidHeaderNavigationColor: hsla(var(--black-hsl), 1);
      
      
        --gradientHeaderBackgroundColor: hsla(var(--white-hsl), 1);
      
      
        --gradientHeaderNavigationColor: hsla(var(--black-hsl), 1);
      
    "
  >
    
  <script>
    function shouldShowAnnouncementBar() {
      try {
        if (!window.Static.SQUARESPACE_CONTEXT.showAnnouncementBar) {
          return false;
        }
        var localDataStr = localStorage.getItem('squarespace-announcement-bar');
        if (localDataStr && JSON.parse(localDataStr).closed) {
          return false;
        }
        return true;
      } catch(e) {
        console.error(e);
        return true;
      }
    }
    if (shouldShowAnnouncementBar()) {
      document.body.classList.add('announcement-bar-reserved-space');
    }
    //# sourceURL=reserveSpaceForAnnouncementBar.js
  </script>

<div class="sqs-announcement-bar-dropzone"></div>

    <div class="header-announcement-bar-wrapper">
      
      <a
        href="#page"
        class="header-skip-link sqs-button-element--primary"
      >
        Skip to Content
      </a>
      


<style>
    @supports (-webkit-backdrop-filter: none) or (backdrop-filter: none) {
        .header-blur-background {
            
                -webkit-backdrop-filter: blur(12px);
                backdrop-filter: blur(12px);
            
            
        }
    }
</style>
      <div
        class="header-border"
        data-header-style="solid"
        data-header-usability-enabled="true"
        data-header-border="false"
        data-test="header-border"
        style="


  
    border-width: 0px !important;
  







  



"
      ></div>
      <div
        class="header-dropshadow"
        data-header-style="solid"
        data-header-usability-enabled="true"
        data-header-dropshadow="false"
        data-test="header-dropshadow"
        style="


  
"
      ></div>
      
      
        <div >
          <div
            class="header-background-solid"
            data-header-style="solid"
            data-test="header-background-solid"
            
            
            style="opacity: calc(100 * .01)"
          ></div>
        </div>
      

      <div class='header-inner container--fluid
        
        
        
         header-mobile-layout-logo-left-nav-right
        
        
        
        
        
        
        
        
         header-layout-nav-center
        
        
        
        
        
        
        '
        style="


  
    padding: 0;
  







"
        data-test="header-inner"
        >
        <!-- Background -->
        <div class="header-background theme-bg--primary"></div>

        <div class="header-display-desktop" data-content-field="site-title">
          

          

          

          

          

          
          
            
            <!-- Social -->
            
              
            
          
            
            <!-- Title and nav wrapper -->
            <div class="header-title-nav-wrapper">
              

              

              
                
                <!-- Title -->
                
                  <div
                    class="
                      header-title
                      header-title--use-mobile-logo
                    "
                    data-animation-role="header-element"
                  >
                    
                      <div class="header-title-logo">
                        <a href="/" data-animation-role="header-element">
                        <picture><source media="only screen and (pointer: coarse) and (max-width: 1024px), screen and (max-width: 799px)" srcset="//images.squarespace-cdn.com/content/v1/609c0ddf94bcc0278a7cbdb4/8fdb61a3-3059-4141-9506-9bceeae72064/Walt.id_Logo_transparent.png?format=1500w"><source media="only screen and (pointer: coarse) and (min-width: 1025px), screen and (min-width: 800px)" srcset="//images.squarespace-cdn.com/content/v1/609c0ddf94bcc0278a7cbdb4/4d493ccf-c893-4882-925f-fda3256c38f4/Walt.id_Logo_transparent.png?format=1500w">
<img elementtiming="nbf-header-logo-desktop" src="//images.squarespace-cdn.com/content/v1/609c0ddf94bcc0278a7cbdb4/4d493ccf-c893-4882-925f-fda3256c38f4/Walt.id_Logo_transparent.png?format=1500w" alt="walt.id" style="display:block" fetchpriority="high" loading="eager" decoding="async" data-loader="raw"></picture>

                        </a>
                      </div>

                    
                    
                      <div class="header-mobile-logo">
                        <a href="/" data-animation-role="header-element">
                          <picture><source media="only screen and (pointer: coarse) and (max-width: 1024px), screen and (max-width: 799px)" srcset="//images.squarespace-cdn.com/content/v1/609c0ddf94bcc0278a7cbdb4/8fdb61a3-3059-4141-9506-9bceeae72064/Walt.id_Logo_transparent.png?format=1500w"><source media="only screen and (pointer: coarse) and (min-width: 1025px), screen and (min-width: 800px)" srcset="//images.squarespace-cdn.com/content/v1/609c0ddf94bcc0278a7cbdb4/4d493ccf-c893-4882-925f-fda3256c38f4/Walt.id_Logo_transparent.png?format=1500w">
<img elementtiming="nbf-header-logo-mobile" src="//images.squarespace-cdn.com/content/v1/609c0ddf94bcc0278a7cbdb4/8fdb61a3-3059-4141-9506-9bceeae72064/Walt.id_Logo_transparent.png?format=1500w" alt="walt.id" style="display:block" fetchpriority="high" loading="eager" decoding="async" data-loader="raw"></picture>

                        </a>
                      </div>
                    
                  </div>
                
              
                
                <!-- Nav -->
                <div class="header-nav">
                  <div class="header-nav-wrapper">
                    <nav class="header-nav-list">
                      


  
    <div class="header-nav-item header-nav-item--folder">
      <a
        class="header-nav-folder-title"
        href="/products"
        tabindex="-1"
        data-animation-role="header-element"
        
      >
        Products
      </a>
      <div class="header-nav-folder-content">
        
          
            <div class="header-nav-folder-item">
              <a
                href="/identity-infrastructure"
                
              >
                <span class="header-nav-folder-item-content">
                  Identity Infrastructure
                </span>
              </a>
            </div>
          
          
        
          
            <div class="header-nav-folder-item">
              <a
                href="/wallet-infrastructure"
                
              >
                <span class="header-nav-folder-item-content">
                  Wallet Infrastructure
                </span>
              </a>
            </div>
          
          
        
      </div>
    </div>
  
  


  
    <div class="header-nav-item header-nav-item--folder">
      <a
        class="header-nav-folder-title"
        href="/new-folder"
        tabindex="-1"
        data-animation-role="header-element"
        
      >
        Developers
      </a>
      <div class="header-nav-folder-content">
        
          
            <div class="header-nav-folder-item">
              <a
                href="/community"
                
              >
                <span class="header-nav-folder-item-content">
                  Community
                </span>
              </a>
            </div>
          
          
        
          
          
            <div class="header-nav-folder-item header-nav-folder-item--external">
              <a href="https://docs.walt.id"  target="_blank" >Documentation</a>
            </div>
          
        
          
          
            <div class="header-nav-folder-item header-nav-folder-item--external">
              <a href="https://walt-id.notion.site/Feature-List-walt-id-95f6741fe34747b5a1d3a3d68b07a6f1"  target="_blank" >Product Roadmap</a>
            </div>
          
        
          
          
            <div class="header-nav-folder-item header-nav-folder-item--external">
              <a href="/blog"  target="_blank" >Product Updates</a>
            </div>
          
        
      </div>
    </div>
  
  


  
    <div class="header-nav-item header-nav-item--collection">
      <a
        href="/pricing"
        data-animation-role="header-element"
        
      >
        Pricing
      </a>
    </div>
  
  
  


  
    <div class="header-nav-item header-nav-item--folder">
      <a
        class="header-nav-folder-title"
        href="/all-resources"
        tabindex="-1"
        data-animation-role="header-element"
        
      >
        Resources
      </a>
      <div class="header-nav-folder-content">
        
          
            <div class="header-nav-folder-item">
              <a
                href="/blog"
                
              >
                <span class="header-nav-folder-item-content">
                  Blog
                </span>
              </a>
            </div>
          
          
        
          
            <div class="header-nav-folder-item">
              <a
                href="/case-studies"
                
              >
                <span class="header-nav-folder-item-content">
                  Case Studies
                </span>
              </a>
            </div>
          
          
        
          
            <div class="header-nav-folder-item">
              <a
                href="/white-papers"
                
              >
                <span class="header-nav-folder-item-content">
                  White Papers
                </span>
              </a>
            </div>
          
          
        
          
          
            <div class="header-nav-folder-item header-nav-folder-item--external">
              <a href="https://docs.walt.id"  target="_blank" >Documentation</a>
            </div>
          
        
      </div>
    </div>
  
  



                    </nav>
                  </div>
                </div>
              
              
            </div>
          
            
            <!-- Actions -->
            <div class="header-actions header-actions--right">
              
              
                
                  <div class="header-actions-action header-actions-action--social">
                    
                      
                        <a class="icon icon--fill  header-icon header-icon-border-shape-none header-icon-border-style-outline"  href="https://discord.gg/AW8AgqJthZ" target="_blank" aria-label="Discord">
                          <svg viewBox="23 23 64 64">
                            <use xlink:href="#discord-unauth-icon" width="110" height="110"></use>
                          </svg>
                        </a>
                      
                        <a class="icon icon--fill  header-icon header-icon-border-shape-none header-icon-border-style-outline"  href="https://github.com/walt-id" target="_blank" aria-label="GitHub">
                          <svg viewBox="23 23 64 64">
                            <use xlink:href="#github-unauth-icon" width="110" height="110"></use>
                          </svg>
                        </a>
                      
                    
                  </div>
                
              

              

            
            

              
              <div class="showOnMobile">
                
              </div>

              
              <div class="showOnDesktop">
                
              </div>

              
                <div class="header-actions-action header-actions-action--cta" data-animation-role="header-element">
                  <a
                    class="btn btn--border theme-btn--primary-inverse sqs-button-element--primary"
                    href="/contact"
                    target="_blank"
                  >
                    Contact us
                  </a>
                </div>
              
            </div>
          
            


<style>
  .top-bun, 
  .patty, 
  .bottom-bun {
    height: 1px;
  }
</style>

<!-- Burger -->
<div class="header-burger

  menu-overlay-has-visible-non-navigation-items

" data-animation-role="header-element">
  <button class="header-burger-btn burger" data-test="header-burger">
    <span hidden class="js-header-burger-open-title visually-hidden">Open Menu</span>
    <span hidden class="js-header-burger-close-title visually-hidden">Close Menu</span>
    <div class="burger-box">
      <div class="burger-inner header-menu-icon-tripleLineHamburger">
        <div class="top-bun"></div>
        <div class="patty"></div>
        <div class="bottom-bun"></div>
      </div>
    </div>
  </button>
</div>

          
          
          
          
          

        </div>
        <div class="header-display-mobile" data-content-field="site-title">
          
            
            <!-- Social -->
            
              
            
          
            
            <!-- Title and nav wrapper -->
            <div class="header-title-nav-wrapper">
              

              

              
                
                <!-- Title -->
                
                  <div
                    class="
                      header-title
                      header-title--use-mobile-logo
                    "
                    data-animation-role="header-element"
                  >
                    
                      <div class="header-title-logo">
                        <a href="/" data-animation-role="header-element">
                        <picture><source media="only screen and (pointer: coarse) and (max-width: 1024px), screen and (max-width: 799px)" srcset="//images.squarespace-cdn.com/content/v1/609c0ddf94bcc0278a7cbdb4/8fdb61a3-3059-4141-9506-9bceeae72064/Walt.id_Logo_transparent.png?format=1500w"><source media="only screen and (pointer: coarse) and (min-width: 1025px), screen and (min-width: 800px)" srcset="//images.squarespace-cdn.com/content/v1/609c0ddf94bcc0278a7cbdb4/4d493ccf-c893-4882-925f-fda3256c38f4/Walt.id_Logo_transparent.png?format=1500w">
<img elementtiming="nbf-header-logo-desktop" src="//images.squarespace-cdn.com/content/v1/609c0ddf94bcc0278a7cbdb4/4d493ccf-c893-4882-925f-fda3256c38f4/Walt.id_Logo_transparent.png?format=1500w" alt="walt.id" style="display:block" fetchpriority="high" loading="eager" decoding="async" data-loader="raw"></picture>

                        </a>
                      </div>

                    
                    
                      <div class="header-mobile-logo">
                        <a href="/" data-animation-role="header-element">
                          <picture><source media="only screen and (pointer: coarse) and (max-width: 1024px), screen and (max-width: 799px)" srcset="//images.squarespace-cdn.com/content/v1/609c0ddf94bcc0278a7cbdb4/8fdb61a3-3059-4141-9506-9bceeae72064/Walt.id_Logo_transparent.png?format=1500w"><source media="only screen and (pointer: coarse) and (min-width: 1025px), screen and (min-width: 800px)" srcset="//images.squarespace-cdn.com/content/v1/609c0ddf94bcc0278a7cbdb4/4d493ccf-c893-4882-925f-fda3256c38f4/Walt.id_Logo_transparent.png?format=1500w">
<img elementtiming="nbf-header-logo-mobile" src="//images.squarespace-cdn.com/content/v1/609c0ddf94bcc0278a7cbdb4/8fdb61a3-3059-4141-9506-9bceeae72064/Walt.id_Logo_transparent.png?format=1500w" alt="walt.id" style="display:block" fetchpriority="high" loading="eager" decoding="async" data-loader="raw"></picture>

                        </a>
                      </div>
                    
                  </div>
                
              
                
                <!-- Nav -->
                <div class="header-nav">
                  <div class="header-nav-wrapper">
                    <nav class="header-nav-list">
                      


  
    <div class="header-nav-item header-nav-item--folder">
      <a
        class="header-nav-folder-title"
        href="/products"
        tabindex="-1"
        data-animation-role="header-element"
        
      >
        Products
      </a>
      <div class="header-nav-folder-content">
        
          
            <div class="header-nav-folder-item">
              <a
                href="/identity-infrastructure"
                
              >
                <span class="header-nav-folder-item-content">
                  Identity Infrastructure
                </span>
              </a>
            </div>
          
          
        
          
            <div class="header-nav-folder-item">
              <a
                href="/wallet-infrastructure"
                
              >
                <span class="header-nav-folder-item-content">
                  Wallet Infrastructure
                </span>
              </a>
            </div>
          
          
        
      </div>
    </div>
  
  


  
    <div class="header-nav-item header-nav-item--folder">
      <a
        class="header-nav-folder-title"
        href="/new-folder"
        tabindex="-1"
        data-animation-role="header-element"
        
      >
        Developers
      </a>
      <div class="header-nav-folder-content">
        
          
            <div class="header-nav-folder-item">
              <a
                href="/community"
                
              >
                <span class="header-nav-folder-item-content">
                  Community
                </span>
              </a>
            </div>
          
          
        
          
          
            <div class="header-nav-folder-item header-nav-folder-item--external">
              <a href="https://docs.walt.id"  target="_blank" >Documentation</a>
            </div>
          
        
          
          
            <div class="header-nav-folder-item header-nav-folder-item--external">
              <a href="https://walt-id.notion.site/Feature-List-walt-id-95f6741fe34747b5a1d3a3d68b07a6f1"  target="_blank" >Product Roadmap</a>
            </div>
          
        
          
          
            <div class="header-nav-folder-item header-nav-folder-item--external">
              <a href="/blog"  target="_blank" >Product Updates</a>
            </div>
          
        
      </div>
    </div>
  
  


  
    <div class="header-nav-item header-nav-item--collection">
      <a
        href="/pricing"
        data-animation-role="header-element"
        
      >
        Pricing
      </a>
    </div>
  
  
  


  
    <div class="header-nav-item header-nav-item--folder">
      <a
        class="header-nav-folder-title"
        href="/all-resources"
        tabindex="-1"
        data-animation-role="header-element"
        
      >
        Resources
      </a>
      <div class="header-nav-folder-content">
        
          
            <div class="header-nav-folder-item">
              <a
                href="/blog"
                
              >
                <span class="header-nav-folder-item-content">
                  Blog
                </span>
              </a>
            </div>
          
          
        
          
            <div class="header-nav-folder-item">
              <a
                href="/case-studies"
                
              >
                <span class="header-nav-folder-item-content">
                  Case Studies
                </span>
              </a>
            </div>
          
          
        
          
            <div class="header-nav-folder-item">
              <a
                href="/white-papers"
                
              >
                <span class="header-nav-folder-item-content">
                  White Papers
                </span>
              </a>
            </div>
          
          
        
          
          
            <div class="header-nav-folder-item header-nav-folder-item--external">
              <a href="https://docs.walt.id"  target="_blank" >Documentation</a>
            </div>
          
        
      </div>
    </div>
  
  



                    </nav>
                  </div>
                </div>
              
              
            </div>
          
            
            <!-- Actions -->
            <div class="header-actions header-actions--right">
              
              
                
                  <div class="header-actions-action header-actions-action--social">
                    
                      
                        <a class="icon icon--fill  header-icon header-icon-border-shape-none header-icon-border-style-outline"  href="https://discord.gg/AW8AgqJthZ" target="_blank" aria-label="Discord">
                          <svg viewBox="23 23 64 64">
                            <use xlink:href="#discord-unauth-icon" width="110" height="110"></use>
                          </svg>
                        </a>
                      
                        <a class="icon icon--fill  header-icon header-icon-border-shape-none header-icon-border-style-outline"  href="https://github.com/walt-id" target="_blank" aria-label="GitHub">
                          <svg viewBox="23 23 64 64">
                            <use xlink:href="#github-unauth-icon" width="110" height="110"></use>
                          </svg>
                        </a>
                      
                    
                  </div>
                
              

              

            
            

              
              <div class="showOnMobile">
                
              </div>

              
              <div class="showOnDesktop">
                
              </div>

              
                <div class="header-actions-action header-actions-action--cta" data-animation-role="header-element">
                  <a
                    class="btn btn--border theme-btn--primary-inverse sqs-button-element--primary"
                    href="/contact"
                    target="_blank"
                  >
                    Contact us
                  </a>
                </div>
              
            </div>
          
            


<style>
  .top-bun, 
  .patty, 
  .bottom-bun {
    height: 1px;
  }
</style>

<!-- Burger -->
<div class="header-burger

  menu-overlay-has-visible-non-navigation-items

" data-animation-role="header-element">
  <button class="header-burger-btn burger" data-test="header-burger">
    <span hidden class="js-header-burger-open-title visually-hidden">Open Menu</span>
    <span hidden class="js-header-burger-close-title visually-hidden">Close Menu</span>
    <div class="burger-box">
      <div class="burger-inner header-menu-icon-tripleLineHamburger">
        <div class="top-bun"></div>
        <div class="patty"></div>
        <div class="bottom-bun"></div>
      </div>
    </div>
  </button>
</div>

          
          
          
          
          
        </div>
      </div>
    </div>
    <!-- (Mobile) Menu Navigation -->
    <div class="header-menu header-menu--folder-list
      white
      
      
      
      
      "
      data-section-theme="white"
      data-current-styles="{
&quot;layout&quot;: &quot;navCenter&quot;,
&quot;action&quot;: {
&quot;href&quot;: &quot;/contact&quot;,
&quot;buttonText&quot;: &quot;Contact us&quot;,
&quot;newWindow&quot;: true
},
&quot;showSocial&quot;: true,
&quot;socialOptions&quot;: {
&quot;socialBorderShape&quot;: &quot;none&quot;,
&quot;socialBorderStyle&quot;: &quot;outline&quot;,
&quot;socialBorderThickness&quot;: {
&quot;unit&quot;: &quot;px&quot;,
&quot;value&quot;: 1.0
}
},
&quot;sectionTheme&quot;: &quot;&quot;,
&quot;menuOverlayTheme&quot;: &quot;white&quot;,
&quot;menuOverlayAnimation&quot;: &quot;fade&quot;,
&quot;cartStyle&quot;: &quot;cart&quot;,
&quot;cartText&quot;: &quot;Cart&quot;,
&quot;showEmptyCartState&quot;: true,
&quot;cartOptions&quot;: {
&quot;iconType&quot;: &quot;stroke-1&quot;,
&quot;cartBorderShape&quot;: &quot;none&quot;,
&quot;cartBorderStyle&quot;: &quot;outline&quot;,
&quot;cartBorderThickness&quot;: {
&quot;unit&quot;: &quot;px&quot;,
&quot;value&quot;: 1.0
}
},
&quot;showButton&quot;: true,
&quot;showCart&quot;: false,
&quot;showAccountLogin&quot;: false,
&quot;headerStyle&quot;: &quot;solid&quot;,
&quot;languagePicker&quot;: {
&quot;enabled&quot;: false,
&quot;iconEnabled&quot;: false,
&quot;iconType&quot;: &quot;globe&quot;,
&quot;flagShape&quot;: &quot;shiny&quot;,
&quot;languageFlags&quot;: [ ]
},
&quot;mobileOptions&quot;: {
&quot;layout&quot;: &quot;logoLeftNavRight&quot;,
&quot;menuIcon&quot;: &quot;tripleLineHamburger&quot;,
&quot;menuIconOptions&quot;: {
&quot;style&quot;: &quot;tripleLineHamburger&quot;,
&quot;thickness&quot;: {
&quot;unit&quot;: &quot;px&quot;,
&quot;value&quot;: 1.0
}
}
},
&quot;dynamicOptions&quot;: {
&quot;border&quot;: {
&quot;enabled&quot;: false,
&quot;position&quot;: &quot;allSides&quot;,
&quot;thickness&quot;: {
&quot;unit&quot;: &quot;px&quot;,
&quot;value&quot;: 1.0
},
&quot;color&quot;: {
&quot;type&quot;: &quot;SITE_PALETTE_COLOR&quot;,
&quot;sitePaletteColor&quot;: {
&quot;colorName&quot;: &quot;black&quot;,
&quot;alphaModifier&quot;: 1.0
}
}
}
},
&quot;solidOptions&quot;: {
&quot;headerOpacity&quot;: {
&quot;unit&quot;: &quot;%&quot;,
&quot;value&quot;: 100.0
},
&quot;border&quot;: {
&quot;enabled&quot;: false,
&quot;position&quot;: &quot;allSides&quot;,
&quot;thickness&quot;: {
&quot;unit&quot;: &quot;px&quot;,
&quot;value&quot;: 4.0
},
&quot;color&quot;: {
&quot;type&quot;: &quot;SITE_PALETTE_COLOR&quot;,
&quot;sitePaletteColor&quot;: {
&quot;colorName&quot;: &quot;black&quot;,
&quot;alphaModifier&quot;: 1.0
}
}
},
&quot;dropShadow&quot;: {
&quot;enabled&quot;: false,
&quot;blur&quot;: {
&quot;unit&quot;: &quot;px&quot;,
&quot;value&quot;: 30.0
},
&quot;spread&quot;: {
&quot;unit&quot;: &quot;px&quot;,
&quot;value&quot;: 0.0
},
&quot;distance&quot;: {
&quot;unit&quot;: &quot;px&quot;,
&quot;value&quot;: 0.0
},
&quot;color&quot;: {
&quot;type&quot;: &quot;SITE_PALETTE_COLOR&quot;,
&quot;sitePaletteColor&quot;: {
&quot;colorName&quot;: &quot;black&quot;,
&quot;alphaModifier&quot;: 1.0
}
}
},
&quot;blurBackground&quot;: {
&quot;enabled&quot;: false,
&quot;blurRadius&quot;: {
&quot;unit&quot;: &quot;px&quot;,
&quot;value&quot;: 12.0
}
},
&quot;backgroundColor&quot;: {
&quot;type&quot;: &quot;SITE_PALETTE_COLOR&quot;,
&quot;sitePaletteColor&quot;: {
&quot;colorName&quot;: &quot;white&quot;,
&quot;alphaModifier&quot;: 1.0
}
},
&quot;navigationColor&quot;: {
&quot;type&quot;: &quot;SITE_PALETTE_COLOR&quot;,
&quot;sitePaletteColor&quot;: {
&quot;colorName&quot;: &quot;black&quot;,
&quot;alphaModifier&quot;: 1.0
}
}
},
&quot;gradientOptions&quot;: {
&quot;gradientType&quot;: &quot;faded&quot;,
&quot;headerOpacity&quot;: {
&quot;unit&quot;: &quot;%&quot;,
&quot;value&quot;: 90.0
},
&quot;border&quot;: {
&quot;enabled&quot;: false,
&quot;position&quot;: &quot;allSides&quot;,
&quot;thickness&quot;: {
&quot;unit&quot;: &quot;px&quot;,
&quot;value&quot;: 4.0
},
&quot;color&quot;: {
&quot;type&quot;: &quot;SITE_PALETTE_COLOR&quot;,
&quot;sitePaletteColor&quot;: {
&quot;colorName&quot;: &quot;black&quot;,
&quot;alphaModifier&quot;: 1.0
}
}
},
&quot;dropShadow&quot;: {
&quot;enabled&quot;: false,
&quot;blur&quot;: {
&quot;unit&quot;: &quot;px&quot;,
&quot;value&quot;: 30.0
},
&quot;spread&quot;: {
&quot;unit&quot;: &quot;px&quot;,
&quot;value&quot;: 0.0
},
&quot;distance&quot;: {
&quot;unit&quot;: &quot;px&quot;,
&quot;value&quot;: 0.0
},
&quot;color&quot;: {
&quot;type&quot;: &quot;SITE_PALETTE_COLOR&quot;,
&quot;sitePaletteColor&quot;: {
&quot;colorName&quot;: &quot;black&quot;,
&quot;alphaModifier&quot;: 1.0
}
}
},
&quot;blurBackground&quot;: {
&quot;enabled&quot;: false,
&quot;blurRadius&quot;: {
&quot;unit&quot;: &quot;px&quot;,
&quot;value&quot;: 12.0
}
},
&quot;backgroundColor&quot;: {
&quot;type&quot;: &quot;SITE_PALETTE_COLOR&quot;,
&quot;sitePaletteColor&quot;: {
&quot;colorName&quot;: &quot;white&quot;,
&quot;alphaModifier&quot;: 1.0
}
},
&quot;navigationColor&quot;: {
&quot;type&quot;: &quot;SITE_PALETTE_COLOR&quot;,
&quot;sitePaletteColor&quot;: {
&quot;colorName&quot;: &quot;black&quot;,
&quot;alphaModifier&quot;: 1.0
}
}
},
&quot;dropShadowOptions&quot;: {
&quot;enabled&quot;: false,
&quot;blur&quot;: {
&quot;unit&quot;: &quot;px&quot;,
&quot;value&quot;: 30.0
},
&quot;spread&quot;: {
&quot;unit&quot;: &quot;px&quot;,
&quot;value&quot;: 0.0
},
&quot;distance&quot;: {
&quot;unit&quot;: &quot;px&quot;,
&quot;value&quot;: 0.0
},
&quot;color&quot;: {
&quot;type&quot;: &quot;SITE_PALETTE_COLOR&quot;,
&quot;sitePaletteColor&quot;: {
&quot;colorName&quot;: &quot;black&quot;,
&quot;alphaModifier&quot;: 1.0
}
}
},
&quot;borderOptions&quot;: {
&quot;enabled&quot;: false,
&quot;position&quot;: &quot;allSides&quot;,
&quot;thickness&quot;: {
&quot;unit&quot;: &quot;px&quot;,
&quot;value&quot;: 4.0
},
&quot;color&quot;: {
&quot;type&quot;: &quot;SITE_PALETTE_COLOR&quot;,
&quot;sitePaletteColor&quot;: {
&quot;colorName&quot;: &quot;black&quot;,
&quot;alphaModifier&quot;: 1.0
}
}
},
&quot;showPromotedElement&quot;: false,
&quot;buttonVariant&quot;: &quot;primary&quot;,
&quot;blurBackground&quot;: {
&quot;enabled&quot;: false,
&quot;blurRadius&quot;: {
&quot;unit&quot;: &quot;px&quot;,
&quot;value&quot;: 12.0
}
},
&quot;headerOpacity&quot;: {
&quot;unit&quot;: &quot;%&quot;,
&quot;value&quot;: 100.0
}
}"
      data-section-id="overlay-nav"
      data-show-account-login="false"
      data-test="header-menu">
      <div class="header-menu-bg theme-bg--primary"></div>
      <div class="header-menu-nav">
        <nav class="header-menu-nav-list">
          <div data-folder="root" class="header-menu-nav-folder">
            <div class="header-menu-nav-folder-content">
              <!-- Menu Navigation -->
<div class="header-menu-nav-wrapper">
  
    
      
        
          <div class="container header-menu-nav-item">
            <a
              data-folder-id="/products"
              href="/products"
              
            >
              <div class="header-menu-nav-item-content">
                <span class="visually-hidden">Folder:</span>
                <span>Products</span>
                <span class="chevron chevron--right"></span>
              </div>
            </a>
          </div>
          <div data-folder="/products" class="header-menu-nav-folder">
            <div class="header-menu-nav-folder-content">
              <div class="header-menu-controls container header-menu-nav-item">
                <a class="header-menu-controls-control header-menu-controls-control--active" data-action="back" href="/">
                  <span class="chevron chevron--left"></span><span>Back</span>
                </a>
              </div>
              
                
                  <div class="container header-menu-nav-item">
                    <a
                      href="/identity-infrastructure"
                      
                    >
                      <div class="header-menu-nav-item-content">
                        Identity Infrastructure
                      </div>
                    </a>
                  </div>
                
                
              
                
                  <div class="container header-menu-nav-item">
                    <a
                      href="/wallet-infrastructure"
                      
                    >
                      <div class="header-menu-nav-item-content">
                        Wallet Infrastructure
                      </div>
                    </a>
                  </div>
                
                
              
            </div>
          </div>
        
      
    
      
        
          <div class="container header-menu-nav-item">
            <a
              data-folder-id="/new-folder"
              href="/new-folder"
              
            >
              <div class="header-menu-nav-item-content">
                <span class="visually-hidden">Folder:</span>
                <span>Developers</span>
                <span class="chevron chevron--right"></span>
              </div>
            </a>
          </div>
          <div data-folder="/new-folder" class="header-menu-nav-folder">
            <div class="header-menu-nav-folder-content">
              <div class="header-menu-controls container header-menu-nav-item">
                <a class="header-menu-controls-control header-menu-controls-control--active" data-action="back" href="/">
                  <span class="chevron chevron--left"></span><span>Back</span>
                </a>
              </div>
              
                
                  <div class="container header-menu-nav-item">
                    <a
                      href="/community"
                      
                    >
                      <div class="header-menu-nav-item-content">
                        Community
                      </div>
                    </a>
                  </div>
                
                
              
                
                
                  <div class="container header-menu-nav-item header-menu-nav-item--external">
                    <a href="https://docs.walt.id"  target="_blank" >Documentation</a>
                  </div>
                
              
                
                
                  <div class="container header-menu-nav-item header-menu-nav-item--external">
                    <a href="https://walt-id.notion.site/Feature-List-walt-id-95f6741fe34747b5a1d3a3d68b07a6f1"  target="_blank" >Product Roadmap</a>
                  </div>
                
              
                
                
                  <div class="container header-menu-nav-item header-menu-nav-item--external">
                    <a href="/blog"  target="_blank" >Product Updates</a>
                  </div>
                
              
            </div>
          </div>
        
      
    
      
        
          
            <div class="container header-menu-nav-item header-menu-nav-item--collection">
              <a
                href="/pricing"
                
              >
                <div class="header-menu-nav-item-content">
                  Pricing
                </div>
              </a>
            </div>
          
        
      
    
      
        
          <div class="container header-menu-nav-item">
            <a
              data-folder-id="/all-resources"
              href="/all-resources"
              
            >
              <div class="header-menu-nav-item-content">
                <span class="visually-hidden">Folder:</span>
                <span>Resources</span>
                <span class="chevron chevron--right"></span>
              </div>
            </a>
          </div>
          <div data-folder="/all-resources" class="header-menu-nav-folder">
            <div class="header-menu-nav-folder-content">
              <div class="header-menu-controls container header-menu-nav-item">
                <a class="header-menu-controls-control header-menu-controls-control--active" data-action="back" href="/">
                  <span class="chevron chevron--left"></span><span>Back</span>
                </a>
              </div>
              
                
                  <div class="container header-menu-nav-item">
                    <a
                      href="/blog"
                      
                    >
                      <div class="header-menu-nav-item-content">
                        Blog
                      </div>
                    </a>
                  </div>
                
                
              
                
                  <div class="container header-menu-nav-item">
                    <a
                      href="/case-studies"
                      
                    >
                      <div class="header-menu-nav-item-content">
                        Case Studies
                      </div>
                    </a>
                  </div>
                
                
              
                
                  <div class="container header-menu-nav-item">
                    <a
                      href="/white-papers"
                      
                    >
                      <div class="header-menu-nav-item-content">
                        White Papers
                      </div>
                    </a>
                  </div>
                
                
              
                
                
                  <div class="container header-menu-nav-item header-menu-nav-item--external">
                    <a href="https://docs.walt.id"  target="_blank" >Documentation</a>
                  </div>
                
              
            </div>
          </div>
        
      
    
  
</div>

              
            </div>
            
              <div class="header-menu-actions social-accounts">
                
                  
                    <div class="header-menu-actions-action header-menu-actions-action--social mobile">
                      <a class="icon icon--lg icon--fill  header-icon header-icon-border-shape-none header-icon-border-style-outline"  href="https://discord.gg/AW8AgqJthZ" target="_blank" aria-label="Discord">
                        <svg viewBox="23 23 64 64">
                          <use xlink:href="#discord-unauth-icon" width="110" height="110"></use>
                        </svg>
                      </a>
                    </div>
                  
                    <div class="header-menu-actions-action header-menu-actions-action--social mobile">
                      <a class="icon icon--lg icon--fill  header-icon header-icon-border-shape-none header-icon-border-style-outline"  href="https://github.com/walt-id" target="_blank" aria-label="GitHub">
                        <svg viewBox="23 23 64 64">
                          <use xlink:href="#github-unauth-icon" width="110" height="110"></use>
                        </svg>
                      </a>
                    </div>
                  
                
              </div>
            
            
            
            <div class="header-menu-cta">
              <a
                class="theme-btn--primary btn sqs-button-element--primary"
                href="/contact"
                target="_blank"
              >
                Contact us
              </a>
            </div>
            
          </div>
        </nav>
      </div>
    </div>
  </header>




      <main id="page" class="container" role="main">
        
          <div class="system-page">
            <p>We couldn't find the page you were looking for. This is either because:</p>
<ul>
  <li>There is an error in the URL entered into your web browser. Please check the URL and try again.</li>
  <li>The page you are looking for has been moved or deleted.</li>
</ul>
<p>
  You can return to our homepage by <a href="/">clicking here</a>, or you can try searching for the
  content you are seeking by <a href="/search">clicking here</a>.
</p>
          </div>
        
      </main>
      
        <footer class="sections" id="footer-sections" data-footer-sections>
  
  
  
  
  
  
    
    


  


<section
  data-test="page-section"
  
  data-section-theme="black"
  class='page-section 
    
      full-bleed-section
      layout-engine-section
    
    background-width--full-bleed
    
      section-height--small
    
    
      content-width--wide
    
    horizontal-alignment--center
    vertical-alignment--middle
    
      
    
    
    black'
  
  data-section-id="63048580223113dce9f9839e"
  
  data-controller="SectionWrapperController"
  data-current-styles="{
&quot;imageOverlayOpacity&quot;: 0.15,
&quot;backgroundWidth&quot;: &quot;background-width--full-bleed&quot;,
&quot;sectionHeight&quot;: &quot;section-height--small&quot;,
&quot;customSectionHeight&quot;: 1,
&quot;horizontalAlignment&quot;: &quot;horizontal-alignment--center&quot;,
&quot;verticalAlignment&quot;: &quot;vertical-alignment--middle&quot;,
&quot;contentWidth&quot;: &quot;content-width--wide&quot;,
&quot;customContentWidth&quot;: 50,
&quot;sectionTheme&quot;: &quot;black&quot;,
&quot;sectionAnimation&quot;: &quot;none&quot;,
&quot;backgroundMode&quot;: &quot;image&quot;
}"
  data-current-context="{
&quot;video&quot;: {
&quot;playbackSpeed&quot;: 0.5,
&quot;filter&quot;: 1,
&quot;filterStrength&quot;: 0,
&quot;zoom&quot;: 0,
&quot;videoSourceProvider&quot;: &quot;none&quot;
},
&quot;backgroundImageId&quot;: null,
&quot;backgroundMediaEffect&quot;: {
&quot;type&quot;: &quot;none&quot;
},
&quot;divider&quot;: null,
&quot;typeName&quot;: null
}"
  data-animation="none"
  data-fluid-engine-section
   
  
    
  
  
>
  <div
    class="section-border"
    
  >
    <div class="section-background">
    
      
    
    </div>
  </div>
  <div
    class='content-wrapper'
    style='
      
        
      
    '
  >
    <div
      class="content"
      
    >
      
      
      
      
      
      
      
      
      <div data-fluid-engine="true"><style>

.fe-63048580823d75d5e215243d {
  --grid-gutter: calc(var(--sqs-mobile-site-gutter, 6vw) - 11.0px);
  --cell-max-width: calc( ( var(--sqs-site-max-width, 1500px) - (11.0px * (8 - 1)) ) / 8 );

  display: grid;
  position: relative;
  grid-area: 1/1/-1/-1;
  grid-template-rows: repeat(16,minmax(24px, auto));
  grid-template-columns:
    minmax(var(--grid-gutter), 1fr)
    repeat(8, minmax(0, var(--cell-max-width)))
    minmax(var(--grid-gutter), 1fr);
  row-gap: 11.0px;
  column-gap: 11.0px;
}

@media (min-width: 768px) {
  .background-width--inset .fe-63048580823d75d5e215243d {
    --inset-padding: calc(var(--sqs-site-gutter) * 2);
  }

  .fe-63048580823d75d5e215243d {
    --grid-gutter: calc(var(--sqs-site-gutter, 4vw) - 11.0px);
    --cell-max-width: calc( ( var(--sqs-site-max-width, 1500px) - (11.0px * (24 - 1)) ) / 24 );
    --inset-padding: 0vw;

    --row-height-scaling-factor: 0.0215;
    --container-width: min(var(--sqs-site-max-width, 1500px), calc(100vw - var(--sqs-site-gutter, 4vw) * 2 - var(--inset-padding) ));

    grid-template-rows: repeat(10,minmax(calc(var(--container-width) * var(--row-height-scaling-factor)), auto));
    grid-template-columns:
      minmax(var(--grid-gutter), 1fr)
      repeat(24, minmax(0, var(--cell-max-width)))
      minmax(var(--grid-gutter), 1fr);
  }
}


  .fe-block-yui_3_17_2_1_1699278130296_46632 {
    grid-area: 1/2/3/10;
    z-index: 2;

    @media (max-width: 767px) {
      
    }
  }

  .fe-block-yui_3_17_2_1_1699278130296_46632 .sqs-block {
    justify-content: flex-start;
  }

  .fe-block-yui_3_17_2_1_1699278130296_46632 .sqs-block-alignment-wrapper {
    align-items: flex-start;
  }

  @media (min-width: 768px) {
    .fe-block-yui_3_17_2_1_1699278130296_46632 {
      grid-area: 2/15/5/20;
      z-index: 4;

      
    }

    .fe-block-yui_3_17_2_1_1699278130296_46632 .sqs-block {
      justify-content: center;
    }

    .fe-block-yui_3_17_2_1_1699278130296_46632 .sqs-block-alignment-wrapper {
      align-items: center;
    }
  }

  .fe-block-e2053423658cd71e4d47 {
    grid-area: 2/2/4/3;
    z-index: 5;

    @media (max-width: 767px) {
      
    }
  }

  .fe-block-e2053423658cd71e4d47 .sqs-block {
    justify-content: center;
  }

  .fe-block-e2053423658cd71e4d47 .sqs-block-alignment-wrapper {
    align-items: center;
  }

  @media (min-width: 768px) {
    .fe-block-e2053423658cd71e4d47 {
      grid-area: 5/15/7/16;
      z-index: 7;

      
    }

    .fe-block-e2053423658cd71e4d47 .sqs-block {
      justify-content: center;
    }

    .fe-block-e2053423658cd71e4d47 .sqs-block-alignment-wrapper {
      align-items: center;
    }
  }

  .fe-block-e855674051c5efaae4b6 {
    grid-area: 2/3/4/4;
    z-index: 5;

    @media (max-width: 767px) {
      
    }
  }

  .fe-block-e855674051c5efaae4b6 .sqs-block {
    justify-content: center;
  }

  .fe-block-e855674051c5efaae4b6 .sqs-block-alignment-wrapper {
    align-items: center;
  }

  @media (min-width: 768px) {
    .fe-block-e855674051c5efaae4b6 {
      grid-area: 5/16/7/17;
      z-index: 7;

      
    }

    .fe-block-e855674051c5efaae4b6 .sqs-block {
      justify-content: center;
    }

    .fe-block-e855674051c5efaae4b6 .sqs-block-alignment-wrapper {
      align-items: center;
    }
  }

  .fe-block-a38f7665c1d5f3bd533f {
    grid-area: 2/4/4/5;
    z-index: 5;

    @media (max-width: 767px) {
      
    }
  }

  .fe-block-a38f7665c1d5f3bd533f .sqs-block {
    justify-content: center;
  }

  .fe-block-a38f7665c1d5f3bd533f .sqs-block-alignment-wrapper {
    align-items: center;
  }

  @media (min-width: 768px) {
    .fe-block-a38f7665c1d5f3bd533f {
      grid-area: 5/17/7/18;
      z-index: 7;

      
    }

    .fe-block-a38f7665c1d5f3bd533f .sqs-block {
      justify-content: center;
    }

    .fe-block-a38f7665c1d5f3bd533f .sqs-block-alignment-wrapper {
      align-items: center;
    }
  }

  .fe-block-yui_3_17_2_1_1700952231759_20353 {
    grid-area: 2/5/4/6;
    z-index: 4;

    @media (max-width: 767px) {
      
    }
  }

  .fe-block-yui_3_17_2_1_1700952231759_20353 .sqs-block {
    justify-content: center;
  }

  .fe-block-yui_3_17_2_1_1700952231759_20353 .sqs-block-alignment-wrapper {
    align-items: center;
  }

  @media (min-width: 768px) {
    .fe-block-yui_3_17_2_1_1700952231759_20353 {
      grid-area: 5/18/7/19;
      z-index: 6;

      
    }

    .fe-block-yui_3_17_2_1_1700952231759_20353 .sqs-block {
      justify-content: center;
    }

    .fe-block-yui_3_17_2_1_1700952231759_20353 .sqs-block-alignment-wrapper {
      align-items: center;
    }
  }

  .fe-block-9ddb401a7d5217264b6a {
    grid-area: 2/6/4/7;
    z-index: 5;

    @media (max-width: 767px) {
      
    }
  }

  .fe-block-9ddb401a7d5217264b6a .sqs-block {
    justify-content: center;
  }

  .fe-block-9ddb401a7d5217264b6a .sqs-block-alignment-wrapper {
    align-items: center;
  }

  @media (min-width: 768px) {
    .fe-block-9ddb401a7d5217264b6a {
      grid-area: 5/19/7/20;
      z-index: 7;

      
    }

    .fe-block-9ddb401a7d5217264b6a .sqs-block {
      justify-content: center;
    }

    .fe-block-9ddb401a7d5217264b6a .sqs-block-alignment-wrapper {
      align-items: center;
    }
  }

  .fe-block-63048580b7164bcd0806ca86 {
    grid-area: 5/2/16/10;
    z-index: 0;

    @media (max-width: 767px) {
      
    }
  }

  .fe-block-63048580b7164bcd0806ca86 .sqs-block {
    justify-content: flex-start;
  }

  .fe-block-63048580b7164bcd0806ca86 .sqs-block-alignment-wrapper {
    align-items: flex-start;
  }

  @media (min-width: 768px) {
    .fe-block-63048580b7164bcd0806ca86 {
      grid-area: 2/4/11/14;
      z-index: 1;

      
    }

    .fe-block-63048580b7164bcd0806ca86 .sqs-block {
      justify-content: flex-start;
    }

    .fe-block-63048580b7164bcd0806ca86 .sqs-block-alignment-wrapper {
      align-items: flex-start;
    }
  }

</style><div class="fluid-engine fe-63048580823d75d5e215243d"><div class="fe-block fe-block-yui_3_17_2_1_1699278130296_46632"><div class="sqs-block html-block sqs-block-html" data-blend-mode="NORMAL" data-block-type="2" data-border-radii="&#123;&quot;topLeft&quot;:&#123;&quot;unit&quot;:&quot;px&quot;,&quot;value&quot;:0.0&#125;,&quot;topRight&quot;:&#123;&quot;unit&quot;:&quot;px&quot;,&quot;value&quot;:0.0&#125;,&quot;bottomLeft&quot;:&#123;&quot;unit&quot;:&quot;px&quot;,&quot;value&quot;:0.0&#125;,&quot;bottomRight&quot;:&#123;&quot;unit&quot;:&quot;px&quot;,&quot;value&quot;:0.0&#125;&#125;" id="block-yui_3_17_2_1_1699278130296_46632"><div class="sqs-block-content">

<div class="sqs-html-content">
  <h3 style="white-space:pre-wrap;">Join the community</h3>
</div>




















  
  



</div></div></div><div class="fe-block fe-block-e2053423658cd71e4d47"><div class="sqs-block image-block sqs-block-image sqs-stretched" data-block-type="5" id="block-e2053423658cd71e4d47"><div class="sqs-block-content">










































  

    
  
    <div
      class="
        image-block-outer-wrapper
        layout-caption-below
        design-layout-fluid
        image-position-center
        combination-animation-site-default
        individual-animation-site-default
      "
      data-test="image-block-fluid-outer-wrapper"
    >
      <div
        class="fluid-image-animation-wrapper sqs-image sqs-block-alignment-wrapper"
        data-animation-role="image"
        
  

      >
        <div
          class="fluid-image-container sqs-image-content"
          
          style="overflow: hidden;-webkit-mask-image: -webkit-radial-gradient(white, black);position: relative;width: 100%;height: 100%;"
        >
          

          
          

          
            <a
              class="sqs-block-image-link content-fit"
              href="https://github.com/walt-id"
              target="_blank"
            >
              
            
            
            
            
            
            
            <img data-stretch="false" data-src="https://images.squarespace-cdn.com/content/v1/609c0ddf94bcc0278a7cbdb4/8eb14a0e-670b-4402-bd6b-1f593fde7e39/pngfind.com-github-logo-png-1766942.png" data-image="https://images.squarespace-cdn.com/content/v1/609c0ddf94bcc0278a7cbdb4/8eb14a0e-670b-4402-bd6b-1f593fde7e39/pngfind.com-github-logo-png-1766942.png" data-image-dimensions="568x550" data-image-focal-point="0.5,0.5" alt="" data-load="false" elementtiming="system-image-block" src="https://images.squarespace-cdn.com/content/v1/609c0ddf94bcc0278a7cbdb4/8eb14a0e-670b-4402-bd6b-1f593fde7e39/pngfind.com-github-logo-png-1766942.png" width="568" height="550" alt="" sizes="(max-width: 640px) 100vw, (max-width: 767px) 12.5vw, 4.166666666666666vw" style="display:block;object-fit: contain; object-position: 50% 50%" srcset="https://images.squarespace-cdn.com/content/v1/609c0ddf94bcc0278a7cbdb4/8eb14a0e-670b-4402-bd6b-1f593fde7e39/pngfind.com-github-logo-png-1766942.png?format=100w 100w, https://images.squarespace-cdn.com/content/v1/609c0ddf94bcc0278a7cbdb4/8eb14a0e-670b-4402-bd6b-1f593fde7e39/pngfind.com-github-logo-png-1766942.png?format=300w 300w, https://images.squarespace-cdn.com/content/v1/609c0ddf94bcc0278a7cbdb4/8eb14a0e-670b-4402-bd6b-1f593fde7e39/pngfind.com-github-logo-png-1766942.png?format=500w 500w, https://images.squarespace-cdn.com/content/v1/609c0ddf94bcc0278a7cbdb4/8eb14a0e-670b-4402-bd6b-1f593fde7e39/pngfind.com-github-logo-png-1766942.png?format=750w 750w, https://images.squarespace-cdn.com/content/v1/609c0ddf94bcc0278a7cbdb4/8eb14a0e-670b-4402-bd6b-1f593fde7e39/pngfind.com-github-logo-png-1766942.png?format=1000w 1000w, https://images.squarespace-cdn.com/content/v1/609c0ddf94bcc0278a7cbdb4/8eb14a0e-670b-4402-bd6b-1f593fde7e39/pngfind.com-github-logo-png-1766942.png?format=1500w 1500w, https://images.squarespace-cdn.com/content/v1/609c0ddf94bcc0278a7cbdb4/8eb14a0e-670b-4402-bd6b-1f593fde7e39/pngfind.com-github-logo-png-1766942.png?format=2500w 2500w" loading="lazy" decoding="async" data-loader="sqs">

            
              
            
            <div class="fluidImageOverlay"></div>
          
            </a>
          

        </div>
      </div>
    </div>
    <style>
      .sqs-block-image .sqs-block-content {
        height: 100%;
        width: 100%;
      }

      
        .fe-block-e2053423658cd71e4d47 .fluidImageOverlay {
          position: absolute;
          top: 0;
          left: 0;
          width: 100%;
          height: 100%;
          mix-blend-mode: normal;
          
            
            
          
          
            opacity: 0;
          
        }
      
    </style>
  


  


</div></div></div><div class="fe-block fe-block-e855674051c5efaae4b6"><div class="sqs-block image-block sqs-block-image sqs-stretched" data-block-type="5" id="block-e855674051c5efaae4b6"><div class="sqs-block-content">










































  

    
  
    <div
      class="
        image-block-outer-wrapper
        layout-caption-below
        design-layout-fluid
        image-position-center
        combination-animation-site-default
        individual-animation-site-default
      "
      data-test="image-block-fluid-outer-wrapper"
    >
      <div
        class="fluid-image-animation-wrapper sqs-image sqs-block-alignment-wrapper"
        data-animation-role="image"
        
  

      >
        <div
          class="fluid-image-container sqs-image-content"
          
          style="overflow: hidden;-webkit-mask-image: -webkit-radial-gradient(white, black);position: relative;width: 100%;height: 100%;"
        >
          

          
          

          
            <a
              class="sqs-block-image-link content-fit"
              href="https://walt.id/discord"
              target="_blank"
            >
              
            
            
            
            
            
            
            <img data-stretch="false" data-src="https://images.squarespace-cdn.com/content/v1/609c0ddf94bcc0278a7cbdb4/8b142f78-3566-4c72-a58a-cf89307f37e2/pngfind.com-discord-icon-png-283551.png" data-image="https://images.squarespace-cdn.com/content/v1/609c0ddf94bcc0278a7cbdb4/8b142f78-3566-4c72-a58a-cf89307f37e2/pngfind.com-discord-icon-png-283551.png" data-image-dimensions="1468x1068" data-image-focal-point="0.5,0.5" alt="" data-load="false" elementtiming="system-image-block" src="https://images.squarespace-cdn.com/content/v1/609c0ddf94bcc0278a7cbdb4/8b142f78-3566-4c72-a58a-cf89307f37e2/pngfind.com-discord-icon-png-283551.png" width="1468" height="1068" alt="" sizes="(max-width: 640px) 100vw, (max-width: 767px) 12.5vw, 4.166666666666666vw" style="display:block;object-fit: contain; object-position: 50% 50%" srcset="https://images.squarespace-cdn.com/content/v1/609c0ddf94bcc0278a7cbdb4/8b142f78-3566-4c72-a58a-cf89307f37e2/pngfind.com-discord-icon-png-283551.png?format=100w 100w, https://images.squarespace-cdn.com/content/v1/609c0ddf94bcc0278a7cbdb4/8b142f78-3566-4c72-a58a-cf89307f37e2/pngfind.com-discord-icon-png-283551.png?format=300w 300w, https://images.squarespace-cdn.com/content/v1/609c0ddf94bcc0278a7cbdb4/8b142f78-3566-4c72-a58a-cf89307f37e2/pngfind.com-discord-icon-png-283551.png?format=500w 500w, https://images.squarespace-cdn.com/content/v1/609c0ddf94bcc0278a7cbdb4/8b142f78-3566-4c72-a58a-cf89307f37e2/pngfind.com-discord-icon-png-283551.png?format=750w 750w, https://images.squarespace-cdn.com/content/v1/609c0ddf94bcc0278a7cbdb4/8b142f78-3566-4c72-a58a-cf89307f37e2/pngfind.com-discord-icon-png-283551.png?format=1000w 1000w, https://images.squarespace-cdn.com/content/v1/609c0ddf94bcc0278a7cbdb4/8b142f78-3566-4c72-a58a-cf89307f37e2/pngfind.com-discord-icon-png-283551.png?format=1500w 1500w, https://images.squarespace-cdn.com/content/v1/609c0ddf94bcc0278a7cbdb4/8b142f78-3566-4c72-a58a-cf89307f37e2/pngfind.com-discord-icon-png-283551.png?format=2500w 2500w" loading="lazy" decoding="async" data-loader="sqs">

            
              
            
            <div class="fluidImageOverlay"></div>
          
            </a>
          

        </div>
      </div>
    </div>
    <style>
      .sqs-block-image .sqs-block-content {
        height: 100%;
        width: 100%;
      }

      
        .fe-block-e855674051c5efaae4b6 .fluidImageOverlay {
          position: absolute;
          top: 0;
          left: 0;
          width: 100%;
          height: 100%;
          mix-blend-mode: normal;
          
            
            
          
          
            opacity: 0;
          
        }
      
    </style>
  


  


</div></div></div><div class="fe-block fe-block-a38f7665c1d5f3bd533f"><div class="sqs-block image-block sqs-block-image sqs-stretched" data-block-type="5" id="block-a38f7665c1d5f3bd533f"><div class="sqs-block-content">










































  

    
  
    <div
      class="
        image-block-outer-wrapper
        layout-caption-below
        design-layout-fluid
        image-position-center
        combination-animation-site-default
        individual-animation-site-default
      "
      data-test="image-block-fluid-outer-wrapper"
    >
      <div
        class="fluid-image-animation-wrapper sqs-image sqs-block-alignment-wrapper"
        data-animation-role="image"
        
  

      >
        <div
          class="fluid-image-container sqs-image-content"
          
          style="overflow: hidden;-webkit-mask-image: -webkit-radial-gradient(white, black);position: relative;width: 100%;height: 100%;"
        >
          

          
          

          
            <a
              class="sqs-block-image-link content-fit"
              href="https://www.youtube.com/@walt_id"
              target="_blank"
            >
              
            
            
            
            
            
            
            <img data-stretch="false" data-src="https://images.squarespace-cdn.com/content/v1/609c0ddf94bcc0278a7cbdb4/58e64d25-ddee-4e73-bbc5-5a863e4bb06d/pngfind.com-joey-graceffa-png-6745261.png" data-image="https://images.squarespace-cdn.com/content/v1/609c0ddf94bcc0278a7cbdb4/58e64d25-ddee-4e73-bbc5-5a863e4bb06d/pngfind.com-joey-graceffa-png-6745261.png" data-image-dimensions="1021x720" data-image-focal-point="0.5,0.5" alt="" data-load="false" elementtiming="system-image-block" src="https://images.squarespace-cdn.com/content/v1/609c0ddf94bcc0278a7cbdb4/58e64d25-ddee-4e73-bbc5-5a863e4bb06d/pngfind.com-joey-graceffa-png-6745261.png" width="1021" height="720" alt="" sizes="(max-width: 640px) 100vw, (max-width: 767px) 12.5vw, 4.166666666666666vw" style="display:block;object-fit: contain; object-position: 50% 50%" srcset="https://images.squarespace-cdn.com/content/v1/609c0ddf94bcc0278a7cbdb4/58e64d25-ddee-4e73-bbc5-5a863e4bb06d/pngfind.com-joey-graceffa-png-6745261.png?format=100w 100w, https://images.squarespace-cdn.com/content/v1/609c0ddf94bcc0278a7cbdb4/58e64d25-ddee-4e73-bbc5-5a863e4bb06d/pngfind.com-joey-graceffa-png-6745261.png?format=300w 300w, https://images.squarespace-cdn.com/content/v1/609c0ddf94bcc0278a7cbdb4/58e64d25-ddee-4e73-bbc5-5a863e4bb06d/pngfind.com-joey-graceffa-png-6745261.png?format=500w 500w, https://images.squarespace-cdn.com/content/v1/609c0ddf94bcc0278a7cbdb4/58e64d25-ddee-4e73-bbc5-5a863e4bb06d/pngfind.com-joey-graceffa-png-6745261.png?format=750w 750w, https://images.squarespace-cdn.com/content/v1/609c0ddf94bcc0278a7cbdb4/58e64d25-ddee-4e73-bbc5-5a863e4bb06d/pngfind.com-joey-graceffa-png-6745261.png?format=1000w 1000w, https://images.squarespace-cdn.com/content/v1/609c0ddf94bcc0278a7cbdb4/58e64d25-ddee-4e73-bbc5-5a863e4bb06d/pngfind.com-joey-graceffa-png-6745261.png?format=1500w 1500w, https://images.squarespace-cdn.com/content/v1/609c0ddf94bcc0278a7cbdb4/58e64d25-ddee-4e73-bbc5-5a863e4bb06d/pngfind.com-joey-graceffa-png-6745261.png?format=2500w 2500w" loading="lazy" decoding="async" data-loader="sqs">

            
              
            
            <div class="fluidImageOverlay"></div>
          
            </a>
          

        </div>
      </div>
    </div>
    <style>
      .sqs-block-image .sqs-block-content {
        height: 100%;
        width: 100%;
      }

      
        .fe-block-a38f7665c1d5f3bd533f .fluidImageOverlay {
          position: absolute;
          top: 0;
          left: 0;
          width: 100%;
          height: 100%;
          mix-blend-mode: normal;
          
            
            
          
          
            opacity: 0;
          
        }
      
    </style>
  


  


</div></div></div><div class="fe-block fe-block-yui_3_17_2_1_1700952231759_20353"><div class="sqs-block image-block sqs-block-image sqs-stretched" data-block-type="5" id="block-yui_3_17_2_1_1700952231759_20353"><div class="sqs-block-content">










































  

    
  
    <div
      class="
        image-block-outer-wrapper
        layout-caption-below
        design-layout-fluid
        image-position-center
        combination-animation-site-default
        individual-animation-site-default
      "
      data-test="image-block-fluid-outer-wrapper"
    >
      <div
        class="fluid-image-animation-wrapper sqs-image sqs-block-alignment-wrapper"
        data-animation-role="image"
        
  

      >
        <div
          class="fluid-image-container sqs-image-content"
          
          style="overflow: hidden;-webkit-mask-image: -webkit-radial-gradient(white, black);position: relative;width: 100%;height: 100%;"
        >
          

          
          

          
            <a
              class="sqs-block-image-link content-fit"
              href="https://www.linkedin.com/company/walt-id"
              target="_blank"
            >
              
            
            
            
            
            
            
            <img data-stretch="false" data-src="https://images.squarespace-cdn.com/content/v1/609c0ddf94bcc0278a7cbdb4/fc25562d-550b-458c-a081-a87174e5cf71/Linkedin+white.png" data-image="https://images.squarespace-cdn.com/content/v1/609c0ddf94bcc0278a7cbdb4/fc25562d-550b-458c-a081-a87174e5cf71/Linkedin+white.png" data-image-dimensions="512x512" data-image-focal-point="0.5,0.5" alt="" data-load="false" elementtiming="system-image-block" src="https://images.squarespace-cdn.com/content/v1/609c0ddf94bcc0278a7cbdb4/fc25562d-550b-458c-a081-a87174e5cf71/Linkedin+white.png" width="512" height="512" alt="" sizes="(max-width: 640px) 100vw, (max-width: 767px) 12.5vw, 4.166666666666666vw" style="display:block;object-fit: contain; object-position: 50% 50%" srcset="https://images.squarespace-cdn.com/content/v1/609c0ddf94bcc0278a7cbdb4/fc25562d-550b-458c-a081-a87174e5cf71/Linkedin+white.png?format=100w 100w, https://images.squarespace-cdn.com/content/v1/609c0ddf94bcc0278a7cbdb4/fc25562d-550b-458c-a081-a87174e5cf71/Linkedin+white.png?format=300w 300w, https://images.squarespace-cdn.com/content/v1/609c0ddf94bcc0278a7cbdb4/fc25562d-550b-458c-a081-a87174e5cf71/Linkedin+white.png?format=500w 500w, https://images.squarespace-cdn.com/content/v1/609c0ddf94bcc0278a7cbdb4/fc25562d-550b-458c-a081-a87174e5cf71/Linkedin+white.png?format=750w 750w, https://images.squarespace-cdn.com/content/v1/609c0ddf94bcc0278a7cbdb4/fc25562d-550b-458c-a081-a87174e5cf71/Linkedin+white.png?format=1000w 1000w, https://images.squarespace-cdn.com/content/v1/609c0ddf94bcc0278a7cbdb4/fc25562d-550b-458c-a081-a87174e5cf71/Linkedin+white.png?format=1500w 1500w, https://images.squarespace-cdn.com/content/v1/609c0ddf94bcc0278a7cbdb4/fc25562d-550b-458c-a081-a87174e5cf71/Linkedin+white.png?format=2500w 2500w" loading="lazy" decoding="async" data-loader="sqs">

            
              
            
            <div class="fluidImageOverlay"></div>
          
            </a>
          

        </div>
      </div>
    </div>
    <style>
      .sqs-block-image .sqs-block-content {
        height: 100%;
        width: 100%;
      }

      
        .fe-block-yui_3_17_2_1_1700952231759_20353 .fluidImageOverlay {
          position: absolute;
          top: 0;
          left: 0;
          width: 100%;
          height: 100%;
          mix-blend-mode: normal;
          
            
            
          
          
            opacity: 0;
          
        }
      
    </style>
  


  


</div></div></div><div class="fe-block fe-block-9ddb401a7d5217264b6a"><div class="sqs-block image-block sqs-block-image sqs-stretched" data-block-type="5" id="block-9ddb401a7d5217264b6a"><div class="sqs-block-content">










































  

    
  
    <div
      class="
        image-block-outer-wrapper
        layout-caption-below
        design-layout-fluid
        image-position-center
        combination-animation-site-default
        individual-animation-site-default
      "
      data-test="image-block-fluid-outer-wrapper"
    >
      <div
        class="fluid-image-animation-wrapper sqs-image sqs-block-alignment-wrapper"
        data-animation-role="image"
        
  

      >
        <div
          class="fluid-image-container sqs-image-content"
          
          style="overflow: hidden;-webkit-mask-image: -webkit-radial-gradient(white, black);position: relative;width: 100%;height: 100%;"
        >
          

          
          

          
            <a
              class="sqs-block-image-link content-fit"
              href="https://twitter.com/walt_id"
              target="_blank"
            >
              
            
            
            
            
            
            
            <img data-stretch="false" data-src="https://images.squarespace-cdn.com/content/v1/609c0ddf94bcc0278a7cbdb4/8f3bb072-cfa9-45ef-9f5a-7ed8c58e6756/pngfind.com-twitter-png-logo-529833.png" data-image="https://images.squarespace-cdn.com/content/v1/609c0ddf94bcc0278a7cbdb4/8f3bb072-cfa9-45ef-9f5a-7ed8c58e6756/pngfind.com-twitter-png-logo-529833.png" data-image-dimensions="869x869" data-image-focal-point="0.5,0.5" alt="" data-load="false" elementtiming="system-image-block" src="https://images.squarespace-cdn.com/content/v1/609c0ddf94bcc0278a7cbdb4/8f3bb072-cfa9-45ef-9f5a-7ed8c58e6756/pngfind.com-twitter-png-logo-529833.png" width="869" height="869" alt="" sizes="(max-width: 640px) 100vw, (max-width: 767px) 12.5vw, 4.166666666666666vw" style="display:block;object-fit: contain; object-position: 50% 50%" srcset="https://images.squarespace-cdn.com/content/v1/609c0ddf94bcc0278a7cbdb4/8f3bb072-cfa9-45ef-9f5a-7ed8c58e6756/pngfind.com-twitter-png-logo-529833.png?format=100w 100w, https://images.squarespace-cdn.com/content/v1/609c0ddf94bcc0278a7cbdb4/8f3bb072-cfa9-45ef-9f5a-7ed8c58e6756/pngfind.com-twitter-png-logo-529833.png?format=300w 300w, https://images.squarespace-cdn.com/content/v1/609c0ddf94bcc0278a7cbdb4/8f3bb072-cfa9-45ef-9f5a-7ed8c58e6756/pngfind.com-twitter-png-logo-529833.png?format=500w 500w, https://images.squarespace-cdn.com/content/v1/609c0ddf94bcc0278a7cbdb4/8f3bb072-cfa9-45ef-9f5a-7ed8c58e6756/pngfind.com-twitter-png-logo-529833.png?format=750w 750w, https://images.squarespace-cdn.com/content/v1/609c0ddf94bcc0278a7cbdb4/8f3bb072-cfa9-45ef-9f5a-7ed8c58e6756/pngfind.com-twitter-png-logo-529833.png?format=1000w 1000w, https://images.squarespace-cdn.com/content/v1/609c0ddf94bcc0278a7cbdb4/8f3bb072-cfa9-45ef-9f5a-7ed8c58e6756/pngfind.com-twitter-png-logo-529833.png?format=1500w 1500w, https://images.squarespace-cdn.com/content/v1/609c0ddf94bcc0278a7cbdb4/8f3bb072-cfa9-45ef-9f5a-7ed8c58e6756/pngfind.com-twitter-png-logo-529833.png?format=2500w 2500w" loading="lazy" decoding="async" data-loader="sqs">

            
              
            
            <div class="fluidImageOverlay"></div>
          
            </a>
          

        </div>
      </div>
    </div>
    <style>
      .sqs-block-image .sqs-block-content {
        height: 100%;
        width: 100%;
      }

      
        .fe-block-9ddb401a7d5217264b6a .fluidImageOverlay {
          position: absolute;
          top: 0;
          left: 0;
          width: 100%;
          height: 100%;
          mix-blend-mode: normal;
          
            
            
          
          
            opacity: 0;
          
        }
      
    </style>
  


  


</div></div></div><div class="fe-block fe-block-63048580b7164bcd0806ca86"><div class="sqs-block newsletter-block sqs-block-newsletter sqs-background-enabled" data-blend-mode="NORMAL" data-block-type="51" data-border-radii="&#123;&quot;topLeft&quot;:&#123;&quot;unit&quot;:&quot;px&quot;,&quot;value&quot;:25.0&#125;,&quot;topRight&quot;:&#123;&quot;unit&quot;:&quot;px&quot;,&quot;value&quot;:25.0&#125;,&quot;bottomLeft&quot;:&#123;&quot;unit&quot;:&quot;px&quot;,&quot;value&quot;:25.0&#125;,&quot;bottomRight&quot;:&#123;&quot;unit&quot;:&quot;px&quot;,&quot;value&quot;:25.0&#125;&#125;" id="block-63048580b7164bcd0806ca86"><div class="sqs-block-content">




















  
  
    <style>
      #block-63048580b7164bcd0806ca86 {
        box-sizing: border-box;
        height: 100%;
        padding: 6% 6% 6% 6%;
        border-radius: 25px 25px 25px 25px;

        

        
          
            
            
          
        
      }
    </style>
  




<div class="newsletter-form-wrapper
  
  newsletter-form-wrapper--layoutFloat
  newsletter-form-wrapper--alignLeft
  
  "
  >
  <form
     class="newsletter-form"
     data-form-id="60ed4e30f2de0a6ebf31b00d"
     data-success-redirect="/newsletter-succes"
     autocomplete="on"
     method="POST"
     novalidate
     onsubmit="return (function (form) {
    Y.use('squarespace-form-submit', 'node', function usingFormSubmit(Y) {
      (new Y.Squarespace.FormSubmit(form)).submit({
        formId: '60ed4e30f2de0a6ebf31b00d',
        collectionId: '',
        objectName: '63048580b7164bcd0806ca86'
      });
    });
    return false;
  })(this);">
    <header class="newsletter-form-header">
      <h2 class="newsletter-form-header-title">Newsletter</h2>
      <div class="newsletter-form-header-description"><p class="" style="white-space:pre-wrap;">Join thousands of builders and get the latest updates.</p></div>
    </header>
    <div class="newsletter-form-body">
      <div class="newsletter-form-fields-wrapper form-fields" style="vertical-align: middle;">
        
        
          
            <div id="email-yui_3_17_2_1_1626164636374_17531" class="newsletter-form-field-wrapper form-item field email required" style="vertical-align: bottom;">
              <label class="newsletter-form-field-label title" for="email-yui_3_17_2_1_1626164636374_17531-field">Email Address</label>
              <input id="email-yui_3_17_2_1_1626164636374_17531-field" class="newsletter-form-field-element field-element" name="email" x-autocompletetype="email" autocomplete="email" type="email" spellcheck="false" placeholder="Email Address" />
            </div>
          
        
          
        
      </div>
      <div data-animation-role="button" class="newsletter-form-button-wrapper submit-wrapper" style="vertical-align: middle;">
        <button
          class="
            newsletter-form-button
            sqs-system-button
            sqs-editable-button-layout
            sqs-editable-button-style
            sqs-editable-button-shape
            sqs-button-element--primary
          "
          type="submit"
          value="Subscribe"
        >
          <span class="newsletter-form-spinner sqs-spin light large"></span>
          <span class="newsletter-form-button-label">Subscribe</span>
          <span class="newsletter-form-button-icon"></span>
        </button>
      </div>
      
        
        <div class="captcha-container sqs-form-rendered
          
          align-center
          
          "
          data-theme="light"
        ></div>
        
      
    </div>
    <div class="newsletter-form-footnote"></div>
    <div class="hidden form-submission-text"><p class="" style="white-space:pre-wrap;">Thank you!</p><p class="" style="white-space:pre-wrap;">Please check your mailbox &amp; confirm your interest in the e-mail we sent you. </p></div>
    <div class="hidden form-submission-html" data-submission-html=""></div>
  </form>
</div>
</div></div></div></div></div>
    </div>
  
  </div>
  
</section>

  
    
    


  


<section
  data-test="page-section"
  
  data-section-theme="black"
  class='page-section 
    
      full-bleed-section
      layout-engine-section
    
    background-width--full-bleed
    
      
        section-height--custom
      
    
    
      content-width--wide
    
    horizontal-alignment--center
    vertical-alignment--middle
    
      
    
    
    black'
  
  data-section-id="6304a251dcd63a67b7934eea"
  
  data-controller="SectionWrapperController"
  data-current-styles="{
&quot;imageOverlayOpacity&quot;: 0.15,
&quot;backgroundWidth&quot;: &quot;background-width--full-bleed&quot;,
&quot;sectionHeight&quot;: &quot;section-height--custom&quot;,
&quot;customSectionHeight&quot;: 0,
&quot;horizontalAlignment&quot;: &quot;horizontal-alignment--center&quot;,
&quot;verticalAlignment&quot;: &quot;vertical-alignment--middle&quot;,
&quot;contentWidth&quot;: &quot;content-width--wide&quot;,
&quot;customContentWidth&quot;: 50,
&quot;sectionTheme&quot;: &quot;black&quot;,
&quot;sectionAnimation&quot;: &quot;none&quot;,
&quot;backgroundMode&quot;: &quot;image&quot;
}"
  data-current-context="{
&quot;video&quot;: {
&quot;playbackSpeed&quot;: 0.5,
&quot;filter&quot;: 1,
&quot;filterStrength&quot;: 0,
&quot;zoom&quot;: 0,
&quot;videoSourceProvider&quot;: &quot;none&quot;
},
&quot;backgroundImageId&quot;: null,
&quot;backgroundMediaEffect&quot;: {
&quot;type&quot;: &quot;none&quot;
},
&quot;divider&quot;: {
&quot;enabled&quot;: false
},
&quot;typeName&quot;: null
}"
  data-animation="none"
  data-fluid-engine-section
   
  
  
>
  <div
    class="section-border"
    
  >
    <div class="section-background">
    
      
    
    </div>
  </div>
  <div
    class='content-wrapper'
    style='
      
        
          
          
          padding-top: calc(0vmax / 10); padding-bottom: calc(0vmax / 10);
        
      
    '
  >
    <div
      class="content"
      
    >
      
      
      
      
      
      
      
      
      <div data-fluid-engine="true"><style>

.fe-6304a251dcd63a67b7934ee9 {
  --grid-gutter: calc(var(--sqs-mobile-site-gutter, 6vw) - 11.0px);
  --cell-max-width: calc( ( var(--sqs-site-max-width, 1500px) - (11.0px * (8 - 1)) ) / 8 );

  display: grid;
  position: relative;
  grid-area: 1/1/-1/-1;
  grid-template-rows: repeat(18,minmax(24px, auto));
  grid-template-columns:
    minmax(var(--grid-gutter), 1fr)
    repeat(8, minmax(0, var(--cell-max-width)))
    minmax(var(--grid-gutter), 1fr);
  row-gap: 11.0px;
  column-gap: 11.0px;
}

@media (min-width: 768px) {
  .background-width--inset .fe-6304a251dcd63a67b7934ee9 {
    --inset-padding: calc(var(--sqs-site-gutter) * 2);
  }

  .fe-6304a251dcd63a67b7934ee9 {
    --grid-gutter: calc(var(--sqs-site-gutter, 4vw) - 11.0px);
    --cell-max-width: calc( ( var(--sqs-site-max-width, 1500px) - (11.0px * (24 - 1)) ) / 24 );
    --inset-padding: 0vw;

    --row-height-scaling-factor: 0.0215;
    --container-width: min(var(--sqs-site-max-width, 1500px), calc(100vw - var(--sqs-site-gutter, 4vw) * 2 - var(--inset-padding) ));

    grid-template-rows: repeat(7,minmax(calc(var(--container-width) * var(--row-height-scaling-factor)), auto));
    grid-template-columns:
      minmax(var(--grid-gutter), 1fr)
      repeat(24, minmax(0, var(--cell-max-width)))
      minmax(var(--grid-gutter), 1fr);
  }
}


  .fe-block-6f599243df5f0a638257 {
    grid-area: 2/2/5/6;
    z-index: 2;

    @media (max-width: 767px) {
      
    }
  }

  .fe-block-6f599243df5f0a638257 .sqs-block {
    justify-content: flex-start;
  }

  .fe-block-6f599243df5f0a638257 .sqs-block-alignment-wrapper {
    align-items: flex-start;
  }

  @media (min-width: 768px) {
    .fe-block-6f599243df5f0a638257 {
      grid-area: 1/4/6/7;
      z-index: 2;

      
    }

    .fe-block-6f599243df5f0a638257 .sqs-block {
      justify-content: flex-start;
    }

    .fe-block-6f599243df5f0a638257 .sqs-block-alignment-wrapper {
      align-items: flex-start;
    }
  }

  .fe-block-cfc0659c5dcf91fdccd4 {
    grid-area: 2/6/5/10;
    z-index: 5;

    @media (max-width: 767px) {
      
    }
  }

  .fe-block-cfc0659c5dcf91fdccd4 .sqs-block {
    justify-content: flex-start;
  }

  .fe-block-cfc0659c5dcf91fdccd4 .sqs-block-alignment-wrapper {
    align-items: flex-start;
  }

  @media (min-width: 768px) {
    .fe-block-cfc0659c5dcf91fdccd4 {
      grid-area: 1/19/4/22;
      z-index: 5;

      
    }

    .fe-block-cfc0659c5dcf91fdccd4 .sqs-block {
      justify-content: flex-start;
    }

    .fe-block-cfc0659c5dcf91fdccd4 .sqs-block-alignment-wrapper {
      align-items: flex-start;
    }
  }

  .fe-block-2b43b408c7f1d69a624b {
    grid-area: 8/6/14/10;
    z-index: 4;

    @media (max-width: 767px) {
      
    }
  }

  .fe-block-2b43b408c7f1d69a624b .sqs-block {
    justify-content: flex-start;
  }

  .fe-block-2b43b408c7f1d69a624b .sqs-block-alignment-wrapper {
    align-items: flex-start;
  }

  @media (min-width: 768px) {
    .fe-block-2b43b408c7f1d69a624b {
      grid-area: 1/16/6/19;
      z-index: 4;

      
    }

    .fe-block-2b43b408c7f1d69a624b .sqs-block {
      justify-content: flex-start;
    }

    .fe-block-2b43b408c7f1d69a624b .sqs-block-alignment-wrapper {
      align-items: flex-start;
    }
  }

  .fe-block-8a4669c7826a06553917 {
    grid-area: 5/2/9/6;
    z-index: 3;

    @media (max-width: 767px) {
      
    }
  }

  .fe-block-8a4669c7826a06553917 .sqs-block {
    justify-content: flex-start;
  }

  .fe-block-8a4669c7826a06553917 .sqs-block-alignment-wrapper {
    align-items: flex-start;
  }

  @media (min-width: 768px) {
    .fe-block-8a4669c7826a06553917 {
      grid-area: 1/7/5/10;
      z-index: 3;

      
    }

    .fe-block-8a4669c7826a06553917 .sqs-block {
      justify-content: flex-start;
    }

    .fe-block-8a4669c7826a06553917 .sqs-block-alignment-wrapper {
      align-items: flex-start;
    }
  }

  .fe-block-ef5bfeb10897607de406 {
    grid-area: 5/6/8/10;
    z-index: 8;

    @media (max-width: 767px) {
      
    }
  }

  .fe-block-ef5bfeb10897607de406 .sqs-block {
    justify-content: flex-start;
  }

  .fe-block-ef5bfeb10897607de406 .sqs-block-alignment-wrapper {
    align-items: flex-start;
  }

  @media (min-width: 768px) {
    .fe-block-ef5bfeb10897607de406 {
      grid-area: 1/10/4/13;
      z-index: 8;

      
    }

    .fe-block-ef5bfeb10897607de406 .sqs-block {
      justify-content: flex-start;
    }

    .fe-block-ef5bfeb10897607de406 .sqs-block-alignment-wrapper {
      align-items: flex-start;
    }
  }

  .fe-block-08048845d824ff44e82f {
    grid-area: 9/2/12/6;
    z-index: 7;

    @media (max-width: 767px) {
      
    }
  }

  .fe-block-08048845d824ff44e82f .sqs-block {
    justify-content: flex-start;
  }

  .fe-block-08048845d824ff44e82f .sqs-block-alignment-wrapper {
    align-items: flex-start;
  }

  @media (min-width: 768px) {
    .fe-block-08048845d824ff44e82f {
      grid-area: 1/13/4/16;
      z-index: 7;

      
    }

    .fe-block-08048845d824ff44e82f .sqs-block {
      justify-content: flex-start;
    }

    .fe-block-08048845d824ff44e82f .sqs-block-alignment-wrapper {
      align-items: flex-start;
    }
  }

  .fe-block-85c9ce4efe8bd9534dcf {
    grid-area: 12/2/17/6;
    z-index: 9;

    @media (max-width: 767px) {
      
    }
  }

  .fe-block-85c9ce4efe8bd9534dcf .sqs-block {
    justify-content: flex-start;
  }

  .fe-block-85c9ce4efe8bd9534dcf .sqs-block-alignment-wrapper {
    align-items: flex-start;
  }

  @media (min-width: 768px) {
    .fe-block-85c9ce4efe8bd9534dcf {
      grid-area: 1/22/5/25;
      z-index: 9;

      
    }

    .fe-block-85c9ce4efe8bd9534dcf .sqs-block {
      justify-content: flex-start;
    }

    .fe-block-85c9ce4efe8bd9534dcf .sqs-block-alignment-wrapper {
      align-items: flex-start;
    }
  }

  .fe-block-89be9ec09361b12407b4 {
    grid-area: 17/2/19/10;
    z-index: 5;

    @media (max-width: 767px) {
      
    }
  }

  .fe-block-89be9ec09361b12407b4 .sqs-block {
    justify-content: center;
  }

  .fe-block-89be9ec09361b12407b4 .sqs-block-alignment-wrapper {
    align-items: center;
  }

  @media (min-width: 768px) {
    .fe-block-89be9ec09361b12407b4 {
      grid-area: 7/2/8/26;
      z-index: 5;

      
    }

    .fe-block-89be9ec09361b12407b4 .sqs-block {
      justify-content: flex-start;
    }

    .fe-block-89be9ec09361b12407b4 .sqs-block-alignment-wrapper {
      align-items: flex-start;
    }
  }

</style><div class="fluid-engine fe-6304a251dcd63a67b7934ee9"><div class="fe-block fe-block-6f599243df5f0a638257"><div class="sqs-block html-block sqs-block-html" data-blend-mode="NORMAL" data-block-type="2" data-border-radii="&#123;&quot;topLeft&quot;:&#123;&quot;unit&quot;:&quot;px&quot;,&quot;value&quot;:0.0&#125;,&quot;topRight&quot;:&#123;&quot;unit&quot;:&quot;px&quot;,&quot;value&quot;:0.0&#125;,&quot;bottomLeft&quot;:&#123;&quot;unit&quot;:&quot;px&quot;,&quot;value&quot;:0.0&#125;,&quot;bottomRight&quot;:&#123;&quot;unit&quot;:&quot;px&quot;,&quot;value&quot;:0.0&#125;&#125;" id="block-6f599243df5f0a638257"><div class="sqs-block-content">

<div class="sqs-html-content">
  <p class="" style="white-space:pre-wrap;"><strong>Products</strong></p><p class="sqsrte-small" style="white-space:pre-wrap;"><a href="/identity-infrastructure">Identity infrastructure</a><br><a href="/wallet-infrastructure">Wallet infrastructure</a></p>
</div>




















  
  



</div></div></div><div class="fe-block fe-block-cfc0659c5dcf91fdccd4"><div class="sqs-block html-block sqs-block-html" data-blend-mode="NORMAL" data-block-type="2" data-border-radii="&#123;&quot;topLeft&quot;:&#123;&quot;unit&quot;:&quot;px&quot;,&quot;value&quot;:0.0&#125;,&quot;topRight&quot;:&#123;&quot;unit&quot;:&quot;px&quot;,&quot;value&quot;:0.0&#125;,&quot;bottomLeft&quot;:&#123;&quot;unit&quot;:&quot;px&quot;,&quot;value&quot;:0.0&#125;,&quot;bottomRight&quot;:&#123;&quot;unit&quot;:&quot;px&quot;,&quot;value&quot;:0.0&#125;&#125;" id="block-cfc0659c5dcf91fdccd4"><div class="sqs-block-content">

<div class="sqs-html-content">
  <p class="" style="white-space:pre-wrap;"><strong>Pricing</strong></p><p class="sqsrte-small" style="white-space:pre-wrap;"><a href="/pricing" target="_blank">Community Stack<br>Enterprise Stack<br>Cloud Platform</a><a href="/blog"><br></a></p>
</div>




















  
  



</div></div></div><div class="fe-block fe-block-2b43b408c7f1d69a624b"><div class="sqs-block html-block sqs-block-html" data-blend-mode="NORMAL" data-block-type="2" data-border-radii="&#123;&quot;topLeft&quot;:&#123;&quot;unit&quot;:&quot;px&quot;,&quot;value&quot;:0.0&#125;,&quot;topRight&quot;:&#123;&quot;unit&quot;:&quot;px&quot;,&quot;value&quot;:0.0&#125;,&quot;bottomLeft&quot;:&#123;&quot;unit&quot;:&quot;px&quot;,&quot;value&quot;:0.0&#125;,&quot;bottomRight&quot;:&#123;&quot;unit&quot;:&quot;px&quot;,&quot;value&quot;:0.0&#125;&#125;" id="block-2b43b408c7f1d69a624b"><div class="sqs-block-content">

<div class="sqs-html-content">
  <p class="" style="white-space:pre-wrap;"> <strong>Resources</strong></p><p class="sqsrte-small" style="white-space:pre-wrap;"><a href="/blog">Blog</a><br><a href="https://walt.id/case-studies">Case Studies</a><br><a href="https://walt.id/white-papers">White Papers</a><br><a href="https://walt.id/playbooks">Playbooks</a><a href="/blog"><br></a></p>
</div>




















  
  



</div></div></div><div class="fe-block fe-block-8a4669c7826a06553917"><div class="sqs-block html-block sqs-block-html" data-blend-mode="NORMAL" data-block-type="2" data-border-radii="&#123;&quot;topLeft&quot;:&#123;&quot;unit&quot;:&quot;px&quot;,&quot;value&quot;:0.0&#125;,&quot;topRight&quot;:&#123;&quot;unit&quot;:&quot;px&quot;,&quot;value&quot;:0.0&#125;,&quot;bottomLeft&quot;:&#123;&quot;unit&quot;:&quot;px&quot;,&quot;value&quot;:0.0&#125;,&quot;bottomRight&quot;:&#123;&quot;unit&quot;:&quot;px&quot;,&quot;value&quot;:0.0&#125;&#125;" id="block-8a4669c7826a06553917"><div class="sqs-block-content">

<div class="sqs-html-content">
  <p class="" style="white-space:pre-wrap;"><strong>Developers</strong></p><p class="sqsrte-small" style="white-space:pre-wrap;"><a href="https://github.com/walt-id" target="_blank">GitHub</a><br><a href="https://docs.walt.id" target="_blank">Documentation</a><br><a href="https://github.com/walt-id/.github/discussions/6" target="_blank">Become a contributor</a></p>
</div>




















  
  



</div></div></div><div class="fe-block fe-block-ef5bfeb10897607de406"><div class="sqs-block html-block sqs-block-html" data-blend-mode="NORMAL" data-block-type="2" data-border-radii="&#123;&quot;topLeft&quot;:&#123;&quot;unit&quot;:&quot;px&quot;,&quot;value&quot;:0.0&#125;,&quot;topRight&quot;:&#123;&quot;unit&quot;:&quot;px&quot;,&quot;value&quot;:0.0&#125;,&quot;bottomLeft&quot;:&#123;&quot;unit&quot;:&quot;px&quot;,&quot;value&quot;:0.0&#125;,&quot;bottomRight&quot;:&#123;&quot;unit&quot;:&quot;px&quot;,&quot;value&quot;:0.0&#125;&#125;" id="block-ef5bfeb10897607de406"><div class="sqs-block-content">

<div class="sqs-html-content">
  <p class="" style="white-space:pre-wrap;"><strong>Community</strong></p><p class="sqsrte-small" style="white-space:pre-wrap;"><a href="/community" target="_blank">Join the Community</a><br><a href="https://walt.id/events" target="_blank">Events</a></p>
</div>




















  
  



</div></div></div><div class="fe-block fe-block-08048845d824ff44e82f"><div class="sqs-block html-block sqs-block-html" data-blend-mode="NORMAL" data-block-type="2" data-border-radii="&#123;&quot;topLeft&quot;:&#123;&quot;unit&quot;:&quot;px&quot;,&quot;value&quot;:0.0&#125;,&quot;topRight&quot;:&#123;&quot;unit&quot;:&quot;px&quot;,&quot;value&quot;:0.0&#125;,&quot;bottomLeft&quot;:&#123;&quot;unit&quot;:&quot;px&quot;,&quot;value&quot;:0.0&#125;,&quot;bottomRight&quot;:&#123;&quot;unit&quot;:&quot;px&quot;,&quot;value&quot;:0.0&#125;&#125;" id="block-08048845d824ff44e82f"><div class="sqs-block-content">

<div class="sqs-html-content">
  <p class="" style="white-space:pre-wrap;"><strong>Partners</strong></p><p class="sqsrte-small" style="white-space:pre-wrap;"><a href="/partners" target="_blank">Partner Hub</a><br><a href="/become-a-partner" target="_blank">Become a partner</a></p>
</div>




















  
  



</div></div></div><div class="fe-block fe-block-85c9ce4efe8bd9534dcf"><div class="sqs-block html-block sqs-block-html" data-blend-mode="NORMAL" data-block-type="2" data-border-radii="&#123;&quot;topLeft&quot;:&#123;&quot;unit&quot;:&quot;px&quot;,&quot;value&quot;:0.0&#125;,&quot;topRight&quot;:&#123;&quot;unit&quot;:&quot;px&quot;,&quot;value&quot;:0.0&#125;,&quot;bottomLeft&quot;:&#123;&quot;unit&quot;:&quot;px&quot;,&quot;value&quot;:0.0&#125;,&quot;bottomRight&quot;:&#123;&quot;unit&quot;:&quot;px&quot;,&quot;value&quot;:0.0&#125;&#125;" id="block-85c9ce4efe8bd9534dcf"><div class="sqs-block-content">

<div class="sqs-html-content">
  <p class="" style="white-space:pre-wrap;"><strong>Company</strong></p><p class="sqsrte-small" style="white-space:pre-wrap;"><a href="/about">About</a><br><a href="/career" target="_blank">Career</a><br><a href="/jobs">Jobs</a><em><br></em><a href="/contact" target="_blank">Contact</a></p>
</div>




















  
  



</div></div></div><div class="fe-block fe-block-89be9ec09361b12407b4"><div class="sqs-block html-block sqs-block-html" data-blend-mode="NORMAL" data-block-type="2" data-border-radii="&#123;&quot;topLeft&quot;:&#123;&quot;unit&quot;:&quot;px&quot;,&quot;value&quot;:0.0&#125;,&quot;topRight&quot;:&#123;&quot;unit&quot;:&quot;px&quot;,&quot;value&quot;:0.0&#125;,&quot;bottomLeft&quot;:&#123;&quot;unit&quot;:&quot;px&quot;,&quot;value&quot;:0.0&#125;,&quot;bottomRight&quot;:&#123;&quot;unit&quot;:&quot;px&quot;,&quot;value&quot;:0.0&#125;&#125;" id="block-89be9ec09361b12407b4"><div class="sqs-block-content">

<div class="sqs-html-content">
  <p style="text-align:center;white-space:pre-wrap;" class="sqsrte-small"><a href="/imprint"><span class="sqsrte-text-color--darkAccent">Imprint</span></a><span class="sqsrte-text-color--darkAccent">   |   </span><a href="/privacy-policy"><span class="sqsrte-text-color--darkAccent">Privacy Policy</span></a></p>
</div>




















  
  



</div></div></div></div></div>
    </div>
  
  </div>
  
</section>

  
</footer>

      
    </div>

    <script defer="defer" src="https://static1.squarespace.com/static/vta/5c5a519771c10ba3470d8101/scripts/site-bundle.11fff701a22dbd232e9127391845b3e2.js" type="text/javascript"></script>
    <svg xmlns="http://www.w3.org/2000/svg" version="1.1" style="display:none" data-usage="social-icons-svg"><symbol id="discord-unauth-icon" viewBox="0 0 64 64"><path d="M42.3963 22.8955C40.4842 22.0182 38.4337 21.3718 36.2899 21.0016C36.2508 20.9944 36.2118 21.0123 36.1917 21.048C35.928 21.517 35.6359 22.1289 35.4314 22.6098C33.1255 22.2646 30.8315 22.2646 28.5729 22.6098C28.3683 22.1182 28.0656 21.517 27.8007 21.048C27.7806 21.0135 27.7416 20.9956 27.7026 21.0016C25.5599 21.3706 23.5095 22.017 21.5962 22.8955C21.5796 22.9027 21.5654 22.9146 21.556 22.93C17.6667 28.7405 16.6013 34.4081 17.124 40.0055C17.1263 40.0329 17.1417 40.0591 17.163 40.0757C19.729 41.9601 22.2146 43.1041 24.6541 43.8624C24.6931 43.8743 24.7345 43.8601 24.7594 43.8279C25.3364 43.0399 25.8508 42.209 26.2918 41.3352C26.3179 41.284 26.293 41.2233 26.2398 41.203C25.4239 40.8935 24.647 40.5162 23.8997 40.0876C23.8405 40.0531 23.8358 39.9686 23.8902 39.9281C24.0475 39.8102 24.2048 39.6876 24.3549 39.5638C24.3821 39.5412 24.42 39.5364 24.4519 39.5507C29.3616 41.7923 34.6769 41.7923 39.5287 39.5507C39.5606 39.5352 39.5985 39.54 39.6268 39.5626C39.7771 39.6864 39.9343 39.8102 40.0928 39.9281C40.1472 39.9686 40.1436 40.0531 40.0845 40.0876C39.3372 40.5245 38.5602 40.8935 37.7431 41.2019C37.6899 41.2221 37.6663 41.284 37.6923 41.3352C38.1428 42.2077 38.6572 43.0387 39.2236 43.8267C39.2473 43.8601 39.2898 43.8743 39.3289 43.8624C41.7802 43.1041 44.2658 41.9601 46.8318 40.0757C46.8543 40.0591 46.8685 40.0341 46.8708 40.0067C47.4964 33.5355 45.8231 27.9143 42.4353 22.9312C42.427 22.9146 42.4128 22.9027 42.3963 22.8955ZM27.025 36.5973C25.5469 36.5973 24.3289 35.2402 24.3289 33.5736C24.3289 31.907 25.5233 30.55 27.025 30.55C28.5386 30.55 29.7448 31.9189 29.7211 33.5736C29.7211 35.2402 28.5268 36.5973 27.025 36.5973ZM36.9934 36.5973C35.5153 36.5973 34.2974 35.2402 34.2974 33.5736C34.2974 31.907 35.4917 30.55 36.9934 30.55C38.507 30.55 39.7132 31.9189 39.6895 33.5736C39.6895 35.2402 38.507 36.5973 36.9934 36.5973Z" /></symbol><symbol id="discord-unauth-mask" viewBox="0 0 64 64"><path fill-rule="evenodd" clip-rule="evenodd" d="M64 0H0V64H64V0ZM36.23 20.0021C36.42 20.0021 40.8 20.3921 43.57 22.6221C45.07 24.0021 48 31.9321 47.98 38.7821C47.9812 38.9047 47.9501 39.0253 47.89 39.1321C45.87 42.6521 40.35 43.6521 39.09 43.6521C38.9798 43.6529 38.8709 43.628 38.772 43.5794C38.673 43.5308 38.5868 43.4598 38.52 43.3721L37.25 41.6221C39.1718 41.1872 40.9765 40.3412 42.54 39.1421C42.6637 39.0161 42.7351 38.8481 42.7401 38.6716C42.7451 38.4951 42.6832 38.3233 42.5669 38.1905C42.4506 38.0578 42.2884 37.9738 42.1128 37.9556C41.9372 37.9373 41.7612 37.9861 41.62 38.0921C41.59 38.1221 38.35 40.8721 32 40.8721C25.65 40.8721 22.36 38.0921 22.36 38.0921C22.2189 37.9861 22.0429 37.9373 21.8673 37.9556C21.6917 37.9738 21.5295 38.0578 21.4132 38.1905C21.2968 38.3233 21.2349 38.4951 21.2399 38.6716C21.2449 38.8481 21.3164 39.0161 21.44 39.1421C23.0035 40.3412 24.8083 41.1872 26.73 41.6221L25.46 43.3721C25.3933 43.4598 25.307 43.5308 25.2081 43.5794C25.1091 43.628 25.0003 43.6529 24.89 43.6521C23.63 43.6121 18.09 42.6821 16.09 39.1321C16.0299 39.0253 15.9989 38.9047 16 38.7821C16 31.9321 18.93 24.0021 20.4 22.6521C23.2 20.3921 27.58 20.0021 27.77 20.0021C27.9146 19.9908 28.0591 20.0252 28.1829 20.1006C28.3068 20.176 28.4037 20.2885 28.46 20.4221C28.5436 20.6103 28.6138 20.8041 28.67 21.0021C26.4824 21.3233 24.3773 22.0635 22.47 23.1821C22.3885 23.232 22.3178 23.2979 22.2623 23.3757C22.2068 23.4536 22.1676 23.5419 22.1471 23.6353C22.1265 23.7287 22.125 23.8252 22.1427 23.9192C22.1604 24.0132 22.1969 24.1026 22.25 24.1821C22.2981 24.2656 22.3628 24.3383 22.4402 24.3956C22.5176 24.4529 22.606 24.4936 22.6999 24.5152C22.7937 24.5368 22.891 24.5388 22.9857 24.5211C23.0804 24.5033 23.1704 24.4662 23.25 24.4121C25.9097 22.9176 28.9092 22.1326 31.96 22.1326C35.0108 22.1326 38.0103 22.9176 40.67 24.4121C40.7497 24.4662 40.8397 24.5033 40.9344 24.5211C41.029 24.5388 41.1263 24.5368 41.2202 24.5152C41.3141 24.4936 41.4025 24.4529 41.4799 24.3956C41.5573 24.3383 41.622 24.2656 41.67 24.1821C41.7231 24.1026 41.7596 24.0132 41.7773 23.9192C41.795 23.8252 41.7935 23.7287 41.773 23.6353C41.7525 23.5419 41.7133 23.4536 41.6578 23.3757C41.6023 23.2979 41.5316 23.232 41.45 23.1821C39.5679 22.0696 37.4907 21.3263 35.33 20.9921C35.3895 20.7952 35.4596 20.6015 35.54 20.4121C35.5991 20.2813 35.697 20.1718 35.8204 20.0984C35.9439 20.0251 36.0869 19.9915 36.23 20.0021ZM26.4843 35.7456C26.7961 35.8958 27.1345 35.983 27.48 36.0021C28.1619 35.9409 28.793 35.6163 29.2392 35.0972C29.6855 34.5781 29.9118 33.9054 29.87 33.2221C29.9141 32.5308 29.6836 31.85 29.2286 31.3276C28.7736 30.8052 28.1309 30.4834 27.44 30.4321C26.7474 30.4809 26.1021 30.8016 25.645 31.3243C25.1879 31.8469 24.9561 32.5292 25 33.2221C24.9798 33.5676 25.0279 33.9137 25.1416 34.2406C25.2554 34.5675 25.4326 34.8687 25.6629 35.1269C25.8933 35.3852 26.1724 35.5955 26.4843 35.7456ZM34.6952 35.1102C35.1499 35.6304 35.791 35.9508 36.48 36.0021H36.52C36.8656 35.983 37.204 35.8958 37.5158 35.7456C37.8276 35.5955 38.1067 35.3852 38.3371 35.1269C38.5675 34.8687 38.7447 34.5675 38.8584 34.2406C38.9722 33.9137 39.0203 33.5676 39 33.2221C39.0216 32.8726 38.9732 32.5223 38.8576 32.1917C38.742 31.8612 38.5615 31.5571 38.3268 31.2972C38.092 31.0373 37.8078 30.8269 37.4907 30.6784C37.1735 30.5298 36.8299 30.4461 36.48 30.4321C35.7892 30.4834 35.1465 30.8052 34.6915 31.3276C34.2365 31.85 34.006 32.5308 34.05 33.2221C34.0087 33.9118 34.2405 34.59 34.6952 35.1102Z" /></symbol><symbol id="github-unauth-icon" viewBox="0 0 64 64"><path d="M32,16c-8.8,0-16,7.2-16,16c0,7.1,4.6,13.1,10.9,15.2 c0.8,0.1,1.1-0.3,1.1-0.8c0-0.4,0-1.4,0-2.7c-4.5,1-5.4-2.1-5.4-2.1c-0.7-1.8-1.8-2.3-1.8-2.3c-1.5-1,0.1-1,0.1-1 c1.6,0.1,2.5,1.6,2.5,1.6c1.4,2.4,3.7,1.7,4.7,1.3c0.1-1,0.6-1.7,1-2.1c-3.6-0.4-7.3-1.8-7.3-7.9c0-1.7,0.6-3.2,1.6-4.3 c-0.2-0.4-0.7-2,0.2-4.2c0,0,1.3-0.4,4.4,1.6c1.3-0.4,2.6-0.5,4-0.5c1.4,0,2.7,0.2,4,0.5c3.1-2.1,4.4-1.6,4.4-1.6 c0.9,2.2,0.3,3.8,0.2,4.2c1,1.1,1.6,2.5,1.6,4.3c0,6.1-3.7,7.5-7.3,7.9c0.6,0.5,1.1,1.5,1.1,3c0,2.1,0,3.9,0,4.4 c0,0.4,0.3,0.9,1.1,0.8C43.4,45.1,48,39.1,48,32C48,23.2,40.8,16,32,16z"/></symbol><symbol id="github-unauth-mask" viewBox="0 0 64 64"><path d="M0,0v64h64V0H0z M37.1,47.2c-0.8,0.2-1.1-0.3-1.1-0.8c0-0.5,0-2.3,0-4.4c0-1.5-0.5-2.5-1.1-3 c3.6-0.4,7.3-1.7,7.3-7.9c0-1.7-0.6-3.2-1.6-4.3c0.2-0.4,0.7-2-0.2-4.2c0,0-1.3-0.4-4.4,1.6c-1.3-0.4-2.6-0.5-4-0.5 c-1.4,0-2.7,0.2-4,0.5c-3.1-2.1-4.4-1.6-4.4-1.6c-0.9,2.2-0.3,3.8-0.2,4.2c-1,1.1-1.6,2.5-1.6,4.3c0,6.1,3.7,7.5,7.3,7.9 c-0.5,0.4-0.9,1.1-1,2.1c-0.9,0.4-3.2,1.1-4.7-1.3c0,0-0.8-1.5-2.5-1.6c0,0-1.6,0-0.1,1c0,0,1,0.5,1.8,2.3c0,0,0.9,3.1,5.4,2.1 c0,1.3,0,2.3,0,2.7c0,0.4-0.3,0.9-1.1,0.8C20.6,45.1,16,39.1,16,32c0-8.8,7.2-16,16-16c8.8,0,16,7.2,16,16 C48,39.1,43.4,45.1,37.1,47.2z"/></symbol></svg>

  </body>
</html>

14412 [pool-1-thread-1 @coroutine#886] DEBUG id.walt.services.vc.WaltIdJsonLdCredentialService - Signing jsonLd object with: issuerDid (did:key:z6MkjzfpAXXhn34rGxMCm2qzExDZjXvAvnyUVCariyVCm9rE), domain (null), nonce (null
14412 [pool-1-thread-1 @coroutine#886] DEBUG id.walt.services.keystore.HKVKeyStoreService - Loading key "did:key:z6MkjzfpAXXhn34rGxMCm2qzExDZjXvAvnyUVCariyVCm9rE".
14413 [pool-1-thread-1 @coroutine#886] DEBUG id.walt.services.vc.WaltIdJsonLdCredentialService - Signing: {"type":["VerifiableCredential","VerifiableAttestation"],"@context":["https://www.w3.org/2018/credentials/v1"],"id":"XXX","issuer":"did:key:z6MkjzfpAXXhn34rGxMCm2qzExDZjXvAvnyUVCariyVCm9rE","issuanceDate":"2021-12-03T10:15:30Z","credentialSchema":{"id":"https://essif.europa.eu/tsr/education/CSR1224.json","type":"JsonSchemaValidator2018"},"credentialSubject":{"id":"did:key:z6MkjzfpAXXhn34rGxMCm2qzExDZjXvAvnyUVCariyVCm9rE","authorizationClaims":["claim1","claim2"],"achieved":[{"title":"Some Europass specific title"}]},"credentialStatus":{"id":"https://essif.europa.eu/status","type":"CredentialsStatusList2020"}}
Sep 12, 2024 11:39:49 AM com.apicatalog.jsonld.deseralization.JsonLdToRdf build
WARNING: Non well-formed subject [XXX] has been skipped.
14414 [pool-1-thread-1 @coroutine#886] DEBUG id.walt.services.keystore.HKVKeyStoreService - Loading key "8ec4fd19ac4641baa7fa09198da36327".
14415 [pool-1-thread-1 @coroutine#886] DEBUG id.walt.services.keystore.HKVKeyStoreService - Loading key "8ec4fd19ac4641baa7fa09198da36327".
14415 [pool-1-thread-1 @coroutine#886] DEBUG id.walt.services.keystore.HKVKeyStoreService - Loading key "8ec4fd19ac4641baa7fa09198da36327".
14415 [pool-1-thread-1 @coroutine#886] DEBUG id.walt.model.DidUrl - Trying to create DidUrl from URL: "did:key:z6MkjzfpAXXhn34rGxMCm2qzExDZjXvAvnyUVCariyVCm9rE"...
14417 [pool-1-thread-1 @coroutine#886] DEBUG id.walt.model.DidUrl - Trying to create DidUrl from URL: "did:key:z6MkjzfpAXXhn34rGxMCm2qzExDZjXvAvnyUVCariyVCm9rE"...
14417 [pool-1-thread-1 @coroutine#886] DEBUG id.walt.model.DidUrl - Trying to create DidUrl from URL: "did:key:z6MkjzfpAXXhn34rGxMCm2qzExDZjXvAvnyUVCariyVCm9rE"...
14417 [pool-1-thread-1 @coroutine#886] DEBUG id.walt.services.did.DidService - DID imported: did:key:z6MkjzfpAXXhn34rGxMCm2qzExDZjXvAvnyUVCariyVCm9rE
14417 [pool-1-thread-1 @coroutine#886] DEBUG id.walt.services.did.DidService - Loading or resolving "did:key:z6MkjzfpAXXhn34rGxMCm2qzExDZjXvAvnyUVCariyVCm9rE"...
14417 [pool-1-thread-1 @coroutine#886] DEBUG id.walt.model.DidUrl - Trying to create DidUrl from URL: "did:key:z6MkjzfpAXXhn34rGxMCm2qzExDZjXvAvnyUVCariyVCm9rE"...
14417 [pool-1-thread-1 @coroutine#886] DEBUG id.walt.services.did.DidService - loadOrResolve: url=DidUrl(method=key, identifier=z6MkjzfpAXXhn34rGxMCm2qzExDZjXvAvnyUVCariyVCm9rE, fragment=z6MkjzfpAXXhn34rGxMCm2qzExDZjXvAvnyUVCariyVCm9rE, query=null), length of stored=1639
14418 [pool-1-thread-1 @coroutine#886] DEBUG id.walt.model.DidUrl - Trying to create DidUrl from URL: "did:key:z6MkjzfpAXXhn34rGxMCm2qzExDZjXvAvnyUVCariyVCm9rE"...
14419 [pool-1-thread-1 @coroutine#886] DEBUG id.walt.services.did.DidService - Key imported for: did:key:z6MkjzfpAXXhn34rGxMCm2qzExDZjXvAvnyUVCariyVCm9rE
14419 [pool-1-thread-1 @coroutine#886] DEBUG id.walt.services.did.DidService - Loading or resolving "did:key:z6MkjzfpAXXhn34rGxMCm2qzExDZjXvAvnyUVCariyVCm9rE"...
14419 [pool-1-thread-1 @coroutine#886] DEBUG id.walt.model.DidUrl - Trying to create DidUrl from URL: "did:key:z6MkjzfpAXXhn34rGxMCm2qzExDZjXvAvnyUVCariyVCm9rE"...
14419 [pool-1-thread-1 @coroutine#886] DEBUG id.walt.services.did.DidService - loadOrResolve: url=DidUrl(method=key, identifier=z6MkjzfpAXXhn34rGxMCm2qzExDZjXvAvnyUVCariyVCm9rE, fragment=z6MkjzfpAXXhn34rGxMCm2qzExDZjXvAvnyUVCariyVCm9rE, query=null), length of stored=1639
14420 [pool-1-thread-1 @coroutine#886] DEBUG id.walt.model.DidUrl - Trying to create DidUrl from URL: "did:key:z6MkjzfpAXXhn34rGxMCm2qzExDZjXvAvnyUVCariyVCm9rE"...
14421 [pool-1-thread-1 @coroutine#886] DEBUG id.walt.services.vc.WaltIdJsonLdCredentialService - Loading verification key for:  did:key:z6MkjzfpAXXhn34rGxMCm2qzExDZjXvAvnyUVCariyVCm9rE
14421 [pool-1-thread-1 @coroutine#886] DEBUG id.walt.services.vc.WaltIdJsonLdCredentialService - Document loader config: isEnableHttp (true), isEnableHttps (true), isEnableFile (true), isEnableLocalCache (true)
14421 [pool-1-thread-1 @coroutine#886] DEBUG id.walt.services.vc.WaltIdJsonLdCredentialService - Decoded Json LD object: {"type":["VerifiableCredential","VerifiableAttestation"],"@context":["https://www.w3.org/2018/credentials/v1","https://w3id.org/security/suites/jws-2020/v1"],"id":"XXX","issuer":"did:key:z6MkjzfpAXXhn34rGxMCm2qzExDZjXvAvnyUVCariyVCm9rE","issuanceDate":"2021-12-03T10:15:30Z","credentialSchema":{"id":"https://essif.europa.eu/tsr/education/CSR1224.json","type":"JsonSchemaValidator2018"},"credentialSubject":{"id":"did:key:z6MkjzfpAXXhn34rGxMCm2qzExDZjXvAvnyUVCariyVCm9rE","authorizationClaims":["claim1","claim2"],"achieved":[{"title":"Some Europass specific title"}]},"credentialStatus":{"id":"https://essif.europa.eu/status","type":"CredentialsStatusList2020"},"proof":{"type":"JsonWebSignature2020","creator":"did:key:z6MkjzfpAXXhn34rGxMCm2qzExDZjXvAvnyUVCariyVCm9rE","created":"2024-09-12T09:39:49Z","verificationMethod":"did:key:z6MkjzfpAXXhn34rGxMCm2qzExDZjXvAvnyUVCariyVCm9rE","jws":"eyJiNjQiOmZhbHNlLCJjcml0IjpbImI2NCJdLCJhbGciOiJFZERTQSJ9..eCsc1aANPVawghWCUuFR4HMdyb4XmBwiqHoiHx0jubvRaPjjpoBfwfbuC36IRHlZZ3W13TjZNjtQxSFKhpZ4Bg"}}
14421 [pool-1-thread-1 @coroutine#886] DEBUG id.walt.services.storeUmu.defaultSoreServiceUmu - Loading key "did:key:z6MkjzfpAXXhn34rGxMCm2qzExDZjXvAvnyUVCariyVCm9rE"...
14424 [pool-1-thread-1 @coroutine#887] DEBUG id.walt.services.vc.WaltIdJsonLdCredentialService - Signing jsonLd object with: issuerDid (did:key:z6MkjzfpAXXhn34rGxMCm2qzExDZjXvAvnyUVCariyVCm9rE), domain (example.com), nonce (null
14424 [pool-1-thread-1 @coroutine#887] DEBUG id.walt.services.keystore.HKVKeyStoreService - Loading key "did:key:z6MkjzfpAXXhn34rGxMCm2qzExDZjXvAvnyUVCariyVCm9rE".
14424 [pool-1-thread-1 @coroutine#887] DEBUG id.walt.services.vc.WaltIdJsonLdCredentialService - Signing: {"type":["VerifiableCredential","VerifiableAttestation","Europass"],"@context":["https://www.w3.org/2018/credentials/v1"],"id":"education#higherEducation#51e42fda-cb0a-4333-b6a6-35cb147e1a88","issuer":"did:key:z6MkjzfpAXXhn34rGxMCm2qzExDZjXvAvnyUVCariyVCm9rE","issuanceDate":"2020-11-03T00:00:00Z","validFrom":"2020-11-03T00:00:00Z","credentialSchema":{"id":"https://essif.europa.eu/trusted-schemas-registry/v1/schemas/to_be_obtained_after_registration_of_the_schema","type":"JsonSchemaValidator2018"},"credentialSubject":{"id":"did:ebsi:22AhtW7XMssv7es4YcQTdV2MCM3c8b1VsiBfi5weHsjcCY9o","identifier":{"schemeID":"http://example.com/","value":"0904008084H"},"givenNames":"Jane","familyName":"DOE","dateOfBirth":"1993-04-08T00:00:00Z","gradingScheme":{"id":"https://leaston.bcdiploma.com/law-economics-management#GradingScheme","title":"Lower Second-Class Honours"},"learningAchievement":{"id":"https://leaston.bcdiploma.com/law-economics-management#LearningAchievment","title":"MASTERS LAW, ECONOMICS AND MANAGEMENT","description":"MARKETING AND SALES","additionalNote":["DISTRIBUTION MANAGEMENT"]},"awardingOpportunity":{"id":"https://leaston.bcdiploma.com/law-economics-management#AwardingOpportunity","identifier":"https://certificate-demo.bcdiploma.com/check/87ED2F2270E6C41456E94B86B9D9115B4E35BCCAD200A49B846592C14F79C86BV1Fnbllta0NZTnJkR3lDWlRmTDlSRUJEVFZISmNmYzJhUU5sZUJ5Z2FJSHpWbmZZ","awardingBody":{"id":"did:ebsi:2LGKvDMrNUPR6FhSNrXzQQ1h295zr4HwoX9UqvwAsenSKHe9","eidasLegalIdentifier":"Unknown","registration":"0597065J","preferredName":"Leaston University","homepage":"https://leaston.bcdiploma.com/"},"location":"FRANCE","startedAtTime":"2015-11-03T00:00:00Z","endedAtTime":"2020-11-03T00:00:00Z"},"learningSpecification":{"id":"https://leaston.bcdiploma.com/law-economics-management#LearningSpecification","ISCEDFCode":["7"],"ECTSCreditPoints":120,"EQFLevel":7,"NQFLevel":["7"]}},"credentialStatus":{"id":"https://essif.europa.eu/status/education#higherEducation#51e42fda-cb0a-4333-b6a6-35cb147e1a88","type":"CredentialsStatusList2020"}}
Sep 12, 2024 11:39:49 AM com.apicatalog.jsonld.deseralization.JsonLdToRdf build
WARNING: Non well-formed subject [education#higherEducation#51e42fda-cb0a-4333-b6a6-35cb147e1a88] has been skipped.
Sep 12, 2024 11:39:49 AM com.apicatalog.jsonld.deseralization.JsonLdToRdf build
WARNING: Non well-formed subject [https://essif.europa.eu/status/education#higherEducation#51e42fda-cb0a-4333-b6a6-35cb147e1a88] has been skipped.
14426 [pool-1-thread-1 @coroutine#887] DEBUG id.walt.services.keystore.HKVKeyStoreService - Loading key "8ec4fd19ac4641baa7fa09198da36327".
14426 [pool-1-thread-1 @coroutine#887] DEBUG id.walt.services.keystore.HKVKeyStoreService - Loading key "8ec4fd19ac4641baa7fa09198da36327".
14426 [pool-1-thread-1 @coroutine#887] DEBUG id.walt.services.keystore.HKVKeyStoreService - Loading key "8ec4fd19ac4641baa7fa09198da36327".
14427 [pool-1-thread-1 @coroutine#887] DEBUG id.walt.model.DidUrl - Trying to create DidUrl from URL: "did:key:z6MkjzfpAXXhn34rGxMCm2qzExDZjXvAvnyUVCariyVCm9rE"...
14428 [pool-1-thread-1 @coroutine#887] DEBUG id.walt.model.DidUrl - Trying to create DidUrl from URL: "did:key:z6MkjzfpAXXhn34rGxMCm2qzExDZjXvAvnyUVCariyVCm9rE"...
14428 [pool-1-thread-1 @coroutine#887] DEBUG id.walt.model.DidUrl - Trying to create DidUrl from URL: "did:key:z6MkjzfpAXXhn34rGxMCm2qzExDZjXvAvnyUVCariyVCm9rE"...
14429 [pool-1-thread-1 @coroutine#887] DEBUG id.walt.services.did.DidService - DID imported: did:key:z6MkjzfpAXXhn34rGxMCm2qzExDZjXvAvnyUVCariyVCm9rE
14429 [pool-1-thread-1 @coroutine#887] DEBUG id.walt.services.did.DidService - Loading or resolving "did:key:z6MkjzfpAXXhn34rGxMCm2qzExDZjXvAvnyUVCariyVCm9rE"...
14429 [pool-1-thread-1 @coroutine#887] DEBUG id.walt.model.DidUrl - Trying to create DidUrl from URL: "did:key:z6MkjzfpAXXhn34rGxMCm2qzExDZjXvAvnyUVCariyVCm9rE"...
14429 [pool-1-thread-1 @coroutine#887] DEBUG id.walt.services.did.DidService - loadOrResolve: url=DidUrl(method=key, identifier=z6MkjzfpAXXhn34rGxMCm2qzExDZjXvAvnyUVCariyVCm9rE, fragment=z6MkjzfpAXXhn34rGxMCm2qzExDZjXvAvnyUVCariyVCm9rE, query=null), length of stored=1639
14429 [pool-1-thread-1 @coroutine#887] DEBUG id.walt.model.DidUrl - Trying to create DidUrl from URL: "did:key:z6MkjzfpAXXhn34rGxMCm2qzExDZjXvAvnyUVCariyVCm9rE"...
14431 [pool-1-thread-1 @coroutine#887] DEBUG id.walt.services.did.DidService - Key imported for: did:key:z6MkjzfpAXXhn34rGxMCm2qzExDZjXvAvnyUVCariyVCm9rE
14431 [pool-1-thread-1 @coroutine#887] DEBUG id.walt.services.did.DidService - Loading or resolving "did:key:z6MkjzfpAXXhn34rGxMCm2qzExDZjXvAvnyUVCariyVCm9rE"...
14431 [pool-1-thread-1 @coroutine#887] DEBUG id.walt.model.DidUrl - Trying to create DidUrl from URL: "did:key:z6MkjzfpAXXhn34rGxMCm2qzExDZjXvAvnyUVCariyVCm9rE"...
14431 [pool-1-thread-1 @coroutine#887] DEBUG id.walt.services.did.DidService - loadOrResolve: url=DidUrl(method=key, identifier=z6MkjzfpAXXhn34rGxMCm2qzExDZjXvAvnyUVCariyVCm9rE, fragment=z6MkjzfpAXXhn34rGxMCm2qzExDZjXvAvnyUVCariyVCm9rE, query=null), length of stored=1639
14431 [pool-1-thread-1 @coroutine#887] DEBUG id.walt.model.DidUrl - Trying to create DidUrl from URL: "did:key:z6MkjzfpAXXhn34rGxMCm2qzExDZjXvAvnyUVCariyVCm9rE"...
14432 [pool-1-thread-1 @coroutine#887] DEBUG id.walt.services.vc.WaltIdJsonLdCredentialService - Loading verification key for:  did:key:z6MkjzfpAXXhn34rGxMCm2qzExDZjXvAvnyUVCariyVCm9rE
14432 [pool-1-thread-1 @coroutine#887] DEBUG id.walt.services.vc.WaltIdJsonLdCredentialService - Document loader config: isEnableHttp (true), isEnableHttps (true), isEnableFile (true), isEnableLocalCache (true)
14432 [pool-1-thread-1 @coroutine#887] DEBUG id.walt.services.vc.WaltIdJsonLdCredentialService - Decoded Json LD object: {"type":["VerifiableCredential","VerifiableAttestation","Europass"],"@context":["https://www.w3.org/2018/credentials/v1","https://w3id.org/security/suites/jws-2020/v1"],"id":"education#higherEducation#51e42fda-cb0a-4333-b6a6-35cb147e1a88","issuer":"did:key:z6MkjzfpAXXhn34rGxMCm2qzExDZjXvAvnyUVCariyVCm9rE","issuanceDate":"2020-11-03T00:00:00Z","validFrom":"2020-11-03T00:00:00Z","credentialSchema":{"id":"https://essif.europa.eu/trusted-schemas-registry/v1/schemas/to_be_obtained_after_registration_of_the_schema","type":"JsonSchemaValidator2018"},"credentialSubject":{"id":"did:ebsi:22AhtW7XMssv7es4YcQTdV2MCM3c8b1VsiBfi5weHsjcCY9o","identifier":{"schemeID":"http://example.com/","value":"0904008084H"},"givenNames":"Jane","familyName":"DOE","dateOfBirth":"1993-04-08T00:00:00Z","gradingScheme":{"id":"https://leaston.bcdiploma.com/law-economics-management#GradingScheme","title":"Lower Second-Class Honours"},"learningAchievement":{"id":"https://leaston.bcdiploma.com/law-economics-management#LearningAchievment","title":"MASTERS LAW, ECONOMICS AND MANAGEMENT","description":"MARKETING AND SALES","additionalNote":["DISTRIBUTION MANAGEMENT"]},"awardingOpportunity":{"id":"https://leaston.bcdiploma.com/law-economics-management#AwardingOpportunity","identifier":"https://certificate-demo.bcdiploma.com/check/87ED2F2270E6C41456E94B86B9D9115B4E35BCCAD200A49B846592C14F79C86BV1Fnbllta0NZTnJkR3lDWlRmTDlSRUJEVFZISmNmYzJhUU5sZUJ5Z2FJSHpWbmZZ","awardingBody":{"id":"did:ebsi:2LGKvDMrNUPR6FhSNrXzQQ1h295zr4HwoX9UqvwAsenSKHe9","eidasLegalIdentifier":"Unknown","registration":"0597065J","preferredName":"Leaston University","homepage":"https://leaston.bcdiploma.com/"},"location":"FRANCE","startedAtTime":"2015-11-03T00:00:00Z","endedAtTime":"2020-11-03T00:00:00Z"},"learningSpecification":{"id":"https://leaston.bcdiploma.com/law-economics-management#LearningSpecification","ISCEDFCode":["7"],"ECTSCreditPoints":120,"EQFLevel":7,"NQFLevel":["7"]}},"credentialStatus":{"id":"https://essif.europa.eu/status/education#higherEducation#51e42fda-cb0a-4333-b6a6-35cb147e1a88","type":"CredentialsStatusList2020"},"proof":{"type":"JsonWebSignature2020","creator":"did:key:z6MkjzfpAXXhn34rGxMCm2qzExDZjXvAvnyUVCariyVCm9rE","created":"2024-09-12T09:39:49Z","domain":"example.com","verificationMethod":"did:key:z6MkjzfpAXXhn34rGxMCm2qzExDZjXvAvnyUVCariyVCm9rE","jws":"eyJiNjQiOmZhbHNlLCJjcml0IjpbImI2NCJdLCJhbGciOiJFZERTQSJ9..MFN-3D43cPpRrR2KVYzA0l6gm6dz5O69JxnjoUAtGVEQrX52HZ_XaGuNqIeUQan82t0bMpZsKh0b43D3O_wFAQ"}}
14432 [pool-1-thread-1 @coroutine#887] DEBUG id.walt.services.storeUmu.defaultSoreServiceUmu - Loading key "did:key:z6MkjzfpAXXhn34rGxMCm2qzExDZjXvAvnyUVCariyVCm9rE"...
14435 [pool-1-thread-1 @coroutine#888] DEBUG id.walt.services.vc.WaltIdJsonLdCredentialService - Signing jsonLd object with: issuerDid (did:key:z6MkjzfpAXXhn34rGxMCm2qzExDZjXvAvnyUVCariyVCm9rE), domain (null), nonce (null
14435 [pool-1-thread-1 @coroutine#888] DEBUG id.walt.services.keystore.HKVKeyStoreService - Loading key "did:key:z6MkjzfpAXXhn34rGxMCm2qzExDZjXvAvnyUVCariyVCm9rE".
14435 [pool-1-thread-1 @coroutine#888] DEBUG id.walt.services.vc.WaltIdJsonLdCredentialService - Signing: {"type":["VerifiableCredential","VerifiableAttestation"],"@context":["https://www.w3.org/2018/credentials/v1"],"id":"XXX","issuer":"did:key:z6MkjzfpAXXhn34rGxMCm2qzExDZjXvAvnyUVCariyVCm9rE","issuanceDate":"2021-12-03T10:15:30Z","credentialSchema":{"id":"https://essif.europa.eu/tsr/education/CSR1224.json","type":"JsonSchemaValidator2018"},"credentialSubject":{"id":"did:key:z6MkjzfpAXXhn34rGxMCm2qzExDZjXvAvnyUVCariyVCm9rE","authorizationClaims":["claim1","claim2"],"givenName":"Given Name"},"credentialStatus":{"id":"https://essif.europa.eu/status","type":"CredentialsStatusList2020"}}
Sep 12, 2024 11:39:49 AM com.apicatalog.jsonld.deseralization.JsonLdToRdf build
WARNING: Non well-formed subject [XXX] has been skipped.
14437 [pool-1-thread-1 @coroutine#888] DEBUG id.walt.services.keystore.HKVKeyStoreService - Loading key "8ec4fd19ac4641baa7fa09198da36327".
14437 [pool-1-thread-1 @coroutine#888] DEBUG id.walt.services.keystore.HKVKeyStoreService - Loading key "8ec4fd19ac4641baa7fa09198da36327".
14437 [pool-1-thread-1 @coroutine#888] DEBUG id.walt.services.keystore.HKVKeyStoreService - Loading key "8ec4fd19ac4641baa7fa09198da36327".
14438 [pool-1-thread-1 @coroutine#888] DEBUG id.walt.model.DidUrl - Trying to create DidUrl from URL: "did:key:z6MkjzfpAXXhn34rGxMCm2qzExDZjXvAvnyUVCariyVCm9rE"...
14440 [pool-1-thread-1 @coroutine#888] DEBUG id.walt.model.DidUrl - Trying to create DidUrl from URL: "did:key:z6MkjzfpAXXhn34rGxMCm2qzExDZjXvAvnyUVCariyVCm9rE"...
14440 [pool-1-thread-1 @coroutine#888] DEBUG id.walt.model.DidUrl - Trying to create DidUrl from URL: "did:key:z6MkjzfpAXXhn34rGxMCm2qzExDZjXvAvnyUVCariyVCm9rE"...
14440 [pool-1-thread-1 @coroutine#888] DEBUG id.walt.services.did.DidService - DID imported: did:key:z6MkjzfpAXXhn34rGxMCm2qzExDZjXvAvnyUVCariyVCm9rE
14440 [pool-1-thread-1 @coroutine#888] DEBUG id.walt.services.did.DidService - Loading or resolving "did:key:z6MkjzfpAXXhn34rGxMCm2qzExDZjXvAvnyUVCariyVCm9rE"...
14440 [pool-1-thread-1 @coroutine#888] DEBUG id.walt.model.DidUrl - Trying to create DidUrl from URL: "did:key:z6MkjzfpAXXhn34rGxMCm2qzExDZjXvAvnyUVCariyVCm9rE"...
14440 [pool-1-thread-1 @coroutine#888] DEBUG id.walt.services.did.DidService - loadOrResolve: url=DidUrl(method=key, identifier=z6MkjzfpAXXhn34rGxMCm2qzExDZjXvAvnyUVCariyVCm9rE, fragment=z6MkjzfpAXXhn34rGxMCm2qzExDZjXvAvnyUVCariyVCm9rE, query=null), length of stored=1639
14441 [pool-1-thread-1 @coroutine#888] DEBUG id.walt.model.DidUrl - Trying to create DidUrl from URL: "did:key:z6MkjzfpAXXhn34rGxMCm2qzExDZjXvAvnyUVCariyVCm9rE"...
14442 [pool-1-thread-1 @coroutine#888] DEBUG id.walt.services.did.DidService - Key imported for: did:key:z6MkjzfpAXXhn34rGxMCm2qzExDZjXvAvnyUVCariyVCm9rE
14442 [pool-1-thread-1 @coroutine#888] DEBUG id.walt.services.did.DidService - Loading or resolving "did:key:z6MkjzfpAXXhn34rGxMCm2qzExDZjXvAvnyUVCariyVCm9rE"...
14442 [pool-1-thread-1 @coroutine#888] DEBUG id.walt.model.DidUrl - Trying to create DidUrl from URL: "did:key:z6MkjzfpAXXhn34rGxMCm2qzExDZjXvAvnyUVCariyVCm9rE"...
14442 [pool-1-thread-1 @coroutine#888] DEBUG id.walt.services.did.DidService - loadOrResolve: url=DidUrl(method=key, identifier=z6MkjzfpAXXhn34rGxMCm2qzExDZjXvAvnyUVCariyVCm9rE, fragment=z6MkjzfpAXXhn34rGxMCm2qzExDZjXvAvnyUVCariyVCm9rE, query=null), length of stored=1639
14442 [pool-1-thread-1 @coroutine#888] DEBUG id.walt.model.DidUrl - Trying to create DidUrl from URL: "did:key:z6MkjzfpAXXhn34rGxMCm2qzExDZjXvAvnyUVCariyVCm9rE"...
14444 [pool-1-thread-1 @coroutine#888] DEBUG id.walt.services.vc.WaltIdJsonLdCredentialService - Loading verification key for:  did:key:z6MkjzfpAXXhn34rGxMCm2qzExDZjXvAvnyUVCariyVCm9rE
14444 [pool-1-thread-1 @coroutine#888] DEBUG id.walt.services.vc.WaltIdJsonLdCredentialService - Document loader config: isEnableHttp (true), isEnableHttps (true), isEnableFile (true), isEnableLocalCache (true)
14444 [pool-1-thread-1 @coroutine#888] DEBUG id.walt.services.vc.WaltIdJsonLdCredentialService - Decoded Json LD object: {"type":["VerifiableCredential","VerifiableAttestation"],"@context":["https://www.w3.org/2018/credentials/v1","https://w3id.org/security/suites/jws-2020/v1"],"id":"XXX","issuer":"did:key:z6MkjzfpAXXhn34rGxMCm2qzExDZjXvAvnyUVCariyVCm9rE","issuanceDate":"2021-12-03T10:15:30Z","credentialSchema":{"id":"https://essif.europa.eu/tsr/education/CSR1224.json","type":"JsonSchemaValidator2018"},"credentialSubject":{"id":"did:key:z6MkjzfpAXXhn34rGxMCm2qzExDZjXvAvnyUVCariyVCm9rE","authorizationClaims":["claim1","claim2"],"givenName":"Given Name"},"credentialStatus":{"id":"https://essif.europa.eu/status","type":"CredentialsStatusList2020"},"proof":{"type":"JsonWebSignature2020","creator":"did:key:z6MkjzfpAXXhn34rGxMCm2qzExDZjXvAvnyUVCariyVCm9rE","created":"2024-09-12T09:39:49Z","verificationMethod":"did:key:z6MkjzfpAXXhn34rGxMCm2qzExDZjXvAvnyUVCariyVCm9rE","jws":"eyJiNjQiOmZhbHNlLCJjcml0IjpbImI2NCJdLCJhbGciOiJFZERTQSJ9..eCsc1aANPVawghWCUuFR4HMdyb4XmBwiqHoiHx0jubvRaPjjpoBfwfbuC36IRHlZZ3W13TjZNjtQxSFKhpZ4Bg"}}
14444 [pool-1-thread-1 @coroutine#888] DEBUG id.walt.services.storeUmu.defaultSoreServiceUmu - Loading key "did:key:z6MkjzfpAXXhn34rGxMCm2qzExDZjXvAvnyUVCariyVCm9rE"...
14446 [pool-1-thread-1 @coroutine#889] DEBUG id.walt.model.DidUrl - Trying to create DidUrl from URL: "did:key:z6MkjzfpAXXhn34rGxMCm2qzExDZjXvAvnyUVCariyVCm9rE"...
14446 [pool-1-thread-1 @coroutine#889] DEBUG id.walt.model.DidUrl - Trying to create DidUrl from URL: "did:key:z6MkjzfpAXXhn34rGxMCm2qzExDZjXvAvnyUVCariyVCm9rE"...
14446 [pool-1-thread-1 @coroutine#889] DEBUG id.walt.model.DidUrl - Trying to create DidUrl from URL: "did:key:z6MkjzfpAXXhn34rGxMCm2qzExDZjXvAvnyUVCariyVCm9rE"...
14446 [pool-1-thread-1 @coroutine#889] DEBUG id.walt.signatory.WaltIdSignatory - Signing credential with proof using LD_PROOF...
14446 [pool-1-thread-1 @coroutine#889] DEBUG id.walt.signatory.WaltIdSignatory - Signing credential with proof using LD_PROOF, credential is: {"type":["VerifiableCredential","VerifiableAttestation","VerifiableId"],"@context":["https://www.w3.org/2018/credentials/v1"],"id":"urn:uuid:0b31a0bc-2bd9-4acf-81ad-0574e149479d","issuer":"did:key:z6MkjzfpAXXhn34rGxMCm2qzExDZjXvAvnyUVCariyVCm9rE","issuanceDate":"2024-09-12T09:39:49Z","issued":"2024-09-12T09:39:49Z","validFrom":"2024-09-12T09:39:49Z","credentialSchema":{"id":"https://raw.githubusercontent.com/walt-id/waltid-ssikit-vclib/master/src/test/resources/schemas/VerifiableId.json","type":"FullJsonSchemaValidator2021"},"credentialSubject":{"id":"did:key:z6MkhvrqyeHTADs2uxNU1we4K3dKGVFm9ctkPfzbNAJN9W2U","currentAddress":["1 Boulevard de la Liberté, 59800 Lille"],"dateOfBirth":"1993-04-08","familyName":"DOE","firstName":"Jane","gender":"FEMALE","nameAndFamilyNameAtBirth":"Jane DOE","personalIdentifier":"0904008084H","placeOfBirth":"LILLE, FRANCE"},"evidence":[{"documentPresence":["Physical"],"evidenceDocument":["Passport"],"subjectPresence":"Physical","type":["DocumentVerification"],"verifier":"did:ebsi:2A9BZ9SUe6BatacSpvs1V5CdjHvLpQ7bEsi2Jb6LdHKnQxaN"}]}
14446 [pool-1-thread-1 @coroutine#889] DEBUG id.walt.services.vc.WaltIdJsonLdCredentialService - Signing jsonLd object with: issuerDid (did:key:z6MkjzfpAXXhn34rGxMCm2qzExDZjXvAvnyUVCariyVCm9rE), domain (null), nonce (null
14446 [pool-1-thread-1 @coroutine#889] DEBUG id.walt.services.keystore.HKVKeyStoreService - Loading key "did:key:z6MkjzfpAXXhn34rGxMCm2qzExDZjXvAvnyUVCariyVCm9rE#z6MkjzfpAXXhn34rGxMCm2qzExDZjXvAvnyUVCariyVCm9rE".
14446 [pool-1-thread-1 @coroutine#889] DEBUG id.walt.services.vc.WaltIdJsonLdCredentialService - Signing: {"type":["VerifiableCredential","VerifiableAttestation","VerifiableId"],"@context":["https://www.w3.org/2018/credentials/v1"],"id":"urn:uuid:0b31a0bc-2bd9-4acf-81ad-0574e149479d","issuer":"did:key:z6MkjzfpAXXhn34rGxMCm2qzExDZjXvAvnyUVCariyVCm9rE","issuanceDate":"2024-09-12T09:39:49Z","issued":"2024-09-12T09:39:49Z","validFrom":"2024-09-12T09:39:49Z","credentialSchema":{"id":"https://raw.githubusercontent.com/walt-id/waltid-ssikit-vclib/master/src/test/resources/schemas/VerifiableId.json","type":"FullJsonSchemaValidator2021"},"credentialSubject":{"id":"did:key:z6MkhvrqyeHTADs2uxNU1we4K3dKGVFm9ctkPfzbNAJN9W2U","currentAddress":["1 Boulevard de la Liberté, 59800 Lille"],"dateOfBirth":"1993-04-08","familyName":"DOE","firstName":"Jane","gender":"FEMALE","nameAndFamilyNameAtBirth":"Jane DOE","personalIdentifier":"0904008084H","placeOfBirth":"LILLE, FRANCE"},"evidence":[{"documentPresence":["Physical"],"evidenceDocument":["Passport"],"subjectPresence":"Physical","type":["DocumentVerification"],"verifier":"did:ebsi:2A9BZ9SUe6BatacSpvs1V5CdjHvLpQ7bEsi2Jb6LdHKnQxaN"}]}
14448 [pool-1-thread-1 @coroutine#889] DEBUG id.walt.services.keystore.HKVKeyStoreService - Loading key "8ec4fd19ac4641baa7fa09198da36327".
14448 [pool-1-thread-1 @coroutine#889] DEBUG id.walt.services.keystore.HKVKeyStoreService - Loading key "8ec4fd19ac4641baa7fa09198da36327".
14448 [pool-1-thread-1 @coroutine#889] DEBUG id.walt.services.keystore.HKVKeyStoreService - Loading key "8ec4fd19ac4641baa7fa09198da36327".
14449 [pool-1-thread-1 @coroutine#889] DEBUG id.walt.signatory.WaltIdSignatory - Signed VC is: {
  "type" : [ "VerifiableCredential", "VerifiableAttestation", "VerifiableId" ],
  "@context" : [ "https://www.w3.org/2018/credentials/v1", "https://w3id.org/security/suites/jws-2020/v1" ],
  "id" : "urn:uuid:0b31a0bc-2bd9-4acf-81ad-0574e149479d",
  "issuer" : "did:key:z6MkjzfpAXXhn34rGxMCm2qzExDZjXvAvnyUVCariyVCm9rE",
  "issuanceDate" : "2024-09-12T09:39:49Z",
  "issued" : "2024-09-12T09:39:49Z",
  "validFrom" : "2024-09-12T09:39:49Z",
  "credentialSchema" : {
    "id" : "https://raw.githubusercontent.com/walt-id/waltid-ssikit-vclib/master/src/test/resources/schemas/VerifiableId.json",
    "type" : "FullJsonSchemaValidator2021"
  },
  "credentialSubject" : {
    "id" : "did:key:z6MkhvrqyeHTADs2uxNU1we4K3dKGVFm9ctkPfzbNAJN9W2U",
    "currentAddress" : [ "1 Boulevard de la Liberté, 59800 Lille" ],
    "dateOfBirth" : "1993-04-08",
    "familyName" : "DOE",
    "firstName" : "Jane",
    "gender" : "FEMALE",
    "nameAndFamilyNameAtBirth" : "Jane DOE",
    "personalIdentifier" : "0904008084H",
    "placeOfBirth" : "LILLE, FRANCE"
  },
  "evidence" : [ {
    "documentPresence" : [ "Physical" ],
    "evidenceDocument" : [ "Passport" ],
    "subjectPresence" : "Physical",
    "type" : [ "DocumentVerification" ],
    "verifier" : "did:ebsi:2A9BZ9SUe6BatacSpvs1V5CdjHvLpQ7bEsi2Jb6LdHKnQxaN"
  } ],
  "proof" : {
    "type" : "JsonWebSignature2020",
    "creator" : "did:key:z6MkjzfpAXXhn34rGxMCm2qzExDZjXvAvnyUVCariyVCm9rE",
    "created" : "2024-09-12T09:39:49Z",
    "proofPurpose" : "assertionMethod",
    "verificationMethod" : "did:key:z6MkjzfpAXXhn34rGxMCm2qzExDZjXvAvnyUVCariyVCm9rE#z6MkjzfpAXXhn34rGxMCm2qzExDZjXvAvnyUVCariyVCm9rE",
    "jws" : "eyJiNjQiOmZhbHNlLCJjcml0IjpbImI2NCJdLCJhbGciOiJFZERTQSJ9..IE7gvkB9Qogflm9rXWefK6I86_PxiCKY42VjRAfdbf3jutyioCnf8SheqQBUpwOKbL09eJ9hm7-OprCBwk-QDA"
  }
}
14451 [pool-1-thread-1 @coroutine#889] DEBUG id.walt.model.DidUrl - Trying to create DidUrl from URL: "did:key:z6MkjzfpAXXhn34rGxMCm2qzExDZjXvAvnyUVCariyVCm9rE"...
14451 [pool-1-thread-1 @coroutine#889] DEBUG id.walt.model.DidUrl - Trying to create DidUrl from URL: "did:key:z6MkjzfpAXXhn34rGxMCm2qzExDZjXvAvnyUVCariyVCm9rE"...
14451 [pool-1-thread-1 @coroutine#889] DEBUG id.walt.signatory.WaltIdSignatory - Signing credential with proof using LD_PROOF...
14451 [pool-1-thread-1 @coroutine#889] DEBUG id.walt.signatory.WaltIdSignatory - Signing credential with proof using LD_PROOF, credential is: {"type":["VerifiableCredential"],"@context":["https://www.w3.org/2018/credentials/v1"],"id":"urn:uuid:478607fc-6dab-4c7d-b48a-593ec9a063d9","issuer":"did:key:z6MkjzfpAXXhn34rGxMCm2qzExDZjXvAvnyUVCariyVCm9rE","issuanceDate":"2024-09-12T09:39:49Z","issued":"2024-09-12T09:39:49Z","validFrom":"2024-09-12T09:39:49Z","credentialSchema":{"id":"https://raw.githubusercontent.com/walt-id/waltid-ssikit-vclib/master/src/test/resources/schemas/VerifiableId.json","type":"FullJsonSchemaValidator2021"},"credentialSubject":{"foo":"bar"}}
14451 [pool-1-thread-1 @coroutine#889] DEBUG id.walt.services.vc.WaltIdJsonLdCredentialService - Signing jsonLd object with: issuerDid (did:key:z6MkjzfpAXXhn34rGxMCm2qzExDZjXvAvnyUVCariyVCm9rE), domain (null), nonce (null
14452 [pool-1-thread-1 @coroutine#889] DEBUG id.walt.services.keystore.HKVKeyStoreService - Loading key "did:key:z6MkjzfpAXXhn34rGxMCm2qzExDZjXvAvnyUVCariyVCm9rE#z6MkjzfpAXXhn34rGxMCm2qzExDZjXvAvnyUVCariyVCm9rE".
14452 [pool-1-thread-1 @coroutine#889] DEBUG id.walt.services.vc.WaltIdJsonLdCredentialService - Signing: {"type":["VerifiableCredential"],"@context":["https://www.w3.org/2018/credentials/v1"],"id":"urn:uuid:478607fc-6dab-4c7d-b48a-593ec9a063d9","issuer":"did:key:z6MkjzfpAXXhn34rGxMCm2qzExDZjXvAvnyUVCariyVCm9rE","issuanceDate":"2024-09-12T09:39:49Z","issued":"2024-09-12T09:39:49Z","validFrom":"2024-09-12T09:39:49Z","credentialSchema":{"id":"https://raw.githubusercontent.com/walt-id/waltid-ssikit-vclib/master/src/test/resources/schemas/VerifiableId.json","type":"FullJsonSchemaValidator2021"},"credentialSubject":{"foo":"bar"}}
14454 [pool-1-thread-1 @coroutine#889] DEBUG id.walt.services.keystore.HKVKeyStoreService - Loading key "8ec4fd19ac4641baa7fa09198da36327".
14454 [pool-1-thread-1 @coroutine#889] DEBUG id.walt.services.keystore.HKVKeyStoreService - Loading key "8ec4fd19ac4641baa7fa09198da36327".
14454 [pool-1-thread-1 @coroutine#889] DEBUG id.walt.services.keystore.HKVKeyStoreService - Loading key "8ec4fd19ac4641baa7fa09198da36327".
14455 [pool-1-thread-1 @coroutine#889] DEBUG id.walt.signatory.WaltIdSignatory - Signed VC is: {
  "type" : [ "VerifiableCredential" ],
  "@context" : [ "https://www.w3.org/2018/credentials/v1", "https://w3id.org/security/suites/jws-2020/v1" ],
  "id" : "urn:uuid:478607fc-6dab-4c7d-b48a-593ec9a063d9",
  "issuer" : "did:key:z6MkjzfpAXXhn34rGxMCm2qzExDZjXvAvnyUVCariyVCm9rE",
  "issuanceDate" : "2024-09-12T09:39:49Z",
  "issued" : "2024-09-12T09:39:49Z",
  "validFrom" : "2024-09-12T09:39:49Z",
  "credentialSchema" : {
    "id" : "https://raw.githubusercontent.com/walt-id/waltid-ssikit-vclib/master/src/test/resources/schemas/VerifiableId.json",
    "type" : "FullJsonSchemaValidator2021"
  },
  "credentialSubject" : {
    "foo" : "bar"
  },
  "proof" : {
    "type" : "JsonWebSignature2020",
    "creator" : "did:key:z6MkjzfpAXXhn34rGxMCm2qzExDZjXvAvnyUVCariyVCm9rE",
    "created" : "2024-09-12T09:39:49Z",
    "verificationMethod" : "did:key:z6MkjzfpAXXhn34rGxMCm2qzExDZjXvAvnyUVCariyVCm9rE#z6MkjzfpAXXhn34rGxMCm2qzExDZjXvAvnyUVCariyVCm9rE",
    "jws" : "eyJiNjQiOmZhbHNlLCJjcml0IjpbImI2NCJdLCJhbGciOiJFZERTQSJ9..oS4Qprv8bYZacor239ceu7tNgsphWPQZ4XNsQalks49C2qtwA4QZfFHFf3bgyxfeeRqtujG8ZdnLLCYq_Gy8Ag"
  }
}
14455 [pool-1-thread-1 @coroutine#889] DEBUG id.walt.auditor.VerificationPolicy - VerificationPolicy failed: Credential has no associated credentialSchema property
14493 [pool-1-thread-1 @coroutine#889] DEBUG io.mockk.impl.recording.states.AnsweringState - Answering id.walt.credentials.w3c.schema.NetworkntSchemaValidator@63be28ae on SchemaValidatorFactory(object SchemaValidatorFactory).get({
  "$schema" : "http://json-schema.org/draft-07/schema#",
  "type" : "object",
  "properties" : {
    "@context" : {
      "type" : "array",
      "items" : {
        "type" : "string"
      }
    },
    "credentialSchema" : {
      "type" : "object",
      "properties" : {
        "id" : {
          "type" : "string"
        },
        "type" : {
          "type" : "string"
        }
      },
      "additionalProperties" : false
    },
    "credentialStatus" : {
      "type" : "object",
      "properties" : {
        "id" : {
          "type" : "string"
        },
        "type" : {
          "type" : "string"
        }
      },
      "additionalProperties" : false
    },
    "credentialSubject" : {
      "type" : "object",
      "properties" : {
        "currentAddress" : {
          "type" : "array",
          "items" : {
            "type" : "string"
          }
        },
        "dateOfBirth" : {
          "type" : "string"
        },
        "familyName" : {
          "type" : "string"
        },
        "firstName" : {
          "type" : "string"
        },
        "gender" : {
          "type" : "string"
        },
        "id" : {
          "type" : "string"
        },
        "identifier" : {
          "type" : "array",
          "items" : {
            "type" : "object",
            "properties" : {
              "schemeID" : {
                "type" : "string"
              },
              "value" : {
                "type" : "string"
              }
            },
            "additionalProperties" : false
          }
        },
        "nameAndFamilyNameAtBirth" : {
          "type" : "string"
        },
        "personalIdentifier" : {
          "type" : "string"
        },
        "placeOfBirth" : {
          "type" : "string"
        }
      },
      "additionalProperties" : false
    },
    "evidence" : {
      "type" : "array",
      "items" : {
        "type" : "object",
        "properties" : {
          "documentPresence" : {
            "type" : "array",
            "items" : {
              "type" : "string"
            }
          },
          "evidenceDocument" : {
            "type" : "array",
            "items" : {
              "type" : "string"
            }
          },
          "id" : {
            "type" : "string"
          },
          "subjectPresence" : {
            "type" : "string"
          },
          "type" : {
            "type" : "array",
            "items" : {
              "type" : "string"
            }
          },
          "verifier" : {
            "type" : "string"
          }
        },
        "additionalProperties" : false
      }
    },
    "expirationDate" : {
      "type" : "string"
    },
    "id" : {
      "type" : "string"
    },
    "issuanceDate" : {
      "type" : "string"
    },
    "issued" : {
      "type" : "string"
    },
    "issuer" : {
      "type" : "string"
    },
    "proof" : {
      "type" : "object",
      "properties" : {
        "created" : {
          "type" : "string"
        },
        "creator" : {
          "type" : "string"
        },
        "domain" : {
          "type" : "string"
        },
        "jws" : {
          "type" : "string"
        },
        "nonce" : {
          "type" : "string"
        },
        "proofPurpose" : {
          "type" : "string"
        },
        "type" : {
          "type" : "string"
        },
        "verificationMethod" : {
          "type" : "string"
        }
      },
      "additionalProperties" : false
    },
    "type" : {
      "type" : "array",
      "items" : {
        "type" : "string"
      }
    },
    "validFrom" : {
      "type" : "string"
    }
  },
  "required" : [ "@context", "type" ],
  "title" : "EBSI Natural Person Verifiable ID",
  "description" : "Schema of an EBSI Verifiable ID for a natural person",
  "additionalProperties" : false
})
14493 [pool-1-thread-1 @coroutine#889] DEBUG io.mockk.impl.recording.states.AnsweringState - Answering id.walt.credentials.w3c.schema.NetworkntSchemaValidator@63be28ae on SchemaValidatorFactory(object SchemaValidatorFactory).get(https://raw.githubusercontent.com/walt-id/waltid-ssikit-vclib/master/src/test/resources/schemas/VerifiableId.json)
14531 [pool-1-thread-1 @coroutine#889] DEBUG io.mockk.impl.recording.states.AnsweringState - Answering id.walt.credentials.w3c.schema.NetworkntSchemaValidator@5e82c4f1 on SchemaValidatorFactory(object SchemaValidatorFactory).get({
  "$schema" : "http://json-schema.org/draft-07/schema#",
  "type" : "object",
  "properties" : {
    "@context" : {
      "type" : "array",
      "items" : {
        "type" : "string"
      }
    },
    "credentialSchema" : {
      "type" : "object",
      "properties" : {
        "id" : {
          "type" : "string"
        },
        "type" : {
          "type" : "string"
        }
      },
      "additionalProperties" : false
    },
    "credentialStatus" : {
      "type" : "object",
      "properties" : {
        "id" : {
          "type" : "string"
        },
        "type" : {
          "type" : "string"
        }
      },
      "additionalProperties" : false
    },
    "credentialSubject" : {
      "type" : "object",
      "properties" : {
        "currentAddress" : {
          "type" : "array",
          "items" : {
            "type" : "string"
          }
        },
        "dateOfBirth" : {
          "type" : "string"
        },
        "familyName" : {
          "type" : "string"
        },
        "firstName" : {
          "type" : "string"
        },
        "gender" : {
          "type" : "string"
        },
        "id" : {
          "type" : "string"
        },
        "identifier" : {
          "type" : "array",
          "items" : {
            "type" : "object",
            "properties" : {
              "schemeID" : {
                "type" : "string"
              },
              "value" : {
                "type" : "string"
              }
            },
            "additionalProperties" : false
          }
        },
        "nameAndFamilyNameAtBirth" : {
          "type" : "string"
        },
        "personalIdentifier" : {
          "type" : "string"
        },
        "placeOfBirth" : {
          "type" : "string"
        }
      },
      "additionalProperties" : false
    },
    "evidence" : {
      "type" : "array",
      "items" : {
        "type" : "object",
        "properties" : {
          "documentPresence" : {
            "type" : "array",
            "items" : {
              "type" : "string"
            }
          },
          "evidenceDocument" : {
            "type" : "array",
            "items" : {
              "type" : "string"
            }
          },
          "id" : {
            "type" : "string"
          },
          "subjectPresence" : {
            "type" : "string"
          },
          "type" : {
            "type" : "array",
            "items" : {
              "type" : "string"
            }
          },
          "verifier" : {
            "type" : "string"
          }
        },
        "additionalProperties" : false
      }
    },
    "expirationDate" : {
      "type" : "string"
    },
    "id" : {
      "type" : "string"
    },
    "issuanceDate" : {
      "type" : "string"
    },
    "issued" : {
      "type" : "string"
    },
    "issuer" : {
      "type" : "string"
    },
    "proof" : {
      "type" : "object",
      "properties" : {
        "created" : {
          "type" : "string"
        },
        "creator" : {
          "type" : "string"
        },
        "domain" : {
          "type" : "string"
        },
        "jws" : {
          "type" : "string"
        },
        "nonce" : {
          "type" : "string"
        },
        "proofPurpose" : {
          "type" : "string"
        },
        "type" : {
          "type" : "string"
        },
        "verificationMethod" : {
          "type" : "string"
        }
      },
      "additionalProperties" : false
    },
    "type" : {
      "type" : "array",
      "items" : {
        "type" : "string"
      }
    },
    "validFrom" : {
      "type" : "string"
    }
  },
  "required" : [ "@context", "type" ],
  "title" : "EBSI Natural Person Verifiable ID",
  "description" : "Schema of an EBSI Verifiable ID for a natural person",
  "additionalProperties" : false
})
14531 [pool-1-thread-1 @coroutine#889] DEBUG io.mockk.impl.recording.states.AnsweringState - Answering id.walt.credentials.w3c.schema.NetworkntSchemaValidator@5e82c4f1 on SchemaValidatorFactory(object SchemaValidatorFactory).get(https://raw.githubusercontent.com/walt-id/waltid-ssikit-vclib/master/src/test/resources/schemas/VerifiableId.json)
14532 [pool-1-thread-1 @coroutine#889] DEBUG id.walt.credentials.w3c.schema.NetworkntSchemaValidator - Could not validate vc against schema. The validation errors are:
14532 [pool-1-thread-1 @coroutine#889] DEBUG id.walt.credentials.w3c.schema.NetworkntSchemaValidator - $.credentialSubject.foo: is not defined in the schema and the schema does not allow additional properties
14532 [pool-1-thread-1 @coroutine#889] DEBUG id.walt.auditor.VerificationPolicy - VerificationPolicy failed: $.credentialSubject.foo: is not defined in the schema and the schema does not allow additional properties
14532 [pool-1-thread-1 @coroutine#889] DEBUG id.walt.auditor.VerificationPolicy - VerificationPolicy failed: Cannot read Json element because of unexpected end of the input at path: $
JSON input: 
]]></system-err>
</testsuite>
