<?xml version="1.0" encoding="UTF-8"?>
<testsuite name="id.walt.cli.VcIssueCommandTest" tests="8" skipped="0" failures="0" errors="0" timestamp="2024-09-12T09:39:42" hostname="pablito-B550-AORUS-ELITE-V2" time="0.092">
  <properties/>
  <testcase name="vc issue --help" classname="id.walt.cli.VcIssueCommandTest" time="0.009"/>
  <testcase name="vc issue default" classname="id.walt.cli.VcIssueCommandTest" time="0.027"/>
  <testcase name="vc issue VerifiableId LD_PROOF" classname="id.walt.cli.VcIssueCommandTest" time="0.01"/>
  <testcase name="vc issue VerifiableDiploma LD_PROOF" classname="id.walt.cli.VcIssueCommandTest" time="0.01"/>
  <testcase name="vc issue VerifiableDiploma LD_PROOF incl. issuerVerificationMethod" classname="id.walt.cli.VcIssueCommandTest" time="0.01"/>
  <testcase name="vc issue VerifiableAttestation LD_PROOF" classname="id.walt.cli.VcIssueCommandTest" time="0.0"/>
  <testcase name="vc issue VerifiableId JWT" classname="id.walt.cli.VcIssueCommandTest" time="0.01"/>
  <testcase name="vc issue VerifiableDiploma JWT" classname="id.walt.cli.VcIssueCommandTest" time="0.01"/>
  <system-out><![CDATA[Issuing a verifiable credential (using template VerifiableDiploma)...
with selective disclosure:
   + with decoys: NONE (0)


Results:

Issuer "did:ebsi:z23C8GLRGQ2Xfq7vi8KEkUWK"
⇓ issued a "VerifiableDiploma" to ⇓
Holder "did:key:z6MktrSarajFSZpupSJm4KNy3gBfvnCxSVJ6XysSnKqjPNa7"

Credential document (below, JSON):

{
  "type" : [ "VerifiableCredential", "VerifiableAttestation", "VerifiableDiploma" ],
  "@context" : [ "https://www.w3.org/2018/credentials/v1", "https://w3id.org/security/suites/jws-2020/v1" ],
  "id" : "urn:uuid:a389d802-ddca-483e-b765-6382675e44a3",
  "issuer" : "did:ebsi:z23C8GLRGQ2Xfq7vi8KEkUWK",
  "issuanceDate" : "2024-09-12T09:39:42Z",
  "issued" : "2024-09-12T09:39:42Z",
  "validFrom" : "2024-09-12T09:39:42Z",
  "expirationDate" : "2022-08-31T00:00:00Z",
  "credentialSchema" : {
    "id" : "https://raw.githubusercontent.com/walt-id/waltid-ssikit-vclib/master/src/test/resources/schemas/VerifiableDiploma.json",
    "type" : "JsonSchemaValidator2018"
  },
  "credentialSubject" : {
    "id" : "did:key:z6MktrSarajFSZpupSJm4KNy3gBfvnCxSVJ6XysSnKqjPNa7",
    "awardingOpportunity" : {
      "awardingBody" : {
        "eidasLegalIdentifier" : "Unknown",
        "homepage" : "https://leaston.bcdiploma.com/",
        "id" : "did:ebsi:2A9BZ9SUe6BatacSpvs1V5CdjHvLpQ7bEsi2Jb6LdHKnQxaN",
        "preferredName" : "Leaston University",
        "registration" : "0597065J"
      },
      "endedAtTime" : "2020-06-26T00:00:00Z",
      "id" : "https://leaston.bcdiploma.com/law-economics-management#AwardingOpportunity",
      "identifier" : "https://certificate-demo.bcdiploma.com/check/87ED2F2270E6C41456E94B86B9D9115B4E35BCCAD200A49B846592C14F79C86BV1Fnbllta0NZTnJkR3lDWlRmTDlSRUJEVFZISmNmYzJhUU5sZUJ5Z2FJSHpWbmZZ",
      "location" : "FRANCE",
      "startedAtTime" : "2019-09-02T00:00:00Z"
    },
    "dateOfBirth" : "1993-04-08",
    "familyName" : "DOE",
    "givenNames" : "Jane",
    "gradingScheme" : {
      "id" : "https://leaston.bcdiploma.com/law-economics-management#GradingScheme",
      "title" : "Lower Second-Class Honours"
    },
    "identifier" : "0904008084H",
    "learningAchievement" : {
      "additionalNote" : [ "DISTRIBUTION MANAGEMENT" ],
      "description" : "MARKETING AND SALES",
      "id" : "https://leaston.bcdiploma.com/law-economics-management#LearningAchievment",
      "title" : "MASTERS LAW, ECONOMICS AND MANAGEMENT"
    },
    "learningSpecification" : {
      "ectsCreditPoints" : 120,
      "eqfLevel" : 7,
      "id" : "https://leaston.bcdiploma.com/law-economics-management#LearningSpecification",
      "iscedfCode" : [ "7" ],
      "nqfLevel" : [ "7" ]
    }
  },
  "credentialStatus" : {
    "id" : "https://essif.europa.eu/status/education#higherEducation#392ac7f6-399a-437b-a268-4691ead8f176",
    "type" : "CredentialStatusList2020"
  },
  "evidence" : {
    "documentPresence" : [ "Physical" ],
    "evidenceDocument" : [ "Passport" ],
    "id" : "https://essif.europa.eu/tsr-va/evidence/f2aeec97-fc0d-42bf-8ca7-0548192d5678",
    "subjectPresence" : "Physical",
    "type" : [ "DocumentVerification" ],
    "verifier" : "did:ebsi:2962fb784df61baa267c8132497539f8c674b37c1244a7a"
  },
  "proof" : {
    "type" : "JsonWebSignature2020",
    "creator" : "did:ebsi:z23C8GLRGQ2Xfq7vi8KEkUWK",
    "created" : "2024-09-12T09:39:42Z",
    "proofPurpose" : "assertionMethod",
    "verificationMethod" : "did:ebsi:z23C8GLRGQ2Xfq7vi8KEkUWK#0196c321d07b4caa9214c27cb1033d7c",
    "jws" : "eyJiNjQiOmZhbHNlLCJjcml0IjpbImI2NCJdLCJhbGciOiJFUzI1NksifQ..AehZWX7gh12SifWwLEdsdJb_bq0LKwovGrm456rJhazFknBZguIg9PNIRjl6uN_EgajTBgKH6d_cKz-bBiUy3w"
  }
}
Issuing a verifiable credential (using template VerifiableId)...
with selective disclosure:
   + with decoys: NONE (0)


Results:

Issuer "did:ebsi:z23C8GLRGQ2Xfq7vi8KEkUWK"
⇓ issued a "VerifiableId" to ⇓
Holder "did:key:z6MktrSarajFSZpupSJm4KNy3gBfvnCxSVJ6XysSnKqjPNa7"

Credential document (below, JSON):

{
  "type" : [ "VerifiableCredential", "VerifiableAttestation", "VerifiableId" ],
  "@context" : [ "https://www.w3.org/2018/credentials/v1", "https://w3id.org/security/suites/jws-2020/v1" ],
  "id" : "urn:uuid:106379ff-e084-4a95-9fdb-5f717ee3b389",
  "issuer" : "did:ebsi:z23C8GLRGQ2Xfq7vi8KEkUWK",
  "issuanceDate" : "2024-09-12T09:39:42Z",
  "issued" : "2024-09-12T09:39:42Z",
  "validFrom" : "2024-09-12T09:39:42Z",
  "credentialSchema" : {
    "id" : "https://raw.githubusercontent.com/walt-id/waltid-ssikit-vclib/master/src/test/resources/schemas/VerifiableId.json",
    "type" : "FullJsonSchemaValidator2021"
  },
  "credentialSubject" : {
    "id" : "did:key:z6MktrSarajFSZpupSJm4KNy3gBfvnCxSVJ6XysSnKqjPNa7",
    "currentAddress" : [ "1 Boulevard de la Liberté, 59800 Lille" ],
    "dateOfBirth" : "1993-04-08",
    "familyName" : "DOE",
    "firstName" : "Jane",
    "gender" : "FEMALE",
    "nameAndFamilyNameAtBirth" : "Jane DOE",
    "personalIdentifier" : "0904008084H",
    "placeOfBirth" : "LILLE, FRANCE"
  },
  "evidence" : [ {
    "documentPresence" : [ "Physical" ],
    "evidenceDocument" : [ "Passport" ],
    "subjectPresence" : "Physical",
    "type" : [ "DocumentVerification" ],
    "verifier" : "did:ebsi:2A9BZ9SUe6BatacSpvs1V5CdjHvLpQ7bEsi2Jb6LdHKnQxaN"
  } ],
  "proof" : {
    "type" : "JsonWebSignature2020",
    "creator" : "did:ebsi:z23C8GLRGQ2Xfq7vi8KEkUWK",
    "created" : "2024-09-12T09:39:42Z",
    "proofPurpose" : "LD_PROOF",
    "verificationMethod" : "did:ebsi:z23C8GLRGQ2Xfq7vi8KEkUWK#0196c321d07b4caa9214c27cb1033d7c",
    "jws" : "eyJiNjQiOmZhbHNlLCJjcml0IjpbImI2NCJdLCJhbGciOiJFUzI1NksifQ..ImOw-EKTGYX_UO2rGP_SPEsVmsHnLS_MN7DFGh97bFQsEV-2XwMgyxkZyh3Ns-R8q-3cKBS64JVUfT8D1FalZw"
  }
}
Issuing a verifiable credential (using template VerifiableDiploma)...
with selective disclosure:
   + with decoys: NONE (0)


Results:

Issuer "did:ebsi:z23C8GLRGQ2Xfq7vi8KEkUWK"
⇓ issued a "VerifiableDiploma" to ⇓
Holder "did:key:z6MktrSarajFSZpupSJm4KNy3gBfvnCxSVJ6XysSnKqjPNa7"

Credential document (below, JSON):

{
  "type" : [ "VerifiableCredential", "VerifiableAttestation", "VerifiableDiploma" ],
  "@context" : [ "https://www.w3.org/2018/credentials/v1", "https://w3id.org/security/suites/jws-2020/v1" ],
  "id" : "urn:uuid:2f58b6fc-37aa-40a4-a0b5-a30433154dc9",
  "issuer" : "did:ebsi:z23C8GLRGQ2Xfq7vi8KEkUWK",
  "issuanceDate" : "2024-09-12T09:39:42Z",
  "issued" : "2024-09-12T09:39:42Z",
  "validFrom" : "2024-09-12T09:39:42Z",
  "expirationDate" : "2022-08-31T00:00:00Z",
  "credentialSchema" : {
    "id" : "https://raw.githubusercontent.com/walt-id/waltid-ssikit-vclib/master/src/test/resources/schemas/VerifiableDiploma.json",
    "type" : "JsonSchemaValidator2018"
  },
  "credentialSubject" : {
    "id" : "did:key:z6MktrSarajFSZpupSJm4KNy3gBfvnCxSVJ6XysSnKqjPNa7",
    "awardingOpportunity" : {
      "awardingBody" : {
        "eidasLegalIdentifier" : "Unknown",
        "homepage" : "https://leaston.bcdiploma.com/",
        "id" : "did:ebsi:2A9BZ9SUe6BatacSpvs1V5CdjHvLpQ7bEsi2Jb6LdHKnQxaN",
        "preferredName" : "Leaston University",
        "registration" : "0597065J"
      },
      "endedAtTime" : "2020-06-26T00:00:00Z",
      "id" : "https://leaston.bcdiploma.com/law-economics-management#AwardingOpportunity",
      "identifier" : "https://certificate-demo.bcdiploma.com/check/87ED2F2270E6C41456E94B86B9D9115B4E35BCCAD200A49B846592C14F79C86BV1Fnbllta0NZTnJkR3lDWlRmTDlSRUJEVFZISmNmYzJhUU5sZUJ5Z2FJSHpWbmZZ",
      "location" : "FRANCE",
      "startedAtTime" : "2019-09-02T00:00:00Z"
    },
    "dateOfBirth" : "1993-04-08",
    "familyName" : "DOE",
    "givenNames" : "Jane",
    "gradingScheme" : {
      "id" : "https://leaston.bcdiploma.com/law-economics-management#GradingScheme",
      "title" : "Lower Second-Class Honours"
    },
    "identifier" : "0904008084H",
    "learningAchievement" : {
      "additionalNote" : [ "DISTRIBUTION MANAGEMENT" ],
      "description" : "MARKETING AND SALES",
      "id" : "https://leaston.bcdiploma.com/law-economics-management#LearningAchievment",
      "title" : "MASTERS LAW, ECONOMICS AND MANAGEMENT"
    },
    "learningSpecification" : {
      "ectsCreditPoints" : 120,
      "eqfLevel" : 7,
      "id" : "https://leaston.bcdiploma.com/law-economics-management#LearningSpecification",
      "iscedfCode" : [ "7" ],
      "nqfLevel" : [ "7" ]
    }
  },
  "credentialStatus" : {
    "id" : "https://essif.europa.eu/status/education#higherEducation#392ac7f6-399a-437b-a268-4691ead8f176",
    "type" : "CredentialStatusList2020"
  },
  "evidence" : {
    "documentPresence" : [ "Physical" ],
    "evidenceDocument" : [ "Passport" ],
    "id" : "https://essif.europa.eu/tsr-va/evidence/f2aeec97-fc0d-42bf-8ca7-0548192d5678",
    "subjectPresence" : "Physical",
    "type" : [ "DocumentVerification" ],
    "verifier" : "did:ebsi:2962fb784df61baa267c8132497539f8c674b37c1244a7a"
  },
  "proof" : {
    "type" : "JsonWebSignature2020",
    "creator" : "did:ebsi:z23C8GLRGQ2Xfq7vi8KEkUWK",
    "created" : "2024-09-12T09:39:42Z",
    "proofPurpose" : "LD_PROOF",
    "verificationMethod" : "did:ebsi:z23C8GLRGQ2Xfq7vi8KEkUWK#0196c321d07b4caa9214c27cb1033d7c",
    "jws" : "eyJiNjQiOmZhbHNlLCJjcml0IjpbImI2NCJdLCJhbGciOiJFUzI1NksifQ..GCXOfhnwlnnPMSYkXEj_tKlECkKtFUITYDaronnI-Aaj2gGv1REa77unk47XK5z8-Lo1qoiZGa0VdUmeZKVGug"
  }
}
Issuing a verifiable credential (using template VerifiableDiploma)...
with selective disclosure:
   + with decoys: NONE (0)


Results:

Issuer "did:ebsi:z23C8GLRGQ2Xfq7vi8KEkUWK"
⇓ issued a "VerifiableDiploma" to ⇓
Holder "did:key:z6MktrSarajFSZpupSJm4KNy3gBfvnCxSVJ6XysSnKqjPNa7"

Credential document (below, JSON):

{
  "type" : [ "VerifiableCredential", "VerifiableAttestation", "VerifiableDiploma" ],
  "@context" : [ "https://www.w3.org/2018/credentials/v1", "https://w3id.org/security/suites/jws-2020/v1" ],
  "id" : "urn:uuid:22c1996f-79a6-49c3-8515-8e9d267a1991",
  "issuer" : "did:ebsi:z23C8GLRGQ2Xfq7vi8KEkUWK",
  "issuanceDate" : "2024-09-12T09:39:42Z",
  "issued" : "2024-09-12T09:39:42Z",
  "validFrom" : "2024-09-12T09:39:42Z",
  "expirationDate" : "2022-08-31T00:00:00Z",
  "credentialSchema" : {
    "id" : "https://raw.githubusercontent.com/walt-id/waltid-ssikit-vclib/master/src/test/resources/schemas/VerifiableDiploma.json",
    "type" : "JsonSchemaValidator2018"
  },
  "credentialSubject" : {
    "id" : "did:key:z6MktrSarajFSZpupSJm4KNy3gBfvnCxSVJ6XysSnKqjPNa7",
    "awardingOpportunity" : {
      "awardingBody" : {
        "eidasLegalIdentifier" : "Unknown",
        "homepage" : "https://leaston.bcdiploma.com/",
        "id" : "did:ebsi:2A9BZ9SUe6BatacSpvs1V5CdjHvLpQ7bEsi2Jb6LdHKnQxaN",
        "preferredName" : "Leaston University",
        "registration" : "0597065J"
      },
      "endedAtTime" : "2020-06-26T00:00:00Z",
      "id" : "https://leaston.bcdiploma.com/law-economics-management#AwardingOpportunity",
      "identifier" : "https://certificate-demo.bcdiploma.com/check/87ED2F2270E6C41456E94B86B9D9115B4E35BCCAD200A49B846592C14F79C86BV1Fnbllta0NZTnJkR3lDWlRmTDlSRUJEVFZISmNmYzJhUU5sZUJ5Z2FJSHpWbmZZ",
      "location" : "FRANCE",
      "startedAtTime" : "2019-09-02T00:00:00Z"
    },
    "dateOfBirth" : "1993-04-08",
    "familyName" : "DOE",
    "givenNames" : "Jane",
    "gradingScheme" : {
      "id" : "https://leaston.bcdiploma.com/law-economics-management#GradingScheme",
      "title" : "Lower Second-Class Honours"
    },
    "identifier" : "0904008084H",
    "learningAchievement" : {
      "additionalNote" : [ "DISTRIBUTION MANAGEMENT" ],
      "description" : "MARKETING AND SALES",
      "id" : "https://leaston.bcdiploma.com/law-economics-management#LearningAchievment",
      "title" : "MASTERS LAW, ECONOMICS AND MANAGEMENT"
    },
    "learningSpecification" : {
      "ectsCreditPoints" : 120,
      "eqfLevel" : 7,
      "id" : "https://leaston.bcdiploma.com/law-economics-management#LearningSpecification",
      "iscedfCode" : [ "7" ],
      "nqfLevel" : [ "7" ]
    }
  },
  "credentialStatus" : {
    "id" : "https://essif.europa.eu/status/education#higherEducation#392ac7f6-399a-437b-a268-4691ead8f176",
    "type" : "CredentialStatusList2020"
  },
  "evidence" : {
    "documentPresence" : [ "Physical" ],
    "evidenceDocument" : [ "Passport" ],
    "id" : "https://essif.europa.eu/tsr-va/evidence/f2aeec97-fc0d-42bf-8ca7-0548192d5678",
    "subjectPresence" : "Physical",
    "type" : [ "DocumentVerification" ],
    "verifier" : "did:ebsi:2962fb784df61baa267c8132497539f8c674b37c1244a7a"
  },
  "proof" : {
    "type" : "JsonWebSignature2020",
    "creator" : "did:ebsi:z23C8GLRGQ2Xfq7vi8KEkUWK",
    "created" : "2024-09-12T09:39:42Z",
    "proofPurpose" : "LD_PROOF",
    "verificationMethod" : "did:ebsi:z23C8GLRGQ2Xfq7vi8KEkUWK#0196c321d07b4caa9214c27cb1033d7c",
    "jws" : "eyJiNjQiOmZhbHNlLCJjcml0IjpbImI2NCJdLCJhbGciOiJFUzI1NksifQ..gNvjfMzFpEJyzQn20x1kiMyuJNCwNvkDmUszKudVTwf_2CQN1VrADBCfgPrt5Efw9671AYLzqOH2gNK-pHgZ4A"
  }
}
Issuing a verifiable credential (using template VerifiableId)...
with selective disclosure:
   + with decoys: NONE (0)


Results:

Issuer "did:ebsi:z23C8GLRGQ2Xfq7vi8KEkUWK"
⇓ issued a "VerifiableId" to ⇓
Holder "did:key:z6MktrSarajFSZpupSJm4KNy3gBfvnCxSVJ6XysSnKqjPNa7"

Credential document (below, JSON):

{
  "type" : [ "VerifiableCredential", "VerifiableAttestation", "VerifiableId" ],
  "@context" : [ "https://www.w3.org/2018/credentials/v1", "https://w3id.org/security/suites/jws-2020/v1" ],
  "id" : "urn:uuid:01a77bc7-d300-44c1-b3b5-7b2702f14507",
  "issuer" : "did:ebsi:z23C8GLRGQ2Xfq7vi8KEkUWK",
  "issuanceDate" : "2024-09-12T09:39:42Z",
  "issued" : "2024-09-12T09:39:42Z",
  "validFrom" : "2024-09-12T09:39:42Z",
  "credentialSchema" : {
    "id" : "https://raw.githubusercontent.com/walt-id/waltid-ssikit-vclib/master/src/test/resources/schemas/VerifiableId.json",
    "type" : "FullJsonSchemaValidator2021"
  },
  "credentialSubject" : {
    "id" : "did:key:z6MktrSarajFSZpupSJm4KNy3gBfvnCxSVJ6XysSnKqjPNa7",
    "currentAddress" : [ "1 Boulevard de la Liberté, 59800 Lille" ],
    "dateOfBirth" : "1993-04-08",
    "familyName" : "DOE",
    "firstName" : "Jane",
    "gender" : "FEMALE",
    "nameAndFamilyNameAtBirth" : "Jane DOE",
    "personalIdentifier" : "0904008084H",
    "placeOfBirth" : "LILLE, FRANCE"
  },
  "evidence" : [ {
    "documentPresence" : [ "Physical" ],
    "evidenceDocument" : [ "Passport" ],
    "subjectPresence" : "Physical",
    "type" : [ "DocumentVerification" ],
    "verifier" : "did:ebsi:2A9BZ9SUe6BatacSpvs1V5CdjHvLpQ7bEsi2Jb6LdHKnQxaN"
  } ],
  "proof" : {
    "type" : "JsonWebSignature2020",
    "creator" : "did:ebsi:z23C8GLRGQ2Xfq7vi8KEkUWK",
    "created" : "2024-09-12T09:39:42Z",
    "proofPurpose" : "JWT",
    "verificationMethod" : "did:ebsi:z23C8GLRGQ2Xfq7vi8KEkUWK#0196c321d07b4caa9214c27cb1033d7c",
    "jws" : "eyJiNjQiOmZhbHNlLCJjcml0IjpbImI2NCJdLCJhbGciOiJFUzI1NksifQ..CjLWAKA9XArFZyHgbc_PBHp8ben_w6n9vM_n6TolOdF4_plEz48ym_2v_0eqNFNhy1vr_79hCScv1UrWVocF_Q"
  }
}
Issuing a verifiable credential (using template VerifiableDiploma)...
with selective disclosure:
   + with decoys: NONE (0)


Results:

Issuer "did:ebsi:z23C8GLRGQ2Xfq7vi8KEkUWK"
⇓ issued a "VerifiableDiploma" to ⇓
Holder "did:key:z6MktrSarajFSZpupSJm4KNy3gBfvnCxSVJ6XysSnKqjPNa7"

Credential document (below, JSON):

{
  "type" : [ "VerifiableCredential", "VerifiableAttestation", "VerifiableDiploma" ],
  "@context" : [ "https://www.w3.org/2018/credentials/v1", "https://w3id.org/security/suites/jws-2020/v1" ],
  "id" : "urn:uuid:b43ab78b-07d3-4235-8860-d6f045044bf5",
  "issuer" : "did:ebsi:z23C8GLRGQ2Xfq7vi8KEkUWK",
  "issuanceDate" : "2024-09-12T09:39:42Z",
  "issued" : "2024-09-12T09:39:42Z",
  "validFrom" : "2024-09-12T09:39:42Z",
  "expirationDate" : "2022-08-31T00:00:00Z",
  "credentialSchema" : {
    "id" : "https://raw.githubusercontent.com/walt-id/waltid-ssikit-vclib/master/src/test/resources/schemas/VerifiableDiploma.json",
    "type" : "JsonSchemaValidator2018"
  },
  "credentialSubject" : {
    "id" : "did:key:z6MktrSarajFSZpupSJm4KNy3gBfvnCxSVJ6XysSnKqjPNa7",
    "awardingOpportunity" : {
      "awardingBody" : {
        "eidasLegalIdentifier" : "Unknown",
        "homepage" : "https://leaston.bcdiploma.com/",
        "id" : "did:ebsi:2A9BZ9SUe6BatacSpvs1V5CdjHvLpQ7bEsi2Jb6LdHKnQxaN",
        "preferredName" : "Leaston University",
        "registration" : "0597065J"
      },
      "endedAtTime" : "2020-06-26T00:00:00Z",
      "id" : "https://leaston.bcdiploma.com/law-economics-management#AwardingOpportunity",
      "identifier" : "https://certificate-demo.bcdiploma.com/check/87ED2F2270E6C41456E94B86B9D9115B4E35BCCAD200A49B846592C14F79C86BV1Fnbllta0NZTnJkR3lDWlRmTDlSRUJEVFZISmNmYzJhUU5sZUJ5Z2FJSHpWbmZZ",
      "location" : "FRANCE",
      "startedAtTime" : "2019-09-02T00:00:00Z"
    },
    "dateOfBirth" : "1993-04-08",
    "familyName" : "DOE",
    "givenNames" : "Jane",
    "gradingScheme" : {
      "id" : "https://leaston.bcdiploma.com/law-economics-management#GradingScheme",
      "title" : "Lower Second-Class Honours"
    },
    "identifier" : "0904008084H",
    "learningAchievement" : {
      "additionalNote" : [ "DISTRIBUTION MANAGEMENT" ],
      "description" : "MARKETING AND SALES",
      "id" : "https://leaston.bcdiploma.com/law-economics-management#LearningAchievment",
      "title" : "MASTERS LAW, ECONOMICS AND MANAGEMENT"
    },
    "learningSpecification" : {
      "ectsCreditPoints" : 120,
      "eqfLevel" : 7,
      "id" : "https://leaston.bcdiploma.com/law-economics-management#LearningSpecification",
      "iscedfCode" : [ "7" ],
      "nqfLevel" : [ "7" ]
    }
  },
  "credentialStatus" : {
    "id" : "https://essif.europa.eu/status/education#higherEducation#392ac7f6-399a-437b-a268-4691ead8f176",
    "type" : "CredentialStatusList2020"
  },
  "evidence" : {
    "documentPresence" : [ "Physical" ],
    "evidenceDocument" : [ "Passport" ],
    "id" : "https://essif.europa.eu/tsr-va/evidence/f2aeec97-fc0d-42bf-8ca7-0548192d5678",
    "subjectPresence" : "Physical",
    "type" : [ "DocumentVerification" ],
    "verifier" : "did:ebsi:2962fb784df61baa267c8132497539f8c674b37c1244a7a"
  },
  "proof" : {
    "type" : "JsonWebSignature2020",
    "creator" : "did:ebsi:z23C8GLRGQ2Xfq7vi8KEkUWK",
    "created" : "2024-09-12T09:39:42Z",
    "proofPurpose" : "JWT",
    "verificationMethod" : "did:ebsi:z23C8GLRGQ2Xfq7vi8KEkUWK#0196c321d07b4caa9214c27cb1033d7c",
    "jws" : "eyJiNjQiOmZhbHNlLCJjcml0IjpbImI2NCJdLCJhbGciOiJFUzI1NksifQ..njh0TQLza5EoymJ-dKHKJft2SvR5TPVXnDVx_RpPTj15KCiMaAdEWTO2dtsG6kCSuM_8aDta5ggww99XgXZ-4w"
  }
}
]]></system-out>
  <system-err><![CDATA[7446 [Test worker @coroutine#12] DEBUG id.walt.services.keystore.HKVKeyStoreService - Storing key "0196c321d07b4caa9214c27cb1033d7c".
7446 [Test worker @coroutine#12] DEBUG id.walt.services.keystore.HKVKeyStoreService - Loading key "0196c321d07b4caa9214c27cb1033d7c".
7446 [Test worker @coroutine#12] DEBUG id.walt.services.keystore.HKVKeyStoreService - Loading key "0196c321d07b4caa9214c27cb1033d7c".
7446 [Test worker @coroutine#12] DEBUG id.walt.services.did.composers.DidDocumentComposerBase - Verification method JWK for kid: {"kty":"EC","use":"sig","crv":"secp256k1","kid":"0196c321d07b4caa9214c27cb1033d7c","x":"FWRAiI9vVfyu3wLBjpjbCoD1NohgHB9VTc3vt7r9YMs","y":"EMg5656Ei43LhTA9gty5ENUUYYzJa7V_F2IiH4dt6H4","alg":"ES256K"}
7446 [Test worker @coroutine#12] DEBUG id.walt.services.did.composers.DidDocumentComposerBase - Verification method public JWK: {"kty":"EC","use":"sig","crv":"secp256k1","kid":"0196c321d07b4caa9214c27cb1033d7c","x":"FWRAiI9vVfyu3wLBjpjbCoD1NohgHB9VTc3vt7r9YMs","y":"EMg5656Ei43LhTA9gty5ENUUYYzJa7V_F2IiH4dt6H4","alg":"ES256K"}
7447 [Test worker @coroutine#12] DEBUG id.walt.services.did.composers.DidDocumentComposerBase - Verification method parsed public JWK: Jwk(kid=0196c321d07b4caa9214c27cb1033d7c, kty=EC, alg=ES256K, crv=secp256k1, use=sig, x=FWRAiI9vVfyu3wLBjpjbCoD1NohgHB9VTc3vt7r9YMs, y=EMg5656Ei43LhTA9gty5ENUUYYzJa7V_F2IiH4dt6H4, d=null, n=null, e=null, x5u=null)
7449 [Test worker @coroutine#12] DEBUG id.walt.services.keystore.HKVKeyStoreService - Loading key "0196c321d07b4caa9214c27cb1033d7c".
7449 [Test worker @coroutine#12] DEBUG id.walt.services.did.DidService - A key with the id "0196c321d07b4caa9214c27cb1033d7c" exists.
7449 [Test worker @coroutine#12] DEBUG id.walt.model.DidUrl - Trying to create DidUrl from URL: "did:ebsi:z23C8GLRGQ2Xfq7vi8KEkUWK"...
7449 [Test worker @coroutine#12] DEBUG id.walt.model.DidUrl - Trying to create DidUrl from URL: "did:ebsi:z23C8GLRGQ2Xfq7vi8KEkUWK"...
7450 [Test worker @coroutine#12] DEBUG id.walt.services.keystore.HKVKeyStoreService - Storing key "7d545178d59f4a798d76d730123857f6".
7450 [Test worker @coroutine#12] DEBUG id.walt.services.keystore.HKVKeyStoreService - Loading key "7d545178d59f4a798d76d730123857f6".
7450 [Test worker @coroutine#12] DEBUG id.walt.model.DidUrl - Trying to create DidUrl from URL: "did:key:z6MktrSarajFSZpupSJm4KNy3gBfvnCxSVJ6XysSnKqjPNa7"...
7452 [Test worker @coroutine#12] DEBUG id.walt.services.keystore.HKVKeyStoreService - Loading key "7d545178d59f4a798d76d730123857f6".
7452 [Test worker @coroutine#12] DEBUG id.walt.services.did.DidService - A key with the id "7d545178d59f4a798d76d730123857f6" exists.
7452 [Test worker @coroutine#12] DEBUG id.walt.model.DidUrl - Trying to create DidUrl from URL: "did:key:z6MktrSarajFSZpupSJm4KNy3gBfvnCxSVJ6XysSnKqjPNa7"...
7452 [Test worker @coroutine#12] DEBUG id.walt.model.DidUrl - Trying to create DidUrl from URL: "did:key:z6MktrSarajFSZpupSJm4KNy3gBfvnCxSVJ6XysSnKqjPNa7"...
7470 [pool-1-thread-1 @coroutine#157] DEBUG id.walt.cli.VcCommand - Loading credential template: VerifiableDiploma
7470 [pool-1-thread-1 @coroutine#157] DEBUG id.walt.model.DidUrl - Trying to create DidUrl from URL: "did:ebsi:z23C8GLRGQ2Xfq7vi8KEkUWK"...
7470 [pool-1-thread-1 @coroutine#157] DEBUG id.walt.model.DidUrl - Trying to create DidUrl from URL: "did:ebsi:z23C8GLRGQ2Xfq7vi8KEkUWK"...
7470 [pool-1-thread-1 @coroutine#157] DEBUG id.walt.signatory.WaltIdSignatory - Signing credential with proof using LD_PROOF...
7470 [pool-1-thread-1 @coroutine#157] DEBUG id.walt.signatory.WaltIdSignatory - Signing credential with proof using LD_PROOF, credential is: {"type":["VerifiableCredential","VerifiableAttestation","VerifiableDiploma"],"@context":["https://www.w3.org/2018/credentials/v1"],"id":"urn:uuid:a389d802-ddca-483e-b765-6382675e44a3","issuer":"did:ebsi:z23C8GLRGQ2Xfq7vi8KEkUWK","issuanceDate":"2024-09-12T09:39:42Z","issued":"2024-09-12T09:39:42Z","validFrom":"2024-09-12T09:39:42Z","expirationDate":"2022-08-31T00:00:00Z","credentialSchema":{"id":"https://raw.githubusercontent.com/walt-id/waltid-ssikit-vclib/master/src/test/resources/schemas/VerifiableDiploma.json","type":"JsonSchemaValidator2018"},"credentialSubject":{"id":"did:key:z6MktrSarajFSZpupSJm4KNy3gBfvnCxSVJ6XysSnKqjPNa7","awardingOpportunity":{"awardingBody":{"eidasLegalIdentifier":"Unknown","homepage":"https://leaston.bcdiploma.com/","id":"did:ebsi:2A9BZ9SUe6BatacSpvs1V5CdjHvLpQ7bEsi2Jb6LdHKnQxaN","preferredName":"Leaston University","registration":"0597065J"},"endedAtTime":"2020-06-26T00:00:00Z","id":"https://leaston.bcdiploma.com/law-economics-management#AwardingOpportunity","identifier":"https://certificate-demo.bcdiploma.com/check/87ED2F2270E6C41456E94B86B9D9115B4E35BCCAD200A49B846592C14F79C86BV1Fnbllta0NZTnJkR3lDWlRmTDlSRUJEVFZISmNmYzJhUU5sZUJ5Z2FJSHpWbmZZ","location":"FRANCE","startedAtTime":"2019-09-02T00:00:00Z"},"dateOfBirth":"1993-04-08","familyName":"DOE","givenNames":"Jane","gradingScheme":{"id":"https://leaston.bcdiploma.com/law-economics-management#GradingScheme","title":"Lower Second-Class Honours"},"identifier":"0904008084H","learningAchievement":{"additionalNote":["DISTRIBUTION MANAGEMENT"],"description":"MARKETING AND SALES","id":"https://leaston.bcdiploma.com/law-economics-management#LearningAchievment","title":"MASTERS LAW, ECONOMICS AND MANAGEMENT"},"learningSpecification":{"ectsCreditPoints":120,"eqfLevel":7,"id":"https://leaston.bcdiploma.com/law-economics-management#LearningSpecification","iscedfCode":["7"],"nqfLevel":["7"]}},"credentialStatus":{"id":"https://essif.europa.eu/status/education#higherEducation#392ac7f6-399a-437b-a268-4691ead8f176","type":"CredentialStatusList2020"},"evidence":{"documentPresence":["Physical"],"evidenceDocument":["Passport"],"id":"https://essif.europa.eu/tsr-va/evidence/f2aeec97-fc0d-42bf-8ca7-0548192d5678","subjectPresence":"Physical","type":["DocumentVerification"],"verifier":"did:ebsi:2962fb784df61baa267c8132497539f8c674b37c1244a7a"}}
7470 [pool-1-thread-1 @coroutine#157] DEBUG id.walt.services.vc.WaltIdJsonLdCredentialService - Signing jsonLd object with: issuerDid (did:ebsi:z23C8GLRGQ2Xfq7vi8KEkUWK), domain (null), nonce (null
7471 [pool-1-thread-1 @coroutine#157] DEBUG id.walt.services.keystore.HKVKeyStoreService - Loading key "did:ebsi:z23C8GLRGQ2Xfq7vi8KEkUWK#0196c321d07b4caa9214c27cb1033d7c".
7471 [pool-1-thread-1 @coroutine#157] DEBUG id.walt.services.vc.WaltIdJsonLdCredentialService - Signing: {"type":["VerifiableCredential","VerifiableAttestation","VerifiableDiploma"],"@context":["https://www.w3.org/2018/credentials/v1"],"id":"urn:uuid:a389d802-ddca-483e-b765-6382675e44a3","issuer":"did:ebsi:z23C8GLRGQ2Xfq7vi8KEkUWK","issuanceDate":"2024-09-12T09:39:42Z","issued":"2024-09-12T09:39:42Z","validFrom":"2024-09-12T09:39:42Z","expirationDate":"2022-08-31T00:00:00Z","credentialSchema":{"id":"https://raw.githubusercontent.com/walt-id/waltid-ssikit-vclib/master/src/test/resources/schemas/VerifiableDiploma.json","type":"JsonSchemaValidator2018"},"credentialSubject":{"id":"did:key:z6MktrSarajFSZpupSJm4KNy3gBfvnCxSVJ6XysSnKqjPNa7","awardingOpportunity":{"awardingBody":{"eidasLegalIdentifier":"Unknown","homepage":"https://leaston.bcdiploma.com/","id":"did:ebsi:2A9BZ9SUe6BatacSpvs1V5CdjHvLpQ7bEsi2Jb6LdHKnQxaN","preferredName":"Leaston University","registration":"0597065J"},"endedAtTime":"2020-06-26T00:00:00Z","id":"https://leaston.bcdiploma.com/law-economics-management#AwardingOpportunity","identifier":"https://certificate-demo.bcdiploma.com/check/87ED2F2270E6C41456E94B86B9D9115B4E35BCCAD200A49B846592C14F79C86BV1Fnbllta0NZTnJkR3lDWlRmTDlSRUJEVFZISmNmYzJhUU5sZUJ5Z2FJSHpWbmZZ","location":"FRANCE","startedAtTime":"2019-09-02T00:00:00Z"},"dateOfBirth":"1993-04-08","familyName":"DOE","givenNames":"Jane","gradingScheme":{"id":"https://leaston.bcdiploma.com/law-economics-management#GradingScheme","title":"Lower Second-Class Honours"},"identifier":"0904008084H","learningAchievement":{"additionalNote":["DISTRIBUTION MANAGEMENT"],"description":"MARKETING AND SALES","id":"https://leaston.bcdiploma.com/law-economics-management#LearningAchievment","title":"MASTERS LAW, ECONOMICS AND MANAGEMENT"},"learningSpecification":{"ectsCreditPoints":120,"eqfLevel":7,"id":"https://leaston.bcdiploma.com/law-economics-management#LearningSpecification","iscedfCode":["7"],"nqfLevel":["7"]}},"credentialStatus":{"id":"https://essif.europa.eu/status/education#higherEducation#392ac7f6-399a-437b-a268-4691ead8f176","type":"CredentialStatusList2020"},"evidence":{"documentPresence":["Physical"],"evidenceDocument":["Passport"],"id":"https://essif.europa.eu/tsr-va/evidence/f2aeec97-fc0d-42bf-8ca7-0548192d5678","subjectPresence":"Physical","type":["DocumentVerification"],"verifier":"did:ebsi:2962fb784df61baa267c8132497539f8c674b37c1244a7a"}}
Sep 12, 2024 11:39:42 AM com.apicatalog.jsonld.deseralization.JsonLdToRdf build
WARNING: Non well-formed subject [https://essif.europa.eu/status/education#higherEducation#392ac7f6-399a-437b-a268-4691ead8f176] has been skipped.
7476 [pool-1-thread-1 @coroutine#157] DEBUG id.walt.services.keystore.HKVKeyStoreService - Loading key "0196c321d07b4caa9214c27cb1033d7c".
7476 [pool-1-thread-1 @coroutine#157] DEBUG id.walt.services.keystore.HKVKeyStoreService - Loading key "0196c321d07b4caa9214c27cb1033d7c".
7478 [pool-1-thread-1 @coroutine#157] DEBUG id.walt.services.keystore.HKVKeyStoreService - Loading key "0196c321d07b4caa9214c27cb1033d7c".
7490 [pool-1-thread-1 @coroutine#157] DEBUG id.walt.signatory.WaltIdSignatory - Signed VC is: {
  "type" : [ "VerifiableCredential", "VerifiableAttestation", "VerifiableDiploma" ],
  "@context" : [ "https://www.w3.org/2018/credentials/v1", "https://w3id.org/security/suites/jws-2020/v1" ],
  "id" : "urn:uuid:a389d802-ddca-483e-b765-6382675e44a3",
  "issuer" : "did:ebsi:z23C8GLRGQ2Xfq7vi8KEkUWK",
  "issuanceDate" : "2024-09-12T09:39:42Z",
  "issued" : "2024-09-12T09:39:42Z",
  "validFrom" : "2024-09-12T09:39:42Z",
  "expirationDate" : "2022-08-31T00:00:00Z",
  "credentialSchema" : {
    "id" : "https://raw.githubusercontent.com/walt-id/waltid-ssikit-vclib/master/src/test/resources/schemas/VerifiableDiploma.json",
    "type" : "JsonSchemaValidator2018"
  },
  "credentialSubject" : {
    "id" : "did:key:z6MktrSarajFSZpupSJm4KNy3gBfvnCxSVJ6XysSnKqjPNa7",
    "awardingOpportunity" : {
      "awardingBody" : {
        "eidasLegalIdentifier" : "Unknown",
        "homepage" : "https://leaston.bcdiploma.com/",
        "id" : "did:ebsi:2A9BZ9SUe6BatacSpvs1V5CdjHvLpQ7bEsi2Jb6LdHKnQxaN",
        "preferredName" : "Leaston University",
        "registration" : "0597065J"
      },
      "endedAtTime" : "2020-06-26T00:00:00Z",
      "id" : "https://leaston.bcdiploma.com/law-economics-management#AwardingOpportunity",
      "identifier" : "https://certificate-demo.bcdiploma.com/check/87ED2F2270E6C41456E94B86B9D9115B4E35BCCAD200A49B846592C14F79C86BV1Fnbllta0NZTnJkR3lDWlRmTDlSRUJEVFZISmNmYzJhUU5sZUJ5Z2FJSHpWbmZZ",
      "location" : "FRANCE",
      "startedAtTime" : "2019-09-02T00:00:00Z"
    },
    "dateOfBirth" : "1993-04-08",
    "familyName" : "DOE",
    "givenNames" : "Jane",
    "gradingScheme" : {
      "id" : "https://leaston.bcdiploma.com/law-economics-management#GradingScheme",
      "title" : "Lower Second-Class Honours"
    },
    "identifier" : "0904008084H",
    "learningAchievement" : {
      "additionalNote" : [ "DISTRIBUTION MANAGEMENT" ],
      "description" : "MARKETING AND SALES",
      "id" : "https://leaston.bcdiploma.com/law-economics-management#LearningAchievment",
      "title" : "MASTERS LAW, ECONOMICS AND MANAGEMENT"
    },
    "learningSpecification" : {
      "ectsCreditPoints" : 120,
      "eqfLevel" : 7,
      "id" : "https://leaston.bcdiploma.com/law-economics-management#LearningSpecification",
      "iscedfCode" : [ "7" ],
      "nqfLevel" : [ "7" ]
    }
  },
  "credentialStatus" : {
    "id" : "https://essif.europa.eu/status/education#higherEducation#392ac7f6-399a-437b-a268-4691ead8f176",
    "type" : "CredentialStatusList2020"
  },
  "evidence" : {
    "documentPresence" : [ "Physical" ],
    "evidenceDocument" : [ "Passport" ],
    "id" : "https://essif.europa.eu/tsr-va/evidence/f2aeec97-fc0d-42bf-8ca7-0548192d5678",
    "subjectPresence" : "Physical",
    "type" : [ "DocumentVerification" ],
    "verifier" : "did:ebsi:2962fb784df61baa267c8132497539f8c674b37c1244a7a"
  },
  "proof" : {
    "type" : "JsonWebSignature2020",
    "creator" : "did:ebsi:z23C8GLRGQ2Xfq7vi8KEkUWK",
    "created" : "2024-09-12T09:39:42Z",
    "proofPurpose" : "assertionMethod",
    "verificationMethod" : "did:ebsi:z23C8GLRGQ2Xfq7vi8KEkUWK#0196c321d07b4caa9214c27cb1033d7c",
    "jws" : "eyJiNjQiOmZhbHNlLCJjcml0IjpbImI2NCJdLCJhbGciOiJFUzI1NksifQ..AehZWX7gh12SifWwLEdsdJb_bq0LKwovGrm456rJhazFknBZguIg9PNIRjl6uN_EgajTBgKH6d_cKz-bBiUy3w"
  }
}
7496 [pool-1-thread-1 @coroutine#158] DEBUG id.walt.cli.VcCommand - Loading credential template: VerifiableId
7497 [pool-1-thread-1 @coroutine#158] DEBUG id.walt.model.DidUrl - Trying to create DidUrl from URL: "did:ebsi:z23C8GLRGQ2Xfq7vi8KEkUWK"...
7497 [pool-1-thread-1 @coroutine#158] DEBUG id.walt.model.DidUrl - Trying to create DidUrl from URL: "did:ebsi:z23C8GLRGQ2Xfq7vi8KEkUWK"...
7497 [pool-1-thread-1 @coroutine#158] DEBUG id.walt.signatory.WaltIdSignatory - Signing credential with proof using LD_PROOF...
7497 [pool-1-thread-1 @coroutine#158] DEBUG id.walt.signatory.WaltIdSignatory - Signing credential with proof using LD_PROOF, credential is: {"type":["VerifiableCredential","VerifiableAttestation","VerifiableId"],"@context":["https://www.w3.org/2018/credentials/v1"],"id":"urn:uuid:106379ff-e084-4a95-9fdb-5f717ee3b389","issuer":"did:ebsi:z23C8GLRGQ2Xfq7vi8KEkUWK","issuanceDate":"2024-09-12T09:39:42Z","issued":"2024-09-12T09:39:42Z","validFrom":"2024-09-12T09:39:42Z","credentialSchema":{"id":"https://raw.githubusercontent.com/walt-id/waltid-ssikit-vclib/master/src/test/resources/schemas/VerifiableId.json","type":"FullJsonSchemaValidator2021"},"credentialSubject":{"id":"did:key:z6MktrSarajFSZpupSJm4KNy3gBfvnCxSVJ6XysSnKqjPNa7","currentAddress":["1 Boulevard de la Liberté, 59800 Lille"],"dateOfBirth":"1993-04-08","familyName":"DOE","firstName":"Jane","gender":"FEMALE","nameAndFamilyNameAtBirth":"Jane DOE","personalIdentifier":"0904008084H","placeOfBirth":"LILLE, FRANCE"},"evidence":[{"documentPresence":["Physical"],"evidenceDocument":["Passport"],"subjectPresence":"Physical","type":["DocumentVerification"],"verifier":"did:ebsi:2A9BZ9SUe6BatacSpvs1V5CdjHvLpQ7bEsi2Jb6LdHKnQxaN"}]}
7497 [pool-1-thread-1 @coroutine#158] DEBUG id.walt.services.vc.WaltIdJsonLdCredentialService - Signing jsonLd object with: issuerDid (did:ebsi:z23C8GLRGQ2Xfq7vi8KEkUWK), domain (null), nonce (null
7497 [pool-1-thread-1 @coroutine#158] DEBUG id.walt.services.keystore.HKVKeyStoreService - Loading key "did:ebsi:z23C8GLRGQ2Xfq7vi8KEkUWK#0196c321d07b4caa9214c27cb1033d7c".
7498 [pool-1-thread-1 @coroutine#158] DEBUG id.walt.services.vc.WaltIdJsonLdCredentialService - Signing: {"type":["VerifiableCredential","VerifiableAttestation","VerifiableId"],"@context":["https://www.w3.org/2018/credentials/v1"],"id":"urn:uuid:106379ff-e084-4a95-9fdb-5f717ee3b389","issuer":"did:ebsi:z23C8GLRGQ2Xfq7vi8KEkUWK","issuanceDate":"2024-09-12T09:39:42Z","issued":"2024-09-12T09:39:42Z","validFrom":"2024-09-12T09:39:42Z","credentialSchema":{"id":"https://raw.githubusercontent.com/walt-id/waltid-ssikit-vclib/master/src/test/resources/schemas/VerifiableId.json","type":"FullJsonSchemaValidator2021"},"credentialSubject":{"id":"did:key:z6MktrSarajFSZpupSJm4KNy3gBfvnCxSVJ6XysSnKqjPNa7","currentAddress":["1 Boulevard de la Liberté, 59800 Lille"],"dateOfBirth":"1993-04-08","familyName":"DOE","firstName":"Jane","gender":"FEMALE","nameAndFamilyNameAtBirth":"Jane DOE","personalIdentifier":"0904008084H","placeOfBirth":"LILLE, FRANCE"},"evidence":[{"documentPresence":["Physical"],"evidenceDocument":["Passport"],"subjectPresence":"Physical","type":["DocumentVerification"],"verifier":"did:ebsi:2A9BZ9SUe6BatacSpvs1V5CdjHvLpQ7bEsi2Jb6LdHKnQxaN"}]}
Sep 12, 2024 11:39:42 AM com.apicatalog.jsonld.deseralization.JsonLdToRdf build
WARNING: Non well-formed subject [LD_PROOF] has been skipped.
7501 [pool-1-thread-1 @coroutine#158] DEBUG id.walt.services.keystore.HKVKeyStoreService - Loading key "0196c321d07b4caa9214c27cb1033d7c".
7501 [pool-1-thread-1 @coroutine#158] DEBUG id.walt.services.keystore.HKVKeyStoreService - Loading key "0196c321d07b4caa9214c27cb1033d7c".
7502 [pool-1-thread-1 @coroutine#158] DEBUG id.walt.services.keystore.HKVKeyStoreService - Loading key "0196c321d07b4caa9214c27cb1033d7c".
7503 [pool-1-thread-1 @coroutine#158] DEBUG id.walt.signatory.WaltIdSignatory - Signed VC is: {
  "type" : [ "VerifiableCredential", "VerifiableAttestation", "VerifiableId" ],
  "@context" : [ "https://www.w3.org/2018/credentials/v1", "https://w3id.org/security/suites/jws-2020/v1" ],
  "id" : "urn:uuid:106379ff-e084-4a95-9fdb-5f717ee3b389",
  "issuer" : "did:ebsi:z23C8GLRGQ2Xfq7vi8KEkUWK",
  "issuanceDate" : "2024-09-12T09:39:42Z",
  "issued" : "2024-09-12T09:39:42Z",
  "validFrom" : "2024-09-12T09:39:42Z",
  "credentialSchema" : {
    "id" : "https://raw.githubusercontent.com/walt-id/waltid-ssikit-vclib/master/src/test/resources/schemas/VerifiableId.json",
    "type" : "FullJsonSchemaValidator2021"
  },
  "credentialSubject" : {
    "id" : "did:key:z6MktrSarajFSZpupSJm4KNy3gBfvnCxSVJ6XysSnKqjPNa7",
    "currentAddress" : [ "1 Boulevard de la Liberté, 59800 Lille" ],
    "dateOfBirth" : "1993-04-08",
    "familyName" : "DOE",
    "firstName" : "Jane",
    "gender" : "FEMALE",
    "nameAndFamilyNameAtBirth" : "Jane DOE",
    "personalIdentifier" : "0904008084H",
    "placeOfBirth" : "LILLE, FRANCE"
  },
  "evidence" : [ {
    "documentPresence" : [ "Physical" ],
    "evidenceDocument" : [ "Passport" ],
    "subjectPresence" : "Physical",
    "type" : [ "DocumentVerification" ],
    "verifier" : "did:ebsi:2A9BZ9SUe6BatacSpvs1V5CdjHvLpQ7bEsi2Jb6LdHKnQxaN"
  } ],
  "proof" : {
    "type" : "JsonWebSignature2020",
    "creator" : "did:ebsi:z23C8GLRGQ2Xfq7vi8KEkUWK",
    "created" : "2024-09-12T09:39:42Z",
    "proofPurpose" : "LD_PROOF",
    "verificationMethod" : "did:ebsi:z23C8GLRGQ2Xfq7vi8KEkUWK#0196c321d07b4caa9214c27cb1033d7c",
    "jws" : "eyJiNjQiOmZhbHNlLCJjcml0IjpbImI2NCJdLCJhbGciOiJFUzI1NksifQ..ImOw-EKTGYX_UO2rGP_SPEsVmsHnLS_MN7DFGh97bFQsEV-2XwMgyxkZyh3Ns-R8q-3cKBS64JVUfT8D1FalZw"
  }
}
7507 [pool-1-thread-1 @coroutine#159] DEBUG id.walt.cli.VcCommand - Loading credential template: VerifiableDiploma
7507 [pool-1-thread-1 @coroutine#159] DEBUG id.walt.model.DidUrl - Trying to create DidUrl from URL: "did:ebsi:z23C8GLRGQ2Xfq7vi8KEkUWK"...
7507 [pool-1-thread-1 @coroutine#159] DEBUG id.walt.model.DidUrl - Trying to create DidUrl from URL: "did:ebsi:z23C8GLRGQ2Xfq7vi8KEkUWK"...
7508 [pool-1-thread-1 @coroutine#159] DEBUG id.walt.signatory.WaltIdSignatory - Signing credential with proof using LD_PROOF...
7508 [pool-1-thread-1 @coroutine#159] DEBUG id.walt.signatory.WaltIdSignatory - Signing credential with proof using LD_PROOF, credential is: {"type":["VerifiableCredential","VerifiableAttestation","VerifiableDiploma"],"@context":["https://www.w3.org/2018/credentials/v1"],"id":"urn:uuid:2f58b6fc-37aa-40a4-a0b5-a30433154dc9","issuer":"did:ebsi:z23C8GLRGQ2Xfq7vi8KEkUWK","issuanceDate":"2024-09-12T09:39:42Z","issued":"2024-09-12T09:39:42Z","validFrom":"2024-09-12T09:39:42Z","expirationDate":"2022-08-31T00:00:00Z","credentialSchema":{"id":"https://raw.githubusercontent.com/walt-id/waltid-ssikit-vclib/master/src/test/resources/schemas/VerifiableDiploma.json","type":"JsonSchemaValidator2018"},"credentialSubject":{"id":"did:key:z6MktrSarajFSZpupSJm4KNy3gBfvnCxSVJ6XysSnKqjPNa7","awardingOpportunity":{"awardingBody":{"eidasLegalIdentifier":"Unknown","homepage":"https://leaston.bcdiploma.com/","id":"did:ebsi:2A9BZ9SUe6BatacSpvs1V5CdjHvLpQ7bEsi2Jb6LdHKnQxaN","preferredName":"Leaston University","registration":"0597065J"},"endedAtTime":"2020-06-26T00:00:00Z","id":"https://leaston.bcdiploma.com/law-economics-management#AwardingOpportunity","identifier":"https://certificate-demo.bcdiploma.com/check/87ED2F2270E6C41456E94B86B9D9115B4E35BCCAD200A49B846592C14F79C86BV1Fnbllta0NZTnJkR3lDWlRmTDlSRUJEVFZISmNmYzJhUU5sZUJ5Z2FJSHpWbmZZ","location":"FRANCE","startedAtTime":"2019-09-02T00:00:00Z"},"dateOfBirth":"1993-04-08","familyName":"DOE","givenNames":"Jane","gradingScheme":{"id":"https://leaston.bcdiploma.com/law-economics-management#GradingScheme","title":"Lower Second-Class Honours"},"identifier":"0904008084H","learningAchievement":{"additionalNote":["DISTRIBUTION MANAGEMENT"],"description":"MARKETING AND SALES","id":"https://leaston.bcdiploma.com/law-economics-management#LearningAchievment","title":"MASTERS LAW, ECONOMICS AND MANAGEMENT"},"learningSpecification":{"ectsCreditPoints":120,"eqfLevel":7,"id":"https://leaston.bcdiploma.com/law-economics-management#LearningSpecification","iscedfCode":["7"],"nqfLevel":["7"]}},"credentialStatus":{"id":"https://essif.europa.eu/status/education#higherEducation#392ac7f6-399a-437b-a268-4691ead8f176","type":"CredentialStatusList2020"},"evidence":{"documentPresence":["Physical"],"evidenceDocument":["Passport"],"id":"https://essif.europa.eu/tsr-va/evidence/f2aeec97-fc0d-42bf-8ca7-0548192d5678","subjectPresence":"Physical","type":["DocumentVerification"],"verifier":"did:ebsi:2962fb784df61baa267c8132497539f8c674b37c1244a7a"}}
7508 [pool-1-thread-1 @coroutine#159] DEBUG id.walt.services.vc.WaltIdJsonLdCredentialService - Signing jsonLd object with: issuerDid (did:ebsi:z23C8GLRGQ2Xfq7vi8KEkUWK), domain (null), nonce (null
7508 [pool-1-thread-1 @coroutine#159] DEBUG id.walt.services.keystore.HKVKeyStoreService - Loading key "did:ebsi:z23C8GLRGQ2Xfq7vi8KEkUWK#0196c321d07b4caa9214c27cb1033d7c".
7508 [pool-1-thread-1 @coroutine#159] DEBUG id.walt.services.vc.WaltIdJsonLdCredentialService - Signing: {"type":["VerifiableCredential","VerifiableAttestation","VerifiableDiploma"],"@context":["https://www.w3.org/2018/credentials/v1"],"id":"urn:uuid:2f58b6fc-37aa-40a4-a0b5-a30433154dc9","issuer":"did:ebsi:z23C8GLRGQ2Xfq7vi8KEkUWK","issuanceDate":"2024-09-12T09:39:42Z","issued":"2024-09-12T09:39:42Z","validFrom":"2024-09-12T09:39:42Z","expirationDate":"2022-08-31T00:00:00Z","credentialSchema":{"id":"https://raw.githubusercontent.com/walt-id/waltid-ssikit-vclib/master/src/test/resources/schemas/VerifiableDiploma.json","type":"JsonSchemaValidator2018"},"credentialSubject":{"id":"did:key:z6MktrSarajFSZpupSJm4KNy3gBfvnCxSVJ6XysSnKqjPNa7","awardingOpportunity":{"awardingBody":{"eidasLegalIdentifier":"Unknown","homepage":"https://leaston.bcdiploma.com/","id":"did:ebsi:2A9BZ9SUe6BatacSpvs1V5CdjHvLpQ7bEsi2Jb6LdHKnQxaN","preferredName":"Leaston University","registration":"0597065J"},"endedAtTime":"2020-06-26T00:00:00Z","id":"https://leaston.bcdiploma.com/law-economics-management#AwardingOpportunity","identifier":"https://certificate-demo.bcdiploma.com/check/87ED2F2270E6C41456E94B86B9D9115B4E35BCCAD200A49B846592C14F79C86BV1Fnbllta0NZTnJkR3lDWlRmTDlSRUJEVFZISmNmYzJhUU5sZUJ5Z2FJSHpWbmZZ","location":"FRANCE","startedAtTime":"2019-09-02T00:00:00Z"},"dateOfBirth":"1993-04-08","familyName":"DOE","givenNames":"Jane","gradingScheme":{"id":"https://leaston.bcdiploma.com/law-economics-management#GradingScheme","title":"Lower Second-Class Honours"},"identifier":"0904008084H","learningAchievement":{"additionalNote":["DISTRIBUTION MANAGEMENT"],"description":"MARKETING AND SALES","id":"https://leaston.bcdiploma.com/law-economics-management#LearningAchievment","title":"MASTERS LAW, ECONOMICS AND MANAGEMENT"},"learningSpecification":{"ectsCreditPoints":120,"eqfLevel":7,"id":"https://leaston.bcdiploma.com/law-economics-management#LearningSpecification","iscedfCode":["7"],"nqfLevel":["7"]}},"credentialStatus":{"id":"https://essif.europa.eu/status/education#higherEducation#392ac7f6-399a-437b-a268-4691ead8f176","type":"CredentialStatusList2020"},"evidence":{"documentPresence":["Physical"],"evidenceDocument":["Passport"],"id":"https://essif.europa.eu/tsr-va/evidence/f2aeec97-fc0d-42bf-8ca7-0548192d5678","subjectPresence":"Physical","type":["DocumentVerification"],"verifier":"did:ebsi:2962fb784df61baa267c8132497539f8c674b37c1244a7a"}}
Sep 12, 2024 11:39:42 AM com.apicatalog.jsonld.deseralization.JsonLdToRdf build
WARNING: Non well-formed subject [LD_PROOF] has been skipped.
Sep 12, 2024 11:39:42 AM com.apicatalog.jsonld.deseralization.JsonLdToRdf build
WARNING: Non well-formed subject [https://essif.europa.eu/status/education#higherEducation#392ac7f6-399a-437b-a268-4691ead8f176] has been skipped.
7512 [pool-1-thread-1 @coroutine#159] DEBUG id.walt.services.keystore.HKVKeyStoreService - Loading key "0196c321d07b4caa9214c27cb1033d7c".
7512 [pool-1-thread-1 @coroutine#159] DEBUG id.walt.services.keystore.HKVKeyStoreService - Loading key "0196c321d07b4caa9214c27cb1033d7c".
7512 [pool-1-thread-1 @coroutine#159] DEBUG id.walt.services.keystore.HKVKeyStoreService - Loading key "0196c321d07b4caa9214c27cb1033d7c".
7514 [pool-1-thread-1 @coroutine#159] DEBUG id.walt.signatory.WaltIdSignatory - Signed VC is: {
  "type" : [ "VerifiableCredential", "VerifiableAttestation", "VerifiableDiploma" ],
  "@context" : [ "https://www.w3.org/2018/credentials/v1", "https://w3id.org/security/suites/jws-2020/v1" ],
  "id" : "urn:uuid:2f58b6fc-37aa-40a4-a0b5-a30433154dc9",
  "issuer" : "did:ebsi:z23C8GLRGQ2Xfq7vi8KEkUWK",
  "issuanceDate" : "2024-09-12T09:39:42Z",
  "issued" : "2024-09-12T09:39:42Z",
  "validFrom" : "2024-09-12T09:39:42Z",
  "expirationDate" : "2022-08-31T00:00:00Z",
  "credentialSchema" : {
    "id" : "https://raw.githubusercontent.com/walt-id/waltid-ssikit-vclib/master/src/test/resources/schemas/VerifiableDiploma.json",
    "type" : "JsonSchemaValidator2018"
  },
  "credentialSubject" : {
    "id" : "did:key:z6MktrSarajFSZpupSJm4KNy3gBfvnCxSVJ6XysSnKqjPNa7",
    "awardingOpportunity" : {
      "awardingBody" : {
        "eidasLegalIdentifier" : "Unknown",
        "homepage" : "https://leaston.bcdiploma.com/",
        "id" : "did:ebsi:2A9BZ9SUe6BatacSpvs1V5CdjHvLpQ7bEsi2Jb6LdHKnQxaN",
        "preferredName" : "Leaston University",
        "registration" : "0597065J"
      },
      "endedAtTime" : "2020-06-26T00:00:00Z",
      "id" : "https://leaston.bcdiploma.com/law-economics-management#AwardingOpportunity",
      "identifier" : "https://certificate-demo.bcdiploma.com/check/87ED2F2270E6C41456E94B86B9D9115B4E35BCCAD200A49B846592C14F79C86BV1Fnbllta0NZTnJkR3lDWlRmTDlSRUJEVFZISmNmYzJhUU5sZUJ5Z2FJSHpWbmZZ",
      "location" : "FRANCE",
      "startedAtTime" : "2019-09-02T00:00:00Z"
    },
    "dateOfBirth" : "1993-04-08",
    "familyName" : "DOE",
    "givenNames" : "Jane",
    "gradingScheme" : {
      "id" : "https://leaston.bcdiploma.com/law-economics-management#GradingScheme",
      "title" : "Lower Second-Class Honours"
    },
    "identifier" : "0904008084H",
    "learningAchievement" : {
      "additionalNote" : [ "DISTRIBUTION MANAGEMENT" ],
      "description" : "MARKETING AND SALES",
      "id" : "https://leaston.bcdiploma.com/law-economics-management#LearningAchievment",
      "title" : "MASTERS LAW, ECONOMICS AND MANAGEMENT"
    },
    "learningSpecification" : {
      "ectsCreditPoints" : 120,
      "eqfLevel" : 7,
      "id" : "https://leaston.bcdiploma.com/law-economics-management#LearningSpecification",
      "iscedfCode" : [ "7" ],
      "nqfLevel" : [ "7" ]
    }
  },
  "credentialStatus" : {
    "id" : "https://essif.europa.eu/status/education#higherEducation#392ac7f6-399a-437b-a268-4691ead8f176",
    "type" : "CredentialStatusList2020"
  },
  "evidence" : {
    "documentPresence" : [ "Physical" ],
    "evidenceDocument" : [ "Passport" ],
    "id" : "https://essif.europa.eu/tsr-va/evidence/f2aeec97-fc0d-42bf-8ca7-0548192d5678",
    "subjectPresence" : "Physical",
    "type" : [ "DocumentVerification" ],
    "verifier" : "did:ebsi:2962fb784df61baa267c8132497539f8c674b37c1244a7a"
  },
  "proof" : {
    "type" : "JsonWebSignature2020",
    "creator" : "did:ebsi:z23C8GLRGQ2Xfq7vi8KEkUWK",
    "created" : "2024-09-12T09:39:42Z",
    "proofPurpose" : "LD_PROOF",
    "verificationMethod" : "did:ebsi:z23C8GLRGQ2Xfq7vi8KEkUWK#0196c321d07b4caa9214c27cb1033d7c",
    "jws" : "eyJiNjQiOmZhbHNlLCJjcml0IjpbImI2NCJdLCJhbGciOiJFUzI1NksifQ..GCXOfhnwlnnPMSYkXEj_tKlECkKtFUITYDaronnI-Aaj2gGv1REa77unk47XK5z8-Lo1qoiZGa0VdUmeZKVGug"
  }
}
7517 [pool-1-thread-1 @coroutine#160] DEBUG id.walt.model.DidUrl - Trying to create DidUrl from URL: "did:ebsi:z23C8GLRGQ2Xfq7vi8KEkUWK"...
7518 [pool-1-thread-1 @coroutine#160] DEBUG id.walt.cli.VcCommand - Loading credential template: VerifiableDiploma
7518 [pool-1-thread-1 @coroutine#160] DEBUG id.walt.model.DidUrl - Trying to create DidUrl from URL: "did:ebsi:z23C8GLRGQ2Xfq7vi8KEkUWK"...
7518 [pool-1-thread-1 @coroutine#160] DEBUG id.walt.model.DidUrl - Trying to create DidUrl from URL: "did:ebsi:z23C8GLRGQ2Xfq7vi8KEkUWK"...
7518 [pool-1-thread-1 @coroutine#160] DEBUG id.walt.signatory.WaltIdSignatory - Signing credential with proof using LD_PROOF...
7518 [pool-1-thread-1 @coroutine#160] DEBUG id.walt.signatory.WaltIdSignatory - Signing credential with proof using LD_PROOF, credential is: {"type":["VerifiableCredential","VerifiableAttestation","VerifiableDiploma"],"@context":["https://www.w3.org/2018/credentials/v1"],"id":"urn:uuid:22c1996f-79a6-49c3-8515-8e9d267a1991","issuer":"did:ebsi:z23C8GLRGQ2Xfq7vi8KEkUWK","issuanceDate":"2024-09-12T09:39:42Z","issued":"2024-09-12T09:39:42Z","validFrom":"2024-09-12T09:39:42Z","expirationDate":"2022-08-31T00:00:00Z","credentialSchema":{"id":"https://raw.githubusercontent.com/walt-id/waltid-ssikit-vclib/master/src/test/resources/schemas/VerifiableDiploma.json","type":"JsonSchemaValidator2018"},"credentialSubject":{"id":"did:key:z6MktrSarajFSZpupSJm4KNy3gBfvnCxSVJ6XysSnKqjPNa7","awardingOpportunity":{"awardingBody":{"eidasLegalIdentifier":"Unknown","homepage":"https://leaston.bcdiploma.com/","id":"did:ebsi:2A9BZ9SUe6BatacSpvs1V5CdjHvLpQ7bEsi2Jb6LdHKnQxaN","preferredName":"Leaston University","registration":"0597065J"},"endedAtTime":"2020-06-26T00:00:00Z","id":"https://leaston.bcdiploma.com/law-economics-management#AwardingOpportunity","identifier":"https://certificate-demo.bcdiploma.com/check/87ED2F2270E6C41456E94B86B9D9115B4E35BCCAD200A49B846592C14F79C86BV1Fnbllta0NZTnJkR3lDWlRmTDlSRUJEVFZISmNmYzJhUU5sZUJ5Z2FJSHpWbmZZ","location":"FRANCE","startedAtTime":"2019-09-02T00:00:00Z"},"dateOfBirth":"1993-04-08","familyName":"DOE","givenNames":"Jane","gradingScheme":{"id":"https://leaston.bcdiploma.com/law-economics-management#GradingScheme","title":"Lower Second-Class Honours"},"identifier":"0904008084H","learningAchievement":{"additionalNote":["DISTRIBUTION MANAGEMENT"],"description":"MARKETING AND SALES","id":"https://leaston.bcdiploma.com/law-economics-management#LearningAchievment","title":"MASTERS LAW, ECONOMICS AND MANAGEMENT"},"learningSpecification":{"ectsCreditPoints":120,"eqfLevel":7,"id":"https://leaston.bcdiploma.com/law-economics-management#LearningSpecification","iscedfCode":["7"],"nqfLevel":["7"]}},"credentialStatus":{"id":"https://essif.europa.eu/status/education#higherEducation#392ac7f6-399a-437b-a268-4691ead8f176","type":"CredentialStatusList2020"},"evidence":{"documentPresence":["Physical"],"evidenceDocument":["Passport"],"id":"https://essif.europa.eu/tsr-va/evidence/f2aeec97-fc0d-42bf-8ca7-0548192d5678","subjectPresence":"Physical","type":["DocumentVerification"],"verifier":"did:ebsi:2962fb784df61baa267c8132497539f8c674b37c1244a7a"}}
7518 [pool-1-thread-1 @coroutine#160] DEBUG id.walt.services.vc.WaltIdJsonLdCredentialService - Signing jsonLd object with: issuerDid (did:ebsi:z23C8GLRGQ2Xfq7vi8KEkUWK), domain (null), nonce (null
7518 [pool-1-thread-1 @coroutine#160] DEBUG id.walt.services.keystore.HKVKeyStoreService - Loading key "did:ebsi:z23C8GLRGQ2Xfq7vi8KEkUWK#0196c321d07b4caa9214c27cb1033d7c".
7519 [pool-1-thread-1 @coroutine#160] DEBUG id.walt.services.vc.WaltIdJsonLdCredentialService - Signing: {"type":["VerifiableCredential","VerifiableAttestation","VerifiableDiploma"],"@context":["https://www.w3.org/2018/credentials/v1"],"id":"urn:uuid:22c1996f-79a6-49c3-8515-8e9d267a1991","issuer":"did:ebsi:z23C8GLRGQ2Xfq7vi8KEkUWK","issuanceDate":"2024-09-12T09:39:42Z","issued":"2024-09-12T09:39:42Z","validFrom":"2024-09-12T09:39:42Z","expirationDate":"2022-08-31T00:00:00Z","credentialSchema":{"id":"https://raw.githubusercontent.com/walt-id/waltid-ssikit-vclib/master/src/test/resources/schemas/VerifiableDiploma.json","type":"JsonSchemaValidator2018"},"credentialSubject":{"id":"did:key:z6MktrSarajFSZpupSJm4KNy3gBfvnCxSVJ6XysSnKqjPNa7","awardingOpportunity":{"awardingBody":{"eidasLegalIdentifier":"Unknown","homepage":"https://leaston.bcdiploma.com/","id":"did:ebsi:2A9BZ9SUe6BatacSpvs1V5CdjHvLpQ7bEsi2Jb6LdHKnQxaN","preferredName":"Leaston University","registration":"0597065J"},"endedAtTime":"2020-06-26T00:00:00Z","id":"https://leaston.bcdiploma.com/law-economics-management#AwardingOpportunity","identifier":"https://certificate-demo.bcdiploma.com/check/87ED2F2270E6C41456E94B86B9D9115B4E35BCCAD200A49B846592C14F79C86BV1Fnbllta0NZTnJkR3lDWlRmTDlSRUJEVFZISmNmYzJhUU5sZUJ5Z2FJSHpWbmZZ","location":"FRANCE","startedAtTime":"2019-09-02T00:00:00Z"},"dateOfBirth":"1993-04-08","familyName":"DOE","givenNames":"Jane","gradingScheme":{"id":"https://leaston.bcdiploma.com/law-economics-management#GradingScheme","title":"Lower Second-Class Honours"},"identifier":"0904008084H","learningAchievement":{"additionalNote":["DISTRIBUTION MANAGEMENT"],"description":"MARKETING AND SALES","id":"https://leaston.bcdiploma.com/law-economics-management#LearningAchievment","title":"MASTERS LAW, ECONOMICS AND MANAGEMENT"},"learningSpecification":{"ectsCreditPoints":120,"eqfLevel":7,"id":"https://leaston.bcdiploma.com/law-economics-management#LearningSpecification","iscedfCode":["7"],"nqfLevel":["7"]}},"credentialStatus":{"id":"https://essif.europa.eu/status/education#higherEducation#392ac7f6-399a-437b-a268-4691ead8f176","type":"CredentialStatusList2020"},"evidence":{"documentPresence":["Physical"],"evidenceDocument":["Passport"],"id":"https://essif.europa.eu/tsr-va/evidence/f2aeec97-fc0d-42bf-8ca7-0548192d5678","subjectPresence":"Physical","type":["DocumentVerification"],"verifier":"did:ebsi:2962fb784df61baa267c8132497539f8c674b37c1244a7a"}}
Sep 12, 2024 11:39:42 AM com.apicatalog.jsonld.deseralization.JsonLdToRdf build
WARNING: Non well-formed subject [LD_PROOF] has been skipped.
Sep 12, 2024 11:39:42 AM com.apicatalog.jsonld.deseralization.JsonLdToRdf build
WARNING: Non well-formed subject [https://essif.europa.eu/status/education#higherEducation#392ac7f6-399a-437b-a268-4691ead8f176] has been skipped.
7523 [pool-1-thread-1 @coroutine#160] DEBUG id.walt.services.keystore.HKVKeyStoreService - Loading key "0196c321d07b4caa9214c27cb1033d7c".
7523 [pool-1-thread-1 @coroutine#160] DEBUG id.walt.services.keystore.HKVKeyStoreService - Loading key "0196c321d07b4caa9214c27cb1033d7c".
7524 [pool-1-thread-1 @coroutine#160] DEBUG id.walt.services.keystore.HKVKeyStoreService - Loading key "0196c321d07b4caa9214c27cb1033d7c".
7525 [pool-1-thread-1 @coroutine#160] DEBUG id.walt.signatory.WaltIdSignatory - Signed VC is: {
  "type" : [ "VerifiableCredential", "VerifiableAttestation", "VerifiableDiploma" ],
  "@context" : [ "https://www.w3.org/2018/credentials/v1", "https://w3id.org/security/suites/jws-2020/v1" ],
  "id" : "urn:uuid:22c1996f-79a6-49c3-8515-8e9d267a1991",
  "issuer" : "did:ebsi:z23C8GLRGQ2Xfq7vi8KEkUWK",
  "issuanceDate" : "2024-09-12T09:39:42Z",
  "issued" : "2024-09-12T09:39:42Z",
  "validFrom" : "2024-09-12T09:39:42Z",
  "expirationDate" : "2022-08-31T00:00:00Z",
  "credentialSchema" : {
    "id" : "https://raw.githubusercontent.com/walt-id/waltid-ssikit-vclib/master/src/test/resources/schemas/VerifiableDiploma.json",
    "type" : "JsonSchemaValidator2018"
  },
  "credentialSubject" : {
    "id" : "did:key:z6MktrSarajFSZpupSJm4KNy3gBfvnCxSVJ6XysSnKqjPNa7",
    "awardingOpportunity" : {
      "awardingBody" : {
        "eidasLegalIdentifier" : "Unknown",
        "homepage" : "https://leaston.bcdiploma.com/",
        "id" : "did:ebsi:2A9BZ9SUe6BatacSpvs1V5CdjHvLpQ7bEsi2Jb6LdHKnQxaN",
        "preferredName" : "Leaston University",
        "registration" : "0597065J"
      },
      "endedAtTime" : "2020-06-26T00:00:00Z",
      "id" : "https://leaston.bcdiploma.com/law-economics-management#AwardingOpportunity",
      "identifier" : "https://certificate-demo.bcdiploma.com/check/87ED2F2270E6C41456E94B86B9D9115B4E35BCCAD200A49B846592C14F79C86BV1Fnbllta0NZTnJkR3lDWlRmTDlSRUJEVFZISmNmYzJhUU5sZUJ5Z2FJSHpWbmZZ",
      "location" : "FRANCE",
      "startedAtTime" : "2019-09-02T00:00:00Z"
    },
    "dateOfBirth" : "1993-04-08",
    "familyName" : "DOE",
    "givenNames" : "Jane",
    "gradingScheme" : {
      "id" : "https://leaston.bcdiploma.com/law-economics-management#GradingScheme",
      "title" : "Lower Second-Class Honours"
    },
    "identifier" : "0904008084H",
    "learningAchievement" : {
      "additionalNote" : [ "DISTRIBUTION MANAGEMENT" ],
      "description" : "MARKETING AND SALES",
      "id" : "https://leaston.bcdiploma.com/law-economics-management#LearningAchievment",
      "title" : "MASTERS LAW, ECONOMICS AND MANAGEMENT"
    },
    "learningSpecification" : {
      "ectsCreditPoints" : 120,
      "eqfLevel" : 7,
      "id" : "https://leaston.bcdiploma.com/law-economics-management#LearningSpecification",
      "iscedfCode" : [ "7" ],
      "nqfLevel" : [ "7" ]
    }
  },
  "credentialStatus" : {
    "id" : "https://essif.europa.eu/status/education#higherEducation#392ac7f6-399a-437b-a268-4691ead8f176",
    "type" : "CredentialStatusList2020"
  },
  "evidence" : {
    "documentPresence" : [ "Physical" ],
    "evidenceDocument" : [ "Passport" ],
    "id" : "https://essif.europa.eu/tsr-va/evidence/f2aeec97-fc0d-42bf-8ca7-0548192d5678",
    "subjectPresence" : "Physical",
    "type" : [ "DocumentVerification" ],
    "verifier" : "did:ebsi:2962fb784df61baa267c8132497539f8c674b37c1244a7a"
  },
  "proof" : {
    "type" : "JsonWebSignature2020",
    "creator" : "did:ebsi:z23C8GLRGQ2Xfq7vi8KEkUWK",
    "created" : "2024-09-12T09:39:42Z",
    "proofPurpose" : "LD_PROOF",
    "verificationMethod" : "did:ebsi:z23C8GLRGQ2Xfq7vi8KEkUWK#0196c321d07b4caa9214c27cb1033d7c",
    "jws" : "eyJiNjQiOmZhbHNlLCJjcml0IjpbImI2NCJdLCJhbGciOiJFUzI1NksifQ..gNvjfMzFpEJyzQn20x1kiMyuJNCwNvkDmUszKudVTwf_2CQN1VrADBCfgPrt5Efw9671AYLzqOH2gNK-pHgZ4A"
  }
}
7529 [pool-1-thread-1 @coroutine#162] DEBUG id.walt.cli.VcCommand - Loading credential template: VerifiableId
7529 [pool-1-thread-1 @coroutine#162] DEBUG id.walt.model.DidUrl - Trying to create DidUrl from URL: "did:ebsi:z23C8GLRGQ2Xfq7vi8KEkUWK"...
7529 [pool-1-thread-1 @coroutine#162] DEBUG id.walt.model.DidUrl - Trying to create DidUrl from URL: "did:ebsi:z23C8GLRGQ2Xfq7vi8KEkUWK"...
7529 [pool-1-thread-1 @coroutine#162] DEBUG id.walt.signatory.WaltIdSignatory - Signing credential with proof using LD_PROOF...
7530 [pool-1-thread-1 @coroutine#162] DEBUG id.walt.signatory.WaltIdSignatory - Signing credential with proof using LD_PROOF, credential is: {"type":["VerifiableCredential","VerifiableAttestation","VerifiableId"],"@context":["https://www.w3.org/2018/credentials/v1"],"id":"urn:uuid:01a77bc7-d300-44c1-b3b5-7b2702f14507","issuer":"did:ebsi:z23C8GLRGQ2Xfq7vi8KEkUWK","issuanceDate":"2024-09-12T09:39:42Z","issued":"2024-09-12T09:39:42Z","validFrom":"2024-09-12T09:39:42Z","credentialSchema":{"id":"https://raw.githubusercontent.com/walt-id/waltid-ssikit-vclib/master/src/test/resources/schemas/VerifiableId.json","type":"FullJsonSchemaValidator2021"},"credentialSubject":{"id":"did:key:z6MktrSarajFSZpupSJm4KNy3gBfvnCxSVJ6XysSnKqjPNa7","currentAddress":["1 Boulevard de la Liberté, 59800 Lille"],"dateOfBirth":"1993-04-08","familyName":"DOE","firstName":"Jane","gender":"FEMALE","nameAndFamilyNameAtBirth":"Jane DOE","personalIdentifier":"0904008084H","placeOfBirth":"LILLE, FRANCE"},"evidence":[{"documentPresence":["Physical"],"evidenceDocument":["Passport"],"subjectPresence":"Physical","type":["DocumentVerification"],"verifier":"did:ebsi:2A9BZ9SUe6BatacSpvs1V5CdjHvLpQ7bEsi2Jb6LdHKnQxaN"}]}
7530 [pool-1-thread-1 @coroutine#162] DEBUG id.walt.services.vc.WaltIdJsonLdCredentialService - Signing jsonLd object with: issuerDid (did:ebsi:z23C8GLRGQ2Xfq7vi8KEkUWK), domain (null), nonce (null
7530 [pool-1-thread-1 @coroutine#162] DEBUG id.walt.services.keystore.HKVKeyStoreService - Loading key "did:ebsi:z23C8GLRGQ2Xfq7vi8KEkUWK#0196c321d07b4caa9214c27cb1033d7c".
7530 [pool-1-thread-1 @coroutine#162] DEBUG id.walt.services.vc.WaltIdJsonLdCredentialService - Signing: {"type":["VerifiableCredential","VerifiableAttestation","VerifiableId"],"@context":["https://www.w3.org/2018/credentials/v1"],"id":"urn:uuid:01a77bc7-d300-44c1-b3b5-7b2702f14507","issuer":"did:ebsi:z23C8GLRGQ2Xfq7vi8KEkUWK","issuanceDate":"2024-09-12T09:39:42Z","issued":"2024-09-12T09:39:42Z","validFrom":"2024-09-12T09:39:42Z","credentialSchema":{"id":"https://raw.githubusercontent.com/walt-id/waltid-ssikit-vclib/master/src/test/resources/schemas/VerifiableId.json","type":"FullJsonSchemaValidator2021"},"credentialSubject":{"id":"did:key:z6MktrSarajFSZpupSJm4KNy3gBfvnCxSVJ6XysSnKqjPNa7","currentAddress":["1 Boulevard de la Liberté, 59800 Lille"],"dateOfBirth":"1993-04-08","familyName":"DOE","firstName":"Jane","gender":"FEMALE","nameAndFamilyNameAtBirth":"Jane DOE","personalIdentifier":"0904008084H","placeOfBirth":"LILLE, FRANCE"},"evidence":[{"documentPresence":["Physical"],"evidenceDocument":["Passport"],"subjectPresence":"Physical","type":["DocumentVerification"],"verifier":"did:ebsi:2A9BZ9SUe6BatacSpvs1V5CdjHvLpQ7bEsi2Jb6LdHKnQxaN"}]}
Sep 12, 2024 11:39:42 AM com.apicatalog.jsonld.deseralization.JsonLdToRdf build
WARNING: Non well-formed subject [JWT] has been skipped.
7534 [pool-1-thread-1 @coroutine#162] DEBUG id.walt.services.keystore.HKVKeyStoreService - Loading key "0196c321d07b4caa9214c27cb1033d7c".
7535 [pool-1-thread-1 @coroutine#162] DEBUG id.walt.services.keystore.HKVKeyStoreService - Loading key "0196c321d07b4caa9214c27cb1033d7c".
7535 [pool-1-thread-1 @coroutine#162] DEBUG id.walt.services.keystore.HKVKeyStoreService - Loading key "0196c321d07b4caa9214c27cb1033d7c".
7536 [pool-1-thread-1 @coroutine#162] DEBUG id.walt.signatory.WaltIdSignatory - Signed VC is: {
  "type" : [ "VerifiableCredential", "VerifiableAttestation", "VerifiableId" ],
  "@context" : [ "https://www.w3.org/2018/credentials/v1", "https://w3id.org/security/suites/jws-2020/v1" ],
  "id" : "urn:uuid:01a77bc7-d300-44c1-b3b5-7b2702f14507",
  "issuer" : "did:ebsi:z23C8GLRGQ2Xfq7vi8KEkUWK",
  "issuanceDate" : "2024-09-12T09:39:42Z",
  "issued" : "2024-09-12T09:39:42Z",
  "validFrom" : "2024-09-12T09:39:42Z",
  "credentialSchema" : {
    "id" : "https://raw.githubusercontent.com/walt-id/waltid-ssikit-vclib/master/src/test/resources/schemas/VerifiableId.json",
    "type" : "FullJsonSchemaValidator2021"
  },
  "credentialSubject" : {
    "id" : "did:key:z6MktrSarajFSZpupSJm4KNy3gBfvnCxSVJ6XysSnKqjPNa7",
    "currentAddress" : [ "1 Boulevard de la Liberté, 59800 Lille" ],
    "dateOfBirth" : "1993-04-08",
    "familyName" : "DOE",
    "firstName" : "Jane",
    "gender" : "FEMALE",
    "nameAndFamilyNameAtBirth" : "Jane DOE",
    "personalIdentifier" : "0904008084H",
    "placeOfBirth" : "LILLE, FRANCE"
  },
  "evidence" : [ {
    "documentPresence" : [ "Physical" ],
    "evidenceDocument" : [ "Passport" ],
    "subjectPresence" : "Physical",
    "type" : [ "DocumentVerification" ],
    "verifier" : "did:ebsi:2A9BZ9SUe6BatacSpvs1V5CdjHvLpQ7bEsi2Jb6LdHKnQxaN"
  } ],
  "proof" : {
    "type" : "JsonWebSignature2020",
    "creator" : "did:ebsi:z23C8GLRGQ2Xfq7vi8KEkUWK",
    "created" : "2024-09-12T09:39:42Z",
    "proofPurpose" : "JWT",
    "verificationMethod" : "did:ebsi:z23C8GLRGQ2Xfq7vi8KEkUWK#0196c321d07b4caa9214c27cb1033d7c",
    "jws" : "eyJiNjQiOmZhbHNlLCJjcml0IjpbImI2NCJdLCJhbGciOiJFUzI1NksifQ..CjLWAKA9XArFZyHgbc_PBHp8ben_w6n9vM_n6TolOdF4_plEz48ym_2v_0eqNFNhy1vr_79hCScv1UrWVocF_Q"
  }
}
7540 [pool-1-thread-1 @coroutine#163] DEBUG id.walt.cli.VcCommand - Loading credential template: VerifiableDiploma
7540 [pool-1-thread-1 @coroutine#163] DEBUG id.walt.model.DidUrl - Trying to create DidUrl from URL: "did:ebsi:z23C8GLRGQ2Xfq7vi8KEkUWK"...
7540 [pool-1-thread-1 @coroutine#163] DEBUG id.walt.model.DidUrl - Trying to create DidUrl from URL: "did:ebsi:z23C8GLRGQ2Xfq7vi8KEkUWK"...
7540 [pool-1-thread-1 @coroutine#163] DEBUG id.walt.signatory.WaltIdSignatory - Signing credential with proof using LD_PROOF...
7540 [pool-1-thread-1 @coroutine#163] DEBUG id.walt.signatory.WaltIdSignatory - Signing credential with proof using LD_PROOF, credential is: {"type":["VerifiableCredential","VerifiableAttestation","VerifiableDiploma"],"@context":["https://www.w3.org/2018/credentials/v1"],"id":"urn:uuid:b43ab78b-07d3-4235-8860-d6f045044bf5","issuer":"did:ebsi:z23C8GLRGQ2Xfq7vi8KEkUWK","issuanceDate":"2024-09-12T09:39:42Z","issued":"2024-09-12T09:39:42Z","validFrom":"2024-09-12T09:39:42Z","expirationDate":"2022-08-31T00:00:00Z","credentialSchema":{"id":"https://raw.githubusercontent.com/walt-id/waltid-ssikit-vclib/master/src/test/resources/schemas/VerifiableDiploma.json","type":"JsonSchemaValidator2018"},"credentialSubject":{"id":"did:key:z6MktrSarajFSZpupSJm4KNy3gBfvnCxSVJ6XysSnKqjPNa7","awardingOpportunity":{"awardingBody":{"eidasLegalIdentifier":"Unknown","homepage":"https://leaston.bcdiploma.com/","id":"did:ebsi:2A9BZ9SUe6BatacSpvs1V5CdjHvLpQ7bEsi2Jb6LdHKnQxaN","preferredName":"Leaston University","registration":"0597065J"},"endedAtTime":"2020-06-26T00:00:00Z","id":"https://leaston.bcdiploma.com/law-economics-management#AwardingOpportunity","identifier":"https://certificate-demo.bcdiploma.com/check/87ED2F2270E6C41456E94B86B9D9115B4E35BCCAD200A49B846592C14F79C86BV1Fnbllta0NZTnJkR3lDWlRmTDlSRUJEVFZISmNmYzJhUU5sZUJ5Z2FJSHpWbmZZ","location":"FRANCE","startedAtTime":"2019-09-02T00:00:00Z"},"dateOfBirth":"1993-04-08","familyName":"DOE","givenNames":"Jane","gradingScheme":{"id":"https://leaston.bcdiploma.com/law-economics-management#GradingScheme","title":"Lower Second-Class Honours"},"identifier":"0904008084H","learningAchievement":{"additionalNote":["DISTRIBUTION MANAGEMENT"],"description":"MARKETING AND SALES","id":"https://leaston.bcdiploma.com/law-economics-management#LearningAchievment","title":"MASTERS LAW, ECONOMICS AND MANAGEMENT"},"learningSpecification":{"ectsCreditPoints":120,"eqfLevel":7,"id":"https://leaston.bcdiploma.com/law-economics-management#LearningSpecification","iscedfCode":["7"],"nqfLevel":["7"]}},"credentialStatus":{"id":"https://essif.europa.eu/status/education#higherEducation#392ac7f6-399a-437b-a268-4691ead8f176","type":"CredentialStatusList2020"},"evidence":{"documentPresence":["Physical"],"evidenceDocument":["Passport"],"id":"https://essif.europa.eu/tsr-va/evidence/f2aeec97-fc0d-42bf-8ca7-0548192d5678","subjectPresence":"Physical","type":["DocumentVerification"],"verifier":"did:ebsi:2962fb784df61baa267c8132497539f8c674b37c1244a7a"}}
7540 [pool-1-thread-1 @coroutine#163] DEBUG id.walt.services.vc.WaltIdJsonLdCredentialService - Signing jsonLd object with: issuerDid (did:ebsi:z23C8GLRGQ2Xfq7vi8KEkUWK), domain (null), nonce (null
7540 [pool-1-thread-1 @coroutine#163] DEBUG id.walt.services.keystore.HKVKeyStoreService - Loading key "did:ebsi:z23C8GLRGQ2Xfq7vi8KEkUWK#0196c321d07b4caa9214c27cb1033d7c".
7541 [pool-1-thread-1 @coroutine#163] DEBUG id.walt.services.vc.WaltIdJsonLdCredentialService - Signing: {"type":["VerifiableCredential","VerifiableAttestation","VerifiableDiploma"],"@context":["https://www.w3.org/2018/credentials/v1"],"id":"urn:uuid:b43ab78b-07d3-4235-8860-d6f045044bf5","issuer":"did:ebsi:z23C8GLRGQ2Xfq7vi8KEkUWK","issuanceDate":"2024-09-12T09:39:42Z","issued":"2024-09-12T09:39:42Z","validFrom":"2024-09-12T09:39:42Z","expirationDate":"2022-08-31T00:00:00Z","credentialSchema":{"id":"https://raw.githubusercontent.com/walt-id/waltid-ssikit-vclib/master/src/test/resources/schemas/VerifiableDiploma.json","type":"JsonSchemaValidator2018"},"credentialSubject":{"id":"did:key:z6MktrSarajFSZpupSJm4KNy3gBfvnCxSVJ6XysSnKqjPNa7","awardingOpportunity":{"awardingBody":{"eidasLegalIdentifier":"Unknown","homepage":"https://leaston.bcdiploma.com/","id":"did:ebsi:2A9BZ9SUe6BatacSpvs1V5CdjHvLpQ7bEsi2Jb6LdHKnQxaN","preferredName":"Leaston University","registration":"0597065J"},"endedAtTime":"2020-06-26T00:00:00Z","id":"https://leaston.bcdiploma.com/law-economics-management#AwardingOpportunity","identifier":"https://certificate-demo.bcdiploma.com/check/87ED2F2270E6C41456E94B86B9D9115B4E35BCCAD200A49B846592C14F79C86BV1Fnbllta0NZTnJkR3lDWlRmTDlSRUJEVFZISmNmYzJhUU5sZUJ5Z2FJSHpWbmZZ","location":"FRANCE","startedAtTime":"2019-09-02T00:00:00Z"},"dateOfBirth":"1993-04-08","familyName":"DOE","givenNames":"Jane","gradingScheme":{"id":"https://leaston.bcdiploma.com/law-economics-management#GradingScheme","title":"Lower Second-Class Honours"},"identifier":"0904008084H","learningAchievement":{"additionalNote":["DISTRIBUTION MANAGEMENT"],"description":"MARKETING AND SALES","id":"https://leaston.bcdiploma.com/law-economics-management#LearningAchievment","title":"MASTERS LAW, ECONOMICS AND MANAGEMENT"},"learningSpecification":{"ectsCreditPoints":120,"eqfLevel":7,"id":"https://leaston.bcdiploma.com/law-economics-management#LearningSpecification","iscedfCode":["7"],"nqfLevel":["7"]}},"credentialStatus":{"id":"https://essif.europa.eu/status/education#higherEducation#392ac7f6-399a-437b-a268-4691ead8f176","type":"CredentialStatusList2020"},"evidence":{"documentPresence":["Physical"],"evidenceDocument":["Passport"],"id":"https://essif.europa.eu/tsr-va/evidence/f2aeec97-fc0d-42bf-8ca7-0548192d5678","subjectPresence":"Physical","type":["DocumentVerification"],"verifier":"did:ebsi:2962fb784df61baa267c8132497539f8c674b37c1244a7a"}}
Sep 12, 2024 11:39:42 AM com.apicatalog.jsonld.deseralization.JsonLdToRdf build
WARNING: Non well-formed subject [JWT] has been skipped.
Sep 12, 2024 11:39:42 AM com.apicatalog.jsonld.deseralization.JsonLdToRdf build
WARNING: Non well-formed subject [https://essif.europa.eu/status/education#higherEducation#392ac7f6-399a-437b-a268-4691ead8f176] has been skipped.
7545 [pool-1-thread-1 @coroutine#163] DEBUG id.walt.services.keystore.HKVKeyStoreService - Loading key "0196c321d07b4caa9214c27cb1033d7c".
7546 [pool-1-thread-1 @coroutine#163] DEBUG id.walt.services.keystore.HKVKeyStoreService - Loading key "0196c321d07b4caa9214c27cb1033d7c".
7546 [pool-1-thread-1 @coroutine#163] DEBUG id.walt.services.keystore.HKVKeyStoreService - Loading key "0196c321d07b4caa9214c27cb1033d7c".
7548 [pool-1-thread-1 @coroutine#163] DEBUG id.walt.signatory.WaltIdSignatory - Signed VC is: {
  "type" : [ "VerifiableCredential", "VerifiableAttestation", "VerifiableDiploma" ],
  "@context" : [ "https://www.w3.org/2018/credentials/v1", "https://w3id.org/security/suites/jws-2020/v1" ],
  "id" : "urn:uuid:b43ab78b-07d3-4235-8860-d6f045044bf5",
  "issuer" : "did:ebsi:z23C8GLRGQ2Xfq7vi8KEkUWK",
  "issuanceDate" : "2024-09-12T09:39:42Z",
  "issued" : "2024-09-12T09:39:42Z",
  "validFrom" : "2024-09-12T09:39:42Z",
  "expirationDate" : "2022-08-31T00:00:00Z",
  "credentialSchema" : {
    "id" : "https://raw.githubusercontent.com/walt-id/waltid-ssikit-vclib/master/src/test/resources/schemas/VerifiableDiploma.json",
    "type" : "JsonSchemaValidator2018"
  },
  "credentialSubject" : {
    "id" : "did:key:z6MktrSarajFSZpupSJm4KNy3gBfvnCxSVJ6XysSnKqjPNa7",
    "awardingOpportunity" : {
      "awardingBody" : {
        "eidasLegalIdentifier" : "Unknown",
        "homepage" : "https://leaston.bcdiploma.com/",
        "id" : "did:ebsi:2A9BZ9SUe6BatacSpvs1V5CdjHvLpQ7bEsi2Jb6LdHKnQxaN",
        "preferredName" : "Leaston University",
        "registration" : "0597065J"
      },
      "endedAtTime" : "2020-06-26T00:00:00Z",
      "id" : "https://leaston.bcdiploma.com/law-economics-management#AwardingOpportunity",
      "identifier" : "https://certificate-demo.bcdiploma.com/check/87ED2F2270E6C41456E94B86B9D9115B4E35BCCAD200A49B846592C14F79C86BV1Fnbllta0NZTnJkR3lDWlRmTDlSRUJEVFZISmNmYzJhUU5sZUJ5Z2FJSHpWbmZZ",
      "location" : "FRANCE",
      "startedAtTime" : "2019-09-02T00:00:00Z"
    },
    "dateOfBirth" : "1993-04-08",
    "familyName" : "DOE",
    "givenNames" : "Jane",
    "gradingScheme" : {
      "id" : "https://leaston.bcdiploma.com/law-economics-management#GradingScheme",
      "title" : "Lower Second-Class Honours"
    },
    "identifier" : "0904008084H",
    "learningAchievement" : {
      "additionalNote" : [ "DISTRIBUTION MANAGEMENT" ],
      "description" : "MARKETING AND SALES",
      "id" : "https://leaston.bcdiploma.com/law-economics-management#LearningAchievment",
      "title" : "MASTERS LAW, ECONOMICS AND MANAGEMENT"
    },
    "learningSpecification" : {
      "ectsCreditPoints" : 120,
      "eqfLevel" : 7,
      "id" : "https://leaston.bcdiploma.com/law-economics-management#LearningSpecification",
      "iscedfCode" : [ "7" ],
      "nqfLevel" : [ "7" ]
    }
  },
  "credentialStatus" : {
    "id" : "https://essif.europa.eu/status/education#higherEducation#392ac7f6-399a-437b-a268-4691ead8f176",
    "type" : "CredentialStatusList2020"
  },
  "evidence" : {
    "documentPresence" : [ "Physical" ],
    "evidenceDocument" : [ "Passport" ],
    "id" : "https://essif.europa.eu/tsr-va/evidence/f2aeec97-fc0d-42bf-8ca7-0548192d5678",
    "subjectPresence" : "Physical",
    "type" : [ "DocumentVerification" ],
    "verifier" : "did:ebsi:2962fb784df61baa267c8132497539f8c674b37c1244a7a"
  },
  "proof" : {
    "type" : "JsonWebSignature2020",
    "creator" : "did:ebsi:z23C8GLRGQ2Xfq7vi8KEkUWK",
    "created" : "2024-09-12T09:39:42Z",
    "proofPurpose" : "JWT",
    "verificationMethod" : "did:ebsi:z23C8GLRGQ2Xfq7vi8KEkUWK#0196c321d07b4caa9214c27cb1033d7c",
    "jws" : "eyJiNjQiOmZhbHNlLCJjcml0IjpbImI2NCJdLCJhbGciOiJFUzI1NksifQ..njh0TQLza5EoymJ-dKHKJft2SvR5TPVXnDVx_RpPTj15KCiMaAdEWTO2dtsG6kCSuM_8aDta5ggww99XgXZ-4w"
  }
}
]]></system-err>
</testsuite>
