<?xml version="1.0" encoding="UTF-8"?>
<testsuite name="id.walt.json.JsonSerializeVerifiableCredentialTest" tests="4" skipped="0" failures="0" errors="0" timestamp="2024-09-12T09:39:43" hostname="pablito-B550-AORUS-ELITE-V2" time="0.021">
  <properties/>
  <testcase name="serializeEbsiVerifiableAuthorization" classname="id.walt.json.JsonSerializeVerifiableCredentialTest" time="0.001"/>
  <testcase name="serializeSignedVc" classname="id.walt.json.JsonSerializeVerifiableCredentialTest" time="0.002"/>
  <testcase name="vcSerialization" classname="id.walt.json.JsonSerializeVerifiableCredentialTest" time="0.0"/>
  <testcase name="vcTemplatesTest" classname="id.walt.json.JsonSerializeVerifiableCredentialTest" time="0.015"/>
  <system-out><![CDATA[{
    "@context": [
        "https://www.w3.org/2018/credentials/v1"
    ],
    "id": "did:ebsi-eth:00000001/credentials/1872",
    "type": [
        "VerifiableCredential",
        "VerifiableAttestation",
        "Europass"
    ],
    "issuer": "did:key:z6Mkp3EqVdpiAG7P5kVf14eLsSWWD5shk7pgXdBWvLhhpBHx",
    "issuanceDate": "2019-06-22T14:11:44Z",
    "credentialSubject": {
        "@id": "did:key:z6Mkp3EqVdpiAG7P5kVf14eLsSWWD5shk7pgXdBWvLhhpBHx",
        "currentFamilyName": "Skywalker",
        "currentGivenName": "Lea",
        "dateOfBirth": "2021-02-15",
        "mailBox": {
            "@uri": "mailto:leaskywalker@gmail.com"
        }
    },
    "learningAchievement": {
        "@id": "urn:epass:learningAchievement:1",
        "title": {
            "text": {
                "@content-type": "text/plain",
                "@lang": "en",
                "#text": "Some Europass specific title"
            }
        },
        "specifiedBy": {
            "@idref": "urn:epass:qualification:1"
        }
    },
    "learningSpecificationReferences": {
        "qualification": {
            "@id": "urn:epass:qualification:1",
            "title": {
                "text": {
                    "@content-type": "text/plain",
                    "@lang": "en",
                    "#text": "Degree in Biology"
                }
            },
            "awardingOpportunities": null,
            "eqfLevel": {
                "@targetFrameworkUrl": "http://data.europa.eu/snb/eqf/25831c2",
                "@targetNotation": "eqf",
                "@uri": "http://data.europa.eu/snb/eqf/7",
                "targetName": {
                    "text": {
                        "@content-type": "text/plain",
                        "@lang": "en",
                        "#text": "Level 7"
                    }
                }
            }
        }
    },
    "targetDescription": {
        "text": {
            "@content-type": "text/plain",
            "@lang": "en",
            "#text": "Highly specialised knowledge, some of which is at the forefront of knowledge in a field of work or study, as the basis for original thinking and/or research <html:br></html:br>critical awareness of knowledge issues in a field and at the interface between different fields </html:div> <html:div xmlns:html=\"http://www.w3.org/1999/xhtml\" class=\"Skill\">specialised problem-solving skills required in research and/or innovation in order to develop new knowledge and procedures and to integrate knowledge from different fields</html:div> <html:div xmlns:html=\"http://www.w3.org/1999/xhtml\" class=\"Competence\">manage and transform work or study contexts that are complex, unpredictable and require new strategic approaches <html:br></html:br>take responsibility for contributing to professional knowledge and practice and/or for reviewing the strategic performance of teams"
        }
    },
    "targetFrameworkName": {
        "text": {
            "@content-type": "text/plain",
            "@lang": "en",
            "#text": "European Qualifications Framework for lifelong learning - (2008/C 111/01)"
        }
    },
    "credentialStatus": {
        "id": "https://essif.europa.eu/status/43",
        "type": "CredentialsStatusList2020"
    },
    "credentialSchema": {
        "id": "https://essif.europa.eu/tsr-123/verifiableattestation.json",
        "type": "JsonSchemaValidator2018"
    },
    "evidence": {
        "id": "https://essif.europa.eu/evidence/f2aeec97-fc0d-42bf-8ca7-0548192d4231",
        "type": [
            "DocumentVerification, Assessment"
        ],
        "verifier": "https:// essif.europa.eu /issuers/48",
        "evidenceDocument": [
            "Passport",
            "Assessment"
        ]
    },
    "proof": {
        "type": "Ed25519Signature2018",
        "creator": "did:key:z6Mkp3EqVdpiAG7P5kVf14eLsSWWD5shk7pgXdBWvLhhpBHx",
        "created": "2021-05-29T19:27:55Z",
        "jws": "eyJiNjQiOmZhbHNlLCJjcml0IjpbImI2NCJdLCJhbGciOiJFZERTQSJ9..3IGNKavUB6731UfDnbPWhZFGwwePWfo7N_4Ah2j1RWbEki21scExehAtMHejtipaKMp0BexgrWbplnBG3sdfDg"
    }
}

{"type":["VerifiableCredential","VerifiableAttestation"],"@context":["https://www.w3.org/2018/credentials/v1"],"id":"XXX","issuer":"XXX","issuanceDate":"2021-12-03T10:15:30Z","credentialSchema":{"id":"https://essif.europa.eu/tsr/education/CSR1224.json","type":"JsonSchemaValidator2018"},"credentialSubject":{"id":"XXX","authorizationClaims":["claim1","claim2"]},"credentialStatus":{"id":"https://essif.europa.eu/status","type":"CredentialsStatusList2020"}}
{"type":["VerifiableCredential","VerifiableAttestation"],"@context":["https://www.w3.org/2018/credentials/v1"],"id":"XXX","issuer":"XXX","issuanceDate":"2021-12-03T10:15:30Z","credentialSchema":{"id":"https://essif.europa.eu/tsr/education/CSR1224.json","type":"JsonSchemaValidator2018"},"credentialSubject":{"id":"XXX","authorizationClaims":["claim1","claim2"]},"credentialStatus":{"id":"https://essif.europa.eu/status","type":"CredentialsStatusList2020"}}
serializing: src/test/resources/verifiable-credentials/DeqarCredential.json
serializing: src/test/resources/verifiable-credentials/CertifiedMillTestReport.json
serializing: src/test/resources/verifiable-credentials/VerifiableId.json
serializing: src/test/resources/verifiable-credentials/VerifiableDiploma.json
serializing: src/test/resources/verifiable-credentials/vp-input.json
serializing: src/test/resources/verifiable-credentials/vc-template-default.json
serializing: src/test/resources/verifiable-credentials/VerifiableAuthorization.json
serializing: src/test/resources/verifiable-credentials/vc-europass-signed.json
serializing: src/test/resources/verifiable-credentials/vc-offer-simple-example.json
serializing: src/test/resources/verifiable-credentials/VerifiableAttestation.json
serializing: src/test/resources/verifiable-credentials/VerifiableAttestation-Europass.json
serializing: src/test/resources/verifiable-credentials/PermanentResidentCard.json
serializing: src/test/resources/verifiable-credentials/UniversityCredential.json
serializing: src/test/resources/verifiable-credentials/PermanentResidentCardExample.json
serializing: src/test/resources/verifiable-credentials/vc-simple-example.json
serializing: src/test/resources/verifiable-credentials/vc-example37.json
serializing: src/test/resources/verifiable-credentials/GaiaxCredential.json
serializing: src/test/resources/verifiable-credentials/vc-ebsi-verifiable-authorisation.json
serializing: src/test/resources/verifiable-credentials/WorkHistory.json
serializing: src/test/resources/verifiable-credentials/VerifiableDiplomaWithIssuerTirRecord.json
]]></system-out>
  <system-err><![CDATA[]]></system-err>
</testsuite>
