<?xml version="1.0" encoding="UTF-8"?>
<testsuite name="id.walt.auditor.ValidFromBeforePolicyTest" tests="4" skipped="0" failures="0" errors="0" timestamp="2024-09-12T09:39:41" hostname="pablito-B550-AORUS-ELITE-V2" time="0.006">
  <properties/>
  <testcase name="returns true when valid from is before current" classname="id.walt.auditor.ValidFromBeforePolicyTest" time="0.001"/>
  <testcase name="returns false when valid from is in the future" classname="id.walt.auditor.ValidFromBeforePolicyTest" time="0.001"/>
  <testcase name="returns false when vc is not a presentation and valid from is null" classname="id.walt.auditor.ValidFromBeforePolicyTest" time="0.0"/>
  <testcase name="returns always true when vc is a presentation" classname="id.walt.auditor.ValidFromBeforePolicyTest" time="0.001"/>
  <system-out><![CDATA[]]></system-out>
  <system-err><![CDATA[6152 [pool-1-thread-1 @coroutine#122] DEBUG id.walt.auditor.VerificationPolicy - VC [VerifiableCredential] passes policy ValidFromBeforePolicy: passed
6154 [pool-1-thread-1 @coroutine#123] DEBUG id.walt.auditor.VerificationPolicy - VerificationPolicy failed: 
6154 [pool-1-thread-1 @coroutine#123] DEBUG id.walt.auditor.VerificationPolicy - VC [VerifiableCredential] passes policy ValidFromBeforePolicy: failed: 
6156 [pool-1-thread-1 @coroutine#124] DEBUG id.walt.auditor.VerificationPolicy - VerificationPolicy failed: 
6156 [pool-1-thread-1 @coroutine#124] DEBUG id.walt.auditor.VerificationPolicy - VC [VerifiableCredential] passes policy ValidFromBeforePolicy: failed: 
6157 [pool-1-thread-1 @coroutine#125] DEBUG id.walt.auditor.VerificationPolicy - VC [VerifiablePresentation] passes policy ValidFromBeforePolicy: passed
]]></system-err>
</testsuite>
