<?xml version="1.0" encoding="UTF-8"?>
<testsuite name="id.walt.services.essif.DidEbsiServiceTest" tests="1" skipped="0" failures="0" errors="0" timestamp="2024-09-12T09:39:47" hostname="pablito-B550-AORUS-ELITE-V2" time="0.022">
  <properties/>
  <testcase name="testBuildInsertDocumentParams" classname="id.walt.services.essif.DidEbsiServiceTest" time="0.022"/>
  <system-out><![CDATA[Running ServiceMatrix
Done running the ServiceMatrix
NEEDING DID EBSI 1
]]></system-out>
  <system-err><![CDATA[12278 [pool-1-thread-1 @coroutine#815] DEBUG id.walt.services.keystore.SqlKeyStoreService - Saving key "Key[DidEbsiServiceTest_key; Algo: ECDSA_Secp256k1; Provider: SUN]"...
12284 [pool-1-thread-1 @coroutine#815] DEBUG id.walt.services.keystore.SqlKeyStoreService - Adding alias "did:ebsi:23R3YwWEc7J1chejmwjh5JDaRjqvvf6ogHnxJNHUvaep4f98" for keyId "DidEbsiServiceTest_key"...
12286 [pool-1-thread-1 @coroutine#815] DEBUG id.walt.services.keystore.SqlKeyStoreService - Adding alias "did:ebsi:23R3YwWEc7J1chejmwjh5JDaRjqvvf6ogHnxJNHUvaep4f98#key-1" for keyId "DidEbsiServiceTest_key"...
12289 [pool-1-thread-1 @coroutine#815] DEBUG id.walt.model.DidUrl - Trying to create DidUrl from URL: "did:ebsi:23R3YwWEc7J1chejmwjh5JDaRjqvvf6ogHnxJNHUvaep4f98"...
12289 [pool-1-thread-1 @coroutine#815] DEBUG id.walt.model.DidUrl - Trying to create DidUrl from URL: "did:ebsi:23R3YwWEc7J1chejmwjh5JDaRjqvvf6ogHnxJNHUvaep4f98"...
12289 [pool-1-thread-1 @coroutine#815] DEBUG id.walt.model.DidUrl - Trying to create DidUrl from URL: "did:ebsi:23R3YwWEc7J1chejmwjh5JDaRjqvvf6ogHnxJNHUvaep4f98"...
12289 [pool-1-thread-1 @coroutine#815] DEBUG id.walt.model.DidUrl - Trying to create DidUrl from URL: "did:ebsi:23R3YwWEc7J1chejmwjh5JDaRjqvvf6ogHnxJNHUvaep4f98"...
12291 [pool-1-thread-1 @coroutine#815] DEBUG id.walt.model.DidUrl - Trying to create DidUrl from URL: "did:ebsi:23R3YwWEc7J1chejmwjh5JDaRjqvvf6ogHnxJNHUvaep4f98"...
12291 [pool-1-thread-1 @coroutine#815] DEBUG id.walt.services.keystore.SqlKeyStoreService - Loading key "did:ebsi:23R3YwWEc7J1chejmwjh5JDaRjqvvf6ogHnxJNHUvaep4f98"...
12296 [pool-1-thread-1 @coroutine#815] DEBUG id.walt.services.keystore.SqlKeyStoreService - Deleting key "DidEbsiServiceTest_key".
]]></system-err>
</testsuite>
