<?xml version="1.0" encoding="UTF-8"?>
<testsuite name="id.walt.context.WaltContextTest" tests="2" skipped="0" failures="0" errors="0" timestamp="2024-09-12T09:39:42" hostname="pablito-B550-AORUS-ELITE-V2" time="0.026">
  <properties/>
  <testcase name="testContext" classname="id.walt.context.WaltContextTest" time="0.013"/>
  <testcase name="testDidKeyImport" classname="id.walt.context.WaltContextTest" time="0.012"/>
  <system-out><![CDATA[]]></system-out>
  <system-err><![CDATA[7706 [pool-1-thread-1 @coroutine#173] DEBUG id.walt.services.keystore.HKVKeyStoreService - Storing key "5c96ebe19fe94068b04a79cf19f6243d".
7707 [pool-1-thread-1 @coroutine#173] DEBUG id.walt.services.keystore.HKVKeyStoreService - Loading key "5c96ebe19fe94068b04a79cf19f6243d".
7707 [pool-1-thread-1 @coroutine#173] DEBUG id.walt.model.DidUrl - Trying to create DidUrl from URL: "did:key:z6MkozNhY31AapHQsriZK8cUnFhyqGUVYTYP5Paqq5kd5dAu"...
7709 [pool-1-thread-1 @coroutine#173] DEBUG id.walt.services.keystore.HKVKeyStoreService - Loading key "5c96ebe19fe94068b04a79cf19f6243d".
7709 [pool-1-thread-1 @coroutine#173] DEBUG id.walt.services.did.DidService - A key with the id "5c96ebe19fe94068b04a79cf19f6243d" exists.
7710 [pool-1-thread-1 @coroutine#173] DEBUG id.walt.model.DidUrl - Trying to create DidUrl from URL: "did:key:z6MkozNhY31AapHQsriZK8cUnFhyqGUVYTYP5Paqq5kd5dAu"...
7710 [pool-1-thread-1 @coroutine#173] DEBUG id.walt.model.DidUrl - Trying to create DidUrl from URL: "did:key:z6MkozNhY31AapHQsriZK8cUnFhyqGUVYTYP5Paqq5kd5dAu"...
7712 [pool-1-thread-1 @coroutine#173] DEBUG id.walt.services.keystore.HKVKeyStoreService - Storing key "f5b593f9cf26474988865246bcf0d243".
7712 [pool-1-thread-1 @coroutine#173] DEBUG id.walt.services.keystore.HKVKeyStoreService - Loading key "f5b593f9cf26474988865246bcf0d243".
7713 [pool-1-thread-1 @coroutine#173] DEBUG id.walt.model.DidUrl - Trying to create DidUrl from URL: "did:key:z6MkvMyifjZyo2inP6vsMbhEH54Fr8R6tDxQsgzs9aF4iqgJ"...
7714 [pool-1-thread-1 @coroutine#173] DEBUG id.walt.services.keystore.HKVKeyStoreService - Loading key "f5b593f9cf26474988865246bcf0d243".
7714 [pool-1-thread-1 @coroutine#173] DEBUG id.walt.services.did.DidService - A key with the id "f5b593f9cf26474988865246bcf0d243" exists.
7715 [pool-1-thread-1 @coroutine#173] DEBUG id.walt.model.DidUrl - Trying to create DidUrl from URL: "did:key:z6MkvMyifjZyo2inP6vsMbhEH54Fr8R6tDxQsgzs9aF4iqgJ"...
7715 [pool-1-thread-1 @coroutine#173] DEBUG id.walt.model.DidUrl - Trying to create DidUrl from URL: "did:key:z6MkvMyifjZyo2inP6vsMbhEH54Fr8R6tDxQsgzs9aF4iqgJ"...
7720 [pool-1-thread-1 @coroutine#174] DEBUG id.walt.services.keystore.HKVKeyStoreService - Storing key "c08d78b4da844ae28e1d3a1056d0b7bc".
7720 [pool-1-thread-1 @coroutine#174] DEBUG id.walt.services.keystore.HKVKeyStoreService - Loading key "c08d78b4da844ae28e1d3a1056d0b7bc".
7720 [pool-1-thread-1 @coroutine#174] DEBUG id.walt.model.DidUrl - Trying to create DidUrl from URL: "did:key:z6MkiMrjsgHbUPXTtMeoej3sTcUGCojvyJZcYSFpkCQSb9rD"...
7722 [pool-1-thread-1 @coroutine#174] DEBUG id.walt.services.keystore.HKVKeyStoreService - Loading key "c08d78b4da844ae28e1d3a1056d0b7bc".
7722 [pool-1-thread-1 @coroutine#174] DEBUG id.walt.services.did.DidService - A key with the id "c08d78b4da844ae28e1d3a1056d0b7bc" exists.
7723 [pool-1-thread-1 @coroutine#174] DEBUG id.walt.model.DidUrl - Trying to create DidUrl from URL: "did:key:z6MkiMrjsgHbUPXTtMeoej3sTcUGCojvyJZcYSFpkCQSb9rD"...
7723 [pool-1-thread-1 @coroutine#174] DEBUG id.walt.model.DidUrl - Trying to create DidUrl from URL: "did:key:z6MkiMrjsgHbUPXTtMeoej3sTcUGCojvyJZcYSFpkCQSb9rD"...
7724 [pool-1-thread-1 @coroutine#174] DEBUG id.walt.model.DidUrl - Trying to create DidUrl from URL: "did:key:z6MkiMrjsgHbUPXTtMeoej3sTcUGCojvyJZcYSFpkCQSb9rD"...
7724 [pool-1-thread-1 @coroutine#174] DEBUG id.walt.model.DidUrl - Trying to create DidUrl from URL: "did:key:z6MkiMrjsgHbUPXTtMeoej3sTcUGCojvyJZcYSFpkCQSb9rD"...
7724 [pool-1-thread-1 @coroutine#174] DEBUG id.walt.signatory.WaltIdSignatory - Signing credential with proof using JWT...
7724 [pool-1-thread-1 @coroutine#174] DEBUG id.walt.signatory.WaltIdSignatory - Signing credential with proof using JWT, credential is: {"type":["VerifiableCredential","VerifiableAttestation","VerifiableId"],"@context":["https://www.w3.org/2018/credentials/v1"],"id":"urn:uuid:405f23a2-08c4-4bf0-a41a-67b04ffa3d34","issuer":"did:key:z6MkiMrjsgHbUPXTtMeoej3sTcUGCojvyJZcYSFpkCQSb9rD","issuanceDate":"2024-09-12T09:39:42Z","issued":"2024-09-12T09:39:42Z","validFrom":"2024-09-12T09:39:42Z","credentialSchema":{"id":"https://raw.githubusercontent.com/walt-id/waltid-ssikit-vclib/master/src/test/resources/schemas/VerifiableId.json","type":"FullJsonSchemaValidator2021"},"credentialSubject":{"id":"did:key:z6MkiMrjsgHbUPXTtMeoej3sTcUGCojvyJZcYSFpkCQSb9rD","currentAddress":["1 Boulevard de la Liberté, 59800 Lille"],"dateOfBirth":"1993-04-08","familyName":"DOE","firstName":"Jane","gender":"FEMALE","nameAndFamilyNameAtBirth":"Jane DOE","personalIdentifier":"0904008084H","placeOfBirth":"LILLE, FRANCE"},"evidence":[{"documentPresence":["Physical"],"evidenceDocument":["Passport"],"subjectPresence":"Physical","type":["DocumentVerification"],"verifier":"did:ebsi:2A9BZ9SUe6BatacSpvs1V5CdjHvLpQ7bEsi2Jb6LdHKnQxaN"}]}
7724 [pool-1-thread-1 @coroutine#174] DEBUG id.walt.services.vc.WaltIdJwtCredentialService - Signing JWT object with config: ProofConfig(issuerDid=did:key:z6MkiMrjsgHbUPXTtMeoej3sTcUGCojvyJZcYSFpkCQSb9rD, subjectDid=did:key:z6MkiMrjsgHbUPXTtMeoej3sTcUGCojvyJZcYSFpkCQSb9rD, verifierDid=null, issuerVerificationMethod=did:key:z6MkiMrjsgHbUPXTtMeoej3sTcUGCojvyJZcYSFpkCQSb9rD#z6MkiMrjsgHbUPXTtMeoej3sTcUGCojvyJZcYSFpkCQSb9rD, proofType=JWT, domain=null, nonce=null, proofPurpose=null, credentialId=urn:uuid:405f23a2-08c4-4bf0-a41a-67b04ffa3d34, issueDate=2024-09-12T09:39:42.944080420Z, validDate=2024-09-12T09:39:42.944084567Z, expirationDate=null, dataProviderIdentifier=null, ldSignatureType=null, creator=did:key:z6MkiMrjsgHbUPXTtMeoej3sTcUGCojvyJZcYSFpkCQSb9rD, ecosystem=DEFAULT, statusType=null, statusPurpose=revocation, credentialsEndpoint=null, selectiveDisclosure=null)
7724 [pool-1-thread-1 @coroutine#174] DEBUG id.walt.services.vc.WaltIdJwtCredentialService - Signing: {"sub":"did:key:z6MkiMrjsgHbUPXTtMeoej3sTcUGCojvyJZcYSFpkCQSb9rD","nbf":1726133982,"iss":"did:key:z6MkiMrjsgHbUPXTtMeoej3sTcUGCojvyJZcYSFpkCQSb9rD","iat":1726133982,"vc":{"type":["VerifiableCredential","VerifiableAttestation","VerifiableId"],"@context":["https://www.w3.org/2018/credentials/v1"],"id":"urn:uuid:405f23a2-08c4-4bf0-a41a-67b04ffa3d34","issuer":"did:key:z6MkiMrjsgHbUPXTtMeoej3sTcUGCojvyJZcYSFpkCQSb9rD","issuanceDate":"2024-09-12T09:39:42Z","issued":"2024-09-12T09:39:42Z","validFrom":"2024-09-12T09:39:42Z","credentialSchema":{"id":"https://raw.githubusercontent.com/walt-id/waltid-ssikit-vclib/master/src/test/resources/schemas/VerifiableId.json","type":"FullJsonSchemaValidator2021"},"credentialSubject":{"id":"did:key:z6MkiMrjsgHbUPXTtMeoej3sTcUGCojvyJZcYSFpkCQSb9rD","currentAddress":["1 Boulevard de la Liberté, 59800 Lille"],"dateOfBirth":"1993-04-08","familyName":"DOE","firstName":"Jane","gender":"FEMALE","nameAndFamilyNameAtBirth":"Jane DOE","personalIdentifier":"0904008084H","placeOfBirth":"LILLE, FRANCE"},"evidence":[{"documentPresence":["Physical"],"evidenceDocument":["Passport"],"subjectPresence":"Physical","type":["DocumentVerification"],"verifier":"did:ebsi:2A9BZ9SUe6BatacSpvs1V5CdjHvLpQ7bEsi2Jb6LdHKnQxaN"}]},"jti":"urn:uuid:405f23a2-08c4-4bf0-a41a-67b04ffa3d34"}
7724 [pool-1-thread-1 @coroutine#174] DEBUG id.walt.services.keystore.HKVKeyStoreService - Loading key "did:key:z6MkiMrjsgHbUPXTtMeoej3sTcUGCojvyJZcYSFpkCQSb9rD#z6MkiMrjsgHbUPXTtMeoej3sTcUGCojvyJZcYSFpkCQSb9rD".
7725 [pool-1-thread-1 @coroutine#174] DEBUG id.walt.services.jwt.WaltIdJwtService - Signing JWT with algorithm: EdDSA_Ed25519
7725 [pool-1-thread-1 @coroutine#174] DEBUG id.walt.model.DidUrl - Trying to create DidUrl from URL: "did:key:z6MkiMrjsgHbUPXTtMeoej3sTcUGCojvyJZcYSFpkCQSb9rD#z6MkiMrjsgHbUPXTtMeoej3sTcUGCojvyJZcYSFpkCQSb9rD"...
7725 [pool-1-thread-1 @coroutine#174] DEBUG id.walt.services.keystore.HKVKeyStoreService - Loading key "c08d78b4da844ae28e1d3a1056d0b7bc".
7726 [pool-1-thread-1 @coroutine#174] DEBUG id.walt.services.jwt.WaltIdJwtService - Signed JWT:  eyJraWQiOiJkaWQ6a2V5Ono2TWtpTXJqc2dIYlVQWFR0TWVvZWozc1RjVUdDb2p2eUpaY1lTRnBrQ1FTYjlyRCN6Nk1raU1yanNnSGJVUFhUdE1lb2VqM3NUY1VHQ29qdnlKWmNZU0Zwa0NRU2I5ckQiLCJ0eXAiOiJKV1QiLCJhbGciOiJFZERTQSJ9.eyJzdWIiOiJkaWQ6a2V5Ono2TWtpTXJqc2dIYlVQWFR0TWVvZWozc1RjVUdDb2p2eUpaY1lTRnBrQ1FTYjlyRCIsIm5iZiI6MTcyNjEzMzk4MiwiaXNzIjoiZGlkOmtleTp6Nk1raU1yanNnSGJVUFhUdE1lb2VqM3NUY1VHQ29qdnlKWmNZU0Zwa0NRU2I5ckQiLCJpYXQiOjE3MjYxMzM5ODIsInZjIjp7InR5cGUiOlsiVmVyaWZpYWJsZUNyZWRlbnRpYWwiLCJWZXJpZmlhYmxlQXR0ZXN0YXRpb24iLCJWZXJpZmlhYmxlSWQiXSwiQGNvbnRleHQiOlsiaHR0cHM6Ly93d3cudzMub3JnLzIwMTgvY3JlZGVudGlhbHMvdjEiXSwiaWQiOiJ1cm46dXVpZDo0MDVmMjNhMi0wOGM0LTRiZjAtYTQxYS02N2IwNGZmYTNkMzQiLCJpc3N1ZXIiOiJkaWQ6a2V5Ono2TWtpTXJqc2dIYlVQWFR0TWVvZWozc1RjVUdDb2p2eUpaY1lTRnBrQ1FTYjlyRCIsImlzc3VhbmNlRGF0ZSI6IjIwMjQtMDktMTJUMDk6Mzk6NDJaIiwiaXNzdWVkIjoiMjAyNC0wOS0xMlQwOTozOTo0MloiLCJ2YWxpZEZyb20iOiIyMDI0LTA5LTEyVDA5OjM5OjQyWiIsImNyZWRlbnRpYWxTY2hlbWEiOnsiaWQiOiJodHRwczovL3Jhdy5naXRodWJ1c2VyY29udGVudC5jb20vd2FsdC1pZC93YWx0aWQtc3Npa2l0LXZjbGliL21hc3Rlci9zcmMvdGVzdC9yZXNvdXJjZXMvc2NoZW1hcy9WZXJpZmlhYmxlSWQuanNvbiIsInR5cGUiOiJGdWxsSnNvblNjaGVtYVZhbGlkYXRvcjIwMjEifSwiY3JlZGVudGlhbFN1YmplY3QiOnsiaWQiOiJkaWQ6a2V5Ono2TWtpTXJqc2dIYlVQWFR0TWVvZWozc1RjVUdDb2p2eUpaY1lTRnBrQ1FTYjlyRCIsImN1cnJlbnRBZGRyZXNzIjpbIjEgQm91bGV2YXJkIGRlIGxhIExpYmVydMOpLCA1OTgwMCBMaWxsZSJdLCJkYXRlT2ZCaXJ0aCI6IjE5OTMtMDQtMDgiLCJmYW1pbHlOYW1lIjoiRE9FIiwiZmlyc3ROYW1lIjoiSmFuZSIsImdlbmRlciI6IkZFTUFMRSIsIm5hbWVBbmRGYW1pbHlOYW1lQXRCaXJ0aCI6IkphbmUgRE9FIiwicGVyc29uYWxJZGVudGlmaWVyIjoiMDkwNDAwODA4NEgiLCJwbGFjZU9mQmlydGgiOiJMSUxMRSwgRlJBTkNFIn0sImV2aWRlbmNlIjpbeyJkb2N1bWVudFByZXNlbmNlIjpbIlBoeXNpY2FsIl0sImV2aWRlbmNlRG9jdW1lbnQiOlsiUGFzc3BvcnQiXSwic3ViamVjdFByZXNlbmNlIjoiUGh5c2ljYWwiLCJ0eXBlIjpbIkRvY3VtZW50VmVyaWZpY2F0aW9uIl0sInZlcmlmaWVyIjoiZGlkOmVic2k6MkE5Qlo5U1VlNkJhdGFjU3B2czFWNUNkakh2THBRN2JFc2kySmI2TGRIS25ReGFOIn1dfSwianRpIjoidXJuOnV1aWQ6NDA1ZjIzYTItMDhjNC00YmYwLWE0MWEtNjdiMDRmZmEzZDM0In0.QEPbLm8k4IgcVw_qVGqrJ3mX-pFo35WUDGClwA2rcPGh5NUz1eqakfMdgH2osRcolLhpuMojQLy6DfTq-PmZDA
7726 [pool-1-thread-1 @coroutine#174] DEBUG id.walt.signatory.WaltIdSignatory - Signed VC is: eyJraWQiOiJkaWQ6a2V5Ono2TWtpTXJqc2dIYlVQWFR0TWVvZWozc1RjVUdDb2p2eUpaY1lTRnBrQ1FTYjlyRCN6Nk1raU1yanNnSGJVUFhUdE1lb2VqM3NUY1VHQ29qdnlKWmNZU0Zwa0NRU2I5ckQiLCJ0eXAiOiJKV1QiLCJhbGciOiJFZERTQSJ9.eyJzdWIiOiJkaWQ6a2V5Ono2TWtpTXJqc2dIYlVQWFR0TWVvZWozc1RjVUdDb2p2eUpaY1lTRnBrQ1FTYjlyRCIsIm5iZiI6MTcyNjEzMzk4MiwiaXNzIjoiZGlkOmtleTp6Nk1raU1yanNnSGJVUFhUdE1lb2VqM3NUY1VHQ29qdnlKWmNZU0Zwa0NRU2I5ckQiLCJpYXQiOjE3MjYxMzM5ODIsInZjIjp7InR5cGUiOlsiVmVyaWZpYWJsZUNyZWRlbnRpYWwiLCJWZXJpZmlhYmxlQXR0ZXN0YXRpb24iLCJWZXJpZmlhYmxlSWQiXSwiQGNvbnRleHQiOlsiaHR0cHM6Ly93d3cudzMub3JnLzIwMTgvY3JlZGVudGlhbHMvdjEiXSwiaWQiOiJ1cm46dXVpZDo0MDVmMjNhMi0wOGM0LTRiZjAtYTQxYS02N2IwNGZmYTNkMzQiLCJpc3N1ZXIiOiJkaWQ6a2V5Ono2TWtpTXJqc2dIYlVQWFR0TWVvZWozc1RjVUdDb2p2eUpaY1lTRnBrQ1FTYjlyRCIsImlzc3VhbmNlRGF0ZSI6IjIwMjQtMDktMTJUMDk6Mzk6NDJaIiwiaXNzdWVkIjoiMjAyNC0wOS0xMlQwOTozOTo0MloiLCJ2YWxpZEZyb20iOiIyMDI0LTA5LTEyVDA5OjM5OjQyWiIsImNyZWRlbnRpYWxTY2hlbWEiOnsiaWQiOiJodHRwczovL3Jhdy5naXRodWJ1c2VyY29udGVudC5jb20vd2FsdC1pZC93YWx0aWQtc3Npa2l0LXZjbGliL21hc3Rlci9zcmMvdGVzdC9yZXNvdXJjZXMvc2NoZW1hcy9WZXJpZmlhYmxlSWQuanNvbiIsInR5cGUiOiJGdWxsSnNvblNjaGVtYVZhbGlkYXRvcjIwMjEifSwiY3JlZGVudGlhbFN1YmplY3QiOnsiaWQiOiJkaWQ6a2V5Ono2TWtpTXJqc2dIYlVQWFR0TWVvZWozc1RjVUdDb2p2eUpaY1lTRnBrQ1FTYjlyRCIsImN1cnJlbnRBZGRyZXNzIjpbIjEgQm91bGV2YXJkIGRlIGxhIExpYmVydMOpLCA1OTgwMCBMaWxsZSJdLCJkYXRlT2ZCaXJ0aCI6IjE5OTMtMDQtMDgiLCJmYW1pbHlOYW1lIjoiRE9FIiwiZmlyc3ROYW1lIjoiSmFuZSIsImdlbmRlciI6IkZFTUFMRSIsIm5hbWVBbmRGYW1pbHlOYW1lQXRCaXJ0aCI6IkphbmUgRE9FIiwicGVyc29uYWxJZGVudGlmaWVyIjoiMDkwNDAwODA4NEgiLCJwbGFjZU9mQmlydGgiOiJMSUxMRSwgRlJBTkNFIn0sImV2aWRlbmNlIjpbeyJkb2N1bWVudFByZXNlbmNlIjpbIlBoeXNpY2FsIl0sImV2aWRlbmNlRG9jdW1lbnQiOlsiUGFzc3BvcnQiXSwic3ViamVjdFByZXNlbmNlIjoiUGh5c2ljYWwiLCJ0eXBlIjpbIkRvY3VtZW50VmVyaWZpY2F0aW9uIl0sInZlcmlmaWVyIjoiZGlkOmVic2k6MkE5Qlo5U1VlNkJhdGFjU3B2czFWNUNkakh2THBRN2JFc2kySmI2TGRIS25ReGFOIn1dfSwianRpIjoidXJuOnV1aWQ6NDA1ZjIzYTItMDhjNC00YmYwLWE0MWEtNjdiMDRmZmEzZDM0In0.QEPbLm8k4IgcVw_qVGqrJ3mX-pFo35WUDGClwA2rcPGh5NUz1eqakfMdgH2osRcolLhpuMojQLy6DfTq-PmZDA
7726 [pool-1-thread-1 @coroutine#174] DEBUG id.walt.auditor.Auditor - Verifying vc with SignaturePolicy ...
7726 [pool-1-thread-1 @coroutine#174] DEBUG id.walt.auditor.policies.SignaturePolicy - is jwt: true
7727 [pool-1-thread-1 @coroutine#174] DEBUG id.walt.services.vc.WaltIdJwtCredentialService - Verifying vc: eyJraWQiOiJkaWQ6a2V5Ono2TWtpTXJqc2dIYlVQWFR0TWVvZWozc1RjVUdDb2p2eUpaY1lTRnBrQ1FTYjlyRCN6Nk1raU1yanNnSGJVUFhUdE1lb2VqM3NUY1VHQ29qdnlKWmNZU0Zwa0NRU2I5ckQiLCJ0eXAiOiJKV1QiLCJhbGciOiJFZERTQSJ9.eyJzdWIiOiJkaWQ6a2V5Ono2TWtpTXJqc2dIYlVQWFR0TWVvZWozc1RjVUdDb2p2eUpaY1lTRnBrQ1FTYjlyRCIsIm5iZiI6MTcyNjEzMzk4MiwiaXNzIjoiZGlkOmtleTp6Nk1raU1yanNnSGJVUFhUdE1lb2VqM3NUY1VHQ29qdnlKWmNZU0Zwa0NRU2I5ckQiLCJpYXQiOjE3MjYxMzM5ODIsInZjIjp7InR5cGUiOlsiVmVyaWZpYWJsZUNyZWRlbnRpYWwiLCJWZXJpZmlhYmxlQXR0ZXN0YXRpb24iLCJWZXJpZmlhYmxlSWQiXSwiQGNvbnRleHQiOlsiaHR0cHM6Ly93d3cudzMub3JnLzIwMTgvY3JlZGVudGlhbHMvdjEiXSwiaWQiOiJ1cm46dXVpZDo0MDVmMjNhMi0wOGM0LTRiZjAtYTQxYS02N2IwNGZmYTNkMzQiLCJpc3N1ZXIiOiJkaWQ6a2V5Ono2TWtpTXJqc2dIYlVQWFR0TWVvZWozc1RjVUdDb2p2eUpaY1lTRnBrQ1FTYjlyRCIsImlzc3VhbmNlRGF0ZSI6IjIwMjQtMDktMTJUMDk6Mzk6NDJaIiwiaXNzdWVkIjoiMjAyNC0wOS0xMlQwOTozOTo0MloiLCJ2YWxpZEZyb20iOiIyMDI0LTA5LTEyVDA5OjM5OjQyWiIsImNyZWRlbnRpYWxTY2hlbWEiOnsiaWQiOiJodHRwczovL3Jhdy5naXRodWJ1c2VyY29udGVudC5jb20vd2FsdC1pZC93YWx0aWQtc3Npa2l0LXZjbGliL21hc3Rlci9zcmMvdGVzdC9yZXNvdXJjZXMvc2NoZW1hcy9WZXJpZmlhYmxlSWQuanNvbiIsInR5cGUiOiJGdWxsSnNvblNjaGVtYVZhbGlkYXRvcjIwMjEifSwiY3JlZGVudGlhbFN1YmplY3QiOnsiaWQiOiJkaWQ6a2V5Ono2TWtpTXJqc2dIYlVQWFR0TWVvZWozc1RjVUdDb2p2eUpaY1lTRnBrQ1FTYjlyRCIsImN1cnJlbnRBZGRyZXNzIjpbIjEgQm91bGV2YXJkIGRlIGxhIExpYmVydMOpLCA1OTgwMCBMaWxsZSJdLCJkYXRlT2ZCaXJ0aCI6IjE5OTMtMDQtMDgiLCJmYW1pbHlOYW1lIjoiRE9FIiwiZmlyc3ROYW1lIjoiSmFuZSIsImdlbmRlciI6IkZFTUFMRSIsIm5hbWVBbmRGYW1pbHlOYW1lQXRCaXJ0aCI6IkphbmUgRE9FIiwicGVyc29uYWxJZGVudGlmaWVyIjoiMDkwNDAwODA4NEgiLCJwbGFjZU9mQmlydGgiOiJMSUxMRSwgRlJBTkNFIn0sImV2aWRlbmNlIjpbeyJkb2N1bWVudFByZXNlbmNlIjpbIlBoeXNpY2FsIl0sImV2aWRlbmNlRG9jdW1lbnQiOlsiUGFzc3BvcnQiXSwic3ViamVjdFByZXNlbmNlIjoiUGh5c2ljYWwiLCJ0eXBlIjpbIkRvY3VtZW50VmVyaWZpY2F0aW9uIl0sInZlcmlmaWVyIjoiZGlkOmVic2k6MkE5Qlo5U1VlNkJhdGFjU3B2czFWNUNkakh2THBRN2JFc2kySmI2TGRIS25ReGFOIn1dfSwianRpIjoidXJuOnV1aWQ6NDA1ZjIzYTItMDhjNC00YmYwLWE0MWEtNjdiMDRmZmEzZDM0In0.QEPbLm8k4IgcVw_qVGqrJ3mX-pFo35WUDGClwA2rcPGh5NUz1eqakfMdgH2osRcolLhpuMojQLy6DfTq-PmZDA
7727 [pool-1-thread-1 @coroutine#174] DEBUG id.walt.services.jwt.WaltIdJwtService - Verifying token:  eyJraWQiOiJkaWQ6a2V5Ono2TWtpTXJqc2dIYlVQWFR0TWVvZWozc1RjVUdDb2p2eUpaY1lTRnBrQ1FTYjlyRCN6Nk1raU1yanNnSGJVUFhUdE1lb2VqM3NUY1VHQ29qdnlKWmNZU0Zwa0NRU2I5ckQiLCJ0eXAiOiJKV1QiLCJhbGciOiJFZERTQSJ9.eyJzdWIiOiJkaWQ6a2V5Ono2TWtpTXJqc2dIYlVQWFR0TWVvZWozc1RjVUdDb2p2eUpaY1lTRnBrQ1FTYjlyRCIsIm5iZiI6MTcyNjEzMzk4MiwiaXNzIjoiZGlkOmtleTp6Nk1raU1yanNnSGJVUFhUdE1lb2VqM3NUY1VHQ29qdnlKWmNZU0Zwa0NRU2I5ckQiLCJpYXQiOjE3MjYxMzM5ODIsInZjIjp7InR5cGUiOlsiVmVyaWZpYWJsZUNyZWRlbnRpYWwiLCJWZXJpZmlhYmxlQXR0ZXN0YXRpb24iLCJWZXJpZmlhYmxlSWQiXSwiQGNvbnRleHQiOlsiaHR0cHM6Ly93d3cudzMub3JnLzIwMTgvY3JlZGVudGlhbHMvdjEiXSwiaWQiOiJ1cm46dXVpZDo0MDVmMjNhMi0wOGM0LTRiZjAtYTQxYS02N2IwNGZmYTNkMzQiLCJpc3N1ZXIiOiJkaWQ6a2V5Ono2TWtpTXJqc2dIYlVQWFR0TWVvZWozc1RjVUdDb2p2eUpaY1lTRnBrQ1FTYjlyRCIsImlzc3VhbmNlRGF0ZSI6IjIwMjQtMDktMTJUMDk6Mzk6NDJaIiwiaXNzdWVkIjoiMjAyNC0wOS0xMlQwOTozOTo0MloiLCJ2YWxpZEZyb20iOiIyMDI0LTA5LTEyVDA5OjM5OjQyWiIsImNyZWRlbnRpYWxTY2hlbWEiOnsiaWQiOiJodHRwczovL3Jhdy5naXRodWJ1c2VyY29udGVudC5jb20vd2FsdC1pZC93YWx0aWQtc3Npa2l0LXZjbGliL21hc3Rlci9zcmMvdGVzdC9yZXNvdXJjZXMvc2NoZW1hcy9WZXJpZmlhYmxlSWQuanNvbiIsInR5cGUiOiJGdWxsSnNvblNjaGVtYVZhbGlkYXRvcjIwMjEifSwiY3JlZGVudGlhbFN1YmplY3QiOnsiaWQiOiJkaWQ6a2V5Ono2TWtpTXJqc2dIYlVQWFR0TWVvZWozc1RjVUdDb2p2eUpaY1lTRnBrQ1FTYjlyRCIsImN1cnJlbnRBZGRyZXNzIjpbIjEgQm91bGV2YXJkIGRlIGxhIExpYmVydMOpLCA1OTgwMCBMaWxsZSJdLCJkYXRlT2ZCaXJ0aCI6IjE5OTMtMDQtMDgiLCJmYW1pbHlOYW1lIjoiRE9FIiwiZmlyc3ROYW1lIjoiSmFuZSIsImdlbmRlciI6IkZFTUFMRSIsIm5hbWVBbmRGYW1pbHlOYW1lQXRCaXJ0aCI6IkphbmUgRE9FIiwicGVyc29uYWxJZGVudGlmaWVyIjoiMDkwNDAwODA4NEgiLCJwbGFjZU9mQmlydGgiOiJMSUxMRSwgRlJBTkNFIn0sImV2aWRlbmNlIjpbeyJkb2N1bWVudFByZXNlbmNlIjpbIlBoeXNpY2FsIl0sImV2aWRlbmNlRG9jdW1lbnQiOlsiUGFzc3BvcnQiXSwic3ViamVjdFByZXNlbmNlIjoiUGh5c2ljYWwiLCJ0eXBlIjpbIkRvY3VtZW50VmVyaWZpY2F0aW9uIl0sInZlcmlmaWVyIjoiZGlkOmVic2k6MkE5Qlo5U1VlNkJhdGFjU3B2czFWNUNkakh2THBRN2JFc2kySmI2TGRIS25ReGFOIn1dfSwianRpIjoidXJuOnV1aWQ6NDA1ZjIzYTItMDhjNC00YmYwLWE0MWEtNjdiMDRmZmEzZDM0In0.QEPbLm8k4IgcVw_qVGqrJ3mX-pFo35WUDGClwA2rcPGh5NUz1eqakfMdgH2osRcolLhpuMojQLy6DfTq-PmZDA
7727 [pool-1-thread-1 @coroutine#174] DEBUG id.walt.model.DidUrl - Trying to create DidUrl from URL: "did:key:z6MkiMrjsgHbUPXTtMeoej3sTcUGCojvyJZcYSFpkCQSb9rD#z6MkiMrjsgHbUPXTtMeoej3sTcUGCojvyJZcYSFpkCQSb9rD"...
7727 [pool-1-thread-1 @coroutine#174] DEBUG id.walt.model.DidUrl - Trying to create DidUrl from URL: "did:key:z6MkiMrjsgHbUPXTtMeoej3sTcUGCojvyJZcYSFpkCQSb9rD#z6MkiMrjsgHbUPXTtMeoej3sTcUGCojvyJZcYSFpkCQSb9rD"...
7727 [pool-1-thread-1 @coroutine#174] DEBUG id.walt.services.did.DidService - Loading or resolving "did:key:z6MkiMrjsgHbUPXTtMeoej3sTcUGCojvyJZcYSFpkCQSb9rD"...
7727 [pool-1-thread-1 @coroutine#174] DEBUG id.walt.model.DidUrl - Trying to create DidUrl from URL: "did:key:z6MkiMrjsgHbUPXTtMeoej3sTcUGCojvyJZcYSFpkCQSb9rD"...
7727 [pool-1-thread-1 @coroutine#174] DEBUG id.walt.services.did.DidService - loadOrResolve: url=DidUrl(method=key, identifier=z6MkiMrjsgHbUPXTtMeoej3sTcUGCojvyJZcYSFpkCQSb9rD, fragment=z6MkiMrjsgHbUPXTtMeoej3sTcUGCojvyJZcYSFpkCQSb9rD, query=null), length of stored=null
7727 [pool-1-thread-1 @coroutine#174] DEBUG id.walt.model.DidUrl - Trying to create DidUrl from URL: "did:key:z6MkiMrjsgHbUPXTtMeoej3sTcUGCojvyJZcYSFpkCQSb9rD"...
7728 [pool-1-thread-1 @coroutine#174] DEBUG id.walt.model.DidUrl - Trying to create DidUrl from URL: "did:key:z6MkiMrjsgHbUPXTtMeoej3sTcUGCojvyJZcYSFpkCQSb9rD"...
7729 [pool-1-thread-1 @coroutine#174] DEBUG id.walt.model.DidUrl - Trying to create DidUrl from URL: "did:key:z6MkiMrjsgHbUPXTtMeoej3sTcUGCojvyJZcYSFpkCQSb9rD"...
7729 [pool-1-thread-1 @coroutine#174] DEBUG id.walt.services.keystore.HKVKeyStoreService - Storing key "did:key:z6MkiMrjsgHbUPXTtMeoej3sTcUGCojvyJZcYSFpkCQSb9rD#z6MkiMrjsgHbUPXTtMeoej3sTcUGCojvyJZcYSFpkCQSb9rD".
7730 [pool-1-thread-1 @coroutine#174] DEBUG id.walt.services.keystore.HKVKeyStoreService - Loading key "did:key:z6MkiMrjsgHbUPXTtMeoej3sTcUGCojvyJZcYSFpkCQSb9rD#z6MkiMrjsgHbUPXTtMeoej3sTcUGCojvyJZcYSFpkCQSb9rD".
7731 [pool-1-thread-1 @coroutine#174] DEBUG id.walt.services.jwt.WaltIdJwtService - JWT verified returned:  true (with key: did:key:z6MkiMrjsgHbUPXTtMeoej3sTcUGCojvyJZcYSFpkCQSb9rD#z6MkiMrjsgHbUPXTtMeoej3sTcUGCojvyJZcYSFpkCQSb9rD)
7731 [pool-1-thread-1 @coroutine#174] DEBUG id.walt.auditor.VerificationPolicy - VC [VerifiableCredential, VerifiableAttestation, VerifiableId] passes policy SignaturePolicy: passed
]]></system-err>
</testsuite>
