<?xml version="1.0" encoding="UTF-8"?>
<testsuite name="id.walt.signatory.SignatoryApiTest" tests="13" skipped="0" failures="0" errors="0" timestamp="2024-09-12T09:39:49" hostname="pablito-B550-AORUS-ELITE-V2" time="0.274">
  <properties/>
  <testcase name="testHealth" classname="id.walt.signatory.SignatoryApiTest" time="0.005"/>
  <testcase name="testIssueEuropassJsonLd" classname="id.walt.signatory.SignatoryApiTest" time="0.034"/>
  <testcase name="testIssueFromJson" classname="id.walt.signatory.SignatoryApiTest" time="0.012"/>
  <testcase name="testIssuePermanentResidentCardJsonLd" classname="id.walt.signatory.SignatoryApiTest" time="0.011"/>
  <testcase name="testIssueRequestSDMap" classname="id.walt.signatory.SignatoryApiTest" time="0.013"/>
  <testcase name="testIssueVerifiableAttestationJsonLd" classname="id.walt.signatory.SignatoryApiTest" time="0.012"/>
  <testcase name="testIssueVerifiableAuthorizationJsonLd" classname="id.walt.signatory.SignatoryApiTest" time="0.012"/>
  <testcase name="testIssueVerifiableDiplomaJsonLd" classname="id.walt.signatory.SignatoryApiTest" time="0.013"/>
  <testcase name="testIssueVerifiableIdJwt" classname="id.walt.signatory.SignatoryApiTest" time="0.011"/>
  <testcase name="testListVcTemplates" classname="id.walt.signatory.SignatoryApiTest" time="0.077"/>
  <testcase name="testLoadEuropass" classname="id.walt.signatory.SignatoryApiTest" time="0.005"/>
  <testcase name="testLoadPacketDeliveryService" classname="id.walt.signatory.SignatoryApiTest" time="0.003"/>
  <testcase name="testLoadVcTemplates" classname="id.walt.signatory.SignatoryApiTest" time="0.054"/>
  <system-out><![CDATA[{
  "type" : [ "VerifiableCredential", "VerifiableAttestation", "Europass" ],
  "@context" : [ "https://www.w3.org/2018/credentials/v1", "https://w3id.org/security/suites/jws-2020/v1" ],
  "id" : "urn:uuid:2b16dc61-9ce1-4eb5-96a6-d727da964cfc",
  "issuer" : "did:ebsi:zuvwSjnkw25Z1nV1PjzhLKo",
  "issuanceDate" : "2024-09-12T09:39:49Z",
  "issued" : "2024-09-12T09:39:49Z",
  "validFrom" : "2024-09-12T09:39:49Z",
  "credentialSchema" : {
    "id" : "https://raw.githubusercontent.com/walt-id/waltid-ssikit-vclib/master/src/test/resources/schemas/Europass.json",
    "type" : "JsonSchemaValidator2018"
  },
  "credentialSubject" : {
    "id" : "did:ebsi:zuvwSjnkw25Z1nV1PjzhLKo",
    "achieved" : [ {
      "entitlesTo" : {
        "definition" : "Competences the student acquires after the completion of Graduate university study are sufficient conditions for attending the programme of Postgraduate doctoral study at the Faculty of Civil Engineering, Architecture and Geodesy in Split, as well as for attending the same or similar programmes and Postgraduate specialist studies at other faculties of Civil Engineering in Croatia. The acquired learning outcomes enable the student to attend other postgraduate study programmes in the field of technical sciences. ",
        "id" : "urn:epass:entitlement:1",
        "issuedDate" : "2019-09-20",
        "specifiedBy" : {
          "entitlementType" : "http://data.europa.eu/snb/entitlement/64aad92881",
          "id" : "urn:epass:entitlementspec:1",
          "limitJurisdiction" : [ "http://publications.europa.eu/resource/authority/country/HRV" ],
          "limitOrganisation" : [ "did:ebsi:zsSgDXeYPhZ3AuKhTFneDf1" ],
          "status" : "http://data.europa.eu/snb/entitlement-status/5b8d6b34fb",
          "title" : "Postgraduate doctoral study"
        },
        "title" : "Postgraduate doctoral study"
      },
      "hasPart" : {
        "learningAchievements" : [ {
          "id" : "",
          "identifier" : [ {
            "schemeID" : "Achievement ID",
            "value" : "GAB701"
          } ],
          "specifiedBy" : [ {
            "eCTSCreditPoints" : 5,
            "eqflLevel" : "http://data.europa.eu/snb/eqf/4",
            "id" : "urn:epass:qualification:1",
            "isPartialQualification" : true,
            "maximumDuration" : "P6M",
            "nqflLevel" : "http://data.europa.eu/snb/qdr/c_49672c5a",
            "title" : "Applied mathematics",
            "volumeOfLearning" : "PT60H"
          } ],
          "title" : "",
          "wasAwardedBy" : {
            "awardingBody" : [ "did:ebsi:zsSgDXeYPhZ3AuKhTFneDf1" ],
            "awardingDate" : "2019-09-20T00:00:00+02:00",
            "id" : "urn:epass:awardingProcess:2"
          },
          "wasDerivedFrom" : [ {
            "assessedBy" : [ "did:ebsi:zsSgDXeYPhZ3AuKhTFneDf1" ],
            "grade" : "good (3)",
            "id" : "urn:epass:asssessmentspec:2",
            "specifiedBy" : {
              "gradingScheme" : {
                "definition" : "The Croatian national grading scheme consists of five grades with numerical equivalents: izvrstan – 5 (outstanding); vrlo dobar – 4 (very good); dobar – 3 (good); dovoljan – 2 (sufficient); nedovoljan – 1 (insufficient - fail). The minimum passing grade is dovoljan – 2.",
                "id" : "urn:epass:scoringschemespec:2",
                "title" : "General grading scheme in Croatia"
              },
              "id" : "urn:epass:asssessmentspec:2",
              "title" : "Applied mathematics"
            },
            "title" : "Applied mathematics"
          } ],
          "wasInfluencedBy" : [ {
            "directedBy" : [ "did:ebsi:zsSgDXeYPhZ3AuKhTFneDf1" ],
            "endedAtTime" : "2018-01-14T00:00:00+01:00",
            "id" : "urn:epass:activity:1",
            "identifier" : [ {
              "schemeID" : "Activity ID",
              "value" : "GAB701"
            } ],
            "location" : [ "urn:epass:location:4" ],
            "specifiedBy" : {
              "id" : "urn:epass:learningactivityspec:1",
              "language" : [ "http://publications.europa.eu/resource/authority/language/HRV" ],
              "learningActivityType" : [ "http://data.europa.eu/snb/learning-activity/fd33e234ae" ],
              "title" : "Applied mathematics",
              "workload" : "PT60H"
            },
            "startedAtTime" : "2017-09-04T00:00:00+02:00",
            "title" : "Applied mathematics",
            "workload" : "PT60H"
          } ]
        } ]
      },
      "id" : "urn:epass:learningAchievement:1",
      "specifiedBy" : [ {
        "eCTSCreditPoints" : 120,
        "entryRequirementsNote" : "The minimum educational requirement for enrolment into graduate university programmes is the completion of an undergraduate university programme. The university can allow students who have completed a professional programme to also enrol graduate university programmes, but they are allowed to set special requirements in these cases.\nThe minimum educational requirement for enrolment into specialist graduate professional programmes is the completion of an undergraduate university programme or a professional programme (first cycle).",
        "eqflLevel" : "http://data.europa.eu/snb/eqf/5",
        "id" : "urn:epass:qualification:20",
        "isPartialQualification" : false,
        "maximumDuration" : "P21M",
        "nqflLevel" : "http://data.europa.eu/snb/qdr/c_dcc9aca1",
        "title" : "Master of Science in Civil Engineering",
        "volumeOfLearning" : "PT1440H"
      } ],
      "title" : "Master of Science in Civil Engineering",
      "wasAwardedBy" : {
        "awardingBody" : [ "did:ebsi:zsSgDXeYPhZ3AuKhTFneDf1" ],
        "awardingDate" : "2019-09-20T00:00:00+02:00",
        "id" : "urn:epass:awardingProcess:1"
      },
      "wasDerivedFrom" : [ {
        "assessedBy" : [ "did:ebsi:zsSgDXeYPhZ3AuKhTFneDf1" ],
        "grade" : "excellent (5)",
        "id" : "urn:epass:assessment:1",
        "specifiedBy" : {
          "gradingScheme" : {
            "definition" : "The Croatian national grading scheme consists of five grades with numerical equivalents: izvrstan – 5 (outstanding); vrlo dobar – 4 (very good); dobar – 3 (good); dovoljan – 2 (sufficient); nedovoljan – 1 (insufficient - fail). The minimum passing grade is dovoljan – 2.",
            "id" : "urn:epass:scoringschemespec:1",
            "title" : "General grading scheme in Croatia"
          },
          "id" : "urn:epass:asssessmentspec:1",
          "title" : "Overall Diploma Assessment"
        },
        "title" : "Overall Diploma Assessment"
      } ],
      "wasInfluencedBy" : [ {
        "directedBy" : [ "did:ebsi:zsSgDXeYPhZ3AuKhTFneDf1" ],
        "endedAtTime" : "2018-01-14T00:00:00+01:00",
        "id" : "urn:epass:learningAchievement:1",
        "identifier" : [ {
          "schemeID" : "Activity ID",
          "value" : "GAB701"
        } ],
        "location" : [ "urn:epass:location:4" ],
        "specifiedBy" : {
          "id" : "urn:epass:learningactivityspec:1",
          "language" : [ "http://publications.europa.eu/resource/authority/language/HRV" ],
          "learningActivityType" : [ "http://data.europa.eu/snb/learning-activity/fd33e234ae" ],
          "title" : "Applied mathematics",
          "workload" : "PT60H"
        },
        "startedAtTime" : "2017-09-04T00:00:00+02:00",
        "title" : "Master of Science in Civil Engineering",
        "workload" : "PT60H"
      } ]
    } ],
    "identifier" : {
      "schemeID" : "Student identification number",
      "value" : "99009900"
    }
  },
  "credentialStatus" : {
    "id" : "https://essif.europa.eu/status/education#higherEducation#51e42fda-cb0a-4333-b6a6-35cb147e1a88",
    "type" : "TrustedCredentialStatus2021"
  },
  "proof" : {
    "type" : "JsonWebSignature2020",
    "creator" : "did:ebsi:zuvwSjnkw25Z1nV1PjzhLKo",
    "created" : "2024-09-12T09:39:49Z",
    "verificationMethod" : "did:ebsi:zuvwSjnkw25Z1nV1PjzhLKo#7d0f97cd8a9c474ea967364543bd6060",
    "jws" : "eyJiNjQiOmZhbHNlLCJjcml0IjpbImI2NCJdLCJhbGciOiJFZERTQSJ9..nKf5ccz4S65P9vtDNmtLoWIfQCjqZWLgh5s17NQhDxSW23JvpEiymi9kfdX2t7i-cJjq6t1KVYdVh7OH8DV-AA"
  }
}
{
  "type" : [ "VerifiableCredential", "PermanentResidentCard" ],
  "@context" : [ "https://www.w3.org/2018/credentials/v1", "https://w3id.org/citizenship/v1", "https://w3id.org/security/suites/jws-2020/v1" ],
  "id" : "urn:uuid:bf46cbfd-e133-4076-aba2-a6e48e4ee2c9",
  "issuer" : "did:ebsi:zZUVHyt7UfmUEWZoLQvTu4u",
  "issuanceDate" : "2024-09-12T09:39:50Z",
  "issued" : "2024-09-12T09:39:50Z",
  "validFrom" : "2024-09-12T09:39:50Z",
  "credentialSubject" : {
    "id" : "did:ebsi:zZUVHyt7UfmUEWZoLQvTu4u",
    "birthDate" : "1958-08-17",
    "givenName" : "JOHN",
    "type" : [ "PermanentResident", "Person" ]
  },
  "proof" : {
    "type" : "JsonWebSignature2020",
    "creator" : "did:ebsi:zZUVHyt7UfmUEWZoLQvTu4u",
    "created" : "2024-09-12T09:39:50Z",
    "verificationMethod" : "did:ebsi:zZUVHyt7UfmUEWZoLQvTu4u#c5970f6e5b1b42e4a67a325987f444be",
    "jws" : "eyJiNjQiOmZhbHNlLCJjcml0IjpbImI2NCJdLCJhbGciOiJFZERTQSJ9..y9BQ3L32cPBIH7LSeTf6hJ1z9onHI4GNk00DU5K3-MwPkTQowQk19DeUuyxfpGPF9aNkm_x4h3DnZGj8JqPpCg"
  }
}
Parsing SDMap from: {"fields":{"credentialSubject":{"sd":true,"children":{"fields":{"firstName":{"sd":true}},"decoyMode":"NONE","decoys":0}}},"decoyMode":"NONE","decoys":0}
Parsing SDField from {"sd":true,"children":{"fields":{"firstName":{"sd":true}},"decoyMode":"NONE","decoys":0}}
Parsing SDMap from: {"fields":{"firstName":{"sd":true}},"decoyMode":"NONE","decoys":0}
Parsing SDField from {"sd":true}
Parsing DecoyMode from "NONE"
Parsing DecoyMode from "NONE"
eyJraWQiOiJkaWQ6a2V5Ono2TWtxNTdVRnIzODg3czR5VFIyUUV0M0hSdXdVdjRrdWJROTRrSEw1UmlKamNicSN6Nk1rcTU3VUZyMzg4N3M0eVRSMlFFdDNIUnV3VXY0a3ViUTk0a0hMNVJpSmpjYnEiLCJ0eXAiOiJKV1QiLCJhbGciOiJFZERTQSJ9.eyJzdWIiOiJkaWQ6a2V5Ono2TWtxNTdVRnIzODg3czR5VFIyUUV0M0hSdXdVdjRrdWJROTRrSEw1UmlKamNicSIsIm5iZiI6MTcyNjEzMzk5MCwiaXNzIjoiZGlkOmtleTp6Nk1rcTU3VUZyMzg4N3M0eVRSMlFFdDNIUnV3VXY0a3ViUTk0a0hMNVJpSmpjYnEiLCJpYXQiOjE3MjYxMzM5OTAsInZjIjp7InR5cGUiOlsiVmVyaWZpYWJsZUNyZWRlbnRpYWwiLCJWZXJpZmlhYmxlQXR0ZXN0YXRpb24iLCJWZXJpZmlhYmxlSWQiXSwiQGNvbnRleHQiOlsiaHR0cHM6Ly93d3cudzMub3JnLzIwMTgvY3JlZGVudGlhbHMvdjEiXSwiaWQiOiJ1cm46dXVpZDpjMTE2OTllYi1hMzAzLTRmYmEtYWY0My03ZTU3M2FmYjhlYjIiLCJpc3N1ZXIiOiJkaWQ6a2V5Ono2TWtxNTdVRnIzODg3czR5VFIyUUV0M0hSdXdVdjRrdWJROTRrSEw1UmlKamNicSIsImlzc3VhbmNlRGF0ZSI6IjIwMjQtMDktMTJUMDk6Mzk6NTBaIiwiaXNzdWVkIjoiMjAyNC0wOS0xMlQwOTozOTo1MFoiLCJ2YWxpZEZyb20iOiIyMDI0LTA5LTEyVDA5OjM5OjUwWiIsImNyZWRlbnRpYWxTY2hlbWEiOnsiaWQiOiJodHRwczovL3Jhdy5naXRodWJ1c2VyY29udGVudC5jb20vd2FsdC1pZC93YWx0aWQtc3Npa2l0LXZjbGliL21hc3Rlci9zcmMvdGVzdC9yZXNvdXJjZXMvc2NoZW1hcy9WZXJpZmlhYmxlSWQuanNvbiIsInR5cGUiOiJGdWxsSnNvblNjaGVtYVZhbGlkYXRvcjIwMjEifSwiZXZpZGVuY2UiOlt7ImRvY3VtZW50UHJlc2VuY2UiOlsiUGh5c2ljYWwiXSwiZXZpZGVuY2VEb2N1bWVudCI6WyJQYXNzcG9ydCJdLCJzdWJqZWN0UHJlc2VuY2UiOiJQaHlzaWNhbCIsInR5cGUiOlsiRG9jdW1lbnRWZXJpZmljYXRpb24iXSwidmVyaWZpZXIiOiJkaWQ6ZWJzaToyQTlCWjlTVWU2QmF0YWNTcHZzMVY1Q2RqSHZMcFE3YkVzaTJKYjZMZEhLblF4YU4ifV0sIl9zZCI6WyJrZGxIRlpFTFNGUmNmMGdJeURXM05oRWcta0FXaVNnUDFkUlJ3OXRXd2hFIl19LCJqdGkiOiJ1cm46dXVpZDpjMTE2OTllYi1hMzAzLTRmYmEtYWY0My03ZTU3M2FmYjhlYjIifQ.9htkie-E9CSh-DrVcu5fGdGWLT-MO_PusRQoAJ71TYAzqtdAMpiGfQtEEnLRFW4LyyYY2lH2uMFhR0JDFb-jBA~WyJYUXA3UnJZV0VpTzltTTc5STVQak9RIiwiZmlyc3ROYW1lIiwiU2V2ZXJpbiJd~WyJ2V196NmUtUndkbUpHdmhwN1A2eExnIiwiY3JlZGVudGlhbFN1YmplY3QiLHsiaWQiOiJkaWQ6a2V5Ono2TWtxNTdVRnIzODg3czR5VFIyUUV0M0hSdXdVdjRrdWJROTRrSEw1UmlKamNicSIsImN1cnJlbnRBZGRyZXNzIjpbIjEgQm91bGV2YXJkIGRlIGxhIExpYmVydMOpLCA1OTgwMCBMaWxsZSJdLCJkYXRlT2ZCaXJ0aCI6IjE5OTMtMDQtMDgiLCJmYW1pbHlOYW1lIjoiRE9FIiwiZ2VuZGVyIjoiRkVNQUxFIiwibmFtZUFuZEZhbWlseU5hbWVBdEJpcnRoIjoiSmFuZSBET0UiLCJwZXJzb25hbElkZW50aWZpZXIiOiIwOTA0MDA4MDg0SCIsInBsYWNlT2ZCaXJ0aCI6IkxJTExFLCBGUkFOQ0UiLCJfc2QiOlsiTjVjT1hwREt5cklnc0lsdlQ0OVJuTk1GOVd0U29BeWxpVnJZaWZsT0EzWSJdfV0
{
  "type" : [ "VerifiableCredential", "VerifiableAttestation" ],
  "@context" : [ "https://www.w3.org/2018/credentials/v1", "https://w3id.org/security/suites/jws-2020/v1" ],
  "id" : "urn:uuid:12c44b26-5c55-4547-86bb-d891c38bd825",
  "issuer" : "did:key:z6MkqXhZ1r4TMjdpLwnDo7bq567hETpkKS2bms6yZW3jTeXH",
  "issuanceDate" : "2024-09-12T09:39:50Z",
  "issued" : "2024-09-12T09:39:50Z",
  "validFrom" : "2024-09-12T09:39:50Z",
  "expirationDate" : "2022-06-22T14:11:44Z",
  "credentialSchema" : {
    "id" : "https://raw.githubusercontent.com/walt-id/waltid-ssikit-vclib/master/src/test/resources/schemas/VerifiableAttestation.json",
    "type" : "JsonSchemaValidator2018"
  },
  "credentialSubject" : {
    "id" : "did:key:z6MkqXhZ1r4TMjdpLwnDo7bq567hETpkKS2bms6yZW3jTeXH"
  },
  "credentialStatus" : {
    "id" : "https://essif.europa.eu/status/identity#verifiableID#1dee355d-0432-4910-ac9c-70d89e8d674e",
    "type" : "CredentialStatusList2020"
  },
  "evidence" : [ {
    "documentPresence" : "Physical",
    "evidenceDocument" : "Passport",
    "id" : "https://essif.europa.eu/tsr-va/evidence/f2aeec97-fc0d-42bf-8ca7-0548192d5678",
    "subjectPresence" : "Physical",
    "type" : [ "DocumentVerification" ],
    "verifier" : "did:ebsi:2962fb784df61baa267c8132497539f8c674b37c1244a7a"
  } ],
  "proof" : {
    "type" : "JsonWebSignature2020",
    "creator" : "did:key:z6MkqXhZ1r4TMjdpLwnDo7bq567hETpkKS2bms6yZW3jTeXH",
    "created" : "2024-09-12T09:39:50Z",
    "verificationMethod" : "did:key:z6MkqXhZ1r4TMjdpLwnDo7bq567hETpkKS2bms6yZW3jTeXH#z6MkqXhZ1r4TMjdpLwnDo7bq567hETpkKS2bms6yZW3jTeXH",
    "jws" : "eyJiNjQiOmZhbHNlLCJjcml0IjpbImI2NCJdLCJhbGciOiJFZERTQSJ9..aSW8IEmMzbUiMcSh2YZeGLESVizwlmV_qVaK3uh69Cp02FZmz7Q6asueVVJZOv-2O7I9wPqdTQRBPggMDtP-AA"
  }
}
{
  "type" : [ "VerifiableCredential", "VerifiableAuthorization" ],
  "@context" : [ "https://www.w3.org/2018/credentials/v1", "https://w3id.org/security/suites/jws-2020/v1" ],
  "id" : "urn:uuid:442dd0be-86f1-4fab-95bf-035dd08a953b",
  "issuer" : "did:ebsi:zs4MvW8ZQsZdZA1CD1oZT64",
  "issuanceDate" : "2024-09-12T09:39:50Z",
  "issued" : "2024-09-12T09:39:50Z",
  "validFrom" : "2024-09-12T09:39:50Z",
  "credentialSubject" : {
    "id" : "did:ebsi:zs4MvW8ZQsZdZA1CD1oZT64",
    "naturalPerson" : {
      "did" : "did:example:00001111"
    }
  },
  "proof" : {
    "type" : "JsonWebSignature2020",
    "creator" : "did:ebsi:zs4MvW8ZQsZdZA1CD1oZT64",
    "created" : "2024-09-12T09:39:50Z",
    "verificationMethod" : "did:ebsi:zs4MvW8ZQsZdZA1CD1oZT64#471fdf86cc2341178e1d288220c6752b",
    "jws" : "eyJiNjQiOmZhbHNlLCJjcml0IjpbImI2NCJdLCJhbGciOiJFZERTQSJ9..d94fBKaX4Eck4PSG_IjK-qO-fSkuujCOEWWbMopVlz0i69D6Na0rVY0lbSmBNFIltK6kFL42YIPA2vgC8J71AA"
  }
}
{
  "type" : [ "VerifiableCredential", "VerifiableAttestation", "VerifiableDiploma" ],
  "@context" : [ "https://www.w3.org/2018/credentials/v1", "https://w3id.org/security/suites/jws-2020/v1" ],
  "id" : "urn:uuid:f644763c-f8f7-4892-b0cd-1e42a1557941",
  "issuer" : "did:key:z6MkqJK8DwTZiAFaUqfAJDsK3fBwAryGTXd6yQbCLtihNHUJ",
  "issuanceDate" : "2024-09-12T09:39:50Z",
  "issued" : "2024-09-12T09:39:50Z",
  "validFrom" : "2024-09-12T09:39:50Z",
  "expirationDate" : "2022-08-31T00:00:00Z",
  "credentialSchema" : {
    "id" : "https://raw.githubusercontent.com/walt-id/waltid-ssikit-vclib/master/src/test/resources/schemas/VerifiableDiploma.json",
    "type" : "JsonSchemaValidator2018"
  },
  "credentialSubject" : {
    "id" : "did:key:z6MkqJK8DwTZiAFaUqfAJDsK3fBwAryGTXd6yQbCLtihNHUJ",
    "awardingOpportunity" : {
      "awardingBody" : {
        "eidasLegalIdentifier" : "Unknown",
        "homepage" : "https://leaston.bcdiploma.com/",
        "id" : "did:ebsi:2A9BZ9SUe6BatacSpvs1V5CdjHvLpQ7bEsi2Jb6LdHKnQxaN",
        "preferredName" : "Leaston University",
        "registration" : "0597065J"
      },
      "endedAtTime" : "2020-06-26T00:00:00Z",
      "id" : "https://leaston.bcdiploma.com/law-economics-management#AwardingOpportunity",
      "identifier" : "https://certificate-demo.bcdiploma.com/check/87ED2F2270E6C41456E94B86B9D9115B4E35BCCAD200A49B846592C14F79C86BV1Fnbllta0NZTnJkR3lDWlRmTDlSRUJEVFZISmNmYzJhUU5sZUJ5Z2FJSHpWbmZZ",
      "location" : "FRANCE",
      "startedAtTime" : "2019-09-02T00:00:00Z"
    },
    "dateOfBirth" : "1993-04-08",
    "familyName" : "DOE",
    "givenNames" : "Jane",
    "gradingScheme" : {
      "id" : "https://leaston.bcdiploma.com/law-economics-management#GradingScheme",
      "title" : "Lower Second-Class Honours"
    },
    "identifier" : "0904008084H",
    "learningAchievement" : {
      "additionalNote" : [ "DISTRIBUTION MANAGEMENT" ],
      "description" : "MARKETING AND SALES",
      "id" : "https://leaston.bcdiploma.com/law-economics-management#LearningAchievment",
      "title" : "MASTERS LAW, ECONOMICS AND MANAGEMENT"
    },
    "learningSpecification" : {
      "ectsCreditPoints" : 120,
      "eqfLevel" : 7,
      "id" : "https://leaston.bcdiploma.com/law-economics-management#LearningSpecification",
      "iscedfCode" : [ "7" ],
      "nqfLevel" : [ "7" ]
    }
  },
  "credentialStatus" : {
    "id" : "https://essif.europa.eu/status/education#higherEducation#392ac7f6-399a-437b-a268-4691ead8f176",
    "type" : "CredentialStatusList2020"
  },
  "evidence" : {
    "documentPresence" : [ "Physical" ],
    "evidenceDocument" : [ "Passport" ],
    "id" : "https://essif.europa.eu/tsr-va/evidence/f2aeec97-fc0d-42bf-8ca7-0548192d5678",
    "subjectPresence" : "Physical",
    "type" : [ "DocumentVerification" ],
    "verifier" : "did:ebsi:2962fb784df61baa267c8132497539f8c674b37c1244a7a"
  },
  "proof" : {
    "type" : "JsonWebSignature2020",
    "creator" : "did:key:z6MkqJK8DwTZiAFaUqfAJDsK3fBwAryGTXd6yQbCLtihNHUJ",
    "created" : "2024-09-12T09:39:50Z",
    "verificationMethod" : "did:key:z6MkqJK8DwTZiAFaUqfAJDsK3fBwAryGTXd6yQbCLtihNHUJ#z6MkqJK8DwTZiAFaUqfAJDsK3fBwAryGTXd6yQbCLtihNHUJ",
    "jws" : "eyJiNjQiOmZhbHNlLCJjcml0IjpbImI2NCJdLCJhbGciOiJFZERTQSJ9..0T1ycKwsfP04plQdZDFdnGRhnerW-sJcHH_HfUBDjBhsQshcT-ptcf8dTNa6SeuCZNvwNCEbMvzki97Qyo_fDw"
  }
}
eyJraWQiOiJkaWQ6ZWJzaTp6MjRvd0FZMk1mZ2pQa3F1NDZzYVBZTW0jNjhlMTdmYjNlMjEzNDQ3Zjk3OTkzMzRlZWFmY2QzZDUiLCJ0eXAiOiJKV1QiLCJhbGciOiJFZERTQSJ9.eyJzdWIiOiJkaWQ6ZWJzaTp6MjRvd0FZMk1mZ2pQa3F1NDZzYVBZTW0iLCJuYmYiOjE3MjYxMzM5OTAsImlzcyI6ImRpZDplYnNpOnoyNG93QVkyTWZnalBrcXU0NnNhUFlNbSIsImlhdCI6MTcyNjEzMzk5MCwidmMiOnsidHlwZSI6WyJWZXJpZmlhYmxlQ3JlZGVudGlhbCIsIlZlcmlmaWFibGVBdHRlc3RhdGlvbiIsIlZlcmlmaWFibGVJZCJdLCJAY29udGV4dCI6WyJodHRwczovL3d3dy53My5vcmcvMjAxOC9jcmVkZW50aWFscy92MSJdLCJpZCI6InVybjp1dWlkOjJkMmUyZGU2LTUxYjgtNDllYy05OTYwLWRiOWFjODNhM2Q2OSIsImlzc3VlciI6ImRpZDplYnNpOnoyNG93QVkyTWZnalBrcXU0NnNhUFlNbSIsImlzc3VhbmNlRGF0ZSI6IjIwMjQtMDktMTJUMDk6Mzk6NTBaIiwiaXNzdWVkIjoiMjAyNC0wOS0xMlQwOTozOTo1MFoiLCJ2YWxpZEZyb20iOiIyMDI0LTA5LTEyVDA5OjM5OjUwWiIsImNyZWRlbnRpYWxTY2hlbWEiOnsiaWQiOiJodHRwczovL3Jhdy5naXRodWJ1c2VyY29udGVudC5jb20vd2FsdC1pZC93YWx0aWQtc3Npa2l0LXZjbGliL21hc3Rlci9zcmMvdGVzdC9yZXNvdXJjZXMvc2NoZW1hcy9WZXJpZmlhYmxlSWQuanNvbiIsInR5cGUiOiJGdWxsSnNvblNjaGVtYVZhbGlkYXRvcjIwMjEifSwiY3JlZGVudGlhbFN1YmplY3QiOnsiaWQiOiJkaWQ6ZWJzaTp6MjRvd0FZMk1mZ2pQa3F1NDZzYVBZTW0iLCJjdXJyZW50QWRkcmVzcyI6WyIxIEJvdWxldmFyZCBkZSBsYSBMaWJlcnTDqSwgNTk4MDAgTGlsbGUiXSwiZGF0ZU9mQmlydGgiOiIxOTkzLTA0LTA4IiwiZmFtaWx5TmFtZSI6IkRPRSIsImZpcnN0TmFtZSI6IkphbmUiLCJnZW5kZXIiOiJGRU1BTEUiLCJuYW1lQW5kRmFtaWx5TmFtZUF0QmlydGgiOiJKYW5lIERPRSIsInBlcnNvbmFsSWRlbnRpZmllciI6IjA5MDQwMDgwODRIIiwicGxhY2VPZkJpcnRoIjoiTElMTEUsIEZSQU5DRSJ9LCJldmlkZW5jZSI6W3siZG9jdW1lbnRQcmVzZW5jZSI6WyJQaHlzaWNhbCJdLCJldmlkZW5jZURvY3VtZW50IjpbIlBhc3Nwb3J0Il0sInN1YmplY3RQcmVzZW5jZSI6IlBoeXNpY2FsIiwidHlwZSI6WyJEb2N1bWVudFZlcmlmaWNhdGlvbiJdLCJ2ZXJpZmllciI6ImRpZDplYnNpOjJBOUJaOVNVZTZCYXRhY1NwdnMxVjVDZGpIdkxwUTdiRXNpMkpiNkxkSEtuUXhhTiJ9XX0sImp0aSI6InVybjp1dWlkOjJkMmUyZGU2LTUxYjgtNDllYy05OTYwLWRiOWFjODNhM2Q2OSJ9.sixjrWzSVaQ5TfqImtOW9-mEEYmOpBsSPEMlqFTff-6-3XYLQU-kNUeG_qGRwSnFunkiRzK_xRoXOPPyye7vDQ
BODY: [{"mutable" : false, "name" : "Europass", "template" : null}, {"mutable" : false, "name" : "DataConsortium", "template" : null}, {"mutable" : false, "name" : "ProofOfResidence", "template" : null}, {"mutable" : false, "name" : "EbsiDiplomaVerifiableAccreditation", "template" : null}, {"mutable" : false, "name" : "UniversityDegree", "template" : null}, {"mutable" : false, "name" : "VerifiableId", "template" : null}, {"mutable" : false, "name" : "EbsiVerifiableAttestationGeneric", "template" : null}, {"mutable" : false, "name" : "KycCredential", "template" : null}, {"mutable" : false, "name" : "EbsiVerifiableAccreditationToAccredit", "template" : null}, {"mutable" : false, "name" : "EbsiVerifiableAttestationPerson", "template" : null}, {"mutable" : false, "name" : "KybCredential", "template" : null}, {"mutable" : false, "name" : "EbsiAccreditedVerifiableAttestation", "template" : null}, {"mutable" : false, "name" : "VerifiableDiploma", "template" : null}, {"mutable" : false, "name" : "OpenBadgeCredential", "template" : null}, {"mutable" : false, "name" : "VerifiableMandate", "template" : null}, {"mutable" : false, "name" : "VerifiableAuthorization", "template" : null}, {"mutable" : false, "name" : "VerifiableVaccinationCertificate", "template" : null}, {"mutable" : false, "name" : "VerifiableAttestation", "template" : null}, {"mutable" : false, "name" : "ParticipantCredential", "template" : null}, {"mutable" : false, "name" : "PermanentResidentCard", "template" : null}, {"mutable" : false, "name" : "DataServiceOffering", "template" : null}, {"mutable" : false, "name" : "EbsiEuropass", "template" : null}, {"mutable" : false, "name" : "KybMonoCredential", "template" : null}, {"mutable" : false, "name" : "EbsiVerifiableAttestationLegal", "template" : null}, {"mutable" : false, "name" : "DataSelfDescription", "template" : null}, {"mutable" : false, "name" : "Iso27001Certificate", "template" : null}, {"mutable" : false, "name" : "PeerReview", "template" : null}, {"mutable" : false, "name" : "AmletCredential", "template" : null}, {"mutable" : false, "name" : "LegalPerson", "template" : null}, {"mutable" : false, "name" : "GaiaxCredential", "template" : null}, {"mutable" : false, "name" : "VerifiablePresentation", "template" : null}, {"mutable" : false, "name" : "EuropeanBankIdentity", "template" : null}, {"mutable" : false, "name" : "ServiceOfferingCredential", "template" : null}, {"mutable" : false, "name" : "Email", "template" : null}, {"mutable" : false, "name" : "PacketDeliveryService", "template" : null}]
[VcTemplate(name=Europass, template=null, mutable=false), VcTemplate(name=DataConsortium, template=null, mutable=false), VcTemplate(name=ProofOfResidence, template=null, mutable=false), VcTemplate(name=EbsiDiplomaVerifiableAccreditation, template=null, mutable=false), VcTemplate(name=UniversityDegree, template=null, mutable=false), VcTemplate(name=VerifiableId, template=null, mutable=false), VcTemplate(name=EbsiVerifiableAttestationGeneric, template=null, mutable=false), VcTemplate(name=KycCredential, template=null, mutable=false), VcTemplate(name=EbsiVerifiableAccreditationToAccredit, template=null, mutable=false), VcTemplate(name=EbsiVerifiableAttestationPerson, template=null, mutable=false), VcTemplate(name=KybCredential, template=null, mutable=false), VcTemplate(name=EbsiAccreditedVerifiableAttestation, template=null, mutable=false), VcTemplate(name=VerifiableDiploma, template=null, mutable=false), VcTemplate(name=OpenBadgeCredential, template=null, mutable=false), VcTemplate(name=VerifiableMandate, template=null, mutable=false), VcTemplate(name=VerifiableAuthorization, template=null, mutable=false), VcTemplate(name=VerifiableVaccinationCertificate, template=null, mutable=false), VcTemplate(name=VerifiableAttestation, template=null, mutable=false), VcTemplate(name=ParticipantCredential, template=null, mutable=false), VcTemplate(name=PermanentResidentCard, template=null, mutable=false), VcTemplate(name=DataServiceOffering, template=null, mutable=false), VcTemplate(name=EbsiEuropass, template=null, mutable=false), VcTemplate(name=KybMonoCredential, template=null, mutable=false), VcTemplate(name=EbsiVerifiableAttestationLegal, template=null, mutable=false), VcTemplate(name=DataSelfDescription, template=null, mutable=false), VcTemplate(name=Iso27001Certificate, template=null, mutable=false), VcTemplate(name=PeerReview, template=null, mutable=false), VcTemplate(name=AmletCredential, template=null, mutable=false), VcTemplate(name=LegalPerson, template=null, mutable=false), VcTemplate(name=GaiaxCredential, template=null, mutable=false), VcTemplate(name=VerifiablePresentation, template=null, mutable=false), VcTemplate(name=EuropeanBankIdentity, template=null, mutable=false), VcTemplate(name=ServiceOfferingCredential, template=null, mutable=false), VcTemplate(name=Email, template=null, mutable=false), VcTemplate(name=PacketDeliveryService, template=null, mutable=false)]
]]></system-out>
  <system-err><![CDATA[14733 [Test worker @coroutine#63] WARN io.javalin.Javalin - JDK15 and Kotlin 1.5 break reflection in different ways - the OpenAPI plugin will not work properly. Please visit https://github.com/tipsy/javalin/issues/1193 if you want to help fix this issue.
14733 [Test worker @coroutine#63] WARN io.javalin.Javalin - You can disable this warning by doing `OpenApiVersionUtil.logWarnings = false`
14734 [Test worker @coroutine#63] INFO io.javalin.Javalin - JAVALIN HANDLER REGISTRATION DEBUG LOG: GET[/api-routes]
14734 [Test worker @coroutine#63] INFO io.javalin.Javalin - JAVALIN HANDLER REGISTRATION DEBUG LOG: GET[/v1/api-documentation]
14734 [Test worker @coroutine#63] INFO io.javalin.Javalin - JAVALIN HANDLER REGISTRATION DEBUG LOG: GET[/v1/swagger]
14734 [Test worker @coroutine#63] INFO io.javalin.Javalin - JAVALIN HANDLER REGISTRATION DEBUG LOG: GET[/v1/redoc]
14734 [Test worker @coroutine#63] INFO io.javalin.Javalin - JAVALIN HANDLER REGISTRATION DEBUG LOG: BEFORE[*]
14735 [Test worker @coroutine#63] INFO io.javalin.Javalin - JAVALIN HANDLER REGISTRATION DEBUG LOG: GET[/]
14735 [Test worker @coroutine#63] INFO io.javalin.Javalin - JAVALIN HANDLER REGISTRATION DEBUG LOG: GET[/health]
14737 [Test worker @coroutine#63] INFO io.javalin.Javalin - JAVALIN HANDLER REGISTRATION DEBUG LOG: POST[/v1/credentials/issue]
14737 [Test worker @coroutine#63] INFO io.javalin.Javalin - JAVALIN HANDLER REGISTRATION DEBUG LOG: POST[/v1/credentials/issueFromJson]
14737 [Test worker @coroutine#63] INFO io.javalin.Javalin - JAVALIN HANDLER REGISTRATION DEBUG LOG: GET[/v1/credentials/status/{id}]
14738 [Test worker @coroutine#63] INFO io.javalin.Javalin - JAVALIN HANDLER REGISTRATION DEBUG LOG: GET[/v1/credentials/token/{id}]
14738 [Test worker @coroutine#63] INFO io.javalin.Javalin - JAVALIN HANDLER REGISTRATION DEBUG LOG: GET[/v1/templates]
14739 [Test worker @coroutine#63] INFO io.javalin.Javalin - JAVALIN HANDLER REGISTRATION DEBUG LOG: GET[/v1/templates/{id}]
14739 [Test worker @coroutine#63] INFO io.javalin.Javalin - JAVALIN HANDLER REGISTRATION DEBUG LOG: POST[/v1/templates/{id}]
14739 [Test worker @coroutine#63] INFO io.javalin.Javalin - JAVALIN HANDLER REGISTRATION DEBUG LOG: DELETE[/v1/templates/{id}]
14740 [Test worker @coroutine#63] INFO io.javalin.Javalin - JAVALIN HANDLER REGISTRATION DEBUG LOG: POST[/v1/revocations/check]
14740 [Test worker @coroutine#63] INFO io.javalin.Javalin - JAVALIN HANDLER REGISTRATION DEBUG LOG: POST[/v1/revocations/revoke]
14740 [Test worker @coroutine#63] INFO io.javalin.Javalin - 
       __                      __ _            __ __
      / /____ _ _   __ ____ _ / /(_)____      / // /
 __  / // __ `/| | / // __ `// // // __ \    / // /_
/ /_/ // /_/ / | |/ // /_/ // // // / / /   /__  __/
\____/ \__,_/  |___/ \__,_//_//_//_/ /_/      /_/

          https://javalin.io/documentation

14741 [Test worker @coroutine#63] INFO io.javalin.Javalin - Starting Javalin ...
14741 [Test worker @coroutine#63] INFO io.javalin.Javalin - You are running Javalin 4.6.8 (released May 4, 2023. Your Javalin version is 496 days old. Consider checking for a newer version.).
14744 [Test worker @coroutine#63] INFO io.javalin.Javalin - Static file handler added: StaticFileConfig(hostedPath=/, directory=META-INF/resources/webjars, location=CLASSPATH, precompress=false, aliasCheck=null, headers={Cache-Control=max-age=31622400}). File system location: 'jar:file:/home/pablito/.gradle/caches/modules-2/files-2.1/org.webjars.npm/redoc/2.0.0-rc.45/e5a05187d6d468d389c54974d1e70cb2225c4071/redoc-2.0.0-rc.45.jar!/META-INF/resources/webjars'
14744 [Test worker @coroutine#63] INFO io.javalin.Javalin - Listening on http://127.0.0.1:7001/
14744 [Test worker @coroutine#63] INFO io.javalin.Javalin - Javalin started in 4ms \o/
14751 [JettyServerThreadPool-298] INFO io.javalin.Javalin - JAVALIN REQUEST DEBUG LOG:
Request: GET [/health]
    Matching endpoint-handlers: [BEFORE=*, GET=/health]
    Headers: {Accept-Charset=UTF-8, Accept=application/json, User-Agent=Ktor client, Connection=keep-alive, Host=localhost:7001, Accept-Encoding=gzip}
    Cookies: {}
    Body: 
    QueryString: null
    QueryParams: {}
    FormParams: {}
Response: [200], execution took 0.45 ms
    Headers: {Date=Thu, 12 Sep 2024 09:39:49 GMT, Content-Type=text/html}
    Body is 2 bytes (starts on next line):
    OK
----------------------------------------------------------------------------------
14754 [pool-1-thread-1 @coroutine#904] DEBUG id.walt.services.keystore.HKVKeyStoreService - Storing key "7d0f97cd8a9c474ea967364543bd6060".
14754 [pool-1-thread-1 @coroutine#904] DEBUG id.walt.services.keystore.HKVKeyStoreService - Loading key "7d0f97cd8a9c474ea967364543bd6060".
14754 [pool-1-thread-1 @coroutine#904] DEBUG id.walt.services.keystore.HKVKeyStoreService - Loading key "7d0f97cd8a9c474ea967364543bd6060".
14754 [pool-1-thread-1 @coroutine#904] DEBUG id.walt.services.did.composers.DidDocumentComposerBase - Verification method JWK for kid: {"kty":"OKP","use":"sig","crv":"Ed25519","kid":"7d0f97cd8a9c474ea967364543bd6060","x":"RMFlTyA-yj45DSOcKmbuAeA_U8AkLUfjkiuWJApSYxM","alg":"EdDSA"}
14754 [pool-1-thread-1 @coroutine#904] DEBUG id.walt.services.did.composers.DidDocumentComposerBase - Verification method public JWK: {"kty":"OKP","use":"sig","crv":"Ed25519","kid":"7d0f97cd8a9c474ea967364543bd6060","x":"RMFlTyA-yj45DSOcKmbuAeA_U8AkLUfjkiuWJApSYxM","alg":"EdDSA"}
14755 [pool-1-thread-1 @coroutine#904] DEBUG id.walt.services.did.composers.DidDocumentComposerBase - Verification method parsed public JWK: Jwk(kid=7d0f97cd8a9c474ea967364543bd6060, kty=OKP, alg=EdDSA, crv=Ed25519, use=sig, x=RMFlTyA-yj45DSOcKmbuAeA_U8AkLUfjkiuWJApSYxM, y=null, d=null, n=null, e=null, x5u=null)
14756 [pool-1-thread-1 @coroutine#904] DEBUG id.walt.services.keystore.HKVKeyStoreService - Loading key "7d0f97cd8a9c474ea967364543bd6060".
14756 [pool-1-thread-1 @coroutine#904] DEBUG id.walt.services.did.DidService - A key with the id "7d0f97cd8a9c474ea967364543bd6060" exists.
14756 [pool-1-thread-1 @coroutine#904] DEBUG id.walt.model.DidUrl - Trying to create DidUrl from URL: "did:ebsi:zuvwSjnkw25Z1nV1PjzhLKo"...
14756 [pool-1-thread-1 @coroutine#904] DEBUG id.walt.model.DidUrl - Trying to create DidUrl from URL: "did:ebsi:zuvwSjnkw25Z1nV1PjzhLKo"...
14757 [pool-1-thread-1 @coroutine#904] DEBUG id.walt.model.DidUrl - Trying to create DidUrl from URL: "did:ebsi:zuvwSjnkw25Z1nV1PjzhLKo"...
14778 [JettyServerThreadPool-284] DEBUG id.walt.model.DidUrl - Trying to create DidUrl from URL: "did:ebsi:zuvwSjnkw25Z1nV1PjzhLKo"...
14778 [JettyServerThreadPool-284] DEBUG id.walt.model.DidUrl - Trying to create DidUrl from URL: "did:ebsi:zuvwSjnkw25Z1nV1PjzhLKo"...
14778 [JettyServerThreadPool-284] DEBUG id.walt.signatory.WaltIdSignatory - Signing credential with proof using LD_PROOF...
14778 [JettyServerThreadPool-284] DEBUG id.walt.signatory.WaltIdSignatory - Signing credential with proof using LD_PROOF, credential is: {"type":["VerifiableCredential","VerifiableAttestation","Europass"],"@context":["https://www.w3.org/2018/credentials/v1"],"id":"urn:uuid:2b16dc61-9ce1-4eb5-96a6-d727da964cfc","issuer":"did:ebsi:zuvwSjnkw25Z1nV1PjzhLKo","issuanceDate":"2024-09-12T09:39:49Z","issued":"2024-09-12T09:39:49Z","validFrom":"2024-09-12T09:39:49Z","credentialSchema":{"id":"https://raw.githubusercontent.com/walt-id/waltid-ssikit-vclib/master/src/test/resources/schemas/Europass.json","type":"JsonSchemaValidator2018"},"credentialSubject":{"id":"did:ebsi:zuvwSjnkw25Z1nV1PjzhLKo","achieved":[{"entitlesTo":{"definition":"Competences the student acquires after the completion of Graduate university study are sufficient conditions for attending the programme of Postgraduate doctoral study at the Faculty of Civil Engineering, Architecture and Geodesy in Split, as well as for attending the same or similar programmes and Postgraduate specialist studies at other faculties of Civil Engineering in Croatia. The acquired learning outcomes enable the student to attend other postgraduate study programmes in the field of technical sciences. ","id":"urn:epass:entitlement:1","issuedDate":"2019-09-20","specifiedBy":{"entitlementType":"http://data.europa.eu/snb/entitlement/64aad92881","id":"urn:epass:entitlementspec:1","limitJurisdiction":["http://publications.europa.eu/resource/authority/country/HRV"],"limitOrganisation":["did:ebsi:zsSgDXeYPhZ3AuKhTFneDf1"],"status":"http://data.europa.eu/snb/entitlement-status/5b8d6b34fb","title":"Postgraduate doctoral study"},"title":"Postgraduate doctoral study"},"hasPart":{"learningAchievements":[{"id":"","identifier":[{"schemeID":"Achievement ID","value":"GAB701"}],"specifiedBy":[{"eCTSCreditPoints":5,"eqflLevel":"http://data.europa.eu/snb/eqf/4","id":"urn:epass:qualification:1","isPartialQualification":true,"maximumDuration":"P6M","nqflLevel":"http://data.europa.eu/snb/qdr/c_49672c5a","title":"Applied mathematics","volumeOfLearning":"PT60H"}],"title":"","wasAwardedBy":{"awardingBody":["did:ebsi:zsSgDXeYPhZ3AuKhTFneDf1"],"awardingDate":"2019-09-20T00:00:00+02:00","id":"urn:epass:awardingProcess:2"},"wasDerivedFrom":[{"assessedBy":["did:ebsi:zsSgDXeYPhZ3AuKhTFneDf1"],"grade":"good (3)","id":"urn:epass:asssessmentspec:2","specifiedBy":{"gradingScheme":{"definition":"The Croatian national grading scheme consists of five grades with numerical equivalents: izvrstan – 5 (outstanding); vrlo dobar – 4 (very good); dobar – 3 (good); dovoljan – 2 (sufficient); nedovoljan – 1 (insufficient - fail). The minimum passing grade is dovoljan – 2.","id":"urn:epass:scoringschemespec:2","title":"General grading scheme in Croatia"},"id":"urn:epass:asssessmentspec:2","title":"Applied mathematics"},"title":"Applied mathematics"}],"wasInfluencedBy":[{"directedBy":["did:ebsi:zsSgDXeYPhZ3AuKhTFneDf1"],"endedAtTime":"2018-01-14T00:00:00+01:00","id":"urn:epass:activity:1","identifier":[{"schemeID":"Activity ID","value":"GAB701"}],"location":["urn:epass:location:4"],"specifiedBy":{"id":"urn:epass:learningactivityspec:1","language":["http://publications.europa.eu/resource/authority/language/HRV"],"learningActivityType":["http://data.europa.eu/snb/learning-activity/fd33e234ae"],"title":"Applied mathematics","workload":"PT60H"},"startedAtTime":"2017-09-04T00:00:00+02:00","title":"Applied mathematics","workload":"PT60H"}]}]},"id":"urn:epass:learningAchievement:1","specifiedBy":[{"eCTSCreditPoints":120,"entryRequirementsNote":"The minimum educational requirement for enrolment into graduate university programmes is the completion of an undergraduate university programme. The university can allow students who have completed a professional programme to also enrol graduate university programmes, but they are allowed to set special requirements in these cases.\nThe minimum educational requirement for enrolment into specialist graduate professional programmes is the completion of an undergraduate university programme or a professional programme (first cycle).","eqflLevel":"http://data.europa.eu/snb/eqf/5","id":"urn:epass:qualification:20","isPartialQualification":false,"maximumDuration":"P21M","nqflLevel":"http://data.europa.eu/snb/qdr/c_dcc9aca1","title":"Master of Science in Civil Engineering","volumeOfLearning":"PT1440H"}],"title":"Master of Science in Civil Engineering","wasAwardedBy":{"awardingBody":["did:ebsi:zsSgDXeYPhZ3AuKhTFneDf1"],"awardingDate":"2019-09-20T00:00:00+02:00","id":"urn:epass:awardingProcess:1"},"wasDerivedFrom":[{"assessedBy":["did:ebsi:zsSgDXeYPhZ3AuKhTFneDf1"],"grade":"excellent (5)","id":"urn:epass:assessment:1","specifiedBy":{"gradingScheme":{"definition":"The Croatian national grading scheme consists of five grades with numerical equivalents: izvrstan – 5 (outstanding); vrlo dobar – 4 (very good); dobar – 3 (good); dovoljan – 2 (sufficient); nedovoljan – 1 (insufficient - fail). The minimum passing grade is dovoljan – 2.","id":"urn:epass:scoringschemespec:1","title":"General grading scheme in Croatia"},"id":"urn:epass:asssessmentspec:1","title":"Overall Diploma Assessment"},"title":"Overall Diploma Assessment"}],"wasInfluencedBy":[{"directedBy":["did:ebsi:zsSgDXeYPhZ3AuKhTFneDf1"],"endedAtTime":"2018-01-14T00:00:00+01:00","id":"urn:epass:learningAchievement:1","identifier":[{"schemeID":"Activity ID","value":"GAB701"}],"location":["urn:epass:location:4"],"specifiedBy":{"id":"urn:epass:learningactivityspec:1","language":["http://publications.europa.eu/resource/authority/language/HRV"],"learningActivityType":["http://data.europa.eu/snb/learning-activity/fd33e234ae"],"title":"Applied mathematics","workload":"PT60H"},"startedAtTime":"2017-09-04T00:00:00+02:00","title":"Master of Science in Civil Engineering","workload":"PT60H"}]}],"identifier":{"schemeID":"Student identification number","value":"99009900"}},"credentialStatus":{"id":"https://essif.europa.eu/status/education#higherEducation#51e42fda-cb0a-4333-b6a6-35cb147e1a88","type":"TrustedCredentialStatus2021"}}
14778 [JettyServerThreadPool-284] DEBUG id.walt.services.vc.WaltIdJsonLdCredentialService - Signing jsonLd object with: issuerDid (did:ebsi:zuvwSjnkw25Z1nV1PjzhLKo), domain (null), nonce (null
14779 [JettyServerThreadPool-284] DEBUG id.walt.services.keystore.HKVKeyStoreService - Loading key "did:ebsi:zuvwSjnkw25Z1nV1PjzhLKo#7d0f97cd8a9c474ea967364543bd6060".
14779 [JettyServerThreadPool-284] DEBUG id.walt.services.vc.WaltIdJsonLdCredentialService - Signing: {"type":["VerifiableCredential","VerifiableAttestation","Europass"],"@context":["https://www.w3.org/2018/credentials/v1"],"id":"urn:uuid:2b16dc61-9ce1-4eb5-96a6-d727da964cfc","issuer":"did:ebsi:zuvwSjnkw25Z1nV1PjzhLKo","issuanceDate":"2024-09-12T09:39:49Z","issued":"2024-09-12T09:39:49Z","validFrom":"2024-09-12T09:39:49Z","credentialSchema":{"id":"https://raw.githubusercontent.com/walt-id/waltid-ssikit-vclib/master/src/test/resources/schemas/Europass.json","type":"JsonSchemaValidator2018"},"credentialSubject":{"id":"did:ebsi:zuvwSjnkw25Z1nV1PjzhLKo","achieved":[{"entitlesTo":{"definition":"Competences the student acquires after the completion of Graduate university study are sufficient conditions for attending the programme of Postgraduate doctoral study at the Faculty of Civil Engineering, Architecture and Geodesy in Split, as well as for attending the same or similar programmes and Postgraduate specialist studies at other faculties of Civil Engineering in Croatia. The acquired learning outcomes enable the student to attend other postgraduate study programmes in the field of technical sciences. ","id":"urn:epass:entitlement:1","issuedDate":"2019-09-20","specifiedBy":{"entitlementType":"http://data.europa.eu/snb/entitlement/64aad92881","id":"urn:epass:entitlementspec:1","limitJurisdiction":["http://publications.europa.eu/resource/authority/country/HRV"],"limitOrganisation":["did:ebsi:zsSgDXeYPhZ3AuKhTFneDf1"],"status":"http://data.europa.eu/snb/entitlement-status/5b8d6b34fb","title":"Postgraduate doctoral study"},"title":"Postgraduate doctoral study"},"hasPart":{"learningAchievements":[{"id":"","identifier":[{"schemeID":"Achievement ID","value":"GAB701"}],"specifiedBy":[{"eCTSCreditPoints":5,"eqflLevel":"http://data.europa.eu/snb/eqf/4","id":"urn:epass:qualification:1","isPartialQualification":true,"maximumDuration":"P6M","nqflLevel":"http://data.europa.eu/snb/qdr/c_49672c5a","title":"Applied mathematics","volumeOfLearning":"PT60H"}],"title":"","wasAwardedBy":{"awardingBody":["did:ebsi:zsSgDXeYPhZ3AuKhTFneDf1"],"awardingDate":"2019-09-20T00:00:00+02:00","id":"urn:epass:awardingProcess:2"},"wasDerivedFrom":[{"assessedBy":["did:ebsi:zsSgDXeYPhZ3AuKhTFneDf1"],"grade":"good (3)","id":"urn:epass:asssessmentspec:2","specifiedBy":{"gradingScheme":{"definition":"The Croatian national grading scheme consists of five grades with numerical equivalents: izvrstan – 5 (outstanding); vrlo dobar – 4 (very good); dobar – 3 (good); dovoljan – 2 (sufficient); nedovoljan – 1 (insufficient - fail). The minimum passing grade is dovoljan – 2.","id":"urn:epass:scoringschemespec:2","title":"General grading scheme in Croatia"},"id":"urn:epass:asssessmentspec:2","title":"Applied mathematics"},"title":"Applied mathematics"}],"wasInfluencedBy":[{"directedBy":["did:ebsi:zsSgDXeYPhZ3AuKhTFneDf1"],"endedAtTime":"2018-01-14T00:00:00+01:00","id":"urn:epass:activity:1","identifier":[{"schemeID":"Activity ID","value":"GAB701"}],"location":["urn:epass:location:4"],"specifiedBy":{"id":"urn:epass:learningactivityspec:1","language":["http://publications.europa.eu/resource/authority/language/HRV"],"learningActivityType":["http://data.europa.eu/snb/learning-activity/fd33e234ae"],"title":"Applied mathematics","workload":"PT60H"},"startedAtTime":"2017-09-04T00:00:00+02:00","title":"Applied mathematics","workload":"PT60H"}]}]},"id":"urn:epass:learningAchievement:1","specifiedBy":[{"eCTSCreditPoints":120,"entryRequirementsNote":"The minimum educational requirement for enrolment into graduate university programmes is the completion of an undergraduate university programme. The university can allow students who have completed a professional programme to also enrol graduate university programmes, but they are allowed to set special requirements in these cases.\nThe minimum educational requirement for enrolment into specialist graduate professional programmes is the completion of an undergraduate university programme or a professional programme (first cycle).","eqflLevel":"http://data.europa.eu/snb/eqf/5","id":"urn:epass:qualification:20","isPartialQualification":false,"maximumDuration":"P21M","nqflLevel":"http://data.europa.eu/snb/qdr/c_dcc9aca1","title":"Master of Science in Civil Engineering","volumeOfLearning":"PT1440H"}],"title":"Master of Science in Civil Engineering","wasAwardedBy":{"awardingBody":["did:ebsi:zsSgDXeYPhZ3AuKhTFneDf1"],"awardingDate":"2019-09-20T00:00:00+02:00","id":"urn:epass:awardingProcess:1"},"wasDerivedFrom":[{"assessedBy":["did:ebsi:zsSgDXeYPhZ3AuKhTFneDf1"],"grade":"excellent (5)","id":"urn:epass:assessment:1","specifiedBy":{"gradingScheme":{"definition":"The Croatian national grading scheme consists of five grades with numerical equivalents: izvrstan – 5 (outstanding); vrlo dobar – 4 (very good); dobar – 3 (good); dovoljan – 2 (sufficient); nedovoljan – 1 (insufficient - fail). The minimum passing grade is dovoljan – 2.","id":"urn:epass:scoringschemespec:1","title":"General grading scheme in Croatia"},"id":"urn:epass:asssessmentspec:1","title":"Overall Diploma Assessment"},"title":"Overall Diploma Assessment"}],"wasInfluencedBy":[{"directedBy":["did:ebsi:zsSgDXeYPhZ3AuKhTFneDf1"],"endedAtTime":"2018-01-14T00:00:00+01:00","id":"urn:epass:learningAchievement:1","identifier":[{"schemeID":"Activity ID","value":"GAB701"}],"location":["urn:epass:location:4"],"specifiedBy":{"id":"urn:epass:learningactivityspec:1","language":["http://publications.europa.eu/resource/authority/language/HRV"],"learningActivityType":["http://data.europa.eu/snb/learning-activity/fd33e234ae"],"title":"Applied mathematics","workload":"PT60H"},"startedAtTime":"2017-09-04T00:00:00+02:00","title":"Master of Science in Civil Engineering","workload":"PT60H"}]}],"identifier":{"schemeID":"Student identification number","value":"99009900"}},"credentialStatus":{"id":"https://essif.europa.eu/status/education#higherEducation#51e42fda-cb0a-4333-b6a6-35cb147e1a88","type":"TrustedCredentialStatus2021"}}
Sep 12, 2024 11:39:50 AM com.apicatalog.jsonld.deseralization.JsonLdToRdf build
WARNING: Non well-formed subject [https://essif.europa.eu/status/education#higherEducation#51e42fda-cb0a-4333-b6a6-35cb147e1a88] has been skipped.
14782 [JettyServerThreadPool-284] DEBUG id.walt.services.keystore.HKVKeyStoreService - Loading key "7d0f97cd8a9c474ea967364543bd6060".
14782 [JettyServerThreadPool-284] DEBUG id.walt.services.keystore.HKVKeyStoreService - Loading key "7d0f97cd8a9c474ea967364543bd6060".
14782 [JettyServerThreadPool-284] DEBUG id.walt.services.keystore.HKVKeyStoreService - Loading key "7d0f97cd8a9c474ea967364543bd6060".
14783 [JettyServerThreadPool-284] DEBUG id.walt.signatory.WaltIdSignatory - Signed VC is: {
  "type" : [ "VerifiableCredential", "VerifiableAttestation", "Europass" ],
  "@context" : [ "https://www.w3.org/2018/credentials/v1", "https://w3id.org/security/suites/jws-2020/v1" ],
  "id" : "urn:uuid:2b16dc61-9ce1-4eb5-96a6-d727da964cfc",
  "issuer" : "did:ebsi:zuvwSjnkw25Z1nV1PjzhLKo",
  "issuanceDate" : "2024-09-12T09:39:49Z",
  "issued" : "2024-09-12T09:39:49Z",
  "validFrom" : "2024-09-12T09:39:49Z",
  "credentialSchema" : {
    "id" : "https://raw.githubusercontent.com/walt-id/waltid-ssikit-vclib/master/src/test/resources/schemas/Europass.json",
    "type" : "JsonSchemaValidator2018"
  },
  "credentialSubject" : {
    "id" : "did:ebsi:zuvwSjnkw25Z1nV1PjzhLKo",
    "achieved" : [ {
      "entitlesTo" : {
        "definition" : "Competences the student acquires after the completion of Graduate university study are sufficient conditions for attending the programme of Postgraduate doctoral study at the Faculty of Civil Engineering, Architecture and Geodesy in Split, as well as for attending the same or similar programmes and Postgraduate specialist studies at other faculties of Civil Engineering in Croatia. The acquired learning outcomes enable the student to attend other postgraduate study programmes in the field of technical sciences. ",
        "id" : "urn:epass:entitlement:1",
        "issuedDate" : "2019-09-20",
        "specifiedBy" : {
          "entitlementType" : "http://data.europa.eu/snb/entitlement/64aad92881",
          "id" : "urn:epass:entitlementspec:1",
          "limitJurisdiction" : [ "http://publications.europa.eu/resource/authority/country/HRV" ],
          "limitOrganisation" : [ "did:ebsi:zsSgDXeYPhZ3AuKhTFneDf1" ],
          "status" : "http://data.europa.eu/snb/entitlement-status/5b8d6b34fb",
          "title" : "Postgraduate doctoral study"
        },
        "title" : "Postgraduate doctoral study"
      },
      "hasPart" : {
        "learningAchievements" : [ {
          "id" : "",
          "identifier" : [ {
            "schemeID" : "Achievement ID",
            "value" : "GAB701"
          } ],
          "specifiedBy" : [ {
            "eCTSCreditPoints" : 5,
            "eqflLevel" : "http://data.europa.eu/snb/eqf/4",
            "id" : "urn:epass:qualification:1",
            "isPartialQualification" : true,
            "maximumDuration" : "P6M",
            "nqflLevel" : "http://data.europa.eu/snb/qdr/c_49672c5a",
            "title" : "Applied mathematics",
            "volumeOfLearning" : "PT60H"
          } ],
          "title" : "",
          "wasAwardedBy" : {
            "awardingBody" : [ "did:ebsi:zsSgDXeYPhZ3AuKhTFneDf1" ],
            "awardingDate" : "2019-09-20T00:00:00+02:00",
            "id" : "urn:epass:awardingProcess:2"
          },
          "wasDerivedFrom" : [ {
            "assessedBy" : [ "did:ebsi:zsSgDXeYPhZ3AuKhTFneDf1" ],
            "grade" : "good (3)",
            "id" : "urn:epass:asssessmentspec:2",
            "specifiedBy" : {
              "gradingScheme" : {
                "definition" : "The Croatian national grading scheme consists of five grades with numerical equivalents: izvrstan – 5 (outstanding); vrlo dobar – 4 (very good); dobar – 3 (good); dovoljan – 2 (sufficient); nedovoljan – 1 (insufficient - fail). The minimum passing grade is dovoljan – 2.",
                "id" : "urn:epass:scoringschemespec:2",
                "title" : "General grading scheme in Croatia"
              },
              "id" : "urn:epass:asssessmentspec:2",
              "title" : "Applied mathematics"
            },
            "title" : "Applied mathematics"
          } ],
          "wasInfluencedBy" : [ {
            "directedBy" : [ "did:ebsi:zsSgDXeYPhZ3AuKhTFneDf1" ],
            "endedAtTime" : "2018-01-14T00:00:00+01:00",
            "id" : "urn:epass:activity:1",
            "identifier" : [ {
              "schemeID" : "Activity ID",
              "value" : "GAB701"
            } ],
            "location" : [ "urn:epass:location:4" ],
            "specifiedBy" : {
              "id" : "urn:epass:learningactivityspec:1",
              "language" : [ "http://publications.europa.eu/resource/authority/language/HRV" ],
              "learningActivityType" : [ "http://data.europa.eu/snb/learning-activity/fd33e234ae" ],
              "title" : "Applied mathematics",
              "workload" : "PT60H"
            },
            "startedAtTime" : "2017-09-04T00:00:00+02:00",
            "title" : "Applied mathematics",
            "workload" : "PT60H"
          } ]
        } ]
      },
      "id" : "urn:epass:learningAchievement:1",
      "specifiedBy" : [ {
        "eCTSCreditPoints" : 120,
        "entryRequirementsNote" : "The minimum educational requirement for enrolment into graduate university programmes is the completion of an undergraduate university programme. The university can allow students who have completed a professional programme to also enrol graduate university programmes, but they are allowed to set special requirements in these cases.\nThe minimum educational requirement for enrolment into specialist graduate professional programmes is the completion of an undergraduate university programme or a professional programme (first cycle).",
        "eqflLevel" : "http://data.europa.eu/snb/eqf/5",
        "id" : "urn:epass:qualification:20",
        "isPartialQualification" : false,
        "maximumDuration" : "P21M",
        "nqflLevel" : "http://data.europa.eu/snb/qdr/c_dcc9aca1",
        "title" : "Master of Science in Civil Engineering",
        "volumeOfLearning" : "PT1440H"
      } ],
      "title" : "Master of Science in Civil Engineering",
      "wasAwardedBy" : {
        "awardingBody" : [ "did:ebsi:zsSgDXeYPhZ3AuKhTFneDf1" ],
        "awardingDate" : "2019-09-20T00:00:00+02:00",
        "id" : "urn:epass:awardingProcess:1"
      },
      "wasDerivedFrom" : [ {
        "assessedBy" : [ "did:ebsi:zsSgDXeYPhZ3AuKhTFneDf1" ],
        "grade" : "excellent (5)",
        "id" : "urn:epass:assessment:1",
        "specifiedBy" : {
          "gradingScheme" : {
            "definition" : "The Croatian national grading scheme consists of five grades with numerical equivalents: izvrstan – 5 (outstanding); vrlo dobar – 4 (very good); dobar – 3 (good); dovoljan – 2 (sufficient); nedovoljan – 1 (insufficient - fail). The minimum passing grade is dovoljan – 2.",
            "id" : "urn:epass:scoringschemespec:1",
            "title" : "General grading scheme in Croatia"
          },
          "id" : "urn:epass:asssessmentspec:1",
          "title" : "Overall Diploma Assessment"
        },
        "title" : "Overall Diploma Assessment"
      } ],
      "wasInfluencedBy" : [ {
        "directedBy" : [ "did:ebsi:zsSgDXeYPhZ3AuKhTFneDf1" ],
        "endedAtTime" : "2018-01-14T00:00:00+01:00",
        "id" : "urn:epass:learningAchievement:1",
        "identifier" : [ {
          "schemeID" : "Activity ID",
          "value" : "GAB701"
        } ],
        "location" : [ "urn:epass:location:4" ],
        "specifiedBy" : {
          "id" : "urn:epass:learningactivityspec:1",
          "language" : [ "http://publications.europa.eu/resource/authority/language/HRV" ],
          "learningActivityType" : [ "http://data.europa.eu/snb/learning-activity/fd33e234ae" ],
          "title" : "Applied mathematics",
          "workload" : "PT60H"
        },
        "startedAtTime" : "2017-09-04T00:00:00+02:00",
        "title" : "Master of Science in Civil Engineering",
        "workload" : "PT60H"
      } ]
    } ],
    "identifier" : {
      "schemeID" : "Student identification number",
      "value" : "99009900"
    }
  },
  "credentialStatus" : {
    "id" : "https://essif.europa.eu/status/education#higherEducation#51e42fda-cb0a-4333-b6a6-35cb147e1a88",
    "type" : "TrustedCredentialStatus2021"
  },
  "proof" : {
    "type" : "JsonWebSignature2020",
    "creator" : "did:ebsi:zuvwSjnkw25Z1nV1PjzhLKo",
    "created" : "2024-09-12T09:39:49Z",
    "verificationMethod" : "did:ebsi:zuvwSjnkw25Z1nV1PjzhLKo#7d0f97cd8a9c474ea967364543bd6060",
    "jws" : "eyJiNjQiOmZhbHNlLCJjcml0IjpbImI2NCJdLCJhbGciOiJFZERTQSJ9..nKf5ccz4S65P9vtDNmtLoWIfQCjqZWLgh5s17NQhDxSW23JvpEiymi9kfdX2t7i-cJjq6t1KVYdVh7OH8DV-AA"
  }
}
14785 [JettyServerThreadPool-284] INFO io.javalin.Javalin - JAVALIN REQUEST DEBUG LOG:
Request: POST [/v1/credentials/issue]
    Matching endpoint-handlers: [BEFORE=*, POST=/v1/credentials/issue]
    Headers: {Accept-Charset=UTF-8, Accept=application/json, User-Agent=Ktor client, Connection=keep-alive, Host=localhost:7001, Accept-Encoding=gzip, Content-Length=395, Content-Type=text/plain; charset=UTF-8}
    Cookies: {}
    Body: {"config" : {"creator" : "did:ebsi:zuvwSjnkw25Z1nV1PjzhLKo", "ecosystem" : "DEFAULT", "issuerDid" : "did:ebsi:zuvwSjnkw25Z1nV1PjzhLKo", "issuerVerificationMethod" : "did:ebsi:zuvwSjnkw25Z1nV1PjzhLKo#7d0f97cd8a9c474ea967364543bd6060", "proofType" : "LD_PROOF", "statusPurpose" : "revocation", "subjectDid" : "did:ebsi:zuvwSjnkw25Z1nV1PjzhLKo"}, "credentialData" : null, "templateId" : "Europass"}
    QueryString: null
    QueryParams: {}
    FormParams: {}
Response: [200], execution took 20.38 ms
    Headers: {Content-Encoding=gzip, Date=Thu, 12 Sep 2024 09:39:49 GMT, Content-Type=text/plain}
    Body is gzipped (8201 bytes, not logged)
----------------------------------------------------------------------------------
14788 [pool-1-thread-1 @coroutine#908] DEBUG id.walt.services.keystore.HKVKeyStoreService - Storing key "640092c3dff24b038ae4e11f54f61640".
14788 [pool-1-thread-1 @coroutine#908] DEBUG id.walt.services.keystore.HKVKeyStoreService - Loading key "640092c3dff24b038ae4e11f54f61640".
14788 [pool-1-thread-1 @coroutine#908] DEBUG id.walt.model.DidUrl - Trying to create DidUrl from URL: "did:key:z6Mkn4dGhqQfCc5pHWf6FLCrVZyvAs8CrpeCfkdTFK4h68gF"...
14790 [pool-1-thread-1 @coroutine#908] DEBUG id.walt.services.keystore.HKVKeyStoreService - Loading key "640092c3dff24b038ae4e11f54f61640".
14790 [pool-1-thread-1 @coroutine#908] DEBUG id.walt.services.did.DidService - A key with the id "640092c3dff24b038ae4e11f54f61640" exists.
14790 [pool-1-thread-1 @coroutine#908] DEBUG id.walt.model.DidUrl - Trying to create DidUrl from URL: "did:key:z6Mkn4dGhqQfCc5pHWf6FLCrVZyvAs8CrpeCfkdTFK4h68gF"...
14790 [pool-1-thread-1 @coroutine#908] DEBUG id.walt.model.DidUrl - Trying to create DidUrl from URL: "did:key:z6Mkn4dGhqQfCc5pHWf6FLCrVZyvAs8CrpeCfkdTFK4h68gF"...
14793 [JettyServerThreadPool-296] DEBUG id.walt.model.DidUrl - Trying to create DidUrl from URL: "did:key:z6Mkn4dGhqQfCc5pHWf6FLCrVZyvAs8CrpeCfkdTFK4h68gF"...
14793 [JettyServerThreadPool-296] DEBUG id.walt.model.DidUrl - Trying to create DidUrl from URL: "did:key:z6Mkn4dGhqQfCc5pHWf6FLCrVZyvAs8CrpeCfkdTFK4h68gF"...
14793 [JettyServerThreadPool-296] DEBUG id.walt.signatory.WaltIdSignatory - Signing credential with proof using LD_PROOF...
14793 [JettyServerThreadPool-296] DEBUG id.walt.signatory.WaltIdSignatory - Signing credential with proof using LD_PROOF, credential is: {"type":["VerifiableCredential","CustomCred"],"@context":["https://www.w3.org/2018/credentials/v1"],"id":"urn:uuid:4008d131-98cd-4469-a47a-601b43c6c134","issuer":"did:key:z6Mkn4dGhqQfCc5pHWf6FLCrVZyvAs8CrpeCfkdTFK4h68gF","issuanceDate":"2024-09-12T09:39:50Z","issued":"2024-09-12T09:39:50Z","validFrom":"2024-09-12T09:39:50Z","credentialSubject":{"id":"did:key:z6Mkn4dGhqQfCc5pHWf6FLCrVZyvAs8CrpeCfkdTFK4h68gF","foo":"bar"}}
14793 [JettyServerThreadPool-296] DEBUG id.walt.services.vc.WaltIdJsonLdCredentialService - Signing jsonLd object with: issuerDid (did:key:z6Mkn4dGhqQfCc5pHWf6FLCrVZyvAs8CrpeCfkdTFK4h68gF), domain (null), nonce (null
14793 [JettyServerThreadPool-296] DEBUG id.walt.services.keystore.HKVKeyStoreService - Loading key "did:key:z6Mkn4dGhqQfCc5pHWf6FLCrVZyvAs8CrpeCfkdTFK4h68gF#z6Mkn4dGhqQfCc5pHWf6FLCrVZyvAs8CrpeCfkdTFK4h68gF".
14793 [JettyServerThreadPool-296] DEBUG id.walt.services.vc.WaltIdJsonLdCredentialService - Signing: {"type":["VerifiableCredential","CustomCred"],"@context":["https://www.w3.org/2018/credentials/v1"],"id":"urn:uuid:4008d131-98cd-4469-a47a-601b43c6c134","issuer":"did:key:z6Mkn4dGhqQfCc5pHWf6FLCrVZyvAs8CrpeCfkdTFK4h68gF","issuanceDate":"2024-09-12T09:39:50Z","issued":"2024-09-12T09:39:50Z","validFrom":"2024-09-12T09:39:50Z","credentialSubject":{"id":"did:key:z6Mkn4dGhqQfCc5pHWf6FLCrVZyvAs8CrpeCfkdTFK4h68gF","foo":"bar"}}
14796 [JettyServerThreadPool-296] DEBUG id.walt.services.keystore.HKVKeyStoreService - Loading key "640092c3dff24b038ae4e11f54f61640".
14796 [JettyServerThreadPool-296] DEBUG id.walt.services.keystore.HKVKeyStoreService - Loading key "640092c3dff24b038ae4e11f54f61640".
14796 [JettyServerThreadPool-296] DEBUG id.walt.services.keystore.HKVKeyStoreService - Loading key "640092c3dff24b038ae4e11f54f61640".
14797 [JettyServerThreadPool-296] DEBUG id.walt.signatory.WaltIdSignatory - Signed VC is: {
  "type" : [ "VerifiableCredential", "CustomCred" ],
  "@context" : [ "https://www.w3.org/2018/credentials/v1", "https://w3id.org/security/suites/jws-2020/v1" ],
  "id" : "urn:uuid:4008d131-98cd-4469-a47a-601b43c6c134",
  "issuer" : "did:key:z6Mkn4dGhqQfCc5pHWf6FLCrVZyvAs8CrpeCfkdTFK4h68gF",
  "issuanceDate" : "2024-09-12T09:39:50Z",
  "issued" : "2024-09-12T09:39:50Z",
  "validFrom" : "2024-09-12T09:39:50Z",
  "credentialSubject" : {
    "id" : "did:key:z6Mkn4dGhqQfCc5pHWf6FLCrVZyvAs8CrpeCfkdTFK4h68gF",
    "foo" : "bar"
  },
  "proof" : {
    "type" : "JsonWebSignature2020",
    "creator" : "did:key:z6Mkn4dGhqQfCc5pHWf6FLCrVZyvAs8CrpeCfkdTFK4h68gF",
    "created" : "2024-09-12T09:39:50Z",
    "verificationMethod" : "did:key:z6Mkn4dGhqQfCc5pHWf6FLCrVZyvAs8CrpeCfkdTFK4h68gF#z6Mkn4dGhqQfCc5pHWf6FLCrVZyvAs8CrpeCfkdTFK4h68gF",
    "jws" : "eyJiNjQiOmZhbHNlLCJjcml0IjpbImI2NCJdLCJhbGciOiJFZERTQSJ9.._eAYcmGPA6eRrTrqsLfpKMFe-EJcaOwJ_KySRCnghkN3PdFLbkTzc0vBqGvF3gmoY19txX-WmJ4Wdvmyd8CwDw"
  }
}
14798 [JettyServerThreadPool-296] INFO io.javalin.Javalin - JAVALIN REQUEST DEBUG LOG:
Request: POST [/v1/credentials/issueFromJson]
    Matching endpoint-handlers: [BEFORE=*, POST=/v1/credentials/issueFromJson]
    Headers: {Accept-Charset=UTF-8, Accept=application/json, User-Agent=Ktor client, Connection=keep-alive, Host=localhost:7001, Accept-Encoding=gzip, Content-Length=111, Content-Type=text/plain; charset=UTF-8}
    Cookies: {}
    Body: {
    "type": [ "VerifiableCredential", "CustomCred" ],
    "credentialSubject": {
        "foo": "bar"
    }
}
    QueryString: issuerId=did:key:z6Mkn4dGhqQfCc5pHWf6FLCrVZyvAs8CrpeCfkdTFK4h68gF&subjectId=did:key:z6Mkn4dGhqQfCc5pHWf6FLCrVZyvAs8CrpeCfkdTFK4h68gF
    QueryParams: {issuerId=[did:key:z6Mkn4dGhqQfCc5pHWf6FLCrVZyvAs8CrpeCfkdTFK4h68gF], subjectId=[did:key:z6Mkn4dGhqQfCc5pHWf6FLCrVZyvAs8CrpeCfkdTFK4h68gF]}
    FormParams: {}
Response: [200], execution took 5.13 ms
    Headers: {Date=Thu, 12 Sep 2024 09:39:50 GMT, Content-Type=text/plain}
    Body is 1002 bytes (starts on next line):
    {
  "type" : [ "VerifiableCredential", "CustomCred" ],
  "@context" : [ "https://www.w3.org/2018/credentials/v1", "https://w3id.org/security/suites/jws-2020/v1" ],
  "id" : "urn:uuid:4008d131-98cd-4469-a47a-601b43c6c134",
  "issuer" : "did:key:z6Mkn4dGhqQfCc5pHWf6FLCrVZyvAs8CrpeCfkdTFK4h68gF",
  "issuanceDate" : "2024-09-12T09:39:50Z",
  "issued" : "2024-09-12T09:39:50Z",
  "validFrom" : "2024-09-12T09:39:50Z",
  "credentialSubject" : {
    "id" : "did:key:z6Mkn4dGhqQfCc5pHWf6FLCrVZyvAs8CrpeCfkdTFK4h68gF",
    "foo" : "bar"
  },
  "proof" : {
    "type" : "JsonWebSignature2020",
    "creator" : "did:key:z6Mkn4dGhqQfCc5pHWf6FLCrVZyvAs8CrpeCfkdTFK4h68gF",
    "created" : "2024-09-12T09:39:50Z",
    "verificationMethod" : "did:key:z6Mkn4dGhqQfCc5pHWf6FLCrVZyvAs8CrpeCfkdTFK4h68gF#z6Mkn4dGhqQfCc5pHWf6FLCrVZyvAs8CrpeCfkdTFK4h68gF",
    "jws" : "eyJiNjQiOmZhbHNlLCJjcml0IjpbImI2NCJdLCJhbGciOiJFZERTQSJ9.._eAYcmGPA6eRrTrqsLfpKMFe-EJcaOwJ_KySRCnghkN3PdFLbkTzc0vBqGvF3gmoY19txX-WmJ4Wdvmyd8CwDw"
  }
}
----------------------------------------------------------------------------------
14802 [pool-1-thread-1 @coroutine#913] DEBUG id.walt.services.keystore.HKVKeyStoreService - Storing key "c5970f6e5b1b42e4a67a325987f444be".
14802 [pool-1-thread-1 @coroutine#913] DEBUG id.walt.services.keystore.HKVKeyStoreService - Loading key "c5970f6e5b1b42e4a67a325987f444be".
14802 [pool-1-thread-1 @coroutine#913] DEBUG id.walt.services.keystore.HKVKeyStoreService - Loading key "c5970f6e5b1b42e4a67a325987f444be".
14802 [pool-1-thread-1 @coroutine#913] DEBUG id.walt.services.did.composers.DidDocumentComposerBase - Verification method JWK for kid: {"kty":"OKP","use":"sig","crv":"Ed25519","kid":"c5970f6e5b1b42e4a67a325987f444be","x":"bo_s2HtEc_IogFJ4DlbGwMaVO-VBUDnqMUcXmlkkH2w","alg":"EdDSA"}
14802 [pool-1-thread-1 @coroutine#913] DEBUG id.walt.services.did.composers.DidDocumentComposerBase - Verification method public JWK: {"kty":"OKP","use":"sig","crv":"Ed25519","kid":"c5970f6e5b1b42e4a67a325987f444be","x":"bo_s2HtEc_IogFJ4DlbGwMaVO-VBUDnqMUcXmlkkH2w","alg":"EdDSA"}
14803 [pool-1-thread-1 @coroutine#913] DEBUG id.walt.services.did.composers.DidDocumentComposerBase - Verification method parsed public JWK: Jwk(kid=c5970f6e5b1b42e4a67a325987f444be, kty=OKP, alg=EdDSA, crv=Ed25519, use=sig, x=bo_s2HtEc_IogFJ4DlbGwMaVO-VBUDnqMUcXmlkkH2w, y=null, d=null, n=null, e=null, x5u=null)
14803 [pool-1-thread-1 @coroutine#913] DEBUG id.walt.services.keystore.HKVKeyStoreService - Loading key "c5970f6e5b1b42e4a67a325987f444be".
14803 [pool-1-thread-1 @coroutine#913] DEBUG id.walt.services.did.DidService - A key with the id "c5970f6e5b1b42e4a67a325987f444be" exists.
14803 [pool-1-thread-1 @coroutine#913] DEBUG id.walt.model.DidUrl - Trying to create DidUrl from URL: "did:ebsi:zZUVHyt7UfmUEWZoLQvTu4u"...
14803 [pool-1-thread-1 @coroutine#913] DEBUG id.walt.model.DidUrl - Trying to create DidUrl from URL: "did:ebsi:zZUVHyt7UfmUEWZoLQvTu4u"...
14804 [pool-1-thread-1 @coroutine#913] DEBUG id.walt.model.DidUrl - Trying to create DidUrl from URL: "did:ebsi:zZUVHyt7UfmUEWZoLQvTu4u"...
14808 [JettyServerThreadPool-298] DEBUG id.walt.model.DidUrl - Trying to create DidUrl from URL: "did:ebsi:zZUVHyt7UfmUEWZoLQvTu4u"...
14808 [JettyServerThreadPool-298] DEBUG id.walt.model.DidUrl - Trying to create DidUrl from URL: "did:ebsi:zZUVHyt7UfmUEWZoLQvTu4u"...
14808 [JettyServerThreadPool-298] DEBUG id.walt.signatory.WaltIdSignatory - Signing credential with proof using LD_PROOF...
14808 [JettyServerThreadPool-298] DEBUG id.walt.signatory.WaltIdSignatory - Signing credential with proof using LD_PROOF, credential is: {"type":["VerifiableCredential","PermanentResidentCard"],"@context":["https://www.w3.org/2018/credentials/v1","https://w3id.org/citizenship/v1"],"id":"urn:uuid:bf46cbfd-e133-4076-aba2-a6e48e4ee2c9","issuer":"did:ebsi:zZUVHyt7UfmUEWZoLQvTu4u","issuanceDate":"2024-09-12T09:39:50Z","issued":"2024-09-12T09:39:50Z","validFrom":"2024-09-12T09:39:50Z","credentialSubject":{"id":"did:ebsi:zZUVHyt7UfmUEWZoLQvTu4u","birthDate":"1958-08-17","givenName":"JOHN","type":["PermanentResident","Person"]}}
14808 [JettyServerThreadPool-298] DEBUG id.walt.services.vc.WaltIdJsonLdCredentialService - Signing jsonLd object with: issuerDid (did:ebsi:zZUVHyt7UfmUEWZoLQvTu4u), domain (null), nonce (null
14808 [JettyServerThreadPool-298] DEBUG id.walt.services.keystore.HKVKeyStoreService - Loading key "did:ebsi:zZUVHyt7UfmUEWZoLQvTu4u#c5970f6e5b1b42e4a67a325987f444be".
14808 [JettyServerThreadPool-298] DEBUG id.walt.services.vc.WaltIdJsonLdCredentialService - Signing: {"type":["VerifiableCredential","PermanentResidentCard"],"@context":["https://www.w3.org/2018/credentials/v1","https://w3id.org/citizenship/v1"],"id":"urn:uuid:bf46cbfd-e133-4076-aba2-a6e48e4ee2c9","issuer":"did:ebsi:zZUVHyt7UfmUEWZoLQvTu4u","issuanceDate":"2024-09-12T09:39:50Z","issued":"2024-09-12T09:39:50Z","validFrom":"2024-09-12T09:39:50Z","credentialSubject":{"id":"did:ebsi:zZUVHyt7UfmUEWZoLQvTu4u","birthDate":"1958-08-17","givenName":"JOHN","type":["PermanentResident","Person"]}}
14810 [JettyServerThreadPool-298] DEBUG id.walt.services.keystore.HKVKeyStoreService - Loading key "c5970f6e5b1b42e4a67a325987f444be".
14810 [JettyServerThreadPool-298] DEBUG id.walt.services.keystore.HKVKeyStoreService - Loading key "c5970f6e5b1b42e4a67a325987f444be".
14810 [JettyServerThreadPool-298] DEBUG id.walt.services.keystore.HKVKeyStoreService - Loading key "c5970f6e5b1b42e4a67a325987f444be".
14811 [JettyServerThreadPool-298] DEBUG id.walt.signatory.WaltIdSignatory - Signed VC is: {
  "type" : [ "VerifiableCredential", "PermanentResidentCard" ],
  "@context" : [ "https://www.w3.org/2018/credentials/v1", "https://w3id.org/citizenship/v1", "https://w3id.org/security/suites/jws-2020/v1" ],
  "id" : "urn:uuid:bf46cbfd-e133-4076-aba2-a6e48e4ee2c9",
  "issuer" : "did:ebsi:zZUVHyt7UfmUEWZoLQvTu4u",
  "issuanceDate" : "2024-09-12T09:39:50Z",
  "issued" : "2024-09-12T09:39:50Z",
  "validFrom" : "2024-09-12T09:39:50Z",
  "credentialSubject" : {
    "id" : "did:ebsi:zZUVHyt7UfmUEWZoLQvTu4u",
    "birthDate" : "1958-08-17",
    "givenName" : "JOHN",
    "type" : [ "PermanentResident", "Person" ]
  },
  "proof" : {
    "type" : "JsonWebSignature2020",
    "creator" : "did:ebsi:zZUVHyt7UfmUEWZoLQvTu4u",
    "created" : "2024-09-12T09:39:50Z",
    "verificationMethod" : "did:ebsi:zZUVHyt7UfmUEWZoLQvTu4u#c5970f6e5b1b42e4a67a325987f444be",
    "jws" : "eyJiNjQiOmZhbHNlLCJjcml0IjpbImI2NCJdLCJhbGciOiJFZERTQSJ9..y9BQ3L32cPBIH7LSeTf6hJ1z9onHI4GNk00DU5K3-MwPkTQowQk19DeUuyxfpGPF9aNkm_x4h3DnZGj8JqPpCg"
  }
}
14811 [JettyServerThreadPool-298] INFO io.javalin.Javalin - JAVALIN REQUEST DEBUG LOG:
Request: POST [/v1/credentials/issue]
    Matching endpoint-handlers: [BEFORE=*, POST=/v1/credentials/issue]
    Headers: {Accept-Charset=UTF-8, Accept=application/json, User-Agent=Ktor client, Connection=keep-alive, Host=localhost:7001, Accept-Encoding=gzip, Content-Length=408, Content-Type=text/plain; charset=UTF-8}
    Cookies: {}
    Body: {"config" : {"creator" : "did:ebsi:zZUVHyt7UfmUEWZoLQvTu4u", "ecosystem" : "DEFAULT", "issuerDid" : "did:ebsi:zZUVHyt7UfmUEWZoLQvTu4u", "issuerVerificationMethod" : "did:ebsi:zZUVHyt7UfmUEWZoLQvTu4u#c5970f6e5b1b42e4a67a325987f444be", "proofType" : "LD_PROOF", "statusPurpose" : "revocation", "subjectDid" : "did:ebsi:zZUVHyt7UfmUEWZoLQvTu4u"}, "credentialData" : null, "templateId" : "PermanentResidentCard"}
    QueryString: null
    QueryParams: {}
    FormParams: {}
Response: [200], execution took 5.24 ms
    Headers: {Date=Thu, 12 Sep 2024 09:39:50 GMT, Content-Type=text/plain}
    Body is 1023 bytes (starts on next line):
    {
  "type" : [ "VerifiableCredential", "PermanentResidentCard" ],
  "@context" : [ "https://www.w3.org/2018/credentials/v1", "https://w3id.org/citizenship/v1", "https://w3id.org/security/suites/jws-2020/v1" ],
  "id" : "urn:uuid:bf46cbfd-e133-4076-aba2-a6e48e4ee2c9",
  "issuer" : "did:ebsi:zZUVHyt7UfmUEWZoLQvTu4u",
  "issuanceDate" : "2024-09-12T09:39:50Z",
  "issued" : "2024-09-12T09:39:50Z",
  "validFrom" : "2024-09-12T09:39:50Z",
  "credentialSubject" : {
    "id" : "did:ebsi:zZUVHyt7UfmUEWZoLQvTu4u",
    "birthDate" : "1958-08-17",
    "givenName" : "JOHN",
    "type" : [ "PermanentResident", "Person" ]
  },
  "proof" : {
    "type" : "JsonWebSignature2020",
    "creator" : "did:ebsi:zZUVHyt7UfmUEWZoLQvTu4u",
    "created" : "2024-09-12T09:39:50Z",
    "verificationMethod" : "did:ebsi:zZUVHyt7UfmUEWZoLQvTu4u#c5970f6e5b1b42e4a67a325987f444be",
    "jws" : "eyJiNjQiOmZhbHNlLCJjcml0IjpbImI2NCJdLCJhbGciOiJFZERTQSJ9..y9BQ3L32cPBIH7LSeTf6hJ1z9onHI4GNk00DU5K3-MwPkTQowQk19DeUuyxfpGPF9aNkm_x4h3DnZGj8JqPpCg"
  }
}
----------------------------------------------------------------------------------
14814 [pool-1-thread-1 @coroutine#917] DEBUG id.walt.services.keystore.HKVKeyStoreService - Storing key "d9ad9d924a6749b88e8793a7f8ba9d9e".
14814 [pool-1-thread-1 @coroutine#917] DEBUG id.walt.services.keystore.HKVKeyStoreService - Loading key "d9ad9d924a6749b88e8793a7f8ba9d9e".
14814 [pool-1-thread-1 @coroutine#917] DEBUG id.walt.model.DidUrl - Trying to create DidUrl from URL: "did:key:z6Mkq57UFr3887s4yTR2QEt3HRuwUv4kubQ94kHL5RiJjcbq"...
14815 [pool-1-thread-1 @coroutine#917] DEBUG id.walt.services.keystore.HKVKeyStoreService - Loading key "d9ad9d924a6749b88e8793a7f8ba9d9e".
14815 [pool-1-thread-1 @coroutine#917] DEBUG id.walt.services.did.DidService - A key with the id "d9ad9d924a6749b88e8793a7f8ba9d9e" exists.
14815 [pool-1-thread-1 @coroutine#917] DEBUG id.walt.model.DidUrl - Trying to create DidUrl from URL: "did:key:z6Mkq57UFr3887s4yTR2QEt3HRuwUv4kubQ94kHL5RiJjcbq"...
14815 [pool-1-thread-1 @coroutine#917] DEBUG id.walt.model.DidUrl - Trying to create DidUrl from URL: "did:key:z6Mkq57UFr3887s4yTR2QEt3HRuwUv4kubQ94kHL5RiJjcbq"...
14822 [JettyServerThreadPool-296] DEBUG id.walt.model.DidUrl - Trying to create DidUrl from URL: "did:key:z6Mkq57UFr3887s4yTR2QEt3HRuwUv4kubQ94kHL5RiJjcbq"...
14822 [JettyServerThreadPool-296] DEBUG id.walt.model.DidUrl - Trying to create DidUrl from URL: "did:key:z6Mkq57UFr3887s4yTR2QEt3HRuwUv4kubQ94kHL5RiJjcbq"...
14822 [JettyServerThreadPool-296] DEBUG id.walt.signatory.WaltIdSignatory - Signing credential with proof using SD_JWT...
14822 [JettyServerThreadPool-296] DEBUG id.walt.signatory.WaltIdSignatory - Signing credential with proof using SD_JWT, credential is: {"type":["VerifiableCredential","VerifiableAttestation","VerifiableId"],"@context":["https://www.w3.org/2018/credentials/v1"],"id":"urn:uuid:c11699eb-a303-4fba-af43-7e573afb8eb2","issuer":"did:key:z6Mkq57UFr3887s4yTR2QEt3HRuwUv4kubQ94kHL5RiJjcbq","issuanceDate":"2024-09-12T09:39:50Z","issued":"2024-09-12T09:39:50Z","validFrom":"2024-09-12T09:39:50Z","credentialSchema":{"id":"https://raw.githubusercontent.com/walt-id/waltid-ssikit-vclib/master/src/test/resources/schemas/VerifiableId.json","type":"FullJsonSchemaValidator2021"},"credentialSubject":{"id":"did:key:z6Mkq57UFr3887s4yTR2QEt3HRuwUv4kubQ94kHL5RiJjcbq","currentAddress":["1 Boulevard de la Liberté, 59800 Lille"],"dateOfBirth":"1993-04-08","familyName":"DOE","firstName":"Severin","gender":"FEMALE","nameAndFamilyNameAtBirth":"Jane DOE","personalIdentifier":"0904008084H","placeOfBirth":"LILLE, FRANCE"},"evidence":[{"documentPresence":["Physical"],"evidenceDocument":["Passport"],"subjectPresence":"Physical","type":["DocumentVerification"],"verifier":"did:ebsi:2A9BZ9SUe6BatacSpvs1V5CdjHvLpQ7bEsi2Jb6LdHKnQxaN"}]}
14822 [JettyServerThreadPool-296] DEBUG id.walt.services.vc.WaltIdJwtCredentialService - Signing JWT object with config: ProofConfig(issuerDid=did:key:z6Mkq57UFr3887s4yTR2QEt3HRuwUv4kubQ94kHL5RiJjcbq, subjectDid=did:key:z6Mkq57UFr3887s4yTR2QEt3HRuwUv4kubQ94kHL5RiJjcbq, verifierDid=null, issuerVerificationMethod=did:key:z6Mkq57UFr3887s4yTR2QEt3HRuwUv4kubQ94kHL5RiJjcbq#z6Mkq57UFr3887s4yTR2QEt3HRuwUv4kubQ94kHL5RiJjcbq, proofType=SD_JWT, domain=null, nonce=null, proofPurpose=null, credentialId=urn:uuid:c11699eb-a303-4fba-af43-7e573afb8eb2, issueDate=2024-09-12T09:39:50.042413833Z, validDate=2024-09-12T09:39:50.042415126Z, expirationDate=null, dataProviderIdentifier=null, ldSignatureType=null, creator=did:key:z6Mkq57UFr3887s4yTR2QEt3HRuwUv4kubQ94kHL5RiJjcbq, ecosystem=DEFAULT, statusType=null, statusPurpose=revocation, credentialsEndpoint=null, selectiveDisclosure=id.walt.sdjwt.SDMap@3633640e)
14822 [JettyServerThreadPool-296] DEBUG id.walt.services.vc.WaltIdJwtCredentialService - Signing: {"sub":"did:key:z6Mkq57UFr3887s4yTR2QEt3HRuwUv4kubQ94kHL5RiJjcbq","nbf":1726133990,"iss":"did:key:z6Mkq57UFr3887s4yTR2QEt3HRuwUv4kubQ94kHL5RiJjcbq","iat":1726133990,"vc":{"type":["VerifiableCredential","VerifiableAttestation","VerifiableId"],"@context":["https://www.w3.org/2018/credentials/v1"],"id":"urn:uuid:c11699eb-a303-4fba-af43-7e573afb8eb2","issuer":"did:key:z6Mkq57UFr3887s4yTR2QEt3HRuwUv4kubQ94kHL5RiJjcbq","issuanceDate":"2024-09-12T09:39:50Z","issued":"2024-09-12T09:39:50Z","validFrom":"2024-09-12T09:39:50Z","credentialSchema":{"id":"https://raw.githubusercontent.com/walt-id/waltid-ssikit-vclib/master/src/test/resources/schemas/VerifiableId.json","type":"FullJsonSchemaValidator2021"},"credentialSubject":{"id":"did:key:z6Mkq57UFr3887s4yTR2QEt3HRuwUv4kubQ94kHL5RiJjcbq","currentAddress":["1 Boulevard de la Liberté, 59800 Lille"],"dateOfBirth":"1993-04-08","familyName":"DOE","firstName":"Severin","gender":"FEMALE","nameAndFamilyNameAtBirth":"Jane DOE","personalIdentifier":"0904008084H","placeOfBirth":"LILLE, FRANCE"},"evidence":[{"documentPresence":["Physical"],"evidenceDocument":["Passport"],"subjectPresence":"Physical","type":["DocumentVerification"],"verifier":"did:ebsi:2A9BZ9SUe6BatacSpvs1V5CdjHvLpQ7bEsi2Jb6LdHKnQxaN"}]},"jti":"urn:uuid:c11699eb-a303-4fba-af43-7e573afb8eb2"}
14823 [JettyServerThreadPool-296] DEBUG id.walt.services.keystore.HKVKeyStoreService - Loading key "did:key:z6Mkq57UFr3887s4yTR2QEt3HRuwUv4kubQ94kHL5RiJjcbq#z6Mkq57UFr3887s4yTR2QEt3HRuwUv4kubQ94kHL5RiJjcbq".
14823 [JettyServerThreadPool-296] DEBUG id.walt.services.jwt.WaltIdJwtService - Signing JWT with algorithm: EdDSA_Ed25519
14823 [JettyServerThreadPool-296] DEBUG id.walt.model.DidUrl - Trying to create DidUrl from URL: "did:key:z6Mkq57UFr3887s4yTR2QEt3HRuwUv4kubQ94kHL5RiJjcbq#z6Mkq57UFr3887s4yTR2QEt3HRuwUv4kubQ94kHL5RiJjcbq"...
14823 [JettyServerThreadPool-296] DEBUG id.walt.services.keystore.HKVKeyStoreService - Loading key "d9ad9d924a6749b88e8793a7f8ba9d9e".
14824 [JettyServerThreadPool-296] DEBUG id.walt.services.jwt.WaltIdJwtService - Signed JWT:  eyJraWQiOiJkaWQ6a2V5Ono2TWtxNTdVRnIzODg3czR5VFIyUUV0M0hSdXdVdjRrdWJROTRrSEw1UmlKamNicSN6Nk1rcTU3VUZyMzg4N3M0eVRSMlFFdDNIUnV3VXY0a3ViUTk0a0hMNVJpSmpjYnEiLCJ0eXAiOiJKV1QiLCJhbGciOiJFZERTQSJ9.eyJzdWIiOiJkaWQ6a2V5Ono2TWtxNTdVRnIzODg3czR5VFIyUUV0M0hSdXdVdjRrdWJROTRrSEw1UmlKamNicSIsIm5iZiI6MTcyNjEzMzk5MCwiaXNzIjoiZGlkOmtleTp6Nk1rcTU3VUZyMzg4N3M0eVRSMlFFdDNIUnV3VXY0a3ViUTk0a0hMNVJpSmpjYnEiLCJpYXQiOjE3MjYxMzM5OTAsInZjIjp7InR5cGUiOlsiVmVyaWZpYWJsZUNyZWRlbnRpYWwiLCJWZXJpZmlhYmxlQXR0ZXN0YXRpb24iLCJWZXJpZmlhYmxlSWQiXSwiQGNvbnRleHQiOlsiaHR0cHM6Ly93d3cudzMub3JnLzIwMTgvY3JlZGVudGlhbHMvdjEiXSwiaWQiOiJ1cm46dXVpZDpjMTE2OTllYi1hMzAzLTRmYmEtYWY0My03ZTU3M2FmYjhlYjIiLCJpc3N1ZXIiOiJkaWQ6a2V5Ono2TWtxNTdVRnIzODg3czR5VFIyUUV0M0hSdXdVdjRrdWJROTRrSEw1UmlKamNicSIsImlzc3VhbmNlRGF0ZSI6IjIwMjQtMDktMTJUMDk6Mzk6NTBaIiwiaXNzdWVkIjoiMjAyNC0wOS0xMlQwOTozOTo1MFoiLCJ2YWxpZEZyb20iOiIyMDI0LTA5LTEyVDA5OjM5OjUwWiIsImNyZWRlbnRpYWxTY2hlbWEiOnsiaWQiOiJodHRwczovL3Jhdy5naXRodWJ1c2VyY29udGVudC5jb20vd2FsdC1pZC93YWx0aWQtc3Npa2l0LXZjbGliL21hc3Rlci9zcmMvdGVzdC9yZXNvdXJjZXMvc2NoZW1hcy9WZXJpZmlhYmxlSWQuanNvbiIsInR5cGUiOiJGdWxsSnNvblNjaGVtYVZhbGlkYXRvcjIwMjEifSwiZXZpZGVuY2UiOlt7ImRvY3VtZW50UHJlc2VuY2UiOlsiUGh5c2ljYWwiXSwiZXZpZGVuY2VEb2N1bWVudCI6WyJQYXNzcG9ydCJdLCJzdWJqZWN0UHJlc2VuY2UiOiJQaHlzaWNhbCIsInR5cGUiOlsiRG9jdW1lbnRWZXJpZmljYXRpb24iXSwidmVyaWZpZXIiOiJkaWQ6ZWJzaToyQTlCWjlTVWU2QmF0YWNTcHZzMVY1Q2RqSHZMcFE3YkVzaTJKYjZMZEhLblF4YU4ifV0sIl9zZCI6WyJrZGxIRlpFTFNGUmNmMGdJeURXM05oRWcta0FXaVNnUDFkUlJ3OXRXd2hFIl19LCJqdGkiOiJ1cm46dXVpZDpjMTE2OTllYi1hMzAzLTRmYmEtYWY0My03ZTU3M2FmYjhlYjIifQ.9htkie-E9CSh-DrVcu5fGdGWLT-MO_PusRQoAJ71TYAzqtdAMpiGfQtEEnLRFW4LyyYY2lH2uMFhR0JDFb-jBA
14824 [JettyServerThreadPool-296] DEBUG id.walt.signatory.WaltIdSignatory - Signed VC is: eyJraWQiOiJkaWQ6a2V5Ono2TWtxNTdVRnIzODg3czR5VFIyUUV0M0hSdXdVdjRrdWJROTRrSEw1UmlKamNicSN6Nk1rcTU3VUZyMzg4N3M0eVRSMlFFdDNIUnV3VXY0a3ViUTk0a0hMNVJpSmpjYnEiLCJ0eXAiOiJKV1QiLCJhbGciOiJFZERTQSJ9.eyJzdWIiOiJkaWQ6a2V5Ono2TWtxNTdVRnIzODg3czR5VFIyUUV0M0hSdXdVdjRrdWJROTRrSEw1UmlKamNicSIsIm5iZiI6MTcyNjEzMzk5MCwiaXNzIjoiZGlkOmtleTp6Nk1rcTU3VUZyMzg4N3M0eVRSMlFFdDNIUnV3VXY0a3ViUTk0a0hMNVJpSmpjYnEiLCJpYXQiOjE3MjYxMzM5OTAsInZjIjp7InR5cGUiOlsiVmVyaWZpYWJsZUNyZWRlbnRpYWwiLCJWZXJpZmlhYmxlQXR0ZXN0YXRpb24iLCJWZXJpZmlhYmxlSWQiXSwiQGNvbnRleHQiOlsiaHR0cHM6Ly93d3cudzMub3JnLzIwMTgvY3JlZGVudGlhbHMvdjEiXSwiaWQiOiJ1cm46dXVpZDpjMTE2OTllYi1hMzAzLTRmYmEtYWY0My03ZTU3M2FmYjhlYjIiLCJpc3N1ZXIiOiJkaWQ6a2V5Ono2TWtxNTdVRnIzODg3czR5VFIyUUV0M0hSdXdVdjRrdWJROTRrSEw1UmlKamNicSIsImlzc3VhbmNlRGF0ZSI6IjIwMjQtMDktMTJUMDk6Mzk6NTBaIiwiaXNzdWVkIjoiMjAyNC0wOS0xMlQwOTozOTo1MFoiLCJ2YWxpZEZyb20iOiIyMDI0LTA5LTEyVDA5OjM5OjUwWiIsImNyZWRlbnRpYWxTY2hlbWEiOnsiaWQiOiJodHRwczovL3Jhdy5naXRodWJ1c2VyY29udGVudC5jb20vd2FsdC1pZC93YWx0aWQtc3Npa2l0LXZjbGliL21hc3Rlci9zcmMvdGVzdC9yZXNvdXJjZXMvc2NoZW1hcy9WZXJpZmlhYmxlSWQuanNvbiIsInR5cGUiOiJGdWxsSnNvblNjaGVtYVZhbGlkYXRvcjIwMjEifSwiZXZpZGVuY2UiOlt7ImRvY3VtZW50UHJlc2VuY2UiOlsiUGh5c2ljYWwiXSwiZXZpZGVuY2VEb2N1bWVudCI6WyJQYXNzcG9ydCJdLCJzdWJqZWN0UHJlc2VuY2UiOiJQaHlzaWNhbCIsInR5cGUiOlsiRG9jdW1lbnRWZXJpZmljYXRpb24iXSwidmVyaWZpZXIiOiJkaWQ6ZWJzaToyQTlCWjlTVWU2QmF0YWNTcHZzMVY1Q2RqSHZMcFE3YkVzaTJKYjZMZEhLblF4YU4ifV0sIl9zZCI6WyJrZGxIRlpFTFNGUmNmMGdJeURXM05oRWcta0FXaVNnUDFkUlJ3OXRXd2hFIl19LCJqdGkiOiJ1cm46dXVpZDpjMTE2OTllYi1hMzAzLTRmYmEtYWY0My03ZTU3M2FmYjhlYjIifQ.9htkie-E9CSh-DrVcu5fGdGWLT-MO_PusRQoAJ71TYAzqtdAMpiGfQtEEnLRFW4LyyYY2lH2uMFhR0JDFb-jBA~WyJYUXA3UnJZV0VpTzltTTc5STVQak9RIiwiZmlyc3ROYW1lIiwiU2V2ZXJpbiJd~WyJ2V196NmUtUndkbUpHdmhwN1A2eExnIiwiY3JlZGVudGlhbFN1YmplY3QiLHsiaWQiOiJkaWQ6a2V5Ono2TWtxNTdVRnIzODg3czR5VFIyUUV0M0hSdXdVdjRrdWJROTRrSEw1UmlKamNicSIsImN1cnJlbnRBZGRyZXNzIjpbIjEgQm91bGV2YXJkIGRlIGxhIExpYmVydMOpLCA1OTgwMCBMaWxsZSJdLCJkYXRlT2ZCaXJ0aCI6IjE5OTMtMDQtMDgiLCJmYW1pbHlOYW1lIjoiRE9FIiwiZ2VuZGVyIjoiRkVNQUxFIiwibmFtZUFuZEZhbWlseU5hbWVBdEJpcnRoIjoiSmFuZSBET0UiLCJwZXJzb25hbElkZW50aWZpZXIiOiIwOTA0MDA4MDg0SCIsInBsYWNlT2ZCaXJ0aCI6IkxJTExFLCBGUkFOQ0UiLCJfc2QiOlsiTjVjT1hwREt5cklnc0lsdlQ0OVJuTk1GOVd0U29BeWxpVnJZaWZsT0EzWSJdfV0
14824 [JettyServerThreadPool-296] INFO io.javalin.Javalin - JAVALIN REQUEST DEBUG LOG:
Request: POST [/v1/credentials/issue]
    Matching endpoint-handlers: [BEFORE=*, POST=/v1/credentials/issue]
    Headers: {Accept-Charset=UTF-8, Accept=application/json, User-Agent=Ktor client, Connection=keep-alive, Host=localhost:7001, Accept-Encoding=gzip, Content-Length=590, Content-Type=text/plain; charset=UTF-8}
    Cookies: {}
    Body: {"config" : {"creator" : "did:key:z6Mkq57UFr3887s4yTR2QEt3HRuwUv4kubQ94kHL5RiJjcbq", "ecosystem" : "DEFAULT", "issuerDid" : "did:key:z6Mkq57UFr3887s4yTR2QEt3HRuwUv4kubQ94kHL5RiJjcbq", "proofType" : "SD_JWT", "selectiveDisclosure" : {"fields":{"credentialSubject":{"sd":true,"children":{"fields":{"firstName":{"sd":true}},"decoyMode":"NONE","decoys":0}}},"decoyMode":"NONE","decoys":0}, "statusPurpose" : "revocation", "subjectDid" : "did:key:z6Mkq57UFr3887s4yTR2QEt3HRuwUv4kubQ94kHL5RiJjcbq"}, "credentialData" : {"credentialSubject":{"firstName":"Severin"}}, "templateId" : "VerifiableId"}
    QueryString: null
    QueryParams: {}
    FormParams: {}
Response: [200], execution took 5.41 ms
    Headers: {Content-Encoding=gzip, Date=Thu, 12 Sep 2024 09:39:50 GMT, Content-Type=text/plain}
    Body is gzipped (2231 bytes, not logged)
----------------------------------------------------------------------------------
14828 [pool-1-thread-1 @coroutine#922] DEBUG id.walt.services.keystore.HKVKeyStoreService - Storing key "6907b6a250c74f4f9857d7e0bef6bb48".
14828 [pool-1-thread-1 @coroutine#922] DEBUG id.walt.services.keystore.HKVKeyStoreService - Loading key "6907b6a250c74f4f9857d7e0bef6bb48".
14828 [pool-1-thread-1 @coroutine#922] DEBUG id.walt.model.DidUrl - Trying to create DidUrl from URL: "did:key:z6MkqXhZ1r4TMjdpLwnDo7bq567hETpkKS2bms6yZW3jTeXH"...
14830 [pool-1-thread-1 @coroutine#922] DEBUG id.walt.services.keystore.HKVKeyStoreService - Loading key "6907b6a250c74f4f9857d7e0bef6bb48".
14830 [pool-1-thread-1 @coroutine#922] DEBUG id.walt.services.did.DidService - A key with the id "6907b6a250c74f4f9857d7e0bef6bb48" exists.
14830 [pool-1-thread-1 @coroutine#922] DEBUG id.walt.model.DidUrl - Trying to create DidUrl from URL: "did:key:z6MkqXhZ1r4TMjdpLwnDo7bq567hETpkKS2bms6yZW3jTeXH"...
14830 [pool-1-thread-1 @coroutine#922] DEBUG id.walt.model.DidUrl - Trying to create DidUrl from URL: "did:key:z6MkqXhZ1r4TMjdpLwnDo7bq567hETpkKS2bms6yZW3jTeXH"...
14830 [pool-1-thread-1 @coroutine#922] DEBUG id.walt.model.DidUrl - Trying to create DidUrl from URL: "did:key:z6MkqXhZ1r4TMjdpLwnDo7bq567hETpkKS2bms6yZW3jTeXH"...
14834 [JettyServerThreadPool-298] DEBUG id.walt.model.DidUrl - Trying to create DidUrl from URL: "did:key:z6MkqXhZ1r4TMjdpLwnDo7bq567hETpkKS2bms6yZW3jTeXH"...
14834 [JettyServerThreadPool-298] DEBUG id.walt.model.DidUrl - Trying to create DidUrl from URL: "did:key:z6MkqXhZ1r4TMjdpLwnDo7bq567hETpkKS2bms6yZW3jTeXH"...
14834 [JettyServerThreadPool-298] DEBUG id.walt.signatory.WaltIdSignatory - Signing credential with proof using LD_PROOF...
14834 [JettyServerThreadPool-298] DEBUG id.walt.signatory.WaltIdSignatory - Signing credential with proof using LD_PROOF, credential is: {"type":["VerifiableCredential","VerifiableAttestation"],"@context":["https://www.w3.org/2018/credentials/v1"],"id":"urn:uuid:12c44b26-5c55-4547-86bb-d891c38bd825","issuer":"did:key:z6MkqXhZ1r4TMjdpLwnDo7bq567hETpkKS2bms6yZW3jTeXH","issuanceDate":"2024-09-12T09:39:50Z","issued":"2024-09-12T09:39:50Z","validFrom":"2024-09-12T09:39:50Z","expirationDate":"2022-06-22T14:11:44Z","credentialSchema":{"id":"https://raw.githubusercontent.com/walt-id/waltid-ssikit-vclib/master/src/test/resources/schemas/VerifiableAttestation.json","type":"JsonSchemaValidator2018"},"credentialSubject":{"id":"did:key:z6MkqXhZ1r4TMjdpLwnDo7bq567hETpkKS2bms6yZW3jTeXH"},"credentialStatus":{"id":"https://essif.europa.eu/status/identity#verifiableID#1dee355d-0432-4910-ac9c-70d89e8d674e","type":"CredentialStatusList2020"},"evidence":[{"documentPresence":"Physical","evidenceDocument":"Passport","id":"https://essif.europa.eu/tsr-va/evidence/f2aeec97-fc0d-42bf-8ca7-0548192d5678","subjectPresence":"Physical","type":["DocumentVerification"],"verifier":"did:ebsi:2962fb784df61baa267c8132497539f8c674b37c1244a7a"}]}
14834 [JettyServerThreadPool-298] DEBUG id.walt.services.vc.WaltIdJsonLdCredentialService - Signing jsonLd object with: issuerDid (did:key:z6MkqXhZ1r4TMjdpLwnDo7bq567hETpkKS2bms6yZW3jTeXH), domain (null), nonce (null
14834 [JettyServerThreadPool-298] DEBUG id.walt.services.keystore.HKVKeyStoreService - Loading key "did:key:z6MkqXhZ1r4TMjdpLwnDo7bq567hETpkKS2bms6yZW3jTeXH#z6MkqXhZ1r4TMjdpLwnDo7bq567hETpkKS2bms6yZW3jTeXH".
14834 [JettyServerThreadPool-298] DEBUG id.walt.services.vc.WaltIdJsonLdCredentialService - Signing: {"type":["VerifiableCredential","VerifiableAttestation"],"@context":["https://www.w3.org/2018/credentials/v1"],"id":"urn:uuid:12c44b26-5c55-4547-86bb-d891c38bd825","issuer":"did:key:z6MkqXhZ1r4TMjdpLwnDo7bq567hETpkKS2bms6yZW3jTeXH","issuanceDate":"2024-09-12T09:39:50Z","issued":"2024-09-12T09:39:50Z","validFrom":"2024-09-12T09:39:50Z","expirationDate":"2022-06-22T14:11:44Z","credentialSchema":{"id":"https://raw.githubusercontent.com/walt-id/waltid-ssikit-vclib/master/src/test/resources/schemas/VerifiableAttestation.json","type":"JsonSchemaValidator2018"},"credentialSubject":{"id":"did:key:z6MkqXhZ1r4TMjdpLwnDo7bq567hETpkKS2bms6yZW3jTeXH"},"credentialStatus":{"id":"https://essif.europa.eu/status/identity#verifiableID#1dee355d-0432-4910-ac9c-70d89e8d674e","type":"CredentialStatusList2020"},"evidence":[{"documentPresence":"Physical","evidenceDocument":"Passport","id":"https://essif.europa.eu/tsr-va/evidence/f2aeec97-fc0d-42bf-8ca7-0548192d5678","subjectPresence":"Physical","type":["DocumentVerification"],"verifier":"did:ebsi:2962fb784df61baa267c8132497539f8c674b37c1244a7a"}]}
Sep 12, 2024 11:39:50 AM com.apicatalog.jsonld.deseralization.JsonLdToRdf build
WARNING: Non well-formed subject [https://essif.europa.eu/status/identity#verifiableID#1dee355d-0432-4910-ac9c-70d89e8d674e] has been skipped.
14836 [JettyServerThreadPool-298] DEBUG id.walt.services.keystore.HKVKeyStoreService - Loading key "6907b6a250c74f4f9857d7e0bef6bb48".
14836 [JettyServerThreadPool-298] DEBUG id.walt.services.keystore.HKVKeyStoreService - Loading key "6907b6a250c74f4f9857d7e0bef6bb48".
14836 [JettyServerThreadPool-298] DEBUG id.walt.services.keystore.HKVKeyStoreService - Loading key "6907b6a250c74f4f9857d7e0bef6bb48".
14837 [JettyServerThreadPool-298] DEBUG id.walt.signatory.WaltIdSignatory - Signed VC is: {
  "type" : [ "VerifiableCredential", "VerifiableAttestation" ],
  "@context" : [ "https://www.w3.org/2018/credentials/v1", "https://w3id.org/security/suites/jws-2020/v1" ],
  "id" : "urn:uuid:12c44b26-5c55-4547-86bb-d891c38bd825",
  "issuer" : "did:key:z6MkqXhZ1r4TMjdpLwnDo7bq567hETpkKS2bms6yZW3jTeXH",
  "issuanceDate" : "2024-09-12T09:39:50Z",
  "issued" : "2024-09-12T09:39:50Z",
  "validFrom" : "2024-09-12T09:39:50Z",
  "expirationDate" : "2022-06-22T14:11:44Z",
  "credentialSchema" : {
    "id" : "https://raw.githubusercontent.com/walt-id/waltid-ssikit-vclib/master/src/test/resources/schemas/VerifiableAttestation.json",
    "type" : "JsonSchemaValidator2018"
  },
  "credentialSubject" : {
    "id" : "did:key:z6MkqXhZ1r4TMjdpLwnDo7bq567hETpkKS2bms6yZW3jTeXH"
  },
  "credentialStatus" : {
    "id" : "https://essif.europa.eu/status/identity#verifiableID#1dee355d-0432-4910-ac9c-70d89e8d674e",
    "type" : "CredentialStatusList2020"
  },
  "evidence" : [ {
    "documentPresence" : "Physical",
    "evidenceDocument" : "Passport",
    "id" : "https://essif.europa.eu/tsr-va/evidence/f2aeec97-fc0d-42bf-8ca7-0548192d5678",
    "subjectPresence" : "Physical",
    "type" : [ "DocumentVerification" ],
    "verifier" : "did:ebsi:2962fb784df61baa267c8132497539f8c674b37c1244a7a"
  } ],
  "proof" : {
    "type" : "JsonWebSignature2020",
    "creator" : "did:key:z6MkqXhZ1r4TMjdpLwnDo7bq567hETpkKS2bms6yZW3jTeXH",
    "created" : "2024-09-12T09:39:50Z",
    "verificationMethod" : "did:key:z6MkqXhZ1r4TMjdpLwnDo7bq567hETpkKS2bms6yZW3jTeXH#z6MkqXhZ1r4TMjdpLwnDo7bq567hETpkKS2bms6yZW3jTeXH",
    "jws" : "eyJiNjQiOmZhbHNlLCJjcml0IjpbImI2NCJdLCJhbGciOiJFZERTQSJ9..aSW8IEmMzbUiMcSh2YZeGLESVizwlmV_qVaK3uh69Cp02FZmz7Q6asueVVJZOv-2O7I9wPqdTQRBPggMDtP-AA"
  }
}
14838 [JettyServerThreadPool-298] INFO io.javalin.Javalin - JAVALIN REQUEST DEBUG LOG:
Request: POST [/v1/credentials/issue]
    Matching endpoint-handlers: [BEFORE=*, POST=/v1/credentials/issue]
    Headers: {Accept-Charset=UTF-8, Accept=application/json, User-Agent=Ktor client, Connection=keep-alive, Host=localhost:7001, Accept-Encoding=gzip, Content-Length=520, Content-Type=text/plain; charset=UTF-8}
    Cookies: {}
    Body: {"config" : {"creator" : "did:key:z6MkqXhZ1r4TMjdpLwnDo7bq567hETpkKS2bms6yZW3jTeXH", "ecosystem" : "DEFAULT", "issuerDid" : "did:key:z6MkqXhZ1r4TMjdpLwnDo7bq567hETpkKS2bms6yZW3jTeXH", "issuerVerificationMethod" : "did:key:z6MkqXhZ1r4TMjdpLwnDo7bq567hETpkKS2bms6yZW3jTeXH#z6MkqXhZ1r4TMjdpLwnDo7bq567hETpkKS2bms6yZW3jTeXH", "proofType" : "LD_PROOF", "statusPurpose" : "revocation", "subjectDid" : "did:key:z6MkqXhZ1r4TMjdpLwnDo7bq567hETpkKS2bms6yZW3jTeXH"}, "credentialData" : null, "templateId" : "VerifiableAttestation"}
    QueryString: null
    QueryParams: {}
    FormParams: {}
Response: [200], execution took 5.82 ms
    Headers: {Content-Encoding=gzip, Date=Thu, 12 Sep 2024 09:39:50 GMT, Content-Type=text/plain}
    Body is gzipped (1763 bytes, not logged)
----------------------------------------------------------------------------------
14841 [pool-1-thread-1 @coroutine#927] DEBUG id.walt.services.keystore.HKVKeyStoreService - Storing key "471fdf86cc2341178e1d288220c6752b".
14841 [pool-1-thread-1 @coroutine#927] DEBUG id.walt.services.keystore.HKVKeyStoreService - Loading key "471fdf86cc2341178e1d288220c6752b".
14841 [pool-1-thread-1 @coroutine#927] DEBUG id.walt.services.keystore.HKVKeyStoreService - Loading key "471fdf86cc2341178e1d288220c6752b".
14841 [pool-1-thread-1 @coroutine#927] DEBUG id.walt.services.did.composers.DidDocumentComposerBase - Verification method JWK for kid: {"kty":"OKP","use":"sig","crv":"Ed25519","kid":"471fdf86cc2341178e1d288220c6752b","x":"NFl0qe1io-xwNTzWcn6bBzYRXMNYHqlggb4HBdy-72c","alg":"EdDSA"}
14841 [pool-1-thread-1 @coroutine#927] DEBUG id.walt.services.did.composers.DidDocumentComposerBase - Verification method public JWK: {"kty":"OKP","use":"sig","crv":"Ed25519","kid":"471fdf86cc2341178e1d288220c6752b","x":"NFl0qe1io-xwNTzWcn6bBzYRXMNYHqlggb4HBdy-72c","alg":"EdDSA"}
14842 [pool-1-thread-1 @coroutine#927] DEBUG id.walt.services.did.composers.DidDocumentComposerBase - Verification method parsed public JWK: Jwk(kid=471fdf86cc2341178e1d288220c6752b, kty=OKP, alg=EdDSA, crv=Ed25519, use=sig, x=NFl0qe1io-xwNTzWcn6bBzYRXMNYHqlggb4HBdy-72c, y=null, d=null, n=null, e=null, x5u=null)
14842 [pool-1-thread-1 @coroutine#927] DEBUG id.walt.services.keystore.HKVKeyStoreService - Loading key "471fdf86cc2341178e1d288220c6752b".
14842 [pool-1-thread-1 @coroutine#927] DEBUG id.walt.services.did.DidService - A key with the id "471fdf86cc2341178e1d288220c6752b" exists.
14842 [pool-1-thread-1 @coroutine#927] DEBUG id.walt.model.DidUrl - Trying to create DidUrl from URL: "did:ebsi:zs4MvW8ZQsZdZA1CD1oZT64"...
14842 [pool-1-thread-1 @coroutine#927] DEBUG id.walt.model.DidUrl - Trying to create DidUrl from URL: "did:ebsi:zs4MvW8ZQsZdZA1CD1oZT64"...
14843 [pool-1-thread-1 @coroutine#927] DEBUG id.walt.model.DidUrl - Trying to create DidUrl from URL: "did:ebsi:zs4MvW8ZQsZdZA1CD1oZT64"...
14846 [JettyServerThreadPool-296] DEBUG id.walt.model.DidUrl - Trying to create DidUrl from URL: "did:ebsi:zs4MvW8ZQsZdZA1CD1oZT64"...
14846 [JettyServerThreadPool-296] DEBUG id.walt.model.DidUrl - Trying to create DidUrl from URL: "did:ebsi:zs4MvW8ZQsZdZA1CD1oZT64"...
14847 [JettyServerThreadPool-296] DEBUG id.walt.signatory.WaltIdSignatory - Signing credential with proof using LD_PROOF...
14847 [JettyServerThreadPool-296] DEBUG id.walt.signatory.WaltIdSignatory - Signing credential with proof using LD_PROOF, credential is: {"type":["VerifiableCredential","VerifiableAuthorization"],"@context":["https://www.w3.org/2018/credentials/v1"],"id":"urn:uuid:442dd0be-86f1-4fab-95bf-035dd08a953b","issuer":"did:ebsi:zs4MvW8ZQsZdZA1CD1oZT64","issuanceDate":"2024-09-12T09:39:50Z","issued":"2024-09-12T09:39:50Z","validFrom":"2024-09-12T09:39:50Z","credentialSubject":{"id":"did:ebsi:zs4MvW8ZQsZdZA1CD1oZT64","naturalPerson":{"did":"did:example:00001111"}}}
14847 [JettyServerThreadPool-296] DEBUG id.walt.services.vc.WaltIdJsonLdCredentialService - Signing jsonLd object with: issuerDid (did:ebsi:zs4MvW8ZQsZdZA1CD1oZT64), domain (null), nonce (null
14847 [JettyServerThreadPool-296] DEBUG id.walt.services.keystore.HKVKeyStoreService - Loading key "did:ebsi:zs4MvW8ZQsZdZA1CD1oZT64#471fdf86cc2341178e1d288220c6752b".
14847 [JettyServerThreadPool-296] DEBUG id.walt.services.vc.WaltIdJsonLdCredentialService - Signing: {"type":["VerifiableCredential","VerifiableAuthorization"],"@context":["https://www.w3.org/2018/credentials/v1"],"id":"urn:uuid:442dd0be-86f1-4fab-95bf-035dd08a953b","issuer":"did:ebsi:zs4MvW8ZQsZdZA1CD1oZT64","issuanceDate":"2024-09-12T09:39:50Z","issued":"2024-09-12T09:39:50Z","validFrom":"2024-09-12T09:39:50Z","credentialSubject":{"id":"did:ebsi:zs4MvW8ZQsZdZA1CD1oZT64","naturalPerson":{"did":"did:example:00001111"}}}
14849 [JettyServerThreadPool-296] DEBUG id.walt.services.keystore.HKVKeyStoreService - Loading key "471fdf86cc2341178e1d288220c6752b".
14849 [JettyServerThreadPool-296] DEBUG id.walt.services.keystore.HKVKeyStoreService - Loading key "471fdf86cc2341178e1d288220c6752b".
14849 [JettyServerThreadPool-296] DEBUG id.walt.services.keystore.HKVKeyStoreService - Loading key "471fdf86cc2341178e1d288220c6752b".
14850 [JettyServerThreadPool-296] DEBUG id.walt.signatory.WaltIdSignatory - Signed VC is: {
  "type" : [ "VerifiableCredential", "VerifiableAuthorization" ],
  "@context" : [ "https://www.w3.org/2018/credentials/v1", "https://w3id.org/security/suites/jws-2020/v1" ],
  "id" : "urn:uuid:442dd0be-86f1-4fab-95bf-035dd08a953b",
  "issuer" : "did:ebsi:zs4MvW8ZQsZdZA1CD1oZT64",
  "issuanceDate" : "2024-09-12T09:39:50Z",
  "issued" : "2024-09-12T09:39:50Z",
  "validFrom" : "2024-09-12T09:39:50Z",
  "credentialSubject" : {
    "id" : "did:ebsi:zs4MvW8ZQsZdZA1CD1oZT64",
    "naturalPerson" : {
      "did" : "did:example:00001111"
    }
  },
  "proof" : {
    "type" : "JsonWebSignature2020",
    "creator" : "did:ebsi:zs4MvW8ZQsZdZA1CD1oZT64",
    "created" : "2024-09-12T09:39:50Z",
    "verificationMethod" : "did:ebsi:zs4MvW8ZQsZdZA1CD1oZT64#471fdf86cc2341178e1d288220c6752b",
    "jws" : "eyJiNjQiOmZhbHNlLCJjcml0IjpbImI2NCJdLCJhbGciOiJFZERTQSJ9..d94fBKaX4Eck4PSG_IjK-qO-fSkuujCOEWWbMopVlz0i69D6Na0rVY0lbSmBNFIltK6kFL42YIPA2vgC8J71AA"
  }
}
14851 [JettyServerThreadPool-296] INFO io.javalin.Javalin - JAVALIN REQUEST DEBUG LOG:
Request: POST [/v1/credentials/issue]
    Matching endpoint-handlers: [BEFORE=*, POST=/v1/credentials/issue]
    Headers: {Accept-Charset=UTF-8, Accept=application/json, User-Agent=Ktor client, Connection=keep-alive, Host=localhost:7001, Accept-Encoding=gzip, Content-Length=410, Content-Type=text/plain; charset=UTF-8}
    Cookies: {}
    Body: {"config" : {"creator" : "did:ebsi:zs4MvW8ZQsZdZA1CD1oZT64", "ecosystem" : "DEFAULT", "issuerDid" : "did:ebsi:zs4MvW8ZQsZdZA1CD1oZT64", "issuerVerificationMethod" : "did:ebsi:zs4MvW8ZQsZdZA1CD1oZT64#471fdf86cc2341178e1d288220c6752b", "proofType" : "LD_PROOF", "statusPurpose" : "revocation", "subjectDid" : "did:ebsi:zs4MvW8ZQsZdZA1CD1oZT64"}, "credentialData" : null, "templateId" : "VerifiableAuthorization"}
    QueryString: null
    QueryParams: {}
    FormParams: {}
Response: [200], execution took 6.15 ms
    Headers: {Date=Thu, 12 Sep 2024 09:39:50 GMT, Content-Type=text/plain}
    Body is 952 bytes (starts on next line):
    {
  "type" : [ "VerifiableCredential", "VerifiableAuthorization" ],
  "@context" : [ "https://www.w3.org/2018/credentials/v1", "https://w3id.org/security/suites/jws-2020/v1" ],
  "id" : "urn:uuid:442dd0be-86f1-4fab-95bf-035dd08a953b",
  "issuer" : "did:ebsi:zs4MvW8ZQsZdZA1CD1oZT64",
  "issuanceDate" : "2024-09-12T09:39:50Z",
  "issued" : "2024-09-12T09:39:50Z",
  "validFrom" : "2024-09-12T09:39:50Z",
  "credentialSubject" : {
    "id" : "did:ebsi:zs4MvW8ZQsZdZA1CD1oZT64",
    "naturalPerson" : {
      "did" : "did:example:00001111"
    }
  },
  "proof" : {
    "type" : "JsonWebSignature2020",
    "creator" : "did:ebsi:zs4MvW8ZQsZdZA1CD1oZT64",
    "created" : "2024-09-12T09:39:50Z",
    "verificationMethod" : "did:ebsi:zs4MvW8ZQsZdZA1CD1oZT64#471fdf86cc2341178e1d288220c6752b",
    "jws" : "eyJiNjQiOmZhbHNlLCJjcml0IjpbImI2NCJdLCJhbGciOiJFZERTQSJ9..d94fBKaX4Eck4PSG_IjK-qO-fSkuujCOEWWbMopVlz0i69D6Na0rVY0lbSmBNFIltK6kFL42YIPA2vgC8J71AA"
  }
}
----------------------------------------------------------------------------------
14854 [pool-1-thread-1 @coroutine#932] DEBUG id.walt.services.keystore.HKVKeyStoreService - Storing key "ea60176065374277b8fedec13fa36f3b".
14854 [pool-1-thread-1 @coroutine#932] DEBUG id.walt.services.keystore.HKVKeyStoreService - Loading key "ea60176065374277b8fedec13fa36f3b".
14854 [pool-1-thread-1 @coroutine#932] DEBUG id.walt.model.DidUrl - Trying to create DidUrl from URL: "did:key:z6MkqJK8DwTZiAFaUqfAJDsK3fBwAryGTXd6yQbCLtihNHUJ"...
14856 [pool-1-thread-1 @coroutine#932] DEBUG id.walt.services.keystore.HKVKeyStoreService - Loading key "ea60176065374277b8fedec13fa36f3b".
14856 [pool-1-thread-1 @coroutine#932] DEBUG id.walt.services.did.DidService - A key with the id "ea60176065374277b8fedec13fa36f3b" exists.
14856 [pool-1-thread-1 @coroutine#932] DEBUG id.walt.model.DidUrl - Trying to create DidUrl from URL: "did:key:z6MkqJK8DwTZiAFaUqfAJDsK3fBwAryGTXd6yQbCLtihNHUJ"...
14856 [pool-1-thread-1 @coroutine#932] DEBUG id.walt.model.DidUrl - Trying to create DidUrl from URL: "did:key:z6MkqJK8DwTZiAFaUqfAJDsK3fBwAryGTXd6yQbCLtihNHUJ"...
14856 [pool-1-thread-1 @coroutine#932] DEBUG id.walt.model.DidUrl - Trying to create DidUrl from URL: "did:key:z6MkqJK8DwTZiAFaUqfAJDsK3fBwAryGTXd6yQbCLtihNHUJ"...
14860 [JettyServerThreadPool-298] DEBUG id.walt.model.DidUrl - Trying to create DidUrl from URL: "did:key:z6MkqJK8DwTZiAFaUqfAJDsK3fBwAryGTXd6yQbCLtihNHUJ"...
14860 [JettyServerThreadPool-298] DEBUG id.walt.model.DidUrl - Trying to create DidUrl from URL: "did:key:z6MkqJK8DwTZiAFaUqfAJDsK3fBwAryGTXd6yQbCLtihNHUJ"...
14860 [JettyServerThreadPool-298] DEBUG id.walt.signatory.WaltIdSignatory - Signing credential with proof using LD_PROOF...
14860 [JettyServerThreadPool-298] DEBUG id.walt.signatory.WaltIdSignatory - Signing credential with proof using LD_PROOF, credential is: {"type":["VerifiableCredential","VerifiableAttestation","VerifiableDiploma"],"@context":["https://www.w3.org/2018/credentials/v1"],"id":"urn:uuid:f644763c-f8f7-4892-b0cd-1e42a1557941","issuer":"did:key:z6MkqJK8DwTZiAFaUqfAJDsK3fBwAryGTXd6yQbCLtihNHUJ","issuanceDate":"2024-09-12T09:39:50Z","issued":"2024-09-12T09:39:50Z","validFrom":"2024-09-12T09:39:50Z","expirationDate":"2022-08-31T00:00:00Z","credentialSchema":{"id":"https://raw.githubusercontent.com/walt-id/waltid-ssikit-vclib/master/src/test/resources/schemas/VerifiableDiploma.json","type":"JsonSchemaValidator2018"},"credentialSubject":{"id":"did:key:z6MkqJK8DwTZiAFaUqfAJDsK3fBwAryGTXd6yQbCLtihNHUJ","awardingOpportunity":{"awardingBody":{"eidasLegalIdentifier":"Unknown","homepage":"https://leaston.bcdiploma.com/","id":"did:ebsi:2A9BZ9SUe6BatacSpvs1V5CdjHvLpQ7bEsi2Jb6LdHKnQxaN","preferredName":"Leaston University","registration":"0597065J"},"endedAtTime":"2020-06-26T00:00:00Z","id":"https://leaston.bcdiploma.com/law-economics-management#AwardingOpportunity","identifier":"https://certificate-demo.bcdiploma.com/check/87ED2F2270E6C41456E94B86B9D9115B4E35BCCAD200A49B846592C14F79C86BV1Fnbllta0NZTnJkR3lDWlRmTDlSRUJEVFZISmNmYzJhUU5sZUJ5Z2FJSHpWbmZZ","location":"FRANCE","startedAtTime":"2019-09-02T00:00:00Z"},"dateOfBirth":"1993-04-08","familyName":"DOE","givenNames":"Jane","gradingScheme":{"id":"https://leaston.bcdiploma.com/law-economics-management#GradingScheme","title":"Lower Second-Class Honours"},"identifier":"0904008084H","learningAchievement":{"additionalNote":["DISTRIBUTION MANAGEMENT"],"description":"MARKETING AND SALES","id":"https://leaston.bcdiploma.com/law-economics-management#LearningAchievment","title":"MASTERS LAW, ECONOMICS AND MANAGEMENT"},"learningSpecification":{"ectsCreditPoints":120,"eqfLevel":7,"id":"https://leaston.bcdiploma.com/law-economics-management#LearningSpecification","iscedfCode":["7"],"nqfLevel":["7"]}},"credentialStatus":{"id":"https://essif.europa.eu/status/education#higherEducation#392ac7f6-399a-437b-a268-4691ead8f176","type":"CredentialStatusList2020"},"evidence":{"documentPresence":["Physical"],"evidenceDocument":["Passport"],"id":"https://essif.europa.eu/tsr-va/evidence/f2aeec97-fc0d-42bf-8ca7-0548192d5678","subjectPresence":"Physical","type":["DocumentVerification"],"verifier":"did:ebsi:2962fb784df61baa267c8132497539f8c674b37c1244a7a"}}
14860 [JettyServerThreadPool-298] DEBUG id.walt.services.vc.WaltIdJsonLdCredentialService - Signing jsonLd object with: issuerDid (did:key:z6MkqJK8DwTZiAFaUqfAJDsK3fBwAryGTXd6yQbCLtihNHUJ), domain (null), nonce (null
14860 [JettyServerThreadPool-298] DEBUG id.walt.services.keystore.HKVKeyStoreService - Loading key "did:key:z6MkqJK8DwTZiAFaUqfAJDsK3fBwAryGTXd6yQbCLtihNHUJ#z6MkqJK8DwTZiAFaUqfAJDsK3fBwAryGTXd6yQbCLtihNHUJ".
14860 [JettyServerThreadPool-298] DEBUG id.walt.services.vc.WaltIdJsonLdCredentialService - Signing: {"type":["VerifiableCredential","VerifiableAttestation","VerifiableDiploma"],"@context":["https://www.w3.org/2018/credentials/v1"],"id":"urn:uuid:f644763c-f8f7-4892-b0cd-1e42a1557941","issuer":"did:key:z6MkqJK8DwTZiAFaUqfAJDsK3fBwAryGTXd6yQbCLtihNHUJ","issuanceDate":"2024-09-12T09:39:50Z","issued":"2024-09-12T09:39:50Z","validFrom":"2024-09-12T09:39:50Z","expirationDate":"2022-08-31T00:00:00Z","credentialSchema":{"id":"https://raw.githubusercontent.com/walt-id/waltid-ssikit-vclib/master/src/test/resources/schemas/VerifiableDiploma.json","type":"JsonSchemaValidator2018"},"credentialSubject":{"id":"did:key:z6MkqJK8DwTZiAFaUqfAJDsK3fBwAryGTXd6yQbCLtihNHUJ","awardingOpportunity":{"awardingBody":{"eidasLegalIdentifier":"Unknown","homepage":"https://leaston.bcdiploma.com/","id":"did:ebsi:2A9BZ9SUe6BatacSpvs1V5CdjHvLpQ7bEsi2Jb6LdHKnQxaN","preferredName":"Leaston University","registration":"0597065J"},"endedAtTime":"2020-06-26T00:00:00Z","id":"https://leaston.bcdiploma.com/law-economics-management#AwardingOpportunity","identifier":"https://certificate-demo.bcdiploma.com/check/87ED2F2270E6C41456E94B86B9D9115B4E35BCCAD200A49B846592C14F79C86BV1Fnbllta0NZTnJkR3lDWlRmTDlSRUJEVFZISmNmYzJhUU5sZUJ5Z2FJSHpWbmZZ","location":"FRANCE","startedAtTime":"2019-09-02T00:00:00Z"},"dateOfBirth":"1993-04-08","familyName":"DOE","givenNames":"Jane","gradingScheme":{"id":"https://leaston.bcdiploma.com/law-economics-management#GradingScheme","title":"Lower Second-Class Honours"},"identifier":"0904008084H","learningAchievement":{"additionalNote":["DISTRIBUTION MANAGEMENT"],"description":"MARKETING AND SALES","id":"https://leaston.bcdiploma.com/law-economics-management#LearningAchievment","title":"MASTERS LAW, ECONOMICS AND MANAGEMENT"},"learningSpecification":{"ectsCreditPoints":120,"eqfLevel":7,"id":"https://leaston.bcdiploma.com/law-economics-management#LearningSpecification","iscedfCode":["7"],"nqfLevel":["7"]}},"credentialStatus":{"id":"https://essif.europa.eu/status/education#higherEducation#392ac7f6-399a-437b-a268-4691ead8f176","type":"CredentialStatusList2020"},"evidence":{"documentPresence":["Physical"],"evidenceDocument":["Passport"],"id":"https://essif.europa.eu/tsr-va/evidence/f2aeec97-fc0d-42bf-8ca7-0548192d5678","subjectPresence":"Physical","type":["DocumentVerification"],"verifier":"did:ebsi:2962fb784df61baa267c8132497539f8c674b37c1244a7a"}}
Sep 12, 2024 11:39:50 AM com.apicatalog.jsonld.deseralization.JsonLdToRdf build
WARNING: Non well-formed subject [https://essif.europa.eu/status/education#higherEducation#392ac7f6-399a-437b-a268-4691ead8f176] has been skipped.
14863 [JettyServerThreadPool-298] DEBUG id.walt.services.keystore.HKVKeyStoreService - Loading key "ea60176065374277b8fedec13fa36f3b".
14863 [JettyServerThreadPool-298] DEBUG id.walt.services.keystore.HKVKeyStoreService - Loading key "ea60176065374277b8fedec13fa36f3b".
14863 [JettyServerThreadPool-298] DEBUG id.walt.services.keystore.HKVKeyStoreService - Loading key "ea60176065374277b8fedec13fa36f3b".
14864 [JettyServerThreadPool-298] DEBUG id.walt.signatory.WaltIdSignatory - Signed VC is: {
  "type" : [ "VerifiableCredential", "VerifiableAttestation", "VerifiableDiploma" ],
  "@context" : [ "https://www.w3.org/2018/credentials/v1", "https://w3id.org/security/suites/jws-2020/v1" ],
  "id" : "urn:uuid:f644763c-f8f7-4892-b0cd-1e42a1557941",
  "issuer" : "did:key:z6MkqJK8DwTZiAFaUqfAJDsK3fBwAryGTXd6yQbCLtihNHUJ",
  "issuanceDate" : "2024-09-12T09:39:50Z",
  "issued" : "2024-09-12T09:39:50Z",
  "validFrom" : "2024-09-12T09:39:50Z",
  "expirationDate" : "2022-08-31T00:00:00Z",
  "credentialSchema" : {
    "id" : "https://raw.githubusercontent.com/walt-id/waltid-ssikit-vclib/master/src/test/resources/schemas/VerifiableDiploma.json",
    "type" : "JsonSchemaValidator2018"
  },
  "credentialSubject" : {
    "id" : "did:key:z6MkqJK8DwTZiAFaUqfAJDsK3fBwAryGTXd6yQbCLtihNHUJ",
    "awardingOpportunity" : {
      "awardingBody" : {
        "eidasLegalIdentifier" : "Unknown",
        "homepage" : "https://leaston.bcdiploma.com/",
        "id" : "did:ebsi:2A9BZ9SUe6BatacSpvs1V5CdjHvLpQ7bEsi2Jb6LdHKnQxaN",
        "preferredName" : "Leaston University",
        "registration" : "0597065J"
      },
      "endedAtTime" : "2020-06-26T00:00:00Z",
      "id" : "https://leaston.bcdiploma.com/law-economics-management#AwardingOpportunity",
      "identifier" : "https://certificate-demo.bcdiploma.com/check/87ED2F2270E6C41456E94B86B9D9115B4E35BCCAD200A49B846592C14F79C86BV1Fnbllta0NZTnJkR3lDWlRmTDlSRUJEVFZISmNmYzJhUU5sZUJ5Z2FJSHpWbmZZ",
      "location" : "FRANCE",
      "startedAtTime" : "2019-09-02T00:00:00Z"
    },
    "dateOfBirth" : "1993-04-08",
    "familyName" : "DOE",
    "givenNames" : "Jane",
    "gradingScheme" : {
      "id" : "https://leaston.bcdiploma.com/law-economics-management#GradingScheme",
      "title" : "Lower Second-Class Honours"
    },
    "identifier" : "0904008084H",
    "learningAchievement" : {
      "additionalNote" : [ "DISTRIBUTION MANAGEMENT" ],
      "description" : "MARKETING AND SALES",
      "id" : "https://leaston.bcdiploma.com/law-economics-management#LearningAchievment",
      "title" : "MASTERS LAW, ECONOMICS AND MANAGEMENT"
    },
    "learningSpecification" : {
      "ectsCreditPoints" : 120,
      "eqfLevel" : 7,
      "id" : "https://leaston.bcdiploma.com/law-economics-management#LearningSpecification",
      "iscedfCode" : [ "7" ],
      "nqfLevel" : [ "7" ]
    }
  },
  "credentialStatus" : {
    "id" : "https://essif.europa.eu/status/education#higherEducation#392ac7f6-399a-437b-a268-4691ead8f176",
    "type" : "CredentialStatusList2020"
  },
  "evidence" : {
    "documentPresence" : [ "Physical" ],
    "evidenceDocument" : [ "Passport" ],
    "id" : "https://essif.europa.eu/tsr-va/evidence/f2aeec97-fc0d-42bf-8ca7-0548192d5678",
    "subjectPresence" : "Physical",
    "type" : [ "DocumentVerification" ],
    "verifier" : "did:ebsi:2962fb784df61baa267c8132497539f8c674b37c1244a7a"
  },
  "proof" : {
    "type" : "JsonWebSignature2020",
    "creator" : "did:key:z6MkqJK8DwTZiAFaUqfAJDsK3fBwAryGTXd6yQbCLtihNHUJ",
    "created" : "2024-09-12T09:39:50Z",
    "verificationMethod" : "did:key:z6MkqJK8DwTZiAFaUqfAJDsK3fBwAryGTXd6yQbCLtihNHUJ#z6MkqJK8DwTZiAFaUqfAJDsK3fBwAryGTXd6yQbCLtihNHUJ",
    "jws" : "eyJiNjQiOmZhbHNlLCJjcml0IjpbImI2NCJdLCJhbGciOiJFZERTQSJ9..0T1ycKwsfP04plQdZDFdnGRhnerW-sJcHH_HfUBDjBhsQshcT-ptcf8dTNa6SeuCZNvwNCEbMvzki97Qyo_fDw"
  }
}
14864 [JettyServerThreadPool-298] INFO io.javalin.Javalin - JAVALIN REQUEST DEBUG LOG:
Request: POST [/v1/credentials/issue]
    Matching endpoint-handlers: [BEFORE=*, POST=/v1/credentials/issue]
    Headers: {Accept-Charset=UTF-8, Accept=application/json, User-Agent=Ktor client, Connection=keep-alive, Host=localhost:7001, Accept-Encoding=gzip, Content-Length=516, Content-Type=text/plain; charset=UTF-8}
    Cookies: {}
    Body: {"config" : {"creator" : "did:key:z6MkqJK8DwTZiAFaUqfAJDsK3fBwAryGTXd6yQbCLtihNHUJ", "ecosystem" : "DEFAULT", "issuerDid" : "did:key:z6MkqJK8DwTZiAFaUqfAJDsK3fBwAryGTXd6yQbCLtihNHUJ", "issuerVerificationMethod" : "did:key:z6MkqJK8DwTZiAFaUqfAJDsK3fBwAryGTXd6yQbCLtihNHUJ#z6MkqJK8DwTZiAFaUqfAJDsK3fBwAryGTXd6yQbCLtihNHUJ", "proofType" : "LD_PROOF", "statusPurpose" : "revocation", "subjectDid" : "did:key:z6MkqJK8DwTZiAFaUqfAJDsK3fBwAryGTXd6yQbCLtihNHUJ"}, "credentialData" : null, "templateId" : "VerifiableDiploma"}
    QueryString: null
    QueryParams: {}
    FormParams: {}
Response: [200], execution took 6.25 ms
    Headers: {Content-Encoding=gzip, Date=Thu, 12 Sep 2024 09:39:50 GMT, Content-Type=text/plain}
    Body is gzipped (3338 bytes, not logged)
----------------------------------------------------------------------------------
14868 [pool-1-thread-1 @coroutine#937] DEBUG id.walt.services.keystore.HKVKeyStoreService - Storing key "68e17fb3e213447f9799334eeafcd3d5".
14868 [pool-1-thread-1 @coroutine#937] DEBUG id.walt.services.keystore.HKVKeyStoreService - Loading key "68e17fb3e213447f9799334eeafcd3d5".
14868 [pool-1-thread-1 @coroutine#937] DEBUG id.walt.services.keystore.HKVKeyStoreService - Loading key "68e17fb3e213447f9799334eeafcd3d5".
14868 [pool-1-thread-1 @coroutine#937] DEBUG id.walt.services.did.composers.DidDocumentComposerBase - Verification method JWK for kid: {"kty":"OKP","use":"sig","crv":"Ed25519","kid":"68e17fb3e213447f9799334eeafcd3d5","x":"chRYzVinXiLeD61OBmVH5c-ZigxKwsFv_0_v4axzKfI","alg":"EdDSA"}
14868 [pool-1-thread-1 @coroutine#937] DEBUG id.walt.services.did.composers.DidDocumentComposerBase - Verification method public JWK: {"kty":"OKP","use":"sig","crv":"Ed25519","kid":"68e17fb3e213447f9799334eeafcd3d5","x":"chRYzVinXiLeD61OBmVH5c-ZigxKwsFv_0_v4axzKfI","alg":"EdDSA"}
14869 [pool-1-thread-1 @coroutine#937] DEBUG id.walt.services.did.composers.DidDocumentComposerBase - Verification method parsed public JWK: Jwk(kid=68e17fb3e213447f9799334eeafcd3d5, kty=OKP, alg=EdDSA, crv=Ed25519, use=sig, x=chRYzVinXiLeD61OBmVH5c-ZigxKwsFv_0_v4axzKfI, y=null, d=null, n=null, e=null, x5u=null)
14869 [pool-1-thread-1 @coroutine#937] DEBUG id.walt.services.keystore.HKVKeyStoreService - Loading key "68e17fb3e213447f9799334eeafcd3d5".
14869 [pool-1-thread-1 @coroutine#937] DEBUG id.walt.services.did.DidService - A key with the id "68e17fb3e213447f9799334eeafcd3d5" exists.
14869 [pool-1-thread-1 @coroutine#937] DEBUG id.walt.model.DidUrl - Trying to create DidUrl from URL: "did:ebsi:z24owAY2MfgjPkqu46saPYMm"...
14869 [pool-1-thread-1 @coroutine#937] DEBUG id.walt.model.DidUrl - Trying to create DidUrl from URL: "did:ebsi:z24owAY2MfgjPkqu46saPYMm"...
14870 [pool-1-thread-1 @coroutine#937] DEBUG id.walt.model.DidUrl - Trying to create DidUrl from URL: "did:ebsi:z24owAY2MfgjPkqu46saPYMm"...
14874 [JettyServerThreadPool-296] DEBUG id.walt.model.DidUrl - Trying to create DidUrl from URL: "did:ebsi:z24owAY2MfgjPkqu46saPYMm"...
14874 [JettyServerThreadPool-296] DEBUG id.walt.model.DidUrl - Trying to create DidUrl from URL: "did:ebsi:z24owAY2MfgjPkqu46saPYMm"...
14874 [JettyServerThreadPool-296] DEBUG id.walt.signatory.WaltIdSignatory - Signing credential with proof using JWT...
14874 [JettyServerThreadPool-296] DEBUG id.walt.signatory.WaltIdSignatory - Signing credential with proof using JWT, credential is: {"type":["VerifiableCredential","VerifiableAttestation","VerifiableId"],"@context":["https://www.w3.org/2018/credentials/v1"],"id":"urn:uuid:2d2e2de6-51b8-49ec-9960-db9ac83a3d69","issuer":"did:ebsi:z24owAY2MfgjPkqu46saPYMm","issuanceDate":"2024-09-12T09:39:50Z","issued":"2024-09-12T09:39:50Z","validFrom":"2024-09-12T09:39:50Z","credentialSchema":{"id":"https://raw.githubusercontent.com/walt-id/waltid-ssikit-vclib/master/src/test/resources/schemas/VerifiableId.json","type":"FullJsonSchemaValidator2021"},"credentialSubject":{"id":"did:ebsi:z24owAY2MfgjPkqu46saPYMm","currentAddress":["1 Boulevard de la Liberté, 59800 Lille"],"dateOfBirth":"1993-04-08","familyName":"DOE","firstName":"Jane","gender":"FEMALE","nameAndFamilyNameAtBirth":"Jane DOE","personalIdentifier":"0904008084H","placeOfBirth":"LILLE, FRANCE"},"evidence":[{"documentPresence":["Physical"],"evidenceDocument":["Passport"],"subjectPresence":"Physical","type":["DocumentVerification"],"verifier":"did:ebsi:2A9BZ9SUe6BatacSpvs1V5CdjHvLpQ7bEsi2Jb6LdHKnQxaN"}]}
14874 [JettyServerThreadPool-296] DEBUG id.walt.services.vc.WaltIdJwtCredentialService - Signing JWT object with config: ProofConfig(issuerDid=did:ebsi:z24owAY2MfgjPkqu46saPYMm, subjectDid=did:ebsi:z24owAY2MfgjPkqu46saPYMm, verifierDid=null, issuerVerificationMethod=did:ebsi:z24owAY2MfgjPkqu46saPYMm#68e17fb3e213447f9799334eeafcd3d5, proofType=JWT, domain=null, nonce=null, proofPurpose=null, credentialId=urn:uuid:2d2e2de6-51b8-49ec-9960-db9ac83a3d69, issueDate=2024-09-12T09:39:50.094339055Z, validDate=2024-09-12T09:39:50.094340678Z, expirationDate=null, dataProviderIdentifier=null, ldSignatureType=null, creator=did:ebsi:z24owAY2MfgjPkqu46saPYMm, ecosystem=DEFAULT, statusType=null, statusPurpose=revocation, credentialsEndpoint=null, selectiveDisclosure=null)
14874 [JettyServerThreadPool-296] DEBUG id.walt.services.vc.WaltIdJwtCredentialService - Signing: {"sub":"did:ebsi:z24owAY2MfgjPkqu46saPYMm","nbf":1726133990,"iss":"did:ebsi:z24owAY2MfgjPkqu46saPYMm","iat":1726133990,"vc":{"type":["VerifiableCredential","VerifiableAttestation","VerifiableId"],"@context":["https://www.w3.org/2018/credentials/v1"],"id":"urn:uuid:2d2e2de6-51b8-49ec-9960-db9ac83a3d69","issuer":"did:ebsi:z24owAY2MfgjPkqu46saPYMm","issuanceDate":"2024-09-12T09:39:50Z","issued":"2024-09-12T09:39:50Z","validFrom":"2024-09-12T09:39:50Z","credentialSchema":{"id":"https://raw.githubusercontent.com/walt-id/waltid-ssikit-vclib/master/src/test/resources/schemas/VerifiableId.json","type":"FullJsonSchemaValidator2021"},"credentialSubject":{"id":"did:ebsi:z24owAY2MfgjPkqu46saPYMm","currentAddress":["1 Boulevard de la Liberté, 59800 Lille"],"dateOfBirth":"1993-04-08","familyName":"DOE","firstName":"Jane","gender":"FEMALE","nameAndFamilyNameAtBirth":"Jane DOE","personalIdentifier":"0904008084H","placeOfBirth":"LILLE, FRANCE"},"evidence":[{"documentPresence":["Physical"],"evidenceDocument":["Passport"],"subjectPresence":"Physical","type":["DocumentVerification"],"verifier":"did:ebsi:2A9BZ9SUe6BatacSpvs1V5CdjHvLpQ7bEsi2Jb6LdHKnQxaN"}]},"jti":"urn:uuid:2d2e2de6-51b8-49ec-9960-db9ac83a3d69"}
14874 [JettyServerThreadPool-296] DEBUG id.walt.services.keystore.HKVKeyStoreService - Loading key "did:ebsi:z24owAY2MfgjPkqu46saPYMm#68e17fb3e213447f9799334eeafcd3d5".
14874 [JettyServerThreadPool-296] DEBUG id.walt.services.jwt.WaltIdJwtService - Signing JWT with algorithm: EdDSA_Ed25519
14874 [JettyServerThreadPool-296] DEBUG id.walt.model.DidUrl - Trying to create DidUrl from URL: "did:ebsi:z24owAY2MfgjPkqu46saPYMm#68e17fb3e213447f9799334eeafcd3d5"...
14875 [JettyServerThreadPool-296] DEBUG id.walt.services.keystore.HKVKeyStoreService - Loading key "68e17fb3e213447f9799334eeafcd3d5".
14876 [JettyServerThreadPool-296] DEBUG id.walt.services.jwt.WaltIdJwtService - Signed JWT:  eyJraWQiOiJkaWQ6ZWJzaTp6MjRvd0FZMk1mZ2pQa3F1NDZzYVBZTW0jNjhlMTdmYjNlMjEzNDQ3Zjk3OTkzMzRlZWFmY2QzZDUiLCJ0eXAiOiJKV1QiLCJhbGciOiJFZERTQSJ9.eyJzdWIiOiJkaWQ6ZWJzaTp6MjRvd0FZMk1mZ2pQa3F1NDZzYVBZTW0iLCJuYmYiOjE3MjYxMzM5OTAsImlzcyI6ImRpZDplYnNpOnoyNG93QVkyTWZnalBrcXU0NnNhUFlNbSIsImlhdCI6MTcyNjEzMzk5MCwidmMiOnsidHlwZSI6WyJWZXJpZmlhYmxlQ3JlZGVudGlhbCIsIlZlcmlmaWFibGVBdHRlc3RhdGlvbiIsIlZlcmlmaWFibGVJZCJdLCJAY29udGV4dCI6WyJodHRwczovL3d3dy53My5vcmcvMjAxOC9jcmVkZW50aWFscy92MSJdLCJpZCI6InVybjp1dWlkOjJkMmUyZGU2LTUxYjgtNDllYy05OTYwLWRiOWFjODNhM2Q2OSIsImlzc3VlciI6ImRpZDplYnNpOnoyNG93QVkyTWZnalBrcXU0NnNhUFlNbSIsImlzc3VhbmNlRGF0ZSI6IjIwMjQtMDktMTJUMDk6Mzk6NTBaIiwiaXNzdWVkIjoiMjAyNC0wOS0xMlQwOTozOTo1MFoiLCJ2YWxpZEZyb20iOiIyMDI0LTA5LTEyVDA5OjM5OjUwWiIsImNyZWRlbnRpYWxTY2hlbWEiOnsiaWQiOiJodHRwczovL3Jhdy5naXRodWJ1c2VyY29udGVudC5jb20vd2FsdC1pZC93YWx0aWQtc3Npa2l0LXZjbGliL21hc3Rlci9zcmMvdGVzdC9yZXNvdXJjZXMvc2NoZW1hcy9WZXJpZmlhYmxlSWQuanNvbiIsInR5cGUiOiJGdWxsSnNvblNjaGVtYVZhbGlkYXRvcjIwMjEifSwiY3JlZGVudGlhbFN1YmplY3QiOnsiaWQiOiJkaWQ6ZWJzaTp6MjRvd0FZMk1mZ2pQa3F1NDZzYVBZTW0iLCJjdXJyZW50QWRkcmVzcyI6WyIxIEJvdWxldmFyZCBkZSBsYSBMaWJlcnTDqSwgNTk4MDAgTGlsbGUiXSwiZGF0ZU9mQmlydGgiOiIxOTkzLTA0LTA4IiwiZmFtaWx5TmFtZSI6IkRPRSIsImZpcnN0TmFtZSI6IkphbmUiLCJnZW5kZXIiOiJGRU1BTEUiLCJuYW1lQW5kRmFtaWx5TmFtZUF0QmlydGgiOiJKYW5lIERPRSIsInBlcnNvbmFsSWRlbnRpZmllciI6IjA5MDQwMDgwODRIIiwicGxhY2VPZkJpcnRoIjoiTElMTEUsIEZSQU5DRSJ9LCJldmlkZW5jZSI6W3siZG9jdW1lbnRQcmVzZW5jZSI6WyJQaHlzaWNhbCJdLCJldmlkZW5jZURvY3VtZW50IjpbIlBhc3Nwb3J0Il0sInN1YmplY3RQcmVzZW5jZSI6IlBoeXNpY2FsIiwidHlwZSI6WyJEb2N1bWVudFZlcmlmaWNhdGlvbiJdLCJ2ZXJpZmllciI6ImRpZDplYnNpOjJBOUJaOVNVZTZCYXRhY1NwdnMxVjVDZGpIdkxwUTdiRXNpMkpiNkxkSEtuUXhhTiJ9XX0sImp0aSI6InVybjp1dWlkOjJkMmUyZGU2LTUxYjgtNDllYy05OTYwLWRiOWFjODNhM2Q2OSJ9.sixjrWzSVaQ5TfqImtOW9-mEEYmOpBsSPEMlqFTff-6-3XYLQU-kNUeG_qGRwSnFunkiRzK_xRoXOPPyye7vDQ
14876 [JettyServerThreadPool-296] DEBUG id.walt.signatory.WaltIdSignatory - Signed VC is: eyJraWQiOiJkaWQ6ZWJzaTp6MjRvd0FZMk1mZ2pQa3F1NDZzYVBZTW0jNjhlMTdmYjNlMjEzNDQ3Zjk3OTkzMzRlZWFmY2QzZDUiLCJ0eXAiOiJKV1QiLCJhbGciOiJFZERTQSJ9.eyJzdWIiOiJkaWQ6ZWJzaTp6MjRvd0FZMk1mZ2pQa3F1NDZzYVBZTW0iLCJuYmYiOjE3MjYxMzM5OTAsImlzcyI6ImRpZDplYnNpOnoyNG93QVkyTWZnalBrcXU0NnNhUFlNbSIsImlhdCI6MTcyNjEzMzk5MCwidmMiOnsidHlwZSI6WyJWZXJpZmlhYmxlQ3JlZGVudGlhbCIsIlZlcmlmaWFibGVBdHRlc3RhdGlvbiIsIlZlcmlmaWFibGVJZCJdLCJAY29udGV4dCI6WyJodHRwczovL3d3dy53My5vcmcvMjAxOC9jcmVkZW50aWFscy92MSJdLCJpZCI6InVybjp1dWlkOjJkMmUyZGU2LTUxYjgtNDllYy05OTYwLWRiOWFjODNhM2Q2OSIsImlzc3VlciI6ImRpZDplYnNpOnoyNG93QVkyTWZnalBrcXU0NnNhUFlNbSIsImlzc3VhbmNlRGF0ZSI6IjIwMjQtMDktMTJUMDk6Mzk6NTBaIiwiaXNzdWVkIjoiMjAyNC0wOS0xMlQwOTozOTo1MFoiLCJ2YWxpZEZyb20iOiIyMDI0LTA5LTEyVDA5OjM5OjUwWiIsImNyZWRlbnRpYWxTY2hlbWEiOnsiaWQiOiJodHRwczovL3Jhdy5naXRodWJ1c2VyY29udGVudC5jb20vd2FsdC1pZC93YWx0aWQtc3Npa2l0LXZjbGliL21hc3Rlci9zcmMvdGVzdC9yZXNvdXJjZXMvc2NoZW1hcy9WZXJpZmlhYmxlSWQuanNvbiIsInR5cGUiOiJGdWxsSnNvblNjaGVtYVZhbGlkYXRvcjIwMjEifSwiY3JlZGVudGlhbFN1YmplY3QiOnsiaWQiOiJkaWQ6ZWJzaTp6MjRvd0FZMk1mZ2pQa3F1NDZzYVBZTW0iLCJjdXJyZW50QWRkcmVzcyI6WyIxIEJvdWxldmFyZCBkZSBsYSBMaWJlcnTDqSwgNTk4MDAgTGlsbGUiXSwiZGF0ZU9mQmlydGgiOiIxOTkzLTA0LTA4IiwiZmFtaWx5TmFtZSI6IkRPRSIsImZpcnN0TmFtZSI6IkphbmUiLCJnZW5kZXIiOiJGRU1BTEUiLCJuYW1lQW5kRmFtaWx5TmFtZUF0QmlydGgiOiJKYW5lIERPRSIsInBlcnNvbmFsSWRlbnRpZmllciI6IjA5MDQwMDgwODRIIiwicGxhY2VPZkJpcnRoIjoiTElMTEUsIEZSQU5DRSJ9LCJldmlkZW5jZSI6W3siZG9jdW1lbnRQcmVzZW5jZSI6WyJQaHlzaWNhbCJdLCJldmlkZW5jZURvY3VtZW50IjpbIlBhc3Nwb3J0Il0sInN1YmplY3RQcmVzZW5jZSI6IlBoeXNpY2FsIiwidHlwZSI6WyJEb2N1bWVudFZlcmlmaWNhdGlvbiJdLCJ2ZXJpZmllciI6ImRpZDplYnNpOjJBOUJaOVNVZTZCYXRhY1NwdnMxVjVDZGpIdkxwUTdiRXNpMkpiNkxkSEtuUXhhTiJ9XX0sImp0aSI6InVybjp1dWlkOjJkMmUyZGU2LTUxYjgtNDllYy05OTYwLWRiOWFjODNhM2Q2OSJ9.sixjrWzSVaQ5TfqImtOW9-mEEYmOpBsSPEMlqFTff-6-3XYLQU-kNUeG_qGRwSnFunkiRzK_xRoXOPPyye7vDQ
14876 [JettyServerThreadPool-296] INFO io.javalin.Javalin - JAVALIN REQUEST DEBUG LOG:
Request: POST [/v1/credentials/issue]
    Matching endpoint-handlers: [BEFORE=*, POST=/v1/credentials/issue]
    Headers: {Accept-Charset=UTF-8, Accept=application/json, User-Agent=Ktor client, Connection=keep-alive, Host=localhost:7001, Accept-Encoding=gzip, Content-Length=398, Content-Type=text/plain; charset=UTF-8}
    Cookies: {}
    Body: {"config" : {"creator" : "did:ebsi:z24owAY2MfgjPkqu46saPYMm", "ecosystem" : "DEFAULT", "issuerDid" : "did:ebsi:z24owAY2MfgjPkqu46saPYMm", "issuerVerificationMethod" : "did:ebsi:z24owAY2MfgjPkqu46saPYMm#68e17fb3e213447f9799334eeafcd3d5", "proofType" : "JWT", "statusPurpose" : "revocation", "subjectDid" : "did:ebsi:z24owAY2MfgjPkqu46saPYMm"}, "credentialData" : null, "templateId" : "VerifiableId"}
    QueryString: null
    QueryParams: {}
    FormParams: {}
Response: [200], execution took 4.60 ms
    Headers: {Content-Encoding=gzip, Date=Thu, 12 Sep 2024 09:39:50 GMT, Content-Type=text/plain}
    Body is gzipped (1836 bytes, not logged)
----------------------------------------------------------------------------------
14888 [JettyServerThreadPool-298] INFO io.javalin.Javalin - JAVALIN REQUEST DEBUG LOG:
Request: GET [/v1/templates]
    Matching endpoint-handlers: [BEFORE=*, GET=/v1/templates]
    Headers: {Accept-Charset=UTF-8, Accept=application/json, User-Agent=Ktor client, Connection=keep-alive, Host=localhost:7001, Accept-Encoding=gzip}
    Cookies: {}
    Body: 
    QueryString: null
    QueryParams: {}
    FormParams: {}
Response: [200], execution took 6.58 ms
    Headers: {Content-Encoding=gzip, Date=Thu, 12 Sep 2024 09:39:50 GMT, Content-Type=application/json}
    Body is gzipped (2547 bytes, not logged)
----------------------------------------------------------------------------------
14906 [pool-1-thread-1 @coroutine#942] WARN id.walt.credentials.w3c.templates.VcTemplateService - Requested runtime templates folder /vc-templates-runtime is not a folder.
14961 [JettyServerThreadPool-296] INFO io.javalin.Javalin - JAVALIN REQUEST DEBUG LOG:
Request: GET [/v1/templates/Europass]
    Matching endpoint-handlers: [BEFORE=*, GET=/v1/templates/{id}]
    Headers: {Accept-Charset=UTF-8, Accept=application/json, User-Agent=Ktor client, Connection=keep-alive, Host=localhost:7001, Accept-Encoding=gzip, Content-Type=application/json}
    Cookies: {}
    Body: 
    QueryString: null
    QueryParams: {}
    FormParams: {}
Response: [200], execution took 1.05 ms
    Headers: {Content-Encoding=gzip, Date=Thu, 12 Sep 2024 09:39:50 GMT, Content-Type=text/plain}
    Body is gzipped (5940 bytes, not logged)
----------------------------------------------------------------------------------
14965 [JettyServerThreadPool-298] INFO io.javalin.Javalin - JAVALIN REQUEST DEBUG LOG:
Request: GET [/v1/templates/PacketDeliveryService]
    Matching endpoint-handlers: [BEFORE=*, GET=/v1/templates/{id}]
    Headers: {Accept-Charset=UTF-8, Accept=application/json, User-Agent=Ktor client, Connection=keep-alive, Host=localhost:7001, Accept-Encoding=gzip, Content-Type=application/json}
    Cookies: {}
    Body: 
    QueryString: null
    QueryParams: {}
    FormParams: {}
Response: [200], execution took 0.64 ms
    Headers: {Date=Thu, 12 Sep 2024 09:39:50 GMT, Content-Type=text/plain}
    Body is 692 bytes (starts on next line):
    {"type":["VerifiableCredential","PacketDeliveryService"],"@context":["https://www.w3.org/2018/credentials/v1"],"id":"urn:uuid:3add94f4-28ec-42a1-8704-4e4aa51006b4","issuer":"did:key:z6MkiE343eTNxyz15nybrnPpryhzkPgrS7GazK19P7VuJCS5","issuanceDate":"2021-08-31T00:00:00Z","issued":"2021-08-31T00:00:00Z","validFrom":"2021-08-31T00:00:00Z","credentialSchema":{"id":"https://raw.githubusercontent.com/test/main/schemas/PacketDeliveryService/2022-10/schema.json","type":"FullJsonSchemaValidator2021"},"credentialSubject":{"id":"did:key:z6MkmxVQztpb1JpAEgfJaqFN5g7CcJFPSMsJ1S6PiBjxR7Vxp","familyName":"Test","firstName":"User","roles":[{"names":["P.Info.gold"],"target":"did:key:packetdelivery"}]}}
----------------------------------------------------------------------------------
14968 [pool-1-thread-1 @coroutine#954] WARN id.walt.credentials.w3c.templates.VcTemplateService - Requested runtime templates folder /vc-templates-runtime is not a folder.
14971 [JettyServerThreadPool-296] INFO io.javalin.Javalin - JAVALIN REQUEST DEBUG LOG:
Request: GET [/v1/templates/Europass]
    Matching endpoint-handlers: [BEFORE=*, GET=/v1/templates/{id}]
    Headers: {Accept-Charset=UTF-8, Accept=application/json, User-Agent=Ktor client, Connection=keep-alive, Host=localhost:7001, Accept-Encoding=gzip, Content-Type=application/json}
    Cookies: {}
    Body: 
    QueryString: null
    QueryParams: {}
    FormParams: {}
Response: [200], execution took 0.84 ms
    Headers: {Content-Encoding=gzip, Date=Thu, 12 Sep 2024 09:39:50 GMT, Content-Type=text/plain}
    Body is gzipped (5940 bytes, not logged)
----------------------------------------------------------------------------------
14973 [JettyServerThreadPool-298] INFO io.javalin.Javalin - JAVALIN REQUEST DEBUG LOG:
Request: GET [/v1/templates/DataConsortium]
    Matching endpoint-handlers: [BEFORE=*, GET=/v1/templates/{id}]
    Headers: {Accept-Charset=UTF-8, Accept=application/json, User-Agent=Ktor client, Connection=keep-alive, Host=localhost:7001, Accept-Encoding=gzip, Content-Type=application/json}
    Cookies: {}
    Body: 
    QueryString: null
    QueryParams: {}
    FormParams: {}
Response: [200], execution took 0.24 ms
    Headers: {Date=Thu, 12 Sep 2024 09:39:50 GMT, Content-Type=text/plain}
    Body is 409 bytes (starts on next line):
    {"type":["VerifiableCredential","DataConsortiumCredential"],"@context":["https://www.w3.org/2018/credentials/v1"],"id":"1234","issuer":"did:web:vc.gaia-x.eu:issuer","issued":"2022-01-03T20:38:38Z","expirationDate":"2022-01-06T20:38:38Z","credentialSubject":{"id":"1234"},"dataspace":[{"id":"Gaia-X AISBL","serviceEndpoint":"https://endpoint1.io"},{"id":"Gaia-X XYZ","serviceEndpoint":"https://endpoint2.io"}]}
----------------------------------------------------------------------------------
14974 [JettyServerThreadPool-296] INFO io.javalin.Javalin - JAVALIN REQUEST DEBUG LOG:
Request: GET [/v1/templates/ProofOfResidence]
    Matching endpoint-handlers: [BEFORE=*, GET=/v1/templates/{id}]
    Headers: {Accept-Charset=UTF-8, Accept=application/json, User-Agent=Ktor client, Connection=keep-alive, Host=localhost:7001, Accept-Encoding=gzip, Content-Type=application/json}
    Cookies: {}
    Body: 
    QueryString: null
    QueryParams: {}
    FormParams: {}
Response: [200], execution took 0.23 ms
    Headers: {Date=Thu, 12 Sep 2024 09:39:50 GMT, Content-Type=text/plain}
    Body is 1359 bytes (starts on next line):
    {"type":["VerifiableCredential","VerifiableAttestation","ProofOfResidence"],"@context":["https://www.w3.org/2018/credentials/v1"],"id":"residence#3fea53a4-0432-4910-ac9c-69ah8da3c37f","issuer":"did:ebsi:2757945549477fc571663bee12042873fe555b674bd294a3","issuanceDate":"2019-06-22T14:11:44Z","issued":"2019-06-22T14:11:44Z","validFrom":"2019-06-22T14:11:44Z","expirationDate":"2022-06-22T14:11:44Z","credentialSchema":{"id":"https://raw.githubusercontent.com/walt-id/waltid-ssikit-vclib/master/src/test/resources/schemas/ProofOfResidence.json","type":"JsonSchemaValidator2018"},"credentialSubject":{"id":"id123","address":{"countryName":"LU","locality":"Steinfort","postalCode":"L-8410","streetAddress":"16 Route D' Arlon"},"dateOfBirth":"1993-04-08","familyName":"Beron","familyStatus":"Single","firstNames":"Domink","gender":"Male","identificationNumber":"123456789","nationality":"AT"},"credentialStatus":{"id":"https://essif.europa.eu/status/identity#verifiableID#1dee355d-0432-4910-ac9c-70d89e8d674e","type":"CredentialStatusList2020"},"evidence":[{"documentPresence":"Physical","evidenceDocument":"Passport","id":"https://essif.europa.eu/tsr-va/evidence/f2aeec97-fc0d-42bf-8ca7-0548192d5678","subjectPresence":"Physical","type":["DocumentVerification"],"verifier":"did:ebsi:2962fb784df61baa267c8132497539f8c674b37c1244a7a"}],"title":"Proof of Residence"}
----------------------------------------------------------------------------------
14976 [JettyServerThreadPool-298] INFO io.javalin.Javalin - JAVALIN REQUEST DEBUG LOG:
Request: GET [/v1/templates/EbsiDiplomaVerifiableAccreditation]
    Matching endpoint-handlers: [BEFORE=*, GET=/v1/templates/{id}]
    Headers: {Accept-Charset=UTF-8, Accept=application/json, User-Agent=Ktor client, Connection=keep-alive, Host=localhost:7001, Accept-Encoding=gzip, Content-Type=application/json}
    Cookies: {}
    Body: 
    QueryString: null
    QueryParams: {}
    FormParams: {}
Response: [200], execution took 0.31 ms
    Headers: {Date=Thu, 12 Sep 2024 09:39:50 GMT, Content-Type=text/plain}
    Body is 1404 bytes (starts on next line):
    {"type":["VerifiableCredential","VerifiableAttestation","VerifiableAccreditation","DiplomaVerifiableAccreditation"],"@context":["https://www.w3.org/2018/credentials/v1","https://essif.europa.eu/schemas/vc/2020/v1"],"id":"https://essif.europa.eu/tsr/53","issuer":"did:ebsi:00001234","issuanceDate":"2020-06-22T14:11:44Z","issued":"2020-06-22T14:11:44Z","validFrom":"2021-11-01T00:00:00Z","expirationDate":"2024-06-22T14:11:44Z","proof":{"type":"EidasSeal2019","created":"2019-06-22T14:11:44Z","proofPurpose":"assertionMethod","verificationMethod":"http://uri-to-verification-method","jws":"eyJhbGciOiJSUzI1NiIsImI2NCI6ZmFsc2UsImNyaXQiOlsiYjY0Il19..TCYt5X","proofValue":"BD21J4fdlnBvBA+y6D...fnC8Y="},"credentialSchema":{"id":"https://essif.europa.eu/tsr-123/verifiableattestation.json","type":"FullJsonSchemaValidator2021"},"credentialSubject":{"id":"did:ebsi:00001235","authorizationClaims":{"accreditationType":"http://data.europa.eu/snb/accreditation/003293d2ce","decision":"fully compliant","report":["https://www.example.com/URLtoreport.pdf"],"limitQFLevel":["http://data.europa.eu/snb/eqf/6","http://data.europa.eu/snb/eqf/7"],"limitField":["http://data.europa.eu/snb/isced-f/0419"],"limitJurisdiction":["http://publications.europa.eu/resource/authority/atu/NLD"],"reviewDate":"2024-04-22T14:11:44Z"}},"credentialStatus":{"id":"https://essif.europa.eu/status/45","type":"CredentialsStatusList2020"}}
----------------------------------------------------------------------------------
14978 [JettyServerThreadPool-296] INFO io.javalin.Javalin - JAVALIN REQUEST DEBUG LOG:
Request: GET [/v1/templates/UniversityDegree]
    Matching endpoint-handlers: [BEFORE=*, GET=/v1/templates/{id}]
    Headers: {Accept-Charset=UTF-8, Accept=application/json, User-Agent=Ktor client, Connection=keep-alive, Host=localhost:7001, Accept-Encoding=gzip, Content-Type=application/json}
    Cookies: {}
    Body: 
    QueryString: null
    QueryParams: {}
    FormParams: {}
Response: [200], execution took 0.17 ms
    Headers: {Date=Thu, 12 Sep 2024 09:39:50 GMT, Content-Type=text/plain}
    Body is 397 bytes (starts on next line):
    {"type":["VerifiableCredential","UniversityDegreeCredential"],"@context":["https://www.w3.org/2018/credentials/v1","https://www.w3.org/2018/credentials/examples/v1"],"id":"http://example.gov/credentials/3732","issuer":{"id":"did:example:456"},"issued":"2020-03-10T04:24:12.164Z","credentialSubject":{"id":"did:example:123","degree":{"name":"Bachelor of Science and Arts","type":"BachelorDegree"}}}
----------------------------------------------------------------------------------
14979 [JettyServerThreadPool-298] INFO io.javalin.Javalin - JAVALIN REQUEST DEBUG LOG:
Request: GET [/v1/templates/VerifiableId]
    Matching endpoint-handlers: [BEFORE=*, GET=/v1/templates/{id}]
    Headers: {Accept-Charset=UTF-8, Accept=application/json, User-Agent=Ktor client, Connection=keep-alive, Host=localhost:7001, Accept-Encoding=gzip, Content-Type=application/json}
    Cookies: {}
    Body: 
    QueryString: null
    QueryParams: {}
    FormParams: {}
Response: [200], execution took 0.22 ms
    Headers: {Date=Thu, 12 Sep 2024 09:39:50 GMT, Content-Type=text/plain}
    Body is 1077 bytes (starts on next line):
    {"type":["VerifiableCredential","VerifiableAttestation","VerifiableId"],"@context":["https://www.w3.org/2018/credentials/v1"],"id":"urn:uuid:3add94f4-28ec-42a1-8704-4e4aa51006b4","issuer":"did:ebsi:2A9BZ9SUe6BatacSpvs1V5CdjHvLpQ7bEsi2Jb6LdHKnQxaN","issuanceDate":"2021-08-31T00:00:00Z","issued":"2021-08-31T00:00:00Z","validFrom":"2021-08-31T00:00:00Z","credentialSchema":{"id":"https://raw.githubusercontent.com/walt-id/waltid-ssikit-vclib/master/src/test/resources/schemas/VerifiableId.json","type":"FullJsonSchemaValidator2021"},"credentialSubject":{"id":"did:ebsi:2AEMAqXWKYMu1JHPAgGcga4dxu7ThgfgN95VyJBJGZbSJUtp","currentAddress":["1 Boulevard de la Liberté, 59800 Lille"],"dateOfBirth":"1993-04-08","familyName":"DOE","firstName":"Jane","gender":"FEMALE","nameAndFamilyNameAtBirth":"Jane DOE","personalIdentifier":"0904008084H","placeOfBirth":"LILLE, FRANCE"},"evidence":[{"documentPresence":["Physical"],"evidenceDocument":["Passport"],"subjectPresence":"Physical","type":["DocumentVerification"],"verifier":"did:ebsi:2A9BZ9SUe6BatacSpvs1V5CdjHvLpQ7bEsi2Jb6LdHKnQxaN"}]}
----------------------------------------------------------------------------------
14981 [JettyServerThreadPool-296] INFO io.javalin.Javalin - JAVALIN REQUEST DEBUG LOG:
Request: GET [/v1/templates/EbsiVerifiableAttestationGeneric]
    Matching endpoint-handlers: [BEFORE=*, GET=/v1/templates/{id}]
    Headers: {Accept-Charset=UTF-8, Accept=application/json, User-Agent=Ktor client, Connection=keep-alive, Host=localhost:7001, Accept-Encoding=gzip, Content-Type=application/json}
    Cookies: {}
    Body: 
    QueryString: null
    QueryParams: {}
    FormParams: {}
Response: [200], execution took 0.29 ms
    Headers: {Date=Thu, 12 Sep 2024 09:39:50 GMT, Content-Type=text/plain}
    Body is 783 bytes (starts on next line):
    {"type":["VerifiableCredential","VerifiableAttestation"],"@context":["https://www.w3.org/2018/credentials/v1"],"id":"urn:uuid:003a1dd8-a5d2-42ef-8182-e921c0a9f2cd","issuer":"did:ebsi:00001234","issuanceDate":"2021-11-01T00:00:00Z","issued":"2020-06-22T14:11:44Z","validFrom":"2021-11-01T00:00:00Z","expirationDate":"2024-06-22T14:11:44Z","credentialSchema":{"id":"https://api-test.ebsi.eu/trusted-schemas-registry/v2/schemas/0x23039e6356ea6b703ce672e7cfac0b42765b150f63df78e2bd18ae785787f6a2","type":"FullJsonSchemaValidator2021"},"credentialSubject":{"id":"did:ebsi:00001235"},"validUntil":"2050-11-01T00:00:00Z","credentialStatus":{"id":"https://essif.europa.eu/status/45","type":"AnyExtension"},"termsOfUse":{"id":"https://essif.europa.eu/accreditation/45","type":"AnyExtension"}}
----------------------------------------------------------------------------------
14983 [JettyServerThreadPool-298] INFO io.javalin.Javalin - JAVALIN REQUEST DEBUG LOG:
Request: GET [/v1/templates/KycCredential]
    Matching endpoint-handlers: [BEFORE=*, GET=/v1/templates/{id}]
    Headers: {Accept-Charset=UTF-8, Accept=application/json, User-Agent=Ktor client, Connection=keep-alive, Host=localhost:7001, Accept-Encoding=gzip, Content-Type=application/json}
    Cookies: {}
    Body: 
    QueryString: null
    QueryParams: {}
    FormParams: {}
Response: [200], execution took 0.30 ms
    Headers: {Date=Thu, 12 Sep 2024 09:39:50 GMT, Content-Type=text/plain}
    Body is 700 bytes (starts on next line):
    {"type":["VerifiableCredential","VerifiableAttestation","KycCredential"],"@context":["https://www.w3.org/2018/credentials/v1"],"id":"identity#KycCredential#3add94f4-28ec-42a1-8704-4e4aa51006b4","issuer":"did:ebsi:2A9BZ9SUe6BatacSpvs1V5CdjHvLpQ7bEsi2Jb6LdHKnQxaN","issuanceDate":"2021-08-31T00:00:00Z","issued":"2021-08-31T00:00:00Z","validFrom":"2021-08-31T00:00:00Z","credentialSubject":{"id":"did:ebsi:2AEMAqXWKYMu1JHPAgGcga4dxu7ThgfgN95VyJBJGZbSJUtp","currentAddress":"1 Boulevard de la Liberté, 59800 Lille","dateOfBirth":"1993-04-08","familyName":"DOE","firstName":"Jane","gender":"FEMALE","nameAndFamilyNameAtBirth":"Jane DOE","personalIdentifier":"0904008084H","placeOfBirth":"LILLE, FRANCE"}}
----------------------------------------------------------------------------------
14984 [JettyServerThreadPool-296] INFO io.javalin.Javalin - JAVALIN REQUEST DEBUG LOG:
Request: GET [/v1/templates/EbsiVerifiableAccreditationToAccredit]
    Matching endpoint-handlers: [BEFORE=*, GET=/v1/templates/{id}]
    Headers: {Accept-Charset=UTF-8, Accept=application/json, User-Agent=Ktor client, Connection=keep-alive, Host=localhost:7001, Accept-Encoding=gzip, Content-Type=application/json}
    Cookies: {}
    Body: 
    QueryString: null
    QueryParams: {}
    FormParams: {}
Response: [200], execution took 0.24 ms
    Headers: {Date=Thu, 12 Sep 2024 09:39:50 GMT, Content-Type=text/plain}
    Body is 1012 bytes (starts on next line):
    {"type":["VerifiableCredential","VerifiableAttestation","VerifiableAccreditation","VerifiableAccreditationToAccredit"],"@context":["https://www.w3.org/2018/credentials/v1"],"id":"urn:uuid:8568b525-a24e-4bc0-9d97-6a8459ec0130","issuer":"did:ebsi:00001234","issuanceDate":"2021-11-01T00:00:00Z","issued":"2020-06-22T14:11:44Z","validFrom":"2021-11-01T00:00:00Z","expirationDate":"2024-06-22T14:11:44Z","credentialSchema":{"id":"https://api-test.ebsi.eu/trusted-schemas-registry/v2/schemas/0x1d7146f8897aa6cd5c59321ea0756ec61277028e4a8b3c13ec1b310ec47e6495","type":"FullJsonSchemaValidator2021"},"credentialSubject":{"id":"did:ebsi:00001235","accreditedFor":[{"schemaId":"https://api-test.ebsi.eu/trusted-schemas-registry/v2/schemas/0x010110","types":["VerifiableCredential","VerifiableAttestation","DiplomaCredential"],"limitJurisdiction":"https://publications.europa.eu/resource/authority/atu/FIN"}]},"termsOfUse":[{"id":"https://api-test.ebsi.eu/trusted-issuers-registry/../..xyz","type":"IssuanceCertificate"}]}
----------------------------------------------------------------------------------
14986 [JettyServerThreadPool-298] INFO io.javalin.Javalin - JAVALIN REQUEST DEBUG LOG:
Request: GET [/v1/templates/EbsiVerifiableAttestationPerson]
    Matching endpoint-handlers: [BEFORE=*, GET=/v1/templates/{id}]
    Headers: {Accept-Charset=UTF-8, Accept=application/json, User-Agent=Ktor client, Connection=keep-alive, Host=localhost:7001, Accept-Encoding=gzip, Content-Type=application/json}
    Cookies: {}
    Body: 
    QueryString: null
    QueryParams: {}
    FormParams: {}
Response: [200], execution took 0.22 ms
    Headers: {Date=Thu, 12 Sep 2024 09:39:50 GMT, Content-Type=text/plain}
    Body is 783 bytes (starts on next line):
    {"type":["VerifiableCredential","VerifiableAttestation"],"@context":["https://www.w3.org/2018/credentials/v1"],"id":"urn:uuid:003a1dd8-a5d2-42ef-8182-e921c0a9f2cd","issuer":"did:ebsi:00001234","issuanceDate":"2021-11-01T00:00:00Z","issued":"2020-06-22T14:11:44Z","validFrom":"2021-11-01T00:00:00Z","expirationDate":"2024-06-22T14:11:44Z","credentialSchema":{"id":"https://api-test.ebsi.eu/trusted-schemas-registry/v2/schemas/0x23039e6356ea6b703ce672e7cfac0b42765b150f63df78e2bd18ae785787f6a2","type":"FullJsonSchemaValidator2021"},"credentialSubject":{"id":"did:ebsi:00001235"},"validUntil":"2050-11-01T00:00:00Z","credentialStatus":{"id":"https://essif.europa.eu/status/45","type":"AnyExtension"},"termsOfUse":{"id":"https://essif.europa.eu/accreditation/45","type":"AnyExtension"}}
----------------------------------------------------------------------------------
14987 [JettyServerThreadPool-296] INFO io.javalin.Javalin - JAVALIN REQUEST DEBUG LOG:
Request: GET [/v1/templates/KybCredential]
    Matching endpoint-handlers: [BEFORE=*, GET=/v1/templates/{id}]
    Headers: {Accept-Charset=UTF-8, Accept=application/json, User-Agent=Ktor client, Connection=keep-alive, Host=localhost:7001, Accept-Encoding=gzip, Content-Type=application/json}
    Cookies: {}
    Body: 
    QueryString: null
    QueryParams: {}
    FormParams: {}
Response: [200], execution took 0.24 ms
    Headers: {Date=Thu, 12 Sep 2024 09:39:50 GMT, Content-Type=text/plain}
    Body is 954 bytes (starts on next line):
    {"type":["VerifiableCredential","VerifiableAttestation","KybCredential"],"@context":["https://www.w3.org/2018/credentials/v1"],"id":"did:ebsi-eth:00000001/credentials/1872","issuer":"did:example:456","issued":"2020-08-24T14:13:44Z","credentialSubject":{"id":"did:key:dummy","brandName":"deltaDAO","commercialRegister":{"countryName":"Germany","locality":"Hamburg","organizationName":"Amtsgericht Hamburg (-Mitte)","organizationUnit":"Registergericht","postalCode":"20355","streetAddress":"Caffamacherreihe 20"},"corporateEmailAddress":"contact@delta-dao.com","individualContactLegal":"legal@delta-dao.com","individualContactTechnical":"support@delta-dao.com","jurisdiction":"Germany","legalForm":"Stock Company","legalRegistrationNumber":"HRB 170364","legallyBindingAddress":{"countryName":"Germany","locality":"Hamburg","postalCode":"22303","streetAddress":"Geibelstr. 46B"},"legallyBindingName":"deltaDAO AG","webAddress":"https://www.delta-dao.com/"}}
----------------------------------------------------------------------------------
14989 [JettyServerThreadPool-298] INFO io.javalin.Javalin - JAVALIN REQUEST DEBUG LOG:
Request: GET [/v1/templates/EbsiAccreditedVerifiableAttestation]
    Matching endpoint-handlers: [BEFORE=*, GET=/v1/templates/{id}]
    Headers: {Accept-Charset=UTF-8, Accept=application/json, User-Agent=Ktor client, Connection=keep-alive, Host=localhost:7001, Accept-Encoding=gzip, Content-Type=application/json}
    Cookies: {}
    Body: 
    QueryString: null
    QueryParams: {}
    FormParams: {}
Response: [200], execution took 0.20 ms
    Headers: {Date=Thu, 12 Sep 2024 09:39:50 GMT, Content-Type=text/plain}
    Body is 807 bytes (starts on next line):
    {"type":["VerifiableCredential","VerifiableAttestation","AccreditedVerifiableAttestation"],"@context":["https://www.w3.org/2018/credentials/v1"],"id":"urn:uuid:58afcb57-81f9-4e8c-817b-01f0597d6801","issuer":"did:ebsi:00001234","issuanceDate":"2021-11-01T00:00:00Z","issued":"2020-06-22T14:11:44Z","validFrom":"2021-11-01T00:00:00Z","expirationDate":"2024-06-22T14:11:44Z","credentialSchema":{"id":"https://api-test.ebsi.eu/trusted-schemas-registry/v2/schemas/0x4a131e78474b35ca4c93d4904cae9f2013cd53794ce521f6fcfac17ac460c6e5","type":"FullJsonSchemaValidator2021"},"credentialSubject":{"id":"did:ebsi:00001235"},"termsOfUse":[{"id":"https://essif.europa.eu/accreditation/45","type":"VerifiableAccreditation"}],"credentialStatus":{"id":"https://essif.europa.eu/status/45","type":"CredentialsStatusList2020"}}
----------------------------------------------------------------------------------
14990 [JettyServerThreadPool-296] INFO io.javalin.Javalin - JAVALIN REQUEST DEBUG LOG:
Request: GET [/v1/templates/VerifiableDiploma]
    Matching endpoint-handlers: [BEFORE=*, GET=/v1/templates/{id}]
    Headers: {Accept-Charset=UTF-8, Accept=application/json, User-Agent=Ktor client, Connection=keep-alive, Host=localhost:7001, Accept-Encoding=gzip, Content-Type=application/json}
    Cookies: {}
    Body: 
    QueryString: null
    QueryParams: {}
    FormParams: {}
Response: [200], execution took 0.39 ms
    Headers: {Content-Encoding=gzip, Date=Thu, 12 Sep 2024 09:39:50 GMT, Content-Type=text/plain}
    Body is gzipped (2383 bytes, not logged)
----------------------------------------------------------------------------------
14991 [JettyServerThreadPool-298] INFO io.javalin.Javalin - JAVALIN REQUEST DEBUG LOG:
Request: GET [/v1/templates/OpenBadgeCredential]
    Matching endpoint-handlers: [BEFORE=*, GET=/v1/templates/{id}]
    Headers: {Accept-Charset=UTF-8, Accept=application/json, User-Agent=Ktor client, Connection=keep-alive, Host=localhost:7001, Accept-Encoding=gzip, Content-Type=application/json}
    Cookies: {}
    Body: 
    QueryString: null
    QueryParams: {}
    FormParams: {}
Response: [200], execution took 0.30 ms
    Headers: {Date=Thu, 12 Sep 2024 09:39:50 GMT, Content-Type=text/plain}
    Body is 1204 bytes (starts on next line):
    {"type":["VerifiableCredential","OpenBadgeCredential"],"@context":["https://www.w3.org/2018/credentials/v1","https://purl.imsglobal.org/spec/ob/v3p0/context.json"],"id":"urn:uuid:01af1ece-4279-4c1e-b952-469bc5b5bab2","issuer":{"id":"did:key:z6MkrHKzgsahxBLyNAbLQyB1pcWNYC9GmywiWPgkrvntAZcj","image":{"id":"https://w3c-ccg.github.io/vc-ed/plugfest-2-2022/images/JFF-VC-EDU-PLUGFEST2-badge-image.png","type":"Image"},"name":"Jobs for the Future (JFF)","type":"Profile","url":"https://w3c-ccg.github.io/vc-ed/plugfest-2-2022/images/JFF-VC-EDU-PLUGFEST2-badge-image.png"},"issuanceDate":"2020-03-10T04:24:12.164Z","issued":"2020-03-10T04:24:12.164Z","credentialSubject":{"id":"did:jwk:1235667890","achievement":{"criteria":{"narrative":"The cohort of the JFF Plugfest 2 in August-November of 2022 collaborated to push interoperability of VCs in education forward.","type":"Criteria"},"description":"This wallet can display this Open Badge 3.0","id":"0","image":{"id":"https://w3c-ccg.github.io/vc-ed/plugfest-2-2022/images/JFF-VC-EDU-PLUGFEST2-badge-image.png","type":"Image"},"name":"Our Wallet Passed JFF Plugfest #2 2022","type":"Achievement"},"type":"AchievementSubject"},"name":"Achievement Credential"}
----------------------------------------------------------------------------------
14993 [JettyServerThreadPool-296] INFO io.javalin.Javalin - JAVALIN REQUEST DEBUG LOG:
Request: GET [/v1/templates/VerifiableMandate]
    Matching endpoint-handlers: [BEFORE=*, GET=/v1/templates/{id}]
    Headers: {Accept-Charset=UTF-8, Accept=application/json, User-Agent=Ktor client, Connection=keep-alive, Host=localhost:7001, Accept-Encoding=gzip, Content-Type=application/json}
    Cookies: {}
    Body: 
    QueryString: null
    QueryParams: {}
    FormParams: {}
Response: [200], execution took 0.10 ms
    Headers: {Date=Thu, 12 Sep 2024 09:39:50 GMT, Content-Type=text/plain}
    Body is 937 bytes (starts on next line):
    {"type":["VerifiableCredential","VerifiableMandate"],"@context":["https://www.w3.org/2018/credentials/v1"],"id":"urn:uuid:3add94f4-28ec-42a1-8704-4e4aa51006b4","issuer":"did:ebsi:2A9BZ9SUe6BatacSpvs1V5CdjHvLpQ7bEsi2Jb6LdHKnQxaN","issuanceDate":"2021-08-31T00:00:00Z","issued":"2021-08-31T00:00:00Z","validFrom":"2021-08-31T00:00:00Z","credentialSchema":{"id":"https://api.preprod.ebsi.eu/trusted-schemas-registry/v1/schemas/0xb77f8516a965631b4f197ad54c65a9e2f9936ebfb76bae4906d33744dbcc60ba","type":"FullJsonSchemaValidator2021"},"credentialSubject":{"id":"","holder":{"constraints":{},"grant":"apply_to_masters","id":"","role":"family"},"policySchemaURI":"https://raw.githubusercontent.com/walt-id/waltid-ssikit/master/src/test/resources/verifiable-mandates/test-policy.rego"},"evidence":[{"evidenceValue":"","id":"https://essif.europa.eu/tsr-va/evidence/f2aeec97-fc0d-42bf-8ca7-0548192d5678","type":["VerifiableMandatePresentation"]}]}
----------------------------------------------------------------------------------
14994 [JettyServerThreadPool-298] INFO io.javalin.Javalin - JAVALIN REQUEST DEBUG LOG:
Request: GET [/v1/templates/VerifiableAuthorization]
    Matching endpoint-handlers: [BEFORE=*, GET=/v1/templates/{id}]
    Headers: {Accept-Charset=UTF-8, Accept=application/json, User-Agent=Ktor client, Connection=keep-alive, Host=localhost:7001, Accept-Encoding=gzip, Content-Type=application/json}
    Cookies: {}
    Body: 
    QueryString: null
    QueryParams: {}
    FormParams: {}
Response: [200], execution took 0.08 ms
    Headers: {Date=Thu, 12 Sep 2024 09:39:50 GMT, Content-Type=text/plain}
    Body is 318 bytes (starts on next line):
    {"type":["VerifiableCredential","VerifiableAuthorization"],"@context":["https://www.w3.org/2018/credentials/v1"],"id":"did:ebsi-eth:00000001/credentials/1872","issuer":"did:ebsi:000001234","issued":"2020-08-24T14:13:44Z","credentialSubject":{"id":"did:ebsi:00000004321","naturalPerson":{"did":"did:example:00001111"}}}
----------------------------------------------------------------------------------
14996 [JettyServerThreadPool-296] INFO io.javalin.Javalin - JAVALIN REQUEST DEBUG LOG:
Request: GET [/v1/templates/VerifiableVaccinationCertificate]
    Matching endpoint-handlers: [BEFORE=*, GET=/v1/templates/{id}]
    Headers: {Accept-Charset=UTF-8, Accept=application/json, User-Agent=Ktor client, Connection=keep-alive, Host=localhost:7001, Accept-Encoding=gzip, Content-Type=application/json}
    Cookies: {}
    Body: 
    QueryString: null
    QueryParams: {}
    FormParams: {}
Response: [200], execution took 0.43 ms
    Headers: {Content-Encoding=gzip, Date=Thu, 12 Sep 2024 09:39:50 GMT, Content-Type=text/plain}
    Body is gzipped (2082 bytes, not logged)
----------------------------------------------------------------------------------
14997 [JettyServerThreadPool-298] INFO io.javalin.Javalin - JAVALIN REQUEST DEBUG LOG:
Request: GET [/v1/templates/VerifiableAttestation]
    Matching endpoint-handlers: [BEFORE=*, GET=/v1/templates/{id}]
    Headers: {Accept-Charset=UTF-8, Accept=application/json, User-Agent=Ktor client, Connection=keep-alive, Host=localhost:7001, Accept-Encoding=gzip, Content-Type=application/json}
    Cookies: {}
    Body: 
    QueryString: null
    QueryParams: {}
    FormParams: {}
Response: [200], execution took 0.10 ms
    Headers: {Date=Thu, 12 Sep 2024 09:39:50 GMT, Content-Type=text/plain}
    Body is 1056 bytes (starts on next line):
    {"type":["VerifiableCredential","VerifiableAttestation"],"@context":["https://www.w3.org/2018/credentials/v1"],"id":"education#higherEducation#3fea53a4-0432-4910-ac9c-69ah8da3c37f","issuer":"did:ebsi:2757945549477fc571663bee12042873fe555b674bd294a3","issuanceDate":"2019-06-22T14:11:44Z","issued":"2019-06-22T14:11:44Z","validFrom":"2019-06-22T14:11:44Z","expirationDate":"2022-06-22T14:11:44Z","credentialSchema":{"id":"https://raw.githubusercontent.com/walt-id/waltid-ssikit-vclib/master/src/test/resources/schemas/VerifiableAttestation.json","type":"JsonSchemaValidator2018"},"credentialSubject":{"id":"id123"},"credentialStatus":{"id":"https://essif.europa.eu/status/identity#verifiableID#1dee355d-0432-4910-ac9c-70d89e8d674e","type":"CredentialStatusList2020"},"evidence":[{"documentPresence":"Physical","evidenceDocument":"Passport","id":"https://essif.europa.eu/tsr-va/evidence/f2aeec97-fc0d-42bf-8ca7-0548192d5678","subjectPresence":"Physical","type":["DocumentVerification"],"verifier":"did:ebsi:2962fb784df61baa267c8132497539f8c674b37c1244a7a"}]}
----------------------------------------------------------------------------------
14998 [JettyServerThreadPool-296] INFO io.javalin.Javalin - JAVALIN REQUEST DEBUG LOG:
Request: GET [/v1/templates/ParticipantCredential]
    Matching endpoint-handlers: [BEFORE=*, GET=/v1/templates/{id}]
    Headers: {Accept-Charset=UTF-8, Accept=application/json, User-Agent=Ktor client, Connection=keep-alive, Host=localhost:7001, Accept-Encoding=gzip, Content-Type=application/json}
    Cookies: {}
    Body: 
    QueryString: null
    QueryParams: {}
    FormParams: {}
Response: [200], execution took 0.21 ms
    Headers: {Date=Thu, 12 Sep 2024 09:39:50 GMT, Content-Type=text/plain}
    Body is 1129 bytes (starts on next line):
    {"type":["VerifiableCredential","ParticipantCredential"],"@context":["https://www.w3.org/2018/credentials/v1","https://w3id.org/security/suites/ed25519-2020/v1","https://w3id.org/security/suites/jws-2020/v1"],"id":"vc.gaia-x.eu/participant-credential#392ac7f6-399a-437b-a268-4691ead8f176","issuer":"did:web:vc.gaia-x.eu:issuer","issued":"2022-01-03T20:38:38Z","expirationDate":"2022-01-06T20:38:38Z","credentialSchema":{"id":"https://raw.githubusercontent.com/walt-id/waltid-ssikit-vclib/master/src/test/resources/schemas/ParticipantCredential.json","type":"JsonSchemaValidator2018"},"credentialSubject":{"id":"did:web:delta-dao.com","ethereumAddress":"0x4C84a36fCDb7Bc750294A7f3B5ad5CA8F74C4A52","hasCountry":"GER","hasJurisdiction":"GER","hasLegallyBindingName":"deltaDAO AG","hasRegistrationNumber":"DEK1101R.HRB170364","hash":"9ecf754ffdad0c6de238f60728a90511780b2f7dbe2f0ea015115515f3f389cd","leiCode":"391200FJBNU0YW987L26","parentOrganisation":"","subOrganisation":""},"credentialStatus":{"id":"https://gaiax.europa.eu/status/participant-credential#392ac7f6-399a-437b-a268-4691ead8f176","type":"CredentialStatusList2020"}}
----------------------------------------------------------------------------------
15000 [JettyServerThreadPool-298] INFO io.javalin.Javalin - JAVALIN REQUEST DEBUG LOG:
Request: GET [/v1/templates/PermanentResidentCard]
    Matching endpoint-handlers: [BEFORE=*, GET=/v1/templates/{id}]
    Headers: {Accept-Charset=UTF-8, Accept=application/json, User-Agent=Ktor client, Connection=keep-alive, Host=localhost:7001, Accept-Encoding=gzip, Content-Type=application/json}
    Cookies: {}
    Body: 
    QueryString: null
    QueryParams: {}
    FormParams: {}
Response: [200], execution took 0.09 ms
    Headers: {Date=Thu, 12 Sep 2024 09:39:50 GMT, Content-Type=text/plain}
    Body is 299 bytes (starts on next line):
    {"type":["VerifiableCredential","PermanentResidentCard"],"@context":["https://www.w3.org/2018/credentials/v1","https://w3id.org/citizenship/v1"],"issuer":"did:example:456","credentialSubject":{"id":"did:example:123","birthDate":"1958-08-17","givenName":"JOHN","type":["PermanentResident","Person"]}}
----------------------------------------------------------------------------------
15001 [JettyServerThreadPool-296] INFO io.javalin.Javalin - JAVALIN REQUEST DEBUG LOG:
Request: GET [/v1/templates/DataServiceOffering]
    Matching endpoint-handlers: [BEFORE=*, GET=/v1/templates/{id}]
    Headers: {Accept-Charset=UTF-8, Accept=application/json, User-Agent=Ktor client, Connection=keep-alive, Host=localhost:7001, Accept-Encoding=gzip, Content-Type=application/json}
    Cookies: {}
    Body: 
    QueryString: null
    QueryParams: {}
    FormParams: {}
Response: [200], execution took 0.22 ms
    Headers: {Date=Thu, 12 Sep 2024 09:39:50 GMT, Content-Type=text/plain}
    Body is 1409 bytes (starts on next line):
    {"type":["VerifiableCredential","DataServiceOffering"],"@context":["https://www.w3.org/2018/credentials/v1"],"id":"did:ebsi-eth:00000001/credentials/1872","issuer":"did:example:456","issued":"2020-08-24T14:13:44Z","credentialSubject":{"id":"Pilot004AIService","dependsOn":["Pilot004DataService"],"description":"AIS demonstrates machine learning application use case.","hasCertifications":["ISO_27001","GDPR_Compliance"],"hasMarketingImage":"https://www.data-infrastructure.eu/Data/Redaktion/EN/Bilder/UseCases/ai-marketplace-for-product-development.jpg?__blob=normal","hasName":"AIS","hasVersion":"0.1.0","providedBy":"GAIA-X","type":"Service","utilizes":["ExampleKubernetesService"]},"billing":{"paymentModel":{"frequenceOfPayment":"daily","unit":"EUR","value":"0.0"},"price":"0.0","unit":"EUR"},"description":"he data contains the basic information to build a transaction graph for later analysis by the safeFBDC algorithm. Is is one of multiple data sources to be analyzed.","keywords":["Analytics","AML","safeFBDC","finance","dataset","graph"],"modified":"2020-12-02T23:00:00+01:00","providedBy":"did:key:z6Mktqg13w3KRBdcqhyjU99ZhHF8FR6tRJACuQzmVcXNiH25","provisionType":"E.g., Hybrid","serviceModel":"E.g., DaaS","serviceTitle":"safeFBDC - Dataset A for safeFBDC AML analysis","version":"0.1","webAddress":"https://safefbdc.portal.minimal-gaia-x.eu/asset/did:op:348e1a938dB25221031Ed6b465782efCAcBB214E"}
----------------------------------------------------------------------------------
15003 [JettyServerThreadPool-298] ERROR id.walt.signatory.rest.SignatoryRestAPI - java.lang.IllegalArgumentException: Could not load template "EbsiEuropass" into WaltSignatory
	at id.walt.signatory.WaltIdSignatory.loadTemplate(WaltIdSignatory.kt:152)
	at id.walt.signatory.rest.SignatoryController.loadTemplate(SignatoryController.kt:46)
	at id.walt.signatory.rest.SignatoryRestAPI$start$2$3$2$2.invoke(SignatoryRestAPI.kt:136)
	at id.walt.signatory.rest.SignatoryRestAPI$start$2$3$2$2.invoke(SignatoryRestAPI.kt:136)
	at io.javalin.plugin.openapi.dsl.OpenApiBuilder.documented$lambda-0(OpenApiBuilder.kt:23)
	at io.javalin.plugin.openapi.dsl.DocumentedHandler.handle(DocumentedHandler.kt:10)
	at io.javalin.core.security.SecurityUtil.noopAccessManager(SecurityUtil.kt:20)
	at io.javalin.http.JavalinServlet.addHandler$lambda-0(JavalinServlet.kt:96)
	at io.javalin.http.JavalinServlet$lifecycle$2$1$1.invoke(JavalinServlet.kt:43)
	at io.javalin.http.JavalinServlet$lifecycle$2$1$1.invoke(JavalinServlet.kt:43)
	at io.javalin.http.JavalinServletHandler.executeNextTask(JavalinServletHandler.kt:99)
	at io.javalin.http.JavalinServletHandler.queueNextTaskOrFinish$lambda-1(JavalinServletHandler.kt:85)
	at java.base/java.util.concurrent.CompletableFuture.uniComposeStage(CompletableFuture.java:1187)
	at java.base/java.util.concurrent.CompletableFuture.thenCompose(CompletableFuture.java:2309)
	at io.javalin.http.JavalinServletHandler.queueNextTaskOrFinish$javalin(JavalinServletHandler.kt:85)
	at io.javalin.http.JavalinServletHandler.executeNextTask$lambda-11$lambda-10(JavalinServletHandler.kt:119)
	at java.base/java.util.concurrent.CompletableFuture.uniApplyNow(CompletableFuture.java:684)
	at java.base/java.util.concurrent.CompletableFuture.uniApplyStage(CompletableFuture.java:662)
	at java.base/java.util.concurrent.CompletableFuture.thenApply(CompletableFuture.java:2168)
	at io.javalin.http.JavalinServletHandler.executeNextTask(JavalinServletHandler.kt:119)
	at io.javalin.http.JavalinServletHandler.queueNextTaskOrFinish$lambda-1(JavalinServletHandler.kt:85)
	at java.base/java.util.concurrent.CompletableFuture.uniComposeStage(CompletableFuture.java:1187)
	at java.base/java.util.concurrent.CompletableFuture.thenCompose(CompletableFuture.java:2309)
	at io.javalin.http.JavalinServletHandler.queueNextTaskOrFinish$javalin(JavalinServletHandler.kt:85)
	at io.javalin.http.JavalinServlet.service(JavalinServlet.kt:89)
	at javax.servlet.http.HttpServlet.service(HttpServlet.java:790)
	at io.javalin.jetty.JavalinJettyServlet.service(JavalinJettyServlet.kt:58)
	at javax.servlet.http.HttpServlet.service(HttpServlet.java:790)
	at org.eclipse.jetty.servlet.ServletHolder.handle(ServletHolder.java:799)
	at org.eclipse.jetty.servlet.ServletHandler.doHandle(ServletHandler.java:554)
	at org.eclipse.jetty.server.handler.ScopedHandler.nextHandle(ScopedHandler.java:233)
	at org.eclipse.jetty.server.session.SessionHandler.doHandle(SessionHandler.java:1624)
	at org.eclipse.jetty.server.handler.ScopedHandler.nextHandle(ScopedHandler.java:233)
	at io.javalin.jetty.JettyServer$start$wsAndHttpHandler$1.doHandle(JettyServer.kt:52)
	at org.eclipse.jetty.server.handler.ScopedHandler.nextScope(ScopedHandler.java:188)
	at org.eclipse.jetty.servlet.ServletHandler.doScope(ServletHandler.java:505)
	at org.eclipse.jetty.server.session.SessionHandler.doScope(SessionHandler.java:1594)
	at org.eclipse.jetty.server.handler.ScopedHandler.nextScope(ScopedHandler.java:186)
	at org.eclipse.jetty.server.handler.ContextHandler.doScope(ContextHandler.java:1355)
	at org.eclipse.jetty.server.handler.ScopedHandler.handle(ScopedHandler.java:141)
	at org.eclipse.jetty.server.handler.StatisticsHandler.handle(StatisticsHandler.java:181)
	at org.eclipse.jetty.server.handler.HandlerWrapper.handle(HandlerWrapper.java:127)
	at org.eclipse.jetty.server.Server.handle(Server.java:516)
	at org.eclipse.jetty.server.HttpChannel.lambda$handle$1(HttpChannel.java:487)
	at org.eclipse.jetty.server.HttpChannel.dispatch(HttpChannel.java:732)
	at org.eclipse.jetty.server.HttpChannel.handle(HttpChannel.java:479)
	at org.eclipse.jetty.server.HttpConnection.onFillable(HttpConnection.java:277)
	at org.eclipse.jetty.io.AbstractConnection$ReadCallback.succeeded(AbstractConnection.java:311)
	at org.eclipse.jetty.io.FillInterest.fillable(FillInterest.java:105)
	at org.eclipse.jetty.io.ChannelEndPoint$1.run(ChannelEndPoint.java:104)
	at org.eclipse.jetty.util.thread.strategy.EatWhatYouKill.runTask(EatWhatYouKill.java:338)
	at org.eclipse.jetty.util.thread.strategy.EatWhatYouKill.doProduce(EatWhatYouKill.java:315)
	at org.eclipse.jetty.util.thread.strategy.EatWhatYouKill.tryProduce(EatWhatYouKill.java:173)
	at org.eclipse.jetty.util.thread.strategy.EatWhatYouKill.run(EatWhatYouKill.java:131)
	at org.eclipse.jetty.util.thread.ReservedThreadExecutor$ReservedThread.run(ReservedThreadExecutor.java:409)
	at org.eclipse.jetty.util.thread.QueuedThreadPool.runJob(QueuedThreadPool.java:883)
	at org.eclipse.jetty.util.thread.QueuedThreadPool$Runner.run(QueuedThreadPool.java:1034)
	at java.base/java.lang.Thread.run(Thread.java:833)

15004 [JettyServerThreadPool-298] INFO io.javalin.Javalin - JAVALIN REQUEST DEBUG LOG:
Request: GET [/v1/templates/EbsiEuropass]
    Matching endpoint-handlers: [BEFORE=*, GET=/v1/templates/{id}]
    Headers: {Accept-Charset=UTF-8, Accept=application/json, User-Agent=Ktor client, Connection=keep-alive, Host=localhost:7001, Accept-Encoding=gzip, Content-Type=application/json}
    Cookies: {}
    Body: 
    QueryString: null
    QueryParams: {}
    FormParams: {}
Response: [400], execution took 1.08 ms
    Headers: {Date=Thu, 12 Sep 2024 09:39:50 GMT, Content-Type=application/json}
    Body is 120 bytes (starts on next line):
    {"details" : [], "status" : 400, "title" : "Could not load template \"EbsiEuropass\" into WaltSignatory", "type" : null}
----------------------------------------------------------------------------------
15005 [JettyServerThreadPool-296] INFO io.javalin.Javalin - JAVALIN REQUEST DEBUG LOG:
Request: GET [/v1/templates/KybMonoCredential]
    Matching endpoint-handlers: [BEFORE=*, GET=/v1/templates/{id}]
    Headers: {Accept-Charset=UTF-8, Accept=application/json, User-Agent=Ktor client, Connection=keep-alive, Host=localhost:7001, Accept-Encoding=gzip, Content-Type=application/json}
    Cookies: {}
    Body: 
    QueryString: null
    QueryParams: {}
    FormParams: {}
Response: [200], execution took 0.29 ms
    Headers: {Date=Thu, 12 Sep 2024 09:39:50 GMT, Content-Type=text/plain}
    Body is 306 bytes (starts on next line):
    {"type":["VerifiableCredential","VerifiableAttestation","KybMonoCredential"],"@context":["https://www.w3.org/2018/credentials/v1"],"id":"did:ebsi-eth:00000001/credentials/1872","issuer":"did:example:456","issued":"2020-08-24T14:13:44Z","credentialSubject":{"id":"did:key:dummy","kybValidationPassed":true}}
----------------------------------------------------------------------------------
15007 [JettyServerThreadPool-298] INFO io.javalin.Javalin - JAVALIN REQUEST DEBUG LOG:
Request: GET [/v1/templates/EbsiVerifiableAttestationLegal]
    Matching endpoint-handlers: [BEFORE=*, GET=/v1/templates/{id}]
    Headers: {Accept-Charset=UTF-8, Accept=application/json, User-Agent=Ktor client, Connection=keep-alive, Host=localhost:7001, Accept-Encoding=gzip, Content-Type=application/json}
    Cookies: {}
    Body: 
    QueryString: null
    QueryParams: {}
    FormParams: {}
Response: [200], execution took 0.25 ms
    Headers: {Date=Thu, 12 Sep 2024 09:39:50 GMT, Content-Type=text/plain}
    Body is 1357 bytes (starts on next line):
    {"type":["VerifiableCredential","VerifiableAttestation"],"@context":["https://www.w3.org/2018/credentials/v1","https:/.europa.eu/schemas/v-id/2020/v1","https:/.europa.eu/schemas/eidas/2020/v1"],"id":"urn:did:123456","issuer":"did:ebsi:2757945549477fc571663bee12042873fe555b674bd294a3","issuanceDate":"2019-06-22T14:11:44Z","issued":"2019-06-22T14:11:44Z","validFrom":"2019-06-22T14:11:44Z","proof":{"type":"EidasSeal2021","created":"2019-06-22T14:11:44Z","proofPurpose":"assertionMethod","verificationMethod":"did:ebsi:2757945549477fc571663bee12042873fe555b674bd294a3#2368332668","jws":"HG21J4fdlnBvBA+y6D...amP7O="},"credentialSchema":{"id":"https:/.europa.eu/tsr-vid/verifiableid1.json","type":"FullJsonSchemaValidator2021"},"credentialSubject":{"id":"did:ebsi:2659b154a445434a39d91149ead3bd993cb99fd5e78281b7","identifier":[{"schemeID":"SHACL","value":"SHACL ID 1","id":"http://student.id/41231232"}],"legalName":"Example Company"},"credentialStatus":{"id":"https:/europa.eu/status/identity#1dee355d-0432-4910-ac9c-70d89e8d674e","type":"CredentialStatusList2020"},"evidence":[{"id":"https:/.europa.eu/tsr-vid/evidence/f2aeec97-fc0d-42bf-8ca7-0548192d4231","type":["DocumentVerification"],"verifier":"did:ebsi:2e81454f76775c687694ee6772a17796436768a30e289555","evidenceDocument":["Passport"],"subjectPresence":"Physical","documentPresence":["Physical"]}]}
----------------------------------------------------------------------------------
15008 [JettyServerThreadPool-296] INFO io.javalin.Javalin - JAVALIN REQUEST DEBUG LOG:
Request: GET [/v1/templates/DataSelfDescription]
    Matching endpoint-handlers: [BEFORE=*, GET=/v1/templates/{id}]
    Headers: {Accept-Charset=UTF-8, Accept=application/json, User-Agent=Ktor client, Connection=keep-alive, Host=localhost:7001, Accept-Encoding=gzip, Content-Type=application/json}
    Cookies: {}
    Body: 
    QueryString: null
    QueryParams: {}
    FormParams: {}
Response: [200], execution took 0.21 ms
    Headers: {Date=Thu, 12 Sep 2024 09:39:50 GMT, Content-Type=text/plain}
    Body is 686 bytes (starts on next line):
    {"type":["VerifiableCredential","DataSelfDescription"],"@context":["https://www.w3.org/2018/credentials/v1"],"id":"did:ebsi-eth:00000001/credentials/1872","issuer":"did:example:456","issued":"2020-08-24T14:13:44Z","credentialSubject":{"id":"Pilot004AIService","dependsOn":["Pilot004DataService"],"description":"AIS demonstrates machine learning application use case.","hasCertifications":["ISO_27001","GDPR_Compliance"],"hasMarketingImage":"https://www.data-infrastructure.eu/GAIAX/Redaktion/EN/Bilder/UseCases/ai-marketplace-for-product-development.jpg?__blob=normal","hasName":"AIS","hasVersion":"0.1.0","providedBy":"GAIA-X","type":"Service","utilizes":["ExampleKubernetesService"]}}
----------------------------------------------------------------------------------
15010 [JettyServerThreadPool-298] INFO io.javalin.Javalin - JAVALIN REQUEST DEBUG LOG:
Request: GET [/v1/templates/Iso27001Certificate]
    Matching endpoint-handlers: [BEFORE=*, GET=/v1/templates/{id}]
    Headers: {Accept-Charset=UTF-8, Accept=application/json, User-Agent=Ktor client, Connection=keep-alive, Host=localhost:7001, Accept-Encoding=gzip, Content-Type=application/json}
    Cookies: {}
    Body: 
    QueryString: null
    QueryParams: {}
    FormParams: {}
Response: [200], execution took 0.23 ms
    Headers: {Date=Thu, 12 Sep 2024 09:39:50 GMT, Content-Type=text/plain}
    Body is 896 bytes (starts on next line):
    {"type":["VerifiableCredential","VerifiableAttestation","Iso27001Certificate"],"@context":["https://www.w3.org/2018/credentials/v1"],"id":"did:ebsi-eth:00000001/credentials/1872","issuer":"did:example:456","issued":"2020-08-24T14:13:44Z","credentialSubject":{"id":"did:key:dummy","brandName":"deltaDAO","corporateEmailAddress":"contact@delta-dao.com","individualContactLegal":"legal@delta-dao.com","individualContactTechnical":"support@delta-dao.com","jurisdiction":"Germany","legalForm":"Stock Company","legalRegistrationNumber":"HRB 170364","legallyBindingAddress":{"countryName":"Germany","locality":"Hamburg","postalCode":"22303","streetAddress":"Geibelstr. 46B"},"legallyBindingName":"deltaDAO AG","webAddress":"https://www.delta-dao.com/"},"iso2700Criteria":{"certifcateName":"IOS/IEC 27001:2022","certificateNr":"123","scope":["consulting service","software development","IT operations"]}}
----------------------------------------------------------------------------------
15011 [JettyServerThreadPool-296] INFO io.javalin.Javalin - JAVALIN REQUEST DEBUG LOG:
Request: GET [/v1/templates/PeerReview]
    Matching endpoint-handlers: [BEFORE=*, GET=/v1/templates/{id}]
    Headers: {Accept-Charset=UTF-8, Accept=application/json, User-Agent=Ktor client, Connection=keep-alive, Host=localhost:7001, Accept-Encoding=gzip, Content-Type=application/json}
    Cookies: {}
    Body: 
    QueryString: null
    QueryParams: {}
    FormParams: {}
Response: [200], execution took 0.23 ms
    Headers: {Date=Thu, 12 Sep 2024 09:39:50 GMT, Content-Type=text/plain}
    Body is 862 bytes (starts on next line):
    {"type":["VerifiableCredential","PeerReview"],"@context":["https://www.w3.org/2018/credentials/v1"],"id":"identity#PeerReview#3add94f4-28ec-42a1-8704-4e4aa51006b4","issuer":"did:example:456","issuanceDate":"2021-08-31T00:00:00Z","issued":"2021-08-31T00:00:00Z","validFrom":"2021-08-31T00:00:00Z","credentialSchema":{"id":"https://raw.githubusercontent.com/walt-id/waltid-ssikit-vclib/master/src/test/resources/serialized/PeerReview.json","type":"JsonSchemaValidator2018"},"credentialSubject":{"id":"identity#verifiableID","completedDate":"2021-08-31T00:00:00Z","groupingKey":"c4235de3-e35b-4a53-ac46-f62c2b222441","measurements":[{"indicators":[{"category":"SKILL","name":"Coaching","type":"People Skills"}],"name":"Coaching","numberValue":87,"scale":"PERCENTAGE","type":"People Skills"}],"name":"WorkPi Peer Review","providerName":"WorkPi","type":"Assessment"}}
----------------------------------------------------------------------------------
15013 [JettyServerThreadPool-298] INFO io.javalin.Javalin - JAVALIN REQUEST DEBUG LOG:
Request: GET [/v1/templates/AmletCredential]
    Matching endpoint-handlers: [BEFORE=*, GET=/v1/templates/{id}]
    Headers: {Accept-Charset=UTF-8, Accept=application/json, User-Agent=Ktor client, Connection=keep-alive, Host=localhost:7001, Accept-Encoding=gzip, Content-Type=application/json}
    Cookies: {}
    Body: 
    QueryString: null
    QueryParams: {}
    FormParams: {}
Response: [200], execution took 0.24 ms
    Headers: {Date=Thu, 12 Sep 2024 09:39:50 GMT, Content-Type=text/plain}
    Body is 1204 bytes (starts on next line):
    {"type":["VerifiableCredential","AmletCredential"],"@context":["https://www.w3.org/2018/credentials/v1"],"id":"","issuer":"did:ebsi:zkttgPyjddU8JqrkQ9aV5MW#6462224517f04e9d84ba1ea09c82e01c","issuanceDate":"2022-03-21T00:00:00Z","issued":"2022-03-21T00:00:00Z","validFrom":"2022-03-21T00:00:00Z","expirationDate":"2023-03-21T00:00:00Z","credentialSchema":{"id":"https://raw.githubusercontent.com/walt-id/waltid-ssikit-vclib/master/src/test/resources/schemas/AmletCredential.json","type":"JsonSchemaValidator2018"},"credentialSubject":{"id":"did:ebsi:zukSNRQ7Umb2TzbRLNkTGX4#3bf09a67ac1348f4bfe35b7c7fc54fba","birthDate":"1995-05-03","birthPlace":"Milan","company":{"address":"VLE. BACCHIGLIONE 20, MILANO","email":"info@mopso.it","foundingDate":"2021-01-01","hasInternationalActivity":true,"isRecipientOfPublicFunds":true,"isRiskSector":false,"name":"Mopso","revenue":"10000","ultimateBeneficialOwners":[{"address":"Milan, Italy","birthDate":"1995-05-03","birthPlace":"Milan","citizenship":"Italian","familyName":"Doe","givenName":"Jane","isPep":false,"taxID":"DOEJNA95M43Z330V"}],"vatId":"11717750969"},"execRappr":"LEGAL REPRESENTATIVE","familyName":"Doe","givenName":"Jane","taxID":"DOEJNA95M43Z330V"}}
----------------------------------------------------------------------------------
15014 [JettyServerThreadPool-296] INFO io.javalin.Javalin - JAVALIN REQUEST DEBUG LOG:
Request: GET [/v1/templates/LegalPerson]
    Matching endpoint-handlers: [BEFORE=*, GET=/v1/templates/{id}]
    Headers: {Accept-Charset=UTF-8, Accept=application/json, User-Agent=Ktor client, Connection=keep-alive, Host=localhost:7001, Accept-Encoding=gzip, Content-Type=application/json}
    Cookies: {}
    Body: 
    QueryString: null
    QueryParams: {}
    FormParams: {}
Response: [200], execution took 0.20 ms
    Headers: {Date=Thu, 12 Sep 2024 09:39:50 GMT, Content-Type=text/plain}
    Body is 1066 bytes (starts on next line):
    {"type":["VerifiableCredential","LegalPerson"],"@context":["https://www.w3.org/2018/credentials/v1"],"id":"https://delta-dao.com/.well-known/participant.json","issuer":"did:web:delta-dao.com","issuanceDate":"2022-09-15T20:05:20.997Z","credentialSubject":{"id":"did:web:delta-dao.com","gx-participant:blockchainAccountId":"0x4C84a36fCDb7Bc750294A7f3B5ad5CA8F74C4A52","gx-participant:headquarterAddress":{"gx-participant:addressCode":"DE-HH","gx-participant:addressCountryCode":"DE","gx-participant:postal-code":"22303","gx-participant:street-address":"Geibelstraße 46b"},"gx-participant:legalAddress":{"gx-participant:addressCode":"DE-HH","gx-participant:addressCountryCode":"DE","gx-participant:postal-code":"22303","gx-participant:street-address":"Geibelstraße 46b"},"gx-participant:legalName":"deltaDAO AG","gx-participant:registrationNumber":{"gx-participant:registrationNumberNumber":"391200FJBNU0YW987L26","gx-participant:registrationNumberType":"leiCode"},"gx-participant:termsAndConditions":"70c1d713215f95191a11d38fe2341faed27d19e083917bc8732ca4fea4976700"}}
----------------------------------------------------------------------------------
15015 [JettyServerThreadPool-298] INFO io.javalin.Javalin - JAVALIN REQUEST DEBUG LOG:
Request: GET [/v1/templates/GaiaxCredential]
    Matching endpoint-handlers: [BEFORE=*, GET=/v1/templates/{id}]
    Headers: {Accept-Charset=UTF-8, Accept=application/json, User-Agent=Ktor client, Connection=keep-alive, Host=localhost:7001, Accept-Encoding=gzip, Content-Type=application/json}
    Cookies: {}
    Body: 
    QueryString: null
    QueryParams: {}
    FormParams: {}
Response: [200], execution took 0.20 ms
    Headers: {Date=Thu, 12 Sep 2024 09:39:50 GMT, Content-Type=text/plain}
    Body is 1245 bytes (starts on next line):
    {"type":["VerifiableCredential","GaiaxCredential"],"@context":["https://www.w3.org/2018/credentials/v1"],"id":"did:ebsi-eth:00000001/credentials/1872","issuer":"did:example:456","issued":"2020-08-24T14:13:44Z","credentialSubject":{"id":"did:key:dummy","DNSpublicKey":"04:8B:CA:33:B1:A1:3A:69:E6:A2:1E:BE:CB:4E:DF:75:A9:70:8B:AA:51:83:AB:A1:B0:5A:35:20:3D:B4:29:09:AD:67:B4:12:19:3B:6A:B5:7C:12:3D:C4:CA:DD:A5:E0:DA:05:1E:5E:1A:4B:D1:F2:BA:8F:07:4D:C7:B6:AA:23:46","brandName":"deltaDAO","commercialRegister":{"countryName":"Germany","locality":"Hamburg","organizationName":"Amtsgericht Hamburg (-Mitte)","organizationUnit":"Registergericht","postalCode":"20355","streetAddress":"Caffamacherreihe 20"},"corporateEmailAddress":"contact@delta-dao.com","ethereumAddress":{"id":"0x4C84a36fCDb7Bc750294A7f3B5ad5CA8F74C4A52"},"individualContactLegal":"legal@delta-dao.com","individualContactTechnical":"support@delta-dao.com","jurisdiction":"Germany","legalForm":"Stock Company","legalRegistrationNumber":"HRB 170364","legallyBindingAddress":{"countryName":"Germany","locality":"Hamburg","postalCode":"22303","streetAddress":"Geibelstr. 46B"},"legallyBindingName":"deltaDAO AG","trustState":"trusted","webAddress":{"url":"https://www.delta-dao.com/"}}}
----------------------------------------------------------------------------------
15016 [JettyServerThreadPool-296] INFO io.javalin.Javalin - JAVALIN REQUEST DEBUG LOG:
Request: GET [/v1/templates/VerifiablePresentation]
    Matching endpoint-handlers: [BEFORE=*, GET=/v1/templates/{id}]
    Headers: {Accept-Charset=UTF-8, Accept=application/json, User-Agent=Ktor client, Connection=keep-alive, Host=localhost:7001, Accept-Encoding=gzip, Content-Type=application/json}
    Cookies: {}
    Body: 
    QueryString: null
    QueryParams: {}
    FormParams: {}
Response: [200], execution took 0.23 ms
    Headers: {Date=Thu, 12 Sep 2024 09:39:50 GMT, Content-Type=text/plain}
    Body is 1294 bytes (starts on next line):
    {"type":["VerifiablePresentation"],"@context":["https://www.w3.org/2018/credentials/v1"],"id":"id","holder":"did:ebsi:00000004321","verifiableCredential":[{"@context":["https://www.w3.org/2018/credentials/v1"],"credentialSubject":{"id":"did:ebsi:00000004321","naturalPerson":{"did":"did:example:00001111"}},"id":"did:ebsi-eth:00000001/credentials/1872","issued":"2020-08-24T14:13:44Z","issuer":"did:ebsi:000001234","proof":{"created":"assertionMethod","creator":"2020-08-24T14:13:44Z","domain":"did:ebsi-eth:000001234#key-1","proofPurpose":"eyJhbGciOiJSUzI1NiIsImI2NCI6ZmFsc2UsImNyaXQiOlsiYjY0Il19.","type":"EcdsaSecp256k1Signature2019"},"type":["VerifiableCredential","VerifiableAuthorization"]},{"@context":["https://www.w3.org/2018/credentials/v1","https://w3id.org/citizenship/v1"],"credentialSubject":{"birthDate":"1958-08-17","givenName":"JOHN","id":"did:example:123","type":["PermanentResident","Person"]},"issuer":"did:example:456","proof":{"created":"assertionMethod","creator":"2020-04-22T10:37:22Z","domain":"did:example:456#key-1","proofPurpose":"eyJjcml0IjpbImI2NCJdLCJiNjQiOmZhbHNlLCJhbGciOiJFZERTQSJ9..BhWew0x-txcroGjgdtK-yBCqoetg9DD9SgV4245TmXJi-PmqFzux6Cwaph0r-mbqzlE17yLebjfqbRT275U1AA","type":"Ed25519Signature2018"},"type":["VerifiableCredential","PermanentResidentCard"]}]}
----------------------------------------------------------------------------------
15017 [JettyServerThreadPool-298] INFO io.javalin.Javalin - JAVALIN REQUEST DEBUG LOG:
Request: GET [/v1/templates/EuropeanBankIdentity]
    Matching endpoint-handlers: [BEFORE=*, GET=/v1/templates/{id}]
    Headers: {Accept-Charset=UTF-8, Accept=application/json, User-Agent=Ktor client, Connection=keep-alive, Host=localhost:7001, Accept-Encoding=gzip, Content-Type=application/json}
    Cookies: {}
    Body: 
    QueryString: null
    QueryParams: {}
    FormParams: {}
Response: [200], execution took 0.32 ms
    Headers: {Date=Thu, 12 Sep 2024 09:39:50 GMT, Content-Type=text/plain}
    Body is 665 bytes (starts on next line):
    {"type":["VerifiableCredential","EuropeanBankIdentity"],"@context":["https://www.w3.org/2018/credentials/v1"],"id":"identity#EuropeanBankIdentity#3add94f4-28ec-42a1-8704-4e4aa51006b4","issuer":"did:example:456","issuanceDate":"2021-08-31T00:00:00Z","issued":"2021-08-31T00:00:00Z","validFrom":"2021-08-31T00:00:00Z","credentialSchema":{"id":"https://raw.githubusercontent.com/walt-id/waltid-ssikit-vclib/master/src/test/resources/schemas/EuropeanBankIdentity.json","type":"JsonSchemaValidator2018"},"credentialSubject":{"id":"identity#verifiableID","birthDate":"1958-08-17","familyName":"DOE","givenName":"JOHN","placeOfBirth":{"country":"DE","locality":"Berlin"}}}
----------------------------------------------------------------------------------
15019 [JettyServerThreadPool-296] INFO io.javalin.Javalin - JAVALIN REQUEST DEBUG LOG:
Request: GET [/v1/templates/ServiceOfferingCredential]
    Matching endpoint-handlers: [BEFORE=*, GET=/v1/templates/{id}]
    Headers: {Accept-Charset=UTF-8, Accept=application/json, User-Agent=Ktor client, Connection=keep-alive, Host=localhost:7001, Accept-Encoding=gzip, Content-Type=application/json}
    Cookies: {}
    Body: 
    QueryString: null
    QueryParams: {}
    FormParams: {}
Response: [200], execution took 0.24 ms
    Headers: {Date=Thu, 12 Sep 2024 09:39:50 GMT, Content-Type=text/plain}
    Body is 1424 bytes (starts on next line):
    {"type":["VerifiableCredential","ServiceOfferingExperimental"],"@context":["https://www.w3.org/2018/credentials/v1"],"id":"https://compliance.gaia-x.eu/.well-known/serviceComplianceService.json","credentialSubject":{"id":"https://compliance.gaia-x.eu/.well-known/serviceComplianceService.json","gx-service-offering:dataExport":[{"gx-service-offering:accessType":"digital","gx-service-offering:formatType":"mime/png","gx-service-offering:requestType":"emails"}],"gx-service-offering:dataProtectionRegime":["GDPR2016"],"gx-service-offering:dependsOn":["https://compliance.gaia-x.eu/.well-known/serviceManagedPostgreSQLOVH.json","https://compliance.gaia-x.eu/.well-known/serviceManagedK8sOVH.json"],"gx-service-offering:description":"The Compliance Service will validate the shape and content of Self Descriptions. Required fields and consistency rules are defined in the Gaia-X Trust Framework.","gx-service-offering:gdpr":[{"gx-service-offering:imprint":"https://gaia-x.eu/imprint/","gx-service-offering:privacyPolicy":"https://gaia-x.eu/privacy-policy/"}],"gx-service-offering:name":"Gaia-X Lab Compliance Service","gx-service-offering:providedBy":"https://compliance.gaia-x.eu/.well-known/participant.json","gx-service-offering:termsAndConditions":[{"gx-service-offering:hash":"myrandomhash","gx-service-offering:url":"https://compliance.gaia-x.eu/terms"}],"gx-service-offering:webAddress":"https://compliance.gaia-x.eu/"}}
----------------------------------------------------------------------------------
15020 [JettyServerThreadPool-298] INFO io.javalin.Javalin - JAVALIN REQUEST DEBUG LOG:
Request: GET [/v1/templates/Email]
    Matching endpoint-handlers: [BEFORE=*, GET=/v1/templates/{id}]
    Headers: {Accept-Charset=UTF-8, Accept=application/json, User-Agent=Ktor client, Connection=keep-alive, Host=localhost:7001, Accept-Encoding=gzip, Content-Type=application/json}
    Cookies: {}
    Body: 
    QueryString: null
    QueryParams: {}
    FormParams: {}
Response: [200], execution took 0.30 ms
    Headers: {Date=Thu, 12 Sep 2024 09:39:50 GMT, Content-Type=text/plain}
    Body is 314 bytes (starts on next line):
    {"type":["VerifiableCredential","Email"],"@context":["https://www.w3.org/2018/credentials/v1"],"credentialSubject":{"email":"adam.smith@example.com"},"context":["https://www.w3.org/2018/credentials/v1"],"credentialStatus":{"id":"https://credentialstatus.velocitycareerlabs.io","type":"VelocityRevocationRegistry"}}
----------------------------------------------------------------------------------
15021 [Test worker @coroutine#63] INFO io.javalin.Javalin - Stopping Javalin ...
15022 [Test worker @coroutine#63] INFO io.javalin.Javalin - Javalin has stopped
]]></system-err>
</testsuite>
