<?xml version="1.0" encoding="UTF-8"?>
<testsuite name="id.walt.auditor.ExpirationDateBeforePolicyTest" tests="4" skipped="0" failures="0" errors="0" timestamp="2024-09-12T09:39:41" hostname="pablito-B550-AORUS-ELITE-V2" time="0.011">
  <properties/>
  <testcase name="returns true when expiration date is after current" classname="id.walt.auditor.ExpirationDateBeforePolicyTest" time="0.005"/>
  <testcase name="returns false when expiration date is in the future" classname="id.walt.auditor.ExpirationDateBeforePolicyTest" time="0.002"/>
  <testcase name="returns true when vc is not a presentation and expiration date is null" classname="id.walt.auditor.ExpirationDateBeforePolicyTest" time="0.001"/>
  <testcase name="returns always true when vc is a presentation" classname="id.walt.auditor.ExpirationDateBeforePolicyTest" time="0.0"/>
  <system-out><![CDATA[]]></system-out>
  <system-err><![CDATA[6059 [pool-1-thread-1 @coroutine#111] DEBUG id.walt.auditor.VerificationPolicy - VC [VerifiableCredential] passes policy ExpirationDateAfterPolicy: passed
6064 [pool-1-thread-1 @coroutine#112] DEBUG id.walt.auditor.VerificationPolicy - VerificationPolicy failed: 
6064 [pool-1-thread-1 @coroutine#112] DEBUG id.walt.auditor.VerificationPolicy - VC [VerifiableCredential] passes policy ExpirationDateAfterPolicy: failed: 
6066 [pool-1-thread-1 @coroutine#113] DEBUG id.walt.auditor.VerificationPolicy - VC [VerifiableCredential] passes policy ExpirationDateAfterPolicy: passed
6067 [pool-1-thread-1 @coroutine#114] DEBUG id.walt.auditor.VerificationPolicy - VC [VerifiablePresentation] passes policy ExpirationDateAfterPolicy: passed
]]></system-err>
</testsuite>
