<?xml version="1.0" encoding="UTF-8"?>
<testsuite name="id.walt.cli.VcVerifyCommandTest" tests="5" skipped="0" failures="0" errors="0" timestamp="2024-09-12T09:39:42" hostname="pablito-B550-AORUS-ELITE-V2" time="0.073">
  <properties/>
  <testcase name="vc verify --help" classname="id.walt.cli.VcVerifyCommandTest" time="0.004"/>
  <testcase name="vc policies" classname="id.walt.cli.VcVerifyCommandTest" time="0.002"/>
  <testcase name="vc verify -p SignaturePolicy path/to/vp.json" classname="id.walt.cli.VcVerifyCommandTest" time="0.023"/>
  <testcase name="vc verify -p SignaturePolicy path/to/vp.jwt" classname="id.walt.cli.VcVerifyCommandTest" time="0.02"/>
  <testcase name="dynamic policies management CLI" classname="id.walt.cli.VcVerifyCommandTest" time="0.021"/>
  <system-out><![CDATA[- SignaturePolicy        Verify by signature,    Argument: None
- JsonSchemaPolicy       Verify by JSON schema,  Argument: JsonSchemaPolicyArg
- EbsiTrustedSchemaRegistryPolicy        Verify by EBSI Trusted Schema Registry,         Argument: None
- EbsiTrustedIssuerDidPolicy     Verify by trusted issuer did,   Argument: None
- EbsiTrustedIssuerRegistryPolicy        Verify by an EBSI Trusted Issuers Registry compliant api.,      Argument: EbsiTrustedIssuerRegistryPolicyArg
- EbsiTrustedIssuerAccreditationPolicy   Verify by issuer's authorized claims,   Argument: None
- EbsiTrustedSubjectDidPolicy    Verify by trusted subject did,  Argument: None
- IssuedDateBeforePolicy         Verify by issuance date,        Argument: None
- ValidFromBeforePolicy  Verify by valid from,   Argument: None
- ExpirationDateAfterPolicy      Verify by expiration date,      Argument: None
- GaiaxSDPolicy  Verify Gaiax SD fields,         Argument: None
- ChallengePolicy        Verify challenge,       Argument: ChallengePolicyArg
- PresentationDefinitionPolicy   Verify that verifiable presentation complies with presentation definition,      Argument: PresentationDefinition
- CredentialStatusPolicy         Verify by credential status,    Argument: None
- DynamicPolicy  Verify credential by rego policy,       Argument: DynamicPolicyArg
- MultiSignaturePolicy   Verify embedded multiple signatures,    Argument: None
- VerifiableMandatePolicy        Predefined policy for verifiable mandates,      Argument: JsonObject

(*) ... mutable dynamic policy
Verifying from file "/tmp/vpr5097793843760438366.json"...


Results:

SignaturePolicy:         failed: #1: IllegalArgumentException - Could not load key: z6MkoG8KnMrCisodJMSK4eYMLQEzPcNzrBA9L6tRxxJU4AJs
Verified:                false
Verifying from file "/tmp/vpr234322996519966758.jwt"...


Results:

SignaturePolicy:         passed
Verified:                true
Policy created/updated: TestPolicy
Policy removed: TestPolicy
]]></system-out>
  <system-err><![CDATA[7591 [pool-1-thread-1 @coroutine#168] DEBUG id.walt.services.keystore.HKVKeyStoreService - Storing key "b1fb9d6a5cc34d62a79d05beb8a0c113".
7591 [pool-1-thread-1 @coroutine#168] DEBUG id.walt.services.keystore.HKVKeyStoreService - Loading key "b1fb9d6a5cc34d62a79d05beb8a0c113".
7592 [pool-1-thread-1 @coroutine#168] DEBUG id.walt.model.DidUrl - Trying to create DidUrl from URL: "did:key:z6MkoG8KnMrCisodJMSK4eYMLQEzPcNzrBA9L6tRxxJU4AJs"...
7593 [pool-1-thread-1 @coroutine#168] DEBUG id.walt.services.keystore.HKVKeyStoreService - Loading key "b1fb9d6a5cc34d62a79d05beb8a0c113".
7594 [pool-1-thread-1 @coroutine#168] DEBUG id.walt.services.did.DidService - A key with the id "b1fb9d6a5cc34d62a79d05beb8a0c113" exists.
7594 [pool-1-thread-1 @coroutine#168] DEBUG id.walt.model.DidUrl - Trying to create DidUrl from URL: "did:key:z6MkoG8KnMrCisodJMSK4eYMLQEzPcNzrBA9L6tRxxJU4AJs"...
7594 [pool-1-thread-1 @coroutine#168] DEBUG id.walt.model.DidUrl - Trying to create DidUrl from URL: "did:key:z6MkoG8KnMrCisodJMSK4eYMLQEzPcNzrBA9L6tRxxJU4AJs"...
7595 [pool-1-thread-1 @coroutine#168] DEBUG id.walt.model.DidUrl - Trying to create DidUrl from URL: "did:key:z6MkoG8KnMrCisodJMSK4eYMLQEzPcNzrBA9L6tRxxJU4AJs"...
7595 [pool-1-thread-1 @coroutine#168] DEBUG id.walt.model.DidUrl - Trying to create DidUrl from URL: "did:key:z6MkoG8KnMrCisodJMSK4eYMLQEzPcNzrBA9L6tRxxJU4AJs"...
7595 [pool-1-thread-1 @coroutine#168] DEBUG id.walt.model.DidUrl - Trying to create DidUrl from URL: "did:key:z6MkoG8KnMrCisodJMSK4eYMLQEzPcNzrBA9L6tRxxJU4AJs"...
7595 [pool-1-thread-1 @coroutine#168] DEBUG id.walt.signatory.WaltIdSignatory - Signing credential with proof using JWT...
7595 [pool-1-thread-1 @coroutine#168] DEBUG id.walt.signatory.WaltIdSignatory - Signing credential with proof using JWT, credential is: {"type":["VerifiableCredential","VerifiableAttestation","VerifiableDiploma"],"@context":["https://www.w3.org/2018/credentials/v1"],"id":"urn:uuid:9d49fa2e-fd09-4c9f-85e4-17195559aa00","issuer":"did:key:z6MkoG8KnMrCisodJMSK4eYMLQEzPcNzrBA9L6tRxxJU4AJs","issuanceDate":"2024-09-12T09:39:42Z","issued":"2024-09-12T09:39:42Z","validFrom":"2024-09-12T09:39:42Z","expirationDate":"2022-08-31T00:00:00Z","credentialSchema":{"id":"https://raw.githubusercontent.com/walt-id/waltid-ssikit-vclib/master/src/test/resources/schemas/VerifiableDiploma.json","type":"JsonSchemaValidator2018"},"credentialSubject":{"id":"did:key:z6MkoG8KnMrCisodJMSK4eYMLQEzPcNzrBA9L6tRxxJU4AJs","awardingOpportunity":{"awardingBody":{"eidasLegalIdentifier":"Unknown","homepage":"https://leaston.bcdiploma.com/","id":"did:ebsi:2A9BZ9SUe6BatacSpvs1V5CdjHvLpQ7bEsi2Jb6LdHKnQxaN","preferredName":"Leaston University","registration":"0597065J"},"endedAtTime":"2020-06-26T00:00:00Z","id":"https://leaston.bcdiploma.com/law-economics-management#AwardingOpportunity","identifier":"https://certificate-demo.bcdiploma.com/check/87ED2F2270E6C41456E94B86B9D9115B4E35BCCAD200A49B846592C14F79C86BV1Fnbllta0NZTnJkR3lDWlRmTDlSRUJEVFZISmNmYzJhUU5sZUJ5Z2FJSHpWbmZZ","location":"FRANCE","startedAtTime":"2019-09-02T00:00:00Z"},"dateOfBirth":"1993-04-08","familyName":"DOE","givenNames":"Jane","gradingScheme":{"id":"https://leaston.bcdiploma.com/law-economics-management#GradingScheme","title":"Lower Second-Class Honours"},"identifier":"0904008084H","learningAchievement":{"additionalNote":["DISTRIBUTION MANAGEMENT"],"description":"MARKETING AND SALES","id":"https://leaston.bcdiploma.com/law-economics-management#LearningAchievment","title":"MASTERS LAW, ECONOMICS AND MANAGEMENT"},"learningSpecification":{"ectsCreditPoints":120,"eqfLevel":7,"id":"https://leaston.bcdiploma.com/law-economics-management#LearningSpecification","iscedfCode":["7"],"nqfLevel":["7"]}},"credentialStatus":{"id":"https://essif.europa.eu/status/education#higherEducation#392ac7f6-399a-437b-a268-4691ead8f176","type":"CredentialStatusList2020"},"evidence":{"documentPresence":["Physical"],"evidenceDocument":["Passport"],"id":"https://essif.europa.eu/tsr-va/evidence/f2aeec97-fc0d-42bf-8ca7-0548192d5678","subjectPresence":"Physical","type":["DocumentVerification"],"verifier":"did:ebsi:2962fb784df61baa267c8132497539f8c674b37c1244a7a"}}
7595 [pool-1-thread-1 @coroutine#168] DEBUG id.walt.services.vc.WaltIdJwtCredentialService - Signing JWT object with config: ProofConfig(issuerDid=did:key:z6MkoG8KnMrCisodJMSK4eYMLQEzPcNzrBA9L6tRxxJU4AJs, subjectDid=did:key:z6MkoG8KnMrCisodJMSK4eYMLQEzPcNzrBA9L6tRxxJU4AJs, verifierDid=null, issuerVerificationMethod=did:key:z6MkoG8KnMrCisodJMSK4eYMLQEzPcNzrBA9L6tRxxJU4AJs#z6MkoG8KnMrCisodJMSK4eYMLQEzPcNzrBA9L6tRxxJU4AJs, proofType=JWT, domain=null, nonce=null, proofPurpose=null, credentialId=urn:uuid:9d49fa2e-fd09-4c9f-85e4-17195559aa00, issueDate=2024-09-12T09:39:42.815478004Z, validDate=2024-09-12T09:39:42.815485217Z, expirationDate=null, dataProviderIdentifier=null, ldSignatureType=null, creator=did:key:z6MkoG8KnMrCisodJMSK4eYMLQEzPcNzrBA9L6tRxxJU4AJs, ecosystem=DEFAULT, statusType=null, statusPurpose=revocation, credentialsEndpoint=null, selectiveDisclosure=null)
7596 [pool-1-thread-1 @coroutine#168] DEBUG id.walt.services.vc.WaltIdJwtCredentialService - Signing: {"sub":"did:key:z6MkoG8KnMrCisodJMSK4eYMLQEzPcNzrBA9L6tRxxJU4AJs","nbf":1726133982,"iss":"did:key:z6MkoG8KnMrCisodJMSK4eYMLQEzPcNzrBA9L6tRxxJU4AJs","iat":1726133982,"vc":{"type":["VerifiableCredential","VerifiableAttestation","VerifiableDiploma"],"@context":["https://www.w3.org/2018/credentials/v1"],"id":"urn:uuid:9d49fa2e-fd09-4c9f-85e4-17195559aa00","issuer":"did:key:z6MkoG8KnMrCisodJMSK4eYMLQEzPcNzrBA9L6tRxxJU4AJs","issuanceDate":"2024-09-12T09:39:42Z","issued":"2024-09-12T09:39:42Z","validFrom":"2024-09-12T09:39:42Z","expirationDate":"2022-08-31T00:00:00Z","credentialSchema":{"id":"https://raw.githubusercontent.com/walt-id/waltid-ssikit-vclib/master/src/test/resources/schemas/VerifiableDiploma.json","type":"JsonSchemaValidator2018"},"credentialSubject":{"id":"did:key:z6MkoG8KnMrCisodJMSK4eYMLQEzPcNzrBA9L6tRxxJU4AJs","awardingOpportunity":{"awardingBody":{"eidasLegalIdentifier":"Unknown","homepage":"https://leaston.bcdiploma.com/","id":"did:ebsi:2A9BZ9SUe6BatacSpvs1V5CdjHvLpQ7bEsi2Jb6LdHKnQxaN","preferredName":"Leaston University","registration":"0597065J"},"endedAtTime":"2020-06-26T00:00:00Z","id":"https://leaston.bcdiploma.com/law-economics-management#AwardingOpportunity","identifier":"https://certificate-demo.bcdiploma.com/check/87ED2F2270E6C41456E94B86B9D9115B4E35BCCAD200A49B846592C14F79C86BV1Fnbllta0NZTnJkR3lDWlRmTDlSRUJEVFZISmNmYzJhUU5sZUJ5Z2FJSHpWbmZZ","location":"FRANCE","startedAtTime":"2019-09-02T00:00:00Z"},"dateOfBirth":"1993-04-08","familyName":"DOE","givenNames":"Jane","gradingScheme":{"id":"https://leaston.bcdiploma.com/law-economics-management#GradingScheme","title":"Lower Second-Class Honours"},"identifier":"0904008084H","learningAchievement":{"additionalNote":["DISTRIBUTION MANAGEMENT"],"description":"MARKETING AND SALES","id":"https://leaston.bcdiploma.com/law-economics-management#LearningAchievment","title":"MASTERS LAW, ECONOMICS AND MANAGEMENT"},"learningSpecification":{"ectsCreditPoints":120,"eqfLevel":7,"id":"https://leaston.bcdiploma.com/law-economics-management#LearningSpecification","iscedfCode":["7"],"nqfLevel":["7"]}},"credentialStatus":{"id":"https://essif.europa.eu/status/education#higherEducation#392ac7f6-399a-437b-a268-4691ead8f176","type":"CredentialStatusList2020"},"evidence":{"documentPresence":["Physical"],"evidenceDocument":["Passport"],"id":"https://essif.europa.eu/tsr-va/evidence/f2aeec97-fc0d-42bf-8ca7-0548192d5678","subjectPresence":"Physical","type":["DocumentVerification"],"verifier":"did:ebsi:2962fb784df61baa267c8132497539f8c674b37c1244a7a"}},"jti":"urn:uuid:9d49fa2e-fd09-4c9f-85e4-17195559aa00"}
7596 [pool-1-thread-1 @coroutine#168] DEBUG id.walt.services.keystore.HKVKeyStoreService - Loading key "did:key:z6MkoG8KnMrCisodJMSK4eYMLQEzPcNzrBA9L6tRxxJU4AJs#z6MkoG8KnMrCisodJMSK4eYMLQEzPcNzrBA9L6tRxxJU4AJs".
7596 [pool-1-thread-1 @coroutine#168] DEBUG id.walt.services.jwt.WaltIdJwtService - Signing JWT with algorithm: EdDSA_Ed25519
7596 [pool-1-thread-1 @coroutine#168] DEBUG id.walt.model.DidUrl - Trying to create DidUrl from URL: "did:key:z6MkoG8KnMrCisodJMSK4eYMLQEzPcNzrBA9L6tRxxJU4AJs#z6MkoG8KnMrCisodJMSK4eYMLQEzPcNzrBA9L6tRxxJU4AJs"...
7596 [pool-1-thread-1 @coroutine#168] DEBUG id.walt.services.keystore.HKVKeyStoreService - Loading key "b1fb9d6a5cc34d62a79d05beb8a0c113".
7597 [pool-1-thread-1 @coroutine#168] DEBUG id.walt.services.jwt.WaltIdJwtService - Signed JWT:  eyJraWQiOiJkaWQ6a2V5Ono2TWtvRzhLbk1yQ2lzb2RKTVNLNGVZTUxRRXpQY056ckJBOUw2dFJ4eEpVNEFKcyN6Nk1rb0c4S25NckNpc29kSk1TSzRlWU1MUUV6UGNOenJCQTlMNnRSeHhKVTRBSnMiLCJ0eXAiOiJKV1QiLCJhbGciOiJFZERTQSJ9.eyJzdWIiOiJkaWQ6a2V5Ono2TWtvRzhLbk1yQ2lzb2RKTVNLNGVZTUxRRXpQY056ckJBOUw2dFJ4eEpVNEFKcyIsIm5iZiI6MTcyNjEzMzk4MiwiaXNzIjoiZGlkOmtleTp6Nk1rb0c4S25NckNpc29kSk1TSzRlWU1MUUV6UGNOenJCQTlMNnRSeHhKVTRBSnMiLCJpYXQiOjE3MjYxMzM5ODIsInZjIjp7InR5cGUiOlsiVmVyaWZpYWJsZUNyZWRlbnRpYWwiLCJWZXJpZmlhYmxlQXR0ZXN0YXRpb24iLCJWZXJpZmlhYmxlRGlwbG9tYSJdLCJAY29udGV4dCI6WyJodHRwczovL3d3dy53My5vcmcvMjAxOC9jcmVkZW50aWFscy92MSJdLCJpZCI6InVybjp1dWlkOjlkNDlmYTJlLWZkMDktNGM5Zi04NWU0LTE3MTk1NTU5YWEwMCIsImlzc3VlciI6ImRpZDprZXk6ejZNa29HOEtuTXJDaXNvZEpNU0s0ZVlNTFFFelBjTnpyQkE5TDZ0Unh4SlU0QUpzIiwiaXNzdWFuY2VEYXRlIjoiMjAyNC0wOS0xMlQwOTozOTo0MloiLCJpc3N1ZWQiOiIyMDI0LTA5LTEyVDA5OjM5OjQyWiIsInZhbGlkRnJvbSI6IjIwMjQtMDktMTJUMDk6Mzk6NDJaIiwiZXhwaXJhdGlvbkRhdGUiOiIyMDIyLTA4LTMxVDAwOjAwOjAwWiIsImNyZWRlbnRpYWxTY2hlbWEiOnsiaWQiOiJodHRwczovL3Jhdy5naXRodWJ1c2VyY29udGVudC5jb20vd2FsdC1pZC93YWx0aWQtc3Npa2l0LXZjbGliL21hc3Rlci9zcmMvdGVzdC9yZXNvdXJjZXMvc2NoZW1hcy9WZXJpZmlhYmxlRGlwbG9tYS5qc29uIiwidHlwZSI6Ikpzb25TY2hlbWFWYWxpZGF0b3IyMDE4In0sImNyZWRlbnRpYWxTdWJqZWN0Ijp7ImlkIjoiZGlkOmtleTp6Nk1rb0c4S25NckNpc29kSk1TSzRlWU1MUUV6UGNOenJCQTlMNnRSeHhKVTRBSnMiLCJhd2FyZGluZ09wcG9ydHVuaXR5Ijp7ImF3YXJkaW5nQm9keSI6eyJlaWRhc0xlZ2FsSWRlbnRpZmllciI6IlVua25vd24iLCJob21lcGFnZSI6Imh0dHBzOi8vbGVhc3Rvbi5iY2RpcGxvbWEuY29tLyIsImlkIjoiZGlkOmVic2k6MkE5Qlo5U1VlNkJhdGFjU3B2czFWNUNkakh2THBRN2JFc2kySmI2TGRIS25ReGFOIiwicHJlZmVycmVkTmFtZSI6IkxlYXN0b24gVW5pdmVyc2l0eSIsInJlZ2lzdHJhdGlvbiI6IjA1OTcwNjVKIn0sImVuZGVkQXRUaW1lIjoiMjAyMC0wNi0yNlQwMDowMDowMFoiLCJpZCI6Imh0dHBzOi8vbGVhc3Rvbi5iY2RpcGxvbWEuY29tL2xhdy1lY29ub21pY3MtbWFuYWdlbWVudCNBd2FyZGluZ09wcG9ydHVuaXR5IiwiaWRlbnRpZmllciI6Imh0dHBzOi8vY2VydGlmaWNhdGUtZGVtby5iY2RpcGxvbWEuY29tL2NoZWNrLzg3RUQyRjIyNzBFNkM0MTQ1NkU5NEI4NkI5RDkxMTVCNEUzNUJDQ0FEMjAwQTQ5Qjg0NjU5MkMxNEY3OUM4NkJWMUZuYmxsdGEwTlpUbkprUjNsRFdsUm1URGxTUlVKRVZGWklTbU5tWXpKaFVVNXNaVUo1WjJGSlNIcFdibVpaIiwibG9jYXRpb24iOiJGUkFOQ0UiLCJzdGFydGVkQXRUaW1lIjoiMjAxOS0wOS0wMlQwMDowMDowMFoifSwiZGF0ZU9mQmlydGgiOiIxOTkzLTA0LTA4IiwiZmFtaWx5TmFtZSI6IkRPRSIsImdpdmVuTmFtZXMiOiJKYW5lIiwiZ3JhZGluZ1NjaGVtZSI6eyJpZCI6Imh0dHBzOi8vbGVhc3Rvbi5iY2RpcGxvbWEuY29tL2xhdy1lY29ub21pY3MtbWFuYWdlbWVudCNHcmFkaW5nU2NoZW1lIiwidGl0bGUiOiJMb3dlciBTZWNvbmQtQ2xhc3MgSG9ub3VycyJ9LCJpZGVudGlmaWVyIjoiMDkwNDAwODA4NEgiLCJsZWFybmluZ0FjaGlldmVtZW50Ijp7ImFkZGl0aW9uYWxOb3RlIjpbIkRJU1RSSUJVVElPTiBNQU5BR0VNRU5UIl0sImRlc2NyaXB0aW9uIjoiTUFSS0VUSU5HIEFORCBTQUxFUyIsImlkIjoiaHR0cHM6Ly9sZWFzdG9uLmJjZGlwbG9tYS5jb20vbGF3LWVjb25vbWljcy1tYW5hZ2VtZW50I0xlYXJuaW5nQWNoaWV2bWVudCIsInRpdGxlIjoiTUFTVEVSUyBMQVcsIEVDT05PTUlDUyBBTkQgTUFOQUdFTUVOVCJ9LCJsZWFybmluZ1NwZWNpZmljYXRpb24iOnsiZWN0c0NyZWRpdFBvaW50cyI6MTIwLCJlcWZMZXZlbCI6NywiaWQiOiJodHRwczovL2xlYXN0b24uYmNkaXBsb21hLmNvbS9sYXctZWNvbm9taWNzLW1hbmFnZW1lbnQjTGVhcm5pbmdTcGVjaWZpY2F0aW9uIiwiaXNjZWRmQ29kZSI6WyI3Il0sIm5xZkxldmVsIjpbIjciXX19LCJjcmVkZW50aWFsU3RhdHVzIjp7ImlkIjoiaHR0cHM6Ly9lc3NpZi5ldXJvcGEuZXUvc3RhdHVzL2VkdWNhdGlvbiNoaWdoZXJFZHVjYXRpb24jMzkyYWM3ZjYtMzk5YS00MzdiLWEyNjgtNDY5MWVhZDhmMTc2IiwidHlwZSI6IkNyZWRlbnRpYWxTdGF0dXNMaXN0MjAyMCJ9LCJldmlkZW5jZSI6eyJkb2N1bWVudFByZXNlbmNlIjpbIlBoeXNpY2FsIl0sImV2aWRlbmNlRG9jdW1lbnQiOlsiUGFzc3BvcnQiXSwiaWQiOiJodHRwczovL2Vzc2lmLmV1cm9wYS5ldS90c3ItdmEvZXZpZGVuY2UvZjJhZWVjOTctZmMwZC00MmJmLThjYTctMDU0ODE5MmQ1Njc4Iiwic3ViamVjdFByZXNlbmNlIjoiUGh5c2ljYWwiLCJ0eXBlIjpbIkRvY3VtZW50VmVyaWZpY2F0aW9uIl0sInZlcmlmaWVyIjoiZGlkOmVic2k6Mjk2MmZiNzg0ZGY2MWJhYTI2N2M4MTMyNDk3NTM5ZjhjNjc0YjM3YzEyNDRhN2EifX0sImp0aSI6InVybjp1dWlkOjlkNDlmYTJlLWZkMDktNGM5Zi04NWU0LTE3MTk1NTU5YWEwMCJ9.2ElM22LiEB9gSXkfnlj39o5RMrQ5qvClAzVde_7Xw7-QaDmoCoj76KjziilRTb5uMEaKUGUt_f4VmQmkdFS1Bg
7598 [pool-1-thread-1 @coroutine#168] DEBUG id.walt.signatory.WaltIdSignatory - Signed VC is: eyJraWQiOiJkaWQ6a2V5Ono2TWtvRzhLbk1yQ2lzb2RKTVNLNGVZTUxRRXpQY056ckJBOUw2dFJ4eEpVNEFKcyN6Nk1rb0c4S25NckNpc29kSk1TSzRlWU1MUUV6UGNOenJCQTlMNnRSeHhKVTRBSnMiLCJ0eXAiOiJKV1QiLCJhbGciOiJFZERTQSJ9.eyJzdWIiOiJkaWQ6a2V5Ono2TWtvRzhLbk1yQ2lzb2RKTVNLNGVZTUxRRXpQY056ckJBOUw2dFJ4eEpVNEFKcyIsIm5iZiI6MTcyNjEzMzk4MiwiaXNzIjoiZGlkOmtleTp6Nk1rb0c4S25NckNpc29kSk1TSzRlWU1MUUV6UGNOenJCQTlMNnRSeHhKVTRBSnMiLCJpYXQiOjE3MjYxMzM5ODIsInZjIjp7InR5cGUiOlsiVmVyaWZpYWJsZUNyZWRlbnRpYWwiLCJWZXJpZmlhYmxlQXR0ZXN0YXRpb24iLCJWZXJpZmlhYmxlRGlwbG9tYSJdLCJAY29udGV4dCI6WyJodHRwczovL3d3dy53My5vcmcvMjAxOC9jcmVkZW50aWFscy92MSJdLCJpZCI6InVybjp1dWlkOjlkNDlmYTJlLWZkMDktNGM5Zi04NWU0LTE3MTk1NTU5YWEwMCIsImlzc3VlciI6ImRpZDprZXk6ejZNa29HOEtuTXJDaXNvZEpNU0s0ZVlNTFFFelBjTnpyQkE5TDZ0Unh4SlU0QUpzIiwiaXNzdWFuY2VEYXRlIjoiMjAyNC0wOS0xMlQwOTozOTo0MloiLCJpc3N1ZWQiOiIyMDI0LTA5LTEyVDA5OjM5OjQyWiIsInZhbGlkRnJvbSI6IjIwMjQtMDktMTJUMDk6Mzk6NDJaIiwiZXhwaXJhdGlvbkRhdGUiOiIyMDIyLTA4LTMxVDAwOjAwOjAwWiIsImNyZWRlbnRpYWxTY2hlbWEiOnsiaWQiOiJodHRwczovL3Jhdy5naXRodWJ1c2VyY29udGVudC5jb20vd2FsdC1pZC93YWx0aWQtc3Npa2l0LXZjbGliL21hc3Rlci9zcmMvdGVzdC9yZXNvdXJjZXMvc2NoZW1hcy9WZXJpZmlhYmxlRGlwbG9tYS5qc29uIiwidHlwZSI6Ikpzb25TY2hlbWFWYWxpZGF0b3IyMDE4In0sImNyZWRlbnRpYWxTdWJqZWN0Ijp7ImlkIjoiZGlkOmtleTp6Nk1rb0c4S25NckNpc29kSk1TSzRlWU1MUUV6UGNOenJCQTlMNnRSeHhKVTRBSnMiLCJhd2FyZGluZ09wcG9ydHVuaXR5Ijp7ImF3YXJkaW5nQm9keSI6eyJlaWRhc0xlZ2FsSWRlbnRpZmllciI6IlVua25vd24iLCJob21lcGFnZSI6Imh0dHBzOi8vbGVhc3Rvbi5iY2RpcGxvbWEuY29tLyIsImlkIjoiZGlkOmVic2k6MkE5Qlo5U1VlNkJhdGFjU3B2czFWNUNkakh2THBRN2JFc2kySmI2TGRIS25ReGFOIiwicHJlZmVycmVkTmFtZSI6IkxlYXN0b24gVW5pdmVyc2l0eSIsInJlZ2lzdHJhdGlvbiI6IjA1OTcwNjVKIn0sImVuZGVkQXRUaW1lIjoiMjAyMC0wNi0yNlQwMDowMDowMFoiLCJpZCI6Imh0dHBzOi8vbGVhc3Rvbi5iY2RpcGxvbWEuY29tL2xhdy1lY29ub21pY3MtbWFuYWdlbWVudCNBd2FyZGluZ09wcG9ydHVuaXR5IiwiaWRlbnRpZmllciI6Imh0dHBzOi8vY2VydGlmaWNhdGUtZGVtby5iY2RpcGxvbWEuY29tL2NoZWNrLzg3RUQyRjIyNzBFNkM0MTQ1NkU5NEI4NkI5RDkxMTVCNEUzNUJDQ0FEMjAwQTQ5Qjg0NjU5MkMxNEY3OUM4NkJWMUZuYmxsdGEwTlpUbkprUjNsRFdsUm1URGxTUlVKRVZGWklTbU5tWXpKaFVVNXNaVUo1WjJGSlNIcFdibVpaIiwibG9jYXRpb24iOiJGUkFOQ0UiLCJzdGFydGVkQXRUaW1lIjoiMjAxOS0wOS0wMlQwMDowMDowMFoifSwiZGF0ZU9mQmlydGgiOiIxOTkzLTA0LTA4IiwiZmFtaWx5TmFtZSI6IkRPRSIsImdpdmVuTmFtZXMiOiJKYW5lIiwiZ3JhZGluZ1NjaGVtZSI6eyJpZCI6Imh0dHBzOi8vbGVhc3Rvbi5iY2RpcGxvbWEuY29tL2xhdy1lY29ub21pY3MtbWFuYWdlbWVudCNHcmFkaW5nU2NoZW1lIiwidGl0bGUiOiJMb3dlciBTZWNvbmQtQ2xhc3MgSG9ub3VycyJ9LCJpZGVudGlmaWVyIjoiMDkwNDAwODA4NEgiLCJsZWFybmluZ0FjaGlldmVtZW50Ijp7ImFkZGl0aW9uYWxOb3RlIjpbIkRJU1RSSUJVVElPTiBNQU5BR0VNRU5UIl0sImRlc2NyaXB0aW9uIjoiTUFSS0VUSU5HIEFORCBTQUxFUyIsImlkIjoiaHR0cHM6Ly9sZWFzdG9uLmJjZGlwbG9tYS5jb20vbGF3LWVjb25vbWljcy1tYW5hZ2VtZW50I0xlYXJuaW5nQWNoaWV2bWVudCIsInRpdGxlIjoiTUFTVEVSUyBMQVcsIEVDT05PTUlDUyBBTkQgTUFOQUdFTUVOVCJ9LCJsZWFybmluZ1NwZWNpZmljYXRpb24iOnsiZWN0c0NyZWRpdFBvaW50cyI6MTIwLCJlcWZMZXZlbCI6NywiaWQiOiJodHRwczovL2xlYXN0b24uYmNkaXBsb21hLmNvbS9sYXctZWNvbm9taWNzLW1hbmFnZW1lbnQjTGVhcm5pbmdTcGVjaWZpY2F0aW9uIiwiaXNjZWRmQ29kZSI6WyI3Il0sIm5xZkxldmVsIjpbIjciXX19LCJjcmVkZW50aWFsU3RhdHVzIjp7ImlkIjoiaHR0cHM6Ly9lc3NpZi5ldXJvcGEuZXUvc3RhdHVzL2VkdWNhdGlvbiNoaWdoZXJFZHVjYXRpb24jMzkyYWM3ZjYtMzk5YS00MzdiLWEyNjgtNDY5MWVhZDhmMTc2IiwidHlwZSI6IkNyZWRlbnRpYWxTdGF0dXNMaXN0MjAyMCJ9LCJldmlkZW5jZSI6eyJkb2N1bWVudFByZXNlbmNlIjpbIlBoeXNpY2FsIl0sImV2aWRlbmNlRG9jdW1lbnQiOlsiUGFzc3BvcnQiXSwiaWQiOiJodHRwczovL2Vzc2lmLmV1cm9wYS5ldS90c3ItdmEvZXZpZGVuY2UvZjJhZWVjOTctZmMwZC00MmJmLThjYTctMDU0ODE5MmQ1Njc4Iiwic3ViamVjdFByZXNlbmNlIjoiUGh5c2ljYWwiLCJ0eXBlIjpbIkRvY3VtZW50VmVyaWZpY2F0aW9uIl0sInZlcmlmaWVyIjoiZGlkOmVic2k6Mjk2MmZiNzg0ZGY2MWJhYTI2N2M4MTMyNDk3NTM5ZjhjNjc0YjM3YzEyNDRhN2EifX0sImp0aSI6InVybjp1dWlkOjlkNDlmYTJlLWZkMDktNGM5Zi04NWU0LTE3MTk1NTU5YWEwMCJ9.2ElM22LiEB9gSXkfnlj39o5RMrQ5qvClAzVde_7Xw7-QaDmoCoj76KjziilRTb5uMEaKUGUt_f4VmQmkdFS1Bg
7598 [pool-1-thread-1 @coroutine#168] DEBUG id.walt.services.vc.WaltIdJsonLdCredentialService - Creating a presentation for VCs:
[PresentableCredential(verifiableCredential=eyJraWQiOiJkaWQ6a2V5Ono2TWtvRzhLbk1yQ2lzb2RKTVNLNGVZTUxRRXpQY056ckJBOUw2dFJ4eEpVNEFKcyN6Nk1rb0c4S25NckNpc29kSk1TSzRlWU1MUUV6UGNOenJCQTlMNnRSeHhKVTRBSnMiLCJ0eXAiOiJKV1QiLCJhbGciOiJFZERTQSJ9.eyJzdWIiOiJkaWQ6a2V5Ono2TWtvRzhLbk1yQ2lzb2RKTVNLNGVZTUxRRXpQY056ckJBOUw2dFJ4eEpVNEFKcyIsIm5iZiI6MTcyNjEzMzk4MiwiaXNzIjoiZGlkOmtleTp6Nk1rb0c4S25NckNpc29kSk1TSzRlWU1MUUV6UGNOenJCQTlMNnRSeHhKVTRBSnMiLCJpYXQiOjE3MjYxMzM5ODIsInZjIjp7InR5cGUiOlsiVmVyaWZpYWJsZUNyZWRlbnRpYWwiLCJWZXJpZmlhYmxlQXR0ZXN0YXRpb24iLCJWZXJpZmlhYmxlRGlwbG9tYSJdLCJAY29udGV4dCI6WyJodHRwczovL3d3dy53My5vcmcvMjAxOC9jcmVkZW50aWFscy92MSJdLCJpZCI6InVybjp1dWlkOjlkNDlmYTJlLWZkMDktNGM5Zi04NWU0LTE3MTk1NTU5YWEwMCIsImlzc3VlciI6ImRpZDprZXk6ejZNa29HOEtuTXJDaXNvZEpNU0s0ZVlNTFFFelBjTnpyQkE5TDZ0Unh4SlU0QUpzIiwiaXNzdWFuY2VEYXRlIjoiMjAyNC0wOS0xMlQwOTozOTo0MloiLCJpc3N1ZWQiOiIyMDI0LTA5LTEyVDA5OjM5OjQyWiIsInZhbGlkRnJvbSI6IjIwMjQtMDktMTJUMDk6Mzk6NDJaIiwiZXhwaXJhdGlvbkRhdGUiOiIyMDIyLTA4LTMxVDAwOjAwOjAwWiIsImNyZWRlbnRpYWxTY2hlbWEiOnsiaWQiOiJodHRwczovL3Jhdy5naXRodWJ1c2VyY29udGVudC5jb20vd2FsdC1pZC93YWx0aWQtc3Npa2l0LXZjbGliL21hc3Rlci9zcmMvdGVzdC9yZXNvdXJjZXMvc2NoZW1hcy9WZXJpZmlhYmxlRGlwbG9tYS5qc29uIiwidHlwZSI6Ikpzb25TY2hlbWFWYWxpZGF0b3IyMDE4In0sImNyZWRlbnRpYWxTdWJqZWN0Ijp7ImlkIjoiZGlkOmtleTp6Nk1rb0c4S25NckNpc29kSk1TSzRlWU1MUUV6UGNOenJCQTlMNnRSeHhKVTRBSnMiLCJhd2FyZGluZ09wcG9ydHVuaXR5Ijp7ImF3YXJkaW5nQm9keSI6eyJlaWRhc0xlZ2FsSWRlbnRpZmllciI6IlVua25vd24iLCJob21lcGFnZSI6Imh0dHBzOi8vbGVhc3Rvbi5iY2RpcGxvbWEuY29tLyIsImlkIjoiZGlkOmVic2k6MkE5Qlo5U1VlNkJhdGFjU3B2czFWNUNkakh2THBRN2JFc2kySmI2TGRIS25ReGFOIiwicHJlZmVycmVkTmFtZSI6IkxlYXN0b24gVW5pdmVyc2l0eSIsInJlZ2lzdHJhdGlvbiI6IjA1OTcwNjVKIn0sImVuZGVkQXRUaW1lIjoiMjAyMC0wNi0yNlQwMDowMDowMFoiLCJpZCI6Imh0dHBzOi8vbGVhc3Rvbi5iY2RpcGxvbWEuY29tL2xhdy1lY29ub21pY3MtbWFuYWdlbWVudCNBd2FyZGluZ09wcG9ydHVuaXR5IiwiaWRlbnRpZmllciI6Imh0dHBzOi8vY2VydGlmaWNhdGUtZGVtby5iY2RpcGxvbWEuY29tL2NoZWNrLzg3RUQyRjIyNzBFNkM0MTQ1NkU5NEI4NkI5RDkxMTVCNEUzNUJDQ0FEMjAwQTQ5Qjg0NjU5MkMxNEY3OUM4NkJWMUZuYmxsdGEwTlpUbkprUjNsRFdsUm1URGxTUlVKRVZGWklTbU5tWXpKaFVVNXNaVUo1WjJGSlNIcFdibVpaIiwibG9jYXRpb24iOiJGUkFOQ0UiLCJzdGFydGVkQXRUaW1lIjoiMjAxOS0wOS0wMlQwMDowMDowMFoifSwiZGF0ZU9mQmlydGgiOiIxOTkzLTA0LTA4IiwiZmFtaWx5TmFtZSI6IkRPRSIsImdpdmVuTmFtZXMiOiJKYW5lIiwiZ3JhZGluZ1NjaGVtZSI6eyJpZCI6Imh0dHBzOi8vbGVhc3Rvbi5iY2RpcGxvbWEuY29tL2xhdy1lY29ub21pY3MtbWFuYWdlbWVudCNHcmFkaW5nU2NoZW1lIiwidGl0bGUiOiJMb3dlciBTZWNvbmQtQ2xhc3MgSG9ub3VycyJ9LCJpZGVudGlmaWVyIjoiMDkwNDAwODA4NEgiLCJsZWFybmluZ0FjaGlldmVtZW50Ijp7ImFkZGl0aW9uYWxOb3RlIjpbIkRJU1RSSUJVVElPTiBNQU5BR0VNRU5UIl0sImRlc2NyaXB0aW9uIjoiTUFSS0VUSU5HIEFORCBTQUxFUyIsImlkIjoiaHR0cHM6Ly9sZWFzdG9uLmJjZGlwbG9tYS5jb20vbGF3LWVjb25vbWljcy1tYW5hZ2VtZW50I0xlYXJuaW5nQWNoaWV2bWVudCIsInRpdGxlIjoiTUFTVEVSUyBMQVcsIEVDT05PTUlDUyBBTkQgTUFOQUdFTUVOVCJ9LCJsZWFybmluZ1NwZWNpZmljYXRpb24iOnsiZWN0c0NyZWRpdFBvaW50cyI6MTIwLCJlcWZMZXZlbCI6NywiaWQiOiJodHRwczovL2xlYXN0b24uYmNkaXBsb21hLmNvbS9sYXctZWNvbm9taWNzLW1hbmFnZW1lbnQjTGVhcm5pbmdTcGVjaWZpY2F0aW9uIiwiaXNjZWRmQ29kZSI6WyI3Il0sIm5xZkxldmVsIjpbIjciXX19LCJjcmVkZW50aWFsU3RhdHVzIjp7ImlkIjoiaHR0cHM6Ly9lc3NpZi5ldXJvcGEuZXUvc3RhdHVzL2VkdWNhdGlvbiNoaWdoZXJFZHVjYXRpb24jMzkyYWM3ZjYtMzk5YS00MzdiLWEyNjgtNDY5MWVhZDhmMTc2IiwidHlwZSI6IkNyZWRlbnRpYWxTdGF0dXNMaXN0MjAyMCJ9LCJldmlkZW5jZSI6eyJkb2N1bWVudFByZXNlbmNlIjpbIlBoeXNpY2FsIl0sImV2aWRlbmNlRG9jdW1lbnQiOlsiUGFzc3BvcnQiXSwiaWQiOiJodHRwczovL2Vzc2lmLmV1cm9wYS5ldS90c3ItdmEvZXZpZGVuY2UvZjJhZWVjOTctZmMwZC00MmJmLThjYTctMDU0ODE5MmQ1Njc4Iiwic3ViamVjdFByZXNlbmNlIjoiUGh5c2ljYWwiLCJ0eXBlIjpbIkRvY3VtZW50VmVyaWZpY2F0aW9uIl0sInZlcmlmaWVyIjoiZGlkOmVic2k6Mjk2MmZiNzg0ZGY2MWJhYTI2N2M4MTMyNDk3NTM5ZjhjNjc0YjM3YzEyNDRhN2EifX0sImp0aSI6InVybjp1dWlkOjlkNDlmYTJlLWZkMDktNGM5Zi04NWU0LTE3MTk1NTU5YWEwMCJ9.2ElM22LiEB9gSXkfnlj39o5RMrQ5qvClAzVde_7Xw7-QaDmoCoj76KjziilRTb5uMEaKUGUt_f4VmQmkdFS1Bg, selectiveDisclosure=null, discloseAll=false)]
7598 [pool-1-thread-1 @coroutine#168] DEBUG id.walt.model.DidUrl - Trying to create DidUrl from URL: "did:key:z6MkoG8KnMrCisodJMSK4eYMLQEzPcNzrBA9L6tRxxJU4AJs"...
7598 [pool-1-thread-1 @coroutine#168] DEBUG id.walt.services.vc.WaltIdJsonLdCredentialService - Signing jsonLd object with: issuerDid (did:key:z6MkoG8KnMrCisodJMSK4eYMLQEzPcNzrBA9L6tRxxJU4AJs), domain (https://api-pilot.ebsi.eu), nonce (d04442d3-661f-411e-a80f-42f19f594c9d
7598 [pool-1-thread-1 @coroutine#168] DEBUG id.walt.services.keystore.HKVKeyStoreService - Loading key "did:key:z6MkoG8KnMrCisodJMSK4eYMLQEzPcNzrBA9L6tRxxJU4AJs#z6MkoG8KnMrCisodJMSK4eYMLQEzPcNzrBA9L6tRxxJU4AJs".
7598 [pool-1-thread-1 @coroutine#168] DEBUG id.walt.services.vc.WaltIdJsonLdCredentialService - Signing: {"type":["VerifiablePresentation"],"@context":["https://www.w3.org/2018/credentials/v1"],"id":"urn:uuid:1deceec9-bfd4-4474-8af5-ba0e2eec3b47","holder":"did:key:z6MkoG8KnMrCisodJMSK4eYMLQEzPcNzrBA9L6tRxxJU4AJs","verifiableCredential":["eyJraWQiOiJkaWQ6a2V5Ono2TWtvRzhLbk1yQ2lzb2RKTVNLNGVZTUxRRXpQY056ckJBOUw2dFJ4eEpVNEFKcyN6Nk1rb0c4S25NckNpc29kSk1TSzRlWU1MUUV6UGNOenJCQTlMNnRSeHhKVTRBSnMiLCJ0eXAiOiJKV1QiLCJhbGciOiJFZERTQSJ9.eyJzdWIiOiJkaWQ6a2V5Ono2TWtvRzhLbk1yQ2lzb2RKTVNLNGVZTUxRRXpQY056ckJBOUw2dFJ4eEpVNEFKcyIsIm5iZiI6MTcyNjEzMzk4MiwiaXNzIjoiZGlkOmtleTp6Nk1rb0c4S25NckNpc29kSk1TSzRlWU1MUUV6UGNOenJCQTlMNnRSeHhKVTRBSnMiLCJpYXQiOjE3MjYxMzM5ODIsInZjIjp7InR5cGUiOlsiVmVyaWZpYWJsZUNyZWRlbnRpYWwiLCJWZXJpZmlhYmxlQXR0ZXN0YXRpb24iLCJWZXJpZmlhYmxlRGlwbG9tYSJdLCJAY29udGV4dCI6WyJodHRwczovL3d3dy53My5vcmcvMjAxOC9jcmVkZW50aWFscy92MSJdLCJpZCI6InVybjp1dWlkOjlkNDlmYTJlLWZkMDktNGM5Zi04NWU0LTE3MTk1NTU5YWEwMCIsImlzc3VlciI6ImRpZDprZXk6ejZNa29HOEtuTXJDaXNvZEpNU0s0ZVlNTFFFelBjTnpyQkE5TDZ0Unh4SlU0QUpzIiwiaXNzdWFuY2VEYXRlIjoiMjAyNC0wOS0xMlQwOTozOTo0MloiLCJpc3N1ZWQiOiIyMDI0LTA5LTEyVDA5OjM5OjQyWiIsInZhbGlkRnJvbSI6IjIwMjQtMDktMTJUMDk6Mzk6NDJaIiwiZXhwaXJhdGlvbkRhdGUiOiIyMDIyLTA4LTMxVDAwOjAwOjAwWiIsImNyZWRlbnRpYWxTY2hlbWEiOnsiaWQiOiJodHRwczovL3Jhdy5naXRodWJ1c2VyY29udGVudC5jb20vd2FsdC1pZC93YWx0aWQtc3Npa2l0LXZjbGliL21hc3Rlci9zcmMvdGVzdC9yZXNvdXJjZXMvc2NoZW1hcy9WZXJpZmlhYmxlRGlwbG9tYS5qc29uIiwidHlwZSI6Ikpzb25TY2hlbWFWYWxpZGF0b3IyMDE4In0sImNyZWRlbnRpYWxTdWJqZWN0Ijp7ImlkIjoiZGlkOmtleTp6Nk1rb0c4S25NckNpc29kSk1TSzRlWU1MUUV6UGNOenJCQTlMNnRSeHhKVTRBSnMiLCJhd2FyZGluZ09wcG9ydHVuaXR5Ijp7ImF3YXJkaW5nQm9keSI6eyJlaWRhc0xlZ2FsSWRlbnRpZmllciI6IlVua25vd24iLCJob21lcGFnZSI6Imh0dHBzOi8vbGVhc3Rvbi5iY2RpcGxvbWEuY29tLyIsImlkIjoiZGlkOmVic2k6MkE5Qlo5U1VlNkJhdGFjU3B2czFWNUNkakh2THBRN2JFc2kySmI2TGRIS25ReGFOIiwicHJlZmVycmVkTmFtZSI6IkxlYXN0b24gVW5pdmVyc2l0eSIsInJlZ2lzdHJhdGlvbiI6IjA1OTcwNjVKIn0sImVuZGVkQXRUaW1lIjoiMjAyMC0wNi0yNlQwMDowMDowMFoiLCJpZCI6Imh0dHBzOi8vbGVhc3Rvbi5iY2RpcGxvbWEuY29tL2xhdy1lY29ub21pY3MtbWFuYWdlbWVudCNBd2FyZGluZ09wcG9ydHVuaXR5IiwiaWRlbnRpZmllciI6Imh0dHBzOi8vY2VydGlmaWNhdGUtZGVtby5iY2RpcGxvbWEuY29tL2NoZWNrLzg3RUQyRjIyNzBFNkM0MTQ1NkU5NEI4NkI5RDkxMTVCNEUzNUJDQ0FEMjAwQTQ5Qjg0NjU5MkMxNEY3OUM4NkJWMUZuYmxsdGEwTlpUbkprUjNsRFdsUm1URGxTUlVKRVZGWklTbU5tWXpKaFVVNXNaVUo1WjJGSlNIcFdibVpaIiwibG9jYXRpb24iOiJGUkFOQ0UiLCJzdGFydGVkQXRUaW1lIjoiMjAxOS0wOS0wMlQwMDowMDowMFoifSwiZGF0ZU9mQmlydGgiOiIxOTkzLTA0LTA4IiwiZmFtaWx5TmFtZSI6IkRPRSIsImdpdmVuTmFtZXMiOiJKYW5lIiwiZ3JhZGluZ1NjaGVtZSI6eyJpZCI6Imh0dHBzOi8vbGVhc3Rvbi5iY2RpcGxvbWEuY29tL2xhdy1lY29ub21pY3MtbWFuYWdlbWVudCNHcmFkaW5nU2NoZW1lIiwidGl0bGUiOiJMb3dlciBTZWNvbmQtQ2xhc3MgSG9ub3VycyJ9LCJpZGVudGlmaWVyIjoiMDkwNDAwODA4NEgiLCJsZWFybmluZ0FjaGlldmVtZW50Ijp7ImFkZGl0aW9uYWxOb3RlIjpbIkRJU1RSSUJVVElPTiBNQU5BR0VNRU5UIl0sImRlc2NyaXB0aW9uIjoiTUFSS0VUSU5HIEFORCBTQUxFUyIsImlkIjoiaHR0cHM6Ly9sZWFzdG9uLmJjZGlwbG9tYS5jb20vbGF3LWVjb25vbWljcy1tYW5hZ2VtZW50I0xlYXJuaW5nQWNoaWV2bWVudCIsInRpdGxlIjoiTUFTVEVSUyBMQVcsIEVDT05PTUlDUyBBTkQgTUFOQUdFTUVOVCJ9LCJsZWFybmluZ1NwZWNpZmljYXRpb24iOnsiZWN0c0NyZWRpdFBvaW50cyI6MTIwLCJlcWZMZXZlbCI6NywiaWQiOiJodHRwczovL2xlYXN0b24uYmNkaXBsb21hLmNvbS9sYXctZWNvbm9taWNzLW1hbmFnZW1lbnQjTGVhcm5pbmdTcGVjaWZpY2F0aW9uIiwiaXNjZWRmQ29kZSI6WyI3Il0sIm5xZkxldmVsIjpbIjciXX19LCJjcmVkZW50aWFsU3RhdHVzIjp7ImlkIjoiaHR0cHM6Ly9lc3NpZi5ldXJvcGEuZXUvc3RhdHVzL2VkdWNhdGlvbiNoaWdoZXJFZHVjYXRpb24jMzkyYWM3ZjYtMzk5YS00MzdiLWEyNjgtNDY5MWVhZDhmMTc2IiwidHlwZSI6IkNyZWRlbnRpYWxTdGF0dXNMaXN0MjAyMCJ9LCJldmlkZW5jZSI6eyJkb2N1bWVudFByZXNlbmNlIjpbIlBoeXNpY2FsIl0sImV2aWRlbmNlRG9jdW1lbnQiOlsiUGFzc3BvcnQiXSwiaWQiOiJodHRwczovL2Vzc2lmLmV1cm9wYS5ldS90c3ItdmEvZXZpZGVuY2UvZjJhZWVjOTctZmMwZC00MmJmLThjYTctMDU0ODE5MmQ1Njc4Iiwic3ViamVjdFByZXNlbmNlIjoiUGh5c2ljYWwiLCJ0eXBlIjpbIkRvY3VtZW50VmVyaWZpY2F0aW9uIl0sInZlcmlmaWVyIjoiZGlkOmVic2k6Mjk2MmZiNzg0ZGY2MWJhYTI2N2M4MTMyNDk3NTM5ZjhjNjc0YjM3YzEyNDRhN2EifX0sImp0aSI6InVybjp1dWlkOjlkNDlmYTJlLWZkMDktNGM5Zi04NWU0LTE3MTk1NTU5YWEwMCJ9.2ElM22LiEB9gSXkfnlj39o5RMrQ5qvClAzVde_7Xw7-QaDmoCoj76KjziilRTb5uMEaKUGUt_f4VmQmkdFS1Bg"]}
Sep 12, 2024 11:39:42 AM com.apicatalog.jsonld.deseralization.JsonLdToRdf build
WARNING: Non well-formed subject [eyJraWQiOiJkaWQ6a2V5Ono2TWtvRzhLbk1yQ2lzb2RKTVNLNGVZTUxRRXpQY056ckJBOUw2dFJ4eEpVNEFKcyN6Nk1rb0c4S25NckNpc29kSk1TSzRlWU1MUUV6UGNOenJCQTlMNnRSeHhKVTRBSnMiLCJ0eXAiOiJKV1QiLCJhbGciOiJFZERTQSJ9.eyJzdWIiOiJkaWQ6a2V5Ono2TWtvRzhLbk1yQ2lzb2RKTVNLNGVZTUxRRXpQY056ckJBOUw2dFJ4eEpVNEFKcyIsIm5iZiI6MTcyNjEzMzk4MiwiaXNzIjoiZGlkOmtleTp6Nk1rb0c4S25NckNpc29kSk1TSzRlWU1MUUV6UGNOenJCQTlMNnRSeHhKVTRBSnMiLCJpYXQiOjE3MjYxMzM5ODIsInZjIjp7InR5cGUiOlsiVmVyaWZpYWJsZUNyZWRlbnRpYWwiLCJWZXJpZmlhYmxlQXR0ZXN0YXRpb24iLCJWZXJpZmlhYmxlRGlwbG9tYSJdLCJAY29udGV4dCI6WyJodHRwczovL3d3dy53My5vcmcvMjAxOC9jcmVkZW50aWFscy92MSJdLCJpZCI6InVybjp1dWlkOjlkNDlmYTJlLWZkMDktNGM5Zi04NWU0LTE3MTk1NTU5YWEwMCIsImlzc3VlciI6ImRpZDprZXk6ejZNa29HOEtuTXJDaXNvZEpNU0s0ZVlNTFFFelBjTnpyQkE5TDZ0Unh4SlU0QUpzIiwiaXNzdWFuY2VEYXRlIjoiMjAyNC0wOS0xMlQwOTozOTo0MloiLCJpc3N1ZWQiOiIyMDI0LTA5LTEyVDA5OjM5OjQyWiIsInZhbGlkRnJvbSI6IjIwMjQtMDktMTJUMDk6Mzk6NDJaIiwiZXhwaXJhdGlvbkRhdGUiOiIyMDIyLTA4LTMxVDAwOjAwOjAwWiIsImNyZWRlbnRpYWxTY2hlbWEiOnsiaWQiOiJodHRwczovL3Jhdy5naXRodWJ1c2VyY29udGVudC5jb20vd2FsdC1pZC93YWx0aWQtc3Npa2l0LXZjbGliL21hc3Rlci9zcmMvdGVzdC9yZXNvdXJjZXMvc2NoZW1hcy9WZXJpZmlhYmxlRGlwbG9tYS5qc29uIiwidHlwZSI6Ikpzb25TY2hlbWFWYWxpZGF0b3IyMDE4In0sImNyZWRlbnRpYWxTdWJqZWN0Ijp7ImlkIjoiZGlkOmtleTp6Nk1rb0c4S25NckNpc29kSk1TSzRlWU1MUUV6UGNOenJCQTlMNnRSeHhKVTRBSnMiLCJhd2FyZGluZ09wcG9ydHVuaXR5Ijp7ImF3YXJkaW5nQm9keSI6eyJlaWRhc0xlZ2FsSWRlbnRpZmllciI6IlVua25vd24iLCJob21lcGFnZSI6Imh0dHBzOi8vbGVhc3Rvbi5iY2RpcGxvbWEuY29tLyIsImlkIjoiZGlkOmVic2k6MkE5Qlo5U1VlNkJhdGFjU3B2czFWNUNkakh2THBRN2JFc2kySmI2TGRIS25ReGFOIiwicHJlZmVycmVkTmFtZSI6IkxlYXN0b24gVW5pdmVyc2l0eSIsInJlZ2lzdHJhdGlvbiI6IjA1OTcwNjVKIn0sImVuZGVkQXRUaW1lIjoiMjAyMC0wNi0yNlQwMDowMDowMFoiLCJpZCI6Imh0dHBzOi8vbGVhc3Rvbi5iY2RpcGxvbWEuY29tL2xhdy1lY29ub21pY3MtbWFuYWdlbWVudCNBd2FyZGluZ09wcG9ydHVuaXR5IiwiaWRlbnRpZmllciI6Imh0dHBzOi8vY2VydGlmaWNhdGUtZGVtby5iY2RpcGxvbWEuY29tL2NoZWNrLzg3RUQyRjIyNzBFNkM0MTQ1NkU5NEI4NkI5RDkxMTVCNEUzNUJDQ0FEMjAwQTQ5Qjg0NjU5MkMxNEY3OUM4NkJWMUZuYmxsdGEwTlpUbkprUjNsRFdsUm1URGxTUlVKRVZGWklTbU5tWXpKaFVVNXNaVUo1WjJGSlNIcFdibVpaIiwibG9jYXRpb24iOiJGUkFOQ0UiLCJzdGFydGVkQXRUaW1lIjoiMjAxOS0wOS0wMlQwMDowMDowMFoifSwiZGF0ZU9mQmlydGgiOiIxOTkzLTA0LTA4IiwiZmFtaWx5TmFtZSI6IkRPRSIsImdpdmVuTmFtZXMiOiJKYW5lIiwiZ3JhZGluZ1NjaGVtZSI6eyJpZCI6Imh0dHBzOi8vbGVhc3Rvbi5iY2RpcGxvbWEuY29tL2xhdy1lY29ub21pY3MtbWFuYWdlbWVudCNHcmFkaW5nU2NoZW1lIiwidGl0bGUiOiJMb3dlciBTZWNvbmQtQ2xhc3MgSG9ub3VycyJ9LCJpZGVudGlmaWVyIjoiMDkwNDAwODA4NEgiLCJsZWFybmluZ0FjaGlldmVtZW50Ijp7ImFkZGl0aW9uYWxOb3RlIjpbIkRJU1RSSUJVVElPTiBNQU5BR0VNRU5UIl0sImRlc2NyaXB0aW9uIjoiTUFSS0VUSU5HIEFORCBTQUxFUyIsImlkIjoiaHR0cHM6Ly9sZWFzdG9uLmJjZGlwbG9tYS5jb20vbGF3LWVjb25vbWljcy1tYW5hZ2VtZW50I0xlYXJuaW5nQWNoaWV2bWVudCIsInRpdGxlIjoiTUFTVEVSUyBMQVcsIEVDT05PTUlDUyBBTkQgTUFOQUdFTUVOVCJ9LCJsZWFybmluZ1NwZWNpZmljYXRpb24iOnsiZWN0c0NyZWRpdFBvaW50cyI6MTIwLCJlcWZMZXZlbCI6NywiaWQiOiJodHRwczovL2xlYXN0b24uYmNkaXBsb21hLmNvbS9sYXctZWNvbm9taWNzLW1hbmFnZW1lbnQjTGVhcm5pbmdTcGVjaWZpY2F0aW9uIiwiaXNjZWRmQ29kZSI6WyI3Il0sIm5xZkxldmVsIjpbIjciXX19LCJjcmVkZW50aWFsU3RhdHVzIjp7ImlkIjoiaHR0cHM6Ly9lc3NpZi5ldXJvcGEuZXUvc3RhdHVzL2VkdWNhdGlvbiNoaWdoZXJFZHVjYXRpb24jMzkyYWM3ZjYtMzk5YS00MzdiLWEyNjgtNDY5MWVhZDhmMTc2IiwidHlwZSI6IkNyZWRlbnRpYWxTdGF0dXNMaXN0MjAyMCJ9LCJldmlkZW5jZSI6eyJkb2N1bWVudFByZXNlbmNlIjpbIlBoeXNpY2FsIl0sImV2aWRlbmNlRG9jdW1lbnQiOlsiUGFzc3BvcnQiXSwiaWQiOiJodHRwczovL2Vzc2lmLmV1cm9wYS5ldS90c3ItdmEvZXZpZGVuY2UvZjJhZWVjOTctZmMwZC00MmJmLThjYTctMDU0ODE5MmQ1Njc4Iiwic3ViamVjdFByZXNlbmNlIjoiUGh5c2ljYWwiLCJ0eXBlIjpbIkRvY3VtZW50VmVyaWZpY2F0aW9uIl0sInZlcmlmaWVyIjoiZGlkOmVic2k6Mjk2MmZiNzg0ZGY2MWJhYTI2N2M4MTMyNDk3NTM5ZjhjNjc0YjM3YzEyNDRhN2EifX0sImp0aSI6InVybjp1dWlkOjlkNDlmYTJlLWZkMDktNGM5Zi04NWU0LTE3MTk1NTU5YWEwMCJ9.2ElM22LiEB9gSXkfnlj39o5RMrQ5qvClAzVde_7Xw7-QaDmoCoj76KjziilRTb5uMEaKUGUt_f4VmQmkdFS1Bg] has been skipped.
7601 [pool-1-thread-1 @coroutine#168] DEBUG id.walt.services.keystore.HKVKeyStoreService - Loading key "b1fb9d6a5cc34d62a79d05beb8a0c113".
7601 [pool-1-thread-1 @coroutine#168] DEBUG id.walt.services.keystore.HKVKeyStoreService - Loading key "b1fb9d6a5cc34d62a79d05beb8a0c113".
7601 [pool-1-thread-1 @coroutine#168] DEBUG id.walt.services.keystore.HKVKeyStoreService - Loading key "b1fb9d6a5cc34d62a79d05beb8a0c113".
7602 [pool-1-thread-1 @coroutine#168] DEBUG id.walt.services.vc.WaltIdJsonLdCredentialService - VP created:{
  "type" : [ "VerifiablePresentation" ],
  "@context" : [ "https://www.w3.org/2018/credentials/v1", "https://w3id.org/security/suites/jws-2020/v1" ],
  "id" : "urn:uuid:1deceec9-bfd4-4474-8af5-ba0e2eec3b47",
  "holder" : "did:key:z6MkoG8KnMrCisodJMSK4eYMLQEzPcNzrBA9L6tRxxJU4AJs",
  "verifiableCredential" : [ "eyJraWQiOiJkaWQ6a2V5Ono2TWtvRzhLbk1yQ2lzb2RKTVNLNGVZTUxRRXpQY056ckJBOUw2dFJ4eEpVNEFKcyN6Nk1rb0c4S25NckNpc29kSk1TSzRlWU1MUUV6UGNOenJCQTlMNnRSeHhKVTRBSnMiLCJ0eXAiOiJKV1QiLCJhbGciOiJFZERTQSJ9.eyJzdWIiOiJkaWQ6a2V5Ono2TWtvRzhLbk1yQ2lzb2RKTVNLNGVZTUxRRXpQY056ckJBOUw2dFJ4eEpVNEFKcyIsIm5iZiI6MTcyNjEzMzk4MiwiaXNzIjoiZGlkOmtleTp6Nk1rb0c4S25NckNpc29kSk1TSzRlWU1MUUV6UGNOenJCQTlMNnRSeHhKVTRBSnMiLCJpYXQiOjE3MjYxMzM5ODIsInZjIjp7InR5cGUiOlsiVmVyaWZpYWJsZUNyZWRlbnRpYWwiLCJWZXJpZmlhYmxlQXR0ZXN0YXRpb24iLCJWZXJpZmlhYmxlRGlwbG9tYSJdLCJAY29udGV4dCI6WyJodHRwczovL3d3dy53My5vcmcvMjAxOC9jcmVkZW50aWFscy92MSJdLCJpZCI6InVybjp1dWlkOjlkNDlmYTJlLWZkMDktNGM5Zi04NWU0LTE3MTk1NTU5YWEwMCIsImlzc3VlciI6ImRpZDprZXk6ejZNa29HOEtuTXJDaXNvZEpNU0s0ZVlNTFFFelBjTnpyQkE5TDZ0Unh4SlU0QUpzIiwiaXNzdWFuY2VEYXRlIjoiMjAyNC0wOS0xMlQwOTozOTo0MloiLCJpc3N1ZWQiOiIyMDI0LTA5LTEyVDA5OjM5OjQyWiIsInZhbGlkRnJvbSI6IjIwMjQtMDktMTJUMDk6Mzk6NDJaIiwiZXhwaXJhdGlvbkRhdGUiOiIyMDIyLTA4LTMxVDAwOjAwOjAwWiIsImNyZWRlbnRpYWxTY2hlbWEiOnsiaWQiOiJodHRwczovL3Jhdy5naXRodWJ1c2VyY29udGVudC5jb20vd2FsdC1pZC93YWx0aWQtc3Npa2l0LXZjbGliL21hc3Rlci9zcmMvdGVzdC9yZXNvdXJjZXMvc2NoZW1hcy9WZXJpZmlhYmxlRGlwbG9tYS5qc29uIiwidHlwZSI6Ikpzb25TY2hlbWFWYWxpZGF0b3IyMDE4In0sImNyZWRlbnRpYWxTdWJqZWN0Ijp7ImlkIjoiZGlkOmtleTp6Nk1rb0c4S25NckNpc29kSk1TSzRlWU1MUUV6UGNOenJCQTlMNnRSeHhKVTRBSnMiLCJhd2FyZGluZ09wcG9ydHVuaXR5Ijp7ImF3YXJkaW5nQm9keSI6eyJlaWRhc0xlZ2FsSWRlbnRpZmllciI6IlVua25vd24iLCJob21lcGFnZSI6Imh0dHBzOi8vbGVhc3Rvbi5iY2RpcGxvbWEuY29tLyIsImlkIjoiZGlkOmVic2k6MkE5Qlo5U1VlNkJhdGFjU3B2czFWNUNkakh2THBRN2JFc2kySmI2TGRIS25ReGFOIiwicHJlZmVycmVkTmFtZSI6IkxlYXN0b24gVW5pdmVyc2l0eSIsInJlZ2lzdHJhdGlvbiI6IjA1OTcwNjVKIn0sImVuZGVkQXRUaW1lIjoiMjAyMC0wNi0yNlQwMDowMDowMFoiLCJpZCI6Imh0dHBzOi8vbGVhc3Rvbi5iY2RpcGxvbWEuY29tL2xhdy1lY29ub21pY3MtbWFuYWdlbWVudCNBd2FyZGluZ09wcG9ydHVuaXR5IiwiaWRlbnRpZmllciI6Imh0dHBzOi8vY2VydGlmaWNhdGUtZGVtby5iY2RpcGxvbWEuY29tL2NoZWNrLzg3RUQyRjIyNzBFNkM0MTQ1NkU5NEI4NkI5RDkxMTVCNEUzNUJDQ0FEMjAwQTQ5Qjg0NjU5MkMxNEY3OUM4NkJWMUZuYmxsdGEwTlpUbkprUjNsRFdsUm1URGxTUlVKRVZGWklTbU5tWXpKaFVVNXNaVUo1WjJGSlNIcFdibVpaIiwibG9jYXRpb24iOiJGUkFOQ0UiLCJzdGFydGVkQXRUaW1lIjoiMjAxOS0wOS0wMlQwMDowMDowMFoifSwiZGF0ZU9mQmlydGgiOiIxOTkzLTA0LTA4IiwiZmFtaWx5TmFtZSI6IkRPRSIsImdpdmVuTmFtZXMiOiJKYW5lIiwiZ3JhZGluZ1NjaGVtZSI6eyJpZCI6Imh0dHBzOi8vbGVhc3Rvbi5iY2RpcGxvbWEuY29tL2xhdy1lY29ub21pY3MtbWFuYWdlbWVudCNHcmFkaW5nU2NoZW1lIiwidGl0bGUiOiJMb3dlciBTZWNvbmQtQ2xhc3MgSG9ub3VycyJ9LCJpZGVudGlmaWVyIjoiMDkwNDAwODA4NEgiLCJsZWFybmluZ0FjaGlldmVtZW50Ijp7ImFkZGl0aW9uYWxOb3RlIjpbIkRJU1RSSUJVVElPTiBNQU5BR0VNRU5UIl0sImRlc2NyaXB0aW9uIjoiTUFSS0VUSU5HIEFORCBTQUxFUyIsImlkIjoiaHR0cHM6Ly9sZWFzdG9uLmJjZGlwbG9tYS5jb20vbGF3LWVjb25vbWljcy1tYW5hZ2VtZW50I0xlYXJuaW5nQWNoaWV2bWVudCIsInRpdGxlIjoiTUFTVEVSUyBMQVcsIEVDT05PTUlDUyBBTkQgTUFOQUdFTUVOVCJ9LCJsZWFybmluZ1NwZWNpZmljYXRpb24iOnsiZWN0c0NyZWRpdFBvaW50cyI6MTIwLCJlcWZMZXZlbCI6NywiaWQiOiJodHRwczovL2xlYXN0b24uYmNkaXBsb21hLmNvbS9sYXctZWNvbm9taWNzLW1hbmFnZW1lbnQjTGVhcm5pbmdTcGVjaWZpY2F0aW9uIiwiaXNjZWRmQ29kZSI6WyI3Il0sIm5xZkxldmVsIjpbIjciXX19LCJjcmVkZW50aWFsU3RhdHVzIjp7ImlkIjoiaHR0cHM6Ly9lc3NpZi5ldXJvcGEuZXUvc3RhdHVzL2VkdWNhdGlvbiNoaWdoZXJFZHVjYXRpb24jMzkyYWM3ZjYtMzk5YS00MzdiLWEyNjgtNDY5MWVhZDhmMTc2IiwidHlwZSI6IkNyZWRlbnRpYWxTdGF0dXNMaXN0MjAyMCJ9LCJldmlkZW5jZSI6eyJkb2N1bWVudFByZXNlbmNlIjpbIlBoeXNpY2FsIl0sImV2aWRlbmNlRG9jdW1lbnQiOlsiUGFzc3BvcnQiXSwiaWQiOiJodHRwczovL2Vzc2lmLmV1cm9wYS5ldS90c3ItdmEvZXZpZGVuY2UvZjJhZWVjOTctZmMwZC00MmJmLThjYTctMDU0ODE5MmQ1Njc4Iiwic3ViamVjdFByZXNlbmNlIjoiUGh5c2ljYWwiLCJ0eXBlIjpbIkRvY3VtZW50VmVyaWZpY2F0aW9uIl0sInZlcmlmaWVyIjoiZGlkOmVic2k6Mjk2MmZiNzg0ZGY2MWJhYTI2N2M4MTMyNDk3NTM5ZjhjNjc0YjM3YzEyNDRhN2EifX0sImp0aSI6InVybjp1dWlkOjlkNDlmYTJlLWZkMDktNGM5Zi04NWU0LTE3MTk1NTU5YWEwMCJ9.2ElM22LiEB9gSXkfnlj39o5RMrQ5qvClAzVde_7Xw7-QaDmoCoj76KjziilRTb5uMEaKUGUt_f4VmQmkdFS1Bg" ],
  "proof" : {
    "type" : "JsonWebSignature2020",
    "creator" : "did:key:z6MkoG8KnMrCisodJMSK4eYMLQEzPcNzrBA9L6tRxxJU4AJs",
    "created" : "2024-09-12T09:39:42Z",
    "domain" : "https://api-pilot.ebsi.eu",
    "nonce" : "d04442d3-661f-411e-a80f-42f19f594c9d",
    "proofPurpose" : "authentication",
    "verificationMethod" : "did:key:z6MkoG8KnMrCisodJMSK4eYMLQEzPcNzrBA9L6tRxxJU4AJs#z6MkoG8KnMrCisodJMSK4eYMLQEzPcNzrBA9L6tRxxJU4AJs",
    "jws" : "eyJiNjQiOmZhbHNlLCJjcml0IjpbImI2NCJdLCJhbGciOiJFZERTQSJ9..Fb2iT1mvbOTWJUCNnXuPBRGrxToqOnXWSsldmtCZpCNu-1_OXvIEBO6jZIEerxlM8SLC-Mq-e_0wIZc42iDNCQ"
  }
}
7604 [pool-1-thread-1 @coroutine#168] DEBUG id.walt.auditor.Auditor - Verifying vc with SignaturePolicy ...
7604 [pool-1-thread-1 @coroutine#168] DEBUG id.walt.auditor.policies.SignaturePolicy - is jwt: false
7605 [pool-1-thread-1 @coroutine#168] DEBUG id.walt.model.DidUrl - Trying to create DidUrl from URL: "did:key:z6MkoG8KnMrCisodJMSK4eYMLQEzPcNzrBA9L6tRxxJU4AJs#z6MkoG8KnMrCisodJMSK4eYMLQEzPcNzrBA9L6tRxxJU4AJs"...
7606 [pool-1-thread-1 @coroutine#168] DEBUG id.walt.model.DidUrl - Trying to create DidUrl from URL: "did:key:z6MkoG8KnMrCisodJMSK4eYMLQEzPcNzrBA9L6tRxxJU4AJs"...
7606 [pool-1-thread-1 @coroutine#168] DEBUG id.walt.model.DidUrl - Trying to create DidUrl from URL: "did:key:z6MkoG8KnMrCisodJMSK4eYMLQEzPcNzrBA9L6tRxxJU4AJs"...
7607 [pool-1-thread-1 @coroutine#168] DEBUG id.walt.services.did.DidService - DID imported: did:key:z6MkoG8KnMrCisodJMSK4eYMLQEzPcNzrBA9L6tRxxJU4AJs#z6MkoG8KnMrCisodJMSK4eYMLQEzPcNzrBA9L6tRxxJU4AJs
7607 [pool-1-thread-1 @coroutine#168] DEBUG id.walt.services.did.DidService - Loading or resolving "did:key:z6MkoG8KnMrCisodJMSK4eYMLQEzPcNzrBA9L6tRxxJU4AJs#z6MkoG8KnMrCisodJMSK4eYMLQEzPcNzrBA9L6tRxxJU4AJs"...
7607 [pool-1-thread-1 @coroutine#168] DEBUG id.walt.model.DidUrl - Trying to create DidUrl from URL: "did:key:z6MkoG8KnMrCisodJMSK4eYMLQEzPcNzrBA9L6tRxxJU4AJs#z6MkoG8KnMrCisodJMSK4eYMLQEzPcNzrBA9L6tRxxJU4AJs"...
7607 [pool-1-thread-1 @coroutine#168] DEBUG id.walt.services.did.DidService - loadOrResolve: url=DidUrl(method=key, identifier=z6MkoG8KnMrCisodJMSK4eYMLQEzPcNzrBA9L6tRxxJU4AJs, fragment=z6MkoG8KnMrCisodJMSK4eYMLQEzPcNzrBA9L6tRxxJU4AJs, query=null), length of stored=null
7607 [pool-1-thread-1 @coroutine#168] DEBUG id.walt.model.DidUrl - Trying to create DidUrl from URL: "did:key:z6MkoG8KnMrCisodJMSK4eYMLQEzPcNzrBA9L6tRxxJU4AJs#z6MkoG8KnMrCisodJMSK4eYMLQEzPcNzrBA9L6tRxxJU4AJs"...
7609 [pool-1-thread-1 @coroutine#168] DEBUG id.walt.model.DidUrl - Trying to create DidUrl from URL: "did:key:z6MkoG8KnMrCisodJMSK4eYMLQEzPcNzrBA9L6tRxxJU4AJs"...
7609 [pool-1-thread-1 @coroutine#168] DEBUG id.walt.model.DidUrl - Trying to create DidUrl from URL: "did:key:z6MkoG8KnMrCisodJMSK4eYMLQEzPcNzrBA9L6tRxxJU4AJs"...
7609 [pool-1-thread-1 @coroutine#168] DEBUG id.walt.services.did.DidService - Key imported for: did:key:z6MkoG8KnMrCisodJMSK4eYMLQEzPcNzrBA9L6tRxxJU4AJs#z6MkoG8KnMrCisodJMSK4eYMLQEzPcNzrBA9L6tRxxJU4AJs
7609 [pool-1-thread-1 @coroutine#168] DEBUG id.walt.services.did.DidService - Loading or resolving "did:key:z6MkoG8KnMrCisodJMSK4eYMLQEzPcNzrBA9L6tRxxJU4AJs"...
7609 [pool-1-thread-1 @coroutine#168] DEBUG id.walt.model.DidUrl - Trying to create DidUrl from URL: "did:key:z6MkoG8KnMrCisodJMSK4eYMLQEzPcNzrBA9L6tRxxJU4AJs"...
7609 [pool-1-thread-1 @coroutine#168] DEBUG id.walt.services.did.DidService - loadOrResolve: url=DidUrl(method=key, identifier=z6MkoG8KnMrCisodJMSK4eYMLQEzPcNzrBA9L6tRxxJU4AJs, fragment=z6MkoG8KnMrCisodJMSK4eYMLQEzPcNzrBA9L6tRxxJU4AJs, query=null), length of stored=1639
7610 [pool-1-thread-1 @coroutine#168] DEBUG id.walt.model.DidUrl - Trying to create DidUrl from URL: "did:key:z6MkoG8KnMrCisodJMSK4eYMLQEzPcNzrBA9L6tRxxJU4AJs"...
7612 [pool-1-thread-1 @coroutine#168] DEBUG id.walt.services.vc.WaltIdJsonLdCredentialService - Loading verification key for:  did:key:z6MkoG8KnMrCisodJMSK4eYMLQEzPcNzrBA9L6tRxxJU4AJs#z6MkoG8KnMrCisodJMSK4eYMLQEzPcNzrBA9L6tRxxJU4AJs
7612 [pool-1-thread-1 @coroutine#168] DEBUG id.walt.services.vc.WaltIdJsonLdCredentialService - Document loader config: isEnableHttp (true), isEnableHttps (true), isEnableFile (true), isEnableLocalCache (true)
7612 [pool-1-thread-1 @coroutine#168] DEBUG id.walt.services.vc.WaltIdJsonLdCredentialService - Decoded Json LD object: {"type":["VerifiablePresentation"],"@context":["https://www.w3.org/2018/credentials/v1","https://w3id.org/security/suites/jws-2020/v1"],"id":"urn:uuid:1deceec9-bfd4-4474-8af5-ba0e2eec3b47","proof":{"type":"JsonWebSignature2020","creator":"did:key:z6MkoG8KnMrCisodJMSK4eYMLQEzPcNzrBA9L6tRxxJU4AJs","created":"2024-09-12T09:39:42Z","domain":"https://api-pilot.ebsi.eu","proofPurpose":"authentication","verificationMethod":"did:key:z6MkoG8KnMrCisodJMSK4eYMLQEzPcNzrBA9L6tRxxJU4AJs#z6MkoG8KnMrCisodJMSK4eYMLQEzPcNzrBA9L6tRxxJU4AJs","jws":"eyJiNjQiOmZhbHNlLCJjcml0IjpbImI2NCJdLCJhbGciOiJFZERTQSJ9..Fb2iT1mvbOTWJUCNnXuPBRGrxToqOnXWSsldmtCZpCNu-1_OXvIEBO6jZIEerxlM8SLC-Mq-e_0wIZc42iDNCQ","nonce":"d04442d3-661f-411e-a80f-42f19f594c9d"},"holder":"did:key:z6MkoG8KnMrCisodJMSK4eYMLQEzPcNzrBA9L6tRxxJU4AJs","verifiableCredential":["eyJraWQiOiJkaWQ6a2V5Ono2TWtvRzhLbk1yQ2lzb2RKTVNLNGVZTUxRRXpQY056ckJBOUw2dFJ4eEpVNEFKcyN6Nk1rb0c4S25NckNpc29kSk1TSzRlWU1MUUV6UGNOenJCQTlMNnRSeHhKVTRBSnMiLCJ0eXAiOiJKV1QiLCJhbGciOiJFZERTQSJ9.eyJzdWIiOiJkaWQ6a2V5Ono2TWtvRzhLbk1yQ2lzb2RKTVNLNGVZTUxRRXpQY056ckJBOUw2dFJ4eEpVNEFKcyIsIm5iZiI6MTcyNjEzMzk4MiwiaXNzIjoiZGlkOmtleTp6Nk1rb0c4S25NckNpc29kSk1TSzRlWU1MUUV6UGNOenJCQTlMNnRSeHhKVTRBSnMiLCJpYXQiOjE3MjYxMzM5ODIsInZjIjp7InR5cGUiOlsiVmVyaWZpYWJsZUNyZWRlbnRpYWwiLCJWZXJpZmlhYmxlQXR0ZXN0YXRpb24iLCJWZXJpZmlhYmxlRGlwbG9tYSJdLCJAY29udGV4dCI6WyJodHRwczovL3d3dy53My5vcmcvMjAxOC9jcmVkZW50aWFscy92MSJdLCJpZCI6InVybjp1dWlkOjlkNDlmYTJlLWZkMDktNGM5Zi04NWU0LTE3MTk1NTU5YWEwMCIsImlzc3VlciI6ImRpZDprZXk6ejZNa29HOEtuTXJDaXNvZEpNU0s0ZVlNTFFFelBjTnpyQkE5TDZ0Unh4SlU0QUpzIiwiaXNzdWFuY2VEYXRlIjoiMjAyNC0wOS0xMlQwOTozOTo0MloiLCJpc3N1ZWQiOiIyMDI0LTA5LTEyVDA5OjM5OjQyWiIsInZhbGlkRnJvbSI6IjIwMjQtMDktMTJUMDk6Mzk6NDJaIiwiZXhwaXJhdGlvbkRhdGUiOiIyMDIyLTA4LTMxVDAwOjAwOjAwWiIsImNyZWRlbnRpYWxTY2hlbWEiOnsiaWQiOiJodHRwczovL3Jhdy5naXRodWJ1c2VyY29udGVudC5jb20vd2FsdC1pZC93YWx0aWQtc3Npa2l0LXZjbGliL21hc3Rlci9zcmMvdGVzdC9yZXNvdXJjZXMvc2NoZW1hcy9WZXJpZmlhYmxlRGlwbG9tYS5qc29uIiwidHlwZSI6Ikpzb25TY2hlbWFWYWxpZGF0b3IyMDE4In0sImNyZWRlbnRpYWxTdWJqZWN0Ijp7ImlkIjoiZGlkOmtleTp6Nk1rb0c4S25NckNpc29kSk1TSzRlWU1MUUV6UGNOenJCQTlMNnRSeHhKVTRBSnMiLCJhd2FyZGluZ09wcG9ydHVuaXR5Ijp7ImF3YXJkaW5nQm9keSI6eyJlaWRhc0xlZ2FsSWRlbnRpZmllciI6IlVua25vd24iLCJob21lcGFnZSI6Imh0dHBzOi8vbGVhc3Rvbi5iY2RpcGxvbWEuY29tLyIsImlkIjoiZGlkOmVic2k6MkE5Qlo5U1VlNkJhdGFjU3B2czFWNUNkakh2THBRN2JFc2kySmI2TGRIS25ReGFOIiwicHJlZmVycmVkTmFtZSI6IkxlYXN0b24gVW5pdmVyc2l0eSIsInJlZ2lzdHJhdGlvbiI6IjA1OTcwNjVKIn0sImVuZGVkQXRUaW1lIjoiMjAyMC0wNi0yNlQwMDowMDowMFoiLCJpZCI6Imh0dHBzOi8vbGVhc3Rvbi5iY2RpcGxvbWEuY29tL2xhdy1lY29ub21pY3MtbWFuYWdlbWVudCNBd2FyZGluZ09wcG9ydHVuaXR5IiwiaWRlbnRpZmllciI6Imh0dHBzOi8vY2VydGlmaWNhdGUtZGVtby5iY2RpcGxvbWEuY29tL2NoZWNrLzg3RUQyRjIyNzBFNkM0MTQ1NkU5NEI4NkI5RDkxMTVCNEUzNUJDQ0FEMjAwQTQ5Qjg0NjU5MkMxNEY3OUM4NkJWMUZuYmxsdGEwTlpUbkprUjNsRFdsUm1URGxTUlVKRVZGWklTbU5tWXpKaFVVNXNaVUo1WjJGSlNIcFdibVpaIiwibG9jYXRpb24iOiJGUkFOQ0UiLCJzdGFydGVkQXRUaW1lIjoiMjAxOS0wOS0wMlQwMDowMDowMFoifSwiZGF0ZU9mQmlydGgiOiIxOTkzLTA0LTA4IiwiZmFtaWx5TmFtZSI6IkRPRSIsImdpdmVuTmFtZXMiOiJKYW5lIiwiZ3JhZGluZ1NjaGVtZSI6eyJpZCI6Imh0dHBzOi8vbGVhc3Rvbi5iY2RpcGxvbWEuY29tL2xhdy1lY29ub21pY3MtbWFuYWdlbWVudCNHcmFkaW5nU2NoZW1lIiwidGl0bGUiOiJMb3dlciBTZWNvbmQtQ2xhc3MgSG9ub3VycyJ9LCJpZGVudGlmaWVyIjoiMDkwNDAwODA4NEgiLCJsZWFybmluZ0FjaGlldmVtZW50Ijp7ImFkZGl0aW9uYWxOb3RlIjpbIkRJU1RSSUJVVElPTiBNQU5BR0VNRU5UIl0sImRlc2NyaXB0aW9uIjoiTUFSS0VUSU5HIEFORCBTQUxFUyIsImlkIjoiaHR0cHM6Ly9sZWFzdG9uLmJjZGlwbG9tYS5jb20vbGF3LWVjb25vbWljcy1tYW5hZ2VtZW50I0xlYXJuaW5nQWNoaWV2bWVudCIsInRpdGxlIjoiTUFTVEVSUyBMQVcsIEVDT05PTUlDUyBBTkQgTUFOQUdFTUVOVCJ9LCJsZWFybmluZ1NwZWNpZmljYXRpb24iOnsiZWN0c0NyZWRpdFBvaW50cyI6MTIwLCJlcWZMZXZlbCI6NywiaWQiOiJodHRwczovL2xlYXN0b24uYmNkaXBsb21hLmNvbS9sYXctZWNvbm9taWNzLW1hbmFnZW1lbnQjTGVhcm5pbmdTcGVjaWZpY2F0aW9uIiwiaXNjZWRmQ29kZSI6WyI3Il0sIm5xZkxldmVsIjpbIjciXX19LCJjcmVkZW50aWFsU3RhdHVzIjp7ImlkIjoiaHR0cHM6Ly9lc3NpZi5ldXJvcGEuZXUvc3RhdHVzL2VkdWNhdGlvbiNoaWdoZXJFZHVjYXRpb24jMzkyYWM3ZjYtMzk5YS00MzdiLWEyNjgtNDY5MWVhZDhmMTc2IiwidHlwZSI6IkNyZWRlbnRpYWxTdGF0dXNMaXN0MjAyMCJ9LCJldmlkZW5jZSI6eyJkb2N1bWVudFByZXNlbmNlIjpbIlBoeXNpY2FsIl0sImV2aWRlbmNlRG9jdW1lbnQiOlsiUGFzc3BvcnQiXSwiaWQiOiJodHRwczovL2Vzc2lmLmV1cm9wYS5ldS90c3ItdmEvZXZpZGVuY2UvZjJhZWVjOTctZmMwZC00MmJmLThjYTctMDU0ODE5MmQ1Njc4Iiwic3ViamVjdFByZXNlbmNlIjoiUGh5c2ljYWwiLCJ0eXBlIjpbIkRvY3VtZW50VmVyaWZpY2F0aW9uIl0sInZlcmlmaWVyIjoiZGlkOmVic2k6Mjk2MmZiNzg0ZGY2MWJhYTI2N2M4MTMyNDk3NTM5ZjhjNjc0YjM3YzEyNDRhN2EifX0sImp0aSI6InVybjp1dWlkOjlkNDlmYTJlLWZkMDktNGM5Zi04NWU0LTE3MTk1NTU5YWEwMCJ9.2ElM22LiEB9gSXkfnlj39o5RMrQ5qvClAzVde_7Xw7-QaDmoCoj76KjziilRTb5uMEaKUGUt_f4VmQmkdFS1Bg"]}
7612 [pool-1-thread-1 @coroutine#168] DEBUG id.walt.services.storeUmu.defaultSoreServiceUmu - Loading key "z6MkoG8KnMrCisodJMSK4eYMLQEzPcNzrBA9L6tRxxJU4AJs"...
7613 [pool-1-thread-1 @coroutine#168] DEBUG id.walt.auditor.VerificationPolicy - VerificationPolicy failed: Could not load key: z6MkoG8KnMrCisodJMSK4eYMLQEzPcNzrBA9L6tRxxJU4AJs
7613 [pool-1-thread-1 @coroutine#168] DEBUG id.walt.auditor.VerificationPolicy - VC [VerifiablePresentation] passes policy SignaturePolicy: failed: #1: IllegalArgumentException - Could not load key: z6MkoG8KnMrCisodJMSK4eYMLQEzPcNzrBA9L6tRxxJU4AJs
7613 [pool-1-thread-1 @coroutine#168] ERROR id.walt.auditor.Auditor - SignaturePolicy: java.lang.IllegalArgumentException: Could not load key: z6MkoG8KnMrCisodJMSK4eYMLQEzPcNzrBA9L6tRxxJU4AJs
7613 [pool-1-thread-1 @coroutine#168] DEBUG id.walt.auditor.VerificationPolicy - VerificationPolicy failed: Could not load key: z6MkoG8KnMrCisodJMSK4eYMLQEzPcNzrBA9L6tRxxJU4AJs
7615 [pool-1-thread-1 @coroutine#169] DEBUG id.walt.services.keystore.HKVKeyStoreService - Storing key "4cc8266db53a41afab6381e640a95c97".
7615 [pool-1-thread-1 @coroutine#169] DEBUG id.walt.services.keystore.HKVKeyStoreService - Loading key "4cc8266db53a41afab6381e640a95c97".
7615 [pool-1-thread-1 @coroutine#169] DEBUG id.walt.model.DidUrl - Trying to create DidUrl from URL: "did:key:z6MkjawosxvMu5GFSU1hBXM3p5WDL7wqT8C7EJd1JHKbf4fW"...
7617 [pool-1-thread-1 @coroutine#169] DEBUG id.walt.services.keystore.HKVKeyStoreService - Loading key "4cc8266db53a41afab6381e640a95c97".
7617 [pool-1-thread-1 @coroutine#169] DEBUG id.walt.services.did.DidService - A key with the id "4cc8266db53a41afab6381e640a95c97" exists.
7617 [pool-1-thread-1 @coroutine#169] DEBUG id.walt.model.DidUrl - Trying to create DidUrl from URL: "did:key:z6MkjawosxvMu5GFSU1hBXM3p5WDL7wqT8C7EJd1JHKbf4fW"...
7617 [pool-1-thread-1 @coroutine#169] DEBUG id.walt.model.DidUrl - Trying to create DidUrl from URL: "did:key:z6MkjawosxvMu5GFSU1hBXM3p5WDL7wqT8C7EJd1JHKbf4fW"...
7618 [pool-1-thread-1 @coroutine#169] DEBUG id.walt.model.DidUrl - Trying to create DidUrl from URL: "did:key:z6MkjawosxvMu5GFSU1hBXM3p5WDL7wqT8C7EJd1JHKbf4fW"...
7618 [pool-1-thread-1 @coroutine#169] DEBUG id.walt.model.DidUrl - Trying to create DidUrl from URL: "did:key:z6MkjawosxvMu5GFSU1hBXM3p5WDL7wqT8C7EJd1JHKbf4fW"...
7618 [pool-1-thread-1 @coroutine#169] DEBUG id.walt.model.DidUrl - Trying to create DidUrl from URL: "did:key:z6MkjawosxvMu5GFSU1hBXM3p5WDL7wqT8C7EJd1JHKbf4fW"...
7618 [pool-1-thread-1 @coroutine#169] DEBUG id.walt.signatory.WaltIdSignatory - Signing credential with proof using JWT...
7618 [pool-1-thread-1 @coroutine#169] DEBUG id.walt.signatory.WaltIdSignatory - Signing credential with proof using JWT, credential is: {"type":["VerifiableCredential","VerifiableAttestation","VerifiableDiploma"],"@context":["https://www.w3.org/2018/credentials/v1"],"id":"urn:uuid:4e4fd226-854c-4fc2-b77e-9d4594bf3e9b","issuer":"did:key:z6MkjawosxvMu5GFSU1hBXM3p5WDL7wqT8C7EJd1JHKbf4fW","issuanceDate":"2024-09-12T09:39:42Z","issued":"2024-09-12T09:39:42Z","validFrom":"2024-09-12T09:39:42Z","expirationDate":"2022-08-31T00:00:00Z","credentialSchema":{"id":"https://raw.githubusercontent.com/walt-id/waltid-ssikit-vclib/master/src/test/resources/schemas/VerifiableDiploma.json","type":"JsonSchemaValidator2018"},"credentialSubject":{"id":"did:key:z6MkjawosxvMu5GFSU1hBXM3p5WDL7wqT8C7EJd1JHKbf4fW","awardingOpportunity":{"awardingBody":{"eidasLegalIdentifier":"Unknown","homepage":"https://leaston.bcdiploma.com/","id":"did:ebsi:2A9BZ9SUe6BatacSpvs1V5CdjHvLpQ7bEsi2Jb6LdHKnQxaN","preferredName":"Leaston University","registration":"0597065J"},"endedAtTime":"2020-06-26T00:00:00Z","id":"https://leaston.bcdiploma.com/law-economics-management#AwardingOpportunity","identifier":"https://certificate-demo.bcdiploma.com/check/87ED2F2270E6C41456E94B86B9D9115B4E35BCCAD200A49B846592C14F79C86BV1Fnbllta0NZTnJkR3lDWlRmTDlSRUJEVFZISmNmYzJhUU5sZUJ5Z2FJSHpWbmZZ","location":"FRANCE","startedAtTime":"2019-09-02T00:00:00Z"},"dateOfBirth":"1993-04-08","familyName":"DOE","givenNames":"Jane","gradingScheme":{"id":"https://leaston.bcdiploma.com/law-economics-management#GradingScheme","title":"Lower Second-Class Honours"},"identifier":"0904008084H","learningAchievement":{"additionalNote":["DISTRIBUTION MANAGEMENT"],"description":"MARKETING AND SALES","id":"https://leaston.bcdiploma.com/law-economics-management#LearningAchievment","title":"MASTERS LAW, ECONOMICS AND MANAGEMENT"},"learningSpecification":{"ectsCreditPoints":120,"eqfLevel":7,"id":"https://leaston.bcdiploma.com/law-economics-management#LearningSpecification","iscedfCode":["7"],"nqfLevel":["7"]}},"credentialStatus":{"id":"https://essif.europa.eu/status/education#higherEducation#392ac7f6-399a-437b-a268-4691ead8f176","type":"CredentialStatusList2020"},"evidence":{"documentPresence":["Physical"],"evidenceDocument":["Passport"],"id":"https://essif.europa.eu/tsr-va/evidence/f2aeec97-fc0d-42bf-8ca7-0548192d5678","subjectPresence":"Physical","type":["DocumentVerification"],"verifier":"did:ebsi:2962fb784df61baa267c8132497539f8c674b37c1244a7a"}}
7619 [pool-1-thread-1 @coroutine#169] DEBUG id.walt.services.vc.WaltIdJwtCredentialService - Signing JWT object with config: ProofConfig(issuerDid=did:key:z6MkjawosxvMu5GFSU1hBXM3p5WDL7wqT8C7EJd1JHKbf4fW, subjectDid=did:key:z6MkjawosxvMu5GFSU1hBXM3p5WDL7wqT8C7EJd1JHKbf4fW, verifierDid=null, issuerVerificationMethod=did:key:z6MkjawosxvMu5GFSU1hBXM3p5WDL7wqT8C7EJd1JHKbf4fW#z6MkjawosxvMu5GFSU1hBXM3p5WDL7wqT8C7EJd1JHKbf4fW, proofType=JWT, domain=null, nonce=null, proofPurpose=null, credentialId=urn:uuid:4e4fd226-854c-4fc2-b77e-9d4594bf3e9b, issueDate=2024-09-12T09:39:42.838462277Z, validDate=2024-09-12T09:39:42.838465493Z, expirationDate=null, dataProviderIdentifier=null, ldSignatureType=null, creator=did:key:z6MkjawosxvMu5GFSU1hBXM3p5WDL7wqT8C7EJd1JHKbf4fW, ecosystem=DEFAULT, statusType=null, statusPurpose=revocation, credentialsEndpoint=null, selectiveDisclosure=null)
7619 [pool-1-thread-1 @coroutine#169] DEBUG id.walt.services.vc.WaltIdJwtCredentialService - Signing: {"sub":"did:key:z6MkjawosxvMu5GFSU1hBXM3p5WDL7wqT8C7EJd1JHKbf4fW","nbf":1726133982,"iss":"did:key:z6MkjawosxvMu5GFSU1hBXM3p5WDL7wqT8C7EJd1JHKbf4fW","iat":1726133982,"vc":{"type":["VerifiableCredential","VerifiableAttestation","VerifiableDiploma"],"@context":["https://www.w3.org/2018/credentials/v1"],"id":"urn:uuid:4e4fd226-854c-4fc2-b77e-9d4594bf3e9b","issuer":"did:key:z6MkjawosxvMu5GFSU1hBXM3p5WDL7wqT8C7EJd1JHKbf4fW","issuanceDate":"2024-09-12T09:39:42Z","issued":"2024-09-12T09:39:42Z","validFrom":"2024-09-12T09:39:42Z","expirationDate":"2022-08-31T00:00:00Z","credentialSchema":{"id":"https://raw.githubusercontent.com/walt-id/waltid-ssikit-vclib/master/src/test/resources/schemas/VerifiableDiploma.json","type":"JsonSchemaValidator2018"},"credentialSubject":{"id":"did:key:z6MkjawosxvMu5GFSU1hBXM3p5WDL7wqT8C7EJd1JHKbf4fW","awardingOpportunity":{"awardingBody":{"eidasLegalIdentifier":"Unknown","homepage":"https://leaston.bcdiploma.com/","id":"did:ebsi:2A9BZ9SUe6BatacSpvs1V5CdjHvLpQ7bEsi2Jb6LdHKnQxaN","preferredName":"Leaston University","registration":"0597065J"},"endedAtTime":"2020-06-26T00:00:00Z","id":"https://leaston.bcdiploma.com/law-economics-management#AwardingOpportunity","identifier":"https://certificate-demo.bcdiploma.com/check/87ED2F2270E6C41456E94B86B9D9115B4E35BCCAD200A49B846592C14F79C86BV1Fnbllta0NZTnJkR3lDWlRmTDlSRUJEVFZISmNmYzJhUU5sZUJ5Z2FJSHpWbmZZ","location":"FRANCE","startedAtTime":"2019-09-02T00:00:00Z"},"dateOfBirth":"1993-04-08","familyName":"DOE","givenNames":"Jane","gradingScheme":{"id":"https://leaston.bcdiploma.com/law-economics-management#GradingScheme","title":"Lower Second-Class Honours"},"identifier":"0904008084H","learningAchievement":{"additionalNote":["DISTRIBUTION MANAGEMENT"],"description":"MARKETING AND SALES","id":"https://leaston.bcdiploma.com/law-economics-management#LearningAchievment","title":"MASTERS LAW, ECONOMICS AND MANAGEMENT"},"learningSpecification":{"ectsCreditPoints":120,"eqfLevel":7,"id":"https://leaston.bcdiploma.com/law-economics-management#LearningSpecification","iscedfCode":["7"],"nqfLevel":["7"]}},"credentialStatus":{"id":"https://essif.europa.eu/status/education#higherEducation#392ac7f6-399a-437b-a268-4691ead8f176","type":"CredentialStatusList2020"},"evidence":{"documentPresence":["Physical"],"evidenceDocument":["Passport"],"id":"https://essif.europa.eu/tsr-va/evidence/f2aeec97-fc0d-42bf-8ca7-0548192d5678","subjectPresence":"Physical","type":["DocumentVerification"],"verifier":"did:ebsi:2962fb784df61baa267c8132497539f8c674b37c1244a7a"}},"jti":"urn:uuid:4e4fd226-854c-4fc2-b77e-9d4594bf3e9b"}
7619 [pool-1-thread-1 @coroutine#169] DEBUG id.walt.services.keystore.HKVKeyStoreService - Loading key "did:key:z6MkjawosxvMu5GFSU1hBXM3p5WDL7wqT8C7EJd1JHKbf4fW#z6MkjawosxvMu5GFSU1hBXM3p5WDL7wqT8C7EJd1JHKbf4fW".
7619 [pool-1-thread-1 @coroutine#169] DEBUG id.walt.services.jwt.WaltIdJwtService - Signing JWT with algorithm: EdDSA_Ed25519
7619 [pool-1-thread-1 @coroutine#169] DEBUG id.walt.model.DidUrl - Trying to create DidUrl from URL: "did:key:z6MkjawosxvMu5GFSU1hBXM3p5WDL7wqT8C7EJd1JHKbf4fW#z6MkjawosxvMu5GFSU1hBXM3p5WDL7wqT8C7EJd1JHKbf4fW"...
7619 [pool-1-thread-1 @coroutine#169] DEBUG id.walt.services.keystore.HKVKeyStoreService - Loading key "4cc8266db53a41afab6381e640a95c97".
7620 [pool-1-thread-1 @coroutine#169] DEBUG id.walt.services.jwt.WaltIdJwtService - Signed JWT:  eyJraWQiOiJkaWQ6a2V5Ono2TWtqYXdvc3h2TXU1R0ZTVTFoQlhNM3A1V0RMN3dxVDhDN0VKZDFKSEtiZjRmVyN6Nk1ramF3b3N4dk11NUdGU1UxaEJYTTNwNVdETDd3cVQ4QzdFSmQxSkhLYmY0ZlciLCJ0eXAiOiJKV1QiLCJhbGciOiJFZERTQSJ9.eyJzdWIiOiJkaWQ6a2V5Ono2TWtqYXdvc3h2TXU1R0ZTVTFoQlhNM3A1V0RMN3dxVDhDN0VKZDFKSEtiZjRmVyIsIm5iZiI6MTcyNjEzMzk4MiwiaXNzIjoiZGlkOmtleTp6Nk1ramF3b3N4dk11NUdGU1UxaEJYTTNwNVdETDd3cVQ4QzdFSmQxSkhLYmY0ZlciLCJpYXQiOjE3MjYxMzM5ODIsInZjIjp7InR5cGUiOlsiVmVyaWZpYWJsZUNyZWRlbnRpYWwiLCJWZXJpZmlhYmxlQXR0ZXN0YXRpb24iLCJWZXJpZmlhYmxlRGlwbG9tYSJdLCJAY29udGV4dCI6WyJodHRwczovL3d3dy53My5vcmcvMjAxOC9jcmVkZW50aWFscy92MSJdLCJpZCI6InVybjp1dWlkOjRlNGZkMjI2LTg1NGMtNGZjMi1iNzdlLTlkNDU5NGJmM2U5YiIsImlzc3VlciI6ImRpZDprZXk6ejZNa2phd29zeHZNdTVHRlNVMWhCWE0zcDVXREw3d3FUOEM3RUpkMUpIS2JmNGZXIiwiaXNzdWFuY2VEYXRlIjoiMjAyNC0wOS0xMlQwOTozOTo0MloiLCJpc3N1ZWQiOiIyMDI0LTA5LTEyVDA5OjM5OjQyWiIsInZhbGlkRnJvbSI6IjIwMjQtMDktMTJUMDk6Mzk6NDJaIiwiZXhwaXJhdGlvbkRhdGUiOiIyMDIyLTA4LTMxVDAwOjAwOjAwWiIsImNyZWRlbnRpYWxTY2hlbWEiOnsiaWQiOiJodHRwczovL3Jhdy5naXRodWJ1c2VyY29udGVudC5jb20vd2FsdC1pZC93YWx0aWQtc3Npa2l0LXZjbGliL21hc3Rlci9zcmMvdGVzdC9yZXNvdXJjZXMvc2NoZW1hcy9WZXJpZmlhYmxlRGlwbG9tYS5qc29uIiwidHlwZSI6Ikpzb25TY2hlbWFWYWxpZGF0b3IyMDE4In0sImNyZWRlbnRpYWxTdWJqZWN0Ijp7ImlkIjoiZGlkOmtleTp6Nk1ramF3b3N4dk11NUdGU1UxaEJYTTNwNVdETDd3cVQ4QzdFSmQxSkhLYmY0ZlciLCJhd2FyZGluZ09wcG9ydHVuaXR5Ijp7ImF3YXJkaW5nQm9keSI6eyJlaWRhc0xlZ2FsSWRlbnRpZmllciI6IlVua25vd24iLCJob21lcGFnZSI6Imh0dHBzOi8vbGVhc3Rvbi5iY2RpcGxvbWEuY29tLyIsImlkIjoiZGlkOmVic2k6MkE5Qlo5U1VlNkJhdGFjU3B2czFWNUNkakh2THBRN2JFc2kySmI2TGRIS25ReGFOIiwicHJlZmVycmVkTmFtZSI6IkxlYXN0b24gVW5pdmVyc2l0eSIsInJlZ2lzdHJhdGlvbiI6IjA1OTcwNjVKIn0sImVuZGVkQXRUaW1lIjoiMjAyMC0wNi0yNlQwMDowMDowMFoiLCJpZCI6Imh0dHBzOi8vbGVhc3Rvbi5iY2RpcGxvbWEuY29tL2xhdy1lY29ub21pY3MtbWFuYWdlbWVudCNBd2FyZGluZ09wcG9ydHVuaXR5IiwiaWRlbnRpZmllciI6Imh0dHBzOi8vY2VydGlmaWNhdGUtZGVtby5iY2RpcGxvbWEuY29tL2NoZWNrLzg3RUQyRjIyNzBFNkM0MTQ1NkU5NEI4NkI5RDkxMTVCNEUzNUJDQ0FEMjAwQTQ5Qjg0NjU5MkMxNEY3OUM4NkJWMUZuYmxsdGEwTlpUbkprUjNsRFdsUm1URGxTUlVKRVZGWklTbU5tWXpKaFVVNXNaVUo1WjJGSlNIcFdibVpaIiwibG9jYXRpb24iOiJGUkFOQ0UiLCJzdGFydGVkQXRUaW1lIjoiMjAxOS0wOS0wMlQwMDowMDowMFoifSwiZGF0ZU9mQmlydGgiOiIxOTkzLTA0LTA4IiwiZmFtaWx5TmFtZSI6IkRPRSIsImdpdmVuTmFtZXMiOiJKYW5lIiwiZ3JhZGluZ1NjaGVtZSI6eyJpZCI6Imh0dHBzOi8vbGVhc3Rvbi5iY2RpcGxvbWEuY29tL2xhdy1lY29ub21pY3MtbWFuYWdlbWVudCNHcmFkaW5nU2NoZW1lIiwidGl0bGUiOiJMb3dlciBTZWNvbmQtQ2xhc3MgSG9ub3VycyJ9LCJpZGVudGlmaWVyIjoiMDkwNDAwODA4NEgiLCJsZWFybmluZ0FjaGlldmVtZW50Ijp7ImFkZGl0aW9uYWxOb3RlIjpbIkRJU1RSSUJVVElPTiBNQU5BR0VNRU5UIl0sImRlc2NyaXB0aW9uIjoiTUFSS0VUSU5HIEFORCBTQUxFUyIsImlkIjoiaHR0cHM6Ly9sZWFzdG9uLmJjZGlwbG9tYS5jb20vbGF3LWVjb25vbWljcy1tYW5hZ2VtZW50I0xlYXJuaW5nQWNoaWV2bWVudCIsInRpdGxlIjoiTUFTVEVSUyBMQVcsIEVDT05PTUlDUyBBTkQgTUFOQUdFTUVOVCJ9LCJsZWFybmluZ1NwZWNpZmljYXRpb24iOnsiZWN0c0NyZWRpdFBvaW50cyI6MTIwLCJlcWZMZXZlbCI6NywiaWQiOiJodHRwczovL2xlYXN0b24uYmNkaXBsb21hLmNvbS9sYXctZWNvbm9taWNzLW1hbmFnZW1lbnQjTGVhcm5pbmdTcGVjaWZpY2F0aW9uIiwiaXNjZWRmQ29kZSI6WyI3Il0sIm5xZkxldmVsIjpbIjciXX19LCJjcmVkZW50aWFsU3RhdHVzIjp7ImlkIjoiaHR0cHM6Ly9lc3NpZi5ldXJvcGEuZXUvc3RhdHVzL2VkdWNhdGlvbiNoaWdoZXJFZHVjYXRpb24jMzkyYWM3ZjYtMzk5YS00MzdiLWEyNjgtNDY5MWVhZDhmMTc2IiwidHlwZSI6IkNyZWRlbnRpYWxTdGF0dXNMaXN0MjAyMCJ9LCJldmlkZW5jZSI6eyJkb2N1bWVudFByZXNlbmNlIjpbIlBoeXNpY2FsIl0sImV2aWRlbmNlRG9jdW1lbnQiOlsiUGFzc3BvcnQiXSwiaWQiOiJodHRwczovL2Vzc2lmLmV1cm9wYS5ldS90c3ItdmEvZXZpZGVuY2UvZjJhZWVjOTctZmMwZC00MmJmLThjYTctMDU0ODE5MmQ1Njc4Iiwic3ViamVjdFByZXNlbmNlIjoiUGh5c2ljYWwiLCJ0eXBlIjpbIkRvY3VtZW50VmVyaWZpY2F0aW9uIl0sInZlcmlmaWVyIjoiZGlkOmVic2k6Mjk2MmZiNzg0ZGY2MWJhYTI2N2M4MTMyNDk3NTM5ZjhjNjc0YjM3YzEyNDRhN2EifX0sImp0aSI6InVybjp1dWlkOjRlNGZkMjI2LTg1NGMtNGZjMi1iNzdlLTlkNDU5NGJmM2U5YiJ9.deoGEZ3nrqBPmbdDXN-NdFysvXJAzhAzSFyJc8tJobyB6LNYjabpR9sAkeQIEoE3FGlhmaaaMxpAzmRR5A3rDQ
7620 [pool-1-thread-1 @coroutine#169] DEBUG id.walt.signatory.WaltIdSignatory - Signed VC is: eyJraWQiOiJkaWQ6a2V5Ono2TWtqYXdvc3h2TXU1R0ZTVTFoQlhNM3A1V0RMN3dxVDhDN0VKZDFKSEtiZjRmVyN6Nk1ramF3b3N4dk11NUdGU1UxaEJYTTNwNVdETDd3cVQ4QzdFSmQxSkhLYmY0ZlciLCJ0eXAiOiJKV1QiLCJhbGciOiJFZERTQSJ9.eyJzdWIiOiJkaWQ6a2V5Ono2TWtqYXdvc3h2TXU1R0ZTVTFoQlhNM3A1V0RMN3dxVDhDN0VKZDFKSEtiZjRmVyIsIm5iZiI6MTcyNjEzMzk4MiwiaXNzIjoiZGlkOmtleTp6Nk1ramF3b3N4dk11NUdGU1UxaEJYTTNwNVdETDd3cVQ4QzdFSmQxSkhLYmY0ZlciLCJpYXQiOjE3MjYxMzM5ODIsInZjIjp7InR5cGUiOlsiVmVyaWZpYWJsZUNyZWRlbnRpYWwiLCJWZXJpZmlhYmxlQXR0ZXN0YXRpb24iLCJWZXJpZmlhYmxlRGlwbG9tYSJdLCJAY29udGV4dCI6WyJodHRwczovL3d3dy53My5vcmcvMjAxOC9jcmVkZW50aWFscy92MSJdLCJpZCI6InVybjp1dWlkOjRlNGZkMjI2LTg1NGMtNGZjMi1iNzdlLTlkNDU5NGJmM2U5YiIsImlzc3VlciI6ImRpZDprZXk6ejZNa2phd29zeHZNdTVHRlNVMWhCWE0zcDVXREw3d3FUOEM3RUpkMUpIS2JmNGZXIiwiaXNzdWFuY2VEYXRlIjoiMjAyNC0wOS0xMlQwOTozOTo0MloiLCJpc3N1ZWQiOiIyMDI0LTA5LTEyVDA5OjM5OjQyWiIsInZhbGlkRnJvbSI6IjIwMjQtMDktMTJUMDk6Mzk6NDJaIiwiZXhwaXJhdGlvbkRhdGUiOiIyMDIyLTA4LTMxVDAwOjAwOjAwWiIsImNyZWRlbnRpYWxTY2hlbWEiOnsiaWQiOiJodHRwczovL3Jhdy5naXRodWJ1c2VyY29udGVudC5jb20vd2FsdC1pZC93YWx0aWQtc3Npa2l0LXZjbGliL21hc3Rlci9zcmMvdGVzdC9yZXNvdXJjZXMvc2NoZW1hcy9WZXJpZmlhYmxlRGlwbG9tYS5qc29uIiwidHlwZSI6Ikpzb25TY2hlbWFWYWxpZGF0b3IyMDE4In0sImNyZWRlbnRpYWxTdWJqZWN0Ijp7ImlkIjoiZGlkOmtleTp6Nk1ramF3b3N4dk11NUdGU1UxaEJYTTNwNVdETDd3cVQ4QzdFSmQxSkhLYmY0ZlciLCJhd2FyZGluZ09wcG9ydHVuaXR5Ijp7ImF3YXJkaW5nQm9keSI6eyJlaWRhc0xlZ2FsSWRlbnRpZmllciI6IlVua25vd24iLCJob21lcGFnZSI6Imh0dHBzOi8vbGVhc3Rvbi5iY2RpcGxvbWEuY29tLyIsImlkIjoiZGlkOmVic2k6MkE5Qlo5U1VlNkJhdGFjU3B2czFWNUNkakh2THBRN2JFc2kySmI2TGRIS25ReGFOIiwicHJlZmVycmVkTmFtZSI6IkxlYXN0b24gVW5pdmVyc2l0eSIsInJlZ2lzdHJhdGlvbiI6IjA1OTcwNjVKIn0sImVuZGVkQXRUaW1lIjoiMjAyMC0wNi0yNlQwMDowMDowMFoiLCJpZCI6Imh0dHBzOi8vbGVhc3Rvbi5iY2RpcGxvbWEuY29tL2xhdy1lY29ub21pY3MtbWFuYWdlbWVudCNBd2FyZGluZ09wcG9ydHVuaXR5IiwiaWRlbnRpZmllciI6Imh0dHBzOi8vY2VydGlmaWNhdGUtZGVtby5iY2RpcGxvbWEuY29tL2NoZWNrLzg3RUQyRjIyNzBFNkM0MTQ1NkU5NEI4NkI5RDkxMTVCNEUzNUJDQ0FEMjAwQTQ5Qjg0NjU5MkMxNEY3OUM4NkJWMUZuYmxsdGEwTlpUbkprUjNsRFdsUm1URGxTUlVKRVZGWklTbU5tWXpKaFVVNXNaVUo1WjJGSlNIcFdibVpaIiwibG9jYXRpb24iOiJGUkFOQ0UiLCJzdGFydGVkQXRUaW1lIjoiMjAxOS0wOS0wMlQwMDowMDowMFoifSwiZGF0ZU9mQmlydGgiOiIxOTkzLTA0LTA4IiwiZmFtaWx5TmFtZSI6IkRPRSIsImdpdmVuTmFtZXMiOiJKYW5lIiwiZ3JhZGluZ1NjaGVtZSI6eyJpZCI6Imh0dHBzOi8vbGVhc3Rvbi5iY2RpcGxvbWEuY29tL2xhdy1lY29ub21pY3MtbWFuYWdlbWVudCNHcmFkaW5nU2NoZW1lIiwidGl0bGUiOiJMb3dlciBTZWNvbmQtQ2xhc3MgSG9ub3VycyJ9LCJpZGVudGlmaWVyIjoiMDkwNDAwODA4NEgiLCJsZWFybmluZ0FjaGlldmVtZW50Ijp7ImFkZGl0aW9uYWxOb3RlIjpbIkRJU1RSSUJVVElPTiBNQU5BR0VNRU5UIl0sImRlc2NyaXB0aW9uIjoiTUFSS0VUSU5HIEFORCBTQUxFUyIsImlkIjoiaHR0cHM6Ly9sZWFzdG9uLmJjZGlwbG9tYS5jb20vbGF3LWVjb25vbWljcy1tYW5hZ2VtZW50I0xlYXJuaW5nQWNoaWV2bWVudCIsInRpdGxlIjoiTUFTVEVSUyBMQVcsIEVDT05PTUlDUyBBTkQgTUFOQUdFTUVOVCJ9LCJsZWFybmluZ1NwZWNpZmljYXRpb24iOnsiZWN0c0NyZWRpdFBvaW50cyI6MTIwLCJlcWZMZXZlbCI6NywiaWQiOiJodHRwczovL2xlYXN0b24uYmNkaXBsb21hLmNvbS9sYXctZWNvbm9taWNzLW1hbmFnZW1lbnQjTGVhcm5pbmdTcGVjaWZpY2F0aW9uIiwiaXNjZWRmQ29kZSI6WyI3Il0sIm5xZkxldmVsIjpbIjciXX19LCJjcmVkZW50aWFsU3RhdHVzIjp7ImlkIjoiaHR0cHM6Ly9lc3NpZi5ldXJvcGEuZXUvc3RhdHVzL2VkdWNhdGlvbiNoaWdoZXJFZHVjYXRpb24jMzkyYWM3ZjYtMzk5YS00MzdiLWEyNjgtNDY5MWVhZDhmMTc2IiwidHlwZSI6IkNyZWRlbnRpYWxTdGF0dXNMaXN0MjAyMCJ9LCJldmlkZW5jZSI6eyJkb2N1bWVudFByZXNlbmNlIjpbIlBoeXNpY2FsIl0sImV2aWRlbmNlRG9jdW1lbnQiOlsiUGFzc3BvcnQiXSwiaWQiOiJodHRwczovL2Vzc2lmLmV1cm9wYS5ldS90c3ItdmEvZXZpZGVuY2UvZjJhZWVjOTctZmMwZC00MmJmLThjYTctMDU0ODE5MmQ1Njc4Iiwic3ViamVjdFByZXNlbmNlIjoiUGh5c2ljYWwiLCJ0eXBlIjpbIkRvY3VtZW50VmVyaWZpY2F0aW9uIl0sInZlcmlmaWVyIjoiZGlkOmVic2k6Mjk2MmZiNzg0ZGY2MWJhYTI2N2M4MTMyNDk3NTM5ZjhjNjc0YjM3YzEyNDRhN2EifX0sImp0aSI6InVybjp1dWlkOjRlNGZkMjI2LTg1NGMtNGZjMi1iNzdlLTlkNDU5NGJmM2U5YiJ9.deoGEZ3nrqBPmbdDXN-NdFysvXJAzhAzSFyJc8tJobyB6LNYjabpR9sAkeQIEoE3FGlhmaaaMxpAzmRR5A3rDQ
7621 [pool-1-thread-1 @coroutine#169] DEBUG id.walt.services.vc.WaltIdJwtCredentialService - Creating a presentation for VCs:
[PresentableCredential(verifiableCredential=eyJraWQiOiJkaWQ6a2V5Ono2TWtqYXdvc3h2TXU1R0ZTVTFoQlhNM3A1V0RMN3dxVDhDN0VKZDFKSEtiZjRmVyN6Nk1ramF3b3N4dk11NUdGU1UxaEJYTTNwNVdETDd3cVQ4QzdFSmQxSkhLYmY0ZlciLCJ0eXAiOiJKV1QiLCJhbGciOiJFZERTQSJ9.eyJzdWIiOiJkaWQ6a2V5Ono2TWtqYXdvc3h2TXU1R0ZTVTFoQlhNM3A1V0RMN3dxVDhDN0VKZDFKSEtiZjRmVyIsIm5iZiI6MTcyNjEzMzk4MiwiaXNzIjoiZGlkOmtleTp6Nk1ramF3b3N4dk11NUdGU1UxaEJYTTNwNVdETDd3cVQ4QzdFSmQxSkhLYmY0ZlciLCJpYXQiOjE3MjYxMzM5ODIsInZjIjp7InR5cGUiOlsiVmVyaWZpYWJsZUNyZWRlbnRpYWwiLCJWZXJpZmlhYmxlQXR0ZXN0YXRpb24iLCJWZXJpZmlhYmxlRGlwbG9tYSJdLCJAY29udGV4dCI6WyJodHRwczovL3d3dy53My5vcmcvMjAxOC9jcmVkZW50aWFscy92MSJdLCJpZCI6InVybjp1dWlkOjRlNGZkMjI2LTg1NGMtNGZjMi1iNzdlLTlkNDU5NGJmM2U5YiIsImlzc3VlciI6ImRpZDprZXk6ejZNa2phd29zeHZNdTVHRlNVMWhCWE0zcDVXREw3d3FUOEM3RUpkMUpIS2JmNGZXIiwiaXNzdWFuY2VEYXRlIjoiMjAyNC0wOS0xMlQwOTozOTo0MloiLCJpc3N1ZWQiOiIyMDI0LTA5LTEyVDA5OjM5OjQyWiIsInZhbGlkRnJvbSI6IjIwMjQtMDktMTJUMDk6Mzk6NDJaIiwiZXhwaXJhdGlvbkRhdGUiOiIyMDIyLTA4LTMxVDAwOjAwOjAwWiIsImNyZWRlbnRpYWxTY2hlbWEiOnsiaWQiOiJodHRwczovL3Jhdy5naXRodWJ1c2VyY29udGVudC5jb20vd2FsdC1pZC93YWx0aWQtc3Npa2l0LXZjbGliL21hc3Rlci9zcmMvdGVzdC9yZXNvdXJjZXMvc2NoZW1hcy9WZXJpZmlhYmxlRGlwbG9tYS5qc29uIiwidHlwZSI6Ikpzb25TY2hlbWFWYWxpZGF0b3IyMDE4In0sImNyZWRlbnRpYWxTdWJqZWN0Ijp7ImlkIjoiZGlkOmtleTp6Nk1ramF3b3N4dk11NUdGU1UxaEJYTTNwNVdETDd3cVQ4QzdFSmQxSkhLYmY0ZlciLCJhd2FyZGluZ09wcG9ydHVuaXR5Ijp7ImF3YXJkaW5nQm9keSI6eyJlaWRhc0xlZ2FsSWRlbnRpZmllciI6IlVua25vd24iLCJob21lcGFnZSI6Imh0dHBzOi8vbGVhc3Rvbi5iY2RpcGxvbWEuY29tLyIsImlkIjoiZGlkOmVic2k6MkE5Qlo5U1VlNkJhdGFjU3B2czFWNUNkakh2THBRN2JFc2kySmI2TGRIS25ReGFOIiwicHJlZmVycmVkTmFtZSI6IkxlYXN0b24gVW5pdmVyc2l0eSIsInJlZ2lzdHJhdGlvbiI6IjA1OTcwNjVKIn0sImVuZGVkQXRUaW1lIjoiMjAyMC0wNi0yNlQwMDowMDowMFoiLCJpZCI6Imh0dHBzOi8vbGVhc3Rvbi5iY2RpcGxvbWEuY29tL2xhdy1lY29ub21pY3MtbWFuYWdlbWVudCNBd2FyZGluZ09wcG9ydHVuaXR5IiwiaWRlbnRpZmllciI6Imh0dHBzOi8vY2VydGlmaWNhdGUtZGVtby5iY2RpcGxvbWEuY29tL2NoZWNrLzg3RUQyRjIyNzBFNkM0MTQ1NkU5NEI4NkI5RDkxMTVCNEUzNUJDQ0FEMjAwQTQ5Qjg0NjU5MkMxNEY3OUM4NkJWMUZuYmxsdGEwTlpUbkprUjNsRFdsUm1URGxTUlVKRVZGWklTbU5tWXpKaFVVNXNaVUo1WjJGSlNIcFdibVpaIiwibG9jYXRpb24iOiJGUkFOQ0UiLCJzdGFydGVkQXRUaW1lIjoiMjAxOS0wOS0wMlQwMDowMDowMFoifSwiZGF0ZU9mQmlydGgiOiIxOTkzLTA0LTA4IiwiZmFtaWx5TmFtZSI6IkRPRSIsImdpdmVuTmFtZXMiOiJKYW5lIiwiZ3JhZGluZ1NjaGVtZSI6eyJpZCI6Imh0dHBzOi8vbGVhc3Rvbi5iY2RpcGxvbWEuY29tL2xhdy1lY29ub21pY3MtbWFuYWdlbWVudCNHcmFkaW5nU2NoZW1lIiwidGl0bGUiOiJMb3dlciBTZWNvbmQtQ2xhc3MgSG9ub3VycyJ9LCJpZGVudGlmaWVyIjoiMDkwNDAwODA4NEgiLCJsZWFybmluZ0FjaGlldmVtZW50Ijp7ImFkZGl0aW9uYWxOb3RlIjpbIkRJU1RSSUJVVElPTiBNQU5BR0VNRU5UIl0sImRlc2NyaXB0aW9uIjoiTUFSS0VUSU5HIEFORCBTQUxFUyIsImlkIjoiaHR0cHM6Ly9sZWFzdG9uLmJjZGlwbG9tYS5jb20vbGF3LWVjb25vbWljcy1tYW5hZ2VtZW50I0xlYXJuaW5nQWNoaWV2bWVudCIsInRpdGxlIjoiTUFTVEVSUyBMQVcsIEVDT05PTUlDUyBBTkQgTUFOQUdFTUVOVCJ9LCJsZWFybmluZ1NwZWNpZmljYXRpb24iOnsiZWN0c0NyZWRpdFBvaW50cyI6MTIwLCJlcWZMZXZlbCI6NywiaWQiOiJodHRwczovL2xlYXN0b24uYmNkaXBsb21hLmNvbS9sYXctZWNvbm9taWNzLW1hbmFnZW1lbnQjTGVhcm5pbmdTcGVjaWZpY2F0aW9uIiwiaXNjZWRmQ29kZSI6WyI3Il0sIm5xZkxldmVsIjpbIjciXX19LCJjcmVkZW50aWFsU3RhdHVzIjp7ImlkIjoiaHR0cHM6Ly9lc3NpZi5ldXJvcGEuZXUvc3RhdHVzL2VkdWNhdGlvbiNoaWdoZXJFZHVjYXRpb24jMzkyYWM3ZjYtMzk5YS00MzdiLWEyNjgtNDY5MWVhZDhmMTc2IiwidHlwZSI6IkNyZWRlbnRpYWxTdGF0dXNMaXN0MjAyMCJ9LCJldmlkZW5jZSI6eyJkb2N1bWVudFByZXNlbmNlIjpbIlBoeXNpY2FsIl0sImV2aWRlbmNlRG9jdW1lbnQiOlsiUGFzc3BvcnQiXSwiaWQiOiJodHRwczovL2Vzc2lmLmV1cm9wYS5ldS90c3ItdmEvZXZpZGVuY2UvZjJhZWVjOTctZmMwZC00MmJmLThjYTctMDU0ODE5MmQ1Njc4Iiwic3ViamVjdFByZXNlbmNlIjoiUGh5c2ljYWwiLCJ0eXBlIjpbIkRvY3VtZW50VmVyaWZpY2F0aW9uIl0sInZlcmlmaWVyIjoiZGlkOmVic2k6Mjk2MmZiNzg0ZGY2MWJhYTI2N2M4MTMyNDk3NTM5ZjhjNjc0YjM3YzEyNDRhN2EifX0sImp0aSI6InVybjp1dWlkOjRlNGZkMjI2LTg1NGMtNGZjMi1iNzdlLTlkNDU5NGJmM2U5YiJ9.deoGEZ3nrqBPmbdDXN-NdFysvXJAzhAzSFyJc8tJobyB6LNYjabpR9sAkeQIEoE3FGlhmaaaMxpAzmRR5A3rDQ, selectiveDisclosure=null, discloseAll=false)]
7621 [pool-1-thread-1 @coroutine#169] DEBUG id.walt.model.DidUrl - Trying to create DidUrl from URL: "did:key:z6MkjawosxvMu5GFSU1hBXM3p5WDL7wqT8C7EJd1JHKbf4fW"...
7621 [pool-1-thread-1 @coroutine#169] DEBUG id.walt.services.vc.WaltIdJwtCredentialService - Signing JWT object with config: ProofConfig(issuerDid=did:key:z6MkjawosxvMu5GFSU1hBXM3p5WDL7wqT8C7EJd1JHKbf4fW, subjectDid=did:key:z6MkjawosxvMu5GFSU1hBXM3p5WDL7wqT8C7EJd1JHKbf4fW, verifierDid=did:key:z6MkjawosxvMu5GFSU1hBXM3p5WDL7wqT8C7EJd1JHKbf4fW, issuerVerificationMethod=did:key:z6MkjawosxvMu5GFSU1hBXM3p5WDL7wqT8C7EJd1JHKbf4fW#z6MkjawosxvMu5GFSU1hBXM3p5WDL7wqT8C7EJd1JHKbf4fW, proofType=JWT, domain=null, nonce=abcd, proofPurpose=null, credentialId=urn:uuid:09dcc9f9-c28c-4567-9a69-d7f224272cd6, issueDate=null, validDate=null, expirationDate=null, dataProviderIdentifier=null, ldSignatureType=null, creator=did:key:z6MkjawosxvMu5GFSU1hBXM3p5WDL7wqT8C7EJd1JHKbf4fW, ecosystem=DEFAULT, statusType=null, statusPurpose=revocation, credentialsEndpoint=null, selectiveDisclosure=null)
7621 [pool-1-thread-1 @coroutine#169] DEBUG id.walt.services.vc.WaltIdJwtCredentialService - Signing: {"sub":"did:key:z6MkjawosxvMu5GFSU1hBXM3p5WDL7wqT8C7EJd1JHKbf4fW","aud":"did:key:z6MkjawosxvMu5GFSU1hBXM3p5WDL7wqT8C7EJd1JHKbf4fW","nbf":1726133982,"iss":"did:key:z6MkjawosxvMu5GFSU1hBXM3p5WDL7wqT8C7EJd1JHKbf4fW","vp":{"type":["VerifiablePresentation"],"@context":["https://www.w3.org/2018/credentials/v1"],"id":"urn:uuid:09dcc9f9-c28c-4567-9a69-d7f224272cd6","holder":"did:key:z6MkjawosxvMu5GFSU1hBXM3p5WDL7wqT8C7EJd1JHKbf4fW","verifiableCredential":["eyJraWQiOiJkaWQ6a2V5Ono2TWtqYXdvc3h2TXU1R0ZTVTFoQlhNM3A1V0RMN3dxVDhDN0VKZDFKSEtiZjRmVyN6Nk1ramF3b3N4dk11NUdGU1UxaEJYTTNwNVdETDd3cVQ4QzdFSmQxSkhLYmY0ZlciLCJ0eXAiOiJKV1QiLCJhbGciOiJFZERTQSJ9.eyJzdWIiOiJkaWQ6a2V5Ono2TWtqYXdvc3h2TXU1R0ZTVTFoQlhNM3A1V0RMN3dxVDhDN0VKZDFKSEtiZjRmVyIsIm5iZiI6MTcyNjEzMzk4MiwiaXNzIjoiZGlkOmtleTp6Nk1ramF3b3N4dk11NUdGU1UxaEJYTTNwNVdETDd3cVQ4QzdFSmQxSkhLYmY0ZlciLCJpYXQiOjE3MjYxMzM5ODIsInZjIjp7InR5cGUiOlsiVmVyaWZpYWJsZUNyZWRlbnRpYWwiLCJWZXJpZmlhYmxlQXR0ZXN0YXRpb24iLCJWZXJpZmlhYmxlRGlwbG9tYSJdLCJAY29udGV4dCI6WyJodHRwczovL3d3dy53My5vcmcvMjAxOC9jcmVkZW50aWFscy92MSJdLCJpZCI6InVybjp1dWlkOjRlNGZkMjI2LTg1NGMtNGZjMi1iNzdlLTlkNDU5NGJmM2U5YiIsImlzc3VlciI6ImRpZDprZXk6ejZNa2phd29zeHZNdTVHRlNVMWhCWE0zcDVXREw3d3FUOEM3RUpkMUpIS2JmNGZXIiwiaXNzdWFuY2VEYXRlIjoiMjAyNC0wOS0xMlQwOTozOTo0MloiLCJpc3N1ZWQiOiIyMDI0LTA5LTEyVDA5OjM5OjQyWiIsInZhbGlkRnJvbSI6IjIwMjQtMDktMTJUMDk6Mzk6NDJaIiwiZXhwaXJhdGlvbkRhdGUiOiIyMDIyLTA4LTMxVDAwOjAwOjAwWiIsImNyZWRlbnRpYWxTY2hlbWEiOnsiaWQiOiJodHRwczovL3Jhdy5naXRodWJ1c2VyY29udGVudC5jb20vd2FsdC1pZC93YWx0aWQtc3Npa2l0LXZjbGliL21hc3Rlci9zcmMvdGVzdC9yZXNvdXJjZXMvc2NoZW1hcy9WZXJpZmlhYmxlRGlwbG9tYS5qc29uIiwidHlwZSI6Ikpzb25TY2hlbWFWYWxpZGF0b3IyMDE4In0sImNyZWRlbnRpYWxTdWJqZWN0Ijp7ImlkIjoiZGlkOmtleTp6Nk1ramF3b3N4dk11NUdGU1UxaEJYTTNwNVdETDd3cVQ4QzdFSmQxSkhLYmY0ZlciLCJhd2FyZGluZ09wcG9ydHVuaXR5Ijp7ImF3YXJkaW5nQm9keSI6eyJlaWRhc0xlZ2FsSWRlbnRpZmllciI6IlVua25vd24iLCJob21lcGFnZSI6Imh0dHBzOi8vbGVhc3Rvbi5iY2RpcGxvbWEuY29tLyIsImlkIjoiZGlkOmVic2k6MkE5Qlo5U1VlNkJhdGFjU3B2czFWNUNkakh2THBRN2JFc2kySmI2TGRIS25ReGFOIiwicHJlZmVycmVkTmFtZSI6IkxlYXN0b24gVW5pdmVyc2l0eSIsInJlZ2lzdHJhdGlvbiI6IjA1OTcwNjVKIn0sImVuZGVkQXRUaW1lIjoiMjAyMC0wNi0yNlQwMDowMDowMFoiLCJpZCI6Imh0dHBzOi8vbGVhc3Rvbi5iY2RpcGxvbWEuY29tL2xhdy1lY29ub21pY3MtbWFuYWdlbWVudCNBd2FyZGluZ09wcG9ydHVuaXR5IiwiaWRlbnRpZmllciI6Imh0dHBzOi8vY2VydGlmaWNhdGUtZGVtby5iY2RpcGxvbWEuY29tL2NoZWNrLzg3RUQyRjIyNzBFNkM0MTQ1NkU5NEI4NkI5RDkxMTVCNEUzNUJDQ0FEMjAwQTQ5Qjg0NjU5MkMxNEY3OUM4NkJWMUZuYmxsdGEwTlpUbkprUjNsRFdsUm1URGxTUlVKRVZGWklTbU5tWXpKaFVVNXNaVUo1WjJGSlNIcFdibVpaIiwibG9jYXRpb24iOiJGUkFOQ0UiLCJzdGFydGVkQXRUaW1lIjoiMjAxOS0wOS0wMlQwMDowMDowMFoifSwiZGF0ZU9mQmlydGgiOiIxOTkzLTA0LTA4IiwiZmFtaWx5TmFtZSI6IkRPRSIsImdpdmVuTmFtZXMiOiJKYW5lIiwiZ3JhZGluZ1NjaGVtZSI6eyJpZCI6Imh0dHBzOi8vbGVhc3Rvbi5iY2RpcGxvbWEuY29tL2xhdy1lY29ub21pY3MtbWFuYWdlbWVudCNHcmFkaW5nU2NoZW1lIiwidGl0bGUiOiJMb3dlciBTZWNvbmQtQ2xhc3MgSG9ub3VycyJ9LCJpZGVudGlmaWVyIjoiMDkwNDAwODA4NEgiLCJsZWFybmluZ0FjaGlldmVtZW50Ijp7ImFkZGl0aW9uYWxOb3RlIjpbIkRJU1RSSUJVVElPTiBNQU5BR0VNRU5UIl0sImRlc2NyaXB0aW9uIjoiTUFSS0VUSU5HIEFORCBTQUxFUyIsImlkIjoiaHR0cHM6Ly9sZWFzdG9uLmJjZGlwbG9tYS5jb20vbGF3LWVjb25vbWljcy1tYW5hZ2VtZW50I0xlYXJuaW5nQWNoaWV2bWVudCIsInRpdGxlIjoiTUFTVEVSUyBMQVcsIEVDT05PTUlDUyBBTkQgTUFOQUdFTUVOVCJ9LCJsZWFybmluZ1NwZWNpZmljYXRpb24iOnsiZWN0c0NyZWRpdFBvaW50cyI6MTIwLCJlcWZMZXZlbCI6NywiaWQiOiJodHRwczovL2xlYXN0b24uYmNkaXBsb21hLmNvbS9sYXctZWNvbm9taWNzLW1hbmFnZW1lbnQjTGVhcm5pbmdTcGVjaWZpY2F0aW9uIiwiaXNjZWRmQ29kZSI6WyI3Il0sIm5xZkxldmVsIjpbIjciXX19LCJjcmVkZW50aWFsU3RhdHVzIjp7ImlkIjoiaHR0cHM6Ly9lc3NpZi5ldXJvcGEuZXUvc3RhdHVzL2VkdWNhdGlvbiNoaWdoZXJFZHVjYXRpb24jMzkyYWM3ZjYtMzk5YS00MzdiLWEyNjgtNDY5MWVhZDhmMTc2IiwidHlwZSI6IkNyZWRlbnRpYWxTdGF0dXNMaXN0MjAyMCJ9LCJldmlkZW5jZSI6eyJkb2N1bWVudFByZXNlbmNlIjpbIlBoeXNpY2FsIl0sImV2aWRlbmNlRG9jdW1lbnQiOlsiUGFzc3BvcnQiXSwiaWQiOiJodHRwczovL2Vzc2lmLmV1cm9wYS5ldS90c3ItdmEvZXZpZGVuY2UvZjJhZWVjOTctZmMwZC00MmJmLThjYTctMDU0ODE5MmQ1Njc4Iiwic3ViamVjdFByZXNlbmNlIjoiUGh5c2ljYWwiLCJ0eXBlIjpbIkRvY3VtZW50VmVyaWZpY2F0aW9uIl0sInZlcmlmaWVyIjoiZGlkOmVic2k6Mjk2MmZiNzg0ZGY2MWJhYTI2N2M4MTMyNDk3NTM5ZjhjNjc0YjM3YzEyNDRhN2EifX0sImp0aSI6InVybjp1dWlkOjRlNGZkMjI2LTg1NGMtNGZjMi1iNzdlLTlkNDU5NGJmM2U5YiJ9.deoGEZ3nrqBPmbdDXN-NdFysvXJAzhAzSFyJc8tJobyB6LNYjabpR9sAkeQIEoE3FGlhmaaaMxpAzmRR5A3rDQ"]},"iat":1726133982,"nonce":"abcd","jti":"urn:uuid:09dcc9f9-c28c-4567-9a69-d7f224272cd6"}
7622 [pool-1-thread-1 @coroutine#169] DEBUG id.walt.services.keystore.HKVKeyStoreService - Loading key "did:key:z6MkjawosxvMu5GFSU1hBXM3p5WDL7wqT8C7EJd1JHKbf4fW#z6MkjawosxvMu5GFSU1hBXM3p5WDL7wqT8C7EJd1JHKbf4fW".
7622 [pool-1-thread-1 @coroutine#169] DEBUG id.walt.services.jwt.WaltIdJwtService - Signing JWT with algorithm: EdDSA_Ed25519
7622 [pool-1-thread-1 @coroutine#169] DEBUG id.walt.model.DidUrl - Trying to create DidUrl from URL: "did:key:z6MkjawosxvMu5GFSU1hBXM3p5WDL7wqT8C7EJd1JHKbf4fW#z6MkjawosxvMu5GFSU1hBXM3p5WDL7wqT8C7EJd1JHKbf4fW"...
7622 [pool-1-thread-1 @coroutine#169] DEBUG id.walt.services.keystore.HKVKeyStoreService - Loading key "4cc8266db53a41afab6381e640a95c97".
7623 [pool-1-thread-1 @coroutine#169] DEBUG id.walt.services.jwt.WaltIdJwtService - Signed JWT:  eyJraWQiOiJkaWQ6a2V5Ono2TWtqYXdvc3h2TXU1R0ZTVTFoQlhNM3A1V0RMN3dxVDhDN0VKZDFKSEtiZjRmVyN6Nk1ramF3b3N4dk11NUdGU1UxaEJYTTNwNVdETDd3cVQ4QzdFSmQxSkhLYmY0ZlciLCJ0eXAiOiJKV1QiLCJhbGciOiJFZERTQSJ9.eyJzdWIiOiJkaWQ6a2V5Ono2TWtqYXdvc3h2TXU1R0ZTVTFoQlhNM3A1V0RMN3dxVDhDN0VKZDFKSEtiZjRmVyIsImF1ZCI6ImRpZDprZXk6ejZNa2phd29zeHZNdTVHRlNVMWhCWE0zcDVXREw3d3FUOEM3RUpkMUpIS2JmNGZXIiwibmJmIjoxNzI2MTMzOTgyLCJpc3MiOiJkaWQ6a2V5Ono2TWtqYXdvc3h2TXU1R0ZTVTFoQlhNM3A1V0RMN3dxVDhDN0VKZDFKSEtiZjRmVyIsInZwIjp7InR5cGUiOlsiVmVyaWZpYWJsZVByZXNlbnRhdGlvbiJdLCJAY29udGV4dCI6WyJodHRwczovL3d3dy53My5vcmcvMjAxOC9jcmVkZW50aWFscy92MSJdLCJpZCI6InVybjp1dWlkOjA5ZGNjOWY5LWMyOGMtNDU2Ny05YTY5LWQ3ZjIyNDI3MmNkNiIsImhvbGRlciI6ImRpZDprZXk6ejZNa2phd29zeHZNdTVHRlNVMWhCWE0zcDVXREw3d3FUOEM3RUpkMUpIS2JmNGZXIiwidmVyaWZpYWJsZUNyZWRlbnRpYWwiOlsiZXlKcmFXUWlPaUprYVdRNmEyVjVPbm8yVFd0cVlYZHZjM2gyVFhVMVIwWlRWVEZvUWxoTk0zQTFWMFJNTjNkeFZEaEROMFZLWkRGS1NFdGlaalJtVnlONk5rMXJhbUYzYjNONGRrMTFOVWRHVTFVeGFFSllUVE53TlZkRVREZDNjVlE0UXpkRlNtUXhTa2hMWW1ZMFpsY2lMQ0owZVhBaU9pSktWMVFpTENKaGJHY2lPaUpGWkVSVFFTSjkuZXlKemRXSWlPaUprYVdRNmEyVjVPbm8yVFd0cVlYZHZjM2gyVFhVMVIwWlRWVEZvUWxoTk0zQTFWMFJNTjNkeFZEaEROMFZLWkRGS1NFdGlaalJtVnlJc0ltNWlaaUk2TVRjeU5qRXpNems0TWl3aWFYTnpJam9pWkdsa09tdGxlVHA2TmsxcmFtRjNiM040ZGsxMU5VZEdVMVV4YUVKWVRUTndOVmRFVERkM2NWUTRRemRGU21ReFNraExZbVkwWmxjaUxDSnBZWFFpT2pFM01qWXhNek01T0RJc0luWmpJanA3SW5SNWNHVWlPbHNpVm1WeWFXWnBZV0pzWlVOeVpXUmxiblJwWVd3aUxDSldaWEpwWm1saFlteGxRWFIwWlhOMFlYUnBiMjRpTENKV1pYSnBabWxoWW14bFJHbHdiRzl0WVNKZExDSkFZMjl1ZEdWNGRDSTZXeUpvZEhSd2N6b3ZMM2QzZHk1M015NXZjbWN2TWpBeE9DOWpjbVZrWlc1MGFXRnNjeTkyTVNKZExDSnBaQ0k2SW5WeWJqcDFkV2xrT2pSbE5HWmtNakkyTFRnMU5HTXROR1pqTWkxaU56ZGxMVGxrTkRVNU5HSm1NMlU1WWlJc0ltbHpjM1ZsY2lJNkltUnBaRHByWlhrNmVqWk5hMnBoZDI5emVIWk5kVFZIUmxOVk1XaENXRTB6Y0RWWFJFdzNkM0ZVT0VNM1JVcGtNVXBJUzJKbU5HWlhJaXdpYVhOemRXRnVZMlZFWVhSbElqb2lNakF5TkMwd09TMHhNbFF3T1Rvek9UbzBNbG9pTENKcGMzTjFaV1FpT2lJeU1ESTBMVEE1TFRFeVZEQTVPak01T2pReVdpSXNJblpoYkdsa1JuSnZiU0k2SWpJd01qUXRNRGt0TVRKVU1EazZNems2TkRKYUlpd2laWGh3YVhKaGRHbHZia1JoZEdVaU9pSXlNREl5TFRBNExUTXhWREF3T2pBd09qQXdXaUlzSW1OeVpXUmxiblJwWVd4VFkyaGxiV0VpT25zaWFXUWlPaUpvZEhSd2N6b3ZMM0poZHk1bmFYUm9kV0oxYzJWeVkyOXVkR1Z1ZEM1amIyMHZkMkZzZEMxcFpDOTNZV3gwYVdRdGMzTnBhMmwwTFhaamJHbGlMMjFoYzNSbGNpOXpjbU12ZEdWemRDOXlaWE52ZFhKalpYTXZjMk5vWlcxaGN5OVdaWEpwWm1saFlteGxSR2x3Ykc5dFlTNXFjMjl1SWl3aWRIbHdaU0k2SWtwemIyNVRZMmhsYldGV1lXeHBaR0YwYjNJeU1ERTRJbjBzSW1OeVpXUmxiblJwWVd4VGRXSnFaV04wSWpwN0ltbGtJam9pWkdsa09tdGxlVHA2TmsxcmFtRjNiM040ZGsxMU5VZEdVMVV4YUVKWVRUTndOVmRFVERkM2NWUTRRemRGU21ReFNraExZbVkwWmxjaUxDSmhkMkZ5WkdsdVowOXdjRzl5ZEhWdWFYUjVJanA3SW1GM1lYSmthVzVuUW05a2VTSTZleUpsYVdSaGMweGxaMkZzU1dSbGJuUnBabWxsY2lJNklsVnVhMjV2ZDI0aUxDSm9iMjFsY0dGblpTSTZJbWgwZEhCek9pOHZiR1ZoYzNSdmJpNWlZMlJwY0d4dmJXRXVZMjl0THlJc0ltbGtJam9pWkdsa09tVmljMms2TWtFNVFsbzVVMVZsTmtKaGRHRmpVM0IyY3pGV05VTmtha2gyVEhCUk4ySkZjMmt5U21JMlRHUklTMjVSZUdGT0lpd2ljSEpsWm1WeWNtVmtUbUZ0WlNJNklreGxZWE4wYjI0Z1ZXNXBkbVZ5YzJsMGVTSXNJbkpsWjJsemRISmhkR2x2YmlJNklqQTFPVGN3TmpWS0luMHNJbVZ1WkdWa1FYUlVhVzFsSWpvaU1qQXlNQzB3TmkweU5sUXdNRG93TURvd01Gb2lMQ0pwWkNJNkltaDBkSEJ6T2k4dmJHVmhjM1J2Ymk1aVkyUnBjR3h2YldFdVkyOXRMMnhoZHkxbFkyOXViMjFwWTNNdGJXRnVZV2RsYldWdWRDTkJkMkZ5WkdsdVowOXdjRzl5ZEhWdWFYUjVJaXdpYVdSbGJuUnBabWxsY2lJNkltaDBkSEJ6T2k4dlkyVnlkR2xtYVdOaGRHVXRaR1Z0Ynk1aVkyUnBjR3h2YldFdVkyOXRMMk5vWldOckx6ZzNSVVF5UmpJeU56QkZOa00wTVRRMU5rVTVORUk0TmtJNVJEa3hNVFZDTkVVek5VSkRRMEZFTWpBd1FUUTVRamcwTmpVNU1rTXhORVkzT1VNNE5rSldNVVp1WW14c2RHRXdUbHBVYmtwclVqTnNSRmRzVW0xVVJHeFRVbFZLUlZaR1drbFRiVTV0V1hwS2FGVlZOWE5hVlVvMVdqSkdTbE5JY0ZkaWJWcGFJaXdpYkc5allYUnBiMjRpT2lKR1VrRk9RMFVpTENKemRHRnlkR1ZrUVhSVWFXMWxJam9pTWpBeE9TMHdPUzB3TWxRd01Eb3dNRG93TUZvaWZTd2laR0YwWlU5bVFtbHlkR2dpT2lJeE9Ua3pMVEEwTFRBNElpd2labUZ0YVd4NVRtRnRaU0k2SWtSUFJTSXNJbWRwZG1WdVRtRnRaWE1pT2lKS1lXNWxJaXdpWjNKaFpHbHVaMU5qYUdWdFpTSTZleUpwWkNJNkltaDBkSEJ6T2k4dmJHVmhjM1J2Ymk1aVkyUnBjR3h2YldFdVkyOXRMMnhoZHkxbFkyOXViMjFwWTNNdGJXRnVZV2RsYldWdWRDTkhjbUZrYVc1blUyTm9aVzFsSWl3aWRHbDBiR1VpT2lKTWIzZGxjaUJUWldOdmJtUXRRMnhoYzNNZ1NHOXViM1Z5Y3lKOUxDSnBaR1Z1ZEdsbWFXVnlJam9pTURrd05EQXdPREE0TkVnaUxDSnNaV0Z5Ym1sdVowRmphR2xsZG1WdFpXNTBJanA3SW1Ga1pHbDBhVzl1WVd4T2IzUmxJanBiSWtSSlUxUlNTVUpWVkVsUFRpQk5RVTVCUjBWTlJVNVVJbDBzSW1SbGMyTnlhWEIwYVc5dUlqb2lUVUZTUzBWVVNVNUhJRUZPUkNCVFFVeEZVeUlzSW1sa0lqb2lhSFIwY0hNNkx5OXNaV0Z6ZEc5dUxtSmpaR2x3Ykc5dFlTNWpiMjB2YkdGM0xXVmpiMjV2YldsamN5MXRZVzVoWjJWdFpXNTBJMHhsWVhKdWFXNW5RV05vYVdWMmJXVnVkQ0lzSW5ScGRHeGxJam9pVFVGVFZFVlNVeUJNUVZjc0lFVkRUMDVQVFVsRFV5QkJUa1FnVFVGT1FVZEZUVVZPVkNKOUxDSnNaV0Z5Ym1sdVoxTndaV05wWm1sallYUnBiMjRpT25zaVpXTjBjME55WldScGRGQnZhVzUwY3lJNk1USXdMQ0psY1daTVpYWmxiQ0k2Tnl3aWFXUWlPaUpvZEhSd2N6b3ZMMnhsWVhOMGIyNHVZbU5rYVhCc2IyMWhMbU52YlM5c1lYY3RaV052Ym05dGFXTnpMVzFoYm1GblpXMWxiblFqVEdWaGNtNXBibWRUY0dWamFXWnBZMkYwYVc5dUlpd2lhWE5qWldSbVEyOWtaU0k2V3lJM0lsMHNJbTV4Wmt4bGRtVnNJanBiSWpjaVhYMTlMQ0pqY21Wa1pXNTBhV0ZzVTNSaGRIVnpJanA3SW1sa0lqb2lhSFIwY0hNNkx5OWxjM05wWmk1bGRYSnZjR0V1WlhVdmMzUmhkSFZ6TDJWa2RXTmhkR2x2YmlOb2FXZG9aWEpGWkhWallYUnBiMjRqTXpreVlXTTNaall0TXprNVlTMDBNemRpTFdFeU5qZ3RORFk1TVdWaFpEaG1NVGMySWl3aWRIbHdaU0k2SWtOeVpXUmxiblJwWVd4VGRHRjBkWE5NYVhOME1qQXlNQ0o5TENKbGRtbGtaVzVqWlNJNmV5SmtiMk4xYldWdWRGQnlaWE5sYm1ObElqcGJJbEJvZVhOcFkyRnNJbDBzSW1WMmFXUmxibU5sUkc5amRXMWxiblFpT2xzaVVHRnpjM0J2Y25RaVhTd2lhV1FpT2lKb2RIUndjem92TDJWemMybG1MbVYxY205d1lTNWxkUzkwYzNJdGRtRXZaWFpwWkdWdVkyVXZaakpoWldWak9UY3RabU13WkMwME1tSm1MVGhqWVRjdE1EVTBPREU1TW1RMU5qYzRJaXdpYzNWaWFtVmpkRkJ5WlhObGJtTmxJam9pVUdoNWMybGpZV3dpTENKMGVYQmxJanBiSWtSdlkzVnRaVzUwVm1WeWFXWnBZMkYwYVc5dUlsMHNJblpsY21sbWFXVnlJam9pWkdsa09tVmljMms2TWprMk1tWmlOemcwWkdZMk1XSmhZVEkyTjJNNE1UTXlORGszTlRNNVpqaGpOamMwWWpNM1l6RXlORFJoTjJFaWZYMHNJbXAwYVNJNkluVnlianAxZFdsa09qUmxOR1prTWpJMkxUZzFOR010Tkdaak1pMWlOemRsTFRsa05EVTVOR0ptTTJVNVlpSjkuZGVvR0VaM25ycUJQbWJkRFhOLU5kRnlzdlhKQXpoQXpTRnlKYzh0Sm9ieUI2TE5ZamFicFI5c0FrZVFJRW9FM0ZHbGhtYWFhTXhwQXptUlI1QTNyRFEiXX0sImlhdCI6MTcyNjEzMzk4Miwibm9uY2UiOiJhYmNkIiwianRpIjoidXJuOnV1aWQ6MDlkY2M5ZjktYzI4Yy00NTY3LTlhNjktZDdmMjI0MjcyY2Q2In0.3-3EMdX13hCjevctU2vZkpb69j1IbwP4U3jEcXaPc3BLHk08HH_X2yceC82pRuexFsh1y1GavCRnahFYkGmzAw
7623 [pool-1-thread-1 @coroutine#169] DEBUG id.walt.services.vc.WaltIdJwtCredentialService - VP created:eyJraWQiOiJkaWQ6a2V5Ono2TWtqYXdvc3h2TXU1R0ZTVTFoQlhNM3A1V0RMN3dxVDhDN0VKZDFKSEtiZjRmVyN6Nk1ramF3b3N4dk11NUdGU1UxaEJYTTNwNVdETDd3cVQ4QzdFSmQxSkhLYmY0ZlciLCJ0eXAiOiJKV1QiLCJhbGciOiJFZERTQSJ9.eyJzdWIiOiJkaWQ6a2V5Ono2TWtqYXdvc3h2TXU1R0ZTVTFoQlhNM3A1V0RMN3dxVDhDN0VKZDFKSEtiZjRmVyIsImF1ZCI6ImRpZDprZXk6ejZNa2phd29zeHZNdTVHRlNVMWhCWE0zcDVXREw3d3FUOEM3RUpkMUpIS2JmNGZXIiwibmJmIjoxNzI2MTMzOTgyLCJpc3MiOiJkaWQ6a2V5Ono2TWtqYXdvc3h2TXU1R0ZTVTFoQlhNM3A1V0RMN3dxVDhDN0VKZDFKSEtiZjRmVyIsInZwIjp7InR5cGUiOlsiVmVyaWZpYWJsZVByZXNlbnRhdGlvbiJdLCJAY29udGV4dCI6WyJodHRwczovL3d3dy53My5vcmcvMjAxOC9jcmVkZW50aWFscy92MSJdLCJpZCI6InVybjp1dWlkOjA5ZGNjOWY5LWMyOGMtNDU2Ny05YTY5LWQ3ZjIyNDI3MmNkNiIsImhvbGRlciI6ImRpZDprZXk6ejZNa2phd29zeHZNdTVHRlNVMWhCWE0zcDVXREw3d3FUOEM3RUpkMUpIS2JmNGZXIiwidmVyaWZpYWJsZUNyZWRlbnRpYWwiOlsiZXlKcmFXUWlPaUprYVdRNmEyVjVPbm8yVFd0cVlYZHZjM2gyVFhVMVIwWlRWVEZvUWxoTk0zQTFWMFJNTjNkeFZEaEROMFZLWkRGS1NFdGlaalJtVnlONk5rMXJhbUYzYjNONGRrMTFOVWRHVTFVeGFFSllUVE53TlZkRVREZDNjVlE0UXpkRlNtUXhTa2hMWW1ZMFpsY2lMQ0owZVhBaU9pSktWMVFpTENKaGJHY2lPaUpGWkVSVFFTSjkuZXlKemRXSWlPaUprYVdRNmEyVjVPbm8yVFd0cVlYZHZjM2gyVFhVMVIwWlRWVEZvUWxoTk0zQTFWMFJNTjNkeFZEaEROMFZLWkRGS1NFdGlaalJtVnlJc0ltNWlaaUk2TVRjeU5qRXpNems0TWl3aWFYTnpJam9pWkdsa09tdGxlVHA2TmsxcmFtRjNiM040ZGsxMU5VZEdVMVV4YUVKWVRUTndOVmRFVERkM2NWUTRRemRGU21ReFNraExZbVkwWmxjaUxDSnBZWFFpT2pFM01qWXhNek01T0RJc0luWmpJanA3SW5SNWNHVWlPbHNpVm1WeWFXWnBZV0pzWlVOeVpXUmxiblJwWVd3aUxDSldaWEpwWm1saFlteGxRWFIwWlhOMFlYUnBiMjRpTENKV1pYSnBabWxoWW14bFJHbHdiRzl0WVNKZExDSkFZMjl1ZEdWNGRDSTZXeUpvZEhSd2N6b3ZMM2QzZHk1M015NXZjbWN2TWpBeE9DOWpjbVZrWlc1MGFXRnNjeTkyTVNKZExDSnBaQ0k2SW5WeWJqcDFkV2xrT2pSbE5HWmtNakkyTFRnMU5HTXROR1pqTWkxaU56ZGxMVGxrTkRVNU5HSm1NMlU1WWlJc0ltbHpjM1ZsY2lJNkltUnBaRHByWlhrNmVqWk5hMnBoZDI5emVIWk5kVFZIUmxOVk1XaENXRTB6Y0RWWFJFdzNkM0ZVT0VNM1JVcGtNVXBJUzJKbU5HWlhJaXdpYVhOemRXRnVZMlZFWVhSbElqb2lNakF5TkMwd09TMHhNbFF3T1Rvek9UbzBNbG9pTENKcGMzTjFaV1FpT2lJeU1ESTBMVEE1TFRFeVZEQTVPak01T2pReVdpSXNJblpoYkdsa1JuSnZiU0k2SWpJd01qUXRNRGt0TVRKVU1EazZNems2TkRKYUlpd2laWGh3YVhKaGRHbHZia1JoZEdVaU9pSXlNREl5TFRBNExUTXhWREF3T2pBd09qQXdXaUlzSW1OeVpXUmxiblJwWVd4VFkyaGxiV0VpT25zaWFXUWlPaUpvZEhSd2N6b3ZMM0poZHk1bmFYUm9kV0oxYzJWeVkyOXVkR1Z1ZEM1amIyMHZkMkZzZEMxcFpDOTNZV3gwYVdRdGMzTnBhMmwwTFhaamJHbGlMMjFoYzNSbGNpOXpjbU12ZEdWemRDOXlaWE52ZFhKalpYTXZjMk5vWlcxaGN5OVdaWEpwWm1saFlteGxSR2x3Ykc5dFlTNXFjMjl1SWl3aWRIbHdaU0k2SWtwemIyNVRZMmhsYldGV1lXeHBaR0YwYjNJeU1ERTRJbjBzSW1OeVpXUmxiblJwWVd4VGRXSnFaV04wSWpwN0ltbGtJam9pWkdsa09tdGxlVHA2TmsxcmFtRjNiM040ZGsxMU5VZEdVMVV4YUVKWVRUTndOVmRFVERkM2NWUTRRemRGU21ReFNraExZbVkwWmxjaUxDSmhkMkZ5WkdsdVowOXdjRzl5ZEhWdWFYUjVJanA3SW1GM1lYSmthVzVuUW05a2VTSTZleUpsYVdSaGMweGxaMkZzU1dSbGJuUnBabWxsY2lJNklsVnVhMjV2ZDI0aUxDSm9iMjFsY0dGblpTSTZJbWgwZEhCek9pOHZiR1ZoYzNSdmJpNWlZMlJwY0d4dmJXRXVZMjl0THlJc0ltbGtJam9pWkdsa09tVmljMms2TWtFNVFsbzVVMVZsTmtKaGRHRmpVM0IyY3pGV05VTmtha2gyVEhCUk4ySkZjMmt5U21JMlRHUklTMjVSZUdGT0lpd2ljSEpsWm1WeWNtVmtUbUZ0WlNJNklreGxZWE4wYjI0Z1ZXNXBkbVZ5YzJsMGVTSXNJbkpsWjJsemRISmhkR2x2YmlJNklqQTFPVGN3TmpWS0luMHNJbVZ1WkdWa1FYUlVhVzFsSWpvaU1qQXlNQzB3TmkweU5sUXdNRG93TURvd01Gb2lMQ0pwWkNJNkltaDBkSEJ6T2k4dmJHVmhjM1J2Ymk1aVkyUnBjR3h2YldFdVkyOXRMMnhoZHkxbFkyOXViMjFwWTNNdGJXRnVZV2RsYldWdWRDTkJkMkZ5WkdsdVowOXdjRzl5ZEhWdWFYUjVJaXdpYVdSbGJuUnBabWxsY2lJNkltaDBkSEJ6T2k4dlkyVnlkR2xtYVdOaGRHVXRaR1Z0Ynk1aVkyUnBjR3h2YldFdVkyOXRMMk5vWldOckx6ZzNSVVF5UmpJeU56QkZOa00wTVRRMU5rVTVORUk0TmtJNVJEa3hNVFZDTkVVek5VSkRRMEZFTWpBd1FUUTVRamcwTmpVNU1rTXhORVkzT1VNNE5rSldNVVp1WW14c2RHRXdUbHBVYmtwclVqTnNSRmRzVW0xVVJHeFRVbFZLUlZaR1drbFRiVTV0V1hwS2FGVlZOWE5hVlVvMVdqSkdTbE5JY0ZkaWJWcGFJaXdpYkc5allYUnBiMjRpT2lKR1VrRk9RMFVpTENKemRHRnlkR1ZrUVhSVWFXMWxJam9pTWpBeE9TMHdPUzB3TWxRd01Eb3dNRG93TUZvaWZTd2laR0YwWlU5bVFtbHlkR2dpT2lJeE9Ua3pMVEEwTFRBNElpd2labUZ0YVd4NVRtRnRaU0k2SWtSUFJTSXNJbWRwZG1WdVRtRnRaWE1pT2lKS1lXNWxJaXdpWjNKaFpHbHVaMU5qYUdWdFpTSTZleUpwWkNJNkltaDBkSEJ6T2k4dmJHVmhjM1J2Ymk1aVkyUnBjR3h2YldFdVkyOXRMMnhoZHkxbFkyOXViMjFwWTNNdGJXRnVZV2RsYldWdWRDTkhjbUZrYVc1blUyTm9aVzFsSWl3aWRHbDBiR1VpT2lKTWIzZGxjaUJUWldOdmJtUXRRMnhoYzNNZ1NHOXViM1Z5Y3lKOUxDSnBaR1Z1ZEdsbWFXVnlJam9pTURrd05EQXdPREE0TkVnaUxDSnNaV0Z5Ym1sdVowRmphR2xsZG1WdFpXNTBJanA3SW1Ga1pHbDBhVzl1WVd4T2IzUmxJanBiSWtSSlUxUlNTVUpWVkVsUFRpQk5RVTVCUjBWTlJVNVVJbDBzSW1SbGMyTnlhWEIwYVc5dUlqb2lUVUZTUzBWVVNVNUhJRUZPUkNCVFFVeEZVeUlzSW1sa0lqb2lhSFIwY0hNNkx5OXNaV0Z6ZEc5dUxtSmpaR2x3Ykc5dFlTNWpiMjB2YkdGM0xXVmpiMjV2YldsamN5MXRZVzVoWjJWdFpXNTBJMHhsWVhKdWFXNW5RV05vYVdWMmJXVnVkQ0lzSW5ScGRHeGxJam9pVFVGVFZFVlNVeUJNUVZjc0lFVkRUMDVQVFVsRFV5QkJUa1FnVFVGT1FVZEZUVVZPVkNKOUxDSnNaV0Z5Ym1sdVoxTndaV05wWm1sallYUnBiMjRpT25zaVpXTjBjME55WldScGRGQnZhVzUwY3lJNk1USXdMQ0psY1daTVpYWmxiQ0k2Tnl3aWFXUWlPaUpvZEhSd2N6b3ZMMnhsWVhOMGIyNHVZbU5rYVhCc2IyMWhMbU52YlM5c1lYY3RaV052Ym05dGFXTnpMVzFoYm1GblpXMWxiblFqVEdWaGNtNXBibWRUY0dWamFXWnBZMkYwYVc5dUlpd2lhWE5qWldSbVEyOWtaU0k2V3lJM0lsMHNJbTV4Wmt4bGRtVnNJanBiSWpjaVhYMTlMQ0pqY21Wa1pXNTBhV0ZzVTNSaGRIVnpJanA3SW1sa0lqb2lhSFIwY0hNNkx5OWxjM05wWmk1bGRYSnZjR0V1WlhVdmMzUmhkSFZ6TDJWa2RXTmhkR2x2YmlOb2FXZG9aWEpGWkhWallYUnBiMjRqTXpreVlXTTNaall0TXprNVlTMDBNemRpTFdFeU5qZ3RORFk1TVdWaFpEaG1NVGMySWl3aWRIbHdaU0k2SWtOeVpXUmxiblJwWVd4VGRHRjBkWE5NYVhOME1qQXlNQ0o5TENKbGRtbGtaVzVqWlNJNmV5SmtiMk4xYldWdWRGQnlaWE5sYm1ObElqcGJJbEJvZVhOcFkyRnNJbDBzSW1WMmFXUmxibU5sUkc5amRXMWxiblFpT2xzaVVHRnpjM0J2Y25RaVhTd2lhV1FpT2lKb2RIUndjem92TDJWemMybG1MbVYxY205d1lTNWxkUzkwYzNJdGRtRXZaWFpwWkdWdVkyVXZaakpoWldWak9UY3RabU13WkMwME1tSm1MVGhqWVRjdE1EVTBPREU1TW1RMU5qYzRJaXdpYzNWaWFtVmpkRkJ5WlhObGJtTmxJam9pVUdoNWMybGpZV3dpTENKMGVYQmxJanBiSWtSdlkzVnRaVzUwVm1WeWFXWnBZMkYwYVc5dUlsMHNJblpsY21sbWFXVnlJam9pWkdsa09tVmljMms2TWprMk1tWmlOemcwWkdZMk1XSmhZVEkyTjJNNE1UTXlORGszTlRNNVpqaGpOamMwWWpNM1l6RXlORFJoTjJFaWZYMHNJbXAwYVNJNkluVnlianAxZFdsa09qUmxOR1prTWpJMkxUZzFOR010Tkdaak1pMWlOemRsTFRsa05EVTVOR0ptTTJVNVlpSjkuZGVvR0VaM25ycUJQbWJkRFhOLU5kRnlzdlhKQXpoQXpTRnlKYzh0Sm9ieUI2TE5ZamFicFI5c0FrZVFJRW9FM0ZHbGhtYWFhTXhwQXptUlI1QTNyRFEiXX0sImlhdCI6MTcyNjEzMzk4Miwibm9uY2UiOiJhYmNkIiwianRpIjoidXJuOnV1aWQ6MDlkY2M5ZjktYzI4Yy00NTY3LTlhNjktZDdmMjI0MjcyY2Q2In0.3-3EMdX13hCjevctU2vZkpb69j1IbwP4U3jEcXaPc3BLHk08HH_X2yceC82pRuexFsh1y1GavCRnahFYkGmzAw
7624 [pool-1-thread-1 @coroutine#169] DEBUG id.walt.auditor.Auditor - Verifying vc with SignaturePolicy ...
7625 [pool-1-thread-1 @coroutine#169] DEBUG id.walt.auditor.policies.SignaturePolicy - is jwt: true
7625 [pool-1-thread-1 @coroutine#169] DEBUG id.walt.services.vc.WaltIdJwtCredentialService - Verifying vc: eyJraWQiOiJkaWQ6a2V5Ono2TWtqYXdvc3h2TXU1R0ZTVTFoQlhNM3A1V0RMN3dxVDhDN0VKZDFKSEtiZjRmVyN6Nk1ramF3b3N4dk11NUdGU1UxaEJYTTNwNVdETDd3cVQ4QzdFSmQxSkhLYmY0ZlciLCJ0eXAiOiJKV1QiLCJhbGciOiJFZERTQSJ9.eyJzdWIiOiJkaWQ6a2V5Ono2TWtqYXdvc3h2TXU1R0ZTVTFoQlhNM3A1V0RMN3dxVDhDN0VKZDFKSEtiZjRmVyIsImF1ZCI6ImRpZDprZXk6ejZNa2phd29zeHZNdTVHRlNVMWhCWE0zcDVXREw3d3FUOEM3RUpkMUpIS2JmNGZXIiwibmJmIjoxNzI2MTMzOTgyLCJpc3MiOiJkaWQ6a2V5Ono2TWtqYXdvc3h2TXU1R0ZTVTFoQlhNM3A1V0RMN3dxVDhDN0VKZDFKSEtiZjRmVyIsInZwIjp7InR5cGUiOlsiVmVyaWZpYWJsZVByZXNlbnRhdGlvbiJdLCJAY29udGV4dCI6WyJodHRwczovL3d3dy53My5vcmcvMjAxOC9jcmVkZW50aWFscy92MSJdLCJpZCI6InVybjp1dWlkOjA5ZGNjOWY5LWMyOGMtNDU2Ny05YTY5LWQ3ZjIyNDI3MmNkNiIsImhvbGRlciI6ImRpZDprZXk6ejZNa2phd29zeHZNdTVHRlNVMWhCWE0zcDVXREw3d3FUOEM3RUpkMUpIS2JmNGZXIiwidmVyaWZpYWJsZUNyZWRlbnRpYWwiOlsiZXlKcmFXUWlPaUprYVdRNmEyVjVPbm8yVFd0cVlYZHZjM2gyVFhVMVIwWlRWVEZvUWxoTk0zQTFWMFJNTjNkeFZEaEROMFZLWkRGS1NFdGlaalJtVnlONk5rMXJhbUYzYjNONGRrMTFOVWRHVTFVeGFFSllUVE53TlZkRVREZDNjVlE0UXpkRlNtUXhTa2hMWW1ZMFpsY2lMQ0owZVhBaU9pSktWMVFpTENKaGJHY2lPaUpGWkVSVFFTSjkuZXlKemRXSWlPaUprYVdRNmEyVjVPbm8yVFd0cVlYZHZjM2gyVFhVMVIwWlRWVEZvUWxoTk0zQTFWMFJNTjNkeFZEaEROMFZLWkRGS1NFdGlaalJtVnlJc0ltNWlaaUk2TVRjeU5qRXpNems0TWl3aWFYTnpJam9pWkdsa09tdGxlVHA2TmsxcmFtRjNiM040ZGsxMU5VZEdVMVV4YUVKWVRUTndOVmRFVERkM2NWUTRRemRGU21ReFNraExZbVkwWmxjaUxDSnBZWFFpT2pFM01qWXhNek01T0RJc0luWmpJanA3SW5SNWNHVWlPbHNpVm1WeWFXWnBZV0pzWlVOeVpXUmxiblJwWVd3aUxDSldaWEpwWm1saFlteGxRWFIwWlhOMFlYUnBiMjRpTENKV1pYSnBabWxoWW14bFJHbHdiRzl0WVNKZExDSkFZMjl1ZEdWNGRDSTZXeUpvZEhSd2N6b3ZMM2QzZHk1M015NXZjbWN2TWpBeE9DOWpjbVZrWlc1MGFXRnNjeTkyTVNKZExDSnBaQ0k2SW5WeWJqcDFkV2xrT2pSbE5HWmtNakkyTFRnMU5HTXROR1pqTWkxaU56ZGxMVGxrTkRVNU5HSm1NMlU1WWlJc0ltbHpjM1ZsY2lJNkltUnBaRHByWlhrNmVqWk5hMnBoZDI5emVIWk5kVFZIUmxOVk1XaENXRTB6Y0RWWFJFdzNkM0ZVT0VNM1JVcGtNVXBJUzJKbU5HWlhJaXdpYVhOemRXRnVZMlZFWVhSbElqb2lNakF5TkMwd09TMHhNbFF3T1Rvek9UbzBNbG9pTENKcGMzTjFaV1FpT2lJeU1ESTBMVEE1TFRFeVZEQTVPak01T2pReVdpSXNJblpoYkdsa1JuSnZiU0k2SWpJd01qUXRNRGt0TVRKVU1EazZNems2TkRKYUlpd2laWGh3YVhKaGRHbHZia1JoZEdVaU9pSXlNREl5TFRBNExUTXhWREF3T2pBd09qQXdXaUlzSW1OeVpXUmxiblJwWVd4VFkyaGxiV0VpT25zaWFXUWlPaUpvZEhSd2N6b3ZMM0poZHk1bmFYUm9kV0oxYzJWeVkyOXVkR1Z1ZEM1amIyMHZkMkZzZEMxcFpDOTNZV3gwYVdRdGMzTnBhMmwwTFhaamJHbGlMMjFoYzNSbGNpOXpjbU12ZEdWemRDOXlaWE52ZFhKalpYTXZjMk5vWlcxaGN5OVdaWEpwWm1saFlteGxSR2x3Ykc5dFlTNXFjMjl1SWl3aWRIbHdaU0k2SWtwemIyNVRZMmhsYldGV1lXeHBaR0YwYjNJeU1ERTRJbjBzSW1OeVpXUmxiblJwWVd4VGRXSnFaV04wSWpwN0ltbGtJam9pWkdsa09tdGxlVHA2TmsxcmFtRjNiM040ZGsxMU5VZEdVMVV4YUVKWVRUTndOVmRFVERkM2NWUTRRemRGU21ReFNraExZbVkwWmxjaUxDSmhkMkZ5WkdsdVowOXdjRzl5ZEhWdWFYUjVJanA3SW1GM1lYSmthVzVuUW05a2VTSTZleUpsYVdSaGMweGxaMkZzU1dSbGJuUnBabWxsY2lJNklsVnVhMjV2ZDI0aUxDSm9iMjFsY0dGblpTSTZJbWgwZEhCek9pOHZiR1ZoYzNSdmJpNWlZMlJwY0d4dmJXRXVZMjl0THlJc0ltbGtJam9pWkdsa09tVmljMms2TWtFNVFsbzVVMVZsTmtKaGRHRmpVM0IyY3pGV05VTmtha2gyVEhCUk4ySkZjMmt5U21JMlRHUklTMjVSZUdGT0lpd2ljSEpsWm1WeWNtVmtUbUZ0WlNJNklreGxZWE4wYjI0Z1ZXNXBkbVZ5YzJsMGVTSXNJbkpsWjJsemRISmhkR2x2YmlJNklqQTFPVGN3TmpWS0luMHNJbVZ1WkdWa1FYUlVhVzFsSWpvaU1qQXlNQzB3TmkweU5sUXdNRG93TURvd01Gb2lMQ0pwWkNJNkltaDBkSEJ6T2k4dmJHVmhjM1J2Ymk1aVkyUnBjR3h2YldFdVkyOXRMMnhoZHkxbFkyOXViMjFwWTNNdGJXRnVZV2RsYldWdWRDTkJkMkZ5WkdsdVowOXdjRzl5ZEhWdWFYUjVJaXdpYVdSbGJuUnBabWxsY2lJNkltaDBkSEJ6T2k4dlkyVnlkR2xtYVdOaGRHVXRaR1Z0Ynk1aVkyUnBjR3h2YldFdVkyOXRMMk5vWldOckx6ZzNSVVF5UmpJeU56QkZOa00wTVRRMU5rVTVORUk0TmtJNVJEa3hNVFZDTkVVek5VSkRRMEZFTWpBd1FUUTVRamcwTmpVNU1rTXhORVkzT1VNNE5rSldNVVp1WW14c2RHRXdUbHBVYmtwclVqTnNSRmRzVW0xVVJHeFRVbFZLUlZaR1drbFRiVTV0V1hwS2FGVlZOWE5hVlVvMVdqSkdTbE5JY0ZkaWJWcGFJaXdpYkc5allYUnBiMjRpT2lKR1VrRk9RMFVpTENKemRHRnlkR1ZrUVhSVWFXMWxJam9pTWpBeE9TMHdPUzB3TWxRd01Eb3dNRG93TUZvaWZTd2laR0YwWlU5bVFtbHlkR2dpT2lJeE9Ua3pMVEEwTFRBNElpd2labUZ0YVd4NVRtRnRaU0k2SWtSUFJTSXNJbWRwZG1WdVRtRnRaWE1pT2lKS1lXNWxJaXdpWjNKaFpHbHVaMU5qYUdWdFpTSTZleUpwWkNJNkltaDBkSEJ6T2k4dmJHVmhjM1J2Ymk1aVkyUnBjR3h2YldFdVkyOXRMMnhoZHkxbFkyOXViMjFwWTNNdGJXRnVZV2RsYldWdWRDTkhjbUZrYVc1blUyTm9aVzFsSWl3aWRHbDBiR1VpT2lKTWIzZGxjaUJUWldOdmJtUXRRMnhoYzNNZ1NHOXViM1Z5Y3lKOUxDSnBaR1Z1ZEdsbWFXVnlJam9pTURrd05EQXdPREE0TkVnaUxDSnNaV0Z5Ym1sdVowRmphR2xsZG1WdFpXNTBJanA3SW1Ga1pHbDBhVzl1WVd4T2IzUmxJanBiSWtSSlUxUlNTVUpWVkVsUFRpQk5RVTVCUjBWTlJVNVVJbDBzSW1SbGMyTnlhWEIwYVc5dUlqb2lUVUZTUzBWVVNVNUhJRUZPUkNCVFFVeEZVeUlzSW1sa0lqb2lhSFIwY0hNNkx5OXNaV0Z6ZEc5dUxtSmpaR2x3Ykc5dFlTNWpiMjB2YkdGM0xXVmpiMjV2YldsamN5MXRZVzVoWjJWdFpXNTBJMHhsWVhKdWFXNW5RV05vYVdWMmJXVnVkQ0lzSW5ScGRHeGxJam9pVFVGVFZFVlNVeUJNUVZjc0lFVkRUMDVQVFVsRFV5QkJUa1FnVFVGT1FVZEZUVVZPVkNKOUxDSnNaV0Z5Ym1sdVoxTndaV05wWm1sallYUnBiMjRpT25zaVpXTjBjME55WldScGRGQnZhVzUwY3lJNk1USXdMQ0psY1daTVpYWmxiQ0k2Tnl3aWFXUWlPaUpvZEhSd2N6b3ZMMnhsWVhOMGIyNHVZbU5rYVhCc2IyMWhMbU52YlM5c1lYY3RaV052Ym05dGFXTnpMVzFoYm1GblpXMWxiblFqVEdWaGNtNXBibWRUY0dWamFXWnBZMkYwYVc5dUlpd2lhWE5qWldSbVEyOWtaU0k2V3lJM0lsMHNJbTV4Wmt4bGRtVnNJanBiSWpjaVhYMTlMQ0pqY21Wa1pXNTBhV0ZzVTNSaGRIVnpJanA3SW1sa0lqb2lhSFIwY0hNNkx5OWxjM05wWmk1bGRYSnZjR0V1WlhVdmMzUmhkSFZ6TDJWa2RXTmhkR2x2YmlOb2FXZG9aWEpGWkhWallYUnBiMjRqTXpreVlXTTNaall0TXprNVlTMDBNemRpTFdFeU5qZ3RORFk1TVdWaFpEaG1NVGMySWl3aWRIbHdaU0k2SWtOeVpXUmxiblJwWVd4VGRHRjBkWE5NYVhOME1qQXlNQ0o5TENKbGRtbGtaVzVqWlNJNmV5SmtiMk4xYldWdWRGQnlaWE5sYm1ObElqcGJJbEJvZVhOcFkyRnNJbDBzSW1WMmFXUmxibU5sUkc5amRXMWxiblFpT2xzaVVHRnpjM0J2Y25RaVhTd2lhV1FpT2lKb2RIUndjem92TDJWemMybG1MbVYxY205d1lTNWxkUzkwYzNJdGRtRXZaWFpwWkdWdVkyVXZaakpoWldWak9UY3RabU13WkMwME1tSm1MVGhqWVRjdE1EVTBPREU1TW1RMU5qYzRJaXdpYzNWaWFtVmpkRkJ5WlhObGJtTmxJam9pVUdoNWMybGpZV3dpTENKMGVYQmxJanBiSWtSdlkzVnRaVzUwVm1WeWFXWnBZMkYwYVc5dUlsMHNJblpsY21sbWFXVnlJam9pWkdsa09tVmljMms2TWprMk1tWmlOemcwWkdZMk1XSmhZVEkyTjJNNE1UTXlORGszTlRNNVpqaGpOamMwWWpNM1l6RXlORFJoTjJFaWZYMHNJbXAwYVNJNkluVnlianAxZFdsa09qUmxOR1prTWpJMkxUZzFOR010Tkdaak1pMWlOemRsTFRsa05EVTVOR0ptTTJVNVlpSjkuZGVvR0VaM25ycUJQbWJkRFhOLU5kRnlzdlhKQXpoQXpTRnlKYzh0Sm9ieUI2TE5ZamFicFI5c0FrZVFJRW9FM0ZHbGhtYWFhTXhwQXptUlI1QTNyRFEiXX0sImlhdCI6MTcyNjEzMzk4Miwibm9uY2UiOiJhYmNkIiwianRpIjoidXJuOnV1aWQ6MDlkY2M5ZjktYzI4Yy00NTY3LTlhNjktZDdmMjI0MjcyY2Q2In0.3-3EMdX13hCjevctU2vZkpb69j1IbwP4U3jEcXaPc3BLHk08HH_X2yceC82pRuexFsh1y1GavCRnahFYkGmzAw
7625 [pool-1-thread-1 @coroutine#169] DEBUG id.walt.services.jwt.WaltIdJwtService - Verifying token:  eyJraWQiOiJkaWQ6a2V5Ono2TWtqYXdvc3h2TXU1R0ZTVTFoQlhNM3A1V0RMN3dxVDhDN0VKZDFKSEtiZjRmVyN6Nk1ramF3b3N4dk11NUdGU1UxaEJYTTNwNVdETDd3cVQ4QzdFSmQxSkhLYmY0ZlciLCJ0eXAiOiJKV1QiLCJhbGciOiJFZERTQSJ9.eyJzdWIiOiJkaWQ6a2V5Ono2TWtqYXdvc3h2TXU1R0ZTVTFoQlhNM3A1V0RMN3dxVDhDN0VKZDFKSEtiZjRmVyIsImF1ZCI6ImRpZDprZXk6ejZNa2phd29zeHZNdTVHRlNVMWhCWE0zcDVXREw3d3FUOEM3RUpkMUpIS2JmNGZXIiwibmJmIjoxNzI2MTMzOTgyLCJpc3MiOiJkaWQ6a2V5Ono2TWtqYXdvc3h2TXU1R0ZTVTFoQlhNM3A1V0RMN3dxVDhDN0VKZDFKSEtiZjRmVyIsInZwIjp7InR5cGUiOlsiVmVyaWZpYWJsZVByZXNlbnRhdGlvbiJdLCJAY29udGV4dCI6WyJodHRwczovL3d3dy53My5vcmcvMjAxOC9jcmVkZW50aWFscy92MSJdLCJpZCI6InVybjp1dWlkOjA5ZGNjOWY5LWMyOGMtNDU2Ny05YTY5LWQ3ZjIyNDI3MmNkNiIsImhvbGRlciI6ImRpZDprZXk6ejZNa2phd29zeHZNdTVHRlNVMWhCWE0zcDVXREw3d3FUOEM3RUpkMUpIS2JmNGZXIiwidmVyaWZpYWJsZUNyZWRlbnRpYWwiOlsiZXlKcmFXUWlPaUprYVdRNmEyVjVPbm8yVFd0cVlYZHZjM2gyVFhVMVIwWlRWVEZvUWxoTk0zQTFWMFJNTjNkeFZEaEROMFZLWkRGS1NFdGlaalJtVnlONk5rMXJhbUYzYjNONGRrMTFOVWRHVTFVeGFFSllUVE53TlZkRVREZDNjVlE0UXpkRlNtUXhTa2hMWW1ZMFpsY2lMQ0owZVhBaU9pSktWMVFpTENKaGJHY2lPaUpGWkVSVFFTSjkuZXlKemRXSWlPaUprYVdRNmEyVjVPbm8yVFd0cVlYZHZjM2gyVFhVMVIwWlRWVEZvUWxoTk0zQTFWMFJNTjNkeFZEaEROMFZLWkRGS1NFdGlaalJtVnlJc0ltNWlaaUk2TVRjeU5qRXpNems0TWl3aWFYTnpJam9pWkdsa09tdGxlVHA2TmsxcmFtRjNiM040ZGsxMU5VZEdVMVV4YUVKWVRUTndOVmRFVERkM2NWUTRRemRGU21ReFNraExZbVkwWmxjaUxDSnBZWFFpT2pFM01qWXhNek01T0RJc0luWmpJanA3SW5SNWNHVWlPbHNpVm1WeWFXWnBZV0pzWlVOeVpXUmxiblJwWVd3aUxDSldaWEpwWm1saFlteGxRWFIwWlhOMFlYUnBiMjRpTENKV1pYSnBabWxoWW14bFJHbHdiRzl0WVNKZExDSkFZMjl1ZEdWNGRDSTZXeUpvZEhSd2N6b3ZMM2QzZHk1M015NXZjbWN2TWpBeE9DOWpjbVZrWlc1MGFXRnNjeTkyTVNKZExDSnBaQ0k2SW5WeWJqcDFkV2xrT2pSbE5HWmtNakkyTFRnMU5HTXROR1pqTWkxaU56ZGxMVGxrTkRVNU5HSm1NMlU1WWlJc0ltbHpjM1ZsY2lJNkltUnBaRHByWlhrNmVqWk5hMnBoZDI5emVIWk5kVFZIUmxOVk1XaENXRTB6Y0RWWFJFdzNkM0ZVT0VNM1JVcGtNVXBJUzJKbU5HWlhJaXdpYVhOemRXRnVZMlZFWVhSbElqb2lNakF5TkMwd09TMHhNbFF3T1Rvek9UbzBNbG9pTENKcGMzTjFaV1FpT2lJeU1ESTBMVEE1TFRFeVZEQTVPak01T2pReVdpSXNJblpoYkdsa1JuSnZiU0k2SWpJd01qUXRNRGt0TVRKVU1EazZNems2TkRKYUlpd2laWGh3YVhKaGRHbHZia1JoZEdVaU9pSXlNREl5TFRBNExUTXhWREF3T2pBd09qQXdXaUlzSW1OeVpXUmxiblJwWVd4VFkyaGxiV0VpT25zaWFXUWlPaUpvZEhSd2N6b3ZMM0poZHk1bmFYUm9kV0oxYzJWeVkyOXVkR1Z1ZEM1amIyMHZkMkZzZEMxcFpDOTNZV3gwYVdRdGMzTnBhMmwwTFhaamJHbGlMMjFoYzNSbGNpOXpjbU12ZEdWemRDOXlaWE52ZFhKalpYTXZjMk5vWlcxaGN5OVdaWEpwWm1saFlteGxSR2x3Ykc5dFlTNXFjMjl1SWl3aWRIbHdaU0k2SWtwemIyNVRZMmhsYldGV1lXeHBaR0YwYjNJeU1ERTRJbjBzSW1OeVpXUmxiblJwWVd4VGRXSnFaV04wSWpwN0ltbGtJam9pWkdsa09tdGxlVHA2TmsxcmFtRjNiM040ZGsxMU5VZEdVMVV4YUVKWVRUTndOVmRFVERkM2NWUTRRemRGU21ReFNraExZbVkwWmxjaUxDSmhkMkZ5WkdsdVowOXdjRzl5ZEhWdWFYUjVJanA3SW1GM1lYSmthVzVuUW05a2VTSTZleUpsYVdSaGMweGxaMkZzU1dSbGJuUnBabWxsY2lJNklsVnVhMjV2ZDI0aUxDSm9iMjFsY0dGblpTSTZJbWgwZEhCek9pOHZiR1ZoYzNSdmJpNWlZMlJwY0d4dmJXRXVZMjl0THlJc0ltbGtJam9pWkdsa09tVmljMms2TWtFNVFsbzVVMVZsTmtKaGRHRmpVM0IyY3pGV05VTmtha2gyVEhCUk4ySkZjMmt5U21JMlRHUklTMjVSZUdGT0lpd2ljSEpsWm1WeWNtVmtUbUZ0WlNJNklreGxZWE4wYjI0Z1ZXNXBkbVZ5YzJsMGVTSXNJbkpsWjJsemRISmhkR2x2YmlJNklqQTFPVGN3TmpWS0luMHNJbVZ1WkdWa1FYUlVhVzFsSWpvaU1qQXlNQzB3TmkweU5sUXdNRG93TURvd01Gb2lMQ0pwWkNJNkltaDBkSEJ6T2k4dmJHVmhjM1J2Ymk1aVkyUnBjR3h2YldFdVkyOXRMMnhoZHkxbFkyOXViMjFwWTNNdGJXRnVZV2RsYldWdWRDTkJkMkZ5WkdsdVowOXdjRzl5ZEhWdWFYUjVJaXdpYVdSbGJuUnBabWxsY2lJNkltaDBkSEJ6T2k4dlkyVnlkR2xtYVdOaGRHVXRaR1Z0Ynk1aVkyUnBjR3h2YldFdVkyOXRMMk5vWldOckx6ZzNSVVF5UmpJeU56QkZOa00wTVRRMU5rVTVORUk0TmtJNVJEa3hNVFZDTkVVek5VSkRRMEZFTWpBd1FUUTVRamcwTmpVNU1rTXhORVkzT1VNNE5rSldNVVp1WW14c2RHRXdUbHBVYmtwclVqTnNSRmRzVW0xVVJHeFRVbFZLUlZaR1drbFRiVTV0V1hwS2FGVlZOWE5hVlVvMVdqSkdTbE5JY0ZkaWJWcGFJaXdpYkc5allYUnBiMjRpT2lKR1VrRk9RMFVpTENKemRHRnlkR1ZrUVhSVWFXMWxJam9pTWpBeE9TMHdPUzB3TWxRd01Eb3dNRG93TUZvaWZTd2laR0YwWlU5bVFtbHlkR2dpT2lJeE9Ua3pMVEEwTFRBNElpd2labUZ0YVd4NVRtRnRaU0k2SWtSUFJTSXNJbWRwZG1WdVRtRnRaWE1pT2lKS1lXNWxJaXdpWjNKaFpHbHVaMU5qYUdWdFpTSTZleUpwWkNJNkltaDBkSEJ6T2k4dmJHVmhjM1J2Ymk1aVkyUnBjR3h2YldFdVkyOXRMMnhoZHkxbFkyOXViMjFwWTNNdGJXRnVZV2RsYldWdWRDTkhjbUZrYVc1blUyTm9aVzFsSWl3aWRHbDBiR1VpT2lKTWIzZGxjaUJUWldOdmJtUXRRMnhoYzNNZ1NHOXViM1Z5Y3lKOUxDSnBaR1Z1ZEdsbWFXVnlJam9pTURrd05EQXdPREE0TkVnaUxDSnNaV0Z5Ym1sdVowRmphR2xsZG1WdFpXNTBJanA3SW1Ga1pHbDBhVzl1WVd4T2IzUmxJanBiSWtSSlUxUlNTVUpWVkVsUFRpQk5RVTVCUjBWTlJVNVVJbDBzSW1SbGMyTnlhWEIwYVc5dUlqb2lUVUZTUzBWVVNVNUhJRUZPUkNCVFFVeEZVeUlzSW1sa0lqb2lhSFIwY0hNNkx5OXNaV0Z6ZEc5dUxtSmpaR2x3Ykc5dFlTNWpiMjB2YkdGM0xXVmpiMjV2YldsamN5MXRZVzVoWjJWdFpXNTBJMHhsWVhKdWFXNW5RV05vYVdWMmJXVnVkQ0lzSW5ScGRHeGxJam9pVFVGVFZFVlNVeUJNUVZjc0lFVkRUMDVQVFVsRFV5QkJUa1FnVFVGT1FVZEZUVVZPVkNKOUxDSnNaV0Z5Ym1sdVoxTndaV05wWm1sallYUnBiMjRpT25zaVpXTjBjME55WldScGRGQnZhVzUwY3lJNk1USXdMQ0psY1daTVpYWmxiQ0k2Tnl3aWFXUWlPaUpvZEhSd2N6b3ZMMnhsWVhOMGIyNHVZbU5rYVhCc2IyMWhMbU52YlM5c1lYY3RaV052Ym05dGFXTnpMVzFoYm1GblpXMWxiblFqVEdWaGNtNXBibWRUY0dWamFXWnBZMkYwYVc5dUlpd2lhWE5qWldSbVEyOWtaU0k2V3lJM0lsMHNJbTV4Wmt4bGRtVnNJanBiSWpjaVhYMTlMQ0pqY21Wa1pXNTBhV0ZzVTNSaGRIVnpJanA3SW1sa0lqb2lhSFIwY0hNNkx5OWxjM05wWmk1bGRYSnZjR0V1WlhVdmMzUmhkSFZ6TDJWa2RXTmhkR2x2YmlOb2FXZG9aWEpGWkhWallYUnBiMjRqTXpreVlXTTNaall0TXprNVlTMDBNemRpTFdFeU5qZ3RORFk1TVdWaFpEaG1NVGMySWl3aWRIbHdaU0k2SWtOeVpXUmxiblJwWVd4VGRHRjBkWE5NYVhOME1qQXlNQ0o5TENKbGRtbGtaVzVqWlNJNmV5SmtiMk4xYldWdWRGQnlaWE5sYm1ObElqcGJJbEJvZVhOcFkyRnNJbDBzSW1WMmFXUmxibU5sUkc5amRXMWxiblFpT2xzaVVHRnpjM0J2Y25RaVhTd2lhV1FpT2lKb2RIUndjem92TDJWemMybG1MbVYxY205d1lTNWxkUzkwYzNJdGRtRXZaWFpwWkdWdVkyVXZaakpoWldWak9UY3RabU13WkMwME1tSm1MVGhqWVRjdE1EVTBPREU1TW1RMU5qYzRJaXdpYzNWaWFtVmpkRkJ5WlhObGJtTmxJam9pVUdoNWMybGpZV3dpTENKMGVYQmxJanBiSWtSdlkzVnRaVzUwVm1WeWFXWnBZMkYwYVc5dUlsMHNJblpsY21sbWFXVnlJam9pWkdsa09tVmljMms2TWprMk1tWmlOemcwWkdZMk1XSmhZVEkyTjJNNE1UTXlORGszTlRNNVpqaGpOamMwWWpNM1l6RXlORFJoTjJFaWZYMHNJbXAwYVNJNkluVnlianAxZFdsa09qUmxOR1prTWpJMkxUZzFOR010Tkdaak1pMWlOemRsTFRsa05EVTVOR0ptTTJVNVlpSjkuZGVvR0VaM25ycUJQbWJkRFhOLU5kRnlzdlhKQXpoQXpTRnlKYzh0Sm9ieUI2TE5ZamFicFI5c0FrZVFJRW9FM0ZHbGhtYWFhTXhwQXptUlI1QTNyRFEiXX0sImlhdCI6MTcyNjEzMzk4Miwibm9uY2UiOiJhYmNkIiwianRpIjoidXJuOnV1aWQ6MDlkY2M5ZjktYzI4Yy00NTY3LTlhNjktZDdmMjI0MjcyY2Q2In0.3-3EMdX13hCjevctU2vZkpb69j1IbwP4U3jEcXaPc3BLHk08HH_X2yceC82pRuexFsh1y1GavCRnahFYkGmzAw
7626 [pool-1-thread-1 @coroutine#169] DEBUG id.walt.model.DidUrl - Trying to create DidUrl from URL: "did:key:z6MkjawosxvMu5GFSU1hBXM3p5WDL7wqT8C7EJd1JHKbf4fW#z6MkjawosxvMu5GFSU1hBXM3p5WDL7wqT8C7EJd1JHKbf4fW"...
7626 [pool-1-thread-1 @coroutine#169] DEBUG id.walt.model.DidUrl - Trying to create DidUrl from URL: "did:key:z6MkjawosxvMu5GFSU1hBXM3p5WDL7wqT8C7EJd1JHKbf4fW#z6MkjawosxvMu5GFSU1hBXM3p5WDL7wqT8C7EJd1JHKbf4fW"...
7626 [pool-1-thread-1 @coroutine#169] DEBUG id.walt.services.did.DidService - Loading or resolving "did:key:z6MkjawosxvMu5GFSU1hBXM3p5WDL7wqT8C7EJd1JHKbf4fW"...
7626 [pool-1-thread-1 @coroutine#169] DEBUG id.walt.model.DidUrl - Trying to create DidUrl from URL: "did:key:z6MkjawosxvMu5GFSU1hBXM3p5WDL7wqT8C7EJd1JHKbf4fW"...
7626 [pool-1-thread-1 @coroutine#169] DEBUG id.walt.services.did.DidService - loadOrResolve: url=DidUrl(method=key, identifier=z6MkjawosxvMu5GFSU1hBXM3p5WDL7wqT8C7EJd1JHKbf4fW, fragment=z6MkjawosxvMu5GFSU1hBXM3p5WDL7wqT8C7EJd1JHKbf4fW, query=null), length of stored=1639
7626 [pool-1-thread-1 @coroutine#169] DEBUG id.walt.model.DidUrl - Trying to create DidUrl from URL: "did:key:z6MkjawosxvMu5GFSU1hBXM3p5WDL7wqT8C7EJd1JHKbf4fW"...
7628 [pool-1-thread-1 @coroutine#169] DEBUG id.walt.services.keystore.HKVKeyStoreService - Loading key "did:key:z6MkjawosxvMu5GFSU1hBXM3p5WDL7wqT8C7EJd1JHKbf4fW#z6MkjawosxvMu5GFSU1hBXM3p5WDL7wqT8C7EJd1JHKbf4fW".
7629 [pool-1-thread-1 @coroutine#169] DEBUG id.walt.services.jwt.WaltIdJwtService - JWT verified returned:  true (with key: 4cc8266db53a41afab6381e640a95c97)
7629 [pool-1-thread-1 @coroutine#169] DEBUG id.walt.auditor.VerificationPolicy - VC [VerifiablePresentation] passes policy SignaturePolicy: passed
7629 [pool-1-thread-1 @coroutine#169] DEBUG id.walt.auditor.Auditor - Verifying VerifiableDiploma in VP with SignaturePolicy...
7629 [pool-1-thread-1 @coroutine#169] DEBUG id.walt.auditor.policies.SignaturePolicy - is jwt: true
7630 [pool-1-thread-1 @coroutine#169] DEBUG id.walt.services.vc.WaltIdJwtCredentialService - Verifying vc: eyJraWQiOiJkaWQ6a2V5Ono2TWtqYXdvc3h2TXU1R0ZTVTFoQlhNM3A1V0RMN3dxVDhDN0VKZDFKSEtiZjRmVyN6Nk1ramF3b3N4dk11NUdGU1UxaEJYTTNwNVdETDd3cVQ4QzdFSmQxSkhLYmY0ZlciLCJ0eXAiOiJKV1QiLCJhbGciOiJFZERTQSJ9.eyJzdWIiOiJkaWQ6a2V5Ono2TWtqYXdvc3h2TXU1R0ZTVTFoQlhNM3A1V0RMN3dxVDhDN0VKZDFKSEtiZjRmVyIsIm5iZiI6MTcyNjEzMzk4MiwiaXNzIjoiZGlkOmtleTp6Nk1ramF3b3N4dk11NUdGU1UxaEJYTTNwNVdETDd3cVQ4QzdFSmQxSkhLYmY0ZlciLCJpYXQiOjE3MjYxMzM5ODIsInZjIjp7InR5cGUiOlsiVmVyaWZpYWJsZUNyZWRlbnRpYWwiLCJWZXJpZmlhYmxlQXR0ZXN0YXRpb24iLCJWZXJpZmlhYmxlRGlwbG9tYSJdLCJAY29udGV4dCI6WyJodHRwczovL3d3dy53My5vcmcvMjAxOC9jcmVkZW50aWFscy92MSJdLCJpZCI6InVybjp1dWlkOjRlNGZkMjI2LTg1NGMtNGZjMi1iNzdlLTlkNDU5NGJmM2U5YiIsImlzc3VlciI6ImRpZDprZXk6ejZNa2phd29zeHZNdTVHRlNVMWhCWE0zcDVXREw3d3FUOEM3RUpkMUpIS2JmNGZXIiwiaXNzdWFuY2VEYXRlIjoiMjAyNC0wOS0xMlQwOTozOTo0MloiLCJpc3N1ZWQiOiIyMDI0LTA5LTEyVDA5OjM5OjQyWiIsInZhbGlkRnJvbSI6IjIwMjQtMDktMTJUMDk6Mzk6NDJaIiwiZXhwaXJhdGlvbkRhdGUiOiIyMDIyLTA4LTMxVDAwOjAwOjAwWiIsImNyZWRlbnRpYWxTY2hlbWEiOnsiaWQiOiJodHRwczovL3Jhdy5naXRodWJ1c2VyY29udGVudC5jb20vd2FsdC1pZC93YWx0aWQtc3Npa2l0LXZjbGliL21hc3Rlci9zcmMvdGVzdC9yZXNvdXJjZXMvc2NoZW1hcy9WZXJpZmlhYmxlRGlwbG9tYS5qc29uIiwidHlwZSI6Ikpzb25TY2hlbWFWYWxpZGF0b3IyMDE4In0sImNyZWRlbnRpYWxTdWJqZWN0Ijp7ImlkIjoiZGlkOmtleTp6Nk1ramF3b3N4dk11NUdGU1UxaEJYTTNwNVdETDd3cVQ4QzdFSmQxSkhLYmY0ZlciLCJhd2FyZGluZ09wcG9ydHVuaXR5Ijp7ImF3YXJkaW5nQm9keSI6eyJlaWRhc0xlZ2FsSWRlbnRpZmllciI6IlVua25vd24iLCJob21lcGFnZSI6Imh0dHBzOi8vbGVhc3Rvbi5iY2RpcGxvbWEuY29tLyIsImlkIjoiZGlkOmVic2k6MkE5Qlo5U1VlNkJhdGFjU3B2czFWNUNkakh2THBRN2JFc2kySmI2TGRIS25ReGFOIiwicHJlZmVycmVkTmFtZSI6IkxlYXN0b24gVW5pdmVyc2l0eSIsInJlZ2lzdHJhdGlvbiI6IjA1OTcwNjVKIn0sImVuZGVkQXRUaW1lIjoiMjAyMC0wNi0yNlQwMDowMDowMFoiLCJpZCI6Imh0dHBzOi8vbGVhc3Rvbi5iY2RpcGxvbWEuY29tL2xhdy1lY29ub21pY3MtbWFuYWdlbWVudCNBd2FyZGluZ09wcG9ydHVuaXR5IiwiaWRlbnRpZmllciI6Imh0dHBzOi8vY2VydGlmaWNhdGUtZGVtby5iY2RpcGxvbWEuY29tL2NoZWNrLzg3RUQyRjIyNzBFNkM0MTQ1NkU5NEI4NkI5RDkxMTVCNEUzNUJDQ0FEMjAwQTQ5Qjg0NjU5MkMxNEY3OUM4NkJWMUZuYmxsdGEwTlpUbkprUjNsRFdsUm1URGxTUlVKRVZGWklTbU5tWXpKaFVVNXNaVUo1WjJGSlNIcFdibVpaIiwibG9jYXRpb24iOiJGUkFOQ0UiLCJzdGFydGVkQXRUaW1lIjoiMjAxOS0wOS0wMlQwMDowMDowMFoifSwiZGF0ZU9mQmlydGgiOiIxOTkzLTA0LTA4IiwiZmFtaWx5TmFtZSI6IkRPRSIsImdpdmVuTmFtZXMiOiJKYW5lIiwiZ3JhZGluZ1NjaGVtZSI6eyJpZCI6Imh0dHBzOi8vbGVhc3Rvbi5iY2RpcGxvbWEuY29tL2xhdy1lY29ub21pY3MtbWFuYWdlbWVudCNHcmFkaW5nU2NoZW1lIiwidGl0bGUiOiJMb3dlciBTZWNvbmQtQ2xhc3MgSG9ub3VycyJ9LCJpZGVudGlmaWVyIjoiMDkwNDAwODA4NEgiLCJsZWFybmluZ0FjaGlldmVtZW50Ijp7ImFkZGl0aW9uYWxOb3RlIjpbIkRJU1RSSUJVVElPTiBNQU5BR0VNRU5UIl0sImRlc2NyaXB0aW9uIjoiTUFSS0VUSU5HIEFORCBTQUxFUyIsImlkIjoiaHR0cHM6Ly9sZWFzdG9uLmJjZGlwbG9tYS5jb20vbGF3LWVjb25vbWljcy1tYW5hZ2VtZW50I0xlYXJuaW5nQWNoaWV2bWVudCIsInRpdGxlIjoiTUFTVEVSUyBMQVcsIEVDT05PTUlDUyBBTkQgTUFOQUdFTUVOVCJ9LCJsZWFybmluZ1NwZWNpZmljYXRpb24iOnsiZWN0c0NyZWRpdFBvaW50cyI6MTIwLCJlcWZMZXZlbCI6NywiaWQiOiJodHRwczovL2xlYXN0b24uYmNkaXBsb21hLmNvbS9sYXctZWNvbm9taWNzLW1hbmFnZW1lbnQjTGVhcm5pbmdTcGVjaWZpY2F0aW9uIiwiaXNjZWRmQ29kZSI6WyI3Il0sIm5xZkxldmVsIjpbIjciXX19LCJjcmVkZW50aWFsU3RhdHVzIjp7ImlkIjoiaHR0cHM6Ly9lc3NpZi5ldXJvcGEuZXUvc3RhdHVzL2VkdWNhdGlvbiNoaWdoZXJFZHVjYXRpb24jMzkyYWM3ZjYtMzk5YS00MzdiLWEyNjgtNDY5MWVhZDhmMTc2IiwidHlwZSI6IkNyZWRlbnRpYWxTdGF0dXNMaXN0MjAyMCJ9LCJldmlkZW5jZSI6eyJkb2N1bWVudFByZXNlbmNlIjpbIlBoeXNpY2FsIl0sImV2aWRlbmNlRG9jdW1lbnQiOlsiUGFzc3BvcnQiXSwiaWQiOiJodHRwczovL2Vzc2lmLmV1cm9wYS5ldS90c3ItdmEvZXZpZGVuY2UvZjJhZWVjOTctZmMwZC00MmJmLThjYTctMDU0ODE5MmQ1Njc4Iiwic3ViamVjdFByZXNlbmNlIjoiUGh5c2ljYWwiLCJ0eXBlIjpbIkRvY3VtZW50VmVyaWZpY2F0aW9uIl0sInZlcmlmaWVyIjoiZGlkOmVic2k6Mjk2MmZiNzg0ZGY2MWJhYTI2N2M4MTMyNDk3NTM5ZjhjNjc0YjM3YzEyNDRhN2EifX0sImp0aSI6InVybjp1dWlkOjRlNGZkMjI2LTg1NGMtNGZjMi1iNzdlLTlkNDU5NGJmM2U5YiJ9.deoGEZ3nrqBPmbdDXN-NdFysvXJAzhAzSFyJc8tJobyB6LNYjabpR9sAkeQIEoE3FGlhmaaaMxpAzmRR5A3rDQ
7630 [pool-1-thread-1 @coroutine#169] DEBUG id.walt.services.jwt.WaltIdJwtService - Verifying token:  eyJraWQiOiJkaWQ6a2V5Ono2TWtqYXdvc3h2TXU1R0ZTVTFoQlhNM3A1V0RMN3dxVDhDN0VKZDFKSEtiZjRmVyN6Nk1ramF3b3N4dk11NUdGU1UxaEJYTTNwNVdETDd3cVQ4QzdFSmQxSkhLYmY0ZlciLCJ0eXAiOiJKV1QiLCJhbGciOiJFZERTQSJ9.eyJzdWIiOiJkaWQ6a2V5Ono2TWtqYXdvc3h2TXU1R0ZTVTFoQlhNM3A1V0RMN3dxVDhDN0VKZDFKSEtiZjRmVyIsIm5iZiI6MTcyNjEzMzk4MiwiaXNzIjoiZGlkOmtleTp6Nk1ramF3b3N4dk11NUdGU1UxaEJYTTNwNVdETDd3cVQ4QzdFSmQxSkhLYmY0ZlciLCJpYXQiOjE3MjYxMzM5ODIsInZjIjp7InR5cGUiOlsiVmVyaWZpYWJsZUNyZWRlbnRpYWwiLCJWZXJpZmlhYmxlQXR0ZXN0YXRpb24iLCJWZXJpZmlhYmxlRGlwbG9tYSJdLCJAY29udGV4dCI6WyJodHRwczovL3d3dy53My5vcmcvMjAxOC9jcmVkZW50aWFscy92MSJdLCJpZCI6InVybjp1dWlkOjRlNGZkMjI2LTg1NGMtNGZjMi1iNzdlLTlkNDU5NGJmM2U5YiIsImlzc3VlciI6ImRpZDprZXk6ejZNa2phd29zeHZNdTVHRlNVMWhCWE0zcDVXREw3d3FUOEM3RUpkMUpIS2JmNGZXIiwiaXNzdWFuY2VEYXRlIjoiMjAyNC0wOS0xMlQwOTozOTo0MloiLCJpc3N1ZWQiOiIyMDI0LTA5LTEyVDA5OjM5OjQyWiIsInZhbGlkRnJvbSI6IjIwMjQtMDktMTJUMDk6Mzk6NDJaIiwiZXhwaXJhdGlvbkRhdGUiOiIyMDIyLTA4LTMxVDAwOjAwOjAwWiIsImNyZWRlbnRpYWxTY2hlbWEiOnsiaWQiOiJodHRwczovL3Jhdy5naXRodWJ1c2VyY29udGVudC5jb20vd2FsdC1pZC93YWx0aWQtc3Npa2l0LXZjbGliL21hc3Rlci9zcmMvdGVzdC9yZXNvdXJjZXMvc2NoZW1hcy9WZXJpZmlhYmxlRGlwbG9tYS5qc29uIiwidHlwZSI6Ikpzb25TY2hlbWFWYWxpZGF0b3IyMDE4In0sImNyZWRlbnRpYWxTdWJqZWN0Ijp7ImlkIjoiZGlkOmtleTp6Nk1ramF3b3N4dk11NUdGU1UxaEJYTTNwNVdETDd3cVQ4QzdFSmQxSkhLYmY0ZlciLCJhd2FyZGluZ09wcG9ydHVuaXR5Ijp7ImF3YXJkaW5nQm9keSI6eyJlaWRhc0xlZ2FsSWRlbnRpZmllciI6IlVua25vd24iLCJob21lcGFnZSI6Imh0dHBzOi8vbGVhc3Rvbi5iY2RpcGxvbWEuY29tLyIsImlkIjoiZGlkOmVic2k6MkE5Qlo5U1VlNkJhdGFjU3B2czFWNUNkakh2THBRN2JFc2kySmI2TGRIS25ReGFOIiwicHJlZmVycmVkTmFtZSI6IkxlYXN0b24gVW5pdmVyc2l0eSIsInJlZ2lzdHJhdGlvbiI6IjA1OTcwNjVKIn0sImVuZGVkQXRUaW1lIjoiMjAyMC0wNi0yNlQwMDowMDowMFoiLCJpZCI6Imh0dHBzOi8vbGVhc3Rvbi5iY2RpcGxvbWEuY29tL2xhdy1lY29ub21pY3MtbWFuYWdlbWVudCNBd2FyZGluZ09wcG9ydHVuaXR5IiwiaWRlbnRpZmllciI6Imh0dHBzOi8vY2VydGlmaWNhdGUtZGVtby5iY2RpcGxvbWEuY29tL2NoZWNrLzg3RUQyRjIyNzBFNkM0MTQ1NkU5NEI4NkI5RDkxMTVCNEUzNUJDQ0FEMjAwQTQ5Qjg0NjU5MkMxNEY3OUM4NkJWMUZuYmxsdGEwTlpUbkprUjNsRFdsUm1URGxTUlVKRVZGWklTbU5tWXpKaFVVNXNaVUo1WjJGSlNIcFdibVpaIiwibG9jYXRpb24iOiJGUkFOQ0UiLCJzdGFydGVkQXRUaW1lIjoiMjAxOS0wOS0wMlQwMDowMDowMFoifSwiZGF0ZU9mQmlydGgiOiIxOTkzLTA0LTA4IiwiZmFtaWx5TmFtZSI6IkRPRSIsImdpdmVuTmFtZXMiOiJKYW5lIiwiZ3JhZGluZ1NjaGVtZSI6eyJpZCI6Imh0dHBzOi8vbGVhc3Rvbi5iY2RpcGxvbWEuY29tL2xhdy1lY29ub21pY3MtbWFuYWdlbWVudCNHcmFkaW5nU2NoZW1lIiwidGl0bGUiOiJMb3dlciBTZWNvbmQtQ2xhc3MgSG9ub3VycyJ9LCJpZGVudGlmaWVyIjoiMDkwNDAwODA4NEgiLCJsZWFybmluZ0FjaGlldmVtZW50Ijp7ImFkZGl0aW9uYWxOb3RlIjpbIkRJU1RSSUJVVElPTiBNQU5BR0VNRU5UIl0sImRlc2NyaXB0aW9uIjoiTUFSS0VUSU5HIEFORCBTQUxFUyIsImlkIjoiaHR0cHM6Ly9sZWFzdG9uLmJjZGlwbG9tYS5jb20vbGF3LWVjb25vbWljcy1tYW5hZ2VtZW50I0xlYXJuaW5nQWNoaWV2bWVudCIsInRpdGxlIjoiTUFTVEVSUyBMQVcsIEVDT05PTUlDUyBBTkQgTUFOQUdFTUVOVCJ9LCJsZWFybmluZ1NwZWNpZmljYXRpb24iOnsiZWN0c0NyZWRpdFBvaW50cyI6MTIwLCJlcWZMZXZlbCI6NywiaWQiOiJodHRwczovL2xlYXN0b24uYmNkaXBsb21hLmNvbS9sYXctZWNvbm9taWNzLW1hbmFnZW1lbnQjTGVhcm5pbmdTcGVjaWZpY2F0aW9uIiwiaXNjZWRmQ29kZSI6WyI3Il0sIm5xZkxldmVsIjpbIjciXX19LCJjcmVkZW50aWFsU3RhdHVzIjp7ImlkIjoiaHR0cHM6Ly9lc3NpZi5ldXJvcGEuZXUvc3RhdHVzL2VkdWNhdGlvbiNoaWdoZXJFZHVjYXRpb24jMzkyYWM3ZjYtMzk5YS00MzdiLWEyNjgtNDY5MWVhZDhmMTc2IiwidHlwZSI6IkNyZWRlbnRpYWxTdGF0dXNMaXN0MjAyMCJ9LCJldmlkZW5jZSI6eyJkb2N1bWVudFByZXNlbmNlIjpbIlBoeXNpY2FsIl0sImV2aWRlbmNlRG9jdW1lbnQiOlsiUGFzc3BvcnQiXSwiaWQiOiJodHRwczovL2Vzc2lmLmV1cm9wYS5ldS90c3ItdmEvZXZpZGVuY2UvZjJhZWVjOTctZmMwZC00MmJmLThjYTctMDU0ODE5MmQ1Njc4Iiwic3ViamVjdFByZXNlbmNlIjoiUGh5c2ljYWwiLCJ0eXBlIjpbIkRvY3VtZW50VmVyaWZpY2F0aW9uIl0sInZlcmlmaWVyIjoiZGlkOmVic2k6Mjk2MmZiNzg0ZGY2MWJhYTI2N2M4MTMyNDk3NTM5ZjhjNjc0YjM3YzEyNDRhN2EifX0sImp0aSI6InVybjp1dWlkOjRlNGZkMjI2LTg1NGMtNGZjMi1iNzdlLTlkNDU5NGJmM2U5YiJ9.deoGEZ3nrqBPmbdDXN-NdFysvXJAzhAzSFyJc8tJobyB6LNYjabpR9sAkeQIEoE3FGlhmaaaMxpAzmRR5A3rDQ
7630 [pool-1-thread-1 @coroutine#169] DEBUG id.walt.model.DidUrl - Trying to create DidUrl from URL: "did:key:z6MkjawosxvMu5GFSU1hBXM3p5WDL7wqT8C7EJd1JHKbf4fW#z6MkjawosxvMu5GFSU1hBXM3p5WDL7wqT8C7EJd1JHKbf4fW"...
7630 [pool-1-thread-1 @coroutine#169] DEBUG id.walt.model.DidUrl - Trying to create DidUrl from URL: "did:key:z6MkjawosxvMu5GFSU1hBXM3p5WDL7wqT8C7EJd1JHKbf4fW#z6MkjawosxvMu5GFSU1hBXM3p5WDL7wqT8C7EJd1JHKbf4fW"...
7630 [pool-1-thread-1 @coroutine#169] DEBUG id.walt.services.did.DidService - Loading or resolving "did:key:z6MkjawosxvMu5GFSU1hBXM3p5WDL7wqT8C7EJd1JHKbf4fW"...
7630 [pool-1-thread-1 @coroutine#169] DEBUG id.walt.model.DidUrl - Trying to create DidUrl from URL: "did:key:z6MkjawosxvMu5GFSU1hBXM3p5WDL7wqT8C7EJd1JHKbf4fW"...
7630 [pool-1-thread-1 @coroutine#169] DEBUG id.walt.services.did.DidService - loadOrResolve: url=DidUrl(method=key, identifier=z6MkjawosxvMu5GFSU1hBXM3p5WDL7wqT8C7EJd1JHKbf4fW, fragment=z6MkjawosxvMu5GFSU1hBXM3p5WDL7wqT8C7EJd1JHKbf4fW, query=null), length of stored=1639
7631 [pool-1-thread-1 @coroutine#169] DEBUG id.walt.model.DidUrl - Trying to create DidUrl from URL: "did:key:z6MkjawosxvMu5GFSU1hBXM3p5WDL7wqT8C7EJd1JHKbf4fW"...
7633 [pool-1-thread-1 @coroutine#169] DEBUG id.walt.services.keystore.HKVKeyStoreService - Loading key "did:key:z6MkjawosxvMu5GFSU1hBXM3p5WDL7wqT8C7EJd1JHKbf4fW#z6MkjawosxvMu5GFSU1hBXM3p5WDL7wqT8C7EJd1JHKbf4fW".
7634 [pool-1-thread-1 @coroutine#169] DEBUG id.walt.services.jwt.WaltIdJwtService - JWT verified returned:  true (with key: 4cc8266db53a41afab6381e640a95c97)
7634 [pool-1-thread-1 @coroutine#169] DEBUG id.walt.auditor.VerificationPolicy - VC [VerifiableCredential, VerifiableAttestation, VerifiableDiploma] passes policy SignaturePolicy: passed
]]></system-err>
</testsuite>
