<?xml version="1.0" encoding="UTF-8"?>
<testsuite name="id.walt.services.did.DidWebTest" tests="13" skipped="4" failures="0" errors="0" timestamp="2024-09-12T09:39:47" hostname="pablito-B550-AORUS-ELITE-V2" time="0.165">
  <properties/>
  <testcase name="create did:web RSA" classname="id.walt.services.did.DidWebTest" time="0.103"/>
  <testcase name="create did:web Secp256k1" classname="id.walt.services.did.DidWebTest" time="0.006"/>
  <testcase name="create did:web Ed25519" classname="id.walt.services.did.DidWebTest" time="0.005"/>
  <testcase name="create did:web custom domain" classname="id.walt.services.did.DidWebTest" time="0.005"/>
  <testcase name="create did:web custom domain and path" classname="id.walt.services.did.DidWebTest" time="0.03"/>
  <testcase name="resolve did:web RSA" classname="id.walt.services.did.DidWebTest" time="0.0">
    <skipped/>
  </testcase>
  <testcase name="resolve did:web Secp256k1" classname="id.walt.services.did.DidWebTest" time="0.0">
    <skipped/>
  </testcase>
  <testcase name="resolve did:web Ed25519" classname="id.walt.services.did.DidWebTest" time="0.0">
    <skipped/>
  </testcase>
  <testcase name="resolve did:web from did:web:vc.lab.gaia-x.eu" classname="id.walt.services.did.DidWebTest" time="0.0">
    <skipped/>
  </testcase>
  <testcase name="get path from did:web" classname="id.walt.services.did.DidWebTest" time="0.004"/>
  <testcase name="get path (empty) from did:web" classname="id.walt.services.did.DidWebTest" time="0.002"/>
  <testcase name="get domain from did:web" classname="id.walt.services.did.DidWebTest" time="0.002"/>
  <testcase name="get domain from did:web incl. path" classname="id.walt.services.did.DidWebTest" time="0.002"/>
  <system-out><![CDATA[did:web:walt.id:ab83f9c2-a251-41cc-86f4-08ffb3579ce9
{
    "assertionMethod" : [
        "did:web:walt.id:ab83f9c2-a251-41cc-86f4-08ffb3579ce9#e5ae57c4534c44d4a0da67afb797dedd"
    ],
    "authentication" : [
        "did:web:walt.id:ab83f9c2-a251-41cc-86f4-08ffb3579ce9#e5ae57c4534c44d4a0da67afb797dedd"
    ],
    "@context" : "https://www.w3.org/ns/did/v1",
    "id" : "did:web:walt.id:ab83f9c2-a251-41cc-86f4-08ffb3579ce9",
    "verificationMethod" : [
        {
            "controller" : "did:web:walt.id:ab83f9c2-a251-41cc-86f4-08ffb3579ce9",
            "id" : "did:web:walt.id:ab83f9c2-a251-41cc-86f4-08ffb3579ce9#e5ae57c4534c44d4a0da67afb797dedd",
            "publicKeyJwk" : {
                "alg" : "RS256",
                "e" : "AQAB",
                "kid" : "e5ae57c4534c44d4a0da67afb797dedd",
                "kty" : "RSA",
                "n" : "prehrcEq1FmPIfXpEgupFKNhH14lP4Po_7wRV8CPNcpglA4CY1uYAdYfMu1kudJplM38-b-xGCAQTCwBleWw29brGiLBSLpC4vk5-5sRlp6iPD5yt7Qspj_YH3cW_-DHfR4D-Cv1PN2C0fN-ZMX_qu5ditFbtAT6UYHhP3zLgWHdkZ3m_dx86l1bUszYXEkQWwZ5p0SADoiWJ7agIcdlNyTxbBsIN_h4qxmbRIlkQt4k-sCCVz3dC62aHnvKmaqB8yTFtpv0lVAJ8AzVXm45ZFAPrWHPR24iys3uMgjfqTiKdocOT2d1c0brk2iwN_8YP8GwxqJENlwhhBhXgp4nHQ",
                "use" : "sig"
            },
            "type" : "RsaVerificationKey2018"
        }
    ]
}
did:web:walt.id:a28fbcea-3e4d-44a8-807a-9e1146519a78
{
    "assertionMethod" : [
        "did:web:walt.id:a28fbcea-3e4d-44a8-807a-9e1146519a78#4cd2a01d572a4b50903fb28e4a907c4d"
    ],
    "authentication" : [
        "did:web:walt.id:a28fbcea-3e4d-44a8-807a-9e1146519a78#4cd2a01d572a4b50903fb28e4a907c4d"
    ],
    "@context" : "https://www.w3.org/ns/did/v1",
    "id" : "did:web:walt.id:a28fbcea-3e4d-44a8-807a-9e1146519a78",
    "verificationMethod" : [
        {
            "controller" : "did:web:walt.id:a28fbcea-3e4d-44a8-807a-9e1146519a78",
            "id" : "did:web:walt.id:a28fbcea-3e4d-44a8-807a-9e1146519a78#4cd2a01d572a4b50903fb28e4a907c4d",
            "publicKeyJwk" : {
                "alg" : "ES256K",
                "crv" : "secp256k1",
                "kid" : "4cd2a01d572a4b50903fb28e4a907c4d",
                "kty" : "EC",
                "use" : "sig",
                "x" : "GCP7qB_OuZbbHjvrTpK-1lUx2Y7nZ_yVEu2pX-_5J3g",
                "y" : "3s2LF8IMfhm_KVG-NGamByZXWMXdVQChvZZT8gJMnfw"
            },
            "type" : "EcdsaSecp256k1VerificationKey2019"
        }
    ]
}
did:web:walt.id:b9dceab4-155b-416c-bb9d-c775cbd71fa2
{
    "assertionMethod" : [
        "did:web:walt.id:b9dceab4-155b-416c-bb9d-c775cbd71fa2#32706afa5f764f7092f783ad3985dee5"
    ],
    "authentication" : [
        "did:web:walt.id:b9dceab4-155b-416c-bb9d-c775cbd71fa2#32706afa5f764f7092f783ad3985dee5"
    ],
    "@context" : "https://www.w3.org/ns/did/v1",
    "id" : "did:web:walt.id:b9dceab4-155b-416c-bb9d-c775cbd71fa2",
    "verificationMethod" : [
        {
            "controller" : "did:web:walt.id:b9dceab4-155b-416c-bb9d-c775cbd71fa2",
            "id" : "did:web:walt.id:b9dceab4-155b-416c-bb9d-c775cbd71fa2#32706afa5f764f7092f783ad3985dee5",
            "publicKeyJwk" : {
                "alg" : "EdDSA",
                "crv" : "Ed25519",
                "kid" : "32706afa5f764f7092f783ad3985dee5",
                "kty" : "OKP",
                "use" : "sig",
                "x" : "0u2kCOHHDqvf9lO7bSNgLrkwyXbTxldkB_RYak1GhBM"
            },
            "type" : "Ed25519VerificationKey2019"
        }
    ]
}
{
    "assertionMethod" : [
        "did:web:example.com#3ff86211038643dfa34f962256fc27dd"
    ],
    "authentication" : [
        "did:web:example.com#3ff86211038643dfa34f962256fc27dd"
    ],
    "@context" : "https://www.w3.org/ns/did/v1",
    "id" : "did:web:example.com",
    "verificationMethod" : [
        {
            "controller" : "did:web:example.com",
            "id" : "did:web:example.com#3ff86211038643dfa34f962256fc27dd",
            "publicKeyJwk" : {
                "alg" : "EdDSA",
                "crv" : "Ed25519",
                "kid" : "3ff86211038643dfa34f962256fc27dd",
                "kty" : "OKP",
                "use" : "sig",
                "x" : "qZb8xL7Bye4RRcTUe-s3jbxOJe_RXXCLgA9EIdgOATs"
            },
            "type" : "Ed25519VerificationKey2019"
        }
    ]
}
did:web:example.com:api:users:1234
{
    "assertionMethod" : [
        "did:web:example.com:api:users:1234#d2445fe53c264977851b09928711a374"
    ],
    "authentication" : [
        "did:web:example.com:api:users:1234#d2445fe53c264977851b09928711a374"
    ],
    "@context" : "https://www.w3.org/ns/did/v1",
    "id" : "did:web:example.com:api:users:1234",
    "verificationMethod" : [
        {
            "controller" : "did:web:example.com:api:users:1234",
            "id" : "did:web:example.com:api:users:1234#d2445fe53c264977851b09928711a374",
            "publicKeyJwk" : {
                "alg" : "RS256",
                "e" : "AQAB",
                "kid" : "d2445fe53c264977851b09928711a374",
                "kty" : "RSA",
                "n" : "xAlLL_THvCwgPP2Y0QDYaKSmyFmFcjq-rEGKpIvXzNaS1iZF8OIl4QwMTswPSeHIVwqahTn4HqWswVMceTDv7Y0sYhsgFPsJrnBooFeUwx7qXIwTTGHaikiKws2IkPNRVKnfcDQzbmLBomQ64mpe3_FD02UFc6wR6MXXhK1UzuOrrI4EiBcFUz_YFZkXCfa5O2TyXwgv6tAl0PAvQQAACgpD7j94Vs_SEELSwCeMUkymr_nReUxvBSoJFlG80Fq-1pR1SvDrowKlGm6hmo00R16MF0nZAXv_EsCMQ8-ZFcNpz9v4g6mTmeFvB0jSHSZjrB6i4UvVDv2aOY9TtY7Ctw",
                "use" : "sig"
            },
            "type" : "RsaVerificationKey2018"
        }
    ]
}
]]></system-out>
  <system-err><![CDATA[12204 [pool-1-thread-1 @coroutine#802] DEBUG id.walt.services.keystore.HKVKeyStoreService - Storing key "e5ae57c4534c44d4a0da67afb797dedd".
12204 [pool-1-thread-1 @coroutine#802] DEBUG id.walt.services.keystore.HKVKeyStoreService - Loading key "e5ae57c4534c44d4a0da67afb797dedd".
12204 [pool-1-thread-1 @coroutine#802] DEBUG id.walt.services.keystore.HKVKeyStoreService - Loading key "e5ae57c4534c44d4a0da67afb797dedd".
12204 [pool-1-thread-1 @coroutine#802] DEBUG id.walt.services.did.composers.DidDocumentComposerBase - Verification method JWK for kid: {"kty":"RSA","e":"AQAB","use":"sig","kid":"e5ae57c4534c44d4a0da67afb797dedd","alg":"RS256","n":"prehrcEq1FmPIfXpEgupFKNhH14lP4Po_7wRV8CPNcpglA4CY1uYAdYfMu1kudJplM38-b-xGCAQTCwBleWw29brGiLBSLpC4vk5-5sRlp6iPD5yt7Qspj_YH3cW_-DHfR4D-Cv1PN2C0fN-ZMX_qu5ditFbtAT6UYHhP3zLgWHdkZ3m_dx86l1bUszYXEkQWwZ5p0SADoiWJ7agIcdlNyTxbBsIN_h4qxmbRIlkQt4k-sCCVz3dC62aHnvKmaqB8yTFtpv0lVAJ8AzVXm45ZFAPrWHPR24iys3uMgjfqTiKdocOT2d1c0brk2iwN_8YP8GwxqJENlwhhBhXgp4nHQ"}
12205 [pool-1-thread-1 @coroutine#802] DEBUG id.walt.services.did.composers.DidDocumentComposerBase - Verification method public JWK: {"kty":"RSA","e":"AQAB","use":"sig","kid":"e5ae57c4534c44d4a0da67afb797dedd","alg":"RS256","n":"prehrcEq1FmPIfXpEgupFKNhH14lP4Po_7wRV8CPNcpglA4CY1uYAdYfMu1kudJplM38-b-xGCAQTCwBleWw29brGiLBSLpC4vk5-5sRlp6iPD5yt7Qspj_YH3cW_-DHfR4D-Cv1PN2C0fN-ZMX_qu5ditFbtAT6UYHhP3zLgWHdkZ3m_dx86l1bUszYXEkQWwZ5p0SADoiWJ7agIcdlNyTxbBsIN_h4qxmbRIlkQt4k-sCCVz3dC62aHnvKmaqB8yTFtpv0lVAJ8AzVXm45ZFAPrWHPR24iys3uMgjfqTiKdocOT2d1c0brk2iwN_8YP8GwxqJENlwhhBhXgp4nHQ"}
12206 [pool-1-thread-1 @coroutine#802] DEBUG id.walt.services.did.composers.DidDocumentComposerBase - Verification method parsed public JWK: Jwk(kid=e5ae57c4534c44d4a0da67afb797dedd, kty=RSA, alg=RS256, crv=null, use=sig, x=null, y=null, d=null, n=prehrcEq1FmPIfXpEgupFKNhH14lP4Po_7wRV8CPNcpglA4CY1uYAdYfMu1kudJplM38-b-xGCAQTCwBleWw29brGiLBSLpC4vk5-5sRlp6iPD5yt7Qspj_YH3cW_-DHfR4D-Cv1PN2C0fN-ZMX_qu5ditFbtAT6UYHhP3zLgWHdkZ3m_dx86l1bUszYXEkQWwZ5p0SADoiWJ7agIcdlNyTxbBsIN_h4qxmbRIlkQt4k-sCCVz3dC62aHnvKmaqB8yTFtpv0lVAJ8AzVXm45ZFAPrWHPR24iys3uMgjfqTiKdocOT2d1c0brk2iwN_8YP8GwxqJENlwhhBhXgp4nHQ, e=AQAB, x5u=null)
12206 [pool-1-thread-1 @coroutine#802] DEBUG id.walt.services.keystore.HKVKeyStoreService - Loading key "e5ae57c4534c44d4a0da67afb797dedd".
12206 [pool-1-thread-1 @coroutine#802] DEBUG id.walt.services.did.DidService - A key with the id "e5ae57c4534c44d4a0da67afb797dedd" exists.
12206 [pool-1-thread-1 @coroutine#802] DEBUG id.walt.model.DidUrl - Trying to create DidUrl from URL: "did:web:walt.id:ab83f9c2-a251-41cc-86f4-08ffb3579ce9"...
12206 [pool-1-thread-1 @coroutine#802] DEBUG id.walt.model.DidUrl - Trying to create DidUrl from URL: "did:web:walt.id:ab83f9c2-a251-41cc-86f4-08ffb3579ce9"...
12207 [pool-1-thread-1 @coroutine#802] DEBUG id.walt.model.DidUrl - Trying to create DidUrl from URL: "did:web:walt.id:ab83f9c2-a251-41cc-86f4-08ffb3579ce9"...
12207 [pool-1-thread-1 @coroutine#802] DEBUG id.walt.model.DidUrl - Trying to create DidUrl from URL: "did:web:walt.id:ab83f9c2-a251-41cc-86f4-08ffb3579ce9"...
12207 [pool-1-thread-1 @coroutine#802] DEBUG id.walt.model.DidUrl - Trying to create DidUrl from URL: "did:web:walt.id:ab83f9c2-a251-41cc-86f4-08ffb3579ce9"...
12211 [pool-1-thread-1 @coroutine#803] DEBUG id.walt.services.keystore.HKVKeyStoreService - Storing key "4cd2a01d572a4b50903fb28e4a907c4d".
12212 [pool-1-thread-1 @coroutine#803] DEBUG id.walt.services.keystore.HKVKeyStoreService - Loading key "4cd2a01d572a4b50903fb28e4a907c4d".
12212 [pool-1-thread-1 @coroutine#803] DEBUG id.walt.services.keystore.HKVKeyStoreService - Loading key "4cd2a01d572a4b50903fb28e4a907c4d".
12212 [pool-1-thread-1 @coroutine#803] DEBUG id.walt.services.did.composers.DidDocumentComposerBase - Verification method JWK for kid: {"kty":"EC","use":"sig","crv":"secp256k1","kid":"4cd2a01d572a4b50903fb28e4a907c4d","x":"GCP7qB_OuZbbHjvrTpK-1lUx2Y7nZ_yVEu2pX-_5J3g","y":"3s2LF8IMfhm_KVG-NGamByZXWMXdVQChvZZT8gJMnfw","alg":"ES256K"}
12212 [pool-1-thread-1 @coroutine#803] DEBUG id.walt.services.did.composers.DidDocumentComposerBase - Verification method public JWK: {"kty":"EC","use":"sig","crv":"secp256k1","kid":"4cd2a01d572a4b50903fb28e4a907c4d","x":"GCP7qB_OuZbbHjvrTpK-1lUx2Y7nZ_yVEu2pX-_5J3g","y":"3s2LF8IMfhm_KVG-NGamByZXWMXdVQChvZZT8gJMnfw","alg":"ES256K"}
12212 [pool-1-thread-1 @coroutine#803] DEBUG id.walt.services.did.composers.DidDocumentComposerBase - Verification method parsed public JWK: Jwk(kid=4cd2a01d572a4b50903fb28e4a907c4d, kty=EC, alg=ES256K, crv=secp256k1, use=sig, x=GCP7qB_OuZbbHjvrTpK-1lUx2Y7nZ_yVEu2pX-_5J3g, y=3s2LF8IMfhm_KVG-NGamByZXWMXdVQChvZZT8gJMnfw, d=null, n=null, e=null, x5u=null)
12213 [pool-1-thread-1 @coroutine#803] DEBUG id.walt.services.keystore.HKVKeyStoreService - Loading key "4cd2a01d572a4b50903fb28e4a907c4d".
12213 [pool-1-thread-1 @coroutine#803] DEBUG id.walt.services.did.DidService - A key with the id "4cd2a01d572a4b50903fb28e4a907c4d" exists.
12213 [pool-1-thread-1 @coroutine#803] DEBUG id.walt.model.DidUrl - Trying to create DidUrl from URL: "did:web:walt.id:a28fbcea-3e4d-44a8-807a-9e1146519a78"...
12213 [pool-1-thread-1 @coroutine#803] DEBUG id.walt.model.DidUrl - Trying to create DidUrl from URL: "did:web:walt.id:a28fbcea-3e4d-44a8-807a-9e1146519a78"...
12214 [pool-1-thread-1 @coroutine#803] DEBUG id.walt.model.DidUrl - Trying to create DidUrl from URL: "did:web:walt.id:a28fbcea-3e4d-44a8-807a-9e1146519a78"...
12214 [pool-1-thread-1 @coroutine#803] DEBUG id.walt.model.DidUrl - Trying to create DidUrl from URL: "did:web:walt.id:a28fbcea-3e4d-44a8-807a-9e1146519a78"...
12214 [pool-1-thread-1 @coroutine#803] DEBUG id.walt.model.DidUrl - Trying to create DidUrl from URL: "did:web:walt.id:a28fbcea-3e4d-44a8-807a-9e1146519a78"...
12218 [pool-1-thread-1 @coroutine#804] DEBUG id.walt.services.keystore.HKVKeyStoreService - Storing key "32706afa5f764f7092f783ad3985dee5".
12218 [pool-1-thread-1 @coroutine#804] DEBUG id.walt.services.keystore.HKVKeyStoreService - Loading key "32706afa5f764f7092f783ad3985dee5".
12218 [pool-1-thread-1 @coroutine#804] DEBUG id.walt.services.keystore.HKVKeyStoreService - Loading key "32706afa5f764f7092f783ad3985dee5".
12218 [pool-1-thread-1 @coroutine#804] DEBUG id.walt.services.did.composers.DidDocumentComposerBase - Verification method JWK for kid: {"kty":"OKP","use":"sig","crv":"Ed25519","kid":"32706afa5f764f7092f783ad3985dee5","x":"0u2kCOHHDqvf9lO7bSNgLrkwyXbTxldkB_RYak1GhBM","alg":"EdDSA"}
12218 [pool-1-thread-1 @coroutine#804] DEBUG id.walt.services.did.composers.DidDocumentComposerBase - Verification method public JWK: {"kty":"OKP","use":"sig","crv":"Ed25519","kid":"32706afa5f764f7092f783ad3985dee5","x":"0u2kCOHHDqvf9lO7bSNgLrkwyXbTxldkB_RYak1GhBM","alg":"EdDSA"}
12218 [pool-1-thread-1 @coroutine#804] DEBUG id.walt.services.did.composers.DidDocumentComposerBase - Verification method parsed public JWK: Jwk(kid=32706afa5f764f7092f783ad3985dee5, kty=OKP, alg=EdDSA, crv=Ed25519, use=sig, x=0u2kCOHHDqvf9lO7bSNgLrkwyXbTxldkB_RYak1GhBM, y=null, d=null, n=null, e=null, x5u=null)
12219 [pool-1-thread-1 @coroutine#804] DEBUG id.walt.services.keystore.HKVKeyStoreService - Loading key "32706afa5f764f7092f783ad3985dee5".
12219 [pool-1-thread-1 @coroutine#804] DEBUG id.walt.services.did.DidService - A key with the id "32706afa5f764f7092f783ad3985dee5" exists.
12219 [pool-1-thread-1 @coroutine#804] DEBUG id.walt.model.DidUrl - Trying to create DidUrl from URL: "did:web:walt.id:b9dceab4-155b-416c-bb9d-c775cbd71fa2"...
12219 [pool-1-thread-1 @coroutine#804] DEBUG id.walt.model.DidUrl - Trying to create DidUrl from URL: "did:web:walt.id:b9dceab4-155b-416c-bb9d-c775cbd71fa2"...
12219 [pool-1-thread-1 @coroutine#804] DEBUG id.walt.model.DidUrl - Trying to create DidUrl from URL: "did:web:walt.id:b9dceab4-155b-416c-bb9d-c775cbd71fa2"...
12219 [pool-1-thread-1 @coroutine#804] DEBUG id.walt.model.DidUrl - Trying to create DidUrl from URL: "did:web:walt.id:b9dceab4-155b-416c-bb9d-c775cbd71fa2"...
12220 [pool-1-thread-1 @coroutine#804] DEBUG id.walt.model.DidUrl - Trying to create DidUrl from URL: "did:web:walt.id:b9dceab4-155b-416c-bb9d-c775cbd71fa2"...
12223 [pool-1-thread-1 @coroutine#805] DEBUG id.walt.services.keystore.HKVKeyStoreService - Storing key "3ff86211038643dfa34f962256fc27dd".
12223 [pool-1-thread-1 @coroutine#805] DEBUG id.walt.services.keystore.HKVKeyStoreService - Loading key "3ff86211038643dfa34f962256fc27dd".
12223 [pool-1-thread-1 @coroutine#805] DEBUG id.walt.services.keystore.HKVKeyStoreService - Loading key "3ff86211038643dfa34f962256fc27dd".
12223 [pool-1-thread-1 @coroutine#805] DEBUG id.walt.services.did.composers.DidDocumentComposerBase - Verification method JWK for kid: {"kty":"OKP","use":"sig","crv":"Ed25519","kid":"3ff86211038643dfa34f962256fc27dd","x":"qZb8xL7Bye4RRcTUe-s3jbxOJe_RXXCLgA9EIdgOATs","alg":"EdDSA"}
12223 [pool-1-thread-1 @coroutine#805] DEBUG id.walt.services.did.composers.DidDocumentComposerBase - Verification method public JWK: {"kty":"OKP","use":"sig","crv":"Ed25519","kid":"3ff86211038643dfa34f962256fc27dd","x":"qZb8xL7Bye4RRcTUe-s3jbxOJe_RXXCLgA9EIdgOATs","alg":"EdDSA"}
12224 [pool-1-thread-1 @coroutine#805] DEBUG id.walt.services.did.composers.DidDocumentComposerBase - Verification method parsed public JWK: Jwk(kid=3ff86211038643dfa34f962256fc27dd, kty=OKP, alg=EdDSA, crv=Ed25519, use=sig, x=qZb8xL7Bye4RRcTUe-s3jbxOJe_RXXCLgA9EIdgOATs, y=null, d=null, n=null, e=null, x5u=null)
12225 [pool-1-thread-1 @coroutine#805] DEBUG id.walt.services.keystore.HKVKeyStoreService - Loading key "3ff86211038643dfa34f962256fc27dd".
12225 [pool-1-thread-1 @coroutine#805] DEBUG id.walt.services.did.DidService - A key with the id "3ff86211038643dfa34f962256fc27dd" exists.
12225 [pool-1-thread-1 @coroutine#805] DEBUG id.walt.model.DidUrl - Trying to create DidUrl from URL: "did:web:example.com"...
12225 [pool-1-thread-1 @coroutine#805] DEBUG id.walt.model.DidUrl - Trying to create DidUrl from URL: "did:web:example.com"...
12225 [pool-1-thread-1 @coroutine#805] DEBUG id.walt.model.DidUrl - Trying to create DidUrl from URL: "did:web:example.com"...
12225 [pool-1-thread-1 @coroutine#805] DEBUG id.walt.model.DidUrl - Trying to create DidUrl from URL: "did:web:example.com"...
12254 [pool-1-thread-1 @coroutine#806] DEBUG id.walt.services.keystore.HKVKeyStoreService - Storing key "d2445fe53c264977851b09928711a374".
12254 [pool-1-thread-1 @coroutine#806] DEBUG id.walt.services.keystore.HKVKeyStoreService - Loading key "d2445fe53c264977851b09928711a374".
12254 [pool-1-thread-1 @coroutine#806] DEBUG id.walt.services.keystore.HKVKeyStoreService - Loading key "d2445fe53c264977851b09928711a374".
12254 [pool-1-thread-1 @coroutine#806] DEBUG id.walt.services.did.composers.DidDocumentComposerBase - Verification method JWK for kid: {"kty":"RSA","e":"AQAB","use":"sig","kid":"d2445fe53c264977851b09928711a374","alg":"RS256","n":"xAlLL_THvCwgPP2Y0QDYaKSmyFmFcjq-rEGKpIvXzNaS1iZF8OIl4QwMTswPSeHIVwqahTn4HqWswVMceTDv7Y0sYhsgFPsJrnBooFeUwx7qXIwTTGHaikiKws2IkPNRVKnfcDQzbmLBomQ64mpe3_FD02UFc6wR6MXXhK1UzuOrrI4EiBcFUz_YFZkXCfa5O2TyXwgv6tAl0PAvQQAACgpD7j94Vs_SEELSwCeMUkymr_nReUxvBSoJFlG80Fq-1pR1SvDrowKlGm6hmo00R16MF0nZAXv_EsCMQ8-ZFcNpz9v4g6mTmeFvB0jSHSZjrB6i4UvVDv2aOY9TtY7Ctw"}
12254 [pool-1-thread-1 @coroutine#806] DEBUG id.walt.services.did.composers.DidDocumentComposerBase - Verification method public JWK: {"kty":"RSA","e":"AQAB","use":"sig","kid":"d2445fe53c264977851b09928711a374","alg":"RS256","n":"xAlLL_THvCwgPP2Y0QDYaKSmyFmFcjq-rEGKpIvXzNaS1iZF8OIl4QwMTswPSeHIVwqahTn4HqWswVMceTDv7Y0sYhsgFPsJrnBooFeUwx7qXIwTTGHaikiKws2IkPNRVKnfcDQzbmLBomQ64mpe3_FD02UFc6wR6MXXhK1UzuOrrI4EiBcFUz_YFZkXCfa5O2TyXwgv6tAl0PAvQQAACgpD7j94Vs_SEELSwCeMUkymr_nReUxvBSoJFlG80Fq-1pR1SvDrowKlGm6hmo00R16MF0nZAXv_EsCMQ8-ZFcNpz9v4g6mTmeFvB0jSHSZjrB6i4UvVDv2aOY9TtY7Ctw"}
12255 [pool-1-thread-1 @coroutine#806] DEBUG id.walt.services.did.composers.DidDocumentComposerBase - Verification method parsed public JWK: Jwk(kid=d2445fe53c264977851b09928711a374, kty=RSA, alg=RS256, crv=null, use=sig, x=null, y=null, d=null, n=xAlLL_THvCwgPP2Y0QDYaKSmyFmFcjq-rEGKpIvXzNaS1iZF8OIl4QwMTswPSeHIVwqahTn4HqWswVMceTDv7Y0sYhsgFPsJrnBooFeUwx7qXIwTTGHaikiKws2IkPNRVKnfcDQzbmLBomQ64mpe3_FD02UFc6wR6MXXhK1UzuOrrI4EiBcFUz_YFZkXCfa5O2TyXwgv6tAl0PAvQQAACgpD7j94Vs_SEELSwCeMUkymr_nReUxvBSoJFlG80Fq-1pR1SvDrowKlGm6hmo00R16MF0nZAXv_EsCMQ8-ZFcNpz9v4g6mTmeFvB0jSHSZjrB6i4UvVDv2aOY9TtY7Ctw, e=AQAB, x5u=null)
12256 [pool-1-thread-1 @coroutine#806] DEBUG id.walt.services.keystore.HKVKeyStoreService - Loading key "d2445fe53c264977851b09928711a374".
12256 [pool-1-thread-1 @coroutine#806] DEBUG id.walt.services.did.DidService - A key with the id "d2445fe53c264977851b09928711a374" exists.
12256 [pool-1-thread-1 @coroutine#806] DEBUG id.walt.model.DidUrl - Trying to create DidUrl from URL: "did:web:example.com:api:users:1234"...
12256 [pool-1-thread-1 @coroutine#806] DEBUG id.walt.model.DidUrl - Trying to create DidUrl from URL: "did:web:example.com:api:users:1234"...
12256 [pool-1-thread-1 @coroutine#806] DEBUG id.walt.model.DidUrl - Trying to create DidUrl from URL: "did:web:example.com:api:users:1234"...
12256 [pool-1-thread-1 @coroutine#806] DEBUG id.walt.model.DidUrl - Trying to create DidUrl from URL: "did:web:example.com:api:users:1234"...
12257 [pool-1-thread-1 @coroutine#806] DEBUG id.walt.model.DidUrl - Trying to create DidUrl from URL: "did:web:example.com:api:users:1234"...
12262 [pool-1-thread-1 @coroutine#811] DEBUG id.walt.model.DidUrl - Trying to create DidUrl from URL: "did:web:wallet.waltid.org:api:did-registry:266fa44b20c247a9926b44f4263799a3"...
12265 [pool-1-thread-1 @coroutine#812] DEBUG id.walt.model.DidUrl - Trying to create DidUrl from URL: "did:web:empty-path.com"...
12267 [pool-1-thread-1 @coroutine#813] DEBUG id.walt.model.DidUrl - Trying to create DidUrl from URL: "did:web:sub-domain.top-level-domain.com"...
12269 [pool-1-thread-1 @coroutine#814] DEBUG id.walt.model.DidUrl - Trying to create DidUrl from URL: "did:web:sub-domain.top-level-domain.com:api:did-registry:266fa44b20c247a9926b44f4263799a3"...
]]></system-err>
</testsuite>
