<?xml version="1.0" encoding="UTF-8"?>
<testsuite name="id.walt.custodian.CustodianPresentTest" tests="5" skipped="0" failures="0" errors="0" timestamp="2024-09-12T09:39:43" hostname="pablito-B550-AORUS-ELITE-V2" time="0.085">
  <properties/>
  <testcase name="Json ld presentation" classname="id.walt.custodian.CustodianPresentTest" time="0.018"/>
  <testcase name="Jwt presentation" classname="id.walt.custodian.CustodianPresentTest" time="0.017"/>
  <testcase name="Jwt presentation without audience or nonce" classname="id.walt.custodian.CustodianPresentTest" time="0.017"/>
  <testcase name="Jwt presentation without nonce" classname="id.walt.custodian.CustodianPresentTest" time="0.016"/>
  <testcase name="Json ld and jwt presentation" classname="id.walt.custodian.CustodianPresentTest" time="0.013"/>
  <system-out><![CDATA[Generated: did:key:z6Mkta69mpgjcwH1M6WJ4VmzHbTAkTWfvKjUuPqpuijEEib4
Created VP: {
  "type" : [ "VerifiablePresentation" ],
  "@context" : [ "https://www.w3.org/2018/credentials/v1", "https://w3id.org/security/suites/jws-2020/v1" ],
  "id" : "urn:uuid:653688b8-91eb-470d-b90a-8ffab5fc33e5",
  "holder" : "did:key:z6Mkta69mpgjcwH1M6WJ4VmzHbTAkTWfvKjUuPqpuijEEib4",
  "verifiableCredential" : [ {
    "type" : [ "VerifiableCredential", "VerifiableAttestation", "VerifiableDiploma" ],
    "@context" : [ "https://www.w3.org/2018/credentials/v1", "https://w3id.org/security/suites/jws-2020/v1" ],
    "id" : "urn:uuid:917eaf4e-1aed-4862-9f94-0b68a3453d5f",
    "issuer" : "did:key:z6Mkta69mpgjcwH1M6WJ4VmzHbTAkTWfvKjUuPqpuijEEib4",
    "issuanceDate" : "2024-09-12T09:39:43Z",
    "issued" : "2024-09-12T09:39:43Z",
    "validFrom" : "2024-09-12T09:39:43Z",
    "expirationDate" : "2022-08-31T00:00:00Z",
    "proof" : {
      "type" : "JsonWebSignature2020",
      "creator" : "did:key:z6Mkta69mpgjcwH1M6WJ4VmzHbTAkTWfvKjUuPqpuijEEib4",
      "created" : "2024-09-12T09:39:43Z",
      "verificationMethod" : "did:key:z6Mkta69mpgjcwH1M6WJ4VmzHbTAkTWfvKjUuPqpuijEEib4#z6Mkta69mpgjcwH1M6WJ4VmzHbTAkTWfvKjUuPqpuijEEib4",
      "jws" : "eyJiNjQiOmZhbHNlLCJjcml0IjpbImI2NCJdLCJhbGciOiJFZERTQSJ9..dXlCfUZkX0VYrvzXSCJ8f3iQ6sypRdAb5PNBoddtsG77Pv7yLv2bSif0S-oMhgmH5y66QBUyKuiUSgTiyo9lDA"
    },
    "credentialSchema" : {
      "id" : "https://raw.githubusercontent.com/walt-id/waltid-ssikit-vclib/master/src/test/resources/schemas/VerifiableDiploma.json",
      "type" : "JsonSchemaValidator2018"
    },
    "credentialSubject" : {
      "id" : "did:key:z6Mkta69mpgjcwH1M6WJ4VmzHbTAkTWfvKjUuPqpuijEEib4",
      "awardingOpportunity" : {
        "awardingBody" : {
          "eidasLegalIdentifier" : "Unknown",
          "homepage" : "https://leaston.bcdiploma.com/",
          "id" : "did:ebsi:2A9BZ9SUe6BatacSpvs1V5CdjHvLpQ7bEsi2Jb6LdHKnQxaN",
          "preferredName" : "Leaston University",
          "registration" : "0597065J"
        },
        "endedAtTime" : "2020-06-26T00:00:00Z",
        "id" : "https://leaston.bcdiploma.com/law-economics-management#AwardingOpportunity",
        "identifier" : "https://certificate-demo.bcdiploma.com/check/87ED2F2270E6C41456E94B86B9D9115B4E35BCCAD200A49B846592C14F79C86BV1Fnbllta0NZTnJkR3lDWlRmTDlSRUJEVFZISmNmYzJhUU5sZUJ5Z2FJSHpWbmZZ",
        "location" : "FRANCE",
        "startedAtTime" : "2019-09-02T00:00:00Z"
      },
      "dateOfBirth" : "1993-04-08",
      "familyName" : "DOE",
      "givenNames" : "Jane",
      "gradingScheme" : {
        "id" : "https://leaston.bcdiploma.com/law-economics-management#GradingScheme",
        "title" : "Lower Second-Class Honours"
      },
      "identifier" : "0904008084H",
      "learningAchievement" : {
        "additionalNote" : [ "DISTRIBUTION MANAGEMENT" ],
        "description" : "MARKETING AND SALES",
        "id" : "https://leaston.bcdiploma.com/law-economics-management#LearningAchievment",
        "title" : "MASTERS LAW, ECONOMICS AND MANAGEMENT"
      },
      "learningSpecification" : {
        "ectsCreditPoints" : 120,
        "eqfLevel" : 7,
        "id" : "https://leaston.bcdiploma.com/law-economics-management#LearningSpecification",
        "iscedfCode" : [ "7" ],
        "nqfLevel" : [ "7" ]
      }
    },
    "credentialStatus" : {
      "id" : "https://essif.europa.eu/status/education#higherEducation#392ac7f6-399a-437b-a268-4691ead8f176",
      "type" : "CredentialStatusList2020"
    },
    "evidence" : {
      "documentPresence" : [ "Physical" ],
      "evidenceDocument" : [ "Passport" ],
      "id" : "https://essif.europa.eu/tsr-va/evidence/f2aeec97-fc0d-42bf-8ca7-0548192d5678",
      "subjectPresence" : "Physical",
      "type" : [ "DocumentVerification" ],
      "verifier" : "did:ebsi:2962fb784df61baa267c8132497539f8c674b37c1244a7a"
    }
  } ],
  "proof" : {
    "type" : "JsonWebSignature2020",
    "creator" : "did:key:z6Mkta69mpgjcwH1M6WJ4VmzHbTAkTWfvKjUuPqpuijEEib4",
    "created" : "2024-09-12T09:39:43Z",
    "proofPurpose" : "authentication",
    "verificationMethod" : "did:key:z6Mkta69mpgjcwH1M6WJ4VmzHbTAkTWfvKjUuPqpuijEEib4#z6Mkta69mpgjcwH1M6WJ4VmzHbTAkTWfvKjUuPqpuijEEib4",
    "jws" : "eyJiNjQiOmZhbHNlLCJjcml0IjpbImI2NCJdLCJhbGciOiJFZERTQSJ9..YsatptgMRV_HRQAHIoXZJVWupS3MiZfQHbC0DudaF3g92xf2k_aA4HvFr2YVX3aL2Ke_YBkBskDfRUapsfK4DQ"
  }
}
Generated: did:key:z6MkgbJc5Ene4Ez5aSFN1b3f1vFqtNvrM4YKCK7va7fHfkFb
Created VP: eyJraWQiOiJkaWQ6a2V5Ono2TWtnYkpjNUVuZTRFejVhU0ZOMWIzZjF2RnF0TnZyTTRZS0NLN3ZhN2ZIZmtGYiN6Nk1rZ2JKYzVFbmU0RXo1YVNGTjFiM2YxdkZxdE52ck00WUtDSzd2YTdmSGZrRmIiLCJ0eXAiOiJKV1QiLCJhbGciOiJFZERTQSJ9.eyJzdWIiOiJkaWQ6a2V5Ono2TWtnYkpjNUVuZTRFejVhU0ZOMWIzZjF2RnF0TnZyTTRZS0NLN3ZhN2ZIZmtGYiIsImF1ZCI6ImRpZDprZXk6ejZNa2diSmM1RW5lNEV6NWFTRk4xYjNmMXZGcXROdnJNNFlLQ0s3dmE3Zkhma0ZiIiwibmJmIjoxNzI2MTMzOTgzLCJpc3MiOiJkaWQ6a2V5Ono2TWtnYkpjNUVuZTRFejVhU0ZOMWIzZjF2RnF0TnZyTTRZS0NLN3ZhN2ZIZmtGYiIsInZwIjp7InR5cGUiOlsiVmVyaWZpYWJsZVByZXNlbnRhdGlvbiJdLCJAY29udGV4dCI6WyJodHRwczovL3d3dy53My5vcmcvMjAxOC9jcmVkZW50aWFscy92MSJdLCJpZCI6InVybjp1dWlkOmI3MzdjNGQ1LTBhMGEtNDRiYS1iNDQzLTEwNjE0M2Q5MzM0NSIsImhvbGRlciI6ImRpZDprZXk6ejZNa2diSmM1RW5lNEV6NWFTRk4xYjNmMXZGcXROdnJNNFlLQ0s3dmE3Zkhma0ZiIiwidmVyaWZpYWJsZUNyZWRlbnRpYWwiOlsiZXlKcmFXUWlPaUprYVdRNmEyVjVPbm8yVFd0bllrcGpOVVZ1WlRSRmVqVmhVMFpPTVdJelpqRjJSbkYwVG5aeVRUUlpTME5MTjNaaE4yWklabXRHWWlONk5rMXJaMkpLWXpWRmJtVTBSWG8xWVZOR1RqRmlNMll4ZGtaeGRFNTJjazAwV1V0RFN6ZDJZVGRtU0daclJtSWlMQ0owZVhBaU9pSktWMVFpTENKaGJHY2lPaUpGWkVSVFFTSjkuZXlKemRXSWlPaUprYVdRNmEyVjVPbm8yVFd0bllrcGpOVVZ1WlRSRmVqVmhVMFpPTVdJelpqRjJSbkYwVG5aeVRUUlpTME5MTjNaaE4yWklabXRHWWlJc0ltNWlaaUk2TVRjeU5qRXpNems0TXl3aWFYTnpJam9pWkdsa09tdGxlVHA2TmsxcloySktZelZGYm1VMFJYbzFZVk5HVGpGaU0yWXhka1p4ZEU1MmNrMDBXVXREU3pkMllUZG1TR1pyUm1JaUxDSnBZWFFpT2pFM01qWXhNek01T0RNc0luWmpJanA3SW5SNWNHVWlPbHNpVm1WeWFXWnBZV0pzWlVOeVpXUmxiblJwWVd3aUxDSldaWEpwWm1saFlteGxRWFIwWlhOMFlYUnBiMjRpTENKV1pYSnBabWxoWW14bFJHbHdiRzl0WVNKZExDSkFZMjl1ZEdWNGRDSTZXeUpvZEhSd2N6b3ZMM2QzZHk1M015NXZjbWN2TWpBeE9DOWpjbVZrWlc1MGFXRnNjeTkyTVNKZExDSnBaQ0k2SW5WeWJqcDFkV2xrT2paaU16YzVaVFV3TFRBd01UY3RORFUyTXkxaU5qWmpMVFF5TVdZek16VTVPVFF6TnlJc0ltbHpjM1ZsY2lJNkltUnBaRHByWlhrNmVqWk5hMmRpU21NMVJXNWxORVY2TldGVFJrNHhZak5tTVhaR2NYUk9kbkpOTkZsTFEwczNkbUUzWmtobWEwWmlJaXdpYVhOemRXRnVZMlZFWVhSbElqb2lNakF5TkMwd09TMHhNbFF3T1Rvek9UbzBNMW9pTENKcGMzTjFaV1FpT2lJeU1ESTBMVEE1TFRFeVZEQTVPak01T2pReldpSXNJblpoYkdsa1JuSnZiU0k2SWpJd01qUXRNRGt0TVRKVU1EazZNems2TkROYUlpd2laWGh3YVhKaGRHbHZia1JoZEdVaU9pSXlNREl5TFRBNExUTXhWREF3T2pBd09qQXdXaUlzSW1OeVpXUmxiblJwWVd4VFkyaGxiV0VpT25zaWFXUWlPaUpvZEhSd2N6b3ZMM0poZHk1bmFYUm9kV0oxYzJWeVkyOXVkR1Z1ZEM1amIyMHZkMkZzZEMxcFpDOTNZV3gwYVdRdGMzTnBhMmwwTFhaamJHbGlMMjFoYzNSbGNpOXpjbU12ZEdWemRDOXlaWE52ZFhKalpYTXZjMk5vWlcxaGN5OVdaWEpwWm1saFlteGxSR2x3Ykc5dFlTNXFjMjl1SWl3aWRIbHdaU0k2SWtwemIyNVRZMmhsYldGV1lXeHBaR0YwYjNJeU1ERTRJbjBzSW1OeVpXUmxiblJwWVd4VGRXSnFaV04wSWpwN0ltbGtJam9pWkdsa09tdGxlVHA2TmsxcloySktZelZGYm1VMFJYbzFZVk5HVGpGaU0yWXhka1p4ZEU1MmNrMDBXVXREU3pkMllUZG1TR1pyUm1JaUxDSmhkMkZ5WkdsdVowOXdjRzl5ZEhWdWFYUjVJanA3SW1GM1lYSmthVzVuUW05a2VTSTZleUpsYVdSaGMweGxaMkZzU1dSbGJuUnBabWxsY2lJNklsVnVhMjV2ZDI0aUxDSm9iMjFsY0dGblpTSTZJbWgwZEhCek9pOHZiR1ZoYzNSdmJpNWlZMlJwY0d4dmJXRXVZMjl0THlJc0ltbGtJam9pWkdsa09tVmljMms2TWtFNVFsbzVVMVZsTmtKaGRHRmpVM0IyY3pGV05VTmtha2gyVEhCUk4ySkZjMmt5U21JMlRHUklTMjVSZUdGT0lpd2ljSEpsWm1WeWNtVmtUbUZ0WlNJNklreGxZWE4wYjI0Z1ZXNXBkbVZ5YzJsMGVTSXNJbkpsWjJsemRISmhkR2x2YmlJNklqQTFPVGN3TmpWS0luMHNJbVZ1WkdWa1FYUlVhVzFsSWpvaU1qQXlNQzB3TmkweU5sUXdNRG93TURvd01Gb2lMQ0pwWkNJNkltaDBkSEJ6T2k4dmJHVmhjM1J2Ymk1aVkyUnBjR3h2YldFdVkyOXRMMnhoZHkxbFkyOXViMjFwWTNNdGJXRnVZV2RsYldWdWRDTkJkMkZ5WkdsdVowOXdjRzl5ZEhWdWFYUjVJaXdpYVdSbGJuUnBabWxsY2lJNkltaDBkSEJ6T2k4dlkyVnlkR2xtYVdOaGRHVXRaR1Z0Ynk1aVkyUnBjR3h2YldFdVkyOXRMMk5vWldOckx6ZzNSVVF5UmpJeU56QkZOa00wTVRRMU5rVTVORUk0TmtJNVJEa3hNVFZDTkVVek5VSkRRMEZFTWpBd1FUUTVRamcwTmpVNU1rTXhORVkzT1VNNE5rSldNVVp1WW14c2RHRXdUbHBVYmtwclVqTnNSRmRzVW0xVVJHeFRVbFZLUlZaR1drbFRiVTV0V1hwS2FGVlZOWE5hVlVvMVdqSkdTbE5JY0ZkaWJWcGFJaXdpYkc5allYUnBiMjRpT2lKR1VrRk9RMFVpTENKemRHRnlkR1ZrUVhSVWFXMWxJam9pTWpBeE9TMHdPUzB3TWxRd01Eb3dNRG93TUZvaWZTd2laR0YwWlU5bVFtbHlkR2dpT2lJeE9Ua3pMVEEwTFRBNElpd2labUZ0YVd4NVRtRnRaU0k2SWtSUFJTSXNJbWRwZG1WdVRtRnRaWE1pT2lKS1lXNWxJaXdpWjNKaFpHbHVaMU5qYUdWdFpTSTZleUpwWkNJNkltaDBkSEJ6T2k4dmJHVmhjM1J2Ymk1aVkyUnBjR3h2YldFdVkyOXRMMnhoZHkxbFkyOXViMjFwWTNNdGJXRnVZV2RsYldWdWRDTkhjbUZrYVc1blUyTm9aVzFsSWl3aWRHbDBiR1VpT2lKTWIzZGxjaUJUWldOdmJtUXRRMnhoYzNNZ1NHOXViM1Z5Y3lKOUxDSnBaR1Z1ZEdsbWFXVnlJam9pTURrd05EQXdPREE0TkVnaUxDSnNaV0Z5Ym1sdVowRmphR2xsZG1WdFpXNTBJanA3SW1Ga1pHbDBhVzl1WVd4T2IzUmxJanBiSWtSSlUxUlNTVUpWVkVsUFRpQk5RVTVCUjBWTlJVNVVJbDBzSW1SbGMyTnlhWEIwYVc5dUlqb2lUVUZTUzBWVVNVNUhJRUZPUkNCVFFVeEZVeUlzSW1sa0lqb2lhSFIwY0hNNkx5OXNaV0Z6ZEc5dUxtSmpaR2x3Ykc5dFlTNWpiMjB2YkdGM0xXVmpiMjV2YldsamN5MXRZVzVoWjJWdFpXNTBJMHhsWVhKdWFXNW5RV05vYVdWMmJXVnVkQ0lzSW5ScGRHeGxJam9pVFVGVFZFVlNVeUJNUVZjc0lFVkRUMDVQVFVsRFV5QkJUa1FnVFVGT1FVZEZUVVZPVkNKOUxDSnNaV0Z5Ym1sdVoxTndaV05wWm1sallYUnBiMjRpT25zaVpXTjBjME55WldScGRGQnZhVzUwY3lJNk1USXdMQ0psY1daTVpYWmxiQ0k2Tnl3aWFXUWlPaUpvZEhSd2N6b3ZMMnhsWVhOMGIyNHVZbU5rYVhCc2IyMWhMbU52YlM5c1lYY3RaV052Ym05dGFXTnpMVzFoYm1GblpXMWxiblFqVEdWaGNtNXBibWRUY0dWamFXWnBZMkYwYVc5dUlpd2lhWE5qWldSbVEyOWtaU0k2V3lJM0lsMHNJbTV4Wmt4bGRtVnNJanBiSWpjaVhYMTlMQ0pqY21Wa1pXNTBhV0ZzVTNSaGRIVnpJanA3SW1sa0lqb2lhSFIwY0hNNkx5OWxjM05wWmk1bGRYSnZjR0V1WlhVdmMzUmhkSFZ6TDJWa2RXTmhkR2x2YmlOb2FXZG9aWEpGWkhWallYUnBiMjRqTXpreVlXTTNaall0TXprNVlTMDBNemRpTFdFeU5qZ3RORFk1TVdWaFpEaG1NVGMySWl3aWRIbHdaU0k2SWtOeVpXUmxiblJwWVd4VGRHRjBkWE5NYVhOME1qQXlNQ0o5TENKbGRtbGtaVzVqWlNJNmV5SmtiMk4xYldWdWRGQnlaWE5sYm1ObElqcGJJbEJvZVhOcFkyRnNJbDBzSW1WMmFXUmxibU5sUkc5amRXMWxiblFpT2xzaVVHRnpjM0J2Y25RaVhTd2lhV1FpT2lKb2RIUndjem92TDJWemMybG1MbVYxY205d1lTNWxkUzkwYzNJdGRtRXZaWFpwWkdWdVkyVXZaakpoWldWak9UY3RabU13WkMwME1tSm1MVGhqWVRjdE1EVTBPREU1TW1RMU5qYzRJaXdpYzNWaWFtVmpkRkJ5WlhObGJtTmxJam9pVUdoNWMybGpZV3dpTENKMGVYQmxJanBiSWtSdlkzVnRaVzUwVm1WeWFXWnBZMkYwYVc5dUlsMHNJblpsY21sbWFXVnlJam9pWkdsa09tVmljMms2TWprMk1tWmlOemcwWkdZMk1XSmhZVEkyTjJNNE1UTXlORGszTlRNNVpqaGpOamMwWWpNM1l6RXlORFJoTjJFaWZYMHNJbXAwYVNJNkluVnlianAxZFdsa09qWmlNemM1WlRVd0xUQXdNVGN0TkRVMk15MWlOalpqTFRReU1XWXpNelU1T1RRek55SjkuVGdUQzBGOEVLRlZwUDFLYVV0dHFzNTF4dHRhdTdsb05ReWdEeURTdzVZMURXM2x6aFV3UTlHbHFqaVNqNDJ1T0RibVdMZHVPM3JiaW1hdk1ZN3FNQ2ciXX0sImlhdCI6MTcyNjEzMzk4Mywibm9uY2UiOiJhYmNkIiwianRpIjoidXJuOnV1aWQ6YjczN2M0ZDUtMGEwYS00NGJhLWI0NDMtMTA2MTQzZDkzMzQ1In0.m_Ctm6228qgp7gf8-j7LA9uop7DpPom0bXxI1yuSA9DKMFEz4LQ2VRRoM1ZUh4Ivm5Xfsqx_E01I6Ed3TcVbBQ
Generated: did:key:z6MkqV444ccBYLDkHABDAcEUTMQSuvesyqGge6T78JU6o43G
Created VP: eyJraWQiOiJkaWQ6a2V5Ono2TWtxVjQ0NGNjQllMRGtIQUJEQWNFVVRNUVN1dmVzeXFHZ2U2VDc4SlU2bzQzRyN6Nk1rcVY0NDRjY0JZTERrSEFCREFjRVVUTVFTdXZlc3lxR2dlNlQ3OEpVNm80M0ciLCJ0eXAiOiJKV1QiLCJhbGciOiJFZERTQSJ9.eyJzdWIiOiJkaWQ6a2V5Ono2TWtxVjQ0NGNjQllMRGtIQUJEQWNFVVRNUVN1dmVzeXFHZ2U2VDc4SlU2bzQzRyIsIm5iZiI6MTcyNjEzMzk4MywiaXNzIjoiZGlkOmtleTp6Nk1rcVY0NDRjY0JZTERrSEFCREFjRVVUTVFTdXZlc3lxR2dlNlQ3OEpVNm80M0ciLCJ2cCI6eyJ0eXBlIjpbIlZlcmlmaWFibGVQcmVzZW50YXRpb24iXSwiQGNvbnRleHQiOlsiaHR0cHM6Ly93d3cudzMub3JnLzIwMTgvY3JlZGVudGlhbHMvdjEiXSwiaWQiOiJ1cm46dXVpZDo2NDE4YTM3OS04ODEzLTQ0ODUtYTE5OS05ZjIxMzljY2ZkYTIiLCJob2xkZXIiOiJkaWQ6a2V5Ono2TWtxVjQ0NGNjQllMRGtIQUJEQWNFVVRNUVN1dmVzeXFHZ2U2VDc4SlU2bzQzRyIsInZlcmlmaWFibGVDcmVkZW50aWFsIjpbImV5SnJhV1FpT2lKa2FXUTZhMlY1T25vMlRXdHhWalEwTkdOalFsbE1SR3RJUVVKRVFXTkZWVlJOVVZOMWRtVnplWEZIWjJVMlZEYzRTbFUyYnpRelJ5TjZOazFyY1ZZME5EUmpZMEpaVEVSclNFRkNSRUZqUlZWVVRWRlRkWFpsYzNseFIyZGxObFEzT0VwVk5tODBNMGNpTENKMGVYQWlPaUpLVjFRaUxDSmhiR2NpT2lKRlpFUlRRU0o5LmV5SnpkV0lpT2lKa2FXUTZhMlY1T25vMlRXdHhWalEwTkdOalFsbE1SR3RJUVVKRVFXTkZWVlJOVVZOMWRtVnplWEZIWjJVMlZEYzRTbFUyYnpRelJ5SXNJbTVpWmlJNk1UY3lOakV6TXprNE15d2lhWE56SWpvaVpHbGtPbXRsZVRwNk5rMXJjVlkwTkRSalkwSlpURVJyU0VGQ1JFRmpSVlZVVFZGVGRYWmxjM2x4UjJkbE5sUTNPRXBWTm04ME0wY2lMQ0pwWVhRaU9qRTNNall4TXpNNU9ETXNJblpqSWpwN0luUjVjR1VpT2xzaVZtVnlhV1pwWVdKc1pVTnlaV1JsYm5ScFlXd2lMQ0pXWlhKcFptbGhZbXhsUVhSMFpYTjBZWFJwYjI0aUxDSldaWEpwWm1saFlteGxSR2x3Ykc5dFlTSmRMQ0pBWTI5dWRHVjRkQ0k2V3lKb2RIUndjem92TDNkM2R5NTNNeTV2Y21jdk1qQXhPQzlqY21Wa1pXNTBhV0ZzY3k5Mk1TSmRMQ0pwWkNJNkluVnlianAxZFdsa09qVmtaVFpsTVdFM0xUVm1ZalF0TkRNelppMWlPVFEwTFRsaFlqRXdNVFUyTWpBM1lpSXNJbWx6YzNWbGNpSTZJbVJwWkRwclpYazZlalpOYTNGV05EUTBZMk5DV1V4RWEwaEJRa1JCWTBWVlZFMVJVM1YyWlhONWNVZG5aVFpVTnpoS1ZUWnZORE5ISWl3aWFYTnpkV0Z1WTJWRVlYUmxJam9pTWpBeU5DMHdPUzB4TWxRd09Ub3pPVG8wTTFvaUxDSnBjM04xWldRaU9pSXlNREkwTFRBNUxURXlWREE1T2pNNU9qUXpXaUlzSW5aaGJHbGtSbkp2YlNJNklqSXdNalF0TURrdE1USlVNRGs2TXprNk5ETmFJaXdpWlhod2FYSmhkR2x2YmtSaGRHVWlPaUl5TURJeUxUQTRMVE14VkRBd09qQXdPakF3V2lJc0ltTnlaV1JsYm5ScFlXeFRZMmhsYldFaU9uc2lhV1FpT2lKb2RIUndjem92TDNKaGR5NW5hWFJvZFdKMWMyVnlZMjl1ZEdWdWRDNWpiMjB2ZDJGc2RDMXBaQzkzWVd4MGFXUXRjM05wYTJsMExYWmpiR2xpTDIxaGMzUmxjaTl6Y21NdmRHVnpkQzl5WlhOdmRYSmpaWE12YzJOb1pXMWhjeTlXWlhKcFptbGhZbXhsUkdsd2JHOXRZUzVxYzI5dUlpd2lkSGx3WlNJNklrcHpiMjVUWTJobGJXRldZV3hwWkdGMGIzSXlNREU0SW4wc0ltTnlaV1JsYm5ScFlXeFRkV0pxWldOMElqcDdJbWxrSWpvaVpHbGtPbXRsZVRwNk5rMXJjVlkwTkRSalkwSlpURVJyU0VGQ1JFRmpSVlZVVFZGVGRYWmxjM2x4UjJkbE5sUTNPRXBWTm04ME0wY2lMQ0poZDJGeVpHbHVaMDl3Y0c5eWRIVnVhWFI1SWpwN0ltRjNZWEprYVc1blFtOWtlU0k2ZXlKbGFXUmhjMHhsWjJGc1NXUmxiblJwWm1sbGNpSTZJbFZ1YTI1dmQyNGlMQ0pvYjIxbGNHRm5aU0k2SW1oMGRIQnpPaTh2YkdWaGMzUnZiaTVpWTJScGNHeHZiV0V1WTI5dEx5SXNJbWxrSWpvaVpHbGtPbVZpYzJrNk1rRTVRbG81VTFWbE5rSmhkR0ZqVTNCMmN6RldOVU5rYWtoMlRIQlJOMkpGYzJreVNtSTJUR1JJUzI1UmVHRk9JaXdpY0hKbFptVnljbVZrVG1GdFpTSTZJa3hsWVhOMGIyNGdWVzVwZG1WeWMybDBlU0lzSW5KbFoybHpkSEpoZEdsdmJpSTZJakExT1Rjd05qVktJbjBzSW1WdVpHVmtRWFJVYVcxbElqb2lNakF5TUMwd05pMHlObFF3TURvd01Eb3dNRm9pTENKcFpDSTZJbWgwZEhCek9pOHZiR1ZoYzNSdmJpNWlZMlJwY0d4dmJXRXVZMjl0TDJ4aGR5MWxZMjl1YjIxcFkzTXRiV0Z1WVdkbGJXVnVkQ05CZDJGeVpHbHVaMDl3Y0c5eWRIVnVhWFI1SWl3aWFXUmxiblJwWm1sbGNpSTZJbWgwZEhCek9pOHZZMlZ5ZEdsbWFXTmhkR1V0WkdWdGJ5NWlZMlJwY0d4dmJXRXVZMjl0TDJOb1pXTnJMemczUlVReVJqSXlOekJGTmtNME1UUTFOa1U1TkVJNE5rSTVSRGt4TVRWQ05FVXpOVUpEUTBGRU1qQXdRVFE1UWpnME5qVTVNa014TkVZM09VTTROa0pXTVVadVlteHNkR0V3VGxwVWJrcHJVak5zUkZkc1VtMVVSR3hUVWxWS1JWWkdXa2xUYlU1dFdYcEthRlZWTlhOYVZVbzFXakpHU2xOSWNGZGliVnBhSWl3aWJHOWpZWFJwYjI0aU9pSkdVa0ZPUTBVaUxDSnpkR0Z5ZEdWa1FYUlVhVzFsSWpvaU1qQXhPUzB3T1Mwd01sUXdNRG93TURvd01Gb2lmU3dpWkdGMFpVOW1RbWx5ZEdnaU9pSXhPVGt6TFRBMExUQTRJaXdpWm1GdGFXeDVUbUZ0WlNJNklrUlBSU0lzSW1kcGRtVnVUbUZ0WlhNaU9pSktZVzVsSWl3aVozSmhaR2x1WjFOamFHVnRaU0k2ZXlKcFpDSTZJbWgwZEhCek9pOHZiR1ZoYzNSdmJpNWlZMlJwY0d4dmJXRXVZMjl0TDJ4aGR5MWxZMjl1YjIxcFkzTXRiV0Z1WVdkbGJXVnVkQ05IY21Ga2FXNW5VMk5vWlcxbElpd2lkR2wwYkdVaU9pSk1iM2RsY2lCVFpXTnZibVF0UTJ4aGMzTWdTRzl1YjNWeWN5SjlMQ0pwWkdWdWRHbG1hV1Z5SWpvaU1Ea3dOREF3T0RBNE5FZ2lMQ0pzWldGeWJtbHVaMEZqYUdsbGRtVnRaVzUwSWpwN0ltRmtaR2wwYVc5dVlXeE9iM1JsSWpwYklrUkpVMVJTU1VKVlZFbFBUaUJOUVU1QlIwVk5SVTVVSWwwc0ltUmxjMk55YVhCMGFXOXVJam9pVFVGU1MwVlVTVTVISUVGT1JDQlRRVXhGVXlJc0ltbGtJam9pYUhSMGNITTZMeTlzWldGemRHOXVMbUpqWkdsd2JHOXRZUzVqYjIwdmJHRjNMV1ZqYjI1dmJXbGpjeTF0WVc1aFoyVnRaVzUwSTB4bFlYSnVhVzVuUVdOb2FXVjJiV1Z1ZENJc0luUnBkR3hsSWpvaVRVRlRWRVZTVXlCTVFWY3NJRVZEVDA1UFRVbERVeUJCVGtRZ1RVRk9RVWRGVFVWT1ZDSjlMQ0pzWldGeWJtbHVaMU53WldOcFptbGpZWFJwYjI0aU9uc2laV04wYzBOeVpXUnBkRkJ2YVc1MGN5STZNVEl3TENKbGNXWk1aWFpsYkNJNk55d2lhV1FpT2lKb2RIUndjem92TDJ4bFlYTjBiMjR1WW1Oa2FYQnNiMjFoTG1OdmJTOXNZWGN0WldOdmJtOXRhV056TFcxaGJtRm5aVzFsYm5RalRHVmhjbTVwYm1kVGNHVmphV1pwWTJGMGFXOXVJaXdpYVhOalpXUm1RMjlrWlNJNld5STNJbDBzSW01eFpreGxkbVZzSWpwYklqY2lYWDE5TENKamNtVmtaVzUwYVdGc1UzUmhkSFZ6SWpwN0ltbGtJam9pYUhSMGNITTZMeTlsYzNOcFppNWxkWEp2Y0dFdVpYVXZjM1JoZEhWekwyVmtkV05oZEdsdmJpTm9hV2RvWlhKRlpIVmpZWFJwYjI0ak16a3lZV00zWmpZdE16azVZUzAwTXpkaUxXRXlOamd0TkRZNU1XVmhaRGhtTVRjMklpd2lkSGx3WlNJNklrTnlaV1JsYm5ScFlXeFRkR0YwZFhOTWFYTjBNakF5TUNKOUxDSmxkbWxrWlc1alpTSTZleUprYjJOMWJXVnVkRkJ5WlhObGJtTmxJanBiSWxCb2VYTnBZMkZzSWwwc0ltVjJhV1JsYm1ObFJHOWpkVzFsYm5RaU9sc2lVR0Z6YzNCdmNuUWlYU3dpYVdRaU9pSm9kSFJ3Y3pvdkwyVnpjMmxtTG1WMWNtOXdZUzVsZFM5MGMzSXRkbUV2WlhacFpHVnVZMlV2WmpKaFpXVmpPVGN0Wm1Nd1pDMDBNbUptTFRoallUY3RNRFUwT0RFNU1tUTFOamM0SWl3aWMzVmlhbVZqZEZCeVpYTmxibU5sSWpvaVVHaDVjMmxqWVd3aUxDSjBlWEJsSWpwYklrUnZZM1Z0Wlc1MFZtVnlhV1pwWTJGMGFXOXVJbDBzSW5abGNtbG1hV1Z5SWpvaVpHbGtPbVZpYzJrNk1qazJNbVppTnpnMFpHWTJNV0poWVRJMk4yTTRNVE15TkRrM05UTTVaamhqTmpjMFlqTTNZekV5TkRSaE4yRWlmWDBzSW1wMGFTSTZJblZ5YmpwMWRXbGtPalZrWlRabE1XRTNMVFZtWWpRdE5ETXpaaTFpT1RRMExUbGhZakV3TVRVMk1qQTNZaUo5Lnp3eXJ5bzA0MHhrRlBIejhYcEZmMXFfaDJXanNZdTRjM0dnc2JoR1M0d1BDMk9zaGkxT3BydTNUQXZtMWREb0hES2wyQ1lGTjNoYS1ZLXFlZjJhekR3Il19LCJpYXQiOjE3MjYxMzM5ODMsIm5vbmNlIjoiYWJjZCIsImp0aSI6InVybjp1dWlkOjY0MThhMzc5LTg4MTMtNDQ4NS1hMTk5LTlmMjEzOWNjZmRhMiJ9.2h9-c5bLNqkX4wXIrfRbpEwUXWtjV3GeOmQrAZkSAyztMOtBWZnE6R7TiNKSJ5vW-WBhykTdvhF9XNA_-uNKAw
Generated: did:key:z6MkgKGQomdNPWtX2Df2b616KoDAoo4GRod8rUokZZmVSMVa
Created VP: eyJraWQiOiJkaWQ6a2V5Ono2TWtnS0dRb21kTlBXdFgyRGYyYjYxNktvREFvbzRHUm9kOHJVb2taWm1WU01WYSN6Nk1rZ0tHUW9tZE5QV3RYMkRmMmI2MTZLb0RBb280R1JvZDhyVW9rWlptVlNNVmEiLCJ0eXAiOiJKV1QiLCJhbGciOiJFZERTQSJ9.eyJzdWIiOiJkaWQ6a2V5Ono2TWtnS0dRb21kTlBXdFgyRGYyYjYxNktvREFvbzRHUm9kOHJVb2taWm1WU01WYSIsImF1ZCI6ImRpZDprZXk6ejZNa2dLR1FvbWROUFd0WDJEZjJiNjE2S29EQW9vNEdSb2Q4clVva1pabVZTTVZhIiwibmJmIjoxNzI2MTMzOTgzLCJpc3MiOiJkaWQ6a2V5Ono2TWtnS0dRb21kTlBXdFgyRGYyYjYxNktvREFvbzRHUm9kOHJVb2taWm1WU01WYSIsInZwIjp7InR5cGUiOlsiVmVyaWZpYWJsZVByZXNlbnRhdGlvbiJdLCJAY29udGV4dCI6WyJodHRwczovL3d3dy53My5vcmcvMjAxOC9jcmVkZW50aWFscy92MSJdLCJpZCI6InVybjp1dWlkOjc4NGFjYzcxLTgyYzctNDQ2My04OGVlLThhNzQwYmUxZmRhYiIsImhvbGRlciI6ImRpZDprZXk6ejZNa2dLR1FvbWROUFd0WDJEZjJiNjE2S29EQW9vNEdSb2Q4clVva1pabVZTTVZhIiwidmVyaWZpYWJsZUNyZWRlbnRpYWwiOlsiZXlKcmFXUWlPaUprYVdRNmEyVjVPbm8yVFd0blMwZFJiMjFrVGxCWGRGZ3lSR1l5WWpZeE5rdHZSRUZ2YnpSSFVtOWtPSEpWYjJ0YVdtMVdVMDFXWVNONk5rMXJaMHRIVVc5dFpFNVFWM1JZTWtSbU1tSTJNVFpMYjBSQmIyODBSMUp2WkRoeVZXOXJXbHB0VmxOTlZtRWlMQ0owZVhBaU9pSktWMVFpTENKaGJHY2lPaUpGWkVSVFFTSjkuZXlKemRXSWlPaUprYVdRNmEyVjVPbm8yVFd0blMwZFJiMjFrVGxCWGRGZ3lSR1l5WWpZeE5rdHZSRUZ2YnpSSFVtOWtPSEpWYjJ0YVdtMVdVMDFXWVNJc0ltNWlaaUk2TVRjeU5qRXpNems0TXl3aWFYTnpJam9pWkdsa09tdGxlVHA2TmsxclowdEhVVzl0WkU1UVYzUllNa1JtTW1JMk1UWkxiMFJCYjI4MFIxSnZaRGh5Vlc5cldscHRWbE5OVm1FaUxDSnBZWFFpT2pFM01qWXhNek01T0RNc0luWmpJanA3SW5SNWNHVWlPbHNpVm1WeWFXWnBZV0pzWlVOeVpXUmxiblJwWVd3aUxDSldaWEpwWm1saFlteGxRWFIwWlhOMFlYUnBiMjRpTENKV1pYSnBabWxoWW14bFJHbHdiRzl0WVNKZExDSkFZMjl1ZEdWNGRDSTZXeUpvZEhSd2N6b3ZMM2QzZHk1M015NXZjbWN2TWpBeE9DOWpjbVZrWlc1MGFXRnNjeTkyTVNKZExDSnBaQ0k2SW5WeWJqcDFkV2xrT2pjM05qZG1ZalppTFdZd1lqY3ROREV4TnkxaVlqazJMVEU0WmpkaFkyVXpPVEkxTkNJc0ltbHpjM1ZsY2lJNkltUnBaRHByWlhrNmVqWk5hMmRMUjFGdmJXUk9VRmQwV0RKRVpqSmlOakUyUzI5RVFXOXZORWRTYjJRNGNsVnZhMXBhYlZaVFRWWmhJaXdpYVhOemRXRnVZMlZFWVhSbElqb2lNakF5TkMwd09TMHhNbFF3T1Rvek9UbzBNMW9pTENKcGMzTjFaV1FpT2lJeU1ESTBMVEE1TFRFeVZEQTVPak01T2pReldpSXNJblpoYkdsa1JuSnZiU0k2SWpJd01qUXRNRGt0TVRKVU1EazZNems2TkROYUlpd2laWGh3YVhKaGRHbHZia1JoZEdVaU9pSXlNREl5TFRBNExUTXhWREF3T2pBd09qQXdXaUlzSW1OeVpXUmxiblJwWVd4VFkyaGxiV0VpT25zaWFXUWlPaUpvZEhSd2N6b3ZMM0poZHk1bmFYUm9kV0oxYzJWeVkyOXVkR1Z1ZEM1amIyMHZkMkZzZEMxcFpDOTNZV3gwYVdRdGMzTnBhMmwwTFhaamJHbGlMMjFoYzNSbGNpOXpjbU12ZEdWemRDOXlaWE52ZFhKalpYTXZjMk5vWlcxaGN5OVdaWEpwWm1saFlteGxSR2x3Ykc5dFlTNXFjMjl1SWl3aWRIbHdaU0k2SWtwemIyNVRZMmhsYldGV1lXeHBaR0YwYjNJeU1ERTRJbjBzSW1OeVpXUmxiblJwWVd4VGRXSnFaV04wSWpwN0ltbGtJam9pWkdsa09tdGxlVHA2TmsxclowdEhVVzl0WkU1UVYzUllNa1JtTW1JMk1UWkxiMFJCYjI4MFIxSnZaRGh5Vlc5cldscHRWbE5OVm1FaUxDSmhkMkZ5WkdsdVowOXdjRzl5ZEhWdWFYUjVJanA3SW1GM1lYSmthVzVuUW05a2VTSTZleUpsYVdSaGMweGxaMkZzU1dSbGJuUnBabWxsY2lJNklsVnVhMjV2ZDI0aUxDSm9iMjFsY0dGblpTSTZJbWgwZEhCek9pOHZiR1ZoYzNSdmJpNWlZMlJwY0d4dmJXRXVZMjl0THlJc0ltbGtJam9pWkdsa09tVmljMms2TWtFNVFsbzVVMVZsTmtKaGRHRmpVM0IyY3pGV05VTmtha2gyVEhCUk4ySkZjMmt5U21JMlRHUklTMjVSZUdGT0lpd2ljSEpsWm1WeWNtVmtUbUZ0WlNJNklreGxZWE4wYjI0Z1ZXNXBkbVZ5YzJsMGVTSXNJbkpsWjJsemRISmhkR2x2YmlJNklqQTFPVGN3TmpWS0luMHNJbVZ1WkdWa1FYUlVhVzFsSWpvaU1qQXlNQzB3TmkweU5sUXdNRG93TURvd01Gb2lMQ0pwWkNJNkltaDBkSEJ6T2k4dmJHVmhjM1J2Ymk1aVkyUnBjR3h2YldFdVkyOXRMMnhoZHkxbFkyOXViMjFwWTNNdGJXRnVZV2RsYldWdWRDTkJkMkZ5WkdsdVowOXdjRzl5ZEhWdWFYUjVJaXdpYVdSbGJuUnBabWxsY2lJNkltaDBkSEJ6T2k4dlkyVnlkR2xtYVdOaGRHVXRaR1Z0Ynk1aVkyUnBjR3h2YldFdVkyOXRMMk5vWldOckx6ZzNSVVF5UmpJeU56QkZOa00wTVRRMU5rVTVORUk0TmtJNVJEa3hNVFZDTkVVek5VSkRRMEZFTWpBd1FUUTVRamcwTmpVNU1rTXhORVkzT1VNNE5rSldNVVp1WW14c2RHRXdUbHBVYmtwclVqTnNSRmRzVW0xVVJHeFRVbFZLUlZaR1drbFRiVTV0V1hwS2FGVlZOWE5hVlVvMVdqSkdTbE5JY0ZkaWJWcGFJaXdpYkc5allYUnBiMjRpT2lKR1VrRk9RMFVpTENKemRHRnlkR1ZrUVhSVWFXMWxJam9pTWpBeE9TMHdPUzB3TWxRd01Eb3dNRG93TUZvaWZTd2laR0YwWlU5bVFtbHlkR2dpT2lJeE9Ua3pMVEEwTFRBNElpd2labUZ0YVd4NVRtRnRaU0k2SWtSUFJTSXNJbWRwZG1WdVRtRnRaWE1pT2lKS1lXNWxJaXdpWjNKaFpHbHVaMU5qYUdWdFpTSTZleUpwWkNJNkltaDBkSEJ6T2k4dmJHVmhjM1J2Ymk1aVkyUnBjR3h2YldFdVkyOXRMMnhoZHkxbFkyOXViMjFwWTNNdGJXRnVZV2RsYldWdWRDTkhjbUZrYVc1blUyTm9aVzFsSWl3aWRHbDBiR1VpT2lKTWIzZGxjaUJUWldOdmJtUXRRMnhoYzNNZ1NHOXViM1Z5Y3lKOUxDSnBaR1Z1ZEdsbWFXVnlJam9pTURrd05EQXdPREE0TkVnaUxDSnNaV0Z5Ym1sdVowRmphR2xsZG1WdFpXNTBJanA3SW1Ga1pHbDBhVzl1WVd4T2IzUmxJanBiSWtSSlUxUlNTVUpWVkVsUFRpQk5RVTVCUjBWTlJVNVVJbDBzSW1SbGMyTnlhWEIwYVc5dUlqb2lUVUZTUzBWVVNVNUhJRUZPUkNCVFFVeEZVeUlzSW1sa0lqb2lhSFIwY0hNNkx5OXNaV0Z6ZEc5dUxtSmpaR2x3Ykc5dFlTNWpiMjB2YkdGM0xXVmpiMjV2YldsamN5MXRZVzVoWjJWdFpXNTBJMHhsWVhKdWFXNW5RV05vYVdWMmJXVnVkQ0lzSW5ScGRHeGxJam9pVFVGVFZFVlNVeUJNUVZjc0lFVkRUMDVQVFVsRFV5QkJUa1FnVFVGT1FVZEZUVVZPVkNKOUxDSnNaV0Z5Ym1sdVoxTndaV05wWm1sallYUnBiMjRpT25zaVpXTjBjME55WldScGRGQnZhVzUwY3lJNk1USXdMQ0psY1daTVpYWmxiQ0k2Tnl3aWFXUWlPaUpvZEhSd2N6b3ZMMnhsWVhOMGIyNHVZbU5rYVhCc2IyMWhMbU52YlM5c1lYY3RaV052Ym05dGFXTnpMVzFoYm1GblpXMWxiblFqVEdWaGNtNXBibWRUY0dWamFXWnBZMkYwYVc5dUlpd2lhWE5qWldSbVEyOWtaU0k2V3lJM0lsMHNJbTV4Wmt4bGRtVnNJanBiSWpjaVhYMTlMQ0pqY21Wa1pXNTBhV0ZzVTNSaGRIVnpJanA3SW1sa0lqb2lhSFIwY0hNNkx5OWxjM05wWmk1bGRYSnZjR0V1WlhVdmMzUmhkSFZ6TDJWa2RXTmhkR2x2YmlOb2FXZG9aWEpGWkhWallYUnBiMjRqTXpreVlXTTNaall0TXprNVlTMDBNemRpTFdFeU5qZ3RORFk1TVdWaFpEaG1NVGMySWl3aWRIbHdaU0k2SWtOeVpXUmxiblJwWVd4VGRHRjBkWE5NYVhOME1qQXlNQ0o5TENKbGRtbGtaVzVqWlNJNmV5SmtiMk4xYldWdWRGQnlaWE5sYm1ObElqcGJJbEJvZVhOcFkyRnNJbDBzSW1WMmFXUmxibU5sUkc5amRXMWxiblFpT2xzaVVHRnpjM0J2Y25RaVhTd2lhV1FpT2lKb2RIUndjem92TDJWemMybG1MbVYxY205d1lTNWxkUzkwYzNJdGRtRXZaWFpwWkdWdVkyVXZaakpoWldWak9UY3RabU13WkMwME1tSm1MVGhqWVRjdE1EVTBPREU1TW1RMU5qYzRJaXdpYzNWaWFtVmpkRkJ5WlhObGJtTmxJam9pVUdoNWMybGpZV3dpTENKMGVYQmxJanBiSWtSdlkzVnRaVzUwVm1WeWFXWnBZMkYwYVc5dUlsMHNJblpsY21sbWFXVnlJam9pWkdsa09tVmljMms2TWprMk1tWmlOemcwWkdZMk1XSmhZVEkyTjJNNE1UTXlORGszTlRNNVpqaGpOamMwWWpNM1l6RXlORFJoTjJFaWZYMHNJbXAwYVNJNkluVnlianAxZFdsa09qYzNOamRtWWpaaUxXWXdZamN0TkRFeE55MWlZamsyTFRFNFpqZGhZMlV6T1RJMU5DSjkuQ1k4a01tSktmLVJTcUNiWVRJNFIzTzUxMWtzM09CbFJtME53a2xiYktaZFFKRXJ1RW5HVW92MFRESWw5b0tSb3oxUG5saU96S08ybExqVTc3b3FmQ3ciXX0sImlhdCI6MTcyNjEzMzk4MywianRpIjoidXJuOnV1aWQ6Nzg0YWNjNzEtODJjNy00NDYzLTg4ZWUtOGE3NDBiZTFmZGFiIn0.YM70OEBW_HsTOQ8sm_Qg9AMVnottC12FxVeACEf_BKYca3NNBRS3spYRhh0WuxK0nH5bXi_luvWVHuIoSN4EDw
Generated: did:key:z6MkiG3i5G87tVrmp4zxmEnCHjQ435a4C5PbBPw1B3zqkCNy
]]></system-out>
  <system-err><![CDATA[8029 [pool-1-thread-1 @coroutine#206] DEBUG id.walt.services.keystore.HKVKeyStoreService - Storing key "7ac2be4e10334ac4be2ae2bb61950d85".
8029 [pool-1-thread-1 @coroutine#206] DEBUG id.walt.services.keystore.HKVKeyStoreService - Loading key "7ac2be4e10334ac4be2ae2bb61950d85".
8029 [pool-1-thread-1 @coroutine#206] DEBUG id.walt.model.DidUrl - Trying to create DidUrl from URL: "did:key:z6Mkta69mpgjcwH1M6WJ4VmzHbTAkTWfvKjUuPqpuijEEib4"...
8031 [pool-1-thread-1 @coroutine#206] DEBUG id.walt.services.keystore.HKVKeyStoreService - Loading key "7ac2be4e10334ac4be2ae2bb61950d85".
8031 [pool-1-thread-1 @coroutine#206] DEBUG id.walt.services.did.DidService - A key with the id "7ac2be4e10334ac4be2ae2bb61950d85" exists.
8031 [pool-1-thread-1 @coroutine#206] DEBUG id.walt.model.DidUrl - Trying to create DidUrl from URL: "did:key:z6Mkta69mpgjcwH1M6WJ4VmzHbTAkTWfvKjUuPqpuijEEib4"...
8031 [pool-1-thread-1 @coroutine#206] DEBUG id.walt.model.DidUrl - Trying to create DidUrl from URL: "did:key:z6Mkta69mpgjcwH1M6WJ4VmzHbTAkTWfvKjUuPqpuijEEib4"...
8031 [pool-1-thread-1 @coroutine#206] DEBUG id.walt.model.DidUrl - Trying to create DidUrl from URL: "did:key:z6Mkta69mpgjcwH1M6WJ4VmzHbTAkTWfvKjUuPqpuijEEib4"...
8032 [pool-1-thread-1 @coroutine#206] DEBUG id.walt.model.DidUrl - Trying to create DidUrl from URL: "did:key:z6Mkta69mpgjcwH1M6WJ4VmzHbTAkTWfvKjUuPqpuijEEib4"...
8032 [pool-1-thread-1 @coroutine#206] DEBUG id.walt.model.DidUrl - Trying to create DidUrl from URL: "did:key:z6Mkta69mpgjcwH1M6WJ4VmzHbTAkTWfvKjUuPqpuijEEib4"...
8032 [pool-1-thread-1 @coroutine#206] DEBUG id.walt.signatory.WaltIdSignatory - Signing credential with proof using LD_PROOF...
8032 [pool-1-thread-1 @coroutine#206] DEBUG id.walt.signatory.WaltIdSignatory - Signing credential with proof using LD_PROOF, credential is: {"type":["VerifiableCredential","VerifiableAttestation","VerifiableDiploma"],"@context":["https://www.w3.org/2018/credentials/v1"],"id":"urn:uuid:917eaf4e-1aed-4862-9f94-0b68a3453d5f","issuer":"did:key:z6Mkta69mpgjcwH1M6WJ4VmzHbTAkTWfvKjUuPqpuijEEib4","issuanceDate":"2024-09-12T09:39:43Z","issued":"2024-09-12T09:39:43Z","validFrom":"2024-09-12T09:39:43Z","expirationDate":"2022-08-31T00:00:00Z","credentialSchema":{"id":"https://raw.githubusercontent.com/walt-id/waltid-ssikit-vclib/master/src/test/resources/schemas/VerifiableDiploma.json","type":"JsonSchemaValidator2018"},"credentialSubject":{"id":"did:key:z6Mkta69mpgjcwH1M6WJ4VmzHbTAkTWfvKjUuPqpuijEEib4","awardingOpportunity":{"awardingBody":{"eidasLegalIdentifier":"Unknown","homepage":"https://leaston.bcdiploma.com/","id":"did:ebsi:2A9BZ9SUe6BatacSpvs1V5CdjHvLpQ7bEsi2Jb6LdHKnQxaN","preferredName":"Leaston University","registration":"0597065J"},"endedAtTime":"2020-06-26T00:00:00Z","id":"https://leaston.bcdiploma.com/law-economics-management#AwardingOpportunity","identifier":"https://certificate-demo.bcdiploma.com/check/87ED2F2270E6C41456E94B86B9D9115B4E35BCCAD200A49B846592C14F79C86BV1Fnbllta0NZTnJkR3lDWlRmTDlSRUJEVFZISmNmYzJhUU5sZUJ5Z2FJSHpWbmZZ","location":"FRANCE","startedAtTime":"2019-09-02T00:00:00Z"},"dateOfBirth":"1993-04-08","familyName":"DOE","givenNames":"Jane","gradingScheme":{"id":"https://leaston.bcdiploma.com/law-economics-management#GradingScheme","title":"Lower Second-Class Honours"},"identifier":"0904008084H","learningAchievement":{"additionalNote":["DISTRIBUTION MANAGEMENT"],"description":"MARKETING AND SALES","id":"https://leaston.bcdiploma.com/law-economics-management#LearningAchievment","title":"MASTERS LAW, ECONOMICS AND MANAGEMENT"},"learningSpecification":{"ectsCreditPoints":120,"eqfLevel":7,"id":"https://leaston.bcdiploma.com/law-economics-management#LearningSpecification","iscedfCode":["7"],"nqfLevel":["7"]}},"credentialStatus":{"id":"https://essif.europa.eu/status/education#higherEducation#392ac7f6-399a-437b-a268-4691ead8f176","type":"CredentialStatusList2020"},"evidence":{"documentPresence":["Physical"],"evidenceDocument":["Passport"],"id":"https://essif.europa.eu/tsr-va/evidence/f2aeec97-fc0d-42bf-8ca7-0548192d5678","subjectPresence":"Physical","type":["DocumentVerification"],"verifier":"did:ebsi:2962fb784df61baa267c8132497539f8c674b37c1244a7a"}}
8032 [pool-1-thread-1 @coroutine#206] DEBUG id.walt.services.vc.WaltIdJsonLdCredentialService - Signing jsonLd object with: issuerDid (did:key:z6Mkta69mpgjcwH1M6WJ4VmzHbTAkTWfvKjUuPqpuijEEib4), domain (null), nonce (null
8032 [pool-1-thread-1 @coroutine#206] DEBUG id.walt.services.keystore.HKVKeyStoreService - Loading key "did:key:z6Mkta69mpgjcwH1M6WJ4VmzHbTAkTWfvKjUuPqpuijEEib4#z6Mkta69mpgjcwH1M6WJ4VmzHbTAkTWfvKjUuPqpuijEEib4".
8032 [pool-1-thread-1 @coroutine#206] DEBUG id.walt.services.vc.WaltIdJsonLdCredentialService - Signing: {"type":["VerifiableCredential","VerifiableAttestation","VerifiableDiploma"],"@context":["https://www.w3.org/2018/credentials/v1"],"id":"urn:uuid:917eaf4e-1aed-4862-9f94-0b68a3453d5f","issuer":"did:key:z6Mkta69mpgjcwH1M6WJ4VmzHbTAkTWfvKjUuPqpuijEEib4","issuanceDate":"2024-09-12T09:39:43Z","issued":"2024-09-12T09:39:43Z","validFrom":"2024-09-12T09:39:43Z","expirationDate":"2022-08-31T00:00:00Z","credentialSchema":{"id":"https://raw.githubusercontent.com/walt-id/waltid-ssikit-vclib/master/src/test/resources/schemas/VerifiableDiploma.json","type":"JsonSchemaValidator2018"},"credentialSubject":{"id":"did:key:z6Mkta69mpgjcwH1M6WJ4VmzHbTAkTWfvKjUuPqpuijEEib4","awardingOpportunity":{"awardingBody":{"eidasLegalIdentifier":"Unknown","homepage":"https://leaston.bcdiploma.com/","id":"did:ebsi:2A9BZ9SUe6BatacSpvs1V5CdjHvLpQ7bEsi2Jb6LdHKnQxaN","preferredName":"Leaston University","registration":"0597065J"},"endedAtTime":"2020-06-26T00:00:00Z","id":"https://leaston.bcdiploma.com/law-economics-management#AwardingOpportunity","identifier":"https://certificate-demo.bcdiploma.com/check/87ED2F2270E6C41456E94B86B9D9115B4E35BCCAD200A49B846592C14F79C86BV1Fnbllta0NZTnJkR3lDWlRmTDlSRUJEVFZISmNmYzJhUU5sZUJ5Z2FJSHpWbmZZ","location":"FRANCE","startedAtTime":"2019-09-02T00:00:00Z"},"dateOfBirth":"1993-04-08","familyName":"DOE","givenNames":"Jane","gradingScheme":{"id":"https://leaston.bcdiploma.com/law-economics-management#GradingScheme","title":"Lower Second-Class Honours"},"identifier":"0904008084H","learningAchievement":{"additionalNote":["DISTRIBUTION MANAGEMENT"],"description":"MARKETING AND SALES","id":"https://leaston.bcdiploma.com/law-economics-management#LearningAchievment","title":"MASTERS LAW, ECONOMICS AND MANAGEMENT"},"learningSpecification":{"ectsCreditPoints":120,"eqfLevel":7,"id":"https://leaston.bcdiploma.com/law-economics-management#LearningSpecification","iscedfCode":["7"],"nqfLevel":["7"]}},"credentialStatus":{"id":"https://essif.europa.eu/status/education#higherEducation#392ac7f6-399a-437b-a268-4691ead8f176","type":"CredentialStatusList2020"},"evidence":{"documentPresence":["Physical"],"evidenceDocument":["Passport"],"id":"https://essif.europa.eu/tsr-va/evidence/f2aeec97-fc0d-42bf-8ca7-0548192d5678","subjectPresence":"Physical","type":["DocumentVerification"],"verifier":"did:ebsi:2962fb784df61baa267c8132497539f8c674b37c1244a7a"}}
Sep 12, 2024 11:39:43 AM com.apicatalog.jsonld.deseralization.JsonLdToRdf build
WARNING: Non well-formed subject [https://essif.europa.eu/status/education#higherEducation#392ac7f6-399a-437b-a268-4691ead8f176] has been skipped.
8035 [pool-1-thread-1 @coroutine#206] DEBUG id.walt.services.keystore.HKVKeyStoreService - Loading key "7ac2be4e10334ac4be2ae2bb61950d85".
8035 [pool-1-thread-1 @coroutine#206] DEBUG id.walt.services.keystore.HKVKeyStoreService - Loading key "7ac2be4e10334ac4be2ae2bb61950d85".
8035 [pool-1-thread-1 @coroutine#206] DEBUG id.walt.services.keystore.HKVKeyStoreService - Loading key "7ac2be4e10334ac4be2ae2bb61950d85".
8036 [pool-1-thread-1 @coroutine#206] DEBUG id.walt.signatory.WaltIdSignatory - Signed VC is: {
  "type" : [ "VerifiableCredential", "VerifiableAttestation", "VerifiableDiploma" ],
  "@context" : [ "https://www.w3.org/2018/credentials/v1", "https://w3id.org/security/suites/jws-2020/v1" ],
  "id" : "urn:uuid:917eaf4e-1aed-4862-9f94-0b68a3453d5f",
  "issuer" : "did:key:z6Mkta69mpgjcwH1M6WJ4VmzHbTAkTWfvKjUuPqpuijEEib4",
  "issuanceDate" : "2024-09-12T09:39:43Z",
  "issued" : "2024-09-12T09:39:43Z",
  "validFrom" : "2024-09-12T09:39:43Z",
  "expirationDate" : "2022-08-31T00:00:00Z",
  "credentialSchema" : {
    "id" : "https://raw.githubusercontent.com/walt-id/waltid-ssikit-vclib/master/src/test/resources/schemas/VerifiableDiploma.json",
    "type" : "JsonSchemaValidator2018"
  },
  "credentialSubject" : {
    "id" : "did:key:z6Mkta69mpgjcwH1M6WJ4VmzHbTAkTWfvKjUuPqpuijEEib4",
    "awardingOpportunity" : {
      "awardingBody" : {
        "eidasLegalIdentifier" : "Unknown",
        "homepage" : "https://leaston.bcdiploma.com/",
        "id" : "did:ebsi:2A9BZ9SUe6BatacSpvs1V5CdjHvLpQ7bEsi2Jb6LdHKnQxaN",
        "preferredName" : "Leaston University",
        "registration" : "0597065J"
      },
      "endedAtTime" : "2020-06-26T00:00:00Z",
      "id" : "https://leaston.bcdiploma.com/law-economics-management#AwardingOpportunity",
      "identifier" : "https://certificate-demo.bcdiploma.com/check/87ED2F2270E6C41456E94B86B9D9115B4E35BCCAD200A49B846592C14F79C86BV1Fnbllta0NZTnJkR3lDWlRmTDlSRUJEVFZISmNmYzJhUU5sZUJ5Z2FJSHpWbmZZ",
      "location" : "FRANCE",
      "startedAtTime" : "2019-09-02T00:00:00Z"
    },
    "dateOfBirth" : "1993-04-08",
    "familyName" : "DOE",
    "givenNames" : "Jane",
    "gradingScheme" : {
      "id" : "https://leaston.bcdiploma.com/law-economics-management#GradingScheme",
      "title" : "Lower Second-Class Honours"
    },
    "identifier" : "0904008084H",
    "learningAchievement" : {
      "additionalNote" : [ "DISTRIBUTION MANAGEMENT" ],
      "description" : "MARKETING AND SALES",
      "id" : "https://leaston.bcdiploma.com/law-economics-management#LearningAchievment",
      "title" : "MASTERS LAW, ECONOMICS AND MANAGEMENT"
    },
    "learningSpecification" : {
      "ectsCreditPoints" : 120,
      "eqfLevel" : 7,
      "id" : "https://leaston.bcdiploma.com/law-economics-management#LearningSpecification",
      "iscedfCode" : [ "7" ],
      "nqfLevel" : [ "7" ]
    }
  },
  "credentialStatus" : {
    "id" : "https://essif.europa.eu/status/education#higherEducation#392ac7f6-399a-437b-a268-4691ead8f176",
    "type" : "CredentialStatusList2020"
  },
  "evidence" : {
    "documentPresence" : [ "Physical" ],
    "evidenceDocument" : [ "Passport" ],
    "id" : "https://essif.europa.eu/tsr-va/evidence/f2aeec97-fc0d-42bf-8ca7-0548192d5678",
    "subjectPresence" : "Physical",
    "type" : [ "DocumentVerification" ],
    "verifier" : "did:ebsi:2962fb784df61baa267c8132497539f8c674b37c1244a7a"
  },
  "proof" : {
    "type" : "JsonWebSignature2020",
    "creator" : "did:key:z6Mkta69mpgjcwH1M6WJ4VmzHbTAkTWfvKjUuPqpuijEEib4",
    "created" : "2024-09-12T09:39:43Z",
    "verificationMethod" : "did:key:z6Mkta69mpgjcwH1M6WJ4VmzHbTAkTWfvKjUuPqpuijEEib4#z6Mkta69mpgjcwH1M6WJ4VmzHbTAkTWfvKjUuPqpuijEEib4",
    "jws" : "eyJiNjQiOmZhbHNlLCJjcml0IjpbImI2NCJdLCJhbGciOiJFZERTQSJ9..dXlCfUZkX0VYrvzXSCJ8f3iQ6sypRdAb5PNBoddtsG77Pv7yLv2bSif0S-oMhgmH5y66QBUyKuiUSgTiyo9lDA"
  }
}
8036 [pool-1-thread-1 @coroutine#206] DEBUG id.walt.model.DidUrl - Trying to create DidUrl from URL: "did:key:z6Mkta69mpgjcwH1M6WJ4VmzHbTAkTWfvKjUuPqpuijEEib4"...
8036 [pool-1-thread-1 @coroutine#206] DEBUG id.walt.model.DidUrl - Trying to create DidUrl from URL: "did:key:z6Mkta69mpgjcwH1M6WJ4VmzHbTAkTWfvKjUuPqpuijEEib4"...
8036 [pool-1-thread-1 @coroutine#206] DEBUG id.walt.signatory.WaltIdSignatory - Signing credential with proof using JWT...
8036 [pool-1-thread-1 @coroutine#206] DEBUG id.walt.signatory.WaltIdSignatory - Signing credential with proof using JWT, credential is: {"type":["VerifiableCredential","VerifiableAttestation","VerifiableDiploma"],"@context":["https://www.w3.org/2018/credentials/v1"],"id":"urn:uuid:4dc9fa6f-bfbd-488e-983e-f0463b4b996c","issuer":"did:key:z6Mkta69mpgjcwH1M6WJ4VmzHbTAkTWfvKjUuPqpuijEEib4","issuanceDate":"2024-09-12T09:39:43Z","issued":"2024-09-12T09:39:43Z","validFrom":"2024-09-12T09:39:43Z","expirationDate":"2022-08-31T00:00:00Z","credentialSchema":{"id":"https://raw.githubusercontent.com/walt-id/waltid-ssikit-vclib/master/src/test/resources/schemas/VerifiableDiploma.json","type":"JsonSchemaValidator2018"},"credentialSubject":{"id":"did:key:z6Mkta69mpgjcwH1M6WJ4VmzHbTAkTWfvKjUuPqpuijEEib4","awardingOpportunity":{"awardingBody":{"eidasLegalIdentifier":"Unknown","homepage":"https://leaston.bcdiploma.com/","id":"did:ebsi:2A9BZ9SUe6BatacSpvs1V5CdjHvLpQ7bEsi2Jb6LdHKnQxaN","preferredName":"Leaston University","registration":"0597065J"},"endedAtTime":"2020-06-26T00:00:00Z","id":"https://leaston.bcdiploma.com/law-economics-management#AwardingOpportunity","identifier":"https://certificate-demo.bcdiploma.com/check/87ED2F2270E6C41456E94B86B9D9115B4E35BCCAD200A49B846592C14F79C86BV1Fnbllta0NZTnJkR3lDWlRmTDlSRUJEVFZISmNmYzJhUU5sZUJ5Z2FJSHpWbmZZ","location":"FRANCE","startedAtTime":"2019-09-02T00:00:00Z"},"dateOfBirth":"1993-04-08","familyName":"DOE","givenNames":"Jane","gradingScheme":{"id":"https://leaston.bcdiploma.com/law-economics-management#GradingScheme","title":"Lower Second-Class Honours"},"identifier":"0904008084H","learningAchievement":{"additionalNote":["DISTRIBUTION MANAGEMENT"],"description":"MARKETING AND SALES","id":"https://leaston.bcdiploma.com/law-economics-management#LearningAchievment","title":"MASTERS LAW, ECONOMICS AND MANAGEMENT"},"learningSpecification":{"ectsCreditPoints":120,"eqfLevel":7,"id":"https://leaston.bcdiploma.com/law-economics-management#LearningSpecification","iscedfCode":["7"],"nqfLevel":["7"]}},"credentialStatus":{"id":"https://essif.europa.eu/status/education#higherEducation#392ac7f6-399a-437b-a268-4691ead8f176","type":"CredentialStatusList2020"},"evidence":{"documentPresence":["Physical"],"evidenceDocument":["Passport"],"id":"https://essif.europa.eu/tsr-va/evidence/f2aeec97-fc0d-42bf-8ca7-0548192d5678","subjectPresence":"Physical","type":["DocumentVerification"],"verifier":"did:ebsi:2962fb784df61baa267c8132497539f8c674b37c1244a7a"}}
8036 [pool-1-thread-1 @coroutine#206] DEBUG id.walt.services.vc.WaltIdJwtCredentialService - Signing JWT object with config: ProofConfig(issuerDid=did:key:z6Mkta69mpgjcwH1M6WJ4VmzHbTAkTWfvKjUuPqpuijEEib4, subjectDid=did:key:z6Mkta69mpgjcwH1M6WJ4VmzHbTAkTWfvKjUuPqpuijEEib4, verifierDid=null, issuerVerificationMethod=did:key:z6Mkta69mpgjcwH1M6WJ4VmzHbTAkTWfvKjUuPqpuijEEib4#z6Mkta69mpgjcwH1M6WJ4VmzHbTAkTWfvKjUuPqpuijEEib4, proofType=JWT, domain=null, nonce=null, proofPurpose=null, credentialId=urn:uuid:4dc9fa6f-bfbd-488e-983e-f0463b4b996c, issueDate=2024-09-12T09:39:43.256221152Z, validDate=2024-09-12T09:39:43.256222905Z, expirationDate=null, dataProviderIdentifier=null, ldSignatureType=null, creator=did:key:z6Mkta69mpgjcwH1M6WJ4VmzHbTAkTWfvKjUuPqpuijEEib4, ecosystem=DEFAULT, statusType=null, statusPurpose=revocation, credentialsEndpoint=null, selectiveDisclosure=null)
8036 [pool-1-thread-1 @coroutine#206] DEBUG id.walt.services.vc.WaltIdJwtCredentialService - Signing: {"sub":"did:key:z6Mkta69mpgjcwH1M6WJ4VmzHbTAkTWfvKjUuPqpuijEEib4","nbf":1726133983,"iss":"did:key:z6Mkta69mpgjcwH1M6WJ4VmzHbTAkTWfvKjUuPqpuijEEib4","iat":1726133983,"vc":{"type":["VerifiableCredential","VerifiableAttestation","VerifiableDiploma"],"@context":["https://www.w3.org/2018/credentials/v1"],"id":"urn:uuid:4dc9fa6f-bfbd-488e-983e-f0463b4b996c","issuer":"did:key:z6Mkta69mpgjcwH1M6WJ4VmzHbTAkTWfvKjUuPqpuijEEib4","issuanceDate":"2024-09-12T09:39:43Z","issued":"2024-09-12T09:39:43Z","validFrom":"2024-09-12T09:39:43Z","expirationDate":"2022-08-31T00:00:00Z","credentialSchema":{"id":"https://raw.githubusercontent.com/walt-id/waltid-ssikit-vclib/master/src/test/resources/schemas/VerifiableDiploma.json","type":"JsonSchemaValidator2018"},"credentialSubject":{"id":"did:key:z6Mkta69mpgjcwH1M6WJ4VmzHbTAkTWfvKjUuPqpuijEEib4","awardingOpportunity":{"awardingBody":{"eidasLegalIdentifier":"Unknown","homepage":"https://leaston.bcdiploma.com/","id":"did:ebsi:2A9BZ9SUe6BatacSpvs1V5CdjHvLpQ7bEsi2Jb6LdHKnQxaN","preferredName":"Leaston University","registration":"0597065J"},"endedAtTime":"2020-06-26T00:00:00Z","id":"https://leaston.bcdiploma.com/law-economics-management#AwardingOpportunity","identifier":"https://certificate-demo.bcdiploma.com/check/87ED2F2270E6C41456E94B86B9D9115B4E35BCCAD200A49B846592C14F79C86BV1Fnbllta0NZTnJkR3lDWlRmTDlSRUJEVFZISmNmYzJhUU5sZUJ5Z2FJSHpWbmZZ","location":"FRANCE","startedAtTime":"2019-09-02T00:00:00Z"},"dateOfBirth":"1993-04-08","familyName":"DOE","givenNames":"Jane","gradingScheme":{"id":"https://leaston.bcdiploma.com/law-economics-management#GradingScheme","title":"Lower Second-Class Honours"},"identifier":"0904008084H","learningAchievement":{"additionalNote":["DISTRIBUTION MANAGEMENT"],"description":"MARKETING AND SALES","id":"https://leaston.bcdiploma.com/law-economics-management#LearningAchievment","title":"MASTERS LAW, ECONOMICS AND MANAGEMENT"},"learningSpecification":{"ectsCreditPoints":120,"eqfLevel":7,"id":"https://leaston.bcdiploma.com/law-economics-management#LearningSpecification","iscedfCode":["7"],"nqfLevel":["7"]}},"credentialStatus":{"id":"https://essif.europa.eu/status/education#higherEducation#392ac7f6-399a-437b-a268-4691ead8f176","type":"CredentialStatusList2020"},"evidence":{"documentPresence":["Physical"],"evidenceDocument":["Passport"],"id":"https://essif.europa.eu/tsr-va/evidence/f2aeec97-fc0d-42bf-8ca7-0548192d5678","subjectPresence":"Physical","type":["DocumentVerification"],"verifier":"did:ebsi:2962fb784df61baa267c8132497539f8c674b37c1244a7a"}},"jti":"urn:uuid:4dc9fa6f-bfbd-488e-983e-f0463b4b996c"}
8036 [pool-1-thread-1 @coroutine#206] DEBUG id.walt.services.keystore.HKVKeyStoreService - Loading key "did:key:z6Mkta69mpgjcwH1M6WJ4VmzHbTAkTWfvKjUuPqpuijEEib4#z6Mkta69mpgjcwH1M6WJ4VmzHbTAkTWfvKjUuPqpuijEEib4".
8037 [pool-1-thread-1 @coroutine#206] DEBUG id.walt.services.jwt.WaltIdJwtService - Signing JWT with algorithm: EdDSA_Ed25519
8037 [pool-1-thread-1 @coroutine#206] DEBUG id.walt.model.DidUrl - Trying to create DidUrl from URL: "did:key:z6Mkta69mpgjcwH1M6WJ4VmzHbTAkTWfvKjUuPqpuijEEib4#z6Mkta69mpgjcwH1M6WJ4VmzHbTAkTWfvKjUuPqpuijEEib4"...
8037 [pool-1-thread-1 @coroutine#206] DEBUG id.walt.services.keystore.HKVKeyStoreService - Loading key "7ac2be4e10334ac4be2ae2bb61950d85".
8037 [pool-1-thread-1 @coroutine#206] DEBUG id.walt.services.jwt.WaltIdJwtService - Signed JWT:  eyJraWQiOiJkaWQ6a2V5Ono2TWt0YTY5bXBnamN3SDFNNldKNFZtekhiVEFrVFdmdktqVXVQcXB1aWpFRWliNCN6Nk1rdGE2OW1wZ2pjd0gxTTZXSjRWbXpIYlRBa1RXZnZLalV1UHFwdWlqRUVpYjQiLCJ0eXAiOiJKV1QiLCJhbGciOiJFZERTQSJ9.eyJzdWIiOiJkaWQ6a2V5Ono2TWt0YTY5bXBnamN3SDFNNldKNFZtekhiVEFrVFdmdktqVXVQcXB1aWpFRWliNCIsIm5iZiI6MTcyNjEzMzk4MywiaXNzIjoiZGlkOmtleTp6Nk1rdGE2OW1wZ2pjd0gxTTZXSjRWbXpIYlRBa1RXZnZLalV1UHFwdWlqRUVpYjQiLCJpYXQiOjE3MjYxMzM5ODMsInZjIjp7InR5cGUiOlsiVmVyaWZpYWJsZUNyZWRlbnRpYWwiLCJWZXJpZmlhYmxlQXR0ZXN0YXRpb24iLCJWZXJpZmlhYmxlRGlwbG9tYSJdLCJAY29udGV4dCI6WyJodHRwczovL3d3dy53My5vcmcvMjAxOC9jcmVkZW50aWFscy92MSJdLCJpZCI6InVybjp1dWlkOjRkYzlmYTZmLWJmYmQtNDg4ZS05ODNlLWYwNDYzYjRiOTk2YyIsImlzc3VlciI6ImRpZDprZXk6ejZNa3RhNjltcGdqY3dIMU02V0o0Vm16SGJUQWtUV2Z2S2pVdVBxcHVpakVFaWI0IiwiaXNzdWFuY2VEYXRlIjoiMjAyNC0wOS0xMlQwOTozOTo0M1oiLCJpc3N1ZWQiOiIyMDI0LTA5LTEyVDA5OjM5OjQzWiIsInZhbGlkRnJvbSI6IjIwMjQtMDktMTJUMDk6Mzk6NDNaIiwiZXhwaXJhdGlvbkRhdGUiOiIyMDIyLTA4LTMxVDAwOjAwOjAwWiIsImNyZWRlbnRpYWxTY2hlbWEiOnsiaWQiOiJodHRwczovL3Jhdy5naXRodWJ1c2VyY29udGVudC5jb20vd2FsdC1pZC93YWx0aWQtc3Npa2l0LXZjbGliL21hc3Rlci9zcmMvdGVzdC9yZXNvdXJjZXMvc2NoZW1hcy9WZXJpZmlhYmxlRGlwbG9tYS5qc29uIiwidHlwZSI6Ikpzb25TY2hlbWFWYWxpZGF0b3IyMDE4In0sImNyZWRlbnRpYWxTdWJqZWN0Ijp7ImlkIjoiZGlkOmtleTp6Nk1rdGE2OW1wZ2pjd0gxTTZXSjRWbXpIYlRBa1RXZnZLalV1UHFwdWlqRUVpYjQiLCJhd2FyZGluZ09wcG9ydHVuaXR5Ijp7ImF3YXJkaW5nQm9keSI6eyJlaWRhc0xlZ2FsSWRlbnRpZmllciI6IlVua25vd24iLCJob21lcGFnZSI6Imh0dHBzOi8vbGVhc3Rvbi5iY2RpcGxvbWEuY29tLyIsImlkIjoiZGlkOmVic2k6MkE5Qlo5U1VlNkJhdGFjU3B2czFWNUNkakh2THBRN2JFc2kySmI2TGRIS25ReGFOIiwicHJlZmVycmVkTmFtZSI6IkxlYXN0b24gVW5pdmVyc2l0eSIsInJlZ2lzdHJhdGlvbiI6IjA1OTcwNjVKIn0sImVuZGVkQXRUaW1lIjoiMjAyMC0wNi0yNlQwMDowMDowMFoiLCJpZCI6Imh0dHBzOi8vbGVhc3Rvbi5iY2RpcGxvbWEuY29tL2xhdy1lY29ub21pY3MtbWFuYWdlbWVudCNBd2FyZGluZ09wcG9ydHVuaXR5IiwiaWRlbnRpZmllciI6Imh0dHBzOi8vY2VydGlmaWNhdGUtZGVtby5iY2RpcGxvbWEuY29tL2NoZWNrLzg3RUQyRjIyNzBFNkM0MTQ1NkU5NEI4NkI5RDkxMTVCNEUzNUJDQ0FEMjAwQTQ5Qjg0NjU5MkMxNEY3OUM4NkJWMUZuYmxsdGEwTlpUbkprUjNsRFdsUm1URGxTUlVKRVZGWklTbU5tWXpKaFVVNXNaVUo1WjJGSlNIcFdibVpaIiwibG9jYXRpb24iOiJGUkFOQ0UiLCJzdGFydGVkQXRUaW1lIjoiMjAxOS0wOS0wMlQwMDowMDowMFoifSwiZGF0ZU9mQmlydGgiOiIxOTkzLTA0LTA4IiwiZmFtaWx5TmFtZSI6IkRPRSIsImdpdmVuTmFtZXMiOiJKYW5lIiwiZ3JhZGluZ1NjaGVtZSI6eyJpZCI6Imh0dHBzOi8vbGVhc3Rvbi5iY2RpcGxvbWEuY29tL2xhdy1lY29ub21pY3MtbWFuYWdlbWVudCNHcmFkaW5nU2NoZW1lIiwidGl0bGUiOiJMb3dlciBTZWNvbmQtQ2xhc3MgSG9ub3VycyJ9LCJpZGVudGlmaWVyIjoiMDkwNDAwODA4NEgiLCJsZWFybmluZ0FjaGlldmVtZW50Ijp7ImFkZGl0aW9uYWxOb3RlIjpbIkRJU1RSSUJVVElPTiBNQU5BR0VNRU5UIl0sImRlc2NyaXB0aW9uIjoiTUFSS0VUSU5HIEFORCBTQUxFUyIsImlkIjoiaHR0cHM6Ly9sZWFzdG9uLmJjZGlwbG9tYS5jb20vbGF3LWVjb25vbWljcy1tYW5hZ2VtZW50I0xlYXJuaW5nQWNoaWV2bWVudCIsInRpdGxlIjoiTUFTVEVSUyBMQVcsIEVDT05PTUlDUyBBTkQgTUFOQUdFTUVOVCJ9LCJsZWFybmluZ1NwZWNpZmljYXRpb24iOnsiZWN0c0NyZWRpdFBvaW50cyI6MTIwLCJlcWZMZXZlbCI6NywiaWQiOiJodHRwczovL2xlYXN0b24uYmNkaXBsb21hLmNvbS9sYXctZWNvbm9taWNzLW1hbmFnZW1lbnQjTGVhcm5pbmdTcGVjaWZpY2F0aW9uIiwiaXNjZWRmQ29kZSI6WyI3Il0sIm5xZkxldmVsIjpbIjciXX19LCJjcmVkZW50aWFsU3RhdHVzIjp7ImlkIjoiaHR0cHM6Ly9lc3NpZi5ldXJvcGEuZXUvc3RhdHVzL2VkdWNhdGlvbiNoaWdoZXJFZHVjYXRpb24jMzkyYWM3ZjYtMzk5YS00MzdiLWEyNjgtNDY5MWVhZDhmMTc2IiwidHlwZSI6IkNyZWRlbnRpYWxTdGF0dXNMaXN0MjAyMCJ9LCJldmlkZW5jZSI6eyJkb2N1bWVudFByZXNlbmNlIjpbIlBoeXNpY2FsIl0sImV2aWRlbmNlRG9jdW1lbnQiOlsiUGFzc3BvcnQiXSwiaWQiOiJodHRwczovL2Vzc2lmLmV1cm9wYS5ldS90c3ItdmEvZXZpZGVuY2UvZjJhZWVjOTctZmMwZC00MmJmLThjYTctMDU0ODE5MmQ1Njc4Iiwic3ViamVjdFByZXNlbmNlIjoiUGh5c2ljYWwiLCJ0eXBlIjpbIkRvY3VtZW50VmVyaWZpY2F0aW9uIl0sInZlcmlmaWVyIjoiZGlkOmVic2k6Mjk2MmZiNzg0ZGY2MWJhYTI2N2M4MTMyNDk3NTM5ZjhjNjc0YjM3YzEyNDRhN2EifX0sImp0aSI6InVybjp1dWlkOjRkYzlmYTZmLWJmYmQtNDg4ZS05ODNlLWYwNDYzYjRiOTk2YyJ9.tnQ3aWzcFaTW57-DdvrxaYT2ECO6d3rJGH7xkm9ffW0wslHQQLHb74y6Defmi_FI_S9PreEQnZGNjUV-eeW2Cg
8037 [pool-1-thread-1 @coroutine#206] DEBUG id.walt.signatory.WaltIdSignatory - Signed VC is: eyJraWQiOiJkaWQ6a2V5Ono2TWt0YTY5bXBnamN3SDFNNldKNFZtekhiVEFrVFdmdktqVXVQcXB1aWpFRWliNCN6Nk1rdGE2OW1wZ2pjd0gxTTZXSjRWbXpIYlRBa1RXZnZLalV1UHFwdWlqRUVpYjQiLCJ0eXAiOiJKV1QiLCJhbGciOiJFZERTQSJ9.eyJzdWIiOiJkaWQ6a2V5Ono2TWt0YTY5bXBnamN3SDFNNldKNFZtekhiVEFrVFdmdktqVXVQcXB1aWpFRWliNCIsIm5iZiI6MTcyNjEzMzk4MywiaXNzIjoiZGlkOmtleTp6Nk1rdGE2OW1wZ2pjd0gxTTZXSjRWbXpIYlRBa1RXZnZLalV1UHFwdWlqRUVpYjQiLCJpYXQiOjE3MjYxMzM5ODMsInZjIjp7InR5cGUiOlsiVmVyaWZpYWJsZUNyZWRlbnRpYWwiLCJWZXJpZmlhYmxlQXR0ZXN0YXRpb24iLCJWZXJpZmlhYmxlRGlwbG9tYSJdLCJAY29udGV4dCI6WyJodHRwczovL3d3dy53My5vcmcvMjAxOC9jcmVkZW50aWFscy92MSJdLCJpZCI6InVybjp1dWlkOjRkYzlmYTZmLWJmYmQtNDg4ZS05ODNlLWYwNDYzYjRiOTk2YyIsImlzc3VlciI6ImRpZDprZXk6ejZNa3RhNjltcGdqY3dIMU02V0o0Vm16SGJUQWtUV2Z2S2pVdVBxcHVpakVFaWI0IiwiaXNzdWFuY2VEYXRlIjoiMjAyNC0wOS0xMlQwOTozOTo0M1oiLCJpc3N1ZWQiOiIyMDI0LTA5LTEyVDA5OjM5OjQzWiIsInZhbGlkRnJvbSI6IjIwMjQtMDktMTJUMDk6Mzk6NDNaIiwiZXhwaXJhdGlvbkRhdGUiOiIyMDIyLTA4LTMxVDAwOjAwOjAwWiIsImNyZWRlbnRpYWxTY2hlbWEiOnsiaWQiOiJodHRwczovL3Jhdy5naXRodWJ1c2VyY29udGVudC5jb20vd2FsdC1pZC93YWx0aWQtc3Npa2l0LXZjbGliL21hc3Rlci9zcmMvdGVzdC9yZXNvdXJjZXMvc2NoZW1hcy9WZXJpZmlhYmxlRGlwbG9tYS5qc29uIiwidHlwZSI6Ikpzb25TY2hlbWFWYWxpZGF0b3IyMDE4In0sImNyZWRlbnRpYWxTdWJqZWN0Ijp7ImlkIjoiZGlkOmtleTp6Nk1rdGE2OW1wZ2pjd0gxTTZXSjRWbXpIYlRBa1RXZnZLalV1UHFwdWlqRUVpYjQiLCJhd2FyZGluZ09wcG9ydHVuaXR5Ijp7ImF3YXJkaW5nQm9keSI6eyJlaWRhc0xlZ2FsSWRlbnRpZmllciI6IlVua25vd24iLCJob21lcGFnZSI6Imh0dHBzOi8vbGVhc3Rvbi5iY2RpcGxvbWEuY29tLyIsImlkIjoiZGlkOmVic2k6MkE5Qlo5U1VlNkJhdGFjU3B2czFWNUNkakh2THBRN2JFc2kySmI2TGRIS25ReGFOIiwicHJlZmVycmVkTmFtZSI6IkxlYXN0b24gVW5pdmVyc2l0eSIsInJlZ2lzdHJhdGlvbiI6IjA1OTcwNjVKIn0sImVuZGVkQXRUaW1lIjoiMjAyMC0wNi0yNlQwMDowMDowMFoiLCJpZCI6Imh0dHBzOi8vbGVhc3Rvbi5iY2RpcGxvbWEuY29tL2xhdy1lY29ub21pY3MtbWFuYWdlbWVudCNBd2FyZGluZ09wcG9ydHVuaXR5IiwiaWRlbnRpZmllciI6Imh0dHBzOi8vY2VydGlmaWNhdGUtZGVtby5iY2RpcGxvbWEuY29tL2NoZWNrLzg3RUQyRjIyNzBFNkM0MTQ1NkU5NEI4NkI5RDkxMTVCNEUzNUJDQ0FEMjAwQTQ5Qjg0NjU5MkMxNEY3OUM4NkJWMUZuYmxsdGEwTlpUbkprUjNsRFdsUm1URGxTUlVKRVZGWklTbU5tWXpKaFVVNXNaVUo1WjJGSlNIcFdibVpaIiwibG9jYXRpb24iOiJGUkFOQ0UiLCJzdGFydGVkQXRUaW1lIjoiMjAxOS0wOS0wMlQwMDowMDowMFoifSwiZGF0ZU9mQmlydGgiOiIxOTkzLTA0LTA4IiwiZmFtaWx5TmFtZSI6IkRPRSIsImdpdmVuTmFtZXMiOiJKYW5lIiwiZ3JhZGluZ1NjaGVtZSI6eyJpZCI6Imh0dHBzOi8vbGVhc3Rvbi5iY2RpcGxvbWEuY29tL2xhdy1lY29ub21pY3MtbWFuYWdlbWVudCNHcmFkaW5nU2NoZW1lIiwidGl0bGUiOiJMb3dlciBTZWNvbmQtQ2xhc3MgSG9ub3VycyJ9LCJpZGVudGlmaWVyIjoiMDkwNDAwODA4NEgiLCJsZWFybmluZ0FjaGlldmVtZW50Ijp7ImFkZGl0aW9uYWxOb3RlIjpbIkRJU1RSSUJVVElPTiBNQU5BR0VNRU5UIl0sImRlc2NyaXB0aW9uIjoiTUFSS0VUSU5HIEFORCBTQUxFUyIsImlkIjoiaHR0cHM6Ly9sZWFzdG9uLmJjZGlwbG9tYS5jb20vbGF3LWVjb25vbWljcy1tYW5hZ2VtZW50I0xlYXJuaW5nQWNoaWV2bWVudCIsInRpdGxlIjoiTUFTVEVSUyBMQVcsIEVDT05PTUlDUyBBTkQgTUFOQUdFTUVOVCJ9LCJsZWFybmluZ1NwZWNpZmljYXRpb24iOnsiZWN0c0NyZWRpdFBvaW50cyI6MTIwLCJlcWZMZXZlbCI6NywiaWQiOiJodHRwczovL2xlYXN0b24uYmNkaXBsb21hLmNvbS9sYXctZWNvbm9taWNzLW1hbmFnZW1lbnQjTGVhcm5pbmdTcGVjaWZpY2F0aW9uIiwiaXNjZWRmQ29kZSI6WyI3Il0sIm5xZkxldmVsIjpbIjciXX19LCJjcmVkZW50aWFsU3RhdHVzIjp7ImlkIjoiaHR0cHM6Ly9lc3NpZi5ldXJvcGEuZXUvc3RhdHVzL2VkdWNhdGlvbiNoaWdoZXJFZHVjYXRpb24jMzkyYWM3ZjYtMzk5YS00MzdiLWEyNjgtNDY5MWVhZDhmMTc2IiwidHlwZSI6IkNyZWRlbnRpYWxTdGF0dXNMaXN0MjAyMCJ9LCJldmlkZW5jZSI6eyJkb2N1bWVudFByZXNlbmNlIjpbIlBoeXNpY2FsIl0sImV2aWRlbmNlRG9jdW1lbnQiOlsiUGFzc3BvcnQiXSwiaWQiOiJodHRwczovL2Vzc2lmLmV1cm9wYS5ldS90c3ItdmEvZXZpZGVuY2UvZjJhZWVjOTctZmMwZC00MmJmLThjYTctMDU0ODE5MmQ1Njc4Iiwic3ViamVjdFByZXNlbmNlIjoiUGh5c2ljYWwiLCJ0eXBlIjpbIkRvY3VtZW50VmVyaWZpY2F0aW9uIl0sInZlcmlmaWVyIjoiZGlkOmVic2k6Mjk2MmZiNzg0ZGY2MWJhYTI2N2M4MTMyNDk3NTM5ZjhjNjc0YjM3YzEyNDRhN2EifX0sImp0aSI6InVybjp1dWlkOjRkYzlmYTZmLWJmYmQtNDg4ZS05ODNlLWYwNDYzYjRiOTk2YyJ9.tnQ3aWzcFaTW57-DdvrxaYT2ECO6d3rJGH7xkm9ffW0wslHQQLHb74y6Defmi_FI_S9PreEQnZGNjUV-eeW2Cg
8038 [pool-1-thread-1 @coroutine#206] DEBUG id.walt.services.vc.WaltIdJsonLdCredentialService - Creating a presentation for VCs:
[PresentableCredential(verifiableCredential={"type":["VerifiableCredential","VerifiableAttestation","VerifiableDiploma"],"@context":["https://www.w3.org/2018/credentials/v1","https://w3id.org/security/suites/jws-2020/v1"],"id":"urn:uuid:917eaf4e-1aed-4862-9f94-0b68a3453d5f","issuer":"did:key:z6Mkta69mpgjcwH1M6WJ4VmzHbTAkTWfvKjUuPqpuijEEib4","issuanceDate":"2024-09-12T09:39:43Z","issued":"2024-09-12T09:39:43Z","validFrom":"2024-09-12T09:39:43Z","expirationDate":"2022-08-31T00:00:00Z","proof":{"type":"JsonWebSignature2020","creator":"did:key:z6Mkta69mpgjcwH1M6WJ4VmzHbTAkTWfvKjUuPqpuijEEib4","created":"2024-09-12T09:39:43Z","verificationMethod":"did:key:z6Mkta69mpgjcwH1M6WJ4VmzHbTAkTWfvKjUuPqpuijEEib4#z6Mkta69mpgjcwH1M6WJ4VmzHbTAkTWfvKjUuPqpuijEEib4","jws":"eyJiNjQiOmZhbHNlLCJjcml0IjpbImI2NCJdLCJhbGciOiJFZERTQSJ9..dXlCfUZkX0VYrvzXSCJ8f3iQ6sypRdAb5PNBoddtsG77Pv7yLv2bSif0S-oMhgmH5y66QBUyKuiUSgTiyo9lDA"},"credentialSchema":{"id":"https://raw.githubusercontent.com/walt-id/waltid-ssikit-vclib/master/src/test/resources/schemas/VerifiableDiploma.json","type":"JsonSchemaValidator2018"},"credentialSubject":{"id":"did:key:z6Mkta69mpgjcwH1M6WJ4VmzHbTAkTWfvKjUuPqpuijEEib4","awardingOpportunity":{"awardingBody":{"eidasLegalIdentifier":"Unknown","homepage":"https://leaston.bcdiploma.com/","id":"did:ebsi:2A9BZ9SUe6BatacSpvs1V5CdjHvLpQ7bEsi2Jb6LdHKnQxaN","preferredName":"Leaston University","registration":"0597065J"},"endedAtTime":"2020-06-26T00:00:00Z","id":"https://leaston.bcdiploma.com/law-economics-management#AwardingOpportunity","identifier":"https://certificate-demo.bcdiploma.com/check/87ED2F2270E6C41456E94B86B9D9115B4E35BCCAD200A49B846592C14F79C86BV1Fnbllta0NZTnJkR3lDWlRmTDlSRUJEVFZISmNmYzJhUU5sZUJ5Z2FJSHpWbmZZ","location":"FRANCE","startedAtTime":"2019-09-02T00:00:00Z"},"dateOfBirth":"1993-04-08","familyName":"DOE","givenNames":"Jane","gradingScheme":{"id":"https://leaston.bcdiploma.com/law-economics-management#GradingScheme","title":"Lower Second-Class Honours"},"identifier":"0904008084H","learningAchievement":{"additionalNote":["DISTRIBUTION MANAGEMENT"],"description":"MARKETING AND SALES","id":"https://leaston.bcdiploma.com/law-economics-management#LearningAchievment","title":"MASTERS LAW, ECONOMICS AND MANAGEMENT"},"learningSpecification":{"ectsCreditPoints":120,"eqfLevel":7,"id":"https://leaston.bcdiploma.com/law-economics-management#LearningSpecification","iscedfCode":["7"],"nqfLevel":["7"]}},"credentialStatus":{"id":"https://essif.europa.eu/status/education#higherEducation#392ac7f6-399a-437b-a268-4691ead8f176","type":"CredentialStatusList2020"},"evidence":{"documentPresence":["Physical"],"evidenceDocument":["Passport"],"id":"https://essif.europa.eu/tsr-va/evidence/f2aeec97-fc0d-42bf-8ca7-0548192d5678","subjectPresence":"Physical","type":["DocumentVerification"],"verifier":"did:ebsi:2962fb784df61baa267c8132497539f8c674b37c1244a7a"}}, selectiveDisclosure=null, discloseAll=false)]
8038 [pool-1-thread-1 @coroutine#206] DEBUG id.walt.model.DidUrl - Trying to create DidUrl from URL: "did:key:z6Mkta69mpgjcwH1M6WJ4VmzHbTAkTWfvKjUuPqpuijEEib4"...
8038 [pool-1-thread-1 @coroutine#206] DEBUG id.walt.services.vc.WaltIdJsonLdCredentialService - Signing jsonLd object with: issuerDid (did:key:z6Mkta69mpgjcwH1M6WJ4VmzHbTAkTWfvKjUuPqpuijEEib4), domain (null), nonce (null
8038 [pool-1-thread-1 @coroutine#206] DEBUG id.walt.services.keystore.HKVKeyStoreService - Loading key "did:key:z6Mkta69mpgjcwH1M6WJ4VmzHbTAkTWfvKjUuPqpuijEEib4#z6Mkta69mpgjcwH1M6WJ4VmzHbTAkTWfvKjUuPqpuijEEib4".
8038 [pool-1-thread-1 @coroutine#206] DEBUG id.walt.services.vc.WaltIdJsonLdCredentialService - Signing: {"type":["VerifiablePresentation"],"@context":["https://www.w3.org/2018/credentials/v1"],"id":"urn:uuid:653688b8-91eb-470d-b90a-8ffab5fc33e5","holder":"did:key:z6Mkta69mpgjcwH1M6WJ4VmzHbTAkTWfvKjUuPqpuijEEib4","verifiableCredential":[{"type":["VerifiableCredential","VerifiableAttestation","VerifiableDiploma"],"@context":["https://www.w3.org/2018/credentials/v1","https://w3id.org/security/suites/jws-2020/v1"],"id":"urn:uuid:917eaf4e-1aed-4862-9f94-0b68a3453d5f","issuer":"did:key:z6Mkta69mpgjcwH1M6WJ4VmzHbTAkTWfvKjUuPqpuijEEib4","issuanceDate":"2024-09-12T09:39:43Z","issued":"2024-09-12T09:39:43Z","validFrom":"2024-09-12T09:39:43Z","expirationDate":"2022-08-31T00:00:00Z","proof":{"type":"JsonWebSignature2020","creator":"did:key:z6Mkta69mpgjcwH1M6WJ4VmzHbTAkTWfvKjUuPqpuijEEib4","created":"2024-09-12T09:39:43Z","verificationMethod":"did:key:z6Mkta69mpgjcwH1M6WJ4VmzHbTAkTWfvKjUuPqpuijEEib4#z6Mkta69mpgjcwH1M6WJ4VmzHbTAkTWfvKjUuPqpuijEEib4","jws":"eyJiNjQiOmZhbHNlLCJjcml0IjpbImI2NCJdLCJhbGciOiJFZERTQSJ9..dXlCfUZkX0VYrvzXSCJ8f3iQ6sypRdAb5PNBoddtsG77Pv7yLv2bSif0S-oMhgmH5y66QBUyKuiUSgTiyo9lDA"},"credentialSchema":{"id":"https://raw.githubusercontent.com/walt-id/waltid-ssikit-vclib/master/src/test/resources/schemas/VerifiableDiploma.json","type":"JsonSchemaValidator2018"},"credentialSubject":{"id":"did:key:z6Mkta69mpgjcwH1M6WJ4VmzHbTAkTWfvKjUuPqpuijEEib4","awardingOpportunity":{"awardingBody":{"eidasLegalIdentifier":"Unknown","homepage":"https://leaston.bcdiploma.com/","id":"did:ebsi:2A9BZ9SUe6BatacSpvs1V5CdjHvLpQ7bEsi2Jb6LdHKnQxaN","preferredName":"Leaston University","registration":"0597065J"},"endedAtTime":"2020-06-26T00:00:00Z","id":"https://leaston.bcdiploma.com/law-economics-management#AwardingOpportunity","identifier":"https://certificate-demo.bcdiploma.com/check/87ED2F2270E6C41456E94B86B9D9115B4E35BCCAD200A49B846592C14F79C86BV1Fnbllta0NZTnJkR3lDWlRmTDlSRUJEVFZISmNmYzJhUU5sZUJ5Z2FJSHpWbmZZ","location":"FRANCE","startedAtTime":"2019-09-02T00:00:00Z"},"dateOfBirth":"1993-04-08","familyName":"DOE","givenNames":"Jane","gradingScheme":{"id":"https://leaston.bcdiploma.com/law-economics-management#GradingScheme","title":"Lower Second-Class Honours"},"identifier":"0904008084H","learningAchievement":{"additionalNote":["DISTRIBUTION MANAGEMENT"],"description":"MARKETING AND SALES","id":"https://leaston.bcdiploma.com/law-economics-management#LearningAchievment","title":"MASTERS LAW, ECONOMICS AND MANAGEMENT"},"learningSpecification":{"ectsCreditPoints":120,"eqfLevel":7,"id":"https://leaston.bcdiploma.com/law-economics-management#LearningSpecification","iscedfCode":["7"],"nqfLevel":["7"]}},"credentialStatus":{"id":"https://essif.europa.eu/status/education#higherEducation#392ac7f6-399a-437b-a268-4691ead8f176","type":"CredentialStatusList2020"},"evidence":{"documentPresence":["Physical"],"evidenceDocument":["Passport"],"id":"https://essif.europa.eu/tsr-va/evidence/f2aeec97-fc0d-42bf-8ca7-0548192d5678","subjectPresence":"Physical","type":["DocumentVerification"],"verifier":"did:ebsi:2962fb784df61baa267c8132497539f8c674b37c1244a7a"}}]}
Sep 12, 2024 11:39:43 AM com.apicatalog.jsonld.deseralization.JsonLdToRdf build
WARNING: Non well-formed subject [https://essif.europa.eu/status/education#higherEducation#392ac7f6-399a-437b-a268-4691ead8f176] has been skipped.
8041 [pool-1-thread-1 @coroutine#206] DEBUG id.walt.services.keystore.HKVKeyStoreService - Loading key "7ac2be4e10334ac4be2ae2bb61950d85".
8041 [pool-1-thread-1 @coroutine#206] DEBUG id.walt.services.keystore.HKVKeyStoreService - Loading key "7ac2be4e10334ac4be2ae2bb61950d85".
8041 [pool-1-thread-1 @coroutine#206] DEBUG id.walt.services.keystore.HKVKeyStoreService - Loading key "7ac2be4e10334ac4be2ae2bb61950d85".
8042 [pool-1-thread-1 @coroutine#206] DEBUG id.walt.services.vc.WaltIdJsonLdCredentialService - VP created:{
  "type" : [ "VerifiablePresentation" ],
  "@context" : [ "https://www.w3.org/2018/credentials/v1", "https://w3id.org/security/suites/jws-2020/v1" ],
  "id" : "urn:uuid:653688b8-91eb-470d-b90a-8ffab5fc33e5",
  "holder" : "did:key:z6Mkta69mpgjcwH1M6WJ4VmzHbTAkTWfvKjUuPqpuijEEib4",
  "verifiableCredential" : [ {
    "type" : [ "VerifiableCredential", "VerifiableAttestation", "VerifiableDiploma" ],
    "@context" : [ "https://www.w3.org/2018/credentials/v1", "https://w3id.org/security/suites/jws-2020/v1" ],
    "id" : "urn:uuid:917eaf4e-1aed-4862-9f94-0b68a3453d5f",
    "issuer" : "did:key:z6Mkta69mpgjcwH1M6WJ4VmzHbTAkTWfvKjUuPqpuijEEib4",
    "issuanceDate" : "2024-09-12T09:39:43Z",
    "issued" : "2024-09-12T09:39:43Z",
    "validFrom" : "2024-09-12T09:39:43Z",
    "expirationDate" : "2022-08-31T00:00:00Z",
    "proof" : {
      "type" : "JsonWebSignature2020",
      "creator" : "did:key:z6Mkta69mpgjcwH1M6WJ4VmzHbTAkTWfvKjUuPqpuijEEib4",
      "created" : "2024-09-12T09:39:43Z",
      "verificationMethod" : "did:key:z6Mkta69mpgjcwH1M6WJ4VmzHbTAkTWfvKjUuPqpuijEEib4#z6Mkta69mpgjcwH1M6WJ4VmzHbTAkTWfvKjUuPqpuijEEib4",
      "jws" : "eyJiNjQiOmZhbHNlLCJjcml0IjpbImI2NCJdLCJhbGciOiJFZERTQSJ9..dXlCfUZkX0VYrvzXSCJ8f3iQ6sypRdAb5PNBoddtsG77Pv7yLv2bSif0S-oMhgmH5y66QBUyKuiUSgTiyo9lDA"
    },
    "credentialSchema" : {
      "id" : "https://raw.githubusercontent.com/walt-id/waltid-ssikit-vclib/master/src/test/resources/schemas/VerifiableDiploma.json",
      "type" : "JsonSchemaValidator2018"
    },
    "credentialSubject" : {
      "id" : "did:key:z6Mkta69mpgjcwH1M6WJ4VmzHbTAkTWfvKjUuPqpuijEEib4",
      "awardingOpportunity" : {
        "awardingBody" : {
          "eidasLegalIdentifier" : "Unknown",
          "homepage" : "https://leaston.bcdiploma.com/",
          "id" : "did:ebsi:2A9BZ9SUe6BatacSpvs1V5CdjHvLpQ7bEsi2Jb6LdHKnQxaN",
          "preferredName" : "Leaston University",
          "registration" : "0597065J"
        },
        "endedAtTime" : "2020-06-26T00:00:00Z",
        "id" : "https://leaston.bcdiploma.com/law-economics-management#AwardingOpportunity",
        "identifier" : "https://certificate-demo.bcdiploma.com/check/87ED2F2270E6C41456E94B86B9D9115B4E35BCCAD200A49B846592C14F79C86BV1Fnbllta0NZTnJkR3lDWlRmTDlSRUJEVFZISmNmYzJhUU5sZUJ5Z2FJSHpWbmZZ",
        "location" : "FRANCE",
        "startedAtTime" : "2019-09-02T00:00:00Z"
      },
      "dateOfBirth" : "1993-04-08",
      "familyName" : "DOE",
      "givenNames" : "Jane",
      "gradingScheme" : {
        "id" : "https://leaston.bcdiploma.com/law-economics-management#GradingScheme",
        "title" : "Lower Second-Class Honours"
      },
      "identifier" : "0904008084H",
      "learningAchievement" : {
        "additionalNote" : [ "DISTRIBUTION MANAGEMENT" ],
        "description" : "MARKETING AND SALES",
        "id" : "https://leaston.bcdiploma.com/law-economics-management#LearningAchievment",
        "title" : "MASTERS LAW, ECONOMICS AND MANAGEMENT"
      },
      "learningSpecification" : {
        "ectsCreditPoints" : 120,
        "eqfLevel" : 7,
        "id" : "https://leaston.bcdiploma.com/law-economics-management#LearningSpecification",
        "iscedfCode" : [ "7" ],
        "nqfLevel" : [ "7" ]
      }
    },
    "credentialStatus" : {
      "id" : "https://essif.europa.eu/status/education#higherEducation#392ac7f6-399a-437b-a268-4691ead8f176",
      "type" : "CredentialStatusList2020"
    },
    "evidence" : {
      "documentPresence" : [ "Physical" ],
      "evidenceDocument" : [ "Passport" ],
      "id" : "https://essif.europa.eu/tsr-va/evidence/f2aeec97-fc0d-42bf-8ca7-0548192d5678",
      "subjectPresence" : "Physical",
      "type" : [ "DocumentVerification" ],
      "verifier" : "did:ebsi:2962fb784df61baa267c8132497539f8c674b37c1244a7a"
    }
  } ],
  "proof" : {
    "type" : "JsonWebSignature2020",
    "creator" : "did:key:z6Mkta69mpgjcwH1M6WJ4VmzHbTAkTWfvKjUuPqpuijEEib4",
    "created" : "2024-09-12T09:39:43Z",
    "proofPurpose" : "authentication",
    "verificationMethod" : "did:key:z6Mkta69mpgjcwH1M6WJ4VmzHbTAkTWfvKjUuPqpuijEEib4#z6Mkta69mpgjcwH1M6WJ4VmzHbTAkTWfvKjUuPqpuijEEib4",
    "jws" : "eyJiNjQiOmZhbHNlLCJjcml0IjpbImI2NCJdLCJhbGciOiJFZERTQSJ9..YsatptgMRV_HRQAHIoXZJVWupS3MiZfQHbC0DudaF3g92xf2k_aA4HvFr2YVX3aL2Ke_YBkBskDfRUapsfK4DQ"
  }
}
8048 [pool-1-thread-1 @coroutine#207] DEBUG id.walt.services.keystore.HKVKeyStoreService - Storing key "4cdb55531e874d61be5f0dfa2134f118".
8048 [pool-1-thread-1 @coroutine#207] DEBUG id.walt.services.keystore.HKVKeyStoreService - Loading key "4cdb55531e874d61be5f0dfa2134f118".
8048 [pool-1-thread-1 @coroutine#207] DEBUG id.walt.model.DidUrl - Trying to create DidUrl from URL: "did:key:z6MkgbJc5Ene4Ez5aSFN1b3f1vFqtNvrM4YKCK7va7fHfkFb"...
8049 [pool-1-thread-1 @coroutine#207] DEBUG id.walt.services.keystore.HKVKeyStoreService - Loading key "4cdb55531e874d61be5f0dfa2134f118".
8049 [pool-1-thread-1 @coroutine#207] DEBUG id.walt.services.did.DidService - A key with the id "4cdb55531e874d61be5f0dfa2134f118" exists.
8049 [pool-1-thread-1 @coroutine#207] DEBUG id.walt.model.DidUrl - Trying to create DidUrl from URL: "did:key:z6MkgbJc5Ene4Ez5aSFN1b3f1vFqtNvrM4YKCK7va7fHfkFb"...
8050 [pool-1-thread-1 @coroutine#207] DEBUG id.walt.model.DidUrl - Trying to create DidUrl from URL: "did:key:z6MkgbJc5Ene4Ez5aSFN1b3f1vFqtNvrM4YKCK7va7fHfkFb"...
8050 [pool-1-thread-1 @coroutine#207] DEBUG id.walt.model.DidUrl - Trying to create DidUrl from URL: "did:key:z6MkgbJc5Ene4Ez5aSFN1b3f1vFqtNvrM4YKCK7va7fHfkFb"...
8050 [pool-1-thread-1 @coroutine#207] DEBUG id.walt.model.DidUrl - Trying to create DidUrl from URL: "did:key:z6MkgbJc5Ene4Ez5aSFN1b3f1vFqtNvrM4YKCK7va7fHfkFb"...
8050 [pool-1-thread-1 @coroutine#207] DEBUG id.walt.model.DidUrl - Trying to create DidUrl from URL: "did:key:z6MkgbJc5Ene4Ez5aSFN1b3f1vFqtNvrM4YKCK7va7fHfkFb"...
8050 [pool-1-thread-1 @coroutine#207] DEBUG id.walt.signatory.WaltIdSignatory - Signing credential with proof using LD_PROOF...
8050 [pool-1-thread-1 @coroutine#207] DEBUG id.walt.signatory.WaltIdSignatory - Signing credential with proof using LD_PROOF, credential is: {"type":["VerifiableCredential","VerifiableAttestation","VerifiableDiploma"],"@context":["https://www.w3.org/2018/credentials/v1"],"id":"urn:uuid:7515455c-4e01-4c2b-937f-30f21bd49060","issuer":"did:key:z6MkgbJc5Ene4Ez5aSFN1b3f1vFqtNvrM4YKCK7va7fHfkFb","issuanceDate":"2024-09-12T09:39:43Z","issued":"2024-09-12T09:39:43Z","validFrom":"2024-09-12T09:39:43Z","expirationDate":"2022-08-31T00:00:00Z","credentialSchema":{"id":"https://raw.githubusercontent.com/walt-id/waltid-ssikit-vclib/master/src/test/resources/schemas/VerifiableDiploma.json","type":"JsonSchemaValidator2018"},"credentialSubject":{"id":"did:key:z6MkgbJc5Ene4Ez5aSFN1b3f1vFqtNvrM4YKCK7va7fHfkFb","awardingOpportunity":{"awardingBody":{"eidasLegalIdentifier":"Unknown","homepage":"https://leaston.bcdiploma.com/","id":"did:ebsi:2A9BZ9SUe6BatacSpvs1V5CdjHvLpQ7bEsi2Jb6LdHKnQxaN","preferredName":"Leaston University","registration":"0597065J"},"endedAtTime":"2020-06-26T00:00:00Z","id":"https://leaston.bcdiploma.com/law-economics-management#AwardingOpportunity","identifier":"https://certificate-demo.bcdiploma.com/check/87ED2F2270E6C41456E94B86B9D9115B4E35BCCAD200A49B846592C14F79C86BV1Fnbllta0NZTnJkR3lDWlRmTDlSRUJEVFZISmNmYzJhUU5sZUJ5Z2FJSHpWbmZZ","location":"FRANCE","startedAtTime":"2019-09-02T00:00:00Z"},"dateOfBirth":"1993-04-08","familyName":"DOE","givenNames":"Jane","gradingScheme":{"id":"https://leaston.bcdiploma.com/law-economics-management#GradingScheme","title":"Lower Second-Class Honours"},"identifier":"0904008084H","learningAchievement":{"additionalNote":["DISTRIBUTION MANAGEMENT"],"description":"MARKETING AND SALES","id":"https://leaston.bcdiploma.com/law-economics-management#LearningAchievment","title":"MASTERS LAW, ECONOMICS AND MANAGEMENT"},"learningSpecification":{"ectsCreditPoints":120,"eqfLevel":7,"id":"https://leaston.bcdiploma.com/law-economics-management#LearningSpecification","iscedfCode":["7"],"nqfLevel":["7"]}},"credentialStatus":{"id":"https://essif.europa.eu/status/education#higherEducation#392ac7f6-399a-437b-a268-4691ead8f176","type":"CredentialStatusList2020"},"evidence":{"documentPresence":["Physical"],"evidenceDocument":["Passport"],"id":"https://essif.europa.eu/tsr-va/evidence/f2aeec97-fc0d-42bf-8ca7-0548192d5678","subjectPresence":"Physical","type":["DocumentVerification"],"verifier":"did:ebsi:2962fb784df61baa267c8132497539f8c674b37c1244a7a"}}
8050 [pool-1-thread-1 @coroutine#207] DEBUG id.walt.services.vc.WaltIdJsonLdCredentialService - Signing jsonLd object with: issuerDid (did:key:z6MkgbJc5Ene4Ez5aSFN1b3f1vFqtNvrM4YKCK7va7fHfkFb), domain (null), nonce (null
8051 [pool-1-thread-1 @coroutine#207] DEBUG id.walt.services.keystore.HKVKeyStoreService - Loading key "did:key:z6MkgbJc5Ene4Ez5aSFN1b3f1vFqtNvrM4YKCK7va7fHfkFb#z6MkgbJc5Ene4Ez5aSFN1b3f1vFqtNvrM4YKCK7va7fHfkFb".
8051 [pool-1-thread-1 @coroutine#207] DEBUG id.walt.services.vc.WaltIdJsonLdCredentialService - Signing: {"type":["VerifiableCredential","VerifiableAttestation","VerifiableDiploma"],"@context":["https://www.w3.org/2018/credentials/v1"],"id":"urn:uuid:7515455c-4e01-4c2b-937f-30f21bd49060","issuer":"did:key:z6MkgbJc5Ene4Ez5aSFN1b3f1vFqtNvrM4YKCK7va7fHfkFb","issuanceDate":"2024-09-12T09:39:43Z","issued":"2024-09-12T09:39:43Z","validFrom":"2024-09-12T09:39:43Z","expirationDate":"2022-08-31T00:00:00Z","credentialSchema":{"id":"https://raw.githubusercontent.com/walt-id/waltid-ssikit-vclib/master/src/test/resources/schemas/VerifiableDiploma.json","type":"JsonSchemaValidator2018"},"credentialSubject":{"id":"did:key:z6MkgbJc5Ene4Ez5aSFN1b3f1vFqtNvrM4YKCK7va7fHfkFb","awardingOpportunity":{"awardingBody":{"eidasLegalIdentifier":"Unknown","homepage":"https://leaston.bcdiploma.com/","id":"did:ebsi:2A9BZ9SUe6BatacSpvs1V5CdjHvLpQ7bEsi2Jb6LdHKnQxaN","preferredName":"Leaston University","registration":"0597065J"},"endedAtTime":"2020-06-26T00:00:00Z","id":"https://leaston.bcdiploma.com/law-economics-management#AwardingOpportunity","identifier":"https://certificate-demo.bcdiploma.com/check/87ED2F2270E6C41456E94B86B9D9115B4E35BCCAD200A49B846592C14F79C86BV1Fnbllta0NZTnJkR3lDWlRmTDlSRUJEVFZISmNmYzJhUU5sZUJ5Z2FJSHpWbmZZ","location":"FRANCE","startedAtTime":"2019-09-02T00:00:00Z"},"dateOfBirth":"1993-04-08","familyName":"DOE","givenNames":"Jane","gradingScheme":{"id":"https://leaston.bcdiploma.com/law-economics-management#GradingScheme","title":"Lower Second-Class Honours"},"identifier":"0904008084H","learningAchievement":{"additionalNote":["DISTRIBUTION MANAGEMENT"],"description":"MARKETING AND SALES","id":"https://leaston.bcdiploma.com/law-economics-management#LearningAchievment","title":"MASTERS LAW, ECONOMICS AND MANAGEMENT"},"learningSpecification":{"ectsCreditPoints":120,"eqfLevel":7,"id":"https://leaston.bcdiploma.com/law-economics-management#LearningSpecification","iscedfCode":["7"],"nqfLevel":["7"]}},"credentialStatus":{"id":"https://essif.europa.eu/status/education#higherEducation#392ac7f6-399a-437b-a268-4691ead8f176","type":"CredentialStatusList2020"},"evidence":{"documentPresence":["Physical"],"evidenceDocument":["Passport"],"id":"https://essif.europa.eu/tsr-va/evidence/f2aeec97-fc0d-42bf-8ca7-0548192d5678","subjectPresence":"Physical","type":["DocumentVerification"],"verifier":"did:ebsi:2962fb784df61baa267c8132497539f8c674b37c1244a7a"}}
Sep 12, 2024 11:39:43 AM com.apicatalog.jsonld.deseralization.JsonLdToRdf build
WARNING: Non well-formed subject [https://essif.europa.eu/status/education#higherEducation#392ac7f6-399a-437b-a268-4691ead8f176] has been skipped.
8053 [pool-1-thread-1 @coroutine#207] DEBUG id.walt.services.keystore.HKVKeyStoreService - Loading key "4cdb55531e874d61be5f0dfa2134f118".
8053 [pool-1-thread-1 @coroutine#207] DEBUG id.walt.services.keystore.HKVKeyStoreService - Loading key "4cdb55531e874d61be5f0dfa2134f118".
8053 [pool-1-thread-1 @coroutine#207] DEBUG id.walt.services.keystore.HKVKeyStoreService - Loading key "4cdb55531e874d61be5f0dfa2134f118".
8055 [pool-1-thread-1 @coroutine#207] DEBUG id.walt.signatory.WaltIdSignatory - Signed VC is: {
  "type" : [ "VerifiableCredential", "VerifiableAttestation", "VerifiableDiploma" ],
  "@context" : [ "https://www.w3.org/2018/credentials/v1", "https://w3id.org/security/suites/jws-2020/v1" ],
  "id" : "urn:uuid:7515455c-4e01-4c2b-937f-30f21bd49060",
  "issuer" : "did:key:z6MkgbJc5Ene4Ez5aSFN1b3f1vFqtNvrM4YKCK7va7fHfkFb",
  "issuanceDate" : "2024-09-12T09:39:43Z",
  "issued" : "2024-09-12T09:39:43Z",
  "validFrom" : "2024-09-12T09:39:43Z",
  "expirationDate" : "2022-08-31T00:00:00Z",
  "credentialSchema" : {
    "id" : "https://raw.githubusercontent.com/walt-id/waltid-ssikit-vclib/master/src/test/resources/schemas/VerifiableDiploma.json",
    "type" : "JsonSchemaValidator2018"
  },
  "credentialSubject" : {
    "id" : "did:key:z6MkgbJc5Ene4Ez5aSFN1b3f1vFqtNvrM4YKCK7va7fHfkFb",
    "awardingOpportunity" : {
      "awardingBody" : {
        "eidasLegalIdentifier" : "Unknown",
        "homepage" : "https://leaston.bcdiploma.com/",
        "id" : "did:ebsi:2A9BZ9SUe6BatacSpvs1V5CdjHvLpQ7bEsi2Jb6LdHKnQxaN",
        "preferredName" : "Leaston University",
        "registration" : "0597065J"
      },
      "endedAtTime" : "2020-06-26T00:00:00Z",
      "id" : "https://leaston.bcdiploma.com/law-economics-management#AwardingOpportunity",
      "identifier" : "https://certificate-demo.bcdiploma.com/check/87ED2F2270E6C41456E94B86B9D9115B4E35BCCAD200A49B846592C14F79C86BV1Fnbllta0NZTnJkR3lDWlRmTDlSRUJEVFZISmNmYzJhUU5sZUJ5Z2FJSHpWbmZZ",
      "location" : "FRANCE",
      "startedAtTime" : "2019-09-02T00:00:00Z"
    },
    "dateOfBirth" : "1993-04-08",
    "familyName" : "DOE",
    "givenNames" : "Jane",
    "gradingScheme" : {
      "id" : "https://leaston.bcdiploma.com/law-economics-management#GradingScheme",
      "title" : "Lower Second-Class Honours"
    },
    "identifier" : "0904008084H",
    "learningAchievement" : {
      "additionalNote" : [ "DISTRIBUTION MANAGEMENT" ],
      "description" : "MARKETING AND SALES",
      "id" : "https://leaston.bcdiploma.com/law-economics-management#LearningAchievment",
      "title" : "MASTERS LAW, ECONOMICS AND MANAGEMENT"
    },
    "learningSpecification" : {
      "ectsCreditPoints" : 120,
      "eqfLevel" : 7,
      "id" : "https://leaston.bcdiploma.com/law-economics-management#LearningSpecification",
      "iscedfCode" : [ "7" ],
      "nqfLevel" : [ "7" ]
    }
  },
  "credentialStatus" : {
    "id" : "https://essif.europa.eu/status/education#higherEducation#392ac7f6-399a-437b-a268-4691ead8f176",
    "type" : "CredentialStatusList2020"
  },
  "evidence" : {
    "documentPresence" : [ "Physical" ],
    "evidenceDocument" : [ "Passport" ],
    "id" : "https://essif.europa.eu/tsr-va/evidence/f2aeec97-fc0d-42bf-8ca7-0548192d5678",
    "subjectPresence" : "Physical",
    "type" : [ "DocumentVerification" ],
    "verifier" : "did:ebsi:2962fb784df61baa267c8132497539f8c674b37c1244a7a"
  },
  "proof" : {
    "type" : "JsonWebSignature2020",
    "creator" : "did:key:z6MkgbJc5Ene4Ez5aSFN1b3f1vFqtNvrM4YKCK7va7fHfkFb",
    "created" : "2024-09-12T09:39:43Z",
    "verificationMethod" : "did:key:z6MkgbJc5Ene4Ez5aSFN1b3f1vFqtNvrM4YKCK7va7fHfkFb#z6MkgbJc5Ene4Ez5aSFN1b3f1vFqtNvrM4YKCK7va7fHfkFb",
    "jws" : "eyJiNjQiOmZhbHNlLCJjcml0IjpbImI2NCJdLCJhbGciOiJFZERTQSJ9..Q6lIOlE4UNRwwk8zMEzoMhhF-Db49h7g-nyOHrBhTWSUTY5b1F9jvg-7o7BYvnsmbVNB0iGMvSykD-VRolGOBw"
  }
}
8055 [pool-1-thread-1 @coroutine#207] DEBUG id.walt.model.DidUrl - Trying to create DidUrl from URL: "did:key:z6MkgbJc5Ene4Ez5aSFN1b3f1vFqtNvrM4YKCK7va7fHfkFb"...
8055 [pool-1-thread-1 @coroutine#207] DEBUG id.walt.model.DidUrl - Trying to create DidUrl from URL: "did:key:z6MkgbJc5Ene4Ez5aSFN1b3f1vFqtNvrM4YKCK7va7fHfkFb"...
8055 [pool-1-thread-1 @coroutine#207] DEBUG id.walt.signatory.WaltIdSignatory - Signing credential with proof using JWT...
8055 [pool-1-thread-1 @coroutine#207] DEBUG id.walt.signatory.WaltIdSignatory - Signing credential with proof using JWT, credential is: {"type":["VerifiableCredential","VerifiableAttestation","VerifiableDiploma"],"@context":["https://www.w3.org/2018/credentials/v1"],"id":"urn:uuid:6b379e50-0017-4563-b66c-421f33599437","issuer":"did:key:z6MkgbJc5Ene4Ez5aSFN1b3f1vFqtNvrM4YKCK7va7fHfkFb","issuanceDate":"2024-09-12T09:39:43Z","issued":"2024-09-12T09:39:43Z","validFrom":"2024-09-12T09:39:43Z","expirationDate":"2022-08-31T00:00:00Z","credentialSchema":{"id":"https://raw.githubusercontent.com/walt-id/waltid-ssikit-vclib/master/src/test/resources/schemas/VerifiableDiploma.json","type":"JsonSchemaValidator2018"},"credentialSubject":{"id":"did:key:z6MkgbJc5Ene4Ez5aSFN1b3f1vFqtNvrM4YKCK7va7fHfkFb","awardingOpportunity":{"awardingBody":{"eidasLegalIdentifier":"Unknown","homepage":"https://leaston.bcdiploma.com/","id":"did:ebsi:2A9BZ9SUe6BatacSpvs1V5CdjHvLpQ7bEsi2Jb6LdHKnQxaN","preferredName":"Leaston University","registration":"0597065J"},"endedAtTime":"2020-06-26T00:00:00Z","id":"https://leaston.bcdiploma.com/law-economics-management#AwardingOpportunity","identifier":"https://certificate-demo.bcdiploma.com/check/87ED2F2270E6C41456E94B86B9D9115B4E35BCCAD200A49B846592C14F79C86BV1Fnbllta0NZTnJkR3lDWlRmTDlSRUJEVFZISmNmYzJhUU5sZUJ5Z2FJSHpWbmZZ","location":"FRANCE","startedAtTime":"2019-09-02T00:00:00Z"},"dateOfBirth":"1993-04-08","familyName":"DOE","givenNames":"Jane","gradingScheme":{"id":"https://leaston.bcdiploma.com/law-economics-management#GradingScheme","title":"Lower Second-Class Honours"},"identifier":"0904008084H","learningAchievement":{"additionalNote":["DISTRIBUTION MANAGEMENT"],"description":"MARKETING AND SALES","id":"https://leaston.bcdiploma.com/law-economics-management#LearningAchievment","title":"MASTERS LAW, ECONOMICS AND MANAGEMENT"},"learningSpecification":{"ectsCreditPoints":120,"eqfLevel":7,"id":"https://leaston.bcdiploma.com/law-economics-management#LearningSpecification","iscedfCode":["7"],"nqfLevel":["7"]}},"credentialStatus":{"id":"https://essif.europa.eu/status/education#higherEducation#392ac7f6-399a-437b-a268-4691ead8f176","type":"CredentialStatusList2020"},"evidence":{"documentPresence":["Physical"],"evidenceDocument":["Passport"],"id":"https://essif.europa.eu/tsr-va/evidence/f2aeec97-fc0d-42bf-8ca7-0548192d5678","subjectPresence":"Physical","type":["DocumentVerification"],"verifier":"did:ebsi:2962fb784df61baa267c8132497539f8c674b37c1244a7a"}}
8055 [pool-1-thread-1 @coroutine#207] DEBUG id.walt.services.vc.WaltIdJwtCredentialService - Signing JWT object with config: ProofConfig(issuerDid=did:key:z6MkgbJc5Ene4Ez5aSFN1b3f1vFqtNvrM4YKCK7va7fHfkFb, subjectDid=did:key:z6MkgbJc5Ene4Ez5aSFN1b3f1vFqtNvrM4YKCK7va7fHfkFb, verifierDid=null, issuerVerificationMethod=did:key:z6MkgbJc5Ene4Ez5aSFN1b3f1vFqtNvrM4YKCK7va7fHfkFb#z6MkgbJc5Ene4Ez5aSFN1b3f1vFqtNvrM4YKCK7va7fHfkFb, proofType=JWT, domain=null, nonce=null, proofPurpose=null, credentialId=urn:uuid:6b379e50-0017-4563-b66c-421f33599437, issueDate=2024-09-12T09:39:43.275174246Z, validDate=2024-09-12T09:39:43.275176430Z, expirationDate=null, dataProviderIdentifier=null, ldSignatureType=null, creator=did:key:z6MkgbJc5Ene4Ez5aSFN1b3f1vFqtNvrM4YKCK7va7fHfkFb, ecosystem=DEFAULT, statusType=null, statusPurpose=revocation, credentialsEndpoint=null, selectiveDisclosure=null)
8055 [pool-1-thread-1 @coroutine#207] DEBUG id.walt.services.vc.WaltIdJwtCredentialService - Signing: {"sub":"did:key:z6MkgbJc5Ene4Ez5aSFN1b3f1vFqtNvrM4YKCK7va7fHfkFb","nbf":1726133983,"iss":"did:key:z6MkgbJc5Ene4Ez5aSFN1b3f1vFqtNvrM4YKCK7va7fHfkFb","iat":1726133983,"vc":{"type":["VerifiableCredential","VerifiableAttestation","VerifiableDiploma"],"@context":["https://www.w3.org/2018/credentials/v1"],"id":"urn:uuid:6b379e50-0017-4563-b66c-421f33599437","issuer":"did:key:z6MkgbJc5Ene4Ez5aSFN1b3f1vFqtNvrM4YKCK7va7fHfkFb","issuanceDate":"2024-09-12T09:39:43Z","issued":"2024-09-12T09:39:43Z","validFrom":"2024-09-12T09:39:43Z","expirationDate":"2022-08-31T00:00:00Z","credentialSchema":{"id":"https://raw.githubusercontent.com/walt-id/waltid-ssikit-vclib/master/src/test/resources/schemas/VerifiableDiploma.json","type":"JsonSchemaValidator2018"},"credentialSubject":{"id":"did:key:z6MkgbJc5Ene4Ez5aSFN1b3f1vFqtNvrM4YKCK7va7fHfkFb","awardingOpportunity":{"awardingBody":{"eidasLegalIdentifier":"Unknown","homepage":"https://leaston.bcdiploma.com/","id":"did:ebsi:2A9BZ9SUe6BatacSpvs1V5CdjHvLpQ7bEsi2Jb6LdHKnQxaN","preferredName":"Leaston University","registration":"0597065J"},"endedAtTime":"2020-06-26T00:00:00Z","id":"https://leaston.bcdiploma.com/law-economics-management#AwardingOpportunity","identifier":"https://certificate-demo.bcdiploma.com/check/87ED2F2270E6C41456E94B86B9D9115B4E35BCCAD200A49B846592C14F79C86BV1Fnbllta0NZTnJkR3lDWlRmTDlSRUJEVFZISmNmYzJhUU5sZUJ5Z2FJSHpWbmZZ","location":"FRANCE","startedAtTime":"2019-09-02T00:00:00Z"},"dateOfBirth":"1993-04-08","familyName":"DOE","givenNames":"Jane","gradingScheme":{"id":"https://leaston.bcdiploma.com/law-economics-management#GradingScheme","title":"Lower Second-Class Honours"},"identifier":"0904008084H","learningAchievement":{"additionalNote":["DISTRIBUTION MANAGEMENT"],"description":"MARKETING AND SALES","id":"https://leaston.bcdiploma.com/law-economics-management#LearningAchievment","title":"MASTERS LAW, ECONOMICS AND MANAGEMENT"},"learningSpecification":{"ectsCreditPoints":120,"eqfLevel":7,"id":"https://leaston.bcdiploma.com/law-economics-management#LearningSpecification","iscedfCode":["7"],"nqfLevel":["7"]}},"credentialStatus":{"id":"https://essif.europa.eu/status/education#higherEducation#392ac7f6-399a-437b-a268-4691ead8f176","type":"CredentialStatusList2020"},"evidence":{"documentPresence":["Physical"],"evidenceDocument":["Passport"],"id":"https://essif.europa.eu/tsr-va/evidence/f2aeec97-fc0d-42bf-8ca7-0548192d5678","subjectPresence":"Physical","type":["DocumentVerification"],"verifier":"did:ebsi:2962fb784df61baa267c8132497539f8c674b37c1244a7a"}},"jti":"urn:uuid:6b379e50-0017-4563-b66c-421f33599437"}
8055 [pool-1-thread-1 @coroutine#207] DEBUG id.walt.services.keystore.HKVKeyStoreService - Loading key "did:key:z6MkgbJc5Ene4Ez5aSFN1b3f1vFqtNvrM4YKCK7va7fHfkFb#z6MkgbJc5Ene4Ez5aSFN1b3f1vFqtNvrM4YKCK7va7fHfkFb".
8055 [pool-1-thread-1 @coroutine#207] DEBUG id.walt.services.jwt.WaltIdJwtService - Signing JWT with algorithm: EdDSA_Ed25519
8055 [pool-1-thread-1 @coroutine#207] DEBUG id.walt.model.DidUrl - Trying to create DidUrl from URL: "did:key:z6MkgbJc5Ene4Ez5aSFN1b3f1vFqtNvrM4YKCK7va7fHfkFb#z6MkgbJc5Ene4Ez5aSFN1b3f1vFqtNvrM4YKCK7va7fHfkFb"...
8056 [pool-1-thread-1 @coroutine#207] DEBUG id.walt.services.keystore.HKVKeyStoreService - Loading key "4cdb55531e874d61be5f0dfa2134f118".
8056 [pool-1-thread-1 @coroutine#207] DEBUG id.walt.services.jwt.WaltIdJwtService - Signed JWT:  eyJraWQiOiJkaWQ6a2V5Ono2TWtnYkpjNUVuZTRFejVhU0ZOMWIzZjF2RnF0TnZyTTRZS0NLN3ZhN2ZIZmtGYiN6Nk1rZ2JKYzVFbmU0RXo1YVNGTjFiM2YxdkZxdE52ck00WUtDSzd2YTdmSGZrRmIiLCJ0eXAiOiJKV1QiLCJhbGciOiJFZERTQSJ9.eyJzdWIiOiJkaWQ6a2V5Ono2TWtnYkpjNUVuZTRFejVhU0ZOMWIzZjF2RnF0TnZyTTRZS0NLN3ZhN2ZIZmtGYiIsIm5iZiI6MTcyNjEzMzk4MywiaXNzIjoiZGlkOmtleTp6Nk1rZ2JKYzVFbmU0RXo1YVNGTjFiM2YxdkZxdE52ck00WUtDSzd2YTdmSGZrRmIiLCJpYXQiOjE3MjYxMzM5ODMsInZjIjp7InR5cGUiOlsiVmVyaWZpYWJsZUNyZWRlbnRpYWwiLCJWZXJpZmlhYmxlQXR0ZXN0YXRpb24iLCJWZXJpZmlhYmxlRGlwbG9tYSJdLCJAY29udGV4dCI6WyJodHRwczovL3d3dy53My5vcmcvMjAxOC9jcmVkZW50aWFscy92MSJdLCJpZCI6InVybjp1dWlkOjZiMzc5ZTUwLTAwMTctNDU2My1iNjZjLTQyMWYzMzU5OTQzNyIsImlzc3VlciI6ImRpZDprZXk6ejZNa2diSmM1RW5lNEV6NWFTRk4xYjNmMXZGcXROdnJNNFlLQ0s3dmE3Zkhma0ZiIiwiaXNzdWFuY2VEYXRlIjoiMjAyNC0wOS0xMlQwOTozOTo0M1oiLCJpc3N1ZWQiOiIyMDI0LTA5LTEyVDA5OjM5OjQzWiIsInZhbGlkRnJvbSI6IjIwMjQtMDktMTJUMDk6Mzk6NDNaIiwiZXhwaXJhdGlvbkRhdGUiOiIyMDIyLTA4LTMxVDAwOjAwOjAwWiIsImNyZWRlbnRpYWxTY2hlbWEiOnsiaWQiOiJodHRwczovL3Jhdy5naXRodWJ1c2VyY29udGVudC5jb20vd2FsdC1pZC93YWx0aWQtc3Npa2l0LXZjbGliL21hc3Rlci9zcmMvdGVzdC9yZXNvdXJjZXMvc2NoZW1hcy9WZXJpZmlhYmxlRGlwbG9tYS5qc29uIiwidHlwZSI6Ikpzb25TY2hlbWFWYWxpZGF0b3IyMDE4In0sImNyZWRlbnRpYWxTdWJqZWN0Ijp7ImlkIjoiZGlkOmtleTp6Nk1rZ2JKYzVFbmU0RXo1YVNGTjFiM2YxdkZxdE52ck00WUtDSzd2YTdmSGZrRmIiLCJhd2FyZGluZ09wcG9ydHVuaXR5Ijp7ImF3YXJkaW5nQm9keSI6eyJlaWRhc0xlZ2FsSWRlbnRpZmllciI6IlVua25vd24iLCJob21lcGFnZSI6Imh0dHBzOi8vbGVhc3Rvbi5iY2RpcGxvbWEuY29tLyIsImlkIjoiZGlkOmVic2k6MkE5Qlo5U1VlNkJhdGFjU3B2czFWNUNkakh2THBRN2JFc2kySmI2TGRIS25ReGFOIiwicHJlZmVycmVkTmFtZSI6IkxlYXN0b24gVW5pdmVyc2l0eSIsInJlZ2lzdHJhdGlvbiI6IjA1OTcwNjVKIn0sImVuZGVkQXRUaW1lIjoiMjAyMC0wNi0yNlQwMDowMDowMFoiLCJpZCI6Imh0dHBzOi8vbGVhc3Rvbi5iY2RpcGxvbWEuY29tL2xhdy1lY29ub21pY3MtbWFuYWdlbWVudCNBd2FyZGluZ09wcG9ydHVuaXR5IiwiaWRlbnRpZmllciI6Imh0dHBzOi8vY2VydGlmaWNhdGUtZGVtby5iY2RpcGxvbWEuY29tL2NoZWNrLzg3RUQyRjIyNzBFNkM0MTQ1NkU5NEI4NkI5RDkxMTVCNEUzNUJDQ0FEMjAwQTQ5Qjg0NjU5MkMxNEY3OUM4NkJWMUZuYmxsdGEwTlpUbkprUjNsRFdsUm1URGxTUlVKRVZGWklTbU5tWXpKaFVVNXNaVUo1WjJGSlNIcFdibVpaIiwibG9jYXRpb24iOiJGUkFOQ0UiLCJzdGFydGVkQXRUaW1lIjoiMjAxOS0wOS0wMlQwMDowMDowMFoifSwiZGF0ZU9mQmlydGgiOiIxOTkzLTA0LTA4IiwiZmFtaWx5TmFtZSI6IkRPRSIsImdpdmVuTmFtZXMiOiJKYW5lIiwiZ3JhZGluZ1NjaGVtZSI6eyJpZCI6Imh0dHBzOi8vbGVhc3Rvbi5iY2RpcGxvbWEuY29tL2xhdy1lY29ub21pY3MtbWFuYWdlbWVudCNHcmFkaW5nU2NoZW1lIiwidGl0bGUiOiJMb3dlciBTZWNvbmQtQ2xhc3MgSG9ub3VycyJ9LCJpZGVudGlmaWVyIjoiMDkwNDAwODA4NEgiLCJsZWFybmluZ0FjaGlldmVtZW50Ijp7ImFkZGl0aW9uYWxOb3RlIjpbIkRJU1RSSUJVVElPTiBNQU5BR0VNRU5UIl0sImRlc2NyaXB0aW9uIjoiTUFSS0VUSU5HIEFORCBTQUxFUyIsImlkIjoiaHR0cHM6Ly9sZWFzdG9uLmJjZGlwbG9tYS5jb20vbGF3LWVjb25vbWljcy1tYW5hZ2VtZW50I0xlYXJuaW5nQWNoaWV2bWVudCIsInRpdGxlIjoiTUFTVEVSUyBMQVcsIEVDT05PTUlDUyBBTkQgTUFOQUdFTUVOVCJ9LCJsZWFybmluZ1NwZWNpZmljYXRpb24iOnsiZWN0c0NyZWRpdFBvaW50cyI6MTIwLCJlcWZMZXZlbCI6NywiaWQiOiJodHRwczovL2xlYXN0b24uYmNkaXBsb21hLmNvbS9sYXctZWNvbm9taWNzLW1hbmFnZW1lbnQjTGVhcm5pbmdTcGVjaWZpY2F0aW9uIiwiaXNjZWRmQ29kZSI6WyI3Il0sIm5xZkxldmVsIjpbIjciXX19LCJjcmVkZW50aWFsU3RhdHVzIjp7ImlkIjoiaHR0cHM6Ly9lc3NpZi5ldXJvcGEuZXUvc3RhdHVzL2VkdWNhdGlvbiNoaWdoZXJFZHVjYXRpb24jMzkyYWM3ZjYtMzk5YS00MzdiLWEyNjgtNDY5MWVhZDhmMTc2IiwidHlwZSI6IkNyZWRlbnRpYWxTdGF0dXNMaXN0MjAyMCJ9LCJldmlkZW5jZSI6eyJkb2N1bWVudFByZXNlbmNlIjpbIlBoeXNpY2FsIl0sImV2aWRlbmNlRG9jdW1lbnQiOlsiUGFzc3BvcnQiXSwiaWQiOiJodHRwczovL2Vzc2lmLmV1cm9wYS5ldS90c3ItdmEvZXZpZGVuY2UvZjJhZWVjOTctZmMwZC00MmJmLThjYTctMDU0ODE5MmQ1Njc4Iiwic3ViamVjdFByZXNlbmNlIjoiUGh5c2ljYWwiLCJ0eXBlIjpbIkRvY3VtZW50VmVyaWZpY2F0aW9uIl0sInZlcmlmaWVyIjoiZGlkOmVic2k6Mjk2MmZiNzg0ZGY2MWJhYTI2N2M4MTMyNDk3NTM5ZjhjNjc0YjM3YzEyNDRhN2EifX0sImp0aSI6InVybjp1dWlkOjZiMzc5ZTUwLTAwMTctNDU2My1iNjZjLTQyMWYzMzU5OTQzNyJ9.TgTC0F8EKFVpP1KaUttqs51xttau7loNQygDyDSw5Y1DW3lzhUwQ9GlqjiSj42uODbmWLduO3rbimavMY7qMCg
8057 [pool-1-thread-1 @coroutine#207] DEBUG id.walt.signatory.WaltIdSignatory - Signed VC is: eyJraWQiOiJkaWQ6a2V5Ono2TWtnYkpjNUVuZTRFejVhU0ZOMWIzZjF2RnF0TnZyTTRZS0NLN3ZhN2ZIZmtGYiN6Nk1rZ2JKYzVFbmU0RXo1YVNGTjFiM2YxdkZxdE52ck00WUtDSzd2YTdmSGZrRmIiLCJ0eXAiOiJKV1QiLCJhbGciOiJFZERTQSJ9.eyJzdWIiOiJkaWQ6a2V5Ono2TWtnYkpjNUVuZTRFejVhU0ZOMWIzZjF2RnF0TnZyTTRZS0NLN3ZhN2ZIZmtGYiIsIm5iZiI6MTcyNjEzMzk4MywiaXNzIjoiZGlkOmtleTp6Nk1rZ2JKYzVFbmU0RXo1YVNGTjFiM2YxdkZxdE52ck00WUtDSzd2YTdmSGZrRmIiLCJpYXQiOjE3MjYxMzM5ODMsInZjIjp7InR5cGUiOlsiVmVyaWZpYWJsZUNyZWRlbnRpYWwiLCJWZXJpZmlhYmxlQXR0ZXN0YXRpb24iLCJWZXJpZmlhYmxlRGlwbG9tYSJdLCJAY29udGV4dCI6WyJodHRwczovL3d3dy53My5vcmcvMjAxOC9jcmVkZW50aWFscy92MSJdLCJpZCI6InVybjp1dWlkOjZiMzc5ZTUwLTAwMTctNDU2My1iNjZjLTQyMWYzMzU5OTQzNyIsImlzc3VlciI6ImRpZDprZXk6ejZNa2diSmM1RW5lNEV6NWFTRk4xYjNmMXZGcXROdnJNNFlLQ0s3dmE3Zkhma0ZiIiwiaXNzdWFuY2VEYXRlIjoiMjAyNC0wOS0xMlQwOTozOTo0M1oiLCJpc3N1ZWQiOiIyMDI0LTA5LTEyVDA5OjM5OjQzWiIsInZhbGlkRnJvbSI6IjIwMjQtMDktMTJUMDk6Mzk6NDNaIiwiZXhwaXJhdGlvbkRhdGUiOiIyMDIyLTA4LTMxVDAwOjAwOjAwWiIsImNyZWRlbnRpYWxTY2hlbWEiOnsiaWQiOiJodHRwczovL3Jhdy5naXRodWJ1c2VyY29udGVudC5jb20vd2FsdC1pZC93YWx0aWQtc3Npa2l0LXZjbGliL21hc3Rlci9zcmMvdGVzdC9yZXNvdXJjZXMvc2NoZW1hcy9WZXJpZmlhYmxlRGlwbG9tYS5qc29uIiwidHlwZSI6Ikpzb25TY2hlbWFWYWxpZGF0b3IyMDE4In0sImNyZWRlbnRpYWxTdWJqZWN0Ijp7ImlkIjoiZGlkOmtleTp6Nk1rZ2JKYzVFbmU0RXo1YVNGTjFiM2YxdkZxdE52ck00WUtDSzd2YTdmSGZrRmIiLCJhd2FyZGluZ09wcG9ydHVuaXR5Ijp7ImF3YXJkaW5nQm9keSI6eyJlaWRhc0xlZ2FsSWRlbnRpZmllciI6IlVua25vd24iLCJob21lcGFnZSI6Imh0dHBzOi8vbGVhc3Rvbi5iY2RpcGxvbWEuY29tLyIsImlkIjoiZGlkOmVic2k6MkE5Qlo5U1VlNkJhdGFjU3B2czFWNUNkakh2THBRN2JFc2kySmI2TGRIS25ReGFOIiwicHJlZmVycmVkTmFtZSI6IkxlYXN0b24gVW5pdmVyc2l0eSIsInJlZ2lzdHJhdGlvbiI6IjA1OTcwNjVKIn0sImVuZGVkQXRUaW1lIjoiMjAyMC0wNi0yNlQwMDowMDowMFoiLCJpZCI6Imh0dHBzOi8vbGVhc3Rvbi5iY2RpcGxvbWEuY29tL2xhdy1lY29ub21pY3MtbWFuYWdlbWVudCNBd2FyZGluZ09wcG9ydHVuaXR5IiwiaWRlbnRpZmllciI6Imh0dHBzOi8vY2VydGlmaWNhdGUtZGVtby5iY2RpcGxvbWEuY29tL2NoZWNrLzg3RUQyRjIyNzBFNkM0MTQ1NkU5NEI4NkI5RDkxMTVCNEUzNUJDQ0FEMjAwQTQ5Qjg0NjU5MkMxNEY3OUM4NkJWMUZuYmxsdGEwTlpUbkprUjNsRFdsUm1URGxTUlVKRVZGWklTbU5tWXpKaFVVNXNaVUo1WjJGSlNIcFdibVpaIiwibG9jYXRpb24iOiJGUkFOQ0UiLCJzdGFydGVkQXRUaW1lIjoiMjAxOS0wOS0wMlQwMDowMDowMFoifSwiZGF0ZU9mQmlydGgiOiIxOTkzLTA0LTA4IiwiZmFtaWx5TmFtZSI6IkRPRSIsImdpdmVuTmFtZXMiOiJKYW5lIiwiZ3JhZGluZ1NjaGVtZSI6eyJpZCI6Imh0dHBzOi8vbGVhc3Rvbi5iY2RpcGxvbWEuY29tL2xhdy1lY29ub21pY3MtbWFuYWdlbWVudCNHcmFkaW5nU2NoZW1lIiwidGl0bGUiOiJMb3dlciBTZWNvbmQtQ2xhc3MgSG9ub3VycyJ9LCJpZGVudGlmaWVyIjoiMDkwNDAwODA4NEgiLCJsZWFybmluZ0FjaGlldmVtZW50Ijp7ImFkZGl0aW9uYWxOb3RlIjpbIkRJU1RSSUJVVElPTiBNQU5BR0VNRU5UIl0sImRlc2NyaXB0aW9uIjoiTUFSS0VUSU5HIEFORCBTQUxFUyIsImlkIjoiaHR0cHM6Ly9sZWFzdG9uLmJjZGlwbG9tYS5jb20vbGF3LWVjb25vbWljcy1tYW5hZ2VtZW50I0xlYXJuaW5nQWNoaWV2bWVudCIsInRpdGxlIjoiTUFTVEVSUyBMQVcsIEVDT05PTUlDUyBBTkQgTUFOQUdFTUVOVCJ9LCJsZWFybmluZ1NwZWNpZmljYXRpb24iOnsiZWN0c0NyZWRpdFBvaW50cyI6MTIwLCJlcWZMZXZlbCI6NywiaWQiOiJodHRwczovL2xlYXN0b24uYmNkaXBsb21hLmNvbS9sYXctZWNvbm9taWNzLW1hbmFnZW1lbnQjTGVhcm5pbmdTcGVjaWZpY2F0aW9uIiwiaXNjZWRmQ29kZSI6WyI3Il0sIm5xZkxldmVsIjpbIjciXX19LCJjcmVkZW50aWFsU3RhdHVzIjp7ImlkIjoiaHR0cHM6Ly9lc3NpZi5ldXJvcGEuZXUvc3RhdHVzL2VkdWNhdGlvbiNoaWdoZXJFZHVjYXRpb24jMzkyYWM3ZjYtMzk5YS00MzdiLWEyNjgtNDY5MWVhZDhmMTc2IiwidHlwZSI6IkNyZWRlbnRpYWxTdGF0dXNMaXN0MjAyMCJ9LCJldmlkZW5jZSI6eyJkb2N1bWVudFByZXNlbmNlIjpbIlBoeXNpY2FsIl0sImV2aWRlbmNlRG9jdW1lbnQiOlsiUGFzc3BvcnQiXSwiaWQiOiJodHRwczovL2Vzc2lmLmV1cm9wYS5ldS90c3ItdmEvZXZpZGVuY2UvZjJhZWVjOTctZmMwZC00MmJmLThjYTctMDU0ODE5MmQ1Njc4Iiwic3ViamVjdFByZXNlbmNlIjoiUGh5c2ljYWwiLCJ0eXBlIjpbIkRvY3VtZW50VmVyaWZpY2F0aW9uIl0sInZlcmlmaWVyIjoiZGlkOmVic2k6Mjk2MmZiNzg0ZGY2MWJhYTI2N2M4MTMyNDk3NTM5ZjhjNjc0YjM3YzEyNDRhN2EifX0sImp0aSI6InVybjp1dWlkOjZiMzc5ZTUwLTAwMTctNDU2My1iNjZjLTQyMWYzMzU5OTQzNyJ9.TgTC0F8EKFVpP1KaUttqs51xttau7loNQygDyDSw5Y1DW3lzhUwQ9GlqjiSj42uODbmWLduO3rbimavMY7qMCg
8057 [pool-1-thread-1 @coroutine#207] DEBUG id.walt.services.vc.WaltIdJwtCredentialService - Creating a presentation for VCs:
[PresentableCredential(verifiableCredential=eyJraWQiOiJkaWQ6a2V5Ono2TWtnYkpjNUVuZTRFejVhU0ZOMWIzZjF2RnF0TnZyTTRZS0NLN3ZhN2ZIZmtGYiN6Nk1rZ2JKYzVFbmU0RXo1YVNGTjFiM2YxdkZxdE52ck00WUtDSzd2YTdmSGZrRmIiLCJ0eXAiOiJKV1QiLCJhbGciOiJFZERTQSJ9.eyJzdWIiOiJkaWQ6a2V5Ono2TWtnYkpjNUVuZTRFejVhU0ZOMWIzZjF2RnF0TnZyTTRZS0NLN3ZhN2ZIZmtGYiIsIm5iZiI6MTcyNjEzMzk4MywiaXNzIjoiZGlkOmtleTp6Nk1rZ2JKYzVFbmU0RXo1YVNGTjFiM2YxdkZxdE52ck00WUtDSzd2YTdmSGZrRmIiLCJpYXQiOjE3MjYxMzM5ODMsInZjIjp7InR5cGUiOlsiVmVyaWZpYWJsZUNyZWRlbnRpYWwiLCJWZXJpZmlhYmxlQXR0ZXN0YXRpb24iLCJWZXJpZmlhYmxlRGlwbG9tYSJdLCJAY29udGV4dCI6WyJodHRwczovL3d3dy53My5vcmcvMjAxOC9jcmVkZW50aWFscy92MSJdLCJpZCI6InVybjp1dWlkOjZiMzc5ZTUwLTAwMTctNDU2My1iNjZjLTQyMWYzMzU5OTQzNyIsImlzc3VlciI6ImRpZDprZXk6ejZNa2diSmM1RW5lNEV6NWFTRk4xYjNmMXZGcXROdnJNNFlLQ0s3dmE3Zkhma0ZiIiwiaXNzdWFuY2VEYXRlIjoiMjAyNC0wOS0xMlQwOTozOTo0M1oiLCJpc3N1ZWQiOiIyMDI0LTA5LTEyVDA5OjM5OjQzWiIsInZhbGlkRnJvbSI6IjIwMjQtMDktMTJUMDk6Mzk6NDNaIiwiZXhwaXJhdGlvbkRhdGUiOiIyMDIyLTA4LTMxVDAwOjAwOjAwWiIsImNyZWRlbnRpYWxTY2hlbWEiOnsiaWQiOiJodHRwczovL3Jhdy5naXRodWJ1c2VyY29udGVudC5jb20vd2FsdC1pZC93YWx0aWQtc3Npa2l0LXZjbGliL21hc3Rlci9zcmMvdGVzdC9yZXNvdXJjZXMvc2NoZW1hcy9WZXJpZmlhYmxlRGlwbG9tYS5qc29uIiwidHlwZSI6Ikpzb25TY2hlbWFWYWxpZGF0b3IyMDE4In0sImNyZWRlbnRpYWxTdWJqZWN0Ijp7ImlkIjoiZGlkOmtleTp6Nk1rZ2JKYzVFbmU0RXo1YVNGTjFiM2YxdkZxdE52ck00WUtDSzd2YTdmSGZrRmIiLCJhd2FyZGluZ09wcG9ydHVuaXR5Ijp7ImF3YXJkaW5nQm9keSI6eyJlaWRhc0xlZ2FsSWRlbnRpZmllciI6IlVua25vd24iLCJob21lcGFnZSI6Imh0dHBzOi8vbGVhc3Rvbi5iY2RpcGxvbWEuY29tLyIsImlkIjoiZGlkOmVic2k6MkE5Qlo5U1VlNkJhdGFjU3B2czFWNUNkakh2THBRN2JFc2kySmI2TGRIS25ReGFOIiwicHJlZmVycmVkTmFtZSI6IkxlYXN0b24gVW5pdmVyc2l0eSIsInJlZ2lzdHJhdGlvbiI6IjA1OTcwNjVKIn0sImVuZGVkQXRUaW1lIjoiMjAyMC0wNi0yNlQwMDowMDowMFoiLCJpZCI6Imh0dHBzOi8vbGVhc3Rvbi5iY2RpcGxvbWEuY29tL2xhdy1lY29ub21pY3MtbWFuYWdlbWVudCNBd2FyZGluZ09wcG9ydHVuaXR5IiwiaWRlbnRpZmllciI6Imh0dHBzOi8vY2VydGlmaWNhdGUtZGVtby5iY2RpcGxvbWEuY29tL2NoZWNrLzg3RUQyRjIyNzBFNkM0MTQ1NkU5NEI4NkI5RDkxMTVCNEUzNUJDQ0FEMjAwQTQ5Qjg0NjU5MkMxNEY3OUM4NkJWMUZuYmxsdGEwTlpUbkprUjNsRFdsUm1URGxTUlVKRVZGWklTbU5tWXpKaFVVNXNaVUo1WjJGSlNIcFdibVpaIiwibG9jYXRpb24iOiJGUkFOQ0UiLCJzdGFydGVkQXRUaW1lIjoiMjAxOS0wOS0wMlQwMDowMDowMFoifSwiZGF0ZU9mQmlydGgiOiIxOTkzLTA0LTA4IiwiZmFtaWx5TmFtZSI6IkRPRSIsImdpdmVuTmFtZXMiOiJKYW5lIiwiZ3JhZGluZ1NjaGVtZSI6eyJpZCI6Imh0dHBzOi8vbGVhc3Rvbi5iY2RpcGxvbWEuY29tL2xhdy1lY29ub21pY3MtbWFuYWdlbWVudCNHcmFkaW5nU2NoZW1lIiwidGl0bGUiOiJMb3dlciBTZWNvbmQtQ2xhc3MgSG9ub3VycyJ9LCJpZGVudGlmaWVyIjoiMDkwNDAwODA4NEgiLCJsZWFybmluZ0FjaGlldmVtZW50Ijp7ImFkZGl0aW9uYWxOb3RlIjpbIkRJU1RSSUJVVElPTiBNQU5BR0VNRU5UIl0sImRlc2NyaXB0aW9uIjoiTUFSS0VUSU5HIEFORCBTQUxFUyIsImlkIjoiaHR0cHM6Ly9sZWFzdG9uLmJjZGlwbG9tYS5jb20vbGF3LWVjb25vbWljcy1tYW5hZ2VtZW50I0xlYXJuaW5nQWNoaWV2bWVudCIsInRpdGxlIjoiTUFTVEVSUyBMQVcsIEVDT05PTUlDUyBBTkQgTUFOQUdFTUVOVCJ9LCJsZWFybmluZ1NwZWNpZmljYXRpb24iOnsiZWN0c0NyZWRpdFBvaW50cyI6MTIwLCJlcWZMZXZlbCI6NywiaWQiOiJodHRwczovL2xlYXN0b24uYmNkaXBsb21hLmNvbS9sYXctZWNvbm9taWNzLW1hbmFnZW1lbnQjTGVhcm5pbmdTcGVjaWZpY2F0aW9uIiwiaXNjZWRmQ29kZSI6WyI3Il0sIm5xZkxldmVsIjpbIjciXX19LCJjcmVkZW50aWFsU3RhdHVzIjp7ImlkIjoiaHR0cHM6Ly9lc3NpZi5ldXJvcGEuZXUvc3RhdHVzL2VkdWNhdGlvbiNoaWdoZXJFZHVjYXRpb24jMzkyYWM3ZjYtMzk5YS00MzdiLWEyNjgtNDY5MWVhZDhmMTc2IiwidHlwZSI6IkNyZWRlbnRpYWxTdGF0dXNMaXN0MjAyMCJ9LCJldmlkZW5jZSI6eyJkb2N1bWVudFByZXNlbmNlIjpbIlBoeXNpY2FsIl0sImV2aWRlbmNlRG9jdW1lbnQiOlsiUGFzc3BvcnQiXSwiaWQiOiJodHRwczovL2Vzc2lmLmV1cm9wYS5ldS90c3ItdmEvZXZpZGVuY2UvZjJhZWVjOTctZmMwZC00MmJmLThjYTctMDU0ODE5MmQ1Njc4Iiwic3ViamVjdFByZXNlbmNlIjoiUGh5c2ljYWwiLCJ0eXBlIjpbIkRvY3VtZW50VmVyaWZpY2F0aW9uIl0sInZlcmlmaWVyIjoiZGlkOmVic2k6Mjk2MmZiNzg0ZGY2MWJhYTI2N2M4MTMyNDk3NTM5ZjhjNjc0YjM3YzEyNDRhN2EifX0sImp0aSI6InVybjp1dWlkOjZiMzc5ZTUwLTAwMTctNDU2My1iNjZjLTQyMWYzMzU5OTQzNyJ9.TgTC0F8EKFVpP1KaUttqs51xttau7loNQygDyDSw5Y1DW3lzhUwQ9GlqjiSj42uODbmWLduO3rbimavMY7qMCg, selectiveDisclosure=null, discloseAll=false)]
8057 [pool-1-thread-1 @coroutine#207] DEBUG id.walt.model.DidUrl - Trying to create DidUrl from URL: "did:key:z6MkgbJc5Ene4Ez5aSFN1b3f1vFqtNvrM4YKCK7va7fHfkFb"...
8057 [pool-1-thread-1 @coroutine#207] DEBUG id.walt.services.vc.WaltIdJwtCredentialService - Signing JWT object with config: ProofConfig(issuerDid=did:key:z6MkgbJc5Ene4Ez5aSFN1b3f1vFqtNvrM4YKCK7va7fHfkFb, subjectDid=did:key:z6MkgbJc5Ene4Ez5aSFN1b3f1vFqtNvrM4YKCK7va7fHfkFb, verifierDid=did:key:z6MkgbJc5Ene4Ez5aSFN1b3f1vFqtNvrM4YKCK7va7fHfkFb, issuerVerificationMethod=did:key:z6MkgbJc5Ene4Ez5aSFN1b3f1vFqtNvrM4YKCK7va7fHfkFb#z6MkgbJc5Ene4Ez5aSFN1b3f1vFqtNvrM4YKCK7va7fHfkFb, proofType=JWT, domain=null, nonce=abcd, proofPurpose=null, credentialId=urn:uuid:b737c4d5-0a0a-44ba-b443-106143d93345, issueDate=null, validDate=null, expirationDate=null, dataProviderIdentifier=null, ldSignatureType=null, creator=did:key:z6MkgbJc5Ene4Ez5aSFN1b3f1vFqtNvrM4YKCK7va7fHfkFb, ecosystem=DEFAULT, statusType=null, statusPurpose=revocation, credentialsEndpoint=null, selectiveDisclosure=null)
8057 [pool-1-thread-1 @coroutine#207] DEBUG id.walt.services.vc.WaltIdJwtCredentialService - Signing: {"sub":"did:key:z6MkgbJc5Ene4Ez5aSFN1b3f1vFqtNvrM4YKCK7va7fHfkFb","aud":"did:key:z6MkgbJc5Ene4Ez5aSFN1b3f1vFqtNvrM4YKCK7va7fHfkFb","nbf":1726133983,"iss":"did:key:z6MkgbJc5Ene4Ez5aSFN1b3f1vFqtNvrM4YKCK7va7fHfkFb","vp":{"type":["VerifiablePresentation"],"@context":["https://www.w3.org/2018/credentials/v1"],"id":"urn:uuid:b737c4d5-0a0a-44ba-b443-106143d93345","holder":"did:key:z6MkgbJc5Ene4Ez5aSFN1b3f1vFqtNvrM4YKCK7va7fHfkFb","verifiableCredential":["eyJraWQiOiJkaWQ6a2V5Ono2TWtnYkpjNUVuZTRFejVhU0ZOMWIzZjF2RnF0TnZyTTRZS0NLN3ZhN2ZIZmtGYiN6Nk1rZ2JKYzVFbmU0RXo1YVNGTjFiM2YxdkZxdE52ck00WUtDSzd2YTdmSGZrRmIiLCJ0eXAiOiJKV1QiLCJhbGciOiJFZERTQSJ9.eyJzdWIiOiJkaWQ6a2V5Ono2TWtnYkpjNUVuZTRFejVhU0ZOMWIzZjF2RnF0TnZyTTRZS0NLN3ZhN2ZIZmtGYiIsIm5iZiI6MTcyNjEzMzk4MywiaXNzIjoiZGlkOmtleTp6Nk1rZ2JKYzVFbmU0RXo1YVNGTjFiM2YxdkZxdE52ck00WUtDSzd2YTdmSGZrRmIiLCJpYXQiOjE3MjYxMzM5ODMsInZjIjp7InR5cGUiOlsiVmVyaWZpYWJsZUNyZWRlbnRpYWwiLCJWZXJpZmlhYmxlQXR0ZXN0YXRpb24iLCJWZXJpZmlhYmxlRGlwbG9tYSJdLCJAY29udGV4dCI6WyJodHRwczovL3d3dy53My5vcmcvMjAxOC9jcmVkZW50aWFscy92MSJdLCJpZCI6InVybjp1dWlkOjZiMzc5ZTUwLTAwMTctNDU2My1iNjZjLTQyMWYzMzU5OTQzNyIsImlzc3VlciI6ImRpZDprZXk6ejZNa2diSmM1RW5lNEV6NWFTRk4xYjNmMXZGcXROdnJNNFlLQ0s3dmE3Zkhma0ZiIiwiaXNzdWFuY2VEYXRlIjoiMjAyNC0wOS0xMlQwOTozOTo0M1oiLCJpc3N1ZWQiOiIyMDI0LTA5LTEyVDA5OjM5OjQzWiIsInZhbGlkRnJvbSI6IjIwMjQtMDktMTJUMDk6Mzk6NDNaIiwiZXhwaXJhdGlvbkRhdGUiOiIyMDIyLTA4LTMxVDAwOjAwOjAwWiIsImNyZWRlbnRpYWxTY2hlbWEiOnsiaWQiOiJodHRwczovL3Jhdy5naXRodWJ1c2VyY29udGVudC5jb20vd2FsdC1pZC93YWx0aWQtc3Npa2l0LXZjbGliL21hc3Rlci9zcmMvdGVzdC9yZXNvdXJjZXMvc2NoZW1hcy9WZXJpZmlhYmxlRGlwbG9tYS5qc29uIiwidHlwZSI6Ikpzb25TY2hlbWFWYWxpZGF0b3IyMDE4In0sImNyZWRlbnRpYWxTdWJqZWN0Ijp7ImlkIjoiZGlkOmtleTp6Nk1rZ2JKYzVFbmU0RXo1YVNGTjFiM2YxdkZxdE52ck00WUtDSzd2YTdmSGZrRmIiLCJhd2FyZGluZ09wcG9ydHVuaXR5Ijp7ImF3YXJkaW5nQm9keSI6eyJlaWRhc0xlZ2FsSWRlbnRpZmllciI6IlVua25vd24iLCJob21lcGFnZSI6Imh0dHBzOi8vbGVhc3Rvbi5iY2RpcGxvbWEuY29tLyIsImlkIjoiZGlkOmVic2k6MkE5Qlo5U1VlNkJhdGFjU3B2czFWNUNkakh2THBRN2JFc2kySmI2TGRIS25ReGFOIiwicHJlZmVycmVkTmFtZSI6IkxlYXN0b24gVW5pdmVyc2l0eSIsInJlZ2lzdHJhdGlvbiI6IjA1OTcwNjVKIn0sImVuZGVkQXRUaW1lIjoiMjAyMC0wNi0yNlQwMDowMDowMFoiLCJpZCI6Imh0dHBzOi8vbGVhc3Rvbi5iY2RpcGxvbWEuY29tL2xhdy1lY29ub21pY3MtbWFuYWdlbWVudCNBd2FyZGluZ09wcG9ydHVuaXR5IiwiaWRlbnRpZmllciI6Imh0dHBzOi8vY2VydGlmaWNhdGUtZGVtby5iY2RpcGxvbWEuY29tL2NoZWNrLzg3RUQyRjIyNzBFNkM0MTQ1NkU5NEI4NkI5RDkxMTVCNEUzNUJDQ0FEMjAwQTQ5Qjg0NjU5MkMxNEY3OUM4NkJWMUZuYmxsdGEwTlpUbkprUjNsRFdsUm1URGxTUlVKRVZGWklTbU5tWXpKaFVVNXNaVUo1WjJGSlNIcFdibVpaIiwibG9jYXRpb24iOiJGUkFOQ0UiLCJzdGFydGVkQXRUaW1lIjoiMjAxOS0wOS0wMlQwMDowMDowMFoifSwiZGF0ZU9mQmlydGgiOiIxOTkzLTA0LTA4IiwiZmFtaWx5TmFtZSI6IkRPRSIsImdpdmVuTmFtZXMiOiJKYW5lIiwiZ3JhZGluZ1NjaGVtZSI6eyJpZCI6Imh0dHBzOi8vbGVhc3Rvbi5iY2RpcGxvbWEuY29tL2xhdy1lY29ub21pY3MtbWFuYWdlbWVudCNHcmFkaW5nU2NoZW1lIiwidGl0bGUiOiJMb3dlciBTZWNvbmQtQ2xhc3MgSG9ub3VycyJ9LCJpZGVudGlmaWVyIjoiMDkwNDAwODA4NEgiLCJsZWFybmluZ0FjaGlldmVtZW50Ijp7ImFkZGl0aW9uYWxOb3RlIjpbIkRJU1RSSUJVVElPTiBNQU5BR0VNRU5UIl0sImRlc2NyaXB0aW9uIjoiTUFSS0VUSU5HIEFORCBTQUxFUyIsImlkIjoiaHR0cHM6Ly9sZWFzdG9uLmJjZGlwbG9tYS5jb20vbGF3LWVjb25vbWljcy1tYW5hZ2VtZW50I0xlYXJuaW5nQWNoaWV2bWVudCIsInRpdGxlIjoiTUFTVEVSUyBMQVcsIEVDT05PTUlDUyBBTkQgTUFOQUdFTUVOVCJ9LCJsZWFybmluZ1NwZWNpZmljYXRpb24iOnsiZWN0c0NyZWRpdFBvaW50cyI6MTIwLCJlcWZMZXZlbCI6NywiaWQiOiJodHRwczovL2xlYXN0b24uYmNkaXBsb21hLmNvbS9sYXctZWNvbm9taWNzLW1hbmFnZW1lbnQjTGVhcm5pbmdTcGVjaWZpY2F0aW9uIiwiaXNjZWRmQ29kZSI6WyI3Il0sIm5xZkxldmVsIjpbIjciXX19LCJjcmVkZW50aWFsU3RhdHVzIjp7ImlkIjoiaHR0cHM6Ly9lc3NpZi5ldXJvcGEuZXUvc3RhdHVzL2VkdWNhdGlvbiNoaWdoZXJFZHVjYXRpb24jMzkyYWM3ZjYtMzk5YS00MzdiLWEyNjgtNDY5MWVhZDhmMTc2IiwidHlwZSI6IkNyZWRlbnRpYWxTdGF0dXNMaXN0MjAyMCJ9LCJldmlkZW5jZSI6eyJkb2N1bWVudFByZXNlbmNlIjpbIlBoeXNpY2FsIl0sImV2aWRlbmNlRG9jdW1lbnQiOlsiUGFzc3BvcnQiXSwiaWQiOiJodHRwczovL2Vzc2lmLmV1cm9wYS5ldS90c3ItdmEvZXZpZGVuY2UvZjJhZWVjOTctZmMwZC00MmJmLThjYTctMDU0ODE5MmQ1Njc4Iiwic3ViamVjdFByZXNlbmNlIjoiUGh5c2ljYWwiLCJ0eXBlIjpbIkRvY3VtZW50VmVyaWZpY2F0aW9uIl0sInZlcmlmaWVyIjoiZGlkOmVic2k6Mjk2MmZiNzg0ZGY2MWJhYTI2N2M4MTMyNDk3NTM5ZjhjNjc0YjM3YzEyNDRhN2EifX0sImp0aSI6InVybjp1dWlkOjZiMzc5ZTUwLTAwMTctNDU2My1iNjZjLTQyMWYzMzU5OTQzNyJ9.TgTC0F8EKFVpP1KaUttqs51xttau7loNQygDyDSw5Y1DW3lzhUwQ9GlqjiSj42uODbmWLduO3rbimavMY7qMCg"]},"iat":1726133983,"nonce":"abcd","jti":"urn:uuid:b737c4d5-0a0a-44ba-b443-106143d93345"}
8058 [pool-1-thread-1 @coroutine#207] DEBUG id.walt.services.keystore.HKVKeyStoreService - Loading key "did:key:z6MkgbJc5Ene4Ez5aSFN1b3f1vFqtNvrM4YKCK7va7fHfkFb#z6MkgbJc5Ene4Ez5aSFN1b3f1vFqtNvrM4YKCK7va7fHfkFb".
8058 [pool-1-thread-1 @coroutine#207] DEBUG id.walt.services.jwt.WaltIdJwtService - Signing JWT with algorithm: EdDSA_Ed25519
8058 [pool-1-thread-1 @coroutine#207] DEBUG id.walt.model.DidUrl - Trying to create DidUrl from URL: "did:key:z6MkgbJc5Ene4Ez5aSFN1b3f1vFqtNvrM4YKCK7va7fHfkFb#z6MkgbJc5Ene4Ez5aSFN1b3f1vFqtNvrM4YKCK7va7fHfkFb"...
8058 [pool-1-thread-1 @coroutine#207] DEBUG id.walt.services.keystore.HKVKeyStoreService - Loading key "4cdb55531e874d61be5f0dfa2134f118".
8058 [pool-1-thread-1 @coroutine#207] DEBUG id.walt.services.jwt.WaltIdJwtService - Signed JWT:  eyJraWQiOiJkaWQ6a2V5Ono2TWtnYkpjNUVuZTRFejVhU0ZOMWIzZjF2RnF0TnZyTTRZS0NLN3ZhN2ZIZmtGYiN6Nk1rZ2JKYzVFbmU0RXo1YVNGTjFiM2YxdkZxdE52ck00WUtDSzd2YTdmSGZrRmIiLCJ0eXAiOiJKV1QiLCJhbGciOiJFZERTQSJ9.eyJzdWIiOiJkaWQ6a2V5Ono2TWtnYkpjNUVuZTRFejVhU0ZOMWIzZjF2RnF0TnZyTTRZS0NLN3ZhN2ZIZmtGYiIsImF1ZCI6ImRpZDprZXk6ejZNa2diSmM1RW5lNEV6NWFTRk4xYjNmMXZGcXROdnJNNFlLQ0s3dmE3Zkhma0ZiIiwibmJmIjoxNzI2MTMzOTgzLCJpc3MiOiJkaWQ6a2V5Ono2TWtnYkpjNUVuZTRFejVhU0ZOMWIzZjF2RnF0TnZyTTRZS0NLN3ZhN2ZIZmtGYiIsInZwIjp7InR5cGUiOlsiVmVyaWZpYWJsZVByZXNlbnRhdGlvbiJdLCJAY29udGV4dCI6WyJodHRwczovL3d3dy53My5vcmcvMjAxOC9jcmVkZW50aWFscy92MSJdLCJpZCI6InVybjp1dWlkOmI3MzdjNGQ1LTBhMGEtNDRiYS1iNDQzLTEwNjE0M2Q5MzM0NSIsImhvbGRlciI6ImRpZDprZXk6ejZNa2diSmM1RW5lNEV6NWFTRk4xYjNmMXZGcXROdnJNNFlLQ0s3dmE3Zkhma0ZiIiwidmVyaWZpYWJsZUNyZWRlbnRpYWwiOlsiZXlKcmFXUWlPaUprYVdRNmEyVjVPbm8yVFd0bllrcGpOVVZ1WlRSRmVqVmhVMFpPTVdJelpqRjJSbkYwVG5aeVRUUlpTME5MTjNaaE4yWklabXRHWWlONk5rMXJaMkpLWXpWRmJtVTBSWG8xWVZOR1RqRmlNMll4ZGtaeGRFNTJjazAwV1V0RFN6ZDJZVGRtU0daclJtSWlMQ0owZVhBaU9pSktWMVFpTENKaGJHY2lPaUpGWkVSVFFTSjkuZXlKemRXSWlPaUprYVdRNmEyVjVPbm8yVFd0bllrcGpOVVZ1WlRSRmVqVmhVMFpPTVdJelpqRjJSbkYwVG5aeVRUUlpTME5MTjNaaE4yWklabXRHWWlJc0ltNWlaaUk2TVRjeU5qRXpNems0TXl3aWFYTnpJam9pWkdsa09tdGxlVHA2TmsxcloySktZelZGYm1VMFJYbzFZVk5HVGpGaU0yWXhka1p4ZEU1MmNrMDBXVXREU3pkMllUZG1TR1pyUm1JaUxDSnBZWFFpT2pFM01qWXhNek01T0RNc0luWmpJanA3SW5SNWNHVWlPbHNpVm1WeWFXWnBZV0pzWlVOeVpXUmxiblJwWVd3aUxDSldaWEpwWm1saFlteGxRWFIwWlhOMFlYUnBiMjRpTENKV1pYSnBabWxoWW14bFJHbHdiRzl0WVNKZExDSkFZMjl1ZEdWNGRDSTZXeUpvZEhSd2N6b3ZMM2QzZHk1M015NXZjbWN2TWpBeE9DOWpjbVZrWlc1MGFXRnNjeTkyTVNKZExDSnBaQ0k2SW5WeWJqcDFkV2xrT2paaU16YzVaVFV3TFRBd01UY3RORFUyTXkxaU5qWmpMVFF5TVdZek16VTVPVFF6TnlJc0ltbHpjM1ZsY2lJNkltUnBaRHByWlhrNmVqWk5hMmRpU21NMVJXNWxORVY2TldGVFJrNHhZak5tTVhaR2NYUk9kbkpOTkZsTFEwczNkbUUzWmtobWEwWmlJaXdpYVhOemRXRnVZMlZFWVhSbElqb2lNakF5TkMwd09TMHhNbFF3T1Rvek9UbzBNMW9pTENKcGMzTjFaV1FpT2lJeU1ESTBMVEE1TFRFeVZEQTVPak01T2pReldpSXNJblpoYkdsa1JuSnZiU0k2SWpJd01qUXRNRGt0TVRKVU1EazZNems2TkROYUlpd2laWGh3YVhKaGRHbHZia1JoZEdVaU9pSXlNREl5TFRBNExUTXhWREF3T2pBd09qQXdXaUlzSW1OeVpXUmxiblJwWVd4VFkyaGxiV0VpT25zaWFXUWlPaUpvZEhSd2N6b3ZMM0poZHk1bmFYUm9kV0oxYzJWeVkyOXVkR1Z1ZEM1amIyMHZkMkZzZEMxcFpDOTNZV3gwYVdRdGMzTnBhMmwwTFhaamJHbGlMMjFoYzNSbGNpOXpjbU12ZEdWemRDOXlaWE52ZFhKalpYTXZjMk5vWlcxaGN5OVdaWEpwWm1saFlteGxSR2x3Ykc5dFlTNXFjMjl1SWl3aWRIbHdaU0k2SWtwemIyNVRZMmhsYldGV1lXeHBaR0YwYjNJeU1ERTRJbjBzSW1OeVpXUmxiblJwWVd4VGRXSnFaV04wSWpwN0ltbGtJam9pWkdsa09tdGxlVHA2TmsxcloySktZelZGYm1VMFJYbzFZVk5HVGpGaU0yWXhka1p4ZEU1MmNrMDBXVXREU3pkMllUZG1TR1pyUm1JaUxDSmhkMkZ5WkdsdVowOXdjRzl5ZEhWdWFYUjVJanA3SW1GM1lYSmthVzVuUW05a2VTSTZleUpsYVdSaGMweGxaMkZzU1dSbGJuUnBabWxsY2lJNklsVnVhMjV2ZDI0aUxDSm9iMjFsY0dGblpTSTZJbWgwZEhCek9pOHZiR1ZoYzNSdmJpNWlZMlJwY0d4dmJXRXVZMjl0THlJc0ltbGtJam9pWkdsa09tVmljMms2TWtFNVFsbzVVMVZsTmtKaGRHRmpVM0IyY3pGV05VTmtha2gyVEhCUk4ySkZjMmt5U21JMlRHUklTMjVSZUdGT0lpd2ljSEpsWm1WeWNtVmtUbUZ0WlNJNklreGxZWE4wYjI0Z1ZXNXBkbVZ5YzJsMGVTSXNJbkpsWjJsemRISmhkR2x2YmlJNklqQTFPVGN3TmpWS0luMHNJbVZ1WkdWa1FYUlVhVzFsSWpvaU1qQXlNQzB3TmkweU5sUXdNRG93TURvd01Gb2lMQ0pwWkNJNkltaDBkSEJ6T2k4dmJHVmhjM1J2Ymk1aVkyUnBjR3h2YldFdVkyOXRMMnhoZHkxbFkyOXViMjFwWTNNdGJXRnVZV2RsYldWdWRDTkJkMkZ5WkdsdVowOXdjRzl5ZEhWdWFYUjVJaXdpYVdSbGJuUnBabWxsY2lJNkltaDBkSEJ6T2k4dlkyVnlkR2xtYVdOaGRHVXRaR1Z0Ynk1aVkyUnBjR3h2YldFdVkyOXRMMk5vWldOckx6ZzNSVVF5UmpJeU56QkZOa00wTVRRMU5rVTVORUk0TmtJNVJEa3hNVFZDTkVVek5VSkRRMEZFTWpBd1FUUTVRamcwTmpVNU1rTXhORVkzT1VNNE5rSldNVVp1WW14c2RHRXdUbHBVYmtwclVqTnNSRmRzVW0xVVJHeFRVbFZLUlZaR1drbFRiVTV0V1hwS2FGVlZOWE5hVlVvMVdqSkdTbE5JY0ZkaWJWcGFJaXdpYkc5allYUnBiMjRpT2lKR1VrRk9RMFVpTENKemRHRnlkR1ZrUVhSVWFXMWxJam9pTWpBeE9TMHdPUzB3TWxRd01Eb3dNRG93TUZvaWZTd2laR0YwWlU5bVFtbHlkR2dpT2lJeE9Ua3pMVEEwTFRBNElpd2labUZ0YVd4NVRtRnRaU0k2SWtSUFJTSXNJbWRwZG1WdVRtRnRaWE1pT2lKS1lXNWxJaXdpWjNKaFpHbHVaMU5qYUdWdFpTSTZleUpwWkNJNkltaDBkSEJ6T2k4dmJHVmhjM1J2Ymk1aVkyUnBjR3h2YldFdVkyOXRMMnhoZHkxbFkyOXViMjFwWTNNdGJXRnVZV2RsYldWdWRDTkhjbUZrYVc1blUyTm9aVzFsSWl3aWRHbDBiR1VpT2lKTWIzZGxjaUJUWldOdmJtUXRRMnhoYzNNZ1NHOXViM1Z5Y3lKOUxDSnBaR1Z1ZEdsbWFXVnlJam9pTURrd05EQXdPREE0TkVnaUxDSnNaV0Z5Ym1sdVowRmphR2xsZG1WdFpXNTBJanA3SW1Ga1pHbDBhVzl1WVd4T2IzUmxJanBiSWtSSlUxUlNTVUpWVkVsUFRpQk5RVTVCUjBWTlJVNVVJbDBzSW1SbGMyTnlhWEIwYVc5dUlqb2lUVUZTUzBWVVNVNUhJRUZPUkNCVFFVeEZVeUlzSW1sa0lqb2lhSFIwY0hNNkx5OXNaV0Z6ZEc5dUxtSmpaR2x3Ykc5dFlTNWpiMjB2YkdGM0xXVmpiMjV2YldsamN5MXRZVzVoWjJWdFpXNTBJMHhsWVhKdWFXNW5RV05vYVdWMmJXVnVkQ0lzSW5ScGRHeGxJam9pVFVGVFZFVlNVeUJNUVZjc0lFVkRUMDVQVFVsRFV5QkJUa1FnVFVGT1FVZEZUVVZPVkNKOUxDSnNaV0Z5Ym1sdVoxTndaV05wWm1sallYUnBiMjRpT25zaVpXTjBjME55WldScGRGQnZhVzUwY3lJNk1USXdMQ0psY1daTVpYWmxiQ0k2Tnl3aWFXUWlPaUpvZEhSd2N6b3ZMMnhsWVhOMGIyNHVZbU5rYVhCc2IyMWhMbU52YlM5c1lYY3RaV052Ym05dGFXTnpMVzFoYm1GblpXMWxiblFqVEdWaGNtNXBibWRUY0dWamFXWnBZMkYwYVc5dUlpd2lhWE5qWldSbVEyOWtaU0k2V3lJM0lsMHNJbTV4Wmt4bGRtVnNJanBiSWpjaVhYMTlMQ0pqY21Wa1pXNTBhV0ZzVTNSaGRIVnpJanA3SW1sa0lqb2lhSFIwY0hNNkx5OWxjM05wWmk1bGRYSnZjR0V1WlhVdmMzUmhkSFZ6TDJWa2RXTmhkR2x2YmlOb2FXZG9aWEpGWkhWallYUnBiMjRqTXpreVlXTTNaall0TXprNVlTMDBNemRpTFdFeU5qZ3RORFk1TVdWaFpEaG1NVGMySWl3aWRIbHdaU0k2SWtOeVpXUmxiblJwWVd4VGRHRjBkWE5NYVhOME1qQXlNQ0o5TENKbGRtbGtaVzVqWlNJNmV5SmtiMk4xYldWdWRGQnlaWE5sYm1ObElqcGJJbEJvZVhOcFkyRnNJbDBzSW1WMmFXUmxibU5sUkc5amRXMWxiblFpT2xzaVVHRnpjM0J2Y25RaVhTd2lhV1FpT2lKb2RIUndjem92TDJWemMybG1MbVYxY205d1lTNWxkUzkwYzNJdGRtRXZaWFpwWkdWdVkyVXZaakpoWldWak9UY3RabU13WkMwME1tSm1MVGhqWVRjdE1EVTBPREU1TW1RMU5qYzRJaXdpYzNWaWFtVmpkRkJ5WlhObGJtTmxJam9pVUdoNWMybGpZV3dpTENKMGVYQmxJanBiSWtSdlkzVnRaVzUwVm1WeWFXWnBZMkYwYVc5dUlsMHNJblpsY21sbWFXVnlJam9pWkdsa09tVmljMms2TWprMk1tWmlOemcwWkdZMk1XSmhZVEkyTjJNNE1UTXlORGszTlRNNVpqaGpOamMwWWpNM1l6RXlORFJoTjJFaWZYMHNJbXAwYVNJNkluVnlianAxZFdsa09qWmlNemM1WlRVd0xUQXdNVGN0TkRVMk15MWlOalpqTFRReU1XWXpNelU1T1RRek55SjkuVGdUQzBGOEVLRlZwUDFLYVV0dHFzNTF4dHRhdTdsb05ReWdEeURTdzVZMURXM2x6aFV3UTlHbHFqaVNqNDJ1T0RibVdMZHVPM3JiaW1hdk1ZN3FNQ2ciXX0sImlhdCI6MTcyNjEzMzk4Mywibm9uY2UiOiJhYmNkIiwianRpIjoidXJuOnV1aWQ6YjczN2M0ZDUtMGEwYS00NGJhLWI0NDMtMTA2MTQzZDkzMzQ1In0.m_Ctm6228qgp7gf8-j7LA9uop7DpPom0bXxI1yuSA9DKMFEz4LQ2VRRoM1ZUh4Ivm5Xfsqx_E01I6Ed3TcVbBQ
8059 [pool-1-thread-1 @coroutine#207] DEBUG id.walt.services.vc.WaltIdJwtCredentialService - VP created:eyJraWQiOiJkaWQ6a2V5Ono2TWtnYkpjNUVuZTRFejVhU0ZOMWIzZjF2RnF0TnZyTTRZS0NLN3ZhN2ZIZmtGYiN6Nk1rZ2JKYzVFbmU0RXo1YVNGTjFiM2YxdkZxdE52ck00WUtDSzd2YTdmSGZrRmIiLCJ0eXAiOiJKV1QiLCJhbGciOiJFZERTQSJ9.eyJzdWIiOiJkaWQ6a2V5Ono2TWtnYkpjNUVuZTRFejVhU0ZOMWIzZjF2RnF0TnZyTTRZS0NLN3ZhN2ZIZmtGYiIsImF1ZCI6ImRpZDprZXk6ejZNa2diSmM1RW5lNEV6NWFTRk4xYjNmMXZGcXROdnJNNFlLQ0s3dmE3Zkhma0ZiIiwibmJmIjoxNzI2MTMzOTgzLCJpc3MiOiJkaWQ6a2V5Ono2TWtnYkpjNUVuZTRFejVhU0ZOMWIzZjF2RnF0TnZyTTRZS0NLN3ZhN2ZIZmtGYiIsInZwIjp7InR5cGUiOlsiVmVyaWZpYWJsZVByZXNlbnRhdGlvbiJdLCJAY29udGV4dCI6WyJodHRwczovL3d3dy53My5vcmcvMjAxOC9jcmVkZW50aWFscy92MSJdLCJpZCI6InVybjp1dWlkOmI3MzdjNGQ1LTBhMGEtNDRiYS1iNDQzLTEwNjE0M2Q5MzM0NSIsImhvbGRlciI6ImRpZDprZXk6ejZNa2diSmM1RW5lNEV6NWFTRk4xYjNmMXZGcXROdnJNNFlLQ0s3dmE3Zkhma0ZiIiwidmVyaWZpYWJsZUNyZWRlbnRpYWwiOlsiZXlKcmFXUWlPaUprYVdRNmEyVjVPbm8yVFd0bllrcGpOVVZ1WlRSRmVqVmhVMFpPTVdJelpqRjJSbkYwVG5aeVRUUlpTME5MTjNaaE4yWklabXRHWWlONk5rMXJaMkpLWXpWRmJtVTBSWG8xWVZOR1RqRmlNMll4ZGtaeGRFNTJjazAwV1V0RFN6ZDJZVGRtU0daclJtSWlMQ0owZVhBaU9pSktWMVFpTENKaGJHY2lPaUpGWkVSVFFTSjkuZXlKemRXSWlPaUprYVdRNmEyVjVPbm8yVFd0bllrcGpOVVZ1WlRSRmVqVmhVMFpPTVdJelpqRjJSbkYwVG5aeVRUUlpTME5MTjNaaE4yWklabXRHWWlJc0ltNWlaaUk2TVRjeU5qRXpNems0TXl3aWFYTnpJam9pWkdsa09tdGxlVHA2TmsxcloySktZelZGYm1VMFJYbzFZVk5HVGpGaU0yWXhka1p4ZEU1MmNrMDBXVXREU3pkMllUZG1TR1pyUm1JaUxDSnBZWFFpT2pFM01qWXhNek01T0RNc0luWmpJanA3SW5SNWNHVWlPbHNpVm1WeWFXWnBZV0pzWlVOeVpXUmxiblJwWVd3aUxDSldaWEpwWm1saFlteGxRWFIwWlhOMFlYUnBiMjRpTENKV1pYSnBabWxoWW14bFJHbHdiRzl0WVNKZExDSkFZMjl1ZEdWNGRDSTZXeUpvZEhSd2N6b3ZMM2QzZHk1M015NXZjbWN2TWpBeE9DOWpjbVZrWlc1MGFXRnNjeTkyTVNKZExDSnBaQ0k2SW5WeWJqcDFkV2xrT2paaU16YzVaVFV3TFRBd01UY3RORFUyTXkxaU5qWmpMVFF5TVdZek16VTVPVFF6TnlJc0ltbHpjM1ZsY2lJNkltUnBaRHByWlhrNmVqWk5hMmRpU21NMVJXNWxORVY2TldGVFJrNHhZak5tTVhaR2NYUk9kbkpOTkZsTFEwczNkbUUzWmtobWEwWmlJaXdpYVhOemRXRnVZMlZFWVhSbElqb2lNakF5TkMwd09TMHhNbFF3T1Rvek9UbzBNMW9pTENKcGMzTjFaV1FpT2lJeU1ESTBMVEE1TFRFeVZEQTVPak01T2pReldpSXNJblpoYkdsa1JuSnZiU0k2SWpJd01qUXRNRGt0TVRKVU1EazZNems2TkROYUlpd2laWGh3YVhKaGRHbHZia1JoZEdVaU9pSXlNREl5TFRBNExUTXhWREF3T2pBd09qQXdXaUlzSW1OeVpXUmxiblJwWVd4VFkyaGxiV0VpT25zaWFXUWlPaUpvZEhSd2N6b3ZMM0poZHk1bmFYUm9kV0oxYzJWeVkyOXVkR1Z1ZEM1amIyMHZkMkZzZEMxcFpDOTNZV3gwYVdRdGMzTnBhMmwwTFhaamJHbGlMMjFoYzNSbGNpOXpjbU12ZEdWemRDOXlaWE52ZFhKalpYTXZjMk5vWlcxaGN5OVdaWEpwWm1saFlteGxSR2x3Ykc5dFlTNXFjMjl1SWl3aWRIbHdaU0k2SWtwemIyNVRZMmhsYldGV1lXeHBaR0YwYjNJeU1ERTRJbjBzSW1OeVpXUmxiblJwWVd4VGRXSnFaV04wSWpwN0ltbGtJam9pWkdsa09tdGxlVHA2TmsxcloySktZelZGYm1VMFJYbzFZVk5HVGpGaU0yWXhka1p4ZEU1MmNrMDBXVXREU3pkMllUZG1TR1pyUm1JaUxDSmhkMkZ5WkdsdVowOXdjRzl5ZEhWdWFYUjVJanA3SW1GM1lYSmthVzVuUW05a2VTSTZleUpsYVdSaGMweGxaMkZzU1dSbGJuUnBabWxsY2lJNklsVnVhMjV2ZDI0aUxDSm9iMjFsY0dGblpTSTZJbWgwZEhCek9pOHZiR1ZoYzNSdmJpNWlZMlJwY0d4dmJXRXVZMjl0THlJc0ltbGtJam9pWkdsa09tVmljMms2TWtFNVFsbzVVMVZsTmtKaGRHRmpVM0IyY3pGV05VTmtha2gyVEhCUk4ySkZjMmt5U21JMlRHUklTMjVSZUdGT0lpd2ljSEpsWm1WeWNtVmtUbUZ0WlNJNklreGxZWE4wYjI0Z1ZXNXBkbVZ5YzJsMGVTSXNJbkpsWjJsemRISmhkR2x2YmlJNklqQTFPVGN3TmpWS0luMHNJbVZ1WkdWa1FYUlVhVzFsSWpvaU1qQXlNQzB3TmkweU5sUXdNRG93TURvd01Gb2lMQ0pwWkNJNkltaDBkSEJ6T2k4dmJHVmhjM1J2Ymk1aVkyUnBjR3h2YldFdVkyOXRMMnhoZHkxbFkyOXViMjFwWTNNdGJXRnVZV2RsYldWdWRDTkJkMkZ5WkdsdVowOXdjRzl5ZEhWdWFYUjVJaXdpYVdSbGJuUnBabWxsY2lJNkltaDBkSEJ6T2k4dlkyVnlkR2xtYVdOaGRHVXRaR1Z0Ynk1aVkyUnBjR3h2YldFdVkyOXRMMk5vWldOckx6ZzNSVVF5UmpJeU56QkZOa00wTVRRMU5rVTVORUk0TmtJNVJEa3hNVFZDTkVVek5VSkRRMEZFTWpBd1FUUTVRamcwTmpVNU1rTXhORVkzT1VNNE5rSldNVVp1WW14c2RHRXdUbHBVYmtwclVqTnNSRmRzVW0xVVJHeFRVbFZLUlZaR1drbFRiVTV0V1hwS2FGVlZOWE5hVlVvMVdqSkdTbE5JY0ZkaWJWcGFJaXdpYkc5allYUnBiMjRpT2lKR1VrRk9RMFVpTENKemRHRnlkR1ZrUVhSVWFXMWxJam9pTWpBeE9TMHdPUzB3TWxRd01Eb3dNRG93TUZvaWZTd2laR0YwWlU5bVFtbHlkR2dpT2lJeE9Ua3pMVEEwTFRBNElpd2labUZ0YVd4NVRtRnRaU0k2SWtSUFJTSXNJbWRwZG1WdVRtRnRaWE1pT2lKS1lXNWxJaXdpWjNKaFpHbHVaMU5qYUdWdFpTSTZleUpwWkNJNkltaDBkSEJ6T2k4dmJHVmhjM1J2Ymk1aVkyUnBjR3h2YldFdVkyOXRMMnhoZHkxbFkyOXViMjFwWTNNdGJXRnVZV2RsYldWdWRDTkhjbUZrYVc1blUyTm9aVzFsSWl3aWRHbDBiR1VpT2lKTWIzZGxjaUJUWldOdmJtUXRRMnhoYzNNZ1NHOXViM1Z5Y3lKOUxDSnBaR1Z1ZEdsbWFXVnlJam9pTURrd05EQXdPREE0TkVnaUxDSnNaV0Z5Ym1sdVowRmphR2xsZG1WdFpXNTBJanA3SW1Ga1pHbDBhVzl1WVd4T2IzUmxJanBiSWtSSlUxUlNTVUpWVkVsUFRpQk5RVTVCUjBWTlJVNVVJbDBzSW1SbGMyTnlhWEIwYVc5dUlqb2lUVUZTUzBWVVNVNUhJRUZPUkNCVFFVeEZVeUlzSW1sa0lqb2lhSFIwY0hNNkx5OXNaV0Z6ZEc5dUxtSmpaR2x3Ykc5dFlTNWpiMjB2YkdGM0xXVmpiMjV2YldsamN5MXRZVzVoWjJWdFpXNTBJMHhsWVhKdWFXNW5RV05vYVdWMmJXVnVkQ0lzSW5ScGRHeGxJam9pVFVGVFZFVlNVeUJNUVZjc0lFVkRUMDVQVFVsRFV5QkJUa1FnVFVGT1FVZEZUVVZPVkNKOUxDSnNaV0Z5Ym1sdVoxTndaV05wWm1sallYUnBiMjRpT25zaVpXTjBjME55WldScGRGQnZhVzUwY3lJNk1USXdMQ0psY1daTVpYWmxiQ0k2Tnl3aWFXUWlPaUpvZEhSd2N6b3ZMMnhsWVhOMGIyNHVZbU5rYVhCc2IyMWhMbU52YlM5c1lYY3RaV052Ym05dGFXTnpMVzFoYm1GblpXMWxiblFqVEdWaGNtNXBibWRUY0dWamFXWnBZMkYwYVc5dUlpd2lhWE5qWldSbVEyOWtaU0k2V3lJM0lsMHNJbTV4Wmt4bGRtVnNJanBiSWpjaVhYMTlMQ0pqY21Wa1pXNTBhV0ZzVTNSaGRIVnpJanA3SW1sa0lqb2lhSFIwY0hNNkx5OWxjM05wWmk1bGRYSnZjR0V1WlhVdmMzUmhkSFZ6TDJWa2RXTmhkR2x2YmlOb2FXZG9aWEpGWkhWallYUnBiMjRqTXpreVlXTTNaall0TXprNVlTMDBNemRpTFdFeU5qZ3RORFk1TVdWaFpEaG1NVGMySWl3aWRIbHdaU0k2SWtOeVpXUmxiblJwWVd4VGRHRjBkWE5NYVhOME1qQXlNQ0o5TENKbGRtbGtaVzVqWlNJNmV5SmtiMk4xYldWdWRGQnlaWE5sYm1ObElqcGJJbEJvZVhOcFkyRnNJbDBzSW1WMmFXUmxibU5sUkc5amRXMWxiblFpT2xzaVVHRnpjM0J2Y25RaVhTd2lhV1FpT2lKb2RIUndjem92TDJWemMybG1MbVYxY205d1lTNWxkUzkwYzNJdGRtRXZaWFpwWkdWdVkyVXZaakpoWldWak9UY3RabU13WkMwME1tSm1MVGhqWVRjdE1EVTBPREU1TW1RMU5qYzRJaXdpYzNWaWFtVmpkRkJ5WlhObGJtTmxJam9pVUdoNWMybGpZV3dpTENKMGVYQmxJanBiSWtSdlkzVnRaVzUwVm1WeWFXWnBZMkYwYVc5dUlsMHNJblpsY21sbWFXVnlJam9pWkdsa09tVmljMms2TWprMk1tWmlOemcwWkdZMk1XSmhZVEkyTjJNNE1UTXlORGszTlRNNVpqaGpOamMwWWpNM1l6RXlORFJoTjJFaWZYMHNJbXAwYVNJNkluVnlianAxZFdsa09qWmlNemM1WlRVd0xUQXdNVGN0TkRVMk15MWlOalpqTFRReU1XWXpNelU1T1RRek55SjkuVGdUQzBGOEVLRlZwUDFLYVV0dHFzNTF4dHRhdTdsb05ReWdEeURTdzVZMURXM2x6aFV3UTlHbHFqaVNqNDJ1T0RibVdMZHVPM3JiaW1hdk1ZN3FNQ2ciXX0sImlhdCI6MTcyNjEzMzk4Mywibm9uY2UiOiJhYmNkIiwianRpIjoidXJuOnV1aWQ6YjczN2M0ZDUtMGEwYS00NGJhLWI0NDMtMTA2MTQzZDkzMzQ1In0.m_Ctm6228qgp7gf8-j7LA9uop7DpPom0bXxI1yuSA9DKMFEz4LQ2VRRoM1ZUh4Ivm5Xfsqx_E01I6Ed3TcVbBQ
8065 [pool-1-thread-1 @coroutine#208] DEBUG id.walt.services.keystore.HKVKeyStoreService - Storing key "f0b49de0dbb14251ab4f34d7d241b324".
8065 [pool-1-thread-1 @coroutine#208] DEBUG id.walt.services.keystore.HKVKeyStoreService - Loading key "f0b49de0dbb14251ab4f34d7d241b324".
8065 [pool-1-thread-1 @coroutine#208] DEBUG id.walt.model.DidUrl - Trying to create DidUrl from URL: "did:key:z6MkqV444ccBYLDkHABDAcEUTMQSuvesyqGge6T78JU6o43G"...
8067 [pool-1-thread-1 @coroutine#208] DEBUG id.walt.services.keystore.HKVKeyStoreService - Loading key "f0b49de0dbb14251ab4f34d7d241b324".
8067 [pool-1-thread-1 @coroutine#208] DEBUG id.walt.services.did.DidService - A key with the id "f0b49de0dbb14251ab4f34d7d241b324" exists.
8067 [pool-1-thread-1 @coroutine#208] DEBUG id.walt.model.DidUrl - Trying to create DidUrl from URL: "did:key:z6MkqV444ccBYLDkHABDAcEUTMQSuvesyqGge6T78JU6o43G"...
8067 [pool-1-thread-1 @coroutine#208] DEBUG id.walt.model.DidUrl - Trying to create DidUrl from URL: "did:key:z6MkqV444ccBYLDkHABDAcEUTMQSuvesyqGge6T78JU6o43G"...
8068 [pool-1-thread-1 @coroutine#208] DEBUG id.walt.model.DidUrl - Trying to create DidUrl from URL: "did:key:z6MkqV444ccBYLDkHABDAcEUTMQSuvesyqGge6T78JU6o43G"...
8068 [pool-1-thread-1 @coroutine#208] DEBUG id.walt.model.DidUrl - Trying to create DidUrl from URL: "did:key:z6MkqV444ccBYLDkHABDAcEUTMQSuvesyqGge6T78JU6o43G"...
8068 [pool-1-thread-1 @coroutine#208] DEBUG id.walt.model.DidUrl - Trying to create DidUrl from URL: "did:key:z6MkqV444ccBYLDkHABDAcEUTMQSuvesyqGge6T78JU6o43G"...
8068 [pool-1-thread-1 @coroutine#208] DEBUG id.walt.signatory.WaltIdSignatory - Signing credential with proof using LD_PROOF...
8068 [pool-1-thread-1 @coroutine#208] DEBUG id.walt.signatory.WaltIdSignatory - Signing credential with proof using LD_PROOF, credential is: {"type":["VerifiableCredential","VerifiableAttestation","VerifiableDiploma"],"@context":["https://www.w3.org/2018/credentials/v1"],"id":"urn:uuid:79d53a66-7804-4abb-bc09-83c97ccbd30b","issuer":"did:key:z6MkqV444ccBYLDkHABDAcEUTMQSuvesyqGge6T78JU6o43G","issuanceDate":"2024-09-12T09:39:43Z","issued":"2024-09-12T09:39:43Z","validFrom":"2024-09-12T09:39:43Z","expirationDate":"2022-08-31T00:00:00Z","credentialSchema":{"id":"https://raw.githubusercontent.com/walt-id/waltid-ssikit-vclib/master/src/test/resources/schemas/VerifiableDiploma.json","type":"JsonSchemaValidator2018"},"credentialSubject":{"id":"did:key:z6MkqV444ccBYLDkHABDAcEUTMQSuvesyqGge6T78JU6o43G","awardingOpportunity":{"awardingBody":{"eidasLegalIdentifier":"Unknown","homepage":"https://leaston.bcdiploma.com/","id":"did:ebsi:2A9BZ9SUe6BatacSpvs1V5CdjHvLpQ7bEsi2Jb6LdHKnQxaN","preferredName":"Leaston University","registration":"0597065J"},"endedAtTime":"2020-06-26T00:00:00Z","id":"https://leaston.bcdiploma.com/law-economics-management#AwardingOpportunity","identifier":"https://certificate-demo.bcdiploma.com/check/87ED2F2270E6C41456E94B86B9D9115B4E35BCCAD200A49B846592C14F79C86BV1Fnbllta0NZTnJkR3lDWlRmTDlSRUJEVFZISmNmYzJhUU5sZUJ5Z2FJSHpWbmZZ","location":"FRANCE","startedAtTime":"2019-09-02T00:00:00Z"},"dateOfBirth":"1993-04-08","familyName":"DOE","givenNames":"Jane","gradingScheme":{"id":"https://leaston.bcdiploma.com/law-economics-management#GradingScheme","title":"Lower Second-Class Honours"},"identifier":"0904008084H","learningAchievement":{"additionalNote":["DISTRIBUTION MANAGEMENT"],"description":"MARKETING AND SALES","id":"https://leaston.bcdiploma.com/law-economics-management#LearningAchievment","title":"MASTERS LAW, ECONOMICS AND MANAGEMENT"},"learningSpecification":{"ectsCreditPoints":120,"eqfLevel":7,"id":"https://leaston.bcdiploma.com/law-economics-management#LearningSpecification","iscedfCode":["7"],"nqfLevel":["7"]}},"credentialStatus":{"id":"https://essif.europa.eu/status/education#higherEducation#392ac7f6-399a-437b-a268-4691ead8f176","type":"CredentialStatusList2020"},"evidence":{"documentPresence":["Physical"],"evidenceDocument":["Passport"],"id":"https://essif.europa.eu/tsr-va/evidence/f2aeec97-fc0d-42bf-8ca7-0548192d5678","subjectPresence":"Physical","type":["DocumentVerification"],"verifier":"did:ebsi:2962fb784df61baa267c8132497539f8c674b37c1244a7a"}}
8068 [pool-1-thread-1 @coroutine#208] DEBUG id.walt.services.vc.WaltIdJsonLdCredentialService - Signing jsonLd object with: issuerDid (did:key:z6MkqV444ccBYLDkHABDAcEUTMQSuvesyqGge6T78JU6o43G), domain (null), nonce (null
8068 [pool-1-thread-1 @coroutine#208] DEBUG id.walt.services.keystore.HKVKeyStoreService - Loading key "did:key:z6MkqV444ccBYLDkHABDAcEUTMQSuvesyqGge6T78JU6o43G#z6MkqV444ccBYLDkHABDAcEUTMQSuvesyqGge6T78JU6o43G".
8068 [pool-1-thread-1 @coroutine#208] DEBUG id.walt.services.vc.WaltIdJsonLdCredentialService - Signing: {"type":["VerifiableCredential","VerifiableAttestation","VerifiableDiploma"],"@context":["https://www.w3.org/2018/credentials/v1"],"id":"urn:uuid:79d53a66-7804-4abb-bc09-83c97ccbd30b","issuer":"did:key:z6MkqV444ccBYLDkHABDAcEUTMQSuvesyqGge6T78JU6o43G","issuanceDate":"2024-09-12T09:39:43Z","issued":"2024-09-12T09:39:43Z","validFrom":"2024-09-12T09:39:43Z","expirationDate":"2022-08-31T00:00:00Z","credentialSchema":{"id":"https://raw.githubusercontent.com/walt-id/waltid-ssikit-vclib/master/src/test/resources/schemas/VerifiableDiploma.json","type":"JsonSchemaValidator2018"},"credentialSubject":{"id":"did:key:z6MkqV444ccBYLDkHABDAcEUTMQSuvesyqGge6T78JU6o43G","awardingOpportunity":{"awardingBody":{"eidasLegalIdentifier":"Unknown","homepage":"https://leaston.bcdiploma.com/","id":"did:ebsi:2A9BZ9SUe6BatacSpvs1V5CdjHvLpQ7bEsi2Jb6LdHKnQxaN","preferredName":"Leaston University","registration":"0597065J"},"endedAtTime":"2020-06-26T00:00:00Z","id":"https://leaston.bcdiploma.com/law-economics-management#AwardingOpportunity","identifier":"https://certificate-demo.bcdiploma.com/check/87ED2F2270E6C41456E94B86B9D9115B4E35BCCAD200A49B846592C14F79C86BV1Fnbllta0NZTnJkR3lDWlRmTDlSRUJEVFZISmNmYzJhUU5sZUJ5Z2FJSHpWbmZZ","location":"FRANCE","startedAtTime":"2019-09-02T00:00:00Z"},"dateOfBirth":"1993-04-08","familyName":"DOE","givenNames":"Jane","gradingScheme":{"id":"https://leaston.bcdiploma.com/law-economics-management#GradingScheme","title":"Lower Second-Class Honours"},"identifier":"0904008084H","learningAchievement":{"additionalNote":["DISTRIBUTION MANAGEMENT"],"description":"MARKETING AND SALES","id":"https://leaston.bcdiploma.com/law-economics-management#LearningAchievment","title":"MASTERS LAW, ECONOMICS AND MANAGEMENT"},"learningSpecification":{"ectsCreditPoints":120,"eqfLevel":7,"id":"https://leaston.bcdiploma.com/law-economics-management#LearningSpecification","iscedfCode":["7"],"nqfLevel":["7"]}},"credentialStatus":{"id":"https://essif.europa.eu/status/education#higherEducation#392ac7f6-399a-437b-a268-4691ead8f176","type":"CredentialStatusList2020"},"evidence":{"documentPresence":["Physical"],"evidenceDocument":["Passport"],"id":"https://essif.europa.eu/tsr-va/evidence/f2aeec97-fc0d-42bf-8ca7-0548192d5678","subjectPresence":"Physical","type":["DocumentVerification"],"verifier":"did:ebsi:2962fb784df61baa267c8132497539f8c674b37c1244a7a"}}
Sep 12, 2024 11:39:43 AM com.apicatalog.jsonld.deseralization.JsonLdToRdf build
WARNING: Non well-formed subject [https://essif.europa.eu/status/education#higherEducation#392ac7f6-399a-437b-a268-4691ead8f176] has been skipped.
8070 [pool-1-thread-1 @coroutine#208] DEBUG id.walt.services.keystore.HKVKeyStoreService - Loading key "f0b49de0dbb14251ab4f34d7d241b324".
8070 [pool-1-thread-1 @coroutine#208] DEBUG id.walt.services.keystore.HKVKeyStoreService - Loading key "f0b49de0dbb14251ab4f34d7d241b324".
8071 [pool-1-thread-1 @coroutine#208] DEBUG id.walt.services.keystore.HKVKeyStoreService - Loading key "f0b49de0dbb14251ab4f34d7d241b324".
8071 [pool-1-thread-1 @coroutine#208] DEBUG id.walt.signatory.WaltIdSignatory - Signed VC is: {
  "type" : [ "VerifiableCredential", "VerifiableAttestation", "VerifiableDiploma" ],
  "@context" : [ "https://www.w3.org/2018/credentials/v1", "https://w3id.org/security/suites/jws-2020/v1" ],
  "id" : "urn:uuid:79d53a66-7804-4abb-bc09-83c97ccbd30b",
  "issuer" : "did:key:z6MkqV444ccBYLDkHABDAcEUTMQSuvesyqGge6T78JU6o43G",
  "issuanceDate" : "2024-09-12T09:39:43Z",
  "issued" : "2024-09-12T09:39:43Z",
  "validFrom" : "2024-09-12T09:39:43Z",
  "expirationDate" : "2022-08-31T00:00:00Z",
  "credentialSchema" : {
    "id" : "https://raw.githubusercontent.com/walt-id/waltid-ssikit-vclib/master/src/test/resources/schemas/VerifiableDiploma.json",
    "type" : "JsonSchemaValidator2018"
  },
  "credentialSubject" : {
    "id" : "did:key:z6MkqV444ccBYLDkHABDAcEUTMQSuvesyqGge6T78JU6o43G",
    "awardingOpportunity" : {
      "awardingBody" : {
        "eidasLegalIdentifier" : "Unknown",
        "homepage" : "https://leaston.bcdiploma.com/",
        "id" : "did:ebsi:2A9BZ9SUe6BatacSpvs1V5CdjHvLpQ7bEsi2Jb6LdHKnQxaN",
        "preferredName" : "Leaston University",
        "registration" : "0597065J"
      },
      "endedAtTime" : "2020-06-26T00:00:00Z",
      "id" : "https://leaston.bcdiploma.com/law-economics-management#AwardingOpportunity",
      "identifier" : "https://certificate-demo.bcdiploma.com/check/87ED2F2270E6C41456E94B86B9D9115B4E35BCCAD200A49B846592C14F79C86BV1Fnbllta0NZTnJkR3lDWlRmTDlSRUJEVFZISmNmYzJhUU5sZUJ5Z2FJSHpWbmZZ",
      "location" : "FRANCE",
      "startedAtTime" : "2019-09-02T00:00:00Z"
    },
    "dateOfBirth" : "1993-04-08",
    "familyName" : "DOE",
    "givenNames" : "Jane",
    "gradingScheme" : {
      "id" : "https://leaston.bcdiploma.com/law-economics-management#GradingScheme",
      "title" : "Lower Second-Class Honours"
    },
    "identifier" : "0904008084H",
    "learningAchievement" : {
      "additionalNote" : [ "DISTRIBUTION MANAGEMENT" ],
      "description" : "MARKETING AND SALES",
      "id" : "https://leaston.bcdiploma.com/law-economics-management#LearningAchievment",
      "title" : "MASTERS LAW, ECONOMICS AND MANAGEMENT"
    },
    "learningSpecification" : {
      "ectsCreditPoints" : 120,
      "eqfLevel" : 7,
      "id" : "https://leaston.bcdiploma.com/law-economics-management#LearningSpecification",
      "iscedfCode" : [ "7" ],
      "nqfLevel" : [ "7" ]
    }
  },
  "credentialStatus" : {
    "id" : "https://essif.europa.eu/status/education#higherEducation#392ac7f6-399a-437b-a268-4691ead8f176",
    "type" : "CredentialStatusList2020"
  },
  "evidence" : {
    "documentPresence" : [ "Physical" ],
    "evidenceDocument" : [ "Passport" ],
    "id" : "https://essif.europa.eu/tsr-va/evidence/f2aeec97-fc0d-42bf-8ca7-0548192d5678",
    "subjectPresence" : "Physical",
    "type" : [ "DocumentVerification" ],
    "verifier" : "did:ebsi:2962fb784df61baa267c8132497539f8c674b37c1244a7a"
  },
  "proof" : {
    "type" : "JsonWebSignature2020",
    "creator" : "did:key:z6MkqV444ccBYLDkHABDAcEUTMQSuvesyqGge6T78JU6o43G",
    "created" : "2024-09-12T09:39:43Z",
    "verificationMethod" : "did:key:z6MkqV444ccBYLDkHABDAcEUTMQSuvesyqGge6T78JU6o43G#z6MkqV444ccBYLDkHABDAcEUTMQSuvesyqGge6T78JU6o43G",
    "jws" : "eyJiNjQiOmZhbHNlLCJjcml0IjpbImI2NCJdLCJhbGciOiJFZERTQSJ9..Q8YcpFpWKUafXbP543XwfhxH0iUct48BjCG2WD0i1_RbI8HnEEP9VuhhiH8KeFGD8fKzl46wfsfl_ByLzKCNDw"
  }
}
8071 [pool-1-thread-1 @coroutine#208] DEBUG id.walt.model.DidUrl - Trying to create DidUrl from URL: "did:key:z6MkqV444ccBYLDkHABDAcEUTMQSuvesyqGge6T78JU6o43G"...
8071 [pool-1-thread-1 @coroutine#208] DEBUG id.walt.model.DidUrl - Trying to create DidUrl from URL: "did:key:z6MkqV444ccBYLDkHABDAcEUTMQSuvesyqGge6T78JU6o43G"...
8072 [pool-1-thread-1 @coroutine#208] DEBUG id.walt.signatory.WaltIdSignatory - Signing credential with proof using JWT...
8072 [pool-1-thread-1 @coroutine#208] DEBUG id.walt.signatory.WaltIdSignatory - Signing credential with proof using JWT, credential is: {"type":["VerifiableCredential","VerifiableAttestation","VerifiableDiploma"],"@context":["https://www.w3.org/2018/credentials/v1"],"id":"urn:uuid:5de6e1a7-5fb4-433f-b944-9ab10156207b","issuer":"did:key:z6MkqV444ccBYLDkHABDAcEUTMQSuvesyqGge6T78JU6o43G","issuanceDate":"2024-09-12T09:39:43Z","issued":"2024-09-12T09:39:43Z","validFrom":"2024-09-12T09:39:43Z","expirationDate":"2022-08-31T00:00:00Z","credentialSchema":{"id":"https://raw.githubusercontent.com/walt-id/waltid-ssikit-vclib/master/src/test/resources/schemas/VerifiableDiploma.json","type":"JsonSchemaValidator2018"},"credentialSubject":{"id":"did:key:z6MkqV444ccBYLDkHABDAcEUTMQSuvesyqGge6T78JU6o43G","awardingOpportunity":{"awardingBody":{"eidasLegalIdentifier":"Unknown","homepage":"https://leaston.bcdiploma.com/","id":"did:ebsi:2A9BZ9SUe6BatacSpvs1V5CdjHvLpQ7bEsi2Jb6LdHKnQxaN","preferredName":"Leaston University","registration":"0597065J"},"endedAtTime":"2020-06-26T00:00:00Z","id":"https://leaston.bcdiploma.com/law-economics-management#AwardingOpportunity","identifier":"https://certificate-demo.bcdiploma.com/check/87ED2F2270E6C41456E94B86B9D9115B4E35BCCAD200A49B846592C14F79C86BV1Fnbllta0NZTnJkR3lDWlRmTDlSRUJEVFZISmNmYzJhUU5sZUJ5Z2FJSHpWbmZZ","location":"FRANCE","startedAtTime":"2019-09-02T00:00:00Z"},"dateOfBirth":"1993-04-08","familyName":"DOE","givenNames":"Jane","gradingScheme":{"id":"https://leaston.bcdiploma.com/law-economics-management#GradingScheme","title":"Lower Second-Class Honours"},"identifier":"0904008084H","learningAchievement":{"additionalNote":["DISTRIBUTION MANAGEMENT"],"description":"MARKETING AND SALES","id":"https://leaston.bcdiploma.com/law-economics-management#LearningAchievment","title":"MASTERS LAW, ECONOMICS AND MANAGEMENT"},"learningSpecification":{"ectsCreditPoints":120,"eqfLevel":7,"id":"https://leaston.bcdiploma.com/law-economics-management#LearningSpecification","iscedfCode":["7"],"nqfLevel":["7"]}},"credentialStatus":{"id":"https://essif.europa.eu/status/education#higherEducation#392ac7f6-399a-437b-a268-4691ead8f176","type":"CredentialStatusList2020"},"evidence":{"documentPresence":["Physical"],"evidenceDocument":["Passport"],"id":"https://essif.europa.eu/tsr-va/evidence/f2aeec97-fc0d-42bf-8ca7-0548192d5678","subjectPresence":"Physical","type":["DocumentVerification"],"verifier":"did:ebsi:2962fb784df61baa267c8132497539f8c674b37c1244a7a"}}
8072 [pool-1-thread-1 @coroutine#208] DEBUG id.walt.services.vc.WaltIdJwtCredentialService - Signing JWT object with config: ProofConfig(issuerDid=did:key:z6MkqV444ccBYLDkHABDAcEUTMQSuvesyqGge6T78JU6o43G, subjectDid=did:key:z6MkqV444ccBYLDkHABDAcEUTMQSuvesyqGge6T78JU6o43G, verifierDid=null, issuerVerificationMethod=did:key:z6MkqV444ccBYLDkHABDAcEUTMQSuvesyqGge6T78JU6o43G#z6MkqV444ccBYLDkHABDAcEUTMQSuvesyqGge6T78JU6o43G, proofType=JWT, domain=null, nonce=null, proofPurpose=null, credentialId=urn:uuid:5de6e1a7-5fb4-433f-b944-9ab10156207b, issueDate=2024-09-12T09:39:43.291936865Z, validDate=2024-09-12T09:39:43.291938929Z, expirationDate=null, dataProviderIdentifier=null, ldSignatureType=null, creator=did:key:z6MkqV444ccBYLDkHABDAcEUTMQSuvesyqGge6T78JU6o43G, ecosystem=DEFAULT, statusType=null, statusPurpose=revocation, credentialsEndpoint=null, selectiveDisclosure=null)
8072 [pool-1-thread-1 @coroutine#208] DEBUG id.walt.services.vc.WaltIdJwtCredentialService - Signing: {"sub":"did:key:z6MkqV444ccBYLDkHABDAcEUTMQSuvesyqGge6T78JU6o43G","nbf":1726133983,"iss":"did:key:z6MkqV444ccBYLDkHABDAcEUTMQSuvesyqGge6T78JU6o43G","iat":1726133983,"vc":{"type":["VerifiableCredential","VerifiableAttestation","VerifiableDiploma"],"@context":["https://www.w3.org/2018/credentials/v1"],"id":"urn:uuid:5de6e1a7-5fb4-433f-b944-9ab10156207b","issuer":"did:key:z6MkqV444ccBYLDkHABDAcEUTMQSuvesyqGge6T78JU6o43G","issuanceDate":"2024-09-12T09:39:43Z","issued":"2024-09-12T09:39:43Z","validFrom":"2024-09-12T09:39:43Z","expirationDate":"2022-08-31T00:00:00Z","credentialSchema":{"id":"https://raw.githubusercontent.com/walt-id/waltid-ssikit-vclib/master/src/test/resources/schemas/VerifiableDiploma.json","type":"JsonSchemaValidator2018"},"credentialSubject":{"id":"did:key:z6MkqV444ccBYLDkHABDAcEUTMQSuvesyqGge6T78JU6o43G","awardingOpportunity":{"awardingBody":{"eidasLegalIdentifier":"Unknown","homepage":"https://leaston.bcdiploma.com/","id":"did:ebsi:2A9BZ9SUe6BatacSpvs1V5CdjHvLpQ7bEsi2Jb6LdHKnQxaN","preferredName":"Leaston University","registration":"0597065J"},"endedAtTime":"2020-06-26T00:00:00Z","id":"https://leaston.bcdiploma.com/law-economics-management#AwardingOpportunity","identifier":"https://certificate-demo.bcdiploma.com/check/87ED2F2270E6C41456E94B86B9D9115B4E35BCCAD200A49B846592C14F79C86BV1Fnbllta0NZTnJkR3lDWlRmTDlSRUJEVFZISmNmYzJhUU5sZUJ5Z2FJSHpWbmZZ","location":"FRANCE","startedAtTime":"2019-09-02T00:00:00Z"},"dateOfBirth":"1993-04-08","familyName":"DOE","givenNames":"Jane","gradingScheme":{"id":"https://leaston.bcdiploma.com/law-economics-management#GradingScheme","title":"Lower Second-Class Honours"},"identifier":"0904008084H","learningAchievement":{"additionalNote":["DISTRIBUTION MANAGEMENT"],"description":"MARKETING AND SALES","id":"https://leaston.bcdiploma.com/law-economics-management#LearningAchievment","title":"MASTERS LAW, ECONOMICS AND MANAGEMENT"},"learningSpecification":{"ectsCreditPoints":120,"eqfLevel":7,"id":"https://leaston.bcdiploma.com/law-economics-management#LearningSpecification","iscedfCode":["7"],"nqfLevel":["7"]}},"credentialStatus":{"id":"https://essif.europa.eu/status/education#higherEducation#392ac7f6-399a-437b-a268-4691ead8f176","type":"CredentialStatusList2020"},"evidence":{"documentPresence":["Physical"],"evidenceDocument":["Passport"],"id":"https://essif.europa.eu/tsr-va/evidence/f2aeec97-fc0d-42bf-8ca7-0548192d5678","subjectPresence":"Physical","type":["DocumentVerification"],"verifier":"did:ebsi:2962fb784df61baa267c8132497539f8c674b37c1244a7a"}},"jti":"urn:uuid:5de6e1a7-5fb4-433f-b944-9ab10156207b"}
8072 [pool-1-thread-1 @coroutine#208] DEBUG id.walt.services.keystore.HKVKeyStoreService - Loading key "did:key:z6MkqV444ccBYLDkHABDAcEUTMQSuvesyqGge6T78JU6o43G#z6MkqV444ccBYLDkHABDAcEUTMQSuvesyqGge6T78JU6o43G".
8072 [pool-1-thread-1 @coroutine#208] DEBUG id.walt.services.jwt.WaltIdJwtService - Signing JWT with algorithm: EdDSA_Ed25519
8072 [pool-1-thread-1 @coroutine#208] DEBUG id.walt.model.DidUrl - Trying to create DidUrl from URL: "did:key:z6MkqV444ccBYLDkHABDAcEUTMQSuvesyqGge6T78JU6o43G#z6MkqV444ccBYLDkHABDAcEUTMQSuvesyqGge6T78JU6o43G"...
8072 [pool-1-thread-1 @coroutine#208] DEBUG id.walt.services.keystore.HKVKeyStoreService - Loading key "f0b49de0dbb14251ab4f34d7d241b324".
8074 [pool-1-thread-1 @coroutine#208] DEBUG id.walt.services.jwt.WaltIdJwtService - Signed JWT:  eyJraWQiOiJkaWQ6a2V5Ono2TWtxVjQ0NGNjQllMRGtIQUJEQWNFVVRNUVN1dmVzeXFHZ2U2VDc4SlU2bzQzRyN6Nk1rcVY0NDRjY0JZTERrSEFCREFjRVVUTVFTdXZlc3lxR2dlNlQ3OEpVNm80M0ciLCJ0eXAiOiJKV1QiLCJhbGciOiJFZERTQSJ9.eyJzdWIiOiJkaWQ6a2V5Ono2TWtxVjQ0NGNjQllMRGtIQUJEQWNFVVRNUVN1dmVzeXFHZ2U2VDc4SlU2bzQzRyIsIm5iZiI6MTcyNjEzMzk4MywiaXNzIjoiZGlkOmtleTp6Nk1rcVY0NDRjY0JZTERrSEFCREFjRVVUTVFTdXZlc3lxR2dlNlQ3OEpVNm80M0ciLCJpYXQiOjE3MjYxMzM5ODMsInZjIjp7InR5cGUiOlsiVmVyaWZpYWJsZUNyZWRlbnRpYWwiLCJWZXJpZmlhYmxlQXR0ZXN0YXRpb24iLCJWZXJpZmlhYmxlRGlwbG9tYSJdLCJAY29udGV4dCI6WyJodHRwczovL3d3dy53My5vcmcvMjAxOC9jcmVkZW50aWFscy92MSJdLCJpZCI6InVybjp1dWlkOjVkZTZlMWE3LTVmYjQtNDMzZi1iOTQ0LTlhYjEwMTU2MjA3YiIsImlzc3VlciI6ImRpZDprZXk6ejZNa3FWNDQ0Y2NCWUxEa0hBQkRBY0VVVE1RU3V2ZXN5cUdnZTZUNzhKVTZvNDNHIiwiaXNzdWFuY2VEYXRlIjoiMjAyNC0wOS0xMlQwOTozOTo0M1oiLCJpc3N1ZWQiOiIyMDI0LTA5LTEyVDA5OjM5OjQzWiIsInZhbGlkRnJvbSI6IjIwMjQtMDktMTJUMDk6Mzk6NDNaIiwiZXhwaXJhdGlvbkRhdGUiOiIyMDIyLTA4LTMxVDAwOjAwOjAwWiIsImNyZWRlbnRpYWxTY2hlbWEiOnsiaWQiOiJodHRwczovL3Jhdy5naXRodWJ1c2VyY29udGVudC5jb20vd2FsdC1pZC93YWx0aWQtc3Npa2l0LXZjbGliL21hc3Rlci9zcmMvdGVzdC9yZXNvdXJjZXMvc2NoZW1hcy9WZXJpZmlhYmxlRGlwbG9tYS5qc29uIiwidHlwZSI6Ikpzb25TY2hlbWFWYWxpZGF0b3IyMDE4In0sImNyZWRlbnRpYWxTdWJqZWN0Ijp7ImlkIjoiZGlkOmtleTp6Nk1rcVY0NDRjY0JZTERrSEFCREFjRVVUTVFTdXZlc3lxR2dlNlQ3OEpVNm80M0ciLCJhd2FyZGluZ09wcG9ydHVuaXR5Ijp7ImF3YXJkaW5nQm9keSI6eyJlaWRhc0xlZ2FsSWRlbnRpZmllciI6IlVua25vd24iLCJob21lcGFnZSI6Imh0dHBzOi8vbGVhc3Rvbi5iY2RpcGxvbWEuY29tLyIsImlkIjoiZGlkOmVic2k6MkE5Qlo5U1VlNkJhdGFjU3B2czFWNUNkakh2THBRN2JFc2kySmI2TGRIS25ReGFOIiwicHJlZmVycmVkTmFtZSI6IkxlYXN0b24gVW5pdmVyc2l0eSIsInJlZ2lzdHJhdGlvbiI6IjA1OTcwNjVKIn0sImVuZGVkQXRUaW1lIjoiMjAyMC0wNi0yNlQwMDowMDowMFoiLCJpZCI6Imh0dHBzOi8vbGVhc3Rvbi5iY2RpcGxvbWEuY29tL2xhdy1lY29ub21pY3MtbWFuYWdlbWVudCNBd2FyZGluZ09wcG9ydHVuaXR5IiwiaWRlbnRpZmllciI6Imh0dHBzOi8vY2VydGlmaWNhdGUtZGVtby5iY2RpcGxvbWEuY29tL2NoZWNrLzg3RUQyRjIyNzBFNkM0MTQ1NkU5NEI4NkI5RDkxMTVCNEUzNUJDQ0FEMjAwQTQ5Qjg0NjU5MkMxNEY3OUM4NkJWMUZuYmxsdGEwTlpUbkprUjNsRFdsUm1URGxTUlVKRVZGWklTbU5tWXpKaFVVNXNaVUo1WjJGSlNIcFdibVpaIiwibG9jYXRpb24iOiJGUkFOQ0UiLCJzdGFydGVkQXRUaW1lIjoiMjAxOS0wOS0wMlQwMDowMDowMFoifSwiZGF0ZU9mQmlydGgiOiIxOTkzLTA0LTA4IiwiZmFtaWx5TmFtZSI6IkRPRSIsImdpdmVuTmFtZXMiOiJKYW5lIiwiZ3JhZGluZ1NjaGVtZSI6eyJpZCI6Imh0dHBzOi8vbGVhc3Rvbi5iY2RpcGxvbWEuY29tL2xhdy1lY29ub21pY3MtbWFuYWdlbWVudCNHcmFkaW5nU2NoZW1lIiwidGl0bGUiOiJMb3dlciBTZWNvbmQtQ2xhc3MgSG9ub3VycyJ9LCJpZGVudGlmaWVyIjoiMDkwNDAwODA4NEgiLCJsZWFybmluZ0FjaGlldmVtZW50Ijp7ImFkZGl0aW9uYWxOb3RlIjpbIkRJU1RSSUJVVElPTiBNQU5BR0VNRU5UIl0sImRlc2NyaXB0aW9uIjoiTUFSS0VUSU5HIEFORCBTQUxFUyIsImlkIjoiaHR0cHM6Ly9sZWFzdG9uLmJjZGlwbG9tYS5jb20vbGF3LWVjb25vbWljcy1tYW5hZ2VtZW50I0xlYXJuaW5nQWNoaWV2bWVudCIsInRpdGxlIjoiTUFTVEVSUyBMQVcsIEVDT05PTUlDUyBBTkQgTUFOQUdFTUVOVCJ9LCJsZWFybmluZ1NwZWNpZmljYXRpb24iOnsiZWN0c0NyZWRpdFBvaW50cyI6MTIwLCJlcWZMZXZlbCI6NywiaWQiOiJodHRwczovL2xlYXN0b24uYmNkaXBsb21hLmNvbS9sYXctZWNvbm9taWNzLW1hbmFnZW1lbnQjTGVhcm5pbmdTcGVjaWZpY2F0aW9uIiwiaXNjZWRmQ29kZSI6WyI3Il0sIm5xZkxldmVsIjpbIjciXX19LCJjcmVkZW50aWFsU3RhdHVzIjp7ImlkIjoiaHR0cHM6Ly9lc3NpZi5ldXJvcGEuZXUvc3RhdHVzL2VkdWNhdGlvbiNoaWdoZXJFZHVjYXRpb24jMzkyYWM3ZjYtMzk5YS00MzdiLWEyNjgtNDY5MWVhZDhmMTc2IiwidHlwZSI6IkNyZWRlbnRpYWxTdGF0dXNMaXN0MjAyMCJ9LCJldmlkZW5jZSI6eyJkb2N1bWVudFByZXNlbmNlIjpbIlBoeXNpY2FsIl0sImV2aWRlbmNlRG9jdW1lbnQiOlsiUGFzc3BvcnQiXSwiaWQiOiJodHRwczovL2Vzc2lmLmV1cm9wYS5ldS90c3ItdmEvZXZpZGVuY2UvZjJhZWVjOTctZmMwZC00MmJmLThjYTctMDU0ODE5MmQ1Njc4Iiwic3ViamVjdFByZXNlbmNlIjoiUGh5c2ljYWwiLCJ0eXBlIjpbIkRvY3VtZW50VmVyaWZpY2F0aW9uIl0sInZlcmlmaWVyIjoiZGlkOmVic2k6Mjk2MmZiNzg0ZGY2MWJhYTI2N2M4MTMyNDk3NTM5ZjhjNjc0YjM3YzEyNDRhN2EifX0sImp0aSI6InVybjp1dWlkOjVkZTZlMWE3LTVmYjQtNDMzZi1iOTQ0LTlhYjEwMTU2MjA3YiJ9.zwyryo040xkFPHz8XpFf1q_h2WjsYu4c3GgsbhGS4wPC2Oshi1Opru3TAvm1dDoHDKl2CYFN3ha-Y-qef2azDw
8074 [pool-1-thread-1 @coroutine#208] DEBUG id.walt.signatory.WaltIdSignatory - Signed VC is: eyJraWQiOiJkaWQ6a2V5Ono2TWtxVjQ0NGNjQllMRGtIQUJEQWNFVVRNUVN1dmVzeXFHZ2U2VDc4SlU2bzQzRyN6Nk1rcVY0NDRjY0JZTERrSEFCREFjRVVUTVFTdXZlc3lxR2dlNlQ3OEpVNm80M0ciLCJ0eXAiOiJKV1QiLCJhbGciOiJFZERTQSJ9.eyJzdWIiOiJkaWQ6a2V5Ono2TWtxVjQ0NGNjQllMRGtIQUJEQWNFVVRNUVN1dmVzeXFHZ2U2VDc4SlU2bzQzRyIsIm5iZiI6MTcyNjEzMzk4MywiaXNzIjoiZGlkOmtleTp6Nk1rcVY0NDRjY0JZTERrSEFCREFjRVVUTVFTdXZlc3lxR2dlNlQ3OEpVNm80M0ciLCJpYXQiOjE3MjYxMzM5ODMsInZjIjp7InR5cGUiOlsiVmVyaWZpYWJsZUNyZWRlbnRpYWwiLCJWZXJpZmlhYmxlQXR0ZXN0YXRpb24iLCJWZXJpZmlhYmxlRGlwbG9tYSJdLCJAY29udGV4dCI6WyJodHRwczovL3d3dy53My5vcmcvMjAxOC9jcmVkZW50aWFscy92MSJdLCJpZCI6InVybjp1dWlkOjVkZTZlMWE3LTVmYjQtNDMzZi1iOTQ0LTlhYjEwMTU2MjA3YiIsImlzc3VlciI6ImRpZDprZXk6ejZNa3FWNDQ0Y2NCWUxEa0hBQkRBY0VVVE1RU3V2ZXN5cUdnZTZUNzhKVTZvNDNHIiwiaXNzdWFuY2VEYXRlIjoiMjAyNC0wOS0xMlQwOTozOTo0M1oiLCJpc3N1ZWQiOiIyMDI0LTA5LTEyVDA5OjM5OjQzWiIsInZhbGlkRnJvbSI6IjIwMjQtMDktMTJUMDk6Mzk6NDNaIiwiZXhwaXJhdGlvbkRhdGUiOiIyMDIyLTA4LTMxVDAwOjAwOjAwWiIsImNyZWRlbnRpYWxTY2hlbWEiOnsiaWQiOiJodHRwczovL3Jhdy5naXRodWJ1c2VyY29udGVudC5jb20vd2FsdC1pZC93YWx0aWQtc3Npa2l0LXZjbGliL21hc3Rlci9zcmMvdGVzdC9yZXNvdXJjZXMvc2NoZW1hcy9WZXJpZmlhYmxlRGlwbG9tYS5qc29uIiwidHlwZSI6Ikpzb25TY2hlbWFWYWxpZGF0b3IyMDE4In0sImNyZWRlbnRpYWxTdWJqZWN0Ijp7ImlkIjoiZGlkOmtleTp6Nk1rcVY0NDRjY0JZTERrSEFCREFjRVVUTVFTdXZlc3lxR2dlNlQ3OEpVNm80M0ciLCJhd2FyZGluZ09wcG9ydHVuaXR5Ijp7ImF3YXJkaW5nQm9keSI6eyJlaWRhc0xlZ2FsSWRlbnRpZmllciI6IlVua25vd24iLCJob21lcGFnZSI6Imh0dHBzOi8vbGVhc3Rvbi5iY2RpcGxvbWEuY29tLyIsImlkIjoiZGlkOmVic2k6MkE5Qlo5U1VlNkJhdGFjU3B2czFWNUNkakh2THBRN2JFc2kySmI2TGRIS25ReGFOIiwicHJlZmVycmVkTmFtZSI6IkxlYXN0b24gVW5pdmVyc2l0eSIsInJlZ2lzdHJhdGlvbiI6IjA1OTcwNjVKIn0sImVuZGVkQXRUaW1lIjoiMjAyMC0wNi0yNlQwMDowMDowMFoiLCJpZCI6Imh0dHBzOi8vbGVhc3Rvbi5iY2RpcGxvbWEuY29tL2xhdy1lY29ub21pY3MtbWFuYWdlbWVudCNBd2FyZGluZ09wcG9ydHVuaXR5IiwiaWRlbnRpZmllciI6Imh0dHBzOi8vY2VydGlmaWNhdGUtZGVtby5iY2RpcGxvbWEuY29tL2NoZWNrLzg3RUQyRjIyNzBFNkM0MTQ1NkU5NEI4NkI5RDkxMTVCNEUzNUJDQ0FEMjAwQTQ5Qjg0NjU5MkMxNEY3OUM4NkJWMUZuYmxsdGEwTlpUbkprUjNsRFdsUm1URGxTUlVKRVZGWklTbU5tWXpKaFVVNXNaVUo1WjJGSlNIcFdibVpaIiwibG9jYXRpb24iOiJGUkFOQ0UiLCJzdGFydGVkQXRUaW1lIjoiMjAxOS0wOS0wMlQwMDowMDowMFoifSwiZGF0ZU9mQmlydGgiOiIxOTkzLTA0LTA4IiwiZmFtaWx5TmFtZSI6IkRPRSIsImdpdmVuTmFtZXMiOiJKYW5lIiwiZ3JhZGluZ1NjaGVtZSI6eyJpZCI6Imh0dHBzOi8vbGVhc3Rvbi5iY2RpcGxvbWEuY29tL2xhdy1lY29ub21pY3MtbWFuYWdlbWVudCNHcmFkaW5nU2NoZW1lIiwidGl0bGUiOiJMb3dlciBTZWNvbmQtQ2xhc3MgSG9ub3VycyJ9LCJpZGVudGlmaWVyIjoiMDkwNDAwODA4NEgiLCJsZWFybmluZ0FjaGlldmVtZW50Ijp7ImFkZGl0aW9uYWxOb3RlIjpbIkRJU1RSSUJVVElPTiBNQU5BR0VNRU5UIl0sImRlc2NyaXB0aW9uIjoiTUFSS0VUSU5HIEFORCBTQUxFUyIsImlkIjoiaHR0cHM6Ly9sZWFzdG9uLmJjZGlwbG9tYS5jb20vbGF3LWVjb25vbWljcy1tYW5hZ2VtZW50I0xlYXJuaW5nQWNoaWV2bWVudCIsInRpdGxlIjoiTUFTVEVSUyBMQVcsIEVDT05PTUlDUyBBTkQgTUFOQUdFTUVOVCJ9LCJsZWFybmluZ1NwZWNpZmljYXRpb24iOnsiZWN0c0NyZWRpdFBvaW50cyI6MTIwLCJlcWZMZXZlbCI6NywiaWQiOiJodHRwczovL2xlYXN0b24uYmNkaXBsb21hLmNvbS9sYXctZWNvbm9taWNzLW1hbmFnZW1lbnQjTGVhcm5pbmdTcGVjaWZpY2F0aW9uIiwiaXNjZWRmQ29kZSI6WyI3Il0sIm5xZkxldmVsIjpbIjciXX19LCJjcmVkZW50aWFsU3RhdHVzIjp7ImlkIjoiaHR0cHM6Ly9lc3NpZi5ldXJvcGEuZXUvc3RhdHVzL2VkdWNhdGlvbiNoaWdoZXJFZHVjYXRpb24jMzkyYWM3ZjYtMzk5YS00MzdiLWEyNjgtNDY5MWVhZDhmMTc2IiwidHlwZSI6IkNyZWRlbnRpYWxTdGF0dXNMaXN0MjAyMCJ9LCJldmlkZW5jZSI6eyJkb2N1bWVudFByZXNlbmNlIjpbIlBoeXNpY2FsIl0sImV2aWRlbmNlRG9jdW1lbnQiOlsiUGFzc3BvcnQiXSwiaWQiOiJodHRwczovL2Vzc2lmLmV1cm9wYS5ldS90c3ItdmEvZXZpZGVuY2UvZjJhZWVjOTctZmMwZC00MmJmLThjYTctMDU0ODE5MmQ1Njc4Iiwic3ViamVjdFByZXNlbmNlIjoiUGh5c2ljYWwiLCJ0eXBlIjpbIkRvY3VtZW50VmVyaWZpY2F0aW9uIl0sInZlcmlmaWVyIjoiZGlkOmVic2k6Mjk2MmZiNzg0ZGY2MWJhYTI2N2M4MTMyNDk3NTM5ZjhjNjc0YjM3YzEyNDRhN2EifX0sImp0aSI6InVybjp1dWlkOjVkZTZlMWE3LTVmYjQtNDMzZi1iOTQ0LTlhYjEwMTU2MjA3YiJ9.zwyryo040xkFPHz8XpFf1q_h2WjsYu4c3GgsbhGS4wPC2Oshi1Opru3TAvm1dDoHDKl2CYFN3ha-Y-qef2azDw
8074 [pool-1-thread-1 @coroutine#208] DEBUG id.walt.services.vc.WaltIdJwtCredentialService - Creating a presentation for VCs:
[PresentableCredential(verifiableCredential=eyJraWQiOiJkaWQ6a2V5Ono2TWtxVjQ0NGNjQllMRGtIQUJEQWNFVVRNUVN1dmVzeXFHZ2U2VDc4SlU2bzQzRyN6Nk1rcVY0NDRjY0JZTERrSEFCREFjRVVUTVFTdXZlc3lxR2dlNlQ3OEpVNm80M0ciLCJ0eXAiOiJKV1QiLCJhbGciOiJFZERTQSJ9.eyJzdWIiOiJkaWQ6a2V5Ono2TWtxVjQ0NGNjQllMRGtIQUJEQWNFVVRNUVN1dmVzeXFHZ2U2VDc4SlU2bzQzRyIsIm5iZiI6MTcyNjEzMzk4MywiaXNzIjoiZGlkOmtleTp6Nk1rcVY0NDRjY0JZTERrSEFCREFjRVVUTVFTdXZlc3lxR2dlNlQ3OEpVNm80M0ciLCJpYXQiOjE3MjYxMzM5ODMsInZjIjp7InR5cGUiOlsiVmVyaWZpYWJsZUNyZWRlbnRpYWwiLCJWZXJpZmlhYmxlQXR0ZXN0YXRpb24iLCJWZXJpZmlhYmxlRGlwbG9tYSJdLCJAY29udGV4dCI6WyJodHRwczovL3d3dy53My5vcmcvMjAxOC9jcmVkZW50aWFscy92MSJdLCJpZCI6InVybjp1dWlkOjVkZTZlMWE3LTVmYjQtNDMzZi1iOTQ0LTlhYjEwMTU2MjA3YiIsImlzc3VlciI6ImRpZDprZXk6ejZNa3FWNDQ0Y2NCWUxEa0hBQkRBY0VVVE1RU3V2ZXN5cUdnZTZUNzhKVTZvNDNHIiwiaXNzdWFuY2VEYXRlIjoiMjAyNC0wOS0xMlQwOTozOTo0M1oiLCJpc3N1ZWQiOiIyMDI0LTA5LTEyVDA5OjM5OjQzWiIsInZhbGlkRnJvbSI6IjIwMjQtMDktMTJUMDk6Mzk6NDNaIiwiZXhwaXJhdGlvbkRhdGUiOiIyMDIyLTA4LTMxVDAwOjAwOjAwWiIsImNyZWRlbnRpYWxTY2hlbWEiOnsiaWQiOiJodHRwczovL3Jhdy5naXRodWJ1c2VyY29udGVudC5jb20vd2FsdC1pZC93YWx0aWQtc3Npa2l0LXZjbGliL21hc3Rlci9zcmMvdGVzdC9yZXNvdXJjZXMvc2NoZW1hcy9WZXJpZmlhYmxlRGlwbG9tYS5qc29uIiwidHlwZSI6Ikpzb25TY2hlbWFWYWxpZGF0b3IyMDE4In0sImNyZWRlbnRpYWxTdWJqZWN0Ijp7ImlkIjoiZGlkOmtleTp6Nk1rcVY0NDRjY0JZTERrSEFCREFjRVVUTVFTdXZlc3lxR2dlNlQ3OEpVNm80M0ciLCJhd2FyZGluZ09wcG9ydHVuaXR5Ijp7ImF3YXJkaW5nQm9keSI6eyJlaWRhc0xlZ2FsSWRlbnRpZmllciI6IlVua25vd24iLCJob21lcGFnZSI6Imh0dHBzOi8vbGVhc3Rvbi5iY2RpcGxvbWEuY29tLyIsImlkIjoiZGlkOmVic2k6MkE5Qlo5U1VlNkJhdGFjU3B2czFWNUNkakh2THBRN2JFc2kySmI2TGRIS25ReGFOIiwicHJlZmVycmVkTmFtZSI6IkxlYXN0b24gVW5pdmVyc2l0eSIsInJlZ2lzdHJhdGlvbiI6IjA1OTcwNjVKIn0sImVuZGVkQXRUaW1lIjoiMjAyMC0wNi0yNlQwMDowMDowMFoiLCJpZCI6Imh0dHBzOi8vbGVhc3Rvbi5iY2RpcGxvbWEuY29tL2xhdy1lY29ub21pY3MtbWFuYWdlbWVudCNBd2FyZGluZ09wcG9ydHVuaXR5IiwiaWRlbnRpZmllciI6Imh0dHBzOi8vY2VydGlmaWNhdGUtZGVtby5iY2RpcGxvbWEuY29tL2NoZWNrLzg3RUQyRjIyNzBFNkM0MTQ1NkU5NEI4NkI5RDkxMTVCNEUzNUJDQ0FEMjAwQTQ5Qjg0NjU5MkMxNEY3OUM4NkJWMUZuYmxsdGEwTlpUbkprUjNsRFdsUm1URGxTUlVKRVZGWklTbU5tWXpKaFVVNXNaVUo1WjJGSlNIcFdibVpaIiwibG9jYXRpb24iOiJGUkFOQ0UiLCJzdGFydGVkQXRUaW1lIjoiMjAxOS0wOS0wMlQwMDowMDowMFoifSwiZGF0ZU9mQmlydGgiOiIxOTkzLTA0LTA4IiwiZmFtaWx5TmFtZSI6IkRPRSIsImdpdmVuTmFtZXMiOiJKYW5lIiwiZ3JhZGluZ1NjaGVtZSI6eyJpZCI6Imh0dHBzOi8vbGVhc3Rvbi5iY2RpcGxvbWEuY29tL2xhdy1lY29ub21pY3MtbWFuYWdlbWVudCNHcmFkaW5nU2NoZW1lIiwidGl0bGUiOiJMb3dlciBTZWNvbmQtQ2xhc3MgSG9ub3VycyJ9LCJpZGVudGlmaWVyIjoiMDkwNDAwODA4NEgiLCJsZWFybmluZ0FjaGlldmVtZW50Ijp7ImFkZGl0aW9uYWxOb3RlIjpbIkRJU1RSSUJVVElPTiBNQU5BR0VNRU5UIl0sImRlc2NyaXB0aW9uIjoiTUFSS0VUSU5HIEFORCBTQUxFUyIsImlkIjoiaHR0cHM6Ly9sZWFzdG9uLmJjZGlwbG9tYS5jb20vbGF3LWVjb25vbWljcy1tYW5hZ2VtZW50I0xlYXJuaW5nQWNoaWV2bWVudCIsInRpdGxlIjoiTUFTVEVSUyBMQVcsIEVDT05PTUlDUyBBTkQgTUFOQUdFTUVOVCJ9LCJsZWFybmluZ1NwZWNpZmljYXRpb24iOnsiZWN0c0NyZWRpdFBvaW50cyI6MTIwLCJlcWZMZXZlbCI6NywiaWQiOiJodHRwczovL2xlYXN0b24uYmNkaXBsb21hLmNvbS9sYXctZWNvbm9taWNzLW1hbmFnZW1lbnQjTGVhcm5pbmdTcGVjaWZpY2F0aW9uIiwiaXNjZWRmQ29kZSI6WyI3Il0sIm5xZkxldmVsIjpbIjciXX19LCJjcmVkZW50aWFsU3RhdHVzIjp7ImlkIjoiaHR0cHM6Ly9lc3NpZi5ldXJvcGEuZXUvc3RhdHVzL2VkdWNhdGlvbiNoaWdoZXJFZHVjYXRpb24jMzkyYWM3ZjYtMzk5YS00MzdiLWEyNjgtNDY5MWVhZDhmMTc2IiwidHlwZSI6IkNyZWRlbnRpYWxTdGF0dXNMaXN0MjAyMCJ9LCJldmlkZW5jZSI6eyJkb2N1bWVudFByZXNlbmNlIjpbIlBoeXNpY2FsIl0sImV2aWRlbmNlRG9jdW1lbnQiOlsiUGFzc3BvcnQiXSwiaWQiOiJodHRwczovL2Vzc2lmLmV1cm9wYS5ldS90c3ItdmEvZXZpZGVuY2UvZjJhZWVjOTctZmMwZC00MmJmLThjYTctMDU0ODE5MmQ1Njc4Iiwic3ViamVjdFByZXNlbmNlIjoiUGh5c2ljYWwiLCJ0eXBlIjpbIkRvY3VtZW50VmVyaWZpY2F0aW9uIl0sInZlcmlmaWVyIjoiZGlkOmVic2k6Mjk2MmZiNzg0ZGY2MWJhYTI2N2M4MTMyNDk3NTM5ZjhjNjc0YjM3YzEyNDRhN2EifX0sImp0aSI6InVybjp1dWlkOjVkZTZlMWE3LTVmYjQtNDMzZi1iOTQ0LTlhYjEwMTU2MjA3YiJ9.zwyryo040xkFPHz8XpFf1q_h2WjsYu4c3GgsbhGS4wPC2Oshi1Opru3TAvm1dDoHDKl2CYFN3ha-Y-qef2azDw, selectiveDisclosure=null, discloseAll=false)]
8074 [pool-1-thread-1 @coroutine#208] DEBUG id.walt.model.DidUrl - Trying to create DidUrl from URL: "did:key:z6MkqV444ccBYLDkHABDAcEUTMQSuvesyqGge6T78JU6o43G"...
8075 [pool-1-thread-1 @coroutine#208] DEBUG id.walt.services.vc.WaltIdJwtCredentialService - Signing JWT object with config: ProofConfig(issuerDid=did:key:z6MkqV444ccBYLDkHABDAcEUTMQSuvesyqGge6T78JU6o43G, subjectDid=did:key:z6MkqV444ccBYLDkHABDAcEUTMQSuvesyqGge6T78JU6o43G, verifierDid=null, issuerVerificationMethod=did:key:z6MkqV444ccBYLDkHABDAcEUTMQSuvesyqGge6T78JU6o43G#z6MkqV444ccBYLDkHABDAcEUTMQSuvesyqGge6T78JU6o43G, proofType=JWT, domain=null, nonce=abcd, proofPurpose=null, credentialId=urn:uuid:6418a379-8813-4485-a199-9f2139ccfda2, issueDate=null, validDate=null, expirationDate=null, dataProviderIdentifier=null, ldSignatureType=null, creator=did:key:z6MkqV444ccBYLDkHABDAcEUTMQSuvesyqGge6T78JU6o43G, ecosystem=DEFAULT, statusType=null, statusPurpose=revocation, credentialsEndpoint=null, selectiveDisclosure=null)
8075 [pool-1-thread-1 @coroutine#208] DEBUG id.walt.services.vc.WaltIdJwtCredentialService - Signing: {"sub":"did:key:z6MkqV444ccBYLDkHABDAcEUTMQSuvesyqGge6T78JU6o43G","nbf":1726133983,"iss":"did:key:z6MkqV444ccBYLDkHABDAcEUTMQSuvesyqGge6T78JU6o43G","vp":{"type":["VerifiablePresentation"],"@context":["https://www.w3.org/2018/credentials/v1"],"id":"urn:uuid:6418a379-8813-4485-a199-9f2139ccfda2","holder":"did:key:z6MkqV444ccBYLDkHABDAcEUTMQSuvesyqGge6T78JU6o43G","verifiableCredential":["eyJraWQiOiJkaWQ6a2V5Ono2TWtxVjQ0NGNjQllMRGtIQUJEQWNFVVRNUVN1dmVzeXFHZ2U2VDc4SlU2bzQzRyN6Nk1rcVY0NDRjY0JZTERrSEFCREFjRVVUTVFTdXZlc3lxR2dlNlQ3OEpVNm80M0ciLCJ0eXAiOiJKV1QiLCJhbGciOiJFZERTQSJ9.eyJzdWIiOiJkaWQ6a2V5Ono2TWtxVjQ0NGNjQllMRGtIQUJEQWNFVVRNUVN1dmVzeXFHZ2U2VDc4SlU2bzQzRyIsIm5iZiI6MTcyNjEzMzk4MywiaXNzIjoiZGlkOmtleTp6Nk1rcVY0NDRjY0JZTERrSEFCREFjRVVUTVFTdXZlc3lxR2dlNlQ3OEpVNm80M0ciLCJpYXQiOjE3MjYxMzM5ODMsInZjIjp7InR5cGUiOlsiVmVyaWZpYWJsZUNyZWRlbnRpYWwiLCJWZXJpZmlhYmxlQXR0ZXN0YXRpb24iLCJWZXJpZmlhYmxlRGlwbG9tYSJdLCJAY29udGV4dCI6WyJodHRwczovL3d3dy53My5vcmcvMjAxOC9jcmVkZW50aWFscy92MSJdLCJpZCI6InVybjp1dWlkOjVkZTZlMWE3LTVmYjQtNDMzZi1iOTQ0LTlhYjEwMTU2MjA3YiIsImlzc3VlciI6ImRpZDprZXk6ejZNa3FWNDQ0Y2NCWUxEa0hBQkRBY0VVVE1RU3V2ZXN5cUdnZTZUNzhKVTZvNDNHIiwiaXNzdWFuY2VEYXRlIjoiMjAyNC0wOS0xMlQwOTozOTo0M1oiLCJpc3N1ZWQiOiIyMDI0LTA5LTEyVDA5OjM5OjQzWiIsInZhbGlkRnJvbSI6IjIwMjQtMDktMTJUMDk6Mzk6NDNaIiwiZXhwaXJhdGlvbkRhdGUiOiIyMDIyLTA4LTMxVDAwOjAwOjAwWiIsImNyZWRlbnRpYWxTY2hlbWEiOnsiaWQiOiJodHRwczovL3Jhdy5naXRodWJ1c2VyY29udGVudC5jb20vd2FsdC1pZC93YWx0aWQtc3Npa2l0LXZjbGliL21hc3Rlci9zcmMvdGVzdC9yZXNvdXJjZXMvc2NoZW1hcy9WZXJpZmlhYmxlRGlwbG9tYS5qc29uIiwidHlwZSI6Ikpzb25TY2hlbWFWYWxpZGF0b3IyMDE4In0sImNyZWRlbnRpYWxTdWJqZWN0Ijp7ImlkIjoiZGlkOmtleTp6Nk1rcVY0NDRjY0JZTERrSEFCREFjRVVUTVFTdXZlc3lxR2dlNlQ3OEpVNm80M0ciLCJhd2FyZGluZ09wcG9ydHVuaXR5Ijp7ImF3YXJkaW5nQm9keSI6eyJlaWRhc0xlZ2FsSWRlbnRpZmllciI6IlVua25vd24iLCJob21lcGFnZSI6Imh0dHBzOi8vbGVhc3Rvbi5iY2RpcGxvbWEuY29tLyIsImlkIjoiZGlkOmVic2k6MkE5Qlo5U1VlNkJhdGFjU3B2czFWNUNkakh2THBRN2JFc2kySmI2TGRIS25ReGFOIiwicHJlZmVycmVkTmFtZSI6IkxlYXN0b24gVW5pdmVyc2l0eSIsInJlZ2lzdHJhdGlvbiI6IjA1OTcwNjVKIn0sImVuZGVkQXRUaW1lIjoiMjAyMC0wNi0yNlQwMDowMDowMFoiLCJpZCI6Imh0dHBzOi8vbGVhc3Rvbi5iY2RpcGxvbWEuY29tL2xhdy1lY29ub21pY3MtbWFuYWdlbWVudCNBd2FyZGluZ09wcG9ydHVuaXR5IiwiaWRlbnRpZmllciI6Imh0dHBzOi8vY2VydGlmaWNhdGUtZGVtby5iY2RpcGxvbWEuY29tL2NoZWNrLzg3RUQyRjIyNzBFNkM0MTQ1NkU5NEI4NkI5RDkxMTVCNEUzNUJDQ0FEMjAwQTQ5Qjg0NjU5MkMxNEY3OUM4NkJWMUZuYmxsdGEwTlpUbkprUjNsRFdsUm1URGxTUlVKRVZGWklTbU5tWXpKaFVVNXNaVUo1WjJGSlNIcFdibVpaIiwibG9jYXRpb24iOiJGUkFOQ0UiLCJzdGFydGVkQXRUaW1lIjoiMjAxOS0wOS0wMlQwMDowMDowMFoifSwiZGF0ZU9mQmlydGgiOiIxOTkzLTA0LTA4IiwiZmFtaWx5TmFtZSI6IkRPRSIsImdpdmVuTmFtZXMiOiJKYW5lIiwiZ3JhZGluZ1NjaGVtZSI6eyJpZCI6Imh0dHBzOi8vbGVhc3Rvbi5iY2RpcGxvbWEuY29tL2xhdy1lY29ub21pY3MtbWFuYWdlbWVudCNHcmFkaW5nU2NoZW1lIiwidGl0bGUiOiJMb3dlciBTZWNvbmQtQ2xhc3MgSG9ub3VycyJ9LCJpZGVudGlmaWVyIjoiMDkwNDAwODA4NEgiLCJsZWFybmluZ0FjaGlldmVtZW50Ijp7ImFkZGl0aW9uYWxOb3RlIjpbIkRJU1RSSUJVVElPTiBNQU5BR0VNRU5UIl0sImRlc2NyaXB0aW9uIjoiTUFSS0VUSU5HIEFORCBTQUxFUyIsImlkIjoiaHR0cHM6Ly9sZWFzdG9uLmJjZGlwbG9tYS5jb20vbGF3LWVjb25vbWljcy1tYW5hZ2VtZW50I0xlYXJuaW5nQWNoaWV2bWVudCIsInRpdGxlIjoiTUFTVEVSUyBMQVcsIEVDT05PTUlDUyBBTkQgTUFOQUdFTUVOVCJ9LCJsZWFybmluZ1NwZWNpZmljYXRpb24iOnsiZWN0c0NyZWRpdFBvaW50cyI6MTIwLCJlcWZMZXZlbCI6NywiaWQiOiJodHRwczovL2xlYXN0b24uYmNkaXBsb21hLmNvbS9sYXctZWNvbm9taWNzLW1hbmFnZW1lbnQjTGVhcm5pbmdTcGVjaWZpY2F0aW9uIiwiaXNjZWRmQ29kZSI6WyI3Il0sIm5xZkxldmVsIjpbIjciXX19LCJjcmVkZW50aWFsU3RhdHVzIjp7ImlkIjoiaHR0cHM6Ly9lc3NpZi5ldXJvcGEuZXUvc3RhdHVzL2VkdWNhdGlvbiNoaWdoZXJFZHVjYXRpb24jMzkyYWM3ZjYtMzk5YS00MzdiLWEyNjgtNDY5MWVhZDhmMTc2IiwidHlwZSI6IkNyZWRlbnRpYWxTdGF0dXNMaXN0MjAyMCJ9LCJldmlkZW5jZSI6eyJkb2N1bWVudFByZXNlbmNlIjpbIlBoeXNpY2FsIl0sImV2aWRlbmNlRG9jdW1lbnQiOlsiUGFzc3BvcnQiXSwiaWQiOiJodHRwczovL2Vzc2lmLmV1cm9wYS5ldS90c3ItdmEvZXZpZGVuY2UvZjJhZWVjOTctZmMwZC00MmJmLThjYTctMDU0ODE5MmQ1Njc4Iiwic3ViamVjdFByZXNlbmNlIjoiUGh5c2ljYWwiLCJ0eXBlIjpbIkRvY3VtZW50VmVyaWZpY2F0aW9uIl0sInZlcmlmaWVyIjoiZGlkOmVic2k6Mjk2MmZiNzg0ZGY2MWJhYTI2N2M4MTMyNDk3NTM5ZjhjNjc0YjM3YzEyNDRhN2EifX0sImp0aSI6InVybjp1dWlkOjVkZTZlMWE3LTVmYjQtNDMzZi1iOTQ0LTlhYjEwMTU2MjA3YiJ9.zwyryo040xkFPHz8XpFf1q_h2WjsYu4c3GgsbhGS4wPC2Oshi1Opru3TAvm1dDoHDKl2CYFN3ha-Y-qef2azDw"]},"iat":1726133983,"nonce":"abcd","jti":"urn:uuid:6418a379-8813-4485-a199-9f2139ccfda2"}
8075 [pool-1-thread-1 @coroutine#208] DEBUG id.walt.services.keystore.HKVKeyStoreService - Loading key "did:key:z6MkqV444ccBYLDkHABDAcEUTMQSuvesyqGge6T78JU6o43G#z6MkqV444ccBYLDkHABDAcEUTMQSuvesyqGge6T78JU6o43G".
8075 [pool-1-thread-1 @coroutine#208] DEBUG id.walt.services.jwt.WaltIdJwtService - Signing JWT with algorithm: EdDSA_Ed25519
8075 [pool-1-thread-1 @coroutine#208] DEBUG id.walt.model.DidUrl - Trying to create DidUrl from URL: "did:key:z6MkqV444ccBYLDkHABDAcEUTMQSuvesyqGge6T78JU6o43G#z6MkqV444ccBYLDkHABDAcEUTMQSuvesyqGge6T78JU6o43G"...
8075 [pool-1-thread-1 @coroutine#208] DEBUG id.walt.services.keystore.HKVKeyStoreService - Loading key "f0b49de0dbb14251ab4f34d7d241b324".
8076 [pool-1-thread-1 @coroutine#208] DEBUG id.walt.services.jwt.WaltIdJwtService - Signed JWT:  eyJraWQiOiJkaWQ6a2V5Ono2TWtxVjQ0NGNjQllMRGtIQUJEQWNFVVRNUVN1dmVzeXFHZ2U2VDc4SlU2bzQzRyN6Nk1rcVY0NDRjY0JZTERrSEFCREFjRVVUTVFTdXZlc3lxR2dlNlQ3OEpVNm80M0ciLCJ0eXAiOiJKV1QiLCJhbGciOiJFZERTQSJ9.eyJzdWIiOiJkaWQ6a2V5Ono2TWtxVjQ0NGNjQllMRGtIQUJEQWNFVVRNUVN1dmVzeXFHZ2U2VDc4SlU2bzQzRyIsIm5iZiI6MTcyNjEzMzk4MywiaXNzIjoiZGlkOmtleTp6Nk1rcVY0NDRjY0JZTERrSEFCREFjRVVUTVFTdXZlc3lxR2dlNlQ3OEpVNm80M0ciLCJ2cCI6eyJ0eXBlIjpbIlZlcmlmaWFibGVQcmVzZW50YXRpb24iXSwiQGNvbnRleHQiOlsiaHR0cHM6Ly93d3cudzMub3JnLzIwMTgvY3JlZGVudGlhbHMvdjEiXSwiaWQiOiJ1cm46dXVpZDo2NDE4YTM3OS04ODEzLTQ0ODUtYTE5OS05ZjIxMzljY2ZkYTIiLCJob2xkZXIiOiJkaWQ6a2V5Ono2TWtxVjQ0NGNjQllMRGtIQUJEQWNFVVRNUVN1dmVzeXFHZ2U2VDc4SlU2bzQzRyIsInZlcmlmaWFibGVDcmVkZW50aWFsIjpbImV5SnJhV1FpT2lKa2FXUTZhMlY1T25vMlRXdHhWalEwTkdOalFsbE1SR3RJUVVKRVFXTkZWVlJOVVZOMWRtVnplWEZIWjJVMlZEYzRTbFUyYnpRelJ5TjZOazFyY1ZZME5EUmpZMEpaVEVSclNFRkNSRUZqUlZWVVRWRlRkWFpsYzNseFIyZGxObFEzT0VwVk5tODBNMGNpTENKMGVYQWlPaUpLVjFRaUxDSmhiR2NpT2lKRlpFUlRRU0o5LmV5SnpkV0lpT2lKa2FXUTZhMlY1T25vMlRXdHhWalEwTkdOalFsbE1SR3RJUVVKRVFXTkZWVlJOVVZOMWRtVnplWEZIWjJVMlZEYzRTbFUyYnpRelJ5SXNJbTVpWmlJNk1UY3lOakV6TXprNE15d2lhWE56SWpvaVpHbGtPbXRsZVRwNk5rMXJjVlkwTkRSalkwSlpURVJyU0VGQ1JFRmpSVlZVVFZGVGRYWmxjM2x4UjJkbE5sUTNPRXBWTm04ME0wY2lMQ0pwWVhRaU9qRTNNall4TXpNNU9ETXNJblpqSWpwN0luUjVjR1VpT2xzaVZtVnlhV1pwWVdKc1pVTnlaV1JsYm5ScFlXd2lMQ0pXWlhKcFptbGhZbXhsUVhSMFpYTjBZWFJwYjI0aUxDSldaWEpwWm1saFlteGxSR2x3Ykc5dFlTSmRMQ0pBWTI5dWRHVjRkQ0k2V3lKb2RIUndjem92TDNkM2R5NTNNeTV2Y21jdk1qQXhPQzlqY21Wa1pXNTBhV0ZzY3k5Mk1TSmRMQ0pwWkNJNkluVnlianAxZFdsa09qVmtaVFpsTVdFM0xUVm1ZalF0TkRNelppMWlPVFEwTFRsaFlqRXdNVFUyTWpBM1lpSXNJbWx6YzNWbGNpSTZJbVJwWkRwclpYazZlalpOYTNGV05EUTBZMk5DV1V4RWEwaEJRa1JCWTBWVlZFMVJVM1YyWlhONWNVZG5aVFpVTnpoS1ZUWnZORE5ISWl3aWFYTnpkV0Z1WTJWRVlYUmxJam9pTWpBeU5DMHdPUzB4TWxRd09Ub3pPVG8wTTFvaUxDSnBjM04xWldRaU9pSXlNREkwTFRBNUxURXlWREE1T2pNNU9qUXpXaUlzSW5aaGJHbGtSbkp2YlNJNklqSXdNalF0TURrdE1USlVNRGs2TXprNk5ETmFJaXdpWlhod2FYSmhkR2x2YmtSaGRHVWlPaUl5TURJeUxUQTRMVE14VkRBd09qQXdPakF3V2lJc0ltTnlaV1JsYm5ScFlXeFRZMmhsYldFaU9uc2lhV1FpT2lKb2RIUndjem92TDNKaGR5NW5hWFJvZFdKMWMyVnlZMjl1ZEdWdWRDNWpiMjB2ZDJGc2RDMXBaQzkzWVd4MGFXUXRjM05wYTJsMExYWmpiR2xpTDIxaGMzUmxjaTl6Y21NdmRHVnpkQzl5WlhOdmRYSmpaWE12YzJOb1pXMWhjeTlXWlhKcFptbGhZbXhsUkdsd2JHOXRZUzVxYzI5dUlpd2lkSGx3WlNJNklrcHpiMjVUWTJobGJXRldZV3hwWkdGMGIzSXlNREU0SW4wc0ltTnlaV1JsYm5ScFlXeFRkV0pxWldOMElqcDdJbWxrSWpvaVpHbGtPbXRsZVRwNk5rMXJjVlkwTkRSalkwSlpURVJyU0VGQ1JFRmpSVlZVVFZGVGRYWmxjM2x4UjJkbE5sUTNPRXBWTm04ME0wY2lMQ0poZDJGeVpHbHVaMDl3Y0c5eWRIVnVhWFI1SWpwN0ltRjNZWEprYVc1blFtOWtlU0k2ZXlKbGFXUmhjMHhsWjJGc1NXUmxiblJwWm1sbGNpSTZJbFZ1YTI1dmQyNGlMQ0pvYjIxbGNHRm5aU0k2SW1oMGRIQnpPaTh2YkdWaGMzUnZiaTVpWTJScGNHeHZiV0V1WTI5dEx5SXNJbWxrSWpvaVpHbGtPbVZpYzJrNk1rRTVRbG81VTFWbE5rSmhkR0ZqVTNCMmN6RldOVU5rYWtoMlRIQlJOMkpGYzJreVNtSTJUR1JJUzI1UmVHRk9JaXdpY0hKbFptVnljbVZrVG1GdFpTSTZJa3hsWVhOMGIyNGdWVzVwZG1WeWMybDBlU0lzSW5KbFoybHpkSEpoZEdsdmJpSTZJakExT1Rjd05qVktJbjBzSW1WdVpHVmtRWFJVYVcxbElqb2lNakF5TUMwd05pMHlObFF3TURvd01Eb3dNRm9pTENKcFpDSTZJbWgwZEhCek9pOHZiR1ZoYzNSdmJpNWlZMlJwY0d4dmJXRXVZMjl0TDJ4aGR5MWxZMjl1YjIxcFkzTXRiV0Z1WVdkbGJXVnVkQ05CZDJGeVpHbHVaMDl3Y0c5eWRIVnVhWFI1SWl3aWFXUmxiblJwWm1sbGNpSTZJbWgwZEhCek9pOHZZMlZ5ZEdsbWFXTmhkR1V0WkdWdGJ5NWlZMlJwY0d4dmJXRXVZMjl0TDJOb1pXTnJMemczUlVReVJqSXlOekJGTmtNME1UUTFOa1U1TkVJNE5rSTVSRGt4TVRWQ05FVXpOVUpEUTBGRU1qQXdRVFE1UWpnME5qVTVNa014TkVZM09VTTROa0pXTVVadVlteHNkR0V3VGxwVWJrcHJVak5zUkZkc1VtMVVSR3hUVWxWS1JWWkdXa2xUYlU1dFdYcEthRlZWTlhOYVZVbzFXakpHU2xOSWNGZGliVnBhSWl3aWJHOWpZWFJwYjI0aU9pSkdVa0ZPUTBVaUxDSnpkR0Z5ZEdWa1FYUlVhVzFsSWpvaU1qQXhPUzB3T1Mwd01sUXdNRG93TURvd01Gb2lmU3dpWkdGMFpVOW1RbWx5ZEdnaU9pSXhPVGt6TFRBMExUQTRJaXdpWm1GdGFXeDVUbUZ0WlNJNklrUlBSU0lzSW1kcGRtVnVUbUZ0WlhNaU9pSktZVzVsSWl3aVozSmhaR2x1WjFOamFHVnRaU0k2ZXlKcFpDSTZJbWgwZEhCek9pOHZiR1ZoYzNSdmJpNWlZMlJwY0d4dmJXRXVZMjl0TDJ4aGR5MWxZMjl1YjIxcFkzTXRiV0Z1WVdkbGJXVnVkQ05IY21Ga2FXNW5VMk5vWlcxbElpd2lkR2wwYkdVaU9pSk1iM2RsY2lCVFpXTnZibVF0UTJ4aGMzTWdTRzl1YjNWeWN5SjlMQ0pwWkdWdWRHbG1hV1Z5SWpvaU1Ea3dOREF3T0RBNE5FZ2lMQ0pzWldGeWJtbHVaMEZqYUdsbGRtVnRaVzUwSWpwN0ltRmtaR2wwYVc5dVlXeE9iM1JsSWpwYklrUkpVMVJTU1VKVlZFbFBUaUJOUVU1QlIwVk5SVTVVSWwwc0ltUmxjMk55YVhCMGFXOXVJam9pVFVGU1MwVlVTVTVISUVGT1JDQlRRVXhGVXlJc0ltbGtJam9pYUhSMGNITTZMeTlzWldGemRHOXVMbUpqWkdsd2JHOXRZUzVqYjIwdmJHRjNMV1ZqYjI1dmJXbGpjeTF0WVc1aFoyVnRaVzUwSTB4bFlYSnVhVzVuUVdOb2FXVjJiV1Z1ZENJc0luUnBkR3hsSWpvaVRVRlRWRVZTVXlCTVFWY3NJRVZEVDA1UFRVbERVeUJCVGtRZ1RVRk9RVWRGVFVWT1ZDSjlMQ0pzWldGeWJtbHVaMU53WldOcFptbGpZWFJwYjI0aU9uc2laV04wYzBOeVpXUnBkRkJ2YVc1MGN5STZNVEl3TENKbGNXWk1aWFpsYkNJNk55d2lhV1FpT2lKb2RIUndjem92TDJ4bFlYTjBiMjR1WW1Oa2FYQnNiMjFoTG1OdmJTOXNZWGN0WldOdmJtOXRhV056TFcxaGJtRm5aVzFsYm5RalRHVmhjbTVwYm1kVGNHVmphV1pwWTJGMGFXOXVJaXdpYVhOalpXUm1RMjlrWlNJNld5STNJbDBzSW01eFpreGxkbVZzSWpwYklqY2lYWDE5TENKamNtVmtaVzUwYVdGc1UzUmhkSFZ6SWpwN0ltbGtJam9pYUhSMGNITTZMeTlsYzNOcFppNWxkWEp2Y0dFdVpYVXZjM1JoZEhWekwyVmtkV05oZEdsdmJpTm9hV2RvWlhKRlpIVmpZWFJwYjI0ak16a3lZV00zWmpZdE16azVZUzAwTXpkaUxXRXlOamd0TkRZNU1XVmhaRGhtTVRjMklpd2lkSGx3WlNJNklrTnlaV1JsYm5ScFlXeFRkR0YwZFhOTWFYTjBNakF5TUNKOUxDSmxkbWxrWlc1alpTSTZleUprYjJOMWJXVnVkRkJ5WlhObGJtTmxJanBiSWxCb2VYTnBZMkZzSWwwc0ltVjJhV1JsYm1ObFJHOWpkVzFsYm5RaU9sc2lVR0Z6YzNCdmNuUWlYU3dpYVdRaU9pSm9kSFJ3Y3pvdkwyVnpjMmxtTG1WMWNtOXdZUzVsZFM5MGMzSXRkbUV2WlhacFpHVnVZMlV2WmpKaFpXVmpPVGN0Wm1Nd1pDMDBNbUptTFRoallUY3RNRFUwT0RFNU1tUTFOamM0SWl3aWMzVmlhbVZqZEZCeVpYTmxibU5sSWpvaVVHaDVjMmxqWVd3aUxDSjBlWEJsSWpwYklrUnZZM1Z0Wlc1MFZtVnlhV1pwWTJGMGFXOXVJbDBzSW5abGNtbG1hV1Z5SWpvaVpHbGtPbVZpYzJrNk1qazJNbVppTnpnMFpHWTJNV0poWVRJMk4yTTRNVE15TkRrM05UTTVaamhqTmpjMFlqTTNZekV5TkRSaE4yRWlmWDBzSW1wMGFTSTZJblZ5YmpwMWRXbGtPalZrWlRabE1XRTNMVFZtWWpRdE5ETXpaaTFpT1RRMExUbGhZakV3TVRVMk1qQTNZaUo5Lnp3eXJ5bzA0MHhrRlBIejhYcEZmMXFfaDJXanNZdTRjM0dnc2JoR1M0d1BDMk9zaGkxT3BydTNUQXZtMWREb0hES2wyQ1lGTjNoYS1ZLXFlZjJhekR3Il19LCJpYXQiOjE3MjYxMzM5ODMsIm5vbmNlIjoiYWJjZCIsImp0aSI6InVybjp1dWlkOjY0MThhMzc5LTg4MTMtNDQ4NS1hMTk5LTlmMjEzOWNjZmRhMiJ9.2h9-c5bLNqkX4wXIrfRbpEwUXWtjV3GeOmQrAZkSAyztMOtBWZnE6R7TiNKSJ5vW-WBhykTdvhF9XNA_-uNKAw
8077 [pool-1-thread-1 @coroutine#208] DEBUG id.walt.services.vc.WaltIdJwtCredentialService - VP created:eyJraWQiOiJkaWQ6a2V5Ono2TWtxVjQ0NGNjQllMRGtIQUJEQWNFVVRNUVN1dmVzeXFHZ2U2VDc4SlU2bzQzRyN6Nk1rcVY0NDRjY0JZTERrSEFCREFjRVVUTVFTdXZlc3lxR2dlNlQ3OEpVNm80M0ciLCJ0eXAiOiJKV1QiLCJhbGciOiJFZERTQSJ9.eyJzdWIiOiJkaWQ6a2V5Ono2TWtxVjQ0NGNjQllMRGtIQUJEQWNFVVRNUVN1dmVzeXFHZ2U2VDc4SlU2bzQzRyIsIm5iZiI6MTcyNjEzMzk4MywiaXNzIjoiZGlkOmtleTp6Nk1rcVY0NDRjY0JZTERrSEFCREFjRVVUTVFTdXZlc3lxR2dlNlQ3OEpVNm80M0ciLCJ2cCI6eyJ0eXBlIjpbIlZlcmlmaWFibGVQcmVzZW50YXRpb24iXSwiQGNvbnRleHQiOlsiaHR0cHM6Ly93d3cudzMub3JnLzIwMTgvY3JlZGVudGlhbHMvdjEiXSwiaWQiOiJ1cm46dXVpZDo2NDE4YTM3OS04ODEzLTQ0ODUtYTE5OS05ZjIxMzljY2ZkYTIiLCJob2xkZXIiOiJkaWQ6a2V5Ono2TWtxVjQ0NGNjQllMRGtIQUJEQWNFVVRNUVN1dmVzeXFHZ2U2VDc4SlU2bzQzRyIsInZlcmlmaWFibGVDcmVkZW50aWFsIjpbImV5SnJhV1FpT2lKa2FXUTZhMlY1T25vMlRXdHhWalEwTkdOalFsbE1SR3RJUVVKRVFXTkZWVlJOVVZOMWRtVnplWEZIWjJVMlZEYzRTbFUyYnpRelJ5TjZOazFyY1ZZME5EUmpZMEpaVEVSclNFRkNSRUZqUlZWVVRWRlRkWFpsYzNseFIyZGxObFEzT0VwVk5tODBNMGNpTENKMGVYQWlPaUpLVjFRaUxDSmhiR2NpT2lKRlpFUlRRU0o5LmV5SnpkV0lpT2lKa2FXUTZhMlY1T25vMlRXdHhWalEwTkdOalFsbE1SR3RJUVVKRVFXTkZWVlJOVVZOMWRtVnplWEZIWjJVMlZEYzRTbFUyYnpRelJ5SXNJbTVpWmlJNk1UY3lOakV6TXprNE15d2lhWE56SWpvaVpHbGtPbXRsZVRwNk5rMXJjVlkwTkRSalkwSlpURVJyU0VGQ1JFRmpSVlZVVFZGVGRYWmxjM2x4UjJkbE5sUTNPRXBWTm04ME0wY2lMQ0pwWVhRaU9qRTNNall4TXpNNU9ETXNJblpqSWpwN0luUjVjR1VpT2xzaVZtVnlhV1pwWVdKc1pVTnlaV1JsYm5ScFlXd2lMQ0pXWlhKcFptbGhZbXhsUVhSMFpYTjBZWFJwYjI0aUxDSldaWEpwWm1saFlteGxSR2x3Ykc5dFlTSmRMQ0pBWTI5dWRHVjRkQ0k2V3lKb2RIUndjem92TDNkM2R5NTNNeTV2Y21jdk1qQXhPQzlqY21Wa1pXNTBhV0ZzY3k5Mk1TSmRMQ0pwWkNJNkluVnlianAxZFdsa09qVmtaVFpsTVdFM0xUVm1ZalF0TkRNelppMWlPVFEwTFRsaFlqRXdNVFUyTWpBM1lpSXNJbWx6YzNWbGNpSTZJbVJwWkRwclpYazZlalpOYTNGV05EUTBZMk5DV1V4RWEwaEJRa1JCWTBWVlZFMVJVM1YyWlhONWNVZG5aVFpVTnpoS1ZUWnZORE5ISWl3aWFYTnpkV0Z1WTJWRVlYUmxJam9pTWpBeU5DMHdPUzB4TWxRd09Ub3pPVG8wTTFvaUxDSnBjM04xWldRaU9pSXlNREkwTFRBNUxURXlWREE1T2pNNU9qUXpXaUlzSW5aaGJHbGtSbkp2YlNJNklqSXdNalF0TURrdE1USlVNRGs2TXprNk5ETmFJaXdpWlhod2FYSmhkR2x2YmtSaGRHVWlPaUl5TURJeUxUQTRMVE14VkRBd09qQXdPakF3V2lJc0ltTnlaV1JsYm5ScFlXeFRZMmhsYldFaU9uc2lhV1FpT2lKb2RIUndjem92TDNKaGR5NW5hWFJvZFdKMWMyVnlZMjl1ZEdWdWRDNWpiMjB2ZDJGc2RDMXBaQzkzWVd4MGFXUXRjM05wYTJsMExYWmpiR2xpTDIxaGMzUmxjaTl6Y21NdmRHVnpkQzl5WlhOdmRYSmpaWE12YzJOb1pXMWhjeTlXWlhKcFptbGhZbXhsUkdsd2JHOXRZUzVxYzI5dUlpd2lkSGx3WlNJNklrcHpiMjVUWTJobGJXRldZV3hwWkdGMGIzSXlNREU0SW4wc0ltTnlaV1JsYm5ScFlXeFRkV0pxWldOMElqcDdJbWxrSWpvaVpHbGtPbXRsZVRwNk5rMXJjVlkwTkRSalkwSlpURVJyU0VGQ1JFRmpSVlZVVFZGVGRYWmxjM2x4UjJkbE5sUTNPRXBWTm04ME0wY2lMQ0poZDJGeVpHbHVaMDl3Y0c5eWRIVnVhWFI1SWpwN0ltRjNZWEprYVc1blFtOWtlU0k2ZXlKbGFXUmhjMHhsWjJGc1NXUmxiblJwWm1sbGNpSTZJbFZ1YTI1dmQyNGlMQ0pvYjIxbGNHRm5aU0k2SW1oMGRIQnpPaTh2YkdWaGMzUnZiaTVpWTJScGNHeHZiV0V1WTI5dEx5SXNJbWxrSWpvaVpHbGtPbVZpYzJrNk1rRTVRbG81VTFWbE5rSmhkR0ZqVTNCMmN6RldOVU5rYWtoMlRIQlJOMkpGYzJreVNtSTJUR1JJUzI1UmVHRk9JaXdpY0hKbFptVnljbVZrVG1GdFpTSTZJa3hsWVhOMGIyNGdWVzVwZG1WeWMybDBlU0lzSW5KbFoybHpkSEpoZEdsdmJpSTZJakExT1Rjd05qVktJbjBzSW1WdVpHVmtRWFJVYVcxbElqb2lNakF5TUMwd05pMHlObFF3TURvd01Eb3dNRm9pTENKcFpDSTZJbWgwZEhCek9pOHZiR1ZoYzNSdmJpNWlZMlJwY0d4dmJXRXVZMjl0TDJ4aGR5MWxZMjl1YjIxcFkzTXRiV0Z1WVdkbGJXVnVkQ05CZDJGeVpHbHVaMDl3Y0c5eWRIVnVhWFI1SWl3aWFXUmxiblJwWm1sbGNpSTZJbWgwZEhCek9pOHZZMlZ5ZEdsbWFXTmhkR1V0WkdWdGJ5NWlZMlJwY0d4dmJXRXVZMjl0TDJOb1pXTnJMemczUlVReVJqSXlOekJGTmtNME1UUTFOa1U1TkVJNE5rSTVSRGt4TVRWQ05FVXpOVUpEUTBGRU1qQXdRVFE1UWpnME5qVTVNa014TkVZM09VTTROa0pXTVVadVlteHNkR0V3VGxwVWJrcHJVak5zUkZkc1VtMVVSR3hUVWxWS1JWWkdXa2xUYlU1dFdYcEthRlZWTlhOYVZVbzFXakpHU2xOSWNGZGliVnBhSWl3aWJHOWpZWFJwYjI0aU9pSkdVa0ZPUTBVaUxDSnpkR0Z5ZEdWa1FYUlVhVzFsSWpvaU1qQXhPUzB3T1Mwd01sUXdNRG93TURvd01Gb2lmU3dpWkdGMFpVOW1RbWx5ZEdnaU9pSXhPVGt6TFRBMExUQTRJaXdpWm1GdGFXeDVUbUZ0WlNJNklrUlBSU0lzSW1kcGRtVnVUbUZ0WlhNaU9pSktZVzVsSWl3aVozSmhaR2x1WjFOamFHVnRaU0k2ZXlKcFpDSTZJbWgwZEhCek9pOHZiR1ZoYzNSdmJpNWlZMlJwY0d4dmJXRXVZMjl0TDJ4aGR5MWxZMjl1YjIxcFkzTXRiV0Z1WVdkbGJXVnVkQ05IY21Ga2FXNW5VMk5vWlcxbElpd2lkR2wwYkdVaU9pSk1iM2RsY2lCVFpXTnZibVF0UTJ4aGMzTWdTRzl1YjNWeWN5SjlMQ0pwWkdWdWRHbG1hV1Z5SWpvaU1Ea3dOREF3T0RBNE5FZ2lMQ0pzWldGeWJtbHVaMEZqYUdsbGRtVnRaVzUwSWpwN0ltRmtaR2wwYVc5dVlXeE9iM1JsSWpwYklrUkpVMVJTU1VKVlZFbFBUaUJOUVU1QlIwVk5SVTVVSWwwc0ltUmxjMk55YVhCMGFXOXVJam9pVFVGU1MwVlVTVTVISUVGT1JDQlRRVXhGVXlJc0ltbGtJam9pYUhSMGNITTZMeTlzWldGemRHOXVMbUpqWkdsd2JHOXRZUzVqYjIwdmJHRjNMV1ZqYjI1dmJXbGpjeTF0WVc1aFoyVnRaVzUwSTB4bFlYSnVhVzVuUVdOb2FXVjJiV1Z1ZENJc0luUnBkR3hsSWpvaVRVRlRWRVZTVXlCTVFWY3NJRVZEVDA1UFRVbERVeUJCVGtRZ1RVRk9RVWRGVFVWT1ZDSjlMQ0pzWldGeWJtbHVaMU53WldOcFptbGpZWFJwYjI0aU9uc2laV04wYzBOeVpXUnBkRkJ2YVc1MGN5STZNVEl3TENKbGNXWk1aWFpsYkNJNk55d2lhV1FpT2lKb2RIUndjem92TDJ4bFlYTjBiMjR1WW1Oa2FYQnNiMjFoTG1OdmJTOXNZWGN0WldOdmJtOXRhV056TFcxaGJtRm5aVzFsYm5RalRHVmhjbTVwYm1kVGNHVmphV1pwWTJGMGFXOXVJaXdpYVhOalpXUm1RMjlrWlNJNld5STNJbDBzSW01eFpreGxkbVZzSWpwYklqY2lYWDE5TENKamNtVmtaVzUwYVdGc1UzUmhkSFZ6SWpwN0ltbGtJam9pYUhSMGNITTZMeTlsYzNOcFppNWxkWEp2Y0dFdVpYVXZjM1JoZEhWekwyVmtkV05oZEdsdmJpTm9hV2RvWlhKRlpIVmpZWFJwYjI0ak16a3lZV00zWmpZdE16azVZUzAwTXpkaUxXRXlOamd0TkRZNU1XVmhaRGhtTVRjMklpd2lkSGx3WlNJNklrTnlaV1JsYm5ScFlXeFRkR0YwZFhOTWFYTjBNakF5TUNKOUxDSmxkbWxrWlc1alpTSTZleUprYjJOMWJXVnVkRkJ5WlhObGJtTmxJanBiSWxCb2VYTnBZMkZzSWwwc0ltVjJhV1JsYm1ObFJHOWpkVzFsYm5RaU9sc2lVR0Z6YzNCdmNuUWlYU3dpYVdRaU9pSm9kSFJ3Y3pvdkwyVnpjMmxtTG1WMWNtOXdZUzVsZFM5MGMzSXRkbUV2WlhacFpHVnVZMlV2WmpKaFpXVmpPVGN0Wm1Nd1pDMDBNbUptTFRoallUY3RNRFUwT0RFNU1tUTFOamM0SWl3aWMzVmlhbVZqZEZCeVpYTmxibU5sSWpvaVVHaDVjMmxqWVd3aUxDSjBlWEJsSWpwYklrUnZZM1Z0Wlc1MFZtVnlhV1pwWTJGMGFXOXVJbDBzSW5abGNtbG1hV1Z5SWpvaVpHbGtPbVZpYzJrNk1qazJNbVppTnpnMFpHWTJNV0poWVRJMk4yTTRNVE15TkRrM05UTTVaamhqTmpjMFlqTTNZekV5TkRSaE4yRWlmWDBzSW1wMGFTSTZJblZ5YmpwMWRXbGtPalZrWlRabE1XRTNMVFZtWWpRdE5ETXpaaTFpT1RRMExUbGhZakV3TVRVMk1qQTNZaUo5Lnp3eXJ5bzA0MHhrRlBIejhYcEZmMXFfaDJXanNZdTRjM0dnc2JoR1M0d1BDMk9zaGkxT3BydTNUQXZtMWREb0hES2wyQ1lGTjNoYS1ZLXFlZjJhekR3Il19LCJpYXQiOjE3MjYxMzM5ODMsIm5vbmNlIjoiYWJjZCIsImp0aSI6InVybjp1dWlkOjY0MThhMzc5LTg4MTMtNDQ4NS1hMTk5LTlmMjEzOWNjZmRhMiJ9.2h9-c5bLNqkX4wXIrfRbpEwUXWtjV3GeOmQrAZkSAyztMOtBWZnE6R7TiNKSJ5vW-WBhykTdvhF9XNA_-uNKAw
8084 [pool-1-thread-1 @coroutine#209] DEBUG id.walt.services.keystore.HKVKeyStoreService - Storing key "a6efc38ecbd74574b33477257492ca41".
8084 [pool-1-thread-1 @coroutine#209] DEBUG id.walt.services.keystore.HKVKeyStoreService - Loading key "a6efc38ecbd74574b33477257492ca41".
8084 [pool-1-thread-1 @coroutine#209] DEBUG id.walt.model.DidUrl - Trying to create DidUrl from URL: "did:key:z6MkgKGQomdNPWtX2Df2b616KoDAoo4GRod8rUokZZmVSMVa"...
8085 [pool-1-thread-1 @coroutine#209] DEBUG id.walt.services.keystore.HKVKeyStoreService - Loading key "a6efc38ecbd74574b33477257492ca41".
8085 [pool-1-thread-1 @coroutine#209] DEBUG id.walt.services.did.DidService - A key with the id "a6efc38ecbd74574b33477257492ca41" exists.
8085 [pool-1-thread-1 @coroutine#209] DEBUG id.walt.model.DidUrl - Trying to create DidUrl from URL: "did:key:z6MkgKGQomdNPWtX2Df2b616KoDAoo4GRod8rUokZZmVSMVa"...
8085 [pool-1-thread-1 @coroutine#209] DEBUG id.walt.model.DidUrl - Trying to create DidUrl from URL: "did:key:z6MkgKGQomdNPWtX2Df2b616KoDAoo4GRod8rUokZZmVSMVa"...
8086 [pool-1-thread-1 @coroutine#209] DEBUG id.walt.model.DidUrl - Trying to create DidUrl from URL: "did:key:z6MkgKGQomdNPWtX2Df2b616KoDAoo4GRod8rUokZZmVSMVa"...
8086 [pool-1-thread-1 @coroutine#209] DEBUG id.walt.model.DidUrl - Trying to create DidUrl from URL: "did:key:z6MkgKGQomdNPWtX2Df2b616KoDAoo4GRod8rUokZZmVSMVa"...
8086 [pool-1-thread-1 @coroutine#209] DEBUG id.walt.model.DidUrl - Trying to create DidUrl from URL: "did:key:z6MkgKGQomdNPWtX2Df2b616KoDAoo4GRod8rUokZZmVSMVa"...
8086 [pool-1-thread-1 @coroutine#209] DEBUG id.walt.signatory.WaltIdSignatory - Signing credential with proof using LD_PROOF...
8086 [pool-1-thread-1 @coroutine#209] DEBUG id.walt.signatory.WaltIdSignatory - Signing credential with proof using LD_PROOF, credential is: {"type":["VerifiableCredential","VerifiableAttestation","VerifiableDiploma"],"@context":["https://www.w3.org/2018/credentials/v1"],"id":"urn:uuid:20ac1c87-c62f-44b2-bc3d-93700a572778","issuer":"did:key:z6MkgKGQomdNPWtX2Df2b616KoDAoo4GRod8rUokZZmVSMVa","issuanceDate":"2024-09-12T09:39:43Z","issued":"2024-09-12T09:39:43Z","validFrom":"2024-09-12T09:39:43Z","expirationDate":"2022-08-31T00:00:00Z","credentialSchema":{"id":"https://raw.githubusercontent.com/walt-id/waltid-ssikit-vclib/master/src/test/resources/schemas/VerifiableDiploma.json","type":"JsonSchemaValidator2018"},"credentialSubject":{"id":"did:key:z6MkgKGQomdNPWtX2Df2b616KoDAoo4GRod8rUokZZmVSMVa","awardingOpportunity":{"awardingBody":{"eidasLegalIdentifier":"Unknown","homepage":"https://leaston.bcdiploma.com/","id":"did:ebsi:2A9BZ9SUe6BatacSpvs1V5CdjHvLpQ7bEsi2Jb6LdHKnQxaN","preferredName":"Leaston University","registration":"0597065J"},"endedAtTime":"2020-06-26T00:00:00Z","id":"https://leaston.bcdiploma.com/law-economics-management#AwardingOpportunity","identifier":"https://certificate-demo.bcdiploma.com/check/87ED2F2270E6C41456E94B86B9D9115B4E35BCCAD200A49B846592C14F79C86BV1Fnbllta0NZTnJkR3lDWlRmTDlSRUJEVFZISmNmYzJhUU5sZUJ5Z2FJSHpWbmZZ","location":"FRANCE","startedAtTime":"2019-09-02T00:00:00Z"},"dateOfBirth":"1993-04-08","familyName":"DOE","givenNames":"Jane","gradingScheme":{"id":"https://leaston.bcdiploma.com/law-economics-management#GradingScheme","title":"Lower Second-Class Honours"},"identifier":"0904008084H","learningAchievement":{"additionalNote":["DISTRIBUTION MANAGEMENT"],"description":"MARKETING AND SALES","id":"https://leaston.bcdiploma.com/law-economics-management#LearningAchievment","title":"MASTERS LAW, ECONOMICS AND MANAGEMENT"},"learningSpecification":{"ectsCreditPoints":120,"eqfLevel":7,"id":"https://leaston.bcdiploma.com/law-economics-management#LearningSpecification","iscedfCode":["7"],"nqfLevel":["7"]}},"credentialStatus":{"id":"https://essif.europa.eu/status/education#higherEducation#392ac7f6-399a-437b-a268-4691ead8f176","type":"CredentialStatusList2020"},"evidence":{"documentPresence":["Physical"],"evidenceDocument":["Passport"],"id":"https://essif.europa.eu/tsr-va/evidence/f2aeec97-fc0d-42bf-8ca7-0548192d5678","subjectPresence":"Physical","type":["DocumentVerification"],"verifier":"did:ebsi:2962fb784df61baa267c8132497539f8c674b37c1244a7a"}}
8086 [pool-1-thread-1 @coroutine#209] DEBUG id.walt.services.vc.WaltIdJsonLdCredentialService - Signing jsonLd object with: issuerDid (did:key:z6MkgKGQomdNPWtX2Df2b616KoDAoo4GRod8rUokZZmVSMVa), domain (null), nonce (null
8086 [pool-1-thread-1 @coroutine#209] DEBUG id.walt.services.keystore.HKVKeyStoreService - Loading key "did:key:z6MkgKGQomdNPWtX2Df2b616KoDAoo4GRod8rUokZZmVSMVa#z6MkgKGQomdNPWtX2Df2b616KoDAoo4GRod8rUokZZmVSMVa".
8087 [pool-1-thread-1 @coroutine#209] DEBUG id.walt.services.vc.WaltIdJsonLdCredentialService - Signing: {"type":["VerifiableCredential","VerifiableAttestation","VerifiableDiploma"],"@context":["https://www.w3.org/2018/credentials/v1"],"id":"urn:uuid:20ac1c87-c62f-44b2-bc3d-93700a572778","issuer":"did:key:z6MkgKGQomdNPWtX2Df2b616KoDAoo4GRod8rUokZZmVSMVa","issuanceDate":"2024-09-12T09:39:43Z","issued":"2024-09-12T09:39:43Z","validFrom":"2024-09-12T09:39:43Z","expirationDate":"2022-08-31T00:00:00Z","credentialSchema":{"id":"https://raw.githubusercontent.com/walt-id/waltid-ssikit-vclib/master/src/test/resources/schemas/VerifiableDiploma.json","type":"JsonSchemaValidator2018"},"credentialSubject":{"id":"did:key:z6MkgKGQomdNPWtX2Df2b616KoDAoo4GRod8rUokZZmVSMVa","awardingOpportunity":{"awardingBody":{"eidasLegalIdentifier":"Unknown","homepage":"https://leaston.bcdiploma.com/","id":"did:ebsi:2A9BZ9SUe6BatacSpvs1V5CdjHvLpQ7bEsi2Jb6LdHKnQxaN","preferredName":"Leaston University","registration":"0597065J"},"endedAtTime":"2020-06-26T00:00:00Z","id":"https://leaston.bcdiploma.com/law-economics-management#AwardingOpportunity","identifier":"https://certificate-demo.bcdiploma.com/check/87ED2F2270E6C41456E94B86B9D9115B4E35BCCAD200A49B846592C14F79C86BV1Fnbllta0NZTnJkR3lDWlRmTDlSRUJEVFZISmNmYzJhUU5sZUJ5Z2FJSHpWbmZZ","location":"FRANCE","startedAtTime":"2019-09-02T00:00:00Z"},"dateOfBirth":"1993-04-08","familyName":"DOE","givenNames":"Jane","gradingScheme":{"id":"https://leaston.bcdiploma.com/law-economics-management#GradingScheme","title":"Lower Second-Class Honours"},"identifier":"0904008084H","learningAchievement":{"additionalNote":["DISTRIBUTION MANAGEMENT"],"description":"MARKETING AND SALES","id":"https://leaston.bcdiploma.com/law-economics-management#LearningAchievment","title":"MASTERS LAW, ECONOMICS AND MANAGEMENT"},"learningSpecification":{"ectsCreditPoints":120,"eqfLevel":7,"id":"https://leaston.bcdiploma.com/law-economics-management#LearningSpecification","iscedfCode":["7"],"nqfLevel":["7"]}},"credentialStatus":{"id":"https://essif.europa.eu/status/education#higherEducation#392ac7f6-399a-437b-a268-4691ead8f176","type":"CredentialStatusList2020"},"evidence":{"documentPresence":["Physical"],"evidenceDocument":["Passport"],"id":"https://essif.europa.eu/tsr-va/evidence/f2aeec97-fc0d-42bf-8ca7-0548192d5678","subjectPresence":"Physical","type":["DocumentVerification"],"verifier":"did:ebsi:2962fb784df61baa267c8132497539f8c674b37c1244a7a"}}
Sep 12, 2024 11:39:43 AM com.apicatalog.jsonld.deseralization.JsonLdToRdf build
WARNING: Non well-formed subject [https://essif.europa.eu/status/education#higherEducation#392ac7f6-399a-437b-a268-4691ead8f176] has been skipped.
8089 [pool-1-thread-1 @coroutine#209] DEBUG id.walt.services.keystore.HKVKeyStoreService - Loading key "a6efc38ecbd74574b33477257492ca41".
8089 [pool-1-thread-1 @coroutine#209] DEBUG id.walt.services.keystore.HKVKeyStoreService - Loading key "a6efc38ecbd74574b33477257492ca41".
8089 [pool-1-thread-1 @coroutine#209] DEBUG id.walt.services.keystore.HKVKeyStoreService - Loading key "a6efc38ecbd74574b33477257492ca41".
8090 [pool-1-thread-1 @coroutine#209] DEBUG id.walt.signatory.WaltIdSignatory - Signed VC is: {
  "type" : [ "VerifiableCredential", "VerifiableAttestation", "VerifiableDiploma" ],
  "@context" : [ "https://www.w3.org/2018/credentials/v1", "https://w3id.org/security/suites/jws-2020/v1" ],
  "id" : "urn:uuid:20ac1c87-c62f-44b2-bc3d-93700a572778",
  "issuer" : "did:key:z6MkgKGQomdNPWtX2Df2b616KoDAoo4GRod8rUokZZmVSMVa",
  "issuanceDate" : "2024-09-12T09:39:43Z",
  "issued" : "2024-09-12T09:39:43Z",
  "validFrom" : "2024-09-12T09:39:43Z",
  "expirationDate" : "2022-08-31T00:00:00Z",
  "credentialSchema" : {
    "id" : "https://raw.githubusercontent.com/walt-id/waltid-ssikit-vclib/master/src/test/resources/schemas/VerifiableDiploma.json",
    "type" : "JsonSchemaValidator2018"
  },
  "credentialSubject" : {
    "id" : "did:key:z6MkgKGQomdNPWtX2Df2b616KoDAoo4GRod8rUokZZmVSMVa",
    "awardingOpportunity" : {
      "awardingBody" : {
        "eidasLegalIdentifier" : "Unknown",
        "homepage" : "https://leaston.bcdiploma.com/",
        "id" : "did:ebsi:2A9BZ9SUe6BatacSpvs1V5CdjHvLpQ7bEsi2Jb6LdHKnQxaN",
        "preferredName" : "Leaston University",
        "registration" : "0597065J"
      },
      "endedAtTime" : "2020-06-26T00:00:00Z",
      "id" : "https://leaston.bcdiploma.com/law-economics-management#AwardingOpportunity",
      "identifier" : "https://certificate-demo.bcdiploma.com/check/87ED2F2270E6C41456E94B86B9D9115B4E35BCCAD200A49B846592C14F79C86BV1Fnbllta0NZTnJkR3lDWlRmTDlSRUJEVFZISmNmYzJhUU5sZUJ5Z2FJSHpWbmZZ",
      "location" : "FRANCE",
      "startedAtTime" : "2019-09-02T00:00:00Z"
    },
    "dateOfBirth" : "1993-04-08",
    "familyName" : "DOE",
    "givenNames" : "Jane",
    "gradingScheme" : {
      "id" : "https://leaston.bcdiploma.com/law-economics-management#GradingScheme",
      "title" : "Lower Second-Class Honours"
    },
    "identifier" : "0904008084H",
    "learningAchievement" : {
      "additionalNote" : [ "DISTRIBUTION MANAGEMENT" ],
      "description" : "MARKETING AND SALES",
      "id" : "https://leaston.bcdiploma.com/law-economics-management#LearningAchievment",
      "title" : "MASTERS LAW, ECONOMICS AND MANAGEMENT"
    },
    "learningSpecification" : {
      "ectsCreditPoints" : 120,
      "eqfLevel" : 7,
      "id" : "https://leaston.bcdiploma.com/law-economics-management#LearningSpecification",
      "iscedfCode" : [ "7" ],
      "nqfLevel" : [ "7" ]
    }
  },
  "credentialStatus" : {
    "id" : "https://essif.europa.eu/status/education#higherEducation#392ac7f6-399a-437b-a268-4691ead8f176",
    "type" : "CredentialStatusList2020"
  },
  "evidence" : {
    "documentPresence" : [ "Physical" ],
    "evidenceDocument" : [ "Passport" ],
    "id" : "https://essif.europa.eu/tsr-va/evidence/f2aeec97-fc0d-42bf-8ca7-0548192d5678",
    "subjectPresence" : "Physical",
    "type" : [ "DocumentVerification" ],
    "verifier" : "did:ebsi:2962fb784df61baa267c8132497539f8c674b37c1244a7a"
  },
  "proof" : {
    "type" : "JsonWebSignature2020",
    "creator" : "did:key:z6MkgKGQomdNPWtX2Df2b616KoDAoo4GRod8rUokZZmVSMVa",
    "created" : "2024-09-12T09:39:43Z",
    "verificationMethod" : "did:key:z6MkgKGQomdNPWtX2Df2b616KoDAoo4GRod8rUokZZmVSMVa#z6MkgKGQomdNPWtX2Df2b616KoDAoo4GRod8rUokZZmVSMVa",
    "jws" : "eyJiNjQiOmZhbHNlLCJjcml0IjpbImI2NCJdLCJhbGciOiJFZERTQSJ9..P0t9vwaFwIOOrllwc0Bobw_onrkwuH0zM_npRjksQgk5tjxT-GYpIANieDd1zrK-B2EgfTJhBZWE4vja2ym9Ag"
  }
}
8090 [pool-1-thread-1 @coroutine#209] DEBUG id.walt.model.DidUrl - Trying to create DidUrl from URL: "did:key:z6MkgKGQomdNPWtX2Df2b616KoDAoo4GRod8rUokZZmVSMVa"...
8090 [pool-1-thread-1 @coroutine#209] DEBUG id.walt.model.DidUrl - Trying to create DidUrl from URL: "did:key:z6MkgKGQomdNPWtX2Df2b616KoDAoo4GRod8rUokZZmVSMVa"...
8090 [pool-1-thread-1 @coroutine#209] DEBUG id.walt.signatory.WaltIdSignatory - Signing credential with proof using JWT...
8090 [pool-1-thread-1 @coroutine#209] DEBUG id.walt.signatory.WaltIdSignatory - Signing credential with proof using JWT, credential is: {"type":["VerifiableCredential","VerifiableAttestation","VerifiableDiploma"],"@context":["https://www.w3.org/2018/credentials/v1"],"id":"urn:uuid:7767fb6b-f0b7-4117-bb96-18f7ace39254","issuer":"did:key:z6MkgKGQomdNPWtX2Df2b616KoDAoo4GRod8rUokZZmVSMVa","issuanceDate":"2024-09-12T09:39:43Z","issued":"2024-09-12T09:39:43Z","validFrom":"2024-09-12T09:39:43Z","expirationDate":"2022-08-31T00:00:00Z","credentialSchema":{"id":"https://raw.githubusercontent.com/walt-id/waltid-ssikit-vclib/master/src/test/resources/schemas/VerifiableDiploma.json","type":"JsonSchemaValidator2018"},"credentialSubject":{"id":"did:key:z6MkgKGQomdNPWtX2Df2b616KoDAoo4GRod8rUokZZmVSMVa","awardingOpportunity":{"awardingBody":{"eidasLegalIdentifier":"Unknown","homepage":"https://leaston.bcdiploma.com/","id":"did:ebsi:2A9BZ9SUe6BatacSpvs1V5CdjHvLpQ7bEsi2Jb6LdHKnQxaN","preferredName":"Leaston University","registration":"0597065J"},"endedAtTime":"2020-06-26T00:00:00Z","id":"https://leaston.bcdiploma.com/law-economics-management#AwardingOpportunity","identifier":"https://certificate-demo.bcdiploma.com/check/87ED2F2270E6C41456E94B86B9D9115B4E35BCCAD200A49B846592C14F79C86BV1Fnbllta0NZTnJkR3lDWlRmTDlSRUJEVFZISmNmYzJhUU5sZUJ5Z2FJSHpWbmZZ","location":"FRANCE","startedAtTime":"2019-09-02T00:00:00Z"},"dateOfBirth":"1993-04-08","familyName":"DOE","givenNames":"Jane","gradingScheme":{"id":"https://leaston.bcdiploma.com/law-economics-management#GradingScheme","title":"Lower Second-Class Honours"},"identifier":"0904008084H","learningAchievement":{"additionalNote":["DISTRIBUTION MANAGEMENT"],"description":"MARKETING AND SALES","id":"https://leaston.bcdiploma.com/law-economics-management#LearningAchievment","title":"MASTERS LAW, ECONOMICS AND MANAGEMENT"},"learningSpecification":{"ectsCreditPoints":120,"eqfLevel":7,"id":"https://leaston.bcdiploma.com/law-economics-management#LearningSpecification","iscedfCode":["7"],"nqfLevel":["7"]}},"credentialStatus":{"id":"https://essif.europa.eu/status/education#higherEducation#392ac7f6-399a-437b-a268-4691ead8f176","type":"CredentialStatusList2020"},"evidence":{"documentPresence":["Physical"],"evidenceDocument":["Passport"],"id":"https://essif.europa.eu/tsr-va/evidence/f2aeec97-fc0d-42bf-8ca7-0548192d5678","subjectPresence":"Physical","type":["DocumentVerification"],"verifier":"did:ebsi:2962fb784df61baa267c8132497539f8c674b37c1244a7a"}}
8090 [pool-1-thread-1 @coroutine#209] DEBUG id.walt.services.vc.WaltIdJwtCredentialService - Signing JWT object with config: ProofConfig(issuerDid=did:key:z6MkgKGQomdNPWtX2Df2b616KoDAoo4GRod8rUokZZmVSMVa, subjectDid=did:key:z6MkgKGQomdNPWtX2Df2b616KoDAoo4GRod8rUokZZmVSMVa, verifierDid=null, issuerVerificationMethod=did:key:z6MkgKGQomdNPWtX2Df2b616KoDAoo4GRod8rUokZZmVSMVa#z6MkgKGQomdNPWtX2Df2b616KoDAoo4GRod8rUokZZmVSMVa, proofType=JWT, domain=null, nonce=null, proofPurpose=null, credentialId=urn:uuid:7767fb6b-f0b7-4117-bb96-18f7ace39254, issueDate=2024-09-12T09:39:43.310519261Z, validDate=2024-09-12T09:39:43.310521696Z, expirationDate=null, dataProviderIdentifier=null, ldSignatureType=null, creator=did:key:z6MkgKGQomdNPWtX2Df2b616KoDAoo4GRod8rUokZZmVSMVa, ecosystem=DEFAULT, statusType=null, statusPurpose=revocation, credentialsEndpoint=null, selectiveDisclosure=null)
8091 [pool-1-thread-1 @coroutine#209] DEBUG id.walt.services.vc.WaltIdJwtCredentialService - Signing: {"sub":"did:key:z6MkgKGQomdNPWtX2Df2b616KoDAoo4GRod8rUokZZmVSMVa","nbf":1726133983,"iss":"did:key:z6MkgKGQomdNPWtX2Df2b616KoDAoo4GRod8rUokZZmVSMVa","iat":1726133983,"vc":{"type":["VerifiableCredential","VerifiableAttestation","VerifiableDiploma"],"@context":["https://www.w3.org/2018/credentials/v1"],"id":"urn:uuid:7767fb6b-f0b7-4117-bb96-18f7ace39254","issuer":"did:key:z6MkgKGQomdNPWtX2Df2b616KoDAoo4GRod8rUokZZmVSMVa","issuanceDate":"2024-09-12T09:39:43Z","issued":"2024-09-12T09:39:43Z","validFrom":"2024-09-12T09:39:43Z","expirationDate":"2022-08-31T00:00:00Z","credentialSchema":{"id":"https://raw.githubusercontent.com/walt-id/waltid-ssikit-vclib/master/src/test/resources/schemas/VerifiableDiploma.json","type":"JsonSchemaValidator2018"},"credentialSubject":{"id":"did:key:z6MkgKGQomdNPWtX2Df2b616KoDAoo4GRod8rUokZZmVSMVa","awardingOpportunity":{"awardingBody":{"eidasLegalIdentifier":"Unknown","homepage":"https://leaston.bcdiploma.com/","id":"did:ebsi:2A9BZ9SUe6BatacSpvs1V5CdjHvLpQ7bEsi2Jb6LdHKnQxaN","preferredName":"Leaston University","registration":"0597065J"},"endedAtTime":"2020-06-26T00:00:00Z","id":"https://leaston.bcdiploma.com/law-economics-management#AwardingOpportunity","identifier":"https://certificate-demo.bcdiploma.com/check/87ED2F2270E6C41456E94B86B9D9115B4E35BCCAD200A49B846592C14F79C86BV1Fnbllta0NZTnJkR3lDWlRmTDlSRUJEVFZISmNmYzJhUU5sZUJ5Z2FJSHpWbmZZ","location":"FRANCE","startedAtTime":"2019-09-02T00:00:00Z"},"dateOfBirth":"1993-04-08","familyName":"DOE","givenNames":"Jane","gradingScheme":{"id":"https://leaston.bcdiploma.com/law-economics-management#GradingScheme","title":"Lower Second-Class Honours"},"identifier":"0904008084H","learningAchievement":{"additionalNote":["DISTRIBUTION MANAGEMENT"],"description":"MARKETING AND SALES","id":"https://leaston.bcdiploma.com/law-economics-management#LearningAchievment","title":"MASTERS LAW, ECONOMICS AND MANAGEMENT"},"learningSpecification":{"ectsCreditPoints":120,"eqfLevel":7,"id":"https://leaston.bcdiploma.com/law-economics-management#LearningSpecification","iscedfCode":["7"],"nqfLevel":["7"]}},"credentialStatus":{"id":"https://essif.europa.eu/status/education#higherEducation#392ac7f6-399a-437b-a268-4691ead8f176","type":"CredentialStatusList2020"},"evidence":{"documentPresence":["Physical"],"evidenceDocument":["Passport"],"id":"https://essif.europa.eu/tsr-va/evidence/f2aeec97-fc0d-42bf-8ca7-0548192d5678","subjectPresence":"Physical","type":["DocumentVerification"],"verifier":"did:ebsi:2962fb784df61baa267c8132497539f8c674b37c1244a7a"}},"jti":"urn:uuid:7767fb6b-f0b7-4117-bb96-18f7ace39254"}
8091 [pool-1-thread-1 @coroutine#209] DEBUG id.walt.services.keystore.HKVKeyStoreService - Loading key "did:key:z6MkgKGQomdNPWtX2Df2b616KoDAoo4GRod8rUokZZmVSMVa#z6MkgKGQomdNPWtX2Df2b616KoDAoo4GRod8rUokZZmVSMVa".
8091 [pool-1-thread-1 @coroutine#209] DEBUG id.walt.services.jwt.WaltIdJwtService - Signing JWT with algorithm: EdDSA_Ed25519
8091 [pool-1-thread-1 @coroutine#209] DEBUG id.walt.model.DidUrl - Trying to create DidUrl from URL: "did:key:z6MkgKGQomdNPWtX2Df2b616KoDAoo4GRod8rUokZZmVSMVa#z6MkgKGQomdNPWtX2Df2b616KoDAoo4GRod8rUokZZmVSMVa"...
8091 [pool-1-thread-1 @coroutine#209] DEBUG id.walt.services.keystore.HKVKeyStoreService - Loading key "a6efc38ecbd74574b33477257492ca41".
8092 [pool-1-thread-1 @coroutine#209] DEBUG id.walt.services.jwt.WaltIdJwtService - Signed JWT:  eyJraWQiOiJkaWQ6a2V5Ono2TWtnS0dRb21kTlBXdFgyRGYyYjYxNktvREFvbzRHUm9kOHJVb2taWm1WU01WYSN6Nk1rZ0tHUW9tZE5QV3RYMkRmMmI2MTZLb0RBb280R1JvZDhyVW9rWlptVlNNVmEiLCJ0eXAiOiJKV1QiLCJhbGciOiJFZERTQSJ9.eyJzdWIiOiJkaWQ6a2V5Ono2TWtnS0dRb21kTlBXdFgyRGYyYjYxNktvREFvbzRHUm9kOHJVb2taWm1WU01WYSIsIm5iZiI6MTcyNjEzMzk4MywiaXNzIjoiZGlkOmtleTp6Nk1rZ0tHUW9tZE5QV3RYMkRmMmI2MTZLb0RBb280R1JvZDhyVW9rWlptVlNNVmEiLCJpYXQiOjE3MjYxMzM5ODMsInZjIjp7InR5cGUiOlsiVmVyaWZpYWJsZUNyZWRlbnRpYWwiLCJWZXJpZmlhYmxlQXR0ZXN0YXRpb24iLCJWZXJpZmlhYmxlRGlwbG9tYSJdLCJAY29udGV4dCI6WyJodHRwczovL3d3dy53My5vcmcvMjAxOC9jcmVkZW50aWFscy92MSJdLCJpZCI6InVybjp1dWlkOjc3NjdmYjZiLWYwYjctNDExNy1iYjk2LTE4ZjdhY2UzOTI1NCIsImlzc3VlciI6ImRpZDprZXk6ejZNa2dLR1FvbWROUFd0WDJEZjJiNjE2S29EQW9vNEdSb2Q4clVva1pabVZTTVZhIiwiaXNzdWFuY2VEYXRlIjoiMjAyNC0wOS0xMlQwOTozOTo0M1oiLCJpc3N1ZWQiOiIyMDI0LTA5LTEyVDA5OjM5OjQzWiIsInZhbGlkRnJvbSI6IjIwMjQtMDktMTJUMDk6Mzk6NDNaIiwiZXhwaXJhdGlvbkRhdGUiOiIyMDIyLTA4LTMxVDAwOjAwOjAwWiIsImNyZWRlbnRpYWxTY2hlbWEiOnsiaWQiOiJodHRwczovL3Jhdy5naXRodWJ1c2VyY29udGVudC5jb20vd2FsdC1pZC93YWx0aWQtc3Npa2l0LXZjbGliL21hc3Rlci9zcmMvdGVzdC9yZXNvdXJjZXMvc2NoZW1hcy9WZXJpZmlhYmxlRGlwbG9tYS5qc29uIiwidHlwZSI6Ikpzb25TY2hlbWFWYWxpZGF0b3IyMDE4In0sImNyZWRlbnRpYWxTdWJqZWN0Ijp7ImlkIjoiZGlkOmtleTp6Nk1rZ0tHUW9tZE5QV3RYMkRmMmI2MTZLb0RBb280R1JvZDhyVW9rWlptVlNNVmEiLCJhd2FyZGluZ09wcG9ydHVuaXR5Ijp7ImF3YXJkaW5nQm9keSI6eyJlaWRhc0xlZ2FsSWRlbnRpZmllciI6IlVua25vd24iLCJob21lcGFnZSI6Imh0dHBzOi8vbGVhc3Rvbi5iY2RpcGxvbWEuY29tLyIsImlkIjoiZGlkOmVic2k6MkE5Qlo5U1VlNkJhdGFjU3B2czFWNUNkakh2THBRN2JFc2kySmI2TGRIS25ReGFOIiwicHJlZmVycmVkTmFtZSI6IkxlYXN0b24gVW5pdmVyc2l0eSIsInJlZ2lzdHJhdGlvbiI6IjA1OTcwNjVKIn0sImVuZGVkQXRUaW1lIjoiMjAyMC0wNi0yNlQwMDowMDowMFoiLCJpZCI6Imh0dHBzOi8vbGVhc3Rvbi5iY2RpcGxvbWEuY29tL2xhdy1lY29ub21pY3MtbWFuYWdlbWVudCNBd2FyZGluZ09wcG9ydHVuaXR5IiwiaWRlbnRpZmllciI6Imh0dHBzOi8vY2VydGlmaWNhdGUtZGVtby5iY2RpcGxvbWEuY29tL2NoZWNrLzg3RUQyRjIyNzBFNkM0MTQ1NkU5NEI4NkI5RDkxMTVCNEUzNUJDQ0FEMjAwQTQ5Qjg0NjU5MkMxNEY3OUM4NkJWMUZuYmxsdGEwTlpUbkprUjNsRFdsUm1URGxTUlVKRVZGWklTbU5tWXpKaFVVNXNaVUo1WjJGSlNIcFdibVpaIiwibG9jYXRpb24iOiJGUkFOQ0UiLCJzdGFydGVkQXRUaW1lIjoiMjAxOS0wOS0wMlQwMDowMDowMFoifSwiZGF0ZU9mQmlydGgiOiIxOTkzLTA0LTA4IiwiZmFtaWx5TmFtZSI6IkRPRSIsImdpdmVuTmFtZXMiOiJKYW5lIiwiZ3JhZGluZ1NjaGVtZSI6eyJpZCI6Imh0dHBzOi8vbGVhc3Rvbi5iY2RpcGxvbWEuY29tL2xhdy1lY29ub21pY3MtbWFuYWdlbWVudCNHcmFkaW5nU2NoZW1lIiwidGl0bGUiOiJMb3dlciBTZWNvbmQtQ2xhc3MgSG9ub3VycyJ9LCJpZGVudGlmaWVyIjoiMDkwNDAwODA4NEgiLCJsZWFybmluZ0FjaGlldmVtZW50Ijp7ImFkZGl0aW9uYWxOb3RlIjpbIkRJU1RSSUJVVElPTiBNQU5BR0VNRU5UIl0sImRlc2NyaXB0aW9uIjoiTUFSS0VUSU5HIEFORCBTQUxFUyIsImlkIjoiaHR0cHM6Ly9sZWFzdG9uLmJjZGlwbG9tYS5jb20vbGF3LWVjb25vbWljcy1tYW5hZ2VtZW50I0xlYXJuaW5nQWNoaWV2bWVudCIsInRpdGxlIjoiTUFTVEVSUyBMQVcsIEVDT05PTUlDUyBBTkQgTUFOQUdFTUVOVCJ9LCJsZWFybmluZ1NwZWNpZmljYXRpb24iOnsiZWN0c0NyZWRpdFBvaW50cyI6MTIwLCJlcWZMZXZlbCI6NywiaWQiOiJodHRwczovL2xlYXN0b24uYmNkaXBsb21hLmNvbS9sYXctZWNvbm9taWNzLW1hbmFnZW1lbnQjTGVhcm5pbmdTcGVjaWZpY2F0aW9uIiwiaXNjZWRmQ29kZSI6WyI3Il0sIm5xZkxldmVsIjpbIjciXX19LCJjcmVkZW50aWFsU3RhdHVzIjp7ImlkIjoiaHR0cHM6Ly9lc3NpZi5ldXJvcGEuZXUvc3RhdHVzL2VkdWNhdGlvbiNoaWdoZXJFZHVjYXRpb24jMzkyYWM3ZjYtMzk5YS00MzdiLWEyNjgtNDY5MWVhZDhmMTc2IiwidHlwZSI6IkNyZWRlbnRpYWxTdGF0dXNMaXN0MjAyMCJ9LCJldmlkZW5jZSI6eyJkb2N1bWVudFByZXNlbmNlIjpbIlBoeXNpY2FsIl0sImV2aWRlbmNlRG9jdW1lbnQiOlsiUGFzc3BvcnQiXSwiaWQiOiJodHRwczovL2Vzc2lmLmV1cm9wYS5ldS90c3ItdmEvZXZpZGVuY2UvZjJhZWVjOTctZmMwZC00MmJmLThjYTctMDU0ODE5MmQ1Njc4Iiwic3ViamVjdFByZXNlbmNlIjoiUGh5c2ljYWwiLCJ0eXBlIjpbIkRvY3VtZW50VmVyaWZpY2F0aW9uIl0sInZlcmlmaWVyIjoiZGlkOmVic2k6Mjk2MmZiNzg0ZGY2MWJhYTI2N2M4MTMyNDk3NTM5ZjhjNjc0YjM3YzEyNDRhN2EifX0sImp0aSI6InVybjp1dWlkOjc3NjdmYjZiLWYwYjctNDExNy1iYjk2LTE4ZjdhY2UzOTI1NCJ9.CY8kMmJKf-RSqCbYTI4R3O511ks3OBlRm0NwklbbKZdQJEruEnGUov0TDIl9oKRoz1PnliOzKO2lLjU77oqfCw
8092 [pool-1-thread-1 @coroutine#209] DEBUG id.walt.signatory.WaltIdSignatory - Signed VC is: eyJraWQiOiJkaWQ6a2V5Ono2TWtnS0dRb21kTlBXdFgyRGYyYjYxNktvREFvbzRHUm9kOHJVb2taWm1WU01WYSN6Nk1rZ0tHUW9tZE5QV3RYMkRmMmI2MTZLb0RBb280R1JvZDhyVW9rWlptVlNNVmEiLCJ0eXAiOiJKV1QiLCJhbGciOiJFZERTQSJ9.eyJzdWIiOiJkaWQ6a2V5Ono2TWtnS0dRb21kTlBXdFgyRGYyYjYxNktvREFvbzRHUm9kOHJVb2taWm1WU01WYSIsIm5iZiI6MTcyNjEzMzk4MywiaXNzIjoiZGlkOmtleTp6Nk1rZ0tHUW9tZE5QV3RYMkRmMmI2MTZLb0RBb280R1JvZDhyVW9rWlptVlNNVmEiLCJpYXQiOjE3MjYxMzM5ODMsInZjIjp7InR5cGUiOlsiVmVyaWZpYWJsZUNyZWRlbnRpYWwiLCJWZXJpZmlhYmxlQXR0ZXN0YXRpb24iLCJWZXJpZmlhYmxlRGlwbG9tYSJdLCJAY29udGV4dCI6WyJodHRwczovL3d3dy53My5vcmcvMjAxOC9jcmVkZW50aWFscy92MSJdLCJpZCI6InVybjp1dWlkOjc3NjdmYjZiLWYwYjctNDExNy1iYjk2LTE4ZjdhY2UzOTI1NCIsImlzc3VlciI6ImRpZDprZXk6ejZNa2dLR1FvbWROUFd0WDJEZjJiNjE2S29EQW9vNEdSb2Q4clVva1pabVZTTVZhIiwiaXNzdWFuY2VEYXRlIjoiMjAyNC0wOS0xMlQwOTozOTo0M1oiLCJpc3N1ZWQiOiIyMDI0LTA5LTEyVDA5OjM5OjQzWiIsInZhbGlkRnJvbSI6IjIwMjQtMDktMTJUMDk6Mzk6NDNaIiwiZXhwaXJhdGlvbkRhdGUiOiIyMDIyLTA4LTMxVDAwOjAwOjAwWiIsImNyZWRlbnRpYWxTY2hlbWEiOnsiaWQiOiJodHRwczovL3Jhdy5naXRodWJ1c2VyY29udGVudC5jb20vd2FsdC1pZC93YWx0aWQtc3Npa2l0LXZjbGliL21hc3Rlci9zcmMvdGVzdC9yZXNvdXJjZXMvc2NoZW1hcy9WZXJpZmlhYmxlRGlwbG9tYS5qc29uIiwidHlwZSI6Ikpzb25TY2hlbWFWYWxpZGF0b3IyMDE4In0sImNyZWRlbnRpYWxTdWJqZWN0Ijp7ImlkIjoiZGlkOmtleTp6Nk1rZ0tHUW9tZE5QV3RYMkRmMmI2MTZLb0RBb280R1JvZDhyVW9rWlptVlNNVmEiLCJhd2FyZGluZ09wcG9ydHVuaXR5Ijp7ImF3YXJkaW5nQm9keSI6eyJlaWRhc0xlZ2FsSWRlbnRpZmllciI6IlVua25vd24iLCJob21lcGFnZSI6Imh0dHBzOi8vbGVhc3Rvbi5iY2RpcGxvbWEuY29tLyIsImlkIjoiZGlkOmVic2k6MkE5Qlo5U1VlNkJhdGFjU3B2czFWNUNkakh2THBRN2JFc2kySmI2TGRIS25ReGFOIiwicHJlZmVycmVkTmFtZSI6IkxlYXN0b24gVW5pdmVyc2l0eSIsInJlZ2lzdHJhdGlvbiI6IjA1OTcwNjVKIn0sImVuZGVkQXRUaW1lIjoiMjAyMC0wNi0yNlQwMDowMDowMFoiLCJpZCI6Imh0dHBzOi8vbGVhc3Rvbi5iY2RpcGxvbWEuY29tL2xhdy1lY29ub21pY3MtbWFuYWdlbWVudCNBd2FyZGluZ09wcG9ydHVuaXR5IiwiaWRlbnRpZmllciI6Imh0dHBzOi8vY2VydGlmaWNhdGUtZGVtby5iY2RpcGxvbWEuY29tL2NoZWNrLzg3RUQyRjIyNzBFNkM0MTQ1NkU5NEI4NkI5RDkxMTVCNEUzNUJDQ0FEMjAwQTQ5Qjg0NjU5MkMxNEY3OUM4NkJWMUZuYmxsdGEwTlpUbkprUjNsRFdsUm1URGxTUlVKRVZGWklTbU5tWXpKaFVVNXNaVUo1WjJGSlNIcFdibVpaIiwibG9jYXRpb24iOiJGUkFOQ0UiLCJzdGFydGVkQXRUaW1lIjoiMjAxOS0wOS0wMlQwMDowMDowMFoifSwiZGF0ZU9mQmlydGgiOiIxOTkzLTA0LTA4IiwiZmFtaWx5TmFtZSI6IkRPRSIsImdpdmVuTmFtZXMiOiJKYW5lIiwiZ3JhZGluZ1NjaGVtZSI6eyJpZCI6Imh0dHBzOi8vbGVhc3Rvbi5iY2RpcGxvbWEuY29tL2xhdy1lY29ub21pY3MtbWFuYWdlbWVudCNHcmFkaW5nU2NoZW1lIiwidGl0bGUiOiJMb3dlciBTZWNvbmQtQ2xhc3MgSG9ub3VycyJ9LCJpZGVudGlmaWVyIjoiMDkwNDAwODA4NEgiLCJsZWFybmluZ0FjaGlldmVtZW50Ijp7ImFkZGl0aW9uYWxOb3RlIjpbIkRJU1RSSUJVVElPTiBNQU5BR0VNRU5UIl0sImRlc2NyaXB0aW9uIjoiTUFSS0VUSU5HIEFORCBTQUxFUyIsImlkIjoiaHR0cHM6Ly9sZWFzdG9uLmJjZGlwbG9tYS5jb20vbGF3LWVjb25vbWljcy1tYW5hZ2VtZW50I0xlYXJuaW5nQWNoaWV2bWVudCIsInRpdGxlIjoiTUFTVEVSUyBMQVcsIEVDT05PTUlDUyBBTkQgTUFOQUdFTUVOVCJ9LCJsZWFybmluZ1NwZWNpZmljYXRpb24iOnsiZWN0c0NyZWRpdFBvaW50cyI6MTIwLCJlcWZMZXZlbCI6NywiaWQiOiJodHRwczovL2xlYXN0b24uYmNkaXBsb21hLmNvbS9sYXctZWNvbm9taWNzLW1hbmFnZW1lbnQjTGVhcm5pbmdTcGVjaWZpY2F0aW9uIiwiaXNjZWRmQ29kZSI6WyI3Il0sIm5xZkxldmVsIjpbIjciXX19LCJjcmVkZW50aWFsU3RhdHVzIjp7ImlkIjoiaHR0cHM6Ly9lc3NpZi5ldXJvcGEuZXUvc3RhdHVzL2VkdWNhdGlvbiNoaWdoZXJFZHVjYXRpb24jMzkyYWM3ZjYtMzk5YS00MzdiLWEyNjgtNDY5MWVhZDhmMTc2IiwidHlwZSI6IkNyZWRlbnRpYWxTdGF0dXNMaXN0MjAyMCJ9LCJldmlkZW5jZSI6eyJkb2N1bWVudFByZXNlbmNlIjpbIlBoeXNpY2FsIl0sImV2aWRlbmNlRG9jdW1lbnQiOlsiUGFzc3BvcnQiXSwiaWQiOiJodHRwczovL2Vzc2lmLmV1cm9wYS5ldS90c3ItdmEvZXZpZGVuY2UvZjJhZWVjOTctZmMwZC00MmJmLThjYTctMDU0ODE5MmQ1Njc4Iiwic3ViamVjdFByZXNlbmNlIjoiUGh5c2ljYWwiLCJ0eXBlIjpbIkRvY3VtZW50VmVyaWZpY2F0aW9uIl0sInZlcmlmaWVyIjoiZGlkOmVic2k6Mjk2MmZiNzg0ZGY2MWJhYTI2N2M4MTMyNDk3NTM5ZjhjNjc0YjM3YzEyNDRhN2EifX0sImp0aSI6InVybjp1dWlkOjc3NjdmYjZiLWYwYjctNDExNy1iYjk2LTE4ZjdhY2UzOTI1NCJ9.CY8kMmJKf-RSqCbYTI4R3O511ks3OBlRm0NwklbbKZdQJEruEnGUov0TDIl9oKRoz1PnliOzKO2lLjU77oqfCw
8093 [pool-1-thread-1 @coroutine#209] DEBUG id.walt.services.vc.WaltIdJwtCredentialService - Creating a presentation for VCs:
[PresentableCredential(verifiableCredential=eyJraWQiOiJkaWQ6a2V5Ono2TWtnS0dRb21kTlBXdFgyRGYyYjYxNktvREFvbzRHUm9kOHJVb2taWm1WU01WYSN6Nk1rZ0tHUW9tZE5QV3RYMkRmMmI2MTZLb0RBb280R1JvZDhyVW9rWlptVlNNVmEiLCJ0eXAiOiJKV1QiLCJhbGciOiJFZERTQSJ9.eyJzdWIiOiJkaWQ6a2V5Ono2TWtnS0dRb21kTlBXdFgyRGYyYjYxNktvREFvbzRHUm9kOHJVb2taWm1WU01WYSIsIm5iZiI6MTcyNjEzMzk4MywiaXNzIjoiZGlkOmtleTp6Nk1rZ0tHUW9tZE5QV3RYMkRmMmI2MTZLb0RBb280R1JvZDhyVW9rWlptVlNNVmEiLCJpYXQiOjE3MjYxMzM5ODMsInZjIjp7InR5cGUiOlsiVmVyaWZpYWJsZUNyZWRlbnRpYWwiLCJWZXJpZmlhYmxlQXR0ZXN0YXRpb24iLCJWZXJpZmlhYmxlRGlwbG9tYSJdLCJAY29udGV4dCI6WyJodHRwczovL3d3dy53My5vcmcvMjAxOC9jcmVkZW50aWFscy92MSJdLCJpZCI6InVybjp1dWlkOjc3NjdmYjZiLWYwYjctNDExNy1iYjk2LTE4ZjdhY2UzOTI1NCIsImlzc3VlciI6ImRpZDprZXk6ejZNa2dLR1FvbWROUFd0WDJEZjJiNjE2S29EQW9vNEdSb2Q4clVva1pabVZTTVZhIiwiaXNzdWFuY2VEYXRlIjoiMjAyNC0wOS0xMlQwOTozOTo0M1oiLCJpc3N1ZWQiOiIyMDI0LTA5LTEyVDA5OjM5OjQzWiIsInZhbGlkRnJvbSI6IjIwMjQtMDktMTJUMDk6Mzk6NDNaIiwiZXhwaXJhdGlvbkRhdGUiOiIyMDIyLTA4LTMxVDAwOjAwOjAwWiIsImNyZWRlbnRpYWxTY2hlbWEiOnsiaWQiOiJodHRwczovL3Jhdy5naXRodWJ1c2VyY29udGVudC5jb20vd2FsdC1pZC93YWx0aWQtc3Npa2l0LXZjbGliL21hc3Rlci9zcmMvdGVzdC9yZXNvdXJjZXMvc2NoZW1hcy9WZXJpZmlhYmxlRGlwbG9tYS5qc29uIiwidHlwZSI6Ikpzb25TY2hlbWFWYWxpZGF0b3IyMDE4In0sImNyZWRlbnRpYWxTdWJqZWN0Ijp7ImlkIjoiZGlkOmtleTp6Nk1rZ0tHUW9tZE5QV3RYMkRmMmI2MTZLb0RBb280R1JvZDhyVW9rWlptVlNNVmEiLCJhd2FyZGluZ09wcG9ydHVuaXR5Ijp7ImF3YXJkaW5nQm9keSI6eyJlaWRhc0xlZ2FsSWRlbnRpZmllciI6IlVua25vd24iLCJob21lcGFnZSI6Imh0dHBzOi8vbGVhc3Rvbi5iY2RpcGxvbWEuY29tLyIsImlkIjoiZGlkOmVic2k6MkE5Qlo5U1VlNkJhdGFjU3B2czFWNUNkakh2THBRN2JFc2kySmI2TGRIS25ReGFOIiwicHJlZmVycmVkTmFtZSI6IkxlYXN0b24gVW5pdmVyc2l0eSIsInJlZ2lzdHJhdGlvbiI6IjA1OTcwNjVKIn0sImVuZGVkQXRUaW1lIjoiMjAyMC0wNi0yNlQwMDowMDowMFoiLCJpZCI6Imh0dHBzOi8vbGVhc3Rvbi5iY2RpcGxvbWEuY29tL2xhdy1lY29ub21pY3MtbWFuYWdlbWVudCNBd2FyZGluZ09wcG9ydHVuaXR5IiwiaWRlbnRpZmllciI6Imh0dHBzOi8vY2VydGlmaWNhdGUtZGVtby5iY2RpcGxvbWEuY29tL2NoZWNrLzg3RUQyRjIyNzBFNkM0MTQ1NkU5NEI4NkI5RDkxMTVCNEUzNUJDQ0FEMjAwQTQ5Qjg0NjU5MkMxNEY3OUM4NkJWMUZuYmxsdGEwTlpUbkprUjNsRFdsUm1URGxTUlVKRVZGWklTbU5tWXpKaFVVNXNaVUo1WjJGSlNIcFdibVpaIiwibG9jYXRpb24iOiJGUkFOQ0UiLCJzdGFydGVkQXRUaW1lIjoiMjAxOS0wOS0wMlQwMDowMDowMFoifSwiZGF0ZU9mQmlydGgiOiIxOTkzLTA0LTA4IiwiZmFtaWx5TmFtZSI6IkRPRSIsImdpdmVuTmFtZXMiOiJKYW5lIiwiZ3JhZGluZ1NjaGVtZSI6eyJpZCI6Imh0dHBzOi8vbGVhc3Rvbi5iY2RpcGxvbWEuY29tL2xhdy1lY29ub21pY3MtbWFuYWdlbWVudCNHcmFkaW5nU2NoZW1lIiwidGl0bGUiOiJMb3dlciBTZWNvbmQtQ2xhc3MgSG9ub3VycyJ9LCJpZGVudGlmaWVyIjoiMDkwNDAwODA4NEgiLCJsZWFybmluZ0FjaGlldmVtZW50Ijp7ImFkZGl0aW9uYWxOb3RlIjpbIkRJU1RSSUJVVElPTiBNQU5BR0VNRU5UIl0sImRlc2NyaXB0aW9uIjoiTUFSS0VUSU5HIEFORCBTQUxFUyIsImlkIjoiaHR0cHM6Ly9sZWFzdG9uLmJjZGlwbG9tYS5jb20vbGF3LWVjb25vbWljcy1tYW5hZ2VtZW50I0xlYXJuaW5nQWNoaWV2bWVudCIsInRpdGxlIjoiTUFTVEVSUyBMQVcsIEVDT05PTUlDUyBBTkQgTUFOQUdFTUVOVCJ9LCJsZWFybmluZ1NwZWNpZmljYXRpb24iOnsiZWN0c0NyZWRpdFBvaW50cyI6MTIwLCJlcWZMZXZlbCI6NywiaWQiOiJodHRwczovL2xlYXN0b24uYmNkaXBsb21hLmNvbS9sYXctZWNvbm9taWNzLW1hbmFnZW1lbnQjTGVhcm5pbmdTcGVjaWZpY2F0aW9uIiwiaXNjZWRmQ29kZSI6WyI3Il0sIm5xZkxldmVsIjpbIjciXX19LCJjcmVkZW50aWFsU3RhdHVzIjp7ImlkIjoiaHR0cHM6Ly9lc3NpZi5ldXJvcGEuZXUvc3RhdHVzL2VkdWNhdGlvbiNoaWdoZXJFZHVjYXRpb24jMzkyYWM3ZjYtMzk5YS00MzdiLWEyNjgtNDY5MWVhZDhmMTc2IiwidHlwZSI6IkNyZWRlbnRpYWxTdGF0dXNMaXN0MjAyMCJ9LCJldmlkZW5jZSI6eyJkb2N1bWVudFByZXNlbmNlIjpbIlBoeXNpY2FsIl0sImV2aWRlbmNlRG9jdW1lbnQiOlsiUGFzc3BvcnQiXSwiaWQiOiJodHRwczovL2Vzc2lmLmV1cm9wYS5ldS90c3ItdmEvZXZpZGVuY2UvZjJhZWVjOTctZmMwZC00MmJmLThjYTctMDU0ODE5MmQ1Njc4Iiwic3ViamVjdFByZXNlbmNlIjoiUGh5c2ljYWwiLCJ0eXBlIjpbIkRvY3VtZW50VmVyaWZpY2F0aW9uIl0sInZlcmlmaWVyIjoiZGlkOmVic2k6Mjk2MmZiNzg0ZGY2MWJhYTI2N2M4MTMyNDk3NTM5ZjhjNjc0YjM3YzEyNDRhN2EifX0sImp0aSI6InVybjp1dWlkOjc3NjdmYjZiLWYwYjctNDExNy1iYjk2LTE4ZjdhY2UzOTI1NCJ9.CY8kMmJKf-RSqCbYTI4R3O511ks3OBlRm0NwklbbKZdQJEruEnGUov0TDIl9oKRoz1PnliOzKO2lLjU77oqfCw, selectiveDisclosure=null, discloseAll=false)]
8093 [pool-1-thread-1 @coroutine#209] DEBUG id.walt.model.DidUrl - Trying to create DidUrl from URL: "did:key:z6MkgKGQomdNPWtX2Df2b616KoDAoo4GRod8rUokZZmVSMVa"...
8093 [pool-1-thread-1 @coroutine#209] DEBUG id.walt.services.vc.WaltIdJwtCredentialService - Signing JWT object with config: ProofConfig(issuerDid=did:key:z6MkgKGQomdNPWtX2Df2b616KoDAoo4GRod8rUokZZmVSMVa, subjectDid=did:key:z6MkgKGQomdNPWtX2Df2b616KoDAoo4GRod8rUokZZmVSMVa, verifierDid=did:key:z6MkgKGQomdNPWtX2Df2b616KoDAoo4GRod8rUokZZmVSMVa, issuerVerificationMethod=did:key:z6MkgKGQomdNPWtX2Df2b616KoDAoo4GRod8rUokZZmVSMVa#z6MkgKGQomdNPWtX2Df2b616KoDAoo4GRod8rUokZZmVSMVa, proofType=JWT, domain=null, nonce=null, proofPurpose=null, credentialId=urn:uuid:784acc71-82c7-4463-88ee-8a740be1fdab, issueDate=null, validDate=null, expirationDate=null, dataProviderIdentifier=null, ldSignatureType=null, creator=did:key:z6MkgKGQomdNPWtX2Df2b616KoDAoo4GRod8rUokZZmVSMVa, ecosystem=DEFAULT, statusType=null, statusPurpose=revocation, credentialsEndpoint=null, selectiveDisclosure=null)
8093 [pool-1-thread-1 @coroutine#209] DEBUG id.walt.services.vc.WaltIdJwtCredentialService - Signing: {"sub":"did:key:z6MkgKGQomdNPWtX2Df2b616KoDAoo4GRod8rUokZZmVSMVa","aud":"did:key:z6MkgKGQomdNPWtX2Df2b616KoDAoo4GRod8rUokZZmVSMVa","nbf":1726133983,"iss":"did:key:z6MkgKGQomdNPWtX2Df2b616KoDAoo4GRod8rUokZZmVSMVa","vp":{"type":["VerifiablePresentation"],"@context":["https://www.w3.org/2018/credentials/v1"],"id":"urn:uuid:784acc71-82c7-4463-88ee-8a740be1fdab","holder":"did:key:z6MkgKGQomdNPWtX2Df2b616KoDAoo4GRod8rUokZZmVSMVa","verifiableCredential":["eyJraWQiOiJkaWQ6a2V5Ono2TWtnS0dRb21kTlBXdFgyRGYyYjYxNktvREFvbzRHUm9kOHJVb2taWm1WU01WYSN6Nk1rZ0tHUW9tZE5QV3RYMkRmMmI2MTZLb0RBb280R1JvZDhyVW9rWlptVlNNVmEiLCJ0eXAiOiJKV1QiLCJhbGciOiJFZERTQSJ9.eyJzdWIiOiJkaWQ6a2V5Ono2TWtnS0dRb21kTlBXdFgyRGYyYjYxNktvREFvbzRHUm9kOHJVb2taWm1WU01WYSIsIm5iZiI6MTcyNjEzMzk4MywiaXNzIjoiZGlkOmtleTp6Nk1rZ0tHUW9tZE5QV3RYMkRmMmI2MTZLb0RBb280R1JvZDhyVW9rWlptVlNNVmEiLCJpYXQiOjE3MjYxMzM5ODMsInZjIjp7InR5cGUiOlsiVmVyaWZpYWJsZUNyZWRlbnRpYWwiLCJWZXJpZmlhYmxlQXR0ZXN0YXRpb24iLCJWZXJpZmlhYmxlRGlwbG9tYSJdLCJAY29udGV4dCI6WyJodHRwczovL3d3dy53My5vcmcvMjAxOC9jcmVkZW50aWFscy92MSJdLCJpZCI6InVybjp1dWlkOjc3NjdmYjZiLWYwYjctNDExNy1iYjk2LTE4ZjdhY2UzOTI1NCIsImlzc3VlciI6ImRpZDprZXk6ejZNa2dLR1FvbWROUFd0WDJEZjJiNjE2S29EQW9vNEdSb2Q4clVva1pabVZTTVZhIiwiaXNzdWFuY2VEYXRlIjoiMjAyNC0wOS0xMlQwOTozOTo0M1oiLCJpc3N1ZWQiOiIyMDI0LTA5LTEyVDA5OjM5OjQzWiIsInZhbGlkRnJvbSI6IjIwMjQtMDktMTJUMDk6Mzk6NDNaIiwiZXhwaXJhdGlvbkRhdGUiOiIyMDIyLTA4LTMxVDAwOjAwOjAwWiIsImNyZWRlbnRpYWxTY2hlbWEiOnsiaWQiOiJodHRwczovL3Jhdy5naXRodWJ1c2VyY29udGVudC5jb20vd2FsdC1pZC93YWx0aWQtc3Npa2l0LXZjbGliL21hc3Rlci9zcmMvdGVzdC9yZXNvdXJjZXMvc2NoZW1hcy9WZXJpZmlhYmxlRGlwbG9tYS5qc29uIiwidHlwZSI6Ikpzb25TY2hlbWFWYWxpZGF0b3IyMDE4In0sImNyZWRlbnRpYWxTdWJqZWN0Ijp7ImlkIjoiZGlkOmtleTp6Nk1rZ0tHUW9tZE5QV3RYMkRmMmI2MTZLb0RBb280R1JvZDhyVW9rWlptVlNNVmEiLCJhd2FyZGluZ09wcG9ydHVuaXR5Ijp7ImF3YXJkaW5nQm9keSI6eyJlaWRhc0xlZ2FsSWRlbnRpZmllciI6IlVua25vd24iLCJob21lcGFnZSI6Imh0dHBzOi8vbGVhc3Rvbi5iY2RpcGxvbWEuY29tLyIsImlkIjoiZGlkOmVic2k6MkE5Qlo5U1VlNkJhdGFjU3B2czFWNUNkakh2THBRN2JFc2kySmI2TGRIS25ReGFOIiwicHJlZmVycmVkTmFtZSI6IkxlYXN0b24gVW5pdmVyc2l0eSIsInJlZ2lzdHJhdGlvbiI6IjA1OTcwNjVKIn0sImVuZGVkQXRUaW1lIjoiMjAyMC0wNi0yNlQwMDowMDowMFoiLCJpZCI6Imh0dHBzOi8vbGVhc3Rvbi5iY2RpcGxvbWEuY29tL2xhdy1lY29ub21pY3MtbWFuYWdlbWVudCNBd2FyZGluZ09wcG9ydHVuaXR5IiwiaWRlbnRpZmllciI6Imh0dHBzOi8vY2VydGlmaWNhdGUtZGVtby5iY2RpcGxvbWEuY29tL2NoZWNrLzg3RUQyRjIyNzBFNkM0MTQ1NkU5NEI4NkI5RDkxMTVCNEUzNUJDQ0FEMjAwQTQ5Qjg0NjU5MkMxNEY3OUM4NkJWMUZuYmxsdGEwTlpUbkprUjNsRFdsUm1URGxTUlVKRVZGWklTbU5tWXpKaFVVNXNaVUo1WjJGSlNIcFdibVpaIiwibG9jYXRpb24iOiJGUkFOQ0UiLCJzdGFydGVkQXRUaW1lIjoiMjAxOS0wOS0wMlQwMDowMDowMFoifSwiZGF0ZU9mQmlydGgiOiIxOTkzLTA0LTA4IiwiZmFtaWx5TmFtZSI6IkRPRSIsImdpdmVuTmFtZXMiOiJKYW5lIiwiZ3JhZGluZ1NjaGVtZSI6eyJpZCI6Imh0dHBzOi8vbGVhc3Rvbi5iY2RpcGxvbWEuY29tL2xhdy1lY29ub21pY3MtbWFuYWdlbWVudCNHcmFkaW5nU2NoZW1lIiwidGl0bGUiOiJMb3dlciBTZWNvbmQtQ2xhc3MgSG9ub3VycyJ9LCJpZGVudGlmaWVyIjoiMDkwNDAwODA4NEgiLCJsZWFybmluZ0FjaGlldmVtZW50Ijp7ImFkZGl0aW9uYWxOb3RlIjpbIkRJU1RSSUJVVElPTiBNQU5BR0VNRU5UIl0sImRlc2NyaXB0aW9uIjoiTUFSS0VUSU5HIEFORCBTQUxFUyIsImlkIjoiaHR0cHM6Ly9sZWFzdG9uLmJjZGlwbG9tYS5jb20vbGF3LWVjb25vbWljcy1tYW5hZ2VtZW50I0xlYXJuaW5nQWNoaWV2bWVudCIsInRpdGxlIjoiTUFTVEVSUyBMQVcsIEVDT05PTUlDUyBBTkQgTUFOQUdFTUVOVCJ9LCJsZWFybmluZ1NwZWNpZmljYXRpb24iOnsiZWN0c0NyZWRpdFBvaW50cyI6MTIwLCJlcWZMZXZlbCI6NywiaWQiOiJodHRwczovL2xlYXN0b24uYmNkaXBsb21hLmNvbS9sYXctZWNvbm9taWNzLW1hbmFnZW1lbnQjTGVhcm5pbmdTcGVjaWZpY2F0aW9uIiwiaXNjZWRmQ29kZSI6WyI3Il0sIm5xZkxldmVsIjpbIjciXX19LCJjcmVkZW50aWFsU3RhdHVzIjp7ImlkIjoiaHR0cHM6Ly9lc3NpZi5ldXJvcGEuZXUvc3RhdHVzL2VkdWNhdGlvbiNoaWdoZXJFZHVjYXRpb24jMzkyYWM3ZjYtMzk5YS00MzdiLWEyNjgtNDY5MWVhZDhmMTc2IiwidHlwZSI6IkNyZWRlbnRpYWxTdGF0dXNMaXN0MjAyMCJ9LCJldmlkZW5jZSI6eyJkb2N1bWVudFByZXNlbmNlIjpbIlBoeXNpY2FsIl0sImV2aWRlbmNlRG9jdW1lbnQiOlsiUGFzc3BvcnQiXSwiaWQiOiJodHRwczovL2Vzc2lmLmV1cm9wYS5ldS90c3ItdmEvZXZpZGVuY2UvZjJhZWVjOTctZmMwZC00MmJmLThjYTctMDU0ODE5MmQ1Njc4Iiwic3ViamVjdFByZXNlbmNlIjoiUGh5c2ljYWwiLCJ0eXBlIjpbIkRvY3VtZW50VmVyaWZpY2F0aW9uIl0sInZlcmlmaWVyIjoiZGlkOmVic2k6Mjk2MmZiNzg0ZGY2MWJhYTI2N2M4MTMyNDk3NTM5ZjhjNjc0YjM3YzEyNDRhN2EifX0sImp0aSI6InVybjp1dWlkOjc3NjdmYjZiLWYwYjctNDExNy1iYjk2LTE4ZjdhY2UzOTI1NCJ9.CY8kMmJKf-RSqCbYTI4R3O511ks3OBlRm0NwklbbKZdQJEruEnGUov0TDIl9oKRoz1PnliOzKO2lLjU77oqfCw"]},"iat":1726133983,"jti":"urn:uuid:784acc71-82c7-4463-88ee-8a740be1fdab"}
8093 [pool-1-thread-1 @coroutine#209] DEBUG id.walt.services.keystore.HKVKeyStoreService - Loading key "did:key:z6MkgKGQomdNPWtX2Df2b616KoDAoo4GRod8rUokZZmVSMVa#z6MkgKGQomdNPWtX2Df2b616KoDAoo4GRod8rUokZZmVSMVa".
8093 [pool-1-thread-1 @coroutine#209] DEBUG id.walt.services.jwt.WaltIdJwtService - Signing JWT with algorithm: EdDSA_Ed25519
8093 [pool-1-thread-1 @coroutine#209] DEBUG id.walt.model.DidUrl - Trying to create DidUrl from URL: "did:key:z6MkgKGQomdNPWtX2Df2b616KoDAoo4GRod8rUokZZmVSMVa#z6MkgKGQomdNPWtX2Df2b616KoDAoo4GRod8rUokZZmVSMVa"...
8093 [pool-1-thread-1 @coroutine#209] DEBUG id.walt.services.keystore.HKVKeyStoreService - Loading key "a6efc38ecbd74574b33477257492ca41".
8094 [pool-1-thread-1 @coroutine#209] DEBUG id.walt.services.jwt.WaltIdJwtService - Signed JWT:  eyJraWQiOiJkaWQ6a2V5Ono2TWtnS0dRb21kTlBXdFgyRGYyYjYxNktvREFvbzRHUm9kOHJVb2taWm1WU01WYSN6Nk1rZ0tHUW9tZE5QV3RYMkRmMmI2MTZLb0RBb280R1JvZDhyVW9rWlptVlNNVmEiLCJ0eXAiOiJKV1QiLCJhbGciOiJFZERTQSJ9.eyJzdWIiOiJkaWQ6a2V5Ono2TWtnS0dRb21kTlBXdFgyRGYyYjYxNktvREFvbzRHUm9kOHJVb2taWm1WU01WYSIsImF1ZCI6ImRpZDprZXk6ejZNa2dLR1FvbWROUFd0WDJEZjJiNjE2S29EQW9vNEdSb2Q4clVva1pabVZTTVZhIiwibmJmIjoxNzI2MTMzOTgzLCJpc3MiOiJkaWQ6a2V5Ono2TWtnS0dRb21kTlBXdFgyRGYyYjYxNktvREFvbzRHUm9kOHJVb2taWm1WU01WYSIsInZwIjp7InR5cGUiOlsiVmVyaWZpYWJsZVByZXNlbnRhdGlvbiJdLCJAY29udGV4dCI6WyJodHRwczovL3d3dy53My5vcmcvMjAxOC9jcmVkZW50aWFscy92MSJdLCJpZCI6InVybjp1dWlkOjc4NGFjYzcxLTgyYzctNDQ2My04OGVlLThhNzQwYmUxZmRhYiIsImhvbGRlciI6ImRpZDprZXk6ejZNa2dLR1FvbWROUFd0WDJEZjJiNjE2S29EQW9vNEdSb2Q4clVva1pabVZTTVZhIiwidmVyaWZpYWJsZUNyZWRlbnRpYWwiOlsiZXlKcmFXUWlPaUprYVdRNmEyVjVPbm8yVFd0blMwZFJiMjFrVGxCWGRGZ3lSR1l5WWpZeE5rdHZSRUZ2YnpSSFVtOWtPSEpWYjJ0YVdtMVdVMDFXWVNONk5rMXJaMHRIVVc5dFpFNVFWM1JZTWtSbU1tSTJNVFpMYjBSQmIyODBSMUp2WkRoeVZXOXJXbHB0VmxOTlZtRWlMQ0owZVhBaU9pSktWMVFpTENKaGJHY2lPaUpGWkVSVFFTSjkuZXlKemRXSWlPaUprYVdRNmEyVjVPbm8yVFd0blMwZFJiMjFrVGxCWGRGZ3lSR1l5WWpZeE5rdHZSRUZ2YnpSSFVtOWtPSEpWYjJ0YVdtMVdVMDFXWVNJc0ltNWlaaUk2TVRjeU5qRXpNems0TXl3aWFYTnpJam9pWkdsa09tdGxlVHA2TmsxclowdEhVVzl0WkU1UVYzUllNa1JtTW1JMk1UWkxiMFJCYjI4MFIxSnZaRGh5Vlc5cldscHRWbE5OVm1FaUxDSnBZWFFpT2pFM01qWXhNek01T0RNc0luWmpJanA3SW5SNWNHVWlPbHNpVm1WeWFXWnBZV0pzWlVOeVpXUmxiblJwWVd3aUxDSldaWEpwWm1saFlteGxRWFIwWlhOMFlYUnBiMjRpTENKV1pYSnBabWxoWW14bFJHbHdiRzl0WVNKZExDSkFZMjl1ZEdWNGRDSTZXeUpvZEhSd2N6b3ZMM2QzZHk1M015NXZjbWN2TWpBeE9DOWpjbVZrWlc1MGFXRnNjeTkyTVNKZExDSnBaQ0k2SW5WeWJqcDFkV2xrT2pjM05qZG1ZalppTFdZd1lqY3ROREV4TnkxaVlqazJMVEU0WmpkaFkyVXpPVEkxTkNJc0ltbHpjM1ZsY2lJNkltUnBaRHByWlhrNmVqWk5hMmRMUjFGdmJXUk9VRmQwV0RKRVpqSmlOakUyUzI5RVFXOXZORWRTYjJRNGNsVnZhMXBhYlZaVFRWWmhJaXdpYVhOemRXRnVZMlZFWVhSbElqb2lNakF5TkMwd09TMHhNbFF3T1Rvek9UbzBNMW9pTENKcGMzTjFaV1FpT2lJeU1ESTBMVEE1TFRFeVZEQTVPak01T2pReldpSXNJblpoYkdsa1JuSnZiU0k2SWpJd01qUXRNRGt0TVRKVU1EazZNems2TkROYUlpd2laWGh3YVhKaGRHbHZia1JoZEdVaU9pSXlNREl5TFRBNExUTXhWREF3T2pBd09qQXdXaUlzSW1OeVpXUmxiblJwWVd4VFkyaGxiV0VpT25zaWFXUWlPaUpvZEhSd2N6b3ZMM0poZHk1bmFYUm9kV0oxYzJWeVkyOXVkR1Z1ZEM1amIyMHZkMkZzZEMxcFpDOTNZV3gwYVdRdGMzTnBhMmwwTFhaamJHbGlMMjFoYzNSbGNpOXpjbU12ZEdWemRDOXlaWE52ZFhKalpYTXZjMk5vWlcxaGN5OVdaWEpwWm1saFlteGxSR2x3Ykc5dFlTNXFjMjl1SWl3aWRIbHdaU0k2SWtwemIyNVRZMmhsYldGV1lXeHBaR0YwYjNJeU1ERTRJbjBzSW1OeVpXUmxiblJwWVd4VGRXSnFaV04wSWpwN0ltbGtJam9pWkdsa09tdGxlVHA2TmsxclowdEhVVzl0WkU1UVYzUllNa1JtTW1JMk1UWkxiMFJCYjI4MFIxSnZaRGh5Vlc5cldscHRWbE5OVm1FaUxDSmhkMkZ5WkdsdVowOXdjRzl5ZEhWdWFYUjVJanA3SW1GM1lYSmthVzVuUW05a2VTSTZleUpsYVdSaGMweGxaMkZzU1dSbGJuUnBabWxsY2lJNklsVnVhMjV2ZDI0aUxDSm9iMjFsY0dGblpTSTZJbWgwZEhCek9pOHZiR1ZoYzNSdmJpNWlZMlJwY0d4dmJXRXVZMjl0THlJc0ltbGtJam9pWkdsa09tVmljMms2TWtFNVFsbzVVMVZsTmtKaGRHRmpVM0IyY3pGV05VTmtha2gyVEhCUk4ySkZjMmt5U21JMlRHUklTMjVSZUdGT0lpd2ljSEpsWm1WeWNtVmtUbUZ0WlNJNklreGxZWE4wYjI0Z1ZXNXBkbVZ5YzJsMGVTSXNJbkpsWjJsemRISmhkR2x2YmlJNklqQTFPVGN3TmpWS0luMHNJbVZ1WkdWa1FYUlVhVzFsSWpvaU1qQXlNQzB3TmkweU5sUXdNRG93TURvd01Gb2lMQ0pwWkNJNkltaDBkSEJ6T2k4dmJHVmhjM1J2Ymk1aVkyUnBjR3h2YldFdVkyOXRMMnhoZHkxbFkyOXViMjFwWTNNdGJXRnVZV2RsYldWdWRDTkJkMkZ5WkdsdVowOXdjRzl5ZEhWdWFYUjVJaXdpYVdSbGJuUnBabWxsY2lJNkltaDBkSEJ6T2k4dlkyVnlkR2xtYVdOaGRHVXRaR1Z0Ynk1aVkyUnBjR3h2YldFdVkyOXRMMk5vWldOckx6ZzNSVVF5UmpJeU56QkZOa00wTVRRMU5rVTVORUk0TmtJNVJEa3hNVFZDTkVVek5VSkRRMEZFTWpBd1FUUTVRamcwTmpVNU1rTXhORVkzT1VNNE5rSldNVVp1WW14c2RHRXdUbHBVYmtwclVqTnNSRmRzVW0xVVJHeFRVbFZLUlZaR1drbFRiVTV0V1hwS2FGVlZOWE5hVlVvMVdqSkdTbE5JY0ZkaWJWcGFJaXdpYkc5allYUnBiMjRpT2lKR1VrRk9RMFVpTENKemRHRnlkR1ZrUVhSVWFXMWxJam9pTWpBeE9TMHdPUzB3TWxRd01Eb3dNRG93TUZvaWZTd2laR0YwWlU5bVFtbHlkR2dpT2lJeE9Ua3pMVEEwTFRBNElpd2labUZ0YVd4NVRtRnRaU0k2SWtSUFJTSXNJbWRwZG1WdVRtRnRaWE1pT2lKS1lXNWxJaXdpWjNKaFpHbHVaMU5qYUdWdFpTSTZleUpwWkNJNkltaDBkSEJ6T2k4dmJHVmhjM1J2Ymk1aVkyUnBjR3h2YldFdVkyOXRMMnhoZHkxbFkyOXViMjFwWTNNdGJXRnVZV2RsYldWdWRDTkhjbUZrYVc1blUyTm9aVzFsSWl3aWRHbDBiR1VpT2lKTWIzZGxjaUJUWldOdmJtUXRRMnhoYzNNZ1NHOXViM1Z5Y3lKOUxDSnBaR1Z1ZEdsbWFXVnlJam9pTURrd05EQXdPREE0TkVnaUxDSnNaV0Z5Ym1sdVowRmphR2xsZG1WdFpXNTBJanA3SW1Ga1pHbDBhVzl1WVd4T2IzUmxJanBiSWtSSlUxUlNTVUpWVkVsUFRpQk5RVTVCUjBWTlJVNVVJbDBzSW1SbGMyTnlhWEIwYVc5dUlqb2lUVUZTUzBWVVNVNUhJRUZPUkNCVFFVeEZVeUlzSW1sa0lqb2lhSFIwY0hNNkx5OXNaV0Z6ZEc5dUxtSmpaR2x3Ykc5dFlTNWpiMjB2YkdGM0xXVmpiMjV2YldsamN5MXRZVzVoWjJWdFpXNTBJMHhsWVhKdWFXNW5RV05vYVdWMmJXVnVkQ0lzSW5ScGRHeGxJam9pVFVGVFZFVlNVeUJNUVZjc0lFVkRUMDVQVFVsRFV5QkJUa1FnVFVGT1FVZEZUVVZPVkNKOUxDSnNaV0Z5Ym1sdVoxTndaV05wWm1sallYUnBiMjRpT25zaVpXTjBjME55WldScGRGQnZhVzUwY3lJNk1USXdMQ0psY1daTVpYWmxiQ0k2Tnl3aWFXUWlPaUpvZEhSd2N6b3ZMMnhsWVhOMGIyNHVZbU5rYVhCc2IyMWhMbU52YlM5c1lYY3RaV052Ym05dGFXTnpMVzFoYm1GblpXMWxiblFqVEdWaGNtNXBibWRUY0dWamFXWnBZMkYwYVc5dUlpd2lhWE5qWldSbVEyOWtaU0k2V3lJM0lsMHNJbTV4Wmt4bGRtVnNJanBiSWpjaVhYMTlMQ0pqY21Wa1pXNTBhV0ZzVTNSaGRIVnpJanA3SW1sa0lqb2lhSFIwY0hNNkx5OWxjM05wWmk1bGRYSnZjR0V1WlhVdmMzUmhkSFZ6TDJWa2RXTmhkR2x2YmlOb2FXZG9aWEpGWkhWallYUnBiMjRqTXpreVlXTTNaall0TXprNVlTMDBNemRpTFdFeU5qZ3RORFk1TVdWaFpEaG1NVGMySWl3aWRIbHdaU0k2SWtOeVpXUmxiblJwWVd4VGRHRjBkWE5NYVhOME1qQXlNQ0o5TENKbGRtbGtaVzVqWlNJNmV5SmtiMk4xYldWdWRGQnlaWE5sYm1ObElqcGJJbEJvZVhOcFkyRnNJbDBzSW1WMmFXUmxibU5sUkc5amRXMWxiblFpT2xzaVVHRnpjM0J2Y25RaVhTd2lhV1FpT2lKb2RIUndjem92TDJWemMybG1MbVYxY205d1lTNWxkUzkwYzNJdGRtRXZaWFpwWkdWdVkyVXZaakpoWldWak9UY3RabU13WkMwME1tSm1MVGhqWVRjdE1EVTBPREU1TW1RMU5qYzRJaXdpYzNWaWFtVmpkRkJ5WlhObGJtTmxJam9pVUdoNWMybGpZV3dpTENKMGVYQmxJanBiSWtSdlkzVnRaVzUwVm1WeWFXWnBZMkYwYVc5dUlsMHNJblpsY21sbWFXVnlJam9pWkdsa09tVmljMms2TWprMk1tWmlOemcwWkdZMk1XSmhZVEkyTjJNNE1UTXlORGszTlRNNVpqaGpOamMwWWpNM1l6RXlORFJoTjJFaWZYMHNJbXAwYVNJNkluVnlianAxZFdsa09qYzNOamRtWWpaaUxXWXdZamN0TkRFeE55MWlZamsyTFRFNFpqZGhZMlV6T1RJMU5DSjkuQ1k4a01tSktmLVJTcUNiWVRJNFIzTzUxMWtzM09CbFJtME53a2xiYktaZFFKRXJ1RW5HVW92MFRESWw5b0tSb3oxUG5saU96S08ybExqVTc3b3FmQ3ciXX0sImlhdCI6MTcyNjEzMzk4MywianRpIjoidXJuOnV1aWQ6Nzg0YWNjNzEtODJjNy00NDYzLTg4ZWUtOGE3NDBiZTFmZGFiIn0.YM70OEBW_HsTOQ8sm_Qg9AMVnottC12FxVeACEf_BKYca3NNBRS3spYRhh0WuxK0nH5bXi_luvWVHuIoSN4EDw
8094 [pool-1-thread-1 @coroutine#209] DEBUG id.walt.services.vc.WaltIdJwtCredentialService - VP created:eyJraWQiOiJkaWQ6a2V5Ono2TWtnS0dRb21kTlBXdFgyRGYyYjYxNktvREFvbzRHUm9kOHJVb2taWm1WU01WYSN6Nk1rZ0tHUW9tZE5QV3RYMkRmMmI2MTZLb0RBb280R1JvZDhyVW9rWlptVlNNVmEiLCJ0eXAiOiJKV1QiLCJhbGciOiJFZERTQSJ9.eyJzdWIiOiJkaWQ6a2V5Ono2TWtnS0dRb21kTlBXdFgyRGYyYjYxNktvREFvbzRHUm9kOHJVb2taWm1WU01WYSIsImF1ZCI6ImRpZDprZXk6ejZNa2dLR1FvbWROUFd0WDJEZjJiNjE2S29EQW9vNEdSb2Q4clVva1pabVZTTVZhIiwibmJmIjoxNzI2MTMzOTgzLCJpc3MiOiJkaWQ6a2V5Ono2TWtnS0dRb21kTlBXdFgyRGYyYjYxNktvREFvbzRHUm9kOHJVb2taWm1WU01WYSIsInZwIjp7InR5cGUiOlsiVmVyaWZpYWJsZVByZXNlbnRhdGlvbiJdLCJAY29udGV4dCI6WyJodHRwczovL3d3dy53My5vcmcvMjAxOC9jcmVkZW50aWFscy92MSJdLCJpZCI6InVybjp1dWlkOjc4NGFjYzcxLTgyYzctNDQ2My04OGVlLThhNzQwYmUxZmRhYiIsImhvbGRlciI6ImRpZDprZXk6ejZNa2dLR1FvbWROUFd0WDJEZjJiNjE2S29EQW9vNEdSb2Q4clVva1pabVZTTVZhIiwidmVyaWZpYWJsZUNyZWRlbnRpYWwiOlsiZXlKcmFXUWlPaUprYVdRNmEyVjVPbm8yVFd0blMwZFJiMjFrVGxCWGRGZ3lSR1l5WWpZeE5rdHZSRUZ2YnpSSFVtOWtPSEpWYjJ0YVdtMVdVMDFXWVNONk5rMXJaMHRIVVc5dFpFNVFWM1JZTWtSbU1tSTJNVFpMYjBSQmIyODBSMUp2WkRoeVZXOXJXbHB0VmxOTlZtRWlMQ0owZVhBaU9pSktWMVFpTENKaGJHY2lPaUpGWkVSVFFTSjkuZXlKemRXSWlPaUprYVdRNmEyVjVPbm8yVFd0blMwZFJiMjFrVGxCWGRGZ3lSR1l5WWpZeE5rdHZSRUZ2YnpSSFVtOWtPSEpWYjJ0YVdtMVdVMDFXWVNJc0ltNWlaaUk2TVRjeU5qRXpNems0TXl3aWFYTnpJam9pWkdsa09tdGxlVHA2TmsxclowdEhVVzl0WkU1UVYzUllNa1JtTW1JMk1UWkxiMFJCYjI4MFIxSnZaRGh5Vlc5cldscHRWbE5OVm1FaUxDSnBZWFFpT2pFM01qWXhNek01T0RNc0luWmpJanA3SW5SNWNHVWlPbHNpVm1WeWFXWnBZV0pzWlVOeVpXUmxiblJwWVd3aUxDSldaWEpwWm1saFlteGxRWFIwWlhOMFlYUnBiMjRpTENKV1pYSnBabWxoWW14bFJHbHdiRzl0WVNKZExDSkFZMjl1ZEdWNGRDSTZXeUpvZEhSd2N6b3ZMM2QzZHk1M015NXZjbWN2TWpBeE9DOWpjbVZrWlc1MGFXRnNjeTkyTVNKZExDSnBaQ0k2SW5WeWJqcDFkV2xrT2pjM05qZG1ZalppTFdZd1lqY3ROREV4TnkxaVlqazJMVEU0WmpkaFkyVXpPVEkxTkNJc0ltbHpjM1ZsY2lJNkltUnBaRHByWlhrNmVqWk5hMmRMUjFGdmJXUk9VRmQwV0RKRVpqSmlOakUyUzI5RVFXOXZORWRTYjJRNGNsVnZhMXBhYlZaVFRWWmhJaXdpYVhOemRXRnVZMlZFWVhSbElqb2lNakF5TkMwd09TMHhNbFF3T1Rvek9UbzBNMW9pTENKcGMzTjFaV1FpT2lJeU1ESTBMVEE1TFRFeVZEQTVPak01T2pReldpSXNJblpoYkdsa1JuSnZiU0k2SWpJd01qUXRNRGt0TVRKVU1EazZNems2TkROYUlpd2laWGh3YVhKaGRHbHZia1JoZEdVaU9pSXlNREl5TFRBNExUTXhWREF3T2pBd09qQXdXaUlzSW1OeVpXUmxiblJwWVd4VFkyaGxiV0VpT25zaWFXUWlPaUpvZEhSd2N6b3ZMM0poZHk1bmFYUm9kV0oxYzJWeVkyOXVkR1Z1ZEM1amIyMHZkMkZzZEMxcFpDOTNZV3gwYVdRdGMzTnBhMmwwTFhaamJHbGlMMjFoYzNSbGNpOXpjbU12ZEdWemRDOXlaWE52ZFhKalpYTXZjMk5vWlcxaGN5OVdaWEpwWm1saFlteGxSR2x3Ykc5dFlTNXFjMjl1SWl3aWRIbHdaU0k2SWtwemIyNVRZMmhsYldGV1lXeHBaR0YwYjNJeU1ERTRJbjBzSW1OeVpXUmxiblJwWVd4VGRXSnFaV04wSWpwN0ltbGtJam9pWkdsa09tdGxlVHA2TmsxclowdEhVVzl0WkU1UVYzUllNa1JtTW1JMk1UWkxiMFJCYjI4MFIxSnZaRGh5Vlc5cldscHRWbE5OVm1FaUxDSmhkMkZ5WkdsdVowOXdjRzl5ZEhWdWFYUjVJanA3SW1GM1lYSmthVzVuUW05a2VTSTZleUpsYVdSaGMweGxaMkZzU1dSbGJuUnBabWxsY2lJNklsVnVhMjV2ZDI0aUxDSm9iMjFsY0dGblpTSTZJbWgwZEhCek9pOHZiR1ZoYzNSdmJpNWlZMlJwY0d4dmJXRXVZMjl0THlJc0ltbGtJam9pWkdsa09tVmljMms2TWtFNVFsbzVVMVZsTmtKaGRHRmpVM0IyY3pGV05VTmtha2gyVEhCUk4ySkZjMmt5U21JMlRHUklTMjVSZUdGT0lpd2ljSEpsWm1WeWNtVmtUbUZ0WlNJNklreGxZWE4wYjI0Z1ZXNXBkbVZ5YzJsMGVTSXNJbkpsWjJsemRISmhkR2x2YmlJNklqQTFPVGN3TmpWS0luMHNJbVZ1WkdWa1FYUlVhVzFsSWpvaU1qQXlNQzB3TmkweU5sUXdNRG93TURvd01Gb2lMQ0pwWkNJNkltaDBkSEJ6T2k4dmJHVmhjM1J2Ymk1aVkyUnBjR3h2YldFdVkyOXRMMnhoZHkxbFkyOXViMjFwWTNNdGJXRnVZV2RsYldWdWRDTkJkMkZ5WkdsdVowOXdjRzl5ZEhWdWFYUjVJaXdpYVdSbGJuUnBabWxsY2lJNkltaDBkSEJ6T2k4dlkyVnlkR2xtYVdOaGRHVXRaR1Z0Ynk1aVkyUnBjR3h2YldFdVkyOXRMMk5vWldOckx6ZzNSVVF5UmpJeU56QkZOa00wTVRRMU5rVTVORUk0TmtJNVJEa3hNVFZDTkVVek5VSkRRMEZFTWpBd1FUUTVRamcwTmpVNU1rTXhORVkzT1VNNE5rSldNVVp1WW14c2RHRXdUbHBVYmtwclVqTnNSRmRzVW0xVVJHeFRVbFZLUlZaR1drbFRiVTV0V1hwS2FGVlZOWE5hVlVvMVdqSkdTbE5JY0ZkaWJWcGFJaXdpYkc5allYUnBiMjRpT2lKR1VrRk9RMFVpTENKemRHRnlkR1ZrUVhSVWFXMWxJam9pTWpBeE9TMHdPUzB3TWxRd01Eb3dNRG93TUZvaWZTd2laR0YwWlU5bVFtbHlkR2dpT2lJeE9Ua3pMVEEwTFRBNElpd2labUZ0YVd4NVRtRnRaU0k2SWtSUFJTSXNJbWRwZG1WdVRtRnRaWE1pT2lKS1lXNWxJaXdpWjNKaFpHbHVaMU5qYUdWdFpTSTZleUpwWkNJNkltaDBkSEJ6T2k4dmJHVmhjM1J2Ymk1aVkyUnBjR3h2YldFdVkyOXRMMnhoZHkxbFkyOXViMjFwWTNNdGJXRnVZV2RsYldWdWRDTkhjbUZrYVc1blUyTm9aVzFsSWl3aWRHbDBiR1VpT2lKTWIzZGxjaUJUWldOdmJtUXRRMnhoYzNNZ1NHOXViM1Z5Y3lKOUxDSnBaR1Z1ZEdsbWFXVnlJam9pTURrd05EQXdPREE0TkVnaUxDSnNaV0Z5Ym1sdVowRmphR2xsZG1WdFpXNTBJanA3SW1Ga1pHbDBhVzl1WVd4T2IzUmxJanBiSWtSSlUxUlNTVUpWVkVsUFRpQk5RVTVCUjBWTlJVNVVJbDBzSW1SbGMyTnlhWEIwYVc5dUlqb2lUVUZTUzBWVVNVNUhJRUZPUkNCVFFVeEZVeUlzSW1sa0lqb2lhSFIwY0hNNkx5OXNaV0Z6ZEc5dUxtSmpaR2x3Ykc5dFlTNWpiMjB2YkdGM0xXVmpiMjV2YldsamN5MXRZVzVoWjJWdFpXNTBJMHhsWVhKdWFXNW5RV05vYVdWMmJXVnVkQ0lzSW5ScGRHeGxJam9pVFVGVFZFVlNVeUJNUVZjc0lFVkRUMDVQVFVsRFV5QkJUa1FnVFVGT1FVZEZUVVZPVkNKOUxDSnNaV0Z5Ym1sdVoxTndaV05wWm1sallYUnBiMjRpT25zaVpXTjBjME55WldScGRGQnZhVzUwY3lJNk1USXdMQ0psY1daTVpYWmxiQ0k2Tnl3aWFXUWlPaUpvZEhSd2N6b3ZMMnhsWVhOMGIyNHVZbU5rYVhCc2IyMWhMbU52YlM5c1lYY3RaV052Ym05dGFXTnpMVzFoYm1GblpXMWxiblFqVEdWaGNtNXBibWRUY0dWamFXWnBZMkYwYVc5dUlpd2lhWE5qWldSbVEyOWtaU0k2V3lJM0lsMHNJbTV4Wmt4bGRtVnNJanBiSWpjaVhYMTlMQ0pqY21Wa1pXNTBhV0ZzVTNSaGRIVnpJanA3SW1sa0lqb2lhSFIwY0hNNkx5OWxjM05wWmk1bGRYSnZjR0V1WlhVdmMzUmhkSFZ6TDJWa2RXTmhkR2x2YmlOb2FXZG9aWEpGWkhWallYUnBiMjRqTXpreVlXTTNaall0TXprNVlTMDBNemRpTFdFeU5qZ3RORFk1TVdWaFpEaG1NVGMySWl3aWRIbHdaU0k2SWtOeVpXUmxiblJwWVd4VGRHRjBkWE5NYVhOME1qQXlNQ0o5TENKbGRtbGtaVzVqWlNJNmV5SmtiMk4xYldWdWRGQnlaWE5sYm1ObElqcGJJbEJvZVhOcFkyRnNJbDBzSW1WMmFXUmxibU5sUkc5amRXMWxiblFpT2xzaVVHRnpjM0J2Y25RaVhTd2lhV1FpT2lKb2RIUndjem92TDJWemMybG1MbVYxY205d1lTNWxkUzkwYzNJdGRtRXZaWFpwWkdWdVkyVXZaakpoWldWak9UY3RabU13WkMwME1tSm1MVGhqWVRjdE1EVTBPREU1TW1RMU5qYzRJaXdpYzNWaWFtVmpkRkJ5WlhObGJtTmxJam9pVUdoNWMybGpZV3dpTENKMGVYQmxJanBiSWtSdlkzVnRaVzUwVm1WeWFXWnBZMkYwYVc5dUlsMHNJblpsY21sbWFXVnlJam9pWkdsa09tVmljMms2TWprMk1tWmlOemcwWkdZMk1XSmhZVEkyTjJNNE1UTXlORGszTlRNNVpqaGpOamMwWWpNM1l6RXlORFJoTjJFaWZYMHNJbXAwYVNJNkluVnlianAxZFdsa09qYzNOamRtWWpaaUxXWXdZamN0TkRFeE55MWlZamsyTFRFNFpqZGhZMlV6T1RJMU5DSjkuQ1k4a01tSktmLVJTcUNiWVRJNFIzTzUxMWtzM09CbFJtME53a2xiYktaZFFKRXJ1RW5HVW92MFRESWw5b0tSb3oxUG5saU96S08ybExqVTc3b3FmQ3ciXX0sImlhdCI6MTcyNjEzMzk4MywianRpIjoidXJuOnV1aWQ6Nzg0YWNjNzEtODJjNy00NDYzLTg4ZWUtOGE3NDBiZTFmZGFiIn0.YM70OEBW_HsTOQ8sm_Qg9AMVnottC12FxVeACEf_BKYca3NNBRS3spYRhh0WuxK0nH5bXi_luvWVHuIoSN4EDw
8100 [pool-1-thread-1 @coroutine#210] DEBUG id.walt.services.keystore.HKVKeyStoreService - Storing key "d3ea9c95e5014043bf84e5d339a338e4".
8101 [pool-1-thread-1 @coroutine#210] DEBUG id.walt.services.keystore.HKVKeyStoreService - Loading key "d3ea9c95e5014043bf84e5d339a338e4".
8101 [pool-1-thread-1 @coroutine#210] DEBUG id.walt.model.DidUrl - Trying to create DidUrl from URL: "did:key:z6MkiG3i5G87tVrmp4zxmEnCHjQ435a4C5PbBPw1B3zqkCNy"...
8102 [pool-1-thread-1 @coroutine#210] DEBUG id.walt.services.keystore.HKVKeyStoreService - Loading key "d3ea9c95e5014043bf84e5d339a338e4".
8102 [pool-1-thread-1 @coroutine#210] DEBUG id.walt.services.did.DidService - A key with the id "d3ea9c95e5014043bf84e5d339a338e4" exists.
8102 [pool-1-thread-1 @coroutine#210] DEBUG id.walt.model.DidUrl - Trying to create DidUrl from URL: "did:key:z6MkiG3i5G87tVrmp4zxmEnCHjQ435a4C5PbBPw1B3zqkCNy"...
8102 [pool-1-thread-1 @coroutine#210] DEBUG id.walt.model.DidUrl - Trying to create DidUrl from URL: "did:key:z6MkiG3i5G87tVrmp4zxmEnCHjQ435a4C5PbBPw1B3zqkCNy"...
8103 [pool-1-thread-1 @coroutine#210] DEBUG id.walt.model.DidUrl - Trying to create DidUrl from URL: "did:key:z6MkiG3i5G87tVrmp4zxmEnCHjQ435a4C5PbBPw1B3zqkCNy"...
8103 [pool-1-thread-1 @coroutine#210] DEBUG id.walt.model.DidUrl - Trying to create DidUrl from URL: "did:key:z6MkiG3i5G87tVrmp4zxmEnCHjQ435a4C5PbBPw1B3zqkCNy"...
8103 [pool-1-thread-1 @coroutine#210] DEBUG id.walt.model.DidUrl - Trying to create DidUrl from URL: "did:key:z6MkiG3i5G87tVrmp4zxmEnCHjQ435a4C5PbBPw1B3zqkCNy"...
8103 [pool-1-thread-1 @coroutine#210] DEBUG id.walt.signatory.WaltIdSignatory - Signing credential with proof using LD_PROOF...
8103 [pool-1-thread-1 @coroutine#210] DEBUG id.walt.signatory.WaltIdSignatory - Signing credential with proof using LD_PROOF, credential is: {"type":["VerifiableCredential","VerifiableAttestation","VerifiableDiploma"],"@context":["https://www.w3.org/2018/credentials/v1"],"id":"urn:uuid:7df09064-ffd5-4985-b8fe-69d0629bcf9e","issuer":"did:key:z6MkiG3i5G87tVrmp4zxmEnCHjQ435a4C5PbBPw1B3zqkCNy","issuanceDate":"2024-09-12T09:39:43Z","issued":"2024-09-12T09:39:43Z","validFrom":"2024-09-12T09:39:43Z","expirationDate":"2022-08-31T00:00:00Z","credentialSchema":{"id":"https://raw.githubusercontent.com/walt-id/waltid-ssikit-vclib/master/src/test/resources/schemas/VerifiableDiploma.json","type":"JsonSchemaValidator2018"},"credentialSubject":{"id":"did:key:z6MkiG3i5G87tVrmp4zxmEnCHjQ435a4C5PbBPw1B3zqkCNy","awardingOpportunity":{"awardingBody":{"eidasLegalIdentifier":"Unknown","homepage":"https://leaston.bcdiploma.com/","id":"did:ebsi:2A9BZ9SUe6BatacSpvs1V5CdjHvLpQ7bEsi2Jb6LdHKnQxaN","preferredName":"Leaston University","registration":"0597065J"},"endedAtTime":"2020-06-26T00:00:00Z","id":"https://leaston.bcdiploma.com/law-economics-management#AwardingOpportunity","identifier":"https://certificate-demo.bcdiploma.com/check/87ED2F2270E6C41456E94B86B9D9115B4E35BCCAD200A49B846592C14F79C86BV1Fnbllta0NZTnJkR3lDWlRmTDlSRUJEVFZISmNmYzJhUU5sZUJ5Z2FJSHpWbmZZ","location":"FRANCE","startedAtTime":"2019-09-02T00:00:00Z"},"dateOfBirth":"1993-04-08","familyName":"DOE","givenNames":"Jane","gradingScheme":{"id":"https://leaston.bcdiploma.com/law-economics-management#GradingScheme","title":"Lower Second-Class Honours"},"identifier":"0904008084H","learningAchievement":{"additionalNote":["DISTRIBUTION MANAGEMENT"],"description":"MARKETING AND SALES","id":"https://leaston.bcdiploma.com/law-economics-management#LearningAchievment","title":"MASTERS LAW, ECONOMICS AND MANAGEMENT"},"learningSpecification":{"ectsCreditPoints":120,"eqfLevel":7,"id":"https://leaston.bcdiploma.com/law-economics-management#LearningSpecification","iscedfCode":["7"],"nqfLevel":["7"]}},"credentialStatus":{"id":"https://essif.europa.eu/status/education#higherEducation#392ac7f6-399a-437b-a268-4691ead8f176","type":"CredentialStatusList2020"},"evidence":{"documentPresence":["Physical"],"evidenceDocument":["Passport"],"id":"https://essif.europa.eu/tsr-va/evidence/f2aeec97-fc0d-42bf-8ca7-0548192d5678","subjectPresence":"Physical","type":["DocumentVerification"],"verifier":"did:ebsi:2962fb784df61baa267c8132497539f8c674b37c1244a7a"}}
8103 [pool-1-thread-1 @coroutine#210] DEBUG id.walt.services.vc.WaltIdJsonLdCredentialService - Signing jsonLd object with: issuerDid (did:key:z6MkiG3i5G87tVrmp4zxmEnCHjQ435a4C5PbBPw1B3zqkCNy), domain (null), nonce (null
8103 [pool-1-thread-1 @coroutine#210] DEBUG id.walt.services.keystore.HKVKeyStoreService - Loading key "did:key:z6MkiG3i5G87tVrmp4zxmEnCHjQ435a4C5PbBPw1B3zqkCNy#z6MkiG3i5G87tVrmp4zxmEnCHjQ435a4C5PbBPw1B3zqkCNy".
8103 [pool-1-thread-1 @coroutine#210] DEBUG id.walt.services.vc.WaltIdJsonLdCredentialService - Signing: {"type":["VerifiableCredential","VerifiableAttestation","VerifiableDiploma"],"@context":["https://www.w3.org/2018/credentials/v1"],"id":"urn:uuid:7df09064-ffd5-4985-b8fe-69d0629bcf9e","issuer":"did:key:z6MkiG3i5G87tVrmp4zxmEnCHjQ435a4C5PbBPw1B3zqkCNy","issuanceDate":"2024-09-12T09:39:43Z","issued":"2024-09-12T09:39:43Z","validFrom":"2024-09-12T09:39:43Z","expirationDate":"2022-08-31T00:00:00Z","credentialSchema":{"id":"https://raw.githubusercontent.com/walt-id/waltid-ssikit-vclib/master/src/test/resources/schemas/VerifiableDiploma.json","type":"JsonSchemaValidator2018"},"credentialSubject":{"id":"did:key:z6MkiG3i5G87tVrmp4zxmEnCHjQ435a4C5PbBPw1B3zqkCNy","awardingOpportunity":{"awardingBody":{"eidasLegalIdentifier":"Unknown","homepage":"https://leaston.bcdiploma.com/","id":"did:ebsi:2A9BZ9SUe6BatacSpvs1V5CdjHvLpQ7bEsi2Jb6LdHKnQxaN","preferredName":"Leaston University","registration":"0597065J"},"endedAtTime":"2020-06-26T00:00:00Z","id":"https://leaston.bcdiploma.com/law-economics-management#AwardingOpportunity","identifier":"https://certificate-demo.bcdiploma.com/check/87ED2F2270E6C41456E94B86B9D9115B4E35BCCAD200A49B846592C14F79C86BV1Fnbllta0NZTnJkR3lDWlRmTDlSRUJEVFZISmNmYzJhUU5sZUJ5Z2FJSHpWbmZZ","location":"FRANCE","startedAtTime":"2019-09-02T00:00:00Z"},"dateOfBirth":"1993-04-08","familyName":"DOE","givenNames":"Jane","gradingScheme":{"id":"https://leaston.bcdiploma.com/law-economics-management#GradingScheme","title":"Lower Second-Class Honours"},"identifier":"0904008084H","learningAchievement":{"additionalNote":["DISTRIBUTION MANAGEMENT"],"description":"MARKETING AND SALES","id":"https://leaston.bcdiploma.com/law-economics-management#LearningAchievment","title":"MASTERS LAW, ECONOMICS AND MANAGEMENT"},"learningSpecification":{"ectsCreditPoints":120,"eqfLevel":7,"id":"https://leaston.bcdiploma.com/law-economics-management#LearningSpecification","iscedfCode":["7"],"nqfLevel":["7"]}},"credentialStatus":{"id":"https://essif.europa.eu/status/education#higherEducation#392ac7f6-399a-437b-a268-4691ead8f176","type":"CredentialStatusList2020"},"evidence":{"documentPresence":["Physical"],"evidenceDocument":["Passport"],"id":"https://essif.europa.eu/tsr-va/evidence/f2aeec97-fc0d-42bf-8ca7-0548192d5678","subjectPresence":"Physical","type":["DocumentVerification"],"verifier":"did:ebsi:2962fb784df61baa267c8132497539f8c674b37c1244a7a"}}
Sep 12, 2024 11:39:43 AM com.apicatalog.jsonld.deseralization.JsonLdToRdf build
WARNING: Non well-formed subject [https://essif.europa.eu/status/education#higherEducation#392ac7f6-399a-437b-a268-4691ead8f176] has been skipped.
8106 [pool-1-thread-1 @coroutine#210] DEBUG id.walt.services.keystore.HKVKeyStoreService - Loading key "d3ea9c95e5014043bf84e5d339a338e4".
8106 [pool-1-thread-1 @coroutine#210] DEBUG id.walt.services.keystore.HKVKeyStoreService - Loading key "d3ea9c95e5014043bf84e5d339a338e4".
8106 [pool-1-thread-1 @coroutine#210] DEBUG id.walt.services.keystore.HKVKeyStoreService - Loading key "d3ea9c95e5014043bf84e5d339a338e4".
8106 [pool-1-thread-1 @coroutine#210] DEBUG id.walt.signatory.WaltIdSignatory - Signed VC is: {
  "type" : [ "VerifiableCredential", "VerifiableAttestation", "VerifiableDiploma" ],
  "@context" : [ "https://www.w3.org/2018/credentials/v1", "https://w3id.org/security/suites/jws-2020/v1" ],
  "id" : "urn:uuid:7df09064-ffd5-4985-b8fe-69d0629bcf9e",
  "issuer" : "did:key:z6MkiG3i5G87tVrmp4zxmEnCHjQ435a4C5PbBPw1B3zqkCNy",
  "issuanceDate" : "2024-09-12T09:39:43Z",
  "issued" : "2024-09-12T09:39:43Z",
  "validFrom" : "2024-09-12T09:39:43Z",
  "expirationDate" : "2022-08-31T00:00:00Z",
  "credentialSchema" : {
    "id" : "https://raw.githubusercontent.com/walt-id/waltid-ssikit-vclib/master/src/test/resources/schemas/VerifiableDiploma.json",
    "type" : "JsonSchemaValidator2018"
  },
  "credentialSubject" : {
    "id" : "did:key:z6MkiG3i5G87tVrmp4zxmEnCHjQ435a4C5PbBPw1B3zqkCNy",
    "awardingOpportunity" : {
      "awardingBody" : {
        "eidasLegalIdentifier" : "Unknown",
        "homepage" : "https://leaston.bcdiploma.com/",
        "id" : "did:ebsi:2A9BZ9SUe6BatacSpvs1V5CdjHvLpQ7bEsi2Jb6LdHKnQxaN",
        "preferredName" : "Leaston University",
        "registration" : "0597065J"
      },
      "endedAtTime" : "2020-06-26T00:00:00Z",
      "id" : "https://leaston.bcdiploma.com/law-economics-management#AwardingOpportunity",
      "identifier" : "https://certificate-demo.bcdiploma.com/check/87ED2F2270E6C41456E94B86B9D9115B4E35BCCAD200A49B846592C14F79C86BV1Fnbllta0NZTnJkR3lDWlRmTDlSRUJEVFZISmNmYzJhUU5sZUJ5Z2FJSHpWbmZZ",
      "location" : "FRANCE",
      "startedAtTime" : "2019-09-02T00:00:00Z"
    },
    "dateOfBirth" : "1993-04-08",
    "familyName" : "DOE",
    "givenNames" : "Jane",
    "gradingScheme" : {
      "id" : "https://leaston.bcdiploma.com/law-economics-management#GradingScheme",
      "title" : "Lower Second-Class Honours"
    },
    "identifier" : "0904008084H",
    "learningAchievement" : {
      "additionalNote" : [ "DISTRIBUTION MANAGEMENT" ],
      "description" : "MARKETING AND SALES",
      "id" : "https://leaston.bcdiploma.com/law-economics-management#LearningAchievment",
      "title" : "MASTERS LAW, ECONOMICS AND MANAGEMENT"
    },
    "learningSpecification" : {
      "ectsCreditPoints" : 120,
      "eqfLevel" : 7,
      "id" : "https://leaston.bcdiploma.com/law-economics-management#LearningSpecification",
      "iscedfCode" : [ "7" ],
      "nqfLevel" : [ "7" ]
    }
  },
  "credentialStatus" : {
    "id" : "https://essif.europa.eu/status/education#higherEducation#392ac7f6-399a-437b-a268-4691ead8f176",
    "type" : "CredentialStatusList2020"
  },
  "evidence" : {
    "documentPresence" : [ "Physical" ],
    "evidenceDocument" : [ "Passport" ],
    "id" : "https://essif.europa.eu/tsr-va/evidence/f2aeec97-fc0d-42bf-8ca7-0548192d5678",
    "subjectPresence" : "Physical",
    "type" : [ "DocumentVerification" ],
    "verifier" : "did:ebsi:2962fb784df61baa267c8132497539f8c674b37c1244a7a"
  },
  "proof" : {
    "type" : "JsonWebSignature2020",
    "creator" : "did:key:z6MkiG3i5G87tVrmp4zxmEnCHjQ435a4C5PbBPw1B3zqkCNy",
    "created" : "2024-09-12T09:39:43Z",
    "verificationMethod" : "did:key:z6MkiG3i5G87tVrmp4zxmEnCHjQ435a4C5PbBPw1B3zqkCNy#z6MkiG3i5G87tVrmp4zxmEnCHjQ435a4C5PbBPw1B3zqkCNy",
    "jws" : "eyJiNjQiOmZhbHNlLCJjcml0IjpbImI2NCJdLCJhbGciOiJFZERTQSJ9..59nFynyAkCFHvwBGrOyYnVmJWXAqQ5UBC2IijIbBDPczug7GqoU1VImgoYVnpW64yUSkrVSrOUFi77XEhC9mBg"
  }
}
8107 [pool-1-thread-1 @coroutine#210] DEBUG id.walt.model.DidUrl - Trying to create DidUrl from URL: "did:key:z6MkiG3i5G87tVrmp4zxmEnCHjQ435a4C5PbBPw1B3zqkCNy"...
8107 [pool-1-thread-1 @coroutine#210] DEBUG id.walt.model.DidUrl - Trying to create DidUrl from URL: "did:key:z6MkiG3i5G87tVrmp4zxmEnCHjQ435a4C5PbBPw1B3zqkCNy"...
8107 [pool-1-thread-1 @coroutine#210] DEBUG id.walt.signatory.WaltIdSignatory - Signing credential with proof using JWT...
8107 [pool-1-thread-1 @coroutine#210] DEBUG id.walt.signatory.WaltIdSignatory - Signing credential with proof using JWT, credential is: {"type":["VerifiableCredential","VerifiableAttestation","VerifiableDiploma"],"@context":["https://www.w3.org/2018/credentials/v1"],"id":"urn:uuid:74fccde5-b767-4bce-b381-feda81e7b27d","issuer":"did:key:z6MkiG3i5G87tVrmp4zxmEnCHjQ435a4C5PbBPw1B3zqkCNy","issuanceDate":"2024-09-12T09:39:43Z","issued":"2024-09-12T09:39:43Z","validFrom":"2024-09-12T09:39:43Z","expirationDate":"2022-08-31T00:00:00Z","credentialSchema":{"id":"https://raw.githubusercontent.com/walt-id/waltid-ssikit-vclib/master/src/test/resources/schemas/VerifiableDiploma.json","type":"JsonSchemaValidator2018"},"credentialSubject":{"id":"did:key:z6MkiG3i5G87tVrmp4zxmEnCHjQ435a4C5PbBPw1B3zqkCNy","awardingOpportunity":{"awardingBody":{"eidasLegalIdentifier":"Unknown","homepage":"https://leaston.bcdiploma.com/","id":"did:ebsi:2A9BZ9SUe6BatacSpvs1V5CdjHvLpQ7bEsi2Jb6LdHKnQxaN","preferredName":"Leaston University","registration":"0597065J"},"endedAtTime":"2020-06-26T00:00:00Z","id":"https://leaston.bcdiploma.com/law-economics-management#AwardingOpportunity","identifier":"https://certificate-demo.bcdiploma.com/check/87ED2F2270E6C41456E94B86B9D9115B4E35BCCAD200A49B846592C14F79C86BV1Fnbllta0NZTnJkR3lDWlRmTDlSRUJEVFZISmNmYzJhUU5sZUJ5Z2FJSHpWbmZZ","location":"FRANCE","startedAtTime":"2019-09-02T00:00:00Z"},"dateOfBirth":"1993-04-08","familyName":"DOE","givenNames":"Jane","gradingScheme":{"id":"https://leaston.bcdiploma.com/law-economics-management#GradingScheme","title":"Lower Second-Class Honours"},"identifier":"0904008084H","learningAchievement":{"additionalNote":["DISTRIBUTION MANAGEMENT"],"description":"MARKETING AND SALES","id":"https://leaston.bcdiploma.com/law-economics-management#LearningAchievment","title":"MASTERS LAW, ECONOMICS AND MANAGEMENT"},"learningSpecification":{"ectsCreditPoints":120,"eqfLevel":7,"id":"https://leaston.bcdiploma.com/law-economics-management#LearningSpecification","iscedfCode":["7"],"nqfLevel":["7"]}},"credentialStatus":{"id":"https://essif.europa.eu/status/education#higherEducation#392ac7f6-399a-437b-a268-4691ead8f176","type":"CredentialStatusList2020"},"evidence":{"documentPresence":["Physical"],"evidenceDocument":["Passport"],"id":"https://essif.europa.eu/tsr-va/evidence/f2aeec97-fc0d-42bf-8ca7-0548192d5678","subjectPresence":"Physical","type":["DocumentVerification"],"verifier":"did:ebsi:2962fb784df61baa267c8132497539f8c674b37c1244a7a"}}
8107 [pool-1-thread-1 @coroutine#210] DEBUG id.walt.services.vc.WaltIdJwtCredentialService - Signing JWT object with config: ProofConfig(issuerDid=did:key:z6MkiG3i5G87tVrmp4zxmEnCHjQ435a4C5PbBPw1B3zqkCNy, subjectDid=did:key:z6MkiG3i5G87tVrmp4zxmEnCHjQ435a4C5PbBPw1B3zqkCNy, verifierDid=null, issuerVerificationMethod=did:key:z6MkiG3i5G87tVrmp4zxmEnCHjQ435a4C5PbBPw1B3zqkCNy#z6MkiG3i5G87tVrmp4zxmEnCHjQ435a4C5PbBPw1B3zqkCNy, proofType=JWT, domain=null, nonce=null, proofPurpose=null, credentialId=urn:uuid:74fccde5-b767-4bce-b381-feda81e7b27d, issueDate=2024-09-12T09:39:43.327123793Z, validDate=2024-09-12T09:39:43.327129725Z, expirationDate=null, dataProviderIdentifier=null, ldSignatureType=null, creator=did:key:z6MkiG3i5G87tVrmp4zxmEnCHjQ435a4C5PbBPw1B3zqkCNy, ecosystem=DEFAULT, statusType=null, statusPurpose=revocation, credentialsEndpoint=null, selectiveDisclosure=null)
8107 [pool-1-thread-1 @coroutine#210] DEBUG id.walt.services.vc.WaltIdJwtCredentialService - Signing: {"sub":"did:key:z6MkiG3i5G87tVrmp4zxmEnCHjQ435a4C5PbBPw1B3zqkCNy","nbf":1726133983,"iss":"did:key:z6MkiG3i5G87tVrmp4zxmEnCHjQ435a4C5PbBPw1B3zqkCNy","iat":1726133983,"vc":{"type":["VerifiableCredential","VerifiableAttestation","VerifiableDiploma"],"@context":["https://www.w3.org/2018/credentials/v1"],"id":"urn:uuid:74fccde5-b767-4bce-b381-feda81e7b27d","issuer":"did:key:z6MkiG3i5G87tVrmp4zxmEnCHjQ435a4C5PbBPw1B3zqkCNy","issuanceDate":"2024-09-12T09:39:43Z","issued":"2024-09-12T09:39:43Z","validFrom":"2024-09-12T09:39:43Z","expirationDate":"2022-08-31T00:00:00Z","credentialSchema":{"id":"https://raw.githubusercontent.com/walt-id/waltid-ssikit-vclib/master/src/test/resources/schemas/VerifiableDiploma.json","type":"JsonSchemaValidator2018"},"credentialSubject":{"id":"did:key:z6MkiG3i5G87tVrmp4zxmEnCHjQ435a4C5PbBPw1B3zqkCNy","awardingOpportunity":{"awardingBody":{"eidasLegalIdentifier":"Unknown","homepage":"https://leaston.bcdiploma.com/","id":"did:ebsi:2A9BZ9SUe6BatacSpvs1V5CdjHvLpQ7bEsi2Jb6LdHKnQxaN","preferredName":"Leaston University","registration":"0597065J"},"endedAtTime":"2020-06-26T00:00:00Z","id":"https://leaston.bcdiploma.com/law-economics-management#AwardingOpportunity","identifier":"https://certificate-demo.bcdiploma.com/check/87ED2F2270E6C41456E94B86B9D9115B4E35BCCAD200A49B846592C14F79C86BV1Fnbllta0NZTnJkR3lDWlRmTDlSRUJEVFZISmNmYzJhUU5sZUJ5Z2FJSHpWbmZZ","location":"FRANCE","startedAtTime":"2019-09-02T00:00:00Z"},"dateOfBirth":"1993-04-08","familyName":"DOE","givenNames":"Jane","gradingScheme":{"id":"https://leaston.bcdiploma.com/law-economics-management#GradingScheme","title":"Lower Second-Class Honours"},"identifier":"0904008084H","learningAchievement":{"additionalNote":["DISTRIBUTION MANAGEMENT"],"description":"MARKETING AND SALES","id":"https://leaston.bcdiploma.com/law-economics-management#LearningAchievment","title":"MASTERS LAW, ECONOMICS AND MANAGEMENT"},"learningSpecification":{"ectsCreditPoints":120,"eqfLevel":7,"id":"https://leaston.bcdiploma.com/law-economics-management#LearningSpecification","iscedfCode":["7"],"nqfLevel":["7"]}},"credentialStatus":{"id":"https://essif.europa.eu/status/education#higherEducation#392ac7f6-399a-437b-a268-4691ead8f176","type":"CredentialStatusList2020"},"evidence":{"documentPresence":["Physical"],"evidenceDocument":["Passport"],"id":"https://essif.europa.eu/tsr-va/evidence/f2aeec97-fc0d-42bf-8ca7-0548192d5678","subjectPresence":"Physical","type":["DocumentVerification"],"verifier":"did:ebsi:2962fb784df61baa267c8132497539f8c674b37c1244a7a"}},"jti":"urn:uuid:74fccde5-b767-4bce-b381-feda81e7b27d"}
8107 [pool-1-thread-1 @coroutine#210] DEBUG id.walt.services.keystore.HKVKeyStoreService - Loading key "did:key:z6MkiG3i5G87tVrmp4zxmEnCHjQ435a4C5PbBPw1B3zqkCNy#z6MkiG3i5G87tVrmp4zxmEnCHjQ435a4C5PbBPw1B3zqkCNy".
8107 [pool-1-thread-1 @coroutine#210] DEBUG id.walt.services.jwt.WaltIdJwtService - Signing JWT with algorithm: EdDSA_Ed25519
8107 [pool-1-thread-1 @coroutine#210] DEBUG id.walt.model.DidUrl - Trying to create DidUrl from URL: "did:key:z6MkiG3i5G87tVrmp4zxmEnCHjQ435a4C5PbBPw1B3zqkCNy#z6MkiG3i5G87tVrmp4zxmEnCHjQ435a4C5PbBPw1B3zqkCNy"...
8108 [pool-1-thread-1 @coroutine#210] DEBUG id.walt.services.keystore.HKVKeyStoreService - Loading key "d3ea9c95e5014043bf84e5d339a338e4".
8108 [pool-1-thread-1 @coroutine#210] DEBUG id.walt.services.jwt.WaltIdJwtService - Signed JWT:  eyJraWQiOiJkaWQ6a2V5Ono2TWtpRzNpNUc4N3RWcm1wNHp4bUVuQ0hqUTQzNWE0QzVQYkJQdzFCM3pxa0NOeSN6Nk1raUczaTVHODd0VnJtcDR6eG1FbkNIalE0MzVhNEM1UGJCUHcxQjN6cWtDTnkiLCJ0eXAiOiJKV1QiLCJhbGciOiJFZERTQSJ9.eyJzdWIiOiJkaWQ6a2V5Ono2TWtpRzNpNUc4N3RWcm1wNHp4bUVuQ0hqUTQzNWE0QzVQYkJQdzFCM3pxa0NOeSIsIm5iZiI6MTcyNjEzMzk4MywiaXNzIjoiZGlkOmtleTp6Nk1raUczaTVHODd0VnJtcDR6eG1FbkNIalE0MzVhNEM1UGJCUHcxQjN6cWtDTnkiLCJpYXQiOjE3MjYxMzM5ODMsInZjIjp7InR5cGUiOlsiVmVyaWZpYWJsZUNyZWRlbnRpYWwiLCJWZXJpZmlhYmxlQXR0ZXN0YXRpb24iLCJWZXJpZmlhYmxlRGlwbG9tYSJdLCJAY29udGV4dCI6WyJodHRwczovL3d3dy53My5vcmcvMjAxOC9jcmVkZW50aWFscy92MSJdLCJpZCI6InVybjp1dWlkOjc0ZmNjZGU1LWI3NjctNGJjZS1iMzgxLWZlZGE4MWU3YjI3ZCIsImlzc3VlciI6ImRpZDprZXk6ejZNa2lHM2k1Rzg3dFZybXA0enhtRW5DSGpRNDM1YTRDNVBiQlB3MUIzenFrQ055IiwiaXNzdWFuY2VEYXRlIjoiMjAyNC0wOS0xMlQwOTozOTo0M1oiLCJpc3N1ZWQiOiIyMDI0LTA5LTEyVDA5OjM5OjQzWiIsInZhbGlkRnJvbSI6IjIwMjQtMDktMTJUMDk6Mzk6NDNaIiwiZXhwaXJhdGlvbkRhdGUiOiIyMDIyLTA4LTMxVDAwOjAwOjAwWiIsImNyZWRlbnRpYWxTY2hlbWEiOnsiaWQiOiJodHRwczovL3Jhdy5naXRodWJ1c2VyY29udGVudC5jb20vd2FsdC1pZC93YWx0aWQtc3Npa2l0LXZjbGliL21hc3Rlci9zcmMvdGVzdC9yZXNvdXJjZXMvc2NoZW1hcy9WZXJpZmlhYmxlRGlwbG9tYS5qc29uIiwidHlwZSI6Ikpzb25TY2hlbWFWYWxpZGF0b3IyMDE4In0sImNyZWRlbnRpYWxTdWJqZWN0Ijp7ImlkIjoiZGlkOmtleTp6Nk1raUczaTVHODd0VnJtcDR6eG1FbkNIalE0MzVhNEM1UGJCUHcxQjN6cWtDTnkiLCJhd2FyZGluZ09wcG9ydHVuaXR5Ijp7ImF3YXJkaW5nQm9keSI6eyJlaWRhc0xlZ2FsSWRlbnRpZmllciI6IlVua25vd24iLCJob21lcGFnZSI6Imh0dHBzOi8vbGVhc3Rvbi5iY2RpcGxvbWEuY29tLyIsImlkIjoiZGlkOmVic2k6MkE5Qlo5U1VlNkJhdGFjU3B2czFWNUNkakh2THBRN2JFc2kySmI2TGRIS25ReGFOIiwicHJlZmVycmVkTmFtZSI6IkxlYXN0b24gVW5pdmVyc2l0eSIsInJlZ2lzdHJhdGlvbiI6IjA1OTcwNjVKIn0sImVuZGVkQXRUaW1lIjoiMjAyMC0wNi0yNlQwMDowMDowMFoiLCJpZCI6Imh0dHBzOi8vbGVhc3Rvbi5iY2RpcGxvbWEuY29tL2xhdy1lY29ub21pY3MtbWFuYWdlbWVudCNBd2FyZGluZ09wcG9ydHVuaXR5IiwiaWRlbnRpZmllciI6Imh0dHBzOi8vY2VydGlmaWNhdGUtZGVtby5iY2RpcGxvbWEuY29tL2NoZWNrLzg3RUQyRjIyNzBFNkM0MTQ1NkU5NEI4NkI5RDkxMTVCNEUzNUJDQ0FEMjAwQTQ5Qjg0NjU5MkMxNEY3OUM4NkJWMUZuYmxsdGEwTlpUbkprUjNsRFdsUm1URGxTUlVKRVZGWklTbU5tWXpKaFVVNXNaVUo1WjJGSlNIcFdibVpaIiwibG9jYXRpb24iOiJGUkFOQ0UiLCJzdGFydGVkQXRUaW1lIjoiMjAxOS0wOS0wMlQwMDowMDowMFoifSwiZGF0ZU9mQmlydGgiOiIxOTkzLTA0LTA4IiwiZmFtaWx5TmFtZSI6IkRPRSIsImdpdmVuTmFtZXMiOiJKYW5lIiwiZ3JhZGluZ1NjaGVtZSI6eyJpZCI6Imh0dHBzOi8vbGVhc3Rvbi5iY2RpcGxvbWEuY29tL2xhdy1lY29ub21pY3MtbWFuYWdlbWVudCNHcmFkaW5nU2NoZW1lIiwidGl0bGUiOiJMb3dlciBTZWNvbmQtQ2xhc3MgSG9ub3VycyJ9LCJpZGVudGlmaWVyIjoiMDkwNDAwODA4NEgiLCJsZWFybmluZ0FjaGlldmVtZW50Ijp7ImFkZGl0aW9uYWxOb3RlIjpbIkRJU1RSSUJVVElPTiBNQU5BR0VNRU5UIl0sImRlc2NyaXB0aW9uIjoiTUFSS0VUSU5HIEFORCBTQUxFUyIsImlkIjoiaHR0cHM6Ly9sZWFzdG9uLmJjZGlwbG9tYS5jb20vbGF3LWVjb25vbWljcy1tYW5hZ2VtZW50I0xlYXJuaW5nQWNoaWV2bWVudCIsInRpdGxlIjoiTUFTVEVSUyBMQVcsIEVDT05PTUlDUyBBTkQgTUFOQUdFTUVOVCJ9LCJsZWFybmluZ1NwZWNpZmljYXRpb24iOnsiZWN0c0NyZWRpdFBvaW50cyI6MTIwLCJlcWZMZXZlbCI6NywiaWQiOiJodHRwczovL2xlYXN0b24uYmNkaXBsb21hLmNvbS9sYXctZWNvbm9taWNzLW1hbmFnZW1lbnQjTGVhcm5pbmdTcGVjaWZpY2F0aW9uIiwiaXNjZWRmQ29kZSI6WyI3Il0sIm5xZkxldmVsIjpbIjciXX19LCJjcmVkZW50aWFsU3RhdHVzIjp7ImlkIjoiaHR0cHM6Ly9lc3NpZi5ldXJvcGEuZXUvc3RhdHVzL2VkdWNhdGlvbiNoaWdoZXJFZHVjYXRpb24jMzkyYWM3ZjYtMzk5YS00MzdiLWEyNjgtNDY5MWVhZDhmMTc2IiwidHlwZSI6IkNyZWRlbnRpYWxTdGF0dXNMaXN0MjAyMCJ9LCJldmlkZW5jZSI6eyJkb2N1bWVudFByZXNlbmNlIjpbIlBoeXNpY2FsIl0sImV2aWRlbmNlRG9jdW1lbnQiOlsiUGFzc3BvcnQiXSwiaWQiOiJodHRwczovL2Vzc2lmLmV1cm9wYS5ldS90c3ItdmEvZXZpZGVuY2UvZjJhZWVjOTctZmMwZC00MmJmLThjYTctMDU0ODE5MmQ1Njc4Iiwic3ViamVjdFByZXNlbmNlIjoiUGh5c2ljYWwiLCJ0eXBlIjpbIkRvY3VtZW50VmVyaWZpY2F0aW9uIl0sInZlcmlmaWVyIjoiZGlkOmVic2k6Mjk2MmZiNzg0ZGY2MWJhYTI2N2M4MTMyNDk3NTM5ZjhjNjc0YjM3YzEyNDRhN2EifX0sImp0aSI6InVybjp1dWlkOjc0ZmNjZGU1LWI3NjctNGJjZS1iMzgxLWZlZGE4MWU3YjI3ZCJ9.qQYXa6SFWp5ORXnAAhAFfePPWRhsJoMFH_YrdSXLt37xQ9HYVQPgz24r-CJFbMXRaU1k9UV-EBArYkk1Zz6wCQ
8108 [pool-1-thread-1 @coroutine#210] DEBUG id.walt.signatory.WaltIdSignatory - Signed VC is: eyJraWQiOiJkaWQ6a2V5Ono2TWtpRzNpNUc4N3RWcm1wNHp4bUVuQ0hqUTQzNWE0QzVQYkJQdzFCM3pxa0NOeSN6Nk1raUczaTVHODd0VnJtcDR6eG1FbkNIalE0MzVhNEM1UGJCUHcxQjN6cWtDTnkiLCJ0eXAiOiJKV1QiLCJhbGciOiJFZERTQSJ9.eyJzdWIiOiJkaWQ6a2V5Ono2TWtpRzNpNUc4N3RWcm1wNHp4bUVuQ0hqUTQzNWE0QzVQYkJQdzFCM3pxa0NOeSIsIm5iZiI6MTcyNjEzMzk4MywiaXNzIjoiZGlkOmtleTp6Nk1raUczaTVHODd0VnJtcDR6eG1FbkNIalE0MzVhNEM1UGJCUHcxQjN6cWtDTnkiLCJpYXQiOjE3MjYxMzM5ODMsInZjIjp7InR5cGUiOlsiVmVyaWZpYWJsZUNyZWRlbnRpYWwiLCJWZXJpZmlhYmxlQXR0ZXN0YXRpb24iLCJWZXJpZmlhYmxlRGlwbG9tYSJdLCJAY29udGV4dCI6WyJodHRwczovL3d3dy53My5vcmcvMjAxOC9jcmVkZW50aWFscy92MSJdLCJpZCI6InVybjp1dWlkOjc0ZmNjZGU1LWI3NjctNGJjZS1iMzgxLWZlZGE4MWU3YjI3ZCIsImlzc3VlciI6ImRpZDprZXk6ejZNa2lHM2k1Rzg3dFZybXA0enhtRW5DSGpRNDM1YTRDNVBiQlB3MUIzenFrQ055IiwiaXNzdWFuY2VEYXRlIjoiMjAyNC0wOS0xMlQwOTozOTo0M1oiLCJpc3N1ZWQiOiIyMDI0LTA5LTEyVDA5OjM5OjQzWiIsInZhbGlkRnJvbSI6IjIwMjQtMDktMTJUMDk6Mzk6NDNaIiwiZXhwaXJhdGlvbkRhdGUiOiIyMDIyLTA4LTMxVDAwOjAwOjAwWiIsImNyZWRlbnRpYWxTY2hlbWEiOnsiaWQiOiJodHRwczovL3Jhdy5naXRodWJ1c2VyY29udGVudC5jb20vd2FsdC1pZC93YWx0aWQtc3Npa2l0LXZjbGliL21hc3Rlci9zcmMvdGVzdC9yZXNvdXJjZXMvc2NoZW1hcy9WZXJpZmlhYmxlRGlwbG9tYS5qc29uIiwidHlwZSI6Ikpzb25TY2hlbWFWYWxpZGF0b3IyMDE4In0sImNyZWRlbnRpYWxTdWJqZWN0Ijp7ImlkIjoiZGlkOmtleTp6Nk1raUczaTVHODd0VnJtcDR6eG1FbkNIalE0MzVhNEM1UGJCUHcxQjN6cWtDTnkiLCJhd2FyZGluZ09wcG9ydHVuaXR5Ijp7ImF3YXJkaW5nQm9keSI6eyJlaWRhc0xlZ2FsSWRlbnRpZmllciI6IlVua25vd24iLCJob21lcGFnZSI6Imh0dHBzOi8vbGVhc3Rvbi5iY2RpcGxvbWEuY29tLyIsImlkIjoiZGlkOmVic2k6MkE5Qlo5U1VlNkJhdGFjU3B2czFWNUNkakh2THBRN2JFc2kySmI2TGRIS25ReGFOIiwicHJlZmVycmVkTmFtZSI6IkxlYXN0b24gVW5pdmVyc2l0eSIsInJlZ2lzdHJhdGlvbiI6IjA1OTcwNjVKIn0sImVuZGVkQXRUaW1lIjoiMjAyMC0wNi0yNlQwMDowMDowMFoiLCJpZCI6Imh0dHBzOi8vbGVhc3Rvbi5iY2RpcGxvbWEuY29tL2xhdy1lY29ub21pY3MtbWFuYWdlbWVudCNBd2FyZGluZ09wcG9ydHVuaXR5IiwiaWRlbnRpZmllciI6Imh0dHBzOi8vY2VydGlmaWNhdGUtZGVtby5iY2RpcGxvbWEuY29tL2NoZWNrLzg3RUQyRjIyNzBFNkM0MTQ1NkU5NEI4NkI5RDkxMTVCNEUzNUJDQ0FEMjAwQTQ5Qjg0NjU5MkMxNEY3OUM4NkJWMUZuYmxsdGEwTlpUbkprUjNsRFdsUm1URGxTUlVKRVZGWklTbU5tWXpKaFVVNXNaVUo1WjJGSlNIcFdibVpaIiwibG9jYXRpb24iOiJGUkFOQ0UiLCJzdGFydGVkQXRUaW1lIjoiMjAxOS0wOS0wMlQwMDowMDowMFoifSwiZGF0ZU9mQmlydGgiOiIxOTkzLTA0LTA4IiwiZmFtaWx5TmFtZSI6IkRPRSIsImdpdmVuTmFtZXMiOiJKYW5lIiwiZ3JhZGluZ1NjaGVtZSI6eyJpZCI6Imh0dHBzOi8vbGVhc3Rvbi5iY2RpcGxvbWEuY29tL2xhdy1lY29ub21pY3MtbWFuYWdlbWVudCNHcmFkaW5nU2NoZW1lIiwidGl0bGUiOiJMb3dlciBTZWNvbmQtQ2xhc3MgSG9ub3VycyJ9LCJpZGVudGlmaWVyIjoiMDkwNDAwODA4NEgiLCJsZWFybmluZ0FjaGlldmVtZW50Ijp7ImFkZGl0aW9uYWxOb3RlIjpbIkRJU1RSSUJVVElPTiBNQU5BR0VNRU5UIl0sImRlc2NyaXB0aW9uIjoiTUFSS0VUSU5HIEFORCBTQUxFUyIsImlkIjoiaHR0cHM6Ly9sZWFzdG9uLmJjZGlwbG9tYS5jb20vbGF3LWVjb25vbWljcy1tYW5hZ2VtZW50I0xlYXJuaW5nQWNoaWV2bWVudCIsInRpdGxlIjoiTUFTVEVSUyBMQVcsIEVDT05PTUlDUyBBTkQgTUFOQUdFTUVOVCJ9LCJsZWFybmluZ1NwZWNpZmljYXRpb24iOnsiZWN0c0NyZWRpdFBvaW50cyI6MTIwLCJlcWZMZXZlbCI6NywiaWQiOiJodHRwczovL2xlYXN0b24uYmNkaXBsb21hLmNvbS9sYXctZWNvbm9taWNzLW1hbmFnZW1lbnQjTGVhcm5pbmdTcGVjaWZpY2F0aW9uIiwiaXNjZWRmQ29kZSI6WyI3Il0sIm5xZkxldmVsIjpbIjciXX19LCJjcmVkZW50aWFsU3RhdHVzIjp7ImlkIjoiaHR0cHM6Ly9lc3NpZi5ldXJvcGEuZXUvc3RhdHVzL2VkdWNhdGlvbiNoaWdoZXJFZHVjYXRpb24jMzkyYWM3ZjYtMzk5YS00MzdiLWEyNjgtNDY5MWVhZDhmMTc2IiwidHlwZSI6IkNyZWRlbnRpYWxTdGF0dXNMaXN0MjAyMCJ9LCJldmlkZW5jZSI6eyJkb2N1bWVudFByZXNlbmNlIjpbIlBoeXNpY2FsIl0sImV2aWRlbmNlRG9jdW1lbnQiOlsiUGFzc3BvcnQiXSwiaWQiOiJodHRwczovL2Vzc2lmLmV1cm9wYS5ldS90c3ItdmEvZXZpZGVuY2UvZjJhZWVjOTctZmMwZC00MmJmLThjYTctMDU0ODE5MmQ1Njc4Iiwic3ViamVjdFByZXNlbmNlIjoiUGh5c2ljYWwiLCJ0eXBlIjpbIkRvY3VtZW50VmVyaWZpY2F0aW9uIl0sInZlcmlmaWVyIjoiZGlkOmVic2k6Mjk2MmZiNzg0ZGY2MWJhYTI2N2M4MTMyNDk3NTM5ZjhjNjc0YjM3YzEyNDRhN2EifX0sImp0aSI6InVybjp1dWlkOjc0ZmNjZGU1LWI3NjctNGJjZS1iMzgxLWZlZGE4MWU3YjI3ZCJ9.qQYXa6SFWp5ORXnAAhAFfePPWRhsJoMFH_YrdSXLt37xQ9HYVQPgz24r-CJFbMXRaU1k9UV-EBArYkk1Zz6wCQ
]]></system-err>
</testsuite>
