<?xml version="1.0" encoding="UTF-8"?>
<testsuite name="id.walt.services.vc.WaltIdJwtCredentialServiceTest" tests="8" skipped="0" failures="0" errors="0" timestamp="2024-09-12T09:39:49" hostname="pablito-B550-AORUS-ELITE-V2" time="0.143">
  <properties/>
  <testcase name="testJwtWithDidEbsiV2" classname="id.walt.services.vc.WaltIdJwtCredentialServiceTest" time="0.008"/>
  <testcase name="testOptionalConfigsAreNull" classname="id.walt.services.vc.WaltIdJwtCredentialServiceTest" time="0.001"/>
  <testcase name="testSelectiveDisclosureJWTCredentials" classname="id.walt.services.vc.WaltIdJwtCredentialServiceTest" time="0.041"/>
  <testcase name="testSignedVcAttributes" classname="id.walt.services.vc.WaltIdJwtCredentialServiceTest" time="0.001"/>
  <testcase name="testValidateSchema" classname="id.walt.services.vc.WaltIdJwtCredentialServiceTest" time="0.077"/>
  <testcase name="testVerifyVc" classname="id.walt.services.vc.WaltIdJwtCredentialServiceTest" time="0.004"/>
  <testcase name="testVerifyVcWithIssuerDid" classname="id.walt.services.vc.WaltIdJwtCredentialServiceTest" time="0.003"/>
  <testcase name="testVerifyVcWithWrongIssuerDid" classname="id.walt.services.vc.WaltIdJwtCredentialServiceTest" time="0.001"/>
  <system-out><![CDATA[]]></system-out>
  <system-err><![CDATA[14537 [Test worker @coroutine#62] DEBUG id.walt.services.keystore.HKVKeyStoreService - Storing key "d0226e896f4b4c56a9361fd92d46221c".
14538 [Test worker @coroutine#62] DEBUG id.walt.services.keystore.HKVKeyStoreService - Loading key "d0226e896f4b4c56a9361fd92d46221c".
14538 [Test worker @coroutine#62] DEBUG id.walt.services.keystore.HKVKeyStoreService - Loading key "d0226e896f4b4c56a9361fd92d46221c".
14538 [Test worker @coroutine#62] DEBUG id.walt.services.did.composers.DidDocumentComposerBase - Verification method JWK for kid: {"kty":"EC","use":"sig","crv":"secp256k1","kid":"d0226e896f4b4c56a9361fd92d46221c","x":"jqXhVzXaDbravgJsQE2y0cDJN1cZeCF8nwjwULtu_nM","y":"68n2D-Gze3P-n2C5ubgVjtitffGGGWRE6E41itSuRa4","alg":"ES256K"}
14538 [Test worker @coroutine#62] DEBUG id.walt.services.did.composers.DidDocumentComposerBase - Verification method public JWK: {"kty":"EC","use":"sig","crv":"secp256k1","kid":"d0226e896f4b4c56a9361fd92d46221c","x":"jqXhVzXaDbravgJsQE2y0cDJN1cZeCF8nwjwULtu_nM","y":"68n2D-Gze3P-n2C5ubgVjtitffGGGWRE6E41itSuRa4","alg":"ES256K"}
14539 [Test worker @coroutine#62] DEBUG id.walt.services.did.composers.DidDocumentComposerBase - Verification method parsed public JWK: Jwk(kid=d0226e896f4b4c56a9361fd92d46221c, kty=EC, alg=ES256K, crv=secp256k1, use=sig, x=jqXhVzXaDbravgJsQE2y0cDJN1cZeCF8nwjwULtu_nM, y=68n2D-Gze3P-n2C5ubgVjtitffGGGWRE6E41itSuRa4, d=null, n=null, e=null, x5u=null)
14540 [Test worker @coroutine#62] DEBUG id.walt.services.keystore.HKVKeyStoreService - Loading key "d0226e896f4b4c56a9361fd92d46221c".
14540 [Test worker @coroutine#62] DEBUG id.walt.services.did.DidService - A key with the id "d0226e896f4b4c56a9361fd92d46221c" exists.
14540 [Test worker @coroutine#62] DEBUG id.walt.model.DidUrl - Trying to create DidUrl from URL: "did:ebsi:zcKZwxurftKtLbmLYmANXuM"...
14540 [Test worker @coroutine#62] DEBUG id.walt.model.DidUrl - Trying to create DidUrl from URL: "did:ebsi:zcKZwxurftKtLbmLYmANXuM"...
14542 [Test worker @coroutine#62] DEBUG io.mockk.impl.stub.CommonClearer - Clearing [SchemaValidatorFactory(object SchemaValidatorFactory)] mocks ClearOptions(answers=true, recordedCalls=true, childMocks=true, verificationMarks=true, exclusionRules=true)
14543 [Test worker @coroutine#62] DEBUG io.mockk.impl.instantiation.AbstractMockFactory - Creating mockk for SchemaValidator name=child of object SchemaValidatorFactory#12
14579 [Test worker @coroutine#62] DEBUG io.mockk.impl.recording.states.AnsweringState - Answering id.walt.credentials.w3c.schema.NetworkntSchemaValidator@e07b4db on SchemaValidatorFactory(object SchemaValidatorFactory).get({
  "$schema" : "http://json-schema.org/draft-07/schema#",
  "type" : "object",
  "properties" : {
    "@context" : {
      "type" : "array",
      "items" : {
        "type" : "string"
      }
    },
    "credentialSchema" : {
      "type" : "object",
      "properties" : {
        "id" : {
          "type" : "string"
        },
        "type" : {
          "type" : "string"
        }
      },
      "additionalProperties" : false
    },
    "credentialStatus" : {
      "type" : "object",
      "properties" : {
        "id" : {
          "type" : "string"
        },
        "type" : {
          "type" : "string"
        }
      },
      "additionalProperties" : false
    },
    "credentialSubject" : {
      "type" : "object",
      "properties" : {
        "currentAddress" : {
          "type" : "array",
          "items" : {
            "type" : "string"
          }
        },
        "dateOfBirth" : {
          "type" : "string"
        },
        "familyName" : {
          "type" : "string"
        },
        "firstName" : {
          "type" : "string"
        },
        "gender" : {
          "type" : "string"
        },
        "id" : {
          "type" : "string"
        },
        "identifier" : {
          "type" : "array",
          "items" : {
            "type" : "object",
            "properties" : {
              "schemeID" : {
                "type" : "string"
              },
              "value" : {
                "type" : "string"
              }
            },
            "additionalProperties" : false
          }
        },
        "nameAndFamilyNameAtBirth" : {
          "type" : "string"
        },
        "personalIdentifier" : {
          "type" : "string"
        },
        "placeOfBirth" : {
          "type" : "string"
        }
      },
      "additionalProperties" : false
    },
    "evidence" : {
      "type" : "array",
      "items" : {
        "type" : "object",
        "properties" : {
          "documentPresence" : {
            "type" : "array",
            "items" : {
              "type" : "string"
            }
          },
          "evidenceDocument" : {
            "type" : "array",
            "items" : {
              "type" : "string"
            }
          },
          "id" : {
            "type" : "string"
          },
          "subjectPresence" : {
            "type" : "string"
          },
          "type" : {
            "type" : "array",
            "items" : {
              "type" : "string"
            }
          },
          "verifier" : {
            "type" : "string"
          }
        },
        "additionalProperties" : false
      }
    },
    "expirationDate" : {
      "type" : "string"
    },
    "id" : {
      "type" : "string"
    },
    "issuanceDate" : {
      "type" : "string"
    },
    "issued" : {
      "type" : "string"
    },
    "issuer" : {
      "type" : "string"
    },
    "proof" : {
      "type" : "object",
      "properties" : {
        "created" : {
          "type" : "string"
        },
        "creator" : {
          "type" : "string"
        },
        "domain" : {
          "type" : "string"
        },
        "jws" : {
          "type" : "string"
        },
        "nonce" : {
          "type" : "string"
        },
        "proofPurpose" : {
          "type" : "string"
        },
        "type" : {
          "type" : "string"
        },
        "verificationMethod" : {
          "type" : "string"
        }
      },
      "additionalProperties" : false
    },
    "type" : {
      "type" : "array",
      "items" : {
        "type" : "string"
      }
    },
    "validFrom" : {
      "type" : "string"
    }
  },
  "required" : [ "@context", "type" ],
  "title" : "EBSI Natural Person Verifiable ID",
  "description" : "Schema of an EBSI Verifiable ID for a natural person",
  "additionalProperties" : false
})
14582 [pool-1-thread-1 @coroutine#890] DEBUG id.walt.services.keystore.HKVKeyStoreService - Storing key "b011af4211344722bba546171a3e912b".
14583 [pool-1-thread-1 @coroutine#890] DEBUG id.walt.services.keystore.HKVKeyStoreService - Loading key "b011af4211344722bba546171a3e912b".
14583 [pool-1-thread-1 @coroutine#890] DEBUG id.walt.services.keystore.HKVKeyStoreService - Loading key "b011af4211344722bba546171a3e912b".
14584 [pool-1-thread-1 @coroutine#890] DEBUG id.walt.services.keystore.HKVKeyStoreService - Loading key "b011af4211344722bba546171a3e912b".
14584 [pool-1-thread-1 @coroutine#890] DEBUG id.walt.services.did.DidService - A key with the id "b011af4211344722bba546171a3e912b" exists.
14584 [pool-1-thread-1 @coroutine#890] DEBUG id.walt.model.DidUrl - Trying to create DidUrl from URL: "did:ebsi:zmmzUhkAYexTev47bCP8yGtSjtqJcDWVZ4BDxWFVZuCcG"...
14584 [pool-1-thread-1 @coroutine#890] DEBUG id.walt.model.DidUrl - Trying to create DidUrl from URL: "did:ebsi:zmmzUhkAYexTev47bCP8yGtSjtqJcDWVZ4BDxWFVZuCcG"...
14585 [pool-1-thread-1 @coroutine#890] DEBUG id.walt.model.DidUrl - Trying to create DidUrl from URL: "did:ebsi:zmmzUhkAYexTev47bCP8yGtSjtqJcDWVZ4BDxWFVZuCcG"...
14585 [pool-1-thread-1 @coroutine#890] DEBUG id.walt.model.DidUrl - Trying to create DidUrl from URL: "did:ebsi:zmmzUhkAYexTev47bCP8yGtSjtqJcDWVZ4BDxWFVZuCcG"...
14585 [pool-1-thread-1 @coroutine#890] DEBUG id.walt.signatory.WaltIdSignatory - Signing credential with proof using JWT...
14585 [pool-1-thread-1 @coroutine#890] DEBUG id.walt.signatory.WaltIdSignatory - Signing credential with proof using JWT, credential is: {"type":["VerifiableCredential","VerifiableAttestation","VerifiableId"],"@context":["https://www.w3.org/2018/credentials/v1"],"id":"urn:uuid:3a7a98d1-277e-4fbe-a027-022331420003","issuer":"did:ebsi:zmmzUhkAYexTev47bCP8yGtSjtqJcDWVZ4BDxWFVZuCcG","issuanceDate":"2024-09-12T09:39:49Z","issued":"2024-09-12T09:39:49Z","validFrom":"2024-09-12T09:39:49Z","credentialSchema":{"id":"https://raw.githubusercontent.com/walt-id/waltid-ssikit-vclib/master/src/test/resources/schemas/VerifiableId.json","type":"FullJsonSchemaValidator2021"},"credentialSubject":{"id":"did:ebsi:zmmzUhkAYexTev47bCP8yGtSjtqJcDWVZ4BDxWFVZuCcG","currentAddress":["1 Boulevard de la Liberté, 59800 Lille"],"dateOfBirth":"1993-04-08","familyName":"DOE","firstName":"Jane","gender":"FEMALE","nameAndFamilyNameAtBirth":"Jane DOE","personalIdentifier":"0904008084H","placeOfBirth":"LILLE, FRANCE"},"evidence":[{"documentPresence":["Physical"],"evidenceDocument":["Passport"],"subjectPresence":"Physical","type":["DocumentVerification"],"verifier":"did:ebsi:2A9BZ9SUe6BatacSpvs1V5CdjHvLpQ7bEsi2Jb6LdHKnQxaN"}]}
14585 [pool-1-thread-1 @coroutine#890] DEBUG id.walt.services.vc.WaltIdJwtCredentialService - Signing JWT object with config: ProofConfig(issuerDid=did:ebsi:zmmzUhkAYexTev47bCP8yGtSjtqJcDWVZ4BDxWFVZuCcG, subjectDid=did:ebsi:zmmzUhkAYexTev47bCP8yGtSjtqJcDWVZ4BDxWFVZuCcG, verifierDid=null, issuerVerificationMethod=did:ebsi:zmmzUhkAYexTev47bCP8yGtSjtqJcDWVZ4BDxWFVZuCcG#mUjFQOCLUAattO_-59tZA18v052l5il-G16JuPawPyk, proofType=JWT, domain=null, nonce=null, proofPurpose=null, credentialId=urn:uuid:3a7a98d1-277e-4fbe-a027-022331420003, issueDate=2024-09-12T09:39:49.805214377Z, validDate=2024-09-12T09:39:49.805216240Z, expirationDate=null, dataProviderIdentifier=null, ldSignatureType=null, creator=did:ebsi:zmmzUhkAYexTev47bCP8yGtSjtqJcDWVZ4BDxWFVZuCcG, ecosystem=DEFAULT, statusType=null, statusPurpose=revocation, credentialsEndpoint=null, selectiveDisclosure=null)
14585 [pool-1-thread-1 @coroutine#890] DEBUG id.walt.services.vc.WaltIdJwtCredentialService - Signing: {"sub":"did:ebsi:zmmzUhkAYexTev47bCP8yGtSjtqJcDWVZ4BDxWFVZuCcG","nbf":1726133989,"iss":"did:ebsi:zmmzUhkAYexTev47bCP8yGtSjtqJcDWVZ4BDxWFVZuCcG","iat":1726133989,"vc":{"type":["VerifiableCredential","VerifiableAttestation","VerifiableId"],"@context":["https://www.w3.org/2018/credentials/v1"],"id":"urn:uuid:3a7a98d1-277e-4fbe-a027-022331420003","issuer":"did:ebsi:zmmzUhkAYexTev47bCP8yGtSjtqJcDWVZ4BDxWFVZuCcG","issuanceDate":"2024-09-12T09:39:49Z","issued":"2024-09-12T09:39:49Z","validFrom":"2024-09-12T09:39:49Z","credentialSchema":{"id":"https://raw.githubusercontent.com/walt-id/waltid-ssikit-vclib/master/src/test/resources/schemas/VerifiableId.json","type":"FullJsonSchemaValidator2021"},"credentialSubject":{"id":"did:ebsi:zmmzUhkAYexTev47bCP8yGtSjtqJcDWVZ4BDxWFVZuCcG","currentAddress":["1 Boulevard de la Liberté, 59800 Lille"],"dateOfBirth":"1993-04-08","familyName":"DOE","firstName":"Jane","gender":"FEMALE","nameAndFamilyNameAtBirth":"Jane DOE","personalIdentifier":"0904008084H","placeOfBirth":"LILLE, FRANCE"},"evidence":[{"documentPresence":["Physical"],"evidenceDocument":["Passport"],"subjectPresence":"Physical","type":["DocumentVerification"],"verifier":"did:ebsi:2A9BZ9SUe6BatacSpvs1V5CdjHvLpQ7bEsi2Jb6LdHKnQxaN"}]},"jti":"urn:uuid:3a7a98d1-277e-4fbe-a027-022331420003"}
14585 [pool-1-thread-1 @coroutine#890] DEBUG id.walt.services.keystore.HKVKeyStoreService - Loading key "did:ebsi:zmmzUhkAYexTev47bCP8yGtSjtqJcDWVZ4BDxWFVZuCcG#mUjFQOCLUAattO_-59tZA18v052l5il-G16JuPawPyk".
14585 [pool-1-thread-1 @coroutine#890] DEBUG id.walt.services.jwt.WaltIdJwtService - Signing JWT with algorithm: EdDSA_Ed25519
14585 [pool-1-thread-1 @coroutine#890] DEBUG id.walt.model.DidUrl - Trying to create DidUrl from URL: "did:ebsi:zmmzUhkAYexTev47bCP8yGtSjtqJcDWVZ4BDxWFVZuCcG#mUjFQOCLUAattO_-59tZA18v052l5il-G16JuPawPyk"...
14585 [pool-1-thread-1 @coroutine#890] DEBUG id.walt.services.keystore.HKVKeyStoreService - Loading key "did:ebsi:zmmzUhkAYexTev47bCP8yGtSjtqJcDWVZ4BDxWFVZuCcG#mUjFQOCLUAattO_-59tZA18v052l5il-G16JuPawPyk".
14585 [pool-1-thread-1 @coroutine#890] DEBUG id.walt.services.keystore.HKVKeyStoreService - Loading key "b011af4211344722bba546171a3e912b".
14586 [pool-1-thread-1 @coroutine#890] DEBUG id.walt.services.jwt.WaltIdJwtService - Signed JWT:  eyJraWQiOiJkaWQ6ZWJzaTp6bW16VWhrQVlleFRldjQ3YkNQOHlHdFNqdHFKY0RXVlo0QkR4V0ZWWnVDY0cjbVVqRlFPQ0xVQWF0dE9fLTU5dFpBMTh2MDUybDVpbC1HMTZKdVBhd1B5ayIsInR5cCI6IkpXVCIsImFsZyI6IkVkRFNBIiwiandrIjp7Imt0eSI6Ik9LUCIsInVzZSI6InNpZyIsImNydiI6IkVkMjU1MTkiLCJraWQiOiJiMDExYWY0MjExMzQ0NzIyYmJhNTQ2MTcxYTNlOTEyYiIsIngiOiI2eEl6S0FMZDF1bkE4elRKMmJydUY0Q0JEUFk1Ry04ZUNxZ1JkZkd2UFh3IiwiYWxnIjoiRWREU0EifX0.eyJzdWIiOiJkaWQ6ZWJzaTp6bW16VWhrQVlleFRldjQ3YkNQOHlHdFNqdHFKY0RXVlo0QkR4V0ZWWnVDY0ciLCJuYmYiOjE3MjYxMzM5ODksImlzcyI6ImRpZDplYnNpOnptbXpVaGtBWWV4VGV2NDdiQ1A4eUd0U2p0cUpjRFdWWjRCRHhXRlZadUNjRyIsImlhdCI6MTcyNjEzMzk4OSwidmMiOnsidHlwZSI6WyJWZXJpZmlhYmxlQ3JlZGVudGlhbCIsIlZlcmlmaWFibGVBdHRlc3RhdGlvbiIsIlZlcmlmaWFibGVJZCJdLCJAY29udGV4dCI6WyJodHRwczovL3d3dy53My5vcmcvMjAxOC9jcmVkZW50aWFscy92MSJdLCJpZCI6InVybjp1dWlkOjNhN2E5OGQxLTI3N2UtNGZiZS1hMDI3LTAyMjMzMTQyMDAwMyIsImlzc3VlciI6ImRpZDplYnNpOnptbXpVaGtBWWV4VGV2NDdiQ1A4eUd0U2p0cUpjRFdWWjRCRHhXRlZadUNjRyIsImlzc3VhbmNlRGF0ZSI6IjIwMjQtMDktMTJUMDk6Mzk6NDlaIiwiaXNzdWVkIjoiMjAyNC0wOS0xMlQwOTozOTo0OVoiLCJ2YWxpZEZyb20iOiIyMDI0LTA5LTEyVDA5OjM5OjQ5WiIsImNyZWRlbnRpYWxTY2hlbWEiOnsiaWQiOiJodHRwczovL3Jhdy5naXRodWJ1c2VyY29udGVudC5jb20vd2FsdC1pZC93YWx0aWQtc3Npa2l0LXZjbGliL21hc3Rlci9zcmMvdGVzdC9yZXNvdXJjZXMvc2NoZW1hcy9WZXJpZmlhYmxlSWQuanNvbiIsInR5cGUiOiJGdWxsSnNvblNjaGVtYVZhbGlkYXRvcjIwMjEifSwiY3JlZGVudGlhbFN1YmplY3QiOnsiaWQiOiJkaWQ6ZWJzaTp6bW16VWhrQVlleFRldjQ3YkNQOHlHdFNqdHFKY0RXVlo0QkR4V0ZWWnVDY0ciLCJjdXJyZW50QWRkcmVzcyI6WyIxIEJvdWxldmFyZCBkZSBsYSBMaWJlcnTDqSwgNTk4MDAgTGlsbGUiXSwiZGF0ZU9mQmlydGgiOiIxOTkzLTA0LTA4IiwiZmFtaWx5TmFtZSI6IkRPRSIsImZpcnN0TmFtZSI6IkphbmUiLCJnZW5kZXIiOiJGRU1BTEUiLCJuYW1lQW5kRmFtaWx5TmFtZUF0QmlydGgiOiJKYW5lIERPRSIsInBlcnNvbmFsSWRlbnRpZmllciI6IjA5MDQwMDgwODRIIiwicGxhY2VPZkJpcnRoIjoiTElMTEUsIEZSQU5DRSJ9LCJldmlkZW5jZSI6W3siZG9jdW1lbnRQcmVzZW5jZSI6WyJQaHlzaWNhbCJdLCJldmlkZW5jZURvY3VtZW50IjpbIlBhc3Nwb3J0Il0sInN1YmplY3RQcmVzZW5jZSI6IlBoeXNpY2FsIiwidHlwZSI6WyJEb2N1bWVudFZlcmlmaWNhdGlvbiJdLCJ2ZXJpZmllciI6ImRpZDplYnNpOjJBOUJaOVNVZTZCYXRhY1NwdnMxVjVDZGpIdkxwUTdiRXNpMkpiNkxkSEtuUXhhTiJ9XX0sImp0aSI6InVybjp1dWlkOjNhN2E5OGQxLTI3N2UtNGZiZS1hMDI3LTAyMjMzMTQyMDAwMyJ9.eShzIhv5SOMehoFz0fIQsV-821oz-xsCCsx47HjS8cdbHXB6lAXBYUVbChrHyF-DXJF3Ib3T6ySOpekj7_m1Aw
14586 [pool-1-thread-1 @coroutine#890] DEBUG id.walt.signatory.WaltIdSignatory - Signed VC is: eyJraWQiOiJkaWQ6ZWJzaTp6bW16VWhrQVlleFRldjQ3YkNQOHlHdFNqdHFKY0RXVlo0QkR4V0ZWWnVDY0cjbVVqRlFPQ0xVQWF0dE9fLTU5dFpBMTh2MDUybDVpbC1HMTZKdVBhd1B5ayIsInR5cCI6IkpXVCIsImFsZyI6IkVkRFNBIiwiandrIjp7Imt0eSI6Ik9LUCIsInVzZSI6InNpZyIsImNydiI6IkVkMjU1MTkiLCJraWQiOiJiMDExYWY0MjExMzQ0NzIyYmJhNTQ2MTcxYTNlOTEyYiIsIngiOiI2eEl6S0FMZDF1bkE4elRKMmJydUY0Q0JEUFk1Ry04ZUNxZ1JkZkd2UFh3IiwiYWxnIjoiRWREU0EifX0.eyJzdWIiOiJkaWQ6ZWJzaTp6bW16VWhrQVlleFRldjQ3YkNQOHlHdFNqdHFKY0RXVlo0QkR4V0ZWWnVDY0ciLCJuYmYiOjE3MjYxMzM5ODksImlzcyI6ImRpZDplYnNpOnptbXpVaGtBWWV4VGV2NDdiQ1A4eUd0U2p0cUpjRFdWWjRCRHhXRlZadUNjRyIsImlhdCI6MTcyNjEzMzk4OSwidmMiOnsidHlwZSI6WyJWZXJpZmlhYmxlQ3JlZGVudGlhbCIsIlZlcmlmaWFibGVBdHRlc3RhdGlvbiIsIlZlcmlmaWFibGVJZCJdLCJAY29udGV4dCI6WyJodHRwczovL3d3dy53My5vcmcvMjAxOC9jcmVkZW50aWFscy92MSJdLCJpZCI6InVybjp1dWlkOjNhN2E5OGQxLTI3N2UtNGZiZS1hMDI3LTAyMjMzMTQyMDAwMyIsImlzc3VlciI6ImRpZDplYnNpOnptbXpVaGtBWWV4VGV2NDdiQ1A4eUd0U2p0cUpjRFdWWjRCRHhXRlZadUNjRyIsImlzc3VhbmNlRGF0ZSI6IjIwMjQtMDktMTJUMDk6Mzk6NDlaIiwiaXNzdWVkIjoiMjAyNC0wOS0xMlQwOTozOTo0OVoiLCJ2YWxpZEZyb20iOiIyMDI0LTA5LTEyVDA5OjM5OjQ5WiIsImNyZWRlbnRpYWxTY2hlbWEiOnsiaWQiOiJodHRwczovL3Jhdy5naXRodWJ1c2VyY29udGVudC5jb20vd2FsdC1pZC93YWx0aWQtc3Npa2l0LXZjbGliL21hc3Rlci9zcmMvdGVzdC9yZXNvdXJjZXMvc2NoZW1hcy9WZXJpZmlhYmxlSWQuanNvbiIsInR5cGUiOiJGdWxsSnNvblNjaGVtYVZhbGlkYXRvcjIwMjEifSwiY3JlZGVudGlhbFN1YmplY3QiOnsiaWQiOiJkaWQ6ZWJzaTp6bW16VWhrQVlleFRldjQ3YkNQOHlHdFNqdHFKY0RXVlo0QkR4V0ZWWnVDY0ciLCJjdXJyZW50QWRkcmVzcyI6WyIxIEJvdWxldmFyZCBkZSBsYSBMaWJlcnTDqSwgNTk4MDAgTGlsbGUiXSwiZGF0ZU9mQmlydGgiOiIxOTkzLTA0LTA4IiwiZmFtaWx5TmFtZSI6IkRPRSIsImZpcnN0TmFtZSI6IkphbmUiLCJnZW5kZXIiOiJGRU1BTEUiLCJuYW1lQW5kRmFtaWx5TmFtZUF0QmlydGgiOiJKYW5lIERPRSIsInBlcnNvbmFsSWRlbnRpZmllciI6IjA5MDQwMDgwODRIIiwicGxhY2VPZkJpcnRoIjoiTElMTEUsIEZSQU5DRSJ9LCJldmlkZW5jZSI6W3siZG9jdW1lbnRQcmVzZW5jZSI6WyJQaHlzaWNhbCJdLCJldmlkZW5jZURvY3VtZW50IjpbIlBhc3Nwb3J0Il0sInN1YmplY3RQcmVzZW5jZSI6IlBoeXNpY2FsIiwidHlwZSI6WyJEb2N1bWVudFZlcmlmaWNhdGlvbiJdLCJ2ZXJpZmllciI6ImRpZDplYnNpOjJBOUJaOVNVZTZCYXRhY1NwdnMxVjVDZGpIdkxwUTdiRXNpMkpiNkxkSEtuUXhhTiJ9XX0sImp0aSI6InVybjp1dWlkOjNhN2E5OGQxLTI3N2UtNGZiZS1hMDI3LTAyMjMzMTQyMDAwMyJ9.eShzIhv5SOMehoFz0fIQsV-821oz-xsCCsx47HjS8cdbHXB6lAXBYUVbChrHyF-DXJF3Ib3T6ySOpekj7_m1Aw
14587 [pool-1-thread-1 @coroutine#890] DEBUG id.walt.services.vc.WaltIdJwtCredentialService - Creating a presentation for VCs:
[PresentableCredential(verifiableCredential=eyJraWQiOiJkaWQ6ZWJzaTp6bW16VWhrQVlleFRldjQ3YkNQOHlHdFNqdHFKY0RXVlo0QkR4V0ZWWnVDY0cjbVVqRlFPQ0xVQWF0dE9fLTU5dFpBMTh2MDUybDVpbC1HMTZKdVBhd1B5ayIsInR5cCI6IkpXVCIsImFsZyI6IkVkRFNBIiwiandrIjp7Imt0eSI6Ik9LUCIsInVzZSI6InNpZyIsImNydiI6IkVkMjU1MTkiLCJraWQiOiJiMDExYWY0MjExMzQ0NzIyYmJhNTQ2MTcxYTNlOTEyYiIsIngiOiI2eEl6S0FMZDF1bkE4elRKMmJydUY0Q0JEUFk1Ry04ZUNxZ1JkZkd2UFh3IiwiYWxnIjoiRWREU0EifX0.eyJzdWIiOiJkaWQ6ZWJzaTp6bW16VWhrQVlleFRldjQ3YkNQOHlHdFNqdHFKY0RXVlo0QkR4V0ZWWnVDY0ciLCJuYmYiOjE3MjYxMzM5ODksImlzcyI6ImRpZDplYnNpOnptbXpVaGtBWWV4VGV2NDdiQ1A4eUd0U2p0cUpjRFdWWjRCRHhXRlZadUNjRyIsImlhdCI6MTcyNjEzMzk4OSwidmMiOnsidHlwZSI6WyJWZXJpZmlhYmxlQ3JlZGVudGlhbCIsIlZlcmlmaWFibGVBdHRlc3RhdGlvbiIsIlZlcmlmaWFibGVJZCJdLCJAY29udGV4dCI6WyJodHRwczovL3d3dy53My5vcmcvMjAxOC9jcmVkZW50aWFscy92MSJdLCJpZCI6InVybjp1dWlkOjNhN2E5OGQxLTI3N2UtNGZiZS1hMDI3LTAyMjMzMTQyMDAwMyIsImlzc3VlciI6ImRpZDplYnNpOnptbXpVaGtBWWV4VGV2NDdiQ1A4eUd0U2p0cUpjRFdWWjRCRHhXRlZadUNjRyIsImlzc3VhbmNlRGF0ZSI6IjIwMjQtMDktMTJUMDk6Mzk6NDlaIiwiaXNzdWVkIjoiMjAyNC0wOS0xMlQwOTozOTo0OVoiLCJ2YWxpZEZyb20iOiIyMDI0LTA5LTEyVDA5OjM5OjQ5WiIsImNyZWRlbnRpYWxTY2hlbWEiOnsiaWQiOiJodHRwczovL3Jhdy5naXRodWJ1c2VyY29udGVudC5jb20vd2FsdC1pZC93YWx0aWQtc3Npa2l0LXZjbGliL21hc3Rlci9zcmMvdGVzdC9yZXNvdXJjZXMvc2NoZW1hcy9WZXJpZmlhYmxlSWQuanNvbiIsInR5cGUiOiJGdWxsSnNvblNjaGVtYVZhbGlkYXRvcjIwMjEifSwiY3JlZGVudGlhbFN1YmplY3QiOnsiaWQiOiJkaWQ6ZWJzaTp6bW16VWhrQVlleFRldjQ3YkNQOHlHdFNqdHFKY0RXVlo0QkR4V0ZWWnVDY0ciLCJjdXJyZW50QWRkcmVzcyI6WyIxIEJvdWxldmFyZCBkZSBsYSBMaWJlcnTDqSwgNTk4MDAgTGlsbGUiXSwiZGF0ZU9mQmlydGgiOiIxOTkzLTA0LTA4IiwiZmFtaWx5TmFtZSI6IkRPRSIsImZpcnN0TmFtZSI6IkphbmUiLCJnZW5kZXIiOiJGRU1BTEUiLCJuYW1lQW5kRmFtaWx5TmFtZUF0QmlydGgiOiJKYW5lIERPRSIsInBlcnNvbmFsSWRlbnRpZmllciI6IjA5MDQwMDgwODRIIiwicGxhY2VPZkJpcnRoIjoiTElMTEUsIEZSQU5DRSJ9LCJldmlkZW5jZSI6W3siZG9jdW1lbnRQcmVzZW5jZSI6WyJQaHlzaWNhbCJdLCJldmlkZW5jZURvY3VtZW50IjpbIlBhc3Nwb3J0Il0sInN1YmplY3RQcmVzZW5jZSI6IlBoeXNpY2FsIiwidHlwZSI6WyJEb2N1bWVudFZlcmlmaWNhdGlvbiJdLCJ2ZXJpZmllciI6ImRpZDplYnNpOjJBOUJaOVNVZTZCYXRhY1NwdnMxVjVDZGpIdkxwUTdiRXNpMkpiNkxkSEtuUXhhTiJ9XX0sImp0aSI6InVybjp1dWlkOjNhN2E5OGQxLTI3N2UtNGZiZS1hMDI3LTAyMjMzMTQyMDAwMyJ9.eShzIhv5SOMehoFz0fIQsV-821oz-xsCCsx47HjS8cdbHXB6lAXBYUVbChrHyF-DXJF3Ib3T6ySOpekj7_m1Aw, selectiveDisclosure=null, discloseAll=false)]
14587 [pool-1-thread-1 @coroutine#890] DEBUG id.walt.model.DidUrl - Trying to create DidUrl from URL: "did:ebsi:zmmzUhkAYexTev47bCP8yGtSjtqJcDWVZ4BDxWFVZuCcG"...
14587 [pool-1-thread-1 @coroutine#890] DEBUG id.walt.services.vc.WaltIdJwtCredentialService - Signing JWT object with config: ProofConfig(issuerDid=did:ebsi:zmmzUhkAYexTev47bCP8yGtSjtqJcDWVZ4BDxWFVZuCcG, subjectDid=did:ebsi:zmmzUhkAYexTev47bCP8yGtSjtqJcDWVZ4BDxWFVZuCcG, verifierDid=null, issuerVerificationMethod=did:ebsi:zmmzUhkAYexTev47bCP8yGtSjtqJcDWVZ4BDxWFVZuCcG#mUjFQOCLUAattO_-59tZA18v052l5il-G16JuPawPyk, proofType=JWT, domain=null, nonce=null, proofPurpose=null, credentialId=urn:uuid:a71d20f9-bd10-4109-ae52-1b45b0b6ad6d, issueDate=null, validDate=null, expirationDate=null, dataProviderIdentifier=null, ldSignatureType=null, creator=did:ebsi:zmmzUhkAYexTev47bCP8yGtSjtqJcDWVZ4BDxWFVZuCcG, ecosystem=DEFAULT, statusType=null, statusPurpose=revocation, credentialsEndpoint=null, selectiveDisclosure=null)
14587 [pool-1-thread-1 @coroutine#890] DEBUG id.walt.services.vc.WaltIdJwtCredentialService - Signing: {"sub":"did:ebsi:zmmzUhkAYexTev47bCP8yGtSjtqJcDWVZ4BDxWFVZuCcG","nbf":1726133989,"iss":"did:ebsi:zmmzUhkAYexTev47bCP8yGtSjtqJcDWVZ4BDxWFVZuCcG","vp":{"type":["VerifiablePresentation"],"@context":["https://www.w3.org/2018/credentials/v1"],"id":"urn:uuid:a71d20f9-bd10-4109-ae52-1b45b0b6ad6d","holder":"did:ebsi:zmmzUhkAYexTev47bCP8yGtSjtqJcDWVZ4BDxWFVZuCcG","verifiableCredential":["eyJraWQiOiJkaWQ6ZWJzaTp6bW16VWhrQVlleFRldjQ3YkNQOHlHdFNqdHFKY0RXVlo0QkR4V0ZWWnVDY0cjbVVqRlFPQ0xVQWF0dE9fLTU5dFpBMTh2MDUybDVpbC1HMTZKdVBhd1B5ayIsInR5cCI6IkpXVCIsImFsZyI6IkVkRFNBIiwiandrIjp7Imt0eSI6Ik9LUCIsInVzZSI6InNpZyIsImNydiI6IkVkMjU1MTkiLCJraWQiOiJiMDExYWY0MjExMzQ0NzIyYmJhNTQ2MTcxYTNlOTEyYiIsIngiOiI2eEl6S0FMZDF1bkE4elRKMmJydUY0Q0JEUFk1Ry04ZUNxZ1JkZkd2UFh3IiwiYWxnIjoiRWREU0EifX0.eyJzdWIiOiJkaWQ6ZWJzaTp6bW16VWhrQVlleFRldjQ3YkNQOHlHdFNqdHFKY0RXVlo0QkR4V0ZWWnVDY0ciLCJuYmYiOjE3MjYxMzM5ODksImlzcyI6ImRpZDplYnNpOnptbXpVaGtBWWV4VGV2NDdiQ1A4eUd0U2p0cUpjRFdWWjRCRHhXRlZadUNjRyIsImlhdCI6MTcyNjEzMzk4OSwidmMiOnsidHlwZSI6WyJWZXJpZmlhYmxlQ3JlZGVudGlhbCIsIlZlcmlmaWFibGVBdHRlc3RhdGlvbiIsIlZlcmlmaWFibGVJZCJdLCJAY29udGV4dCI6WyJodHRwczovL3d3dy53My5vcmcvMjAxOC9jcmVkZW50aWFscy92MSJdLCJpZCI6InVybjp1dWlkOjNhN2E5OGQxLTI3N2UtNGZiZS1hMDI3LTAyMjMzMTQyMDAwMyIsImlzc3VlciI6ImRpZDplYnNpOnptbXpVaGtBWWV4VGV2NDdiQ1A4eUd0U2p0cUpjRFdWWjRCRHhXRlZadUNjRyIsImlzc3VhbmNlRGF0ZSI6IjIwMjQtMDktMTJUMDk6Mzk6NDlaIiwiaXNzdWVkIjoiMjAyNC0wOS0xMlQwOTozOTo0OVoiLCJ2YWxpZEZyb20iOiIyMDI0LTA5LTEyVDA5OjM5OjQ5WiIsImNyZWRlbnRpYWxTY2hlbWEiOnsiaWQiOiJodHRwczovL3Jhdy5naXRodWJ1c2VyY29udGVudC5jb20vd2FsdC1pZC93YWx0aWQtc3Npa2l0LXZjbGliL21hc3Rlci9zcmMvdGVzdC9yZXNvdXJjZXMvc2NoZW1hcy9WZXJpZmlhYmxlSWQuanNvbiIsInR5cGUiOiJGdWxsSnNvblNjaGVtYVZhbGlkYXRvcjIwMjEifSwiY3JlZGVudGlhbFN1YmplY3QiOnsiaWQiOiJkaWQ6ZWJzaTp6bW16VWhrQVlleFRldjQ3YkNQOHlHdFNqdHFKY0RXVlo0QkR4V0ZWWnVDY0ciLCJjdXJyZW50QWRkcmVzcyI6WyIxIEJvdWxldmFyZCBkZSBsYSBMaWJlcnTDqSwgNTk4MDAgTGlsbGUiXSwiZGF0ZU9mQmlydGgiOiIxOTkzLTA0LTA4IiwiZmFtaWx5TmFtZSI6IkRPRSIsImZpcnN0TmFtZSI6IkphbmUiLCJnZW5kZXIiOiJGRU1BTEUiLCJuYW1lQW5kRmFtaWx5TmFtZUF0QmlydGgiOiJKYW5lIERPRSIsInBlcnNvbmFsSWRlbnRpZmllciI6IjA5MDQwMDgwODRIIiwicGxhY2VPZkJpcnRoIjoiTElMTEUsIEZSQU5DRSJ9LCJldmlkZW5jZSI6W3siZG9jdW1lbnRQcmVzZW5jZSI6WyJQaHlzaWNhbCJdLCJldmlkZW5jZURvY3VtZW50IjpbIlBhc3Nwb3J0Il0sInN1YmplY3RQcmVzZW5jZSI6IlBoeXNpY2FsIiwidHlwZSI6WyJEb2N1bWVudFZlcmlmaWNhdGlvbiJdLCJ2ZXJpZmllciI6ImRpZDplYnNpOjJBOUJaOVNVZTZCYXRhY1NwdnMxVjVDZGpIdkxwUTdiRXNpMkpiNkxkSEtuUXhhTiJ9XX0sImp0aSI6InVybjp1dWlkOjNhN2E5OGQxLTI3N2UtNGZiZS1hMDI3LTAyMjMzMTQyMDAwMyJ9.eShzIhv5SOMehoFz0fIQsV-821oz-xsCCsx47HjS8cdbHXB6lAXBYUVbChrHyF-DXJF3Ib3T6ySOpekj7_m1Aw"]},"iat":1726133989,"jti":"urn:uuid:a71d20f9-bd10-4109-ae52-1b45b0b6ad6d"}
14587 [pool-1-thread-1 @coroutine#890] DEBUG id.walt.services.keystore.HKVKeyStoreService - Loading key "did:ebsi:zmmzUhkAYexTev47bCP8yGtSjtqJcDWVZ4BDxWFVZuCcG#mUjFQOCLUAattO_-59tZA18v052l5il-G16JuPawPyk".
14587 [pool-1-thread-1 @coroutine#890] DEBUG id.walt.services.jwt.WaltIdJwtService - Signing JWT with algorithm: EdDSA_Ed25519
14587 [pool-1-thread-1 @coroutine#890] DEBUG id.walt.model.DidUrl - Trying to create DidUrl from URL: "did:ebsi:zmmzUhkAYexTev47bCP8yGtSjtqJcDWVZ4BDxWFVZuCcG#mUjFQOCLUAattO_-59tZA18v052l5il-G16JuPawPyk"...
14587 [pool-1-thread-1 @coroutine#890] DEBUG id.walt.services.keystore.HKVKeyStoreService - Loading key "did:ebsi:zmmzUhkAYexTev47bCP8yGtSjtqJcDWVZ4BDxWFVZuCcG#mUjFQOCLUAattO_-59tZA18v052l5il-G16JuPawPyk".
14587 [pool-1-thread-1 @coroutine#890] DEBUG id.walt.services.keystore.HKVKeyStoreService - Loading key "b011af4211344722bba546171a3e912b".
14588 [pool-1-thread-1 @coroutine#890] DEBUG id.walt.services.jwt.WaltIdJwtService - Signed JWT:  eyJraWQiOiJkaWQ6ZWJzaTp6bW16VWhrQVlleFRldjQ3YkNQOHlHdFNqdHFKY0RXVlo0QkR4V0ZWWnVDY0cjbVVqRlFPQ0xVQWF0dE9fLTU5dFpBMTh2MDUybDVpbC1HMTZKdVBhd1B5ayIsInR5cCI6IkpXVCIsImFsZyI6IkVkRFNBIiwiandrIjp7Imt0eSI6Ik9LUCIsInVzZSI6InNpZyIsImNydiI6IkVkMjU1MTkiLCJraWQiOiJiMDExYWY0MjExMzQ0NzIyYmJhNTQ2MTcxYTNlOTEyYiIsIngiOiI2eEl6S0FMZDF1bkE4elRKMmJydUY0Q0JEUFk1Ry04ZUNxZ1JkZkd2UFh3IiwiYWxnIjoiRWREU0EifX0.eyJzdWIiOiJkaWQ6ZWJzaTp6bW16VWhrQVlleFRldjQ3YkNQOHlHdFNqdHFKY0RXVlo0QkR4V0ZWWnVDY0ciLCJuYmYiOjE3MjYxMzM5ODksImlzcyI6ImRpZDplYnNpOnptbXpVaGtBWWV4VGV2NDdiQ1A4eUd0U2p0cUpjRFdWWjRCRHhXRlZadUNjRyIsInZwIjp7InR5cGUiOlsiVmVyaWZpYWJsZVByZXNlbnRhdGlvbiJdLCJAY29udGV4dCI6WyJodHRwczovL3d3dy53My5vcmcvMjAxOC9jcmVkZW50aWFscy92MSJdLCJpZCI6InVybjp1dWlkOmE3MWQyMGY5LWJkMTAtNDEwOS1hZTUyLTFiNDViMGI2YWQ2ZCIsImhvbGRlciI6ImRpZDplYnNpOnptbXpVaGtBWWV4VGV2NDdiQ1A4eUd0U2p0cUpjRFdWWjRCRHhXRlZadUNjRyIsInZlcmlmaWFibGVDcmVkZW50aWFsIjpbImV5SnJhV1FpT2lKa2FXUTZaV0p6YVRwNmJXMTZWV2hyUVZsbGVGUmxkalEzWWtOUU9IbEhkRk5xZEhGS1kwUlhWbG8wUWtSNFYwWldXblZEWTBjamJWVnFSbEZQUTB4VlFXRjBkRTlmTFRVNWRGcEJNVGgyTURVeWJEVnBiQzFITVRaS2RWQmhkMUI1YXlJc0luUjVjQ0k2SWtwWFZDSXNJbUZzWnlJNklrVmtSRk5CSWl3aWFuZHJJanA3SW10MGVTSTZJazlMVUNJc0luVnpaU0k2SW5OcFp5SXNJbU55ZGlJNklrVmtNalUxTVRraUxDSnJhV1FpT2lKaU1ERXhZV1kwTWpFeE16UTBOekl5WW1KaE5UUTJNVGN4WVRObE9URXlZaUlzSW5naU9pSTJlRWw2UzBGTVpERjFia0U0ZWxSS01tSnlkVVkwUTBKRVVGazFSeTA0WlVOeFoxSmtaa2QyVUZoM0lpd2lZV3huSWpvaVJXUkVVMEVpZlgwLmV5SnpkV0lpT2lKa2FXUTZaV0p6YVRwNmJXMTZWV2hyUVZsbGVGUmxkalEzWWtOUU9IbEhkRk5xZEhGS1kwUlhWbG8wUWtSNFYwWldXblZEWTBjaUxDSnVZbVlpT2pFM01qWXhNek01T0Rrc0ltbHpjeUk2SW1ScFpEcGxZbk5wT25wdGJYcFZhR3RCV1dWNFZHVjJORGRpUTFBNGVVZDBVMnAwY1VwalJGZFdXalJDUkhoWFJsWmFkVU5qUnlJc0ltbGhkQ0k2TVRjeU5qRXpNems0T1N3aWRtTWlPbnNpZEhsd1pTSTZXeUpXWlhKcFptbGhZbXhsUTNKbFpHVnVkR2xoYkNJc0lsWmxjbWxtYVdGaWJHVkJkSFJsYzNSaGRHbHZiaUlzSWxabGNtbG1hV0ZpYkdWSlpDSmRMQ0pBWTI5dWRHVjRkQ0k2V3lKb2RIUndjem92TDNkM2R5NTNNeTV2Y21jdk1qQXhPQzlqY21Wa1pXNTBhV0ZzY3k5Mk1TSmRMQ0pwWkNJNkluVnlianAxZFdsa09qTmhOMkU1T0dReExUSTNOMlV0TkdaaVpTMWhNREkzTFRBeU1qTXpNVFF5TURBd015SXNJbWx6YzNWbGNpSTZJbVJwWkRwbFluTnBPbnB0YlhwVmFHdEJXV1Y0VkdWMk5EZGlRMUE0ZVVkMFUycDBjVXBqUkZkV1dqUkNSSGhYUmxaYWRVTmpSeUlzSW1semMzVmhibU5sUkdGMFpTSTZJakl3TWpRdE1Ea3RNVEpVTURrNk16azZORGxhSWl3aWFYTnpkV1ZrSWpvaU1qQXlOQzB3T1MweE1sUXdPVG96T1RvME9Wb2lMQ0oyWVd4cFpFWnliMjBpT2lJeU1ESTBMVEE1TFRFeVZEQTVPak01T2pRNVdpSXNJbU55WldSbGJuUnBZV3hUWTJobGJXRWlPbnNpYVdRaU9pSm9kSFJ3Y3pvdkwzSmhkeTVuYVhSb2RXSjFjMlZ5WTI5dWRHVnVkQzVqYjIwdmQyRnNkQzFwWkM5M1lXeDBhV1F0YzNOcGEybDBMWFpqYkdsaUwyMWhjM1JsY2k5emNtTXZkR1Z6ZEM5eVpYTnZkWEpqWlhNdmMyTm9aVzFoY3k5V1pYSnBabWxoWW14bFNXUXVhbk52YmlJc0luUjVjR1VpT2lKR2RXeHNTbk52YmxOamFHVnRZVlpoYkdsa1lYUnZjakl3TWpFaWZTd2lZM0psWkdWdWRHbGhiRk4xWW1wbFkzUWlPbnNpYVdRaU9pSmthV1E2WldKemFUcDZiVzE2VldoclFWbGxlRlJsZGpRM1lrTlFPSGxIZEZOcWRIRktZMFJYVmxvMFFrUjRWMFpXV25WRFkwY2lMQ0pqZFhKeVpXNTBRV1JrY21WemN5STZXeUl4SUVKdmRXeGxkbUZ5WkNCa1pTQnNZU0JNYVdKbGNuVERxU3dnTlRrNE1EQWdUR2xzYkdVaVhTd2laR0YwWlU5bVFtbHlkR2dpT2lJeE9Ua3pMVEEwTFRBNElpd2labUZ0YVd4NVRtRnRaU0k2SWtSUFJTSXNJbVpwY25OMFRtRnRaU0k2SWtwaGJtVWlMQ0puWlc1a1pYSWlPaUpHUlUxQlRFVWlMQ0p1WVcxbFFXNWtSbUZ0YVd4NVRtRnRaVUYwUW1seWRHZ2lPaUpLWVc1bElFUlBSU0lzSW5CbGNuTnZibUZzU1dSbGJuUnBabWxsY2lJNklqQTVNRFF3TURnd09EUklJaXdpY0d4aFkyVlBaa0pwY25Sb0lqb2lURWxNVEVVc0lFWlNRVTVEUlNKOUxDSmxkbWxrWlc1alpTSTZXM3NpWkc5amRXMWxiblJRY21WelpXNWpaU0k2V3lKUWFIbHphV05oYkNKZExDSmxkbWxrWlc1alpVUnZZM1Z0Wlc1MElqcGJJbEJoYzNOd2IzSjBJbDBzSW5OMVltcGxZM1JRY21WelpXNWpaU0k2SWxCb2VYTnBZMkZzSWl3aWRIbHdaU0k2V3lKRWIyTjFiV1Z1ZEZabGNtbG1hV05oZEdsdmJpSmRMQ0oyWlhKcFptbGxjaUk2SW1ScFpEcGxZbk5wT2pKQk9VSmFPVk5WWlRaQ1lYUmhZMU53ZG5NeFZqVkRaR3BJZGt4d1VUZGlSWE5wTWtwaU5reGtTRXR1VVhoaFRpSjlYWDBzSW1wMGFTSTZJblZ5YmpwMWRXbGtPak5oTjJFNU9HUXhMVEkzTjJVdE5HWmlaUzFoTURJM0xUQXlNak16TVRReU1EQXdNeUo5LmVTaHpJaHY1U09NZWhvRnowZklRc1YtODIxb3oteHNDQ3N4NDdIalM4Y2RiSFhCNmxBWEJZVVZiQ2hySHlGLURYSkYzSWIzVDZ5U09wZWtqN19tMUF3Il19LCJpYXQiOjE3MjYxMzM5ODksImp0aSI6InVybjp1dWlkOmE3MWQyMGY5LWJkMTAtNDEwOS1hZTUyLTFiNDViMGI2YWQ2ZCJ9.00azlziZzgVbc-IpNJ8AAokLhLd1RDdLGOsX3fRVpn7N9ejNOOoaf5Nb93ikRkGohCLHD-RkR5-zNlLFrPylAA
14588 [pool-1-thread-1 @coroutine#890] DEBUG id.walt.services.vc.WaltIdJwtCredentialService - VP created:eyJraWQiOiJkaWQ6ZWJzaTp6bW16VWhrQVlleFRldjQ3YkNQOHlHdFNqdHFKY0RXVlo0QkR4V0ZWWnVDY0cjbVVqRlFPQ0xVQWF0dE9fLTU5dFpBMTh2MDUybDVpbC1HMTZKdVBhd1B5ayIsInR5cCI6IkpXVCIsImFsZyI6IkVkRFNBIiwiandrIjp7Imt0eSI6Ik9LUCIsInVzZSI6InNpZyIsImNydiI6IkVkMjU1MTkiLCJraWQiOiJiMDExYWY0MjExMzQ0NzIyYmJhNTQ2MTcxYTNlOTEyYiIsIngiOiI2eEl6S0FMZDF1bkE4elRKMmJydUY0Q0JEUFk1Ry04ZUNxZ1JkZkd2UFh3IiwiYWxnIjoiRWREU0EifX0.eyJzdWIiOiJkaWQ6ZWJzaTp6bW16VWhrQVlleFRldjQ3YkNQOHlHdFNqdHFKY0RXVlo0QkR4V0ZWWnVDY0ciLCJuYmYiOjE3MjYxMzM5ODksImlzcyI6ImRpZDplYnNpOnptbXpVaGtBWWV4VGV2NDdiQ1A4eUd0U2p0cUpjRFdWWjRCRHhXRlZadUNjRyIsInZwIjp7InR5cGUiOlsiVmVyaWZpYWJsZVByZXNlbnRhdGlvbiJdLCJAY29udGV4dCI6WyJodHRwczovL3d3dy53My5vcmcvMjAxOC9jcmVkZW50aWFscy92MSJdLCJpZCI6InVybjp1dWlkOmE3MWQyMGY5LWJkMTAtNDEwOS1hZTUyLTFiNDViMGI2YWQ2ZCIsImhvbGRlciI6ImRpZDplYnNpOnptbXpVaGtBWWV4VGV2NDdiQ1A4eUd0U2p0cUpjRFdWWjRCRHhXRlZadUNjRyIsInZlcmlmaWFibGVDcmVkZW50aWFsIjpbImV5SnJhV1FpT2lKa2FXUTZaV0p6YVRwNmJXMTZWV2hyUVZsbGVGUmxkalEzWWtOUU9IbEhkRk5xZEhGS1kwUlhWbG8wUWtSNFYwWldXblZEWTBjamJWVnFSbEZQUTB4VlFXRjBkRTlmTFRVNWRGcEJNVGgyTURVeWJEVnBiQzFITVRaS2RWQmhkMUI1YXlJc0luUjVjQ0k2SWtwWFZDSXNJbUZzWnlJNklrVmtSRk5CSWl3aWFuZHJJanA3SW10MGVTSTZJazlMVUNJc0luVnpaU0k2SW5OcFp5SXNJbU55ZGlJNklrVmtNalUxTVRraUxDSnJhV1FpT2lKaU1ERXhZV1kwTWpFeE16UTBOekl5WW1KaE5UUTJNVGN4WVRObE9URXlZaUlzSW5naU9pSTJlRWw2UzBGTVpERjFia0U0ZWxSS01tSnlkVVkwUTBKRVVGazFSeTA0WlVOeFoxSmtaa2QyVUZoM0lpd2lZV3huSWpvaVJXUkVVMEVpZlgwLmV5SnpkV0lpT2lKa2FXUTZaV0p6YVRwNmJXMTZWV2hyUVZsbGVGUmxkalEzWWtOUU9IbEhkRk5xZEhGS1kwUlhWbG8wUWtSNFYwWldXblZEWTBjaUxDSnVZbVlpT2pFM01qWXhNek01T0Rrc0ltbHpjeUk2SW1ScFpEcGxZbk5wT25wdGJYcFZhR3RCV1dWNFZHVjJORGRpUTFBNGVVZDBVMnAwY1VwalJGZFdXalJDUkhoWFJsWmFkVU5qUnlJc0ltbGhkQ0k2TVRjeU5qRXpNems0T1N3aWRtTWlPbnNpZEhsd1pTSTZXeUpXWlhKcFptbGhZbXhsUTNKbFpHVnVkR2xoYkNJc0lsWmxjbWxtYVdGaWJHVkJkSFJsYzNSaGRHbHZiaUlzSWxabGNtbG1hV0ZpYkdWSlpDSmRMQ0pBWTI5dWRHVjRkQ0k2V3lKb2RIUndjem92TDNkM2R5NTNNeTV2Y21jdk1qQXhPQzlqY21Wa1pXNTBhV0ZzY3k5Mk1TSmRMQ0pwWkNJNkluVnlianAxZFdsa09qTmhOMkU1T0dReExUSTNOMlV0TkdaaVpTMWhNREkzTFRBeU1qTXpNVFF5TURBd015SXNJbWx6YzNWbGNpSTZJbVJwWkRwbFluTnBPbnB0YlhwVmFHdEJXV1Y0VkdWMk5EZGlRMUE0ZVVkMFUycDBjVXBqUkZkV1dqUkNSSGhYUmxaYWRVTmpSeUlzSW1semMzVmhibU5sUkdGMFpTSTZJakl3TWpRdE1Ea3RNVEpVTURrNk16azZORGxhSWl3aWFYTnpkV1ZrSWpvaU1qQXlOQzB3T1MweE1sUXdPVG96T1RvME9Wb2lMQ0oyWVd4cFpFWnliMjBpT2lJeU1ESTBMVEE1TFRFeVZEQTVPak01T2pRNVdpSXNJbU55WldSbGJuUnBZV3hUWTJobGJXRWlPbnNpYVdRaU9pSm9kSFJ3Y3pvdkwzSmhkeTVuYVhSb2RXSjFjMlZ5WTI5dWRHVnVkQzVqYjIwdmQyRnNkQzFwWkM5M1lXeDBhV1F0YzNOcGEybDBMWFpqYkdsaUwyMWhjM1JsY2k5emNtTXZkR1Z6ZEM5eVpYTnZkWEpqWlhNdmMyTm9aVzFoY3k5V1pYSnBabWxoWW14bFNXUXVhbk52YmlJc0luUjVjR1VpT2lKR2RXeHNTbk52YmxOamFHVnRZVlpoYkdsa1lYUnZjakl3TWpFaWZTd2lZM0psWkdWdWRHbGhiRk4xWW1wbFkzUWlPbnNpYVdRaU9pSmthV1E2WldKemFUcDZiVzE2VldoclFWbGxlRlJsZGpRM1lrTlFPSGxIZEZOcWRIRktZMFJYVmxvMFFrUjRWMFpXV25WRFkwY2lMQ0pqZFhKeVpXNTBRV1JrY21WemN5STZXeUl4SUVKdmRXeGxkbUZ5WkNCa1pTQnNZU0JNYVdKbGNuVERxU3dnTlRrNE1EQWdUR2xzYkdVaVhTd2laR0YwWlU5bVFtbHlkR2dpT2lJeE9Ua3pMVEEwTFRBNElpd2labUZ0YVd4NVRtRnRaU0k2SWtSUFJTSXNJbVpwY25OMFRtRnRaU0k2SWtwaGJtVWlMQ0puWlc1a1pYSWlPaUpHUlUxQlRFVWlMQ0p1WVcxbFFXNWtSbUZ0YVd4NVRtRnRaVUYwUW1seWRHZ2lPaUpLWVc1bElFUlBSU0lzSW5CbGNuTnZibUZzU1dSbGJuUnBabWxsY2lJNklqQTVNRFF3TURnd09EUklJaXdpY0d4aFkyVlBaa0pwY25Sb0lqb2lURWxNVEVVc0lFWlNRVTVEUlNKOUxDSmxkbWxrWlc1alpTSTZXM3NpWkc5amRXMWxiblJRY21WelpXNWpaU0k2V3lKUWFIbHphV05oYkNKZExDSmxkbWxrWlc1alpVUnZZM1Z0Wlc1MElqcGJJbEJoYzNOd2IzSjBJbDBzSW5OMVltcGxZM1JRY21WelpXNWpaU0k2SWxCb2VYTnBZMkZzSWl3aWRIbHdaU0k2V3lKRWIyTjFiV1Z1ZEZabGNtbG1hV05oZEdsdmJpSmRMQ0oyWlhKcFptbGxjaUk2SW1ScFpEcGxZbk5wT2pKQk9VSmFPVk5WWlRaQ1lYUmhZMU53ZG5NeFZqVkRaR3BJZGt4d1VUZGlSWE5wTWtwaU5reGtTRXR1VVhoaFRpSjlYWDBzSW1wMGFTSTZJblZ5YmpwMWRXbGtPak5oTjJFNU9HUXhMVEkzTjJVdE5HWmlaUzFoTURJM0xUQXlNak16TVRReU1EQXdNeUo5LmVTaHpJaHY1U09NZWhvRnowZklRc1YtODIxb3oteHNDQ3N4NDdIalM4Y2RiSFhCNmxBWEJZVVZiQ2hySHlGLURYSkYzSWIzVDZ5U09wZWtqN19tMUF3Il19LCJpYXQiOjE3MjYxMzM5ODksImp0aSI6InVybjp1dWlkOmE3MWQyMGY5LWJkMTAtNDEwOS1hZTUyLTFiNDViMGI2YWQ2ZCJ9.00azlziZzgVbc-IpNJ8AAokLhLd1RDdLGOsX3fRVpn7N9ejNOOoaf5Nb93ikRkGohCLHD-RkR5-zNlLFrPylAA
14588 [pool-1-thread-1 @coroutine#890] DEBUG id.walt.auditor.Auditor - Verifying vc with SignaturePolicy ...
14588 [pool-1-thread-1 @coroutine#890] DEBUG id.walt.auditor.policies.SignaturePolicy - is jwt: true
14588 [pool-1-thread-1 @coroutine#890] DEBUG id.walt.services.vc.WaltIdJwtCredentialService - Verifying vc: eyJraWQiOiJkaWQ6ZWJzaTp6bW16VWhrQVlleFRldjQ3YkNQOHlHdFNqdHFKY0RXVlo0QkR4V0ZWWnVDY0cjbVVqRlFPQ0xVQWF0dE9fLTU5dFpBMTh2MDUybDVpbC1HMTZKdVBhd1B5ayIsInR5cCI6IkpXVCIsImFsZyI6IkVkRFNBIiwiandrIjp7Imt0eSI6Ik9LUCIsInVzZSI6InNpZyIsImNydiI6IkVkMjU1MTkiLCJraWQiOiJiMDExYWY0MjExMzQ0NzIyYmJhNTQ2MTcxYTNlOTEyYiIsIngiOiI2eEl6S0FMZDF1bkE4elRKMmJydUY0Q0JEUFk1Ry04ZUNxZ1JkZkd2UFh3IiwiYWxnIjoiRWREU0EifX0.eyJzdWIiOiJkaWQ6ZWJzaTp6bW16VWhrQVlleFRldjQ3YkNQOHlHdFNqdHFKY0RXVlo0QkR4V0ZWWnVDY0ciLCJuYmYiOjE3MjYxMzM5ODksImlzcyI6ImRpZDplYnNpOnptbXpVaGtBWWV4VGV2NDdiQ1A4eUd0U2p0cUpjRFdWWjRCRHhXRlZadUNjRyIsInZwIjp7InR5cGUiOlsiVmVyaWZpYWJsZVByZXNlbnRhdGlvbiJdLCJAY29udGV4dCI6WyJodHRwczovL3d3dy53My5vcmcvMjAxOC9jcmVkZW50aWFscy92MSJdLCJpZCI6InVybjp1dWlkOmE3MWQyMGY5LWJkMTAtNDEwOS1hZTUyLTFiNDViMGI2YWQ2ZCIsImhvbGRlciI6ImRpZDplYnNpOnptbXpVaGtBWWV4VGV2NDdiQ1A4eUd0U2p0cUpjRFdWWjRCRHhXRlZadUNjRyIsInZlcmlmaWFibGVDcmVkZW50aWFsIjpbImV5SnJhV1FpT2lKa2FXUTZaV0p6YVRwNmJXMTZWV2hyUVZsbGVGUmxkalEzWWtOUU9IbEhkRk5xZEhGS1kwUlhWbG8wUWtSNFYwWldXblZEWTBjamJWVnFSbEZQUTB4VlFXRjBkRTlmTFRVNWRGcEJNVGgyTURVeWJEVnBiQzFITVRaS2RWQmhkMUI1YXlJc0luUjVjQ0k2SWtwWFZDSXNJbUZzWnlJNklrVmtSRk5CSWl3aWFuZHJJanA3SW10MGVTSTZJazlMVUNJc0luVnpaU0k2SW5OcFp5SXNJbU55ZGlJNklrVmtNalUxTVRraUxDSnJhV1FpT2lKaU1ERXhZV1kwTWpFeE16UTBOekl5WW1KaE5UUTJNVGN4WVRObE9URXlZaUlzSW5naU9pSTJlRWw2UzBGTVpERjFia0U0ZWxSS01tSnlkVVkwUTBKRVVGazFSeTA0WlVOeFoxSmtaa2QyVUZoM0lpd2lZV3huSWpvaVJXUkVVMEVpZlgwLmV5SnpkV0lpT2lKa2FXUTZaV0p6YVRwNmJXMTZWV2hyUVZsbGVGUmxkalEzWWtOUU9IbEhkRk5xZEhGS1kwUlhWbG8wUWtSNFYwWldXblZEWTBjaUxDSnVZbVlpT2pFM01qWXhNek01T0Rrc0ltbHpjeUk2SW1ScFpEcGxZbk5wT25wdGJYcFZhR3RCV1dWNFZHVjJORGRpUTFBNGVVZDBVMnAwY1VwalJGZFdXalJDUkhoWFJsWmFkVU5qUnlJc0ltbGhkQ0k2TVRjeU5qRXpNems0T1N3aWRtTWlPbnNpZEhsd1pTSTZXeUpXWlhKcFptbGhZbXhsUTNKbFpHVnVkR2xoYkNJc0lsWmxjbWxtYVdGaWJHVkJkSFJsYzNSaGRHbHZiaUlzSWxabGNtbG1hV0ZpYkdWSlpDSmRMQ0pBWTI5dWRHVjRkQ0k2V3lKb2RIUndjem92TDNkM2R5NTNNeTV2Y21jdk1qQXhPQzlqY21Wa1pXNTBhV0ZzY3k5Mk1TSmRMQ0pwWkNJNkluVnlianAxZFdsa09qTmhOMkU1T0dReExUSTNOMlV0TkdaaVpTMWhNREkzTFRBeU1qTXpNVFF5TURBd015SXNJbWx6YzNWbGNpSTZJbVJwWkRwbFluTnBPbnB0YlhwVmFHdEJXV1Y0VkdWMk5EZGlRMUE0ZVVkMFUycDBjVXBqUkZkV1dqUkNSSGhYUmxaYWRVTmpSeUlzSW1semMzVmhibU5sUkdGMFpTSTZJakl3TWpRdE1Ea3RNVEpVTURrNk16azZORGxhSWl3aWFYTnpkV1ZrSWpvaU1qQXlOQzB3T1MweE1sUXdPVG96T1RvME9Wb2lMQ0oyWVd4cFpFWnliMjBpT2lJeU1ESTBMVEE1TFRFeVZEQTVPak01T2pRNVdpSXNJbU55WldSbGJuUnBZV3hUWTJobGJXRWlPbnNpYVdRaU9pSm9kSFJ3Y3pvdkwzSmhkeTVuYVhSb2RXSjFjMlZ5WTI5dWRHVnVkQzVqYjIwdmQyRnNkQzFwWkM5M1lXeDBhV1F0YzNOcGEybDBMWFpqYkdsaUwyMWhjM1JsY2k5emNtTXZkR1Z6ZEM5eVpYTnZkWEpqWlhNdmMyTm9aVzFoY3k5V1pYSnBabWxoWW14bFNXUXVhbk52YmlJc0luUjVjR1VpT2lKR2RXeHNTbk52YmxOamFHVnRZVlpoYkdsa1lYUnZjakl3TWpFaWZTd2lZM0psWkdWdWRHbGhiRk4xWW1wbFkzUWlPbnNpYVdRaU9pSmthV1E2WldKemFUcDZiVzE2VldoclFWbGxlRlJsZGpRM1lrTlFPSGxIZEZOcWRIRktZMFJYVmxvMFFrUjRWMFpXV25WRFkwY2lMQ0pqZFhKeVpXNTBRV1JrY21WemN5STZXeUl4SUVKdmRXeGxkbUZ5WkNCa1pTQnNZU0JNYVdKbGNuVERxU3dnTlRrNE1EQWdUR2xzYkdVaVhTd2laR0YwWlU5bVFtbHlkR2dpT2lJeE9Ua3pMVEEwTFRBNElpd2labUZ0YVd4NVRtRnRaU0k2SWtSUFJTSXNJbVpwY25OMFRtRnRaU0k2SWtwaGJtVWlMQ0puWlc1a1pYSWlPaUpHUlUxQlRFVWlMQ0p1WVcxbFFXNWtSbUZ0YVd4NVRtRnRaVUYwUW1seWRHZ2lPaUpLWVc1bElFUlBSU0lzSW5CbGNuTnZibUZzU1dSbGJuUnBabWxsY2lJNklqQTVNRFF3TURnd09EUklJaXdpY0d4aFkyVlBaa0pwY25Sb0lqb2lURWxNVEVVc0lFWlNRVTVEUlNKOUxDSmxkbWxrWlc1alpTSTZXM3NpWkc5amRXMWxiblJRY21WelpXNWpaU0k2V3lKUWFIbHphV05oYkNKZExDSmxkbWxrWlc1alpVUnZZM1Z0Wlc1MElqcGJJbEJoYzNOd2IzSjBJbDBzSW5OMVltcGxZM1JRY21WelpXNWpaU0k2SWxCb2VYTnBZMkZzSWl3aWRIbHdaU0k2V3lKRWIyTjFiV1Z1ZEZabGNtbG1hV05oZEdsdmJpSmRMQ0oyWlhKcFptbGxjaUk2SW1ScFpEcGxZbk5wT2pKQk9VSmFPVk5WWlRaQ1lYUmhZMU53ZG5NeFZqVkRaR3BJZGt4d1VUZGlSWE5wTWtwaU5reGtTRXR1VVhoaFRpSjlYWDBzSW1wMGFTSTZJblZ5YmpwMWRXbGtPak5oTjJFNU9HUXhMVEkzTjJVdE5HWmlaUzFoTURJM0xUQXlNak16TVRReU1EQXdNeUo5LmVTaHpJaHY1U09NZWhvRnowZklRc1YtODIxb3oteHNDQ3N4NDdIalM4Y2RiSFhCNmxBWEJZVVZiQ2hySHlGLURYSkYzSWIzVDZ5U09wZWtqN19tMUF3Il19LCJpYXQiOjE3MjYxMzM5ODksImp0aSI6InVybjp1dWlkOmE3MWQyMGY5LWJkMTAtNDEwOS1hZTUyLTFiNDViMGI2YWQ2ZCJ9.00azlziZzgVbc-IpNJ8AAokLhLd1RDdLGOsX3fRVpn7N9ejNOOoaf5Nb93ikRkGohCLHD-RkR5-zNlLFrPylAA
14588 [pool-1-thread-1 @coroutine#890] DEBUG id.walt.services.jwt.WaltIdJwtService - Verifying token:  eyJraWQiOiJkaWQ6ZWJzaTp6bW16VWhrQVlleFRldjQ3YkNQOHlHdFNqdHFKY0RXVlo0QkR4V0ZWWnVDY0cjbVVqRlFPQ0xVQWF0dE9fLTU5dFpBMTh2MDUybDVpbC1HMTZKdVBhd1B5ayIsInR5cCI6IkpXVCIsImFsZyI6IkVkRFNBIiwiandrIjp7Imt0eSI6Ik9LUCIsInVzZSI6InNpZyIsImNydiI6IkVkMjU1MTkiLCJraWQiOiJiMDExYWY0MjExMzQ0NzIyYmJhNTQ2MTcxYTNlOTEyYiIsIngiOiI2eEl6S0FMZDF1bkE4elRKMmJydUY0Q0JEUFk1Ry04ZUNxZ1JkZkd2UFh3IiwiYWxnIjoiRWREU0EifX0.eyJzdWIiOiJkaWQ6ZWJzaTp6bW16VWhrQVlleFRldjQ3YkNQOHlHdFNqdHFKY0RXVlo0QkR4V0ZWWnVDY0ciLCJuYmYiOjE3MjYxMzM5ODksImlzcyI6ImRpZDplYnNpOnptbXpVaGtBWWV4VGV2NDdiQ1A4eUd0U2p0cUpjRFdWWjRCRHhXRlZadUNjRyIsInZwIjp7InR5cGUiOlsiVmVyaWZpYWJsZVByZXNlbnRhdGlvbiJdLCJAY29udGV4dCI6WyJodHRwczovL3d3dy53My5vcmcvMjAxOC9jcmVkZW50aWFscy92MSJdLCJpZCI6InVybjp1dWlkOmE3MWQyMGY5LWJkMTAtNDEwOS1hZTUyLTFiNDViMGI2YWQ2ZCIsImhvbGRlciI6ImRpZDplYnNpOnptbXpVaGtBWWV4VGV2NDdiQ1A4eUd0U2p0cUpjRFdWWjRCRHhXRlZadUNjRyIsInZlcmlmaWFibGVDcmVkZW50aWFsIjpbImV5SnJhV1FpT2lKa2FXUTZaV0p6YVRwNmJXMTZWV2hyUVZsbGVGUmxkalEzWWtOUU9IbEhkRk5xZEhGS1kwUlhWbG8wUWtSNFYwWldXblZEWTBjamJWVnFSbEZQUTB4VlFXRjBkRTlmTFRVNWRGcEJNVGgyTURVeWJEVnBiQzFITVRaS2RWQmhkMUI1YXlJc0luUjVjQ0k2SWtwWFZDSXNJbUZzWnlJNklrVmtSRk5CSWl3aWFuZHJJanA3SW10MGVTSTZJazlMVUNJc0luVnpaU0k2SW5OcFp5SXNJbU55ZGlJNklrVmtNalUxTVRraUxDSnJhV1FpT2lKaU1ERXhZV1kwTWpFeE16UTBOekl5WW1KaE5UUTJNVGN4WVRObE9URXlZaUlzSW5naU9pSTJlRWw2UzBGTVpERjFia0U0ZWxSS01tSnlkVVkwUTBKRVVGazFSeTA0WlVOeFoxSmtaa2QyVUZoM0lpd2lZV3huSWpvaVJXUkVVMEVpZlgwLmV5SnpkV0lpT2lKa2FXUTZaV0p6YVRwNmJXMTZWV2hyUVZsbGVGUmxkalEzWWtOUU9IbEhkRk5xZEhGS1kwUlhWbG8wUWtSNFYwWldXblZEWTBjaUxDSnVZbVlpT2pFM01qWXhNek01T0Rrc0ltbHpjeUk2SW1ScFpEcGxZbk5wT25wdGJYcFZhR3RCV1dWNFZHVjJORGRpUTFBNGVVZDBVMnAwY1VwalJGZFdXalJDUkhoWFJsWmFkVU5qUnlJc0ltbGhkQ0k2TVRjeU5qRXpNems0T1N3aWRtTWlPbnNpZEhsd1pTSTZXeUpXWlhKcFptbGhZbXhsUTNKbFpHVnVkR2xoYkNJc0lsWmxjbWxtYVdGaWJHVkJkSFJsYzNSaGRHbHZiaUlzSWxabGNtbG1hV0ZpYkdWSlpDSmRMQ0pBWTI5dWRHVjRkQ0k2V3lKb2RIUndjem92TDNkM2R5NTNNeTV2Y21jdk1qQXhPQzlqY21Wa1pXNTBhV0ZzY3k5Mk1TSmRMQ0pwWkNJNkluVnlianAxZFdsa09qTmhOMkU1T0dReExUSTNOMlV0TkdaaVpTMWhNREkzTFRBeU1qTXpNVFF5TURBd015SXNJbWx6YzNWbGNpSTZJbVJwWkRwbFluTnBPbnB0YlhwVmFHdEJXV1Y0VkdWMk5EZGlRMUE0ZVVkMFUycDBjVXBqUkZkV1dqUkNSSGhYUmxaYWRVTmpSeUlzSW1semMzVmhibU5sUkdGMFpTSTZJakl3TWpRdE1Ea3RNVEpVTURrNk16azZORGxhSWl3aWFYTnpkV1ZrSWpvaU1qQXlOQzB3T1MweE1sUXdPVG96T1RvME9Wb2lMQ0oyWVd4cFpFWnliMjBpT2lJeU1ESTBMVEE1TFRFeVZEQTVPak01T2pRNVdpSXNJbU55WldSbGJuUnBZV3hUWTJobGJXRWlPbnNpYVdRaU9pSm9kSFJ3Y3pvdkwzSmhkeTVuYVhSb2RXSjFjMlZ5WTI5dWRHVnVkQzVqYjIwdmQyRnNkQzFwWkM5M1lXeDBhV1F0YzNOcGEybDBMWFpqYkdsaUwyMWhjM1JsY2k5emNtTXZkR1Z6ZEM5eVpYTnZkWEpqWlhNdmMyTm9aVzFoY3k5V1pYSnBabWxoWW14bFNXUXVhbk52YmlJc0luUjVjR1VpT2lKR2RXeHNTbk52YmxOamFHVnRZVlpoYkdsa1lYUnZjakl3TWpFaWZTd2lZM0psWkdWdWRHbGhiRk4xWW1wbFkzUWlPbnNpYVdRaU9pSmthV1E2WldKemFUcDZiVzE2VldoclFWbGxlRlJsZGpRM1lrTlFPSGxIZEZOcWRIRktZMFJYVmxvMFFrUjRWMFpXV25WRFkwY2lMQ0pqZFhKeVpXNTBRV1JrY21WemN5STZXeUl4SUVKdmRXeGxkbUZ5WkNCa1pTQnNZU0JNYVdKbGNuVERxU3dnTlRrNE1EQWdUR2xzYkdVaVhTd2laR0YwWlU5bVFtbHlkR2dpT2lJeE9Ua3pMVEEwTFRBNElpd2labUZ0YVd4NVRtRnRaU0k2SWtSUFJTSXNJbVpwY25OMFRtRnRaU0k2SWtwaGJtVWlMQ0puWlc1a1pYSWlPaUpHUlUxQlRFVWlMQ0p1WVcxbFFXNWtSbUZ0YVd4NVRtRnRaVUYwUW1seWRHZ2lPaUpLWVc1bElFUlBSU0lzSW5CbGNuTnZibUZzU1dSbGJuUnBabWxsY2lJNklqQTVNRFF3TURnd09EUklJaXdpY0d4aFkyVlBaa0pwY25Sb0lqb2lURWxNVEVVc0lFWlNRVTVEUlNKOUxDSmxkbWxrWlc1alpTSTZXM3NpWkc5amRXMWxiblJRY21WelpXNWpaU0k2V3lKUWFIbHphV05oYkNKZExDSmxkbWxrWlc1alpVUnZZM1Z0Wlc1MElqcGJJbEJoYzNOd2IzSjBJbDBzSW5OMVltcGxZM1JRY21WelpXNWpaU0k2SWxCb2VYTnBZMkZzSWl3aWRIbHdaU0k2V3lKRWIyTjFiV1Z1ZEZabGNtbG1hV05oZEdsdmJpSmRMQ0oyWlhKcFptbGxjaUk2SW1ScFpEcGxZbk5wT2pKQk9VSmFPVk5WWlRaQ1lYUmhZMU53ZG5NeFZqVkRaR3BJZGt4d1VUZGlSWE5wTWtwaU5reGtTRXR1VVhoaFRpSjlYWDBzSW1wMGFTSTZJblZ5YmpwMWRXbGtPak5oTjJFNU9HUXhMVEkzTjJVdE5HWmlaUzFoTURJM0xUQXlNak16TVRReU1EQXdNeUo5LmVTaHpJaHY1U09NZWhvRnowZklRc1YtODIxb3oteHNDQ3N4NDdIalM4Y2RiSFhCNmxBWEJZVVZiQ2hySHlGLURYSkYzSWIzVDZ5U09wZWtqN19tMUF3Il19LCJpYXQiOjE3MjYxMzM5ODksImp0aSI6InVybjp1dWlkOmE3MWQyMGY5LWJkMTAtNDEwOS1hZTUyLTFiNDViMGI2YWQ2ZCJ9.00azlziZzgVbc-IpNJ8AAokLhLd1RDdLGOsX3fRVpn7N9ejNOOoaf5Nb93ikRkGohCLHD-RkR5-zNlLFrPylAA
14588 [pool-1-thread-1 @coroutine#890] DEBUG id.walt.model.DidUrl - Trying to create DidUrl from URL: "did:ebsi:zmmzUhkAYexTev47bCP8yGtSjtqJcDWVZ4BDxWFVZuCcG#mUjFQOCLUAattO_-59tZA18v052l5il-G16JuPawPyk"...
14588 [pool-1-thread-1 @coroutine#890] DEBUG id.walt.model.DidUrl - Trying to create DidUrl from URL: "did:ebsi:zmmzUhkAYexTev47bCP8yGtSjtqJcDWVZ4BDxWFVZuCcG#mUjFQOCLUAattO_-59tZA18v052l5il-G16JuPawPyk"...
14589 [pool-1-thread-1 @coroutine#890] DEBUG id.walt.model.DidUrl - Trying to create DidUrl from URL: "did:ebsi:zmmzUhkAYexTev47bCP8yGtSjtqJcDWVZ4BDxWFVZuCcG"...
14589 [pool-1-thread-1 @coroutine#890] DEBUG id.walt.services.keystore.HKVKeyStoreService - Storing key "b011af4211344722bba546171a3e912b".
14589 [pool-1-thread-1 @coroutine#890] DEBUG id.walt.services.key.WaltIdKeyService - Importing key b011af4211344722bba546171a3e912b
14589 [pool-1-thread-1 @coroutine#890] DEBUG id.walt.services.keystore.HKVKeyStoreService - Loading key "did:ebsi:zmmzUhkAYexTev47bCP8yGtSjtqJcDWVZ4BDxWFVZuCcG#mUjFQOCLUAattO_-59tZA18v052l5il-G16JuPawPyk".
14589 [pool-1-thread-1 @coroutine#890] DEBUG id.walt.services.jwt.WaltIdJwtService - JWT verified returned:  true (with key: b011af4211344722bba546171a3e912b)
14589 [pool-1-thread-1 @coroutine#890] DEBUG id.walt.auditor.VerificationPolicy - VC [VerifiablePresentation] passes policy SignaturePolicy: passed
14589 [pool-1-thread-1 @coroutine#890] DEBUG id.walt.auditor.Auditor - Verifying VerifiableId in VP with SignaturePolicy...
14589 [pool-1-thread-1 @coroutine#890] DEBUG id.walt.auditor.policies.SignaturePolicy - is jwt: true
14589 [pool-1-thread-1 @coroutine#890] DEBUG id.walt.services.vc.WaltIdJwtCredentialService - Verifying vc: eyJraWQiOiJkaWQ6ZWJzaTp6bW16VWhrQVlleFRldjQ3YkNQOHlHdFNqdHFKY0RXVlo0QkR4V0ZWWnVDY0cjbVVqRlFPQ0xVQWF0dE9fLTU5dFpBMTh2MDUybDVpbC1HMTZKdVBhd1B5ayIsInR5cCI6IkpXVCIsImFsZyI6IkVkRFNBIiwiandrIjp7Imt0eSI6Ik9LUCIsInVzZSI6InNpZyIsImNydiI6IkVkMjU1MTkiLCJraWQiOiJiMDExYWY0MjExMzQ0NzIyYmJhNTQ2MTcxYTNlOTEyYiIsIngiOiI2eEl6S0FMZDF1bkE4elRKMmJydUY0Q0JEUFk1Ry04ZUNxZ1JkZkd2UFh3IiwiYWxnIjoiRWREU0EifX0.eyJzdWIiOiJkaWQ6ZWJzaTp6bW16VWhrQVlleFRldjQ3YkNQOHlHdFNqdHFKY0RXVlo0QkR4V0ZWWnVDY0ciLCJuYmYiOjE3MjYxMzM5ODksImlzcyI6ImRpZDplYnNpOnptbXpVaGtBWWV4VGV2NDdiQ1A4eUd0U2p0cUpjRFdWWjRCRHhXRlZadUNjRyIsImlhdCI6MTcyNjEzMzk4OSwidmMiOnsidHlwZSI6WyJWZXJpZmlhYmxlQ3JlZGVudGlhbCIsIlZlcmlmaWFibGVBdHRlc3RhdGlvbiIsIlZlcmlmaWFibGVJZCJdLCJAY29udGV4dCI6WyJodHRwczovL3d3dy53My5vcmcvMjAxOC9jcmVkZW50aWFscy92MSJdLCJpZCI6InVybjp1dWlkOjNhN2E5OGQxLTI3N2UtNGZiZS1hMDI3LTAyMjMzMTQyMDAwMyIsImlzc3VlciI6ImRpZDplYnNpOnptbXpVaGtBWWV4VGV2NDdiQ1A4eUd0U2p0cUpjRFdWWjRCRHhXRlZadUNjRyIsImlzc3VhbmNlRGF0ZSI6IjIwMjQtMDktMTJUMDk6Mzk6NDlaIiwiaXNzdWVkIjoiMjAyNC0wOS0xMlQwOTozOTo0OVoiLCJ2YWxpZEZyb20iOiIyMDI0LTA5LTEyVDA5OjM5OjQ5WiIsImNyZWRlbnRpYWxTY2hlbWEiOnsiaWQiOiJodHRwczovL3Jhdy5naXRodWJ1c2VyY29udGVudC5jb20vd2FsdC1pZC93YWx0aWQtc3Npa2l0LXZjbGliL21hc3Rlci9zcmMvdGVzdC9yZXNvdXJjZXMvc2NoZW1hcy9WZXJpZmlhYmxlSWQuanNvbiIsInR5cGUiOiJGdWxsSnNvblNjaGVtYVZhbGlkYXRvcjIwMjEifSwiY3JlZGVudGlhbFN1YmplY3QiOnsiaWQiOiJkaWQ6ZWJzaTp6bW16VWhrQVlleFRldjQ3YkNQOHlHdFNqdHFKY0RXVlo0QkR4V0ZWWnVDY0ciLCJjdXJyZW50QWRkcmVzcyI6WyIxIEJvdWxldmFyZCBkZSBsYSBMaWJlcnTDqSwgNTk4MDAgTGlsbGUiXSwiZGF0ZU9mQmlydGgiOiIxOTkzLTA0LTA4IiwiZmFtaWx5TmFtZSI6IkRPRSIsImZpcnN0TmFtZSI6IkphbmUiLCJnZW5kZXIiOiJGRU1BTEUiLCJuYW1lQW5kRmFtaWx5TmFtZUF0QmlydGgiOiJKYW5lIERPRSIsInBlcnNvbmFsSWRlbnRpZmllciI6IjA5MDQwMDgwODRIIiwicGxhY2VPZkJpcnRoIjoiTElMTEUsIEZSQU5DRSJ9LCJldmlkZW5jZSI6W3siZG9jdW1lbnRQcmVzZW5jZSI6WyJQaHlzaWNhbCJdLCJldmlkZW5jZURvY3VtZW50IjpbIlBhc3Nwb3J0Il0sInN1YmplY3RQcmVzZW5jZSI6IlBoeXNpY2FsIiwidHlwZSI6WyJEb2N1bWVudFZlcmlmaWNhdGlvbiJdLCJ2ZXJpZmllciI6ImRpZDplYnNpOjJBOUJaOVNVZTZCYXRhY1NwdnMxVjVDZGpIdkxwUTdiRXNpMkpiNkxkSEtuUXhhTiJ9XX0sImp0aSI6InVybjp1dWlkOjNhN2E5OGQxLTI3N2UtNGZiZS1hMDI3LTAyMjMzMTQyMDAwMyJ9.eShzIhv5SOMehoFz0fIQsV-821oz-xsCCsx47HjS8cdbHXB6lAXBYUVbChrHyF-DXJF3Ib3T6ySOpekj7_m1Aw
14589 [pool-1-thread-1 @coroutine#890] DEBUG id.walt.services.jwt.WaltIdJwtService - Verifying token:  eyJraWQiOiJkaWQ6ZWJzaTp6bW16VWhrQVlleFRldjQ3YkNQOHlHdFNqdHFKY0RXVlo0QkR4V0ZWWnVDY0cjbVVqRlFPQ0xVQWF0dE9fLTU5dFpBMTh2MDUybDVpbC1HMTZKdVBhd1B5ayIsInR5cCI6IkpXVCIsImFsZyI6IkVkRFNBIiwiandrIjp7Imt0eSI6Ik9LUCIsInVzZSI6InNpZyIsImNydiI6IkVkMjU1MTkiLCJraWQiOiJiMDExYWY0MjExMzQ0NzIyYmJhNTQ2MTcxYTNlOTEyYiIsIngiOiI2eEl6S0FMZDF1bkE4elRKMmJydUY0Q0JEUFk1Ry04ZUNxZ1JkZkd2UFh3IiwiYWxnIjoiRWREU0EifX0.eyJzdWIiOiJkaWQ6ZWJzaTp6bW16VWhrQVlleFRldjQ3YkNQOHlHdFNqdHFKY0RXVlo0QkR4V0ZWWnVDY0ciLCJuYmYiOjE3MjYxMzM5ODksImlzcyI6ImRpZDplYnNpOnptbXpVaGtBWWV4VGV2NDdiQ1A4eUd0U2p0cUpjRFdWWjRCRHhXRlZadUNjRyIsImlhdCI6MTcyNjEzMzk4OSwidmMiOnsidHlwZSI6WyJWZXJpZmlhYmxlQ3JlZGVudGlhbCIsIlZlcmlmaWFibGVBdHRlc3RhdGlvbiIsIlZlcmlmaWFibGVJZCJdLCJAY29udGV4dCI6WyJodHRwczovL3d3dy53My5vcmcvMjAxOC9jcmVkZW50aWFscy92MSJdLCJpZCI6InVybjp1dWlkOjNhN2E5OGQxLTI3N2UtNGZiZS1hMDI3LTAyMjMzMTQyMDAwMyIsImlzc3VlciI6ImRpZDplYnNpOnptbXpVaGtBWWV4VGV2NDdiQ1A4eUd0U2p0cUpjRFdWWjRCRHhXRlZadUNjRyIsImlzc3VhbmNlRGF0ZSI6IjIwMjQtMDktMTJUMDk6Mzk6NDlaIiwiaXNzdWVkIjoiMjAyNC0wOS0xMlQwOTozOTo0OVoiLCJ2YWxpZEZyb20iOiIyMDI0LTA5LTEyVDA5OjM5OjQ5WiIsImNyZWRlbnRpYWxTY2hlbWEiOnsiaWQiOiJodHRwczovL3Jhdy5naXRodWJ1c2VyY29udGVudC5jb20vd2FsdC1pZC93YWx0aWQtc3Npa2l0LXZjbGliL21hc3Rlci9zcmMvdGVzdC9yZXNvdXJjZXMvc2NoZW1hcy9WZXJpZmlhYmxlSWQuanNvbiIsInR5cGUiOiJGdWxsSnNvblNjaGVtYVZhbGlkYXRvcjIwMjEifSwiY3JlZGVudGlhbFN1YmplY3QiOnsiaWQiOiJkaWQ6ZWJzaTp6bW16VWhrQVlleFRldjQ3YkNQOHlHdFNqdHFKY0RXVlo0QkR4V0ZWWnVDY0ciLCJjdXJyZW50QWRkcmVzcyI6WyIxIEJvdWxldmFyZCBkZSBsYSBMaWJlcnTDqSwgNTk4MDAgTGlsbGUiXSwiZGF0ZU9mQmlydGgiOiIxOTkzLTA0LTA4IiwiZmFtaWx5TmFtZSI6IkRPRSIsImZpcnN0TmFtZSI6IkphbmUiLCJnZW5kZXIiOiJGRU1BTEUiLCJuYW1lQW5kRmFtaWx5TmFtZUF0QmlydGgiOiJKYW5lIERPRSIsInBlcnNvbmFsSWRlbnRpZmllciI6IjA5MDQwMDgwODRIIiwicGxhY2VPZkJpcnRoIjoiTElMTEUsIEZSQU5DRSJ9LCJldmlkZW5jZSI6W3siZG9jdW1lbnRQcmVzZW5jZSI6WyJQaHlzaWNhbCJdLCJldmlkZW5jZURvY3VtZW50IjpbIlBhc3Nwb3J0Il0sInN1YmplY3RQcmVzZW5jZSI6IlBoeXNpY2FsIiwidHlwZSI6WyJEb2N1bWVudFZlcmlmaWNhdGlvbiJdLCJ2ZXJpZmllciI6ImRpZDplYnNpOjJBOUJaOVNVZTZCYXRhY1NwdnMxVjVDZGpIdkxwUTdiRXNpMkpiNkxkSEtuUXhhTiJ9XX0sImp0aSI6InVybjp1dWlkOjNhN2E5OGQxLTI3N2UtNGZiZS1hMDI3LTAyMjMzMTQyMDAwMyJ9.eShzIhv5SOMehoFz0fIQsV-821oz-xsCCsx47HjS8cdbHXB6lAXBYUVbChrHyF-DXJF3Ib3T6ySOpekj7_m1Aw
14590 [pool-1-thread-1 @coroutine#890] DEBUG id.walt.model.DidUrl - Trying to create DidUrl from URL: "did:ebsi:zmmzUhkAYexTev47bCP8yGtSjtqJcDWVZ4BDxWFVZuCcG#mUjFQOCLUAattO_-59tZA18v052l5il-G16JuPawPyk"...
14590 [pool-1-thread-1 @coroutine#890] DEBUG id.walt.model.DidUrl - Trying to create DidUrl from URL: "did:ebsi:zmmzUhkAYexTev47bCP8yGtSjtqJcDWVZ4BDxWFVZuCcG#mUjFQOCLUAattO_-59tZA18v052l5il-G16JuPawPyk"...
14590 [pool-1-thread-1 @coroutine#890] DEBUG id.walt.model.DidUrl - Trying to create DidUrl from URL: "did:ebsi:zmmzUhkAYexTev47bCP8yGtSjtqJcDWVZ4BDxWFVZuCcG"...
14590 [pool-1-thread-1 @coroutine#890] DEBUG id.walt.services.keystore.HKVKeyStoreService - Loading key "did:ebsi:zmmzUhkAYexTev47bCP8yGtSjtqJcDWVZ4BDxWFVZuCcG#mUjFQOCLUAattO_-59tZA18v052l5il-G16JuPawPyk".
14590 [pool-1-thread-1 @coroutine#890] DEBUG id.walt.services.jwt.WaltIdJwtService - JWT verified returned:  true (with key: b011af4211344722bba546171a3e912b)
14590 [pool-1-thread-1 @coroutine#890] DEBUG id.walt.auditor.VerificationPolicy - VC [VerifiableCredential, VerifiableAttestation, VerifiableId] passes policy SignaturePolicy: passed
14591 [pool-1-thread-1 @coroutine#891] DEBUG id.walt.services.vc.WaltIdJwtCredentialService - Signing JWT object with config: ProofConfig(issuerDid=did:ebsi:zcKZwxurftKtLbmLYmANXuM, subjectDid=null, verifierDid=null, issuerVerificationMethod=null, proofType=JWT, domain=null, nonce=null, proofPurpose=null, credentialId=null, issueDate=null, validDate=null, expirationDate=null, dataProviderIdentifier=null, ldSignatureType=null, creator=did:ebsi:zcKZwxurftKtLbmLYmANXuM, ecosystem=DEFAULT, statusType=null, statusPurpose=revocation, credentialsEndpoint=null, selectiveDisclosure=null)
14591 [pool-1-thread-1 @coroutine#891] DEBUG id.walt.services.vc.WaltIdJwtCredentialService - Signing: {"nbf":1726133989,"iss":"did:ebsi:zcKZwxurftKtLbmLYmANXuM","iat":1726133989,"vc":{"type":["VerifiableCredential"],"@context":["https://www.w3.org/2018/credentials/v1"]}}
14591 [pool-1-thread-1 @coroutine#891] DEBUG id.walt.services.keystore.HKVKeyStoreService - Loading key "did:ebsi:zcKZwxurftKtLbmLYmANXuM".
14591 [pool-1-thread-1 @coroutine#891] DEBUG id.walt.services.jwt.WaltIdJwtService - Signing JWT with algorithm: ECDSA_Secp256k1
14591 [pool-1-thread-1 @coroutine#891] DEBUG id.walt.model.DidUrl - Trying to create DidUrl from URL: "did:ebsi:zcKZwxurftKtLbmLYmANXuM"...
14591 [pool-1-thread-1 @coroutine#891] DEBUG id.walt.services.keystore.HKVKeyStoreService - Loading key "d0226e896f4b4c56a9361fd92d46221c".
14592 [pool-1-thread-1 @coroutine#891] DEBUG id.walt.services.jwt.WaltIdJwtService - Signed JWT:  eyJraWQiOiJkaWQ6ZWJzaTp6Y0tad3h1cmZ0S3RMYm1MWW1BTlh1TSIsInR5cCI6IkpXVCIsImFsZyI6IkVTMjU2SyJ9.eyJpc3MiOiJkaWQ6ZWJzaTp6Y0tad3h1cmZ0S3RMYm1MWW1BTlh1TSIsIm5iZiI6MTcyNjEzMzk4OSwiaWF0IjoxNzI2MTMzOTg5LCJ2YyI6eyJ0eXBlIjpbIlZlcmlmaWFibGVDcmVkZW50aWFsIl0sIkBjb250ZXh0IjpbImh0dHBzOi8vd3d3LnczLm9yZy8yMDE4L2NyZWRlbnRpYWxzL3YxIl19fQ.z0QbU4WhpiJiM6AA1qmixVFIwjBDaqR3uZN2Ls-y1GCrgVdSWymm5qbabeoY7T62GOktWq5dFG1F-SdqRAOPeQ
14593 [pool-1-thread-1 @coroutine#892] DEBUG id.walt.model.DidUrl - Trying to create DidUrl from URL: "did:ebsi:zcKZwxurftKtLbmLYmANXuM"...
14593 [pool-1-thread-1 @coroutine#892] DEBUG id.walt.model.DidUrl - Trying to create DidUrl from URL: "did:ebsi:zcKZwxurftKtLbmLYmANXuM"...
14593 [pool-1-thread-1 @coroutine#892] DEBUG id.walt.signatory.WaltIdSignatory - Signing credential with proof using SD_JWT...
14593 [pool-1-thread-1 @coroutine#892] DEBUG id.walt.signatory.WaltIdSignatory - Signing credential with proof using SD_JWT, credential is: {"type":["VerifiableCredential","VerifiableAttestation","VerifiableId"],"@context":["https://www.w3.org/2018/credentials/v1"],"id":"urn:uuid:2e89929c-57fe-4917-8c1f-8166cdeea42f","issuer":"did:ebsi:zcKZwxurftKtLbmLYmANXuM","issuanceDate":"2024-09-12T09:39:49Z","issued":"2024-09-12T09:39:49Z","validFrom":"2024-09-12T09:39:49Z","credentialSchema":{"id":"https://raw.githubusercontent.com/walt-id/waltid-ssikit-vclib/master/src/test/resources/schemas/VerifiableId.json","type":"FullJsonSchemaValidator2021"},"credentialSubject":{"id":"did:ebsi:zcKZwxurftKtLbmLYmANXuM","currentAddress":["1 Boulevard de la Liberté, 59800 Lille"],"dateOfBirth":"1993-04-08","familyName":"DOE","firstName":"Jane","gender":"FEMALE","nameAndFamilyNameAtBirth":"Jane DOE","personalIdentifier":"0904008084H","placeOfBirth":"LILLE, FRANCE"},"evidence":[{"documentPresence":["Physical"],"evidenceDocument":["Passport"],"subjectPresence":"Physical","type":["DocumentVerification"],"verifier":"did:ebsi:2A9BZ9SUe6BatacSpvs1V5CdjHvLpQ7bEsi2Jb6LdHKnQxaN"}]}
14593 [pool-1-thread-1 @coroutine#892] DEBUG id.walt.services.vc.WaltIdJwtCredentialService - Signing JWT object with config: ProofConfig(issuerDid=did:ebsi:zcKZwxurftKtLbmLYmANXuM, subjectDid=did:ebsi:zcKZwxurftKtLbmLYmANXuM, verifierDid=null, issuerVerificationMethod=did:ebsi:zcKZwxurftKtLbmLYmANXuM#d0226e896f4b4c56a9361fd92d46221c, proofType=SD_JWT, domain=null, nonce=null, proofPurpose=null, credentialId=urn:uuid:2e89929c-57fe-4917-8c1f-8166cdeea42f, issueDate=2024-09-12T09:39:49.813720642Z, validDate=2024-09-12T09:39:49.813721404Z, expirationDate=null, dataProviderIdentifier=null, ldSignatureType=null, creator=did:ebsi:zcKZwxurftKtLbmLYmANXuM, ecosystem=DEFAULT, statusType=null, statusPurpose=revocation, credentialsEndpoint=null, selectiveDisclosure=id.walt.sdjwt.SDMap@8067d9a)
14593 [pool-1-thread-1 @coroutine#892] DEBUG id.walt.services.vc.WaltIdJwtCredentialService - Signing: {"sub":"did:ebsi:zcKZwxurftKtLbmLYmANXuM","nbf":1726133989,"iss":"did:ebsi:zcKZwxurftKtLbmLYmANXuM","iat":1726133989,"vc":{"type":["VerifiableCredential","VerifiableAttestation","VerifiableId"],"@context":["https://www.w3.org/2018/credentials/v1"],"id":"urn:uuid:2e89929c-57fe-4917-8c1f-8166cdeea42f","issuer":"did:ebsi:zcKZwxurftKtLbmLYmANXuM","issuanceDate":"2024-09-12T09:39:49Z","issued":"2024-09-12T09:39:49Z","validFrom":"2024-09-12T09:39:49Z","credentialSchema":{"id":"https://raw.githubusercontent.com/walt-id/waltid-ssikit-vclib/master/src/test/resources/schemas/VerifiableId.json","type":"FullJsonSchemaValidator2021"},"credentialSubject":{"id":"did:ebsi:zcKZwxurftKtLbmLYmANXuM","currentAddress":["1 Boulevard de la Liberté, 59800 Lille"],"dateOfBirth":"1993-04-08","familyName":"DOE","firstName":"Jane","gender":"FEMALE","nameAndFamilyNameAtBirth":"Jane DOE","personalIdentifier":"0904008084H","placeOfBirth":"LILLE, FRANCE"},"evidence":[{"documentPresence":["Physical"],"evidenceDocument":["Passport"],"subjectPresence":"Physical","type":["DocumentVerification"],"verifier":"did:ebsi:2A9BZ9SUe6BatacSpvs1V5CdjHvLpQ7bEsi2Jb6LdHKnQxaN"}]},"jti":"urn:uuid:2e89929c-57fe-4917-8c1f-8166cdeea42f"}
14597 [pool-1-thread-1 @coroutine#892] DEBUG id.walt.services.keystore.HKVKeyStoreService - Loading key "did:ebsi:zcKZwxurftKtLbmLYmANXuM#d0226e896f4b4c56a9361fd92d46221c".
14597 [pool-1-thread-1 @coroutine#892] DEBUG id.walt.services.jwt.WaltIdJwtService - Signing JWT with algorithm: ECDSA_Secp256k1
14597 [pool-1-thread-1 @coroutine#892] DEBUG id.walt.model.DidUrl - Trying to create DidUrl from URL: "did:ebsi:zcKZwxurftKtLbmLYmANXuM#d0226e896f4b4c56a9361fd92d46221c"...
14597 [pool-1-thread-1 @coroutine#892] DEBUG id.walt.services.keystore.HKVKeyStoreService - Loading key "d0226e896f4b4c56a9361fd92d46221c".
14597 [pool-1-thread-1 @coroutine#892] DEBUG id.walt.services.jwt.WaltIdJwtService - Signed JWT:  eyJraWQiOiJkaWQ6ZWJzaTp6Y0tad3h1cmZ0S3RMYm1MWW1BTlh1TSNkMDIyNmU4OTZmNGI0YzU2YTkzNjFmZDkyZDQ2MjIxYyIsInR5cCI6IkpXVCIsImFsZyI6IkVTMjU2SyJ9.eyJzdWIiOiJkaWQ6ZWJzaTp6Y0tad3h1cmZ0S3RMYm1MWW1BTlh1TSIsIm5iZiI6MTcyNjEzMzk4OSwiaXNzIjoiZGlkOmVic2k6emNLWnd4dXJmdEt0TGJtTFltQU5YdU0iLCJpYXQiOjE3MjYxMzM5ODksInZjIjp7InR5cGUiOlsiVmVyaWZpYWJsZUNyZWRlbnRpYWwiLCJWZXJpZmlhYmxlQXR0ZXN0YXRpb24iLCJWZXJpZmlhYmxlSWQiXSwiQGNvbnRleHQiOlsiaHR0cHM6Ly93d3cudzMub3JnLzIwMTgvY3JlZGVudGlhbHMvdjEiXSwiaWQiOiJ1cm46dXVpZDoyZTg5OTI5Yy01N2ZlLTQ5MTctOGMxZi04MTY2Y2RlZWE0MmYiLCJpc3N1ZXIiOiJkaWQ6ZWJzaTp6Y0tad3h1cmZ0S3RMYm1MWW1BTlh1TSIsImlzc3VhbmNlRGF0ZSI6IjIwMjQtMDktMTJUMDk6Mzk6NDlaIiwiaXNzdWVkIjoiMjAyNC0wOS0xMlQwOTozOTo0OVoiLCJ2YWxpZEZyb20iOiIyMDI0LTA5LTEyVDA5OjM5OjQ5WiIsImNyZWRlbnRpYWxTY2hlbWEiOnsiaWQiOiJodHRwczovL3Jhdy5naXRodWJ1c2VyY29udGVudC5jb20vd2FsdC1pZC93YWx0aWQtc3Npa2l0LXZjbGliL21hc3Rlci9zcmMvdGVzdC9yZXNvdXJjZXMvc2NoZW1hcy9WZXJpZmlhYmxlSWQuanNvbiIsInR5cGUiOiJGdWxsSnNvblNjaGVtYVZhbGlkYXRvcjIwMjEifSwiZXZpZGVuY2UiOlt7ImRvY3VtZW50UHJlc2VuY2UiOlsiUGh5c2ljYWwiXSwiZXZpZGVuY2VEb2N1bWVudCI6WyJQYXNzcG9ydCJdLCJzdWJqZWN0UHJlc2VuY2UiOiJQaHlzaWNhbCIsInR5cGUiOlsiRG9jdW1lbnRWZXJpZmljYXRpb24iXSwidmVyaWZpZXIiOiJkaWQ6ZWJzaToyQTlCWjlTVWU2QmF0YWNTcHZzMVY1Q2RqSHZMcFE3YkVzaTJKYjZMZEhLblF4YU4ifV0sIl9zZCI6WyJFMEFoZGM5VjA5NzdCRVl0OVI5RWJNZ1RyYzdHbFVfZXVGN0Y3ZG94WDY4Il19LCJqdGkiOiJ1cm46dXVpZDoyZTg5OTI5Yy01N2ZlLTQ5MTctOGMxZi04MTY2Y2RlZWE0MmYifQ.glPCsNGyoeMaq7fEt2SvkinfUd8SN5ZZvzpidkUyGIilqaI0OGIouDGDOMip-SIdvBdoGwjIOm7UiVLX7wl2cw
14598 [pool-1-thread-1 @coroutine#892] DEBUG id.walt.signatory.WaltIdSignatory - Signed VC is: eyJraWQiOiJkaWQ6ZWJzaTp6Y0tad3h1cmZ0S3RMYm1MWW1BTlh1TSNkMDIyNmU4OTZmNGI0YzU2YTkzNjFmZDkyZDQ2MjIxYyIsInR5cCI6IkpXVCIsImFsZyI6IkVTMjU2SyJ9.eyJzdWIiOiJkaWQ6ZWJzaTp6Y0tad3h1cmZ0S3RMYm1MWW1BTlh1TSIsIm5iZiI6MTcyNjEzMzk4OSwiaXNzIjoiZGlkOmVic2k6emNLWnd4dXJmdEt0TGJtTFltQU5YdU0iLCJpYXQiOjE3MjYxMzM5ODksInZjIjp7InR5cGUiOlsiVmVyaWZpYWJsZUNyZWRlbnRpYWwiLCJWZXJpZmlhYmxlQXR0ZXN0YXRpb24iLCJWZXJpZmlhYmxlSWQiXSwiQGNvbnRleHQiOlsiaHR0cHM6Ly93d3cudzMub3JnLzIwMTgvY3JlZGVudGlhbHMvdjEiXSwiaWQiOiJ1cm46dXVpZDoyZTg5OTI5Yy01N2ZlLTQ5MTctOGMxZi04MTY2Y2RlZWE0MmYiLCJpc3N1ZXIiOiJkaWQ6ZWJzaTp6Y0tad3h1cmZ0S3RMYm1MWW1BTlh1TSIsImlzc3VhbmNlRGF0ZSI6IjIwMjQtMDktMTJUMDk6Mzk6NDlaIiwiaXNzdWVkIjoiMjAyNC0wOS0xMlQwOTozOTo0OVoiLCJ2YWxpZEZyb20iOiIyMDI0LTA5LTEyVDA5OjM5OjQ5WiIsImNyZWRlbnRpYWxTY2hlbWEiOnsiaWQiOiJodHRwczovL3Jhdy5naXRodWJ1c2VyY29udGVudC5jb20vd2FsdC1pZC93YWx0aWQtc3Npa2l0LXZjbGliL21hc3Rlci9zcmMvdGVzdC9yZXNvdXJjZXMvc2NoZW1hcy9WZXJpZmlhYmxlSWQuanNvbiIsInR5cGUiOiJGdWxsSnNvblNjaGVtYVZhbGlkYXRvcjIwMjEifSwiZXZpZGVuY2UiOlt7ImRvY3VtZW50UHJlc2VuY2UiOlsiUGh5c2ljYWwiXSwiZXZpZGVuY2VEb2N1bWVudCI6WyJQYXNzcG9ydCJdLCJzdWJqZWN0UHJlc2VuY2UiOiJQaHlzaWNhbCIsInR5cGUiOlsiRG9jdW1lbnRWZXJpZmljYXRpb24iXSwidmVyaWZpZXIiOiJkaWQ6ZWJzaToyQTlCWjlTVWU2QmF0YWNTcHZzMVY1Q2RqSHZMcFE3YkVzaTJKYjZMZEhLblF4YU4ifV0sIl9zZCI6WyJFMEFoZGM5VjA5NzdCRVl0OVI5RWJNZ1RyYzdHbFVfZXVGN0Y3ZG94WDY4Il19LCJqdGkiOiJ1cm46dXVpZDoyZTg5OTI5Yy01N2ZlLTQ5MTctOGMxZi04MTY2Y2RlZWE0MmYifQ.glPCsNGyoeMaq7fEt2SvkinfUd8SN5ZZvzpidkUyGIilqaI0OGIouDGDOMip-SIdvBdoGwjIOm7UiVLX7wl2cw~WyJNU1VIdTRVQ1p3aGQ0S3JGMkJSX2x3IiwiZGF0ZU9mQmlydGgiLCIxOTkzLTA0LTA4Il0~WyJURWRpdnJ0VWpBX2s0U1FiNm12cE93IiwiZmlyc3ROYW1lIiwiSmFuZSJd~WyJITTBQdy16Q3NNcG52Q0pmV3o2TVlRIiwiY3JlZGVudGlhbFN1YmplY3QiLHsiaWQiOiJkaWQ6ZWJzaTp6Y0tad3h1cmZ0S3RMYm1MWW1BTlh1TSIsImN1cnJlbnRBZGRyZXNzIjpbIjEgQm91bGV2YXJkIGRlIGxhIExpYmVydMOpLCA1OTgwMCBMaWxsZSJdLCJmYW1pbHlOYW1lIjoiRE9FIiwiZ2VuZGVyIjoiRkVNQUxFIiwibmFtZUFuZEZhbWlseU5hbWVBdEJpcnRoIjoiSmFuZSBET0UiLCJwZXJzb25hbElkZW50aWZpZXIiOiIwOTA0MDA4MDg0SCIsInBsYWNlT2ZCaXJ0aCI6IkxJTExFLCBGUkFOQ0UiLCJfc2QiOlsiV3djMkpKNVNsclU2RmNybmVWdlAtdWF5WC1ycDM4dG9kR0pTanhNZmxwWSIsImtfNjFKalNRb2J0RHVMNEFSckNkX2FUSlR6aFc2T0VFYkJfbTBKaGR3RG8iXX1d
14599 [pool-1-thread-1 @coroutine#892] DEBUG id.walt.auditor.Auditor - Verifying vc with SignaturePolicy ...
14599 [pool-1-thread-1 @coroutine#892] DEBUG id.walt.auditor.policies.SignaturePolicy - is jwt: true
14599 [pool-1-thread-1 @coroutine#892] DEBUG id.walt.services.vc.WaltIdJwtCredentialService - Verifying vc: eyJraWQiOiJkaWQ6ZWJzaTp6Y0tad3h1cmZ0S3RMYm1MWW1BTlh1TSNkMDIyNmU4OTZmNGI0YzU2YTkzNjFmZDkyZDQ2MjIxYyIsInR5cCI6IkpXVCIsImFsZyI6IkVTMjU2SyJ9.eyJzdWIiOiJkaWQ6ZWJzaTp6Y0tad3h1cmZ0S3RMYm1MWW1BTlh1TSIsIm5iZiI6MTcyNjEzMzk4OSwiaXNzIjoiZGlkOmVic2k6emNLWnd4dXJmdEt0TGJtTFltQU5YdU0iLCJpYXQiOjE3MjYxMzM5ODksInZjIjp7InR5cGUiOlsiVmVyaWZpYWJsZUNyZWRlbnRpYWwiLCJWZXJpZmlhYmxlQXR0ZXN0YXRpb24iLCJWZXJpZmlhYmxlSWQiXSwiQGNvbnRleHQiOlsiaHR0cHM6Ly93d3cudzMub3JnLzIwMTgvY3JlZGVudGlhbHMvdjEiXSwiaWQiOiJ1cm46dXVpZDoyZTg5OTI5Yy01N2ZlLTQ5MTctOGMxZi04MTY2Y2RlZWE0MmYiLCJpc3N1ZXIiOiJkaWQ6ZWJzaTp6Y0tad3h1cmZ0S3RMYm1MWW1BTlh1TSIsImlzc3VhbmNlRGF0ZSI6IjIwMjQtMDktMTJUMDk6Mzk6NDlaIiwiaXNzdWVkIjoiMjAyNC0wOS0xMlQwOTozOTo0OVoiLCJ2YWxpZEZyb20iOiIyMDI0LTA5LTEyVDA5OjM5OjQ5WiIsImNyZWRlbnRpYWxTY2hlbWEiOnsiaWQiOiJodHRwczovL3Jhdy5naXRodWJ1c2VyY29udGVudC5jb20vd2FsdC1pZC93YWx0aWQtc3Npa2l0LXZjbGliL21hc3Rlci9zcmMvdGVzdC9yZXNvdXJjZXMvc2NoZW1hcy9WZXJpZmlhYmxlSWQuanNvbiIsInR5cGUiOiJGdWxsSnNvblNjaGVtYVZhbGlkYXRvcjIwMjEifSwiZXZpZGVuY2UiOlt7ImRvY3VtZW50UHJlc2VuY2UiOlsiUGh5c2ljYWwiXSwiZXZpZGVuY2VEb2N1bWVudCI6WyJQYXNzcG9ydCJdLCJzdWJqZWN0UHJlc2VuY2UiOiJQaHlzaWNhbCIsInR5cGUiOlsiRG9jdW1lbnRWZXJpZmljYXRpb24iXSwidmVyaWZpZXIiOiJkaWQ6ZWJzaToyQTlCWjlTVWU2QmF0YWNTcHZzMVY1Q2RqSHZMcFE3YkVzaTJKYjZMZEhLblF4YU4ifV0sIl9zZCI6WyJFMEFoZGM5VjA5NzdCRVl0OVI5RWJNZ1RyYzdHbFVfZXVGN0Y3ZG94WDY4Il19LCJqdGkiOiJ1cm46dXVpZDoyZTg5OTI5Yy01N2ZlLTQ5MTctOGMxZi04MTY2Y2RlZWE0MmYifQ.glPCsNGyoeMaq7fEt2SvkinfUd8SN5ZZvzpidkUyGIilqaI0OGIouDGDOMip-SIdvBdoGwjIOm7UiVLX7wl2cw~WyJNU1VIdTRVQ1p3aGQ0S3JGMkJSX2x3IiwiZGF0ZU9mQmlydGgiLCIxOTkzLTA0LTA4Il0~WyJURWRpdnJ0VWpBX2s0U1FiNm12cE93IiwiZmlyc3ROYW1lIiwiSmFuZSJd~WyJITTBQdy16Q3NNcG52Q0pmV3o2TVlRIiwiY3JlZGVudGlhbFN1YmplY3QiLHsiaWQiOiJkaWQ6ZWJzaTp6Y0tad3h1cmZ0S3RMYm1MWW1BTlh1TSIsImN1cnJlbnRBZGRyZXNzIjpbIjEgQm91bGV2YXJkIGRlIGxhIExpYmVydMOpLCA1OTgwMCBMaWxsZSJdLCJmYW1pbHlOYW1lIjoiRE9FIiwiZ2VuZGVyIjoiRkVNQUxFIiwibmFtZUFuZEZhbWlseU5hbWVBdEJpcnRoIjoiSmFuZSBET0UiLCJwZXJzb25hbElkZW50aWZpZXIiOiIwOTA0MDA4MDg0SCIsInBsYWNlT2ZCaXJ0aCI6IkxJTExFLCBGUkFOQ0UiLCJfc2QiOlsiV3djMkpKNVNsclU2RmNybmVWdlAtdWF5WC1ycDM4dG9kR0pTanhNZmxwWSIsImtfNjFKalNRb2J0RHVMNEFSckNkX2FUSlR6aFc2T0VFYkJfbTBKaGR3RG8iXX1d
14600 [pool-1-thread-1 @coroutine#892] DEBUG id.walt.services.jwt.WaltIdJwtService - Verifying token:  eyJraWQiOiJkaWQ6ZWJzaTp6Y0tad3h1cmZ0S3RMYm1MWW1BTlh1TSNkMDIyNmU4OTZmNGI0YzU2YTkzNjFmZDkyZDQ2MjIxYyIsInR5cCI6IkpXVCIsImFsZyI6IkVTMjU2SyJ9.eyJzdWIiOiJkaWQ6ZWJzaTp6Y0tad3h1cmZ0S3RMYm1MWW1BTlh1TSIsIm5iZiI6MTcyNjEzMzk4OSwiaXNzIjoiZGlkOmVic2k6emNLWnd4dXJmdEt0TGJtTFltQU5YdU0iLCJpYXQiOjE3MjYxMzM5ODksInZjIjp7InR5cGUiOlsiVmVyaWZpYWJsZUNyZWRlbnRpYWwiLCJWZXJpZmlhYmxlQXR0ZXN0YXRpb24iLCJWZXJpZmlhYmxlSWQiXSwiQGNvbnRleHQiOlsiaHR0cHM6Ly93d3cudzMub3JnLzIwMTgvY3JlZGVudGlhbHMvdjEiXSwiaWQiOiJ1cm46dXVpZDoyZTg5OTI5Yy01N2ZlLTQ5MTctOGMxZi04MTY2Y2RlZWE0MmYiLCJpc3N1ZXIiOiJkaWQ6ZWJzaTp6Y0tad3h1cmZ0S3RMYm1MWW1BTlh1TSIsImlzc3VhbmNlRGF0ZSI6IjIwMjQtMDktMTJUMDk6Mzk6NDlaIiwiaXNzdWVkIjoiMjAyNC0wOS0xMlQwOTozOTo0OVoiLCJ2YWxpZEZyb20iOiIyMDI0LTA5LTEyVDA5OjM5OjQ5WiIsImNyZWRlbnRpYWxTY2hlbWEiOnsiaWQiOiJodHRwczovL3Jhdy5naXRodWJ1c2VyY29udGVudC5jb20vd2FsdC1pZC93YWx0aWQtc3Npa2l0LXZjbGliL21hc3Rlci9zcmMvdGVzdC9yZXNvdXJjZXMvc2NoZW1hcy9WZXJpZmlhYmxlSWQuanNvbiIsInR5cGUiOiJGdWxsSnNvblNjaGVtYVZhbGlkYXRvcjIwMjEifSwiZXZpZGVuY2UiOlt7ImRvY3VtZW50UHJlc2VuY2UiOlsiUGh5c2ljYWwiXSwiZXZpZGVuY2VEb2N1bWVudCI6WyJQYXNzcG9ydCJdLCJzdWJqZWN0UHJlc2VuY2UiOiJQaHlzaWNhbCIsInR5cGUiOlsiRG9jdW1lbnRWZXJpZmljYXRpb24iXSwidmVyaWZpZXIiOiJkaWQ6ZWJzaToyQTlCWjlTVWU2QmF0YWNTcHZzMVY1Q2RqSHZMcFE3YkVzaTJKYjZMZEhLblF4YU4ifV0sIl9zZCI6WyJFMEFoZGM5VjA5NzdCRVl0OVI5RWJNZ1RyYzdHbFVfZXVGN0Y3ZG94WDY4Il19LCJqdGkiOiJ1cm46dXVpZDoyZTg5OTI5Yy01N2ZlLTQ5MTctOGMxZi04MTY2Y2RlZWE0MmYifQ.glPCsNGyoeMaq7fEt2SvkinfUd8SN5ZZvzpidkUyGIilqaI0OGIouDGDOMip-SIdvBdoGwjIOm7UiVLX7wl2cw
14600 [pool-1-thread-1 @coroutine#892] DEBUG id.walt.model.DidUrl - Trying to create DidUrl from URL: "did:ebsi:zcKZwxurftKtLbmLYmANXuM#d0226e896f4b4c56a9361fd92d46221c"...
14600 [pool-1-thread-1 @coroutine#892] DEBUG id.walt.model.DidUrl - Trying to create DidUrl from URL: "did:ebsi:zcKZwxurftKtLbmLYmANXuM#d0226e896f4b4c56a9361fd92d46221c"...
14600 [pool-1-thread-1 @coroutine#892] DEBUG id.walt.services.did.DidService - Loading or resolving "did:ebsi:zcKZwxurftKtLbmLYmANXuM"...
14600 [pool-1-thread-1 @coroutine#892] DEBUG id.walt.model.DidUrl - Trying to create DidUrl from URL: "did:ebsi:zcKZwxurftKtLbmLYmANXuM"...
14600 [pool-1-thread-1 @coroutine#892] DEBUG id.walt.services.did.DidService - loadOrResolve: url=DidUrl(method=ebsi, identifier=zcKZwxurftKtLbmLYmANXuM, fragment=zcKZwxurftKtLbmLYmANXuM, query=null), length of stored=954
14600 [pool-1-thread-1 @coroutine#892] DEBUG id.walt.model.DidUrl - Trying to create DidUrl from URL: "did:ebsi:zcKZwxurftKtLbmLYmANXuM"...
14600 [pool-1-thread-1 @coroutine#892] DEBUG id.walt.model.DidUrl - Trying to create DidUrl from URL: "did:ebsi:zcKZwxurftKtLbmLYmANXuM"...
14600 [pool-1-thread-1 @coroutine#892] DEBUG id.walt.model.DidUrl - Trying to create DidUrl from URL: "did:ebsi:zcKZwxurftKtLbmLYmANXuM"...
14602 [pool-1-thread-1 @coroutine#892] DEBUG id.walt.services.keystore.HKVKeyStoreService - Loading key "did:ebsi:zcKZwxurftKtLbmLYmANXuM#d0226e896f4b4c56a9361fd92d46221c".
14602 [pool-1-thread-1 @coroutine#892] DEBUG id.walt.services.keystore.HKVKeyStoreService - Loading key "d0226e896f4b4c56a9361fd92d46221c".
14602 [pool-1-thread-1 @coroutine#892] DEBUG id.walt.services.jwt.WaltIdJwtService - JWT verified returned:  true (with key: d0226e896f4b4c56a9361fd92d46221c)
14602 [pool-1-thread-1 @coroutine#892] DEBUG id.walt.auditor.VerificationPolicy - VC [VerifiableCredential, VerifiableAttestation, VerifiableId] passes policy SignaturePolicy: passed
14603 [pool-1-thread-1 @coroutine#892] DEBUG id.walt.services.vc.WaltIdJwtCredentialService - Creating a presentation for VCs:
[PresentableCredential(verifiableCredential=eyJraWQiOiJkaWQ6ZWJzaTp6Y0tad3h1cmZ0S3RMYm1MWW1BTlh1TSNkMDIyNmU4OTZmNGI0YzU2YTkzNjFmZDkyZDQ2MjIxYyIsInR5cCI6IkpXVCIsImFsZyI6IkVTMjU2SyJ9.eyJzdWIiOiJkaWQ6ZWJzaTp6Y0tad3h1cmZ0S3RMYm1MWW1BTlh1TSIsIm5iZiI6MTcyNjEzMzk4OSwiaXNzIjoiZGlkOmVic2k6emNLWnd4dXJmdEt0TGJtTFltQU5YdU0iLCJpYXQiOjE3MjYxMzM5ODksInZjIjp7InR5cGUiOlsiVmVyaWZpYWJsZUNyZWRlbnRpYWwiLCJWZXJpZmlhYmxlQXR0ZXN0YXRpb24iLCJWZXJpZmlhYmxlSWQiXSwiQGNvbnRleHQiOlsiaHR0cHM6Ly93d3cudzMub3JnLzIwMTgvY3JlZGVudGlhbHMvdjEiXSwiaWQiOiJ1cm46dXVpZDoyZTg5OTI5Yy01N2ZlLTQ5MTctOGMxZi04MTY2Y2RlZWE0MmYiLCJpc3N1ZXIiOiJkaWQ6ZWJzaTp6Y0tad3h1cmZ0S3RMYm1MWW1BTlh1TSIsImlzc3VhbmNlRGF0ZSI6IjIwMjQtMDktMTJUMDk6Mzk6NDlaIiwiaXNzdWVkIjoiMjAyNC0wOS0xMlQwOTozOTo0OVoiLCJ2YWxpZEZyb20iOiIyMDI0LTA5LTEyVDA5OjM5OjQ5WiIsImNyZWRlbnRpYWxTY2hlbWEiOnsiaWQiOiJodHRwczovL3Jhdy5naXRodWJ1c2VyY29udGVudC5jb20vd2FsdC1pZC93YWx0aWQtc3Npa2l0LXZjbGliL21hc3Rlci9zcmMvdGVzdC9yZXNvdXJjZXMvc2NoZW1hcy9WZXJpZmlhYmxlSWQuanNvbiIsInR5cGUiOiJGdWxsSnNvblNjaGVtYVZhbGlkYXRvcjIwMjEifSwiZXZpZGVuY2UiOlt7ImRvY3VtZW50UHJlc2VuY2UiOlsiUGh5c2ljYWwiXSwiZXZpZGVuY2VEb2N1bWVudCI6WyJQYXNzcG9ydCJdLCJzdWJqZWN0UHJlc2VuY2UiOiJQaHlzaWNhbCIsInR5cGUiOlsiRG9jdW1lbnRWZXJpZmljYXRpb24iXSwidmVyaWZpZXIiOiJkaWQ6ZWJzaToyQTlCWjlTVWU2QmF0YWNTcHZzMVY1Q2RqSHZMcFE3YkVzaTJKYjZMZEhLblF4YU4ifV0sIl9zZCI6WyJFMEFoZGM5VjA5NzdCRVl0OVI5RWJNZ1RyYzdHbFVfZXVGN0Y3ZG94WDY4Il19LCJqdGkiOiJ1cm46dXVpZDoyZTg5OTI5Yy01N2ZlLTQ5MTctOGMxZi04MTY2Y2RlZWE0MmYifQ.glPCsNGyoeMaq7fEt2SvkinfUd8SN5ZZvzpidkUyGIilqaI0OGIouDGDOMip-SIdvBdoGwjIOm7UiVLX7wl2cw~WyJNU1VIdTRVQ1p3aGQ0S3JGMkJSX2x3IiwiZGF0ZU9mQmlydGgiLCIxOTkzLTA0LTA4Il0~WyJURWRpdnJ0VWpBX2s0U1FiNm12cE93IiwiZmlyc3ROYW1lIiwiSmFuZSJd~WyJITTBQdy16Q3NNcG52Q0pmV3o2TVlRIiwiY3JlZGVudGlhbFN1YmplY3QiLHsiaWQiOiJkaWQ6ZWJzaTp6Y0tad3h1cmZ0S3RMYm1MWW1BTlh1TSIsImN1cnJlbnRBZGRyZXNzIjpbIjEgQm91bGV2YXJkIGRlIGxhIExpYmVydMOpLCA1OTgwMCBMaWxsZSJdLCJmYW1pbHlOYW1lIjoiRE9FIiwiZ2VuZGVyIjoiRkVNQUxFIiwibmFtZUFuZEZhbWlseU5hbWVBdEJpcnRoIjoiSmFuZSBET0UiLCJwZXJzb25hbElkZW50aWZpZXIiOiIwOTA0MDA4MDg0SCIsInBsYWNlT2ZCaXJ0aCI6IkxJTExFLCBGUkFOQ0UiLCJfc2QiOlsiV3djMkpKNVNsclU2RmNybmVWdlAtdWF5WC1ycDM4dG9kR0pTanhNZmxwWSIsImtfNjFKalNRb2J0RHVMNEFSckNkX2FUSlR6aFc2T0VFYkJfbTBKaGR3RG8iXX1d, selectiveDisclosure=null, discloseAll=false)]
14603 [pool-1-thread-1 @coroutine#892] DEBUG id.walt.model.DidUrl - Trying to create DidUrl from URL: "did:ebsi:zcKZwxurftKtLbmLYmANXuM"...
14603 [pool-1-thread-1 @coroutine#892] DEBUG id.walt.services.vc.WaltIdJwtCredentialService - Signing JWT object with config: ProofConfig(issuerDid=did:ebsi:zcKZwxurftKtLbmLYmANXuM, subjectDid=did:ebsi:zcKZwxurftKtLbmLYmANXuM, verifierDid=null, issuerVerificationMethod=did:ebsi:zcKZwxurftKtLbmLYmANXuM#d0226e896f4b4c56a9361fd92d46221c, proofType=JWT, domain=null, nonce=null, proofPurpose=null, credentialId=urn:uuid:290ef5ed-31a1-44a5-8765-cc39b4fe5db0, issueDate=null, validDate=null, expirationDate=null, dataProviderIdentifier=null, ldSignatureType=null, creator=did:ebsi:zcKZwxurftKtLbmLYmANXuM, ecosystem=DEFAULT, statusType=null, statusPurpose=revocation, credentialsEndpoint=null, selectiveDisclosure=null)
14604 [pool-1-thread-1 @coroutine#892] DEBUG id.walt.services.vc.WaltIdJwtCredentialService - Signing: {"sub":"did:ebsi:zcKZwxurftKtLbmLYmANXuM","nbf":1726133989,"iss":"did:ebsi:zcKZwxurftKtLbmLYmANXuM","vp":{"type":["VerifiablePresentation"],"@context":["https://www.w3.org/2018/credentials/v1"],"id":"urn:uuid:290ef5ed-31a1-44a5-8765-cc39b4fe5db0","holder":"did:ebsi:zcKZwxurftKtLbmLYmANXuM","verifiableCredential":["eyJraWQiOiJkaWQ6ZWJzaTp6Y0tad3h1cmZ0S3RMYm1MWW1BTlh1TSNkMDIyNmU4OTZmNGI0YzU2YTkzNjFmZDkyZDQ2MjIxYyIsInR5cCI6IkpXVCIsImFsZyI6IkVTMjU2SyJ9.eyJzdWIiOiJkaWQ6ZWJzaTp6Y0tad3h1cmZ0S3RMYm1MWW1BTlh1TSIsIm5iZiI6MTcyNjEzMzk4OSwiaXNzIjoiZGlkOmVic2k6emNLWnd4dXJmdEt0TGJtTFltQU5YdU0iLCJpYXQiOjE3MjYxMzM5ODksInZjIjp7InR5cGUiOlsiVmVyaWZpYWJsZUNyZWRlbnRpYWwiLCJWZXJpZmlhYmxlQXR0ZXN0YXRpb24iLCJWZXJpZmlhYmxlSWQiXSwiQGNvbnRleHQiOlsiaHR0cHM6Ly93d3cudzMub3JnLzIwMTgvY3JlZGVudGlhbHMvdjEiXSwiaWQiOiJ1cm46dXVpZDoyZTg5OTI5Yy01N2ZlLTQ5MTctOGMxZi04MTY2Y2RlZWE0MmYiLCJpc3N1ZXIiOiJkaWQ6ZWJzaTp6Y0tad3h1cmZ0S3RMYm1MWW1BTlh1TSIsImlzc3VhbmNlRGF0ZSI6IjIwMjQtMDktMTJUMDk6Mzk6NDlaIiwiaXNzdWVkIjoiMjAyNC0wOS0xMlQwOTozOTo0OVoiLCJ2YWxpZEZyb20iOiIyMDI0LTA5LTEyVDA5OjM5OjQ5WiIsImNyZWRlbnRpYWxTY2hlbWEiOnsiaWQiOiJodHRwczovL3Jhdy5naXRodWJ1c2VyY29udGVudC5jb20vd2FsdC1pZC93YWx0aWQtc3Npa2l0LXZjbGliL21hc3Rlci9zcmMvdGVzdC9yZXNvdXJjZXMvc2NoZW1hcy9WZXJpZmlhYmxlSWQuanNvbiIsInR5cGUiOiJGdWxsSnNvblNjaGVtYVZhbGlkYXRvcjIwMjEifSwiZXZpZGVuY2UiOlt7ImRvY3VtZW50UHJlc2VuY2UiOlsiUGh5c2ljYWwiXSwiZXZpZGVuY2VEb2N1bWVudCI6WyJQYXNzcG9ydCJdLCJzdWJqZWN0UHJlc2VuY2UiOiJQaHlzaWNhbCIsInR5cGUiOlsiRG9jdW1lbnRWZXJpZmljYXRpb24iXSwidmVyaWZpZXIiOiJkaWQ6ZWJzaToyQTlCWjlTVWU2QmF0YWNTcHZzMVY1Q2RqSHZMcFE3YkVzaTJKYjZMZEhLblF4YU4ifV0sIl9zZCI6WyJFMEFoZGM5VjA5NzdCRVl0OVI5RWJNZ1RyYzdHbFVfZXVGN0Y3ZG94WDY4Il19LCJqdGkiOiJ1cm46dXVpZDoyZTg5OTI5Yy01N2ZlLTQ5MTctOGMxZi04MTY2Y2RlZWE0MmYifQ.glPCsNGyoeMaq7fEt2SvkinfUd8SN5ZZvzpidkUyGIilqaI0OGIouDGDOMip-SIdvBdoGwjIOm7UiVLX7wl2cw"]},"iat":1726133989,"jti":"urn:uuid:290ef5ed-31a1-44a5-8765-cc39b4fe5db0"}
14604 [pool-1-thread-1 @coroutine#892] DEBUG id.walt.services.keystore.HKVKeyStoreService - Loading key "did:ebsi:zcKZwxurftKtLbmLYmANXuM#d0226e896f4b4c56a9361fd92d46221c".
14604 [pool-1-thread-1 @coroutine#892] DEBUG id.walt.services.jwt.WaltIdJwtService - Signing JWT with algorithm: ECDSA_Secp256k1
14604 [pool-1-thread-1 @coroutine#892] DEBUG id.walt.model.DidUrl - Trying to create DidUrl from URL: "did:ebsi:zcKZwxurftKtLbmLYmANXuM#d0226e896f4b4c56a9361fd92d46221c"...
14604 [pool-1-thread-1 @coroutine#892] DEBUG id.walt.services.keystore.HKVKeyStoreService - Loading key "d0226e896f4b4c56a9361fd92d46221c".
14604 [pool-1-thread-1 @coroutine#892] DEBUG id.walt.services.jwt.WaltIdJwtService - Signed JWT:  eyJraWQiOiJkaWQ6ZWJzaTp6Y0tad3h1cmZ0S3RMYm1MWW1BTlh1TSNkMDIyNmU4OTZmNGI0YzU2YTkzNjFmZDkyZDQ2MjIxYyIsInR5cCI6IkpXVCIsImFsZyI6IkVTMjU2SyJ9.eyJzdWIiOiJkaWQ6ZWJzaTp6Y0tad3h1cmZ0S3RMYm1MWW1BTlh1TSIsIm5iZiI6MTcyNjEzMzk4OSwiaXNzIjoiZGlkOmVic2k6emNLWnd4dXJmdEt0TGJtTFltQU5YdU0iLCJ2cCI6eyJ0eXBlIjpbIlZlcmlmaWFibGVQcmVzZW50YXRpb24iXSwiQGNvbnRleHQiOlsiaHR0cHM6Ly93d3cudzMub3JnLzIwMTgvY3JlZGVudGlhbHMvdjEiXSwiaWQiOiJ1cm46dXVpZDoyOTBlZjVlZC0zMWExLTQ0YTUtODc2NS1jYzM5YjRmZTVkYjAiLCJob2xkZXIiOiJkaWQ6ZWJzaTp6Y0tad3h1cmZ0S3RMYm1MWW1BTlh1TSIsInZlcmlmaWFibGVDcmVkZW50aWFsIjpbImV5SnJhV1FpT2lKa2FXUTZaV0p6YVRwNlkwdGFkM2gxY21aMFMzUk1ZbTFNV1cxQlRsaDFUU05rTURJeU5tVTRPVFptTkdJMFl6VTJZVGt6TmpGbVpEa3laRFEyTWpJeFl5SXNJblI1Y0NJNklrcFhWQ0lzSW1Gc1p5STZJa1ZUTWpVMlN5SjkuZXlKemRXSWlPaUprYVdRNlpXSnphVHA2WTB0YWQzaDFjbVowUzNSTVltMU1XVzFCVGxoMVRTSXNJbTVpWmlJNk1UY3lOakV6TXprNE9Td2lhWE56SWpvaVpHbGtPbVZpYzJrNmVtTkxXbmQ0ZFhKbWRFdDBUR0p0VEZsdFFVNVlkVTBpTENKcFlYUWlPakUzTWpZeE16TTVPRGtzSW5aaklqcDdJblI1Y0dVaU9sc2lWbVZ5YVdacFlXSnNaVU55WldSbGJuUnBZV3dpTENKV1pYSnBabWxoWW14bFFYUjBaWE4wWVhScGIyNGlMQ0pXWlhKcFptbGhZbXhsU1dRaVhTd2lRR052Ym5SbGVIUWlPbHNpYUhSMGNITTZMeTkzZDNjdWR6TXViM0puTHpJd01UZ3ZZM0psWkdWdWRHbGhiSE12ZGpFaVhTd2lhV1FpT2lKMWNtNDZkWFZwWkRveVpUZzVPVEk1WXkwMU4yWmxMVFE1TVRjdE9HTXhaaTA0TVRZMlkyUmxaV0UwTW1ZaUxDSnBjM04xWlhJaU9pSmthV1E2WldKemFUcDZZMHRhZDNoMWNtWjBTM1JNWW0xTVdXMUJUbGgxVFNJc0ltbHpjM1ZoYm1ObFJHRjBaU0k2SWpJd01qUXRNRGt0TVRKVU1EazZNems2TkRsYUlpd2lhWE56ZFdWa0lqb2lNakF5TkMwd09TMHhNbFF3T1Rvek9UbzBPVm9pTENKMllXeHBaRVp5YjIwaU9pSXlNREkwTFRBNUxURXlWREE1T2pNNU9qUTVXaUlzSW1OeVpXUmxiblJwWVd4VFkyaGxiV0VpT25zaWFXUWlPaUpvZEhSd2N6b3ZMM0poZHk1bmFYUm9kV0oxYzJWeVkyOXVkR1Z1ZEM1amIyMHZkMkZzZEMxcFpDOTNZV3gwYVdRdGMzTnBhMmwwTFhaamJHbGlMMjFoYzNSbGNpOXpjbU12ZEdWemRDOXlaWE52ZFhKalpYTXZjMk5vWlcxaGN5OVdaWEpwWm1saFlteGxTV1F1YW5OdmJpSXNJblI1Y0dVaU9pSkdkV3hzU25OdmJsTmphR1Z0WVZaaGJHbGtZWFJ2Y2pJd01qRWlmU3dpWlhacFpHVnVZMlVpT2x0N0ltUnZZM1Z0Wlc1MFVISmxjMlZ1WTJVaU9sc2lVR2g1YzJsallXd2lYU3dpWlhacFpHVnVZMlZFYjJOMWJXVnVkQ0k2V3lKUVlYTnpjRzl5ZENKZExDSnpkV0pxWldOMFVISmxjMlZ1WTJVaU9pSlFhSGx6YVdOaGJDSXNJblI1Y0dVaU9sc2lSRzlqZFcxbGJuUldaWEpwWm1sallYUnBiMjRpWFN3aWRtVnlhV1pwWlhJaU9pSmthV1E2WldKemFUb3lRVGxDV2psVFZXVTJRbUYwWVdOVGNIWnpNVlkxUTJScVNIWk1jRkUzWWtWemFUSktZalpNWkVoTGJsRjRZVTRpZlYwc0lsOXpaQ0k2V3lKRk1FRm9aR001VmpBNU56ZENSVmwwT1ZJNVJXSk5aMVJ5WXpkSGJGVmZaWFZHTjBZM1pHOTRXRFk0SWwxOUxDSnFkR2tpT2lKMWNtNDZkWFZwWkRveVpUZzVPVEk1WXkwMU4yWmxMVFE1TVRjdE9HTXhaaTA0TVRZMlkyUmxaV0UwTW1ZaWZRLmdsUENzTkd5b2VNYXE3ZkV0MlN2a2luZlVkOFNONVpadnpwaWRrVXlHSWlscWFJME9HSW91REdET01pcC1TSWR2QmRvR3dqSU9tN1VpVkxYN3dsMmN3Il19LCJpYXQiOjE3MjYxMzM5ODksImp0aSI6InVybjp1dWlkOjI5MGVmNWVkLTMxYTEtNDRhNS04NzY1LWNjMzliNGZlNWRiMCJ9.TnBuGthJRdigGBQGoXCodkqeg2daq9t1j-lBY4UjTcv5Yh-PkQXIESnSRcvb7T7bIPncB4lKxibzj6AzzxrRgw
14604 [pool-1-thread-1 @coroutine#892] DEBUG id.walt.services.vc.WaltIdJwtCredentialService - VP created:eyJraWQiOiJkaWQ6ZWJzaTp6Y0tad3h1cmZ0S3RMYm1MWW1BTlh1TSNkMDIyNmU4OTZmNGI0YzU2YTkzNjFmZDkyZDQ2MjIxYyIsInR5cCI6IkpXVCIsImFsZyI6IkVTMjU2SyJ9.eyJzdWIiOiJkaWQ6ZWJzaTp6Y0tad3h1cmZ0S3RMYm1MWW1BTlh1TSIsIm5iZiI6MTcyNjEzMzk4OSwiaXNzIjoiZGlkOmVic2k6emNLWnd4dXJmdEt0TGJtTFltQU5YdU0iLCJ2cCI6eyJ0eXBlIjpbIlZlcmlmaWFibGVQcmVzZW50YXRpb24iXSwiQGNvbnRleHQiOlsiaHR0cHM6Ly93d3cudzMub3JnLzIwMTgvY3JlZGVudGlhbHMvdjEiXSwiaWQiOiJ1cm46dXVpZDoyOTBlZjVlZC0zMWExLTQ0YTUtODc2NS1jYzM5YjRmZTVkYjAiLCJob2xkZXIiOiJkaWQ6ZWJzaTp6Y0tad3h1cmZ0S3RMYm1MWW1BTlh1TSIsInZlcmlmaWFibGVDcmVkZW50aWFsIjpbImV5SnJhV1FpT2lKa2FXUTZaV0p6YVRwNlkwdGFkM2gxY21aMFMzUk1ZbTFNV1cxQlRsaDFUU05rTURJeU5tVTRPVFptTkdJMFl6VTJZVGt6TmpGbVpEa3laRFEyTWpJeFl5SXNJblI1Y0NJNklrcFhWQ0lzSW1Gc1p5STZJa1ZUTWpVMlN5SjkuZXlKemRXSWlPaUprYVdRNlpXSnphVHA2WTB0YWQzaDFjbVowUzNSTVltMU1XVzFCVGxoMVRTSXNJbTVpWmlJNk1UY3lOakV6TXprNE9Td2lhWE56SWpvaVpHbGtPbVZpYzJrNmVtTkxXbmQ0ZFhKbWRFdDBUR0p0VEZsdFFVNVlkVTBpTENKcFlYUWlPakUzTWpZeE16TTVPRGtzSW5aaklqcDdJblI1Y0dVaU9sc2lWbVZ5YVdacFlXSnNaVU55WldSbGJuUnBZV3dpTENKV1pYSnBabWxoWW14bFFYUjBaWE4wWVhScGIyNGlMQ0pXWlhKcFptbGhZbXhsU1dRaVhTd2lRR052Ym5SbGVIUWlPbHNpYUhSMGNITTZMeTkzZDNjdWR6TXViM0puTHpJd01UZ3ZZM0psWkdWdWRHbGhiSE12ZGpFaVhTd2lhV1FpT2lKMWNtNDZkWFZwWkRveVpUZzVPVEk1WXkwMU4yWmxMVFE1TVRjdE9HTXhaaTA0TVRZMlkyUmxaV0UwTW1ZaUxDSnBjM04xWlhJaU9pSmthV1E2WldKemFUcDZZMHRhZDNoMWNtWjBTM1JNWW0xTVdXMUJUbGgxVFNJc0ltbHpjM1ZoYm1ObFJHRjBaU0k2SWpJd01qUXRNRGt0TVRKVU1EazZNems2TkRsYUlpd2lhWE56ZFdWa0lqb2lNakF5TkMwd09TMHhNbFF3T1Rvek9UbzBPVm9pTENKMllXeHBaRVp5YjIwaU9pSXlNREkwTFRBNUxURXlWREE1T2pNNU9qUTVXaUlzSW1OeVpXUmxiblJwWVd4VFkyaGxiV0VpT25zaWFXUWlPaUpvZEhSd2N6b3ZMM0poZHk1bmFYUm9kV0oxYzJWeVkyOXVkR1Z1ZEM1amIyMHZkMkZzZEMxcFpDOTNZV3gwYVdRdGMzTnBhMmwwTFhaamJHbGlMMjFoYzNSbGNpOXpjbU12ZEdWemRDOXlaWE52ZFhKalpYTXZjMk5vWlcxaGN5OVdaWEpwWm1saFlteGxTV1F1YW5OdmJpSXNJblI1Y0dVaU9pSkdkV3hzU25OdmJsTmphR1Z0WVZaaGJHbGtZWFJ2Y2pJd01qRWlmU3dpWlhacFpHVnVZMlVpT2x0N0ltUnZZM1Z0Wlc1MFVISmxjMlZ1WTJVaU9sc2lVR2g1YzJsallXd2lYU3dpWlhacFpHVnVZMlZFYjJOMWJXVnVkQ0k2V3lKUVlYTnpjRzl5ZENKZExDSnpkV0pxWldOMFVISmxjMlZ1WTJVaU9pSlFhSGx6YVdOaGJDSXNJblI1Y0dVaU9sc2lSRzlqZFcxbGJuUldaWEpwWm1sallYUnBiMjRpWFN3aWRtVnlhV1pwWlhJaU9pSmthV1E2WldKemFUb3lRVGxDV2psVFZXVTJRbUYwWVdOVGNIWnpNVlkxUTJScVNIWk1jRkUzWWtWemFUSktZalpNWkVoTGJsRjRZVTRpZlYwc0lsOXpaQ0k2V3lKRk1FRm9aR001VmpBNU56ZENSVmwwT1ZJNVJXSk5aMVJ5WXpkSGJGVmZaWFZHTjBZM1pHOTRXRFk0SWwxOUxDSnFkR2tpT2lKMWNtNDZkWFZwWkRveVpUZzVPVEk1WXkwMU4yWmxMVFE1TVRjdE9HTXhaaTA0TVRZMlkyUmxaV0UwTW1ZaWZRLmdsUENzTkd5b2VNYXE3ZkV0MlN2a2luZlVkOFNONVpadnpwaWRrVXlHSWlscWFJME9HSW91REdET01pcC1TSWR2QmRvR3dqSU9tN1VpVkxYN3dsMmN3Il19LCJpYXQiOjE3MjYxMzM5ODksImp0aSI6InVybjp1dWlkOjI5MGVmNWVkLTMxYTEtNDRhNS04NzY1LWNjMzliNGZlNWRiMCJ9.TnBuGthJRdigGBQGoXCodkqeg2daq9t1j-lBY4UjTcv5Yh-PkQXIESnSRcvb7T7bIPncB4lKxibzj6AzzxrRgw
14605 [pool-1-thread-1 @coroutine#892] DEBUG id.walt.auditor.Auditor - Verifying vc with SignaturePolicy ...
14605 [pool-1-thread-1 @coroutine#892] DEBUG id.walt.auditor.policies.SignaturePolicy - is jwt: true
14605 [pool-1-thread-1 @coroutine#892] DEBUG id.walt.services.vc.WaltIdJwtCredentialService - Verifying vc: eyJraWQiOiJkaWQ6ZWJzaTp6Y0tad3h1cmZ0S3RMYm1MWW1BTlh1TSNkMDIyNmU4OTZmNGI0YzU2YTkzNjFmZDkyZDQ2MjIxYyIsInR5cCI6IkpXVCIsImFsZyI6IkVTMjU2SyJ9.eyJzdWIiOiJkaWQ6ZWJzaTp6Y0tad3h1cmZ0S3RMYm1MWW1BTlh1TSIsIm5iZiI6MTcyNjEzMzk4OSwiaXNzIjoiZGlkOmVic2k6emNLWnd4dXJmdEt0TGJtTFltQU5YdU0iLCJ2cCI6eyJ0eXBlIjpbIlZlcmlmaWFibGVQcmVzZW50YXRpb24iXSwiQGNvbnRleHQiOlsiaHR0cHM6Ly93d3cudzMub3JnLzIwMTgvY3JlZGVudGlhbHMvdjEiXSwiaWQiOiJ1cm46dXVpZDoyOTBlZjVlZC0zMWExLTQ0YTUtODc2NS1jYzM5YjRmZTVkYjAiLCJob2xkZXIiOiJkaWQ6ZWJzaTp6Y0tad3h1cmZ0S3RMYm1MWW1BTlh1TSIsInZlcmlmaWFibGVDcmVkZW50aWFsIjpbImV5SnJhV1FpT2lKa2FXUTZaV0p6YVRwNlkwdGFkM2gxY21aMFMzUk1ZbTFNV1cxQlRsaDFUU05rTURJeU5tVTRPVFptTkdJMFl6VTJZVGt6TmpGbVpEa3laRFEyTWpJeFl5SXNJblI1Y0NJNklrcFhWQ0lzSW1Gc1p5STZJa1ZUTWpVMlN5SjkuZXlKemRXSWlPaUprYVdRNlpXSnphVHA2WTB0YWQzaDFjbVowUzNSTVltMU1XVzFCVGxoMVRTSXNJbTVpWmlJNk1UY3lOakV6TXprNE9Td2lhWE56SWpvaVpHbGtPbVZpYzJrNmVtTkxXbmQ0ZFhKbWRFdDBUR0p0VEZsdFFVNVlkVTBpTENKcFlYUWlPakUzTWpZeE16TTVPRGtzSW5aaklqcDdJblI1Y0dVaU9sc2lWbVZ5YVdacFlXSnNaVU55WldSbGJuUnBZV3dpTENKV1pYSnBabWxoWW14bFFYUjBaWE4wWVhScGIyNGlMQ0pXWlhKcFptbGhZbXhsU1dRaVhTd2lRR052Ym5SbGVIUWlPbHNpYUhSMGNITTZMeTkzZDNjdWR6TXViM0puTHpJd01UZ3ZZM0psWkdWdWRHbGhiSE12ZGpFaVhTd2lhV1FpT2lKMWNtNDZkWFZwWkRveVpUZzVPVEk1WXkwMU4yWmxMVFE1TVRjdE9HTXhaaTA0TVRZMlkyUmxaV0UwTW1ZaUxDSnBjM04xWlhJaU9pSmthV1E2WldKemFUcDZZMHRhZDNoMWNtWjBTM1JNWW0xTVdXMUJUbGgxVFNJc0ltbHpjM1ZoYm1ObFJHRjBaU0k2SWpJd01qUXRNRGt0TVRKVU1EazZNems2TkRsYUlpd2lhWE56ZFdWa0lqb2lNakF5TkMwd09TMHhNbFF3T1Rvek9UbzBPVm9pTENKMllXeHBaRVp5YjIwaU9pSXlNREkwTFRBNUxURXlWREE1T2pNNU9qUTVXaUlzSW1OeVpXUmxiblJwWVd4VFkyaGxiV0VpT25zaWFXUWlPaUpvZEhSd2N6b3ZMM0poZHk1bmFYUm9kV0oxYzJWeVkyOXVkR1Z1ZEM1amIyMHZkMkZzZEMxcFpDOTNZV3gwYVdRdGMzTnBhMmwwTFhaamJHbGlMMjFoYzNSbGNpOXpjbU12ZEdWemRDOXlaWE52ZFhKalpYTXZjMk5vWlcxaGN5OVdaWEpwWm1saFlteGxTV1F1YW5OdmJpSXNJblI1Y0dVaU9pSkdkV3hzU25OdmJsTmphR1Z0WVZaaGJHbGtZWFJ2Y2pJd01qRWlmU3dpWlhacFpHVnVZMlVpT2x0N0ltUnZZM1Z0Wlc1MFVISmxjMlZ1WTJVaU9sc2lVR2g1YzJsallXd2lYU3dpWlhacFpHVnVZMlZFYjJOMWJXVnVkQ0k2V3lKUVlYTnpjRzl5ZENKZExDSnpkV0pxWldOMFVISmxjMlZ1WTJVaU9pSlFhSGx6YVdOaGJDSXNJblI1Y0dVaU9sc2lSRzlqZFcxbGJuUldaWEpwWm1sallYUnBiMjRpWFN3aWRtVnlhV1pwWlhJaU9pSmthV1E2WldKemFUb3lRVGxDV2psVFZXVTJRbUYwWVdOVGNIWnpNVlkxUTJScVNIWk1jRkUzWWtWemFUSktZalpNWkVoTGJsRjRZVTRpZlYwc0lsOXpaQ0k2V3lKRk1FRm9aR001VmpBNU56ZENSVmwwT1ZJNVJXSk5aMVJ5WXpkSGJGVmZaWFZHTjBZM1pHOTRXRFk0SWwxOUxDSnFkR2tpT2lKMWNtNDZkWFZwWkRveVpUZzVPVEk1WXkwMU4yWmxMVFE1TVRjdE9HTXhaaTA0TVRZMlkyUmxaV0UwTW1ZaWZRLmdsUENzTkd5b2VNYXE3ZkV0MlN2a2luZlVkOFNONVpadnpwaWRrVXlHSWlscWFJME9HSW91REdET01pcC1TSWR2QmRvR3dqSU9tN1VpVkxYN3dsMmN3Il19LCJpYXQiOjE3MjYxMzM5ODksImp0aSI6InVybjp1dWlkOjI5MGVmNWVkLTMxYTEtNDRhNS04NzY1LWNjMzliNGZlNWRiMCJ9.TnBuGthJRdigGBQGoXCodkqeg2daq9t1j-lBY4UjTcv5Yh-PkQXIESnSRcvb7T7bIPncB4lKxibzj6AzzxrRgw
14605 [pool-1-thread-1 @coroutine#892] DEBUG id.walt.services.jwt.WaltIdJwtService - Verifying token:  eyJraWQiOiJkaWQ6ZWJzaTp6Y0tad3h1cmZ0S3RMYm1MWW1BTlh1TSNkMDIyNmU4OTZmNGI0YzU2YTkzNjFmZDkyZDQ2MjIxYyIsInR5cCI6IkpXVCIsImFsZyI6IkVTMjU2SyJ9.eyJzdWIiOiJkaWQ6ZWJzaTp6Y0tad3h1cmZ0S3RMYm1MWW1BTlh1TSIsIm5iZiI6MTcyNjEzMzk4OSwiaXNzIjoiZGlkOmVic2k6emNLWnd4dXJmdEt0TGJtTFltQU5YdU0iLCJ2cCI6eyJ0eXBlIjpbIlZlcmlmaWFibGVQcmVzZW50YXRpb24iXSwiQGNvbnRleHQiOlsiaHR0cHM6Ly93d3cudzMub3JnLzIwMTgvY3JlZGVudGlhbHMvdjEiXSwiaWQiOiJ1cm46dXVpZDoyOTBlZjVlZC0zMWExLTQ0YTUtODc2NS1jYzM5YjRmZTVkYjAiLCJob2xkZXIiOiJkaWQ6ZWJzaTp6Y0tad3h1cmZ0S3RMYm1MWW1BTlh1TSIsInZlcmlmaWFibGVDcmVkZW50aWFsIjpbImV5SnJhV1FpT2lKa2FXUTZaV0p6YVRwNlkwdGFkM2gxY21aMFMzUk1ZbTFNV1cxQlRsaDFUU05rTURJeU5tVTRPVFptTkdJMFl6VTJZVGt6TmpGbVpEa3laRFEyTWpJeFl5SXNJblI1Y0NJNklrcFhWQ0lzSW1Gc1p5STZJa1ZUTWpVMlN5SjkuZXlKemRXSWlPaUprYVdRNlpXSnphVHA2WTB0YWQzaDFjbVowUzNSTVltMU1XVzFCVGxoMVRTSXNJbTVpWmlJNk1UY3lOakV6TXprNE9Td2lhWE56SWpvaVpHbGtPbVZpYzJrNmVtTkxXbmQ0ZFhKbWRFdDBUR0p0VEZsdFFVNVlkVTBpTENKcFlYUWlPakUzTWpZeE16TTVPRGtzSW5aaklqcDdJblI1Y0dVaU9sc2lWbVZ5YVdacFlXSnNaVU55WldSbGJuUnBZV3dpTENKV1pYSnBabWxoWW14bFFYUjBaWE4wWVhScGIyNGlMQ0pXWlhKcFptbGhZbXhsU1dRaVhTd2lRR052Ym5SbGVIUWlPbHNpYUhSMGNITTZMeTkzZDNjdWR6TXViM0puTHpJd01UZ3ZZM0psWkdWdWRHbGhiSE12ZGpFaVhTd2lhV1FpT2lKMWNtNDZkWFZwWkRveVpUZzVPVEk1WXkwMU4yWmxMVFE1TVRjdE9HTXhaaTA0TVRZMlkyUmxaV0UwTW1ZaUxDSnBjM04xWlhJaU9pSmthV1E2WldKemFUcDZZMHRhZDNoMWNtWjBTM1JNWW0xTVdXMUJUbGgxVFNJc0ltbHpjM1ZoYm1ObFJHRjBaU0k2SWpJd01qUXRNRGt0TVRKVU1EazZNems2TkRsYUlpd2lhWE56ZFdWa0lqb2lNakF5TkMwd09TMHhNbFF3T1Rvek9UbzBPVm9pTENKMllXeHBaRVp5YjIwaU9pSXlNREkwTFRBNUxURXlWREE1T2pNNU9qUTVXaUlzSW1OeVpXUmxiblJwWVd4VFkyaGxiV0VpT25zaWFXUWlPaUpvZEhSd2N6b3ZMM0poZHk1bmFYUm9kV0oxYzJWeVkyOXVkR1Z1ZEM1amIyMHZkMkZzZEMxcFpDOTNZV3gwYVdRdGMzTnBhMmwwTFhaamJHbGlMMjFoYzNSbGNpOXpjbU12ZEdWemRDOXlaWE52ZFhKalpYTXZjMk5vWlcxaGN5OVdaWEpwWm1saFlteGxTV1F1YW5OdmJpSXNJblI1Y0dVaU9pSkdkV3hzU25OdmJsTmphR1Z0WVZaaGJHbGtZWFJ2Y2pJd01qRWlmU3dpWlhacFpHVnVZMlVpT2x0N0ltUnZZM1Z0Wlc1MFVISmxjMlZ1WTJVaU9sc2lVR2g1YzJsallXd2lYU3dpWlhacFpHVnVZMlZFYjJOMWJXVnVkQ0k2V3lKUVlYTnpjRzl5ZENKZExDSnpkV0pxWldOMFVISmxjMlZ1WTJVaU9pSlFhSGx6YVdOaGJDSXNJblI1Y0dVaU9sc2lSRzlqZFcxbGJuUldaWEpwWm1sallYUnBiMjRpWFN3aWRtVnlhV1pwWlhJaU9pSmthV1E2WldKemFUb3lRVGxDV2psVFZXVTJRbUYwWVdOVGNIWnpNVlkxUTJScVNIWk1jRkUzWWtWemFUSktZalpNWkVoTGJsRjRZVTRpZlYwc0lsOXpaQ0k2V3lKRk1FRm9aR001VmpBNU56ZENSVmwwT1ZJNVJXSk5aMVJ5WXpkSGJGVmZaWFZHTjBZM1pHOTRXRFk0SWwxOUxDSnFkR2tpT2lKMWNtNDZkWFZwWkRveVpUZzVPVEk1WXkwMU4yWmxMVFE1TVRjdE9HTXhaaTA0TVRZMlkyUmxaV0UwTW1ZaWZRLmdsUENzTkd5b2VNYXE3ZkV0MlN2a2luZlVkOFNONVpadnpwaWRrVXlHSWlscWFJME9HSW91REdET01pcC1TSWR2QmRvR3dqSU9tN1VpVkxYN3dsMmN3Il19LCJpYXQiOjE3MjYxMzM5ODksImp0aSI6InVybjp1dWlkOjI5MGVmNWVkLTMxYTEtNDRhNS04NzY1LWNjMzliNGZlNWRiMCJ9.TnBuGthJRdigGBQGoXCodkqeg2daq9t1j-lBY4UjTcv5Yh-PkQXIESnSRcvb7T7bIPncB4lKxibzj6AzzxrRgw
14605 [pool-1-thread-1 @coroutine#892] DEBUG id.walt.model.DidUrl - Trying to create DidUrl from URL: "did:ebsi:zcKZwxurftKtLbmLYmANXuM#d0226e896f4b4c56a9361fd92d46221c"...
14605 [pool-1-thread-1 @coroutine#892] DEBUG id.walt.model.DidUrl - Trying to create DidUrl from URL: "did:ebsi:zcKZwxurftKtLbmLYmANXuM#d0226e896f4b4c56a9361fd92d46221c"...
14605 [pool-1-thread-1 @coroutine#892] DEBUG id.walt.services.did.DidService - Loading or resolving "did:ebsi:zcKZwxurftKtLbmLYmANXuM"...
14605 [pool-1-thread-1 @coroutine#892] DEBUG id.walt.model.DidUrl - Trying to create DidUrl from URL: "did:ebsi:zcKZwxurftKtLbmLYmANXuM"...
14605 [pool-1-thread-1 @coroutine#892] DEBUG id.walt.services.did.DidService - loadOrResolve: url=DidUrl(method=ebsi, identifier=zcKZwxurftKtLbmLYmANXuM, fragment=zcKZwxurftKtLbmLYmANXuM, query=null), length of stored=954
14605 [pool-1-thread-1 @coroutine#892] DEBUG id.walt.model.DidUrl - Trying to create DidUrl from URL: "did:ebsi:zcKZwxurftKtLbmLYmANXuM"...
14605 [pool-1-thread-1 @coroutine#892] DEBUG id.walt.model.DidUrl - Trying to create DidUrl from URL: "did:ebsi:zcKZwxurftKtLbmLYmANXuM"...
14605 [pool-1-thread-1 @coroutine#892] DEBUG id.walt.model.DidUrl - Trying to create DidUrl from URL: "did:ebsi:zcKZwxurftKtLbmLYmANXuM"...
14607 [pool-1-thread-1 @coroutine#892] DEBUG id.walt.services.keystore.HKVKeyStoreService - Loading key "did:ebsi:zcKZwxurftKtLbmLYmANXuM#d0226e896f4b4c56a9361fd92d46221c".
14607 [pool-1-thread-1 @coroutine#892] DEBUG id.walt.services.keystore.HKVKeyStoreService - Loading key "d0226e896f4b4c56a9361fd92d46221c".
14607 [pool-1-thread-1 @coroutine#892] DEBUG id.walt.services.jwt.WaltIdJwtService - JWT verified returned:  true (with key: d0226e896f4b4c56a9361fd92d46221c)
14607 [pool-1-thread-1 @coroutine#892] DEBUG id.walt.auditor.VerificationPolicy - VC [VerifiablePresentation] passes policy SignaturePolicy: passed
14607 [pool-1-thread-1 @coroutine#892] DEBUG id.walt.auditor.Auditor - Verifying VerifiableId in VP with SignaturePolicy...
14607 [pool-1-thread-1 @coroutine#892] DEBUG id.walt.auditor.policies.SignaturePolicy - is jwt: true
14607 [pool-1-thread-1 @coroutine#892] DEBUG id.walt.services.vc.WaltIdJwtCredentialService - Verifying vc: eyJraWQiOiJkaWQ6ZWJzaTp6Y0tad3h1cmZ0S3RMYm1MWW1BTlh1TSNkMDIyNmU4OTZmNGI0YzU2YTkzNjFmZDkyZDQ2MjIxYyIsInR5cCI6IkpXVCIsImFsZyI6IkVTMjU2SyJ9.eyJzdWIiOiJkaWQ6ZWJzaTp6Y0tad3h1cmZ0S3RMYm1MWW1BTlh1TSIsIm5iZiI6MTcyNjEzMzk4OSwiaXNzIjoiZGlkOmVic2k6emNLWnd4dXJmdEt0TGJtTFltQU5YdU0iLCJpYXQiOjE3MjYxMzM5ODksInZjIjp7InR5cGUiOlsiVmVyaWZpYWJsZUNyZWRlbnRpYWwiLCJWZXJpZmlhYmxlQXR0ZXN0YXRpb24iLCJWZXJpZmlhYmxlSWQiXSwiQGNvbnRleHQiOlsiaHR0cHM6Ly93d3cudzMub3JnLzIwMTgvY3JlZGVudGlhbHMvdjEiXSwiaWQiOiJ1cm46dXVpZDoyZTg5OTI5Yy01N2ZlLTQ5MTctOGMxZi04MTY2Y2RlZWE0MmYiLCJpc3N1ZXIiOiJkaWQ6ZWJzaTp6Y0tad3h1cmZ0S3RMYm1MWW1BTlh1TSIsImlzc3VhbmNlRGF0ZSI6IjIwMjQtMDktMTJUMDk6Mzk6NDlaIiwiaXNzdWVkIjoiMjAyNC0wOS0xMlQwOTozOTo0OVoiLCJ2YWxpZEZyb20iOiIyMDI0LTA5LTEyVDA5OjM5OjQ5WiIsImNyZWRlbnRpYWxTY2hlbWEiOnsiaWQiOiJodHRwczovL3Jhdy5naXRodWJ1c2VyY29udGVudC5jb20vd2FsdC1pZC93YWx0aWQtc3Npa2l0LXZjbGliL21hc3Rlci9zcmMvdGVzdC9yZXNvdXJjZXMvc2NoZW1hcy9WZXJpZmlhYmxlSWQuanNvbiIsInR5cGUiOiJGdWxsSnNvblNjaGVtYVZhbGlkYXRvcjIwMjEifSwiZXZpZGVuY2UiOlt7ImRvY3VtZW50UHJlc2VuY2UiOlsiUGh5c2ljYWwiXSwiZXZpZGVuY2VEb2N1bWVudCI6WyJQYXNzcG9ydCJdLCJzdWJqZWN0UHJlc2VuY2UiOiJQaHlzaWNhbCIsInR5cGUiOlsiRG9jdW1lbnRWZXJpZmljYXRpb24iXSwidmVyaWZpZXIiOiJkaWQ6ZWJzaToyQTlCWjlTVWU2QmF0YWNTcHZzMVY1Q2RqSHZMcFE3YkVzaTJKYjZMZEhLblF4YU4ifV0sIl9zZCI6WyJFMEFoZGM5VjA5NzdCRVl0OVI5RWJNZ1RyYzdHbFVfZXVGN0Y3ZG94WDY4Il19LCJqdGkiOiJ1cm46dXVpZDoyZTg5OTI5Yy01N2ZlLTQ5MTctOGMxZi04MTY2Y2RlZWE0MmYifQ.glPCsNGyoeMaq7fEt2SvkinfUd8SN5ZZvzpidkUyGIilqaI0OGIouDGDOMip-SIdvBdoGwjIOm7UiVLX7wl2cw
14608 [pool-1-thread-1 @coroutine#892] DEBUG id.walt.services.jwt.WaltIdJwtService - Verifying token:  eyJraWQiOiJkaWQ6ZWJzaTp6Y0tad3h1cmZ0S3RMYm1MWW1BTlh1TSNkMDIyNmU4OTZmNGI0YzU2YTkzNjFmZDkyZDQ2MjIxYyIsInR5cCI6IkpXVCIsImFsZyI6IkVTMjU2SyJ9.eyJzdWIiOiJkaWQ6ZWJzaTp6Y0tad3h1cmZ0S3RMYm1MWW1BTlh1TSIsIm5iZiI6MTcyNjEzMzk4OSwiaXNzIjoiZGlkOmVic2k6emNLWnd4dXJmdEt0TGJtTFltQU5YdU0iLCJpYXQiOjE3MjYxMzM5ODksInZjIjp7InR5cGUiOlsiVmVyaWZpYWJsZUNyZWRlbnRpYWwiLCJWZXJpZmlhYmxlQXR0ZXN0YXRpb24iLCJWZXJpZmlhYmxlSWQiXSwiQGNvbnRleHQiOlsiaHR0cHM6Ly93d3cudzMub3JnLzIwMTgvY3JlZGVudGlhbHMvdjEiXSwiaWQiOiJ1cm46dXVpZDoyZTg5OTI5Yy01N2ZlLTQ5MTctOGMxZi04MTY2Y2RlZWE0MmYiLCJpc3N1ZXIiOiJkaWQ6ZWJzaTp6Y0tad3h1cmZ0S3RMYm1MWW1BTlh1TSIsImlzc3VhbmNlRGF0ZSI6IjIwMjQtMDktMTJUMDk6Mzk6NDlaIiwiaXNzdWVkIjoiMjAyNC0wOS0xMlQwOTozOTo0OVoiLCJ2YWxpZEZyb20iOiIyMDI0LTA5LTEyVDA5OjM5OjQ5WiIsImNyZWRlbnRpYWxTY2hlbWEiOnsiaWQiOiJodHRwczovL3Jhdy5naXRodWJ1c2VyY29udGVudC5jb20vd2FsdC1pZC93YWx0aWQtc3Npa2l0LXZjbGliL21hc3Rlci9zcmMvdGVzdC9yZXNvdXJjZXMvc2NoZW1hcy9WZXJpZmlhYmxlSWQuanNvbiIsInR5cGUiOiJGdWxsSnNvblNjaGVtYVZhbGlkYXRvcjIwMjEifSwiZXZpZGVuY2UiOlt7ImRvY3VtZW50UHJlc2VuY2UiOlsiUGh5c2ljYWwiXSwiZXZpZGVuY2VEb2N1bWVudCI6WyJQYXNzcG9ydCJdLCJzdWJqZWN0UHJlc2VuY2UiOiJQaHlzaWNhbCIsInR5cGUiOlsiRG9jdW1lbnRWZXJpZmljYXRpb24iXSwidmVyaWZpZXIiOiJkaWQ6ZWJzaToyQTlCWjlTVWU2QmF0YWNTcHZzMVY1Q2RqSHZMcFE3YkVzaTJKYjZMZEhLblF4YU4ifV0sIl9zZCI6WyJFMEFoZGM5VjA5NzdCRVl0OVI5RWJNZ1RyYzdHbFVfZXVGN0Y3ZG94WDY4Il19LCJqdGkiOiJ1cm46dXVpZDoyZTg5OTI5Yy01N2ZlLTQ5MTctOGMxZi04MTY2Y2RlZWE0MmYifQ.glPCsNGyoeMaq7fEt2SvkinfUd8SN5ZZvzpidkUyGIilqaI0OGIouDGDOMip-SIdvBdoGwjIOm7UiVLX7wl2cw
14608 [pool-1-thread-1 @coroutine#892] DEBUG id.walt.model.DidUrl - Trying to create DidUrl from URL: "did:ebsi:zcKZwxurftKtLbmLYmANXuM#d0226e896f4b4c56a9361fd92d46221c"...
14608 [pool-1-thread-1 @coroutine#892] DEBUG id.walt.model.DidUrl - Trying to create DidUrl from URL: "did:ebsi:zcKZwxurftKtLbmLYmANXuM#d0226e896f4b4c56a9361fd92d46221c"...
14608 [pool-1-thread-1 @coroutine#892] DEBUG id.walt.services.did.DidService - Loading or resolving "did:ebsi:zcKZwxurftKtLbmLYmANXuM"...
14608 [pool-1-thread-1 @coroutine#892] DEBUG id.walt.model.DidUrl - Trying to create DidUrl from URL: "did:ebsi:zcKZwxurftKtLbmLYmANXuM"...
14608 [pool-1-thread-1 @coroutine#892] DEBUG id.walt.services.did.DidService - loadOrResolve: url=DidUrl(method=ebsi, identifier=zcKZwxurftKtLbmLYmANXuM, fragment=zcKZwxurftKtLbmLYmANXuM, query=null), length of stored=954
14608 [pool-1-thread-1 @coroutine#892] DEBUG id.walt.model.DidUrl - Trying to create DidUrl from URL: "did:ebsi:zcKZwxurftKtLbmLYmANXuM"...
14608 [pool-1-thread-1 @coroutine#892] DEBUG id.walt.model.DidUrl - Trying to create DidUrl from URL: "did:ebsi:zcKZwxurftKtLbmLYmANXuM"...
14608 [pool-1-thread-1 @coroutine#892] DEBUG id.walt.model.DidUrl - Trying to create DidUrl from URL: "did:ebsi:zcKZwxurftKtLbmLYmANXuM"...
14609 [pool-1-thread-1 @coroutine#892] DEBUG id.walt.services.keystore.HKVKeyStoreService - Loading key "did:ebsi:zcKZwxurftKtLbmLYmANXuM#d0226e896f4b4c56a9361fd92d46221c".
14609 [pool-1-thread-1 @coroutine#892] DEBUG id.walt.services.keystore.HKVKeyStoreService - Loading key "d0226e896f4b4c56a9361fd92d46221c".
14610 [pool-1-thread-1 @coroutine#892] DEBUG id.walt.services.jwt.WaltIdJwtService - JWT verified returned:  true (with key: d0226e896f4b4c56a9361fd92d46221c)
14610 [pool-1-thread-1 @coroutine#892] DEBUG id.walt.auditor.VerificationPolicy - VC [VerifiableCredential, VerifiableAttestation, VerifiableId] passes policy SignaturePolicy: passed
14610 [pool-1-thread-1 @coroutine#892] DEBUG id.walt.services.vc.WaltIdJwtCredentialService - Creating a presentation for VCs:
[PresentableCredential(verifiableCredential=eyJraWQiOiJkaWQ6ZWJzaTp6Y0tad3h1cmZ0S3RMYm1MWW1BTlh1TSNkMDIyNmU4OTZmNGI0YzU2YTkzNjFmZDkyZDQ2MjIxYyIsInR5cCI6IkpXVCIsImFsZyI6IkVTMjU2SyJ9.eyJzdWIiOiJkaWQ6ZWJzaTp6Y0tad3h1cmZ0S3RMYm1MWW1BTlh1TSIsIm5iZiI6MTcyNjEzMzk4OSwiaXNzIjoiZGlkOmVic2k6emNLWnd4dXJmdEt0TGJtTFltQU5YdU0iLCJpYXQiOjE3MjYxMzM5ODksInZjIjp7InR5cGUiOlsiVmVyaWZpYWJsZUNyZWRlbnRpYWwiLCJWZXJpZmlhYmxlQXR0ZXN0YXRpb24iLCJWZXJpZmlhYmxlSWQiXSwiQGNvbnRleHQiOlsiaHR0cHM6Ly93d3cudzMub3JnLzIwMTgvY3JlZGVudGlhbHMvdjEiXSwiaWQiOiJ1cm46dXVpZDoyZTg5OTI5Yy01N2ZlLTQ5MTctOGMxZi04MTY2Y2RlZWE0MmYiLCJpc3N1ZXIiOiJkaWQ6ZWJzaTp6Y0tad3h1cmZ0S3RMYm1MWW1BTlh1TSIsImlzc3VhbmNlRGF0ZSI6IjIwMjQtMDktMTJUMDk6Mzk6NDlaIiwiaXNzdWVkIjoiMjAyNC0wOS0xMlQwOTozOTo0OVoiLCJ2YWxpZEZyb20iOiIyMDI0LTA5LTEyVDA5OjM5OjQ5WiIsImNyZWRlbnRpYWxTY2hlbWEiOnsiaWQiOiJodHRwczovL3Jhdy5naXRodWJ1c2VyY29udGVudC5jb20vd2FsdC1pZC93YWx0aWQtc3Npa2l0LXZjbGliL21hc3Rlci9zcmMvdGVzdC9yZXNvdXJjZXMvc2NoZW1hcy9WZXJpZmlhYmxlSWQuanNvbiIsInR5cGUiOiJGdWxsSnNvblNjaGVtYVZhbGlkYXRvcjIwMjEifSwiZXZpZGVuY2UiOlt7ImRvY3VtZW50UHJlc2VuY2UiOlsiUGh5c2ljYWwiXSwiZXZpZGVuY2VEb2N1bWVudCI6WyJQYXNzcG9ydCJdLCJzdWJqZWN0UHJlc2VuY2UiOiJQaHlzaWNhbCIsInR5cGUiOlsiRG9jdW1lbnRWZXJpZmljYXRpb24iXSwidmVyaWZpZXIiOiJkaWQ6ZWJzaToyQTlCWjlTVWU2QmF0YWNTcHZzMVY1Q2RqSHZMcFE3YkVzaTJKYjZMZEhLblF4YU4ifV0sIl9zZCI6WyJFMEFoZGM5VjA5NzdCRVl0OVI5RWJNZ1RyYzdHbFVfZXVGN0Y3ZG94WDY4Il19LCJqdGkiOiJ1cm46dXVpZDoyZTg5OTI5Yy01N2ZlLTQ5MTctOGMxZi04MTY2Y2RlZWE0MmYifQ.glPCsNGyoeMaq7fEt2SvkinfUd8SN5ZZvzpidkUyGIilqaI0OGIouDGDOMip-SIdvBdoGwjIOm7UiVLX7wl2cw~WyJNU1VIdTRVQ1p3aGQ0S3JGMkJSX2x3IiwiZGF0ZU9mQmlydGgiLCIxOTkzLTA0LTA4Il0~WyJURWRpdnJ0VWpBX2s0U1FiNm12cE93IiwiZmlyc3ROYW1lIiwiSmFuZSJd~WyJITTBQdy16Q3NNcG52Q0pmV3o2TVlRIiwiY3JlZGVudGlhbFN1YmplY3QiLHsiaWQiOiJkaWQ6ZWJzaTp6Y0tad3h1cmZ0S3RMYm1MWW1BTlh1TSIsImN1cnJlbnRBZGRyZXNzIjpbIjEgQm91bGV2YXJkIGRlIGxhIExpYmVydMOpLCA1OTgwMCBMaWxsZSJdLCJmYW1pbHlOYW1lIjoiRE9FIiwiZ2VuZGVyIjoiRkVNQUxFIiwibmFtZUFuZEZhbWlseU5hbWVBdEJpcnRoIjoiSmFuZSBET0UiLCJwZXJzb25hbElkZW50aWZpZXIiOiIwOTA0MDA4MDg0SCIsInBsYWNlT2ZCaXJ0aCI6IkxJTExFLCBGUkFOQ0UiLCJfc2QiOlsiV3djMkpKNVNsclU2RmNybmVWdlAtdWF5WC1ycDM4dG9kR0pTanhNZmxwWSIsImtfNjFKalNRb2J0RHVMNEFSckNkX2FUSlR6aFc2T0VFYkJfbTBKaGR3RG8iXX1d, selectiveDisclosure=id.walt.sdjwt.SDMap@e39be4d, discloseAll=false)]
14610 [pool-1-thread-1 @coroutine#892] DEBUG id.walt.model.DidUrl - Trying to create DidUrl from URL: "did:ebsi:zcKZwxurftKtLbmLYmANXuM"...
14611 [pool-1-thread-1 @coroutine#892] DEBUG id.walt.services.vc.WaltIdJwtCredentialService - Signing JWT object with config: ProofConfig(issuerDid=did:ebsi:zcKZwxurftKtLbmLYmANXuM, subjectDid=did:ebsi:zcKZwxurftKtLbmLYmANXuM, verifierDid=null, issuerVerificationMethod=did:ebsi:zcKZwxurftKtLbmLYmANXuM#d0226e896f4b4c56a9361fd92d46221c, proofType=JWT, domain=null, nonce=null, proofPurpose=null, credentialId=urn:uuid:33fa661f-2afd-4dd3-8795-24291d525178, issueDate=null, validDate=null, expirationDate=null, dataProviderIdentifier=null, ldSignatureType=null, creator=did:ebsi:zcKZwxurftKtLbmLYmANXuM, ecosystem=DEFAULT, statusType=null, statusPurpose=revocation, credentialsEndpoint=null, selectiveDisclosure=null)
14611 [pool-1-thread-1 @coroutine#892] DEBUG id.walt.services.vc.WaltIdJwtCredentialService - Signing: {"sub":"did:ebsi:zcKZwxurftKtLbmLYmANXuM","nbf":1726133989,"iss":"did:ebsi:zcKZwxurftKtLbmLYmANXuM","vp":{"type":["VerifiablePresentation"],"@context":["https://www.w3.org/2018/credentials/v1"],"id":"urn:uuid:33fa661f-2afd-4dd3-8795-24291d525178","holder":"did:ebsi:zcKZwxurftKtLbmLYmANXuM","verifiableCredential":["eyJraWQiOiJkaWQ6ZWJzaTp6Y0tad3h1cmZ0S3RMYm1MWW1BTlh1TSNkMDIyNmU4OTZmNGI0YzU2YTkzNjFmZDkyZDQ2MjIxYyIsInR5cCI6IkpXVCIsImFsZyI6IkVTMjU2SyJ9.eyJzdWIiOiJkaWQ6ZWJzaTp6Y0tad3h1cmZ0S3RMYm1MWW1BTlh1TSIsIm5iZiI6MTcyNjEzMzk4OSwiaXNzIjoiZGlkOmVic2k6emNLWnd4dXJmdEt0TGJtTFltQU5YdU0iLCJpYXQiOjE3MjYxMzM5ODksInZjIjp7InR5cGUiOlsiVmVyaWZpYWJsZUNyZWRlbnRpYWwiLCJWZXJpZmlhYmxlQXR0ZXN0YXRpb24iLCJWZXJpZmlhYmxlSWQiXSwiQGNvbnRleHQiOlsiaHR0cHM6Ly93d3cudzMub3JnLzIwMTgvY3JlZGVudGlhbHMvdjEiXSwiaWQiOiJ1cm46dXVpZDoyZTg5OTI5Yy01N2ZlLTQ5MTctOGMxZi04MTY2Y2RlZWE0MmYiLCJpc3N1ZXIiOiJkaWQ6ZWJzaTp6Y0tad3h1cmZ0S3RMYm1MWW1BTlh1TSIsImlzc3VhbmNlRGF0ZSI6IjIwMjQtMDktMTJUMDk6Mzk6NDlaIiwiaXNzdWVkIjoiMjAyNC0wOS0xMlQwOTozOTo0OVoiLCJ2YWxpZEZyb20iOiIyMDI0LTA5LTEyVDA5OjM5OjQ5WiIsImNyZWRlbnRpYWxTY2hlbWEiOnsiaWQiOiJodHRwczovL3Jhdy5naXRodWJ1c2VyY29udGVudC5jb20vd2FsdC1pZC93YWx0aWQtc3Npa2l0LXZjbGliL21hc3Rlci9zcmMvdGVzdC9yZXNvdXJjZXMvc2NoZW1hcy9WZXJpZmlhYmxlSWQuanNvbiIsInR5cGUiOiJGdWxsSnNvblNjaGVtYVZhbGlkYXRvcjIwMjEifSwiZXZpZGVuY2UiOlt7ImRvY3VtZW50UHJlc2VuY2UiOlsiUGh5c2ljYWwiXSwiZXZpZGVuY2VEb2N1bWVudCI6WyJQYXNzcG9ydCJdLCJzdWJqZWN0UHJlc2VuY2UiOiJQaHlzaWNhbCIsInR5cGUiOlsiRG9jdW1lbnRWZXJpZmljYXRpb24iXSwidmVyaWZpZXIiOiJkaWQ6ZWJzaToyQTlCWjlTVWU2QmF0YWNTcHZzMVY1Q2RqSHZMcFE3YkVzaTJKYjZMZEhLblF4YU4ifV0sIl9zZCI6WyJFMEFoZGM5VjA5NzdCRVl0OVI5RWJNZ1RyYzdHbFVfZXVGN0Y3ZG94WDY4Il19LCJqdGkiOiJ1cm46dXVpZDoyZTg5OTI5Yy01N2ZlLTQ5MTctOGMxZi04MTY2Y2RlZWE0MmYifQ.glPCsNGyoeMaq7fEt2SvkinfUd8SN5ZZvzpidkUyGIilqaI0OGIouDGDOMip-SIdvBdoGwjIOm7UiVLX7wl2cw~WyJITTBQdy16Q3NNcG52Q0pmV3o2TVlRIiwiY3JlZGVudGlhbFN1YmplY3QiLHsiaWQiOiJkaWQ6ZWJzaTp6Y0tad3h1cmZ0S3RMYm1MWW1BTlh1TSIsImN1cnJlbnRBZGRyZXNzIjpbIjEgQm91bGV2YXJkIGRlIGxhIExpYmVydMOpLCA1OTgwMCBMaWxsZSJdLCJmYW1pbHlOYW1lIjoiRE9FIiwiZ2VuZGVyIjoiRkVNQUxFIiwibmFtZUFuZEZhbWlseU5hbWVBdEJpcnRoIjoiSmFuZSBET0UiLCJwZXJzb25hbElkZW50aWZpZXIiOiIwOTA0MDA4MDg0SCIsInBsYWNlT2ZCaXJ0aCI6IkxJTExFLCBGUkFOQ0UiLCJfc2QiOlsiV3djMkpKNVNsclU2RmNybmVWdlAtdWF5WC1ycDM4dG9kR0pTanhNZmxwWSIsImtfNjFKalNRb2J0RHVMNEFSckNkX2FUSlR6aFc2T0VFYkJfbTBKaGR3RG8iXX1d"]},"iat":1726133989,"jti":"urn:uuid:33fa661f-2afd-4dd3-8795-24291d525178"}
14611 [pool-1-thread-1 @coroutine#892] DEBUG id.walt.services.keystore.HKVKeyStoreService - Loading key "did:ebsi:zcKZwxurftKtLbmLYmANXuM#d0226e896f4b4c56a9361fd92d46221c".
14611 [pool-1-thread-1 @coroutine#892] DEBUG id.walt.services.jwt.WaltIdJwtService - Signing JWT with algorithm: ECDSA_Secp256k1
14611 [pool-1-thread-1 @coroutine#892] DEBUG id.walt.model.DidUrl - Trying to create DidUrl from URL: "did:ebsi:zcKZwxurftKtLbmLYmANXuM#d0226e896f4b4c56a9361fd92d46221c"...
14611 [pool-1-thread-1 @coroutine#892] DEBUG id.walt.services.keystore.HKVKeyStoreService - Loading key "d0226e896f4b4c56a9361fd92d46221c".
14612 [pool-1-thread-1 @coroutine#892] DEBUG id.walt.services.jwt.WaltIdJwtService - Signed JWT:  eyJraWQiOiJkaWQ6ZWJzaTp6Y0tad3h1cmZ0S3RMYm1MWW1BTlh1TSNkMDIyNmU4OTZmNGI0YzU2YTkzNjFmZDkyZDQ2MjIxYyIsInR5cCI6IkpXVCIsImFsZyI6IkVTMjU2SyJ9.eyJzdWIiOiJkaWQ6ZWJzaTp6Y0tad3h1cmZ0S3RMYm1MWW1BTlh1TSIsIm5iZiI6MTcyNjEzMzk4OSwiaXNzIjoiZGlkOmVic2k6emNLWnd4dXJmdEt0TGJtTFltQU5YdU0iLCJ2cCI6eyJ0eXBlIjpbIlZlcmlmaWFibGVQcmVzZW50YXRpb24iXSwiQGNvbnRleHQiOlsiaHR0cHM6Ly93d3cudzMub3JnLzIwMTgvY3JlZGVudGlhbHMvdjEiXSwiaWQiOiJ1cm46dXVpZDozM2ZhNjYxZi0yYWZkLTRkZDMtODc5NS0yNDI5MWQ1MjUxNzgiLCJob2xkZXIiOiJkaWQ6ZWJzaTp6Y0tad3h1cmZ0S3RMYm1MWW1BTlh1TSIsInZlcmlmaWFibGVDcmVkZW50aWFsIjpbImV5SnJhV1FpT2lKa2FXUTZaV0p6YVRwNlkwdGFkM2gxY21aMFMzUk1ZbTFNV1cxQlRsaDFUU05rTURJeU5tVTRPVFptTkdJMFl6VTJZVGt6TmpGbVpEa3laRFEyTWpJeFl5SXNJblI1Y0NJNklrcFhWQ0lzSW1Gc1p5STZJa1ZUTWpVMlN5SjkuZXlKemRXSWlPaUprYVdRNlpXSnphVHA2WTB0YWQzaDFjbVowUzNSTVltMU1XVzFCVGxoMVRTSXNJbTVpWmlJNk1UY3lOakV6TXprNE9Td2lhWE56SWpvaVpHbGtPbVZpYzJrNmVtTkxXbmQ0ZFhKbWRFdDBUR0p0VEZsdFFVNVlkVTBpTENKcFlYUWlPakUzTWpZeE16TTVPRGtzSW5aaklqcDdJblI1Y0dVaU9sc2lWbVZ5YVdacFlXSnNaVU55WldSbGJuUnBZV3dpTENKV1pYSnBabWxoWW14bFFYUjBaWE4wWVhScGIyNGlMQ0pXWlhKcFptbGhZbXhsU1dRaVhTd2lRR052Ym5SbGVIUWlPbHNpYUhSMGNITTZMeTkzZDNjdWR6TXViM0puTHpJd01UZ3ZZM0psWkdWdWRHbGhiSE12ZGpFaVhTd2lhV1FpT2lKMWNtNDZkWFZwWkRveVpUZzVPVEk1WXkwMU4yWmxMVFE1TVRjdE9HTXhaaTA0TVRZMlkyUmxaV0UwTW1ZaUxDSnBjM04xWlhJaU9pSmthV1E2WldKemFUcDZZMHRhZDNoMWNtWjBTM1JNWW0xTVdXMUJUbGgxVFNJc0ltbHpjM1ZoYm1ObFJHRjBaU0k2SWpJd01qUXRNRGt0TVRKVU1EazZNems2TkRsYUlpd2lhWE56ZFdWa0lqb2lNakF5TkMwd09TMHhNbFF3T1Rvek9UbzBPVm9pTENKMllXeHBaRVp5YjIwaU9pSXlNREkwTFRBNUxURXlWREE1T2pNNU9qUTVXaUlzSW1OeVpXUmxiblJwWVd4VFkyaGxiV0VpT25zaWFXUWlPaUpvZEhSd2N6b3ZMM0poZHk1bmFYUm9kV0oxYzJWeVkyOXVkR1Z1ZEM1amIyMHZkMkZzZEMxcFpDOTNZV3gwYVdRdGMzTnBhMmwwTFhaamJHbGlMMjFoYzNSbGNpOXpjbU12ZEdWemRDOXlaWE52ZFhKalpYTXZjMk5vWlcxaGN5OVdaWEpwWm1saFlteGxTV1F1YW5OdmJpSXNJblI1Y0dVaU9pSkdkV3hzU25OdmJsTmphR1Z0WVZaaGJHbGtZWFJ2Y2pJd01qRWlmU3dpWlhacFpHVnVZMlVpT2x0N0ltUnZZM1Z0Wlc1MFVISmxjMlZ1WTJVaU9sc2lVR2g1YzJsallXd2lYU3dpWlhacFpHVnVZMlZFYjJOMWJXVnVkQ0k2V3lKUVlYTnpjRzl5ZENKZExDSnpkV0pxWldOMFVISmxjMlZ1WTJVaU9pSlFhSGx6YVdOaGJDSXNJblI1Y0dVaU9sc2lSRzlqZFcxbGJuUldaWEpwWm1sallYUnBiMjRpWFN3aWRtVnlhV1pwWlhJaU9pSmthV1E2WldKemFUb3lRVGxDV2psVFZXVTJRbUYwWVdOVGNIWnpNVlkxUTJScVNIWk1jRkUzWWtWemFUSktZalpNWkVoTGJsRjRZVTRpZlYwc0lsOXpaQ0k2V3lKRk1FRm9aR001VmpBNU56ZENSVmwwT1ZJNVJXSk5aMVJ5WXpkSGJGVmZaWFZHTjBZM1pHOTRXRFk0SWwxOUxDSnFkR2tpT2lKMWNtNDZkWFZwWkRveVpUZzVPVEk1WXkwMU4yWmxMVFE1TVRjdE9HTXhaaTA0TVRZMlkyUmxaV0UwTW1ZaWZRLmdsUENzTkd5b2VNYXE3ZkV0MlN2a2luZlVkOFNONVpadnpwaWRrVXlHSWlscWFJME9HSW91REdET01pcC1TSWR2QmRvR3dqSU9tN1VpVkxYN3dsMmN3fld5SklUVEJRZHkxNlEzTk5jRzUyUTBwbVYzbzJUVmxSSWl3aVkzSmxaR1Z1ZEdsaGJGTjFZbXBsWTNRaUxIc2lhV1FpT2lKa2FXUTZaV0p6YVRwNlkwdGFkM2gxY21aMFMzUk1ZbTFNV1cxQlRsaDFUU0lzSW1OMWNuSmxiblJCWkdSeVpYTnpJanBiSWpFZ1FtOTFiR1YyWVhKa0lHUmxJR3hoSUV4cFltVnlkTU9wTENBMU9UZ3dNQ0JNYVd4c1pTSmRMQ0ptWVcxcGJIbE9ZVzFsSWpvaVJFOUZJaXdpWjJWdVpHVnlJam9pUmtWTlFVeEZJaXdpYm1GdFpVRnVaRVpoYldsc2VVNWhiV1ZCZEVKcGNuUm9Jam9pU21GdVpTQkVUMFVpTENKd1pYSnpiMjVoYkVsa1pXNTBhV1pwWlhJaU9pSXdPVEEwTURBNE1EZzBTQ0lzSW5Cc1lXTmxUMlpDYVhKMGFDSTZJa3hKVEV4RkxDQkdVa0ZPUTBVaUxDSmZjMlFpT2xzaVYzZGpNa3BLTlZOc2NsVTJSbU55Ym1WV2RsQXRkV0Y1V0MxeWNETTRkRzlrUjBwVGFuaE5abXh3V1NJc0ltdGZOakZLYWxOUmIySjBSSFZNTkVGU2NrTmtYMkZVU2xSNmFGYzJUMFZGWWtKZmJUQkthR1IzUkc4aVhYMWQiXX0sImlhdCI6MTcyNjEzMzk4OSwianRpIjoidXJuOnV1aWQ6MzNmYTY2MWYtMmFmZC00ZGQzLTg3OTUtMjQyOTFkNTI1MTc4In0.gJdbn5sCQ6kscRM0518UsKXPdB4UZQavlkF1jMg2tGIloZyemsZ0rYBsnIhasC_-JzZOVwBCahzcyMX94gT-fA
14612 [pool-1-thread-1 @coroutine#892] DEBUG id.walt.services.vc.WaltIdJwtCredentialService - VP created:eyJraWQiOiJkaWQ6ZWJzaTp6Y0tad3h1cmZ0S3RMYm1MWW1BTlh1TSNkMDIyNmU4OTZmNGI0YzU2YTkzNjFmZDkyZDQ2MjIxYyIsInR5cCI6IkpXVCIsImFsZyI6IkVTMjU2SyJ9.eyJzdWIiOiJkaWQ6ZWJzaTp6Y0tad3h1cmZ0S3RMYm1MWW1BTlh1TSIsIm5iZiI6MTcyNjEzMzk4OSwiaXNzIjoiZGlkOmVic2k6emNLWnd4dXJmdEt0TGJtTFltQU5YdU0iLCJ2cCI6eyJ0eXBlIjpbIlZlcmlmaWFibGVQcmVzZW50YXRpb24iXSwiQGNvbnRleHQiOlsiaHR0cHM6Ly93d3cudzMub3JnLzIwMTgvY3JlZGVudGlhbHMvdjEiXSwiaWQiOiJ1cm46dXVpZDozM2ZhNjYxZi0yYWZkLTRkZDMtODc5NS0yNDI5MWQ1MjUxNzgiLCJob2xkZXIiOiJkaWQ6ZWJzaTp6Y0tad3h1cmZ0S3RMYm1MWW1BTlh1TSIsInZlcmlmaWFibGVDcmVkZW50aWFsIjpbImV5SnJhV1FpT2lKa2FXUTZaV0p6YVRwNlkwdGFkM2gxY21aMFMzUk1ZbTFNV1cxQlRsaDFUU05rTURJeU5tVTRPVFptTkdJMFl6VTJZVGt6TmpGbVpEa3laRFEyTWpJeFl5SXNJblI1Y0NJNklrcFhWQ0lzSW1Gc1p5STZJa1ZUTWpVMlN5SjkuZXlKemRXSWlPaUprYVdRNlpXSnphVHA2WTB0YWQzaDFjbVowUzNSTVltMU1XVzFCVGxoMVRTSXNJbTVpWmlJNk1UY3lOakV6TXprNE9Td2lhWE56SWpvaVpHbGtPbVZpYzJrNmVtTkxXbmQ0ZFhKbWRFdDBUR0p0VEZsdFFVNVlkVTBpTENKcFlYUWlPakUzTWpZeE16TTVPRGtzSW5aaklqcDdJblI1Y0dVaU9sc2lWbVZ5YVdacFlXSnNaVU55WldSbGJuUnBZV3dpTENKV1pYSnBabWxoWW14bFFYUjBaWE4wWVhScGIyNGlMQ0pXWlhKcFptbGhZbXhsU1dRaVhTd2lRR052Ym5SbGVIUWlPbHNpYUhSMGNITTZMeTkzZDNjdWR6TXViM0puTHpJd01UZ3ZZM0psWkdWdWRHbGhiSE12ZGpFaVhTd2lhV1FpT2lKMWNtNDZkWFZwWkRveVpUZzVPVEk1WXkwMU4yWmxMVFE1TVRjdE9HTXhaaTA0TVRZMlkyUmxaV0UwTW1ZaUxDSnBjM04xWlhJaU9pSmthV1E2WldKemFUcDZZMHRhZDNoMWNtWjBTM1JNWW0xTVdXMUJUbGgxVFNJc0ltbHpjM1ZoYm1ObFJHRjBaU0k2SWpJd01qUXRNRGt0TVRKVU1EazZNems2TkRsYUlpd2lhWE56ZFdWa0lqb2lNakF5TkMwd09TMHhNbFF3T1Rvek9UbzBPVm9pTENKMllXeHBaRVp5YjIwaU9pSXlNREkwTFRBNUxURXlWREE1T2pNNU9qUTVXaUlzSW1OeVpXUmxiblJwWVd4VFkyaGxiV0VpT25zaWFXUWlPaUpvZEhSd2N6b3ZMM0poZHk1bmFYUm9kV0oxYzJWeVkyOXVkR1Z1ZEM1amIyMHZkMkZzZEMxcFpDOTNZV3gwYVdRdGMzTnBhMmwwTFhaamJHbGlMMjFoYzNSbGNpOXpjbU12ZEdWemRDOXlaWE52ZFhKalpYTXZjMk5vWlcxaGN5OVdaWEpwWm1saFlteGxTV1F1YW5OdmJpSXNJblI1Y0dVaU9pSkdkV3hzU25OdmJsTmphR1Z0WVZaaGJHbGtZWFJ2Y2pJd01qRWlmU3dpWlhacFpHVnVZMlVpT2x0N0ltUnZZM1Z0Wlc1MFVISmxjMlZ1WTJVaU9sc2lVR2g1YzJsallXd2lYU3dpWlhacFpHVnVZMlZFYjJOMWJXVnVkQ0k2V3lKUVlYTnpjRzl5ZENKZExDSnpkV0pxWldOMFVISmxjMlZ1WTJVaU9pSlFhSGx6YVdOaGJDSXNJblI1Y0dVaU9sc2lSRzlqZFcxbGJuUldaWEpwWm1sallYUnBiMjRpWFN3aWRtVnlhV1pwWlhJaU9pSmthV1E2WldKemFUb3lRVGxDV2psVFZXVTJRbUYwWVdOVGNIWnpNVlkxUTJScVNIWk1jRkUzWWtWemFUSktZalpNWkVoTGJsRjRZVTRpZlYwc0lsOXpaQ0k2V3lKRk1FRm9aR001VmpBNU56ZENSVmwwT1ZJNVJXSk5aMVJ5WXpkSGJGVmZaWFZHTjBZM1pHOTRXRFk0SWwxOUxDSnFkR2tpT2lKMWNtNDZkWFZwWkRveVpUZzVPVEk1WXkwMU4yWmxMVFE1TVRjdE9HTXhaaTA0TVRZMlkyUmxaV0UwTW1ZaWZRLmdsUENzTkd5b2VNYXE3ZkV0MlN2a2luZlVkOFNONVpadnpwaWRrVXlHSWlscWFJME9HSW91REdET01pcC1TSWR2QmRvR3dqSU9tN1VpVkxYN3dsMmN3fld5SklUVEJRZHkxNlEzTk5jRzUyUTBwbVYzbzJUVmxSSWl3aVkzSmxaR1Z1ZEdsaGJGTjFZbXBsWTNRaUxIc2lhV1FpT2lKa2FXUTZaV0p6YVRwNlkwdGFkM2gxY21aMFMzUk1ZbTFNV1cxQlRsaDFUU0lzSW1OMWNuSmxiblJCWkdSeVpYTnpJanBiSWpFZ1FtOTFiR1YyWVhKa0lHUmxJR3hoSUV4cFltVnlkTU9wTENBMU9UZ3dNQ0JNYVd4c1pTSmRMQ0ptWVcxcGJIbE9ZVzFsSWpvaVJFOUZJaXdpWjJWdVpHVnlJam9pUmtWTlFVeEZJaXdpYm1GdFpVRnVaRVpoYldsc2VVNWhiV1ZCZEVKcGNuUm9Jam9pU21GdVpTQkVUMFVpTENKd1pYSnpiMjVoYkVsa1pXNTBhV1pwWlhJaU9pSXdPVEEwTURBNE1EZzBTQ0lzSW5Cc1lXTmxUMlpDYVhKMGFDSTZJa3hKVEV4RkxDQkdVa0ZPUTBVaUxDSmZjMlFpT2xzaVYzZGpNa3BLTlZOc2NsVTJSbU55Ym1WV2RsQXRkV0Y1V0MxeWNETTRkRzlrUjBwVGFuaE5abXh3V1NJc0ltdGZOakZLYWxOUmIySjBSSFZNTkVGU2NrTmtYMkZVU2xSNmFGYzJUMFZGWWtKZmJUQkthR1IzUkc4aVhYMWQiXX0sImlhdCI6MTcyNjEzMzk4OSwianRpIjoidXJuOnV1aWQ6MzNmYTY2MWYtMmFmZC00ZGQzLTg3OTUtMjQyOTFkNTI1MTc4In0.gJdbn5sCQ6kscRM0518UsKXPdB4UZQavlkF1jMg2tGIloZyemsZ0rYBsnIhasC_-JzZOVwBCahzcyMX94gT-fA
14614 [pool-1-thread-1 @coroutine#892] DEBUG id.walt.auditor.Auditor - Verifying vc with SignaturePolicy ...
14614 [pool-1-thread-1 @coroutine#892] DEBUG id.walt.auditor.policies.SignaturePolicy - is jwt: true
14614 [pool-1-thread-1 @coroutine#892] DEBUG id.walt.services.vc.WaltIdJwtCredentialService - Verifying vc: eyJraWQiOiJkaWQ6ZWJzaTp6Y0tad3h1cmZ0S3RMYm1MWW1BTlh1TSNkMDIyNmU4OTZmNGI0YzU2YTkzNjFmZDkyZDQ2MjIxYyIsInR5cCI6IkpXVCIsImFsZyI6IkVTMjU2SyJ9.eyJzdWIiOiJkaWQ6ZWJzaTp6Y0tad3h1cmZ0S3RMYm1MWW1BTlh1TSIsIm5iZiI6MTcyNjEzMzk4OSwiaXNzIjoiZGlkOmVic2k6emNLWnd4dXJmdEt0TGJtTFltQU5YdU0iLCJ2cCI6eyJ0eXBlIjpbIlZlcmlmaWFibGVQcmVzZW50YXRpb24iXSwiQGNvbnRleHQiOlsiaHR0cHM6Ly93d3cudzMub3JnLzIwMTgvY3JlZGVudGlhbHMvdjEiXSwiaWQiOiJ1cm46dXVpZDozM2ZhNjYxZi0yYWZkLTRkZDMtODc5NS0yNDI5MWQ1MjUxNzgiLCJob2xkZXIiOiJkaWQ6ZWJzaTp6Y0tad3h1cmZ0S3RMYm1MWW1BTlh1TSIsInZlcmlmaWFibGVDcmVkZW50aWFsIjpbImV5SnJhV1FpT2lKa2FXUTZaV0p6YVRwNlkwdGFkM2gxY21aMFMzUk1ZbTFNV1cxQlRsaDFUU05rTURJeU5tVTRPVFptTkdJMFl6VTJZVGt6TmpGbVpEa3laRFEyTWpJeFl5SXNJblI1Y0NJNklrcFhWQ0lzSW1Gc1p5STZJa1ZUTWpVMlN5SjkuZXlKemRXSWlPaUprYVdRNlpXSnphVHA2WTB0YWQzaDFjbVowUzNSTVltMU1XVzFCVGxoMVRTSXNJbTVpWmlJNk1UY3lOakV6TXprNE9Td2lhWE56SWpvaVpHbGtPbVZpYzJrNmVtTkxXbmQ0ZFhKbWRFdDBUR0p0VEZsdFFVNVlkVTBpTENKcFlYUWlPakUzTWpZeE16TTVPRGtzSW5aaklqcDdJblI1Y0dVaU9sc2lWbVZ5YVdacFlXSnNaVU55WldSbGJuUnBZV3dpTENKV1pYSnBabWxoWW14bFFYUjBaWE4wWVhScGIyNGlMQ0pXWlhKcFptbGhZbXhsU1dRaVhTd2lRR052Ym5SbGVIUWlPbHNpYUhSMGNITTZMeTkzZDNjdWR6TXViM0puTHpJd01UZ3ZZM0psWkdWdWRHbGhiSE12ZGpFaVhTd2lhV1FpT2lKMWNtNDZkWFZwWkRveVpUZzVPVEk1WXkwMU4yWmxMVFE1TVRjdE9HTXhaaTA0TVRZMlkyUmxaV0UwTW1ZaUxDSnBjM04xWlhJaU9pSmthV1E2WldKemFUcDZZMHRhZDNoMWNtWjBTM1JNWW0xTVdXMUJUbGgxVFNJc0ltbHpjM1ZoYm1ObFJHRjBaU0k2SWpJd01qUXRNRGt0TVRKVU1EazZNems2TkRsYUlpd2lhWE56ZFdWa0lqb2lNakF5TkMwd09TMHhNbFF3T1Rvek9UbzBPVm9pTENKMllXeHBaRVp5YjIwaU9pSXlNREkwTFRBNUxURXlWREE1T2pNNU9qUTVXaUlzSW1OeVpXUmxiblJwWVd4VFkyaGxiV0VpT25zaWFXUWlPaUpvZEhSd2N6b3ZMM0poZHk1bmFYUm9kV0oxYzJWeVkyOXVkR1Z1ZEM1amIyMHZkMkZzZEMxcFpDOTNZV3gwYVdRdGMzTnBhMmwwTFhaamJHbGlMMjFoYzNSbGNpOXpjbU12ZEdWemRDOXlaWE52ZFhKalpYTXZjMk5vWlcxaGN5OVdaWEpwWm1saFlteGxTV1F1YW5OdmJpSXNJblI1Y0dVaU9pSkdkV3hzU25OdmJsTmphR1Z0WVZaaGJHbGtZWFJ2Y2pJd01qRWlmU3dpWlhacFpHVnVZMlVpT2x0N0ltUnZZM1Z0Wlc1MFVISmxjMlZ1WTJVaU9sc2lVR2g1YzJsallXd2lYU3dpWlhacFpHVnVZMlZFYjJOMWJXVnVkQ0k2V3lKUVlYTnpjRzl5ZENKZExDSnpkV0pxWldOMFVISmxjMlZ1WTJVaU9pSlFhSGx6YVdOaGJDSXNJblI1Y0dVaU9sc2lSRzlqZFcxbGJuUldaWEpwWm1sallYUnBiMjRpWFN3aWRtVnlhV1pwWlhJaU9pSmthV1E2WldKemFUb3lRVGxDV2psVFZXVTJRbUYwWVdOVGNIWnpNVlkxUTJScVNIWk1jRkUzWWtWemFUSktZalpNWkVoTGJsRjRZVTRpZlYwc0lsOXpaQ0k2V3lKRk1FRm9aR001VmpBNU56ZENSVmwwT1ZJNVJXSk5aMVJ5WXpkSGJGVmZaWFZHTjBZM1pHOTRXRFk0SWwxOUxDSnFkR2tpT2lKMWNtNDZkWFZwWkRveVpUZzVPVEk1WXkwMU4yWmxMVFE1TVRjdE9HTXhaaTA0TVRZMlkyUmxaV0UwTW1ZaWZRLmdsUENzTkd5b2VNYXE3ZkV0MlN2a2luZlVkOFNONVpadnpwaWRrVXlHSWlscWFJME9HSW91REdET01pcC1TSWR2QmRvR3dqSU9tN1VpVkxYN3dsMmN3fld5SklUVEJRZHkxNlEzTk5jRzUyUTBwbVYzbzJUVmxSSWl3aVkzSmxaR1Z1ZEdsaGJGTjFZbXBsWTNRaUxIc2lhV1FpT2lKa2FXUTZaV0p6YVRwNlkwdGFkM2gxY21aMFMzUk1ZbTFNV1cxQlRsaDFUU0lzSW1OMWNuSmxiblJCWkdSeVpYTnpJanBiSWpFZ1FtOTFiR1YyWVhKa0lHUmxJR3hoSUV4cFltVnlkTU9wTENBMU9UZ3dNQ0JNYVd4c1pTSmRMQ0ptWVcxcGJIbE9ZVzFsSWpvaVJFOUZJaXdpWjJWdVpHVnlJam9pUmtWTlFVeEZJaXdpYm1GdFpVRnVaRVpoYldsc2VVNWhiV1ZCZEVKcGNuUm9Jam9pU21GdVpTQkVUMFVpTENKd1pYSnpiMjVoYkVsa1pXNTBhV1pwWlhJaU9pSXdPVEEwTURBNE1EZzBTQ0lzSW5Cc1lXTmxUMlpDYVhKMGFDSTZJa3hKVEV4RkxDQkdVa0ZPUTBVaUxDSmZjMlFpT2xzaVYzZGpNa3BLTlZOc2NsVTJSbU55Ym1WV2RsQXRkV0Y1V0MxeWNETTRkRzlrUjBwVGFuaE5abXh3V1NJc0ltdGZOakZLYWxOUmIySjBSSFZNTkVGU2NrTmtYMkZVU2xSNmFGYzJUMFZGWWtKZmJUQkthR1IzUkc4aVhYMWQiXX0sImlhdCI6MTcyNjEzMzk4OSwianRpIjoidXJuOnV1aWQ6MzNmYTY2MWYtMmFmZC00ZGQzLTg3OTUtMjQyOTFkNTI1MTc4In0.gJdbn5sCQ6kscRM0518UsKXPdB4UZQavlkF1jMg2tGIloZyemsZ0rYBsnIhasC_-JzZOVwBCahzcyMX94gT-fA
14614 [pool-1-thread-1 @coroutine#892] DEBUG id.walt.services.jwt.WaltIdJwtService - Verifying token:  eyJraWQiOiJkaWQ6ZWJzaTp6Y0tad3h1cmZ0S3RMYm1MWW1BTlh1TSNkMDIyNmU4OTZmNGI0YzU2YTkzNjFmZDkyZDQ2MjIxYyIsInR5cCI6IkpXVCIsImFsZyI6IkVTMjU2SyJ9.eyJzdWIiOiJkaWQ6ZWJzaTp6Y0tad3h1cmZ0S3RMYm1MWW1BTlh1TSIsIm5iZiI6MTcyNjEzMzk4OSwiaXNzIjoiZGlkOmVic2k6emNLWnd4dXJmdEt0TGJtTFltQU5YdU0iLCJ2cCI6eyJ0eXBlIjpbIlZlcmlmaWFibGVQcmVzZW50YXRpb24iXSwiQGNvbnRleHQiOlsiaHR0cHM6Ly93d3cudzMub3JnLzIwMTgvY3JlZGVudGlhbHMvdjEiXSwiaWQiOiJ1cm46dXVpZDozM2ZhNjYxZi0yYWZkLTRkZDMtODc5NS0yNDI5MWQ1MjUxNzgiLCJob2xkZXIiOiJkaWQ6ZWJzaTp6Y0tad3h1cmZ0S3RMYm1MWW1BTlh1TSIsInZlcmlmaWFibGVDcmVkZW50aWFsIjpbImV5SnJhV1FpT2lKa2FXUTZaV0p6YVRwNlkwdGFkM2gxY21aMFMzUk1ZbTFNV1cxQlRsaDFUU05rTURJeU5tVTRPVFptTkdJMFl6VTJZVGt6TmpGbVpEa3laRFEyTWpJeFl5SXNJblI1Y0NJNklrcFhWQ0lzSW1Gc1p5STZJa1ZUTWpVMlN5SjkuZXlKemRXSWlPaUprYVdRNlpXSnphVHA2WTB0YWQzaDFjbVowUzNSTVltMU1XVzFCVGxoMVRTSXNJbTVpWmlJNk1UY3lOakV6TXprNE9Td2lhWE56SWpvaVpHbGtPbVZpYzJrNmVtTkxXbmQ0ZFhKbWRFdDBUR0p0VEZsdFFVNVlkVTBpTENKcFlYUWlPakUzTWpZeE16TTVPRGtzSW5aaklqcDdJblI1Y0dVaU9sc2lWbVZ5YVdacFlXSnNaVU55WldSbGJuUnBZV3dpTENKV1pYSnBabWxoWW14bFFYUjBaWE4wWVhScGIyNGlMQ0pXWlhKcFptbGhZbXhsU1dRaVhTd2lRR052Ym5SbGVIUWlPbHNpYUhSMGNITTZMeTkzZDNjdWR6TXViM0puTHpJd01UZ3ZZM0psWkdWdWRHbGhiSE12ZGpFaVhTd2lhV1FpT2lKMWNtNDZkWFZwWkRveVpUZzVPVEk1WXkwMU4yWmxMVFE1TVRjdE9HTXhaaTA0TVRZMlkyUmxaV0UwTW1ZaUxDSnBjM04xWlhJaU9pSmthV1E2WldKemFUcDZZMHRhZDNoMWNtWjBTM1JNWW0xTVdXMUJUbGgxVFNJc0ltbHpjM1ZoYm1ObFJHRjBaU0k2SWpJd01qUXRNRGt0TVRKVU1EazZNems2TkRsYUlpd2lhWE56ZFdWa0lqb2lNakF5TkMwd09TMHhNbFF3T1Rvek9UbzBPVm9pTENKMllXeHBaRVp5YjIwaU9pSXlNREkwTFRBNUxURXlWREE1T2pNNU9qUTVXaUlzSW1OeVpXUmxiblJwWVd4VFkyaGxiV0VpT25zaWFXUWlPaUpvZEhSd2N6b3ZMM0poZHk1bmFYUm9kV0oxYzJWeVkyOXVkR1Z1ZEM1amIyMHZkMkZzZEMxcFpDOTNZV3gwYVdRdGMzTnBhMmwwTFhaamJHbGlMMjFoYzNSbGNpOXpjbU12ZEdWemRDOXlaWE52ZFhKalpYTXZjMk5vWlcxaGN5OVdaWEpwWm1saFlteGxTV1F1YW5OdmJpSXNJblI1Y0dVaU9pSkdkV3hzU25OdmJsTmphR1Z0WVZaaGJHbGtZWFJ2Y2pJd01qRWlmU3dpWlhacFpHVnVZMlVpT2x0N0ltUnZZM1Z0Wlc1MFVISmxjMlZ1WTJVaU9sc2lVR2g1YzJsallXd2lYU3dpWlhacFpHVnVZMlZFYjJOMWJXVnVkQ0k2V3lKUVlYTnpjRzl5ZENKZExDSnpkV0pxWldOMFVISmxjMlZ1WTJVaU9pSlFhSGx6YVdOaGJDSXNJblI1Y0dVaU9sc2lSRzlqZFcxbGJuUldaWEpwWm1sallYUnBiMjRpWFN3aWRtVnlhV1pwWlhJaU9pSmthV1E2WldKemFUb3lRVGxDV2psVFZXVTJRbUYwWVdOVGNIWnpNVlkxUTJScVNIWk1jRkUzWWtWemFUSktZalpNWkVoTGJsRjRZVTRpZlYwc0lsOXpaQ0k2V3lKRk1FRm9aR001VmpBNU56ZENSVmwwT1ZJNVJXSk5aMVJ5WXpkSGJGVmZaWFZHTjBZM1pHOTRXRFk0SWwxOUxDSnFkR2tpT2lKMWNtNDZkWFZwWkRveVpUZzVPVEk1WXkwMU4yWmxMVFE1TVRjdE9HTXhaaTA0TVRZMlkyUmxaV0UwTW1ZaWZRLmdsUENzTkd5b2VNYXE3ZkV0MlN2a2luZlVkOFNONVpadnpwaWRrVXlHSWlscWFJME9HSW91REdET01pcC1TSWR2QmRvR3dqSU9tN1VpVkxYN3dsMmN3fld5SklUVEJRZHkxNlEzTk5jRzUyUTBwbVYzbzJUVmxSSWl3aVkzSmxaR1Z1ZEdsaGJGTjFZbXBsWTNRaUxIc2lhV1FpT2lKa2FXUTZaV0p6YVRwNlkwdGFkM2gxY21aMFMzUk1ZbTFNV1cxQlRsaDFUU0lzSW1OMWNuSmxiblJCWkdSeVpYTnpJanBiSWpFZ1FtOTFiR1YyWVhKa0lHUmxJR3hoSUV4cFltVnlkTU9wTENBMU9UZ3dNQ0JNYVd4c1pTSmRMQ0ptWVcxcGJIbE9ZVzFsSWpvaVJFOUZJaXdpWjJWdVpHVnlJam9pUmtWTlFVeEZJaXdpYm1GdFpVRnVaRVpoYldsc2VVNWhiV1ZCZEVKcGNuUm9Jam9pU21GdVpTQkVUMFVpTENKd1pYSnpiMjVoYkVsa1pXNTBhV1pwWlhJaU9pSXdPVEEwTURBNE1EZzBTQ0lzSW5Cc1lXTmxUMlpDYVhKMGFDSTZJa3hKVEV4RkxDQkdVa0ZPUTBVaUxDSmZjMlFpT2xzaVYzZGpNa3BLTlZOc2NsVTJSbU55Ym1WV2RsQXRkV0Y1V0MxeWNETTRkRzlrUjBwVGFuaE5abXh3V1NJc0ltdGZOakZLYWxOUmIySjBSSFZNTkVGU2NrTmtYMkZVU2xSNmFGYzJUMFZGWWtKZmJUQkthR1IzUkc4aVhYMWQiXX0sImlhdCI6MTcyNjEzMzk4OSwianRpIjoidXJuOnV1aWQ6MzNmYTY2MWYtMmFmZC00ZGQzLTg3OTUtMjQyOTFkNTI1MTc4In0.gJdbn5sCQ6kscRM0518UsKXPdB4UZQavlkF1jMg2tGIloZyemsZ0rYBsnIhasC_-JzZOVwBCahzcyMX94gT-fA
14614 [pool-1-thread-1 @coroutine#892] DEBUG id.walt.model.DidUrl - Trying to create DidUrl from URL: "did:ebsi:zcKZwxurftKtLbmLYmANXuM#d0226e896f4b4c56a9361fd92d46221c"...
14614 [pool-1-thread-1 @coroutine#892] DEBUG id.walt.model.DidUrl - Trying to create DidUrl from URL: "did:ebsi:zcKZwxurftKtLbmLYmANXuM#d0226e896f4b4c56a9361fd92d46221c"...
14614 [pool-1-thread-1 @coroutine#892] DEBUG id.walt.services.did.DidService - Loading or resolving "did:ebsi:zcKZwxurftKtLbmLYmANXuM"...
14614 [pool-1-thread-1 @coroutine#892] DEBUG id.walt.model.DidUrl - Trying to create DidUrl from URL: "did:ebsi:zcKZwxurftKtLbmLYmANXuM"...
14614 [pool-1-thread-1 @coroutine#892] DEBUG id.walt.services.did.DidService - loadOrResolve: url=DidUrl(method=ebsi, identifier=zcKZwxurftKtLbmLYmANXuM, fragment=zcKZwxurftKtLbmLYmANXuM, query=null), length of stored=954
14614 [pool-1-thread-1 @coroutine#892] DEBUG id.walt.model.DidUrl - Trying to create DidUrl from URL: "did:ebsi:zcKZwxurftKtLbmLYmANXuM"...
14614 [pool-1-thread-1 @coroutine#892] DEBUG id.walt.model.DidUrl - Trying to create DidUrl from URL: "did:ebsi:zcKZwxurftKtLbmLYmANXuM"...
14614 [pool-1-thread-1 @coroutine#892] DEBUG id.walt.model.DidUrl - Trying to create DidUrl from URL: "did:ebsi:zcKZwxurftKtLbmLYmANXuM"...
14615 [pool-1-thread-1 @coroutine#892] DEBUG id.walt.services.keystore.HKVKeyStoreService - Loading key "did:ebsi:zcKZwxurftKtLbmLYmANXuM#d0226e896f4b4c56a9361fd92d46221c".
14616 [pool-1-thread-1 @coroutine#892] DEBUG id.walt.services.keystore.HKVKeyStoreService - Loading key "d0226e896f4b4c56a9361fd92d46221c".
14616 [pool-1-thread-1 @coroutine#892] DEBUG id.walt.services.jwt.WaltIdJwtService - JWT verified returned:  true (with key: d0226e896f4b4c56a9361fd92d46221c)
14616 [pool-1-thread-1 @coroutine#892] DEBUG id.walt.auditor.VerificationPolicy - VC [VerifiablePresentation] passes policy SignaturePolicy: passed
14616 [pool-1-thread-1 @coroutine#892] DEBUG id.walt.auditor.Auditor - Verifying VerifiableId in VP with SignaturePolicy...
14616 [pool-1-thread-1 @coroutine#892] DEBUG id.walt.auditor.policies.SignaturePolicy - is jwt: true
14616 [pool-1-thread-1 @coroutine#892] DEBUG id.walt.services.vc.WaltIdJwtCredentialService - Verifying vc: eyJraWQiOiJkaWQ6ZWJzaTp6Y0tad3h1cmZ0S3RMYm1MWW1BTlh1TSNkMDIyNmU4OTZmNGI0YzU2YTkzNjFmZDkyZDQ2MjIxYyIsInR5cCI6IkpXVCIsImFsZyI6IkVTMjU2SyJ9.eyJzdWIiOiJkaWQ6ZWJzaTp6Y0tad3h1cmZ0S3RMYm1MWW1BTlh1TSIsIm5iZiI6MTcyNjEzMzk4OSwiaXNzIjoiZGlkOmVic2k6emNLWnd4dXJmdEt0TGJtTFltQU5YdU0iLCJpYXQiOjE3MjYxMzM5ODksInZjIjp7InR5cGUiOlsiVmVyaWZpYWJsZUNyZWRlbnRpYWwiLCJWZXJpZmlhYmxlQXR0ZXN0YXRpb24iLCJWZXJpZmlhYmxlSWQiXSwiQGNvbnRleHQiOlsiaHR0cHM6Ly93d3cudzMub3JnLzIwMTgvY3JlZGVudGlhbHMvdjEiXSwiaWQiOiJ1cm46dXVpZDoyZTg5OTI5Yy01N2ZlLTQ5MTctOGMxZi04MTY2Y2RlZWE0MmYiLCJpc3N1ZXIiOiJkaWQ6ZWJzaTp6Y0tad3h1cmZ0S3RMYm1MWW1BTlh1TSIsImlzc3VhbmNlRGF0ZSI6IjIwMjQtMDktMTJUMDk6Mzk6NDlaIiwiaXNzdWVkIjoiMjAyNC0wOS0xMlQwOTozOTo0OVoiLCJ2YWxpZEZyb20iOiIyMDI0LTA5LTEyVDA5OjM5OjQ5WiIsImNyZWRlbnRpYWxTY2hlbWEiOnsiaWQiOiJodHRwczovL3Jhdy5naXRodWJ1c2VyY29udGVudC5jb20vd2FsdC1pZC93YWx0aWQtc3Npa2l0LXZjbGliL21hc3Rlci9zcmMvdGVzdC9yZXNvdXJjZXMvc2NoZW1hcy9WZXJpZmlhYmxlSWQuanNvbiIsInR5cGUiOiJGdWxsSnNvblNjaGVtYVZhbGlkYXRvcjIwMjEifSwiZXZpZGVuY2UiOlt7ImRvY3VtZW50UHJlc2VuY2UiOlsiUGh5c2ljYWwiXSwiZXZpZGVuY2VEb2N1bWVudCI6WyJQYXNzcG9ydCJdLCJzdWJqZWN0UHJlc2VuY2UiOiJQaHlzaWNhbCIsInR5cGUiOlsiRG9jdW1lbnRWZXJpZmljYXRpb24iXSwidmVyaWZpZXIiOiJkaWQ6ZWJzaToyQTlCWjlTVWU2QmF0YWNTcHZzMVY1Q2RqSHZMcFE3YkVzaTJKYjZMZEhLblF4YU4ifV0sIl9zZCI6WyJFMEFoZGM5VjA5NzdCRVl0OVI5RWJNZ1RyYzdHbFVfZXVGN0Y3ZG94WDY4Il19LCJqdGkiOiJ1cm46dXVpZDoyZTg5OTI5Yy01N2ZlLTQ5MTctOGMxZi04MTY2Y2RlZWE0MmYifQ.glPCsNGyoeMaq7fEt2SvkinfUd8SN5ZZvzpidkUyGIilqaI0OGIouDGDOMip-SIdvBdoGwjIOm7UiVLX7wl2cw~WyJITTBQdy16Q3NNcG52Q0pmV3o2TVlRIiwiY3JlZGVudGlhbFN1YmplY3QiLHsiaWQiOiJkaWQ6ZWJzaTp6Y0tad3h1cmZ0S3RMYm1MWW1BTlh1TSIsImN1cnJlbnRBZGRyZXNzIjpbIjEgQm91bGV2YXJkIGRlIGxhIExpYmVydMOpLCA1OTgwMCBMaWxsZSJdLCJmYW1pbHlOYW1lIjoiRE9FIiwiZ2VuZGVyIjoiRkVNQUxFIiwibmFtZUFuZEZhbWlseU5hbWVBdEJpcnRoIjoiSmFuZSBET0UiLCJwZXJzb25hbElkZW50aWZpZXIiOiIwOTA0MDA4MDg0SCIsInBsYWNlT2ZCaXJ0aCI6IkxJTExFLCBGUkFOQ0UiLCJfc2QiOlsiV3djMkpKNVNsclU2RmNybmVWdlAtdWF5WC1ycDM4dG9kR0pTanhNZmxwWSIsImtfNjFKalNRb2J0RHVMNEFSckNkX2FUSlR6aFc2T0VFYkJfbTBKaGR3RG8iXX1d
14616 [pool-1-thread-1 @coroutine#892] DEBUG id.walt.services.jwt.WaltIdJwtService - Verifying token:  eyJraWQiOiJkaWQ6ZWJzaTp6Y0tad3h1cmZ0S3RMYm1MWW1BTlh1TSNkMDIyNmU4OTZmNGI0YzU2YTkzNjFmZDkyZDQ2MjIxYyIsInR5cCI6IkpXVCIsImFsZyI6IkVTMjU2SyJ9.eyJzdWIiOiJkaWQ6ZWJzaTp6Y0tad3h1cmZ0S3RMYm1MWW1BTlh1TSIsIm5iZiI6MTcyNjEzMzk4OSwiaXNzIjoiZGlkOmVic2k6emNLWnd4dXJmdEt0TGJtTFltQU5YdU0iLCJpYXQiOjE3MjYxMzM5ODksInZjIjp7InR5cGUiOlsiVmVyaWZpYWJsZUNyZWRlbnRpYWwiLCJWZXJpZmlhYmxlQXR0ZXN0YXRpb24iLCJWZXJpZmlhYmxlSWQiXSwiQGNvbnRleHQiOlsiaHR0cHM6Ly93d3cudzMub3JnLzIwMTgvY3JlZGVudGlhbHMvdjEiXSwiaWQiOiJ1cm46dXVpZDoyZTg5OTI5Yy01N2ZlLTQ5MTctOGMxZi04MTY2Y2RlZWE0MmYiLCJpc3N1ZXIiOiJkaWQ6ZWJzaTp6Y0tad3h1cmZ0S3RMYm1MWW1BTlh1TSIsImlzc3VhbmNlRGF0ZSI6IjIwMjQtMDktMTJUMDk6Mzk6NDlaIiwiaXNzdWVkIjoiMjAyNC0wOS0xMlQwOTozOTo0OVoiLCJ2YWxpZEZyb20iOiIyMDI0LTA5LTEyVDA5OjM5OjQ5WiIsImNyZWRlbnRpYWxTY2hlbWEiOnsiaWQiOiJodHRwczovL3Jhdy5naXRodWJ1c2VyY29udGVudC5jb20vd2FsdC1pZC93YWx0aWQtc3Npa2l0LXZjbGliL21hc3Rlci9zcmMvdGVzdC9yZXNvdXJjZXMvc2NoZW1hcy9WZXJpZmlhYmxlSWQuanNvbiIsInR5cGUiOiJGdWxsSnNvblNjaGVtYVZhbGlkYXRvcjIwMjEifSwiZXZpZGVuY2UiOlt7ImRvY3VtZW50UHJlc2VuY2UiOlsiUGh5c2ljYWwiXSwiZXZpZGVuY2VEb2N1bWVudCI6WyJQYXNzcG9ydCJdLCJzdWJqZWN0UHJlc2VuY2UiOiJQaHlzaWNhbCIsInR5cGUiOlsiRG9jdW1lbnRWZXJpZmljYXRpb24iXSwidmVyaWZpZXIiOiJkaWQ6ZWJzaToyQTlCWjlTVWU2QmF0YWNTcHZzMVY1Q2RqSHZMcFE3YkVzaTJKYjZMZEhLblF4YU4ifV0sIl9zZCI6WyJFMEFoZGM5VjA5NzdCRVl0OVI5RWJNZ1RyYzdHbFVfZXVGN0Y3ZG94WDY4Il19LCJqdGkiOiJ1cm46dXVpZDoyZTg5OTI5Yy01N2ZlLTQ5MTctOGMxZi04MTY2Y2RlZWE0MmYifQ.glPCsNGyoeMaq7fEt2SvkinfUd8SN5ZZvzpidkUyGIilqaI0OGIouDGDOMip-SIdvBdoGwjIOm7UiVLX7wl2cw
14616 [pool-1-thread-1 @coroutine#892] DEBUG id.walt.model.DidUrl - Trying to create DidUrl from URL: "did:ebsi:zcKZwxurftKtLbmLYmANXuM#d0226e896f4b4c56a9361fd92d46221c"...
14616 [pool-1-thread-1 @coroutine#892] DEBUG id.walt.model.DidUrl - Trying to create DidUrl from URL: "did:ebsi:zcKZwxurftKtLbmLYmANXuM#d0226e896f4b4c56a9361fd92d46221c"...
14616 [pool-1-thread-1 @coroutine#892] DEBUG id.walt.services.did.DidService - Loading or resolving "did:ebsi:zcKZwxurftKtLbmLYmANXuM"...
14617 [pool-1-thread-1 @coroutine#892] DEBUG id.walt.model.DidUrl - Trying to create DidUrl from URL: "did:ebsi:zcKZwxurftKtLbmLYmANXuM"...
14617 [pool-1-thread-1 @coroutine#892] DEBUG id.walt.services.did.DidService - loadOrResolve: url=DidUrl(method=ebsi, identifier=zcKZwxurftKtLbmLYmANXuM, fragment=zcKZwxurftKtLbmLYmANXuM, query=null), length of stored=954
14617 [pool-1-thread-1 @coroutine#892] DEBUG id.walt.model.DidUrl - Trying to create DidUrl from URL: "did:ebsi:zcKZwxurftKtLbmLYmANXuM"...
14617 [pool-1-thread-1 @coroutine#892] DEBUG id.walt.model.DidUrl - Trying to create DidUrl from URL: "did:ebsi:zcKZwxurftKtLbmLYmANXuM"...
14617 [pool-1-thread-1 @coroutine#892] DEBUG id.walt.model.DidUrl - Trying to create DidUrl from URL: "did:ebsi:zcKZwxurftKtLbmLYmANXuM"...
14618 [pool-1-thread-1 @coroutine#892] DEBUG id.walt.services.keystore.HKVKeyStoreService - Loading key "did:ebsi:zcKZwxurftKtLbmLYmANXuM#d0226e896f4b4c56a9361fd92d46221c".
14618 [pool-1-thread-1 @coroutine#892] DEBUG id.walt.services.keystore.HKVKeyStoreService - Loading key "d0226e896f4b4c56a9361fd92d46221c".
14618 [pool-1-thread-1 @coroutine#892] DEBUG id.walt.services.jwt.WaltIdJwtService - JWT verified returned:  true (with key: d0226e896f4b4c56a9361fd92d46221c)
14619 [pool-1-thread-1 @coroutine#892] DEBUG id.walt.auditor.VerificationPolicy - VC [VerifiableCredential, VerifiableAttestation, VerifiableId] passes policy SignaturePolicy: passed
14619 [pool-1-thread-1 @coroutine#892] DEBUG id.walt.services.vc.WaltIdJwtCredentialService - Creating a presentation for VCs:
[PresentableCredential(verifiableCredential=eyJraWQiOiJkaWQ6ZWJzaTp6Y0tad3h1cmZ0S3RMYm1MWW1BTlh1TSNkMDIyNmU4OTZmNGI0YzU2YTkzNjFmZDkyZDQ2MjIxYyIsInR5cCI6IkpXVCIsImFsZyI6IkVTMjU2SyJ9.eyJzdWIiOiJkaWQ6ZWJzaTp6Y0tad3h1cmZ0S3RMYm1MWW1BTlh1TSIsIm5iZiI6MTcyNjEzMzk4OSwiaXNzIjoiZGlkOmVic2k6emNLWnd4dXJmdEt0TGJtTFltQU5YdU0iLCJpYXQiOjE3MjYxMzM5ODksInZjIjp7InR5cGUiOlsiVmVyaWZpYWJsZUNyZWRlbnRpYWwiLCJWZXJpZmlhYmxlQXR0ZXN0YXRpb24iLCJWZXJpZmlhYmxlSWQiXSwiQGNvbnRleHQiOlsiaHR0cHM6Ly93d3cudzMub3JnLzIwMTgvY3JlZGVudGlhbHMvdjEiXSwiaWQiOiJ1cm46dXVpZDoyZTg5OTI5Yy01N2ZlLTQ5MTctOGMxZi04MTY2Y2RlZWE0MmYiLCJpc3N1ZXIiOiJkaWQ6ZWJzaTp6Y0tad3h1cmZ0S3RMYm1MWW1BTlh1TSIsImlzc3VhbmNlRGF0ZSI6IjIwMjQtMDktMTJUMDk6Mzk6NDlaIiwiaXNzdWVkIjoiMjAyNC0wOS0xMlQwOTozOTo0OVoiLCJ2YWxpZEZyb20iOiIyMDI0LTA5LTEyVDA5OjM5OjQ5WiIsImNyZWRlbnRpYWxTY2hlbWEiOnsiaWQiOiJodHRwczovL3Jhdy5naXRodWJ1c2VyY29udGVudC5jb20vd2FsdC1pZC93YWx0aWQtc3Npa2l0LXZjbGliL21hc3Rlci9zcmMvdGVzdC9yZXNvdXJjZXMvc2NoZW1hcy9WZXJpZmlhYmxlSWQuanNvbiIsInR5cGUiOiJGdWxsSnNvblNjaGVtYVZhbGlkYXRvcjIwMjEifSwiZXZpZGVuY2UiOlt7ImRvY3VtZW50UHJlc2VuY2UiOlsiUGh5c2ljYWwiXSwiZXZpZGVuY2VEb2N1bWVudCI6WyJQYXNzcG9ydCJdLCJzdWJqZWN0UHJlc2VuY2UiOiJQaHlzaWNhbCIsInR5cGUiOlsiRG9jdW1lbnRWZXJpZmljYXRpb24iXSwidmVyaWZpZXIiOiJkaWQ6ZWJzaToyQTlCWjlTVWU2QmF0YWNTcHZzMVY1Q2RqSHZMcFE3YkVzaTJKYjZMZEhLblF4YU4ifV0sIl9zZCI6WyJFMEFoZGM5VjA5NzdCRVl0OVI5RWJNZ1RyYzdHbFVfZXVGN0Y3ZG94WDY4Il19LCJqdGkiOiJ1cm46dXVpZDoyZTg5OTI5Yy01N2ZlLTQ5MTctOGMxZi04MTY2Y2RlZWE0MmYifQ.glPCsNGyoeMaq7fEt2SvkinfUd8SN5ZZvzpidkUyGIilqaI0OGIouDGDOMip-SIdvBdoGwjIOm7UiVLX7wl2cw~WyJNU1VIdTRVQ1p3aGQ0S3JGMkJSX2x3IiwiZGF0ZU9mQmlydGgiLCIxOTkzLTA0LTA4Il0~WyJURWRpdnJ0VWpBX2s0U1FiNm12cE93IiwiZmlyc3ROYW1lIiwiSmFuZSJd~WyJITTBQdy16Q3NNcG52Q0pmV3o2TVlRIiwiY3JlZGVudGlhbFN1YmplY3QiLHsiaWQiOiJkaWQ6ZWJzaTp6Y0tad3h1cmZ0S3RMYm1MWW1BTlh1TSIsImN1cnJlbnRBZGRyZXNzIjpbIjEgQm91bGV2YXJkIGRlIGxhIExpYmVydMOpLCA1OTgwMCBMaWxsZSJdLCJmYW1pbHlOYW1lIjoiRE9FIiwiZ2VuZGVyIjoiRkVNQUxFIiwibmFtZUFuZEZhbWlseU5hbWVBdEJpcnRoIjoiSmFuZSBET0UiLCJwZXJzb25hbElkZW50aWZpZXIiOiIwOTA0MDA4MDg0SCIsInBsYWNlT2ZCaXJ0aCI6IkxJTExFLCBGUkFOQ0UiLCJfc2QiOlsiV3djMkpKNVNsclU2RmNybmVWdlAtdWF5WC1ycDM4dG9kR0pTanhNZmxwWSIsImtfNjFKalNRb2J0RHVMNEFSckNkX2FUSlR6aFc2T0VFYkJfbTBKaGR3RG8iXX1d, selectiveDisclosure=id.walt.sdjwt.SDMap@45fd8f62, discloseAll=false)]
14619 [pool-1-thread-1 @coroutine#892] DEBUG id.walt.model.DidUrl - Trying to create DidUrl from URL: "did:ebsi:zcKZwxurftKtLbmLYmANXuM"...
14619 [pool-1-thread-1 @coroutine#892] DEBUG id.walt.services.vc.WaltIdJwtCredentialService - Signing JWT object with config: ProofConfig(issuerDid=did:ebsi:zcKZwxurftKtLbmLYmANXuM, subjectDid=did:ebsi:zcKZwxurftKtLbmLYmANXuM, verifierDid=null, issuerVerificationMethod=did:ebsi:zcKZwxurftKtLbmLYmANXuM#d0226e896f4b4c56a9361fd92d46221c, proofType=JWT, domain=null, nonce=null, proofPurpose=null, credentialId=urn:uuid:647f4787-0a25-4c0c-9d58-13871cec7a17, issueDate=null, validDate=null, expirationDate=null, dataProviderIdentifier=null, ldSignatureType=null, creator=did:ebsi:zcKZwxurftKtLbmLYmANXuM, ecosystem=DEFAULT, statusType=null, statusPurpose=revocation, credentialsEndpoint=null, selectiveDisclosure=null)
14619 [pool-1-thread-1 @coroutine#892] DEBUG id.walt.services.vc.WaltIdJwtCredentialService - Signing: {"sub":"did:ebsi:zcKZwxurftKtLbmLYmANXuM","nbf":1726133989,"iss":"did:ebsi:zcKZwxurftKtLbmLYmANXuM","vp":{"type":["VerifiablePresentation"],"@context":["https://www.w3.org/2018/credentials/v1"],"id":"urn:uuid:647f4787-0a25-4c0c-9d58-13871cec7a17","holder":"did:ebsi:zcKZwxurftKtLbmLYmANXuM","verifiableCredential":["eyJraWQiOiJkaWQ6ZWJzaTp6Y0tad3h1cmZ0S3RMYm1MWW1BTlh1TSNkMDIyNmU4OTZmNGI0YzU2YTkzNjFmZDkyZDQ2MjIxYyIsInR5cCI6IkpXVCIsImFsZyI6IkVTMjU2SyJ9.eyJzdWIiOiJkaWQ6ZWJzaTp6Y0tad3h1cmZ0S3RMYm1MWW1BTlh1TSIsIm5iZiI6MTcyNjEzMzk4OSwiaXNzIjoiZGlkOmVic2k6emNLWnd4dXJmdEt0TGJtTFltQU5YdU0iLCJpYXQiOjE3MjYxMzM5ODksInZjIjp7InR5cGUiOlsiVmVyaWZpYWJsZUNyZWRlbnRpYWwiLCJWZXJpZmlhYmxlQXR0ZXN0YXRpb24iLCJWZXJpZmlhYmxlSWQiXSwiQGNvbnRleHQiOlsiaHR0cHM6Ly93d3cudzMub3JnLzIwMTgvY3JlZGVudGlhbHMvdjEiXSwiaWQiOiJ1cm46dXVpZDoyZTg5OTI5Yy01N2ZlLTQ5MTctOGMxZi04MTY2Y2RlZWE0MmYiLCJpc3N1ZXIiOiJkaWQ6ZWJzaTp6Y0tad3h1cmZ0S3RMYm1MWW1BTlh1TSIsImlzc3VhbmNlRGF0ZSI6IjIwMjQtMDktMTJUMDk6Mzk6NDlaIiwiaXNzdWVkIjoiMjAyNC0wOS0xMlQwOTozOTo0OVoiLCJ2YWxpZEZyb20iOiIyMDI0LTA5LTEyVDA5OjM5OjQ5WiIsImNyZWRlbnRpYWxTY2hlbWEiOnsiaWQiOiJodHRwczovL3Jhdy5naXRodWJ1c2VyY29udGVudC5jb20vd2FsdC1pZC93YWx0aWQtc3Npa2l0LXZjbGliL21hc3Rlci9zcmMvdGVzdC9yZXNvdXJjZXMvc2NoZW1hcy9WZXJpZmlhYmxlSWQuanNvbiIsInR5cGUiOiJGdWxsSnNvblNjaGVtYVZhbGlkYXRvcjIwMjEifSwiZXZpZGVuY2UiOlt7ImRvY3VtZW50UHJlc2VuY2UiOlsiUGh5c2ljYWwiXSwiZXZpZGVuY2VEb2N1bWVudCI6WyJQYXNzcG9ydCJdLCJzdWJqZWN0UHJlc2VuY2UiOiJQaHlzaWNhbCIsInR5cGUiOlsiRG9jdW1lbnRWZXJpZmljYXRpb24iXSwidmVyaWZpZXIiOiJkaWQ6ZWJzaToyQTlCWjlTVWU2QmF0YWNTcHZzMVY1Q2RqSHZMcFE3YkVzaTJKYjZMZEhLblF4YU4ifV0sIl9zZCI6WyJFMEFoZGM5VjA5NzdCRVl0OVI5RWJNZ1RyYzdHbFVfZXVGN0Y3ZG94WDY4Il19LCJqdGkiOiJ1cm46dXVpZDoyZTg5OTI5Yy01N2ZlLTQ5MTctOGMxZi04MTY2Y2RlZWE0MmYifQ.glPCsNGyoeMaq7fEt2SvkinfUd8SN5ZZvzpidkUyGIilqaI0OGIouDGDOMip-SIdvBdoGwjIOm7UiVLX7wl2cw~WyJURWRpdnJ0VWpBX2s0U1FiNm12cE93IiwiZmlyc3ROYW1lIiwiSmFuZSJd~WyJITTBQdy16Q3NNcG52Q0pmV3o2TVlRIiwiY3JlZGVudGlhbFN1YmplY3QiLHsiaWQiOiJkaWQ6ZWJzaTp6Y0tad3h1cmZ0S3RMYm1MWW1BTlh1TSIsImN1cnJlbnRBZGRyZXNzIjpbIjEgQm91bGV2YXJkIGRlIGxhIExpYmVydMOpLCA1OTgwMCBMaWxsZSJdLCJmYW1pbHlOYW1lIjoiRE9FIiwiZ2VuZGVyIjoiRkVNQUxFIiwibmFtZUFuZEZhbWlseU5hbWVBdEJpcnRoIjoiSmFuZSBET0UiLCJwZXJzb25hbElkZW50aWZpZXIiOiIwOTA0MDA4MDg0SCIsInBsYWNlT2ZCaXJ0aCI6IkxJTExFLCBGUkFOQ0UiLCJfc2QiOlsiV3djMkpKNVNsclU2RmNybmVWdlAtdWF5WC1ycDM4dG9kR0pTanhNZmxwWSIsImtfNjFKalNRb2J0RHVMNEFSckNkX2FUSlR6aFc2T0VFYkJfbTBKaGR3RG8iXX1d"]},"iat":1726133989,"jti":"urn:uuid:647f4787-0a25-4c0c-9d58-13871cec7a17"}
14619 [pool-1-thread-1 @coroutine#892] DEBUG id.walt.services.keystore.HKVKeyStoreService - Loading key "did:ebsi:zcKZwxurftKtLbmLYmANXuM#d0226e896f4b4c56a9361fd92d46221c".
14619 [pool-1-thread-1 @coroutine#892] DEBUG id.walt.services.jwt.WaltIdJwtService - Signing JWT with algorithm: ECDSA_Secp256k1
14619 [pool-1-thread-1 @coroutine#892] DEBUG id.walt.model.DidUrl - Trying to create DidUrl from URL: "did:ebsi:zcKZwxurftKtLbmLYmANXuM#d0226e896f4b4c56a9361fd92d46221c"...
14619 [pool-1-thread-1 @coroutine#892] DEBUG id.walt.services.keystore.HKVKeyStoreService - Loading key "d0226e896f4b4c56a9361fd92d46221c".
14620 [pool-1-thread-1 @coroutine#892] DEBUG id.walt.services.jwt.WaltIdJwtService - Signed JWT:  eyJraWQiOiJkaWQ6ZWJzaTp6Y0tad3h1cmZ0S3RMYm1MWW1BTlh1TSNkMDIyNmU4OTZmNGI0YzU2YTkzNjFmZDkyZDQ2MjIxYyIsInR5cCI6IkpXVCIsImFsZyI6IkVTMjU2SyJ9.eyJzdWIiOiJkaWQ6ZWJzaTp6Y0tad3h1cmZ0S3RMYm1MWW1BTlh1TSIsIm5iZiI6MTcyNjEzMzk4OSwiaXNzIjoiZGlkOmVic2k6emNLWnd4dXJmdEt0TGJtTFltQU5YdU0iLCJ2cCI6eyJ0eXBlIjpbIlZlcmlmaWFibGVQcmVzZW50YXRpb24iXSwiQGNvbnRleHQiOlsiaHR0cHM6Ly93d3cudzMub3JnLzIwMTgvY3JlZGVudGlhbHMvdjEiXSwiaWQiOiJ1cm46dXVpZDo2NDdmNDc4Ny0wYTI1LTRjMGMtOWQ1OC0xMzg3MWNlYzdhMTciLCJob2xkZXIiOiJkaWQ6ZWJzaTp6Y0tad3h1cmZ0S3RMYm1MWW1BTlh1TSIsInZlcmlmaWFibGVDcmVkZW50aWFsIjpbImV5SnJhV1FpT2lKa2FXUTZaV0p6YVRwNlkwdGFkM2gxY21aMFMzUk1ZbTFNV1cxQlRsaDFUU05rTURJeU5tVTRPVFptTkdJMFl6VTJZVGt6TmpGbVpEa3laRFEyTWpJeFl5SXNJblI1Y0NJNklrcFhWQ0lzSW1Gc1p5STZJa1ZUTWpVMlN5SjkuZXlKemRXSWlPaUprYVdRNlpXSnphVHA2WTB0YWQzaDFjbVowUzNSTVltMU1XVzFCVGxoMVRTSXNJbTVpWmlJNk1UY3lOakV6TXprNE9Td2lhWE56SWpvaVpHbGtPbVZpYzJrNmVtTkxXbmQ0ZFhKbWRFdDBUR0p0VEZsdFFVNVlkVTBpTENKcFlYUWlPakUzTWpZeE16TTVPRGtzSW5aaklqcDdJblI1Y0dVaU9sc2lWbVZ5YVdacFlXSnNaVU55WldSbGJuUnBZV3dpTENKV1pYSnBabWxoWW14bFFYUjBaWE4wWVhScGIyNGlMQ0pXWlhKcFptbGhZbXhsU1dRaVhTd2lRR052Ym5SbGVIUWlPbHNpYUhSMGNITTZMeTkzZDNjdWR6TXViM0puTHpJd01UZ3ZZM0psWkdWdWRHbGhiSE12ZGpFaVhTd2lhV1FpT2lKMWNtNDZkWFZwWkRveVpUZzVPVEk1WXkwMU4yWmxMVFE1TVRjdE9HTXhaaTA0TVRZMlkyUmxaV0UwTW1ZaUxDSnBjM04xWlhJaU9pSmthV1E2WldKemFUcDZZMHRhZDNoMWNtWjBTM1JNWW0xTVdXMUJUbGgxVFNJc0ltbHpjM1ZoYm1ObFJHRjBaU0k2SWpJd01qUXRNRGt0TVRKVU1EazZNems2TkRsYUlpd2lhWE56ZFdWa0lqb2lNakF5TkMwd09TMHhNbFF3T1Rvek9UbzBPVm9pTENKMllXeHBaRVp5YjIwaU9pSXlNREkwTFRBNUxURXlWREE1T2pNNU9qUTVXaUlzSW1OeVpXUmxiblJwWVd4VFkyaGxiV0VpT25zaWFXUWlPaUpvZEhSd2N6b3ZMM0poZHk1bmFYUm9kV0oxYzJWeVkyOXVkR1Z1ZEM1amIyMHZkMkZzZEMxcFpDOTNZV3gwYVdRdGMzTnBhMmwwTFhaamJHbGlMMjFoYzNSbGNpOXpjbU12ZEdWemRDOXlaWE52ZFhKalpYTXZjMk5vWlcxaGN5OVdaWEpwWm1saFlteGxTV1F1YW5OdmJpSXNJblI1Y0dVaU9pSkdkV3hzU25OdmJsTmphR1Z0WVZaaGJHbGtZWFJ2Y2pJd01qRWlmU3dpWlhacFpHVnVZMlVpT2x0N0ltUnZZM1Z0Wlc1MFVISmxjMlZ1WTJVaU9sc2lVR2g1YzJsallXd2lYU3dpWlhacFpHVnVZMlZFYjJOMWJXVnVkQ0k2V3lKUVlYTnpjRzl5ZENKZExDSnpkV0pxWldOMFVISmxjMlZ1WTJVaU9pSlFhSGx6YVdOaGJDSXNJblI1Y0dVaU9sc2lSRzlqZFcxbGJuUldaWEpwWm1sallYUnBiMjRpWFN3aWRtVnlhV1pwWlhJaU9pSmthV1E2WldKemFUb3lRVGxDV2psVFZXVTJRbUYwWVdOVGNIWnpNVlkxUTJScVNIWk1jRkUzWWtWemFUSktZalpNWkVoTGJsRjRZVTRpZlYwc0lsOXpaQ0k2V3lKRk1FRm9aR001VmpBNU56ZENSVmwwT1ZJNVJXSk5aMVJ5WXpkSGJGVmZaWFZHTjBZM1pHOTRXRFk0SWwxOUxDSnFkR2tpT2lKMWNtNDZkWFZwWkRveVpUZzVPVEk1WXkwMU4yWmxMVFE1TVRjdE9HTXhaaTA0TVRZMlkyUmxaV0UwTW1ZaWZRLmdsUENzTkd5b2VNYXE3ZkV0MlN2a2luZlVkOFNONVpadnpwaWRrVXlHSWlscWFJME9HSW91REdET01pcC1TSWR2QmRvR3dqSU9tN1VpVkxYN3dsMmN3fld5SlVSV1JwZG5KMFZXcEJYMnMwVTFGaU5tMTJjRTkzSWl3aVptbHljM1JPWVcxbElpd2lTbUZ1WlNKZH5XeUpJVFRCUWR5MTZRM05OY0c1MlEwcG1WM28yVFZsUklpd2lZM0psWkdWdWRHbGhiRk4xWW1wbFkzUWlMSHNpYVdRaU9pSmthV1E2WldKemFUcDZZMHRhZDNoMWNtWjBTM1JNWW0xTVdXMUJUbGgxVFNJc0ltTjFjbkpsYm5SQlpHUnlaWE56SWpwYklqRWdRbTkxYkdWMllYSmtJR1JsSUd4aElFeHBZbVZ5ZE1PcExDQTFPVGd3TUNCTWFXeHNaU0pkTENKbVlXMXBiSGxPWVcxbElqb2lSRTlGSWl3aVoyVnVaR1Z5SWpvaVJrVk5RVXhGSWl3aWJtRnRaVUZ1WkVaaGJXbHNlVTVoYldWQmRFSnBjblJvSWpvaVNtRnVaU0JFVDBVaUxDSndaWEp6YjI1aGJFbGtaVzUwYVdacFpYSWlPaUl3T1RBME1EQTRNRGcwU0NJc0luQnNZV05sVDJaQ2FYSjBhQ0k2SWt4SlRFeEZMQ0JHVWtGT1EwVWlMQ0pmYzJRaU9sc2lWM2RqTWtwS05WTnNjbFUyUm1OeWJtVldkbEF0ZFdGNVdDMXljRE00ZEc5a1IwcFRhbmhOWm14d1dTSXNJbXRmTmpGS2FsTlJiMkowUkhWTU5FRlNja05rWDJGVVNsUjZhRmMyVDBWRllrSmZiVEJLYUdSM1JHOGlYWDFkIl19LCJpYXQiOjE3MjYxMzM5ODksImp0aSI6InVybjp1dWlkOjY0N2Y0Nzg3LTBhMjUtNGMwYy05ZDU4LTEzODcxY2VjN2ExNyJ9.uk8QMrzTdiKy7e7hiE_sneAzevPOzfSoFKx2vtoCC1j7epbYgPBkajSmbvEp2wpnGQv5t7IMn5sTxB2olK5eIA
14620 [pool-1-thread-1 @coroutine#892] DEBUG id.walt.services.vc.WaltIdJwtCredentialService - VP created:eyJraWQiOiJkaWQ6ZWJzaTp6Y0tad3h1cmZ0S3RMYm1MWW1BTlh1TSNkMDIyNmU4OTZmNGI0YzU2YTkzNjFmZDkyZDQ2MjIxYyIsInR5cCI6IkpXVCIsImFsZyI6IkVTMjU2SyJ9.eyJzdWIiOiJkaWQ6ZWJzaTp6Y0tad3h1cmZ0S3RMYm1MWW1BTlh1TSIsIm5iZiI6MTcyNjEzMzk4OSwiaXNzIjoiZGlkOmVic2k6emNLWnd4dXJmdEt0TGJtTFltQU5YdU0iLCJ2cCI6eyJ0eXBlIjpbIlZlcmlmaWFibGVQcmVzZW50YXRpb24iXSwiQGNvbnRleHQiOlsiaHR0cHM6Ly93d3cudzMub3JnLzIwMTgvY3JlZGVudGlhbHMvdjEiXSwiaWQiOiJ1cm46dXVpZDo2NDdmNDc4Ny0wYTI1LTRjMGMtOWQ1OC0xMzg3MWNlYzdhMTciLCJob2xkZXIiOiJkaWQ6ZWJzaTp6Y0tad3h1cmZ0S3RMYm1MWW1BTlh1TSIsInZlcmlmaWFibGVDcmVkZW50aWFsIjpbImV5SnJhV1FpT2lKa2FXUTZaV0p6YVRwNlkwdGFkM2gxY21aMFMzUk1ZbTFNV1cxQlRsaDFUU05rTURJeU5tVTRPVFptTkdJMFl6VTJZVGt6TmpGbVpEa3laRFEyTWpJeFl5SXNJblI1Y0NJNklrcFhWQ0lzSW1Gc1p5STZJa1ZUTWpVMlN5SjkuZXlKemRXSWlPaUprYVdRNlpXSnphVHA2WTB0YWQzaDFjbVowUzNSTVltMU1XVzFCVGxoMVRTSXNJbTVpWmlJNk1UY3lOakV6TXprNE9Td2lhWE56SWpvaVpHbGtPbVZpYzJrNmVtTkxXbmQ0ZFhKbWRFdDBUR0p0VEZsdFFVNVlkVTBpTENKcFlYUWlPakUzTWpZeE16TTVPRGtzSW5aaklqcDdJblI1Y0dVaU9sc2lWbVZ5YVdacFlXSnNaVU55WldSbGJuUnBZV3dpTENKV1pYSnBabWxoWW14bFFYUjBaWE4wWVhScGIyNGlMQ0pXWlhKcFptbGhZbXhsU1dRaVhTd2lRR052Ym5SbGVIUWlPbHNpYUhSMGNITTZMeTkzZDNjdWR6TXViM0puTHpJd01UZ3ZZM0psWkdWdWRHbGhiSE12ZGpFaVhTd2lhV1FpT2lKMWNtNDZkWFZwWkRveVpUZzVPVEk1WXkwMU4yWmxMVFE1TVRjdE9HTXhaaTA0TVRZMlkyUmxaV0UwTW1ZaUxDSnBjM04xWlhJaU9pSmthV1E2WldKemFUcDZZMHRhZDNoMWNtWjBTM1JNWW0xTVdXMUJUbGgxVFNJc0ltbHpjM1ZoYm1ObFJHRjBaU0k2SWpJd01qUXRNRGt0TVRKVU1EazZNems2TkRsYUlpd2lhWE56ZFdWa0lqb2lNakF5TkMwd09TMHhNbFF3T1Rvek9UbzBPVm9pTENKMllXeHBaRVp5YjIwaU9pSXlNREkwTFRBNUxURXlWREE1T2pNNU9qUTVXaUlzSW1OeVpXUmxiblJwWVd4VFkyaGxiV0VpT25zaWFXUWlPaUpvZEhSd2N6b3ZMM0poZHk1bmFYUm9kV0oxYzJWeVkyOXVkR1Z1ZEM1amIyMHZkMkZzZEMxcFpDOTNZV3gwYVdRdGMzTnBhMmwwTFhaamJHbGlMMjFoYzNSbGNpOXpjbU12ZEdWemRDOXlaWE52ZFhKalpYTXZjMk5vWlcxaGN5OVdaWEpwWm1saFlteGxTV1F1YW5OdmJpSXNJblI1Y0dVaU9pSkdkV3hzU25OdmJsTmphR1Z0WVZaaGJHbGtZWFJ2Y2pJd01qRWlmU3dpWlhacFpHVnVZMlVpT2x0N0ltUnZZM1Z0Wlc1MFVISmxjMlZ1WTJVaU9sc2lVR2g1YzJsallXd2lYU3dpWlhacFpHVnVZMlZFYjJOMWJXVnVkQ0k2V3lKUVlYTnpjRzl5ZENKZExDSnpkV0pxWldOMFVISmxjMlZ1WTJVaU9pSlFhSGx6YVdOaGJDSXNJblI1Y0dVaU9sc2lSRzlqZFcxbGJuUldaWEpwWm1sallYUnBiMjRpWFN3aWRtVnlhV1pwWlhJaU9pSmthV1E2WldKemFUb3lRVGxDV2psVFZXVTJRbUYwWVdOVGNIWnpNVlkxUTJScVNIWk1jRkUzWWtWemFUSktZalpNWkVoTGJsRjRZVTRpZlYwc0lsOXpaQ0k2V3lKRk1FRm9aR001VmpBNU56ZENSVmwwT1ZJNVJXSk5aMVJ5WXpkSGJGVmZaWFZHTjBZM1pHOTRXRFk0SWwxOUxDSnFkR2tpT2lKMWNtNDZkWFZwWkRveVpUZzVPVEk1WXkwMU4yWmxMVFE1TVRjdE9HTXhaaTA0TVRZMlkyUmxaV0UwTW1ZaWZRLmdsUENzTkd5b2VNYXE3ZkV0MlN2a2luZlVkOFNONVpadnpwaWRrVXlHSWlscWFJME9HSW91REdET01pcC1TSWR2QmRvR3dqSU9tN1VpVkxYN3dsMmN3fld5SlVSV1JwZG5KMFZXcEJYMnMwVTFGaU5tMTJjRTkzSWl3aVptbHljM1JPWVcxbElpd2lTbUZ1WlNKZH5XeUpJVFRCUWR5MTZRM05OY0c1MlEwcG1WM28yVFZsUklpd2lZM0psWkdWdWRHbGhiRk4xWW1wbFkzUWlMSHNpYVdRaU9pSmthV1E2WldKemFUcDZZMHRhZDNoMWNtWjBTM1JNWW0xTVdXMUJUbGgxVFNJc0ltTjFjbkpsYm5SQlpHUnlaWE56SWpwYklqRWdRbTkxYkdWMllYSmtJR1JsSUd4aElFeHBZbVZ5ZE1PcExDQTFPVGd3TUNCTWFXeHNaU0pkTENKbVlXMXBiSGxPWVcxbElqb2lSRTlGSWl3aVoyVnVaR1Z5SWpvaVJrVk5RVXhGSWl3aWJtRnRaVUZ1WkVaaGJXbHNlVTVoYldWQmRFSnBjblJvSWpvaVNtRnVaU0JFVDBVaUxDSndaWEp6YjI1aGJFbGtaVzUwYVdacFpYSWlPaUl3T1RBME1EQTRNRGcwU0NJc0luQnNZV05sVDJaQ2FYSjBhQ0k2SWt4SlRFeEZMQ0JHVWtGT1EwVWlMQ0pmYzJRaU9sc2lWM2RqTWtwS05WTnNjbFUyUm1OeWJtVldkbEF0ZFdGNVdDMXljRE00ZEc5a1IwcFRhbmhOWm14d1dTSXNJbXRmTmpGS2FsTlJiMkowUkhWTU5FRlNja05rWDJGVVNsUjZhRmMyVDBWRllrSmZiVEJLYUdSM1JHOGlYWDFkIl19LCJpYXQiOjE3MjYxMzM5ODksImp0aSI6InVybjp1dWlkOjY0N2Y0Nzg3LTBhMjUtNGMwYy05ZDU4LTEzODcxY2VjN2ExNyJ9.uk8QMrzTdiKy7e7hiE_sneAzevPOzfSoFKx2vtoCC1j7epbYgPBkajSmbvEp2wpnGQv5t7IMn5sTxB2olK5eIA
14620 [pool-1-thread-1 @coroutine#892] DEBUG id.walt.auditor.Auditor - Verifying vc with SignaturePolicy ...
14620 [pool-1-thread-1 @coroutine#892] DEBUG id.walt.auditor.policies.SignaturePolicy - is jwt: true
14621 [pool-1-thread-1 @coroutine#892] DEBUG id.walt.services.vc.WaltIdJwtCredentialService - Verifying vc: eyJraWQiOiJkaWQ6ZWJzaTp6Y0tad3h1cmZ0S3RMYm1MWW1BTlh1TSNkMDIyNmU4OTZmNGI0YzU2YTkzNjFmZDkyZDQ2MjIxYyIsInR5cCI6IkpXVCIsImFsZyI6IkVTMjU2SyJ9.eyJzdWIiOiJkaWQ6ZWJzaTp6Y0tad3h1cmZ0S3RMYm1MWW1BTlh1TSIsIm5iZiI6MTcyNjEzMzk4OSwiaXNzIjoiZGlkOmVic2k6emNLWnd4dXJmdEt0TGJtTFltQU5YdU0iLCJ2cCI6eyJ0eXBlIjpbIlZlcmlmaWFibGVQcmVzZW50YXRpb24iXSwiQGNvbnRleHQiOlsiaHR0cHM6Ly93d3cudzMub3JnLzIwMTgvY3JlZGVudGlhbHMvdjEiXSwiaWQiOiJ1cm46dXVpZDo2NDdmNDc4Ny0wYTI1LTRjMGMtOWQ1OC0xMzg3MWNlYzdhMTciLCJob2xkZXIiOiJkaWQ6ZWJzaTp6Y0tad3h1cmZ0S3RMYm1MWW1BTlh1TSIsInZlcmlmaWFibGVDcmVkZW50aWFsIjpbImV5SnJhV1FpT2lKa2FXUTZaV0p6YVRwNlkwdGFkM2gxY21aMFMzUk1ZbTFNV1cxQlRsaDFUU05rTURJeU5tVTRPVFptTkdJMFl6VTJZVGt6TmpGbVpEa3laRFEyTWpJeFl5SXNJblI1Y0NJNklrcFhWQ0lzSW1Gc1p5STZJa1ZUTWpVMlN5SjkuZXlKemRXSWlPaUprYVdRNlpXSnphVHA2WTB0YWQzaDFjbVowUzNSTVltMU1XVzFCVGxoMVRTSXNJbTVpWmlJNk1UY3lOakV6TXprNE9Td2lhWE56SWpvaVpHbGtPbVZpYzJrNmVtTkxXbmQ0ZFhKbWRFdDBUR0p0VEZsdFFVNVlkVTBpTENKcFlYUWlPakUzTWpZeE16TTVPRGtzSW5aaklqcDdJblI1Y0dVaU9sc2lWbVZ5YVdacFlXSnNaVU55WldSbGJuUnBZV3dpTENKV1pYSnBabWxoWW14bFFYUjBaWE4wWVhScGIyNGlMQ0pXWlhKcFptbGhZbXhsU1dRaVhTd2lRR052Ym5SbGVIUWlPbHNpYUhSMGNITTZMeTkzZDNjdWR6TXViM0puTHpJd01UZ3ZZM0psWkdWdWRHbGhiSE12ZGpFaVhTd2lhV1FpT2lKMWNtNDZkWFZwWkRveVpUZzVPVEk1WXkwMU4yWmxMVFE1TVRjdE9HTXhaaTA0TVRZMlkyUmxaV0UwTW1ZaUxDSnBjM04xWlhJaU9pSmthV1E2WldKemFUcDZZMHRhZDNoMWNtWjBTM1JNWW0xTVdXMUJUbGgxVFNJc0ltbHpjM1ZoYm1ObFJHRjBaU0k2SWpJd01qUXRNRGt0TVRKVU1EazZNems2TkRsYUlpd2lhWE56ZFdWa0lqb2lNakF5TkMwd09TMHhNbFF3T1Rvek9UbzBPVm9pTENKMllXeHBaRVp5YjIwaU9pSXlNREkwTFRBNUxURXlWREE1T2pNNU9qUTVXaUlzSW1OeVpXUmxiblJwWVd4VFkyaGxiV0VpT25zaWFXUWlPaUpvZEhSd2N6b3ZMM0poZHk1bmFYUm9kV0oxYzJWeVkyOXVkR1Z1ZEM1amIyMHZkMkZzZEMxcFpDOTNZV3gwYVdRdGMzTnBhMmwwTFhaamJHbGlMMjFoYzNSbGNpOXpjbU12ZEdWemRDOXlaWE52ZFhKalpYTXZjMk5vWlcxaGN5OVdaWEpwWm1saFlteGxTV1F1YW5OdmJpSXNJblI1Y0dVaU9pSkdkV3hzU25OdmJsTmphR1Z0WVZaaGJHbGtZWFJ2Y2pJd01qRWlmU3dpWlhacFpHVnVZMlVpT2x0N0ltUnZZM1Z0Wlc1MFVISmxjMlZ1WTJVaU9sc2lVR2g1YzJsallXd2lYU3dpWlhacFpHVnVZMlZFYjJOMWJXVnVkQ0k2V3lKUVlYTnpjRzl5ZENKZExDSnpkV0pxWldOMFVISmxjMlZ1WTJVaU9pSlFhSGx6YVdOaGJDSXNJblI1Y0dVaU9sc2lSRzlqZFcxbGJuUldaWEpwWm1sallYUnBiMjRpWFN3aWRtVnlhV1pwWlhJaU9pSmthV1E2WldKemFUb3lRVGxDV2psVFZXVTJRbUYwWVdOVGNIWnpNVlkxUTJScVNIWk1jRkUzWWtWemFUSktZalpNWkVoTGJsRjRZVTRpZlYwc0lsOXpaQ0k2V3lKRk1FRm9aR001VmpBNU56ZENSVmwwT1ZJNVJXSk5aMVJ5WXpkSGJGVmZaWFZHTjBZM1pHOTRXRFk0SWwxOUxDSnFkR2tpT2lKMWNtNDZkWFZwWkRveVpUZzVPVEk1WXkwMU4yWmxMVFE1TVRjdE9HTXhaaTA0TVRZMlkyUmxaV0UwTW1ZaWZRLmdsUENzTkd5b2VNYXE3ZkV0MlN2a2luZlVkOFNONVpadnpwaWRrVXlHSWlscWFJME9HSW91REdET01pcC1TSWR2QmRvR3dqSU9tN1VpVkxYN3dsMmN3fld5SlVSV1JwZG5KMFZXcEJYMnMwVTFGaU5tMTJjRTkzSWl3aVptbHljM1JPWVcxbElpd2lTbUZ1WlNKZH5XeUpJVFRCUWR5MTZRM05OY0c1MlEwcG1WM28yVFZsUklpd2lZM0psWkdWdWRHbGhiRk4xWW1wbFkzUWlMSHNpYVdRaU9pSmthV1E2WldKemFUcDZZMHRhZDNoMWNtWjBTM1JNWW0xTVdXMUJUbGgxVFNJc0ltTjFjbkpsYm5SQlpHUnlaWE56SWpwYklqRWdRbTkxYkdWMllYSmtJR1JsSUd4aElFeHBZbVZ5ZE1PcExDQTFPVGd3TUNCTWFXeHNaU0pkTENKbVlXMXBiSGxPWVcxbElqb2lSRTlGSWl3aVoyVnVaR1Z5SWpvaVJrVk5RVXhGSWl3aWJtRnRaVUZ1WkVaaGJXbHNlVTVoYldWQmRFSnBjblJvSWpvaVNtRnVaU0JFVDBVaUxDSndaWEp6YjI1aGJFbGtaVzUwYVdacFpYSWlPaUl3T1RBME1EQTRNRGcwU0NJc0luQnNZV05sVDJaQ2FYSjBhQ0k2SWt4SlRFeEZMQ0JHVWtGT1EwVWlMQ0pmYzJRaU9sc2lWM2RqTWtwS05WTnNjbFUyUm1OeWJtVldkbEF0ZFdGNVdDMXljRE00ZEc5a1IwcFRhbmhOWm14d1dTSXNJbXRmTmpGS2FsTlJiMkowUkhWTU5FRlNja05rWDJGVVNsUjZhRmMyVDBWRllrSmZiVEJLYUdSM1JHOGlYWDFkIl19LCJpYXQiOjE3MjYxMzM5ODksImp0aSI6InVybjp1dWlkOjY0N2Y0Nzg3LTBhMjUtNGMwYy05ZDU4LTEzODcxY2VjN2ExNyJ9.uk8QMrzTdiKy7e7hiE_sneAzevPOzfSoFKx2vtoCC1j7epbYgPBkajSmbvEp2wpnGQv5t7IMn5sTxB2olK5eIA
14621 [pool-1-thread-1 @coroutine#892] DEBUG id.walt.services.jwt.WaltIdJwtService - Verifying token:  eyJraWQiOiJkaWQ6ZWJzaTp6Y0tad3h1cmZ0S3RMYm1MWW1BTlh1TSNkMDIyNmU4OTZmNGI0YzU2YTkzNjFmZDkyZDQ2MjIxYyIsInR5cCI6IkpXVCIsImFsZyI6IkVTMjU2SyJ9.eyJzdWIiOiJkaWQ6ZWJzaTp6Y0tad3h1cmZ0S3RMYm1MWW1BTlh1TSIsIm5iZiI6MTcyNjEzMzk4OSwiaXNzIjoiZGlkOmVic2k6emNLWnd4dXJmdEt0TGJtTFltQU5YdU0iLCJ2cCI6eyJ0eXBlIjpbIlZlcmlmaWFibGVQcmVzZW50YXRpb24iXSwiQGNvbnRleHQiOlsiaHR0cHM6Ly93d3cudzMub3JnLzIwMTgvY3JlZGVudGlhbHMvdjEiXSwiaWQiOiJ1cm46dXVpZDo2NDdmNDc4Ny0wYTI1LTRjMGMtOWQ1OC0xMzg3MWNlYzdhMTciLCJob2xkZXIiOiJkaWQ6ZWJzaTp6Y0tad3h1cmZ0S3RMYm1MWW1BTlh1TSIsInZlcmlmaWFibGVDcmVkZW50aWFsIjpbImV5SnJhV1FpT2lKa2FXUTZaV0p6YVRwNlkwdGFkM2gxY21aMFMzUk1ZbTFNV1cxQlRsaDFUU05rTURJeU5tVTRPVFptTkdJMFl6VTJZVGt6TmpGbVpEa3laRFEyTWpJeFl5SXNJblI1Y0NJNklrcFhWQ0lzSW1Gc1p5STZJa1ZUTWpVMlN5SjkuZXlKemRXSWlPaUprYVdRNlpXSnphVHA2WTB0YWQzaDFjbVowUzNSTVltMU1XVzFCVGxoMVRTSXNJbTVpWmlJNk1UY3lOakV6TXprNE9Td2lhWE56SWpvaVpHbGtPbVZpYzJrNmVtTkxXbmQ0ZFhKbWRFdDBUR0p0VEZsdFFVNVlkVTBpTENKcFlYUWlPakUzTWpZeE16TTVPRGtzSW5aaklqcDdJblI1Y0dVaU9sc2lWbVZ5YVdacFlXSnNaVU55WldSbGJuUnBZV3dpTENKV1pYSnBabWxoWW14bFFYUjBaWE4wWVhScGIyNGlMQ0pXWlhKcFptbGhZbXhsU1dRaVhTd2lRR052Ym5SbGVIUWlPbHNpYUhSMGNITTZMeTkzZDNjdWR6TXViM0puTHpJd01UZ3ZZM0psWkdWdWRHbGhiSE12ZGpFaVhTd2lhV1FpT2lKMWNtNDZkWFZwWkRveVpUZzVPVEk1WXkwMU4yWmxMVFE1TVRjdE9HTXhaaTA0TVRZMlkyUmxaV0UwTW1ZaUxDSnBjM04xWlhJaU9pSmthV1E2WldKemFUcDZZMHRhZDNoMWNtWjBTM1JNWW0xTVdXMUJUbGgxVFNJc0ltbHpjM1ZoYm1ObFJHRjBaU0k2SWpJd01qUXRNRGt0TVRKVU1EazZNems2TkRsYUlpd2lhWE56ZFdWa0lqb2lNakF5TkMwd09TMHhNbFF3T1Rvek9UbzBPVm9pTENKMllXeHBaRVp5YjIwaU9pSXlNREkwTFRBNUxURXlWREE1T2pNNU9qUTVXaUlzSW1OeVpXUmxiblJwWVd4VFkyaGxiV0VpT25zaWFXUWlPaUpvZEhSd2N6b3ZMM0poZHk1bmFYUm9kV0oxYzJWeVkyOXVkR1Z1ZEM1amIyMHZkMkZzZEMxcFpDOTNZV3gwYVdRdGMzTnBhMmwwTFhaamJHbGlMMjFoYzNSbGNpOXpjbU12ZEdWemRDOXlaWE52ZFhKalpYTXZjMk5vWlcxaGN5OVdaWEpwWm1saFlteGxTV1F1YW5OdmJpSXNJblI1Y0dVaU9pSkdkV3hzU25OdmJsTmphR1Z0WVZaaGJHbGtZWFJ2Y2pJd01qRWlmU3dpWlhacFpHVnVZMlVpT2x0N0ltUnZZM1Z0Wlc1MFVISmxjMlZ1WTJVaU9sc2lVR2g1YzJsallXd2lYU3dpWlhacFpHVnVZMlZFYjJOMWJXVnVkQ0k2V3lKUVlYTnpjRzl5ZENKZExDSnpkV0pxWldOMFVISmxjMlZ1WTJVaU9pSlFhSGx6YVdOaGJDSXNJblI1Y0dVaU9sc2lSRzlqZFcxbGJuUldaWEpwWm1sallYUnBiMjRpWFN3aWRtVnlhV1pwWlhJaU9pSmthV1E2WldKemFUb3lRVGxDV2psVFZXVTJRbUYwWVdOVGNIWnpNVlkxUTJScVNIWk1jRkUzWWtWemFUSktZalpNWkVoTGJsRjRZVTRpZlYwc0lsOXpaQ0k2V3lKRk1FRm9aR001VmpBNU56ZENSVmwwT1ZJNVJXSk5aMVJ5WXpkSGJGVmZaWFZHTjBZM1pHOTRXRFk0SWwxOUxDSnFkR2tpT2lKMWNtNDZkWFZwWkRveVpUZzVPVEk1WXkwMU4yWmxMVFE1TVRjdE9HTXhaaTA0TVRZMlkyUmxaV0UwTW1ZaWZRLmdsUENzTkd5b2VNYXE3ZkV0MlN2a2luZlVkOFNONVpadnpwaWRrVXlHSWlscWFJME9HSW91REdET01pcC1TSWR2QmRvR3dqSU9tN1VpVkxYN3dsMmN3fld5SlVSV1JwZG5KMFZXcEJYMnMwVTFGaU5tMTJjRTkzSWl3aVptbHljM1JPWVcxbElpd2lTbUZ1WlNKZH5XeUpJVFRCUWR5MTZRM05OY0c1MlEwcG1WM28yVFZsUklpd2lZM0psWkdWdWRHbGhiRk4xWW1wbFkzUWlMSHNpYVdRaU9pSmthV1E2WldKemFUcDZZMHRhZDNoMWNtWjBTM1JNWW0xTVdXMUJUbGgxVFNJc0ltTjFjbkpsYm5SQlpHUnlaWE56SWpwYklqRWdRbTkxYkdWMllYSmtJR1JsSUd4aElFeHBZbVZ5ZE1PcExDQTFPVGd3TUNCTWFXeHNaU0pkTENKbVlXMXBiSGxPWVcxbElqb2lSRTlGSWl3aVoyVnVaR1Z5SWpvaVJrVk5RVXhGSWl3aWJtRnRaVUZ1WkVaaGJXbHNlVTVoYldWQmRFSnBjblJvSWpvaVNtRnVaU0JFVDBVaUxDSndaWEp6YjI1aGJFbGtaVzUwYVdacFpYSWlPaUl3T1RBME1EQTRNRGcwU0NJc0luQnNZV05sVDJaQ2FYSjBhQ0k2SWt4SlRFeEZMQ0JHVWtGT1EwVWlMQ0pmYzJRaU9sc2lWM2RqTWtwS05WTnNjbFUyUm1OeWJtVldkbEF0ZFdGNVdDMXljRE00ZEc5a1IwcFRhbmhOWm14d1dTSXNJbXRmTmpGS2FsTlJiMkowUkhWTU5FRlNja05rWDJGVVNsUjZhRmMyVDBWRllrSmZiVEJLYUdSM1JHOGlYWDFkIl19LCJpYXQiOjE3MjYxMzM5ODksImp0aSI6InVybjp1dWlkOjY0N2Y0Nzg3LTBhMjUtNGMwYy05ZDU4LTEzODcxY2VjN2ExNyJ9.uk8QMrzTdiKy7e7hiE_sneAzevPOzfSoFKx2vtoCC1j7epbYgPBkajSmbvEp2wpnGQv5t7IMn5sTxB2olK5eIA
14621 [pool-1-thread-1 @coroutine#892] DEBUG id.walt.model.DidUrl - Trying to create DidUrl from URL: "did:ebsi:zcKZwxurftKtLbmLYmANXuM#d0226e896f4b4c56a9361fd92d46221c"...
14621 [pool-1-thread-1 @coroutine#892] DEBUG id.walt.model.DidUrl - Trying to create DidUrl from URL: "did:ebsi:zcKZwxurftKtLbmLYmANXuM#d0226e896f4b4c56a9361fd92d46221c"...
14621 [pool-1-thread-1 @coroutine#892] DEBUG id.walt.services.did.DidService - Loading or resolving "did:ebsi:zcKZwxurftKtLbmLYmANXuM"...
14621 [pool-1-thread-1 @coroutine#892] DEBUG id.walt.model.DidUrl - Trying to create DidUrl from URL: "did:ebsi:zcKZwxurftKtLbmLYmANXuM"...
14621 [pool-1-thread-1 @coroutine#892] DEBUG id.walt.services.did.DidService - loadOrResolve: url=DidUrl(method=ebsi, identifier=zcKZwxurftKtLbmLYmANXuM, fragment=zcKZwxurftKtLbmLYmANXuM, query=null), length of stored=954
14621 [pool-1-thread-1 @coroutine#892] DEBUG id.walt.model.DidUrl - Trying to create DidUrl from URL: "did:ebsi:zcKZwxurftKtLbmLYmANXuM"...
14621 [pool-1-thread-1 @coroutine#892] DEBUG id.walt.model.DidUrl - Trying to create DidUrl from URL: "did:ebsi:zcKZwxurftKtLbmLYmANXuM"...
14621 [pool-1-thread-1 @coroutine#892] DEBUG id.walt.model.DidUrl - Trying to create DidUrl from URL: "did:ebsi:zcKZwxurftKtLbmLYmANXuM"...
14622 [pool-1-thread-1 @coroutine#892] DEBUG id.walt.services.keystore.HKVKeyStoreService - Loading key "did:ebsi:zcKZwxurftKtLbmLYmANXuM#d0226e896f4b4c56a9361fd92d46221c".
14622 [pool-1-thread-1 @coroutine#892] DEBUG id.walt.services.keystore.HKVKeyStoreService - Loading key "d0226e896f4b4c56a9361fd92d46221c".
14623 [pool-1-thread-1 @coroutine#892] DEBUG id.walt.services.jwt.WaltIdJwtService - JWT verified returned:  true (with key: d0226e896f4b4c56a9361fd92d46221c)
14623 [pool-1-thread-1 @coroutine#892] DEBUG id.walt.auditor.VerificationPolicy - VC [VerifiablePresentation] passes policy SignaturePolicy: passed
14623 [pool-1-thread-1 @coroutine#892] DEBUG id.walt.auditor.Auditor - Verifying VerifiableId in VP with SignaturePolicy...
14623 [pool-1-thread-1 @coroutine#892] DEBUG id.walt.auditor.policies.SignaturePolicy - is jwt: true
14623 [pool-1-thread-1 @coroutine#892] DEBUG id.walt.services.vc.WaltIdJwtCredentialService - Verifying vc: eyJraWQiOiJkaWQ6ZWJzaTp6Y0tad3h1cmZ0S3RMYm1MWW1BTlh1TSNkMDIyNmU4OTZmNGI0YzU2YTkzNjFmZDkyZDQ2MjIxYyIsInR5cCI6IkpXVCIsImFsZyI6IkVTMjU2SyJ9.eyJzdWIiOiJkaWQ6ZWJzaTp6Y0tad3h1cmZ0S3RMYm1MWW1BTlh1TSIsIm5iZiI6MTcyNjEzMzk4OSwiaXNzIjoiZGlkOmVic2k6emNLWnd4dXJmdEt0TGJtTFltQU5YdU0iLCJpYXQiOjE3MjYxMzM5ODksInZjIjp7InR5cGUiOlsiVmVyaWZpYWJsZUNyZWRlbnRpYWwiLCJWZXJpZmlhYmxlQXR0ZXN0YXRpb24iLCJWZXJpZmlhYmxlSWQiXSwiQGNvbnRleHQiOlsiaHR0cHM6Ly93d3cudzMub3JnLzIwMTgvY3JlZGVudGlhbHMvdjEiXSwiaWQiOiJ1cm46dXVpZDoyZTg5OTI5Yy01N2ZlLTQ5MTctOGMxZi04MTY2Y2RlZWE0MmYiLCJpc3N1ZXIiOiJkaWQ6ZWJzaTp6Y0tad3h1cmZ0S3RMYm1MWW1BTlh1TSIsImlzc3VhbmNlRGF0ZSI6IjIwMjQtMDktMTJUMDk6Mzk6NDlaIiwiaXNzdWVkIjoiMjAyNC0wOS0xMlQwOTozOTo0OVoiLCJ2YWxpZEZyb20iOiIyMDI0LTA5LTEyVDA5OjM5OjQ5WiIsImNyZWRlbnRpYWxTY2hlbWEiOnsiaWQiOiJodHRwczovL3Jhdy5naXRodWJ1c2VyY29udGVudC5jb20vd2FsdC1pZC93YWx0aWQtc3Npa2l0LXZjbGliL21hc3Rlci9zcmMvdGVzdC9yZXNvdXJjZXMvc2NoZW1hcy9WZXJpZmlhYmxlSWQuanNvbiIsInR5cGUiOiJGdWxsSnNvblNjaGVtYVZhbGlkYXRvcjIwMjEifSwiZXZpZGVuY2UiOlt7ImRvY3VtZW50UHJlc2VuY2UiOlsiUGh5c2ljYWwiXSwiZXZpZGVuY2VEb2N1bWVudCI6WyJQYXNzcG9ydCJdLCJzdWJqZWN0UHJlc2VuY2UiOiJQaHlzaWNhbCIsInR5cGUiOlsiRG9jdW1lbnRWZXJpZmljYXRpb24iXSwidmVyaWZpZXIiOiJkaWQ6ZWJzaToyQTlCWjlTVWU2QmF0YWNTcHZzMVY1Q2RqSHZMcFE3YkVzaTJKYjZMZEhLblF4YU4ifV0sIl9zZCI6WyJFMEFoZGM5VjA5NzdCRVl0OVI5RWJNZ1RyYzdHbFVfZXVGN0Y3ZG94WDY4Il19LCJqdGkiOiJ1cm46dXVpZDoyZTg5OTI5Yy01N2ZlLTQ5MTctOGMxZi04MTY2Y2RlZWE0MmYifQ.glPCsNGyoeMaq7fEt2SvkinfUd8SN5ZZvzpidkUyGIilqaI0OGIouDGDOMip-SIdvBdoGwjIOm7UiVLX7wl2cw~WyJURWRpdnJ0VWpBX2s0U1FiNm12cE93IiwiZmlyc3ROYW1lIiwiSmFuZSJd~WyJITTBQdy16Q3NNcG52Q0pmV3o2TVlRIiwiY3JlZGVudGlhbFN1YmplY3QiLHsiaWQiOiJkaWQ6ZWJzaTp6Y0tad3h1cmZ0S3RMYm1MWW1BTlh1TSIsImN1cnJlbnRBZGRyZXNzIjpbIjEgQm91bGV2YXJkIGRlIGxhIExpYmVydMOpLCA1OTgwMCBMaWxsZSJdLCJmYW1pbHlOYW1lIjoiRE9FIiwiZ2VuZGVyIjoiRkVNQUxFIiwibmFtZUFuZEZhbWlseU5hbWVBdEJpcnRoIjoiSmFuZSBET0UiLCJwZXJzb25hbElkZW50aWZpZXIiOiIwOTA0MDA4MDg0SCIsInBsYWNlT2ZCaXJ0aCI6IkxJTExFLCBGUkFOQ0UiLCJfc2QiOlsiV3djMkpKNVNsclU2RmNybmVWdlAtdWF5WC1ycDM4dG9kR0pTanhNZmxwWSIsImtfNjFKalNRb2J0RHVMNEFSckNkX2FUSlR6aFc2T0VFYkJfbTBKaGR3RG8iXX1d
14623 [pool-1-thread-1 @coroutine#892] DEBUG id.walt.services.jwt.WaltIdJwtService - Verifying token:  eyJraWQiOiJkaWQ6ZWJzaTp6Y0tad3h1cmZ0S3RMYm1MWW1BTlh1TSNkMDIyNmU4OTZmNGI0YzU2YTkzNjFmZDkyZDQ2MjIxYyIsInR5cCI6IkpXVCIsImFsZyI6IkVTMjU2SyJ9.eyJzdWIiOiJkaWQ6ZWJzaTp6Y0tad3h1cmZ0S3RMYm1MWW1BTlh1TSIsIm5iZiI6MTcyNjEzMzk4OSwiaXNzIjoiZGlkOmVic2k6emNLWnd4dXJmdEt0TGJtTFltQU5YdU0iLCJpYXQiOjE3MjYxMzM5ODksInZjIjp7InR5cGUiOlsiVmVyaWZpYWJsZUNyZWRlbnRpYWwiLCJWZXJpZmlhYmxlQXR0ZXN0YXRpb24iLCJWZXJpZmlhYmxlSWQiXSwiQGNvbnRleHQiOlsiaHR0cHM6Ly93d3cudzMub3JnLzIwMTgvY3JlZGVudGlhbHMvdjEiXSwiaWQiOiJ1cm46dXVpZDoyZTg5OTI5Yy01N2ZlLTQ5MTctOGMxZi04MTY2Y2RlZWE0MmYiLCJpc3N1ZXIiOiJkaWQ6ZWJzaTp6Y0tad3h1cmZ0S3RMYm1MWW1BTlh1TSIsImlzc3VhbmNlRGF0ZSI6IjIwMjQtMDktMTJUMDk6Mzk6NDlaIiwiaXNzdWVkIjoiMjAyNC0wOS0xMlQwOTozOTo0OVoiLCJ2YWxpZEZyb20iOiIyMDI0LTA5LTEyVDA5OjM5OjQ5WiIsImNyZWRlbnRpYWxTY2hlbWEiOnsiaWQiOiJodHRwczovL3Jhdy5naXRodWJ1c2VyY29udGVudC5jb20vd2FsdC1pZC93YWx0aWQtc3Npa2l0LXZjbGliL21hc3Rlci9zcmMvdGVzdC9yZXNvdXJjZXMvc2NoZW1hcy9WZXJpZmlhYmxlSWQuanNvbiIsInR5cGUiOiJGdWxsSnNvblNjaGVtYVZhbGlkYXRvcjIwMjEifSwiZXZpZGVuY2UiOlt7ImRvY3VtZW50UHJlc2VuY2UiOlsiUGh5c2ljYWwiXSwiZXZpZGVuY2VEb2N1bWVudCI6WyJQYXNzcG9ydCJdLCJzdWJqZWN0UHJlc2VuY2UiOiJQaHlzaWNhbCIsInR5cGUiOlsiRG9jdW1lbnRWZXJpZmljYXRpb24iXSwidmVyaWZpZXIiOiJkaWQ6ZWJzaToyQTlCWjlTVWU2QmF0YWNTcHZzMVY1Q2RqSHZMcFE3YkVzaTJKYjZMZEhLblF4YU4ifV0sIl9zZCI6WyJFMEFoZGM5VjA5NzdCRVl0OVI5RWJNZ1RyYzdHbFVfZXVGN0Y3ZG94WDY4Il19LCJqdGkiOiJ1cm46dXVpZDoyZTg5OTI5Yy01N2ZlLTQ5MTctOGMxZi04MTY2Y2RlZWE0MmYifQ.glPCsNGyoeMaq7fEt2SvkinfUd8SN5ZZvzpidkUyGIilqaI0OGIouDGDOMip-SIdvBdoGwjIOm7UiVLX7wl2cw
14623 [pool-1-thread-1 @coroutine#892] DEBUG id.walt.model.DidUrl - Trying to create DidUrl from URL: "did:ebsi:zcKZwxurftKtLbmLYmANXuM#d0226e896f4b4c56a9361fd92d46221c"...
14623 [pool-1-thread-1 @coroutine#892] DEBUG id.walt.model.DidUrl - Trying to create DidUrl from URL: "did:ebsi:zcKZwxurftKtLbmLYmANXuM#d0226e896f4b4c56a9361fd92d46221c"...
14623 [pool-1-thread-1 @coroutine#892] DEBUG id.walt.services.did.DidService - Loading or resolving "did:ebsi:zcKZwxurftKtLbmLYmANXuM"...
14623 [pool-1-thread-1 @coroutine#892] DEBUG id.walt.model.DidUrl - Trying to create DidUrl from URL: "did:ebsi:zcKZwxurftKtLbmLYmANXuM"...
14623 [pool-1-thread-1 @coroutine#892] DEBUG id.walt.services.did.DidService - loadOrResolve: url=DidUrl(method=ebsi, identifier=zcKZwxurftKtLbmLYmANXuM, fragment=zcKZwxurftKtLbmLYmANXuM, query=null), length of stored=954
14624 [pool-1-thread-1 @coroutine#892] DEBUG id.walt.model.DidUrl - Trying to create DidUrl from URL: "did:ebsi:zcKZwxurftKtLbmLYmANXuM"...
14624 [pool-1-thread-1 @coroutine#892] DEBUG id.walt.model.DidUrl - Trying to create DidUrl from URL: "did:ebsi:zcKZwxurftKtLbmLYmANXuM"...
14624 [pool-1-thread-1 @coroutine#892] DEBUG id.walt.model.DidUrl - Trying to create DidUrl from URL: "did:ebsi:zcKZwxurftKtLbmLYmANXuM"...
14625 [pool-1-thread-1 @coroutine#892] DEBUG id.walt.services.keystore.HKVKeyStoreService - Loading key "did:ebsi:zcKZwxurftKtLbmLYmANXuM#d0226e896f4b4c56a9361fd92d46221c".
14625 [pool-1-thread-1 @coroutine#892] DEBUG id.walt.services.keystore.HKVKeyStoreService - Loading key "d0226e896f4b4c56a9361fd92d46221c".
14625 [pool-1-thread-1 @coroutine#892] DEBUG id.walt.services.jwt.WaltIdJwtService - JWT verified returned:  true (with key: d0226e896f4b4c56a9361fd92d46221c)
14625 [pool-1-thread-1 @coroutine#892] DEBUG id.walt.auditor.VerificationPolicy - VC [VerifiableCredential, VerifiableAttestation, VerifiableId] passes policy SignaturePolicy: passed
14626 [pool-1-thread-1 @coroutine#892] DEBUG id.walt.services.vc.WaltIdJwtCredentialService - Creating a presentation for VCs:
[PresentableCredential(verifiableCredential=eyJraWQiOiJkaWQ6ZWJzaTp6Y0tad3h1cmZ0S3RMYm1MWW1BTlh1TSNkMDIyNmU4OTZmNGI0YzU2YTkzNjFmZDkyZDQ2MjIxYyIsInR5cCI6IkpXVCIsImFsZyI6IkVTMjU2SyJ9.eyJzdWIiOiJkaWQ6ZWJzaTp6Y0tad3h1cmZ0S3RMYm1MWW1BTlh1TSIsIm5iZiI6MTcyNjEzMzk4OSwiaXNzIjoiZGlkOmVic2k6emNLWnd4dXJmdEt0TGJtTFltQU5YdU0iLCJpYXQiOjE3MjYxMzM5ODksInZjIjp7InR5cGUiOlsiVmVyaWZpYWJsZUNyZWRlbnRpYWwiLCJWZXJpZmlhYmxlQXR0ZXN0YXRpb24iLCJWZXJpZmlhYmxlSWQiXSwiQGNvbnRleHQiOlsiaHR0cHM6Ly93d3cudzMub3JnLzIwMTgvY3JlZGVudGlhbHMvdjEiXSwiaWQiOiJ1cm46dXVpZDoyZTg5OTI5Yy01N2ZlLTQ5MTctOGMxZi04MTY2Y2RlZWE0MmYiLCJpc3N1ZXIiOiJkaWQ6ZWJzaTp6Y0tad3h1cmZ0S3RMYm1MWW1BTlh1TSIsImlzc3VhbmNlRGF0ZSI6IjIwMjQtMDktMTJUMDk6Mzk6NDlaIiwiaXNzdWVkIjoiMjAyNC0wOS0xMlQwOTozOTo0OVoiLCJ2YWxpZEZyb20iOiIyMDI0LTA5LTEyVDA5OjM5OjQ5WiIsImNyZWRlbnRpYWxTY2hlbWEiOnsiaWQiOiJodHRwczovL3Jhdy5naXRodWJ1c2VyY29udGVudC5jb20vd2FsdC1pZC93YWx0aWQtc3Npa2l0LXZjbGliL21hc3Rlci9zcmMvdGVzdC9yZXNvdXJjZXMvc2NoZW1hcy9WZXJpZmlhYmxlSWQuanNvbiIsInR5cGUiOiJGdWxsSnNvblNjaGVtYVZhbGlkYXRvcjIwMjEifSwiZXZpZGVuY2UiOlt7ImRvY3VtZW50UHJlc2VuY2UiOlsiUGh5c2ljYWwiXSwiZXZpZGVuY2VEb2N1bWVudCI6WyJQYXNzcG9ydCJdLCJzdWJqZWN0UHJlc2VuY2UiOiJQaHlzaWNhbCIsInR5cGUiOlsiRG9jdW1lbnRWZXJpZmljYXRpb24iXSwidmVyaWZpZXIiOiJkaWQ6ZWJzaToyQTlCWjlTVWU2QmF0YWNTcHZzMVY1Q2RqSHZMcFE3YkVzaTJKYjZMZEhLblF4YU4ifV0sIl9zZCI6WyJFMEFoZGM5VjA5NzdCRVl0OVI5RWJNZ1RyYzdHbFVfZXVGN0Y3ZG94WDY4Il19LCJqdGkiOiJ1cm46dXVpZDoyZTg5OTI5Yy01N2ZlLTQ5MTctOGMxZi04MTY2Y2RlZWE0MmYifQ.glPCsNGyoeMaq7fEt2SvkinfUd8SN5ZZvzpidkUyGIilqaI0OGIouDGDOMip-SIdvBdoGwjIOm7UiVLX7wl2cw~WyJNU1VIdTRVQ1p3aGQ0S3JGMkJSX2x3IiwiZGF0ZU9mQmlydGgiLCIxOTkzLTA0LTA4Il0~WyJURWRpdnJ0VWpBX2s0U1FiNm12cE93IiwiZmlyc3ROYW1lIiwiSmFuZSJd~WyJITTBQdy16Q3NNcG52Q0pmV3o2TVlRIiwiY3JlZGVudGlhbFN1YmplY3QiLHsiaWQiOiJkaWQ6ZWJzaTp6Y0tad3h1cmZ0S3RMYm1MWW1BTlh1TSIsImN1cnJlbnRBZGRyZXNzIjpbIjEgQm91bGV2YXJkIGRlIGxhIExpYmVydMOpLCA1OTgwMCBMaWxsZSJdLCJmYW1pbHlOYW1lIjoiRE9FIiwiZ2VuZGVyIjoiRkVNQUxFIiwibmFtZUFuZEZhbWlseU5hbWVBdEJpcnRoIjoiSmFuZSBET0UiLCJwZXJzb25hbElkZW50aWZpZXIiOiIwOTA0MDA4MDg0SCIsInBsYWNlT2ZCaXJ0aCI6IkxJTExFLCBGUkFOQ0UiLCJfc2QiOlsiV3djMkpKNVNsclU2RmNybmVWdlAtdWF5WC1ycDM4dG9kR0pTanhNZmxwWSIsImtfNjFKalNRb2J0RHVMNEFSckNkX2FUSlR6aFc2T0VFYkJfbTBKaGR3RG8iXX1d, selectiveDisclosure=null, discloseAll=true)]
14626 [pool-1-thread-1 @coroutine#892] DEBUG id.walt.model.DidUrl - Trying to create DidUrl from URL: "did:ebsi:zcKZwxurftKtLbmLYmANXuM"...
14626 [pool-1-thread-1 @coroutine#892] DEBUG id.walt.services.vc.WaltIdJwtCredentialService - Signing JWT object with config: ProofConfig(issuerDid=did:ebsi:zcKZwxurftKtLbmLYmANXuM, subjectDid=did:ebsi:zcKZwxurftKtLbmLYmANXuM, verifierDid=null, issuerVerificationMethod=did:ebsi:zcKZwxurftKtLbmLYmANXuM#d0226e896f4b4c56a9361fd92d46221c, proofType=JWT, domain=null, nonce=null, proofPurpose=null, credentialId=urn:uuid:4d9b7809-b749-43f8-841d-3248853e139a, issueDate=null, validDate=null, expirationDate=null, dataProviderIdentifier=null, ldSignatureType=null, creator=did:ebsi:zcKZwxurftKtLbmLYmANXuM, ecosystem=DEFAULT, statusType=null, statusPurpose=revocation, credentialsEndpoint=null, selectiveDisclosure=null)
14626 [pool-1-thread-1 @coroutine#892] DEBUG id.walt.services.vc.WaltIdJwtCredentialService - Signing: {"sub":"did:ebsi:zcKZwxurftKtLbmLYmANXuM","nbf":1726133989,"iss":"did:ebsi:zcKZwxurftKtLbmLYmANXuM","vp":{"type":["VerifiablePresentation"],"@context":["https://www.w3.org/2018/credentials/v1"],"id":"urn:uuid:4d9b7809-b749-43f8-841d-3248853e139a","holder":"did:ebsi:zcKZwxurftKtLbmLYmANXuM","verifiableCredential":["eyJraWQiOiJkaWQ6ZWJzaTp6Y0tad3h1cmZ0S3RMYm1MWW1BTlh1TSNkMDIyNmU4OTZmNGI0YzU2YTkzNjFmZDkyZDQ2MjIxYyIsInR5cCI6IkpXVCIsImFsZyI6IkVTMjU2SyJ9.eyJzdWIiOiJkaWQ6ZWJzaTp6Y0tad3h1cmZ0S3RMYm1MWW1BTlh1TSIsIm5iZiI6MTcyNjEzMzk4OSwiaXNzIjoiZGlkOmVic2k6emNLWnd4dXJmdEt0TGJtTFltQU5YdU0iLCJpYXQiOjE3MjYxMzM5ODksInZjIjp7InR5cGUiOlsiVmVyaWZpYWJsZUNyZWRlbnRpYWwiLCJWZXJpZmlhYmxlQXR0ZXN0YXRpb24iLCJWZXJpZmlhYmxlSWQiXSwiQGNvbnRleHQiOlsiaHR0cHM6Ly93d3cudzMub3JnLzIwMTgvY3JlZGVudGlhbHMvdjEiXSwiaWQiOiJ1cm46dXVpZDoyZTg5OTI5Yy01N2ZlLTQ5MTctOGMxZi04MTY2Y2RlZWE0MmYiLCJpc3N1ZXIiOiJkaWQ6ZWJzaTp6Y0tad3h1cmZ0S3RMYm1MWW1BTlh1TSIsImlzc3VhbmNlRGF0ZSI6IjIwMjQtMDktMTJUMDk6Mzk6NDlaIiwiaXNzdWVkIjoiMjAyNC0wOS0xMlQwOTozOTo0OVoiLCJ2YWxpZEZyb20iOiIyMDI0LTA5LTEyVDA5OjM5OjQ5WiIsImNyZWRlbnRpYWxTY2hlbWEiOnsiaWQiOiJodHRwczovL3Jhdy5naXRodWJ1c2VyY29udGVudC5jb20vd2FsdC1pZC93YWx0aWQtc3Npa2l0LXZjbGliL21hc3Rlci9zcmMvdGVzdC9yZXNvdXJjZXMvc2NoZW1hcy9WZXJpZmlhYmxlSWQuanNvbiIsInR5cGUiOiJGdWxsSnNvblNjaGVtYVZhbGlkYXRvcjIwMjEifSwiZXZpZGVuY2UiOlt7ImRvY3VtZW50UHJlc2VuY2UiOlsiUGh5c2ljYWwiXSwiZXZpZGVuY2VEb2N1bWVudCI6WyJQYXNzcG9ydCJdLCJzdWJqZWN0UHJlc2VuY2UiOiJQaHlzaWNhbCIsInR5cGUiOlsiRG9jdW1lbnRWZXJpZmljYXRpb24iXSwidmVyaWZpZXIiOiJkaWQ6ZWJzaToyQTlCWjlTVWU2QmF0YWNTcHZzMVY1Q2RqSHZMcFE3YkVzaTJKYjZMZEhLblF4YU4ifV0sIl9zZCI6WyJFMEFoZGM5VjA5NzdCRVl0OVI5RWJNZ1RyYzdHbFVfZXVGN0Y3ZG94WDY4Il19LCJqdGkiOiJ1cm46dXVpZDoyZTg5OTI5Yy01N2ZlLTQ5MTctOGMxZi04MTY2Y2RlZWE0MmYifQ.glPCsNGyoeMaq7fEt2SvkinfUd8SN5ZZvzpidkUyGIilqaI0OGIouDGDOMip-SIdvBdoGwjIOm7UiVLX7wl2cw~WyJNU1VIdTRVQ1p3aGQ0S3JGMkJSX2x3IiwiZGF0ZU9mQmlydGgiLCIxOTkzLTA0LTA4Il0~WyJURWRpdnJ0VWpBX2s0U1FiNm12cE93IiwiZmlyc3ROYW1lIiwiSmFuZSJd~WyJITTBQdy16Q3NNcG52Q0pmV3o2TVlRIiwiY3JlZGVudGlhbFN1YmplY3QiLHsiaWQiOiJkaWQ6ZWJzaTp6Y0tad3h1cmZ0S3RMYm1MWW1BTlh1TSIsImN1cnJlbnRBZGRyZXNzIjpbIjEgQm91bGV2YXJkIGRlIGxhIExpYmVydMOpLCA1OTgwMCBMaWxsZSJdLCJmYW1pbHlOYW1lIjoiRE9FIiwiZ2VuZGVyIjoiRkVNQUxFIiwibmFtZUFuZEZhbWlseU5hbWVBdEJpcnRoIjoiSmFuZSBET0UiLCJwZXJzb25hbElkZW50aWZpZXIiOiIwOTA0MDA4MDg0SCIsInBsYWNlT2ZCaXJ0aCI6IkxJTExFLCBGUkFOQ0UiLCJfc2QiOlsiV3djMkpKNVNsclU2RmNybmVWdlAtdWF5WC1ycDM4dG9kR0pTanhNZmxwWSIsImtfNjFKalNRb2J0RHVMNEFSckNkX2FUSlR6aFc2T0VFYkJfbTBKaGR3RG8iXX1d"]},"iat":1726133989,"jti":"urn:uuid:4d9b7809-b749-43f8-841d-3248853e139a"}
14626 [pool-1-thread-1 @coroutine#892] DEBUG id.walt.services.keystore.HKVKeyStoreService - Loading key "did:ebsi:zcKZwxurftKtLbmLYmANXuM#d0226e896f4b4c56a9361fd92d46221c".
14626 [pool-1-thread-1 @coroutine#892] DEBUG id.walt.services.jwt.WaltIdJwtService - Signing JWT with algorithm: ECDSA_Secp256k1
14626 [pool-1-thread-1 @coroutine#892] DEBUG id.walt.model.DidUrl - Trying to create DidUrl from URL: "did:ebsi:zcKZwxurftKtLbmLYmANXuM#d0226e896f4b4c56a9361fd92d46221c"...
14626 [pool-1-thread-1 @coroutine#892] DEBUG id.walt.services.keystore.HKVKeyStoreService - Loading key "d0226e896f4b4c56a9361fd92d46221c".
14627 [pool-1-thread-1 @coroutine#892] DEBUG id.walt.services.jwt.WaltIdJwtService - Signed JWT:  eyJraWQiOiJkaWQ6ZWJzaTp6Y0tad3h1cmZ0S3RMYm1MWW1BTlh1TSNkMDIyNmU4OTZmNGI0YzU2YTkzNjFmZDkyZDQ2MjIxYyIsInR5cCI6IkpXVCIsImFsZyI6IkVTMjU2SyJ9.eyJzdWIiOiJkaWQ6ZWJzaTp6Y0tad3h1cmZ0S3RMYm1MWW1BTlh1TSIsIm5iZiI6MTcyNjEzMzk4OSwiaXNzIjoiZGlkOmVic2k6emNLWnd4dXJmdEt0TGJtTFltQU5YdU0iLCJ2cCI6eyJ0eXBlIjpbIlZlcmlmaWFibGVQcmVzZW50YXRpb24iXSwiQGNvbnRleHQiOlsiaHR0cHM6Ly93d3cudzMub3JnLzIwMTgvY3JlZGVudGlhbHMvdjEiXSwiaWQiOiJ1cm46dXVpZDo0ZDliNzgwOS1iNzQ5LTQzZjgtODQxZC0zMjQ4ODUzZTEzOWEiLCJob2xkZXIiOiJkaWQ6ZWJzaTp6Y0tad3h1cmZ0S3RMYm1MWW1BTlh1TSIsInZlcmlmaWFibGVDcmVkZW50aWFsIjpbImV5SnJhV1FpT2lKa2FXUTZaV0p6YVRwNlkwdGFkM2gxY21aMFMzUk1ZbTFNV1cxQlRsaDFUU05rTURJeU5tVTRPVFptTkdJMFl6VTJZVGt6TmpGbVpEa3laRFEyTWpJeFl5SXNJblI1Y0NJNklrcFhWQ0lzSW1Gc1p5STZJa1ZUTWpVMlN5SjkuZXlKemRXSWlPaUprYVdRNlpXSnphVHA2WTB0YWQzaDFjbVowUzNSTVltMU1XVzFCVGxoMVRTSXNJbTVpWmlJNk1UY3lOakV6TXprNE9Td2lhWE56SWpvaVpHbGtPbVZpYzJrNmVtTkxXbmQ0ZFhKbWRFdDBUR0p0VEZsdFFVNVlkVTBpTENKcFlYUWlPakUzTWpZeE16TTVPRGtzSW5aaklqcDdJblI1Y0dVaU9sc2lWbVZ5YVdacFlXSnNaVU55WldSbGJuUnBZV3dpTENKV1pYSnBabWxoWW14bFFYUjBaWE4wWVhScGIyNGlMQ0pXWlhKcFptbGhZbXhsU1dRaVhTd2lRR052Ym5SbGVIUWlPbHNpYUhSMGNITTZMeTkzZDNjdWR6TXViM0puTHpJd01UZ3ZZM0psWkdWdWRHbGhiSE12ZGpFaVhTd2lhV1FpT2lKMWNtNDZkWFZwWkRveVpUZzVPVEk1WXkwMU4yWmxMVFE1TVRjdE9HTXhaaTA0TVRZMlkyUmxaV0UwTW1ZaUxDSnBjM04xWlhJaU9pSmthV1E2WldKemFUcDZZMHRhZDNoMWNtWjBTM1JNWW0xTVdXMUJUbGgxVFNJc0ltbHpjM1ZoYm1ObFJHRjBaU0k2SWpJd01qUXRNRGt0TVRKVU1EazZNems2TkRsYUlpd2lhWE56ZFdWa0lqb2lNakF5TkMwd09TMHhNbFF3T1Rvek9UbzBPVm9pTENKMllXeHBaRVp5YjIwaU9pSXlNREkwTFRBNUxURXlWREE1T2pNNU9qUTVXaUlzSW1OeVpXUmxiblJwWVd4VFkyaGxiV0VpT25zaWFXUWlPaUpvZEhSd2N6b3ZMM0poZHk1bmFYUm9kV0oxYzJWeVkyOXVkR1Z1ZEM1amIyMHZkMkZzZEMxcFpDOTNZV3gwYVdRdGMzTnBhMmwwTFhaamJHbGlMMjFoYzNSbGNpOXpjbU12ZEdWemRDOXlaWE52ZFhKalpYTXZjMk5vWlcxaGN5OVdaWEpwWm1saFlteGxTV1F1YW5OdmJpSXNJblI1Y0dVaU9pSkdkV3hzU25OdmJsTmphR1Z0WVZaaGJHbGtZWFJ2Y2pJd01qRWlmU3dpWlhacFpHVnVZMlVpT2x0N0ltUnZZM1Z0Wlc1MFVISmxjMlZ1WTJVaU9sc2lVR2g1YzJsallXd2lYU3dpWlhacFpHVnVZMlZFYjJOMWJXVnVkQ0k2V3lKUVlYTnpjRzl5ZENKZExDSnpkV0pxWldOMFVISmxjMlZ1WTJVaU9pSlFhSGx6YVdOaGJDSXNJblI1Y0dVaU9sc2lSRzlqZFcxbGJuUldaWEpwWm1sallYUnBiMjRpWFN3aWRtVnlhV1pwWlhJaU9pSmthV1E2WldKemFUb3lRVGxDV2psVFZXVTJRbUYwWVdOVGNIWnpNVlkxUTJScVNIWk1jRkUzWWtWemFUSktZalpNWkVoTGJsRjRZVTRpZlYwc0lsOXpaQ0k2V3lKRk1FRm9aR001VmpBNU56ZENSVmwwT1ZJNVJXSk5aMVJ5WXpkSGJGVmZaWFZHTjBZM1pHOTRXRFk0SWwxOUxDSnFkR2tpT2lKMWNtNDZkWFZwWkRveVpUZzVPVEk1WXkwMU4yWmxMVFE1TVRjdE9HTXhaaTA0TVRZMlkyUmxaV0UwTW1ZaWZRLmdsUENzTkd5b2VNYXE3ZkV0MlN2a2luZlVkOFNONVpadnpwaWRrVXlHSWlscWFJME9HSW91REdET01pcC1TSWR2QmRvR3dqSU9tN1VpVkxYN3dsMmN3fld5Sk5VMVZJZFRSVlExcDNhR1EwUzNKR01rSlNYMngzSWl3aVpHRjBaVTltUW1seWRHZ2lMQ0l4T1RrekxUQTBMVEE0SWwwfld5SlVSV1JwZG5KMFZXcEJYMnMwVTFGaU5tMTJjRTkzSWl3aVptbHljM1JPWVcxbElpd2lTbUZ1WlNKZH5XeUpJVFRCUWR5MTZRM05OY0c1MlEwcG1WM28yVFZsUklpd2lZM0psWkdWdWRHbGhiRk4xWW1wbFkzUWlMSHNpYVdRaU9pSmthV1E2WldKemFUcDZZMHRhZDNoMWNtWjBTM1JNWW0xTVdXMUJUbGgxVFNJc0ltTjFjbkpsYm5SQlpHUnlaWE56SWpwYklqRWdRbTkxYkdWMllYSmtJR1JsSUd4aElFeHBZbVZ5ZE1PcExDQTFPVGd3TUNCTWFXeHNaU0pkTENKbVlXMXBiSGxPWVcxbElqb2lSRTlGSWl3aVoyVnVaR1Z5SWpvaVJrVk5RVXhGSWl3aWJtRnRaVUZ1WkVaaGJXbHNlVTVoYldWQmRFSnBjblJvSWpvaVNtRnVaU0JFVDBVaUxDSndaWEp6YjI1aGJFbGtaVzUwYVdacFpYSWlPaUl3T1RBME1EQTRNRGcwU0NJc0luQnNZV05sVDJaQ2FYSjBhQ0k2SWt4SlRFeEZMQ0JHVWtGT1EwVWlMQ0pmYzJRaU9sc2lWM2RqTWtwS05WTnNjbFUyUm1OeWJtVldkbEF0ZFdGNVdDMXljRE00ZEc5a1IwcFRhbmhOWm14d1dTSXNJbXRmTmpGS2FsTlJiMkowUkhWTU5FRlNja05rWDJGVVNsUjZhRmMyVDBWRllrSmZiVEJLYUdSM1JHOGlYWDFkIl19LCJpYXQiOjE3MjYxMzM5ODksImp0aSI6InVybjp1dWlkOjRkOWI3ODA5LWI3NDktNDNmOC04NDFkLTMyNDg4NTNlMTM5YSJ9.13xTUctPsFJU-K4Y51QTQMVLqSghHxuAKx-Rb8cyIjYpsLKI5duhGlpQn3_qaB8DOywzaO3Kg5RCtIRKTb2FZw
14627 [pool-1-thread-1 @coroutine#892] DEBUG id.walt.services.vc.WaltIdJwtCredentialService - VP created:eyJraWQiOiJkaWQ6ZWJzaTp6Y0tad3h1cmZ0S3RMYm1MWW1BTlh1TSNkMDIyNmU4OTZmNGI0YzU2YTkzNjFmZDkyZDQ2MjIxYyIsInR5cCI6IkpXVCIsImFsZyI6IkVTMjU2SyJ9.eyJzdWIiOiJkaWQ6ZWJzaTp6Y0tad3h1cmZ0S3RMYm1MWW1BTlh1TSIsIm5iZiI6MTcyNjEzMzk4OSwiaXNzIjoiZGlkOmVic2k6emNLWnd4dXJmdEt0TGJtTFltQU5YdU0iLCJ2cCI6eyJ0eXBlIjpbIlZlcmlmaWFibGVQcmVzZW50YXRpb24iXSwiQGNvbnRleHQiOlsiaHR0cHM6Ly93d3cudzMub3JnLzIwMTgvY3JlZGVudGlhbHMvdjEiXSwiaWQiOiJ1cm46dXVpZDo0ZDliNzgwOS1iNzQ5LTQzZjgtODQxZC0zMjQ4ODUzZTEzOWEiLCJob2xkZXIiOiJkaWQ6ZWJzaTp6Y0tad3h1cmZ0S3RMYm1MWW1BTlh1TSIsInZlcmlmaWFibGVDcmVkZW50aWFsIjpbImV5SnJhV1FpT2lKa2FXUTZaV0p6YVRwNlkwdGFkM2gxY21aMFMzUk1ZbTFNV1cxQlRsaDFUU05rTURJeU5tVTRPVFptTkdJMFl6VTJZVGt6TmpGbVpEa3laRFEyTWpJeFl5SXNJblI1Y0NJNklrcFhWQ0lzSW1Gc1p5STZJa1ZUTWpVMlN5SjkuZXlKemRXSWlPaUprYVdRNlpXSnphVHA2WTB0YWQzaDFjbVowUzNSTVltMU1XVzFCVGxoMVRTSXNJbTVpWmlJNk1UY3lOakV6TXprNE9Td2lhWE56SWpvaVpHbGtPbVZpYzJrNmVtTkxXbmQ0ZFhKbWRFdDBUR0p0VEZsdFFVNVlkVTBpTENKcFlYUWlPakUzTWpZeE16TTVPRGtzSW5aaklqcDdJblI1Y0dVaU9sc2lWbVZ5YVdacFlXSnNaVU55WldSbGJuUnBZV3dpTENKV1pYSnBabWxoWW14bFFYUjBaWE4wWVhScGIyNGlMQ0pXWlhKcFptbGhZbXhsU1dRaVhTd2lRR052Ym5SbGVIUWlPbHNpYUhSMGNITTZMeTkzZDNjdWR6TXViM0puTHpJd01UZ3ZZM0psWkdWdWRHbGhiSE12ZGpFaVhTd2lhV1FpT2lKMWNtNDZkWFZwWkRveVpUZzVPVEk1WXkwMU4yWmxMVFE1TVRjdE9HTXhaaTA0TVRZMlkyUmxaV0UwTW1ZaUxDSnBjM04xWlhJaU9pSmthV1E2WldKemFUcDZZMHRhZDNoMWNtWjBTM1JNWW0xTVdXMUJUbGgxVFNJc0ltbHpjM1ZoYm1ObFJHRjBaU0k2SWpJd01qUXRNRGt0TVRKVU1EazZNems2TkRsYUlpd2lhWE56ZFdWa0lqb2lNakF5TkMwd09TMHhNbFF3T1Rvek9UbzBPVm9pTENKMllXeHBaRVp5YjIwaU9pSXlNREkwTFRBNUxURXlWREE1T2pNNU9qUTVXaUlzSW1OeVpXUmxiblJwWVd4VFkyaGxiV0VpT25zaWFXUWlPaUpvZEhSd2N6b3ZMM0poZHk1bmFYUm9kV0oxYzJWeVkyOXVkR1Z1ZEM1amIyMHZkMkZzZEMxcFpDOTNZV3gwYVdRdGMzTnBhMmwwTFhaamJHbGlMMjFoYzNSbGNpOXpjbU12ZEdWemRDOXlaWE52ZFhKalpYTXZjMk5vWlcxaGN5OVdaWEpwWm1saFlteGxTV1F1YW5OdmJpSXNJblI1Y0dVaU9pSkdkV3hzU25OdmJsTmphR1Z0WVZaaGJHbGtZWFJ2Y2pJd01qRWlmU3dpWlhacFpHVnVZMlVpT2x0N0ltUnZZM1Z0Wlc1MFVISmxjMlZ1WTJVaU9sc2lVR2g1YzJsallXd2lYU3dpWlhacFpHVnVZMlZFYjJOMWJXVnVkQ0k2V3lKUVlYTnpjRzl5ZENKZExDSnpkV0pxWldOMFVISmxjMlZ1WTJVaU9pSlFhSGx6YVdOaGJDSXNJblI1Y0dVaU9sc2lSRzlqZFcxbGJuUldaWEpwWm1sallYUnBiMjRpWFN3aWRtVnlhV1pwWlhJaU9pSmthV1E2WldKemFUb3lRVGxDV2psVFZXVTJRbUYwWVdOVGNIWnpNVlkxUTJScVNIWk1jRkUzWWtWemFUSktZalpNWkVoTGJsRjRZVTRpZlYwc0lsOXpaQ0k2V3lKRk1FRm9aR001VmpBNU56ZENSVmwwT1ZJNVJXSk5aMVJ5WXpkSGJGVmZaWFZHTjBZM1pHOTRXRFk0SWwxOUxDSnFkR2tpT2lKMWNtNDZkWFZwWkRveVpUZzVPVEk1WXkwMU4yWmxMVFE1TVRjdE9HTXhaaTA0TVRZMlkyUmxaV0UwTW1ZaWZRLmdsUENzTkd5b2VNYXE3ZkV0MlN2a2luZlVkOFNONVpadnpwaWRrVXlHSWlscWFJME9HSW91REdET01pcC1TSWR2QmRvR3dqSU9tN1VpVkxYN3dsMmN3fld5Sk5VMVZJZFRSVlExcDNhR1EwUzNKR01rSlNYMngzSWl3aVpHRjBaVTltUW1seWRHZ2lMQ0l4T1RrekxUQTBMVEE0SWwwfld5SlVSV1JwZG5KMFZXcEJYMnMwVTFGaU5tMTJjRTkzSWl3aVptbHljM1JPWVcxbElpd2lTbUZ1WlNKZH5XeUpJVFRCUWR5MTZRM05OY0c1MlEwcG1WM28yVFZsUklpd2lZM0psWkdWdWRHbGhiRk4xWW1wbFkzUWlMSHNpYVdRaU9pSmthV1E2WldKemFUcDZZMHRhZDNoMWNtWjBTM1JNWW0xTVdXMUJUbGgxVFNJc0ltTjFjbkpsYm5SQlpHUnlaWE56SWpwYklqRWdRbTkxYkdWMllYSmtJR1JsSUd4aElFeHBZbVZ5ZE1PcExDQTFPVGd3TUNCTWFXeHNaU0pkTENKbVlXMXBiSGxPWVcxbElqb2lSRTlGSWl3aVoyVnVaR1Z5SWpvaVJrVk5RVXhGSWl3aWJtRnRaVUZ1WkVaaGJXbHNlVTVoYldWQmRFSnBjblJvSWpvaVNtRnVaU0JFVDBVaUxDSndaWEp6YjI1aGJFbGtaVzUwYVdacFpYSWlPaUl3T1RBME1EQTRNRGcwU0NJc0luQnNZV05sVDJaQ2FYSjBhQ0k2SWt4SlRFeEZMQ0JHVWtGT1EwVWlMQ0pmYzJRaU9sc2lWM2RqTWtwS05WTnNjbFUyUm1OeWJtVldkbEF0ZFdGNVdDMXljRE00ZEc5a1IwcFRhbmhOWm14d1dTSXNJbXRmTmpGS2FsTlJiMkowUkhWTU5FRlNja05rWDJGVVNsUjZhRmMyVDBWRllrSmZiVEJLYUdSM1JHOGlYWDFkIl19LCJpYXQiOjE3MjYxMzM5ODksImp0aSI6InVybjp1dWlkOjRkOWI3ODA5LWI3NDktNDNmOC04NDFkLTMyNDg4NTNlMTM5YSJ9.13xTUctPsFJU-K4Y51QTQMVLqSghHxuAKx-Rb8cyIjYpsLKI5duhGlpQn3_qaB8DOywzaO3Kg5RCtIRKTb2FZw
14628 [pool-1-thread-1 @coroutine#892] DEBUG id.walt.auditor.Auditor - Verifying vc with SignaturePolicy ...
14628 [pool-1-thread-1 @coroutine#892] DEBUG id.walt.auditor.policies.SignaturePolicy - is jwt: true
14628 [pool-1-thread-1 @coroutine#892] DEBUG id.walt.services.vc.WaltIdJwtCredentialService - Verifying vc: eyJraWQiOiJkaWQ6ZWJzaTp6Y0tad3h1cmZ0S3RMYm1MWW1BTlh1TSNkMDIyNmU4OTZmNGI0YzU2YTkzNjFmZDkyZDQ2MjIxYyIsInR5cCI6IkpXVCIsImFsZyI6IkVTMjU2SyJ9.eyJzdWIiOiJkaWQ6ZWJzaTp6Y0tad3h1cmZ0S3RMYm1MWW1BTlh1TSIsIm5iZiI6MTcyNjEzMzk4OSwiaXNzIjoiZGlkOmVic2k6emNLWnd4dXJmdEt0TGJtTFltQU5YdU0iLCJ2cCI6eyJ0eXBlIjpbIlZlcmlmaWFibGVQcmVzZW50YXRpb24iXSwiQGNvbnRleHQiOlsiaHR0cHM6Ly93d3cudzMub3JnLzIwMTgvY3JlZGVudGlhbHMvdjEiXSwiaWQiOiJ1cm46dXVpZDo0ZDliNzgwOS1iNzQ5LTQzZjgtODQxZC0zMjQ4ODUzZTEzOWEiLCJob2xkZXIiOiJkaWQ6ZWJzaTp6Y0tad3h1cmZ0S3RMYm1MWW1BTlh1TSIsInZlcmlmaWFibGVDcmVkZW50aWFsIjpbImV5SnJhV1FpT2lKa2FXUTZaV0p6YVRwNlkwdGFkM2gxY21aMFMzUk1ZbTFNV1cxQlRsaDFUU05rTURJeU5tVTRPVFptTkdJMFl6VTJZVGt6TmpGbVpEa3laRFEyTWpJeFl5SXNJblI1Y0NJNklrcFhWQ0lzSW1Gc1p5STZJa1ZUTWpVMlN5SjkuZXlKemRXSWlPaUprYVdRNlpXSnphVHA2WTB0YWQzaDFjbVowUzNSTVltMU1XVzFCVGxoMVRTSXNJbTVpWmlJNk1UY3lOakV6TXprNE9Td2lhWE56SWpvaVpHbGtPbVZpYzJrNmVtTkxXbmQ0ZFhKbWRFdDBUR0p0VEZsdFFVNVlkVTBpTENKcFlYUWlPakUzTWpZeE16TTVPRGtzSW5aaklqcDdJblI1Y0dVaU9sc2lWbVZ5YVdacFlXSnNaVU55WldSbGJuUnBZV3dpTENKV1pYSnBabWxoWW14bFFYUjBaWE4wWVhScGIyNGlMQ0pXWlhKcFptbGhZbXhsU1dRaVhTd2lRR052Ym5SbGVIUWlPbHNpYUhSMGNITTZMeTkzZDNjdWR6TXViM0puTHpJd01UZ3ZZM0psWkdWdWRHbGhiSE12ZGpFaVhTd2lhV1FpT2lKMWNtNDZkWFZwWkRveVpUZzVPVEk1WXkwMU4yWmxMVFE1TVRjdE9HTXhaaTA0TVRZMlkyUmxaV0UwTW1ZaUxDSnBjM04xWlhJaU9pSmthV1E2WldKemFUcDZZMHRhZDNoMWNtWjBTM1JNWW0xTVdXMUJUbGgxVFNJc0ltbHpjM1ZoYm1ObFJHRjBaU0k2SWpJd01qUXRNRGt0TVRKVU1EazZNems2TkRsYUlpd2lhWE56ZFdWa0lqb2lNakF5TkMwd09TMHhNbFF3T1Rvek9UbzBPVm9pTENKMllXeHBaRVp5YjIwaU9pSXlNREkwTFRBNUxURXlWREE1T2pNNU9qUTVXaUlzSW1OeVpXUmxiblJwWVd4VFkyaGxiV0VpT25zaWFXUWlPaUpvZEhSd2N6b3ZMM0poZHk1bmFYUm9kV0oxYzJWeVkyOXVkR1Z1ZEM1amIyMHZkMkZzZEMxcFpDOTNZV3gwYVdRdGMzTnBhMmwwTFhaamJHbGlMMjFoYzNSbGNpOXpjbU12ZEdWemRDOXlaWE52ZFhKalpYTXZjMk5vWlcxaGN5OVdaWEpwWm1saFlteGxTV1F1YW5OdmJpSXNJblI1Y0dVaU9pSkdkV3hzU25OdmJsTmphR1Z0WVZaaGJHbGtZWFJ2Y2pJd01qRWlmU3dpWlhacFpHVnVZMlVpT2x0N0ltUnZZM1Z0Wlc1MFVISmxjMlZ1WTJVaU9sc2lVR2g1YzJsallXd2lYU3dpWlhacFpHVnVZMlZFYjJOMWJXVnVkQ0k2V3lKUVlYTnpjRzl5ZENKZExDSnpkV0pxWldOMFVISmxjMlZ1WTJVaU9pSlFhSGx6YVdOaGJDSXNJblI1Y0dVaU9sc2lSRzlqZFcxbGJuUldaWEpwWm1sallYUnBiMjRpWFN3aWRtVnlhV1pwWlhJaU9pSmthV1E2WldKemFUb3lRVGxDV2psVFZXVTJRbUYwWVdOVGNIWnpNVlkxUTJScVNIWk1jRkUzWWtWemFUSktZalpNWkVoTGJsRjRZVTRpZlYwc0lsOXpaQ0k2V3lKRk1FRm9aR001VmpBNU56ZENSVmwwT1ZJNVJXSk5aMVJ5WXpkSGJGVmZaWFZHTjBZM1pHOTRXRFk0SWwxOUxDSnFkR2tpT2lKMWNtNDZkWFZwWkRveVpUZzVPVEk1WXkwMU4yWmxMVFE1TVRjdE9HTXhaaTA0TVRZMlkyUmxaV0UwTW1ZaWZRLmdsUENzTkd5b2VNYXE3ZkV0MlN2a2luZlVkOFNONVpadnpwaWRrVXlHSWlscWFJME9HSW91REdET01pcC1TSWR2QmRvR3dqSU9tN1VpVkxYN3dsMmN3fld5Sk5VMVZJZFRSVlExcDNhR1EwUzNKR01rSlNYMngzSWl3aVpHRjBaVTltUW1seWRHZ2lMQ0l4T1RrekxUQTBMVEE0SWwwfld5SlVSV1JwZG5KMFZXcEJYMnMwVTFGaU5tMTJjRTkzSWl3aVptbHljM1JPWVcxbElpd2lTbUZ1WlNKZH5XeUpJVFRCUWR5MTZRM05OY0c1MlEwcG1WM28yVFZsUklpd2lZM0psWkdWdWRHbGhiRk4xWW1wbFkzUWlMSHNpYVdRaU9pSmthV1E2WldKemFUcDZZMHRhZDNoMWNtWjBTM1JNWW0xTVdXMUJUbGgxVFNJc0ltTjFjbkpsYm5SQlpHUnlaWE56SWpwYklqRWdRbTkxYkdWMllYSmtJR1JsSUd4aElFeHBZbVZ5ZE1PcExDQTFPVGd3TUNCTWFXeHNaU0pkTENKbVlXMXBiSGxPWVcxbElqb2lSRTlGSWl3aVoyVnVaR1Z5SWpvaVJrVk5RVXhGSWl3aWJtRnRaVUZ1WkVaaGJXbHNlVTVoYldWQmRFSnBjblJvSWpvaVNtRnVaU0JFVDBVaUxDSndaWEp6YjI1aGJFbGtaVzUwYVdacFpYSWlPaUl3T1RBME1EQTRNRGcwU0NJc0luQnNZV05sVDJaQ2FYSjBhQ0k2SWt4SlRFeEZMQ0JHVWtGT1EwVWlMQ0pmYzJRaU9sc2lWM2RqTWtwS05WTnNjbFUyUm1OeWJtVldkbEF0ZFdGNVdDMXljRE00ZEc5a1IwcFRhbmhOWm14d1dTSXNJbXRmTmpGS2FsTlJiMkowUkhWTU5FRlNja05rWDJGVVNsUjZhRmMyVDBWRllrSmZiVEJLYUdSM1JHOGlYWDFkIl19LCJpYXQiOjE3MjYxMzM5ODksImp0aSI6InVybjp1dWlkOjRkOWI3ODA5LWI3NDktNDNmOC04NDFkLTMyNDg4NTNlMTM5YSJ9.13xTUctPsFJU-K4Y51QTQMVLqSghHxuAKx-Rb8cyIjYpsLKI5duhGlpQn3_qaB8DOywzaO3Kg5RCtIRKTb2FZw
14628 [pool-1-thread-1 @coroutine#892] DEBUG id.walt.services.jwt.WaltIdJwtService - Verifying token:  eyJraWQiOiJkaWQ6ZWJzaTp6Y0tad3h1cmZ0S3RMYm1MWW1BTlh1TSNkMDIyNmU4OTZmNGI0YzU2YTkzNjFmZDkyZDQ2MjIxYyIsInR5cCI6IkpXVCIsImFsZyI6IkVTMjU2SyJ9.eyJzdWIiOiJkaWQ6ZWJzaTp6Y0tad3h1cmZ0S3RMYm1MWW1BTlh1TSIsIm5iZiI6MTcyNjEzMzk4OSwiaXNzIjoiZGlkOmVic2k6emNLWnd4dXJmdEt0TGJtTFltQU5YdU0iLCJ2cCI6eyJ0eXBlIjpbIlZlcmlmaWFibGVQcmVzZW50YXRpb24iXSwiQGNvbnRleHQiOlsiaHR0cHM6Ly93d3cudzMub3JnLzIwMTgvY3JlZGVudGlhbHMvdjEiXSwiaWQiOiJ1cm46dXVpZDo0ZDliNzgwOS1iNzQ5LTQzZjgtODQxZC0zMjQ4ODUzZTEzOWEiLCJob2xkZXIiOiJkaWQ6ZWJzaTp6Y0tad3h1cmZ0S3RMYm1MWW1BTlh1TSIsInZlcmlmaWFibGVDcmVkZW50aWFsIjpbImV5SnJhV1FpT2lKa2FXUTZaV0p6YVRwNlkwdGFkM2gxY21aMFMzUk1ZbTFNV1cxQlRsaDFUU05rTURJeU5tVTRPVFptTkdJMFl6VTJZVGt6TmpGbVpEa3laRFEyTWpJeFl5SXNJblI1Y0NJNklrcFhWQ0lzSW1Gc1p5STZJa1ZUTWpVMlN5SjkuZXlKemRXSWlPaUprYVdRNlpXSnphVHA2WTB0YWQzaDFjbVowUzNSTVltMU1XVzFCVGxoMVRTSXNJbTVpWmlJNk1UY3lOakV6TXprNE9Td2lhWE56SWpvaVpHbGtPbVZpYzJrNmVtTkxXbmQ0ZFhKbWRFdDBUR0p0VEZsdFFVNVlkVTBpTENKcFlYUWlPakUzTWpZeE16TTVPRGtzSW5aaklqcDdJblI1Y0dVaU9sc2lWbVZ5YVdacFlXSnNaVU55WldSbGJuUnBZV3dpTENKV1pYSnBabWxoWW14bFFYUjBaWE4wWVhScGIyNGlMQ0pXWlhKcFptbGhZbXhsU1dRaVhTd2lRR052Ym5SbGVIUWlPbHNpYUhSMGNITTZMeTkzZDNjdWR6TXViM0puTHpJd01UZ3ZZM0psWkdWdWRHbGhiSE12ZGpFaVhTd2lhV1FpT2lKMWNtNDZkWFZwWkRveVpUZzVPVEk1WXkwMU4yWmxMVFE1TVRjdE9HTXhaaTA0TVRZMlkyUmxaV0UwTW1ZaUxDSnBjM04xWlhJaU9pSmthV1E2WldKemFUcDZZMHRhZDNoMWNtWjBTM1JNWW0xTVdXMUJUbGgxVFNJc0ltbHpjM1ZoYm1ObFJHRjBaU0k2SWpJd01qUXRNRGt0TVRKVU1EazZNems2TkRsYUlpd2lhWE56ZFdWa0lqb2lNakF5TkMwd09TMHhNbFF3T1Rvek9UbzBPVm9pTENKMllXeHBaRVp5YjIwaU9pSXlNREkwTFRBNUxURXlWREE1T2pNNU9qUTVXaUlzSW1OeVpXUmxiblJwWVd4VFkyaGxiV0VpT25zaWFXUWlPaUpvZEhSd2N6b3ZMM0poZHk1bmFYUm9kV0oxYzJWeVkyOXVkR1Z1ZEM1amIyMHZkMkZzZEMxcFpDOTNZV3gwYVdRdGMzTnBhMmwwTFhaamJHbGlMMjFoYzNSbGNpOXpjbU12ZEdWemRDOXlaWE52ZFhKalpYTXZjMk5vWlcxaGN5OVdaWEpwWm1saFlteGxTV1F1YW5OdmJpSXNJblI1Y0dVaU9pSkdkV3hzU25OdmJsTmphR1Z0WVZaaGJHbGtZWFJ2Y2pJd01qRWlmU3dpWlhacFpHVnVZMlVpT2x0N0ltUnZZM1Z0Wlc1MFVISmxjMlZ1WTJVaU9sc2lVR2g1YzJsallXd2lYU3dpWlhacFpHVnVZMlZFYjJOMWJXVnVkQ0k2V3lKUVlYTnpjRzl5ZENKZExDSnpkV0pxWldOMFVISmxjMlZ1WTJVaU9pSlFhSGx6YVdOaGJDSXNJblI1Y0dVaU9sc2lSRzlqZFcxbGJuUldaWEpwWm1sallYUnBiMjRpWFN3aWRtVnlhV1pwWlhJaU9pSmthV1E2WldKemFUb3lRVGxDV2psVFZXVTJRbUYwWVdOVGNIWnpNVlkxUTJScVNIWk1jRkUzWWtWemFUSktZalpNWkVoTGJsRjRZVTRpZlYwc0lsOXpaQ0k2V3lKRk1FRm9aR001VmpBNU56ZENSVmwwT1ZJNVJXSk5aMVJ5WXpkSGJGVmZaWFZHTjBZM1pHOTRXRFk0SWwxOUxDSnFkR2tpT2lKMWNtNDZkWFZwWkRveVpUZzVPVEk1WXkwMU4yWmxMVFE1TVRjdE9HTXhaaTA0TVRZMlkyUmxaV0UwTW1ZaWZRLmdsUENzTkd5b2VNYXE3ZkV0MlN2a2luZlVkOFNONVpadnpwaWRrVXlHSWlscWFJME9HSW91REdET01pcC1TSWR2QmRvR3dqSU9tN1VpVkxYN3dsMmN3fld5Sk5VMVZJZFRSVlExcDNhR1EwUzNKR01rSlNYMngzSWl3aVpHRjBaVTltUW1seWRHZ2lMQ0l4T1RrekxUQTBMVEE0SWwwfld5SlVSV1JwZG5KMFZXcEJYMnMwVTFGaU5tMTJjRTkzSWl3aVptbHljM1JPWVcxbElpd2lTbUZ1WlNKZH5XeUpJVFRCUWR5MTZRM05OY0c1MlEwcG1WM28yVFZsUklpd2lZM0psWkdWdWRHbGhiRk4xWW1wbFkzUWlMSHNpYVdRaU9pSmthV1E2WldKemFUcDZZMHRhZDNoMWNtWjBTM1JNWW0xTVdXMUJUbGgxVFNJc0ltTjFjbkpsYm5SQlpHUnlaWE56SWpwYklqRWdRbTkxYkdWMllYSmtJR1JsSUd4aElFeHBZbVZ5ZE1PcExDQTFPVGd3TUNCTWFXeHNaU0pkTENKbVlXMXBiSGxPWVcxbElqb2lSRTlGSWl3aVoyVnVaR1Z5SWpvaVJrVk5RVXhGSWl3aWJtRnRaVUZ1WkVaaGJXbHNlVTVoYldWQmRFSnBjblJvSWpvaVNtRnVaU0JFVDBVaUxDSndaWEp6YjI1aGJFbGtaVzUwYVdacFpYSWlPaUl3T1RBME1EQTRNRGcwU0NJc0luQnNZV05sVDJaQ2FYSjBhQ0k2SWt4SlRFeEZMQ0JHVWtGT1EwVWlMQ0pmYzJRaU9sc2lWM2RqTWtwS05WTnNjbFUyUm1OeWJtVldkbEF0ZFdGNVdDMXljRE00ZEc5a1IwcFRhbmhOWm14d1dTSXNJbXRmTmpGS2FsTlJiMkowUkhWTU5FRlNja05rWDJGVVNsUjZhRmMyVDBWRllrSmZiVEJLYUdSM1JHOGlYWDFkIl19LCJpYXQiOjE3MjYxMzM5ODksImp0aSI6InVybjp1dWlkOjRkOWI3ODA5LWI3NDktNDNmOC04NDFkLTMyNDg4NTNlMTM5YSJ9.13xTUctPsFJU-K4Y51QTQMVLqSghHxuAKx-Rb8cyIjYpsLKI5duhGlpQn3_qaB8DOywzaO3Kg5RCtIRKTb2FZw
14628 [pool-1-thread-1 @coroutine#892] DEBUG id.walt.model.DidUrl - Trying to create DidUrl from URL: "did:ebsi:zcKZwxurftKtLbmLYmANXuM#d0226e896f4b4c56a9361fd92d46221c"...
14628 [pool-1-thread-1 @coroutine#892] DEBUG id.walt.model.DidUrl - Trying to create DidUrl from URL: "did:ebsi:zcKZwxurftKtLbmLYmANXuM#d0226e896f4b4c56a9361fd92d46221c"...
14628 [pool-1-thread-1 @coroutine#892] DEBUG id.walt.services.did.DidService - Loading or resolving "did:ebsi:zcKZwxurftKtLbmLYmANXuM"...
14628 [pool-1-thread-1 @coroutine#892] DEBUG id.walt.model.DidUrl - Trying to create DidUrl from URL: "did:ebsi:zcKZwxurftKtLbmLYmANXuM"...
14628 [pool-1-thread-1 @coroutine#892] DEBUG id.walt.services.did.DidService - loadOrResolve: url=DidUrl(method=ebsi, identifier=zcKZwxurftKtLbmLYmANXuM, fragment=zcKZwxurftKtLbmLYmANXuM, query=null), length of stored=954
14629 [pool-1-thread-1 @coroutine#892] DEBUG id.walt.model.DidUrl - Trying to create DidUrl from URL: "did:ebsi:zcKZwxurftKtLbmLYmANXuM"...
14629 [pool-1-thread-1 @coroutine#892] DEBUG id.walt.model.DidUrl - Trying to create DidUrl from URL: "did:ebsi:zcKZwxurftKtLbmLYmANXuM"...
14629 [pool-1-thread-1 @coroutine#892] DEBUG id.walt.model.DidUrl - Trying to create DidUrl from URL: "did:ebsi:zcKZwxurftKtLbmLYmANXuM"...
14630 [pool-1-thread-1 @coroutine#892] DEBUG id.walt.services.keystore.HKVKeyStoreService - Loading key "did:ebsi:zcKZwxurftKtLbmLYmANXuM#d0226e896f4b4c56a9361fd92d46221c".
14630 [pool-1-thread-1 @coroutine#892] DEBUG id.walt.services.keystore.HKVKeyStoreService - Loading key "d0226e896f4b4c56a9361fd92d46221c".
14630 [pool-1-thread-1 @coroutine#892] DEBUG id.walt.services.jwt.WaltIdJwtService - JWT verified returned:  true (with key: d0226e896f4b4c56a9361fd92d46221c)
14631 [pool-1-thread-1 @coroutine#892] DEBUG id.walt.auditor.VerificationPolicy - VC [VerifiablePresentation] passes policy SignaturePolicy: passed
14631 [pool-1-thread-1 @coroutine#892] DEBUG id.walt.auditor.Auditor - Verifying VerifiableId in VP with SignaturePolicy...
14631 [pool-1-thread-1 @coroutine#892] DEBUG id.walt.auditor.policies.SignaturePolicy - is jwt: true
14631 [pool-1-thread-1 @coroutine#892] DEBUG id.walt.services.vc.WaltIdJwtCredentialService - Verifying vc: eyJraWQiOiJkaWQ6ZWJzaTp6Y0tad3h1cmZ0S3RMYm1MWW1BTlh1TSNkMDIyNmU4OTZmNGI0YzU2YTkzNjFmZDkyZDQ2MjIxYyIsInR5cCI6IkpXVCIsImFsZyI6IkVTMjU2SyJ9.eyJzdWIiOiJkaWQ6ZWJzaTp6Y0tad3h1cmZ0S3RMYm1MWW1BTlh1TSIsIm5iZiI6MTcyNjEzMzk4OSwiaXNzIjoiZGlkOmVic2k6emNLWnd4dXJmdEt0TGJtTFltQU5YdU0iLCJpYXQiOjE3MjYxMzM5ODksInZjIjp7InR5cGUiOlsiVmVyaWZpYWJsZUNyZWRlbnRpYWwiLCJWZXJpZmlhYmxlQXR0ZXN0YXRpb24iLCJWZXJpZmlhYmxlSWQiXSwiQGNvbnRleHQiOlsiaHR0cHM6Ly93d3cudzMub3JnLzIwMTgvY3JlZGVudGlhbHMvdjEiXSwiaWQiOiJ1cm46dXVpZDoyZTg5OTI5Yy01N2ZlLTQ5MTctOGMxZi04MTY2Y2RlZWE0MmYiLCJpc3N1ZXIiOiJkaWQ6ZWJzaTp6Y0tad3h1cmZ0S3RMYm1MWW1BTlh1TSIsImlzc3VhbmNlRGF0ZSI6IjIwMjQtMDktMTJUMDk6Mzk6NDlaIiwiaXNzdWVkIjoiMjAyNC0wOS0xMlQwOTozOTo0OVoiLCJ2YWxpZEZyb20iOiIyMDI0LTA5LTEyVDA5OjM5OjQ5WiIsImNyZWRlbnRpYWxTY2hlbWEiOnsiaWQiOiJodHRwczovL3Jhdy5naXRodWJ1c2VyY29udGVudC5jb20vd2FsdC1pZC93YWx0aWQtc3Npa2l0LXZjbGliL21hc3Rlci9zcmMvdGVzdC9yZXNvdXJjZXMvc2NoZW1hcy9WZXJpZmlhYmxlSWQuanNvbiIsInR5cGUiOiJGdWxsSnNvblNjaGVtYVZhbGlkYXRvcjIwMjEifSwiZXZpZGVuY2UiOlt7ImRvY3VtZW50UHJlc2VuY2UiOlsiUGh5c2ljYWwiXSwiZXZpZGVuY2VEb2N1bWVudCI6WyJQYXNzcG9ydCJdLCJzdWJqZWN0UHJlc2VuY2UiOiJQaHlzaWNhbCIsInR5cGUiOlsiRG9jdW1lbnRWZXJpZmljYXRpb24iXSwidmVyaWZpZXIiOiJkaWQ6ZWJzaToyQTlCWjlTVWU2QmF0YWNTcHZzMVY1Q2RqSHZMcFE3YkVzaTJKYjZMZEhLblF4YU4ifV0sIl9zZCI6WyJFMEFoZGM5VjA5NzdCRVl0OVI5RWJNZ1RyYzdHbFVfZXVGN0Y3ZG94WDY4Il19LCJqdGkiOiJ1cm46dXVpZDoyZTg5OTI5Yy01N2ZlLTQ5MTctOGMxZi04MTY2Y2RlZWE0MmYifQ.glPCsNGyoeMaq7fEt2SvkinfUd8SN5ZZvzpidkUyGIilqaI0OGIouDGDOMip-SIdvBdoGwjIOm7UiVLX7wl2cw~WyJNU1VIdTRVQ1p3aGQ0S3JGMkJSX2x3IiwiZGF0ZU9mQmlydGgiLCIxOTkzLTA0LTA4Il0~WyJURWRpdnJ0VWpBX2s0U1FiNm12cE93IiwiZmlyc3ROYW1lIiwiSmFuZSJd~WyJITTBQdy16Q3NNcG52Q0pmV3o2TVlRIiwiY3JlZGVudGlhbFN1YmplY3QiLHsiaWQiOiJkaWQ6ZWJzaTp6Y0tad3h1cmZ0S3RMYm1MWW1BTlh1TSIsImN1cnJlbnRBZGRyZXNzIjpbIjEgQm91bGV2YXJkIGRlIGxhIExpYmVydMOpLCA1OTgwMCBMaWxsZSJdLCJmYW1pbHlOYW1lIjoiRE9FIiwiZ2VuZGVyIjoiRkVNQUxFIiwibmFtZUFuZEZhbWlseU5hbWVBdEJpcnRoIjoiSmFuZSBET0UiLCJwZXJzb25hbElkZW50aWZpZXIiOiIwOTA0MDA4MDg0SCIsInBsYWNlT2ZCaXJ0aCI6IkxJTExFLCBGUkFOQ0UiLCJfc2QiOlsiV3djMkpKNVNsclU2RmNybmVWdlAtdWF5WC1ycDM4dG9kR0pTanhNZmxwWSIsImtfNjFKalNRb2J0RHVMNEFSckNkX2FUSlR6aFc2T0VFYkJfbTBKaGR3RG8iXX1d
14631 [pool-1-thread-1 @coroutine#892] DEBUG id.walt.services.jwt.WaltIdJwtService - Verifying token:  eyJraWQiOiJkaWQ6ZWJzaTp6Y0tad3h1cmZ0S3RMYm1MWW1BTlh1TSNkMDIyNmU4OTZmNGI0YzU2YTkzNjFmZDkyZDQ2MjIxYyIsInR5cCI6IkpXVCIsImFsZyI6IkVTMjU2SyJ9.eyJzdWIiOiJkaWQ6ZWJzaTp6Y0tad3h1cmZ0S3RMYm1MWW1BTlh1TSIsIm5iZiI6MTcyNjEzMzk4OSwiaXNzIjoiZGlkOmVic2k6emNLWnd4dXJmdEt0TGJtTFltQU5YdU0iLCJpYXQiOjE3MjYxMzM5ODksInZjIjp7InR5cGUiOlsiVmVyaWZpYWJsZUNyZWRlbnRpYWwiLCJWZXJpZmlhYmxlQXR0ZXN0YXRpb24iLCJWZXJpZmlhYmxlSWQiXSwiQGNvbnRleHQiOlsiaHR0cHM6Ly93d3cudzMub3JnLzIwMTgvY3JlZGVudGlhbHMvdjEiXSwiaWQiOiJ1cm46dXVpZDoyZTg5OTI5Yy01N2ZlLTQ5MTctOGMxZi04MTY2Y2RlZWE0MmYiLCJpc3N1ZXIiOiJkaWQ6ZWJzaTp6Y0tad3h1cmZ0S3RMYm1MWW1BTlh1TSIsImlzc3VhbmNlRGF0ZSI6IjIwMjQtMDktMTJUMDk6Mzk6NDlaIiwiaXNzdWVkIjoiMjAyNC0wOS0xMlQwOTozOTo0OVoiLCJ2YWxpZEZyb20iOiIyMDI0LTA5LTEyVDA5OjM5OjQ5WiIsImNyZWRlbnRpYWxTY2hlbWEiOnsiaWQiOiJodHRwczovL3Jhdy5naXRodWJ1c2VyY29udGVudC5jb20vd2FsdC1pZC93YWx0aWQtc3Npa2l0LXZjbGliL21hc3Rlci9zcmMvdGVzdC9yZXNvdXJjZXMvc2NoZW1hcy9WZXJpZmlhYmxlSWQuanNvbiIsInR5cGUiOiJGdWxsSnNvblNjaGVtYVZhbGlkYXRvcjIwMjEifSwiZXZpZGVuY2UiOlt7ImRvY3VtZW50UHJlc2VuY2UiOlsiUGh5c2ljYWwiXSwiZXZpZGVuY2VEb2N1bWVudCI6WyJQYXNzcG9ydCJdLCJzdWJqZWN0UHJlc2VuY2UiOiJQaHlzaWNhbCIsInR5cGUiOlsiRG9jdW1lbnRWZXJpZmljYXRpb24iXSwidmVyaWZpZXIiOiJkaWQ6ZWJzaToyQTlCWjlTVWU2QmF0YWNTcHZzMVY1Q2RqSHZMcFE3YkVzaTJKYjZMZEhLblF4YU4ifV0sIl9zZCI6WyJFMEFoZGM5VjA5NzdCRVl0OVI5RWJNZ1RyYzdHbFVfZXVGN0Y3ZG94WDY4Il19LCJqdGkiOiJ1cm46dXVpZDoyZTg5OTI5Yy01N2ZlLTQ5MTctOGMxZi04MTY2Y2RlZWE0MmYifQ.glPCsNGyoeMaq7fEt2SvkinfUd8SN5ZZvzpidkUyGIilqaI0OGIouDGDOMip-SIdvBdoGwjIOm7UiVLX7wl2cw
14631 [pool-1-thread-1 @coroutine#892] DEBUG id.walt.model.DidUrl - Trying to create DidUrl from URL: "did:ebsi:zcKZwxurftKtLbmLYmANXuM#d0226e896f4b4c56a9361fd92d46221c"...
14631 [pool-1-thread-1 @coroutine#892] DEBUG id.walt.model.DidUrl - Trying to create DidUrl from URL: "did:ebsi:zcKZwxurftKtLbmLYmANXuM#d0226e896f4b4c56a9361fd92d46221c"...
14631 [pool-1-thread-1 @coroutine#892] DEBUG id.walt.services.did.DidService - Loading or resolving "did:ebsi:zcKZwxurftKtLbmLYmANXuM"...
14631 [pool-1-thread-1 @coroutine#892] DEBUG id.walt.model.DidUrl - Trying to create DidUrl from URL: "did:ebsi:zcKZwxurftKtLbmLYmANXuM"...
14631 [pool-1-thread-1 @coroutine#892] DEBUG id.walt.services.did.DidService - loadOrResolve: url=DidUrl(method=ebsi, identifier=zcKZwxurftKtLbmLYmANXuM, fragment=zcKZwxurftKtLbmLYmANXuM, query=null), length of stored=954
14632 [pool-1-thread-1 @coroutine#892] DEBUG id.walt.model.DidUrl - Trying to create DidUrl from URL: "did:ebsi:zcKZwxurftKtLbmLYmANXuM"...
14632 [pool-1-thread-1 @coroutine#892] DEBUG id.walt.model.DidUrl - Trying to create DidUrl from URL: "did:ebsi:zcKZwxurftKtLbmLYmANXuM"...
14632 [pool-1-thread-1 @coroutine#892] DEBUG id.walt.model.DidUrl - Trying to create DidUrl from URL: "did:ebsi:zcKZwxurftKtLbmLYmANXuM"...
14633 [pool-1-thread-1 @coroutine#892] DEBUG id.walt.services.keystore.HKVKeyStoreService - Loading key "did:ebsi:zcKZwxurftKtLbmLYmANXuM#d0226e896f4b4c56a9361fd92d46221c".
14633 [pool-1-thread-1 @coroutine#892] DEBUG id.walt.services.keystore.HKVKeyStoreService - Loading key "d0226e896f4b4c56a9361fd92d46221c".
14633 [pool-1-thread-1 @coroutine#892] DEBUG id.walt.services.jwt.WaltIdJwtService - JWT verified returned:  true (with key: d0226e896f4b4c56a9361fd92d46221c)
14633 [pool-1-thread-1 @coroutine#892] DEBUG id.walt.auditor.VerificationPolicy - VC [VerifiableCredential, VerifiableAttestation, VerifiableId] passes policy SignaturePolicy: passed
14635 [pool-1-thread-1 @coroutine#893] DEBUG id.walt.services.vc.WaltIdJwtCredentialService - Signing JWT object with config: ProofConfig(issuerDid=did:ebsi:zcKZwxurftKtLbmLYmANXuM, subjectDid=did:ebsi:22AhtW7XMssv7es4YcQTdV2MCM3c8b1VsiBfi5weHsjcCY9o, verifierDid=null, issuerVerificationMethod=null, proofType=JWT, domain=null, nonce=null, proofPurpose=null, credentialId=education#higherEducation#51e42fda-cb0a-4333-b6a6-35cb147e1a88, issueDate=2024-09-12T09:39:49.760556858Z, validDate=2024-09-11T09:39:49.760556858Z, expirationDate=2024-09-13T09:39:49.760556858Z, dataProviderIdentifier=null, ldSignatureType=null, creator=did:ebsi:zcKZwxurftKtLbmLYmANXuM, ecosystem=DEFAULT, statusType=null, statusPurpose=revocation, credentialsEndpoint=null, selectiveDisclosure=null)
14635 [pool-1-thread-1 @coroutine#893] DEBUG id.walt.services.vc.WaltIdJwtCredentialService - Signing: {"sub":"did:ebsi:22AhtW7XMssv7es4YcQTdV2MCM3c8b1VsiBfi5weHsjcCY9o","nbf":1726047589,"iss":"did:ebsi:zcKZwxurftKtLbmLYmANXuM","exp":1726220389,"iat":1726133989,"vc":{"type":["VerifiableCredential"],"@context":["https://www.w3.org/2018/credentials/v1"]},"jti":"education#higherEducation#51e42fda-cb0a-4333-b6a6-35cb147e1a88"}
14635 [pool-1-thread-1 @coroutine#893] DEBUG id.walt.services.keystore.HKVKeyStoreService - Loading key "did:ebsi:zcKZwxurftKtLbmLYmANXuM".
14635 [pool-1-thread-1 @coroutine#893] DEBUG id.walt.services.jwt.WaltIdJwtService - Signing JWT with algorithm: ECDSA_Secp256k1
14635 [pool-1-thread-1 @coroutine#893] DEBUG id.walt.model.DidUrl - Trying to create DidUrl from URL: "did:ebsi:zcKZwxurftKtLbmLYmANXuM"...
14635 [pool-1-thread-1 @coroutine#893] DEBUG id.walt.services.keystore.HKVKeyStoreService - Loading key "d0226e896f4b4c56a9361fd92d46221c".
14636 [pool-1-thread-1 @coroutine#893] DEBUG id.walt.services.jwt.WaltIdJwtService - Signed JWT:  eyJraWQiOiJkaWQ6ZWJzaTp6Y0tad3h1cmZ0S3RMYm1MWW1BTlh1TSIsInR5cCI6IkpXVCIsImFsZyI6IkVTMjU2SyJ9.eyJzdWIiOiJkaWQ6ZWJzaToyMkFodFc3WE1zc3Y3ZXM0WWNRVGRWMk1DTTNjOGIxVnNpQmZpNXdlSHNqY0NZOW8iLCJuYmYiOjE3MjYwNDc1ODksImlzcyI6ImRpZDplYnNpOnpjS1p3eHVyZnRLdExibUxZbUFOWHVNIiwiZXhwIjoxNzI2MjIwMzg5LCJpYXQiOjE3MjYxMzM5ODksInZjIjp7InR5cGUiOlsiVmVyaWZpYWJsZUNyZWRlbnRpYWwiXSwiQGNvbnRleHQiOlsiaHR0cHM6Ly93d3cudzMub3JnLzIwMTgvY3JlZGVudGlhbHMvdjEiXX0sImp0aSI6ImVkdWNhdGlvbiNoaWdoZXJFZHVjYXRpb24jNTFlNDJmZGEtY2IwYS00MzMzLWI2YTYtMzVjYjE0N2UxYTg4In0.sNum0-B3Us9XWiUfLtS4Fu-xSqWvqcdmWoudvEf-zKq9iYy8GftaT4WUrVyMQeCZ8SlyDXWyo0DQ753wtHfLVw
14637 [pool-1-thread-1 @coroutine#894] DEBUG id.walt.model.DidUrl - Trying to create DidUrl from URL: "did:ebsi:zcKZwxurftKtLbmLYmANXuM"...
14637 [pool-1-thread-1 @coroutine#894] DEBUG id.walt.model.DidUrl - Trying to create DidUrl from URL: "did:ebsi:zcKZwxurftKtLbmLYmANXuM"...
14637 [pool-1-thread-1 @coroutine#894] DEBUG id.walt.signatory.WaltIdSignatory - Signing credential with proof using JWT...
14637 [pool-1-thread-1 @coroutine#894] DEBUG id.walt.signatory.WaltIdSignatory - Signing credential with proof using JWT, credential is: {"type":["VerifiableCredential","VerifiableAttestation","VerifiableId"],"@context":["https://www.w3.org/2018/credentials/v1"],"id":"urn:uuid:601cf608-9dba-43b1-b3f8-2130f654daf5","issuer":"did:ebsi:zcKZwxurftKtLbmLYmANXuM","issuanceDate":"2024-09-12T09:39:49Z","issued":"2024-09-12T09:39:49Z","validFrom":"2024-09-12T09:39:49Z","credentialSchema":{"id":"https://raw.githubusercontent.com/walt-id/waltid-ssikit-vclib/master/src/test/resources/schemas/VerifiableId.json","type":"FullJsonSchemaValidator2021"},"credentialSubject":{"id":"did:ebsi:zcKZwxurftKtLbmLYmANXuM","currentAddress":["1 Boulevard de la Liberté, 59800 Lille"],"dateOfBirth":"1993-04-08","familyName":"DOE","firstName":"Jane","gender":"FEMALE","nameAndFamilyNameAtBirth":"Jane DOE","personalIdentifier":"0904008084H","placeOfBirth":"LILLE, FRANCE"},"evidence":[{"documentPresence":["Physical"],"evidenceDocument":["Passport"],"subjectPresence":"Physical","type":["DocumentVerification"],"verifier":"did:ebsi:2A9BZ9SUe6BatacSpvs1V5CdjHvLpQ7bEsi2Jb6LdHKnQxaN"}]}
14637 [pool-1-thread-1 @coroutine#894] DEBUG id.walt.services.vc.WaltIdJwtCredentialService - Signing JWT object with config: ProofConfig(issuerDid=did:ebsi:zcKZwxurftKtLbmLYmANXuM, subjectDid=did:ebsi:zcKZwxurftKtLbmLYmANXuM, verifierDid=null, issuerVerificationMethod=did:ebsi:zcKZwxurftKtLbmLYmANXuM#d0226e896f4b4c56a9361fd92d46221c, proofType=JWT, domain=null, nonce=null, proofPurpose=null, credentialId=urn:uuid:601cf608-9dba-43b1-b3f8-2130f654daf5, issueDate=2024-09-12T09:39:49.857788942Z, validDate=2024-09-12T09:39:49.857790344Z, expirationDate=null, dataProviderIdentifier=null, ldSignatureType=null, creator=did:ebsi:zcKZwxurftKtLbmLYmANXuM, ecosystem=DEFAULT, statusType=null, statusPurpose=revocation, credentialsEndpoint=null, selectiveDisclosure=null)
14638 [pool-1-thread-1 @coroutine#894] DEBUG id.walt.services.vc.WaltIdJwtCredentialService - Signing: {"sub":"did:ebsi:zcKZwxurftKtLbmLYmANXuM","nbf":1726133989,"iss":"did:ebsi:zcKZwxurftKtLbmLYmANXuM","iat":1726133989,"vc":{"type":["VerifiableCredential","VerifiableAttestation","VerifiableId"],"@context":["https://www.w3.org/2018/credentials/v1"],"id":"urn:uuid:601cf608-9dba-43b1-b3f8-2130f654daf5","issuer":"did:ebsi:zcKZwxurftKtLbmLYmANXuM","issuanceDate":"2024-09-12T09:39:49Z","issued":"2024-09-12T09:39:49Z","validFrom":"2024-09-12T09:39:49Z","credentialSchema":{"id":"https://raw.githubusercontent.com/walt-id/waltid-ssikit-vclib/master/src/test/resources/schemas/VerifiableId.json","type":"FullJsonSchemaValidator2021"},"credentialSubject":{"id":"did:ebsi:zcKZwxurftKtLbmLYmANXuM","currentAddress":["1 Boulevard de la Liberté, 59800 Lille"],"dateOfBirth":"1993-04-08","familyName":"DOE","firstName":"Jane","gender":"FEMALE","nameAndFamilyNameAtBirth":"Jane DOE","personalIdentifier":"0904008084H","placeOfBirth":"LILLE, FRANCE"},"evidence":[{"documentPresence":["Physical"],"evidenceDocument":["Passport"],"subjectPresence":"Physical","type":["DocumentVerification"],"verifier":"did:ebsi:2A9BZ9SUe6BatacSpvs1V5CdjHvLpQ7bEsi2Jb6LdHKnQxaN"}]},"jti":"urn:uuid:601cf608-9dba-43b1-b3f8-2130f654daf5"}
14638 [pool-1-thread-1 @coroutine#894] DEBUG id.walt.services.keystore.HKVKeyStoreService - Loading key "did:ebsi:zcKZwxurftKtLbmLYmANXuM#d0226e896f4b4c56a9361fd92d46221c".
14638 [pool-1-thread-1 @coroutine#894] DEBUG id.walt.services.jwt.WaltIdJwtService - Signing JWT with algorithm: ECDSA_Secp256k1
14638 [pool-1-thread-1 @coroutine#894] DEBUG id.walt.model.DidUrl - Trying to create DidUrl from URL: "did:ebsi:zcKZwxurftKtLbmLYmANXuM#d0226e896f4b4c56a9361fd92d46221c"...
14638 [pool-1-thread-1 @coroutine#894] DEBUG id.walt.services.keystore.HKVKeyStoreService - Loading key "d0226e896f4b4c56a9361fd92d46221c".
14638 [pool-1-thread-1 @coroutine#894] DEBUG id.walt.services.jwt.WaltIdJwtService - Signed JWT:  eyJraWQiOiJkaWQ6ZWJzaTp6Y0tad3h1cmZ0S3RMYm1MWW1BTlh1TSNkMDIyNmU4OTZmNGI0YzU2YTkzNjFmZDkyZDQ2MjIxYyIsInR5cCI6IkpXVCIsImFsZyI6IkVTMjU2SyJ9.eyJzdWIiOiJkaWQ6ZWJzaTp6Y0tad3h1cmZ0S3RMYm1MWW1BTlh1TSIsIm5iZiI6MTcyNjEzMzk4OSwiaXNzIjoiZGlkOmVic2k6emNLWnd4dXJmdEt0TGJtTFltQU5YdU0iLCJpYXQiOjE3MjYxMzM5ODksInZjIjp7InR5cGUiOlsiVmVyaWZpYWJsZUNyZWRlbnRpYWwiLCJWZXJpZmlhYmxlQXR0ZXN0YXRpb24iLCJWZXJpZmlhYmxlSWQiXSwiQGNvbnRleHQiOlsiaHR0cHM6Ly93d3cudzMub3JnLzIwMTgvY3JlZGVudGlhbHMvdjEiXSwiaWQiOiJ1cm46dXVpZDo2MDFjZjYwOC05ZGJhLTQzYjEtYjNmOC0yMTMwZjY1NGRhZjUiLCJpc3N1ZXIiOiJkaWQ6ZWJzaTp6Y0tad3h1cmZ0S3RMYm1MWW1BTlh1TSIsImlzc3VhbmNlRGF0ZSI6IjIwMjQtMDktMTJUMDk6Mzk6NDlaIiwiaXNzdWVkIjoiMjAyNC0wOS0xMlQwOTozOTo0OVoiLCJ2YWxpZEZyb20iOiIyMDI0LTA5LTEyVDA5OjM5OjQ5WiIsImNyZWRlbnRpYWxTY2hlbWEiOnsiaWQiOiJodHRwczovL3Jhdy5naXRodWJ1c2VyY29udGVudC5jb20vd2FsdC1pZC93YWx0aWQtc3Npa2l0LXZjbGliL21hc3Rlci9zcmMvdGVzdC9yZXNvdXJjZXMvc2NoZW1hcy9WZXJpZmlhYmxlSWQuanNvbiIsInR5cGUiOiJGdWxsSnNvblNjaGVtYVZhbGlkYXRvcjIwMjEifSwiY3JlZGVudGlhbFN1YmplY3QiOnsiaWQiOiJkaWQ6ZWJzaTp6Y0tad3h1cmZ0S3RMYm1MWW1BTlh1TSIsImN1cnJlbnRBZGRyZXNzIjpbIjEgQm91bGV2YXJkIGRlIGxhIExpYmVydMOpLCA1OTgwMCBMaWxsZSJdLCJkYXRlT2ZCaXJ0aCI6IjE5OTMtMDQtMDgiLCJmYW1pbHlOYW1lIjoiRE9FIiwiZmlyc3ROYW1lIjoiSmFuZSIsImdlbmRlciI6IkZFTUFMRSIsIm5hbWVBbmRGYW1pbHlOYW1lQXRCaXJ0aCI6IkphbmUgRE9FIiwicGVyc29uYWxJZGVudGlmaWVyIjoiMDkwNDAwODA4NEgiLCJwbGFjZU9mQmlydGgiOiJMSUxMRSwgRlJBTkNFIn0sImV2aWRlbmNlIjpbeyJkb2N1bWVudFByZXNlbmNlIjpbIlBoeXNpY2FsIl0sImV2aWRlbmNlRG9jdW1lbnQiOlsiUGFzc3BvcnQiXSwic3ViamVjdFByZXNlbmNlIjoiUGh5c2ljYWwiLCJ0eXBlIjpbIkRvY3VtZW50VmVyaWZpY2F0aW9uIl0sInZlcmlmaWVyIjoiZGlkOmVic2k6MkE5Qlo5U1VlNkJhdGFjU3B2czFWNUNkakh2THBRN2JFc2kySmI2TGRIS25ReGFOIn1dfSwianRpIjoidXJuOnV1aWQ6NjAxY2Y2MDgtOWRiYS00M2IxLWIzZjgtMjEzMGY2NTRkYWY1In0.Okrg4LxPwYsW210oqOsEbq3cTIQScBEYOctUIv8xpwfxnPUTP7-YiI-Wmm-L6Yq4aGC9_CctCzeEgek07KUTXA
14639 [pool-1-thread-1 @coroutine#894] DEBUG id.walt.signatory.WaltIdSignatory - Signed VC is: eyJraWQiOiJkaWQ6ZWJzaTp6Y0tad3h1cmZ0S3RMYm1MWW1BTlh1TSNkMDIyNmU4OTZmNGI0YzU2YTkzNjFmZDkyZDQ2MjIxYyIsInR5cCI6IkpXVCIsImFsZyI6IkVTMjU2SyJ9.eyJzdWIiOiJkaWQ6ZWJzaTp6Y0tad3h1cmZ0S3RMYm1MWW1BTlh1TSIsIm5iZiI6MTcyNjEzMzk4OSwiaXNzIjoiZGlkOmVic2k6emNLWnd4dXJmdEt0TGJtTFltQU5YdU0iLCJpYXQiOjE3MjYxMzM5ODksInZjIjp7InR5cGUiOlsiVmVyaWZpYWJsZUNyZWRlbnRpYWwiLCJWZXJpZmlhYmxlQXR0ZXN0YXRpb24iLCJWZXJpZmlhYmxlSWQiXSwiQGNvbnRleHQiOlsiaHR0cHM6Ly93d3cudzMub3JnLzIwMTgvY3JlZGVudGlhbHMvdjEiXSwiaWQiOiJ1cm46dXVpZDo2MDFjZjYwOC05ZGJhLTQzYjEtYjNmOC0yMTMwZjY1NGRhZjUiLCJpc3N1ZXIiOiJkaWQ6ZWJzaTp6Y0tad3h1cmZ0S3RMYm1MWW1BTlh1TSIsImlzc3VhbmNlRGF0ZSI6IjIwMjQtMDktMTJUMDk6Mzk6NDlaIiwiaXNzdWVkIjoiMjAyNC0wOS0xMlQwOTozOTo0OVoiLCJ2YWxpZEZyb20iOiIyMDI0LTA5LTEyVDA5OjM5OjQ5WiIsImNyZWRlbnRpYWxTY2hlbWEiOnsiaWQiOiJodHRwczovL3Jhdy5naXRodWJ1c2VyY29udGVudC5jb20vd2FsdC1pZC93YWx0aWQtc3Npa2l0LXZjbGliL21hc3Rlci9zcmMvdGVzdC9yZXNvdXJjZXMvc2NoZW1hcy9WZXJpZmlhYmxlSWQuanNvbiIsInR5cGUiOiJGdWxsSnNvblNjaGVtYVZhbGlkYXRvcjIwMjEifSwiY3JlZGVudGlhbFN1YmplY3QiOnsiaWQiOiJkaWQ6ZWJzaTp6Y0tad3h1cmZ0S3RMYm1MWW1BTlh1TSIsImN1cnJlbnRBZGRyZXNzIjpbIjEgQm91bGV2YXJkIGRlIGxhIExpYmVydMOpLCA1OTgwMCBMaWxsZSJdLCJkYXRlT2ZCaXJ0aCI6IjE5OTMtMDQtMDgiLCJmYW1pbHlOYW1lIjoiRE9FIiwiZmlyc3ROYW1lIjoiSmFuZSIsImdlbmRlciI6IkZFTUFMRSIsIm5hbWVBbmRGYW1pbHlOYW1lQXRCaXJ0aCI6IkphbmUgRE9FIiwicGVyc29uYWxJZGVudGlmaWVyIjoiMDkwNDAwODA4NEgiLCJwbGFjZU9mQmlydGgiOiJMSUxMRSwgRlJBTkNFIn0sImV2aWRlbmNlIjpbeyJkb2N1bWVudFByZXNlbmNlIjpbIlBoeXNpY2FsIl0sImV2aWRlbmNlRG9jdW1lbnQiOlsiUGFzc3BvcnQiXSwic3ViamVjdFByZXNlbmNlIjoiUGh5c2ljYWwiLCJ0eXBlIjpbIkRvY3VtZW50VmVyaWZpY2F0aW9uIl0sInZlcmlmaWVyIjoiZGlkOmVic2k6MkE5Qlo5U1VlNkJhdGFjU3B2czFWNUNkakh2THBRN2JFc2kySmI2TGRIS25ReGFOIn1dfSwianRpIjoidXJuOnV1aWQ6NjAxY2Y2MDgtOWRiYS00M2IxLWIzZjgtMjEzMGY2NTRkYWY1In0.Okrg4LxPwYsW210oqOsEbq3cTIQScBEYOctUIv8xpwfxnPUTP7-YiI-Wmm-L6Yq4aGC9_CctCzeEgek07KUTXA
14639 [pool-1-thread-1 @coroutine#894] DEBUG id.walt.model.DidUrl - Trying to create DidUrl from URL: "did:ebsi:zcKZwxurftKtLbmLYmANXuM"...
14639 [pool-1-thread-1 @coroutine#894] DEBUG id.walt.model.DidUrl - Trying to create DidUrl from URL: "did:ebsi:zcKZwxurftKtLbmLYmANXuM"...
14639 [pool-1-thread-1 @coroutine#894] DEBUG id.walt.signatory.WaltIdSignatory - Signing credential with proof using JWT...
14639 [pool-1-thread-1 @coroutine#894] DEBUG id.walt.signatory.WaltIdSignatory - Signing credential with proof using JWT, credential is: {"type":["VerifiableCredential"],"@context":["https://www.w3.org/2018/credentials/v1"],"id":"urn:uuid:33c2fb34-505f-4555-bd53-6a7d0024f70c","issuer":"did:ebsi:zcKZwxurftKtLbmLYmANXuM","issuanceDate":"2024-09-12T09:39:49Z","issued":"2024-09-12T09:39:49Z","validFrom":"2024-09-12T09:39:49Z","credentialSchema":{"id":"https://raw.githubusercontent.com/walt-id/waltid-ssikit-vclib/master/src/test/resources/schemas/VerifiableId.json","type":"FullJsonSchemaValidator2021"},"credentialSubject":{"foo":"bar"}}
14639 [pool-1-thread-1 @coroutine#894] DEBUG id.walt.services.vc.WaltIdJwtCredentialService - Signing JWT object with config: ProofConfig(issuerDid=did:ebsi:zcKZwxurftKtLbmLYmANXuM, subjectDid=null, verifierDid=null, issuerVerificationMethod=did:ebsi:zcKZwxurftKtLbmLYmANXuM#d0226e896f4b4c56a9361fd92d46221c, proofType=JWT, domain=null, nonce=null, proofPurpose=null, credentialId=urn:uuid:33c2fb34-505f-4555-bd53-6a7d0024f70c, issueDate=2024-09-12T09:39:49.859489313Z, validDate=2024-09-12T09:39:49.859490495Z, expirationDate=null, dataProviderIdentifier=null, ldSignatureType=null, creator=did:ebsi:zcKZwxurftKtLbmLYmANXuM, ecosystem=DEFAULT, statusType=null, statusPurpose=revocation, credentialsEndpoint=null, selectiveDisclosure=null)
14639 [pool-1-thread-1 @coroutine#894] DEBUG id.walt.services.vc.WaltIdJwtCredentialService - Signing: {"nbf":1726133989,"iss":"did:ebsi:zcKZwxurftKtLbmLYmANXuM","iat":1726133989,"vc":{"type":["VerifiableCredential"],"@context":["https://www.w3.org/2018/credentials/v1"],"id":"urn:uuid:33c2fb34-505f-4555-bd53-6a7d0024f70c","issuer":"did:ebsi:zcKZwxurftKtLbmLYmANXuM","issuanceDate":"2024-09-12T09:39:49Z","issued":"2024-09-12T09:39:49Z","validFrom":"2024-09-12T09:39:49Z","credentialSchema":{"id":"https://raw.githubusercontent.com/walt-id/waltid-ssikit-vclib/master/src/test/resources/schemas/VerifiableId.json","type":"FullJsonSchemaValidator2021"},"credentialSubject":{"foo":"bar"}},"jti":"urn:uuid:33c2fb34-505f-4555-bd53-6a7d0024f70c"}
14639 [pool-1-thread-1 @coroutine#894] DEBUG id.walt.services.keystore.HKVKeyStoreService - Loading key "did:ebsi:zcKZwxurftKtLbmLYmANXuM#d0226e896f4b4c56a9361fd92d46221c".
14639 [pool-1-thread-1 @coroutine#894] DEBUG id.walt.services.jwt.WaltIdJwtService - Signing JWT with algorithm: ECDSA_Secp256k1
14639 [pool-1-thread-1 @coroutine#894] DEBUG id.walt.model.DidUrl - Trying to create DidUrl from URL: "did:ebsi:zcKZwxurftKtLbmLYmANXuM#d0226e896f4b4c56a9361fd92d46221c"...
14639 [pool-1-thread-1 @coroutine#894] DEBUG id.walt.services.keystore.HKVKeyStoreService - Loading key "d0226e896f4b4c56a9361fd92d46221c".
14640 [pool-1-thread-1 @coroutine#894] DEBUG id.walt.services.jwt.WaltIdJwtService - Signed JWT:  eyJraWQiOiJkaWQ6ZWJzaTp6Y0tad3h1cmZ0S3RMYm1MWW1BTlh1TSNkMDIyNmU4OTZmNGI0YzU2YTkzNjFmZDkyZDQ2MjIxYyIsInR5cCI6IkpXVCIsImFsZyI6IkVTMjU2SyJ9.eyJpc3MiOiJkaWQ6ZWJzaTp6Y0tad3h1cmZ0S3RMYm1MWW1BTlh1TSIsIm5iZiI6MTcyNjEzMzk4OSwiaWF0IjoxNzI2MTMzOTg5LCJ2YyI6eyJ0eXBlIjpbIlZlcmlmaWFibGVDcmVkZW50aWFsIl0sIkBjb250ZXh0IjpbImh0dHBzOi8vd3d3LnczLm9yZy8yMDE4L2NyZWRlbnRpYWxzL3YxIl0sImlkIjoidXJuOnV1aWQ6MzNjMmZiMzQtNTA1Zi00NTU1LWJkNTMtNmE3ZDAwMjRmNzBjIiwiaXNzdWVyIjoiZGlkOmVic2k6emNLWnd4dXJmdEt0TGJtTFltQU5YdU0iLCJpc3N1YW5jZURhdGUiOiIyMDI0LTA5LTEyVDA5OjM5OjQ5WiIsImlzc3VlZCI6IjIwMjQtMDktMTJUMDk6Mzk6NDlaIiwidmFsaWRGcm9tIjoiMjAyNC0wOS0xMlQwOTozOTo0OVoiLCJjcmVkZW50aWFsU2NoZW1hIjp7ImlkIjoiaHR0cHM6Ly9yYXcuZ2l0aHVidXNlcmNvbnRlbnQuY29tL3dhbHQtaWQvd2FsdGlkLXNzaWtpdC12Y2xpYi9tYXN0ZXIvc3JjL3Rlc3QvcmVzb3VyY2VzL3NjaGVtYXMvVmVyaWZpYWJsZUlkLmpzb24iLCJ0eXBlIjoiRnVsbEpzb25TY2hlbWFWYWxpZGF0b3IyMDIxIn0sImNyZWRlbnRpYWxTdWJqZWN0Ijp7ImZvbyI6ImJhciJ9fSwianRpIjoidXJuOnV1aWQ6MzNjMmZiMzQtNTA1Zi00NTU1LWJkNTMtNmE3ZDAwMjRmNzBjIn0.BTPSW_cmqKiR95MSkE9IQkH44uxzKvR2CkYzNyVdlJ6H7hbIBD8btU6tMDqdN333FCrSnTWVXUjAaK1h8p4L8g
14640 [pool-1-thread-1 @coroutine#894] DEBUG id.walt.signatory.WaltIdSignatory - Signed VC is: eyJraWQiOiJkaWQ6ZWJzaTp6Y0tad3h1cmZ0S3RMYm1MWW1BTlh1TSNkMDIyNmU4OTZmNGI0YzU2YTkzNjFmZDkyZDQ2MjIxYyIsInR5cCI6IkpXVCIsImFsZyI6IkVTMjU2SyJ9.eyJpc3MiOiJkaWQ6ZWJzaTp6Y0tad3h1cmZ0S3RMYm1MWW1BTlh1TSIsIm5iZiI6MTcyNjEzMzk4OSwiaWF0IjoxNzI2MTMzOTg5LCJ2YyI6eyJ0eXBlIjpbIlZlcmlmaWFibGVDcmVkZW50aWFsIl0sIkBjb250ZXh0IjpbImh0dHBzOi8vd3d3LnczLm9yZy8yMDE4L2NyZWRlbnRpYWxzL3YxIl0sImlkIjoidXJuOnV1aWQ6MzNjMmZiMzQtNTA1Zi00NTU1LWJkNTMtNmE3ZDAwMjRmNzBjIiwiaXNzdWVyIjoiZGlkOmVic2k6emNLWnd4dXJmdEt0TGJtTFltQU5YdU0iLCJpc3N1YW5jZURhdGUiOiIyMDI0LTA5LTEyVDA5OjM5OjQ5WiIsImlzc3VlZCI6IjIwMjQtMDktMTJUMDk6Mzk6NDlaIiwidmFsaWRGcm9tIjoiMjAyNC0wOS0xMlQwOTozOTo0OVoiLCJjcmVkZW50aWFsU2NoZW1hIjp7ImlkIjoiaHR0cHM6Ly9yYXcuZ2l0aHVidXNlcmNvbnRlbnQuY29tL3dhbHQtaWQvd2FsdGlkLXNzaWtpdC12Y2xpYi9tYXN0ZXIvc3JjL3Rlc3QvcmVzb3VyY2VzL3NjaGVtYXMvVmVyaWZpYWJsZUlkLmpzb24iLCJ0eXBlIjoiRnVsbEpzb25TY2hlbWFWYWxpZGF0b3IyMDIxIn0sImNyZWRlbnRpYWxTdWJqZWN0Ijp7ImZvbyI6ImJhciJ9fSwianRpIjoidXJuOnV1aWQ6MzNjMmZiMzQtNTA1Zi00NTU1LWJkNTMtNmE3ZDAwMjRmNzBjIn0.BTPSW_cmqKiR95MSkE9IQkH44uxzKvR2CkYzNyVdlJ6H7hbIBD8btU6tMDqdN333FCrSnTWVXUjAaK1h8p4L8g
14677 [pool-1-thread-1 @coroutine#894] DEBUG io.mockk.impl.recording.states.AnsweringState - Answering id.walt.credentials.w3c.schema.NetworkntSchemaValidator@dbcd07e on SchemaValidatorFactory(object SchemaValidatorFactory).get({
  "$schema" : "http://json-schema.org/draft-07/schema#",
  "type" : "object",
  "properties" : {
    "@context" : {
      "type" : "array",
      "items" : {
        "type" : "string"
      }
    },
    "credentialSchema" : {
      "type" : "object",
      "properties" : {
        "id" : {
          "type" : "string"
        },
        "type" : {
          "type" : "string"
        }
      },
      "additionalProperties" : false
    },
    "credentialStatus" : {
      "type" : "object",
      "properties" : {
        "id" : {
          "type" : "string"
        },
        "type" : {
          "type" : "string"
        }
      },
      "additionalProperties" : false
    },
    "credentialSubject" : {
      "type" : "object",
      "properties" : {
        "currentAddress" : {
          "type" : "array",
          "items" : {
            "type" : "string"
          }
        },
        "dateOfBirth" : {
          "type" : "string"
        },
        "familyName" : {
          "type" : "string"
        },
        "firstName" : {
          "type" : "string"
        },
        "gender" : {
          "type" : "string"
        },
        "id" : {
          "type" : "string"
        },
        "identifier" : {
          "type" : "array",
          "items" : {
            "type" : "object",
            "properties" : {
              "schemeID" : {
                "type" : "string"
              },
              "value" : {
                "type" : "string"
              }
            },
            "additionalProperties" : false
          }
        },
        "nameAndFamilyNameAtBirth" : {
          "type" : "string"
        },
        "personalIdentifier" : {
          "type" : "string"
        },
        "placeOfBirth" : {
          "type" : "string"
        }
      },
      "additionalProperties" : false
    },
    "evidence" : {
      "type" : "array",
      "items" : {
        "type" : "object",
        "properties" : {
          "documentPresence" : {
            "type" : "array",
            "items" : {
              "type" : "string"
            }
          },
          "evidenceDocument" : {
            "type" : "array",
            "items" : {
              "type" : "string"
            }
          },
          "id" : {
            "type" : "string"
          },
          "subjectPresence" : {
            "type" : "string"
          },
          "type" : {
            "type" : "array",
            "items" : {
              "type" : "string"
            }
          },
          "verifier" : {
            "type" : "string"
          }
        },
        "additionalProperties" : false
      }
    },
    "expirationDate" : {
      "type" : "string"
    },
    "id" : {
      "type" : "string"
    },
    "issuanceDate" : {
      "type" : "string"
    },
    "issued" : {
      "type" : "string"
    },
    "issuer" : {
      "type" : "string"
    },
    "proof" : {
      "type" : "object",
      "properties" : {
        "created" : {
          "type" : "string"
        },
        "creator" : {
          "type" : "string"
        },
        "domain" : {
          "type" : "string"
        },
        "jws" : {
          "type" : "string"
        },
        "nonce" : {
          "type" : "string"
        },
        "proofPurpose" : {
          "type" : "string"
        },
        "type" : {
          "type" : "string"
        },
        "verificationMethod" : {
          "type" : "string"
        }
      },
      "additionalProperties" : false
    },
    "type" : {
      "type" : "array",
      "items" : {
        "type" : "string"
      }
    },
    "validFrom" : {
      "type" : "string"
    }
  },
  "required" : [ "@context", "type" ],
  "title" : "EBSI Natural Person Verifiable ID",
  "description" : "Schema of an EBSI Verifiable ID for a natural person",
  "additionalProperties" : false
})
14677 [pool-1-thread-1 @coroutine#894] DEBUG io.mockk.impl.recording.states.AnsweringState - Answering id.walt.credentials.w3c.schema.NetworkntSchemaValidator@dbcd07e on SchemaValidatorFactory(object SchemaValidatorFactory).get(https://raw.githubusercontent.com/walt-id/waltid-ssikit-vclib/master/src/test/resources/schemas/VerifiableId.json)
14713 [pool-1-thread-1 @coroutine#894] DEBUG io.mockk.impl.recording.states.AnsweringState - Answering id.walt.credentials.w3c.schema.NetworkntSchemaValidator@2dccfdba on SchemaValidatorFactory(object SchemaValidatorFactory).get({
  "$schema" : "http://json-schema.org/draft-07/schema#",
  "type" : "object",
  "properties" : {
    "@context" : {
      "type" : "array",
      "items" : {
        "type" : "string"
      }
    },
    "credentialSchema" : {
      "type" : "object",
      "properties" : {
        "id" : {
          "type" : "string"
        },
        "type" : {
          "type" : "string"
        }
      },
      "additionalProperties" : false
    },
    "credentialStatus" : {
      "type" : "object",
      "properties" : {
        "id" : {
          "type" : "string"
        },
        "type" : {
          "type" : "string"
        }
      },
      "additionalProperties" : false
    },
    "credentialSubject" : {
      "type" : "object",
      "properties" : {
        "currentAddress" : {
          "type" : "array",
          "items" : {
            "type" : "string"
          }
        },
        "dateOfBirth" : {
          "type" : "string"
        },
        "familyName" : {
          "type" : "string"
        },
        "firstName" : {
          "type" : "string"
        },
        "gender" : {
          "type" : "string"
        },
        "id" : {
          "type" : "string"
        },
        "identifier" : {
          "type" : "array",
          "items" : {
            "type" : "object",
            "properties" : {
              "schemeID" : {
                "type" : "string"
              },
              "value" : {
                "type" : "string"
              }
            },
            "additionalProperties" : false
          }
        },
        "nameAndFamilyNameAtBirth" : {
          "type" : "string"
        },
        "personalIdentifier" : {
          "type" : "string"
        },
        "placeOfBirth" : {
          "type" : "string"
        }
      },
      "additionalProperties" : false
    },
    "evidence" : {
      "type" : "array",
      "items" : {
        "type" : "object",
        "properties" : {
          "documentPresence" : {
            "type" : "array",
            "items" : {
              "type" : "string"
            }
          },
          "evidenceDocument" : {
            "type" : "array",
            "items" : {
              "type" : "string"
            }
          },
          "id" : {
            "type" : "string"
          },
          "subjectPresence" : {
            "type" : "string"
          },
          "type" : {
            "type" : "array",
            "items" : {
              "type" : "string"
            }
          },
          "verifier" : {
            "type" : "string"
          }
        },
        "additionalProperties" : false
      }
    },
    "expirationDate" : {
      "type" : "string"
    },
    "id" : {
      "type" : "string"
    },
    "issuanceDate" : {
      "type" : "string"
    },
    "issued" : {
      "type" : "string"
    },
    "issuer" : {
      "type" : "string"
    },
    "proof" : {
      "type" : "object",
      "properties" : {
        "created" : {
          "type" : "string"
        },
        "creator" : {
          "type" : "string"
        },
        "domain" : {
          "type" : "string"
        },
        "jws" : {
          "type" : "string"
        },
        "nonce" : {
          "type" : "string"
        },
        "proofPurpose" : {
          "type" : "string"
        },
        "type" : {
          "type" : "string"
        },
        "verificationMethod" : {
          "type" : "string"
        }
      },
      "additionalProperties" : false
    },
    "type" : {
      "type" : "array",
      "items" : {
        "type" : "string"
      }
    },
    "validFrom" : {
      "type" : "string"
    }
  },
  "required" : [ "@context", "type" ],
  "title" : "EBSI Natural Person Verifiable ID",
  "description" : "Schema of an EBSI Verifiable ID for a natural person",
  "additionalProperties" : false
})
14713 [pool-1-thread-1 @coroutine#894] DEBUG io.mockk.impl.recording.states.AnsweringState - Answering id.walt.credentials.w3c.schema.NetworkntSchemaValidator@2dccfdba on SchemaValidatorFactory(object SchemaValidatorFactory).get(https://raw.githubusercontent.com/walt-id/waltid-ssikit-vclib/master/src/test/resources/schemas/VerifiableId.json)
14714 [pool-1-thread-1 @coroutine#894] DEBUG id.walt.credentials.w3c.schema.NetworkntSchemaValidator - Could not validate vc against schema. The validation errors are:
14714 [pool-1-thread-1 @coroutine#894] DEBUG id.walt.credentials.w3c.schema.NetworkntSchemaValidator - $.credentialSubject.foo: is not defined in the schema and the schema does not allow additional properties
14714 [pool-1-thread-1 @coroutine#894] DEBUG id.walt.auditor.VerificationPolicy - VerificationPolicy failed: $.credentialSubject.foo: is not defined in the schema and the schema does not allow additional properties
14714 [pool-1-thread-1 @coroutine#894] DEBUG id.walt.auditor.VerificationPolicy - VerificationPolicy failed: Cannot read Json element because of unexpected end of the input at path: $
JSON input: 
14715 [pool-1-thread-1 @coroutine#895] DEBUG id.walt.services.vc.WaltIdJwtCredentialService - Signing JWT object with config: ProofConfig(issuerDid=did:ebsi:zcKZwxurftKtLbmLYmANXuM, subjectDid=null, verifierDid=null, issuerVerificationMethod=null, proofType=JWT, domain=null, nonce=null, proofPurpose=null, credentialId=null, issueDate=null, validDate=null, expirationDate=null, dataProviderIdentifier=null, ldSignatureType=null, creator=did:ebsi:zcKZwxurftKtLbmLYmANXuM, ecosystem=DEFAULT, statusType=null, statusPurpose=revocation, credentialsEndpoint=null, selectiveDisclosure=null)
14715 [pool-1-thread-1 @coroutine#895] DEBUG id.walt.services.vc.WaltIdJwtCredentialService - Signing: {"nbf":1726133989,"iss":"did:ebsi:zcKZwxurftKtLbmLYmANXuM","iat":1726133989,"vc":{"type":["VerifiableCredential"],"@context":["https://www.w3.org/2018/credentials/v1"]}}
14715 [pool-1-thread-1 @coroutine#895] DEBUG id.walt.services.keystore.HKVKeyStoreService - Loading key "did:ebsi:zcKZwxurftKtLbmLYmANXuM".
14715 [pool-1-thread-1 @coroutine#895] DEBUG id.walt.services.jwt.WaltIdJwtService - Signing JWT with algorithm: ECDSA_Secp256k1
14715 [pool-1-thread-1 @coroutine#895] DEBUG id.walt.model.DidUrl - Trying to create DidUrl from URL: "did:ebsi:zcKZwxurftKtLbmLYmANXuM"...
14716 [pool-1-thread-1 @coroutine#895] DEBUG id.walt.services.keystore.HKVKeyStoreService - Loading key "d0226e896f4b4c56a9361fd92d46221c".
14716 [pool-1-thread-1 @coroutine#895] DEBUG id.walt.services.jwt.WaltIdJwtService - Signed JWT:  eyJraWQiOiJkaWQ6ZWJzaTp6Y0tad3h1cmZ0S3RMYm1MWW1BTlh1TSIsInR5cCI6IkpXVCIsImFsZyI6IkVTMjU2SyJ9.eyJpc3MiOiJkaWQ6ZWJzaTp6Y0tad3h1cmZ0S3RMYm1MWW1BTlh1TSIsIm5iZiI6MTcyNjEzMzk4OSwiaWF0IjoxNzI2MTMzOTg5LCJ2YyI6eyJ0eXBlIjpbIlZlcmlmaWFibGVDcmVkZW50aWFsIl0sIkBjb250ZXh0IjpbImh0dHBzOi8vd3d3LnczLm9yZy8yMDE4L2NyZWRlbnRpYWxzL3YxIl19fQ.Y9vc82CCNUTF5SvmSXDPMngThb_5e50ghGV9ss8PqvavXyr9A7ENMPNG0b3zpoY74R5HbQPz5jY9UTv6Y7JcVA
14716 [pool-1-thread-1 @coroutine#895] DEBUG id.walt.services.vc.WaltIdJwtCredentialService - Verifying vc: eyJraWQiOiJkaWQ6ZWJzaTp6Y0tad3h1cmZ0S3RMYm1MWW1BTlh1TSIsInR5cCI6IkpXVCIsImFsZyI6IkVTMjU2SyJ9.eyJpc3MiOiJkaWQ6ZWJzaTp6Y0tad3h1cmZ0S3RMYm1MWW1BTlh1TSIsIm5iZiI6MTcyNjEzMzk4OSwiaWF0IjoxNzI2MTMzOTg5LCJ2YyI6eyJ0eXBlIjpbIlZlcmlmaWFibGVDcmVkZW50aWFsIl0sIkBjb250ZXh0IjpbImh0dHBzOi8vd3d3LnczLm9yZy8yMDE4L2NyZWRlbnRpYWxzL3YxIl19fQ.Y9vc82CCNUTF5SvmSXDPMngThb_5e50ghGV9ss8PqvavXyr9A7ENMPNG0b3zpoY74R5HbQPz5jY9UTv6Y7JcVA
14716 [pool-1-thread-1 @coroutine#895] DEBUG id.walt.services.jwt.WaltIdJwtService - Verifying token:  eyJraWQiOiJkaWQ6ZWJzaTp6Y0tad3h1cmZ0S3RMYm1MWW1BTlh1TSIsInR5cCI6IkpXVCIsImFsZyI6IkVTMjU2SyJ9.eyJpc3MiOiJkaWQ6ZWJzaTp6Y0tad3h1cmZ0S3RMYm1MWW1BTlh1TSIsIm5iZiI6MTcyNjEzMzk4OSwiaWF0IjoxNzI2MTMzOTg5LCJ2YyI6eyJ0eXBlIjpbIlZlcmlmaWFibGVDcmVkZW50aWFsIl0sIkBjb250ZXh0IjpbImh0dHBzOi8vd3d3LnczLm9yZy8yMDE4L2NyZWRlbnRpYWxzL3YxIl19fQ.Y9vc82CCNUTF5SvmSXDPMngThb_5e50ghGV9ss8PqvavXyr9A7ENMPNG0b3zpoY74R5HbQPz5jY9UTv6Y7JcVA
14716 [pool-1-thread-1 @coroutine#895] DEBUG id.walt.model.DidUrl - Trying to create DidUrl from URL: "did:ebsi:zcKZwxurftKtLbmLYmANXuM"...
14716 [pool-1-thread-1 @coroutine#895] DEBUG id.walt.model.DidUrl - Trying to create DidUrl from URL: "did:ebsi:zcKZwxurftKtLbmLYmANXuM"...
14716 [pool-1-thread-1 @coroutine#895] DEBUG id.walt.services.did.DidService - Loading or resolving "did:ebsi:zcKZwxurftKtLbmLYmANXuM"...
14716 [pool-1-thread-1 @coroutine#895] DEBUG id.walt.model.DidUrl - Trying to create DidUrl from URL: "did:ebsi:zcKZwxurftKtLbmLYmANXuM"...
14716 [pool-1-thread-1 @coroutine#895] DEBUG id.walt.services.did.DidService - loadOrResolve: url=DidUrl(method=ebsi, identifier=zcKZwxurftKtLbmLYmANXuM, fragment=zcKZwxurftKtLbmLYmANXuM, query=null), length of stored=954
14717 [pool-1-thread-1 @coroutine#895] DEBUG id.walt.model.DidUrl - Trying to create DidUrl from URL: "did:ebsi:zcKZwxurftKtLbmLYmANXuM"...
14717 [pool-1-thread-1 @coroutine#895] DEBUG id.walt.model.DidUrl - Trying to create DidUrl from URL: "did:ebsi:zcKZwxurftKtLbmLYmANXuM"...
14717 [pool-1-thread-1 @coroutine#895] DEBUG id.walt.model.DidUrl - Trying to create DidUrl from URL: "did:ebsi:zcKZwxurftKtLbmLYmANXuM"...
14718 [pool-1-thread-1 @coroutine#895] DEBUG id.walt.services.keystore.HKVKeyStoreService - Loading key "did:ebsi:zcKZwxurftKtLbmLYmANXuM".
14718 [pool-1-thread-1 @coroutine#895] DEBUG id.walt.services.keystore.HKVKeyStoreService - Loading key "d0226e896f4b4c56a9361fd92d46221c".
14719 [pool-1-thread-1 @coroutine#895] DEBUG id.walt.services.jwt.WaltIdJwtService - JWT verified returned:  true (with key: d0226e896f4b4c56a9361fd92d46221c)
14720 [pool-1-thread-1 @coroutine#896] DEBUG id.walt.services.vc.WaltIdJwtCredentialService - Signing JWT object with config: ProofConfig(issuerDid=did:ebsi:zcKZwxurftKtLbmLYmANXuM, subjectDid=null, verifierDid=null, issuerVerificationMethod=null, proofType=JWT, domain=null, nonce=null, proofPurpose=null, credentialId=null, issueDate=null, validDate=null, expirationDate=null, dataProviderIdentifier=null, ldSignatureType=null, creator=did:ebsi:zcKZwxurftKtLbmLYmANXuM, ecosystem=DEFAULT, statusType=null, statusPurpose=revocation, credentialsEndpoint=null, selectiveDisclosure=null)
14720 [pool-1-thread-1 @coroutine#896] DEBUG id.walt.services.vc.WaltIdJwtCredentialService - Signing: {"nbf":1726133989,"iss":"did:ebsi:zcKZwxurftKtLbmLYmANXuM","iat":1726133989,"vc":{"type":["VerifiableCredential"],"@context":["https://www.w3.org/2018/credentials/v1"]}}
14720 [pool-1-thread-1 @coroutine#896] DEBUG id.walt.services.keystore.HKVKeyStoreService - Loading key "did:ebsi:zcKZwxurftKtLbmLYmANXuM".
14720 [pool-1-thread-1 @coroutine#896] DEBUG id.walt.services.jwt.WaltIdJwtService - Signing JWT with algorithm: ECDSA_Secp256k1
14720 [pool-1-thread-1 @coroutine#896] DEBUG id.walt.model.DidUrl - Trying to create DidUrl from URL: "did:ebsi:zcKZwxurftKtLbmLYmANXuM"...
14720 [pool-1-thread-1 @coroutine#896] DEBUG id.walt.services.keystore.HKVKeyStoreService - Loading key "d0226e896f4b4c56a9361fd92d46221c".
14720 [pool-1-thread-1 @coroutine#896] DEBUG id.walt.services.jwt.WaltIdJwtService - Signed JWT:  eyJraWQiOiJkaWQ6ZWJzaTp6Y0tad3h1cmZ0S3RMYm1MWW1BTlh1TSIsInR5cCI6IkpXVCIsImFsZyI6IkVTMjU2SyJ9.eyJpc3MiOiJkaWQ6ZWJzaTp6Y0tad3h1cmZ0S3RMYm1MWW1BTlh1TSIsIm5iZiI6MTcyNjEzMzk4OSwiaWF0IjoxNzI2MTMzOTg5LCJ2YyI6eyJ0eXBlIjpbIlZlcmlmaWFibGVDcmVkZW50aWFsIl0sIkBjb250ZXh0IjpbImh0dHBzOi8vd3d3LnczLm9yZy8yMDE4L2NyZWRlbnRpYWxzL3YxIl19fQ.sK3D4T4GbIcW9gRrc6qZCF0CXDGlnImx8A5MBLMYR6nbWbobt7BMMzP_sAp47zKwj0T5tG0Q6CXLNv-OjPMTGA
14721 [pool-1-thread-1 @coroutine#896] DEBUG id.walt.services.vc.WaltIdJwtCredentialService - Verifying vc: eyJraWQiOiJkaWQ6ZWJzaTp6Y0tad3h1cmZ0S3RMYm1MWW1BTlh1TSIsInR5cCI6IkpXVCIsImFsZyI6IkVTMjU2SyJ9.eyJpc3MiOiJkaWQ6ZWJzaTp6Y0tad3h1cmZ0S3RMYm1MWW1BTlh1TSIsIm5iZiI6MTcyNjEzMzk4OSwiaWF0IjoxNzI2MTMzOTg5LCJ2YyI6eyJ0eXBlIjpbIlZlcmlmaWFibGVDcmVkZW50aWFsIl0sIkBjb250ZXh0IjpbImh0dHBzOi8vd3d3LnczLm9yZy8yMDE4L2NyZWRlbnRpYWxzL3YxIl19fQ.sK3D4T4GbIcW9gRrc6qZCF0CXDGlnImx8A5MBLMYR6nbWbobt7BMMzP_sAp47zKwj0T5tG0Q6CXLNv-OjPMTGA with issuerDid: did:ebsi:zcKZwxurftKtLbmLYmANXuM
14721 [pool-1-thread-1 @coroutine#896] DEBUG id.walt.services.vc.WaltIdJwtCredentialService - Verifying vc: eyJraWQiOiJkaWQ6ZWJzaTp6Y0tad3h1cmZ0S3RMYm1MWW1BTlh1TSIsInR5cCI6IkpXVCIsImFsZyI6IkVTMjU2SyJ9.eyJpc3MiOiJkaWQ6ZWJzaTp6Y0tad3h1cmZ0S3RMYm1MWW1BTlh1TSIsIm5iZiI6MTcyNjEzMzk4OSwiaWF0IjoxNzI2MTMzOTg5LCJ2YyI6eyJ0eXBlIjpbIlZlcmlmaWFibGVDcmVkZW50aWFsIl0sIkBjb250ZXh0IjpbImh0dHBzOi8vd3d3LnczLm9yZy8yMDE4L2NyZWRlbnRpYWxzL3YxIl19fQ.sK3D4T4GbIcW9gRrc6qZCF0CXDGlnImx8A5MBLMYR6nbWbobt7BMMzP_sAp47zKwj0T5tG0Q6CXLNv-OjPMTGA
14721 [pool-1-thread-1 @coroutine#896] DEBUG id.walt.services.jwt.WaltIdJwtService - Verifying token:  eyJraWQiOiJkaWQ6ZWJzaTp6Y0tad3h1cmZ0S3RMYm1MWW1BTlh1TSIsInR5cCI6IkpXVCIsImFsZyI6IkVTMjU2SyJ9.eyJpc3MiOiJkaWQ6ZWJzaTp6Y0tad3h1cmZ0S3RMYm1MWW1BTlh1TSIsIm5iZiI6MTcyNjEzMzk4OSwiaWF0IjoxNzI2MTMzOTg5LCJ2YyI6eyJ0eXBlIjpbIlZlcmlmaWFibGVDcmVkZW50aWFsIl0sIkBjb250ZXh0IjpbImh0dHBzOi8vd3d3LnczLm9yZy8yMDE4L2NyZWRlbnRpYWxzL3YxIl19fQ.sK3D4T4GbIcW9gRrc6qZCF0CXDGlnImx8A5MBLMYR6nbWbobt7BMMzP_sAp47zKwj0T5tG0Q6CXLNv-OjPMTGA
14721 [pool-1-thread-1 @coroutine#896] DEBUG id.walt.model.DidUrl - Trying to create DidUrl from URL: "did:ebsi:zcKZwxurftKtLbmLYmANXuM"...
14721 [pool-1-thread-1 @coroutine#896] DEBUG id.walt.model.DidUrl - Trying to create DidUrl from URL: "did:ebsi:zcKZwxurftKtLbmLYmANXuM"...
14721 [pool-1-thread-1 @coroutine#896] DEBUG id.walt.services.did.DidService - Loading or resolving "did:ebsi:zcKZwxurftKtLbmLYmANXuM"...
14721 [pool-1-thread-1 @coroutine#896] DEBUG id.walt.model.DidUrl - Trying to create DidUrl from URL: "did:ebsi:zcKZwxurftKtLbmLYmANXuM"...
14721 [pool-1-thread-1 @coroutine#896] DEBUG id.walt.services.did.DidService - loadOrResolve: url=DidUrl(method=ebsi, identifier=zcKZwxurftKtLbmLYmANXuM, fragment=zcKZwxurftKtLbmLYmANXuM, query=null), length of stored=954
14721 [pool-1-thread-1 @coroutine#896] DEBUG id.walt.model.DidUrl - Trying to create DidUrl from URL: "did:ebsi:zcKZwxurftKtLbmLYmANXuM"...
14721 [pool-1-thread-1 @coroutine#896] DEBUG id.walt.model.DidUrl - Trying to create DidUrl from URL: "did:ebsi:zcKZwxurftKtLbmLYmANXuM"...
14721 [pool-1-thread-1 @coroutine#896] DEBUG id.walt.model.DidUrl - Trying to create DidUrl from URL: "did:ebsi:zcKZwxurftKtLbmLYmANXuM"...
14723 [pool-1-thread-1 @coroutine#896] DEBUG id.walt.services.keystore.HKVKeyStoreService - Loading key "did:ebsi:zcKZwxurftKtLbmLYmANXuM".
14723 [pool-1-thread-1 @coroutine#896] DEBUG id.walt.services.keystore.HKVKeyStoreService - Loading key "d0226e896f4b4c56a9361fd92d46221c".
14723 [pool-1-thread-1 @coroutine#896] DEBUG id.walt.services.jwt.WaltIdJwtService - JWT verified returned:  true (with key: d0226e896f4b4c56a9361fd92d46221c)
14724 [pool-1-thread-1 @coroutine#897] DEBUG id.walt.services.vc.WaltIdJwtCredentialService - Signing JWT object with config: ProofConfig(issuerDid=did:ebsi:zcKZwxurftKtLbmLYmANXuM, subjectDid=null, verifierDid=null, issuerVerificationMethod=null, proofType=JWT, domain=null, nonce=null, proofPurpose=null, credentialId=null, issueDate=null, validDate=null, expirationDate=null, dataProviderIdentifier=null, ldSignatureType=null, creator=did:ebsi:zcKZwxurftKtLbmLYmANXuM, ecosystem=DEFAULT, statusType=null, statusPurpose=revocation, credentialsEndpoint=null, selectiveDisclosure=null)
14724 [pool-1-thread-1 @coroutine#897] DEBUG id.walt.services.vc.WaltIdJwtCredentialService - Signing: {"nbf":1726133989,"iss":"did:ebsi:zcKZwxurftKtLbmLYmANXuM","iat":1726133989,"vc":{"type":["VerifiableCredential"],"@context":["https://www.w3.org/2018/credentials/v1"]}}
14724 [pool-1-thread-1 @coroutine#897] DEBUG id.walt.services.keystore.HKVKeyStoreService - Loading key "did:ebsi:zcKZwxurftKtLbmLYmANXuM".
14724 [pool-1-thread-1 @coroutine#897] DEBUG id.walt.services.jwt.WaltIdJwtService - Signing JWT with algorithm: ECDSA_Secp256k1
14724 [pool-1-thread-1 @coroutine#897] DEBUG id.walt.model.DidUrl - Trying to create DidUrl from URL: "did:ebsi:zcKZwxurftKtLbmLYmANXuM"...
14724 [pool-1-thread-1 @coroutine#897] DEBUG id.walt.services.keystore.HKVKeyStoreService - Loading key "d0226e896f4b4c56a9361fd92d46221c".
14725 [pool-1-thread-1 @coroutine#897] DEBUG id.walt.services.jwt.WaltIdJwtService - Signed JWT:  eyJraWQiOiJkaWQ6ZWJzaTp6Y0tad3h1cmZ0S3RMYm1MWW1BTlh1TSIsInR5cCI6IkpXVCIsImFsZyI6IkVTMjU2SyJ9.eyJpc3MiOiJkaWQ6ZWJzaTp6Y0tad3h1cmZ0S3RMYm1MWW1BTlh1TSIsIm5iZiI6MTcyNjEzMzk4OSwiaWF0IjoxNzI2MTMzOTg5LCJ2YyI6eyJ0eXBlIjpbIlZlcmlmaWFibGVDcmVkZW50aWFsIl0sIkBjb250ZXh0IjpbImh0dHBzOi8vd3d3LnczLm9yZy8yMDE4L2NyZWRlbnRpYWxzL3YxIl19fQ.qZmFsldmufhNozPm_VCtzciOG36Gap5F-PHNopV7xFvi-dNcAiaBRDdD4PzyqaAjRLVBdCU7umxEBPnstiIYAA
14725 [pool-1-thread-1 @coroutine#897] DEBUG id.walt.services.vc.WaltIdJwtCredentialService - Verifying vc: eyJraWQiOiJkaWQ6ZWJzaTp6Y0tad3h1cmZ0S3RMYm1MWW1BTlh1TSIsInR5cCI6IkpXVCIsImFsZyI6IkVTMjU2SyJ9.eyJpc3MiOiJkaWQ6ZWJzaTp6Y0tad3h1cmZ0S3RMYm1MWW1BTlh1TSIsIm5iZiI6MTcyNjEzMzk4OSwiaWF0IjoxNzI2MTMzOTg5LCJ2YyI6eyJ0eXBlIjpbIlZlcmlmaWFibGVDcmVkZW50aWFsIl0sIkBjb250ZXh0IjpbImh0dHBzOi8vd3d3LnczLm9yZy8yMDE4L2NyZWRlbnRpYWxzL3YxIl19fQ.qZmFsldmufhNozPm_VCtzciOG36Gap5F-PHNopV7xFvi-dNcAiaBRDdD4PzyqaAjRLVBdCU7umxEBPnstiIYAA with issuerDid: wrong
]]></system-err>
</testsuite>
