<?xml version="1.0" encoding="UTF-8"?>
<testsuite name="id.walt.auditor.AuditorCommandTest" tests="13" skipped="0" failures="2" errors="0" timestamp="2024-09-12T09:39:35" hostname="pablito-B550-AORUS-ELITE-V2" time="6.055">
  <properties/>
  <testcase name="1. verify vp" classname="id.walt.auditor.AuditorCommandTest" time="2.041">
    <failure message="io.kotest.assertions.AssertionFailedError: expected:&lt;true&gt; but was:&lt;false&gt;" type="io.kotest.assertions.AssertionFailedError">io.kotest.assertions.AssertionFailedError: expected:&lt;true&gt; but was:&lt;false&gt;
	at app//id.walt.auditor.AuditorCommandTest$1.invokeSuspend(AuditorTest.kt:92)
	at app//id.walt.auditor.AuditorCommandTest$1.invoke(AuditorTest.kt)
	at app//id.walt.auditor.AuditorCommandTest$1.invoke(AuditorTest.kt)
	at app//io.kotest.core.spec.style.scopes.StringSpecRootScope$invoke$1.invokeSuspend(StringSpecRootScope.kt:71)
	at app//io.kotest.core.spec.style.scopes.StringSpecRootScope$invoke$1.invoke(StringSpecRootScope.kt)
	at app//io.kotest.core.spec.style.scopes.StringSpecRootScope$invoke$1.invoke(StringSpecRootScope.kt)
	at app//io.kotest.core.spec.style.scopes.RootScopeKt$addTest$1.invokeSuspend(RootScope.kt:36)
	at app//io.kotest.core.spec.style.scopes.RootScopeKt$addTest$1.invoke(RootScope.kt)
	at app//io.kotest.core.spec.style.scopes.RootScopeKt$addTest$1.invoke(RootScope.kt)
	at app//io.kotest.engine.test.TestCaseExecutor$execute$innerExecute$1.invokeSuspend(TestCaseExecutor.kt:88)
	at app//io.kotest.engine.test.TestCaseExecutor$execute$innerExecute$1.invoke(TestCaseExecutor.kt)
	at app//io.kotest.engine.test.TestCaseExecutor$execute$innerExecute$1.invoke(TestCaseExecutor.kt)
	at app//io.kotest.engine.test.interceptors.CoroutineDebugProbeInterceptor.intercept(CoroutineDebugProbeInterceptor.kt:29)
	at app//io.kotest.engine.test.TestCaseExecutor$execute$3$1.invokeSuspend(TestCaseExecutor.kt:97)
	at app//io.kotest.engine.test.TestCaseExecutor$execute$3$1.invoke(TestCaseExecutor.kt)
	at app//io.kotest.engine.test.TestCaseExecutor$execute$3$1.invoke(TestCaseExecutor.kt)
	at app//io.kotest.engine.test.TestInvocationInterceptor$runBeforeTestAfter$executeWithBeforeAfter$1.invokeSuspend(TestInvocationInterceptor.kt:63)
	at app//io.kotest.engine.test.TestInvocationInterceptor$runBeforeTestAfter$executeWithBeforeAfter$1.invoke(TestInvocationInterceptor.kt)
	at app//io.kotest.engine.test.TestInvocationInterceptor$runBeforeTestAfter$executeWithBeforeAfter$1.invoke(TestInvocationInterceptor.kt)
	at app//io.kotest.engine.test.interceptors.InvocationTimeoutInterceptor$intercept$3.invokeSuspend(InvocationTimeoutInterceptor.kt:43)
	at app//io.kotest.engine.test.interceptors.InvocationTimeoutInterceptor$intercept$3.invoke(InvocationTimeoutInterceptor.kt)
	at app//io.kotest.engine.test.interceptors.InvocationTimeoutInterceptor$intercept$3.invoke(InvocationTimeoutInterceptor.kt)
	at app//kotlinx.coroutines.intrinsics.UndispatchedKt.startUndispatchedOrReturnIgnoreTimeout(Undispatched.kt:89)
	at app//kotlinx.coroutines.TimeoutKt.setupTimeout(Timeout.kt:151)
	at app//kotlinx.coroutines.TimeoutKt.withTimeoutOrNull(Timeout.kt:107)
	at app//io.kotest.engine.test.interceptors.InvocationTimeoutInterceptor.intercept(InvocationTimeoutInterceptor.kt:42)
	at app//io.kotest.engine.test.TestInvocationInterceptor$runBeforeTestAfter$wrappedTest$1$1.invokeSuspend(TestInvocationInterceptor.kt:70)
	at app//io.kotest.engine.test.TestInvocationInterceptor$runBeforeTestAfter$wrappedTest$1$1.invoke(TestInvocationInterceptor.kt)
	at app//io.kotest.engine.test.TestInvocationInterceptor$runBeforeTestAfter$wrappedTest$1$1.invoke(TestInvocationInterceptor.kt)
	at app//io.kotest.engine.test.TestInvocationInterceptor.runBeforeTestAfter(TestInvocationInterceptor.kt:73)
	at app//io.kotest.engine.test.TestInvocationInterceptor.access$runBeforeTestAfter(TestInvocationInterceptor.kt:14)
	at app//io.kotest.engine.test.TestInvocationInterceptor$intercept$2$1.invokeSuspend(TestInvocationInterceptor.kt:36)
	at app//io.kotest.engine.test.TestInvocationInterceptor$intercept$2$1.invoke(TestInvocationInterceptor.kt)
	at app//io.kotest.engine.test.TestInvocationInterceptor$intercept$2$1.invoke(TestInvocationInterceptor.kt)
	at app//io.kotest.mpp.ReplayKt.replay(replay.kt:15)
	at app//io.kotest.engine.test.TestInvocationInterceptor$intercept$2.invokeSuspend(TestInvocationInterceptor.kt:32)
	at app//io.kotest.engine.test.TestInvocationInterceptor$intercept$2.invoke(TestInvocationInterceptor.kt)
	at app//io.kotest.engine.test.TestInvocationInterceptor$intercept$2.invoke(TestInvocationInterceptor.kt)
	at app//kotlinx.coroutines.intrinsics.UndispatchedKt.startUndispatchedOrReturn(Undispatched.kt:78)
	at app//kotlinx.coroutines.CoroutineScopeKt.coroutineScope(CoroutineScope.kt:264)
	at app//io.kotest.engine.test.TestInvocationInterceptor.intercept(TestInvocationInterceptor.kt:31)
	at app//io.kotest.engine.test.TestCaseExecutor$execute$3$1.invokeSuspend(TestCaseExecutor.kt:97)
	at app//io.kotest.engine.test.TestCaseExecutor$execute$3$1.invoke(TestCaseExecutor.kt)
	at app//io.kotest.engine.test.TestCaseExecutor$execute$3$1.invoke(TestCaseExecutor.kt)
	at app//io.kotest.engine.test.interceptors.TimeoutInterceptor.intercept(TimeoutInterceptor.kt:33)
	at app//io.kotest.engine.test.TestCaseExecutor$execute$3$1.invokeSuspend(TestCaseExecutor.kt:97)
	at app//io.kotest.engine.test.TestCaseExecutor$execute$3$1.invoke(TestCaseExecutor.kt)
	at app//io.kotest.engine.test.TestCaseExecutor$execute$3$1.invoke(TestCaseExecutor.kt)
	at app//io.kotest.engine.test.interceptors.BlockedThreadTimeoutInterceptor.intercept(BlockedThreadTimeoutInterceptor.kt:74)
	at app//io.kotest.engine.test.TestCaseExecutor$execute$3$1.invokeSuspend(TestCaseExecutor.kt:97)
	at app//io.kotest.engine.test.TestCaseExecutor$execute$3$1.invoke(TestCaseExecutor.kt)
	at app//io.kotest.engine.test.TestCaseExecutor$execute$3$1.invoke(TestCaseExecutor.kt)
	at app//io.kotest.engine.test.interceptors.CoroutineLoggingInterceptor.intercept(CoroutineLoggingInterceptor.kt:30)
	at app//io.kotest.engine.test.TestCaseExecutor$execute$3$1.invokeSuspend(TestCaseExecutor.kt:97)
	at app//io.kotest.engine.test.TestCaseExecutor$execute$3$1.invoke(TestCaseExecutor.kt)
	at app//io.kotest.engine.test.TestCaseExecutor$execute$3$1.invoke(TestCaseExecutor.kt)
	at app//io.kotest.engine.test.interceptors.SoftAssertInterceptor.intercept(SoftAssertInterceptor.kt:27)
	at app//io.kotest.engine.test.TestCaseExecutor$execute$3$1.invokeSuspend(TestCaseExecutor.kt:97)
	at app//io.kotest.engine.test.TestCaseExecutor$execute$3$1.invoke(TestCaseExecutor.kt)
	at app//io.kotest.engine.test.TestCaseExecutor$execute$3$1.invoke(TestCaseExecutor.kt)
	at app//io.kotest.engine.test.interceptors.AssertionModeInterceptor.intercept(AssertionModeInterceptor.kt:25)
	at app//io.kotest.engine.test.TestCaseExecutor$execute$3$1.invokeSuspend(TestCaseExecutor.kt:97)
	at app//io.kotest.engine.test.TestCaseExecutor$execute$3$1.invoke(TestCaseExecutor.kt)
	at app//io.kotest.engine.test.TestCaseExecutor$execute$3$1.invoke(TestCaseExecutor.kt)
	at app//io.kotest.engine.test.interceptors.LifecycleInterceptor.intercept(LifecycleInterceptor.kt:51)
	at app//io.kotest.engine.test.TestCaseExecutor$execute$3$1.invokeSuspend(TestCaseExecutor.kt:97)
	at app//io.kotest.engine.test.TestCaseExecutor$execute$3$1.invoke(TestCaseExecutor.kt)
	at app//io.kotest.engine.test.TestCaseExecutor$execute$3$1.invoke(TestCaseExecutor.kt)
	at app//io.kotest.engine.test.interceptors.EnabledCheckInterceptor.intercept(EnabledCheckInterceptor.kt:31)
	at app//io.kotest.engine.test.TestCaseExecutor$execute$3$1.invokeSuspend(TestCaseExecutor.kt:97)
	at app//io.kotest.engine.test.TestCaseExecutor$execute$3$1.invoke(TestCaseExecutor.kt)
	at app//io.kotest.engine.test.TestCaseExecutor$execute$3$1.invoke(TestCaseExecutor.kt)
	at app//io.kotest.engine.test.interceptors.TestCaseExtensionInterceptor$intercept$2.invokeSuspend(TestCaseExtensionInterceptor.kt:24)
	at app//io.kotest.engine.test.interceptors.TestCaseExtensionInterceptor$intercept$2.invoke(TestCaseExtensionInterceptor.kt)
	at app//io.kotest.engine.test.interceptors.TestCaseExtensionInterceptor$intercept$2.invoke(TestCaseExtensionInterceptor.kt)
	at app//io.kotest.engine.test.TestExtensions.intercept(TestExtensions.kt:154)
	at app//io.kotest.engine.test.interceptors.TestCaseExtensionInterceptor.intercept(TestCaseExtensionInterceptor.kt:24)
	at app//io.kotest.engine.test.TestCaseExecutor$execute$3$1.invokeSuspend(TestCaseExecutor.kt:97)
	at app//io.kotest.engine.test.TestCaseExecutor$execute$3$1.invoke(TestCaseExecutor.kt)
	at app//io.kotest.engine.test.TestCaseExecutor$execute$3$1.invoke(TestCaseExecutor.kt)
	at app//io.kotest.engine.test.interceptors.CoroutineErrorCollectorInterceptor$intercept$3.invokeSuspend(CoroutineErrorCollectorInterceptor.kt:28)
	at app//io.kotest.engine.test.interceptors.CoroutineErrorCollectorInterceptor$intercept$3.invoke(CoroutineErrorCollectorInterceptor.kt)
	at app//io.kotest.engine.test.interceptors.CoroutineErrorCollectorInterceptor$intercept$3.invoke(CoroutineErrorCollectorInterceptor.kt)
	at app//kotlinx.coroutines.intrinsics.UndispatchedKt.startUndispatchedOrReturn(Undispatched.kt:78)
	at app//kotlinx.coroutines.BuildersKt__Builders_commonKt.withContext(Builders.common.kt:167)
	at app//kotlinx.coroutines.BuildersKt.withContext(Unknown Source)
	at app//io.kotest.engine.test.interceptors.CoroutineErrorCollectorInterceptor.intercept(CoroutineErrorCollectorInterceptor.kt:27)
	at app//io.kotest.engine.test.TestCaseExecutor$execute$3$1.invokeSuspend(TestCaseExecutor.kt:97)
	at app//io.kotest.engine.test.TestCaseExecutor$execute$3$1.invoke(TestCaseExecutor.kt)
	at app//io.kotest.engine.test.TestCaseExecutor$execute$3$1.invoke(TestCaseExecutor.kt)
	at app//io.kotest.engine.test.interceptors.CoroutineDispatcherFactoryInterceptor$intercept$4.invokeSuspend(coroutineDispatcherFactoryInterceptor.kt:57)
	at app//io.kotest.engine.test.interceptors.CoroutineDispatcherFactoryInterceptor$intercept$4.invoke(coroutineDispatcherFactoryInterceptor.kt)
	at app//io.kotest.engine.test.interceptors.CoroutineDispatcherFactoryInterceptor$intercept$4.invoke(coroutineDispatcherFactoryInterceptor.kt)
	at app//io.kotest.engine.concurrency.FixedThreadCoroutineDispatcherFactory$withDispatcher$4.invokeSuspend(FixedThreadCoroutineDispatcherFactory.kt:54)
	at app//kotlin.coroutines.jvm.internal.BaseContinuationImpl.resumeWith(ContinuationImpl.kt:33)
	at app//kotlinx.coroutines.DispatchedTask.run(DispatchedTask.kt:108)
	at java.base@17.0.6/java.util.concurrent.ThreadPoolExecutor.runWorker(ThreadPoolExecutor.java:1136)
	at java.base@17.0.6/java.util.concurrent.ThreadPoolExecutor$Worker.run(ThreadPoolExecutor.java:635)
	at java.base@17.0.6/java.lang.Thread.run(Thread.java:833)
</failure>
  </testcase>
  <testcase name="2. verify vc" classname="id.walt.auditor.AuditorCommandTest" time="0.107">
    <failure message="io.kotest.assertions.AssertionFailedError: expected:&lt;true&gt; but was:&lt;false&gt;" type="io.kotest.assertions.AssertionFailedError">io.kotest.assertions.AssertionFailedError: expected:&lt;true&gt; but was:&lt;false&gt;
	at app//id.walt.auditor.AuditorCommandTest$2.invokeSuspend(AuditorTest.kt:105)
	at app//id.walt.auditor.AuditorCommandTest$2.invoke(AuditorTest.kt)
	at app//id.walt.auditor.AuditorCommandTest$2.invoke(AuditorTest.kt)
	at app//io.kotest.core.spec.style.scopes.StringSpecRootScope$invoke$1.invokeSuspend(StringSpecRootScope.kt:71)
	at app//io.kotest.core.spec.style.scopes.StringSpecRootScope$invoke$1.invoke(StringSpecRootScope.kt)
	at app//io.kotest.core.spec.style.scopes.StringSpecRootScope$invoke$1.invoke(StringSpecRootScope.kt)
	at app//io.kotest.core.spec.style.scopes.RootScopeKt$addTest$1.invokeSuspend(RootScope.kt:36)
	at app//io.kotest.core.spec.style.scopes.RootScopeKt$addTest$1.invoke(RootScope.kt)
	at app//io.kotest.core.spec.style.scopes.RootScopeKt$addTest$1.invoke(RootScope.kt)
	at app//io.kotest.engine.test.TestCaseExecutor$execute$innerExecute$1.invokeSuspend(TestCaseExecutor.kt:88)
	at app//io.kotest.engine.test.TestCaseExecutor$execute$innerExecute$1.invoke(TestCaseExecutor.kt)
	at app//io.kotest.engine.test.TestCaseExecutor$execute$innerExecute$1.invoke(TestCaseExecutor.kt)
	at app//io.kotest.engine.test.interceptors.CoroutineDebugProbeInterceptor.intercept(CoroutineDebugProbeInterceptor.kt:29)
	at app//io.kotest.engine.test.TestCaseExecutor$execute$3$1.invokeSuspend(TestCaseExecutor.kt:97)
	at app//io.kotest.engine.test.TestCaseExecutor$execute$3$1.invoke(TestCaseExecutor.kt)
	at app//io.kotest.engine.test.TestCaseExecutor$execute$3$1.invoke(TestCaseExecutor.kt)
	at app//io.kotest.engine.test.TestInvocationInterceptor$runBeforeTestAfter$executeWithBeforeAfter$1.invokeSuspend(TestInvocationInterceptor.kt:63)
	at app//io.kotest.engine.test.TestInvocationInterceptor$runBeforeTestAfter$executeWithBeforeAfter$1.invoke(TestInvocationInterceptor.kt)
	at app//io.kotest.engine.test.TestInvocationInterceptor$runBeforeTestAfter$executeWithBeforeAfter$1.invoke(TestInvocationInterceptor.kt)
	at app//io.kotest.engine.test.interceptors.InvocationTimeoutInterceptor$intercept$3.invokeSuspend(InvocationTimeoutInterceptor.kt:43)
	at app//io.kotest.engine.test.interceptors.InvocationTimeoutInterceptor$intercept$3.invoke(InvocationTimeoutInterceptor.kt)
	at app//io.kotest.engine.test.interceptors.InvocationTimeoutInterceptor$intercept$3.invoke(InvocationTimeoutInterceptor.kt)
	at app//kotlinx.coroutines.intrinsics.UndispatchedKt.startUndispatchedOrReturnIgnoreTimeout(Undispatched.kt:89)
	at app//kotlinx.coroutines.TimeoutKt.setupTimeout(Timeout.kt:151)
	at app//kotlinx.coroutines.TimeoutKt.withTimeoutOrNull(Timeout.kt:107)
	at app//io.kotest.engine.test.interceptors.InvocationTimeoutInterceptor.intercept(InvocationTimeoutInterceptor.kt:42)
	at app//io.kotest.engine.test.TestInvocationInterceptor$runBeforeTestAfter$wrappedTest$1$1.invokeSuspend(TestInvocationInterceptor.kt:70)
	at app//io.kotest.engine.test.TestInvocationInterceptor$runBeforeTestAfter$wrappedTest$1$1.invoke(TestInvocationInterceptor.kt)
	at app//io.kotest.engine.test.TestInvocationInterceptor$runBeforeTestAfter$wrappedTest$1$1.invoke(TestInvocationInterceptor.kt)
	at app//io.kotest.engine.test.TestInvocationInterceptor.runBeforeTestAfter(TestInvocationInterceptor.kt:73)
	at app//io.kotest.engine.test.TestInvocationInterceptor.access$runBeforeTestAfter(TestInvocationInterceptor.kt:14)
	at app//io.kotest.engine.test.TestInvocationInterceptor$intercept$2$1.invokeSuspend(TestInvocationInterceptor.kt:36)
	at app//io.kotest.engine.test.TestInvocationInterceptor$intercept$2$1.invoke(TestInvocationInterceptor.kt)
	at app//io.kotest.engine.test.TestInvocationInterceptor$intercept$2$1.invoke(TestInvocationInterceptor.kt)
	at app//io.kotest.mpp.ReplayKt.replay(replay.kt:15)
	at app//io.kotest.engine.test.TestInvocationInterceptor$intercept$2.invokeSuspend(TestInvocationInterceptor.kt:32)
	at app//io.kotest.engine.test.TestInvocationInterceptor$intercept$2.invoke(TestInvocationInterceptor.kt)
	at app//io.kotest.engine.test.TestInvocationInterceptor$intercept$2.invoke(TestInvocationInterceptor.kt)
	at app//kotlinx.coroutines.intrinsics.UndispatchedKt.startUndispatchedOrReturn(Undispatched.kt:78)
	at app//kotlinx.coroutines.CoroutineScopeKt.coroutineScope(CoroutineScope.kt:264)
	at app//io.kotest.engine.test.TestInvocationInterceptor.intercept(TestInvocationInterceptor.kt:31)
	at app//io.kotest.engine.test.TestCaseExecutor$execute$3$1.invokeSuspend(TestCaseExecutor.kt:97)
	at app//io.kotest.engine.test.TestCaseExecutor$execute$3$1.invoke(TestCaseExecutor.kt)
	at app//io.kotest.engine.test.TestCaseExecutor$execute$3$1.invoke(TestCaseExecutor.kt)
	at app//io.kotest.engine.test.interceptors.TimeoutInterceptor.intercept(TimeoutInterceptor.kt:33)
	at app//io.kotest.engine.test.TestCaseExecutor$execute$3$1.invokeSuspend(TestCaseExecutor.kt:97)
	at app//io.kotest.engine.test.TestCaseExecutor$execute$3$1.invoke(TestCaseExecutor.kt)
	at app//io.kotest.engine.test.TestCaseExecutor$execute$3$1.invoke(TestCaseExecutor.kt)
	at app//io.kotest.engine.test.interceptors.BlockedThreadTimeoutInterceptor.intercept(BlockedThreadTimeoutInterceptor.kt:74)
	at app//io.kotest.engine.test.TestCaseExecutor$execute$3$1.invokeSuspend(TestCaseExecutor.kt:97)
	at app//io.kotest.engine.test.TestCaseExecutor$execute$3$1.invoke(TestCaseExecutor.kt)
	at app//io.kotest.engine.test.TestCaseExecutor$execute$3$1.invoke(TestCaseExecutor.kt)
	at app//io.kotest.engine.test.interceptors.CoroutineLoggingInterceptor.intercept(CoroutineLoggingInterceptor.kt:30)
	at app//io.kotest.engine.test.TestCaseExecutor$execute$3$1.invokeSuspend(TestCaseExecutor.kt:97)
	at app//io.kotest.engine.test.TestCaseExecutor$execute$3$1.invoke(TestCaseExecutor.kt)
	at app//io.kotest.engine.test.TestCaseExecutor$execute$3$1.invoke(TestCaseExecutor.kt)
	at app//io.kotest.engine.test.interceptors.SoftAssertInterceptor.intercept(SoftAssertInterceptor.kt:27)
	at app//io.kotest.engine.test.TestCaseExecutor$execute$3$1.invokeSuspend(TestCaseExecutor.kt:97)
	at app//io.kotest.engine.test.TestCaseExecutor$execute$3$1.invoke(TestCaseExecutor.kt)
	at app//io.kotest.engine.test.TestCaseExecutor$execute$3$1.invoke(TestCaseExecutor.kt)
	at app//io.kotest.engine.test.interceptors.AssertionModeInterceptor.intercept(AssertionModeInterceptor.kt:25)
	at app//io.kotest.engine.test.TestCaseExecutor$execute$3$1.invokeSuspend(TestCaseExecutor.kt:97)
	at app//io.kotest.engine.test.TestCaseExecutor$execute$3$1.invoke(TestCaseExecutor.kt)
	at app//io.kotest.engine.test.TestCaseExecutor$execute$3$1.invoke(TestCaseExecutor.kt)
	at app//io.kotest.engine.test.interceptors.LifecycleInterceptor.intercept(LifecycleInterceptor.kt:51)
	at app//io.kotest.engine.test.TestCaseExecutor$execute$3$1.invokeSuspend(TestCaseExecutor.kt:97)
	at app//io.kotest.engine.test.TestCaseExecutor$execute$3$1.invoke(TestCaseExecutor.kt)
	at app//io.kotest.engine.test.TestCaseExecutor$execute$3$1.invoke(TestCaseExecutor.kt)
	at app//io.kotest.engine.test.interceptors.EnabledCheckInterceptor.intercept(EnabledCheckInterceptor.kt:31)
	at app//io.kotest.engine.test.TestCaseExecutor$execute$3$1.invokeSuspend(TestCaseExecutor.kt:97)
	at app//io.kotest.engine.test.TestCaseExecutor$execute$3$1.invoke(TestCaseExecutor.kt)
	at app//io.kotest.engine.test.TestCaseExecutor$execute$3$1.invoke(TestCaseExecutor.kt)
	at app//io.kotest.engine.test.interceptors.TestCaseExtensionInterceptor$intercept$2.invokeSuspend(TestCaseExtensionInterceptor.kt:24)
	at app//io.kotest.engine.test.interceptors.TestCaseExtensionInterceptor$intercept$2.invoke(TestCaseExtensionInterceptor.kt)
	at app//io.kotest.engine.test.interceptors.TestCaseExtensionInterceptor$intercept$2.invoke(TestCaseExtensionInterceptor.kt)
	at app//io.kotest.engine.test.TestExtensions.intercept(TestExtensions.kt:154)
	at app//io.kotest.engine.test.interceptors.TestCaseExtensionInterceptor.intercept(TestCaseExtensionInterceptor.kt:24)
	at app//io.kotest.engine.test.TestCaseExecutor$execute$3$1.invokeSuspend(TestCaseExecutor.kt:97)
	at app//io.kotest.engine.test.TestCaseExecutor$execute$3$1.invoke(TestCaseExecutor.kt)
	at app//io.kotest.engine.test.TestCaseExecutor$execute$3$1.invoke(TestCaseExecutor.kt)
	at app//io.kotest.engine.test.interceptors.CoroutineErrorCollectorInterceptor$intercept$3.invokeSuspend(CoroutineErrorCollectorInterceptor.kt:28)
	at app//io.kotest.engine.test.interceptors.CoroutineErrorCollectorInterceptor$intercept$3.invoke(CoroutineErrorCollectorInterceptor.kt)
	at app//io.kotest.engine.test.interceptors.CoroutineErrorCollectorInterceptor$intercept$3.invoke(CoroutineErrorCollectorInterceptor.kt)
	at app//kotlinx.coroutines.intrinsics.UndispatchedKt.startUndispatchedOrReturn(Undispatched.kt:78)
	at app//kotlinx.coroutines.BuildersKt__Builders_commonKt.withContext(Builders.common.kt:167)
	at app//kotlinx.coroutines.BuildersKt.withContext(Unknown Source)
	at app//io.kotest.engine.test.interceptors.CoroutineErrorCollectorInterceptor.intercept(CoroutineErrorCollectorInterceptor.kt:27)
	at app//io.kotest.engine.test.TestCaseExecutor$execute$3$1.invokeSuspend(TestCaseExecutor.kt:97)
	at app//io.kotest.engine.test.TestCaseExecutor$execute$3$1.invoke(TestCaseExecutor.kt)
	at app//io.kotest.engine.test.TestCaseExecutor$execute$3$1.invoke(TestCaseExecutor.kt)
	at app//io.kotest.engine.test.interceptors.CoroutineDispatcherFactoryInterceptor$intercept$4.invokeSuspend(coroutineDispatcherFactoryInterceptor.kt:57)
	at app//io.kotest.engine.test.interceptors.CoroutineDispatcherFactoryInterceptor$intercept$4.invoke(coroutineDispatcherFactoryInterceptor.kt)
	at app//io.kotest.engine.test.interceptors.CoroutineDispatcherFactoryInterceptor$intercept$4.invoke(coroutineDispatcherFactoryInterceptor.kt)
	at app//io.kotest.engine.concurrency.FixedThreadCoroutineDispatcherFactory$withDispatcher$4.invokeSuspend(FixedThreadCoroutineDispatcherFactory.kt:54)
	at app//kotlin.coroutines.jvm.internal.BaseContinuationImpl.resumeWith(ContinuationImpl.kt:33)
	at app//kotlinx.coroutines.DispatchedTask.run(DispatchedTask.kt:108)
	at java.base@17.0.6/java.util.concurrent.ThreadPoolExecutor.runWorker(ThreadPoolExecutor.java:1136)
	at java.base@17.0.6/java.util.concurrent.ThreadPoolExecutor$Worker.run(ThreadPoolExecutor.java:635)
	at java.base@17.0.6/java.lang.Thread.run(Thread.java:833)
</failure>
  </testcase>
  <testcase name="3. verify vc jwt" classname="id.walt.auditor.AuditorCommandTest" time="0.125"/>
  <testcase name="4. verify vp jwt" classname="id.walt.auditor.AuditorCommandTest" time="0.076"/>
  <testcase name="5. verifiable mandate policy" classname="id.walt.auditor.AuditorCommandTest" time="0.08"/>
  <testcase name="6. dynamic policy" classname="id.walt.auditor.AuditorCommandTest" time="0.066"/>
  <testcase name="6a. test policy example in issue #264" classname="id.walt.auditor.AuditorCommandTest" time="0.044"/>
  <testcase name="7. test JsonSchemaPolicy" classname="id.walt.auditor.AuditorCommandTest" time="0.989"/>
  <testcase name="8. verify EBSI credentials" classname="id.walt.auditor.AuditorCommandTest" time="0.318"/>
  <testcase name="9. test EbsiTrustedSchemaRegistryPolicy" classname="id.walt.auditor.AuditorCommandTest" time="0.607"/>
  <testcase name="10. test EbsiTrustedIssuerAccreditationPolicy" classname="id.walt.auditor.AuditorCommandTest" time="0.669"/>
  <testcase name="11. test EbsiTrustedIssuerRegistryPolicy" classname="id.walt.auditor.AuditorCommandTest" time="0.784"/>
  <testcase name="12. test serialize verification result" classname="id.walt.auditor.AuditorCommandTest" time="0.136"/>
  <system-out><![CDATA[walt.id SSI Kit 1.SNAPSHOT (running on Java 17.0.6+9-LTS-190)

Generated: did:key:z6MkfiCKxRDjsvXBPcf6ijutD34FZmRZueTVxdaEGSp3rvqu
{
  "type" : [ "VerifiablePresentation" ],
  "@context" : [ "https://www.w3.org/2018/credentials/v1", "https://w3id.org/security/suites/jws-2020/v1" ],
  "id" : "urn:uuid:e37a7e72-bf34-4375-9946-ebb002b0a291",
  "holder" : "did:key:z6MkfiCKxRDjsvXBPcf6ijutD34FZmRZueTVxdaEGSp3rvqu",
  "verifiableCredential" : [ {
    "type" : [ "VerifiableCredential", "VerifiableAttestation", "VerifiableDiploma" ],
    "@context" : [ "https://www.w3.org/2018/credentials/v1", "https://w3id.org/security/suites/jws-2020/v1" ],
    "id" : "urn:uuid:7f747535-5eb1-410b-9fab-6f325bb13251",
    "issuer" : "did:key:z6MkfiCKxRDjsvXBPcf6ijutD34FZmRZueTVxdaEGSp3rvqu",
    "issuanceDate" : "2024-09-12T09:39:36Z",
    "issued" : "2024-09-12T09:39:36Z",
    "validFrom" : "2024-09-12T09:39:36Z",
    "expirationDate" : "2022-08-31T00:00:00Z",
    "proof" : {
      "type" : "JsonWebSignature2020",
      "creator" : "did:key:z6MkfiCKxRDjsvXBPcf6ijutD34FZmRZueTVxdaEGSp3rvqu",
      "created" : "2024-09-12T09:39:36Z",
      "proofPurpose" : "assertionMethod",
      "verificationMethod" : "did:key:z6MkfiCKxRDjsvXBPcf6ijutD34FZmRZueTVxdaEGSp3rvqu#z6MkfiCKxRDjsvXBPcf6ijutD34FZmRZueTVxdaEGSp3rvqu",
      "jws" : "eyJiNjQiOmZhbHNlLCJjcml0IjpbImI2NCJdLCJhbGciOiJFZERTQSJ9..QTF8m2xdkIp9VUf9zVvgUCgqA8qS_Km2cUrGpZ706xsfaRSnJudVUS02Ng1JgMR2xRuXdTRbTp6O2vOR0kRyDg"
    },
    "credentialSchema" : {
      "id" : "https://raw.githubusercontent.com/walt-id/waltid-ssikit-vclib/master/src/test/resources/schemas/VerifiableDiploma.json",
      "type" : "JsonSchemaValidator2018"
    },
    "credentialSubject" : {
      "id" : "did:key:z6MkfiCKxRDjsvXBPcf6ijutD34FZmRZueTVxdaEGSp3rvqu",
      "awardingOpportunity" : {
        "awardingBody" : {
          "eidasLegalIdentifier" : "Unknown",
          "homepage" : "https://leaston.bcdiploma.com/",
          "id" : "did:ebsi:2A9BZ9SUe6BatacSpvs1V5CdjHvLpQ7bEsi2Jb6LdHKnQxaN",
          "preferredName" : "Leaston University",
          "registration" : "0597065J"
        },
        "endedAtTime" : "2020-06-26T00:00:00Z",
        "id" : "https://leaston.bcdiploma.com/law-economics-management#AwardingOpportunity",
        "identifier" : "https://certificate-demo.bcdiploma.com/check/87ED2F2270E6C41456E94B86B9D9115B4E35BCCAD200A49B846592C14F79C86BV1Fnbllta0NZTnJkR3lDWlRmTDlSRUJEVFZISmNmYzJhUU5sZUJ5Z2FJSHpWbmZZ",
        "location" : "FRANCE",
        "startedAtTime" : "2019-09-02T00:00:00Z"
      },
      "dateOfBirth" : "1993-04-08",
      "familyName" : "DOE",
      "givenNames" : "Jane",
      "gradingScheme" : {
        "id" : "https://leaston.bcdiploma.com/law-economics-management#GradingScheme",
        "title" : "Lower Second-Class Honours"
      },
      "identifier" : "0904008084H",
      "learningAchievement" : {
        "additionalNote" : [ "DISTRIBUTION MANAGEMENT" ],
        "description" : "MARKETING AND SALES",
        "id" : "https://leaston.bcdiploma.com/law-economics-management#LearningAchievment",
        "title" : "MASTERS LAW, ECONOMICS AND MANAGEMENT"
      },
      "learningSpecification" : {
        "ectsCreditPoints" : 120,
        "eqfLevel" : 7,
        "id" : "https://leaston.bcdiploma.com/law-economics-management#LearningSpecification",
        "iscedfCode" : [ "7" ],
        "nqfLevel" : [ "7" ]
      }
    },
    "credentialStatus" : {
      "id" : "https://essif.europa.eu/status/education#higherEducation#392ac7f6-399a-437b-a268-4691ead8f176",
      "type" : "CredentialStatusList2020"
    },
    "evidence" : {
      "documentPresence" : [ "Physical" ],
      "evidenceDocument" : [ "Passport" ],
      "id" : "https://essif.europa.eu/tsr-va/evidence/f2aeec97-fc0d-42bf-8ca7-0548192d5678",
      "subjectPresence" : "Physical",
      "type" : [ "DocumentVerification" ],
      "verifier" : "did:ebsi:2962fb784df61baa267c8132497539f8c674b37c1244a7a"
    }
  } ],
  "proof" : {
    "type" : "JsonWebSignature2020",
    "creator" : "did:key:z6MkfiCKxRDjsvXBPcf6ijutD34FZmRZueTVxdaEGSp3rvqu",
    "created" : "2024-09-12T09:39:36Z",
    "domain" : "https://api-pilot.ebsi.eu",
    "nonce" : "d04442d3-661f-411e-a80f-42f19f594c9d",
    "proofPurpose" : "authentication",
    "verificationMethod" : "did:key:z6MkfiCKxRDjsvXBPcf6ijutD34FZmRZueTVxdaEGSp3rvqu#z6MkfiCKxRDjsvXBPcf6ijutD34FZmRZueTVxdaEGSp3rvqu",
    "jws" : "eyJiNjQiOmZhbHNlLCJjcml0IjpbImI2NCJdLCJhbGciOiJFZERTQSJ9..p7943CfJ9P2m7L5qaUf3LFO859TQA01LRwRD19va-7XiH6BLkFSTKHET2rp9gruDAI4Il5SAk0OKyQy0IWjjDA"
  }
}
Generated: did:key:z6MknP5vgxyQB5hykBCNh9bhXaRcL5h4RhuVV9eh695E7hij
{
  "type" : [ "VerifiablePresentation" ],
  "@context" : [ "https://www.w3.org/2018/credentials/v1", "https://w3id.org/security/suites/jws-2020/v1" ],
  "id" : "urn:uuid:aca40e25-6dc1-4a8d-a0bf-316aadebba90",
  "holder" : "did:key:z6MknP5vgxyQB5hykBCNh9bhXaRcL5h4RhuVV9eh695E7hij",
  "verifiableCredential" : [ {
    "type" : [ "VerifiableCredential", "VerifiableAttestation", "VerifiableDiploma" ],
    "@context" : [ "https://www.w3.org/2018/credentials/v1", "https://w3id.org/security/suites/jws-2020/v1" ],
    "id" : "urn:uuid:b698bc4c-c084-4e21-b17f-94e9c19c9da7",
    "issuer" : "did:key:z6MknP5vgxyQB5hykBCNh9bhXaRcL5h4RhuVV9eh695E7hij",
    "issuanceDate" : "2024-09-12T09:39:37Z",
    "issued" : "2024-09-12T09:39:37Z",
    "validFrom" : "2024-09-12T09:39:37Z",
    "expirationDate" : "2022-08-31T00:00:00Z",
    "proof" : {
      "type" : "JsonWebSignature2020",
      "creator" : "did:key:z6MknP5vgxyQB5hykBCNh9bhXaRcL5h4RhuVV9eh695E7hij",
      "created" : "2024-09-12T09:39:37Z",
      "proofPurpose" : "assertionMethod",
      "verificationMethod" : "did:key:z6MknP5vgxyQB5hykBCNh9bhXaRcL5h4RhuVV9eh695E7hij#z6MknP5vgxyQB5hykBCNh9bhXaRcL5h4RhuVV9eh695E7hij",
      "jws" : "eyJiNjQiOmZhbHNlLCJjcml0IjpbImI2NCJdLCJhbGciOiJFZERTQSJ9..esLhx_-n_lz0n8RiFEYMi27sYB9Ni-vYfoFgcs6POQClEuEg31hd8V8076DgR4UeKcjU5xHs7uj7dOVP0xucBQ"
    },
    "credentialSchema" : {
      "id" : "https://raw.githubusercontent.com/walt-id/waltid-ssikit-vclib/master/src/test/resources/schemas/VerifiableDiploma.json",
      "type" : "JsonSchemaValidator2018"
    },
    "credentialSubject" : {
      "id" : "did:key:z6MknP5vgxyQB5hykBCNh9bhXaRcL5h4RhuVV9eh695E7hij",
      "awardingOpportunity" : {
        "awardingBody" : {
          "eidasLegalIdentifier" : "Unknown",
          "homepage" : "https://leaston.bcdiploma.com/",
          "id" : "did:ebsi:2A9BZ9SUe6BatacSpvs1V5CdjHvLpQ7bEsi2Jb6LdHKnQxaN",
          "preferredName" : "Leaston University",
          "registration" : "0597065J"
        },
        "endedAtTime" : "2020-06-26T00:00:00Z",
        "id" : "https://leaston.bcdiploma.com/law-economics-management#AwardingOpportunity",
        "identifier" : "https://certificate-demo.bcdiploma.com/check/87ED2F2270E6C41456E94B86B9D9115B4E35BCCAD200A49B846592C14F79C86BV1Fnbllta0NZTnJkR3lDWlRmTDlSRUJEVFZISmNmYzJhUU5sZUJ5Z2FJSHpWbmZZ",
        "location" : "FRANCE",
        "startedAtTime" : "2019-09-02T00:00:00Z"
      },
      "dateOfBirth" : "1993-04-08",
      "familyName" : "DOE",
      "givenNames" : "Jane",
      "gradingScheme" : {
        "id" : "https://leaston.bcdiploma.com/law-economics-management#GradingScheme",
        "title" : "Lower Second-Class Honours"
      },
      "identifier" : "0904008084H",
      "learningAchievement" : {
        "additionalNote" : [ "DISTRIBUTION MANAGEMENT" ],
        "description" : "MARKETING AND SALES",
        "id" : "https://leaston.bcdiploma.com/law-economics-management#LearningAchievment",
        "title" : "MASTERS LAW, ECONOMICS AND MANAGEMENT"
      },
      "learningSpecification" : {
        "ectsCreditPoints" : 120,
        "eqfLevel" : 7,
        "id" : "https://leaston.bcdiploma.com/law-economics-management#LearningSpecification",
        "iscedfCode" : [ "7" ],
        "nqfLevel" : [ "7" ]
      }
    },
    "credentialStatus" : {
      "id" : "https://essif.europa.eu/status/education#higherEducation#392ac7f6-399a-437b-a268-4691ead8f176",
      "type" : "CredentialStatusList2020"
    },
    "evidence" : {
      "documentPresence" : [ "Physical" ],
      "evidenceDocument" : [ "Passport" ],
      "id" : "https://essif.europa.eu/tsr-va/evidence/f2aeec97-fc0d-42bf-8ca7-0548192d5678",
      "subjectPresence" : "Physical",
      "type" : [ "DocumentVerification" ],
      "verifier" : "did:ebsi:2962fb784df61baa267c8132497539f8c674b37c1244a7a"
    }
  } ],
  "proof" : {
    "type" : "JsonWebSignature2020",
    "creator" : "did:key:z6MknP5vgxyQB5hykBCNh9bhXaRcL5h4RhuVV9eh695E7hij",
    "created" : "2024-09-12T09:39:37Z",
    "domain" : "https://api-pilot.ebsi.eu",
    "nonce" : "d04442d3-661f-411e-a80f-42f19f594c9d",
    "proofPurpose" : "authentication",
    "verificationMethod" : "did:key:z6MknP5vgxyQB5hykBCNh9bhXaRcL5h4RhuVV9eh695E7hij#z6MknP5vgxyQB5hykBCNh9bhXaRcL5h4RhuVV9eh695E7hij",
    "jws" : "eyJiNjQiOmZhbHNlLCJjcml0IjpbImI2NCJdLCJhbGciOiJFZERTQSJ9..QpNkts8pYPrYIHCywGsmjMGxakCkh5rdRjCw1a3l7AMGxOxWPe-9WorTpWoZjzWYhZpDMK4kyyH72unJLJa7Ag"
  }
}
Generated: did:key:z6MknT5FiEriedVGMYKK96wanQzFjq2YVXZK4Pa2KoJruibR
{
  "type" : [ "VerifiablePresentation" ],
  "@context" : [ "https://www.w3.org/2018/credentials/v1", "https://w3id.org/security/suites/jws-2020/v1" ],
  "id" : "urn:uuid:f80d94f6-224b-4c6f-875e-ba6937b6b8c7",
  "holder" : "did:key:z6MknT5FiEriedVGMYKK96wanQzFjq2YVXZK4Pa2KoJruibR",
  "verifiableCredential" : [ {
    "type" : [ "VerifiableCredential", "VerifiableAttestation", "VerifiableDiploma" ],
    "@context" : [ "https://www.w3.org/2018/credentials/v1", "https://w3id.org/security/suites/jws-2020/v1" ],
    "id" : "urn:uuid:fc4ad5f1-1007-41b4-a85c-fecc990bba81",
    "issuer" : "did:key:z6MknT5FiEriedVGMYKK96wanQzFjq2YVXZK4Pa2KoJruibR",
    "issuanceDate" : "2024-09-12T09:39:37Z",
    "issued" : "2024-09-12T09:39:37Z",
    "validFrom" : "2024-09-12T09:39:37Z",
    "expirationDate" : "2022-08-31T00:00:00Z",
    "proof" : {
      "type" : "JsonWebSignature2020",
      "creator" : "did:key:z6MknT5FiEriedVGMYKK96wanQzFjq2YVXZK4Pa2KoJruibR",
      "created" : "2024-09-12T09:39:37Z",
      "proofPurpose" : "assertionMethod",
      "verificationMethod" : "did:key:z6MknT5FiEriedVGMYKK96wanQzFjq2YVXZK4Pa2KoJruibR#z6MknT5FiEriedVGMYKK96wanQzFjq2YVXZK4Pa2KoJruibR",
      "jws" : "eyJiNjQiOmZhbHNlLCJjcml0IjpbImI2NCJdLCJhbGciOiJFZERTQSJ9..WK8uOsITl9vf79sAh059CtdFMXuSydOLUQN_cQShLOav1Hc5yK0FeImCHPwnShoHp1sULkV7rWyy-N4WtbNADQ"
    },
    "credentialSchema" : {
      "id" : "https://raw.githubusercontent.com/walt-id/waltid-ssikit-vclib/master/src/test/resources/schemas/VerifiableDiploma.json",
      "type" : "JsonSchemaValidator2018"
    },
    "credentialSubject" : {
      "id" : "did:key:z6MknT5FiEriedVGMYKK96wanQzFjq2YVXZK4Pa2KoJruibR",
      "awardingOpportunity" : {
        "awardingBody" : {
          "eidasLegalIdentifier" : "Unknown",
          "homepage" : "https://leaston.bcdiploma.com/",
          "id" : "did:ebsi:2A9BZ9SUe6BatacSpvs1V5CdjHvLpQ7bEsi2Jb6LdHKnQxaN",
          "preferredName" : "Leaston University",
          "registration" : "0597065J"
        },
        "endedAtTime" : "2020-06-26T00:00:00Z",
        "id" : "https://leaston.bcdiploma.com/law-economics-management#AwardingOpportunity",
        "identifier" : "https://certificate-demo.bcdiploma.com/check/87ED2F2270E6C41456E94B86B9D9115B4E35BCCAD200A49B846592C14F79C86BV1Fnbllta0NZTnJkR3lDWlRmTDlSRUJEVFZISmNmYzJhUU5sZUJ5Z2FJSHpWbmZZ",
        "location" : "FRANCE",
        "startedAtTime" : "2019-09-02T00:00:00Z"
      },
      "dateOfBirth" : "1993-04-08",
      "familyName" : "DOE",
      "givenNames" : "Jane",
      "gradingScheme" : {
        "id" : "https://leaston.bcdiploma.com/law-economics-management#GradingScheme",
        "title" : "Lower Second-Class Honours"
      },
      "identifier" : "0904008084H",
      "learningAchievement" : {
        "additionalNote" : [ "DISTRIBUTION MANAGEMENT" ],
        "description" : "MARKETING AND SALES",
        "id" : "https://leaston.bcdiploma.com/law-economics-management#LearningAchievment",
        "title" : "MASTERS LAW, ECONOMICS AND MANAGEMENT"
      },
      "learningSpecification" : {
        "ectsCreditPoints" : 120,
        "eqfLevel" : 7,
        "id" : "https://leaston.bcdiploma.com/law-economics-management#LearningSpecification",
        "iscedfCode" : [ "7" ],
        "nqfLevel" : [ "7" ]
      }
    },
    "credentialStatus" : {
      "id" : "https://essif.europa.eu/status/education#higherEducation#392ac7f6-399a-437b-a268-4691ead8f176",
      "type" : "CredentialStatusList2020"
    },
    "evidence" : {
      "documentPresence" : [ "Physical" ],
      "evidenceDocument" : [ "Passport" ],
      "id" : "https://essif.europa.eu/tsr-va/evidence/f2aeec97-fc0d-42bf-8ca7-0548192d5678",
      "subjectPresence" : "Physical",
      "type" : [ "DocumentVerification" ],
      "verifier" : "did:ebsi:2962fb784df61baa267c8132497539f8c674b37c1244a7a"
    }
  } ],
  "proof" : {
    "type" : "JsonWebSignature2020",
    "creator" : "did:key:z6MknT5FiEriedVGMYKK96wanQzFjq2YVXZK4Pa2KoJruibR",
    "created" : "2024-09-12T09:39:37Z",
    "domain" : "https://api-pilot.ebsi.eu",
    "nonce" : "d04442d3-661f-411e-a80f-42f19f594c9d",
    "proofPurpose" : "authentication",
    "verificationMethod" : "did:key:z6MknT5FiEriedVGMYKK96wanQzFjq2YVXZK4Pa2KoJruibR#z6MknT5FiEriedVGMYKK96wanQzFjq2YVXZK4Pa2KoJruibR",
    "jws" : "eyJiNjQiOmZhbHNlLCJjcml0IjpbImI2NCJdLCJhbGciOiJFZERTQSJ9..-94MXuMucw-SbapbbcyjDCPt46QpQ7lQjFpxBSKdXMrg4nxkjh56f9Sdz8MhJjbao_wZRC0_57bbRozHDnC4Cw"
  }
}
Generated: did:key:z6MkmuPdrow1QujN3WNAbi9o1A2d66x5QRkr89M1uR98f7Bq
{
  "type" : [ "VerifiablePresentation" ],
  "@context" : [ "https://www.w3.org/2018/credentials/v1", "https://w3id.org/security/suites/jws-2020/v1" ],
  "id" : "urn:uuid:ec5ab1ee-9b47-4830-9b44-ab6d2c678957",
  "holder" : "did:key:z6MkmuPdrow1QujN3WNAbi9o1A2d66x5QRkr89M1uR98f7Bq",
  "verifiableCredential" : [ {
    "type" : [ "VerifiableCredential", "VerifiableAttestation", "VerifiableDiploma" ],
    "@context" : [ "https://www.w3.org/2018/credentials/v1", "https://w3id.org/security/suites/jws-2020/v1" ],
    "id" : "urn:uuid:f84b918f-19db-4fbd-b116-87a14303c76b",
    "issuer" : "did:key:z6MkmuPdrow1QujN3WNAbi9o1A2d66x5QRkr89M1uR98f7Bq",
    "issuanceDate" : "2024-09-12T09:39:37Z",
    "issued" : "2024-09-12T09:39:37Z",
    "validFrom" : "2024-09-12T09:39:37Z",
    "expirationDate" : "2022-08-31T00:00:00Z",
    "proof" : {
      "type" : "JsonWebSignature2020",
      "creator" : "did:key:z6MkmuPdrow1QujN3WNAbi9o1A2d66x5QRkr89M1uR98f7Bq",
      "created" : "2024-09-12T09:39:37Z",
      "proofPurpose" : "assertionMethod",
      "verificationMethod" : "did:key:z6MkmuPdrow1QujN3WNAbi9o1A2d66x5QRkr89M1uR98f7Bq#z6MkmuPdrow1QujN3WNAbi9o1A2d66x5QRkr89M1uR98f7Bq",
      "jws" : "eyJiNjQiOmZhbHNlLCJjcml0IjpbImI2NCJdLCJhbGciOiJFZERTQSJ9..p7MbrNTM4K5ShCYA_Bch3O02SCjZ1noHEZcDEiMBxkSFbcZJM-ruZWlo8UA7FL6bM2DVxytXkkKw0O30sRo6Cg"
    },
    "credentialSchema" : {
      "id" : "https://raw.githubusercontent.com/walt-id/waltid-ssikit-vclib/master/src/test/resources/schemas/VerifiableDiploma.json",
      "type" : "JsonSchemaValidator2018"
    },
    "credentialSubject" : {
      "id" : "did:key:z6MkmuPdrow1QujN3WNAbi9o1A2d66x5QRkr89M1uR98f7Bq",
      "awardingOpportunity" : {
        "awardingBody" : {
          "eidasLegalIdentifier" : "Unknown",
          "homepage" : "https://leaston.bcdiploma.com/",
          "id" : "did:ebsi:2A9BZ9SUe6BatacSpvs1V5CdjHvLpQ7bEsi2Jb6LdHKnQxaN",
          "preferredName" : "Leaston University",
          "registration" : "0597065J"
        },
        "endedAtTime" : "2020-06-26T00:00:00Z",
        "id" : "https://leaston.bcdiploma.com/law-economics-management#AwardingOpportunity",
        "identifier" : "https://certificate-demo.bcdiploma.com/check/87ED2F2270E6C41456E94B86B9D9115B4E35BCCAD200A49B846592C14F79C86BV1Fnbllta0NZTnJkR3lDWlRmTDlSRUJEVFZISmNmYzJhUU5sZUJ5Z2FJSHpWbmZZ",
        "location" : "FRANCE",
        "startedAtTime" : "2019-09-02T00:00:00Z"
      },
      "dateOfBirth" : "1993-04-08",
      "familyName" : "DOE",
      "givenNames" : "Jane",
      "gradingScheme" : {
        "id" : "https://leaston.bcdiploma.com/law-economics-management#GradingScheme",
        "title" : "Lower Second-Class Honours"
      },
      "identifier" : "0904008084H",
      "learningAchievement" : {
        "additionalNote" : [ "DISTRIBUTION MANAGEMENT" ],
        "description" : "MARKETING AND SALES",
        "id" : "https://leaston.bcdiploma.com/law-economics-management#LearningAchievment",
        "title" : "MASTERS LAW, ECONOMICS AND MANAGEMENT"
      },
      "learningSpecification" : {
        "ectsCreditPoints" : 120,
        "eqfLevel" : 7,
        "id" : "https://leaston.bcdiploma.com/law-economics-management#LearningSpecification",
        "iscedfCode" : [ "7" ],
        "nqfLevel" : [ "7" ]
      }
    },
    "credentialStatus" : {
      "id" : "https://essif.europa.eu/status/education#higherEducation#392ac7f6-399a-437b-a268-4691ead8f176",
      "type" : "CredentialStatusList2020"
    },
    "evidence" : {
      "documentPresence" : [ "Physical" ],
      "evidenceDocument" : [ "Passport" ],
      "id" : "https://essif.europa.eu/tsr-va/evidence/f2aeec97-fc0d-42bf-8ca7-0548192d5678",
      "subjectPresence" : "Physical",
      "type" : [ "DocumentVerification" ],
      "verifier" : "did:ebsi:2962fb784df61baa267c8132497539f8c674b37c1244a7a"
    }
  } ],
  "proof" : {
    "type" : "JsonWebSignature2020",
    "creator" : "did:key:z6MkmuPdrow1QujN3WNAbi9o1A2d66x5QRkr89M1uR98f7Bq",
    "created" : "2024-09-12T09:39:37Z",
    "domain" : "https://api-pilot.ebsi.eu",
    "nonce" : "d04442d3-661f-411e-a80f-42f19f594c9d",
    "proofPurpose" : "authentication",
    "verificationMethod" : "did:key:z6MkmuPdrow1QujN3WNAbi9o1A2d66x5QRkr89M1uR98f7Bq#z6MkmuPdrow1QujN3WNAbi9o1A2d66x5QRkr89M1uR98f7Bq",
    "jws" : "eyJiNjQiOmZhbHNlLCJjcml0IjpbImI2NCJdLCJhbGciOiJFZERTQSJ9..wFdNtbx3ZuKCMatDU_A-M1SfchV_uZnPFolkIXX-ZBP-kvkzsAeUnX0OsQlDsXKA0Pq2E9XdlvArGxJaONVxBw"
  }
}
Generated: did:key:z6MkrfDvwiTpYFqthLx8LBioWBTENj6yoWRZTUR7nAEu5bEn
{
  "type" : [ "VerifiablePresentation" ],
  "@context" : [ "https://www.w3.org/2018/credentials/v1", "https://w3id.org/security/suites/jws-2020/v1" ],
  "id" : "urn:uuid:c1e11ecd-b4c7-435d-8fdc-abc70155cd3b",
  "holder" : "did:key:z6MkrfDvwiTpYFqthLx8LBioWBTENj6yoWRZTUR7nAEu5bEn",
  "verifiableCredential" : [ {
    "type" : [ "VerifiableCredential", "VerifiableAttestation", "VerifiableDiploma" ],
    "@context" : [ "https://www.w3.org/2018/credentials/v1", "https://w3id.org/security/suites/jws-2020/v1" ],
    "id" : "urn:uuid:999a06e1-b15d-42be-bfbc-7a7e98ad1b00",
    "issuer" : "did:key:z6MkrfDvwiTpYFqthLx8LBioWBTENj6yoWRZTUR7nAEu5bEn",
    "issuanceDate" : "2024-09-12T09:39:37Z",
    "issued" : "2024-09-12T09:39:37Z",
    "validFrom" : "2024-09-12T09:39:37Z",
    "expirationDate" : "2022-08-31T00:00:00Z",
    "proof" : {
      "type" : "JsonWebSignature2020",
      "creator" : "did:key:z6MkrfDvwiTpYFqthLx8LBioWBTENj6yoWRZTUR7nAEu5bEn",
      "created" : "2024-09-12T09:39:37Z",
      "proofPurpose" : "assertionMethod",
      "verificationMethod" : "did:key:z6MkrfDvwiTpYFqthLx8LBioWBTENj6yoWRZTUR7nAEu5bEn#z6MkrfDvwiTpYFqthLx8LBioWBTENj6yoWRZTUR7nAEu5bEn",
      "jws" : "eyJiNjQiOmZhbHNlLCJjcml0IjpbImI2NCJdLCJhbGciOiJFZERTQSJ9..XMIcUf_kXVg6_AQEN7n1MMANbznJsCy4y3YOWc7ouUfC26DXzRX3LVZithvpMfBFrK9nylvDcLp5LNJ7OLivDw"
    },
    "credentialSchema" : {
      "id" : "https://raw.githubusercontent.com/walt-id/waltid-ssikit-vclib/master/src/test/resources/schemas/VerifiableDiploma.json",
      "type" : "JsonSchemaValidator2018"
    },
    "credentialSubject" : {
      "id" : "did:key:z6MkrfDvwiTpYFqthLx8LBioWBTENj6yoWRZTUR7nAEu5bEn",
      "awardingOpportunity" : {
        "awardingBody" : {
          "eidasLegalIdentifier" : "Unknown",
          "homepage" : "https://leaston.bcdiploma.com/",
          "id" : "did:ebsi:2A9BZ9SUe6BatacSpvs1V5CdjHvLpQ7bEsi2Jb6LdHKnQxaN",
          "preferredName" : "Leaston University",
          "registration" : "0597065J"
        },
        "endedAtTime" : "2020-06-26T00:00:00Z",
        "id" : "https://leaston.bcdiploma.com/law-economics-management#AwardingOpportunity",
        "identifier" : "https://certificate-demo.bcdiploma.com/check/87ED2F2270E6C41456E94B86B9D9115B4E35BCCAD200A49B846592C14F79C86BV1Fnbllta0NZTnJkR3lDWlRmTDlSRUJEVFZISmNmYzJhUU5sZUJ5Z2FJSHpWbmZZ",
        "location" : "FRANCE",
        "startedAtTime" : "2019-09-02T00:00:00Z"
      },
      "dateOfBirth" : "1993-04-08",
      "familyName" : "DOE",
      "givenNames" : "Jane",
      "gradingScheme" : {
        "id" : "https://leaston.bcdiploma.com/law-economics-management#GradingScheme",
        "title" : "Lower Second-Class Honours"
      },
      "identifier" : "0904008084H",
      "learningAchievement" : {
        "additionalNote" : [ "DISTRIBUTION MANAGEMENT" ],
        "description" : "MARKETING AND SALES",
        "id" : "https://leaston.bcdiploma.com/law-economics-management#LearningAchievment",
        "title" : "MASTERS LAW, ECONOMICS AND MANAGEMENT"
      },
      "learningSpecification" : {
        "ectsCreditPoints" : 120,
        "eqfLevel" : 7,
        "id" : "https://leaston.bcdiploma.com/law-economics-management#LearningSpecification",
        "iscedfCode" : [ "7" ],
        "nqfLevel" : [ "7" ]
      }
    },
    "credentialStatus" : {
      "id" : "https://essif.europa.eu/status/education#higherEducation#392ac7f6-399a-437b-a268-4691ead8f176",
      "type" : "CredentialStatusList2020"
    },
    "evidence" : {
      "documentPresence" : [ "Physical" ],
      "evidenceDocument" : [ "Passport" ],
      "id" : "https://essif.europa.eu/tsr-va/evidence/f2aeec97-fc0d-42bf-8ca7-0548192d5678",
      "subjectPresence" : "Physical",
      "type" : [ "DocumentVerification" ],
      "verifier" : "did:ebsi:2962fb784df61baa267c8132497539f8c674b37c1244a7a"
    }
  } ],
  "proof" : {
    "type" : "JsonWebSignature2020",
    "creator" : "did:key:z6MkrfDvwiTpYFqthLx8LBioWBTENj6yoWRZTUR7nAEu5bEn",
    "created" : "2024-09-12T09:39:37Z",
    "domain" : "https://api-pilot.ebsi.eu",
    "nonce" : "d04442d3-661f-411e-a80f-42f19f594c9d",
    "proofPurpose" : "authentication",
    "verificationMethod" : "did:key:z6MkrfDvwiTpYFqthLx8LBioWBTENj6yoWRZTUR7nAEu5bEn#z6MkrfDvwiTpYFqthLx8LBioWBTENj6yoWRZTUR7nAEu5bEn",
    "jws" : "eyJiNjQiOmZhbHNlLCJjcml0IjpbImI2NCJdLCJhbGciOiJFZERTQSJ9..nbq4RU6AWheXmbkXP4xyHx3LjRuzKB6NAE_ikMoOQXBdV36ARx_iPT74cJMHUZCfXgtI9Y9FlI-mI0xVQsaxAg"
  }
}
Mandate:
{
  "type" : [ "VerifiableCredential", "VerifiableMandate" ],
  "@context" : [ "https://www.w3.org/2018/credentials/v1", "https://w3id.org/security/suites/jws-2020/v1" ],
  "id" : "urn:uuid:904fca0a-c478-426a-af64-c518309ee2a9",
  "issuer" : "did:key:z6MkrfDvwiTpYFqthLx8LBioWBTENj6yoWRZTUR7nAEu5bEn",
  "issuanceDate" : "2024-09-12T09:39:37Z",
  "issued" : "2024-09-12T09:39:37Z",
  "validFrom" : "2024-09-12T09:39:37Z",
  "credentialSchema" : {
    "id" : "https://api.preprod.ebsi.eu/trusted-schemas-registry/v1/schemas/0xb77f8516a965631b4f197ad54c65a9e2f9936ebfb76bae4906d33744dbcc60ba",
    "type" : "FullJsonSchemaValidator2021"
  },
  "credentialSubject" : {
    "id" : "did:key:z6MkrfDvwiTpYFqthLx8LBioWBTENj6yoWRZTUR7nAEu5bEn",
    "holder" : {
      "role" : "family",
      "grant" : "apply_to_masters",
      "id" : "did:key:z6MkrfDvwiTpYFqthLx8LBioWBTENj6yoWRZTUR7nAEu5bEn",
      "constraints" : {
        "location" : "Slovenia"
      }
    },
    "policySchemaURI" : "src/test/resources/verifiable-mandates/test-policy.rego"
  },
  "evidence" : [ {
    "evidenceValue" : "",
    "id" : "https://essif.europa.eu/tsr-va/evidence/f2aeec97-fc0d-42bf-8ca7-0548192d5678",
    "type" : [ "VerifiableMandatePresentation" ]
  } ],
  "proof" : {
    "type" : "JsonWebSignature2020",
    "creator" : "did:key:z6MkrfDvwiTpYFqthLx8LBioWBTENj6yoWRZTUR7nAEu5bEn",
    "created" : "2024-09-12T09:39:37Z",
    "verificationMethod" : "did:key:z6MkrfDvwiTpYFqthLx8LBioWBTENj6yoWRZTUR7nAEu5bEn#z6MkrfDvwiTpYFqthLx8LBioWBTENj6yoWRZTUR7nAEu5bEn",
    "jws" : "eyJiNjQiOmZhbHNlLCJjcml0IjpbImI2NCJdLCJhbGciOiJFZERTQSJ9..1-kQ2KwZYycnYscS_VNx4Yno0n383IdoQ0HQh8Vm2f1Se6VsTDkJggw_IL1YEu3gtGvWeRByQc1XqiDwO2oiBg"
  }
}
Testing query: {user=did:key:z6MkrfDvwiTpYFqthLx8LBioWBTENj6yoWRZTUR7nAEu5bEn, action=apply_to_masters, location=Slovenia}
Generated: did:key:z6MkwBE9DjSQKvZ8wwAcuvdyXUaRLmPKj3df2FmjFuCQL5yM
{
  "type" : [ "VerifiablePresentation" ],
  "@context" : [ "https://www.w3.org/2018/credentials/v1", "https://w3id.org/security/suites/jws-2020/v1" ],
  "id" : "urn:uuid:9dada58b-6e62-47be-8c1e-8ad9bda543f9",
  "holder" : "did:key:z6MkwBE9DjSQKvZ8wwAcuvdyXUaRLmPKj3df2FmjFuCQL5yM",
  "verifiableCredential" : [ {
    "type" : [ "VerifiableCredential", "VerifiableAttestation", "VerifiableDiploma" ],
    "@context" : [ "https://www.w3.org/2018/credentials/v1", "https://w3id.org/security/suites/jws-2020/v1" ],
    "id" : "urn:uuid:8c2de92d-39f7-4408-9929-11028bb98f42",
    "issuer" : "did:key:z6MkwBE9DjSQKvZ8wwAcuvdyXUaRLmPKj3df2FmjFuCQL5yM",
    "issuanceDate" : "2024-09-12T09:39:37Z",
    "issued" : "2024-09-12T09:39:37Z",
    "validFrom" : "2024-09-12T09:39:37Z",
    "expirationDate" : "2022-08-31T00:00:00Z",
    "proof" : {
      "type" : "JsonWebSignature2020",
      "creator" : "did:key:z6MkwBE9DjSQKvZ8wwAcuvdyXUaRLmPKj3df2FmjFuCQL5yM",
      "created" : "2024-09-12T09:39:37Z",
      "proofPurpose" : "assertionMethod",
      "verificationMethod" : "did:key:z6MkwBE9DjSQKvZ8wwAcuvdyXUaRLmPKj3df2FmjFuCQL5yM#z6MkwBE9DjSQKvZ8wwAcuvdyXUaRLmPKj3df2FmjFuCQL5yM",
      "jws" : "eyJiNjQiOmZhbHNlLCJjcml0IjpbImI2NCJdLCJhbGciOiJFZERTQSJ9..jzDicj3At2Ees51Do13q5WYucOCTPUF4io2EACfV1Qgge6FWO47OO0NzAX6HQySndsxRFM2GZo_XceJ6qoUKBg"
    },
    "credentialSchema" : {
      "id" : "https://raw.githubusercontent.com/walt-id/waltid-ssikit-vclib/master/src/test/resources/schemas/VerifiableDiploma.json",
      "type" : "JsonSchemaValidator2018"
    },
    "credentialSubject" : {
      "id" : "did:key:z6MkwBE9DjSQKvZ8wwAcuvdyXUaRLmPKj3df2FmjFuCQL5yM",
      "awardingOpportunity" : {
        "awardingBody" : {
          "eidasLegalIdentifier" : "Unknown",
          "homepage" : "https://leaston.bcdiploma.com/",
          "id" : "did:ebsi:2A9BZ9SUe6BatacSpvs1V5CdjHvLpQ7bEsi2Jb6LdHKnQxaN",
          "preferredName" : "Leaston University",
          "registration" : "0597065J"
        },
        "endedAtTime" : "2020-06-26T00:00:00Z",
        "id" : "https://leaston.bcdiploma.com/law-economics-management#AwardingOpportunity",
        "identifier" : "https://certificate-demo.bcdiploma.com/check/87ED2F2270E6C41456E94B86B9D9115B4E35BCCAD200A49B846592C14F79C86BV1Fnbllta0NZTnJkR3lDWlRmTDlSRUJEVFZISmNmYzJhUU5sZUJ5Z2FJSHpWbmZZ",
        "location" : "FRANCE",
        "startedAtTime" : "2019-09-02T00:00:00Z"
      },
      "dateOfBirth" : "1993-04-08",
      "familyName" : "DOE",
      "givenNames" : "Jane",
      "gradingScheme" : {
        "id" : "https://leaston.bcdiploma.com/law-economics-management#GradingScheme",
        "title" : "Lower Second-Class Honours"
      },
      "identifier" : "0904008084H",
      "learningAchievement" : {
        "additionalNote" : [ "DISTRIBUTION MANAGEMENT" ],
        "description" : "MARKETING AND SALES",
        "id" : "https://leaston.bcdiploma.com/law-economics-management#LearningAchievment",
        "title" : "MASTERS LAW, ECONOMICS AND MANAGEMENT"
      },
      "learningSpecification" : {
        "ectsCreditPoints" : 120,
        "eqfLevel" : 7,
        "id" : "https://leaston.bcdiploma.com/law-economics-management#LearningSpecification",
        "iscedfCode" : [ "7" ],
        "nqfLevel" : [ "7" ]
      }
    },
    "credentialStatus" : {
      "id" : "https://essif.europa.eu/status/education#higherEducation#392ac7f6-399a-437b-a268-4691ead8f176",
      "type" : "CredentialStatusList2020"
    },
    "evidence" : {
      "documentPresence" : [ "Physical" ],
      "evidenceDocument" : [ "Passport" ],
      "id" : "https://essif.europa.eu/tsr-va/evidence/f2aeec97-fc0d-42bf-8ca7-0548192d5678",
      "subjectPresence" : "Physical",
      "type" : [ "DocumentVerification" ],
      "verifier" : "did:ebsi:2962fb784df61baa267c8132497539f8c674b37c1244a7a"
    }
  } ],
  "proof" : {
    "type" : "JsonWebSignature2020",
    "creator" : "did:key:z6MkwBE9DjSQKvZ8wwAcuvdyXUaRLmPKj3df2FmjFuCQL5yM",
    "created" : "2024-09-12T09:39:37Z",
    "domain" : "https://api-pilot.ebsi.eu",
    "nonce" : "d04442d3-661f-411e-a80f-42f19f594c9d",
    "proofPurpose" : "authentication",
    "verificationMethod" : "did:key:z6MkwBE9DjSQKvZ8wwAcuvdyXUaRLmPKj3df2FmjFuCQL5yM#z6MkwBE9DjSQKvZ8wwAcuvdyXUaRLmPKj3df2FmjFuCQL5yM",
    "jws" : "eyJiNjQiOmZhbHNlLCJjcml0IjpbImI2NCJdLCJhbGciOiJFZERTQSJ9..lGMn6TFtSUKor4u-MOGaBXPX-Cx_2mihIYdqzMZzRPDOQLq02c3iOCL3KRUL3YPB8weP7KK8KiQHx-Dc6ZWLCQ"
  }
}
Testing query: {user=did:key:z6MkwBE9DjSQKvZ8wwAcuvdyXUaRLmPKj3df2FmjFuCQL5yM}
Generated: did:key:z6MkrR8bJknNS11iU4aiTZiHUmCetn4U9svkvgUKpEEk4XcF
{
  "type" : [ "VerifiablePresentation" ],
  "@context" : [ "https://www.w3.org/2018/credentials/v1", "https://w3id.org/security/suites/jws-2020/v1" ],
  "id" : "urn:uuid:da24d82b-1b3a-4400-ad8f-7d79e9200383",
  "holder" : "did:key:z6MkrR8bJknNS11iU4aiTZiHUmCetn4U9svkvgUKpEEk4XcF",
  "verifiableCredential" : [ {
    "type" : [ "VerifiableCredential", "VerifiableAttestation", "VerifiableDiploma" ],
    "@context" : [ "https://www.w3.org/2018/credentials/v1", "https://w3id.org/security/suites/jws-2020/v1" ],
    "id" : "urn:uuid:15c514bf-0f97-4564-8d46-311467f6a247",
    "issuer" : "did:key:z6MkrR8bJknNS11iU4aiTZiHUmCetn4U9svkvgUKpEEk4XcF",
    "issuanceDate" : "2024-09-12T09:39:37Z",
    "issued" : "2024-09-12T09:39:37Z",
    "validFrom" : "2024-09-12T09:39:37Z",
    "expirationDate" : "2022-08-31T00:00:00Z",
    "proof" : {
      "type" : "JsonWebSignature2020",
      "creator" : "did:key:z6MkrR8bJknNS11iU4aiTZiHUmCetn4U9svkvgUKpEEk4XcF",
      "created" : "2024-09-12T09:39:37Z",
      "proofPurpose" : "assertionMethod",
      "verificationMethod" : "did:key:z6MkrR8bJknNS11iU4aiTZiHUmCetn4U9svkvgUKpEEk4XcF#z6MkrR8bJknNS11iU4aiTZiHUmCetn4U9svkvgUKpEEk4XcF",
      "jws" : "eyJiNjQiOmZhbHNlLCJjcml0IjpbImI2NCJdLCJhbGciOiJFZERTQSJ9..g5aSA4lkOXjPeT3qGqcn_wZkHj5WI7zCEg3ccDXs-swf0gpM2pDhYaD0zdn_UBv4-LZmyuj40tg5STQKRF40DQ"
    },
    "credentialSchema" : {
      "id" : "https://raw.githubusercontent.com/walt-id/waltid-ssikit-vclib/master/src/test/resources/schemas/VerifiableDiploma.json",
      "type" : "JsonSchemaValidator2018"
    },
    "credentialSubject" : {
      "id" : "did:key:z6MkrR8bJknNS11iU4aiTZiHUmCetn4U9svkvgUKpEEk4XcF",
      "awardingOpportunity" : {
        "awardingBody" : {
          "eidasLegalIdentifier" : "Unknown",
          "homepage" : "https://leaston.bcdiploma.com/",
          "id" : "did:ebsi:2A9BZ9SUe6BatacSpvs1V5CdjHvLpQ7bEsi2Jb6LdHKnQxaN",
          "preferredName" : "Leaston University",
          "registration" : "0597065J"
        },
        "endedAtTime" : "2020-06-26T00:00:00Z",
        "id" : "https://leaston.bcdiploma.com/law-economics-management#AwardingOpportunity",
        "identifier" : "https://certificate-demo.bcdiploma.com/check/87ED2F2270E6C41456E94B86B9D9115B4E35BCCAD200A49B846592C14F79C86BV1Fnbllta0NZTnJkR3lDWlRmTDlSRUJEVFZISmNmYzJhUU5sZUJ5Z2FJSHpWbmZZ",
        "location" : "FRANCE",
        "startedAtTime" : "2019-09-02T00:00:00Z"
      },
      "dateOfBirth" : "1993-04-08",
      "familyName" : "DOE",
      "givenNames" : "Jane",
      "gradingScheme" : {
        "id" : "https://leaston.bcdiploma.com/law-economics-management#GradingScheme",
        "title" : "Lower Second-Class Honours"
      },
      "identifier" : "0904008084H",
      "learningAchievement" : {
        "additionalNote" : [ "DISTRIBUTION MANAGEMENT" ],
        "description" : "MARKETING AND SALES",
        "id" : "https://leaston.bcdiploma.com/law-economics-management#LearningAchievment",
        "title" : "MASTERS LAW, ECONOMICS AND MANAGEMENT"
      },
      "learningSpecification" : {
        "ectsCreditPoints" : 120,
        "eqfLevel" : 7,
        "id" : "https://leaston.bcdiploma.com/law-economics-management#LearningSpecification",
        "iscedfCode" : [ "7" ],
        "nqfLevel" : [ "7" ]
      }
    },
    "credentialStatus" : {
      "id" : "https://essif.europa.eu/status/education#higherEducation#392ac7f6-399a-437b-a268-4691ead8f176",
      "type" : "CredentialStatusList2020"
    },
    "evidence" : {
      "documentPresence" : [ "Physical" ],
      "evidenceDocument" : [ "Passport" ],
      "id" : "https://essif.europa.eu/tsr-va/evidence/f2aeec97-fc0d-42bf-8ca7-0548192d5678",
      "subjectPresence" : "Physical",
      "type" : [ "DocumentVerification" ],
      "verifier" : "did:ebsi:2962fb784df61baa267c8132497539f8c674b37c1244a7a"
    }
  } ],
  "proof" : {
    "type" : "JsonWebSignature2020",
    "creator" : "did:key:z6MkrR8bJknNS11iU4aiTZiHUmCetn4U9svkvgUKpEEk4XcF",
    "created" : "2024-09-12T09:39:37Z",
    "domain" : "https://api-pilot.ebsi.eu",
    "nonce" : "d04442d3-661f-411e-a80f-42f19f594c9d",
    "proofPurpose" : "authentication",
    "verificationMethod" : "did:key:z6MkrR8bJknNS11iU4aiTZiHUmCetn4U9svkvgUKpEEk4XcF#z6MkrR8bJknNS11iU4aiTZiHUmCetn4U9svkvgUKpEEk4XcF",
    "jws" : "eyJiNjQiOmZhbHNlLCJjcml0IjpbImI2NCJdLCJhbGciOiJFZERTQSJ9..JCc1FCHxfA0w6r3OJ6pF0IB-DHzky2hopGRdyP5TE5yrPkfa9A0bxKF2Kdp37FWxuF-O2kyuQfKjfbK5KcRlBw"
  }
}
Generated: did:key:z6Mkfcp2tu2VZg2fMPP3tGoS8j5FH7pyXuqyqRE9xXmEtGxQ
{
  "type" : [ "VerifiablePresentation" ],
  "@context" : [ "https://www.w3.org/2018/credentials/v1", "https://w3id.org/security/suites/jws-2020/v1" ],
  "id" : "urn:uuid:b9c765f0-adcd-42b4-a18f-0fa24ebbaf01",
  "holder" : "did:key:z6Mkfcp2tu2VZg2fMPP3tGoS8j5FH7pyXuqyqRE9xXmEtGxQ",
  "verifiableCredential" : [ {
    "type" : [ "VerifiableCredential", "VerifiableAttestation", "VerifiableDiploma" ],
    "@context" : [ "https://www.w3.org/2018/credentials/v1", "https://w3id.org/security/suites/jws-2020/v1" ],
    "id" : "urn:uuid:27ba96c2-3446-4e13-a4d7-d527b2571a89",
    "issuer" : "did:key:z6Mkfcp2tu2VZg2fMPP3tGoS8j5FH7pyXuqyqRE9xXmEtGxQ",
    "issuanceDate" : "2024-09-12T09:39:37Z",
    "issued" : "2024-09-12T09:39:37Z",
    "validFrom" : "2024-09-12T09:39:37Z",
    "expirationDate" : "2022-08-31T00:00:00Z",
    "proof" : {
      "type" : "JsonWebSignature2020",
      "creator" : "did:key:z6Mkfcp2tu2VZg2fMPP3tGoS8j5FH7pyXuqyqRE9xXmEtGxQ",
      "created" : "2024-09-12T09:39:37Z",
      "proofPurpose" : "assertionMethod",
      "verificationMethod" : "did:key:z6Mkfcp2tu2VZg2fMPP3tGoS8j5FH7pyXuqyqRE9xXmEtGxQ#z6Mkfcp2tu2VZg2fMPP3tGoS8j5FH7pyXuqyqRE9xXmEtGxQ",
      "jws" : "eyJiNjQiOmZhbHNlLCJjcml0IjpbImI2NCJdLCJhbGciOiJFZERTQSJ9..03I3ZYDNkflyhW3UqeTw2BbUC-2R6VDuuOX0h1qfnKfE_POFjKMmOSEjt4yntZavbMfp1OgjfLRkXEPbJe1mDA"
    },
    "credentialSchema" : {
      "id" : "https://raw.githubusercontent.com/walt-id/waltid-ssikit-vclib/master/src/test/resources/schemas/VerifiableDiploma.json",
      "type" : "JsonSchemaValidator2018"
    },
    "credentialSubject" : {
      "id" : "did:key:z6Mkfcp2tu2VZg2fMPP3tGoS8j5FH7pyXuqyqRE9xXmEtGxQ",
      "awardingOpportunity" : {
        "awardingBody" : {
          "eidasLegalIdentifier" : "Unknown",
          "homepage" : "https://leaston.bcdiploma.com/",
          "id" : "did:ebsi:2A9BZ9SUe6BatacSpvs1V5CdjHvLpQ7bEsi2Jb6LdHKnQxaN",
          "preferredName" : "Leaston University",
          "registration" : "0597065J"
        },
        "endedAtTime" : "2020-06-26T00:00:00Z",
        "id" : "https://leaston.bcdiploma.com/law-economics-management#AwardingOpportunity",
        "identifier" : "https://certificate-demo.bcdiploma.com/check/87ED2F2270E6C41456E94B86B9D9115B4E35BCCAD200A49B846592C14F79C86BV1Fnbllta0NZTnJkR3lDWlRmTDlSRUJEVFZISmNmYzJhUU5sZUJ5Z2FJSHpWbmZZ",
        "location" : "FRANCE",
        "startedAtTime" : "2019-09-02T00:00:00Z"
      },
      "dateOfBirth" : "1993-04-08",
      "familyName" : "DOE",
      "givenNames" : "Jane",
      "gradingScheme" : {
        "id" : "https://leaston.bcdiploma.com/law-economics-management#GradingScheme",
        "title" : "Lower Second-Class Honours"
      },
      "identifier" : "0904008084H",
      "learningAchievement" : {
        "additionalNote" : [ "DISTRIBUTION MANAGEMENT" ],
        "description" : "MARKETING AND SALES",
        "id" : "https://leaston.bcdiploma.com/law-economics-management#LearningAchievment",
        "title" : "MASTERS LAW, ECONOMICS AND MANAGEMENT"
      },
      "learningSpecification" : {
        "ectsCreditPoints" : 120,
        "eqfLevel" : 7,
        "id" : "https://leaston.bcdiploma.com/law-economics-management#LearningSpecification",
        "iscedfCode" : [ "7" ],
        "nqfLevel" : [ "7" ]
      }
    },
    "credentialStatus" : {
      "id" : "https://essif.europa.eu/status/education#higherEducation#392ac7f6-399a-437b-a268-4691ead8f176",
      "type" : "CredentialStatusList2020"
    },
    "evidence" : {
      "documentPresence" : [ "Physical" ],
      "evidenceDocument" : [ "Passport" ],
      "id" : "https://essif.europa.eu/tsr-va/evidence/f2aeec97-fc0d-42bf-8ca7-0548192d5678",
      "subjectPresence" : "Physical",
      "type" : [ "DocumentVerification" ],
      "verifier" : "did:ebsi:2962fb784df61baa267c8132497539f8c674b37c1244a7a"
    }
  } ],
  "proof" : {
    "type" : "JsonWebSignature2020",
    "creator" : "did:key:z6Mkfcp2tu2VZg2fMPP3tGoS8j5FH7pyXuqyqRE9xXmEtGxQ",
    "created" : "2024-09-12T09:39:37Z",
    "domain" : "https://api-pilot.ebsi.eu",
    "nonce" : "d04442d3-661f-411e-a80f-42f19f594c9d",
    "proofPurpose" : "authentication",
    "verificationMethod" : "did:key:z6Mkfcp2tu2VZg2fMPP3tGoS8j5FH7pyXuqyqRE9xXmEtGxQ#z6Mkfcp2tu2VZg2fMPP3tGoS8j5FH7pyXuqyqRE9xXmEtGxQ",
    "jws" : "eyJiNjQiOmZhbHNlLCJjcml0IjpbImI2NCJdLCJhbGciOiJFZERTQSJ9..DuWzgpndDGKW4Ukm5DjH9AeJ9iJ_0QOfCMY2Xw0wKli_XryGv3i_t4fto4feGiQIBoWvl9c21ABImJgW7NkDBA"
  }
}
Generated: did:key:z6MkhARh9naKXN9Ti6UF9zrZUYyjmQrbz8HAsevPLgSeqAXK
{
  "type" : [ "VerifiablePresentation" ],
  "@context" : [ "https://www.w3.org/2018/credentials/v1", "https://w3id.org/security/suites/jws-2020/v1" ],
  "id" : "urn:uuid:40edc3e6-2a3f-44b3-b7c8-e7cc732e4043",
  "holder" : "did:key:z6MkhARh9naKXN9Ti6UF9zrZUYyjmQrbz8HAsevPLgSeqAXK",
  "verifiableCredential" : [ {
    "type" : [ "VerifiableCredential", "VerifiableAttestation", "VerifiableDiploma" ],
    "@context" : [ "https://www.w3.org/2018/credentials/v1", "https://w3id.org/security/suites/jws-2020/v1" ],
    "id" : "urn:uuid:a5288bd5-4117-4708-a5da-19255f34219e",
    "issuer" : "did:key:z6MkhARh9naKXN9Ti6UF9zrZUYyjmQrbz8HAsevPLgSeqAXK",
    "issuanceDate" : "2024-09-12T09:39:38Z",
    "issued" : "2024-09-12T09:39:38Z",
    "validFrom" : "2024-09-12T09:39:38Z",
    "expirationDate" : "2022-08-31T00:00:00Z",
    "proof" : {
      "type" : "JsonWebSignature2020",
      "creator" : "did:key:z6MkhARh9naKXN9Ti6UF9zrZUYyjmQrbz8HAsevPLgSeqAXK",
      "created" : "2024-09-12T09:39:38Z",
      "proofPurpose" : "assertionMethod",
      "verificationMethod" : "did:key:z6MkhARh9naKXN9Ti6UF9zrZUYyjmQrbz8HAsevPLgSeqAXK#z6MkhARh9naKXN9Ti6UF9zrZUYyjmQrbz8HAsevPLgSeqAXK",
      "jws" : "eyJiNjQiOmZhbHNlLCJjcml0IjpbImI2NCJdLCJhbGciOiJFZERTQSJ9..TK3V2fgtohhhhnwKK-qeWKzP8ic0qoVFP67l7WTffTBfArUIOkImyXD24MTHAwFnnvWwdBfHwKYMCGpkgpdQCw"
    },
    "credentialSchema" : {
      "id" : "https://raw.githubusercontent.com/walt-id/waltid-ssikit-vclib/master/src/test/resources/schemas/VerifiableDiploma.json",
      "type" : "JsonSchemaValidator2018"
    },
    "credentialSubject" : {
      "id" : "did:key:z6MkhARh9naKXN9Ti6UF9zrZUYyjmQrbz8HAsevPLgSeqAXK",
      "awardingOpportunity" : {
        "awardingBody" : {
          "eidasLegalIdentifier" : "Unknown",
          "homepage" : "https://leaston.bcdiploma.com/",
          "id" : "did:ebsi:2A9BZ9SUe6BatacSpvs1V5CdjHvLpQ7bEsi2Jb6LdHKnQxaN",
          "preferredName" : "Leaston University",
          "registration" : "0597065J"
        },
        "endedAtTime" : "2020-06-26T00:00:00Z",
        "id" : "https://leaston.bcdiploma.com/law-economics-management#AwardingOpportunity",
        "identifier" : "https://certificate-demo.bcdiploma.com/check/87ED2F2270E6C41456E94B86B9D9115B4E35BCCAD200A49B846592C14F79C86BV1Fnbllta0NZTnJkR3lDWlRmTDlSRUJEVFZISmNmYzJhUU5sZUJ5Z2FJSHpWbmZZ",
        "location" : "FRANCE",
        "startedAtTime" : "2019-09-02T00:00:00Z"
      },
      "dateOfBirth" : "1993-04-08",
      "familyName" : "DOE",
      "givenNames" : "Jane",
      "gradingScheme" : {
        "id" : "https://leaston.bcdiploma.com/law-economics-management#GradingScheme",
        "title" : "Lower Second-Class Honours"
      },
      "identifier" : "0904008084H",
      "learningAchievement" : {
        "additionalNote" : [ "DISTRIBUTION MANAGEMENT" ],
        "description" : "MARKETING AND SALES",
        "id" : "https://leaston.bcdiploma.com/law-economics-management#LearningAchievment",
        "title" : "MASTERS LAW, ECONOMICS AND MANAGEMENT"
      },
      "learningSpecification" : {
        "ectsCreditPoints" : 120,
        "eqfLevel" : 7,
        "id" : "https://leaston.bcdiploma.com/law-economics-management#LearningSpecification",
        "iscedfCode" : [ "7" ],
        "nqfLevel" : [ "7" ]
      }
    },
    "credentialStatus" : {
      "id" : "https://essif.europa.eu/status/education#higherEducation#392ac7f6-399a-437b-a268-4691ead8f176",
      "type" : "CredentialStatusList2020"
    },
    "evidence" : {
      "documentPresence" : [ "Physical" ],
      "evidenceDocument" : [ "Passport" ],
      "id" : "https://essif.europa.eu/tsr-va/evidence/f2aeec97-fc0d-42bf-8ca7-0548192d5678",
      "subjectPresence" : "Physical",
      "type" : [ "DocumentVerification" ],
      "verifier" : "did:ebsi:2962fb784df61baa267c8132497539f8c674b37c1244a7a"
    }
  } ],
  "proof" : {
    "type" : "JsonWebSignature2020",
    "creator" : "did:key:z6MkhARh9naKXN9Ti6UF9zrZUYyjmQrbz8HAsevPLgSeqAXK",
    "created" : "2024-09-12T09:39:38Z",
    "domain" : "https://api-pilot.ebsi.eu",
    "nonce" : "d04442d3-661f-411e-a80f-42f19f594c9d",
    "proofPurpose" : "authentication",
    "verificationMethod" : "did:key:z6MkhARh9naKXN9Ti6UF9zrZUYyjmQrbz8HAsevPLgSeqAXK#z6MkhARh9naKXN9Ti6UF9zrZUYyjmQrbz8HAsevPLgSeqAXK",
    "jws" : "eyJiNjQiOmZhbHNlLCJjcml0IjpbImI2NCJdLCJhbGciOiJFZERTQSJ9..iVPTPuuor0-XstoJBW-BAJnoCw1QPh8VdC2tK7rxTo_nW0LRjgMZgE1QaHagKxDJOailWOjcQYtAedfuBlo1Dw"
  }
}
Generated: did:key:z6MknMKYbJBNnBrintSsZGXoFmWRmQ7c54naXLGQYM9Ngt9m
{
  "type" : [ "VerifiablePresentation" ],
  "@context" : [ "https://www.w3.org/2018/credentials/v1", "https://w3id.org/security/suites/jws-2020/v1" ],
  "id" : "urn:uuid:a47fa6e2-af13-4381-99fc-a683bdbbcdc7",
  "holder" : "did:key:z6MknMKYbJBNnBrintSsZGXoFmWRmQ7c54naXLGQYM9Ngt9m",
  "verifiableCredential" : [ {
    "type" : [ "VerifiableCredential", "VerifiableAttestation", "VerifiableDiploma" ],
    "@context" : [ "https://www.w3.org/2018/credentials/v1", "https://w3id.org/security/suites/jws-2020/v1" ],
    "id" : "urn:uuid:5ad2497c-8018-4c35-a056-2a44b7f05352",
    "issuer" : "did:key:z6MknMKYbJBNnBrintSsZGXoFmWRmQ7c54naXLGQYM9Ngt9m",
    "issuanceDate" : "2024-09-12T09:39:39Z",
    "issued" : "2024-09-12T09:39:39Z",
    "validFrom" : "2024-09-12T09:39:39Z",
    "expirationDate" : "2022-08-31T00:00:00Z",
    "proof" : {
      "type" : "JsonWebSignature2020",
      "creator" : "did:key:z6MknMKYbJBNnBrintSsZGXoFmWRmQ7c54naXLGQYM9Ngt9m",
      "created" : "2024-09-12T09:39:39Z",
      "proofPurpose" : "assertionMethod",
      "verificationMethod" : "did:key:z6MknMKYbJBNnBrintSsZGXoFmWRmQ7c54naXLGQYM9Ngt9m#z6MknMKYbJBNnBrintSsZGXoFmWRmQ7c54naXLGQYM9Ngt9m",
      "jws" : "eyJiNjQiOmZhbHNlLCJjcml0IjpbImI2NCJdLCJhbGciOiJFZERTQSJ9..-nSQQnl7RWjTlRY9maJH9qQVY5b2hRpnjO_USTy9kR8xZ2wZ-DPqs2-aN6dYDStdFqKYSZFZ9kbHgLBd9-1BBg"
    },
    "credentialSchema" : {
      "id" : "https://raw.githubusercontent.com/walt-id/waltid-ssikit-vclib/master/src/test/resources/schemas/VerifiableDiploma.json",
      "type" : "JsonSchemaValidator2018"
    },
    "credentialSubject" : {
      "id" : "did:key:z6MknMKYbJBNnBrintSsZGXoFmWRmQ7c54naXLGQYM9Ngt9m",
      "awardingOpportunity" : {
        "awardingBody" : {
          "eidasLegalIdentifier" : "Unknown",
          "homepage" : "https://leaston.bcdiploma.com/",
          "id" : "did:ebsi:2A9BZ9SUe6BatacSpvs1V5CdjHvLpQ7bEsi2Jb6LdHKnQxaN",
          "preferredName" : "Leaston University",
          "registration" : "0597065J"
        },
        "endedAtTime" : "2020-06-26T00:00:00Z",
        "id" : "https://leaston.bcdiploma.com/law-economics-management#AwardingOpportunity",
        "identifier" : "https://certificate-demo.bcdiploma.com/check/87ED2F2270E6C41456E94B86B9D9115B4E35BCCAD200A49B846592C14F79C86BV1Fnbllta0NZTnJkR3lDWlRmTDlSRUJEVFZISmNmYzJhUU5sZUJ5Z2FJSHpWbmZZ",
        "location" : "FRANCE",
        "startedAtTime" : "2019-09-02T00:00:00Z"
      },
      "dateOfBirth" : "1993-04-08",
      "familyName" : "DOE",
      "givenNames" : "Jane",
      "gradingScheme" : {
        "id" : "https://leaston.bcdiploma.com/law-economics-management#GradingScheme",
        "title" : "Lower Second-Class Honours"
      },
      "identifier" : "0904008084H",
      "learningAchievement" : {
        "additionalNote" : [ "DISTRIBUTION MANAGEMENT" ],
        "description" : "MARKETING AND SALES",
        "id" : "https://leaston.bcdiploma.com/law-economics-management#LearningAchievment",
        "title" : "MASTERS LAW, ECONOMICS AND MANAGEMENT"
      },
      "learningSpecification" : {
        "ectsCreditPoints" : 120,
        "eqfLevel" : 7,
        "id" : "https://leaston.bcdiploma.com/law-economics-management#LearningSpecification",
        "iscedfCode" : [ "7" ],
        "nqfLevel" : [ "7" ]
      }
    },
    "credentialStatus" : {
      "id" : "https://essif.europa.eu/status/education#higherEducation#392ac7f6-399a-437b-a268-4691ead8f176",
      "type" : "CredentialStatusList2020"
    },
    "evidence" : {
      "documentPresence" : [ "Physical" ],
      "evidenceDocument" : [ "Passport" ],
      "id" : "https://essif.europa.eu/tsr-va/evidence/f2aeec97-fc0d-42bf-8ca7-0548192d5678",
      "subjectPresence" : "Physical",
      "type" : [ "DocumentVerification" ],
      "verifier" : "did:ebsi:2962fb784df61baa267c8132497539f8c674b37c1244a7a"
    }
  } ],
  "proof" : {
    "type" : "JsonWebSignature2020",
    "creator" : "did:key:z6MknMKYbJBNnBrintSsZGXoFmWRmQ7c54naXLGQYM9Ngt9m",
    "created" : "2024-09-12T09:39:39Z",
    "domain" : "https://api-pilot.ebsi.eu",
    "nonce" : "d04442d3-661f-411e-a80f-42f19f594c9d",
    "proofPurpose" : "authentication",
    "verificationMethod" : "did:key:z6MknMKYbJBNnBrintSsZGXoFmWRmQ7c54naXLGQYM9Ngt9m#z6MknMKYbJBNnBrintSsZGXoFmWRmQ7c54naXLGQYM9Ngt9m",
    "jws" : "eyJiNjQiOmZhbHNlLCJjcml0IjpbImI2NCJdLCJhbGciOiJFZERTQSJ9..vq5aOBaYGhobMT1jK-gTA0u5uqpQdZztEg7masAk0LKheGqdmNc-YIqM_rcUTFfw1xXAZNXE_LrHURxiBRbgBg"
  }
}
Generated: did:key:z6MkvxtQztZJf6GMJ4mNUx5YN3B1MNwn1VHjP4h3fTwsZz6x
{
  "type" : [ "VerifiablePresentation" ],
  "@context" : [ "https://www.w3.org/2018/credentials/v1", "https://w3id.org/security/suites/jws-2020/v1" ],
  "id" : "urn:uuid:32eccab4-5843-4b2e-8b95-efa0d23f2951",
  "holder" : "did:key:z6MkvxtQztZJf6GMJ4mNUx5YN3B1MNwn1VHjP4h3fTwsZz6x",
  "verifiableCredential" : [ {
    "type" : [ "VerifiableCredential", "VerifiableAttestation", "VerifiableDiploma" ],
    "@context" : [ "https://www.w3.org/2018/credentials/v1", "https://w3id.org/security/suites/jws-2020/v1" ],
    "id" : "urn:uuid:678ddd15-7790-493b-84a9-46a6db7059f2",
    "issuer" : "did:key:z6MkvxtQztZJf6GMJ4mNUx5YN3B1MNwn1VHjP4h3fTwsZz6x",
    "issuanceDate" : "2024-09-12T09:39:39Z",
    "issued" : "2024-09-12T09:39:39Z",
    "validFrom" : "2024-09-12T09:39:39Z",
    "expirationDate" : "2022-08-31T00:00:00Z",
    "proof" : {
      "type" : "JsonWebSignature2020",
      "creator" : "did:key:z6MkvxtQztZJf6GMJ4mNUx5YN3B1MNwn1VHjP4h3fTwsZz6x",
      "created" : "2024-09-12T09:39:39Z",
      "proofPurpose" : "assertionMethod",
      "verificationMethod" : "did:key:z6MkvxtQztZJf6GMJ4mNUx5YN3B1MNwn1VHjP4h3fTwsZz6x#z6MkvxtQztZJf6GMJ4mNUx5YN3B1MNwn1VHjP4h3fTwsZz6x",
      "jws" : "eyJiNjQiOmZhbHNlLCJjcml0IjpbImI2NCJdLCJhbGciOiJFZERTQSJ9..s19NY9mnWCnyB_84Am0YmZfR7N_TK5U__prrD15PQFL1-z0CY6u72xfA9wQI-v2hl4X77MO-QZlafS7wiJKwDg"
    },
    "credentialSchema" : {
      "id" : "https://raw.githubusercontent.com/walt-id/waltid-ssikit-vclib/master/src/test/resources/schemas/VerifiableDiploma.json",
      "type" : "JsonSchemaValidator2018"
    },
    "credentialSubject" : {
      "id" : "did:key:z6MkvxtQztZJf6GMJ4mNUx5YN3B1MNwn1VHjP4h3fTwsZz6x",
      "awardingOpportunity" : {
        "awardingBody" : {
          "eidasLegalIdentifier" : "Unknown",
          "homepage" : "https://leaston.bcdiploma.com/",
          "id" : "did:ebsi:2A9BZ9SUe6BatacSpvs1V5CdjHvLpQ7bEsi2Jb6LdHKnQxaN",
          "preferredName" : "Leaston University",
          "registration" : "0597065J"
        },
        "endedAtTime" : "2020-06-26T00:00:00Z",
        "id" : "https://leaston.bcdiploma.com/law-economics-management#AwardingOpportunity",
        "identifier" : "https://certificate-demo.bcdiploma.com/check/87ED2F2270E6C41456E94B86B9D9115B4E35BCCAD200A49B846592C14F79C86BV1Fnbllta0NZTnJkR3lDWlRmTDlSRUJEVFZISmNmYzJhUU5sZUJ5Z2FJSHpWbmZZ",
        "location" : "FRANCE",
        "startedAtTime" : "2019-09-02T00:00:00Z"
      },
      "dateOfBirth" : "1993-04-08",
      "familyName" : "DOE",
      "givenNames" : "Jane",
      "gradingScheme" : {
        "id" : "https://leaston.bcdiploma.com/law-economics-management#GradingScheme",
        "title" : "Lower Second-Class Honours"
      },
      "identifier" : "0904008084H",
      "learningAchievement" : {
        "additionalNote" : [ "DISTRIBUTION MANAGEMENT" ],
        "description" : "MARKETING AND SALES",
        "id" : "https://leaston.bcdiploma.com/law-economics-management#LearningAchievment",
        "title" : "MASTERS LAW, ECONOMICS AND MANAGEMENT"
      },
      "learningSpecification" : {
        "ectsCreditPoints" : 120,
        "eqfLevel" : 7,
        "id" : "https://leaston.bcdiploma.com/law-economics-management#LearningSpecification",
        "iscedfCode" : [ "7" ],
        "nqfLevel" : [ "7" ]
      }
    },
    "credentialStatus" : {
      "id" : "https://essif.europa.eu/status/education#higherEducation#392ac7f6-399a-437b-a268-4691ead8f176",
      "type" : "CredentialStatusList2020"
    },
    "evidence" : {
      "documentPresence" : [ "Physical" ],
      "evidenceDocument" : [ "Passport" ],
      "id" : "https://essif.europa.eu/tsr-va/evidence/f2aeec97-fc0d-42bf-8ca7-0548192d5678",
      "subjectPresence" : "Physical",
      "type" : [ "DocumentVerification" ],
      "verifier" : "did:ebsi:2962fb784df61baa267c8132497539f8c674b37c1244a7a"
    }
  } ],
  "proof" : {
    "type" : "JsonWebSignature2020",
    "creator" : "did:key:z6MkvxtQztZJf6GMJ4mNUx5YN3B1MNwn1VHjP4h3fTwsZz6x",
    "created" : "2024-09-12T09:39:39Z",
    "domain" : "https://api-pilot.ebsi.eu",
    "nonce" : "d04442d3-661f-411e-a80f-42f19f594c9d",
    "proofPurpose" : "authentication",
    "verificationMethod" : "did:key:z6MkvxtQztZJf6GMJ4mNUx5YN3B1MNwn1VHjP4h3fTwsZz6x#z6MkvxtQztZJf6GMJ4mNUx5YN3B1MNwn1VHjP4h3fTwsZz6x",
    "jws" : "eyJiNjQiOmZhbHNlLCJjcml0IjpbImI2NCJdLCJhbGciOiJFZERTQSJ9..lsEgzTZrVGTduZqP5lLDaUu90wiGyfHZPOklCr43GFtMGT0Q-Ge5PeVtCO3X6a5Jl1ggIAFAJdOub4Fdmx9NBg"
  }
}
Generated: did:key:z6MkuaqzuiF4CAJPksAyktj1kC6ebEYHXZzYsA8UdB7C3T7e
{
  "type" : [ "VerifiablePresentation" ],
  "@context" : [ "https://www.w3.org/2018/credentials/v1", "https://w3id.org/security/suites/jws-2020/v1" ],
  "id" : "urn:uuid:76c50cf9-7346-4d64-b06d-3b9c76608ec4",
  "holder" : "did:key:z6MkuaqzuiF4CAJPksAyktj1kC6ebEYHXZzYsA8UdB7C3T7e",
  "verifiableCredential" : [ {
    "type" : [ "VerifiableCredential", "VerifiableAttestation", "VerifiableDiploma" ],
    "@context" : [ "https://www.w3.org/2018/credentials/v1", "https://w3id.org/security/suites/jws-2020/v1" ],
    "id" : "urn:uuid:1cfa2689-12c8-4922-ad18-87204c8783fc",
    "issuer" : "did:key:z6MkuaqzuiF4CAJPksAyktj1kC6ebEYHXZzYsA8UdB7C3T7e",
    "issuanceDate" : "2024-09-12T09:39:40Z",
    "issued" : "2024-09-12T09:39:40Z",
    "validFrom" : "2024-09-12T09:39:40Z",
    "expirationDate" : "2022-08-31T00:00:00Z",
    "proof" : {
      "type" : "JsonWebSignature2020",
      "creator" : "did:key:z6MkuaqzuiF4CAJPksAyktj1kC6ebEYHXZzYsA8UdB7C3T7e",
      "created" : "2024-09-12T09:39:40Z",
      "proofPurpose" : "assertionMethod",
      "verificationMethod" : "did:key:z6MkuaqzuiF4CAJPksAyktj1kC6ebEYHXZzYsA8UdB7C3T7e#z6MkuaqzuiF4CAJPksAyktj1kC6ebEYHXZzYsA8UdB7C3T7e",
      "jws" : "eyJiNjQiOmZhbHNlLCJjcml0IjpbImI2NCJdLCJhbGciOiJFZERTQSJ9..wm8NEeBOz-5Ooxa8HpRXdJ3TYH2HQgQPfbm8R6i0sdZEJh7Ik_vmHgWQQTKwrWFX16NBzhBOg6V_85zQymR9DA"
    },
    "credentialSchema" : {
      "id" : "https://raw.githubusercontent.com/walt-id/waltid-ssikit-vclib/master/src/test/resources/schemas/VerifiableDiploma.json",
      "type" : "JsonSchemaValidator2018"
    },
    "credentialSubject" : {
      "id" : "did:key:z6MkuaqzuiF4CAJPksAyktj1kC6ebEYHXZzYsA8UdB7C3T7e",
      "awardingOpportunity" : {
        "awardingBody" : {
          "eidasLegalIdentifier" : "Unknown",
          "homepage" : "https://leaston.bcdiploma.com/",
          "id" : "did:ebsi:2A9BZ9SUe6BatacSpvs1V5CdjHvLpQ7bEsi2Jb6LdHKnQxaN",
          "preferredName" : "Leaston University",
          "registration" : "0597065J"
        },
        "endedAtTime" : "2020-06-26T00:00:00Z",
        "id" : "https://leaston.bcdiploma.com/law-economics-management#AwardingOpportunity",
        "identifier" : "https://certificate-demo.bcdiploma.com/check/87ED2F2270E6C41456E94B86B9D9115B4E35BCCAD200A49B846592C14F79C86BV1Fnbllta0NZTnJkR3lDWlRmTDlSRUJEVFZISmNmYzJhUU5sZUJ5Z2FJSHpWbmZZ",
        "location" : "FRANCE",
        "startedAtTime" : "2019-09-02T00:00:00Z"
      },
      "dateOfBirth" : "1993-04-08",
      "familyName" : "DOE",
      "givenNames" : "Jane",
      "gradingScheme" : {
        "id" : "https://leaston.bcdiploma.com/law-economics-management#GradingScheme",
        "title" : "Lower Second-Class Honours"
      },
      "identifier" : "0904008084H",
      "learningAchievement" : {
        "additionalNote" : [ "DISTRIBUTION MANAGEMENT" ],
        "description" : "MARKETING AND SALES",
        "id" : "https://leaston.bcdiploma.com/law-economics-management#LearningAchievment",
        "title" : "MASTERS LAW, ECONOMICS AND MANAGEMENT"
      },
      "learningSpecification" : {
        "ectsCreditPoints" : 120,
        "eqfLevel" : 7,
        "id" : "https://leaston.bcdiploma.com/law-economics-management#LearningSpecification",
        "iscedfCode" : [ "7" ],
        "nqfLevel" : [ "7" ]
      }
    },
    "credentialStatus" : {
      "id" : "https://essif.europa.eu/status/education#higherEducation#392ac7f6-399a-437b-a268-4691ead8f176",
      "type" : "CredentialStatusList2020"
    },
    "evidence" : {
      "documentPresence" : [ "Physical" ],
      "evidenceDocument" : [ "Passport" ],
      "id" : "https://essif.europa.eu/tsr-va/evidence/f2aeec97-fc0d-42bf-8ca7-0548192d5678",
      "subjectPresence" : "Physical",
      "type" : [ "DocumentVerification" ],
      "verifier" : "did:ebsi:2962fb784df61baa267c8132497539f8c674b37c1244a7a"
    }
  } ],
  "proof" : {
    "type" : "JsonWebSignature2020",
    "creator" : "did:key:z6MkuaqzuiF4CAJPksAyktj1kC6ebEYHXZzYsA8UdB7C3T7e",
    "created" : "2024-09-12T09:39:40Z",
    "domain" : "https://api-pilot.ebsi.eu",
    "nonce" : "d04442d3-661f-411e-a80f-42f19f594c9d",
    "proofPurpose" : "authentication",
    "verificationMethod" : "did:key:z6MkuaqzuiF4CAJPksAyktj1kC6ebEYHXZzYsA8UdB7C3T7e#z6MkuaqzuiF4CAJPksAyktj1kC6ebEYHXZzYsA8UdB7C3T7e",
    "jws" : "eyJiNjQiOmZhbHNlLCJjcml0IjpbImI2NCJdLCJhbGciOiJFZERTQSJ9..mSyhQYw9uiC8xT1tL__cqmvqgTv8zRBs2WcZ9G8kkCldyxBPY9ui8Lzu2bmLXVSgMH_BRPiWdANUYEs1_W-RBg"
  }
}
Generated: did:key:z6MkrJhdxvizf8ntHavaaAsPrubRvgquczT6UsGJAF7hrZnT
{
  "type" : [ "VerifiablePresentation" ],
  "@context" : [ "https://www.w3.org/2018/credentials/v1", "https://w3id.org/security/suites/jws-2020/v1" ],
  "id" : "urn:uuid:4b46d998-4875-4bac-ab96-3082ee58c1ec",
  "holder" : "did:key:z6MkrJhdxvizf8ntHavaaAsPrubRvgquczT6UsGJAF7hrZnT",
  "verifiableCredential" : [ {
    "type" : [ "VerifiableCredential", "VerifiableAttestation", "VerifiableDiploma" ],
    "@context" : [ "https://www.w3.org/2018/credentials/v1", "https://w3id.org/security/suites/jws-2020/v1" ],
    "id" : "urn:uuid:13a99a38-1455-45f3-b545-57425a335867",
    "issuer" : "did:key:z6MkrJhdxvizf8ntHavaaAsPrubRvgquczT6UsGJAF7hrZnT",
    "issuanceDate" : "2024-09-12T09:39:41Z",
    "issued" : "2024-09-12T09:39:41Z",
    "validFrom" : "2024-09-12T09:39:41Z",
    "expirationDate" : "2022-08-31T00:00:00Z",
    "proof" : {
      "type" : "JsonWebSignature2020",
      "creator" : "did:key:z6MkrJhdxvizf8ntHavaaAsPrubRvgquczT6UsGJAF7hrZnT",
      "created" : "2024-09-12T09:39:41Z",
      "proofPurpose" : "assertionMethod",
      "verificationMethod" : "did:key:z6MkrJhdxvizf8ntHavaaAsPrubRvgquczT6UsGJAF7hrZnT#z6MkrJhdxvizf8ntHavaaAsPrubRvgquczT6UsGJAF7hrZnT",
      "jws" : "eyJiNjQiOmZhbHNlLCJjcml0IjpbImI2NCJdLCJhbGciOiJFZERTQSJ9..6tvNfnyWjoq_1tcxS8JjjuG9JB4vmk4P7i0LWileB9mYB0zSroE3_HHjy4tANCAbqQwCKzRxBdsdCdcpFkkUCw"
    },
    "credentialSchema" : {
      "id" : "https://raw.githubusercontent.com/walt-id/waltid-ssikit-vclib/master/src/test/resources/schemas/VerifiableDiploma.json",
      "type" : "JsonSchemaValidator2018"
    },
    "credentialSubject" : {
      "id" : "did:key:z6MkrJhdxvizf8ntHavaaAsPrubRvgquczT6UsGJAF7hrZnT",
      "awardingOpportunity" : {
        "awardingBody" : {
          "eidasLegalIdentifier" : "Unknown",
          "homepage" : "https://leaston.bcdiploma.com/",
          "id" : "did:ebsi:2A9BZ9SUe6BatacSpvs1V5CdjHvLpQ7bEsi2Jb6LdHKnQxaN",
          "preferredName" : "Leaston University",
          "registration" : "0597065J"
        },
        "endedAtTime" : "2020-06-26T00:00:00Z",
        "id" : "https://leaston.bcdiploma.com/law-economics-management#AwardingOpportunity",
        "identifier" : "https://certificate-demo.bcdiploma.com/check/87ED2F2270E6C41456E94B86B9D9115B4E35BCCAD200A49B846592C14F79C86BV1Fnbllta0NZTnJkR3lDWlRmTDlSRUJEVFZISmNmYzJhUU5sZUJ5Z2FJSHpWbmZZ",
        "location" : "FRANCE",
        "startedAtTime" : "2019-09-02T00:00:00Z"
      },
      "dateOfBirth" : "1993-04-08",
      "familyName" : "DOE",
      "givenNames" : "Jane",
      "gradingScheme" : {
        "id" : "https://leaston.bcdiploma.com/law-economics-management#GradingScheme",
        "title" : "Lower Second-Class Honours"
      },
      "identifier" : "0904008084H",
      "learningAchievement" : {
        "additionalNote" : [ "DISTRIBUTION MANAGEMENT" ],
        "description" : "MARKETING AND SALES",
        "id" : "https://leaston.bcdiploma.com/law-economics-management#LearningAchievment",
        "title" : "MASTERS LAW, ECONOMICS AND MANAGEMENT"
      },
      "learningSpecification" : {
        "ectsCreditPoints" : 120,
        "eqfLevel" : 7,
        "id" : "https://leaston.bcdiploma.com/law-economics-management#LearningSpecification",
        "iscedfCode" : [ "7" ],
        "nqfLevel" : [ "7" ]
      }
    },
    "credentialStatus" : {
      "id" : "https://essif.europa.eu/status/education#higherEducation#392ac7f6-399a-437b-a268-4691ead8f176",
      "type" : "CredentialStatusList2020"
    },
    "evidence" : {
      "documentPresence" : [ "Physical" ],
      "evidenceDocument" : [ "Passport" ],
      "id" : "https://essif.europa.eu/tsr-va/evidence/f2aeec97-fc0d-42bf-8ca7-0548192d5678",
      "subjectPresence" : "Physical",
      "type" : [ "DocumentVerification" ],
      "verifier" : "did:ebsi:2962fb784df61baa267c8132497539f8c674b37c1244a7a"
    }
  } ],
  "proof" : {
    "type" : "JsonWebSignature2020",
    "creator" : "did:key:z6MkrJhdxvizf8ntHavaaAsPrubRvgquczT6UsGJAF7hrZnT",
    "created" : "2024-09-12T09:39:41Z",
    "domain" : "https://api-pilot.ebsi.eu",
    "nonce" : "d04442d3-661f-411e-a80f-42f19f594c9d",
    "proofPurpose" : "authentication",
    "verificationMethod" : "did:key:z6MkrJhdxvizf8ntHavaaAsPrubRvgquczT6UsGJAF7hrZnT#z6MkrJhdxvizf8ntHavaaAsPrubRvgquczT6UsGJAF7hrZnT",
    "jws" : "eyJiNjQiOmZhbHNlLCJjcml0IjpbImI2NCJdLCJhbGciOiJFZERTQSJ9..ZThqe7H1qcTX_IQn0VyBBbvw_jXeQX8chIBWF0oCIc6GQNfyQ4vCIONjoTq7qWRi5NgwUYmUbBfi7cEolJZ6CA"
  }
}
]]></system-out>
  <system-err><![CDATA[463 [pool-1-thread-1 @coroutine#68] DEBUG id.walt.services.WaltIdServices - Creating dir-structure at: data
808 [pool-1-thread-1 @coroutine#68] DEBUG id.walt.services.keystore.HKVKeyStoreService - Storing key "dab44cb6a12c4b72b8bc9f0a262544b0".
811 [pool-1-thread-1 @coroutine#68] DEBUG id.walt.services.keystore.HKVKeyStoreService - Loading key "dab44cb6a12c4b72b8bc9f0a262544b0".
824 [pool-1-thread-1 @coroutine#68] DEBUG id.walt.model.DidUrl - Trying to create DidUrl from URL: "did:key:z6MkfiCKxRDjsvXBPcf6ijutD34FZmRZueTVxdaEGSp3rvqu"...
865 [pool-1-thread-1 @coroutine#68] DEBUG id.walt.services.keystore.HKVKeyStoreService - Loading key "dab44cb6a12c4b72b8bc9f0a262544b0".
866 [pool-1-thread-1 @coroutine#68] DEBUG id.walt.services.did.DidService - A key with the id "dab44cb6a12c4b72b8bc9f0a262544b0" exists.
866 [pool-1-thread-1 @coroutine#68] DEBUG id.walt.model.DidUrl - Trying to create DidUrl from URL: "did:key:z6MkfiCKxRDjsvXBPcf6ijutD34FZmRZueTVxdaEGSp3rvqu"...
870 [pool-1-thread-1 @coroutine#68] DEBUG id.walt.model.DidUrl - Trying to create DidUrl from URL: "did:key:z6MkfiCKxRDjsvXBPcf6ijutD34FZmRZueTVxdaEGSp3rvqu"...
930 [pool-1-thread-1 @coroutine#68] DEBUG id.walt.model.DidUrl - Trying to create DidUrl from URL: "did:key:z6MkfiCKxRDjsvXBPcf6ijutD34FZmRZueTVxdaEGSp3rvqu"...
959 [pool-1-thread-1 @coroutine#68] DEBUG id.walt.model.DidUrl - Trying to create DidUrl from URL: "did:key:z6MkfiCKxRDjsvXBPcf6ijutD34FZmRZueTVxdaEGSp3rvqu"...
960 [pool-1-thread-1 @coroutine#68] DEBUG id.walt.model.DidUrl - Trying to create DidUrl from URL: "did:key:z6MkfiCKxRDjsvXBPcf6ijutD34FZmRZueTVxdaEGSp3rvqu"...
961 [pool-1-thread-1 @coroutine#68] DEBUG id.walt.signatory.WaltIdSignatory - Signing credential with proof using LD_PROOF...
961 [pool-1-thread-1 @coroutine#68] DEBUG id.walt.signatory.WaltIdSignatory - Signing credential with proof using LD_PROOF, credential is: {"type":["VerifiableCredential","VerifiableAttestation","VerifiableDiploma"],"@context":["https://www.w3.org/2018/credentials/v1"],"id":"urn:uuid:7f747535-5eb1-410b-9fab-6f325bb13251","issuer":"did:key:z6MkfiCKxRDjsvXBPcf6ijutD34FZmRZueTVxdaEGSp3rvqu","issuanceDate":"2024-09-12T09:39:36Z","issued":"2024-09-12T09:39:36Z","validFrom":"2024-09-12T09:39:36Z","expirationDate":"2022-08-31T00:00:00Z","credentialSchema":{"id":"https://raw.githubusercontent.com/walt-id/waltid-ssikit-vclib/master/src/test/resources/schemas/VerifiableDiploma.json","type":"JsonSchemaValidator2018"},"credentialSubject":{"id":"did:key:z6MkfiCKxRDjsvXBPcf6ijutD34FZmRZueTVxdaEGSp3rvqu","awardingOpportunity":{"awardingBody":{"eidasLegalIdentifier":"Unknown","homepage":"https://leaston.bcdiploma.com/","id":"did:ebsi:2A9BZ9SUe6BatacSpvs1V5CdjHvLpQ7bEsi2Jb6LdHKnQxaN","preferredName":"Leaston University","registration":"0597065J"},"endedAtTime":"2020-06-26T00:00:00Z","id":"https://leaston.bcdiploma.com/law-economics-management#AwardingOpportunity","identifier":"https://certificate-demo.bcdiploma.com/check/87ED2F2270E6C41456E94B86B9D9115B4E35BCCAD200A49B846592C14F79C86BV1Fnbllta0NZTnJkR3lDWlRmTDlSRUJEVFZISmNmYzJhUU5sZUJ5Z2FJSHpWbmZZ","location":"FRANCE","startedAtTime":"2019-09-02T00:00:00Z"},"dateOfBirth":"1993-04-08","familyName":"DOE","givenNames":"Jane","gradingScheme":{"id":"https://leaston.bcdiploma.com/law-economics-management#GradingScheme","title":"Lower Second-Class Honours"},"identifier":"0904008084H","learningAchievement":{"additionalNote":["DISTRIBUTION MANAGEMENT"],"description":"MARKETING AND SALES","id":"https://leaston.bcdiploma.com/law-economics-management#LearningAchievment","title":"MASTERS LAW, ECONOMICS AND MANAGEMENT"},"learningSpecification":{"ectsCreditPoints":120,"eqfLevel":7,"id":"https://leaston.bcdiploma.com/law-economics-management#LearningSpecification","iscedfCode":["7"],"nqfLevel":["7"]}},"credentialStatus":{"id":"https://essif.europa.eu/status/education#higherEducation#392ac7f6-399a-437b-a268-4691ead8f176","type":"CredentialStatusList2020"},"evidence":{"documentPresence":["Physical"],"evidenceDocument":["Passport"],"id":"https://essif.europa.eu/tsr-va/evidence/f2aeec97-fc0d-42bf-8ca7-0548192d5678","subjectPresence":"Physical","type":["DocumentVerification"],"verifier":"did:ebsi:2962fb784df61baa267c8132497539f8c674b37c1244a7a"}}
962 [pool-1-thread-1 @coroutine#68] DEBUG id.walt.services.vc.WaltIdJsonLdCredentialService - Signing jsonLd object with: issuerDid (did:key:z6MkfiCKxRDjsvXBPcf6ijutD34FZmRZueTVxdaEGSp3rvqu), domain (null), nonce (null
996 [pool-1-thread-1 @coroutine#68] DEBUG id.walt.services.keystore.HKVKeyStoreService - Loading key "did:key:z6MkfiCKxRDjsvXBPcf6ijutD34FZmRZueTVxdaEGSp3rvqu#z6MkfiCKxRDjsvXBPcf6ijutD34FZmRZueTVxdaEGSp3rvqu".
1005 [pool-1-thread-1 @coroutine#68] DEBUG id.walt.services.vc.WaltIdJsonLdCredentialService - Signing: {"type":["VerifiableCredential","VerifiableAttestation","VerifiableDiploma"],"@context":["https://www.w3.org/2018/credentials/v1"],"id":"urn:uuid:7f747535-5eb1-410b-9fab-6f325bb13251","issuer":"did:key:z6MkfiCKxRDjsvXBPcf6ijutD34FZmRZueTVxdaEGSp3rvqu","issuanceDate":"2024-09-12T09:39:36Z","issued":"2024-09-12T09:39:36Z","validFrom":"2024-09-12T09:39:36Z","expirationDate":"2022-08-31T00:00:00Z","credentialSchema":{"id":"https://raw.githubusercontent.com/walt-id/waltid-ssikit-vclib/master/src/test/resources/schemas/VerifiableDiploma.json","type":"JsonSchemaValidator2018"},"credentialSubject":{"id":"did:key:z6MkfiCKxRDjsvXBPcf6ijutD34FZmRZueTVxdaEGSp3rvqu","awardingOpportunity":{"awardingBody":{"eidasLegalIdentifier":"Unknown","homepage":"https://leaston.bcdiploma.com/","id":"did:ebsi:2A9BZ9SUe6BatacSpvs1V5CdjHvLpQ7bEsi2Jb6LdHKnQxaN","preferredName":"Leaston University","registration":"0597065J"},"endedAtTime":"2020-06-26T00:00:00Z","id":"https://leaston.bcdiploma.com/law-economics-management#AwardingOpportunity","identifier":"https://certificate-demo.bcdiploma.com/check/87ED2F2270E6C41456E94B86B9D9115B4E35BCCAD200A49B846592C14F79C86BV1Fnbllta0NZTnJkR3lDWlRmTDlSRUJEVFZISmNmYzJhUU5sZUJ5Z2FJSHpWbmZZ","location":"FRANCE","startedAtTime":"2019-09-02T00:00:00Z"},"dateOfBirth":"1993-04-08","familyName":"DOE","givenNames":"Jane","gradingScheme":{"id":"https://leaston.bcdiploma.com/law-economics-management#GradingScheme","title":"Lower Second-Class Honours"},"identifier":"0904008084H","learningAchievement":{"additionalNote":["DISTRIBUTION MANAGEMENT"],"description":"MARKETING AND SALES","id":"https://leaston.bcdiploma.com/law-economics-management#LearningAchievment","title":"MASTERS LAW, ECONOMICS AND MANAGEMENT"},"learningSpecification":{"ectsCreditPoints":120,"eqfLevel":7,"id":"https://leaston.bcdiploma.com/law-economics-management#LearningSpecification","iscedfCode":["7"],"nqfLevel":["7"]}},"credentialStatus":{"id":"https://essif.europa.eu/status/education#higherEducation#392ac7f6-399a-437b-a268-4691ead8f176","type":"CredentialStatusList2020"},"evidence":{"documentPresence":["Physical"],"evidenceDocument":["Passport"],"id":"https://essif.europa.eu/tsr-va/evidence/f2aeec97-fc0d-42bf-8ca7-0548192d5678","subjectPresence":"Physical","type":["DocumentVerification"],"verifier":"did:ebsi:2962fb784df61baa267c8132497539f8c674b37c1244a7a"}}
Sep 12, 2024 11:39:36 AM com.apicatalog.jsonld.deseralization.JsonLdToRdf build
WARNING: Non well-formed subject [https://essif.europa.eu/status/education#higherEducation#392ac7f6-399a-437b-a268-4691ead8f176] has been skipped.
1095 [pool-1-thread-1 @coroutine#68] DEBUG id.walt.services.keystore.HKVKeyStoreService - Loading key "dab44cb6a12c4b72b8bc9f0a262544b0".
1111 [pool-1-thread-1 @coroutine#68] DEBUG id.walt.services.keystore.HKVKeyStoreService - Loading key "dab44cb6a12c4b72b8bc9f0a262544b0".
1112 [pool-1-thread-1 @coroutine#68] DEBUG id.walt.services.keystore.HKVKeyStoreService - Loading key "dab44cb6a12c4b72b8bc9f0a262544b0".
1116 [pool-1-thread-1 @coroutine#68] DEBUG id.walt.signatory.WaltIdSignatory - Signed VC is: {
  "type" : [ "VerifiableCredential", "VerifiableAttestation", "VerifiableDiploma" ],
  "@context" : [ "https://www.w3.org/2018/credentials/v1", "https://w3id.org/security/suites/jws-2020/v1" ],
  "id" : "urn:uuid:7f747535-5eb1-410b-9fab-6f325bb13251",
  "issuer" : "did:key:z6MkfiCKxRDjsvXBPcf6ijutD34FZmRZueTVxdaEGSp3rvqu",
  "issuanceDate" : "2024-09-12T09:39:36Z",
  "issued" : "2024-09-12T09:39:36Z",
  "validFrom" : "2024-09-12T09:39:36Z",
  "expirationDate" : "2022-08-31T00:00:00Z",
  "credentialSchema" : {
    "id" : "https://raw.githubusercontent.com/walt-id/waltid-ssikit-vclib/master/src/test/resources/schemas/VerifiableDiploma.json",
    "type" : "JsonSchemaValidator2018"
  },
  "credentialSubject" : {
    "id" : "did:key:z6MkfiCKxRDjsvXBPcf6ijutD34FZmRZueTVxdaEGSp3rvqu",
    "awardingOpportunity" : {
      "awardingBody" : {
        "eidasLegalIdentifier" : "Unknown",
        "homepage" : "https://leaston.bcdiploma.com/",
        "id" : "did:ebsi:2A9BZ9SUe6BatacSpvs1V5CdjHvLpQ7bEsi2Jb6LdHKnQxaN",
        "preferredName" : "Leaston University",
        "registration" : "0597065J"
      },
      "endedAtTime" : "2020-06-26T00:00:00Z",
      "id" : "https://leaston.bcdiploma.com/law-economics-management#AwardingOpportunity",
      "identifier" : "https://certificate-demo.bcdiploma.com/check/87ED2F2270E6C41456E94B86B9D9115B4E35BCCAD200A49B846592C14F79C86BV1Fnbllta0NZTnJkR3lDWlRmTDlSRUJEVFZISmNmYzJhUU5sZUJ5Z2FJSHpWbmZZ",
      "location" : "FRANCE",
      "startedAtTime" : "2019-09-02T00:00:00Z"
    },
    "dateOfBirth" : "1993-04-08",
    "familyName" : "DOE",
    "givenNames" : "Jane",
    "gradingScheme" : {
      "id" : "https://leaston.bcdiploma.com/law-economics-management#GradingScheme",
      "title" : "Lower Second-Class Honours"
    },
    "identifier" : "0904008084H",
    "learningAchievement" : {
      "additionalNote" : [ "DISTRIBUTION MANAGEMENT" ],
      "description" : "MARKETING AND SALES",
      "id" : "https://leaston.bcdiploma.com/law-economics-management#LearningAchievment",
      "title" : "MASTERS LAW, ECONOMICS AND MANAGEMENT"
    },
    "learningSpecification" : {
      "ectsCreditPoints" : 120,
      "eqfLevel" : 7,
      "id" : "https://leaston.bcdiploma.com/law-economics-management#LearningSpecification",
      "iscedfCode" : [ "7" ],
      "nqfLevel" : [ "7" ]
    }
  },
  "credentialStatus" : {
    "id" : "https://essif.europa.eu/status/education#higherEducation#392ac7f6-399a-437b-a268-4691ead8f176",
    "type" : "CredentialStatusList2020"
  },
  "evidence" : {
    "documentPresence" : [ "Physical" ],
    "evidenceDocument" : [ "Passport" ],
    "id" : "https://essif.europa.eu/tsr-va/evidence/f2aeec97-fc0d-42bf-8ca7-0548192d5678",
    "subjectPresence" : "Physical",
    "type" : [ "DocumentVerification" ],
    "verifier" : "did:ebsi:2962fb784df61baa267c8132497539f8c674b37c1244a7a"
  },
  "proof" : {
    "type" : "JsonWebSignature2020",
    "creator" : "did:key:z6MkfiCKxRDjsvXBPcf6ijutD34FZmRZueTVxdaEGSp3rvqu",
    "created" : "2024-09-12T09:39:36Z",
    "proofPurpose" : "assertionMethod",
    "verificationMethod" : "did:key:z6MkfiCKxRDjsvXBPcf6ijutD34FZmRZueTVxdaEGSp3rvqu#z6MkfiCKxRDjsvXBPcf6ijutD34FZmRZueTVxdaEGSp3rvqu",
    "jws" : "eyJiNjQiOmZhbHNlLCJjcml0IjpbImI2NCJdLCJhbGciOiJFZERTQSJ9..QTF8m2xdkIp9VUf9zVvgUCgqA8qS_Km2cUrGpZ706xsfaRSnJudVUS02Ng1JgMR2xRuXdTRbTp6O2vOR0kRyDg"
  }
}
1120 [pool-1-thread-1 @coroutine#68] DEBUG id.walt.services.vc.WaltIdJsonLdCredentialService - Creating a presentation for VCs:
[PresentableCredential(verifiableCredential={"type":["VerifiableCredential","VerifiableAttestation","VerifiableDiploma"],"@context":["https://www.w3.org/2018/credentials/v1","https://w3id.org/security/suites/jws-2020/v1"],"id":"urn:uuid:7f747535-5eb1-410b-9fab-6f325bb13251","issuer":"did:key:z6MkfiCKxRDjsvXBPcf6ijutD34FZmRZueTVxdaEGSp3rvqu","issuanceDate":"2024-09-12T09:39:36Z","issued":"2024-09-12T09:39:36Z","validFrom":"2024-09-12T09:39:36Z","expirationDate":"2022-08-31T00:00:00Z","proof":{"type":"JsonWebSignature2020","creator":"did:key:z6MkfiCKxRDjsvXBPcf6ijutD34FZmRZueTVxdaEGSp3rvqu","created":"2024-09-12T09:39:36Z","proofPurpose":"assertionMethod","verificationMethod":"did:key:z6MkfiCKxRDjsvXBPcf6ijutD34FZmRZueTVxdaEGSp3rvqu#z6MkfiCKxRDjsvXBPcf6ijutD34FZmRZueTVxdaEGSp3rvqu","jws":"eyJiNjQiOmZhbHNlLCJjcml0IjpbImI2NCJdLCJhbGciOiJFZERTQSJ9..QTF8m2xdkIp9VUf9zVvgUCgqA8qS_Km2cUrGpZ706xsfaRSnJudVUS02Ng1JgMR2xRuXdTRbTp6O2vOR0kRyDg"},"credentialSchema":{"id":"https://raw.githubusercontent.com/walt-id/waltid-ssikit-vclib/master/src/test/resources/schemas/VerifiableDiploma.json","type":"JsonSchemaValidator2018"},"credentialSubject":{"id":"did:key:z6MkfiCKxRDjsvXBPcf6ijutD34FZmRZueTVxdaEGSp3rvqu","awardingOpportunity":{"awardingBody":{"eidasLegalIdentifier":"Unknown","homepage":"https://leaston.bcdiploma.com/","id":"did:ebsi:2A9BZ9SUe6BatacSpvs1V5CdjHvLpQ7bEsi2Jb6LdHKnQxaN","preferredName":"Leaston University","registration":"0597065J"},"endedAtTime":"2020-06-26T00:00:00Z","id":"https://leaston.bcdiploma.com/law-economics-management#AwardingOpportunity","identifier":"https://certificate-demo.bcdiploma.com/check/87ED2F2270E6C41456E94B86B9D9115B4E35BCCAD200A49B846592C14F79C86BV1Fnbllta0NZTnJkR3lDWlRmTDlSRUJEVFZISmNmYzJhUU5sZUJ5Z2FJSHpWbmZZ","location":"FRANCE","startedAtTime":"2019-09-02T00:00:00Z"},"dateOfBirth":"1993-04-08","familyName":"DOE","givenNames":"Jane","gradingScheme":{"id":"https://leaston.bcdiploma.com/law-economics-management#GradingScheme","title":"Lower Second-Class Honours"},"identifier":"0904008084H","learningAchievement":{"additionalNote":["DISTRIBUTION MANAGEMENT"],"description":"MARKETING AND SALES","id":"https://leaston.bcdiploma.com/law-economics-management#LearningAchievment","title":"MASTERS LAW, ECONOMICS AND MANAGEMENT"},"learningSpecification":{"ectsCreditPoints":120,"eqfLevel":7,"id":"https://leaston.bcdiploma.com/law-economics-management#LearningSpecification","iscedfCode":["7"],"nqfLevel":["7"]}},"credentialStatus":{"id":"https://essif.europa.eu/status/education#higherEducation#392ac7f6-399a-437b-a268-4691ead8f176","type":"CredentialStatusList2020"},"evidence":{"documentPresence":["Physical"],"evidenceDocument":["Passport"],"id":"https://essif.europa.eu/tsr-va/evidence/f2aeec97-fc0d-42bf-8ca7-0548192d5678","subjectPresence":"Physical","type":["DocumentVerification"],"verifier":"did:ebsi:2962fb784df61baa267c8132497539f8c674b37c1244a7a"}}, selectiveDisclosure=null, discloseAll=false)]
1120 [pool-1-thread-1 @coroutine#68] DEBUG id.walt.model.DidUrl - Trying to create DidUrl from URL: "did:key:z6MkfiCKxRDjsvXBPcf6ijutD34FZmRZueTVxdaEGSp3rvqu"...
1121 [pool-1-thread-1 @coroutine#68] DEBUG id.walt.services.vc.WaltIdJsonLdCredentialService - Signing jsonLd object with: issuerDid (did:key:z6MkfiCKxRDjsvXBPcf6ijutD34FZmRZueTVxdaEGSp3rvqu), domain (https://api-pilot.ebsi.eu), nonce (d04442d3-661f-411e-a80f-42f19f594c9d
1122 [pool-1-thread-1 @coroutine#68] DEBUG id.walt.services.keystore.HKVKeyStoreService - Loading key "did:key:z6MkfiCKxRDjsvXBPcf6ijutD34FZmRZueTVxdaEGSp3rvqu#z6MkfiCKxRDjsvXBPcf6ijutD34FZmRZueTVxdaEGSp3rvqu".
1122 [pool-1-thread-1 @coroutine#68] DEBUG id.walt.services.vc.WaltIdJsonLdCredentialService - Signing: {"type":["VerifiablePresentation"],"@context":["https://www.w3.org/2018/credentials/v1"],"id":"urn:uuid:e37a7e72-bf34-4375-9946-ebb002b0a291","holder":"did:key:z6MkfiCKxRDjsvXBPcf6ijutD34FZmRZueTVxdaEGSp3rvqu","verifiableCredential":[{"type":["VerifiableCredential","VerifiableAttestation","VerifiableDiploma"],"@context":["https://www.w3.org/2018/credentials/v1","https://w3id.org/security/suites/jws-2020/v1"],"id":"urn:uuid:7f747535-5eb1-410b-9fab-6f325bb13251","issuer":"did:key:z6MkfiCKxRDjsvXBPcf6ijutD34FZmRZueTVxdaEGSp3rvqu","issuanceDate":"2024-09-12T09:39:36Z","issued":"2024-09-12T09:39:36Z","validFrom":"2024-09-12T09:39:36Z","expirationDate":"2022-08-31T00:00:00Z","proof":{"type":"JsonWebSignature2020","creator":"did:key:z6MkfiCKxRDjsvXBPcf6ijutD34FZmRZueTVxdaEGSp3rvqu","created":"2024-09-12T09:39:36Z","proofPurpose":"assertionMethod","verificationMethod":"did:key:z6MkfiCKxRDjsvXBPcf6ijutD34FZmRZueTVxdaEGSp3rvqu#z6MkfiCKxRDjsvXBPcf6ijutD34FZmRZueTVxdaEGSp3rvqu","jws":"eyJiNjQiOmZhbHNlLCJjcml0IjpbImI2NCJdLCJhbGciOiJFZERTQSJ9..QTF8m2xdkIp9VUf9zVvgUCgqA8qS_Km2cUrGpZ706xsfaRSnJudVUS02Ng1JgMR2xRuXdTRbTp6O2vOR0kRyDg"},"credentialSchema":{"id":"https://raw.githubusercontent.com/walt-id/waltid-ssikit-vclib/master/src/test/resources/schemas/VerifiableDiploma.json","type":"JsonSchemaValidator2018"},"credentialSubject":{"id":"did:key:z6MkfiCKxRDjsvXBPcf6ijutD34FZmRZueTVxdaEGSp3rvqu","awardingOpportunity":{"awardingBody":{"eidasLegalIdentifier":"Unknown","homepage":"https://leaston.bcdiploma.com/","id":"did:ebsi:2A9BZ9SUe6BatacSpvs1V5CdjHvLpQ7bEsi2Jb6LdHKnQxaN","preferredName":"Leaston University","registration":"0597065J"},"endedAtTime":"2020-06-26T00:00:00Z","id":"https://leaston.bcdiploma.com/law-economics-management#AwardingOpportunity","identifier":"https://certificate-demo.bcdiploma.com/check/87ED2F2270E6C41456E94B86B9D9115B4E35BCCAD200A49B846592C14F79C86BV1Fnbllta0NZTnJkR3lDWlRmTDlSRUJEVFZISmNmYzJhUU5sZUJ5Z2FJSHpWbmZZ","location":"FRANCE","startedAtTime":"2019-09-02T00:00:00Z"},"dateOfBirth":"1993-04-08","familyName":"DOE","givenNames":"Jane","gradingScheme":{"id":"https://leaston.bcdiploma.com/law-economics-management#GradingScheme","title":"Lower Second-Class Honours"},"identifier":"0904008084H","learningAchievement":{"additionalNote":["DISTRIBUTION MANAGEMENT"],"description":"MARKETING AND SALES","id":"https://leaston.bcdiploma.com/law-economics-management#LearningAchievment","title":"MASTERS LAW, ECONOMICS AND MANAGEMENT"},"learningSpecification":{"ectsCreditPoints":120,"eqfLevel":7,"id":"https://leaston.bcdiploma.com/law-economics-management#LearningSpecification","iscedfCode":["7"],"nqfLevel":["7"]}},"credentialStatus":{"id":"https://essif.europa.eu/status/education#higherEducation#392ac7f6-399a-437b-a268-4691ead8f176","type":"CredentialStatusList2020"},"evidence":{"documentPresence":["Physical"],"evidenceDocument":["Passport"],"id":"https://essif.europa.eu/tsr-va/evidence/f2aeec97-fc0d-42bf-8ca7-0548192d5678","subjectPresence":"Physical","type":["DocumentVerification"],"verifier":"did:ebsi:2962fb784df61baa267c8132497539f8c674b37c1244a7a"}}]}
Sep 12, 2024 11:39:36 AM com.apicatalog.jsonld.deseralization.JsonLdToRdf build
WARNING: Non well-formed subject [https://essif.europa.eu/status/education#higherEducation#392ac7f6-399a-437b-a268-4691ead8f176] has been skipped.
1133 [pool-1-thread-1 @coroutine#68] DEBUG id.walt.services.keystore.HKVKeyStoreService - Loading key "dab44cb6a12c4b72b8bc9f0a262544b0".
1133 [pool-1-thread-1 @coroutine#68] DEBUG id.walt.services.keystore.HKVKeyStoreService - Loading key "dab44cb6a12c4b72b8bc9f0a262544b0".
1133 [pool-1-thread-1 @coroutine#68] DEBUG id.walt.services.keystore.HKVKeyStoreService - Loading key "dab44cb6a12c4b72b8bc9f0a262544b0".
1135 [pool-1-thread-1 @coroutine#68] DEBUG id.walt.services.vc.WaltIdJsonLdCredentialService - VP created:{
  "type" : [ "VerifiablePresentation" ],
  "@context" : [ "https://www.w3.org/2018/credentials/v1", "https://w3id.org/security/suites/jws-2020/v1" ],
  "id" : "urn:uuid:e37a7e72-bf34-4375-9946-ebb002b0a291",
  "holder" : "did:key:z6MkfiCKxRDjsvXBPcf6ijutD34FZmRZueTVxdaEGSp3rvqu",
  "verifiableCredential" : [ {
    "type" : [ "VerifiableCredential", "VerifiableAttestation", "VerifiableDiploma" ],
    "@context" : [ "https://www.w3.org/2018/credentials/v1", "https://w3id.org/security/suites/jws-2020/v1" ],
    "id" : "urn:uuid:7f747535-5eb1-410b-9fab-6f325bb13251",
    "issuer" : "did:key:z6MkfiCKxRDjsvXBPcf6ijutD34FZmRZueTVxdaEGSp3rvqu",
    "issuanceDate" : "2024-09-12T09:39:36Z",
    "issued" : "2024-09-12T09:39:36Z",
    "validFrom" : "2024-09-12T09:39:36Z",
    "expirationDate" : "2022-08-31T00:00:00Z",
    "proof" : {
      "type" : "JsonWebSignature2020",
      "creator" : "did:key:z6MkfiCKxRDjsvXBPcf6ijutD34FZmRZueTVxdaEGSp3rvqu",
      "created" : "2024-09-12T09:39:36Z",
      "proofPurpose" : "assertionMethod",
      "verificationMethod" : "did:key:z6MkfiCKxRDjsvXBPcf6ijutD34FZmRZueTVxdaEGSp3rvqu#z6MkfiCKxRDjsvXBPcf6ijutD34FZmRZueTVxdaEGSp3rvqu",
      "jws" : "eyJiNjQiOmZhbHNlLCJjcml0IjpbImI2NCJdLCJhbGciOiJFZERTQSJ9..QTF8m2xdkIp9VUf9zVvgUCgqA8qS_Km2cUrGpZ706xsfaRSnJudVUS02Ng1JgMR2xRuXdTRbTp6O2vOR0kRyDg"
    },
    "credentialSchema" : {
      "id" : "https://raw.githubusercontent.com/walt-id/waltid-ssikit-vclib/master/src/test/resources/schemas/VerifiableDiploma.json",
      "type" : "JsonSchemaValidator2018"
    },
    "credentialSubject" : {
      "id" : "did:key:z6MkfiCKxRDjsvXBPcf6ijutD34FZmRZueTVxdaEGSp3rvqu",
      "awardingOpportunity" : {
        "awardingBody" : {
          "eidasLegalIdentifier" : "Unknown",
          "homepage" : "https://leaston.bcdiploma.com/",
          "id" : "did:ebsi:2A9BZ9SUe6BatacSpvs1V5CdjHvLpQ7bEsi2Jb6LdHKnQxaN",
          "preferredName" : "Leaston University",
          "registration" : "0597065J"
        },
        "endedAtTime" : "2020-06-26T00:00:00Z",
        "id" : "https://leaston.bcdiploma.com/law-economics-management#AwardingOpportunity",
        "identifier" : "https://certificate-demo.bcdiploma.com/check/87ED2F2270E6C41456E94B86B9D9115B4E35BCCAD200A49B846592C14F79C86BV1Fnbllta0NZTnJkR3lDWlRmTDlSRUJEVFZISmNmYzJhUU5sZUJ5Z2FJSHpWbmZZ",
        "location" : "FRANCE",
        "startedAtTime" : "2019-09-02T00:00:00Z"
      },
      "dateOfBirth" : "1993-04-08",
      "familyName" : "DOE",
      "givenNames" : "Jane",
      "gradingScheme" : {
        "id" : "https://leaston.bcdiploma.com/law-economics-management#GradingScheme",
        "title" : "Lower Second-Class Honours"
      },
      "identifier" : "0904008084H",
      "learningAchievement" : {
        "additionalNote" : [ "DISTRIBUTION MANAGEMENT" ],
        "description" : "MARKETING AND SALES",
        "id" : "https://leaston.bcdiploma.com/law-economics-management#LearningAchievment",
        "title" : "MASTERS LAW, ECONOMICS AND MANAGEMENT"
      },
      "learningSpecification" : {
        "ectsCreditPoints" : 120,
        "eqfLevel" : 7,
        "id" : "https://leaston.bcdiploma.com/law-economics-management#LearningSpecification",
        "iscedfCode" : [ "7" ],
        "nqfLevel" : [ "7" ]
      }
    },
    "credentialStatus" : {
      "id" : "https://essif.europa.eu/status/education#higherEducation#392ac7f6-399a-437b-a268-4691ead8f176",
      "type" : "CredentialStatusList2020"
    },
    "evidence" : {
      "documentPresence" : [ "Physical" ],
      "evidenceDocument" : [ "Passport" ],
      "id" : "https://essif.europa.eu/tsr-va/evidence/f2aeec97-fc0d-42bf-8ca7-0548192d5678",
      "subjectPresence" : "Physical",
      "type" : [ "DocumentVerification" ],
      "verifier" : "did:ebsi:2962fb784df61baa267c8132497539f8c674b37c1244a7a"
    }
  } ],
  "proof" : {
    "type" : "JsonWebSignature2020",
    "creator" : "did:key:z6MkfiCKxRDjsvXBPcf6ijutD34FZmRZueTVxdaEGSp3rvqu",
    "created" : "2024-09-12T09:39:36Z",
    "domain" : "https://api-pilot.ebsi.eu",
    "nonce" : "d04442d3-661f-411e-a80f-42f19f594c9d",
    "proofPurpose" : "authentication",
    "verificationMethod" : "did:key:z6MkfiCKxRDjsvXBPcf6ijutD34FZmRZueTVxdaEGSp3rvqu#z6MkfiCKxRDjsvXBPcf6ijutD34FZmRZueTVxdaEGSp3rvqu",
    "jws" : "eyJiNjQiOmZhbHNlLCJjcml0IjpbImI2NCJdLCJhbGciOiJFZERTQSJ9..p7943CfJ9P2m7L5qaUf3LFO859TQA01LRwRD19va-7XiH6BLkFSTKHET2rp9gruDAI4Il5SAk0OKyQy0IWjjDA"
  }
}
1138 [pool-1-thread-1 @coroutine#68] DEBUG id.walt.model.DidUrl - Trying to create DidUrl from URL: "did:key:z6MkfiCKxRDjsvXBPcf6ijutD34FZmRZueTVxdaEGSp3rvqu"...
1138 [pool-1-thread-1 @coroutine#68] DEBUG id.walt.model.DidUrl - Trying to create DidUrl from URL: "did:key:z6MkfiCKxRDjsvXBPcf6ijutD34FZmRZueTVxdaEGSp3rvqu"...
1139 [pool-1-thread-1 @coroutine#68] DEBUG id.walt.signatory.WaltIdSignatory - Signing credential with proof using JWT...
1139 [pool-1-thread-1 @coroutine#68] DEBUG id.walt.signatory.WaltIdSignatory - Signing credential with proof using JWT, credential is: {"type":["VerifiableCredential","VerifiableAttestation","VerifiableDiploma"],"@context":["https://www.w3.org/2018/credentials/v1"],"id":"urn:uuid:a9c1c17d-deef-4e83-9f33-21be53318193","issuer":"did:key:z6MkfiCKxRDjsvXBPcf6ijutD34FZmRZueTVxdaEGSp3rvqu","issuanceDate":"2024-09-12T09:39:36Z","issued":"2024-09-12T09:39:36Z","validFrom":"2024-09-12T09:39:36Z","expirationDate":"2022-08-31T00:00:00Z","credentialSchema":{"id":"https://raw.githubusercontent.com/walt-id/waltid-ssikit-vclib/master/src/test/resources/schemas/VerifiableDiploma.json","type":"JsonSchemaValidator2018"},"credentialSubject":{"id":"did:key:z6MkfiCKxRDjsvXBPcf6ijutD34FZmRZueTVxdaEGSp3rvqu","awardingOpportunity":{"awardingBody":{"eidasLegalIdentifier":"Unknown","homepage":"https://leaston.bcdiploma.com/","id":"did:ebsi:2A9BZ9SUe6BatacSpvs1V5CdjHvLpQ7bEsi2Jb6LdHKnQxaN","preferredName":"Leaston University","registration":"0597065J"},"endedAtTime":"2020-06-26T00:00:00Z","id":"https://leaston.bcdiploma.com/law-economics-management#AwardingOpportunity","identifier":"https://certificate-demo.bcdiploma.com/check/87ED2F2270E6C41456E94B86B9D9115B4E35BCCAD200A49B846592C14F79C86BV1Fnbllta0NZTnJkR3lDWlRmTDlSRUJEVFZISmNmYzJhUU5sZUJ5Z2FJSHpWbmZZ","location":"FRANCE","startedAtTime":"2019-09-02T00:00:00Z"},"dateOfBirth":"1993-04-08","familyName":"DOE","givenNames":"Jane","gradingScheme":{"id":"https://leaston.bcdiploma.com/law-economics-management#GradingScheme","title":"Lower Second-Class Honours"},"identifier":"0904008084H","learningAchievement":{"additionalNote":["DISTRIBUTION MANAGEMENT"],"description":"MARKETING AND SALES","id":"https://leaston.bcdiploma.com/law-economics-management#LearningAchievment","title":"MASTERS LAW, ECONOMICS AND MANAGEMENT"},"learningSpecification":{"ectsCreditPoints":120,"eqfLevel":7,"id":"https://leaston.bcdiploma.com/law-economics-management#LearningSpecification","iscedfCode":["7"],"nqfLevel":["7"]}},"credentialStatus":{"id":"https://essif.europa.eu/status/education#higherEducation#392ac7f6-399a-437b-a268-4691ead8f176","type":"CredentialStatusList2020"},"evidence":{"documentPresence":["Physical"],"evidenceDocument":["Passport"],"id":"https://essif.europa.eu/tsr-va/evidence/f2aeec97-fc0d-42bf-8ca7-0548192d5678","subjectPresence":"Physical","type":["DocumentVerification"],"verifier":"did:ebsi:2962fb784df61baa267c8132497539f8c674b37c1244a7a"}}
1147 [pool-1-thread-1 @coroutine#68] DEBUG id.walt.services.vc.WaltIdJwtCredentialService - Signing JWT object with config: ProofConfig(issuerDid=did:key:z6MkfiCKxRDjsvXBPcf6ijutD34FZmRZueTVxdaEGSp3rvqu, subjectDid=did:key:z6MkfiCKxRDjsvXBPcf6ijutD34FZmRZueTVxdaEGSp3rvqu, verifierDid=null, issuerVerificationMethod=did:key:z6MkfiCKxRDjsvXBPcf6ijutD34FZmRZueTVxdaEGSp3rvqu#z6MkfiCKxRDjsvXBPcf6ijutD34FZmRZueTVxdaEGSp3rvqu, proofType=JWT, domain=null, nonce=null, proofPurpose=null, credentialId=urn:uuid:a9c1c17d-deef-4e83-9f33-21be53318193, issueDate=2024-09-12T09:39:36.358636912Z, validDate=2024-09-12T09:39:36.358639888Z, expirationDate=null, dataProviderIdentifier=null, ldSignatureType=null, creator=did:key:z6MkfiCKxRDjsvXBPcf6ijutD34FZmRZueTVxdaEGSp3rvqu, ecosystem=DEFAULT, statusType=null, statusPurpose=revocation, credentialsEndpoint=null, selectiveDisclosure=null)
1149 [pool-1-thread-1 @coroutine#68] DEBUG id.walt.services.vc.WaltIdJwtCredentialService - Signing: {"sub":"did:key:z6MkfiCKxRDjsvXBPcf6ijutD34FZmRZueTVxdaEGSp3rvqu","nbf":1726133976,"iss":"did:key:z6MkfiCKxRDjsvXBPcf6ijutD34FZmRZueTVxdaEGSp3rvqu","iat":1726133976,"vc":{"type":["VerifiableCredential","VerifiableAttestation","VerifiableDiploma"],"@context":["https://www.w3.org/2018/credentials/v1"],"id":"urn:uuid:a9c1c17d-deef-4e83-9f33-21be53318193","issuer":"did:key:z6MkfiCKxRDjsvXBPcf6ijutD34FZmRZueTVxdaEGSp3rvqu","issuanceDate":"2024-09-12T09:39:36Z","issued":"2024-09-12T09:39:36Z","validFrom":"2024-09-12T09:39:36Z","expirationDate":"2022-08-31T00:00:00Z","credentialSchema":{"id":"https://raw.githubusercontent.com/walt-id/waltid-ssikit-vclib/master/src/test/resources/schemas/VerifiableDiploma.json","type":"JsonSchemaValidator2018"},"credentialSubject":{"id":"did:key:z6MkfiCKxRDjsvXBPcf6ijutD34FZmRZueTVxdaEGSp3rvqu","awardingOpportunity":{"awardingBody":{"eidasLegalIdentifier":"Unknown","homepage":"https://leaston.bcdiploma.com/","id":"did:ebsi:2A9BZ9SUe6BatacSpvs1V5CdjHvLpQ7bEsi2Jb6LdHKnQxaN","preferredName":"Leaston University","registration":"0597065J"},"endedAtTime":"2020-06-26T00:00:00Z","id":"https://leaston.bcdiploma.com/law-economics-management#AwardingOpportunity","identifier":"https://certificate-demo.bcdiploma.com/check/87ED2F2270E6C41456E94B86B9D9115B4E35BCCAD200A49B846592C14F79C86BV1Fnbllta0NZTnJkR3lDWlRmTDlSRUJEVFZISmNmYzJhUU5sZUJ5Z2FJSHpWbmZZ","location":"FRANCE","startedAtTime":"2019-09-02T00:00:00Z"},"dateOfBirth":"1993-04-08","familyName":"DOE","givenNames":"Jane","gradingScheme":{"id":"https://leaston.bcdiploma.com/law-economics-management#GradingScheme","title":"Lower Second-Class Honours"},"identifier":"0904008084H","learningAchievement":{"additionalNote":["DISTRIBUTION MANAGEMENT"],"description":"MARKETING AND SALES","id":"https://leaston.bcdiploma.com/law-economics-management#LearningAchievment","title":"MASTERS LAW, ECONOMICS AND MANAGEMENT"},"learningSpecification":{"ectsCreditPoints":120,"eqfLevel":7,"id":"https://leaston.bcdiploma.com/law-economics-management#LearningSpecification","iscedfCode":["7"],"nqfLevel":["7"]}},"credentialStatus":{"id":"https://essif.europa.eu/status/education#higherEducation#392ac7f6-399a-437b-a268-4691ead8f176","type":"CredentialStatusList2020"},"evidence":{"documentPresence":["Physical"],"evidenceDocument":["Passport"],"id":"https://essif.europa.eu/tsr-va/evidence/f2aeec97-fc0d-42bf-8ca7-0548192d5678","subjectPresence":"Physical","type":["DocumentVerification"],"verifier":"did:ebsi:2962fb784df61baa267c8132497539f8c674b37c1244a7a"}},"jti":"urn:uuid:a9c1c17d-deef-4e83-9f33-21be53318193"}
1154 [pool-1-thread-1 @coroutine#68] DEBUG id.walt.services.keystore.HKVKeyStoreService - Loading key "did:key:z6MkfiCKxRDjsvXBPcf6ijutD34FZmRZueTVxdaEGSp3rvqu#z6MkfiCKxRDjsvXBPcf6ijutD34FZmRZueTVxdaEGSp3rvqu".
1154 [pool-1-thread-1 @coroutine#68] DEBUG id.walt.services.jwt.WaltIdJwtService - Signing JWT with algorithm: EdDSA_Ed25519
1154 [pool-1-thread-1 @coroutine#68] DEBUG id.walt.model.DidUrl - Trying to create DidUrl from URL: "did:key:z6MkfiCKxRDjsvXBPcf6ijutD34FZmRZueTVxdaEGSp3rvqu#z6MkfiCKxRDjsvXBPcf6ijutD34FZmRZueTVxdaEGSp3rvqu"...
1157 [pool-1-thread-1 @coroutine#68] DEBUG id.walt.services.keystore.HKVKeyStoreService - Loading key "dab44cb6a12c4b72b8bc9f0a262544b0".
1159 [pool-1-thread-1 @coroutine#68] DEBUG id.walt.services.jwt.WaltIdJwtService - Signed JWT:  eyJraWQiOiJkaWQ6a2V5Ono2TWtmaUNLeFJEanN2WEJQY2Y2aWp1dEQzNEZabVJadWVUVnhkYUVHU3AzcnZxdSN6Nk1rZmlDS3hSRGpzdlhCUGNmNmlqdXREMzRGWm1SWnVlVFZ4ZGFFR1NwM3J2cXUiLCJ0eXAiOiJKV1QiLCJhbGciOiJFZERTQSJ9.eyJzdWIiOiJkaWQ6a2V5Ono2TWtmaUNLeFJEanN2WEJQY2Y2aWp1dEQzNEZabVJadWVUVnhkYUVHU3AzcnZxdSIsIm5iZiI6MTcyNjEzMzk3NiwiaXNzIjoiZGlkOmtleTp6Nk1rZmlDS3hSRGpzdlhCUGNmNmlqdXREMzRGWm1SWnVlVFZ4ZGFFR1NwM3J2cXUiLCJpYXQiOjE3MjYxMzM5NzYsInZjIjp7InR5cGUiOlsiVmVyaWZpYWJsZUNyZWRlbnRpYWwiLCJWZXJpZmlhYmxlQXR0ZXN0YXRpb24iLCJWZXJpZmlhYmxlRGlwbG9tYSJdLCJAY29udGV4dCI6WyJodHRwczovL3d3dy53My5vcmcvMjAxOC9jcmVkZW50aWFscy92MSJdLCJpZCI6InVybjp1dWlkOmE5YzFjMTdkLWRlZWYtNGU4My05ZjMzLTIxYmU1MzMxODE5MyIsImlzc3VlciI6ImRpZDprZXk6ejZNa2ZpQ0t4UkRqc3ZYQlBjZjZpanV0RDM0RlptUlp1ZVRWeGRhRUdTcDNydnF1IiwiaXNzdWFuY2VEYXRlIjoiMjAyNC0wOS0xMlQwOTozOTozNloiLCJpc3N1ZWQiOiIyMDI0LTA5LTEyVDA5OjM5OjM2WiIsInZhbGlkRnJvbSI6IjIwMjQtMDktMTJUMDk6Mzk6MzZaIiwiZXhwaXJhdGlvbkRhdGUiOiIyMDIyLTA4LTMxVDAwOjAwOjAwWiIsImNyZWRlbnRpYWxTY2hlbWEiOnsiaWQiOiJodHRwczovL3Jhdy5naXRodWJ1c2VyY29udGVudC5jb20vd2FsdC1pZC93YWx0aWQtc3Npa2l0LXZjbGliL21hc3Rlci9zcmMvdGVzdC9yZXNvdXJjZXMvc2NoZW1hcy9WZXJpZmlhYmxlRGlwbG9tYS5qc29uIiwidHlwZSI6Ikpzb25TY2hlbWFWYWxpZGF0b3IyMDE4In0sImNyZWRlbnRpYWxTdWJqZWN0Ijp7ImlkIjoiZGlkOmtleTp6Nk1rZmlDS3hSRGpzdlhCUGNmNmlqdXREMzRGWm1SWnVlVFZ4ZGFFR1NwM3J2cXUiLCJhd2FyZGluZ09wcG9ydHVuaXR5Ijp7ImF3YXJkaW5nQm9keSI6eyJlaWRhc0xlZ2FsSWRlbnRpZmllciI6IlVua25vd24iLCJob21lcGFnZSI6Imh0dHBzOi8vbGVhc3Rvbi5iY2RpcGxvbWEuY29tLyIsImlkIjoiZGlkOmVic2k6MkE5Qlo5U1VlNkJhdGFjU3B2czFWNUNkakh2THBRN2JFc2kySmI2TGRIS25ReGFOIiwicHJlZmVycmVkTmFtZSI6IkxlYXN0b24gVW5pdmVyc2l0eSIsInJlZ2lzdHJhdGlvbiI6IjA1OTcwNjVKIn0sImVuZGVkQXRUaW1lIjoiMjAyMC0wNi0yNlQwMDowMDowMFoiLCJpZCI6Imh0dHBzOi8vbGVhc3Rvbi5iY2RpcGxvbWEuY29tL2xhdy1lY29ub21pY3MtbWFuYWdlbWVudCNBd2FyZGluZ09wcG9ydHVuaXR5IiwiaWRlbnRpZmllciI6Imh0dHBzOi8vY2VydGlmaWNhdGUtZGVtby5iY2RpcGxvbWEuY29tL2NoZWNrLzg3RUQyRjIyNzBFNkM0MTQ1NkU5NEI4NkI5RDkxMTVCNEUzNUJDQ0FEMjAwQTQ5Qjg0NjU5MkMxNEY3OUM4NkJWMUZuYmxsdGEwTlpUbkprUjNsRFdsUm1URGxTUlVKRVZGWklTbU5tWXpKaFVVNXNaVUo1WjJGSlNIcFdibVpaIiwibG9jYXRpb24iOiJGUkFOQ0UiLCJzdGFydGVkQXRUaW1lIjoiMjAxOS0wOS0wMlQwMDowMDowMFoifSwiZGF0ZU9mQmlydGgiOiIxOTkzLTA0LTA4IiwiZmFtaWx5TmFtZSI6IkRPRSIsImdpdmVuTmFtZXMiOiJKYW5lIiwiZ3JhZGluZ1NjaGVtZSI6eyJpZCI6Imh0dHBzOi8vbGVhc3Rvbi5iY2RpcGxvbWEuY29tL2xhdy1lY29ub21pY3MtbWFuYWdlbWVudCNHcmFkaW5nU2NoZW1lIiwidGl0bGUiOiJMb3dlciBTZWNvbmQtQ2xhc3MgSG9ub3VycyJ9LCJpZGVudGlmaWVyIjoiMDkwNDAwODA4NEgiLCJsZWFybmluZ0FjaGlldmVtZW50Ijp7ImFkZGl0aW9uYWxOb3RlIjpbIkRJU1RSSUJVVElPTiBNQU5BR0VNRU5UIl0sImRlc2NyaXB0aW9uIjoiTUFSS0VUSU5HIEFORCBTQUxFUyIsImlkIjoiaHR0cHM6Ly9sZWFzdG9uLmJjZGlwbG9tYS5jb20vbGF3LWVjb25vbWljcy1tYW5hZ2VtZW50I0xlYXJuaW5nQWNoaWV2bWVudCIsInRpdGxlIjoiTUFTVEVSUyBMQVcsIEVDT05PTUlDUyBBTkQgTUFOQUdFTUVOVCJ9LCJsZWFybmluZ1NwZWNpZmljYXRpb24iOnsiZWN0c0NyZWRpdFBvaW50cyI6MTIwLCJlcWZMZXZlbCI6NywiaWQiOiJodHRwczovL2xlYXN0b24uYmNkaXBsb21hLmNvbS9sYXctZWNvbm9taWNzLW1hbmFnZW1lbnQjTGVhcm5pbmdTcGVjaWZpY2F0aW9uIiwiaXNjZWRmQ29kZSI6WyI3Il0sIm5xZkxldmVsIjpbIjciXX19LCJjcmVkZW50aWFsU3RhdHVzIjp7ImlkIjoiaHR0cHM6Ly9lc3NpZi5ldXJvcGEuZXUvc3RhdHVzL2VkdWNhdGlvbiNoaWdoZXJFZHVjYXRpb24jMzkyYWM3ZjYtMzk5YS00MzdiLWEyNjgtNDY5MWVhZDhmMTc2IiwidHlwZSI6IkNyZWRlbnRpYWxTdGF0dXNMaXN0MjAyMCJ9LCJldmlkZW5jZSI6eyJkb2N1bWVudFByZXNlbmNlIjpbIlBoeXNpY2FsIl0sImV2aWRlbmNlRG9jdW1lbnQiOlsiUGFzc3BvcnQiXSwiaWQiOiJodHRwczovL2Vzc2lmLmV1cm9wYS5ldS90c3ItdmEvZXZpZGVuY2UvZjJhZWVjOTctZmMwZC00MmJmLThjYTctMDU0ODE5MmQ1Njc4Iiwic3ViamVjdFByZXNlbmNlIjoiUGh5c2ljYWwiLCJ0eXBlIjpbIkRvY3VtZW50VmVyaWZpY2F0aW9uIl0sInZlcmlmaWVyIjoiZGlkOmVic2k6Mjk2MmZiNzg0ZGY2MWJhYTI2N2M4MTMyNDk3NTM5ZjhjNjc0YjM3YzEyNDRhN2EifX0sImp0aSI6InVybjp1dWlkOmE5YzFjMTdkLWRlZWYtNGU4My05ZjMzLTIxYmU1MzMxODE5MyJ9.f6yvQQGTKlCG9sL5xKJHhgmgYJZwM3ElWlvlhwnobXnWNTTjpo_txFH6SgIf5DVZAr4QUO87ExL40jzyYAdQCQ
1161 [pool-1-thread-1 @coroutine#68] DEBUG id.walt.signatory.WaltIdSignatory - Signed VC is: eyJraWQiOiJkaWQ6a2V5Ono2TWtmaUNLeFJEanN2WEJQY2Y2aWp1dEQzNEZabVJadWVUVnhkYUVHU3AzcnZxdSN6Nk1rZmlDS3hSRGpzdlhCUGNmNmlqdXREMzRGWm1SWnVlVFZ4ZGFFR1NwM3J2cXUiLCJ0eXAiOiJKV1QiLCJhbGciOiJFZERTQSJ9.eyJzdWIiOiJkaWQ6a2V5Ono2TWtmaUNLeFJEanN2WEJQY2Y2aWp1dEQzNEZabVJadWVUVnhkYUVHU3AzcnZxdSIsIm5iZiI6MTcyNjEzMzk3NiwiaXNzIjoiZGlkOmtleTp6Nk1rZmlDS3hSRGpzdlhCUGNmNmlqdXREMzRGWm1SWnVlVFZ4ZGFFR1NwM3J2cXUiLCJpYXQiOjE3MjYxMzM5NzYsInZjIjp7InR5cGUiOlsiVmVyaWZpYWJsZUNyZWRlbnRpYWwiLCJWZXJpZmlhYmxlQXR0ZXN0YXRpb24iLCJWZXJpZmlhYmxlRGlwbG9tYSJdLCJAY29udGV4dCI6WyJodHRwczovL3d3dy53My5vcmcvMjAxOC9jcmVkZW50aWFscy92MSJdLCJpZCI6InVybjp1dWlkOmE5YzFjMTdkLWRlZWYtNGU4My05ZjMzLTIxYmU1MzMxODE5MyIsImlzc3VlciI6ImRpZDprZXk6ejZNa2ZpQ0t4UkRqc3ZYQlBjZjZpanV0RDM0RlptUlp1ZVRWeGRhRUdTcDNydnF1IiwiaXNzdWFuY2VEYXRlIjoiMjAyNC0wOS0xMlQwOTozOTozNloiLCJpc3N1ZWQiOiIyMDI0LTA5LTEyVDA5OjM5OjM2WiIsInZhbGlkRnJvbSI6IjIwMjQtMDktMTJUMDk6Mzk6MzZaIiwiZXhwaXJhdGlvbkRhdGUiOiIyMDIyLTA4LTMxVDAwOjAwOjAwWiIsImNyZWRlbnRpYWxTY2hlbWEiOnsiaWQiOiJodHRwczovL3Jhdy5naXRodWJ1c2VyY29udGVudC5jb20vd2FsdC1pZC93YWx0aWQtc3Npa2l0LXZjbGliL21hc3Rlci9zcmMvdGVzdC9yZXNvdXJjZXMvc2NoZW1hcy9WZXJpZmlhYmxlRGlwbG9tYS5qc29uIiwidHlwZSI6Ikpzb25TY2hlbWFWYWxpZGF0b3IyMDE4In0sImNyZWRlbnRpYWxTdWJqZWN0Ijp7ImlkIjoiZGlkOmtleTp6Nk1rZmlDS3hSRGpzdlhCUGNmNmlqdXREMzRGWm1SWnVlVFZ4ZGFFR1NwM3J2cXUiLCJhd2FyZGluZ09wcG9ydHVuaXR5Ijp7ImF3YXJkaW5nQm9keSI6eyJlaWRhc0xlZ2FsSWRlbnRpZmllciI6IlVua25vd24iLCJob21lcGFnZSI6Imh0dHBzOi8vbGVhc3Rvbi5iY2RpcGxvbWEuY29tLyIsImlkIjoiZGlkOmVic2k6MkE5Qlo5U1VlNkJhdGFjU3B2czFWNUNkakh2THBRN2JFc2kySmI2TGRIS25ReGFOIiwicHJlZmVycmVkTmFtZSI6IkxlYXN0b24gVW5pdmVyc2l0eSIsInJlZ2lzdHJhdGlvbiI6IjA1OTcwNjVKIn0sImVuZGVkQXRUaW1lIjoiMjAyMC0wNi0yNlQwMDowMDowMFoiLCJpZCI6Imh0dHBzOi8vbGVhc3Rvbi5iY2RpcGxvbWEuY29tL2xhdy1lY29ub21pY3MtbWFuYWdlbWVudCNBd2FyZGluZ09wcG9ydHVuaXR5IiwiaWRlbnRpZmllciI6Imh0dHBzOi8vY2VydGlmaWNhdGUtZGVtby5iY2RpcGxvbWEuY29tL2NoZWNrLzg3RUQyRjIyNzBFNkM0MTQ1NkU5NEI4NkI5RDkxMTVCNEUzNUJDQ0FEMjAwQTQ5Qjg0NjU5MkMxNEY3OUM4NkJWMUZuYmxsdGEwTlpUbkprUjNsRFdsUm1URGxTUlVKRVZGWklTbU5tWXpKaFVVNXNaVUo1WjJGSlNIcFdibVpaIiwibG9jYXRpb24iOiJGUkFOQ0UiLCJzdGFydGVkQXRUaW1lIjoiMjAxOS0wOS0wMlQwMDowMDowMFoifSwiZGF0ZU9mQmlydGgiOiIxOTkzLTA0LTA4IiwiZmFtaWx5TmFtZSI6IkRPRSIsImdpdmVuTmFtZXMiOiJKYW5lIiwiZ3JhZGluZ1NjaGVtZSI6eyJpZCI6Imh0dHBzOi8vbGVhc3Rvbi5iY2RpcGxvbWEuY29tL2xhdy1lY29ub21pY3MtbWFuYWdlbWVudCNHcmFkaW5nU2NoZW1lIiwidGl0bGUiOiJMb3dlciBTZWNvbmQtQ2xhc3MgSG9ub3VycyJ9LCJpZGVudGlmaWVyIjoiMDkwNDAwODA4NEgiLCJsZWFybmluZ0FjaGlldmVtZW50Ijp7ImFkZGl0aW9uYWxOb3RlIjpbIkRJU1RSSUJVVElPTiBNQU5BR0VNRU5UIl0sImRlc2NyaXB0aW9uIjoiTUFSS0VUSU5HIEFORCBTQUxFUyIsImlkIjoiaHR0cHM6Ly9sZWFzdG9uLmJjZGlwbG9tYS5jb20vbGF3LWVjb25vbWljcy1tYW5hZ2VtZW50I0xlYXJuaW5nQWNoaWV2bWVudCIsInRpdGxlIjoiTUFTVEVSUyBMQVcsIEVDT05PTUlDUyBBTkQgTUFOQUdFTUVOVCJ9LCJsZWFybmluZ1NwZWNpZmljYXRpb24iOnsiZWN0c0NyZWRpdFBvaW50cyI6MTIwLCJlcWZMZXZlbCI6NywiaWQiOiJodHRwczovL2xlYXN0b24uYmNkaXBsb21hLmNvbS9sYXctZWNvbm9taWNzLW1hbmFnZW1lbnQjTGVhcm5pbmdTcGVjaWZpY2F0aW9uIiwiaXNjZWRmQ29kZSI6WyI3Il0sIm5xZkxldmVsIjpbIjciXX19LCJjcmVkZW50aWFsU3RhdHVzIjp7ImlkIjoiaHR0cHM6Ly9lc3NpZi5ldXJvcGEuZXUvc3RhdHVzL2VkdWNhdGlvbiNoaWdoZXJFZHVjYXRpb24jMzkyYWM3ZjYtMzk5YS00MzdiLWEyNjgtNDY5MWVhZDhmMTc2IiwidHlwZSI6IkNyZWRlbnRpYWxTdGF0dXNMaXN0MjAyMCJ9LCJldmlkZW5jZSI6eyJkb2N1bWVudFByZXNlbmNlIjpbIlBoeXNpY2FsIl0sImV2aWRlbmNlRG9jdW1lbnQiOlsiUGFzc3BvcnQiXSwiaWQiOiJodHRwczovL2Vzc2lmLmV1cm9wYS5ldS90c3ItdmEvZXZpZGVuY2UvZjJhZWVjOTctZmMwZC00MmJmLThjYTctMDU0ODE5MmQ1Njc4Iiwic3ViamVjdFByZXNlbmNlIjoiUGh5c2ljYWwiLCJ0eXBlIjpbIkRvY3VtZW50VmVyaWZpY2F0aW9uIl0sInZlcmlmaWVyIjoiZGlkOmVic2k6Mjk2MmZiNzg0ZGY2MWJhYTI2N2M4MTMyNDk3NTM5ZjhjNjc0YjM3YzEyNDRhN2EifX0sImp0aSI6InVybjp1dWlkOmE5YzFjMTdkLWRlZWYtNGU4My05ZjMzLTIxYmU1MzMxODE5MyJ9.f6yvQQGTKlCG9sL5xKJHhgmgYJZwM3ElWlvlhwnobXnWNTTjpo_txFH6SgIf5DVZAr4QUO87ExL40jzyYAdQCQ
1162 [pool-1-thread-1 @coroutine#68] DEBUG id.walt.services.vc.WaltIdJwtCredentialService - Creating a presentation for VCs:
[PresentableCredential(verifiableCredential=eyJraWQiOiJkaWQ6a2V5Ono2TWtmaUNLeFJEanN2WEJQY2Y2aWp1dEQzNEZabVJadWVUVnhkYUVHU3AzcnZxdSN6Nk1rZmlDS3hSRGpzdlhCUGNmNmlqdXREMzRGWm1SWnVlVFZ4ZGFFR1NwM3J2cXUiLCJ0eXAiOiJKV1QiLCJhbGciOiJFZERTQSJ9.eyJzdWIiOiJkaWQ6a2V5Ono2TWtmaUNLeFJEanN2WEJQY2Y2aWp1dEQzNEZabVJadWVUVnhkYUVHU3AzcnZxdSIsIm5iZiI6MTcyNjEzMzk3NiwiaXNzIjoiZGlkOmtleTp6Nk1rZmlDS3hSRGpzdlhCUGNmNmlqdXREMzRGWm1SWnVlVFZ4ZGFFR1NwM3J2cXUiLCJpYXQiOjE3MjYxMzM5NzYsInZjIjp7InR5cGUiOlsiVmVyaWZpYWJsZUNyZWRlbnRpYWwiLCJWZXJpZmlhYmxlQXR0ZXN0YXRpb24iLCJWZXJpZmlhYmxlRGlwbG9tYSJdLCJAY29udGV4dCI6WyJodHRwczovL3d3dy53My5vcmcvMjAxOC9jcmVkZW50aWFscy92MSJdLCJpZCI6InVybjp1dWlkOmE5YzFjMTdkLWRlZWYtNGU4My05ZjMzLTIxYmU1MzMxODE5MyIsImlzc3VlciI6ImRpZDprZXk6ejZNa2ZpQ0t4UkRqc3ZYQlBjZjZpanV0RDM0RlptUlp1ZVRWeGRhRUdTcDNydnF1IiwiaXNzdWFuY2VEYXRlIjoiMjAyNC0wOS0xMlQwOTozOTozNloiLCJpc3N1ZWQiOiIyMDI0LTA5LTEyVDA5OjM5OjM2WiIsInZhbGlkRnJvbSI6IjIwMjQtMDktMTJUMDk6Mzk6MzZaIiwiZXhwaXJhdGlvbkRhdGUiOiIyMDIyLTA4LTMxVDAwOjAwOjAwWiIsImNyZWRlbnRpYWxTY2hlbWEiOnsiaWQiOiJodHRwczovL3Jhdy5naXRodWJ1c2VyY29udGVudC5jb20vd2FsdC1pZC93YWx0aWQtc3Npa2l0LXZjbGliL21hc3Rlci9zcmMvdGVzdC9yZXNvdXJjZXMvc2NoZW1hcy9WZXJpZmlhYmxlRGlwbG9tYS5qc29uIiwidHlwZSI6Ikpzb25TY2hlbWFWYWxpZGF0b3IyMDE4In0sImNyZWRlbnRpYWxTdWJqZWN0Ijp7ImlkIjoiZGlkOmtleTp6Nk1rZmlDS3hSRGpzdlhCUGNmNmlqdXREMzRGWm1SWnVlVFZ4ZGFFR1NwM3J2cXUiLCJhd2FyZGluZ09wcG9ydHVuaXR5Ijp7ImF3YXJkaW5nQm9keSI6eyJlaWRhc0xlZ2FsSWRlbnRpZmllciI6IlVua25vd24iLCJob21lcGFnZSI6Imh0dHBzOi8vbGVhc3Rvbi5iY2RpcGxvbWEuY29tLyIsImlkIjoiZGlkOmVic2k6MkE5Qlo5U1VlNkJhdGFjU3B2czFWNUNkakh2THBRN2JFc2kySmI2TGRIS25ReGFOIiwicHJlZmVycmVkTmFtZSI6IkxlYXN0b24gVW5pdmVyc2l0eSIsInJlZ2lzdHJhdGlvbiI6IjA1OTcwNjVKIn0sImVuZGVkQXRUaW1lIjoiMjAyMC0wNi0yNlQwMDowMDowMFoiLCJpZCI6Imh0dHBzOi8vbGVhc3Rvbi5iY2RpcGxvbWEuY29tL2xhdy1lY29ub21pY3MtbWFuYWdlbWVudCNBd2FyZGluZ09wcG9ydHVuaXR5IiwiaWRlbnRpZmllciI6Imh0dHBzOi8vY2VydGlmaWNhdGUtZGVtby5iY2RpcGxvbWEuY29tL2NoZWNrLzg3RUQyRjIyNzBFNkM0MTQ1NkU5NEI4NkI5RDkxMTVCNEUzNUJDQ0FEMjAwQTQ5Qjg0NjU5MkMxNEY3OUM4NkJWMUZuYmxsdGEwTlpUbkprUjNsRFdsUm1URGxTUlVKRVZGWklTbU5tWXpKaFVVNXNaVUo1WjJGSlNIcFdibVpaIiwibG9jYXRpb24iOiJGUkFOQ0UiLCJzdGFydGVkQXRUaW1lIjoiMjAxOS0wOS0wMlQwMDowMDowMFoifSwiZGF0ZU9mQmlydGgiOiIxOTkzLTA0LTA4IiwiZmFtaWx5TmFtZSI6IkRPRSIsImdpdmVuTmFtZXMiOiJKYW5lIiwiZ3JhZGluZ1NjaGVtZSI6eyJpZCI6Imh0dHBzOi8vbGVhc3Rvbi5iY2RpcGxvbWEuY29tL2xhdy1lY29ub21pY3MtbWFuYWdlbWVudCNHcmFkaW5nU2NoZW1lIiwidGl0bGUiOiJMb3dlciBTZWNvbmQtQ2xhc3MgSG9ub3VycyJ9LCJpZGVudGlmaWVyIjoiMDkwNDAwODA4NEgiLCJsZWFybmluZ0FjaGlldmVtZW50Ijp7ImFkZGl0aW9uYWxOb3RlIjpbIkRJU1RSSUJVVElPTiBNQU5BR0VNRU5UIl0sImRlc2NyaXB0aW9uIjoiTUFSS0VUSU5HIEFORCBTQUxFUyIsImlkIjoiaHR0cHM6Ly9sZWFzdG9uLmJjZGlwbG9tYS5jb20vbGF3LWVjb25vbWljcy1tYW5hZ2VtZW50I0xlYXJuaW5nQWNoaWV2bWVudCIsInRpdGxlIjoiTUFTVEVSUyBMQVcsIEVDT05PTUlDUyBBTkQgTUFOQUdFTUVOVCJ9LCJsZWFybmluZ1NwZWNpZmljYXRpb24iOnsiZWN0c0NyZWRpdFBvaW50cyI6MTIwLCJlcWZMZXZlbCI6NywiaWQiOiJodHRwczovL2xlYXN0b24uYmNkaXBsb21hLmNvbS9sYXctZWNvbm9taWNzLW1hbmFnZW1lbnQjTGVhcm5pbmdTcGVjaWZpY2F0aW9uIiwiaXNjZWRmQ29kZSI6WyI3Il0sIm5xZkxldmVsIjpbIjciXX19LCJjcmVkZW50aWFsU3RhdHVzIjp7ImlkIjoiaHR0cHM6Ly9lc3NpZi5ldXJvcGEuZXUvc3RhdHVzL2VkdWNhdGlvbiNoaWdoZXJFZHVjYXRpb24jMzkyYWM3ZjYtMzk5YS00MzdiLWEyNjgtNDY5MWVhZDhmMTc2IiwidHlwZSI6IkNyZWRlbnRpYWxTdGF0dXNMaXN0MjAyMCJ9LCJldmlkZW5jZSI6eyJkb2N1bWVudFByZXNlbmNlIjpbIlBoeXNpY2FsIl0sImV2aWRlbmNlRG9jdW1lbnQiOlsiUGFzc3BvcnQiXSwiaWQiOiJodHRwczovL2Vzc2lmLmV1cm9wYS5ldS90c3ItdmEvZXZpZGVuY2UvZjJhZWVjOTctZmMwZC00MmJmLThjYTctMDU0ODE5MmQ1Njc4Iiwic3ViamVjdFByZXNlbmNlIjoiUGh5c2ljYWwiLCJ0eXBlIjpbIkRvY3VtZW50VmVyaWZpY2F0aW9uIl0sInZlcmlmaWVyIjoiZGlkOmVic2k6Mjk2MmZiNzg0ZGY2MWJhYTI2N2M4MTMyNDk3NTM5ZjhjNjc0YjM3YzEyNDRhN2EifX0sImp0aSI6InVybjp1dWlkOmE5YzFjMTdkLWRlZWYtNGU4My05ZjMzLTIxYmU1MzMxODE5MyJ9.f6yvQQGTKlCG9sL5xKJHhgmgYJZwM3ElWlvlhwnobXnWNTTjpo_txFH6SgIf5DVZAr4QUO87ExL40jzyYAdQCQ, selectiveDisclosure=null, discloseAll=false)]
1162 [pool-1-thread-1 @coroutine#68] DEBUG id.walt.model.DidUrl - Trying to create DidUrl from URL: "did:key:z6MkfiCKxRDjsvXBPcf6ijutD34FZmRZueTVxdaEGSp3rvqu"...
1163 [pool-1-thread-1 @coroutine#68] DEBUG id.walt.services.vc.WaltIdJwtCredentialService - Signing JWT object with config: ProofConfig(issuerDid=did:key:z6MkfiCKxRDjsvXBPcf6ijutD34FZmRZueTVxdaEGSp3rvqu, subjectDid=did:key:z6MkfiCKxRDjsvXBPcf6ijutD34FZmRZueTVxdaEGSp3rvqu, verifierDid=did:key:z6MkfiCKxRDjsvXBPcf6ijutD34FZmRZueTVxdaEGSp3rvqu, issuerVerificationMethod=did:key:z6MkfiCKxRDjsvXBPcf6ijutD34FZmRZueTVxdaEGSp3rvqu#z6MkfiCKxRDjsvXBPcf6ijutD34FZmRZueTVxdaEGSp3rvqu, proofType=JWT, domain=null, nonce=abcd, proofPurpose=null, credentialId=urn:uuid:c58bbb4c-881c-4dc7-938d-8ac55e14080a, issueDate=null, validDate=null, expirationDate=null, dataProviderIdentifier=null, ldSignatureType=null, creator=did:key:z6MkfiCKxRDjsvXBPcf6ijutD34FZmRZueTVxdaEGSp3rvqu, ecosystem=DEFAULT, statusType=null, statusPurpose=revocation, credentialsEndpoint=null, selectiveDisclosure=null)
1163 [pool-1-thread-1 @coroutine#68] DEBUG id.walt.services.vc.WaltIdJwtCredentialService - Signing: {"sub":"did:key:z6MkfiCKxRDjsvXBPcf6ijutD34FZmRZueTVxdaEGSp3rvqu","aud":"did:key:z6MkfiCKxRDjsvXBPcf6ijutD34FZmRZueTVxdaEGSp3rvqu","nbf":1726133976,"iss":"did:key:z6MkfiCKxRDjsvXBPcf6ijutD34FZmRZueTVxdaEGSp3rvqu","vp":{"type":["VerifiablePresentation"],"@context":["https://www.w3.org/2018/credentials/v1"],"id":"urn:uuid:c58bbb4c-881c-4dc7-938d-8ac55e14080a","holder":"did:key:z6MkfiCKxRDjsvXBPcf6ijutD34FZmRZueTVxdaEGSp3rvqu","verifiableCredential":["eyJraWQiOiJkaWQ6a2V5Ono2TWtmaUNLeFJEanN2WEJQY2Y2aWp1dEQzNEZabVJadWVUVnhkYUVHU3AzcnZxdSN6Nk1rZmlDS3hSRGpzdlhCUGNmNmlqdXREMzRGWm1SWnVlVFZ4ZGFFR1NwM3J2cXUiLCJ0eXAiOiJKV1QiLCJhbGciOiJFZERTQSJ9.eyJzdWIiOiJkaWQ6a2V5Ono2TWtmaUNLeFJEanN2WEJQY2Y2aWp1dEQzNEZabVJadWVUVnhkYUVHU3AzcnZxdSIsIm5iZiI6MTcyNjEzMzk3NiwiaXNzIjoiZGlkOmtleTp6Nk1rZmlDS3hSRGpzdlhCUGNmNmlqdXREMzRGWm1SWnVlVFZ4ZGFFR1NwM3J2cXUiLCJpYXQiOjE3MjYxMzM5NzYsInZjIjp7InR5cGUiOlsiVmVyaWZpYWJsZUNyZWRlbnRpYWwiLCJWZXJpZmlhYmxlQXR0ZXN0YXRpb24iLCJWZXJpZmlhYmxlRGlwbG9tYSJdLCJAY29udGV4dCI6WyJodHRwczovL3d3dy53My5vcmcvMjAxOC9jcmVkZW50aWFscy92MSJdLCJpZCI6InVybjp1dWlkOmE5YzFjMTdkLWRlZWYtNGU4My05ZjMzLTIxYmU1MzMxODE5MyIsImlzc3VlciI6ImRpZDprZXk6ejZNa2ZpQ0t4UkRqc3ZYQlBjZjZpanV0RDM0RlptUlp1ZVRWeGRhRUdTcDNydnF1IiwiaXNzdWFuY2VEYXRlIjoiMjAyNC0wOS0xMlQwOTozOTozNloiLCJpc3N1ZWQiOiIyMDI0LTA5LTEyVDA5OjM5OjM2WiIsInZhbGlkRnJvbSI6IjIwMjQtMDktMTJUMDk6Mzk6MzZaIiwiZXhwaXJhdGlvbkRhdGUiOiIyMDIyLTA4LTMxVDAwOjAwOjAwWiIsImNyZWRlbnRpYWxTY2hlbWEiOnsiaWQiOiJodHRwczovL3Jhdy5naXRodWJ1c2VyY29udGVudC5jb20vd2FsdC1pZC93YWx0aWQtc3Npa2l0LXZjbGliL21hc3Rlci9zcmMvdGVzdC9yZXNvdXJjZXMvc2NoZW1hcy9WZXJpZmlhYmxlRGlwbG9tYS5qc29uIiwidHlwZSI6Ikpzb25TY2hlbWFWYWxpZGF0b3IyMDE4In0sImNyZWRlbnRpYWxTdWJqZWN0Ijp7ImlkIjoiZGlkOmtleTp6Nk1rZmlDS3hSRGpzdlhCUGNmNmlqdXREMzRGWm1SWnVlVFZ4ZGFFR1NwM3J2cXUiLCJhd2FyZGluZ09wcG9ydHVuaXR5Ijp7ImF3YXJkaW5nQm9keSI6eyJlaWRhc0xlZ2FsSWRlbnRpZmllciI6IlVua25vd24iLCJob21lcGFnZSI6Imh0dHBzOi8vbGVhc3Rvbi5iY2RpcGxvbWEuY29tLyIsImlkIjoiZGlkOmVic2k6MkE5Qlo5U1VlNkJhdGFjU3B2czFWNUNkakh2THBRN2JFc2kySmI2TGRIS25ReGFOIiwicHJlZmVycmVkTmFtZSI6IkxlYXN0b24gVW5pdmVyc2l0eSIsInJlZ2lzdHJhdGlvbiI6IjA1OTcwNjVKIn0sImVuZGVkQXRUaW1lIjoiMjAyMC0wNi0yNlQwMDowMDowMFoiLCJpZCI6Imh0dHBzOi8vbGVhc3Rvbi5iY2RpcGxvbWEuY29tL2xhdy1lY29ub21pY3MtbWFuYWdlbWVudCNBd2FyZGluZ09wcG9ydHVuaXR5IiwiaWRlbnRpZmllciI6Imh0dHBzOi8vY2VydGlmaWNhdGUtZGVtby5iY2RpcGxvbWEuY29tL2NoZWNrLzg3RUQyRjIyNzBFNkM0MTQ1NkU5NEI4NkI5RDkxMTVCNEUzNUJDQ0FEMjAwQTQ5Qjg0NjU5MkMxNEY3OUM4NkJWMUZuYmxsdGEwTlpUbkprUjNsRFdsUm1URGxTUlVKRVZGWklTbU5tWXpKaFVVNXNaVUo1WjJGSlNIcFdibVpaIiwibG9jYXRpb24iOiJGUkFOQ0UiLCJzdGFydGVkQXRUaW1lIjoiMjAxOS0wOS0wMlQwMDowMDowMFoifSwiZGF0ZU9mQmlydGgiOiIxOTkzLTA0LTA4IiwiZmFtaWx5TmFtZSI6IkRPRSIsImdpdmVuTmFtZXMiOiJKYW5lIiwiZ3JhZGluZ1NjaGVtZSI6eyJpZCI6Imh0dHBzOi8vbGVhc3Rvbi5iY2RpcGxvbWEuY29tL2xhdy1lY29ub21pY3MtbWFuYWdlbWVudCNHcmFkaW5nU2NoZW1lIiwidGl0bGUiOiJMb3dlciBTZWNvbmQtQ2xhc3MgSG9ub3VycyJ9LCJpZGVudGlmaWVyIjoiMDkwNDAwODA4NEgiLCJsZWFybmluZ0FjaGlldmVtZW50Ijp7ImFkZGl0aW9uYWxOb3RlIjpbIkRJU1RSSUJVVElPTiBNQU5BR0VNRU5UIl0sImRlc2NyaXB0aW9uIjoiTUFSS0VUSU5HIEFORCBTQUxFUyIsImlkIjoiaHR0cHM6Ly9sZWFzdG9uLmJjZGlwbG9tYS5jb20vbGF3LWVjb25vbWljcy1tYW5hZ2VtZW50I0xlYXJuaW5nQWNoaWV2bWVudCIsInRpdGxlIjoiTUFTVEVSUyBMQVcsIEVDT05PTUlDUyBBTkQgTUFOQUdFTUVOVCJ9LCJsZWFybmluZ1NwZWNpZmljYXRpb24iOnsiZWN0c0NyZWRpdFBvaW50cyI6MTIwLCJlcWZMZXZlbCI6NywiaWQiOiJodHRwczovL2xlYXN0b24uYmNkaXBsb21hLmNvbS9sYXctZWNvbm9taWNzLW1hbmFnZW1lbnQjTGVhcm5pbmdTcGVjaWZpY2F0aW9uIiwiaXNjZWRmQ29kZSI6WyI3Il0sIm5xZkxldmVsIjpbIjciXX19LCJjcmVkZW50aWFsU3RhdHVzIjp7ImlkIjoiaHR0cHM6Ly9lc3NpZi5ldXJvcGEuZXUvc3RhdHVzL2VkdWNhdGlvbiNoaWdoZXJFZHVjYXRpb24jMzkyYWM3ZjYtMzk5YS00MzdiLWEyNjgtNDY5MWVhZDhmMTc2IiwidHlwZSI6IkNyZWRlbnRpYWxTdGF0dXNMaXN0MjAyMCJ9LCJldmlkZW5jZSI6eyJkb2N1bWVudFByZXNlbmNlIjpbIlBoeXNpY2FsIl0sImV2aWRlbmNlRG9jdW1lbnQiOlsiUGFzc3BvcnQiXSwiaWQiOiJodHRwczovL2Vzc2lmLmV1cm9wYS5ldS90c3ItdmEvZXZpZGVuY2UvZjJhZWVjOTctZmMwZC00MmJmLThjYTctMDU0ODE5MmQ1Njc4Iiwic3ViamVjdFByZXNlbmNlIjoiUGh5c2ljYWwiLCJ0eXBlIjpbIkRvY3VtZW50VmVyaWZpY2F0aW9uIl0sInZlcmlmaWVyIjoiZGlkOmVic2k6Mjk2MmZiNzg0ZGY2MWJhYTI2N2M4MTMyNDk3NTM5ZjhjNjc0YjM3YzEyNDRhN2EifX0sImp0aSI6InVybjp1dWlkOmE5YzFjMTdkLWRlZWYtNGU4My05ZjMzLTIxYmU1MzMxODE5MyJ9.f6yvQQGTKlCG9sL5xKJHhgmgYJZwM3ElWlvlhwnobXnWNTTjpo_txFH6SgIf5DVZAr4QUO87ExL40jzyYAdQCQ"]},"iat":1726133976,"nonce":"abcd","jti":"urn:uuid:c58bbb4c-881c-4dc7-938d-8ac55e14080a"}
1164 [pool-1-thread-1 @coroutine#68] DEBUG id.walt.services.keystore.HKVKeyStoreService - Loading key "did:key:z6MkfiCKxRDjsvXBPcf6ijutD34FZmRZueTVxdaEGSp3rvqu#z6MkfiCKxRDjsvXBPcf6ijutD34FZmRZueTVxdaEGSp3rvqu".
1164 [pool-1-thread-1 @coroutine#68] DEBUG id.walt.services.jwt.WaltIdJwtService - Signing JWT with algorithm: EdDSA_Ed25519
1164 [pool-1-thread-1 @coroutine#68] DEBUG id.walt.model.DidUrl - Trying to create DidUrl from URL: "did:key:z6MkfiCKxRDjsvXBPcf6ijutD34FZmRZueTVxdaEGSp3rvqu#z6MkfiCKxRDjsvXBPcf6ijutD34FZmRZueTVxdaEGSp3rvqu"...
1164 [pool-1-thread-1 @coroutine#68] DEBUG id.walt.services.keystore.HKVKeyStoreService - Loading key "dab44cb6a12c4b72b8bc9f0a262544b0".
1166 [pool-1-thread-1 @coroutine#68] DEBUG id.walt.services.jwt.WaltIdJwtService - Signed JWT:  eyJraWQiOiJkaWQ6a2V5Ono2TWtmaUNLeFJEanN2WEJQY2Y2aWp1dEQzNEZabVJadWVUVnhkYUVHU3AzcnZxdSN6Nk1rZmlDS3hSRGpzdlhCUGNmNmlqdXREMzRGWm1SWnVlVFZ4ZGFFR1NwM3J2cXUiLCJ0eXAiOiJKV1QiLCJhbGciOiJFZERTQSJ9.eyJzdWIiOiJkaWQ6a2V5Ono2TWtmaUNLeFJEanN2WEJQY2Y2aWp1dEQzNEZabVJadWVUVnhkYUVHU3AzcnZxdSIsImF1ZCI6ImRpZDprZXk6ejZNa2ZpQ0t4UkRqc3ZYQlBjZjZpanV0RDM0RlptUlp1ZVRWeGRhRUdTcDNydnF1IiwibmJmIjoxNzI2MTMzOTc2LCJpc3MiOiJkaWQ6a2V5Ono2TWtmaUNLeFJEanN2WEJQY2Y2aWp1dEQzNEZabVJadWVUVnhkYUVHU3AzcnZxdSIsInZwIjp7InR5cGUiOlsiVmVyaWZpYWJsZVByZXNlbnRhdGlvbiJdLCJAY29udGV4dCI6WyJodHRwczovL3d3dy53My5vcmcvMjAxOC9jcmVkZW50aWFscy92MSJdLCJpZCI6InVybjp1dWlkOmM1OGJiYjRjLTg4MWMtNGRjNy05MzhkLThhYzU1ZTE0MDgwYSIsImhvbGRlciI6ImRpZDprZXk6ejZNa2ZpQ0t4UkRqc3ZYQlBjZjZpanV0RDM0RlptUlp1ZVRWeGRhRUdTcDNydnF1IiwidmVyaWZpYWJsZUNyZWRlbnRpYWwiOlsiZXlKcmFXUWlPaUprYVdRNmEyVjVPbm8yVFd0bWFVTkxlRkpFYW5OMldFSlFZMlkyYVdwMWRFUXpORVphYlZKYWRXVlVWbmhrWVVWSFUzQXpjblp4ZFNONk5rMXJabWxEUzNoU1JHcHpkbGhDVUdObU5tbHFkWFJFTXpSR1dtMVNXblZsVkZaNFpHRkZSMU53TTNKMmNYVWlMQ0owZVhBaU9pSktWMVFpTENKaGJHY2lPaUpGWkVSVFFTSjkuZXlKemRXSWlPaUprYVdRNmEyVjVPbm8yVFd0bWFVTkxlRkpFYW5OMldFSlFZMlkyYVdwMWRFUXpORVphYlZKYWRXVlVWbmhrWVVWSFUzQXpjblp4ZFNJc0ltNWlaaUk2TVRjeU5qRXpNemszTml3aWFYTnpJam9pWkdsa09tdGxlVHA2TmsxclptbERTM2hTUkdwemRsaENVR05tTm1scWRYUkVNelJHV20xU1duVmxWRlo0WkdGRlIxTndNM0oyY1hVaUxDSnBZWFFpT2pFM01qWXhNek01TnpZc0luWmpJanA3SW5SNWNHVWlPbHNpVm1WeWFXWnBZV0pzWlVOeVpXUmxiblJwWVd3aUxDSldaWEpwWm1saFlteGxRWFIwWlhOMFlYUnBiMjRpTENKV1pYSnBabWxoWW14bFJHbHdiRzl0WVNKZExDSkFZMjl1ZEdWNGRDSTZXeUpvZEhSd2N6b3ZMM2QzZHk1M015NXZjbWN2TWpBeE9DOWpjbVZrWlc1MGFXRnNjeTkyTVNKZExDSnBaQ0k2SW5WeWJqcDFkV2xrT21FNVl6RmpNVGRrTFdSbFpXWXROR1U0TXkwNVpqTXpMVEl4WW1VMU16TXhPREU1TXlJc0ltbHpjM1ZsY2lJNkltUnBaRHByWlhrNmVqWk5hMlpwUTB0NFVrUnFjM1pZUWxCalpqWnBhblYwUkRNMFJscHRVbHAxWlZSV2VHUmhSVWRUY0ROeWRuRjFJaXdpYVhOemRXRnVZMlZFWVhSbElqb2lNakF5TkMwd09TMHhNbFF3T1Rvek9Ub3pObG9pTENKcGMzTjFaV1FpT2lJeU1ESTBMVEE1TFRFeVZEQTVPak01T2pNMldpSXNJblpoYkdsa1JuSnZiU0k2SWpJd01qUXRNRGt0TVRKVU1EazZNems2TXpaYUlpd2laWGh3YVhKaGRHbHZia1JoZEdVaU9pSXlNREl5TFRBNExUTXhWREF3T2pBd09qQXdXaUlzSW1OeVpXUmxiblJwWVd4VFkyaGxiV0VpT25zaWFXUWlPaUpvZEhSd2N6b3ZMM0poZHk1bmFYUm9kV0oxYzJWeVkyOXVkR1Z1ZEM1amIyMHZkMkZzZEMxcFpDOTNZV3gwYVdRdGMzTnBhMmwwTFhaamJHbGlMMjFoYzNSbGNpOXpjbU12ZEdWemRDOXlaWE52ZFhKalpYTXZjMk5vWlcxaGN5OVdaWEpwWm1saFlteGxSR2x3Ykc5dFlTNXFjMjl1SWl3aWRIbHdaU0k2SWtwemIyNVRZMmhsYldGV1lXeHBaR0YwYjNJeU1ERTRJbjBzSW1OeVpXUmxiblJwWVd4VGRXSnFaV04wSWpwN0ltbGtJam9pWkdsa09tdGxlVHA2TmsxclptbERTM2hTUkdwemRsaENVR05tTm1scWRYUkVNelJHV20xU1duVmxWRlo0WkdGRlIxTndNM0oyY1hVaUxDSmhkMkZ5WkdsdVowOXdjRzl5ZEhWdWFYUjVJanA3SW1GM1lYSmthVzVuUW05a2VTSTZleUpsYVdSaGMweGxaMkZzU1dSbGJuUnBabWxsY2lJNklsVnVhMjV2ZDI0aUxDSm9iMjFsY0dGblpTSTZJbWgwZEhCek9pOHZiR1ZoYzNSdmJpNWlZMlJwY0d4dmJXRXVZMjl0THlJc0ltbGtJam9pWkdsa09tVmljMms2TWtFNVFsbzVVMVZsTmtKaGRHRmpVM0IyY3pGV05VTmtha2gyVEhCUk4ySkZjMmt5U21JMlRHUklTMjVSZUdGT0lpd2ljSEpsWm1WeWNtVmtUbUZ0WlNJNklreGxZWE4wYjI0Z1ZXNXBkbVZ5YzJsMGVTSXNJbkpsWjJsemRISmhkR2x2YmlJNklqQTFPVGN3TmpWS0luMHNJbVZ1WkdWa1FYUlVhVzFsSWpvaU1qQXlNQzB3TmkweU5sUXdNRG93TURvd01Gb2lMQ0pwWkNJNkltaDBkSEJ6T2k4dmJHVmhjM1J2Ymk1aVkyUnBjR3h2YldFdVkyOXRMMnhoZHkxbFkyOXViMjFwWTNNdGJXRnVZV2RsYldWdWRDTkJkMkZ5WkdsdVowOXdjRzl5ZEhWdWFYUjVJaXdpYVdSbGJuUnBabWxsY2lJNkltaDBkSEJ6T2k4dlkyVnlkR2xtYVdOaGRHVXRaR1Z0Ynk1aVkyUnBjR3h2YldFdVkyOXRMMk5vWldOckx6ZzNSVVF5UmpJeU56QkZOa00wTVRRMU5rVTVORUk0TmtJNVJEa3hNVFZDTkVVek5VSkRRMEZFTWpBd1FUUTVRamcwTmpVNU1rTXhORVkzT1VNNE5rSldNVVp1WW14c2RHRXdUbHBVYmtwclVqTnNSRmRzVW0xVVJHeFRVbFZLUlZaR1drbFRiVTV0V1hwS2FGVlZOWE5hVlVvMVdqSkdTbE5JY0ZkaWJWcGFJaXdpYkc5allYUnBiMjRpT2lKR1VrRk9RMFVpTENKemRHRnlkR1ZrUVhSVWFXMWxJam9pTWpBeE9TMHdPUzB3TWxRd01Eb3dNRG93TUZvaWZTd2laR0YwWlU5bVFtbHlkR2dpT2lJeE9Ua3pMVEEwTFRBNElpd2labUZ0YVd4NVRtRnRaU0k2SWtSUFJTSXNJbWRwZG1WdVRtRnRaWE1pT2lKS1lXNWxJaXdpWjNKaFpHbHVaMU5qYUdWdFpTSTZleUpwWkNJNkltaDBkSEJ6T2k4dmJHVmhjM1J2Ymk1aVkyUnBjR3h2YldFdVkyOXRMMnhoZHkxbFkyOXViMjFwWTNNdGJXRnVZV2RsYldWdWRDTkhjbUZrYVc1blUyTm9aVzFsSWl3aWRHbDBiR1VpT2lKTWIzZGxjaUJUWldOdmJtUXRRMnhoYzNNZ1NHOXViM1Z5Y3lKOUxDSnBaR1Z1ZEdsbWFXVnlJam9pTURrd05EQXdPREE0TkVnaUxDSnNaV0Z5Ym1sdVowRmphR2xsZG1WdFpXNTBJanA3SW1Ga1pHbDBhVzl1WVd4T2IzUmxJanBiSWtSSlUxUlNTVUpWVkVsUFRpQk5RVTVCUjBWTlJVNVVJbDBzSW1SbGMyTnlhWEIwYVc5dUlqb2lUVUZTUzBWVVNVNUhJRUZPUkNCVFFVeEZVeUlzSW1sa0lqb2lhSFIwY0hNNkx5OXNaV0Z6ZEc5dUxtSmpaR2x3Ykc5dFlTNWpiMjB2YkdGM0xXVmpiMjV2YldsamN5MXRZVzVoWjJWdFpXNTBJMHhsWVhKdWFXNW5RV05vYVdWMmJXVnVkQ0lzSW5ScGRHeGxJam9pVFVGVFZFVlNVeUJNUVZjc0lFVkRUMDVQVFVsRFV5QkJUa1FnVFVGT1FVZEZUVVZPVkNKOUxDSnNaV0Z5Ym1sdVoxTndaV05wWm1sallYUnBiMjRpT25zaVpXTjBjME55WldScGRGQnZhVzUwY3lJNk1USXdMQ0psY1daTVpYWmxiQ0k2Tnl3aWFXUWlPaUpvZEhSd2N6b3ZMMnhsWVhOMGIyNHVZbU5rYVhCc2IyMWhMbU52YlM5c1lYY3RaV052Ym05dGFXTnpMVzFoYm1GblpXMWxiblFqVEdWaGNtNXBibWRUY0dWamFXWnBZMkYwYVc5dUlpd2lhWE5qWldSbVEyOWtaU0k2V3lJM0lsMHNJbTV4Wmt4bGRtVnNJanBiSWpjaVhYMTlMQ0pqY21Wa1pXNTBhV0ZzVTNSaGRIVnpJanA3SW1sa0lqb2lhSFIwY0hNNkx5OWxjM05wWmk1bGRYSnZjR0V1WlhVdmMzUmhkSFZ6TDJWa2RXTmhkR2x2YmlOb2FXZG9aWEpGWkhWallYUnBiMjRqTXpreVlXTTNaall0TXprNVlTMDBNemRpTFdFeU5qZ3RORFk1TVdWaFpEaG1NVGMySWl3aWRIbHdaU0k2SWtOeVpXUmxiblJwWVd4VGRHRjBkWE5NYVhOME1qQXlNQ0o5TENKbGRtbGtaVzVqWlNJNmV5SmtiMk4xYldWdWRGQnlaWE5sYm1ObElqcGJJbEJvZVhOcFkyRnNJbDBzSW1WMmFXUmxibU5sUkc5amRXMWxiblFpT2xzaVVHRnpjM0J2Y25RaVhTd2lhV1FpT2lKb2RIUndjem92TDJWemMybG1MbVYxY205d1lTNWxkUzkwYzNJdGRtRXZaWFpwWkdWdVkyVXZaakpoWldWak9UY3RabU13WkMwME1tSm1MVGhqWVRjdE1EVTBPREU1TW1RMU5qYzRJaXdpYzNWaWFtVmpkRkJ5WlhObGJtTmxJam9pVUdoNWMybGpZV3dpTENKMGVYQmxJanBiSWtSdlkzVnRaVzUwVm1WeWFXWnBZMkYwYVc5dUlsMHNJblpsY21sbWFXVnlJam9pWkdsa09tVmljMms2TWprMk1tWmlOemcwWkdZMk1XSmhZVEkyTjJNNE1UTXlORGszTlRNNVpqaGpOamMwWWpNM1l6RXlORFJoTjJFaWZYMHNJbXAwYVNJNkluVnlianAxZFdsa09tRTVZekZqTVRka0xXUmxaV1l0TkdVNE15MDVaak16TFRJeFltVTFNek14T0RFNU15SjkuZjZ5dlFRR1RLbENHOXNMNXhLSkhoZ21nWUpad00zRWxXbHZsaHdub2JYbldOVFRqcG9fdHhGSDZTZ0lmNURWWkFyNFFVTzg3RXhMNDBqenlZQWRRQ1EiXX0sImlhdCI6MTcyNjEzMzk3Niwibm9uY2UiOiJhYmNkIiwianRpIjoidXJuOnV1aWQ6YzU4YmJiNGMtODgxYy00ZGM3LTkzOGQtOGFjNTVlMTQwODBhIn0.JftQUnuFZ5nSuzQXy_2IdDA0NdUa1OQFfkBBp3bmFgmzRavmEXw-FS_eebsYOyne_fYJ91z5UVf_ZatA_hONCA
1167 [pool-1-thread-1 @coroutine#68] DEBUG id.walt.services.vc.WaltIdJwtCredentialService - VP created:eyJraWQiOiJkaWQ6a2V5Ono2TWtmaUNLeFJEanN2WEJQY2Y2aWp1dEQzNEZabVJadWVUVnhkYUVHU3AzcnZxdSN6Nk1rZmlDS3hSRGpzdlhCUGNmNmlqdXREMzRGWm1SWnVlVFZ4ZGFFR1NwM3J2cXUiLCJ0eXAiOiJKV1QiLCJhbGciOiJFZERTQSJ9.eyJzdWIiOiJkaWQ6a2V5Ono2TWtmaUNLeFJEanN2WEJQY2Y2aWp1dEQzNEZabVJadWVUVnhkYUVHU3AzcnZxdSIsImF1ZCI6ImRpZDprZXk6ejZNa2ZpQ0t4UkRqc3ZYQlBjZjZpanV0RDM0RlptUlp1ZVRWeGRhRUdTcDNydnF1IiwibmJmIjoxNzI2MTMzOTc2LCJpc3MiOiJkaWQ6a2V5Ono2TWtmaUNLeFJEanN2WEJQY2Y2aWp1dEQzNEZabVJadWVUVnhkYUVHU3AzcnZxdSIsInZwIjp7InR5cGUiOlsiVmVyaWZpYWJsZVByZXNlbnRhdGlvbiJdLCJAY29udGV4dCI6WyJodHRwczovL3d3dy53My5vcmcvMjAxOC9jcmVkZW50aWFscy92MSJdLCJpZCI6InVybjp1dWlkOmM1OGJiYjRjLTg4MWMtNGRjNy05MzhkLThhYzU1ZTE0MDgwYSIsImhvbGRlciI6ImRpZDprZXk6ejZNa2ZpQ0t4UkRqc3ZYQlBjZjZpanV0RDM0RlptUlp1ZVRWeGRhRUdTcDNydnF1IiwidmVyaWZpYWJsZUNyZWRlbnRpYWwiOlsiZXlKcmFXUWlPaUprYVdRNmEyVjVPbm8yVFd0bWFVTkxlRkpFYW5OMldFSlFZMlkyYVdwMWRFUXpORVphYlZKYWRXVlVWbmhrWVVWSFUzQXpjblp4ZFNONk5rMXJabWxEUzNoU1JHcHpkbGhDVUdObU5tbHFkWFJFTXpSR1dtMVNXblZsVkZaNFpHRkZSMU53TTNKMmNYVWlMQ0owZVhBaU9pSktWMVFpTENKaGJHY2lPaUpGWkVSVFFTSjkuZXlKemRXSWlPaUprYVdRNmEyVjVPbm8yVFd0bWFVTkxlRkpFYW5OMldFSlFZMlkyYVdwMWRFUXpORVphYlZKYWRXVlVWbmhrWVVWSFUzQXpjblp4ZFNJc0ltNWlaaUk2TVRjeU5qRXpNemszTml3aWFYTnpJam9pWkdsa09tdGxlVHA2TmsxclptbERTM2hTUkdwemRsaENVR05tTm1scWRYUkVNelJHV20xU1duVmxWRlo0WkdGRlIxTndNM0oyY1hVaUxDSnBZWFFpT2pFM01qWXhNek01TnpZc0luWmpJanA3SW5SNWNHVWlPbHNpVm1WeWFXWnBZV0pzWlVOeVpXUmxiblJwWVd3aUxDSldaWEpwWm1saFlteGxRWFIwWlhOMFlYUnBiMjRpTENKV1pYSnBabWxoWW14bFJHbHdiRzl0WVNKZExDSkFZMjl1ZEdWNGRDSTZXeUpvZEhSd2N6b3ZMM2QzZHk1M015NXZjbWN2TWpBeE9DOWpjbVZrWlc1MGFXRnNjeTkyTVNKZExDSnBaQ0k2SW5WeWJqcDFkV2xrT21FNVl6RmpNVGRrTFdSbFpXWXROR1U0TXkwNVpqTXpMVEl4WW1VMU16TXhPREU1TXlJc0ltbHpjM1ZsY2lJNkltUnBaRHByWlhrNmVqWk5hMlpwUTB0NFVrUnFjM1pZUWxCalpqWnBhblYwUkRNMFJscHRVbHAxWlZSV2VHUmhSVWRUY0ROeWRuRjFJaXdpYVhOemRXRnVZMlZFWVhSbElqb2lNakF5TkMwd09TMHhNbFF3T1Rvek9Ub3pObG9pTENKcGMzTjFaV1FpT2lJeU1ESTBMVEE1TFRFeVZEQTVPak01T2pNMldpSXNJblpoYkdsa1JuSnZiU0k2SWpJd01qUXRNRGt0TVRKVU1EazZNems2TXpaYUlpd2laWGh3YVhKaGRHbHZia1JoZEdVaU9pSXlNREl5TFRBNExUTXhWREF3T2pBd09qQXdXaUlzSW1OeVpXUmxiblJwWVd4VFkyaGxiV0VpT25zaWFXUWlPaUpvZEhSd2N6b3ZMM0poZHk1bmFYUm9kV0oxYzJWeVkyOXVkR1Z1ZEM1amIyMHZkMkZzZEMxcFpDOTNZV3gwYVdRdGMzTnBhMmwwTFhaamJHbGlMMjFoYzNSbGNpOXpjbU12ZEdWemRDOXlaWE52ZFhKalpYTXZjMk5vWlcxaGN5OVdaWEpwWm1saFlteGxSR2x3Ykc5dFlTNXFjMjl1SWl3aWRIbHdaU0k2SWtwemIyNVRZMmhsYldGV1lXeHBaR0YwYjNJeU1ERTRJbjBzSW1OeVpXUmxiblJwWVd4VGRXSnFaV04wSWpwN0ltbGtJam9pWkdsa09tdGxlVHA2TmsxclptbERTM2hTUkdwemRsaENVR05tTm1scWRYUkVNelJHV20xU1duVmxWRlo0WkdGRlIxTndNM0oyY1hVaUxDSmhkMkZ5WkdsdVowOXdjRzl5ZEhWdWFYUjVJanA3SW1GM1lYSmthVzVuUW05a2VTSTZleUpsYVdSaGMweGxaMkZzU1dSbGJuUnBabWxsY2lJNklsVnVhMjV2ZDI0aUxDSm9iMjFsY0dGblpTSTZJbWgwZEhCek9pOHZiR1ZoYzNSdmJpNWlZMlJwY0d4dmJXRXVZMjl0THlJc0ltbGtJam9pWkdsa09tVmljMms2TWtFNVFsbzVVMVZsTmtKaGRHRmpVM0IyY3pGV05VTmtha2gyVEhCUk4ySkZjMmt5U21JMlRHUklTMjVSZUdGT0lpd2ljSEpsWm1WeWNtVmtUbUZ0WlNJNklreGxZWE4wYjI0Z1ZXNXBkbVZ5YzJsMGVTSXNJbkpsWjJsemRISmhkR2x2YmlJNklqQTFPVGN3TmpWS0luMHNJbVZ1WkdWa1FYUlVhVzFsSWpvaU1qQXlNQzB3TmkweU5sUXdNRG93TURvd01Gb2lMQ0pwWkNJNkltaDBkSEJ6T2k4dmJHVmhjM1J2Ymk1aVkyUnBjR3h2YldFdVkyOXRMMnhoZHkxbFkyOXViMjFwWTNNdGJXRnVZV2RsYldWdWRDTkJkMkZ5WkdsdVowOXdjRzl5ZEhWdWFYUjVJaXdpYVdSbGJuUnBabWxsY2lJNkltaDBkSEJ6T2k4dlkyVnlkR2xtYVdOaGRHVXRaR1Z0Ynk1aVkyUnBjR3h2YldFdVkyOXRMMk5vWldOckx6ZzNSVVF5UmpJeU56QkZOa00wTVRRMU5rVTVORUk0TmtJNVJEa3hNVFZDTkVVek5VSkRRMEZFTWpBd1FUUTVRamcwTmpVNU1rTXhORVkzT1VNNE5rSldNVVp1WW14c2RHRXdUbHBVYmtwclVqTnNSRmRzVW0xVVJHeFRVbFZLUlZaR1drbFRiVTV0V1hwS2FGVlZOWE5hVlVvMVdqSkdTbE5JY0ZkaWJWcGFJaXdpYkc5allYUnBiMjRpT2lKR1VrRk9RMFVpTENKemRHRnlkR1ZrUVhSVWFXMWxJam9pTWpBeE9TMHdPUzB3TWxRd01Eb3dNRG93TUZvaWZTd2laR0YwWlU5bVFtbHlkR2dpT2lJeE9Ua3pMVEEwTFRBNElpd2labUZ0YVd4NVRtRnRaU0k2SWtSUFJTSXNJbWRwZG1WdVRtRnRaWE1pT2lKS1lXNWxJaXdpWjNKaFpHbHVaMU5qYUdWdFpTSTZleUpwWkNJNkltaDBkSEJ6T2k4dmJHVmhjM1J2Ymk1aVkyUnBjR3h2YldFdVkyOXRMMnhoZHkxbFkyOXViMjFwWTNNdGJXRnVZV2RsYldWdWRDTkhjbUZrYVc1blUyTm9aVzFsSWl3aWRHbDBiR1VpT2lKTWIzZGxjaUJUWldOdmJtUXRRMnhoYzNNZ1NHOXViM1Z5Y3lKOUxDSnBaR1Z1ZEdsbWFXVnlJam9pTURrd05EQXdPREE0TkVnaUxDSnNaV0Z5Ym1sdVowRmphR2xsZG1WdFpXNTBJanA3SW1Ga1pHbDBhVzl1WVd4T2IzUmxJanBiSWtSSlUxUlNTVUpWVkVsUFRpQk5RVTVCUjBWTlJVNVVJbDBzSW1SbGMyTnlhWEIwYVc5dUlqb2lUVUZTUzBWVVNVNUhJRUZPUkNCVFFVeEZVeUlzSW1sa0lqb2lhSFIwY0hNNkx5OXNaV0Z6ZEc5dUxtSmpaR2x3Ykc5dFlTNWpiMjB2YkdGM0xXVmpiMjV2YldsamN5MXRZVzVoWjJWdFpXNTBJMHhsWVhKdWFXNW5RV05vYVdWMmJXVnVkQ0lzSW5ScGRHeGxJam9pVFVGVFZFVlNVeUJNUVZjc0lFVkRUMDVQVFVsRFV5QkJUa1FnVFVGT1FVZEZUVVZPVkNKOUxDSnNaV0Z5Ym1sdVoxTndaV05wWm1sallYUnBiMjRpT25zaVpXTjBjME55WldScGRGQnZhVzUwY3lJNk1USXdMQ0psY1daTVpYWmxiQ0k2Tnl3aWFXUWlPaUpvZEhSd2N6b3ZMMnhsWVhOMGIyNHVZbU5rYVhCc2IyMWhMbU52YlM5c1lYY3RaV052Ym05dGFXTnpMVzFoYm1GblpXMWxiblFqVEdWaGNtNXBibWRUY0dWamFXWnBZMkYwYVc5dUlpd2lhWE5qWldSbVEyOWtaU0k2V3lJM0lsMHNJbTV4Wmt4bGRtVnNJanBiSWpjaVhYMTlMQ0pqY21Wa1pXNTBhV0ZzVTNSaGRIVnpJanA3SW1sa0lqb2lhSFIwY0hNNkx5OWxjM05wWmk1bGRYSnZjR0V1WlhVdmMzUmhkSFZ6TDJWa2RXTmhkR2x2YmlOb2FXZG9aWEpGWkhWallYUnBiMjRqTXpreVlXTTNaall0TXprNVlTMDBNemRpTFdFeU5qZ3RORFk1TVdWaFpEaG1NVGMySWl3aWRIbHdaU0k2SWtOeVpXUmxiblJwWVd4VGRHRjBkWE5NYVhOME1qQXlNQ0o5TENKbGRtbGtaVzVqWlNJNmV5SmtiMk4xYldWdWRGQnlaWE5sYm1ObElqcGJJbEJvZVhOcFkyRnNJbDBzSW1WMmFXUmxibU5sUkc5amRXMWxiblFpT2xzaVVHRnpjM0J2Y25RaVhTd2lhV1FpT2lKb2RIUndjem92TDJWemMybG1MbVYxY205d1lTNWxkUzkwYzNJdGRtRXZaWFpwWkdWdVkyVXZaakpoWldWak9UY3RabU13WkMwME1tSm1MVGhqWVRjdE1EVTBPREU1TW1RMU5qYzRJaXdpYzNWaWFtVmpkRkJ5WlhObGJtTmxJam9pVUdoNWMybGpZV3dpTENKMGVYQmxJanBiSWtSdlkzVnRaVzUwVm1WeWFXWnBZMkYwYVc5dUlsMHNJblpsY21sbWFXVnlJam9pWkdsa09tVmljMms2TWprMk1tWmlOemcwWkdZMk1XSmhZVEkyTjJNNE1UTXlORGszTlRNNVpqaGpOamMwWWpNM1l6RXlORFJoTjJFaWZYMHNJbXAwYVNJNkluVnlianAxZFdsa09tRTVZekZqTVRka0xXUmxaV1l0TkdVNE15MDVaak16TFRJeFltVTFNek14T0RFNU15SjkuZjZ5dlFRR1RLbENHOXNMNXhLSkhoZ21nWUpad00zRWxXbHZsaHdub2JYbldOVFRqcG9fdHhGSDZTZ0lmNURWWkFyNFFVTzg3RXhMNDBqenlZQWRRQ1EiXX0sImlhdCI6MTcyNjEzMzk3Niwibm9uY2UiOiJhYmNkIiwianRpIjoidXJuOnV1aWQ6YzU4YmJiNGMtODgxYy00ZGM3LTkzOGQtOGFjNTVlMTQwODBhIn0.JftQUnuFZ5nSuzQXy_2IdDA0NdUa1OQFfkBBp3bmFgmzRavmEXw-FS_eebsYOyne_fYJ91z5UVf_ZatA_hONCA
1174 [pool-1-thread-1 @coroutine#68] DEBUG id.walt.auditor.Auditor - Verifying vc with SignaturePolicy ...
1174 [pool-1-thread-1 @coroutine#68] DEBUG id.walt.auditor.policies.SignaturePolicy - is jwt: false
1175 [pool-1-thread-1 @coroutine#68] DEBUG id.walt.model.DidUrl - Trying to create DidUrl from URL: "did:key:z6MkfiCKxRDjsvXBPcf6ijutD34FZmRZueTVxdaEGSp3rvqu#z6MkfiCKxRDjsvXBPcf6ijutD34FZmRZueTVxdaEGSp3rvqu"...
1178 [pool-1-thread-1 @coroutine#68] DEBUG id.walt.model.DidUrl - Trying to create DidUrl from URL: "did:key:z6MkfiCKxRDjsvXBPcf6ijutD34FZmRZueTVxdaEGSp3rvqu"...
1179 [pool-1-thread-1 @coroutine#68] DEBUG id.walt.model.DidUrl - Trying to create DidUrl from URL: "did:key:z6MkfiCKxRDjsvXBPcf6ijutD34FZmRZueTVxdaEGSp3rvqu"...
1180 [pool-1-thread-1 @coroutine#68] DEBUG id.walt.services.did.DidService - DID imported: did:key:z6MkfiCKxRDjsvXBPcf6ijutD34FZmRZueTVxdaEGSp3rvqu#z6MkfiCKxRDjsvXBPcf6ijutD34FZmRZueTVxdaEGSp3rvqu
1181 [pool-1-thread-1 @coroutine#68] DEBUG id.walt.services.did.DidService - Loading or resolving "did:key:z6MkfiCKxRDjsvXBPcf6ijutD34FZmRZueTVxdaEGSp3rvqu#z6MkfiCKxRDjsvXBPcf6ijutD34FZmRZueTVxdaEGSp3rvqu"...
1181 [pool-1-thread-1 @coroutine#68] DEBUG id.walt.model.DidUrl - Trying to create DidUrl from URL: "did:key:z6MkfiCKxRDjsvXBPcf6ijutD34FZmRZueTVxdaEGSp3rvqu#z6MkfiCKxRDjsvXBPcf6ijutD34FZmRZueTVxdaEGSp3rvqu"...
1182 [pool-1-thread-1 @coroutine#68] DEBUG id.walt.services.did.DidService - loadOrResolve: url=DidUrl(method=key, identifier=z6MkfiCKxRDjsvXBPcf6ijutD34FZmRZueTVxdaEGSp3rvqu, fragment=z6MkfiCKxRDjsvXBPcf6ijutD34FZmRZueTVxdaEGSp3rvqu, query=null), length of stored=null
1182 [pool-1-thread-1 @coroutine#68] DEBUG id.walt.model.DidUrl - Trying to create DidUrl from URL: "did:key:z6MkfiCKxRDjsvXBPcf6ijutD34FZmRZueTVxdaEGSp3rvqu#z6MkfiCKxRDjsvXBPcf6ijutD34FZmRZueTVxdaEGSp3rvqu"...
1184 [pool-1-thread-1 @coroutine#68] DEBUG id.walt.model.DidUrl - Trying to create DidUrl from URL: "did:key:z6MkfiCKxRDjsvXBPcf6ijutD34FZmRZueTVxdaEGSp3rvqu"...
1184 [pool-1-thread-1 @coroutine#68] DEBUG id.walt.model.DidUrl - Trying to create DidUrl from URL: "did:key:z6MkfiCKxRDjsvXBPcf6ijutD34FZmRZueTVxdaEGSp3rvqu"...
1187 [pool-1-thread-1 @coroutine#68] DEBUG id.walt.services.did.DidService - Key imported for: did:key:z6MkfiCKxRDjsvXBPcf6ijutD34FZmRZueTVxdaEGSp3rvqu#z6MkfiCKxRDjsvXBPcf6ijutD34FZmRZueTVxdaEGSp3rvqu
1187 [pool-1-thread-1 @coroutine#68] DEBUG id.walt.services.did.DidService - Loading or resolving "did:key:z6MkfiCKxRDjsvXBPcf6ijutD34FZmRZueTVxdaEGSp3rvqu"...
1187 [pool-1-thread-1 @coroutine#68] DEBUG id.walt.model.DidUrl - Trying to create DidUrl from URL: "did:key:z6MkfiCKxRDjsvXBPcf6ijutD34FZmRZueTVxdaEGSp3rvqu"...
1187 [pool-1-thread-1 @coroutine#68] DEBUG id.walt.services.did.DidService - loadOrResolve: url=DidUrl(method=key, identifier=z6MkfiCKxRDjsvXBPcf6ijutD34FZmRZueTVxdaEGSp3rvqu, fragment=z6MkfiCKxRDjsvXBPcf6ijutD34FZmRZueTVxdaEGSp3rvqu, query=null), length of stored=1638
1392 [pool-1-thread-1 @coroutine#68] DEBUG id.walt.model.DidUrl - Trying to create DidUrl from URL: "did:key:z6MkfiCKxRDjsvXBPcf6ijutD34FZmRZueTVxdaEGSp3rvqu"...
1405 [pool-1-thread-1 @coroutine#68] DEBUG id.walt.services.vc.WaltIdJsonLdCredentialService - Loading verification key for:  did:key:z6MkfiCKxRDjsvXBPcf6ijutD34FZmRZueTVxdaEGSp3rvqu#z6MkfiCKxRDjsvXBPcf6ijutD34FZmRZueTVxdaEGSp3rvqu
1407 [pool-1-thread-1 @coroutine#68] DEBUG id.walt.services.vc.WaltIdJsonLdCredentialService - Document loader config: isEnableHttp (true), isEnableHttps (true), isEnableFile (true), isEnableLocalCache (true)
1408 [pool-1-thread-1 @coroutine#68] DEBUG id.walt.services.vc.WaltIdJsonLdCredentialService - Decoded Json LD object: {"type":["VerifiablePresentation"],"@context":["https://www.w3.org/2018/credentials/v1","https://w3id.org/security/suites/jws-2020/v1"],"id":"urn:uuid:e37a7e72-bf34-4375-9946-ebb002b0a291","proof":{"type":"JsonWebSignature2020","creator":"did:key:z6MkfiCKxRDjsvXBPcf6ijutD34FZmRZueTVxdaEGSp3rvqu","created":"2024-09-12T09:39:36Z","domain":"https://api-pilot.ebsi.eu","proofPurpose":"authentication","verificationMethod":"did:key:z6MkfiCKxRDjsvXBPcf6ijutD34FZmRZueTVxdaEGSp3rvqu#z6MkfiCKxRDjsvXBPcf6ijutD34FZmRZueTVxdaEGSp3rvqu","jws":"eyJiNjQiOmZhbHNlLCJjcml0IjpbImI2NCJdLCJhbGciOiJFZERTQSJ9..p7943CfJ9P2m7L5qaUf3LFO859TQA01LRwRD19va-7XiH6BLkFSTKHET2rp9gruDAI4Il5SAk0OKyQy0IWjjDA","nonce":"d04442d3-661f-411e-a80f-42f19f594c9d"},"holder":"did:key:z6MkfiCKxRDjsvXBPcf6ijutD34FZmRZueTVxdaEGSp3rvqu","verifiableCredential":[{"type":["VerifiableCredential","VerifiableAttestation","VerifiableDiploma"],"@context":["https://www.w3.org/2018/credentials/v1","https://w3id.org/security/suites/jws-2020/v1"],"id":"urn:uuid:7f747535-5eb1-410b-9fab-6f325bb13251","issuer":"did:key:z6MkfiCKxRDjsvXBPcf6ijutD34FZmRZueTVxdaEGSp3rvqu","issuanceDate":"2024-09-12T09:39:36Z","issued":"2024-09-12T09:39:36Z","validFrom":"2024-09-12T09:39:36Z","expirationDate":"2022-08-31T00:00:00Z","proof":{"type":"JsonWebSignature2020","creator":"did:key:z6MkfiCKxRDjsvXBPcf6ijutD34FZmRZueTVxdaEGSp3rvqu","created":"2024-09-12T09:39:36Z","proofPurpose":"assertionMethod","verificationMethod":"did:key:z6MkfiCKxRDjsvXBPcf6ijutD34FZmRZueTVxdaEGSp3rvqu#z6MkfiCKxRDjsvXBPcf6ijutD34FZmRZueTVxdaEGSp3rvqu","jws":"eyJiNjQiOmZhbHNlLCJjcml0IjpbImI2NCJdLCJhbGciOiJFZERTQSJ9..QTF8m2xdkIp9VUf9zVvgUCgqA8qS_Km2cUrGpZ706xsfaRSnJudVUS02Ng1JgMR2xRuXdTRbTp6O2vOR0kRyDg"},"credentialSchema":{"id":"https://raw.githubusercontent.com/walt-id/waltid-ssikit-vclib/master/src/test/resources/schemas/VerifiableDiploma.json","type":"JsonSchemaValidator2018"},"credentialSubject":{"id":"did:key:z6MkfiCKxRDjsvXBPcf6ijutD34FZmRZueTVxdaEGSp3rvqu","awardingOpportunity":{"awardingBody":{"eidasLegalIdentifier":"Unknown","homepage":"https://leaston.bcdiploma.com/","id":"did:ebsi:2A9BZ9SUe6BatacSpvs1V5CdjHvLpQ7bEsi2Jb6LdHKnQxaN","preferredName":"Leaston University","registration":"0597065J"},"endedAtTime":"2020-06-26T00:00:00Z","id":"https://leaston.bcdiploma.com/law-economics-management#AwardingOpportunity","identifier":"https://certificate-demo.bcdiploma.com/check/87ED2F2270E6C41456E94B86B9D9115B4E35BCCAD200A49B846592C14F79C86BV1Fnbllta0NZTnJkR3lDWlRmTDlSRUJEVFZISmNmYzJhUU5sZUJ5Z2FJSHpWbmZZ","location":"FRANCE","startedAtTime":"2019-09-02T00:00:00Z"},"dateOfBirth":"1993-04-08","familyName":"DOE","givenNames":"Jane","gradingScheme":{"id":"https://leaston.bcdiploma.com/law-economics-management#GradingScheme","title":"Lower Second-Class Honours"},"identifier":"0904008084H","learningAchievement":{"additionalNote":["DISTRIBUTION MANAGEMENT"],"description":"MARKETING AND SALES","id":"https://leaston.bcdiploma.com/law-economics-management#LearningAchievment","title":"MASTERS LAW, ECONOMICS AND MANAGEMENT"},"learningSpecification":{"ectsCreditPoints":120,"eqfLevel":7,"id":"https://leaston.bcdiploma.com/law-economics-management#LearningSpecification","iscedfCode":["7"],"nqfLevel":["7"]}},"credentialStatus":{"id":"https://essif.europa.eu/status/education#higherEducation#392ac7f6-399a-437b-a268-4691ead8f176","type":"CredentialStatusList2020"},"evidence":{"documentPresence":["Physical"],"evidenceDocument":["Passport"],"id":"https://essif.europa.eu/tsr-va/evidence/f2aeec97-fc0d-42bf-8ca7-0548192d5678","subjectPresence":"Physical","type":["DocumentVerification"],"verifier":"did:ebsi:2962fb784df61baa267c8132497539f8c674b37c1244a7a"}}]}
1495 [pool-1-thread-1 @coroutine#68] DEBUG id.walt.services.storeUmu.defaultSoreServiceUmu - Loading key "z6MkfiCKxRDjsvXBPcf6ijutD34FZmRZueTVxdaEGSp3rvqu"...
1500 [pool-1-thread-1 @coroutine#68] DEBUG id.walt.auditor.VerificationPolicy - VerificationPolicy failed: Could not load key: z6MkfiCKxRDjsvXBPcf6ijutD34FZmRZueTVxdaEGSp3rvqu
1502 [pool-1-thread-1 @coroutine#68] DEBUG id.walt.auditor.VerificationPolicy - VC [VerifiablePresentation] passes policy SignaturePolicy: failed: #1: IllegalArgumentException - Could not load key: z6MkfiCKxRDjsvXBPcf6ijutD34FZmRZueTVxdaEGSp3rvqu
1502 [pool-1-thread-1 @coroutine#68] ERROR id.walt.auditor.Auditor - SignaturePolicy: java.lang.IllegalArgumentException: Could not load key: z6MkfiCKxRDjsvXBPcf6ijutD34FZmRZueTVxdaEGSp3rvqu
1502 [pool-1-thread-1 @coroutine#68] DEBUG id.walt.auditor.VerificationPolicy - VerificationPolicy failed: Could not load key: z6MkfiCKxRDjsvXBPcf6ijutD34FZmRZueTVxdaEGSp3rvqu
1502 [pool-1-thread-1 @coroutine#68] DEBUG id.walt.auditor.Auditor - Verifying vc with JsonSchemaPolicy ...
1502 [pool-1-thread-1 @coroutine#68] DEBUG id.walt.auditor.VerificationPolicy - VC [VerifiablePresentation] passes policy JsonSchemaPolicy: passed
1502 [pool-1-thread-1 @coroutine#68] DEBUG id.walt.auditor.Auditor - Verifying VerifiableDiploma in VP with JsonSchemaPolicy...
2015 [pool-1-thread-1 @coroutine#68] DEBUG id.walt.auditor.VerificationPolicy - VC [VerifiableCredential, VerifiableAttestation, VerifiableDiploma] passes policy JsonSchemaPolicy: passed
2043 [pool-1-thread-1 @coroutine#75] DEBUG id.walt.services.keystore.HKVKeyStoreService - Storing key "88e05d8983ba4e58be01b05ac66b0bfb".
2044 [pool-1-thread-1 @coroutine#75] DEBUG id.walt.services.keystore.HKVKeyStoreService - Loading key "88e05d8983ba4e58be01b05ac66b0bfb".
2044 [pool-1-thread-1 @coroutine#75] DEBUG id.walt.model.DidUrl - Trying to create DidUrl from URL: "did:key:z6MknP5vgxyQB5hykBCNh9bhXaRcL5h4RhuVV9eh695E7hij"...
2046 [pool-1-thread-1 @coroutine#75] DEBUG id.walt.services.keystore.HKVKeyStoreService - Loading key "88e05d8983ba4e58be01b05ac66b0bfb".
2046 [pool-1-thread-1 @coroutine#75] DEBUG id.walt.services.did.DidService - A key with the id "88e05d8983ba4e58be01b05ac66b0bfb" exists.
2047 [pool-1-thread-1 @coroutine#75] DEBUG id.walt.model.DidUrl - Trying to create DidUrl from URL: "did:key:z6MknP5vgxyQB5hykBCNh9bhXaRcL5h4RhuVV9eh695E7hij"...
2047 [pool-1-thread-1 @coroutine#75] DEBUG id.walt.model.DidUrl - Trying to create DidUrl from URL: "did:key:z6MknP5vgxyQB5hykBCNh9bhXaRcL5h4RhuVV9eh695E7hij"...
2049 [pool-1-thread-1 @coroutine#75] DEBUG id.walt.model.DidUrl - Trying to create DidUrl from URL: "did:key:z6MknP5vgxyQB5hykBCNh9bhXaRcL5h4RhuVV9eh695E7hij"...
2049 [pool-1-thread-1 @coroutine#75] DEBUG id.walt.model.DidUrl - Trying to create DidUrl from URL: "did:key:z6MknP5vgxyQB5hykBCNh9bhXaRcL5h4RhuVV9eh695E7hij"...
2049 [pool-1-thread-1 @coroutine#75] DEBUG id.walt.model.DidUrl - Trying to create DidUrl from URL: "did:key:z6MknP5vgxyQB5hykBCNh9bhXaRcL5h4RhuVV9eh695E7hij"...
2049 [pool-1-thread-1 @coroutine#75] DEBUG id.walt.signatory.WaltIdSignatory - Signing credential with proof using LD_PROOF...
2049 [pool-1-thread-1 @coroutine#75] DEBUG id.walt.signatory.WaltIdSignatory - Signing credential with proof using LD_PROOF, credential is: {"type":["VerifiableCredential","VerifiableAttestation","VerifiableDiploma"],"@context":["https://www.w3.org/2018/credentials/v1"],"id":"urn:uuid:b698bc4c-c084-4e21-b17f-94e9c19c9da7","issuer":"did:key:z6MknP5vgxyQB5hykBCNh9bhXaRcL5h4RhuVV9eh695E7hij","issuanceDate":"2024-09-12T09:39:37Z","issued":"2024-09-12T09:39:37Z","validFrom":"2024-09-12T09:39:37Z","expirationDate":"2022-08-31T00:00:00Z","credentialSchema":{"id":"https://raw.githubusercontent.com/walt-id/waltid-ssikit-vclib/master/src/test/resources/schemas/VerifiableDiploma.json","type":"JsonSchemaValidator2018"},"credentialSubject":{"id":"did:key:z6MknP5vgxyQB5hykBCNh9bhXaRcL5h4RhuVV9eh695E7hij","awardingOpportunity":{"awardingBody":{"eidasLegalIdentifier":"Unknown","homepage":"https://leaston.bcdiploma.com/","id":"did:ebsi:2A9BZ9SUe6BatacSpvs1V5CdjHvLpQ7bEsi2Jb6LdHKnQxaN","preferredName":"Leaston University","registration":"0597065J"},"endedAtTime":"2020-06-26T00:00:00Z","id":"https://leaston.bcdiploma.com/law-economics-management#AwardingOpportunity","identifier":"https://certificate-demo.bcdiploma.com/check/87ED2F2270E6C41456E94B86B9D9115B4E35BCCAD200A49B846592C14F79C86BV1Fnbllta0NZTnJkR3lDWlRmTDlSRUJEVFZISmNmYzJhUU5sZUJ5Z2FJSHpWbmZZ","location":"FRANCE","startedAtTime":"2019-09-02T00:00:00Z"},"dateOfBirth":"1993-04-08","familyName":"DOE","givenNames":"Jane","gradingScheme":{"id":"https://leaston.bcdiploma.com/law-economics-management#GradingScheme","title":"Lower Second-Class Honours"},"identifier":"0904008084H","learningAchievement":{"additionalNote":["DISTRIBUTION MANAGEMENT"],"description":"MARKETING AND SALES","id":"https://leaston.bcdiploma.com/law-economics-management#LearningAchievment","title":"MASTERS LAW, ECONOMICS AND MANAGEMENT"},"learningSpecification":{"ectsCreditPoints":120,"eqfLevel":7,"id":"https://leaston.bcdiploma.com/law-economics-management#LearningSpecification","iscedfCode":["7"],"nqfLevel":["7"]}},"credentialStatus":{"id":"https://essif.europa.eu/status/education#higherEducation#392ac7f6-399a-437b-a268-4691ead8f176","type":"CredentialStatusList2020"},"evidence":{"documentPresence":["Physical"],"evidenceDocument":["Passport"],"id":"https://essif.europa.eu/tsr-va/evidence/f2aeec97-fc0d-42bf-8ca7-0548192d5678","subjectPresence":"Physical","type":["DocumentVerification"],"verifier":"did:ebsi:2962fb784df61baa267c8132497539f8c674b37c1244a7a"}}
2049 [pool-1-thread-1 @coroutine#75] DEBUG id.walt.services.vc.WaltIdJsonLdCredentialService - Signing jsonLd object with: issuerDid (did:key:z6MknP5vgxyQB5hykBCNh9bhXaRcL5h4RhuVV9eh695E7hij), domain (null), nonce (null
2050 [pool-1-thread-1 @coroutine#75] DEBUG id.walt.services.keystore.HKVKeyStoreService - Loading key "did:key:z6MknP5vgxyQB5hykBCNh9bhXaRcL5h4RhuVV9eh695E7hij#z6MknP5vgxyQB5hykBCNh9bhXaRcL5h4RhuVV9eh695E7hij".
2050 [pool-1-thread-1 @coroutine#75] DEBUG id.walt.services.vc.WaltIdJsonLdCredentialService - Signing: {"type":["VerifiableCredential","VerifiableAttestation","VerifiableDiploma"],"@context":["https://www.w3.org/2018/credentials/v1"],"id":"urn:uuid:b698bc4c-c084-4e21-b17f-94e9c19c9da7","issuer":"did:key:z6MknP5vgxyQB5hykBCNh9bhXaRcL5h4RhuVV9eh695E7hij","issuanceDate":"2024-09-12T09:39:37Z","issued":"2024-09-12T09:39:37Z","validFrom":"2024-09-12T09:39:37Z","expirationDate":"2022-08-31T00:00:00Z","credentialSchema":{"id":"https://raw.githubusercontent.com/walt-id/waltid-ssikit-vclib/master/src/test/resources/schemas/VerifiableDiploma.json","type":"JsonSchemaValidator2018"},"credentialSubject":{"id":"did:key:z6MknP5vgxyQB5hykBCNh9bhXaRcL5h4RhuVV9eh695E7hij","awardingOpportunity":{"awardingBody":{"eidasLegalIdentifier":"Unknown","homepage":"https://leaston.bcdiploma.com/","id":"did:ebsi:2A9BZ9SUe6BatacSpvs1V5CdjHvLpQ7bEsi2Jb6LdHKnQxaN","preferredName":"Leaston University","registration":"0597065J"},"endedAtTime":"2020-06-26T00:00:00Z","id":"https://leaston.bcdiploma.com/law-economics-management#AwardingOpportunity","identifier":"https://certificate-demo.bcdiploma.com/check/87ED2F2270E6C41456E94B86B9D9115B4E35BCCAD200A49B846592C14F79C86BV1Fnbllta0NZTnJkR3lDWlRmTDlSRUJEVFZISmNmYzJhUU5sZUJ5Z2FJSHpWbmZZ","location":"FRANCE","startedAtTime":"2019-09-02T00:00:00Z"},"dateOfBirth":"1993-04-08","familyName":"DOE","givenNames":"Jane","gradingScheme":{"id":"https://leaston.bcdiploma.com/law-economics-management#GradingScheme","title":"Lower Second-Class Honours"},"identifier":"0904008084H","learningAchievement":{"additionalNote":["DISTRIBUTION MANAGEMENT"],"description":"MARKETING AND SALES","id":"https://leaston.bcdiploma.com/law-economics-management#LearningAchievment","title":"MASTERS LAW, ECONOMICS AND MANAGEMENT"},"learningSpecification":{"ectsCreditPoints":120,"eqfLevel":7,"id":"https://leaston.bcdiploma.com/law-economics-management#LearningSpecification","iscedfCode":["7"],"nqfLevel":["7"]}},"credentialStatus":{"id":"https://essif.europa.eu/status/education#higherEducation#392ac7f6-399a-437b-a268-4691ead8f176","type":"CredentialStatusList2020"},"evidence":{"documentPresence":["Physical"],"evidenceDocument":["Passport"],"id":"https://essif.europa.eu/tsr-va/evidence/f2aeec97-fc0d-42bf-8ca7-0548192d5678","subjectPresence":"Physical","type":["DocumentVerification"],"verifier":"did:ebsi:2962fb784df61baa267c8132497539f8c674b37c1244a7a"}}
Sep 12, 2024 11:39:37 AM com.apicatalog.jsonld.deseralization.JsonLdToRdf build
WARNING: Non well-formed subject [https://essif.europa.eu/status/education#higherEducation#392ac7f6-399a-437b-a268-4691ead8f176] has been skipped.
2056 [pool-1-thread-1 @coroutine#75] DEBUG id.walt.services.keystore.HKVKeyStoreService - Loading key "88e05d8983ba4e58be01b05ac66b0bfb".
2057 [pool-1-thread-1 @coroutine#75] DEBUG id.walt.services.keystore.HKVKeyStoreService - Loading key "88e05d8983ba4e58be01b05ac66b0bfb".
2057 [pool-1-thread-1 @coroutine#75] DEBUG id.walt.services.keystore.HKVKeyStoreService - Loading key "88e05d8983ba4e58be01b05ac66b0bfb".
2059 [pool-1-thread-1 @coroutine#75] DEBUG id.walt.signatory.WaltIdSignatory - Signed VC is: {
  "type" : [ "VerifiableCredential", "VerifiableAttestation", "VerifiableDiploma" ],
  "@context" : [ "https://www.w3.org/2018/credentials/v1", "https://w3id.org/security/suites/jws-2020/v1" ],
  "id" : "urn:uuid:b698bc4c-c084-4e21-b17f-94e9c19c9da7",
  "issuer" : "did:key:z6MknP5vgxyQB5hykBCNh9bhXaRcL5h4RhuVV9eh695E7hij",
  "issuanceDate" : "2024-09-12T09:39:37Z",
  "issued" : "2024-09-12T09:39:37Z",
  "validFrom" : "2024-09-12T09:39:37Z",
  "expirationDate" : "2022-08-31T00:00:00Z",
  "credentialSchema" : {
    "id" : "https://raw.githubusercontent.com/walt-id/waltid-ssikit-vclib/master/src/test/resources/schemas/VerifiableDiploma.json",
    "type" : "JsonSchemaValidator2018"
  },
  "credentialSubject" : {
    "id" : "did:key:z6MknP5vgxyQB5hykBCNh9bhXaRcL5h4RhuVV9eh695E7hij",
    "awardingOpportunity" : {
      "awardingBody" : {
        "eidasLegalIdentifier" : "Unknown",
        "homepage" : "https://leaston.bcdiploma.com/",
        "id" : "did:ebsi:2A9BZ9SUe6BatacSpvs1V5CdjHvLpQ7bEsi2Jb6LdHKnQxaN",
        "preferredName" : "Leaston University",
        "registration" : "0597065J"
      },
      "endedAtTime" : "2020-06-26T00:00:00Z",
      "id" : "https://leaston.bcdiploma.com/law-economics-management#AwardingOpportunity",
      "identifier" : "https://certificate-demo.bcdiploma.com/check/87ED2F2270E6C41456E94B86B9D9115B4E35BCCAD200A49B846592C14F79C86BV1Fnbllta0NZTnJkR3lDWlRmTDlSRUJEVFZISmNmYzJhUU5sZUJ5Z2FJSHpWbmZZ",
      "location" : "FRANCE",
      "startedAtTime" : "2019-09-02T00:00:00Z"
    },
    "dateOfBirth" : "1993-04-08",
    "familyName" : "DOE",
    "givenNames" : "Jane",
    "gradingScheme" : {
      "id" : "https://leaston.bcdiploma.com/law-economics-management#GradingScheme",
      "title" : "Lower Second-Class Honours"
    },
    "identifier" : "0904008084H",
    "learningAchievement" : {
      "additionalNote" : [ "DISTRIBUTION MANAGEMENT" ],
      "description" : "MARKETING AND SALES",
      "id" : "https://leaston.bcdiploma.com/law-economics-management#LearningAchievment",
      "title" : "MASTERS LAW, ECONOMICS AND MANAGEMENT"
    },
    "learningSpecification" : {
      "ectsCreditPoints" : 120,
      "eqfLevel" : 7,
      "id" : "https://leaston.bcdiploma.com/law-economics-management#LearningSpecification",
      "iscedfCode" : [ "7" ],
      "nqfLevel" : [ "7" ]
    }
  },
  "credentialStatus" : {
    "id" : "https://essif.europa.eu/status/education#higherEducation#392ac7f6-399a-437b-a268-4691ead8f176",
    "type" : "CredentialStatusList2020"
  },
  "evidence" : {
    "documentPresence" : [ "Physical" ],
    "evidenceDocument" : [ "Passport" ],
    "id" : "https://essif.europa.eu/tsr-va/evidence/f2aeec97-fc0d-42bf-8ca7-0548192d5678",
    "subjectPresence" : "Physical",
    "type" : [ "DocumentVerification" ],
    "verifier" : "did:ebsi:2962fb784df61baa267c8132497539f8c674b37c1244a7a"
  },
  "proof" : {
    "type" : "JsonWebSignature2020",
    "creator" : "did:key:z6MknP5vgxyQB5hykBCNh9bhXaRcL5h4RhuVV9eh695E7hij",
    "created" : "2024-09-12T09:39:37Z",
    "proofPurpose" : "assertionMethod",
    "verificationMethod" : "did:key:z6MknP5vgxyQB5hykBCNh9bhXaRcL5h4RhuVV9eh695E7hij#z6MknP5vgxyQB5hykBCNh9bhXaRcL5h4RhuVV9eh695E7hij",
    "jws" : "eyJiNjQiOmZhbHNlLCJjcml0IjpbImI2NCJdLCJhbGciOiJFZERTQSJ9..esLhx_-n_lz0n8RiFEYMi27sYB9Ni-vYfoFgcs6POQClEuEg31hd8V8076DgR4UeKcjU5xHs7uj7dOVP0xucBQ"
  }
}
2060 [pool-1-thread-1 @coroutine#75] DEBUG id.walt.services.vc.WaltIdJsonLdCredentialService - Creating a presentation for VCs:
[PresentableCredential(verifiableCredential={"type":["VerifiableCredential","VerifiableAttestation","VerifiableDiploma"],"@context":["https://www.w3.org/2018/credentials/v1","https://w3id.org/security/suites/jws-2020/v1"],"id":"urn:uuid:b698bc4c-c084-4e21-b17f-94e9c19c9da7","issuer":"did:key:z6MknP5vgxyQB5hykBCNh9bhXaRcL5h4RhuVV9eh695E7hij","issuanceDate":"2024-09-12T09:39:37Z","issued":"2024-09-12T09:39:37Z","validFrom":"2024-09-12T09:39:37Z","expirationDate":"2022-08-31T00:00:00Z","proof":{"type":"JsonWebSignature2020","creator":"did:key:z6MknP5vgxyQB5hykBCNh9bhXaRcL5h4RhuVV9eh695E7hij","created":"2024-09-12T09:39:37Z","proofPurpose":"assertionMethod","verificationMethod":"did:key:z6MknP5vgxyQB5hykBCNh9bhXaRcL5h4RhuVV9eh695E7hij#z6MknP5vgxyQB5hykBCNh9bhXaRcL5h4RhuVV9eh695E7hij","jws":"eyJiNjQiOmZhbHNlLCJjcml0IjpbImI2NCJdLCJhbGciOiJFZERTQSJ9..esLhx_-n_lz0n8RiFEYMi27sYB9Ni-vYfoFgcs6POQClEuEg31hd8V8076DgR4UeKcjU5xHs7uj7dOVP0xucBQ"},"credentialSchema":{"id":"https://raw.githubusercontent.com/walt-id/waltid-ssikit-vclib/master/src/test/resources/schemas/VerifiableDiploma.json","type":"JsonSchemaValidator2018"},"credentialSubject":{"id":"did:key:z6MknP5vgxyQB5hykBCNh9bhXaRcL5h4RhuVV9eh695E7hij","awardingOpportunity":{"awardingBody":{"eidasLegalIdentifier":"Unknown","homepage":"https://leaston.bcdiploma.com/","id":"did:ebsi:2A9BZ9SUe6BatacSpvs1V5CdjHvLpQ7bEsi2Jb6LdHKnQxaN","preferredName":"Leaston University","registration":"0597065J"},"endedAtTime":"2020-06-26T00:00:00Z","id":"https://leaston.bcdiploma.com/law-economics-management#AwardingOpportunity","identifier":"https://certificate-demo.bcdiploma.com/check/87ED2F2270E6C41456E94B86B9D9115B4E35BCCAD200A49B846592C14F79C86BV1Fnbllta0NZTnJkR3lDWlRmTDlSRUJEVFZISmNmYzJhUU5sZUJ5Z2FJSHpWbmZZ","location":"FRANCE","startedAtTime":"2019-09-02T00:00:00Z"},"dateOfBirth":"1993-04-08","familyName":"DOE","givenNames":"Jane","gradingScheme":{"id":"https://leaston.bcdiploma.com/law-economics-management#GradingScheme","title":"Lower Second-Class Honours"},"identifier":"0904008084H","learningAchievement":{"additionalNote":["DISTRIBUTION MANAGEMENT"],"description":"MARKETING AND SALES","id":"https://leaston.bcdiploma.com/law-economics-management#LearningAchievment","title":"MASTERS LAW, ECONOMICS AND MANAGEMENT"},"learningSpecification":{"ectsCreditPoints":120,"eqfLevel":7,"id":"https://leaston.bcdiploma.com/law-economics-management#LearningSpecification","iscedfCode":["7"],"nqfLevel":["7"]}},"credentialStatus":{"id":"https://essif.europa.eu/status/education#higherEducation#392ac7f6-399a-437b-a268-4691ead8f176","type":"CredentialStatusList2020"},"evidence":{"documentPresence":["Physical"],"evidenceDocument":["Passport"],"id":"https://essif.europa.eu/tsr-va/evidence/f2aeec97-fc0d-42bf-8ca7-0548192d5678","subjectPresence":"Physical","type":["DocumentVerification"],"verifier":"did:ebsi:2962fb784df61baa267c8132497539f8c674b37c1244a7a"}}, selectiveDisclosure=null, discloseAll=false)]
2060 [pool-1-thread-1 @coroutine#75] DEBUG id.walt.model.DidUrl - Trying to create DidUrl from URL: "did:key:z6MknP5vgxyQB5hykBCNh9bhXaRcL5h4RhuVV9eh695E7hij"...
2060 [pool-1-thread-1 @coroutine#75] DEBUG id.walt.services.vc.WaltIdJsonLdCredentialService - Signing jsonLd object with: issuerDid (did:key:z6MknP5vgxyQB5hykBCNh9bhXaRcL5h4RhuVV9eh695E7hij), domain (https://api-pilot.ebsi.eu), nonce (d04442d3-661f-411e-a80f-42f19f594c9d
2061 [pool-1-thread-1 @coroutine#75] DEBUG id.walt.services.keystore.HKVKeyStoreService - Loading key "did:key:z6MknP5vgxyQB5hykBCNh9bhXaRcL5h4RhuVV9eh695E7hij#z6MknP5vgxyQB5hykBCNh9bhXaRcL5h4RhuVV9eh695E7hij".
2061 [pool-1-thread-1 @coroutine#75] DEBUG id.walt.services.vc.WaltIdJsonLdCredentialService - Signing: {"type":["VerifiablePresentation"],"@context":["https://www.w3.org/2018/credentials/v1"],"id":"urn:uuid:aca40e25-6dc1-4a8d-a0bf-316aadebba90","holder":"did:key:z6MknP5vgxyQB5hykBCNh9bhXaRcL5h4RhuVV9eh695E7hij","verifiableCredential":[{"type":["VerifiableCredential","VerifiableAttestation","VerifiableDiploma"],"@context":["https://www.w3.org/2018/credentials/v1","https://w3id.org/security/suites/jws-2020/v1"],"id":"urn:uuid:b698bc4c-c084-4e21-b17f-94e9c19c9da7","issuer":"did:key:z6MknP5vgxyQB5hykBCNh9bhXaRcL5h4RhuVV9eh695E7hij","issuanceDate":"2024-09-12T09:39:37Z","issued":"2024-09-12T09:39:37Z","validFrom":"2024-09-12T09:39:37Z","expirationDate":"2022-08-31T00:00:00Z","proof":{"type":"JsonWebSignature2020","creator":"did:key:z6MknP5vgxyQB5hykBCNh9bhXaRcL5h4RhuVV9eh695E7hij","created":"2024-09-12T09:39:37Z","proofPurpose":"assertionMethod","verificationMethod":"did:key:z6MknP5vgxyQB5hykBCNh9bhXaRcL5h4RhuVV9eh695E7hij#z6MknP5vgxyQB5hykBCNh9bhXaRcL5h4RhuVV9eh695E7hij","jws":"eyJiNjQiOmZhbHNlLCJjcml0IjpbImI2NCJdLCJhbGciOiJFZERTQSJ9..esLhx_-n_lz0n8RiFEYMi27sYB9Ni-vYfoFgcs6POQClEuEg31hd8V8076DgR4UeKcjU5xHs7uj7dOVP0xucBQ"},"credentialSchema":{"id":"https://raw.githubusercontent.com/walt-id/waltid-ssikit-vclib/master/src/test/resources/schemas/VerifiableDiploma.json","type":"JsonSchemaValidator2018"},"credentialSubject":{"id":"did:key:z6MknP5vgxyQB5hykBCNh9bhXaRcL5h4RhuVV9eh695E7hij","awardingOpportunity":{"awardingBody":{"eidasLegalIdentifier":"Unknown","homepage":"https://leaston.bcdiploma.com/","id":"did:ebsi:2A9BZ9SUe6BatacSpvs1V5CdjHvLpQ7bEsi2Jb6LdHKnQxaN","preferredName":"Leaston University","registration":"0597065J"},"endedAtTime":"2020-06-26T00:00:00Z","id":"https://leaston.bcdiploma.com/law-economics-management#AwardingOpportunity","identifier":"https://certificate-demo.bcdiploma.com/check/87ED2F2270E6C41456E94B86B9D9115B4E35BCCAD200A49B846592C14F79C86BV1Fnbllta0NZTnJkR3lDWlRmTDlSRUJEVFZISmNmYzJhUU5sZUJ5Z2FJSHpWbmZZ","location":"FRANCE","startedAtTime":"2019-09-02T00:00:00Z"},"dateOfBirth":"1993-04-08","familyName":"DOE","givenNames":"Jane","gradingScheme":{"id":"https://leaston.bcdiploma.com/law-economics-management#GradingScheme","title":"Lower Second-Class Honours"},"identifier":"0904008084H","learningAchievement":{"additionalNote":["DISTRIBUTION MANAGEMENT"],"description":"MARKETING AND SALES","id":"https://leaston.bcdiploma.com/law-economics-management#LearningAchievment","title":"MASTERS LAW, ECONOMICS AND MANAGEMENT"},"learningSpecification":{"ectsCreditPoints":120,"eqfLevel":7,"id":"https://leaston.bcdiploma.com/law-economics-management#LearningSpecification","iscedfCode":["7"],"nqfLevel":["7"]}},"credentialStatus":{"id":"https://essif.europa.eu/status/education#higherEducation#392ac7f6-399a-437b-a268-4691ead8f176","type":"CredentialStatusList2020"},"evidence":{"documentPresence":["Physical"],"evidenceDocument":["Passport"],"id":"https://essif.europa.eu/tsr-va/evidence/f2aeec97-fc0d-42bf-8ca7-0548192d5678","subjectPresence":"Physical","type":["DocumentVerification"],"verifier":"did:ebsi:2962fb784df61baa267c8132497539f8c674b37c1244a7a"}}]}
Sep 12, 2024 11:39:37 AM com.apicatalog.jsonld.deseralization.JsonLdToRdf build
WARNING: Non well-formed subject [https://essif.europa.eu/status/education#higherEducation#392ac7f6-399a-437b-a268-4691ead8f176] has been skipped.
2071 [pool-1-thread-1 @coroutine#75] DEBUG id.walt.services.keystore.HKVKeyStoreService - Loading key "88e05d8983ba4e58be01b05ac66b0bfb".
2071 [pool-1-thread-1 @coroutine#75] DEBUG id.walt.services.keystore.HKVKeyStoreService - Loading key "88e05d8983ba4e58be01b05ac66b0bfb".
2072 [pool-1-thread-1 @coroutine#75] DEBUG id.walt.services.keystore.HKVKeyStoreService - Loading key "88e05d8983ba4e58be01b05ac66b0bfb".
2074 [pool-1-thread-1 @coroutine#75] DEBUG id.walt.services.vc.WaltIdJsonLdCredentialService - VP created:{
  "type" : [ "VerifiablePresentation" ],
  "@context" : [ "https://www.w3.org/2018/credentials/v1", "https://w3id.org/security/suites/jws-2020/v1" ],
  "id" : "urn:uuid:aca40e25-6dc1-4a8d-a0bf-316aadebba90",
  "holder" : "did:key:z6MknP5vgxyQB5hykBCNh9bhXaRcL5h4RhuVV9eh695E7hij",
  "verifiableCredential" : [ {
    "type" : [ "VerifiableCredential", "VerifiableAttestation", "VerifiableDiploma" ],
    "@context" : [ "https://www.w3.org/2018/credentials/v1", "https://w3id.org/security/suites/jws-2020/v1" ],
    "id" : "urn:uuid:b698bc4c-c084-4e21-b17f-94e9c19c9da7",
    "issuer" : "did:key:z6MknP5vgxyQB5hykBCNh9bhXaRcL5h4RhuVV9eh695E7hij",
    "issuanceDate" : "2024-09-12T09:39:37Z",
    "issued" : "2024-09-12T09:39:37Z",
    "validFrom" : "2024-09-12T09:39:37Z",
    "expirationDate" : "2022-08-31T00:00:00Z",
    "proof" : {
      "type" : "JsonWebSignature2020",
      "creator" : "did:key:z6MknP5vgxyQB5hykBCNh9bhXaRcL5h4RhuVV9eh695E7hij",
      "created" : "2024-09-12T09:39:37Z",
      "proofPurpose" : "assertionMethod",
      "verificationMethod" : "did:key:z6MknP5vgxyQB5hykBCNh9bhXaRcL5h4RhuVV9eh695E7hij#z6MknP5vgxyQB5hykBCNh9bhXaRcL5h4RhuVV9eh695E7hij",
      "jws" : "eyJiNjQiOmZhbHNlLCJjcml0IjpbImI2NCJdLCJhbGciOiJFZERTQSJ9..esLhx_-n_lz0n8RiFEYMi27sYB9Ni-vYfoFgcs6POQClEuEg31hd8V8076DgR4UeKcjU5xHs7uj7dOVP0xucBQ"
    },
    "credentialSchema" : {
      "id" : "https://raw.githubusercontent.com/walt-id/waltid-ssikit-vclib/master/src/test/resources/schemas/VerifiableDiploma.json",
      "type" : "JsonSchemaValidator2018"
    },
    "credentialSubject" : {
      "id" : "did:key:z6MknP5vgxyQB5hykBCNh9bhXaRcL5h4RhuVV9eh695E7hij",
      "awardingOpportunity" : {
        "awardingBody" : {
          "eidasLegalIdentifier" : "Unknown",
          "homepage" : "https://leaston.bcdiploma.com/",
          "id" : "did:ebsi:2A9BZ9SUe6BatacSpvs1V5CdjHvLpQ7bEsi2Jb6LdHKnQxaN",
          "preferredName" : "Leaston University",
          "registration" : "0597065J"
        },
        "endedAtTime" : "2020-06-26T00:00:00Z",
        "id" : "https://leaston.bcdiploma.com/law-economics-management#AwardingOpportunity",
        "identifier" : "https://certificate-demo.bcdiploma.com/check/87ED2F2270E6C41456E94B86B9D9115B4E35BCCAD200A49B846592C14F79C86BV1Fnbllta0NZTnJkR3lDWlRmTDlSRUJEVFZISmNmYzJhUU5sZUJ5Z2FJSHpWbmZZ",
        "location" : "FRANCE",
        "startedAtTime" : "2019-09-02T00:00:00Z"
      },
      "dateOfBirth" : "1993-04-08",
      "familyName" : "DOE",
      "givenNames" : "Jane",
      "gradingScheme" : {
        "id" : "https://leaston.bcdiploma.com/law-economics-management#GradingScheme",
        "title" : "Lower Second-Class Honours"
      },
      "identifier" : "0904008084H",
      "learningAchievement" : {
        "additionalNote" : [ "DISTRIBUTION MANAGEMENT" ],
        "description" : "MARKETING AND SALES",
        "id" : "https://leaston.bcdiploma.com/law-economics-management#LearningAchievment",
        "title" : "MASTERS LAW, ECONOMICS AND MANAGEMENT"
      },
      "learningSpecification" : {
        "ectsCreditPoints" : 120,
        "eqfLevel" : 7,
        "id" : "https://leaston.bcdiploma.com/law-economics-management#LearningSpecification",
        "iscedfCode" : [ "7" ],
        "nqfLevel" : [ "7" ]
      }
    },
    "credentialStatus" : {
      "id" : "https://essif.europa.eu/status/education#higherEducation#392ac7f6-399a-437b-a268-4691ead8f176",
      "type" : "CredentialStatusList2020"
    },
    "evidence" : {
      "documentPresence" : [ "Physical" ],
      "evidenceDocument" : [ "Passport" ],
      "id" : "https://essif.europa.eu/tsr-va/evidence/f2aeec97-fc0d-42bf-8ca7-0548192d5678",
      "subjectPresence" : "Physical",
      "type" : [ "DocumentVerification" ],
      "verifier" : "did:ebsi:2962fb784df61baa267c8132497539f8c674b37c1244a7a"
    }
  } ],
  "proof" : {
    "type" : "JsonWebSignature2020",
    "creator" : "did:key:z6MknP5vgxyQB5hykBCNh9bhXaRcL5h4RhuVV9eh695E7hij",
    "created" : "2024-09-12T09:39:37Z",
    "domain" : "https://api-pilot.ebsi.eu",
    "nonce" : "d04442d3-661f-411e-a80f-42f19f594c9d",
    "proofPurpose" : "authentication",
    "verificationMethod" : "did:key:z6MknP5vgxyQB5hykBCNh9bhXaRcL5h4RhuVV9eh695E7hij#z6MknP5vgxyQB5hykBCNh9bhXaRcL5h4RhuVV9eh695E7hij",
    "jws" : "eyJiNjQiOmZhbHNlLCJjcml0IjpbImI2NCJdLCJhbGciOiJFZERTQSJ9..QpNkts8pYPrYIHCywGsmjMGxakCkh5rdRjCw1a3l7AMGxOxWPe-9WorTpWoZjzWYhZpDMK4kyyH72unJLJa7Ag"
  }
}
2074 [pool-1-thread-1 @coroutine#75] DEBUG id.walt.model.DidUrl - Trying to create DidUrl from URL: "did:key:z6MknP5vgxyQB5hykBCNh9bhXaRcL5h4RhuVV9eh695E7hij"...
2075 [pool-1-thread-1 @coroutine#75] DEBUG id.walt.model.DidUrl - Trying to create DidUrl from URL: "did:key:z6MknP5vgxyQB5hykBCNh9bhXaRcL5h4RhuVV9eh695E7hij"...
2075 [pool-1-thread-1 @coroutine#75] DEBUG id.walt.signatory.WaltIdSignatory - Signing credential with proof using JWT...
2075 [pool-1-thread-1 @coroutine#75] DEBUG id.walt.signatory.WaltIdSignatory - Signing credential with proof using JWT, credential is: {"type":["VerifiableCredential","VerifiableAttestation","VerifiableDiploma"],"@context":["https://www.w3.org/2018/credentials/v1"],"id":"urn:uuid:d89adea6-c82f-422f-8e18-848b98337d67","issuer":"did:key:z6MknP5vgxyQB5hykBCNh9bhXaRcL5h4RhuVV9eh695E7hij","issuanceDate":"2024-09-12T09:39:37Z","issued":"2024-09-12T09:39:37Z","validFrom":"2024-09-12T09:39:37Z","expirationDate":"2022-08-31T00:00:00Z","credentialSchema":{"id":"https://raw.githubusercontent.com/walt-id/waltid-ssikit-vclib/master/src/test/resources/schemas/VerifiableDiploma.json","type":"JsonSchemaValidator2018"},"credentialSubject":{"id":"did:key:z6MknP5vgxyQB5hykBCNh9bhXaRcL5h4RhuVV9eh695E7hij","awardingOpportunity":{"awardingBody":{"eidasLegalIdentifier":"Unknown","homepage":"https://leaston.bcdiploma.com/","id":"did:ebsi:2A9BZ9SUe6BatacSpvs1V5CdjHvLpQ7bEsi2Jb6LdHKnQxaN","preferredName":"Leaston University","registration":"0597065J"},"endedAtTime":"2020-06-26T00:00:00Z","id":"https://leaston.bcdiploma.com/law-economics-management#AwardingOpportunity","identifier":"https://certificate-demo.bcdiploma.com/check/87ED2F2270E6C41456E94B86B9D9115B4E35BCCAD200A49B846592C14F79C86BV1Fnbllta0NZTnJkR3lDWlRmTDlSRUJEVFZISmNmYzJhUU5sZUJ5Z2FJSHpWbmZZ","location":"FRANCE","startedAtTime":"2019-09-02T00:00:00Z"},"dateOfBirth":"1993-04-08","familyName":"DOE","givenNames":"Jane","gradingScheme":{"id":"https://leaston.bcdiploma.com/law-economics-management#GradingScheme","title":"Lower Second-Class Honours"},"identifier":"0904008084H","learningAchievement":{"additionalNote":["DISTRIBUTION MANAGEMENT"],"description":"MARKETING AND SALES","id":"https://leaston.bcdiploma.com/law-economics-management#LearningAchievment","title":"MASTERS LAW, ECONOMICS AND MANAGEMENT"},"learningSpecification":{"ectsCreditPoints":120,"eqfLevel":7,"id":"https://leaston.bcdiploma.com/law-economics-management#LearningSpecification","iscedfCode":["7"],"nqfLevel":["7"]}},"credentialStatus":{"id":"https://essif.europa.eu/status/education#higherEducation#392ac7f6-399a-437b-a268-4691ead8f176","type":"CredentialStatusList2020"},"evidence":{"documentPresence":["Physical"],"evidenceDocument":["Passport"],"id":"https://essif.europa.eu/tsr-va/evidence/f2aeec97-fc0d-42bf-8ca7-0548192d5678","subjectPresence":"Physical","type":["DocumentVerification"],"verifier":"did:ebsi:2962fb784df61baa267c8132497539f8c674b37c1244a7a"}}
2075 [pool-1-thread-1 @coroutine#75] DEBUG id.walt.services.vc.WaltIdJwtCredentialService - Signing JWT object with config: ProofConfig(issuerDid=did:key:z6MknP5vgxyQB5hykBCNh9bhXaRcL5h4RhuVV9eh695E7hij, subjectDid=did:key:z6MknP5vgxyQB5hykBCNh9bhXaRcL5h4RhuVV9eh695E7hij, verifierDid=null, issuerVerificationMethod=did:key:z6MknP5vgxyQB5hykBCNh9bhXaRcL5h4RhuVV9eh695E7hij#z6MknP5vgxyQB5hykBCNh9bhXaRcL5h4RhuVV9eh695E7hij, proofType=JWT, domain=null, nonce=null, proofPurpose=null, credentialId=urn:uuid:d89adea6-c82f-422f-8e18-848b98337d67, issueDate=2024-09-12T09:39:37.295047638Z, validDate=2024-09-12T09:39:37.295050102Z, expirationDate=null, dataProviderIdentifier=null, ldSignatureType=null, creator=did:key:z6MknP5vgxyQB5hykBCNh9bhXaRcL5h4RhuVV9eh695E7hij, ecosystem=DEFAULT, statusType=null, statusPurpose=revocation, credentialsEndpoint=null, selectiveDisclosure=null)
2076 [pool-1-thread-1 @coroutine#75] DEBUG id.walt.services.vc.WaltIdJwtCredentialService - Signing: {"sub":"did:key:z6MknP5vgxyQB5hykBCNh9bhXaRcL5h4RhuVV9eh695E7hij","nbf":1726133977,"iss":"did:key:z6MknP5vgxyQB5hykBCNh9bhXaRcL5h4RhuVV9eh695E7hij","iat":1726133977,"vc":{"type":["VerifiableCredential","VerifiableAttestation","VerifiableDiploma"],"@context":["https://www.w3.org/2018/credentials/v1"],"id":"urn:uuid:d89adea6-c82f-422f-8e18-848b98337d67","issuer":"did:key:z6MknP5vgxyQB5hykBCNh9bhXaRcL5h4RhuVV9eh695E7hij","issuanceDate":"2024-09-12T09:39:37Z","issued":"2024-09-12T09:39:37Z","validFrom":"2024-09-12T09:39:37Z","expirationDate":"2022-08-31T00:00:00Z","credentialSchema":{"id":"https://raw.githubusercontent.com/walt-id/waltid-ssikit-vclib/master/src/test/resources/schemas/VerifiableDiploma.json","type":"JsonSchemaValidator2018"},"credentialSubject":{"id":"did:key:z6MknP5vgxyQB5hykBCNh9bhXaRcL5h4RhuVV9eh695E7hij","awardingOpportunity":{"awardingBody":{"eidasLegalIdentifier":"Unknown","homepage":"https://leaston.bcdiploma.com/","id":"did:ebsi:2A9BZ9SUe6BatacSpvs1V5CdjHvLpQ7bEsi2Jb6LdHKnQxaN","preferredName":"Leaston University","registration":"0597065J"},"endedAtTime":"2020-06-26T00:00:00Z","id":"https://leaston.bcdiploma.com/law-economics-management#AwardingOpportunity","identifier":"https://certificate-demo.bcdiploma.com/check/87ED2F2270E6C41456E94B86B9D9115B4E35BCCAD200A49B846592C14F79C86BV1Fnbllta0NZTnJkR3lDWlRmTDlSRUJEVFZISmNmYzJhUU5sZUJ5Z2FJSHpWbmZZ","location":"FRANCE","startedAtTime":"2019-09-02T00:00:00Z"},"dateOfBirth":"1993-04-08","familyName":"DOE","givenNames":"Jane","gradingScheme":{"id":"https://leaston.bcdiploma.com/law-economics-management#GradingScheme","title":"Lower Second-Class Honours"},"identifier":"0904008084H","learningAchievement":{"additionalNote":["DISTRIBUTION MANAGEMENT"],"description":"MARKETING AND SALES","id":"https://leaston.bcdiploma.com/law-economics-management#LearningAchievment","title":"MASTERS LAW, ECONOMICS AND MANAGEMENT"},"learningSpecification":{"ectsCreditPoints":120,"eqfLevel":7,"id":"https://leaston.bcdiploma.com/law-economics-management#LearningSpecification","iscedfCode":["7"],"nqfLevel":["7"]}},"credentialStatus":{"id":"https://essif.europa.eu/status/education#higherEducation#392ac7f6-399a-437b-a268-4691ead8f176","type":"CredentialStatusList2020"},"evidence":{"documentPresence":["Physical"],"evidenceDocument":["Passport"],"id":"https://essif.europa.eu/tsr-va/evidence/f2aeec97-fc0d-42bf-8ca7-0548192d5678","subjectPresence":"Physical","type":["DocumentVerification"],"verifier":"did:ebsi:2962fb784df61baa267c8132497539f8c674b37c1244a7a"}},"jti":"urn:uuid:d89adea6-c82f-422f-8e18-848b98337d67"}
2076 [pool-1-thread-1 @coroutine#75] DEBUG id.walt.services.keystore.HKVKeyStoreService - Loading key "did:key:z6MknP5vgxyQB5hykBCNh9bhXaRcL5h4RhuVV9eh695E7hij#z6MknP5vgxyQB5hykBCNh9bhXaRcL5h4RhuVV9eh695E7hij".
2076 [pool-1-thread-1 @coroutine#75] DEBUG id.walt.services.jwt.WaltIdJwtService - Signing JWT with algorithm: EdDSA_Ed25519
2077 [pool-1-thread-1 @coroutine#75] DEBUG id.walt.model.DidUrl - Trying to create DidUrl from URL: "did:key:z6MknP5vgxyQB5hykBCNh9bhXaRcL5h4RhuVV9eh695E7hij#z6MknP5vgxyQB5hykBCNh9bhXaRcL5h4RhuVV9eh695E7hij"...
2077 [pool-1-thread-1 @coroutine#75] DEBUG id.walt.services.keystore.HKVKeyStoreService - Loading key "88e05d8983ba4e58be01b05ac66b0bfb".
2079 [pool-1-thread-1 @coroutine#75] DEBUG id.walt.services.jwt.WaltIdJwtService - Signed JWT:  eyJraWQiOiJkaWQ6a2V5Ono2TWtuUDV2Z3h5UUI1aHlrQkNOaDliaFhhUmNMNWg0Umh1VlY5ZWg2OTVFN2hpaiN6Nk1rblA1dmd4eVFCNWh5a0JDTmg5YmhYYVJjTDVoNFJodVZWOWVoNjk1RTdoaWoiLCJ0eXAiOiJKV1QiLCJhbGciOiJFZERTQSJ9.eyJzdWIiOiJkaWQ6a2V5Ono2TWtuUDV2Z3h5UUI1aHlrQkNOaDliaFhhUmNMNWg0Umh1VlY5ZWg2OTVFN2hpaiIsIm5iZiI6MTcyNjEzMzk3NywiaXNzIjoiZGlkOmtleTp6Nk1rblA1dmd4eVFCNWh5a0JDTmg5YmhYYVJjTDVoNFJodVZWOWVoNjk1RTdoaWoiLCJpYXQiOjE3MjYxMzM5NzcsInZjIjp7InR5cGUiOlsiVmVyaWZpYWJsZUNyZWRlbnRpYWwiLCJWZXJpZmlhYmxlQXR0ZXN0YXRpb24iLCJWZXJpZmlhYmxlRGlwbG9tYSJdLCJAY29udGV4dCI6WyJodHRwczovL3d3dy53My5vcmcvMjAxOC9jcmVkZW50aWFscy92MSJdLCJpZCI6InVybjp1dWlkOmQ4OWFkZWE2LWM4MmYtNDIyZi04ZTE4LTg0OGI5ODMzN2Q2NyIsImlzc3VlciI6ImRpZDprZXk6ejZNa25QNXZneHlRQjVoeWtCQ05oOWJoWGFSY0w1aDRSaHVWVjllaDY5NUU3aGlqIiwiaXNzdWFuY2VEYXRlIjoiMjAyNC0wOS0xMlQwOTozOTozN1oiLCJpc3N1ZWQiOiIyMDI0LTA5LTEyVDA5OjM5OjM3WiIsInZhbGlkRnJvbSI6IjIwMjQtMDktMTJUMDk6Mzk6MzdaIiwiZXhwaXJhdGlvbkRhdGUiOiIyMDIyLTA4LTMxVDAwOjAwOjAwWiIsImNyZWRlbnRpYWxTY2hlbWEiOnsiaWQiOiJodHRwczovL3Jhdy5naXRodWJ1c2VyY29udGVudC5jb20vd2FsdC1pZC93YWx0aWQtc3Npa2l0LXZjbGliL21hc3Rlci9zcmMvdGVzdC9yZXNvdXJjZXMvc2NoZW1hcy9WZXJpZmlhYmxlRGlwbG9tYS5qc29uIiwidHlwZSI6Ikpzb25TY2hlbWFWYWxpZGF0b3IyMDE4In0sImNyZWRlbnRpYWxTdWJqZWN0Ijp7ImlkIjoiZGlkOmtleTp6Nk1rblA1dmd4eVFCNWh5a0JDTmg5YmhYYVJjTDVoNFJodVZWOWVoNjk1RTdoaWoiLCJhd2FyZGluZ09wcG9ydHVuaXR5Ijp7ImF3YXJkaW5nQm9keSI6eyJlaWRhc0xlZ2FsSWRlbnRpZmllciI6IlVua25vd24iLCJob21lcGFnZSI6Imh0dHBzOi8vbGVhc3Rvbi5iY2RpcGxvbWEuY29tLyIsImlkIjoiZGlkOmVic2k6MkE5Qlo5U1VlNkJhdGFjU3B2czFWNUNkakh2THBRN2JFc2kySmI2TGRIS25ReGFOIiwicHJlZmVycmVkTmFtZSI6IkxlYXN0b24gVW5pdmVyc2l0eSIsInJlZ2lzdHJhdGlvbiI6IjA1OTcwNjVKIn0sImVuZGVkQXRUaW1lIjoiMjAyMC0wNi0yNlQwMDowMDowMFoiLCJpZCI6Imh0dHBzOi8vbGVhc3Rvbi5iY2RpcGxvbWEuY29tL2xhdy1lY29ub21pY3MtbWFuYWdlbWVudCNBd2FyZGluZ09wcG9ydHVuaXR5IiwiaWRlbnRpZmllciI6Imh0dHBzOi8vY2VydGlmaWNhdGUtZGVtby5iY2RpcGxvbWEuY29tL2NoZWNrLzg3RUQyRjIyNzBFNkM0MTQ1NkU5NEI4NkI5RDkxMTVCNEUzNUJDQ0FEMjAwQTQ5Qjg0NjU5MkMxNEY3OUM4NkJWMUZuYmxsdGEwTlpUbkprUjNsRFdsUm1URGxTUlVKRVZGWklTbU5tWXpKaFVVNXNaVUo1WjJGSlNIcFdibVpaIiwibG9jYXRpb24iOiJGUkFOQ0UiLCJzdGFydGVkQXRUaW1lIjoiMjAxOS0wOS0wMlQwMDowMDowMFoifSwiZGF0ZU9mQmlydGgiOiIxOTkzLTA0LTA4IiwiZmFtaWx5TmFtZSI6IkRPRSIsImdpdmVuTmFtZXMiOiJKYW5lIiwiZ3JhZGluZ1NjaGVtZSI6eyJpZCI6Imh0dHBzOi8vbGVhc3Rvbi5iY2RpcGxvbWEuY29tL2xhdy1lY29ub21pY3MtbWFuYWdlbWVudCNHcmFkaW5nU2NoZW1lIiwidGl0bGUiOiJMb3dlciBTZWNvbmQtQ2xhc3MgSG9ub3VycyJ9LCJpZGVudGlmaWVyIjoiMDkwNDAwODA4NEgiLCJsZWFybmluZ0FjaGlldmVtZW50Ijp7ImFkZGl0aW9uYWxOb3RlIjpbIkRJU1RSSUJVVElPTiBNQU5BR0VNRU5UIl0sImRlc2NyaXB0aW9uIjoiTUFSS0VUSU5HIEFORCBTQUxFUyIsImlkIjoiaHR0cHM6Ly9sZWFzdG9uLmJjZGlwbG9tYS5jb20vbGF3LWVjb25vbWljcy1tYW5hZ2VtZW50I0xlYXJuaW5nQWNoaWV2bWVudCIsInRpdGxlIjoiTUFTVEVSUyBMQVcsIEVDT05PTUlDUyBBTkQgTUFOQUdFTUVOVCJ9LCJsZWFybmluZ1NwZWNpZmljYXRpb24iOnsiZWN0c0NyZWRpdFBvaW50cyI6MTIwLCJlcWZMZXZlbCI6NywiaWQiOiJodHRwczovL2xlYXN0b24uYmNkaXBsb21hLmNvbS9sYXctZWNvbm9taWNzLW1hbmFnZW1lbnQjTGVhcm5pbmdTcGVjaWZpY2F0aW9uIiwiaXNjZWRmQ29kZSI6WyI3Il0sIm5xZkxldmVsIjpbIjciXX19LCJjcmVkZW50aWFsU3RhdHVzIjp7ImlkIjoiaHR0cHM6Ly9lc3NpZi5ldXJvcGEuZXUvc3RhdHVzL2VkdWNhdGlvbiNoaWdoZXJFZHVjYXRpb24jMzkyYWM3ZjYtMzk5YS00MzdiLWEyNjgtNDY5MWVhZDhmMTc2IiwidHlwZSI6IkNyZWRlbnRpYWxTdGF0dXNMaXN0MjAyMCJ9LCJldmlkZW5jZSI6eyJkb2N1bWVudFByZXNlbmNlIjpbIlBoeXNpY2FsIl0sImV2aWRlbmNlRG9jdW1lbnQiOlsiUGFzc3BvcnQiXSwiaWQiOiJodHRwczovL2Vzc2lmLmV1cm9wYS5ldS90c3ItdmEvZXZpZGVuY2UvZjJhZWVjOTctZmMwZC00MmJmLThjYTctMDU0ODE5MmQ1Njc4Iiwic3ViamVjdFByZXNlbmNlIjoiUGh5c2ljYWwiLCJ0eXBlIjpbIkRvY3VtZW50VmVyaWZpY2F0aW9uIl0sInZlcmlmaWVyIjoiZGlkOmVic2k6Mjk2MmZiNzg0ZGY2MWJhYTI2N2M4MTMyNDk3NTM5ZjhjNjc0YjM3YzEyNDRhN2EifX0sImp0aSI6InVybjp1dWlkOmQ4OWFkZWE2LWM4MmYtNDIyZi04ZTE4LTg0OGI5ODMzN2Q2NyJ9.MhaRlTzR2EE8RGlDwMD54A8m_AuJgpqNEc_sD8B86OwwxM33H-UnYIVVQJsr03I90BN-AlBgE7SHRWZDIKF9Ag
2080 [pool-1-thread-1 @coroutine#75] DEBUG id.walt.signatory.WaltIdSignatory - Signed VC is: eyJraWQiOiJkaWQ6a2V5Ono2TWtuUDV2Z3h5UUI1aHlrQkNOaDliaFhhUmNMNWg0Umh1VlY5ZWg2OTVFN2hpaiN6Nk1rblA1dmd4eVFCNWh5a0JDTmg5YmhYYVJjTDVoNFJodVZWOWVoNjk1RTdoaWoiLCJ0eXAiOiJKV1QiLCJhbGciOiJFZERTQSJ9.eyJzdWIiOiJkaWQ6a2V5Ono2TWtuUDV2Z3h5UUI1aHlrQkNOaDliaFhhUmNMNWg0Umh1VlY5ZWg2OTVFN2hpaiIsIm5iZiI6MTcyNjEzMzk3NywiaXNzIjoiZGlkOmtleTp6Nk1rblA1dmd4eVFCNWh5a0JDTmg5YmhYYVJjTDVoNFJodVZWOWVoNjk1RTdoaWoiLCJpYXQiOjE3MjYxMzM5NzcsInZjIjp7InR5cGUiOlsiVmVyaWZpYWJsZUNyZWRlbnRpYWwiLCJWZXJpZmlhYmxlQXR0ZXN0YXRpb24iLCJWZXJpZmlhYmxlRGlwbG9tYSJdLCJAY29udGV4dCI6WyJodHRwczovL3d3dy53My5vcmcvMjAxOC9jcmVkZW50aWFscy92MSJdLCJpZCI6InVybjp1dWlkOmQ4OWFkZWE2LWM4MmYtNDIyZi04ZTE4LTg0OGI5ODMzN2Q2NyIsImlzc3VlciI6ImRpZDprZXk6ejZNa25QNXZneHlRQjVoeWtCQ05oOWJoWGFSY0w1aDRSaHVWVjllaDY5NUU3aGlqIiwiaXNzdWFuY2VEYXRlIjoiMjAyNC0wOS0xMlQwOTozOTozN1oiLCJpc3N1ZWQiOiIyMDI0LTA5LTEyVDA5OjM5OjM3WiIsInZhbGlkRnJvbSI6IjIwMjQtMDktMTJUMDk6Mzk6MzdaIiwiZXhwaXJhdGlvbkRhdGUiOiIyMDIyLTA4LTMxVDAwOjAwOjAwWiIsImNyZWRlbnRpYWxTY2hlbWEiOnsiaWQiOiJodHRwczovL3Jhdy5naXRodWJ1c2VyY29udGVudC5jb20vd2FsdC1pZC93YWx0aWQtc3Npa2l0LXZjbGliL21hc3Rlci9zcmMvdGVzdC9yZXNvdXJjZXMvc2NoZW1hcy9WZXJpZmlhYmxlRGlwbG9tYS5qc29uIiwidHlwZSI6Ikpzb25TY2hlbWFWYWxpZGF0b3IyMDE4In0sImNyZWRlbnRpYWxTdWJqZWN0Ijp7ImlkIjoiZGlkOmtleTp6Nk1rblA1dmd4eVFCNWh5a0JDTmg5YmhYYVJjTDVoNFJodVZWOWVoNjk1RTdoaWoiLCJhd2FyZGluZ09wcG9ydHVuaXR5Ijp7ImF3YXJkaW5nQm9keSI6eyJlaWRhc0xlZ2FsSWRlbnRpZmllciI6IlVua25vd24iLCJob21lcGFnZSI6Imh0dHBzOi8vbGVhc3Rvbi5iY2RpcGxvbWEuY29tLyIsImlkIjoiZGlkOmVic2k6MkE5Qlo5U1VlNkJhdGFjU3B2czFWNUNkakh2THBRN2JFc2kySmI2TGRIS25ReGFOIiwicHJlZmVycmVkTmFtZSI6IkxlYXN0b24gVW5pdmVyc2l0eSIsInJlZ2lzdHJhdGlvbiI6IjA1OTcwNjVKIn0sImVuZGVkQXRUaW1lIjoiMjAyMC0wNi0yNlQwMDowMDowMFoiLCJpZCI6Imh0dHBzOi8vbGVhc3Rvbi5iY2RpcGxvbWEuY29tL2xhdy1lY29ub21pY3MtbWFuYWdlbWVudCNBd2FyZGluZ09wcG9ydHVuaXR5IiwiaWRlbnRpZmllciI6Imh0dHBzOi8vY2VydGlmaWNhdGUtZGVtby5iY2RpcGxvbWEuY29tL2NoZWNrLzg3RUQyRjIyNzBFNkM0MTQ1NkU5NEI4NkI5RDkxMTVCNEUzNUJDQ0FEMjAwQTQ5Qjg0NjU5MkMxNEY3OUM4NkJWMUZuYmxsdGEwTlpUbkprUjNsRFdsUm1URGxTUlVKRVZGWklTbU5tWXpKaFVVNXNaVUo1WjJGSlNIcFdibVpaIiwibG9jYXRpb24iOiJGUkFOQ0UiLCJzdGFydGVkQXRUaW1lIjoiMjAxOS0wOS0wMlQwMDowMDowMFoifSwiZGF0ZU9mQmlydGgiOiIxOTkzLTA0LTA4IiwiZmFtaWx5TmFtZSI6IkRPRSIsImdpdmVuTmFtZXMiOiJKYW5lIiwiZ3JhZGluZ1NjaGVtZSI6eyJpZCI6Imh0dHBzOi8vbGVhc3Rvbi5iY2RpcGxvbWEuY29tL2xhdy1lY29ub21pY3MtbWFuYWdlbWVudCNHcmFkaW5nU2NoZW1lIiwidGl0bGUiOiJMb3dlciBTZWNvbmQtQ2xhc3MgSG9ub3VycyJ9LCJpZGVudGlmaWVyIjoiMDkwNDAwODA4NEgiLCJsZWFybmluZ0FjaGlldmVtZW50Ijp7ImFkZGl0aW9uYWxOb3RlIjpbIkRJU1RSSUJVVElPTiBNQU5BR0VNRU5UIl0sImRlc2NyaXB0aW9uIjoiTUFSS0VUSU5HIEFORCBTQUxFUyIsImlkIjoiaHR0cHM6Ly9sZWFzdG9uLmJjZGlwbG9tYS5jb20vbGF3LWVjb25vbWljcy1tYW5hZ2VtZW50I0xlYXJuaW5nQWNoaWV2bWVudCIsInRpdGxlIjoiTUFTVEVSUyBMQVcsIEVDT05PTUlDUyBBTkQgTUFOQUdFTUVOVCJ9LCJsZWFybmluZ1NwZWNpZmljYXRpb24iOnsiZWN0c0NyZWRpdFBvaW50cyI6MTIwLCJlcWZMZXZlbCI6NywiaWQiOiJodHRwczovL2xlYXN0b24uYmNkaXBsb21hLmNvbS9sYXctZWNvbm9taWNzLW1hbmFnZW1lbnQjTGVhcm5pbmdTcGVjaWZpY2F0aW9uIiwiaXNjZWRmQ29kZSI6WyI3Il0sIm5xZkxldmVsIjpbIjciXX19LCJjcmVkZW50aWFsU3RhdHVzIjp7ImlkIjoiaHR0cHM6Ly9lc3NpZi5ldXJvcGEuZXUvc3RhdHVzL2VkdWNhdGlvbiNoaWdoZXJFZHVjYXRpb24jMzkyYWM3ZjYtMzk5YS00MzdiLWEyNjgtNDY5MWVhZDhmMTc2IiwidHlwZSI6IkNyZWRlbnRpYWxTdGF0dXNMaXN0MjAyMCJ9LCJldmlkZW5jZSI6eyJkb2N1bWVudFByZXNlbmNlIjpbIlBoeXNpY2FsIl0sImV2aWRlbmNlRG9jdW1lbnQiOlsiUGFzc3BvcnQiXSwiaWQiOiJodHRwczovL2Vzc2lmLmV1cm9wYS5ldS90c3ItdmEvZXZpZGVuY2UvZjJhZWVjOTctZmMwZC00MmJmLThjYTctMDU0ODE5MmQ1Njc4Iiwic3ViamVjdFByZXNlbmNlIjoiUGh5c2ljYWwiLCJ0eXBlIjpbIkRvY3VtZW50VmVyaWZpY2F0aW9uIl0sInZlcmlmaWVyIjoiZGlkOmVic2k6Mjk2MmZiNzg0ZGY2MWJhYTI2N2M4MTMyNDk3NTM5ZjhjNjc0YjM3YzEyNDRhN2EifX0sImp0aSI6InVybjp1dWlkOmQ4OWFkZWE2LWM4MmYtNDIyZi04ZTE4LTg0OGI5ODMzN2Q2NyJ9.MhaRlTzR2EE8RGlDwMD54A8m_AuJgpqNEc_sD8B86OwwxM33H-UnYIVVQJsr03I90BN-AlBgE7SHRWZDIKF9Ag
2081 [pool-1-thread-1 @coroutine#75] DEBUG id.walt.services.vc.WaltIdJwtCredentialService - Creating a presentation for VCs:
[PresentableCredential(verifiableCredential=eyJraWQiOiJkaWQ6a2V5Ono2TWtuUDV2Z3h5UUI1aHlrQkNOaDliaFhhUmNMNWg0Umh1VlY5ZWg2OTVFN2hpaiN6Nk1rblA1dmd4eVFCNWh5a0JDTmg5YmhYYVJjTDVoNFJodVZWOWVoNjk1RTdoaWoiLCJ0eXAiOiJKV1QiLCJhbGciOiJFZERTQSJ9.eyJzdWIiOiJkaWQ6a2V5Ono2TWtuUDV2Z3h5UUI1aHlrQkNOaDliaFhhUmNMNWg0Umh1VlY5ZWg2OTVFN2hpaiIsIm5iZiI6MTcyNjEzMzk3NywiaXNzIjoiZGlkOmtleTp6Nk1rblA1dmd4eVFCNWh5a0JDTmg5YmhYYVJjTDVoNFJodVZWOWVoNjk1RTdoaWoiLCJpYXQiOjE3MjYxMzM5NzcsInZjIjp7InR5cGUiOlsiVmVyaWZpYWJsZUNyZWRlbnRpYWwiLCJWZXJpZmlhYmxlQXR0ZXN0YXRpb24iLCJWZXJpZmlhYmxlRGlwbG9tYSJdLCJAY29udGV4dCI6WyJodHRwczovL3d3dy53My5vcmcvMjAxOC9jcmVkZW50aWFscy92MSJdLCJpZCI6InVybjp1dWlkOmQ4OWFkZWE2LWM4MmYtNDIyZi04ZTE4LTg0OGI5ODMzN2Q2NyIsImlzc3VlciI6ImRpZDprZXk6ejZNa25QNXZneHlRQjVoeWtCQ05oOWJoWGFSY0w1aDRSaHVWVjllaDY5NUU3aGlqIiwiaXNzdWFuY2VEYXRlIjoiMjAyNC0wOS0xMlQwOTozOTozN1oiLCJpc3N1ZWQiOiIyMDI0LTA5LTEyVDA5OjM5OjM3WiIsInZhbGlkRnJvbSI6IjIwMjQtMDktMTJUMDk6Mzk6MzdaIiwiZXhwaXJhdGlvbkRhdGUiOiIyMDIyLTA4LTMxVDAwOjAwOjAwWiIsImNyZWRlbnRpYWxTY2hlbWEiOnsiaWQiOiJodHRwczovL3Jhdy5naXRodWJ1c2VyY29udGVudC5jb20vd2FsdC1pZC93YWx0aWQtc3Npa2l0LXZjbGliL21hc3Rlci9zcmMvdGVzdC9yZXNvdXJjZXMvc2NoZW1hcy9WZXJpZmlhYmxlRGlwbG9tYS5qc29uIiwidHlwZSI6Ikpzb25TY2hlbWFWYWxpZGF0b3IyMDE4In0sImNyZWRlbnRpYWxTdWJqZWN0Ijp7ImlkIjoiZGlkOmtleTp6Nk1rblA1dmd4eVFCNWh5a0JDTmg5YmhYYVJjTDVoNFJodVZWOWVoNjk1RTdoaWoiLCJhd2FyZGluZ09wcG9ydHVuaXR5Ijp7ImF3YXJkaW5nQm9keSI6eyJlaWRhc0xlZ2FsSWRlbnRpZmllciI6IlVua25vd24iLCJob21lcGFnZSI6Imh0dHBzOi8vbGVhc3Rvbi5iY2RpcGxvbWEuY29tLyIsImlkIjoiZGlkOmVic2k6MkE5Qlo5U1VlNkJhdGFjU3B2czFWNUNkakh2THBRN2JFc2kySmI2TGRIS25ReGFOIiwicHJlZmVycmVkTmFtZSI6IkxlYXN0b24gVW5pdmVyc2l0eSIsInJlZ2lzdHJhdGlvbiI6IjA1OTcwNjVKIn0sImVuZGVkQXRUaW1lIjoiMjAyMC0wNi0yNlQwMDowMDowMFoiLCJpZCI6Imh0dHBzOi8vbGVhc3Rvbi5iY2RpcGxvbWEuY29tL2xhdy1lY29ub21pY3MtbWFuYWdlbWVudCNBd2FyZGluZ09wcG9ydHVuaXR5IiwiaWRlbnRpZmllciI6Imh0dHBzOi8vY2VydGlmaWNhdGUtZGVtby5iY2RpcGxvbWEuY29tL2NoZWNrLzg3RUQyRjIyNzBFNkM0MTQ1NkU5NEI4NkI5RDkxMTVCNEUzNUJDQ0FEMjAwQTQ5Qjg0NjU5MkMxNEY3OUM4NkJWMUZuYmxsdGEwTlpUbkprUjNsRFdsUm1URGxTUlVKRVZGWklTbU5tWXpKaFVVNXNaVUo1WjJGSlNIcFdibVpaIiwibG9jYXRpb24iOiJGUkFOQ0UiLCJzdGFydGVkQXRUaW1lIjoiMjAxOS0wOS0wMlQwMDowMDowMFoifSwiZGF0ZU9mQmlydGgiOiIxOTkzLTA0LTA4IiwiZmFtaWx5TmFtZSI6IkRPRSIsImdpdmVuTmFtZXMiOiJKYW5lIiwiZ3JhZGluZ1NjaGVtZSI6eyJpZCI6Imh0dHBzOi8vbGVhc3Rvbi5iY2RpcGxvbWEuY29tL2xhdy1lY29ub21pY3MtbWFuYWdlbWVudCNHcmFkaW5nU2NoZW1lIiwidGl0bGUiOiJMb3dlciBTZWNvbmQtQ2xhc3MgSG9ub3VycyJ9LCJpZGVudGlmaWVyIjoiMDkwNDAwODA4NEgiLCJsZWFybmluZ0FjaGlldmVtZW50Ijp7ImFkZGl0aW9uYWxOb3RlIjpbIkRJU1RSSUJVVElPTiBNQU5BR0VNRU5UIl0sImRlc2NyaXB0aW9uIjoiTUFSS0VUSU5HIEFORCBTQUxFUyIsImlkIjoiaHR0cHM6Ly9sZWFzdG9uLmJjZGlwbG9tYS5jb20vbGF3LWVjb25vbWljcy1tYW5hZ2VtZW50I0xlYXJuaW5nQWNoaWV2bWVudCIsInRpdGxlIjoiTUFTVEVSUyBMQVcsIEVDT05PTUlDUyBBTkQgTUFOQUdFTUVOVCJ9LCJsZWFybmluZ1NwZWNpZmljYXRpb24iOnsiZWN0c0NyZWRpdFBvaW50cyI6MTIwLCJlcWZMZXZlbCI6NywiaWQiOiJodHRwczovL2xlYXN0b24uYmNkaXBsb21hLmNvbS9sYXctZWNvbm9taWNzLW1hbmFnZW1lbnQjTGVhcm5pbmdTcGVjaWZpY2F0aW9uIiwiaXNjZWRmQ29kZSI6WyI3Il0sIm5xZkxldmVsIjpbIjciXX19LCJjcmVkZW50aWFsU3RhdHVzIjp7ImlkIjoiaHR0cHM6Ly9lc3NpZi5ldXJvcGEuZXUvc3RhdHVzL2VkdWNhdGlvbiNoaWdoZXJFZHVjYXRpb24jMzkyYWM3ZjYtMzk5YS00MzdiLWEyNjgtNDY5MWVhZDhmMTc2IiwidHlwZSI6IkNyZWRlbnRpYWxTdGF0dXNMaXN0MjAyMCJ9LCJldmlkZW5jZSI6eyJkb2N1bWVudFByZXNlbmNlIjpbIlBoeXNpY2FsIl0sImV2aWRlbmNlRG9jdW1lbnQiOlsiUGFzc3BvcnQiXSwiaWQiOiJodHRwczovL2Vzc2lmLmV1cm9wYS5ldS90c3ItdmEvZXZpZGVuY2UvZjJhZWVjOTctZmMwZC00MmJmLThjYTctMDU0ODE5MmQ1Njc4Iiwic3ViamVjdFByZXNlbmNlIjoiUGh5c2ljYWwiLCJ0eXBlIjpbIkRvY3VtZW50VmVyaWZpY2F0aW9uIl0sInZlcmlmaWVyIjoiZGlkOmVic2k6Mjk2MmZiNzg0ZGY2MWJhYTI2N2M4MTMyNDk3NTM5ZjhjNjc0YjM3YzEyNDRhN2EifX0sImp0aSI6InVybjp1dWlkOmQ4OWFkZWE2LWM4MmYtNDIyZi04ZTE4LTg0OGI5ODMzN2Q2NyJ9.MhaRlTzR2EE8RGlDwMD54A8m_AuJgpqNEc_sD8B86OwwxM33H-UnYIVVQJsr03I90BN-AlBgE7SHRWZDIKF9Ag, selectiveDisclosure=null, discloseAll=false)]
2081 [pool-1-thread-1 @coroutine#75] DEBUG id.walt.model.DidUrl - Trying to create DidUrl from URL: "did:key:z6MknP5vgxyQB5hykBCNh9bhXaRcL5h4RhuVV9eh695E7hij"...
2081 [pool-1-thread-1 @coroutine#75] DEBUG id.walt.services.vc.WaltIdJwtCredentialService - Signing JWT object with config: ProofConfig(issuerDid=did:key:z6MknP5vgxyQB5hykBCNh9bhXaRcL5h4RhuVV9eh695E7hij, subjectDid=did:key:z6MknP5vgxyQB5hykBCNh9bhXaRcL5h4RhuVV9eh695E7hij, verifierDid=did:key:z6MknP5vgxyQB5hykBCNh9bhXaRcL5h4RhuVV9eh695E7hij, issuerVerificationMethod=did:key:z6MknP5vgxyQB5hykBCNh9bhXaRcL5h4RhuVV9eh695E7hij#z6MknP5vgxyQB5hykBCNh9bhXaRcL5h4RhuVV9eh695E7hij, proofType=JWT, domain=null, nonce=abcd, proofPurpose=null, credentialId=urn:uuid:c27c72b2-ae47-4dc5-a9be-ce1b1d6eb1fa, issueDate=null, validDate=null, expirationDate=null, dataProviderIdentifier=null, ldSignatureType=null, creator=did:key:z6MknP5vgxyQB5hykBCNh9bhXaRcL5h4RhuVV9eh695E7hij, ecosystem=DEFAULT, statusType=null, statusPurpose=revocation, credentialsEndpoint=null, selectiveDisclosure=null)
2082 [pool-1-thread-1 @coroutine#75] DEBUG id.walt.services.vc.WaltIdJwtCredentialService - Signing: {"sub":"did:key:z6MknP5vgxyQB5hykBCNh9bhXaRcL5h4RhuVV9eh695E7hij","aud":"did:key:z6MknP5vgxyQB5hykBCNh9bhXaRcL5h4RhuVV9eh695E7hij","nbf":1726133977,"iss":"did:key:z6MknP5vgxyQB5hykBCNh9bhXaRcL5h4RhuVV9eh695E7hij","vp":{"type":["VerifiablePresentation"],"@context":["https://www.w3.org/2018/credentials/v1"],"id":"urn:uuid:c27c72b2-ae47-4dc5-a9be-ce1b1d6eb1fa","holder":"did:key:z6MknP5vgxyQB5hykBCNh9bhXaRcL5h4RhuVV9eh695E7hij","verifiableCredential":["eyJraWQiOiJkaWQ6a2V5Ono2TWtuUDV2Z3h5UUI1aHlrQkNOaDliaFhhUmNMNWg0Umh1VlY5ZWg2OTVFN2hpaiN6Nk1rblA1dmd4eVFCNWh5a0JDTmg5YmhYYVJjTDVoNFJodVZWOWVoNjk1RTdoaWoiLCJ0eXAiOiJKV1QiLCJhbGciOiJFZERTQSJ9.eyJzdWIiOiJkaWQ6a2V5Ono2TWtuUDV2Z3h5UUI1aHlrQkNOaDliaFhhUmNMNWg0Umh1VlY5ZWg2OTVFN2hpaiIsIm5iZiI6MTcyNjEzMzk3NywiaXNzIjoiZGlkOmtleTp6Nk1rblA1dmd4eVFCNWh5a0JDTmg5YmhYYVJjTDVoNFJodVZWOWVoNjk1RTdoaWoiLCJpYXQiOjE3MjYxMzM5NzcsInZjIjp7InR5cGUiOlsiVmVyaWZpYWJsZUNyZWRlbnRpYWwiLCJWZXJpZmlhYmxlQXR0ZXN0YXRpb24iLCJWZXJpZmlhYmxlRGlwbG9tYSJdLCJAY29udGV4dCI6WyJodHRwczovL3d3dy53My5vcmcvMjAxOC9jcmVkZW50aWFscy92MSJdLCJpZCI6InVybjp1dWlkOmQ4OWFkZWE2LWM4MmYtNDIyZi04ZTE4LTg0OGI5ODMzN2Q2NyIsImlzc3VlciI6ImRpZDprZXk6ejZNa25QNXZneHlRQjVoeWtCQ05oOWJoWGFSY0w1aDRSaHVWVjllaDY5NUU3aGlqIiwiaXNzdWFuY2VEYXRlIjoiMjAyNC0wOS0xMlQwOTozOTozN1oiLCJpc3N1ZWQiOiIyMDI0LTA5LTEyVDA5OjM5OjM3WiIsInZhbGlkRnJvbSI6IjIwMjQtMDktMTJUMDk6Mzk6MzdaIiwiZXhwaXJhdGlvbkRhdGUiOiIyMDIyLTA4LTMxVDAwOjAwOjAwWiIsImNyZWRlbnRpYWxTY2hlbWEiOnsiaWQiOiJodHRwczovL3Jhdy5naXRodWJ1c2VyY29udGVudC5jb20vd2FsdC1pZC93YWx0aWQtc3Npa2l0LXZjbGliL21hc3Rlci9zcmMvdGVzdC9yZXNvdXJjZXMvc2NoZW1hcy9WZXJpZmlhYmxlRGlwbG9tYS5qc29uIiwidHlwZSI6Ikpzb25TY2hlbWFWYWxpZGF0b3IyMDE4In0sImNyZWRlbnRpYWxTdWJqZWN0Ijp7ImlkIjoiZGlkOmtleTp6Nk1rblA1dmd4eVFCNWh5a0JDTmg5YmhYYVJjTDVoNFJodVZWOWVoNjk1RTdoaWoiLCJhd2FyZGluZ09wcG9ydHVuaXR5Ijp7ImF3YXJkaW5nQm9keSI6eyJlaWRhc0xlZ2FsSWRlbnRpZmllciI6IlVua25vd24iLCJob21lcGFnZSI6Imh0dHBzOi8vbGVhc3Rvbi5iY2RpcGxvbWEuY29tLyIsImlkIjoiZGlkOmVic2k6MkE5Qlo5U1VlNkJhdGFjU3B2czFWNUNkakh2THBRN2JFc2kySmI2TGRIS25ReGFOIiwicHJlZmVycmVkTmFtZSI6IkxlYXN0b24gVW5pdmVyc2l0eSIsInJlZ2lzdHJhdGlvbiI6IjA1OTcwNjVKIn0sImVuZGVkQXRUaW1lIjoiMjAyMC0wNi0yNlQwMDowMDowMFoiLCJpZCI6Imh0dHBzOi8vbGVhc3Rvbi5iY2RpcGxvbWEuY29tL2xhdy1lY29ub21pY3MtbWFuYWdlbWVudCNBd2FyZGluZ09wcG9ydHVuaXR5IiwiaWRlbnRpZmllciI6Imh0dHBzOi8vY2VydGlmaWNhdGUtZGVtby5iY2RpcGxvbWEuY29tL2NoZWNrLzg3RUQyRjIyNzBFNkM0MTQ1NkU5NEI4NkI5RDkxMTVCNEUzNUJDQ0FEMjAwQTQ5Qjg0NjU5MkMxNEY3OUM4NkJWMUZuYmxsdGEwTlpUbkprUjNsRFdsUm1URGxTUlVKRVZGWklTbU5tWXpKaFVVNXNaVUo1WjJGSlNIcFdibVpaIiwibG9jYXRpb24iOiJGUkFOQ0UiLCJzdGFydGVkQXRUaW1lIjoiMjAxOS0wOS0wMlQwMDowMDowMFoifSwiZGF0ZU9mQmlydGgiOiIxOTkzLTA0LTA4IiwiZmFtaWx5TmFtZSI6IkRPRSIsImdpdmVuTmFtZXMiOiJKYW5lIiwiZ3JhZGluZ1NjaGVtZSI6eyJpZCI6Imh0dHBzOi8vbGVhc3Rvbi5iY2RpcGxvbWEuY29tL2xhdy1lY29ub21pY3MtbWFuYWdlbWVudCNHcmFkaW5nU2NoZW1lIiwidGl0bGUiOiJMb3dlciBTZWNvbmQtQ2xhc3MgSG9ub3VycyJ9LCJpZGVudGlmaWVyIjoiMDkwNDAwODA4NEgiLCJsZWFybmluZ0FjaGlldmVtZW50Ijp7ImFkZGl0aW9uYWxOb3RlIjpbIkRJU1RSSUJVVElPTiBNQU5BR0VNRU5UIl0sImRlc2NyaXB0aW9uIjoiTUFSS0VUSU5HIEFORCBTQUxFUyIsImlkIjoiaHR0cHM6Ly9sZWFzdG9uLmJjZGlwbG9tYS5jb20vbGF3LWVjb25vbWljcy1tYW5hZ2VtZW50I0xlYXJuaW5nQWNoaWV2bWVudCIsInRpdGxlIjoiTUFTVEVSUyBMQVcsIEVDT05PTUlDUyBBTkQgTUFOQUdFTUVOVCJ9LCJsZWFybmluZ1NwZWNpZmljYXRpb24iOnsiZWN0c0NyZWRpdFBvaW50cyI6MTIwLCJlcWZMZXZlbCI6NywiaWQiOiJodHRwczovL2xlYXN0b24uYmNkaXBsb21hLmNvbS9sYXctZWNvbm9taWNzLW1hbmFnZW1lbnQjTGVhcm5pbmdTcGVjaWZpY2F0aW9uIiwiaXNjZWRmQ29kZSI6WyI3Il0sIm5xZkxldmVsIjpbIjciXX19LCJjcmVkZW50aWFsU3RhdHVzIjp7ImlkIjoiaHR0cHM6Ly9lc3NpZi5ldXJvcGEuZXUvc3RhdHVzL2VkdWNhdGlvbiNoaWdoZXJFZHVjYXRpb24jMzkyYWM3ZjYtMzk5YS00MzdiLWEyNjgtNDY5MWVhZDhmMTc2IiwidHlwZSI6IkNyZWRlbnRpYWxTdGF0dXNMaXN0MjAyMCJ9LCJldmlkZW5jZSI6eyJkb2N1bWVudFByZXNlbmNlIjpbIlBoeXNpY2FsIl0sImV2aWRlbmNlRG9jdW1lbnQiOlsiUGFzc3BvcnQiXSwiaWQiOiJodHRwczovL2Vzc2lmLmV1cm9wYS5ldS90c3ItdmEvZXZpZGVuY2UvZjJhZWVjOTctZmMwZC00MmJmLThjYTctMDU0ODE5MmQ1Njc4Iiwic3ViamVjdFByZXNlbmNlIjoiUGh5c2ljYWwiLCJ0eXBlIjpbIkRvY3VtZW50VmVyaWZpY2F0aW9uIl0sInZlcmlmaWVyIjoiZGlkOmVic2k6Mjk2MmZiNzg0ZGY2MWJhYTI2N2M4MTMyNDk3NTM5ZjhjNjc0YjM3YzEyNDRhN2EifX0sImp0aSI6InVybjp1dWlkOmQ4OWFkZWE2LWM4MmYtNDIyZi04ZTE4LTg0OGI5ODMzN2Q2NyJ9.MhaRlTzR2EE8RGlDwMD54A8m_AuJgpqNEc_sD8B86OwwxM33H-UnYIVVQJsr03I90BN-AlBgE7SHRWZDIKF9Ag"]},"iat":1726133977,"nonce":"abcd","jti":"urn:uuid:c27c72b2-ae47-4dc5-a9be-ce1b1d6eb1fa"}
2082 [pool-1-thread-1 @coroutine#75] DEBUG id.walt.services.keystore.HKVKeyStoreService - Loading key "did:key:z6MknP5vgxyQB5hykBCNh9bhXaRcL5h4RhuVV9eh695E7hij#z6MknP5vgxyQB5hykBCNh9bhXaRcL5h4RhuVV9eh695E7hij".
2082 [pool-1-thread-1 @coroutine#75] DEBUG id.walt.services.jwt.WaltIdJwtService - Signing JWT with algorithm: EdDSA_Ed25519
2082 [pool-1-thread-1 @coroutine#75] DEBUG id.walt.model.DidUrl - Trying to create DidUrl from URL: "did:key:z6MknP5vgxyQB5hykBCNh9bhXaRcL5h4RhuVV9eh695E7hij#z6MknP5vgxyQB5hykBCNh9bhXaRcL5h4RhuVV9eh695E7hij"...
2083 [pool-1-thread-1 @coroutine#75] DEBUG id.walt.services.keystore.HKVKeyStoreService - Loading key "88e05d8983ba4e58be01b05ac66b0bfb".
2085 [pool-1-thread-1 @coroutine#75] DEBUG id.walt.services.jwt.WaltIdJwtService - Signed JWT:  eyJraWQiOiJkaWQ6a2V5Ono2TWtuUDV2Z3h5UUI1aHlrQkNOaDliaFhhUmNMNWg0Umh1VlY5ZWg2OTVFN2hpaiN6Nk1rblA1dmd4eVFCNWh5a0JDTmg5YmhYYVJjTDVoNFJodVZWOWVoNjk1RTdoaWoiLCJ0eXAiOiJKV1QiLCJhbGciOiJFZERTQSJ9.eyJzdWIiOiJkaWQ6a2V5Ono2TWtuUDV2Z3h5UUI1aHlrQkNOaDliaFhhUmNMNWg0Umh1VlY5ZWg2OTVFN2hpaiIsImF1ZCI6ImRpZDprZXk6ejZNa25QNXZneHlRQjVoeWtCQ05oOWJoWGFSY0w1aDRSaHVWVjllaDY5NUU3aGlqIiwibmJmIjoxNzI2MTMzOTc3LCJpc3MiOiJkaWQ6a2V5Ono2TWtuUDV2Z3h5UUI1aHlrQkNOaDliaFhhUmNMNWg0Umh1VlY5ZWg2OTVFN2hpaiIsInZwIjp7InR5cGUiOlsiVmVyaWZpYWJsZVByZXNlbnRhdGlvbiJdLCJAY29udGV4dCI6WyJodHRwczovL3d3dy53My5vcmcvMjAxOC9jcmVkZW50aWFscy92MSJdLCJpZCI6InVybjp1dWlkOmMyN2M3MmIyLWFlNDctNGRjNS1hOWJlLWNlMWIxZDZlYjFmYSIsImhvbGRlciI6ImRpZDprZXk6ejZNa25QNXZneHlRQjVoeWtCQ05oOWJoWGFSY0w1aDRSaHVWVjllaDY5NUU3aGlqIiwidmVyaWZpYWJsZUNyZWRlbnRpYWwiOlsiZXlKcmFXUWlPaUprYVdRNmEyVjVPbm8yVFd0dVVEVjJaM2g1VVVJMWFIbHJRa05PYURsaWFGaGhVbU5NTldnMFVtaDFWbFk1WldnMk9UVkZOMmhwYWlONk5rMXJibEExZG1kNGVWRkNOV2g1YTBKRFRtZzVZbWhZWVZKalREVm9ORkpvZFZaV09XVm9OamsxUlRkb2FXb2lMQ0owZVhBaU9pSktWMVFpTENKaGJHY2lPaUpGWkVSVFFTSjkuZXlKemRXSWlPaUprYVdRNmEyVjVPbm8yVFd0dVVEVjJaM2g1VVVJMWFIbHJRa05PYURsaWFGaGhVbU5NTldnMFVtaDFWbFk1WldnMk9UVkZOMmhwYWlJc0ltNWlaaUk2TVRjeU5qRXpNemszTnl3aWFYTnpJam9pWkdsa09tdGxlVHA2TmsxcmJsQTFkbWQ0ZVZGQ05XaDVhMEpEVG1nNVltaFlZVkpqVERWb05GSm9kVlpXT1dWb05qazFSVGRvYVdvaUxDSnBZWFFpT2pFM01qWXhNek01Tnpjc0luWmpJanA3SW5SNWNHVWlPbHNpVm1WeWFXWnBZV0pzWlVOeVpXUmxiblJwWVd3aUxDSldaWEpwWm1saFlteGxRWFIwWlhOMFlYUnBiMjRpTENKV1pYSnBabWxoWW14bFJHbHdiRzl0WVNKZExDSkFZMjl1ZEdWNGRDSTZXeUpvZEhSd2N6b3ZMM2QzZHk1M015NXZjbWN2TWpBeE9DOWpjbVZrWlc1MGFXRnNjeTkyTVNKZExDSnBaQ0k2SW5WeWJqcDFkV2xrT21RNE9XRmtaV0UyTFdNNE1tWXROREl5WmkwNFpURTRMVGcwT0dJNU9ETXpOMlEyTnlJc0ltbHpjM1ZsY2lJNkltUnBaRHByWlhrNmVqWk5hMjVRTlhabmVIbFJRalZvZVd0Q1EwNW9PV0pvV0dGU1kwdzFhRFJTYUhWV1ZqbGxhRFk1TlVVM2FHbHFJaXdpYVhOemRXRnVZMlZFWVhSbElqb2lNakF5TkMwd09TMHhNbFF3T1Rvek9Ub3pOMW9pTENKcGMzTjFaV1FpT2lJeU1ESTBMVEE1TFRFeVZEQTVPak01T2pNM1dpSXNJblpoYkdsa1JuSnZiU0k2SWpJd01qUXRNRGt0TVRKVU1EazZNems2TXpkYUlpd2laWGh3YVhKaGRHbHZia1JoZEdVaU9pSXlNREl5TFRBNExUTXhWREF3T2pBd09qQXdXaUlzSW1OeVpXUmxiblJwWVd4VFkyaGxiV0VpT25zaWFXUWlPaUpvZEhSd2N6b3ZMM0poZHk1bmFYUm9kV0oxYzJWeVkyOXVkR1Z1ZEM1amIyMHZkMkZzZEMxcFpDOTNZV3gwYVdRdGMzTnBhMmwwTFhaamJHbGlMMjFoYzNSbGNpOXpjbU12ZEdWemRDOXlaWE52ZFhKalpYTXZjMk5vWlcxaGN5OVdaWEpwWm1saFlteGxSR2x3Ykc5dFlTNXFjMjl1SWl3aWRIbHdaU0k2SWtwemIyNVRZMmhsYldGV1lXeHBaR0YwYjNJeU1ERTRJbjBzSW1OeVpXUmxiblJwWVd4VGRXSnFaV04wSWpwN0ltbGtJam9pWkdsa09tdGxlVHA2TmsxcmJsQTFkbWQ0ZVZGQ05XaDVhMEpEVG1nNVltaFlZVkpqVERWb05GSm9kVlpXT1dWb05qazFSVGRvYVdvaUxDSmhkMkZ5WkdsdVowOXdjRzl5ZEhWdWFYUjVJanA3SW1GM1lYSmthVzVuUW05a2VTSTZleUpsYVdSaGMweGxaMkZzU1dSbGJuUnBabWxsY2lJNklsVnVhMjV2ZDI0aUxDSm9iMjFsY0dGblpTSTZJbWgwZEhCek9pOHZiR1ZoYzNSdmJpNWlZMlJwY0d4dmJXRXVZMjl0THlJc0ltbGtJam9pWkdsa09tVmljMms2TWtFNVFsbzVVMVZsTmtKaGRHRmpVM0IyY3pGV05VTmtha2gyVEhCUk4ySkZjMmt5U21JMlRHUklTMjVSZUdGT0lpd2ljSEpsWm1WeWNtVmtUbUZ0WlNJNklreGxZWE4wYjI0Z1ZXNXBkbVZ5YzJsMGVTSXNJbkpsWjJsemRISmhkR2x2YmlJNklqQTFPVGN3TmpWS0luMHNJbVZ1WkdWa1FYUlVhVzFsSWpvaU1qQXlNQzB3TmkweU5sUXdNRG93TURvd01Gb2lMQ0pwWkNJNkltaDBkSEJ6T2k4dmJHVmhjM1J2Ymk1aVkyUnBjR3h2YldFdVkyOXRMMnhoZHkxbFkyOXViMjFwWTNNdGJXRnVZV2RsYldWdWRDTkJkMkZ5WkdsdVowOXdjRzl5ZEhWdWFYUjVJaXdpYVdSbGJuUnBabWxsY2lJNkltaDBkSEJ6T2k4dlkyVnlkR2xtYVdOaGRHVXRaR1Z0Ynk1aVkyUnBjR3h2YldFdVkyOXRMMk5vWldOckx6ZzNSVVF5UmpJeU56QkZOa00wTVRRMU5rVTVORUk0TmtJNVJEa3hNVFZDTkVVek5VSkRRMEZFTWpBd1FUUTVRamcwTmpVNU1rTXhORVkzT1VNNE5rSldNVVp1WW14c2RHRXdUbHBVYmtwclVqTnNSRmRzVW0xVVJHeFRVbFZLUlZaR1drbFRiVTV0V1hwS2FGVlZOWE5hVlVvMVdqSkdTbE5JY0ZkaWJWcGFJaXdpYkc5allYUnBiMjRpT2lKR1VrRk9RMFVpTENKemRHRnlkR1ZrUVhSVWFXMWxJam9pTWpBeE9TMHdPUzB3TWxRd01Eb3dNRG93TUZvaWZTd2laR0YwWlU5bVFtbHlkR2dpT2lJeE9Ua3pMVEEwTFRBNElpd2labUZ0YVd4NVRtRnRaU0k2SWtSUFJTSXNJbWRwZG1WdVRtRnRaWE1pT2lKS1lXNWxJaXdpWjNKaFpHbHVaMU5qYUdWdFpTSTZleUpwWkNJNkltaDBkSEJ6T2k4dmJHVmhjM1J2Ymk1aVkyUnBjR3h2YldFdVkyOXRMMnhoZHkxbFkyOXViMjFwWTNNdGJXRnVZV2RsYldWdWRDTkhjbUZrYVc1blUyTm9aVzFsSWl3aWRHbDBiR1VpT2lKTWIzZGxjaUJUWldOdmJtUXRRMnhoYzNNZ1NHOXViM1Z5Y3lKOUxDSnBaR1Z1ZEdsbWFXVnlJam9pTURrd05EQXdPREE0TkVnaUxDSnNaV0Z5Ym1sdVowRmphR2xsZG1WdFpXNTBJanA3SW1Ga1pHbDBhVzl1WVd4T2IzUmxJanBiSWtSSlUxUlNTVUpWVkVsUFRpQk5RVTVCUjBWTlJVNVVJbDBzSW1SbGMyTnlhWEIwYVc5dUlqb2lUVUZTUzBWVVNVNUhJRUZPUkNCVFFVeEZVeUlzSW1sa0lqb2lhSFIwY0hNNkx5OXNaV0Z6ZEc5dUxtSmpaR2x3Ykc5dFlTNWpiMjB2YkdGM0xXVmpiMjV2YldsamN5MXRZVzVoWjJWdFpXNTBJMHhsWVhKdWFXNW5RV05vYVdWMmJXVnVkQ0lzSW5ScGRHeGxJam9pVFVGVFZFVlNVeUJNUVZjc0lFVkRUMDVQVFVsRFV5QkJUa1FnVFVGT1FVZEZUVVZPVkNKOUxDSnNaV0Z5Ym1sdVoxTndaV05wWm1sallYUnBiMjRpT25zaVpXTjBjME55WldScGRGQnZhVzUwY3lJNk1USXdMQ0psY1daTVpYWmxiQ0k2Tnl3aWFXUWlPaUpvZEhSd2N6b3ZMMnhsWVhOMGIyNHVZbU5rYVhCc2IyMWhMbU52YlM5c1lYY3RaV052Ym05dGFXTnpMVzFoYm1GblpXMWxiblFqVEdWaGNtNXBibWRUY0dWamFXWnBZMkYwYVc5dUlpd2lhWE5qWldSbVEyOWtaU0k2V3lJM0lsMHNJbTV4Wmt4bGRtVnNJanBiSWpjaVhYMTlMQ0pqY21Wa1pXNTBhV0ZzVTNSaGRIVnpJanA3SW1sa0lqb2lhSFIwY0hNNkx5OWxjM05wWmk1bGRYSnZjR0V1WlhVdmMzUmhkSFZ6TDJWa2RXTmhkR2x2YmlOb2FXZG9aWEpGWkhWallYUnBiMjRqTXpreVlXTTNaall0TXprNVlTMDBNemRpTFdFeU5qZ3RORFk1TVdWaFpEaG1NVGMySWl3aWRIbHdaU0k2SWtOeVpXUmxiblJwWVd4VGRHRjBkWE5NYVhOME1qQXlNQ0o5TENKbGRtbGtaVzVqWlNJNmV5SmtiMk4xYldWdWRGQnlaWE5sYm1ObElqcGJJbEJvZVhOcFkyRnNJbDBzSW1WMmFXUmxibU5sUkc5amRXMWxiblFpT2xzaVVHRnpjM0J2Y25RaVhTd2lhV1FpT2lKb2RIUndjem92TDJWemMybG1MbVYxY205d1lTNWxkUzkwYzNJdGRtRXZaWFpwWkdWdVkyVXZaakpoWldWak9UY3RabU13WkMwME1tSm1MVGhqWVRjdE1EVTBPREU1TW1RMU5qYzRJaXdpYzNWaWFtVmpkRkJ5WlhObGJtTmxJam9pVUdoNWMybGpZV3dpTENKMGVYQmxJanBiSWtSdlkzVnRaVzUwVm1WeWFXWnBZMkYwYVc5dUlsMHNJblpsY21sbWFXVnlJam9pWkdsa09tVmljMms2TWprMk1tWmlOemcwWkdZMk1XSmhZVEkyTjJNNE1UTXlORGszTlRNNVpqaGpOamMwWWpNM1l6RXlORFJoTjJFaWZYMHNJbXAwYVNJNkluVnlianAxZFdsa09tUTRPV0ZrWldFMkxXTTRNbVl0TkRJeVppMDRaVEU0TFRnME9HSTVPRE16TjJRMk55SjkuTWhhUmxUelIyRUU4UkdsRHdNRDU0QThtX0F1SmdwcU5FY19zRDhCODZPd3d4TTMzSC1VbllJVlZRSnNyMDNJOTBCTi1BbEJnRTdTSFJXWkRJS0Y5QWciXX0sImlhdCI6MTcyNjEzMzk3Nywibm9uY2UiOiJhYmNkIiwianRpIjoidXJuOnV1aWQ6YzI3YzcyYjItYWU0Ny00ZGM1LWE5YmUtY2UxYjFkNmViMWZhIn0.jo6tBuj9rzAPSvlNAv1-we5OhEzmcc-qgL3v73ZLarB1d3VksIRBSuLihdP8aVBOSz7TAdIEAPY1kVnw46NZBA
2086 [pool-1-thread-1 @coroutine#75] DEBUG id.walt.services.vc.WaltIdJwtCredentialService - VP created:eyJraWQiOiJkaWQ6a2V5Ono2TWtuUDV2Z3h5UUI1aHlrQkNOaDliaFhhUmNMNWg0Umh1VlY5ZWg2OTVFN2hpaiN6Nk1rblA1dmd4eVFCNWh5a0JDTmg5YmhYYVJjTDVoNFJodVZWOWVoNjk1RTdoaWoiLCJ0eXAiOiJKV1QiLCJhbGciOiJFZERTQSJ9.eyJzdWIiOiJkaWQ6a2V5Ono2TWtuUDV2Z3h5UUI1aHlrQkNOaDliaFhhUmNMNWg0Umh1VlY5ZWg2OTVFN2hpaiIsImF1ZCI6ImRpZDprZXk6ejZNa25QNXZneHlRQjVoeWtCQ05oOWJoWGFSY0w1aDRSaHVWVjllaDY5NUU3aGlqIiwibmJmIjoxNzI2MTMzOTc3LCJpc3MiOiJkaWQ6a2V5Ono2TWtuUDV2Z3h5UUI1aHlrQkNOaDliaFhhUmNMNWg0Umh1VlY5ZWg2OTVFN2hpaiIsInZwIjp7InR5cGUiOlsiVmVyaWZpYWJsZVByZXNlbnRhdGlvbiJdLCJAY29udGV4dCI6WyJodHRwczovL3d3dy53My5vcmcvMjAxOC9jcmVkZW50aWFscy92MSJdLCJpZCI6InVybjp1dWlkOmMyN2M3MmIyLWFlNDctNGRjNS1hOWJlLWNlMWIxZDZlYjFmYSIsImhvbGRlciI6ImRpZDprZXk6ejZNa25QNXZneHlRQjVoeWtCQ05oOWJoWGFSY0w1aDRSaHVWVjllaDY5NUU3aGlqIiwidmVyaWZpYWJsZUNyZWRlbnRpYWwiOlsiZXlKcmFXUWlPaUprYVdRNmEyVjVPbm8yVFd0dVVEVjJaM2g1VVVJMWFIbHJRa05PYURsaWFGaGhVbU5NTldnMFVtaDFWbFk1WldnMk9UVkZOMmhwYWlONk5rMXJibEExZG1kNGVWRkNOV2g1YTBKRFRtZzVZbWhZWVZKalREVm9ORkpvZFZaV09XVm9OamsxUlRkb2FXb2lMQ0owZVhBaU9pSktWMVFpTENKaGJHY2lPaUpGWkVSVFFTSjkuZXlKemRXSWlPaUprYVdRNmEyVjVPbm8yVFd0dVVEVjJaM2g1VVVJMWFIbHJRa05PYURsaWFGaGhVbU5NTldnMFVtaDFWbFk1WldnMk9UVkZOMmhwYWlJc0ltNWlaaUk2TVRjeU5qRXpNemszTnl3aWFYTnpJam9pWkdsa09tdGxlVHA2TmsxcmJsQTFkbWQ0ZVZGQ05XaDVhMEpEVG1nNVltaFlZVkpqVERWb05GSm9kVlpXT1dWb05qazFSVGRvYVdvaUxDSnBZWFFpT2pFM01qWXhNek01Tnpjc0luWmpJanA3SW5SNWNHVWlPbHNpVm1WeWFXWnBZV0pzWlVOeVpXUmxiblJwWVd3aUxDSldaWEpwWm1saFlteGxRWFIwWlhOMFlYUnBiMjRpTENKV1pYSnBabWxoWW14bFJHbHdiRzl0WVNKZExDSkFZMjl1ZEdWNGRDSTZXeUpvZEhSd2N6b3ZMM2QzZHk1M015NXZjbWN2TWpBeE9DOWpjbVZrWlc1MGFXRnNjeTkyTVNKZExDSnBaQ0k2SW5WeWJqcDFkV2xrT21RNE9XRmtaV0UyTFdNNE1tWXROREl5WmkwNFpURTRMVGcwT0dJNU9ETXpOMlEyTnlJc0ltbHpjM1ZsY2lJNkltUnBaRHByWlhrNmVqWk5hMjVRTlhabmVIbFJRalZvZVd0Q1EwNW9PV0pvV0dGU1kwdzFhRFJTYUhWV1ZqbGxhRFk1TlVVM2FHbHFJaXdpYVhOemRXRnVZMlZFWVhSbElqb2lNakF5TkMwd09TMHhNbFF3T1Rvek9Ub3pOMW9pTENKcGMzTjFaV1FpT2lJeU1ESTBMVEE1TFRFeVZEQTVPak01T2pNM1dpSXNJblpoYkdsa1JuSnZiU0k2SWpJd01qUXRNRGt0TVRKVU1EazZNems2TXpkYUlpd2laWGh3YVhKaGRHbHZia1JoZEdVaU9pSXlNREl5TFRBNExUTXhWREF3T2pBd09qQXdXaUlzSW1OeVpXUmxiblJwWVd4VFkyaGxiV0VpT25zaWFXUWlPaUpvZEhSd2N6b3ZMM0poZHk1bmFYUm9kV0oxYzJWeVkyOXVkR1Z1ZEM1amIyMHZkMkZzZEMxcFpDOTNZV3gwYVdRdGMzTnBhMmwwTFhaamJHbGlMMjFoYzNSbGNpOXpjbU12ZEdWemRDOXlaWE52ZFhKalpYTXZjMk5vWlcxaGN5OVdaWEpwWm1saFlteGxSR2x3Ykc5dFlTNXFjMjl1SWl3aWRIbHdaU0k2SWtwemIyNVRZMmhsYldGV1lXeHBaR0YwYjNJeU1ERTRJbjBzSW1OeVpXUmxiblJwWVd4VGRXSnFaV04wSWpwN0ltbGtJam9pWkdsa09tdGxlVHA2TmsxcmJsQTFkbWQ0ZVZGQ05XaDVhMEpEVG1nNVltaFlZVkpqVERWb05GSm9kVlpXT1dWb05qazFSVGRvYVdvaUxDSmhkMkZ5WkdsdVowOXdjRzl5ZEhWdWFYUjVJanA3SW1GM1lYSmthVzVuUW05a2VTSTZleUpsYVdSaGMweGxaMkZzU1dSbGJuUnBabWxsY2lJNklsVnVhMjV2ZDI0aUxDSm9iMjFsY0dGblpTSTZJbWgwZEhCek9pOHZiR1ZoYzNSdmJpNWlZMlJwY0d4dmJXRXVZMjl0THlJc0ltbGtJam9pWkdsa09tVmljMms2TWtFNVFsbzVVMVZsTmtKaGRHRmpVM0IyY3pGV05VTmtha2gyVEhCUk4ySkZjMmt5U21JMlRHUklTMjVSZUdGT0lpd2ljSEpsWm1WeWNtVmtUbUZ0WlNJNklreGxZWE4wYjI0Z1ZXNXBkbVZ5YzJsMGVTSXNJbkpsWjJsemRISmhkR2x2YmlJNklqQTFPVGN3TmpWS0luMHNJbVZ1WkdWa1FYUlVhVzFsSWpvaU1qQXlNQzB3TmkweU5sUXdNRG93TURvd01Gb2lMQ0pwWkNJNkltaDBkSEJ6T2k4dmJHVmhjM1J2Ymk1aVkyUnBjR3h2YldFdVkyOXRMMnhoZHkxbFkyOXViMjFwWTNNdGJXRnVZV2RsYldWdWRDTkJkMkZ5WkdsdVowOXdjRzl5ZEhWdWFYUjVJaXdpYVdSbGJuUnBabWxsY2lJNkltaDBkSEJ6T2k4dlkyVnlkR2xtYVdOaGRHVXRaR1Z0Ynk1aVkyUnBjR3h2YldFdVkyOXRMMk5vWldOckx6ZzNSVVF5UmpJeU56QkZOa00wTVRRMU5rVTVORUk0TmtJNVJEa3hNVFZDTkVVek5VSkRRMEZFTWpBd1FUUTVRamcwTmpVNU1rTXhORVkzT1VNNE5rSldNVVp1WW14c2RHRXdUbHBVYmtwclVqTnNSRmRzVW0xVVJHeFRVbFZLUlZaR1drbFRiVTV0V1hwS2FGVlZOWE5hVlVvMVdqSkdTbE5JY0ZkaWJWcGFJaXdpYkc5allYUnBiMjRpT2lKR1VrRk9RMFVpTENKemRHRnlkR1ZrUVhSVWFXMWxJam9pTWpBeE9TMHdPUzB3TWxRd01Eb3dNRG93TUZvaWZTd2laR0YwWlU5bVFtbHlkR2dpT2lJeE9Ua3pMVEEwTFRBNElpd2labUZ0YVd4NVRtRnRaU0k2SWtSUFJTSXNJbWRwZG1WdVRtRnRaWE1pT2lKS1lXNWxJaXdpWjNKaFpHbHVaMU5qYUdWdFpTSTZleUpwWkNJNkltaDBkSEJ6T2k4dmJHVmhjM1J2Ymk1aVkyUnBjR3h2YldFdVkyOXRMMnhoZHkxbFkyOXViMjFwWTNNdGJXRnVZV2RsYldWdWRDTkhjbUZrYVc1blUyTm9aVzFsSWl3aWRHbDBiR1VpT2lKTWIzZGxjaUJUWldOdmJtUXRRMnhoYzNNZ1NHOXViM1Z5Y3lKOUxDSnBaR1Z1ZEdsbWFXVnlJam9pTURrd05EQXdPREE0TkVnaUxDSnNaV0Z5Ym1sdVowRmphR2xsZG1WdFpXNTBJanA3SW1Ga1pHbDBhVzl1WVd4T2IzUmxJanBiSWtSSlUxUlNTVUpWVkVsUFRpQk5RVTVCUjBWTlJVNVVJbDBzSW1SbGMyTnlhWEIwYVc5dUlqb2lUVUZTUzBWVVNVNUhJRUZPUkNCVFFVeEZVeUlzSW1sa0lqb2lhSFIwY0hNNkx5OXNaV0Z6ZEc5dUxtSmpaR2x3Ykc5dFlTNWpiMjB2YkdGM0xXVmpiMjV2YldsamN5MXRZVzVoWjJWdFpXNTBJMHhsWVhKdWFXNW5RV05vYVdWMmJXVnVkQ0lzSW5ScGRHeGxJam9pVFVGVFZFVlNVeUJNUVZjc0lFVkRUMDVQVFVsRFV5QkJUa1FnVFVGT1FVZEZUVVZPVkNKOUxDSnNaV0Z5Ym1sdVoxTndaV05wWm1sallYUnBiMjRpT25zaVpXTjBjME55WldScGRGQnZhVzUwY3lJNk1USXdMQ0psY1daTVpYWmxiQ0k2Tnl3aWFXUWlPaUpvZEhSd2N6b3ZMMnhsWVhOMGIyNHVZbU5rYVhCc2IyMWhMbU52YlM5c1lYY3RaV052Ym05dGFXTnpMVzFoYm1GblpXMWxiblFqVEdWaGNtNXBibWRUY0dWamFXWnBZMkYwYVc5dUlpd2lhWE5qWldSbVEyOWtaU0k2V3lJM0lsMHNJbTV4Wmt4bGRtVnNJanBiSWpjaVhYMTlMQ0pqY21Wa1pXNTBhV0ZzVTNSaGRIVnpJanA3SW1sa0lqb2lhSFIwY0hNNkx5OWxjM05wWmk1bGRYSnZjR0V1WlhVdmMzUmhkSFZ6TDJWa2RXTmhkR2x2YmlOb2FXZG9aWEpGWkhWallYUnBiMjRqTXpreVlXTTNaall0TXprNVlTMDBNemRpTFdFeU5qZ3RORFk1TVdWaFpEaG1NVGMySWl3aWRIbHdaU0k2SWtOeVpXUmxiblJwWVd4VGRHRjBkWE5NYVhOME1qQXlNQ0o5TENKbGRtbGtaVzVqWlNJNmV5SmtiMk4xYldWdWRGQnlaWE5sYm1ObElqcGJJbEJvZVhOcFkyRnNJbDBzSW1WMmFXUmxibU5sUkc5amRXMWxiblFpT2xzaVVHRnpjM0J2Y25RaVhTd2lhV1FpT2lKb2RIUndjem92TDJWemMybG1MbVYxY205d1lTNWxkUzkwYzNJdGRtRXZaWFpwWkdWdVkyVXZaakpoWldWak9UY3RabU13WkMwME1tSm1MVGhqWVRjdE1EVTBPREU1TW1RMU5qYzRJaXdpYzNWaWFtVmpkRkJ5WlhObGJtTmxJam9pVUdoNWMybGpZV3dpTENKMGVYQmxJanBiSWtSdlkzVnRaVzUwVm1WeWFXWnBZMkYwYVc5dUlsMHNJblpsY21sbWFXVnlJam9pWkdsa09tVmljMms2TWprMk1tWmlOemcwWkdZMk1XSmhZVEkyTjJNNE1UTXlORGszTlRNNVpqaGpOamMwWWpNM1l6RXlORFJoTjJFaWZYMHNJbXAwYVNJNkluVnlianAxZFdsa09tUTRPV0ZrWldFMkxXTTRNbVl0TkRJeVppMDRaVEU0TFRnME9HSTVPRE16TjJRMk55SjkuTWhhUmxUelIyRUU4UkdsRHdNRDU0QThtX0F1SmdwcU5FY19zRDhCODZPd3d4TTMzSC1VbllJVlZRSnNyMDNJOTBCTi1BbEJnRTdTSFJXWkRJS0Y5QWciXX0sImlhdCI6MTcyNjEzMzk3Nywibm9uY2UiOiJhYmNkIiwianRpIjoidXJuOnV1aWQ6YzI3YzcyYjItYWU0Ny00ZGM1LWE5YmUtY2UxYjFkNmViMWZhIn0.jo6tBuj9rzAPSvlNAv1-we5OhEzmcc-qgL3v73ZLarB1d3VksIRBSuLihdP8aVBOSz7TAdIEAPY1kVnw46NZBA
2086 [pool-1-thread-1 @coroutine#75] DEBUG id.walt.auditor.Auditor - Verifying vc with SignaturePolicy ...
2086 [pool-1-thread-1 @coroutine#75] DEBUG id.walt.auditor.policies.SignaturePolicy - is jwt: false
2087 [pool-1-thread-1 @coroutine#75] DEBUG id.walt.model.DidUrl - Trying to create DidUrl from URL: "did:key:z6MknP5vgxyQB5hykBCNh9bhXaRcL5h4RhuVV9eh695E7hij#z6MknP5vgxyQB5hykBCNh9bhXaRcL5h4RhuVV9eh695E7hij"...
2090 [pool-1-thread-1 @coroutine#75] DEBUG id.walt.model.DidUrl - Trying to create DidUrl from URL: "did:key:z6MknP5vgxyQB5hykBCNh9bhXaRcL5h4RhuVV9eh695E7hij"...
2090 [pool-1-thread-1 @coroutine#75] DEBUG id.walt.model.DidUrl - Trying to create DidUrl from URL: "did:key:z6MknP5vgxyQB5hykBCNh9bhXaRcL5h4RhuVV9eh695E7hij"...
2092 [pool-1-thread-1 @coroutine#75] DEBUG id.walt.services.did.DidService - DID imported: did:key:z6MknP5vgxyQB5hykBCNh9bhXaRcL5h4RhuVV9eh695E7hij#z6MknP5vgxyQB5hykBCNh9bhXaRcL5h4RhuVV9eh695E7hij
2092 [pool-1-thread-1 @coroutine#75] DEBUG id.walt.services.did.DidService - Loading or resolving "did:key:z6MknP5vgxyQB5hykBCNh9bhXaRcL5h4RhuVV9eh695E7hij#z6MknP5vgxyQB5hykBCNh9bhXaRcL5h4RhuVV9eh695E7hij"...
2092 [pool-1-thread-1 @coroutine#75] DEBUG id.walt.model.DidUrl - Trying to create DidUrl from URL: "did:key:z6MknP5vgxyQB5hykBCNh9bhXaRcL5h4RhuVV9eh695E7hij#z6MknP5vgxyQB5hykBCNh9bhXaRcL5h4RhuVV9eh695E7hij"...
2092 [pool-1-thread-1 @coroutine#75] DEBUG id.walt.services.did.DidService - loadOrResolve: url=DidUrl(method=key, identifier=z6MknP5vgxyQB5hykBCNh9bhXaRcL5h4RhuVV9eh695E7hij, fragment=z6MknP5vgxyQB5hykBCNh9bhXaRcL5h4RhuVV9eh695E7hij, query=null), length of stored=null
2092 [pool-1-thread-1 @coroutine#75] DEBUG id.walt.model.DidUrl - Trying to create DidUrl from URL: "did:key:z6MknP5vgxyQB5hykBCNh9bhXaRcL5h4RhuVV9eh695E7hij#z6MknP5vgxyQB5hykBCNh9bhXaRcL5h4RhuVV9eh695E7hij"...
2094 [pool-1-thread-1 @coroutine#75] DEBUG id.walt.model.DidUrl - Trying to create DidUrl from URL: "did:key:z6MknP5vgxyQB5hykBCNh9bhXaRcL5h4RhuVV9eh695E7hij"...
2095 [pool-1-thread-1 @coroutine#75] DEBUG id.walt.model.DidUrl - Trying to create DidUrl from URL: "did:key:z6MknP5vgxyQB5hykBCNh9bhXaRcL5h4RhuVV9eh695E7hij"...
2096 [pool-1-thread-1 @coroutine#75] DEBUG id.walt.services.did.DidService - Key imported for: did:key:z6MknP5vgxyQB5hykBCNh9bhXaRcL5h4RhuVV9eh695E7hij#z6MknP5vgxyQB5hykBCNh9bhXaRcL5h4RhuVV9eh695E7hij
2096 [pool-1-thread-1 @coroutine#75] DEBUG id.walt.services.did.DidService - Loading or resolving "did:key:z6MknP5vgxyQB5hykBCNh9bhXaRcL5h4RhuVV9eh695E7hij"...
2096 [pool-1-thread-1 @coroutine#75] DEBUG id.walt.model.DidUrl - Trying to create DidUrl from URL: "did:key:z6MknP5vgxyQB5hykBCNh9bhXaRcL5h4RhuVV9eh695E7hij"...
2096 [pool-1-thread-1 @coroutine#75] DEBUG id.walt.services.did.DidService - loadOrResolve: url=DidUrl(method=key, identifier=z6MknP5vgxyQB5hykBCNh9bhXaRcL5h4RhuVV9eh695E7hij, fragment=z6MknP5vgxyQB5hykBCNh9bhXaRcL5h4RhuVV9eh695E7hij, query=null), length of stored=1639
2098 [pool-1-thread-1 @coroutine#75] DEBUG id.walt.model.DidUrl - Trying to create DidUrl from URL: "did:key:z6MknP5vgxyQB5hykBCNh9bhXaRcL5h4RhuVV9eh695E7hij"...
2104 [pool-1-thread-1 @coroutine#75] DEBUG id.walt.services.vc.WaltIdJsonLdCredentialService - Loading verification key for:  did:key:z6MknP5vgxyQB5hykBCNh9bhXaRcL5h4RhuVV9eh695E7hij#z6MknP5vgxyQB5hykBCNh9bhXaRcL5h4RhuVV9eh695E7hij
2104 [pool-1-thread-1 @coroutine#75] DEBUG id.walt.services.vc.WaltIdJsonLdCredentialService - Document loader config: isEnableHttp (true), isEnableHttps (true), isEnableFile (true), isEnableLocalCache (true)
2104 [pool-1-thread-1 @coroutine#75] DEBUG id.walt.services.vc.WaltIdJsonLdCredentialService - Decoded Json LD object: {"type":["VerifiableCredential","VerifiableAttestation","VerifiableDiploma"],"@context":["https://www.w3.org/2018/credentials/v1","https://w3id.org/security/suites/jws-2020/v1"],"id":"urn:uuid:b698bc4c-c084-4e21-b17f-94e9c19c9da7","issuer":"did:key:z6MknP5vgxyQB5hykBCNh9bhXaRcL5h4RhuVV9eh695E7hij","issuanceDate":"2024-09-12T09:39:37Z","issued":"2024-09-12T09:39:37Z","validFrom":"2024-09-12T09:39:37Z","expirationDate":"2022-08-31T00:00:00Z","proof":{"type":"JsonWebSignature2020","creator":"did:key:z6MknP5vgxyQB5hykBCNh9bhXaRcL5h4RhuVV9eh695E7hij","created":"2024-09-12T09:39:37Z","proofPurpose":"assertionMethod","verificationMethod":"did:key:z6MknP5vgxyQB5hykBCNh9bhXaRcL5h4RhuVV9eh695E7hij#z6MknP5vgxyQB5hykBCNh9bhXaRcL5h4RhuVV9eh695E7hij","jws":"eyJiNjQiOmZhbHNlLCJjcml0IjpbImI2NCJdLCJhbGciOiJFZERTQSJ9..esLhx_-n_lz0n8RiFEYMi27sYB9Ni-vYfoFgcs6POQClEuEg31hd8V8076DgR4UeKcjU5xHs7uj7dOVP0xucBQ"},"credentialSchema":{"id":"https://raw.githubusercontent.com/walt-id/waltid-ssikit-vclib/master/src/test/resources/schemas/VerifiableDiploma.json","type":"JsonSchemaValidator2018"},"credentialSubject":{"id":"did:key:z6MknP5vgxyQB5hykBCNh9bhXaRcL5h4RhuVV9eh695E7hij","awardingOpportunity":{"awardingBody":{"eidasLegalIdentifier":"Unknown","homepage":"https://leaston.bcdiploma.com/","id":"did:ebsi:2A9BZ9SUe6BatacSpvs1V5CdjHvLpQ7bEsi2Jb6LdHKnQxaN","preferredName":"Leaston University","registration":"0597065J"},"endedAtTime":"2020-06-26T00:00:00Z","id":"https://leaston.bcdiploma.com/law-economics-management#AwardingOpportunity","identifier":"https://certificate-demo.bcdiploma.com/check/87ED2F2270E6C41456E94B86B9D9115B4E35BCCAD200A49B846592C14F79C86BV1Fnbllta0NZTnJkR3lDWlRmTDlSRUJEVFZISmNmYzJhUU5sZUJ5Z2FJSHpWbmZZ","location":"FRANCE","startedAtTime":"2019-09-02T00:00:00Z"},"dateOfBirth":"1993-04-08","familyName":"DOE","givenNames":"Jane","gradingScheme":{"id":"https://leaston.bcdiploma.com/law-economics-management#GradingScheme","title":"Lower Second-Class Honours"},"identifier":"0904008084H","learningAchievement":{"additionalNote":["DISTRIBUTION MANAGEMENT"],"description":"MARKETING AND SALES","id":"https://leaston.bcdiploma.com/law-economics-management#LearningAchievment","title":"MASTERS LAW, ECONOMICS AND MANAGEMENT"},"learningSpecification":{"ectsCreditPoints":120,"eqfLevel":7,"id":"https://leaston.bcdiploma.com/law-economics-management#LearningSpecification","iscedfCode":["7"],"nqfLevel":["7"]}},"credentialStatus":{"id":"https://essif.europa.eu/status/education#higherEducation#392ac7f6-399a-437b-a268-4691ead8f176","type":"CredentialStatusList2020"},"evidence":{"documentPresence":["Physical"],"evidenceDocument":["Passport"],"id":"https://essif.europa.eu/tsr-va/evidence/f2aeec97-fc0d-42bf-8ca7-0548192d5678","subjectPresence":"Physical","type":["DocumentVerification"],"verifier":"did:ebsi:2962fb784df61baa267c8132497539f8c674b37c1244a7a"}}
2105 [pool-1-thread-1 @coroutine#75] DEBUG id.walt.services.storeUmu.defaultSoreServiceUmu - Loading key "z6MknP5vgxyQB5hykBCNh9bhXaRcL5h4RhuVV9eh695E7hij"...
2105 [pool-1-thread-1 @coroutine#75] DEBUG id.walt.auditor.VerificationPolicy - VerificationPolicy failed: Could not load key: z6MknP5vgxyQB5hykBCNh9bhXaRcL5h4RhuVV9eh695E7hij
2105 [pool-1-thread-1 @coroutine#75] DEBUG id.walt.auditor.VerificationPolicy - VC [VerifiableCredential, VerifiableAttestation, VerifiableDiploma] passes policy SignaturePolicy: failed: #1: IllegalArgumentException - Could not load key: z6MknP5vgxyQB5hykBCNh9bhXaRcL5h4RhuVV9eh695E7hij
2105 [pool-1-thread-1 @coroutine#75] ERROR id.walt.auditor.Auditor - SignaturePolicy: java.lang.IllegalArgumentException: Could not load key: z6MknP5vgxyQB5hykBCNh9bhXaRcL5h4RhuVV9eh695E7hij
2105 [pool-1-thread-1 @coroutine#75] DEBUG id.walt.auditor.VerificationPolicy - VerificationPolicy failed: Could not load key: z6MknP5vgxyQB5hykBCNh9bhXaRcL5h4RhuVV9eh695E7hij
2105 [pool-1-thread-1 @coroutine#75] DEBUG id.walt.auditor.Auditor - Verifying vc with JsonSchemaPolicy ...
2138 [pool-1-thread-1 @coroutine#75] DEBUG id.walt.auditor.VerificationPolicy - VC [VerifiableCredential, VerifiableAttestation, VerifiableDiploma] passes policy JsonSchemaPolicy: passed
2150 [pool-1-thread-1 @coroutine#79] DEBUG id.walt.services.keystore.HKVKeyStoreService - Storing key "f0a72a36f385406a90fb815fabf982ae".
2150 [pool-1-thread-1 @coroutine#79] DEBUG id.walt.services.keystore.HKVKeyStoreService - Loading key "f0a72a36f385406a90fb815fabf982ae".
2150 [pool-1-thread-1 @coroutine#79] DEBUG id.walt.model.DidUrl - Trying to create DidUrl from URL: "did:key:z6MknT5FiEriedVGMYKK96wanQzFjq2YVXZK4Pa2KoJruibR"...
2153 [pool-1-thread-1 @coroutine#79] DEBUG id.walt.services.keystore.HKVKeyStoreService - Loading key "f0a72a36f385406a90fb815fabf982ae".
2153 [pool-1-thread-1 @coroutine#79] DEBUG id.walt.services.did.DidService - A key with the id "f0a72a36f385406a90fb815fabf982ae" exists.
2153 [pool-1-thread-1 @coroutine#79] DEBUG id.walt.model.DidUrl - Trying to create DidUrl from URL: "did:key:z6MknT5FiEriedVGMYKK96wanQzFjq2YVXZK4Pa2KoJruibR"...
2154 [pool-1-thread-1 @coroutine#79] DEBUG id.walt.model.DidUrl - Trying to create DidUrl from URL: "did:key:z6MknT5FiEriedVGMYKK96wanQzFjq2YVXZK4Pa2KoJruibR"...
2155 [pool-1-thread-1 @coroutine#79] DEBUG id.walt.model.DidUrl - Trying to create DidUrl from URL: "did:key:z6MknT5FiEriedVGMYKK96wanQzFjq2YVXZK4Pa2KoJruibR"...
2155 [pool-1-thread-1 @coroutine#79] DEBUG id.walt.model.DidUrl - Trying to create DidUrl from URL: "did:key:z6MknT5FiEriedVGMYKK96wanQzFjq2YVXZK4Pa2KoJruibR"...
2155 [pool-1-thread-1 @coroutine#79] DEBUG id.walt.model.DidUrl - Trying to create DidUrl from URL: "did:key:z6MknT5FiEriedVGMYKK96wanQzFjq2YVXZK4Pa2KoJruibR"...
2155 [pool-1-thread-1 @coroutine#79] DEBUG id.walt.signatory.WaltIdSignatory - Signing credential with proof using LD_PROOF...
2156 [pool-1-thread-1 @coroutine#79] DEBUG id.walt.signatory.WaltIdSignatory - Signing credential with proof using LD_PROOF, credential is: {"type":["VerifiableCredential","VerifiableAttestation","VerifiableDiploma"],"@context":["https://www.w3.org/2018/credentials/v1"],"id":"urn:uuid:fc4ad5f1-1007-41b4-a85c-fecc990bba81","issuer":"did:key:z6MknT5FiEriedVGMYKK96wanQzFjq2YVXZK4Pa2KoJruibR","issuanceDate":"2024-09-12T09:39:37Z","issued":"2024-09-12T09:39:37Z","validFrom":"2024-09-12T09:39:37Z","expirationDate":"2022-08-31T00:00:00Z","credentialSchema":{"id":"https://raw.githubusercontent.com/walt-id/waltid-ssikit-vclib/master/src/test/resources/schemas/VerifiableDiploma.json","type":"JsonSchemaValidator2018"},"credentialSubject":{"id":"did:key:z6MknT5FiEriedVGMYKK96wanQzFjq2YVXZK4Pa2KoJruibR","awardingOpportunity":{"awardingBody":{"eidasLegalIdentifier":"Unknown","homepage":"https://leaston.bcdiploma.com/","id":"did:ebsi:2A9BZ9SUe6BatacSpvs1V5CdjHvLpQ7bEsi2Jb6LdHKnQxaN","preferredName":"Leaston University","registration":"0597065J"},"endedAtTime":"2020-06-26T00:00:00Z","id":"https://leaston.bcdiploma.com/law-economics-management#AwardingOpportunity","identifier":"https://certificate-demo.bcdiploma.com/check/87ED2F2270E6C41456E94B86B9D9115B4E35BCCAD200A49B846592C14F79C86BV1Fnbllta0NZTnJkR3lDWlRmTDlSRUJEVFZISmNmYzJhUU5sZUJ5Z2FJSHpWbmZZ","location":"FRANCE","startedAtTime":"2019-09-02T00:00:00Z"},"dateOfBirth":"1993-04-08","familyName":"DOE","givenNames":"Jane","gradingScheme":{"id":"https://leaston.bcdiploma.com/law-economics-management#GradingScheme","title":"Lower Second-Class Honours"},"identifier":"0904008084H","learningAchievement":{"additionalNote":["DISTRIBUTION MANAGEMENT"],"description":"MARKETING AND SALES","id":"https://leaston.bcdiploma.com/law-economics-management#LearningAchievment","title":"MASTERS LAW, ECONOMICS AND MANAGEMENT"},"learningSpecification":{"ectsCreditPoints":120,"eqfLevel":7,"id":"https://leaston.bcdiploma.com/law-economics-management#LearningSpecification","iscedfCode":["7"],"nqfLevel":["7"]}},"credentialStatus":{"id":"https://essif.europa.eu/status/education#higherEducation#392ac7f6-399a-437b-a268-4691ead8f176","type":"CredentialStatusList2020"},"evidence":{"documentPresence":["Physical"],"evidenceDocument":["Passport"],"id":"https://essif.europa.eu/tsr-va/evidence/f2aeec97-fc0d-42bf-8ca7-0548192d5678","subjectPresence":"Physical","type":["DocumentVerification"],"verifier":"did:ebsi:2962fb784df61baa267c8132497539f8c674b37c1244a7a"}}
2156 [pool-1-thread-1 @coroutine#79] DEBUG id.walt.services.vc.WaltIdJsonLdCredentialService - Signing jsonLd object with: issuerDid (did:key:z6MknT5FiEriedVGMYKK96wanQzFjq2YVXZK4Pa2KoJruibR), domain (null), nonce (null
2156 [pool-1-thread-1 @coroutine#79] DEBUG id.walt.services.keystore.HKVKeyStoreService - Loading key "did:key:z6MknT5FiEriedVGMYKK96wanQzFjq2YVXZK4Pa2KoJruibR#z6MknT5FiEriedVGMYKK96wanQzFjq2YVXZK4Pa2KoJruibR".
2156 [pool-1-thread-1 @coroutine#79] DEBUG id.walt.services.vc.WaltIdJsonLdCredentialService - Signing: {"type":["VerifiableCredential","VerifiableAttestation","VerifiableDiploma"],"@context":["https://www.w3.org/2018/credentials/v1"],"id":"urn:uuid:fc4ad5f1-1007-41b4-a85c-fecc990bba81","issuer":"did:key:z6MknT5FiEriedVGMYKK96wanQzFjq2YVXZK4Pa2KoJruibR","issuanceDate":"2024-09-12T09:39:37Z","issued":"2024-09-12T09:39:37Z","validFrom":"2024-09-12T09:39:37Z","expirationDate":"2022-08-31T00:00:00Z","credentialSchema":{"id":"https://raw.githubusercontent.com/walt-id/waltid-ssikit-vclib/master/src/test/resources/schemas/VerifiableDiploma.json","type":"JsonSchemaValidator2018"},"credentialSubject":{"id":"did:key:z6MknT5FiEriedVGMYKK96wanQzFjq2YVXZK4Pa2KoJruibR","awardingOpportunity":{"awardingBody":{"eidasLegalIdentifier":"Unknown","homepage":"https://leaston.bcdiploma.com/","id":"did:ebsi:2A9BZ9SUe6BatacSpvs1V5CdjHvLpQ7bEsi2Jb6LdHKnQxaN","preferredName":"Leaston University","registration":"0597065J"},"endedAtTime":"2020-06-26T00:00:00Z","id":"https://leaston.bcdiploma.com/law-economics-management#AwardingOpportunity","identifier":"https://certificate-demo.bcdiploma.com/check/87ED2F2270E6C41456E94B86B9D9115B4E35BCCAD200A49B846592C14F79C86BV1Fnbllta0NZTnJkR3lDWlRmTDlSRUJEVFZISmNmYzJhUU5sZUJ5Z2FJSHpWbmZZ","location":"FRANCE","startedAtTime":"2019-09-02T00:00:00Z"},"dateOfBirth":"1993-04-08","familyName":"DOE","givenNames":"Jane","gradingScheme":{"id":"https://leaston.bcdiploma.com/law-economics-management#GradingScheme","title":"Lower Second-Class Honours"},"identifier":"0904008084H","learningAchievement":{"additionalNote":["DISTRIBUTION MANAGEMENT"],"description":"MARKETING AND SALES","id":"https://leaston.bcdiploma.com/law-economics-management#LearningAchievment","title":"MASTERS LAW, ECONOMICS AND MANAGEMENT"},"learningSpecification":{"ectsCreditPoints":120,"eqfLevel":7,"id":"https://leaston.bcdiploma.com/law-economics-management#LearningSpecification","iscedfCode":["7"],"nqfLevel":["7"]}},"credentialStatus":{"id":"https://essif.europa.eu/status/education#higherEducation#392ac7f6-399a-437b-a268-4691ead8f176","type":"CredentialStatusList2020"},"evidence":{"documentPresence":["Physical"],"evidenceDocument":["Passport"],"id":"https://essif.europa.eu/tsr-va/evidence/f2aeec97-fc0d-42bf-8ca7-0548192d5678","subjectPresence":"Physical","type":["DocumentVerification"],"verifier":"did:ebsi:2962fb784df61baa267c8132497539f8c674b37c1244a7a"}}
Sep 12, 2024 11:39:37 AM com.apicatalog.jsonld.deseralization.JsonLdToRdf build
WARNING: Non well-formed subject [https://essif.europa.eu/status/education#higherEducation#392ac7f6-399a-437b-a268-4691ead8f176] has been skipped.
2162 [pool-1-thread-1 @coroutine#79] DEBUG id.walt.services.keystore.HKVKeyStoreService - Loading key "f0a72a36f385406a90fb815fabf982ae".
2162 [pool-1-thread-1 @coroutine#79] DEBUG id.walt.services.keystore.HKVKeyStoreService - Loading key "f0a72a36f385406a90fb815fabf982ae".
2162 [pool-1-thread-1 @coroutine#79] DEBUG id.walt.services.keystore.HKVKeyStoreService - Loading key "f0a72a36f385406a90fb815fabf982ae".
2164 [pool-1-thread-1 @coroutine#79] DEBUG id.walt.signatory.WaltIdSignatory - Signed VC is: {
  "type" : [ "VerifiableCredential", "VerifiableAttestation", "VerifiableDiploma" ],
  "@context" : [ "https://www.w3.org/2018/credentials/v1", "https://w3id.org/security/suites/jws-2020/v1" ],
  "id" : "urn:uuid:fc4ad5f1-1007-41b4-a85c-fecc990bba81",
  "issuer" : "did:key:z6MknT5FiEriedVGMYKK96wanQzFjq2YVXZK4Pa2KoJruibR",
  "issuanceDate" : "2024-09-12T09:39:37Z",
  "issued" : "2024-09-12T09:39:37Z",
  "validFrom" : "2024-09-12T09:39:37Z",
  "expirationDate" : "2022-08-31T00:00:00Z",
  "credentialSchema" : {
    "id" : "https://raw.githubusercontent.com/walt-id/waltid-ssikit-vclib/master/src/test/resources/schemas/VerifiableDiploma.json",
    "type" : "JsonSchemaValidator2018"
  },
  "credentialSubject" : {
    "id" : "did:key:z6MknT5FiEriedVGMYKK96wanQzFjq2YVXZK4Pa2KoJruibR",
    "awardingOpportunity" : {
      "awardingBody" : {
        "eidasLegalIdentifier" : "Unknown",
        "homepage" : "https://leaston.bcdiploma.com/",
        "id" : "did:ebsi:2A9BZ9SUe6BatacSpvs1V5CdjHvLpQ7bEsi2Jb6LdHKnQxaN",
        "preferredName" : "Leaston University",
        "registration" : "0597065J"
      },
      "endedAtTime" : "2020-06-26T00:00:00Z",
      "id" : "https://leaston.bcdiploma.com/law-economics-management#AwardingOpportunity",
      "identifier" : "https://certificate-demo.bcdiploma.com/check/87ED2F2270E6C41456E94B86B9D9115B4E35BCCAD200A49B846592C14F79C86BV1Fnbllta0NZTnJkR3lDWlRmTDlSRUJEVFZISmNmYzJhUU5sZUJ5Z2FJSHpWbmZZ",
      "location" : "FRANCE",
      "startedAtTime" : "2019-09-02T00:00:00Z"
    },
    "dateOfBirth" : "1993-04-08",
    "familyName" : "DOE",
    "givenNames" : "Jane",
    "gradingScheme" : {
      "id" : "https://leaston.bcdiploma.com/law-economics-management#GradingScheme",
      "title" : "Lower Second-Class Honours"
    },
    "identifier" : "0904008084H",
    "learningAchievement" : {
      "additionalNote" : [ "DISTRIBUTION MANAGEMENT" ],
      "description" : "MARKETING AND SALES",
      "id" : "https://leaston.bcdiploma.com/law-economics-management#LearningAchievment",
      "title" : "MASTERS LAW, ECONOMICS AND MANAGEMENT"
    },
    "learningSpecification" : {
      "ectsCreditPoints" : 120,
      "eqfLevel" : 7,
      "id" : "https://leaston.bcdiploma.com/law-economics-management#LearningSpecification",
      "iscedfCode" : [ "7" ],
      "nqfLevel" : [ "7" ]
    }
  },
  "credentialStatus" : {
    "id" : "https://essif.europa.eu/status/education#higherEducation#392ac7f6-399a-437b-a268-4691ead8f176",
    "type" : "CredentialStatusList2020"
  },
  "evidence" : {
    "documentPresence" : [ "Physical" ],
    "evidenceDocument" : [ "Passport" ],
    "id" : "https://essif.europa.eu/tsr-va/evidence/f2aeec97-fc0d-42bf-8ca7-0548192d5678",
    "subjectPresence" : "Physical",
    "type" : [ "DocumentVerification" ],
    "verifier" : "did:ebsi:2962fb784df61baa267c8132497539f8c674b37c1244a7a"
  },
  "proof" : {
    "type" : "JsonWebSignature2020",
    "creator" : "did:key:z6MknT5FiEriedVGMYKK96wanQzFjq2YVXZK4Pa2KoJruibR",
    "created" : "2024-09-12T09:39:37Z",
    "proofPurpose" : "assertionMethod",
    "verificationMethod" : "did:key:z6MknT5FiEriedVGMYKK96wanQzFjq2YVXZK4Pa2KoJruibR#z6MknT5FiEriedVGMYKK96wanQzFjq2YVXZK4Pa2KoJruibR",
    "jws" : "eyJiNjQiOmZhbHNlLCJjcml0IjpbImI2NCJdLCJhbGciOiJFZERTQSJ9..WK8uOsITl9vf79sAh059CtdFMXuSydOLUQN_cQShLOav1Hc5yK0FeImCHPwnShoHp1sULkV7rWyy-N4WtbNADQ"
  }
}
2165 [pool-1-thread-1 @coroutine#79] DEBUG id.walt.services.vc.WaltIdJsonLdCredentialService - Creating a presentation for VCs:
[PresentableCredential(verifiableCredential={"type":["VerifiableCredential","VerifiableAttestation","VerifiableDiploma"],"@context":["https://www.w3.org/2018/credentials/v1","https://w3id.org/security/suites/jws-2020/v1"],"id":"urn:uuid:fc4ad5f1-1007-41b4-a85c-fecc990bba81","issuer":"did:key:z6MknT5FiEriedVGMYKK96wanQzFjq2YVXZK4Pa2KoJruibR","issuanceDate":"2024-09-12T09:39:37Z","issued":"2024-09-12T09:39:37Z","validFrom":"2024-09-12T09:39:37Z","expirationDate":"2022-08-31T00:00:00Z","proof":{"type":"JsonWebSignature2020","creator":"did:key:z6MknT5FiEriedVGMYKK96wanQzFjq2YVXZK4Pa2KoJruibR","created":"2024-09-12T09:39:37Z","proofPurpose":"assertionMethod","verificationMethod":"did:key:z6MknT5FiEriedVGMYKK96wanQzFjq2YVXZK4Pa2KoJruibR#z6MknT5FiEriedVGMYKK96wanQzFjq2YVXZK4Pa2KoJruibR","jws":"eyJiNjQiOmZhbHNlLCJjcml0IjpbImI2NCJdLCJhbGciOiJFZERTQSJ9..WK8uOsITl9vf79sAh059CtdFMXuSydOLUQN_cQShLOav1Hc5yK0FeImCHPwnShoHp1sULkV7rWyy-N4WtbNADQ"},"credentialSchema":{"id":"https://raw.githubusercontent.com/walt-id/waltid-ssikit-vclib/master/src/test/resources/schemas/VerifiableDiploma.json","type":"JsonSchemaValidator2018"},"credentialSubject":{"id":"did:key:z6MknT5FiEriedVGMYKK96wanQzFjq2YVXZK4Pa2KoJruibR","awardingOpportunity":{"awardingBody":{"eidasLegalIdentifier":"Unknown","homepage":"https://leaston.bcdiploma.com/","id":"did:ebsi:2A9BZ9SUe6BatacSpvs1V5CdjHvLpQ7bEsi2Jb6LdHKnQxaN","preferredName":"Leaston University","registration":"0597065J"},"endedAtTime":"2020-06-26T00:00:00Z","id":"https://leaston.bcdiploma.com/law-economics-management#AwardingOpportunity","identifier":"https://certificate-demo.bcdiploma.com/check/87ED2F2270E6C41456E94B86B9D9115B4E35BCCAD200A49B846592C14F79C86BV1Fnbllta0NZTnJkR3lDWlRmTDlSRUJEVFZISmNmYzJhUU5sZUJ5Z2FJSHpWbmZZ","location":"FRANCE","startedAtTime":"2019-09-02T00:00:00Z"},"dateOfBirth":"1993-04-08","familyName":"DOE","givenNames":"Jane","gradingScheme":{"id":"https://leaston.bcdiploma.com/law-economics-management#GradingScheme","title":"Lower Second-Class Honours"},"identifier":"0904008084H","learningAchievement":{"additionalNote":["DISTRIBUTION MANAGEMENT"],"description":"MARKETING AND SALES","id":"https://leaston.bcdiploma.com/law-economics-management#LearningAchievment","title":"MASTERS LAW, ECONOMICS AND MANAGEMENT"},"learningSpecification":{"ectsCreditPoints":120,"eqfLevel":7,"id":"https://leaston.bcdiploma.com/law-economics-management#LearningSpecification","iscedfCode":["7"],"nqfLevel":["7"]}},"credentialStatus":{"id":"https://essif.europa.eu/status/education#higherEducation#392ac7f6-399a-437b-a268-4691ead8f176","type":"CredentialStatusList2020"},"evidence":{"documentPresence":["Physical"],"evidenceDocument":["Passport"],"id":"https://essif.europa.eu/tsr-va/evidence/f2aeec97-fc0d-42bf-8ca7-0548192d5678","subjectPresence":"Physical","type":["DocumentVerification"],"verifier":"did:ebsi:2962fb784df61baa267c8132497539f8c674b37c1244a7a"}}, selectiveDisclosure=null, discloseAll=false)]
2165 [pool-1-thread-1 @coroutine#79] DEBUG id.walt.model.DidUrl - Trying to create DidUrl from URL: "did:key:z6MknT5FiEriedVGMYKK96wanQzFjq2YVXZK4Pa2KoJruibR"...
2165 [pool-1-thread-1 @coroutine#79] DEBUG id.walt.services.vc.WaltIdJsonLdCredentialService - Signing jsonLd object with: issuerDid (did:key:z6MknT5FiEriedVGMYKK96wanQzFjq2YVXZK4Pa2KoJruibR), domain (https://api-pilot.ebsi.eu), nonce (d04442d3-661f-411e-a80f-42f19f594c9d
2165 [pool-1-thread-1 @coroutine#79] DEBUG id.walt.services.keystore.HKVKeyStoreService - Loading key "did:key:z6MknT5FiEriedVGMYKK96wanQzFjq2YVXZK4Pa2KoJruibR#z6MknT5FiEriedVGMYKK96wanQzFjq2YVXZK4Pa2KoJruibR".
2165 [pool-1-thread-1 @coroutine#79] DEBUG id.walt.services.vc.WaltIdJsonLdCredentialService - Signing: {"type":["VerifiablePresentation"],"@context":["https://www.w3.org/2018/credentials/v1"],"id":"urn:uuid:f80d94f6-224b-4c6f-875e-ba6937b6b8c7","holder":"did:key:z6MknT5FiEriedVGMYKK96wanQzFjq2YVXZK4Pa2KoJruibR","verifiableCredential":[{"type":["VerifiableCredential","VerifiableAttestation","VerifiableDiploma"],"@context":["https://www.w3.org/2018/credentials/v1","https://w3id.org/security/suites/jws-2020/v1"],"id":"urn:uuid:fc4ad5f1-1007-41b4-a85c-fecc990bba81","issuer":"did:key:z6MknT5FiEriedVGMYKK96wanQzFjq2YVXZK4Pa2KoJruibR","issuanceDate":"2024-09-12T09:39:37Z","issued":"2024-09-12T09:39:37Z","validFrom":"2024-09-12T09:39:37Z","expirationDate":"2022-08-31T00:00:00Z","proof":{"type":"JsonWebSignature2020","creator":"did:key:z6MknT5FiEriedVGMYKK96wanQzFjq2YVXZK4Pa2KoJruibR","created":"2024-09-12T09:39:37Z","proofPurpose":"assertionMethod","verificationMethod":"did:key:z6MknT5FiEriedVGMYKK96wanQzFjq2YVXZK4Pa2KoJruibR#z6MknT5FiEriedVGMYKK96wanQzFjq2YVXZK4Pa2KoJruibR","jws":"eyJiNjQiOmZhbHNlLCJjcml0IjpbImI2NCJdLCJhbGciOiJFZERTQSJ9..WK8uOsITl9vf79sAh059CtdFMXuSydOLUQN_cQShLOav1Hc5yK0FeImCHPwnShoHp1sULkV7rWyy-N4WtbNADQ"},"credentialSchema":{"id":"https://raw.githubusercontent.com/walt-id/waltid-ssikit-vclib/master/src/test/resources/schemas/VerifiableDiploma.json","type":"JsonSchemaValidator2018"},"credentialSubject":{"id":"did:key:z6MknT5FiEriedVGMYKK96wanQzFjq2YVXZK4Pa2KoJruibR","awardingOpportunity":{"awardingBody":{"eidasLegalIdentifier":"Unknown","homepage":"https://leaston.bcdiploma.com/","id":"did:ebsi:2A9BZ9SUe6BatacSpvs1V5CdjHvLpQ7bEsi2Jb6LdHKnQxaN","preferredName":"Leaston University","registration":"0597065J"},"endedAtTime":"2020-06-26T00:00:00Z","id":"https://leaston.bcdiploma.com/law-economics-management#AwardingOpportunity","identifier":"https://certificate-demo.bcdiploma.com/check/87ED2F2270E6C41456E94B86B9D9115B4E35BCCAD200A49B846592C14F79C86BV1Fnbllta0NZTnJkR3lDWlRmTDlSRUJEVFZISmNmYzJhUU5sZUJ5Z2FJSHpWbmZZ","location":"FRANCE","startedAtTime":"2019-09-02T00:00:00Z"},"dateOfBirth":"1993-04-08","familyName":"DOE","givenNames":"Jane","gradingScheme":{"id":"https://leaston.bcdiploma.com/law-economics-management#GradingScheme","title":"Lower Second-Class Honours"},"identifier":"0904008084H","learningAchievement":{"additionalNote":["DISTRIBUTION MANAGEMENT"],"description":"MARKETING AND SALES","id":"https://leaston.bcdiploma.com/law-economics-management#LearningAchievment","title":"MASTERS LAW, ECONOMICS AND MANAGEMENT"},"learningSpecification":{"ectsCreditPoints":120,"eqfLevel":7,"id":"https://leaston.bcdiploma.com/law-economics-management#LearningSpecification","iscedfCode":["7"],"nqfLevel":["7"]}},"credentialStatus":{"id":"https://essif.europa.eu/status/education#higherEducation#392ac7f6-399a-437b-a268-4691ead8f176","type":"CredentialStatusList2020"},"evidence":{"documentPresence":["Physical"],"evidenceDocument":["Passport"],"id":"https://essif.europa.eu/tsr-va/evidence/f2aeec97-fc0d-42bf-8ca7-0548192d5678","subjectPresence":"Physical","type":["DocumentVerification"],"verifier":"did:ebsi:2962fb784df61baa267c8132497539f8c674b37c1244a7a"}}]}
Sep 12, 2024 11:39:37 AM com.apicatalog.jsonld.deseralization.JsonLdToRdf build
WARNING: Non well-formed subject [https://essif.europa.eu/status/education#higherEducation#392ac7f6-399a-437b-a268-4691ead8f176] has been skipped.
2170 [pool-1-thread-1 @coroutine#79] DEBUG id.walt.services.keystore.HKVKeyStoreService - Loading key "f0a72a36f385406a90fb815fabf982ae".
2170 [pool-1-thread-1 @coroutine#79] DEBUG id.walt.services.keystore.HKVKeyStoreService - Loading key "f0a72a36f385406a90fb815fabf982ae".
2170 [pool-1-thread-1 @coroutine#79] DEBUG id.walt.services.keystore.HKVKeyStoreService - Loading key "f0a72a36f385406a90fb815fabf982ae".
2171 [pool-1-thread-1 @coroutine#79] DEBUG id.walt.services.vc.WaltIdJsonLdCredentialService - VP created:{
  "type" : [ "VerifiablePresentation" ],
  "@context" : [ "https://www.w3.org/2018/credentials/v1", "https://w3id.org/security/suites/jws-2020/v1" ],
  "id" : "urn:uuid:f80d94f6-224b-4c6f-875e-ba6937b6b8c7",
  "holder" : "did:key:z6MknT5FiEriedVGMYKK96wanQzFjq2YVXZK4Pa2KoJruibR",
  "verifiableCredential" : [ {
    "type" : [ "VerifiableCredential", "VerifiableAttestation", "VerifiableDiploma" ],
    "@context" : [ "https://www.w3.org/2018/credentials/v1", "https://w3id.org/security/suites/jws-2020/v1" ],
    "id" : "urn:uuid:fc4ad5f1-1007-41b4-a85c-fecc990bba81",
    "issuer" : "did:key:z6MknT5FiEriedVGMYKK96wanQzFjq2YVXZK4Pa2KoJruibR",
    "issuanceDate" : "2024-09-12T09:39:37Z",
    "issued" : "2024-09-12T09:39:37Z",
    "validFrom" : "2024-09-12T09:39:37Z",
    "expirationDate" : "2022-08-31T00:00:00Z",
    "proof" : {
      "type" : "JsonWebSignature2020",
      "creator" : "did:key:z6MknT5FiEriedVGMYKK96wanQzFjq2YVXZK4Pa2KoJruibR",
      "created" : "2024-09-12T09:39:37Z",
      "proofPurpose" : "assertionMethod",
      "verificationMethod" : "did:key:z6MknT5FiEriedVGMYKK96wanQzFjq2YVXZK4Pa2KoJruibR#z6MknT5FiEriedVGMYKK96wanQzFjq2YVXZK4Pa2KoJruibR",
      "jws" : "eyJiNjQiOmZhbHNlLCJjcml0IjpbImI2NCJdLCJhbGciOiJFZERTQSJ9..WK8uOsITl9vf79sAh059CtdFMXuSydOLUQN_cQShLOav1Hc5yK0FeImCHPwnShoHp1sULkV7rWyy-N4WtbNADQ"
    },
    "credentialSchema" : {
      "id" : "https://raw.githubusercontent.com/walt-id/waltid-ssikit-vclib/master/src/test/resources/schemas/VerifiableDiploma.json",
      "type" : "JsonSchemaValidator2018"
    },
    "credentialSubject" : {
      "id" : "did:key:z6MknT5FiEriedVGMYKK96wanQzFjq2YVXZK4Pa2KoJruibR",
      "awardingOpportunity" : {
        "awardingBody" : {
          "eidasLegalIdentifier" : "Unknown",
          "homepage" : "https://leaston.bcdiploma.com/",
          "id" : "did:ebsi:2A9BZ9SUe6BatacSpvs1V5CdjHvLpQ7bEsi2Jb6LdHKnQxaN",
          "preferredName" : "Leaston University",
          "registration" : "0597065J"
        },
        "endedAtTime" : "2020-06-26T00:00:00Z",
        "id" : "https://leaston.bcdiploma.com/law-economics-management#AwardingOpportunity",
        "identifier" : "https://certificate-demo.bcdiploma.com/check/87ED2F2270E6C41456E94B86B9D9115B4E35BCCAD200A49B846592C14F79C86BV1Fnbllta0NZTnJkR3lDWlRmTDlSRUJEVFZISmNmYzJhUU5sZUJ5Z2FJSHpWbmZZ",
        "location" : "FRANCE",
        "startedAtTime" : "2019-09-02T00:00:00Z"
      },
      "dateOfBirth" : "1993-04-08",
      "familyName" : "DOE",
      "givenNames" : "Jane",
      "gradingScheme" : {
        "id" : "https://leaston.bcdiploma.com/law-economics-management#GradingScheme",
        "title" : "Lower Second-Class Honours"
      },
      "identifier" : "0904008084H",
      "learningAchievement" : {
        "additionalNote" : [ "DISTRIBUTION MANAGEMENT" ],
        "description" : "MARKETING AND SALES",
        "id" : "https://leaston.bcdiploma.com/law-economics-management#LearningAchievment",
        "title" : "MASTERS LAW, ECONOMICS AND MANAGEMENT"
      },
      "learningSpecification" : {
        "ectsCreditPoints" : 120,
        "eqfLevel" : 7,
        "id" : "https://leaston.bcdiploma.com/law-economics-management#LearningSpecification",
        "iscedfCode" : [ "7" ],
        "nqfLevel" : [ "7" ]
      }
    },
    "credentialStatus" : {
      "id" : "https://essif.europa.eu/status/education#higherEducation#392ac7f6-399a-437b-a268-4691ead8f176",
      "type" : "CredentialStatusList2020"
    },
    "evidence" : {
      "documentPresence" : [ "Physical" ],
      "evidenceDocument" : [ "Passport" ],
      "id" : "https://essif.europa.eu/tsr-va/evidence/f2aeec97-fc0d-42bf-8ca7-0548192d5678",
      "subjectPresence" : "Physical",
      "type" : [ "DocumentVerification" ],
      "verifier" : "did:ebsi:2962fb784df61baa267c8132497539f8c674b37c1244a7a"
    }
  } ],
  "proof" : {
    "type" : "JsonWebSignature2020",
    "creator" : "did:key:z6MknT5FiEriedVGMYKK96wanQzFjq2YVXZK4Pa2KoJruibR",
    "created" : "2024-09-12T09:39:37Z",
    "domain" : "https://api-pilot.ebsi.eu",
    "nonce" : "d04442d3-661f-411e-a80f-42f19f594c9d",
    "proofPurpose" : "authentication",
    "verificationMethod" : "did:key:z6MknT5FiEriedVGMYKK96wanQzFjq2YVXZK4Pa2KoJruibR#z6MknT5FiEriedVGMYKK96wanQzFjq2YVXZK4Pa2KoJruibR",
    "jws" : "eyJiNjQiOmZhbHNlLCJjcml0IjpbImI2NCJdLCJhbGciOiJFZERTQSJ9..-94MXuMucw-SbapbbcyjDCPt46QpQ7lQjFpxBSKdXMrg4nxkjh56f9Sdz8MhJjbao_wZRC0_57bbRozHDnC4Cw"
  }
}
2172 [pool-1-thread-1 @coroutine#79] DEBUG id.walt.model.DidUrl - Trying to create DidUrl from URL: "did:key:z6MknT5FiEriedVGMYKK96wanQzFjq2YVXZK4Pa2KoJruibR"...
2172 [pool-1-thread-1 @coroutine#79] DEBUG id.walt.model.DidUrl - Trying to create DidUrl from URL: "did:key:z6MknT5FiEriedVGMYKK96wanQzFjq2YVXZK4Pa2KoJruibR"...
2172 [pool-1-thread-1 @coroutine#79] DEBUG id.walt.signatory.WaltIdSignatory - Signing credential with proof using JWT...
2172 [pool-1-thread-1 @coroutine#79] DEBUG id.walt.signatory.WaltIdSignatory - Signing credential with proof using JWT, credential is: {"type":["VerifiableCredential","VerifiableAttestation","VerifiableDiploma"],"@context":["https://www.w3.org/2018/credentials/v1"],"id":"urn:uuid:c5dfbc25-02e9-4f9b-b629-b6fc90d2b0d4","issuer":"did:key:z6MknT5FiEriedVGMYKK96wanQzFjq2YVXZK4Pa2KoJruibR","issuanceDate":"2024-09-12T09:39:37Z","issued":"2024-09-12T09:39:37Z","validFrom":"2024-09-12T09:39:37Z","expirationDate":"2022-08-31T00:00:00Z","credentialSchema":{"id":"https://raw.githubusercontent.com/walt-id/waltid-ssikit-vclib/master/src/test/resources/schemas/VerifiableDiploma.json","type":"JsonSchemaValidator2018"},"credentialSubject":{"id":"did:key:z6MknT5FiEriedVGMYKK96wanQzFjq2YVXZK4Pa2KoJruibR","awardingOpportunity":{"awardingBody":{"eidasLegalIdentifier":"Unknown","homepage":"https://leaston.bcdiploma.com/","id":"did:ebsi:2A9BZ9SUe6BatacSpvs1V5CdjHvLpQ7bEsi2Jb6LdHKnQxaN","preferredName":"Leaston University","registration":"0597065J"},"endedAtTime":"2020-06-26T00:00:00Z","id":"https://leaston.bcdiploma.com/law-economics-management#AwardingOpportunity","identifier":"https://certificate-demo.bcdiploma.com/check/87ED2F2270E6C41456E94B86B9D9115B4E35BCCAD200A49B846592C14F79C86BV1Fnbllta0NZTnJkR3lDWlRmTDlSRUJEVFZISmNmYzJhUU5sZUJ5Z2FJSHpWbmZZ","location":"FRANCE","startedAtTime":"2019-09-02T00:00:00Z"},"dateOfBirth":"1993-04-08","familyName":"DOE","givenNames":"Jane","gradingScheme":{"id":"https://leaston.bcdiploma.com/law-economics-management#GradingScheme","title":"Lower Second-Class Honours"},"identifier":"0904008084H","learningAchievement":{"additionalNote":["DISTRIBUTION MANAGEMENT"],"description":"MARKETING AND SALES","id":"https://leaston.bcdiploma.com/law-economics-management#LearningAchievment","title":"MASTERS LAW, ECONOMICS AND MANAGEMENT"},"learningSpecification":{"ectsCreditPoints":120,"eqfLevel":7,"id":"https://leaston.bcdiploma.com/law-economics-management#LearningSpecification","iscedfCode":["7"],"nqfLevel":["7"]}},"credentialStatus":{"id":"https://essif.europa.eu/status/education#higherEducation#392ac7f6-399a-437b-a268-4691ead8f176","type":"CredentialStatusList2020"},"evidence":{"documentPresence":["Physical"],"evidenceDocument":["Passport"],"id":"https://essif.europa.eu/tsr-va/evidence/f2aeec97-fc0d-42bf-8ca7-0548192d5678","subjectPresence":"Physical","type":["DocumentVerification"],"verifier":"did:ebsi:2962fb784df61baa267c8132497539f8c674b37c1244a7a"}}
2172 [pool-1-thread-1 @coroutine#79] DEBUG id.walt.services.vc.WaltIdJwtCredentialService - Signing JWT object with config: ProofConfig(issuerDid=did:key:z6MknT5FiEriedVGMYKK96wanQzFjq2YVXZK4Pa2KoJruibR, subjectDid=did:key:z6MknT5FiEriedVGMYKK96wanQzFjq2YVXZK4Pa2KoJruibR, verifierDid=null, issuerVerificationMethod=did:key:z6MknT5FiEriedVGMYKK96wanQzFjq2YVXZK4Pa2KoJruibR#z6MknT5FiEriedVGMYKK96wanQzFjq2YVXZK4Pa2KoJruibR, proofType=JWT, domain=null, nonce=null, proofPurpose=null, credentialId=urn:uuid:c5dfbc25-02e9-4f9b-b629-b6fc90d2b0d4, issueDate=2024-09-12T09:39:37.392483335Z, validDate=2024-09-12T09:39:37.392485459Z, expirationDate=null, dataProviderIdentifier=null, ldSignatureType=null, creator=did:key:z6MknT5FiEriedVGMYKK96wanQzFjq2YVXZK4Pa2KoJruibR, ecosystem=DEFAULT, statusType=null, statusPurpose=revocation, credentialsEndpoint=null, selectiveDisclosure=null)
2173 [pool-1-thread-1 @coroutine#79] DEBUG id.walt.services.vc.WaltIdJwtCredentialService - Signing: {"sub":"did:key:z6MknT5FiEriedVGMYKK96wanQzFjq2YVXZK4Pa2KoJruibR","nbf":1726133977,"iss":"did:key:z6MknT5FiEriedVGMYKK96wanQzFjq2YVXZK4Pa2KoJruibR","iat":1726133977,"vc":{"type":["VerifiableCredential","VerifiableAttestation","VerifiableDiploma"],"@context":["https://www.w3.org/2018/credentials/v1"],"id":"urn:uuid:c5dfbc25-02e9-4f9b-b629-b6fc90d2b0d4","issuer":"did:key:z6MknT5FiEriedVGMYKK96wanQzFjq2YVXZK4Pa2KoJruibR","issuanceDate":"2024-09-12T09:39:37Z","issued":"2024-09-12T09:39:37Z","validFrom":"2024-09-12T09:39:37Z","expirationDate":"2022-08-31T00:00:00Z","credentialSchema":{"id":"https://raw.githubusercontent.com/walt-id/waltid-ssikit-vclib/master/src/test/resources/schemas/VerifiableDiploma.json","type":"JsonSchemaValidator2018"},"credentialSubject":{"id":"did:key:z6MknT5FiEriedVGMYKK96wanQzFjq2YVXZK4Pa2KoJruibR","awardingOpportunity":{"awardingBody":{"eidasLegalIdentifier":"Unknown","homepage":"https://leaston.bcdiploma.com/","id":"did:ebsi:2A9BZ9SUe6BatacSpvs1V5CdjHvLpQ7bEsi2Jb6LdHKnQxaN","preferredName":"Leaston University","registration":"0597065J"},"endedAtTime":"2020-06-26T00:00:00Z","id":"https://leaston.bcdiploma.com/law-economics-management#AwardingOpportunity","identifier":"https://certificate-demo.bcdiploma.com/check/87ED2F2270E6C41456E94B86B9D9115B4E35BCCAD200A49B846592C14F79C86BV1Fnbllta0NZTnJkR3lDWlRmTDlSRUJEVFZISmNmYzJhUU5sZUJ5Z2FJSHpWbmZZ","location":"FRANCE","startedAtTime":"2019-09-02T00:00:00Z"},"dateOfBirth":"1993-04-08","familyName":"DOE","givenNames":"Jane","gradingScheme":{"id":"https://leaston.bcdiploma.com/law-economics-management#GradingScheme","title":"Lower Second-Class Honours"},"identifier":"0904008084H","learningAchievement":{"additionalNote":["DISTRIBUTION MANAGEMENT"],"description":"MARKETING AND SALES","id":"https://leaston.bcdiploma.com/law-economics-management#LearningAchievment","title":"MASTERS LAW, ECONOMICS AND MANAGEMENT"},"learningSpecification":{"ectsCreditPoints":120,"eqfLevel":7,"id":"https://leaston.bcdiploma.com/law-economics-management#LearningSpecification","iscedfCode":["7"],"nqfLevel":["7"]}},"credentialStatus":{"id":"https://essif.europa.eu/status/education#higherEducation#392ac7f6-399a-437b-a268-4691ead8f176","type":"CredentialStatusList2020"},"evidence":{"documentPresence":["Physical"],"evidenceDocument":["Passport"],"id":"https://essif.europa.eu/tsr-va/evidence/f2aeec97-fc0d-42bf-8ca7-0548192d5678","subjectPresence":"Physical","type":["DocumentVerification"],"verifier":"did:ebsi:2962fb784df61baa267c8132497539f8c674b37c1244a7a"}},"jti":"urn:uuid:c5dfbc25-02e9-4f9b-b629-b6fc90d2b0d4"}
2173 [pool-1-thread-1 @coroutine#79] DEBUG id.walt.services.keystore.HKVKeyStoreService - Loading key "did:key:z6MknT5FiEriedVGMYKK96wanQzFjq2YVXZK4Pa2KoJruibR#z6MknT5FiEriedVGMYKK96wanQzFjq2YVXZK4Pa2KoJruibR".
2173 [pool-1-thread-1 @coroutine#79] DEBUG id.walt.services.jwt.WaltIdJwtService - Signing JWT with algorithm: EdDSA_Ed25519
2173 [pool-1-thread-1 @coroutine#79] DEBUG id.walt.model.DidUrl - Trying to create DidUrl from URL: "did:key:z6MknT5FiEriedVGMYKK96wanQzFjq2YVXZK4Pa2KoJruibR#z6MknT5FiEriedVGMYKK96wanQzFjq2YVXZK4Pa2KoJruibR"...
2174 [pool-1-thread-1 @coroutine#79] DEBUG id.walt.services.keystore.HKVKeyStoreService - Loading key "f0a72a36f385406a90fb815fabf982ae".
2175 [pool-1-thread-1 @coroutine#79] DEBUG id.walt.services.jwt.WaltIdJwtService - Signed JWT:  eyJraWQiOiJkaWQ6a2V5Ono2TWtuVDVGaUVyaWVkVkdNWUtLOTZ3YW5RekZqcTJZVlhaSzRQYTJLb0pydWliUiN6Nk1rblQ1RmlFcmllZFZHTVlLSzk2d2FuUXpGanEyWVZYWks0UGEyS29KcnVpYlIiLCJ0eXAiOiJKV1QiLCJhbGciOiJFZERTQSJ9.eyJzdWIiOiJkaWQ6a2V5Ono2TWtuVDVGaUVyaWVkVkdNWUtLOTZ3YW5RekZqcTJZVlhaSzRQYTJLb0pydWliUiIsIm5iZiI6MTcyNjEzMzk3NywiaXNzIjoiZGlkOmtleTp6Nk1rblQ1RmlFcmllZFZHTVlLSzk2d2FuUXpGanEyWVZYWks0UGEyS29KcnVpYlIiLCJpYXQiOjE3MjYxMzM5NzcsInZjIjp7InR5cGUiOlsiVmVyaWZpYWJsZUNyZWRlbnRpYWwiLCJWZXJpZmlhYmxlQXR0ZXN0YXRpb24iLCJWZXJpZmlhYmxlRGlwbG9tYSJdLCJAY29udGV4dCI6WyJodHRwczovL3d3dy53My5vcmcvMjAxOC9jcmVkZW50aWFscy92MSJdLCJpZCI6InVybjp1dWlkOmM1ZGZiYzI1LTAyZTktNGY5Yi1iNjI5LWI2ZmM5MGQyYjBkNCIsImlzc3VlciI6ImRpZDprZXk6ejZNa25UNUZpRXJpZWRWR01ZS0s5NndhblF6RmpxMllWWFpLNFBhMktvSnJ1aWJSIiwiaXNzdWFuY2VEYXRlIjoiMjAyNC0wOS0xMlQwOTozOTozN1oiLCJpc3N1ZWQiOiIyMDI0LTA5LTEyVDA5OjM5OjM3WiIsInZhbGlkRnJvbSI6IjIwMjQtMDktMTJUMDk6Mzk6MzdaIiwiZXhwaXJhdGlvbkRhdGUiOiIyMDIyLTA4LTMxVDAwOjAwOjAwWiIsImNyZWRlbnRpYWxTY2hlbWEiOnsiaWQiOiJodHRwczovL3Jhdy5naXRodWJ1c2VyY29udGVudC5jb20vd2FsdC1pZC93YWx0aWQtc3Npa2l0LXZjbGliL21hc3Rlci9zcmMvdGVzdC9yZXNvdXJjZXMvc2NoZW1hcy9WZXJpZmlhYmxlRGlwbG9tYS5qc29uIiwidHlwZSI6Ikpzb25TY2hlbWFWYWxpZGF0b3IyMDE4In0sImNyZWRlbnRpYWxTdWJqZWN0Ijp7ImlkIjoiZGlkOmtleTp6Nk1rblQ1RmlFcmllZFZHTVlLSzk2d2FuUXpGanEyWVZYWks0UGEyS29KcnVpYlIiLCJhd2FyZGluZ09wcG9ydHVuaXR5Ijp7ImF3YXJkaW5nQm9keSI6eyJlaWRhc0xlZ2FsSWRlbnRpZmllciI6IlVua25vd24iLCJob21lcGFnZSI6Imh0dHBzOi8vbGVhc3Rvbi5iY2RpcGxvbWEuY29tLyIsImlkIjoiZGlkOmVic2k6MkE5Qlo5U1VlNkJhdGFjU3B2czFWNUNkakh2THBRN2JFc2kySmI2TGRIS25ReGFOIiwicHJlZmVycmVkTmFtZSI6IkxlYXN0b24gVW5pdmVyc2l0eSIsInJlZ2lzdHJhdGlvbiI6IjA1OTcwNjVKIn0sImVuZGVkQXRUaW1lIjoiMjAyMC0wNi0yNlQwMDowMDowMFoiLCJpZCI6Imh0dHBzOi8vbGVhc3Rvbi5iY2RpcGxvbWEuY29tL2xhdy1lY29ub21pY3MtbWFuYWdlbWVudCNBd2FyZGluZ09wcG9ydHVuaXR5IiwiaWRlbnRpZmllciI6Imh0dHBzOi8vY2VydGlmaWNhdGUtZGVtby5iY2RpcGxvbWEuY29tL2NoZWNrLzg3RUQyRjIyNzBFNkM0MTQ1NkU5NEI4NkI5RDkxMTVCNEUzNUJDQ0FEMjAwQTQ5Qjg0NjU5MkMxNEY3OUM4NkJWMUZuYmxsdGEwTlpUbkprUjNsRFdsUm1URGxTUlVKRVZGWklTbU5tWXpKaFVVNXNaVUo1WjJGSlNIcFdibVpaIiwibG9jYXRpb24iOiJGUkFOQ0UiLCJzdGFydGVkQXRUaW1lIjoiMjAxOS0wOS0wMlQwMDowMDowMFoifSwiZGF0ZU9mQmlydGgiOiIxOTkzLTA0LTA4IiwiZmFtaWx5TmFtZSI6IkRPRSIsImdpdmVuTmFtZXMiOiJKYW5lIiwiZ3JhZGluZ1NjaGVtZSI6eyJpZCI6Imh0dHBzOi8vbGVhc3Rvbi5iY2RpcGxvbWEuY29tL2xhdy1lY29ub21pY3MtbWFuYWdlbWVudCNHcmFkaW5nU2NoZW1lIiwidGl0bGUiOiJMb3dlciBTZWNvbmQtQ2xhc3MgSG9ub3VycyJ9LCJpZGVudGlmaWVyIjoiMDkwNDAwODA4NEgiLCJsZWFybmluZ0FjaGlldmVtZW50Ijp7ImFkZGl0aW9uYWxOb3RlIjpbIkRJU1RSSUJVVElPTiBNQU5BR0VNRU5UIl0sImRlc2NyaXB0aW9uIjoiTUFSS0VUSU5HIEFORCBTQUxFUyIsImlkIjoiaHR0cHM6Ly9sZWFzdG9uLmJjZGlwbG9tYS5jb20vbGF3LWVjb25vbWljcy1tYW5hZ2VtZW50I0xlYXJuaW5nQWNoaWV2bWVudCIsInRpdGxlIjoiTUFTVEVSUyBMQVcsIEVDT05PTUlDUyBBTkQgTUFOQUdFTUVOVCJ9LCJsZWFybmluZ1NwZWNpZmljYXRpb24iOnsiZWN0c0NyZWRpdFBvaW50cyI6MTIwLCJlcWZMZXZlbCI6NywiaWQiOiJodHRwczovL2xlYXN0b24uYmNkaXBsb21hLmNvbS9sYXctZWNvbm9taWNzLW1hbmFnZW1lbnQjTGVhcm5pbmdTcGVjaWZpY2F0aW9uIiwiaXNjZWRmQ29kZSI6WyI3Il0sIm5xZkxldmVsIjpbIjciXX19LCJjcmVkZW50aWFsU3RhdHVzIjp7ImlkIjoiaHR0cHM6Ly9lc3NpZi5ldXJvcGEuZXUvc3RhdHVzL2VkdWNhdGlvbiNoaWdoZXJFZHVjYXRpb24jMzkyYWM3ZjYtMzk5YS00MzdiLWEyNjgtNDY5MWVhZDhmMTc2IiwidHlwZSI6IkNyZWRlbnRpYWxTdGF0dXNMaXN0MjAyMCJ9LCJldmlkZW5jZSI6eyJkb2N1bWVudFByZXNlbmNlIjpbIlBoeXNpY2FsIl0sImV2aWRlbmNlRG9jdW1lbnQiOlsiUGFzc3BvcnQiXSwiaWQiOiJodHRwczovL2Vzc2lmLmV1cm9wYS5ldS90c3ItdmEvZXZpZGVuY2UvZjJhZWVjOTctZmMwZC00MmJmLThjYTctMDU0ODE5MmQ1Njc4Iiwic3ViamVjdFByZXNlbmNlIjoiUGh5c2ljYWwiLCJ0eXBlIjpbIkRvY3VtZW50VmVyaWZpY2F0aW9uIl0sInZlcmlmaWVyIjoiZGlkOmVic2k6Mjk2MmZiNzg0ZGY2MWJhYTI2N2M4MTMyNDk3NTM5ZjhjNjc0YjM3YzEyNDRhN2EifX0sImp0aSI6InVybjp1dWlkOmM1ZGZiYzI1LTAyZTktNGY5Yi1iNjI5LWI2ZmM5MGQyYjBkNCJ9.7gBGtu6zlMkJaBqITabdT-o5fpL6iK4ILD0hKMln0jn4tiG-Ek-bCCbwoz70Vp-vjzR0EHD_8IcJGHOksDT-Cw
2175 [pool-1-thread-1 @coroutine#79] DEBUG id.walt.signatory.WaltIdSignatory - Signed VC is: eyJraWQiOiJkaWQ6a2V5Ono2TWtuVDVGaUVyaWVkVkdNWUtLOTZ3YW5RekZqcTJZVlhaSzRQYTJLb0pydWliUiN6Nk1rblQ1RmlFcmllZFZHTVlLSzk2d2FuUXpGanEyWVZYWks0UGEyS29KcnVpYlIiLCJ0eXAiOiJKV1QiLCJhbGciOiJFZERTQSJ9.eyJzdWIiOiJkaWQ6a2V5Ono2TWtuVDVGaUVyaWVkVkdNWUtLOTZ3YW5RekZqcTJZVlhaSzRQYTJLb0pydWliUiIsIm5iZiI6MTcyNjEzMzk3NywiaXNzIjoiZGlkOmtleTp6Nk1rblQ1RmlFcmllZFZHTVlLSzk2d2FuUXpGanEyWVZYWks0UGEyS29KcnVpYlIiLCJpYXQiOjE3MjYxMzM5NzcsInZjIjp7InR5cGUiOlsiVmVyaWZpYWJsZUNyZWRlbnRpYWwiLCJWZXJpZmlhYmxlQXR0ZXN0YXRpb24iLCJWZXJpZmlhYmxlRGlwbG9tYSJdLCJAY29udGV4dCI6WyJodHRwczovL3d3dy53My5vcmcvMjAxOC9jcmVkZW50aWFscy92MSJdLCJpZCI6InVybjp1dWlkOmM1ZGZiYzI1LTAyZTktNGY5Yi1iNjI5LWI2ZmM5MGQyYjBkNCIsImlzc3VlciI6ImRpZDprZXk6ejZNa25UNUZpRXJpZWRWR01ZS0s5NndhblF6RmpxMllWWFpLNFBhMktvSnJ1aWJSIiwiaXNzdWFuY2VEYXRlIjoiMjAyNC0wOS0xMlQwOTozOTozN1oiLCJpc3N1ZWQiOiIyMDI0LTA5LTEyVDA5OjM5OjM3WiIsInZhbGlkRnJvbSI6IjIwMjQtMDktMTJUMDk6Mzk6MzdaIiwiZXhwaXJhdGlvbkRhdGUiOiIyMDIyLTA4LTMxVDAwOjAwOjAwWiIsImNyZWRlbnRpYWxTY2hlbWEiOnsiaWQiOiJodHRwczovL3Jhdy5naXRodWJ1c2VyY29udGVudC5jb20vd2FsdC1pZC93YWx0aWQtc3Npa2l0LXZjbGliL21hc3Rlci9zcmMvdGVzdC9yZXNvdXJjZXMvc2NoZW1hcy9WZXJpZmlhYmxlRGlwbG9tYS5qc29uIiwidHlwZSI6Ikpzb25TY2hlbWFWYWxpZGF0b3IyMDE4In0sImNyZWRlbnRpYWxTdWJqZWN0Ijp7ImlkIjoiZGlkOmtleTp6Nk1rblQ1RmlFcmllZFZHTVlLSzk2d2FuUXpGanEyWVZYWks0UGEyS29KcnVpYlIiLCJhd2FyZGluZ09wcG9ydHVuaXR5Ijp7ImF3YXJkaW5nQm9keSI6eyJlaWRhc0xlZ2FsSWRlbnRpZmllciI6IlVua25vd24iLCJob21lcGFnZSI6Imh0dHBzOi8vbGVhc3Rvbi5iY2RpcGxvbWEuY29tLyIsImlkIjoiZGlkOmVic2k6MkE5Qlo5U1VlNkJhdGFjU3B2czFWNUNkakh2THBRN2JFc2kySmI2TGRIS25ReGFOIiwicHJlZmVycmVkTmFtZSI6IkxlYXN0b24gVW5pdmVyc2l0eSIsInJlZ2lzdHJhdGlvbiI6IjA1OTcwNjVKIn0sImVuZGVkQXRUaW1lIjoiMjAyMC0wNi0yNlQwMDowMDowMFoiLCJpZCI6Imh0dHBzOi8vbGVhc3Rvbi5iY2RpcGxvbWEuY29tL2xhdy1lY29ub21pY3MtbWFuYWdlbWVudCNBd2FyZGluZ09wcG9ydHVuaXR5IiwiaWRlbnRpZmllciI6Imh0dHBzOi8vY2VydGlmaWNhdGUtZGVtby5iY2RpcGxvbWEuY29tL2NoZWNrLzg3RUQyRjIyNzBFNkM0MTQ1NkU5NEI4NkI5RDkxMTVCNEUzNUJDQ0FEMjAwQTQ5Qjg0NjU5MkMxNEY3OUM4NkJWMUZuYmxsdGEwTlpUbkprUjNsRFdsUm1URGxTUlVKRVZGWklTbU5tWXpKaFVVNXNaVUo1WjJGSlNIcFdibVpaIiwibG9jYXRpb24iOiJGUkFOQ0UiLCJzdGFydGVkQXRUaW1lIjoiMjAxOS0wOS0wMlQwMDowMDowMFoifSwiZGF0ZU9mQmlydGgiOiIxOTkzLTA0LTA4IiwiZmFtaWx5TmFtZSI6IkRPRSIsImdpdmVuTmFtZXMiOiJKYW5lIiwiZ3JhZGluZ1NjaGVtZSI6eyJpZCI6Imh0dHBzOi8vbGVhc3Rvbi5iY2RpcGxvbWEuY29tL2xhdy1lY29ub21pY3MtbWFuYWdlbWVudCNHcmFkaW5nU2NoZW1lIiwidGl0bGUiOiJMb3dlciBTZWNvbmQtQ2xhc3MgSG9ub3VycyJ9LCJpZGVudGlmaWVyIjoiMDkwNDAwODA4NEgiLCJsZWFybmluZ0FjaGlldmVtZW50Ijp7ImFkZGl0aW9uYWxOb3RlIjpbIkRJU1RSSUJVVElPTiBNQU5BR0VNRU5UIl0sImRlc2NyaXB0aW9uIjoiTUFSS0VUSU5HIEFORCBTQUxFUyIsImlkIjoiaHR0cHM6Ly9sZWFzdG9uLmJjZGlwbG9tYS5jb20vbGF3LWVjb25vbWljcy1tYW5hZ2VtZW50I0xlYXJuaW5nQWNoaWV2bWVudCIsInRpdGxlIjoiTUFTVEVSUyBMQVcsIEVDT05PTUlDUyBBTkQgTUFOQUdFTUVOVCJ9LCJsZWFybmluZ1NwZWNpZmljYXRpb24iOnsiZWN0c0NyZWRpdFBvaW50cyI6MTIwLCJlcWZMZXZlbCI6NywiaWQiOiJodHRwczovL2xlYXN0b24uYmNkaXBsb21hLmNvbS9sYXctZWNvbm9taWNzLW1hbmFnZW1lbnQjTGVhcm5pbmdTcGVjaWZpY2F0aW9uIiwiaXNjZWRmQ29kZSI6WyI3Il0sIm5xZkxldmVsIjpbIjciXX19LCJjcmVkZW50aWFsU3RhdHVzIjp7ImlkIjoiaHR0cHM6Ly9lc3NpZi5ldXJvcGEuZXUvc3RhdHVzL2VkdWNhdGlvbiNoaWdoZXJFZHVjYXRpb24jMzkyYWM3ZjYtMzk5YS00MzdiLWEyNjgtNDY5MWVhZDhmMTc2IiwidHlwZSI6IkNyZWRlbnRpYWxTdGF0dXNMaXN0MjAyMCJ9LCJldmlkZW5jZSI6eyJkb2N1bWVudFByZXNlbmNlIjpbIlBoeXNpY2FsIl0sImV2aWRlbmNlRG9jdW1lbnQiOlsiUGFzc3BvcnQiXSwiaWQiOiJodHRwczovL2Vzc2lmLmV1cm9wYS5ldS90c3ItdmEvZXZpZGVuY2UvZjJhZWVjOTctZmMwZC00MmJmLThjYTctMDU0ODE5MmQ1Njc4Iiwic3ViamVjdFByZXNlbmNlIjoiUGh5c2ljYWwiLCJ0eXBlIjpbIkRvY3VtZW50VmVyaWZpY2F0aW9uIl0sInZlcmlmaWVyIjoiZGlkOmVic2k6Mjk2MmZiNzg0ZGY2MWJhYTI2N2M4MTMyNDk3NTM5ZjhjNjc0YjM3YzEyNDRhN2EifX0sImp0aSI6InVybjp1dWlkOmM1ZGZiYzI1LTAyZTktNGY5Yi1iNjI5LWI2ZmM5MGQyYjBkNCJ9.7gBGtu6zlMkJaBqITabdT-o5fpL6iK4ILD0hKMln0jn4tiG-Ek-bCCbwoz70Vp-vjzR0EHD_8IcJGHOksDT-Cw
2176 [pool-1-thread-1 @coroutine#79] DEBUG id.walt.services.vc.WaltIdJwtCredentialService - Creating a presentation for VCs:
[PresentableCredential(verifiableCredential=eyJraWQiOiJkaWQ6a2V5Ono2TWtuVDVGaUVyaWVkVkdNWUtLOTZ3YW5RekZqcTJZVlhaSzRQYTJLb0pydWliUiN6Nk1rblQ1RmlFcmllZFZHTVlLSzk2d2FuUXpGanEyWVZYWks0UGEyS29KcnVpYlIiLCJ0eXAiOiJKV1QiLCJhbGciOiJFZERTQSJ9.eyJzdWIiOiJkaWQ6a2V5Ono2TWtuVDVGaUVyaWVkVkdNWUtLOTZ3YW5RekZqcTJZVlhaSzRQYTJLb0pydWliUiIsIm5iZiI6MTcyNjEzMzk3NywiaXNzIjoiZGlkOmtleTp6Nk1rblQ1RmlFcmllZFZHTVlLSzk2d2FuUXpGanEyWVZYWks0UGEyS29KcnVpYlIiLCJpYXQiOjE3MjYxMzM5NzcsInZjIjp7InR5cGUiOlsiVmVyaWZpYWJsZUNyZWRlbnRpYWwiLCJWZXJpZmlhYmxlQXR0ZXN0YXRpb24iLCJWZXJpZmlhYmxlRGlwbG9tYSJdLCJAY29udGV4dCI6WyJodHRwczovL3d3dy53My5vcmcvMjAxOC9jcmVkZW50aWFscy92MSJdLCJpZCI6InVybjp1dWlkOmM1ZGZiYzI1LTAyZTktNGY5Yi1iNjI5LWI2ZmM5MGQyYjBkNCIsImlzc3VlciI6ImRpZDprZXk6ejZNa25UNUZpRXJpZWRWR01ZS0s5NndhblF6RmpxMllWWFpLNFBhMktvSnJ1aWJSIiwiaXNzdWFuY2VEYXRlIjoiMjAyNC0wOS0xMlQwOTozOTozN1oiLCJpc3N1ZWQiOiIyMDI0LTA5LTEyVDA5OjM5OjM3WiIsInZhbGlkRnJvbSI6IjIwMjQtMDktMTJUMDk6Mzk6MzdaIiwiZXhwaXJhdGlvbkRhdGUiOiIyMDIyLTA4LTMxVDAwOjAwOjAwWiIsImNyZWRlbnRpYWxTY2hlbWEiOnsiaWQiOiJodHRwczovL3Jhdy5naXRodWJ1c2VyY29udGVudC5jb20vd2FsdC1pZC93YWx0aWQtc3Npa2l0LXZjbGliL21hc3Rlci9zcmMvdGVzdC9yZXNvdXJjZXMvc2NoZW1hcy9WZXJpZmlhYmxlRGlwbG9tYS5qc29uIiwidHlwZSI6Ikpzb25TY2hlbWFWYWxpZGF0b3IyMDE4In0sImNyZWRlbnRpYWxTdWJqZWN0Ijp7ImlkIjoiZGlkOmtleTp6Nk1rblQ1RmlFcmllZFZHTVlLSzk2d2FuUXpGanEyWVZYWks0UGEyS29KcnVpYlIiLCJhd2FyZGluZ09wcG9ydHVuaXR5Ijp7ImF3YXJkaW5nQm9keSI6eyJlaWRhc0xlZ2FsSWRlbnRpZmllciI6IlVua25vd24iLCJob21lcGFnZSI6Imh0dHBzOi8vbGVhc3Rvbi5iY2RpcGxvbWEuY29tLyIsImlkIjoiZGlkOmVic2k6MkE5Qlo5U1VlNkJhdGFjU3B2czFWNUNkakh2THBRN2JFc2kySmI2TGRIS25ReGFOIiwicHJlZmVycmVkTmFtZSI6IkxlYXN0b24gVW5pdmVyc2l0eSIsInJlZ2lzdHJhdGlvbiI6IjA1OTcwNjVKIn0sImVuZGVkQXRUaW1lIjoiMjAyMC0wNi0yNlQwMDowMDowMFoiLCJpZCI6Imh0dHBzOi8vbGVhc3Rvbi5iY2RpcGxvbWEuY29tL2xhdy1lY29ub21pY3MtbWFuYWdlbWVudCNBd2FyZGluZ09wcG9ydHVuaXR5IiwiaWRlbnRpZmllciI6Imh0dHBzOi8vY2VydGlmaWNhdGUtZGVtby5iY2RpcGxvbWEuY29tL2NoZWNrLzg3RUQyRjIyNzBFNkM0MTQ1NkU5NEI4NkI5RDkxMTVCNEUzNUJDQ0FEMjAwQTQ5Qjg0NjU5MkMxNEY3OUM4NkJWMUZuYmxsdGEwTlpUbkprUjNsRFdsUm1URGxTUlVKRVZGWklTbU5tWXpKaFVVNXNaVUo1WjJGSlNIcFdibVpaIiwibG9jYXRpb24iOiJGUkFOQ0UiLCJzdGFydGVkQXRUaW1lIjoiMjAxOS0wOS0wMlQwMDowMDowMFoifSwiZGF0ZU9mQmlydGgiOiIxOTkzLTA0LTA4IiwiZmFtaWx5TmFtZSI6IkRPRSIsImdpdmVuTmFtZXMiOiJKYW5lIiwiZ3JhZGluZ1NjaGVtZSI6eyJpZCI6Imh0dHBzOi8vbGVhc3Rvbi5iY2RpcGxvbWEuY29tL2xhdy1lY29ub21pY3MtbWFuYWdlbWVudCNHcmFkaW5nU2NoZW1lIiwidGl0bGUiOiJMb3dlciBTZWNvbmQtQ2xhc3MgSG9ub3VycyJ9LCJpZGVudGlmaWVyIjoiMDkwNDAwODA4NEgiLCJsZWFybmluZ0FjaGlldmVtZW50Ijp7ImFkZGl0aW9uYWxOb3RlIjpbIkRJU1RSSUJVVElPTiBNQU5BR0VNRU5UIl0sImRlc2NyaXB0aW9uIjoiTUFSS0VUSU5HIEFORCBTQUxFUyIsImlkIjoiaHR0cHM6Ly9sZWFzdG9uLmJjZGlwbG9tYS5jb20vbGF3LWVjb25vbWljcy1tYW5hZ2VtZW50I0xlYXJuaW5nQWNoaWV2bWVudCIsInRpdGxlIjoiTUFTVEVSUyBMQVcsIEVDT05PTUlDUyBBTkQgTUFOQUdFTUVOVCJ9LCJsZWFybmluZ1NwZWNpZmljYXRpb24iOnsiZWN0c0NyZWRpdFBvaW50cyI6MTIwLCJlcWZMZXZlbCI6NywiaWQiOiJodHRwczovL2xlYXN0b24uYmNkaXBsb21hLmNvbS9sYXctZWNvbm9taWNzLW1hbmFnZW1lbnQjTGVhcm5pbmdTcGVjaWZpY2F0aW9uIiwiaXNjZWRmQ29kZSI6WyI3Il0sIm5xZkxldmVsIjpbIjciXX19LCJjcmVkZW50aWFsU3RhdHVzIjp7ImlkIjoiaHR0cHM6Ly9lc3NpZi5ldXJvcGEuZXUvc3RhdHVzL2VkdWNhdGlvbiNoaWdoZXJFZHVjYXRpb24jMzkyYWM3ZjYtMzk5YS00MzdiLWEyNjgtNDY5MWVhZDhmMTc2IiwidHlwZSI6IkNyZWRlbnRpYWxTdGF0dXNMaXN0MjAyMCJ9LCJldmlkZW5jZSI6eyJkb2N1bWVudFByZXNlbmNlIjpbIlBoeXNpY2FsIl0sImV2aWRlbmNlRG9jdW1lbnQiOlsiUGFzc3BvcnQiXSwiaWQiOiJodHRwczovL2Vzc2lmLmV1cm9wYS5ldS90c3ItdmEvZXZpZGVuY2UvZjJhZWVjOTctZmMwZC00MmJmLThjYTctMDU0ODE5MmQ1Njc4Iiwic3ViamVjdFByZXNlbmNlIjoiUGh5c2ljYWwiLCJ0eXBlIjpbIkRvY3VtZW50VmVyaWZpY2F0aW9uIl0sInZlcmlmaWVyIjoiZGlkOmVic2k6Mjk2MmZiNzg0ZGY2MWJhYTI2N2M4MTMyNDk3NTM5ZjhjNjc0YjM3YzEyNDRhN2EifX0sImp0aSI6InVybjp1dWlkOmM1ZGZiYzI1LTAyZTktNGY5Yi1iNjI5LWI2ZmM5MGQyYjBkNCJ9.7gBGtu6zlMkJaBqITabdT-o5fpL6iK4ILD0hKMln0jn4tiG-Ek-bCCbwoz70Vp-vjzR0EHD_8IcJGHOksDT-Cw, selectiveDisclosure=null, discloseAll=false)]
2176 [pool-1-thread-1 @coroutine#79] DEBUG id.walt.model.DidUrl - Trying to create DidUrl from URL: "did:key:z6MknT5FiEriedVGMYKK96wanQzFjq2YVXZK4Pa2KoJruibR"...
2176 [pool-1-thread-1 @coroutine#79] DEBUG id.walt.services.vc.WaltIdJwtCredentialService - Signing JWT object with config: ProofConfig(issuerDid=did:key:z6MknT5FiEriedVGMYKK96wanQzFjq2YVXZK4Pa2KoJruibR, subjectDid=did:key:z6MknT5FiEriedVGMYKK96wanQzFjq2YVXZK4Pa2KoJruibR, verifierDid=did:key:z6MknT5FiEriedVGMYKK96wanQzFjq2YVXZK4Pa2KoJruibR, issuerVerificationMethod=did:key:z6MknT5FiEriedVGMYKK96wanQzFjq2YVXZK4Pa2KoJruibR#z6MknT5FiEriedVGMYKK96wanQzFjq2YVXZK4Pa2KoJruibR, proofType=JWT, domain=null, nonce=abcd, proofPurpose=null, credentialId=urn:uuid:26e554bd-d4d9-403b-b45a-7378a810a489, issueDate=null, validDate=null, expirationDate=null, dataProviderIdentifier=null, ldSignatureType=null, creator=did:key:z6MknT5FiEriedVGMYKK96wanQzFjq2YVXZK4Pa2KoJruibR, ecosystem=DEFAULT, statusType=null, statusPurpose=revocation, credentialsEndpoint=null, selectiveDisclosure=null)
2176 [pool-1-thread-1 @coroutine#79] DEBUG id.walt.services.vc.WaltIdJwtCredentialService - Signing: {"sub":"did:key:z6MknT5FiEriedVGMYKK96wanQzFjq2YVXZK4Pa2KoJruibR","aud":"did:key:z6MknT5FiEriedVGMYKK96wanQzFjq2YVXZK4Pa2KoJruibR","nbf":1726133977,"iss":"did:key:z6MknT5FiEriedVGMYKK96wanQzFjq2YVXZK4Pa2KoJruibR","vp":{"type":["VerifiablePresentation"],"@context":["https://www.w3.org/2018/credentials/v1"],"id":"urn:uuid:26e554bd-d4d9-403b-b45a-7378a810a489","holder":"did:key:z6MknT5FiEriedVGMYKK96wanQzFjq2YVXZK4Pa2KoJruibR","verifiableCredential":["eyJraWQiOiJkaWQ6a2V5Ono2TWtuVDVGaUVyaWVkVkdNWUtLOTZ3YW5RekZqcTJZVlhaSzRQYTJLb0pydWliUiN6Nk1rblQ1RmlFcmllZFZHTVlLSzk2d2FuUXpGanEyWVZYWks0UGEyS29KcnVpYlIiLCJ0eXAiOiJKV1QiLCJhbGciOiJFZERTQSJ9.eyJzdWIiOiJkaWQ6a2V5Ono2TWtuVDVGaUVyaWVkVkdNWUtLOTZ3YW5RekZqcTJZVlhaSzRQYTJLb0pydWliUiIsIm5iZiI6MTcyNjEzMzk3NywiaXNzIjoiZGlkOmtleTp6Nk1rblQ1RmlFcmllZFZHTVlLSzk2d2FuUXpGanEyWVZYWks0UGEyS29KcnVpYlIiLCJpYXQiOjE3MjYxMzM5NzcsInZjIjp7InR5cGUiOlsiVmVyaWZpYWJsZUNyZWRlbnRpYWwiLCJWZXJpZmlhYmxlQXR0ZXN0YXRpb24iLCJWZXJpZmlhYmxlRGlwbG9tYSJdLCJAY29udGV4dCI6WyJodHRwczovL3d3dy53My5vcmcvMjAxOC9jcmVkZW50aWFscy92MSJdLCJpZCI6InVybjp1dWlkOmM1ZGZiYzI1LTAyZTktNGY5Yi1iNjI5LWI2ZmM5MGQyYjBkNCIsImlzc3VlciI6ImRpZDprZXk6ejZNa25UNUZpRXJpZWRWR01ZS0s5NndhblF6RmpxMllWWFpLNFBhMktvSnJ1aWJSIiwiaXNzdWFuY2VEYXRlIjoiMjAyNC0wOS0xMlQwOTozOTozN1oiLCJpc3N1ZWQiOiIyMDI0LTA5LTEyVDA5OjM5OjM3WiIsInZhbGlkRnJvbSI6IjIwMjQtMDktMTJUMDk6Mzk6MzdaIiwiZXhwaXJhdGlvbkRhdGUiOiIyMDIyLTA4LTMxVDAwOjAwOjAwWiIsImNyZWRlbnRpYWxTY2hlbWEiOnsiaWQiOiJodHRwczovL3Jhdy5naXRodWJ1c2VyY29udGVudC5jb20vd2FsdC1pZC93YWx0aWQtc3Npa2l0LXZjbGliL21hc3Rlci9zcmMvdGVzdC9yZXNvdXJjZXMvc2NoZW1hcy9WZXJpZmlhYmxlRGlwbG9tYS5qc29uIiwidHlwZSI6Ikpzb25TY2hlbWFWYWxpZGF0b3IyMDE4In0sImNyZWRlbnRpYWxTdWJqZWN0Ijp7ImlkIjoiZGlkOmtleTp6Nk1rblQ1RmlFcmllZFZHTVlLSzk2d2FuUXpGanEyWVZYWks0UGEyS29KcnVpYlIiLCJhd2FyZGluZ09wcG9ydHVuaXR5Ijp7ImF3YXJkaW5nQm9keSI6eyJlaWRhc0xlZ2FsSWRlbnRpZmllciI6IlVua25vd24iLCJob21lcGFnZSI6Imh0dHBzOi8vbGVhc3Rvbi5iY2RpcGxvbWEuY29tLyIsImlkIjoiZGlkOmVic2k6MkE5Qlo5U1VlNkJhdGFjU3B2czFWNUNkakh2THBRN2JFc2kySmI2TGRIS25ReGFOIiwicHJlZmVycmVkTmFtZSI6IkxlYXN0b24gVW5pdmVyc2l0eSIsInJlZ2lzdHJhdGlvbiI6IjA1OTcwNjVKIn0sImVuZGVkQXRUaW1lIjoiMjAyMC0wNi0yNlQwMDowMDowMFoiLCJpZCI6Imh0dHBzOi8vbGVhc3Rvbi5iY2RpcGxvbWEuY29tL2xhdy1lY29ub21pY3MtbWFuYWdlbWVudCNBd2FyZGluZ09wcG9ydHVuaXR5IiwiaWRlbnRpZmllciI6Imh0dHBzOi8vY2VydGlmaWNhdGUtZGVtby5iY2RpcGxvbWEuY29tL2NoZWNrLzg3RUQyRjIyNzBFNkM0MTQ1NkU5NEI4NkI5RDkxMTVCNEUzNUJDQ0FEMjAwQTQ5Qjg0NjU5MkMxNEY3OUM4NkJWMUZuYmxsdGEwTlpUbkprUjNsRFdsUm1URGxTUlVKRVZGWklTbU5tWXpKaFVVNXNaVUo1WjJGSlNIcFdibVpaIiwibG9jYXRpb24iOiJGUkFOQ0UiLCJzdGFydGVkQXRUaW1lIjoiMjAxOS0wOS0wMlQwMDowMDowMFoifSwiZGF0ZU9mQmlydGgiOiIxOTkzLTA0LTA4IiwiZmFtaWx5TmFtZSI6IkRPRSIsImdpdmVuTmFtZXMiOiJKYW5lIiwiZ3JhZGluZ1NjaGVtZSI6eyJpZCI6Imh0dHBzOi8vbGVhc3Rvbi5iY2RpcGxvbWEuY29tL2xhdy1lY29ub21pY3MtbWFuYWdlbWVudCNHcmFkaW5nU2NoZW1lIiwidGl0bGUiOiJMb3dlciBTZWNvbmQtQ2xhc3MgSG9ub3VycyJ9LCJpZGVudGlmaWVyIjoiMDkwNDAwODA4NEgiLCJsZWFybmluZ0FjaGlldmVtZW50Ijp7ImFkZGl0aW9uYWxOb3RlIjpbIkRJU1RSSUJVVElPTiBNQU5BR0VNRU5UIl0sImRlc2NyaXB0aW9uIjoiTUFSS0VUSU5HIEFORCBTQUxFUyIsImlkIjoiaHR0cHM6Ly9sZWFzdG9uLmJjZGlwbG9tYS5jb20vbGF3LWVjb25vbWljcy1tYW5hZ2VtZW50I0xlYXJuaW5nQWNoaWV2bWVudCIsInRpdGxlIjoiTUFTVEVSUyBMQVcsIEVDT05PTUlDUyBBTkQgTUFOQUdFTUVOVCJ9LCJsZWFybmluZ1NwZWNpZmljYXRpb24iOnsiZWN0c0NyZWRpdFBvaW50cyI6MTIwLCJlcWZMZXZlbCI6NywiaWQiOiJodHRwczovL2xlYXN0b24uYmNkaXBsb21hLmNvbS9sYXctZWNvbm9taWNzLW1hbmFnZW1lbnQjTGVhcm5pbmdTcGVjaWZpY2F0aW9uIiwiaXNjZWRmQ29kZSI6WyI3Il0sIm5xZkxldmVsIjpbIjciXX19LCJjcmVkZW50aWFsU3RhdHVzIjp7ImlkIjoiaHR0cHM6Ly9lc3NpZi5ldXJvcGEuZXUvc3RhdHVzL2VkdWNhdGlvbiNoaWdoZXJFZHVjYXRpb24jMzkyYWM3ZjYtMzk5YS00MzdiLWEyNjgtNDY5MWVhZDhmMTc2IiwidHlwZSI6IkNyZWRlbnRpYWxTdGF0dXNMaXN0MjAyMCJ9LCJldmlkZW5jZSI6eyJkb2N1bWVudFByZXNlbmNlIjpbIlBoeXNpY2FsIl0sImV2aWRlbmNlRG9jdW1lbnQiOlsiUGFzc3BvcnQiXSwiaWQiOiJodHRwczovL2Vzc2lmLmV1cm9wYS5ldS90c3ItdmEvZXZpZGVuY2UvZjJhZWVjOTctZmMwZC00MmJmLThjYTctMDU0ODE5MmQ1Njc4Iiwic3ViamVjdFByZXNlbmNlIjoiUGh5c2ljYWwiLCJ0eXBlIjpbIkRvY3VtZW50VmVyaWZpY2F0aW9uIl0sInZlcmlmaWVyIjoiZGlkOmVic2k6Mjk2MmZiNzg0ZGY2MWJhYTI2N2M4MTMyNDk3NTM5ZjhjNjc0YjM3YzEyNDRhN2EifX0sImp0aSI6InVybjp1dWlkOmM1ZGZiYzI1LTAyZTktNGY5Yi1iNjI5LWI2ZmM5MGQyYjBkNCJ9.7gBGtu6zlMkJaBqITabdT-o5fpL6iK4ILD0hKMln0jn4tiG-Ek-bCCbwoz70Vp-vjzR0EHD_8IcJGHOksDT-Cw"]},"iat":1726133977,"nonce":"abcd","jti":"urn:uuid:26e554bd-d4d9-403b-b45a-7378a810a489"}
2177 [pool-1-thread-1 @coroutine#79] DEBUG id.walt.services.keystore.HKVKeyStoreService - Loading key "did:key:z6MknT5FiEriedVGMYKK96wanQzFjq2YVXZK4Pa2KoJruibR#z6MknT5FiEriedVGMYKK96wanQzFjq2YVXZK4Pa2KoJruibR".
2177 [pool-1-thread-1 @coroutine#79] DEBUG id.walt.services.jwt.WaltIdJwtService - Signing JWT with algorithm: EdDSA_Ed25519
2177 [pool-1-thread-1 @coroutine#79] DEBUG id.walt.model.DidUrl - Trying to create DidUrl from URL: "did:key:z6MknT5FiEriedVGMYKK96wanQzFjq2YVXZK4Pa2KoJruibR#z6MknT5FiEriedVGMYKK96wanQzFjq2YVXZK4Pa2KoJruibR"...
2177 [pool-1-thread-1 @coroutine#79] DEBUG id.walt.services.keystore.HKVKeyStoreService - Loading key "f0a72a36f385406a90fb815fabf982ae".
2178 [pool-1-thread-1 @coroutine#79] DEBUG id.walt.services.jwt.WaltIdJwtService - Signed JWT:  eyJraWQiOiJkaWQ6a2V5Ono2TWtuVDVGaUVyaWVkVkdNWUtLOTZ3YW5RekZqcTJZVlhaSzRQYTJLb0pydWliUiN6Nk1rblQ1RmlFcmllZFZHTVlLSzk2d2FuUXpGanEyWVZYWks0UGEyS29KcnVpYlIiLCJ0eXAiOiJKV1QiLCJhbGciOiJFZERTQSJ9.eyJzdWIiOiJkaWQ6a2V5Ono2TWtuVDVGaUVyaWVkVkdNWUtLOTZ3YW5RekZqcTJZVlhaSzRQYTJLb0pydWliUiIsImF1ZCI6ImRpZDprZXk6ejZNa25UNUZpRXJpZWRWR01ZS0s5NndhblF6RmpxMllWWFpLNFBhMktvSnJ1aWJSIiwibmJmIjoxNzI2MTMzOTc3LCJpc3MiOiJkaWQ6a2V5Ono2TWtuVDVGaUVyaWVkVkdNWUtLOTZ3YW5RekZqcTJZVlhaSzRQYTJLb0pydWliUiIsInZwIjp7InR5cGUiOlsiVmVyaWZpYWJsZVByZXNlbnRhdGlvbiJdLCJAY29udGV4dCI6WyJodHRwczovL3d3dy53My5vcmcvMjAxOC9jcmVkZW50aWFscy92MSJdLCJpZCI6InVybjp1dWlkOjI2ZTU1NGJkLWQ0ZDktNDAzYi1iNDVhLTczNzhhODEwYTQ4OSIsImhvbGRlciI6ImRpZDprZXk6ejZNa25UNUZpRXJpZWRWR01ZS0s5NndhblF6RmpxMllWWFpLNFBhMktvSnJ1aWJSIiwidmVyaWZpYWJsZUNyZWRlbnRpYWwiOlsiZXlKcmFXUWlPaUprYVdRNmEyVjVPbm8yVFd0dVZEVkdhVVZ5YVdWa1ZrZE5XVXRMT1RaM1lXNVJla1pxY1RKWlZsaGFTelJRWVRKTGIwcHlkV2xpVWlONk5rMXJibFExUm1sRmNtbGxaRlpIVFZsTFN6azJkMkZ1VVhwR2FuRXlXVlpZV2tzMFVHRXlTMjlLY25WcFlsSWlMQ0owZVhBaU9pSktWMVFpTENKaGJHY2lPaUpGWkVSVFFTSjkuZXlKemRXSWlPaUprYVdRNmEyVjVPbm8yVFd0dVZEVkdhVVZ5YVdWa1ZrZE5XVXRMT1RaM1lXNVJla1pxY1RKWlZsaGFTelJRWVRKTGIwcHlkV2xpVWlJc0ltNWlaaUk2TVRjeU5qRXpNemszTnl3aWFYTnpJam9pWkdsa09tdGxlVHA2TmsxcmJsUTFSbWxGY21sbFpGWkhUVmxMU3prMmQyRnVVWHBHYW5FeVdWWllXa3MwVUdFeVMyOUtjblZwWWxJaUxDSnBZWFFpT2pFM01qWXhNek01Tnpjc0luWmpJanA3SW5SNWNHVWlPbHNpVm1WeWFXWnBZV0pzWlVOeVpXUmxiblJwWVd3aUxDSldaWEpwWm1saFlteGxRWFIwWlhOMFlYUnBiMjRpTENKV1pYSnBabWxoWW14bFJHbHdiRzl0WVNKZExDSkFZMjl1ZEdWNGRDSTZXeUpvZEhSd2N6b3ZMM2QzZHk1M015NXZjbWN2TWpBeE9DOWpjbVZrWlc1MGFXRnNjeTkyTVNKZExDSnBaQ0k2SW5WeWJqcDFkV2xrT21NMVpHWmlZekkxTFRBeVpUa3ROR1k1WWkxaU5qSTVMV0kyWm1NNU1HUXlZakJrTkNJc0ltbHpjM1ZsY2lJNkltUnBaRHByWlhrNmVqWk5hMjVVTlVacFJYSnBaV1JXUjAxWlMwczVObmRoYmxGNlJtcHhNbGxXV0ZwTE5GQmhNa3R2U25KMWFXSlNJaXdpYVhOemRXRnVZMlZFWVhSbElqb2lNakF5TkMwd09TMHhNbFF3T1Rvek9Ub3pOMW9pTENKcGMzTjFaV1FpT2lJeU1ESTBMVEE1TFRFeVZEQTVPak01T2pNM1dpSXNJblpoYkdsa1JuSnZiU0k2SWpJd01qUXRNRGt0TVRKVU1EazZNems2TXpkYUlpd2laWGh3YVhKaGRHbHZia1JoZEdVaU9pSXlNREl5TFRBNExUTXhWREF3T2pBd09qQXdXaUlzSW1OeVpXUmxiblJwWVd4VFkyaGxiV0VpT25zaWFXUWlPaUpvZEhSd2N6b3ZMM0poZHk1bmFYUm9kV0oxYzJWeVkyOXVkR1Z1ZEM1amIyMHZkMkZzZEMxcFpDOTNZV3gwYVdRdGMzTnBhMmwwTFhaamJHbGlMMjFoYzNSbGNpOXpjbU12ZEdWemRDOXlaWE52ZFhKalpYTXZjMk5vWlcxaGN5OVdaWEpwWm1saFlteGxSR2x3Ykc5dFlTNXFjMjl1SWl3aWRIbHdaU0k2SWtwemIyNVRZMmhsYldGV1lXeHBaR0YwYjNJeU1ERTRJbjBzSW1OeVpXUmxiblJwWVd4VGRXSnFaV04wSWpwN0ltbGtJam9pWkdsa09tdGxlVHA2TmsxcmJsUTFSbWxGY21sbFpGWkhUVmxMU3prMmQyRnVVWHBHYW5FeVdWWllXa3MwVUdFeVMyOUtjblZwWWxJaUxDSmhkMkZ5WkdsdVowOXdjRzl5ZEhWdWFYUjVJanA3SW1GM1lYSmthVzVuUW05a2VTSTZleUpsYVdSaGMweGxaMkZzU1dSbGJuUnBabWxsY2lJNklsVnVhMjV2ZDI0aUxDSm9iMjFsY0dGblpTSTZJbWgwZEhCek9pOHZiR1ZoYzNSdmJpNWlZMlJwY0d4dmJXRXVZMjl0THlJc0ltbGtJam9pWkdsa09tVmljMms2TWtFNVFsbzVVMVZsTmtKaGRHRmpVM0IyY3pGV05VTmtha2gyVEhCUk4ySkZjMmt5U21JMlRHUklTMjVSZUdGT0lpd2ljSEpsWm1WeWNtVmtUbUZ0WlNJNklreGxZWE4wYjI0Z1ZXNXBkbVZ5YzJsMGVTSXNJbkpsWjJsemRISmhkR2x2YmlJNklqQTFPVGN3TmpWS0luMHNJbVZ1WkdWa1FYUlVhVzFsSWpvaU1qQXlNQzB3TmkweU5sUXdNRG93TURvd01Gb2lMQ0pwWkNJNkltaDBkSEJ6T2k4dmJHVmhjM1J2Ymk1aVkyUnBjR3h2YldFdVkyOXRMMnhoZHkxbFkyOXViMjFwWTNNdGJXRnVZV2RsYldWdWRDTkJkMkZ5WkdsdVowOXdjRzl5ZEhWdWFYUjVJaXdpYVdSbGJuUnBabWxsY2lJNkltaDBkSEJ6T2k4dlkyVnlkR2xtYVdOaGRHVXRaR1Z0Ynk1aVkyUnBjR3h2YldFdVkyOXRMMk5vWldOckx6ZzNSVVF5UmpJeU56QkZOa00wTVRRMU5rVTVORUk0TmtJNVJEa3hNVFZDTkVVek5VSkRRMEZFTWpBd1FUUTVRamcwTmpVNU1rTXhORVkzT1VNNE5rSldNVVp1WW14c2RHRXdUbHBVYmtwclVqTnNSRmRzVW0xVVJHeFRVbFZLUlZaR1drbFRiVTV0V1hwS2FGVlZOWE5hVlVvMVdqSkdTbE5JY0ZkaWJWcGFJaXdpYkc5allYUnBiMjRpT2lKR1VrRk9RMFVpTENKemRHRnlkR1ZrUVhSVWFXMWxJam9pTWpBeE9TMHdPUzB3TWxRd01Eb3dNRG93TUZvaWZTd2laR0YwWlU5bVFtbHlkR2dpT2lJeE9Ua3pMVEEwTFRBNElpd2labUZ0YVd4NVRtRnRaU0k2SWtSUFJTSXNJbWRwZG1WdVRtRnRaWE1pT2lKS1lXNWxJaXdpWjNKaFpHbHVaMU5qYUdWdFpTSTZleUpwWkNJNkltaDBkSEJ6T2k4dmJHVmhjM1J2Ymk1aVkyUnBjR3h2YldFdVkyOXRMMnhoZHkxbFkyOXViMjFwWTNNdGJXRnVZV2RsYldWdWRDTkhjbUZrYVc1blUyTm9aVzFsSWl3aWRHbDBiR1VpT2lKTWIzZGxjaUJUWldOdmJtUXRRMnhoYzNNZ1NHOXViM1Z5Y3lKOUxDSnBaR1Z1ZEdsbWFXVnlJam9pTURrd05EQXdPREE0TkVnaUxDSnNaV0Z5Ym1sdVowRmphR2xsZG1WdFpXNTBJanA3SW1Ga1pHbDBhVzl1WVd4T2IzUmxJanBiSWtSSlUxUlNTVUpWVkVsUFRpQk5RVTVCUjBWTlJVNVVJbDBzSW1SbGMyTnlhWEIwYVc5dUlqb2lUVUZTUzBWVVNVNUhJRUZPUkNCVFFVeEZVeUlzSW1sa0lqb2lhSFIwY0hNNkx5OXNaV0Z6ZEc5dUxtSmpaR2x3Ykc5dFlTNWpiMjB2YkdGM0xXVmpiMjV2YldsamN5MXRZVzVoWjJWdFpXNTBJMHhsWVhKdWFXNW5RV05vYVdWMmJXVnVkQ0lzSW5ScGRHeGxJam9pVFVGVFZFVlNVeUJNUVZjc0lFVkRUMDVQVFVsRFV5QkJUa1FnVFVGT1FVZEZUVVZPVkNKOUxDSnNaV0Z5Ym1sdVoxTndaV05wWm1sallYUnBiMjRpT25zaVpXTjBjME55WldScGRGQnZhVzUwY3lJNk1USXdMQ0psY1daTVpYWmxiQ0k2Tnl3aWFXUWlPaUpvZEhSd2N6b3ZMMnhsWVhOMGIyNHVZbU5rYVhCc2IyMWhMbU52YlM5c1lYY3RaV052Ym05dGFXTnpMVzFoYm1GblpXMWxiblFqVEdWaGNtNXBibWRUY0dWamFXWnBZMkYwYVc5dUlpd2lhWE5qWldSbVEyOWtaU0k2V3lJM0lsMHNJbTV4Wmt4bGRtVnNJanBiSWpjaVhYMTlMQ0pqY21Wa1pXNTBhV0ZzVTNSaGRIVnpJanA3SW1sa0lqb2lhSFIwY0hNNkx5OWxjM05wWmk1bGRYSnZjR0V1WlhVdmMzUmhkSFZ6TDJWa2RXTmhkR2x2YmlOb2FXZG9aWEpGWkhWallYUnBiMjRqTXpreVlXTTNaall0TXprNVlTMDBNemRpTFdFeU5qZ3RORFk1TVdWaFpEaG1NVGMySWl3aWRIbHdaU0k2SWtOeVpXUmxiblJwWVd4VGRHRjBkWE5NYVhOME1qQXlNQ0o5TENKbGRtbGtaVzVqWlNJNmV5SmtiMk4xYldWdWRGQnlaWE5sYm1ObElqcGJJbEJvZVhOcFkyRnNJbDBzSW1WMmFXUmxibU5sUkc5amRXMWxiblFpT2xzaVVHRnpjM0J2Y25RaVhTd2lhV1FpT2lKb2RIUndjem92TDJWemMybG1MbVYxY205d1lTNWxkUzkwYzNJdGRtRXZaWFpwWkdWdVkyVXZaakpoWldWak9UY3RabU13WkMwME1tSm1MVGhqWVRjdE1EVTBPREU1TW1RMU5qYzRJaXdpYzNWaWFtVmpkRkJ5WlhObGJtTmxJam9pVUdoNWMybGpZV3dpTENKMGVYQmxJanBiSWtSdlkzVnRaVzUwVm1WeWFXWnBZMkYwYVc5dUlsMHNJblpsY21sbWFXVnlJam9pWkdsa09tVmljMms2TWprMk1tWmlOemcwWkdZMk1XSmhZVEkyTjJNNE1UTXlORGszTlRNNVpqaGpOamMwWWpNM1l6RXlORFJoTjJFaWZYMHNJbXAwYVNJNkluVnlianAxZFdsa09tTTFaR1ppWXpJMUxUQXlaVGt0TkdZNVlpMWlOakk1TFdJMlptTTVNR1F5WWpCa05DSjkuN2dCR3R1NnpsTWtKYUJxSVRhYmRULW81ZnBMNmlLNElMRDBoS01sbjBqbjR0aUctRWstYkNDYndvejcwVnAtdmp6UjBFSERfOEljSkdIT2tzRFQtQ3ciXX0sImlhdCI6MTcyNjEzMzk3Nywibm9uY2UiOiJhYmNkIiwianRpIjoidXJuOnV1aWQ6MjZlNTU0YmQtZDRkOS00MDNiLWI0NWEtNzM3OGE4MTBhNDg5In0.rSWMaPAEd6Aoaw5xs2wqGPhohbH-e5xaHS_5iP36wnFjN4OzXyjGbGiyvG7a4OghMGOTc8q9h-27dmYI7vsMDA
2179 [pool-1-thread-1 @coroutine#79] DEBUG id.walt.services.vc.WaltIdJwtCredentialService - VP created:eyJraWQiOiJkaWQ6a2V5Ono2TWtuVDVGaUVyaWVkVkdNWUtLOTZ3YW5RekZqcTJZVlhaSzRQYTJLb0pydWliUiN6Nk1rblQ1RmlFcmllZFZHTVlLSzk2d2FuUXpGanEyWVZYWks0UGEyS29KcnVpYlIiLCJ0eXAiOiJKV1QiLCJhbGciOiJFZERTQSJ9.eyJzdWIiOiJkaWQ6a2V5Ono2TWtuVDVGaUVyaWVkVkdNWUtLOTZ3YW5RekZqcTJZVlhaSzRQYTJLb0pydWliUiIsImF1ZCI6ImRpZDprZXk6ejZNa25UNUZpRXJpZWRWR01ZS0s5NndhblF6RmpxMllWWFpLNFBhMktvSnJ1aWJSIiwibmJmIjoxNzI2MTMzOTc3LCJpc3MiOiJkaWQ6a2V5Ono2TWtuVDVGaUVyaWVkVkdNWUtLOTZ3YW5RekZqcTJZVlhaSzRQYTJLb0pydWliUiIsInZwIjp7InR5cGUiOlsiVmVyaWZpYWJsZVByZXNlbnRhdGlvbiJdLCJAY29udGV4dCI6WyJodHRwczovL3d3dy53My5vcmcvMjAxOC9jcmVkZW50aWFscy92MSJdLCJpZCI6InVybjp1dWlkOjI2ZTU1NGJkLWQ0ZDktNDAzYi1iNDVhLTczNzhhODEwYTQ4OSIsImhvbGRlciI6ImRpZDprZXk6ejZNa25UNUZpRXJpZWRWR01ZS0s5NndhblF6RmpxMllWWFpLNFBhMktvSnJ1aWJSIiwidmVyaWZpYWJsZUNyZWRlbnRpYWwiOlsiZXlKcmFXUWlPaUprYVdRNmEyVjVPbm8yVFd0dVZEVkdhVVZ5YVdWa1ZrZE5XVXRMT1RaM1lXNVJla1pxY1RKWlZsaGFTelJRWVRKTGIwcHlkV2xpVWlONk5rMXJibFExUm1sRmNtbGxaRlpIVFZsTFN6azJkMkZ1VVhwR2FuRXlXVlpZV2tzMFVHRXlTMjlLY25WcFlsSWlMQ0owZVhBaU9pSktWMVFpTENKaGJHY2lPaUpGWkVSVFFTSjkuZXlKemRXSWlPaUprYVdRNmEyVjVPbm8yVFd0dVZEVkdhVVZ5YVdWa1ZrZE5XVXRMT1RaM1lXNVJla1pxY1RKWlZsaGFTelJRWVRKTGIwcHlkV2xpVWlJc0ltNWlaaUk2TVRjeU5qRXpNemszTnl3aWFYTnpJam9pWkdsa09tdGxlVHA2TmsxcmJsUTFSbWxGY21sbFpGWkhUVmxMU3prMmQyRnVVWHBHYW5FeVdWWllXa3MwVUdFeVMyOUtjblZwWWxJaUxDSnBZWFFpT2pFM01qWXhNek01Tnpjc0luWmpJanA3SW5SNWNHVWlPbHNpVm1WeWFXWnBZV0pzWlVOeVpXUmxiblJwWVd3aUxDSldaWEpwWm1saFlteGxRWFIwWlhOMFlYUnBiMjRpTENKV1pYSnBabWxoWW14bFJHbHdiRzl0WVNKZExDSkFZMjl1ZEdWNGRDSTZXeUpvZEhSd2N6b3ZMM2QzZHk1M015NXZjbWN2TWpBeE9DOWpjbVZrWlc1MGFXRnNjeTkyTVNKZExDSnBaQ0k2SW5WeWJqcDFkV2xrT21NMVpHWmlZekkxTFRBeVpUa3ROR1k1WWkxaU5qSTVMV0kyWm1NNU1HUXlZakJrTkNJc0ltbHpjM1ZsY2lJNkltUnBaRHByWlhrNmVqWk5hMjVVTlVacFJYSnBaV1JXUjAxWlMwczVObmRoYmxGNlJtcHhNbGxXV0ZwTE5GQmhNa3R2U25KMWFXSlNJaXdpYVhOemRXRnVZMlZFWVhSbElqb2lNakF5TkMwd09TMHhNbFF3T1Rvek9Ub3pOMW9pTENKcGMzTjFaV1FpT2lJeU1ESTBMVEE1TFRFeVZEQTVPak01T2pNM1dpSXNJblpoYkdsa1JuSnZiU0k2SWpJd01qUXRNRGt0TVRKVU1EazZNems2TXpkYUlpd2laWGh3YVhKaGRHbHZia1JoZEdVaU9pSXlNREl5TFRBNExUTXhWREF3T2pBd09qQXdXaUlzSW1OeVpXUmxiblJwWVd4VFkyaGxiV0VpT25zaWFXUWlPaUpvZEhSd2N6b3ZMM0poZHk1bmFYUm9kV0oxYzJWeVkyOXVkR1Z1ZEM1amIyMHZkMkZzZEMxcFpDOTNZV3gwYVdRdGMzTnBhMmwwTFhaamJHbGlMMjFoYzNSbGNpOXpjbU12ZEdWemRDOXlaWE52ZFhKalpYTXZjMk5vWlcxaGN5OVdaWEpwWm1saFlteGxSR2x3Ykc5dFlTNXFjMjl1SWl3aWRIbHdaU0k2SWtwemIyNVRZMmhsYldGV1lXeHBaR0YwYjNJeU1ERTRJbjBzSW1OeVpXUmxiblJwWVd4VGRXSnFaV04wSWpwN0ltbGtJam9pWkdsa09tdGxlVHA2TmsxcmJsUTFSbWxGY21sbFpGWkhUVmxMU3prMmQyRnVVWHBHYW5FeVdWWllXa3MwVUdFeVMyOUtjblZwWWxJaUxDSmhkMkZ5WkdsdVowOXdjRzl5ZEhWdWFYUjVJanA3SW1GM1lYSmthVzVuUW05a2VTSTZleUpsYVdSaGMweGxaMkZzU1dSbGJuUnBabWxsY2lJNklsVnVhMjV2ZDI0aUxDSm9iMjFsY0dGblpTSTZJbWgwZEhCek9pOHZiR1ZoYzNSdmJpNWlZMlJwY0d4dmJXRXVZMjl0THlJc0ltbGtJam9pWkdsa09tVmljMms2TWtFNVFsbzVVMVZsTmtKaGRHRmpVM0IyY3pGV05VTmtha2gyVEhCUk4ySkZjMmt5U21JMlRHUklTMjVSZUdGT0lpd2ljSEpsWm1WeWNtVmtUbUZ0WlNJNklreGxZWE4wYjI0Z1ZXNXBkbVZ5YzJsMGVTSXNJbkpsWjJsemRISmhkR2x2YmlJNklqQTFPVGN3TmpWS0luMHNJbVZ1WkdWa1FYUlVhVzFsSWpvaU1qQXlNQzB3TmkweU5sUXdNRG93TURvd01Gb2lMQ0pwWkNJNkltaDBkSEJ6T2k4dmJHVmhjM1J2Ymk1aVkyUnBjR3h2YldFdVkyOXRMMnhoZHkxbFkyOXViMjFwWTNNdGJXRnVZV2RsYldWdWRDTkJkMkZ5WkdsdVowOXdjRzl5ZEhWdWFYUjVJaXdpYVdSbGJuUnBabWxsY2lJNkltaDBkSEJ6T2k4dlkyVnlkR2xtYVdOaGRHVXRaR1Z0Ynk1aVkyUnBjR3h2YldFdVkyOXRMMk5vWldOckx6ZzNSVVF5UmpJeU56QkZOa00wTVRRMU5rVTVORUk0TmtJNVJEa3hNVFZDTkVVek5VSkRRMEZFTWpBd1FUUTVRamcwTmpVNU1rTXhORVkzT1VNNE5rSldNVVp1WW14c2RHRXdUbHBVYmtwclVqTnNSRmRzVW0xVVJHeFRVbFZLUlZaR1drbFRiVTV0V1hwS2FGVlZOWE5hVlVvMVdqSkdTbE5JY0ZkaWJWcGFJaXdpYkc5allYUnBiMjRpT2lKR1VrRk9RMFVpTENKemRHRnlkR1ZrUVhSVWFXMWxJam9pTWpBeE9TMHdPUzB3TWxRd01Eb3dNRG93TUZvaWZTd2laR0YwWlU5bVFtbHlkR2dpT2lJeE9Ua3pMVEEwTFRBNElpd2labUZ0YVd4NVRtRnRaU0k2SWtSUFJTSXNJbWRwZG1WdVRtRnRaWE1pT2lKS1lXNWxJaXdpWjNKaFpHbHVaMU5qYUdWdFpTSTZleUpwWkNJNkltaDBkSEJ6T2k4dmJHVmhjM1J2Ymk1aVkyUnBjR3h2YldFdVkyOXRMMnhoZHkxbFkyOXViMjFwWTNNdGJXRnVZV2RsYldWdWRDTkhjbUZrYVc1blUyTm9aVzFsSWl3aWRHbDBiR1VpT2lKTWIzZGxjaUJUWldOdmJtUXRRMnhoYzNNZ1NHOXViM1Z5Y3lKOUxDSnBaR1Z1ZEdsbWFXVnlJam9pTURrd05EQXdPREE0TkVnaUxDSnNaV0Z5Ym1sdVowRmphR2xsZG1WdFpXNTBJanA3SW1Ga1pHbDBhVzl1WVd4T2IzUmxJanBiSWtSSlUxUlNTVUpWVkVsUFRpQk5RVTVCUjBWTlJVNVVJbDBzSW1SbGMyTnlhWEIwYVc5dUlqb2lUVUZTUzBWVVNVNUhJRUZPUkNCVFFVeEZVeUlzSW1sa0lqb2lhSFIwY0hNNkx5OXNaV0Z6ZEc5dUxtSmpaR2x3Ykc5dFlTNWpiMjB2YkdGM0xXVmpiMjV2YldsamN5MXRZVzVoWjJWdFpXNTBJMHhsWVhKdWFXNW5RV05vYVdWMmJXVnVkQ0lzSW5ScGRHeGxJam9pVFVGVFZFVlNVeUJNUVZjc0lFVkRUMDVQVFVsRFV5QkJUa1FnVFVGT1FVZEZUVVZPVkNKOUxDSnNaV0Z5Ym1sdVoxTndaV05wWm1sallYUnBiMjRpT25zaVpXTjBjME55WldScGRGQnZhVzUwY3lJNk1USXdMQ0psY1daTVpYWmxiQ0k2Tnl3aWFXUWlPaUpvZEhSd2N6b3ZMMnhsWVhOMGIyNHVZbU5rYVhCc2IyMWhMbU52YlM5c1lYY3RaV052Ym05dGFXTnpMVzFoYm1GblpXMWxiblFqVEdWaGNtNXBibWRUY0dWamFXWnBZMkYwYVc5dUlpd2lhWE5qWldSbVEyOWtaU0k2V3lJM0lsMHNJbTV4Wmt4bGRtVnNJanBiSWpjaVhYMTlMQ0pqY21Wa1pXNTBhV0ZzVTNSaGRIVnpJanA3SW1sa0lqb2lhSFIwY0hNNkx5OWxjM05wWmk1bGRYSnZjR0V1WlhVdmMzUmhkSFZ6TDJWa2RXTmhkR2x2YmlOb2FXZG9aWEpGWkhWallYUnBiMjRqTXpreVlXTTNaall0TXprNVlTMDBNemRpTFdFeU5qZ3RORFk1TVdWaFpEaG1NVGMySWl3aWRIbHdaU0k2SWtOeVpXUmxiblJwWVd4VGRHRjBkWE5NYVhOME1qQXlNQ0o5TENKbGRtbGtaVzVqWlNJNmV5SmtiMk4xYldWdWRGQnlaWE5sYm1ObElqcGJJbEJvZVhOcFkyRnNJbDBzSW1WMmFXUmxibU5sUkc5amRXMWxiblFpT2xzaVVHRnpjM0J2Y25RaVhTd2lhV1FpT2lKb2RIUndjem92TDJWemMybG1MbVYxY205d1lTNWxkUzkwYzNJdGRtRXZaWFpwWkdWdVkyVXZaakpoWldWak9UY3RabU13WkMwME1tSm1MVGhqWVRjdE1EVTBPREU1TW1RMU5qYzRJaXdpYzNWaWFtVmpkRkJ5WlhObGJtTmxJam9pVUdoNWMybGpZV3dpTENKMGVYQmxJanBiSWtSdlkzVnRaVzUwVm1WeWFXWnBZMkYwYVc5dUlsMHNJblpsY21sbWFXVnlJam9pWkdsa09tVmljMms2TWprMk1tWmlOemcwWkdZMk1XSmhZVEkyTjJNNE1UTXlORGszTlRNNVpqaGpOamMwWWpNM1l6RXlORFJoTjJFaWZYMHNJbXAwYVNJNkluVnlianAxZFdsa09tTTFaR1ppWXpJMUxUQXlaVGt0TkdZNVlpMWlOakk1TFdJMlptTTVNR1F5WWpCa05DSjkuN2dCR3R1NnpsTWtKYUJxSVRhYmRULW81ZnBMNmlLNElMRDBoS01sbjBqbjR0aUctRWstYkNDYndvejcwVnAtdmp6UjBFSERfOEljSkdIT2tzRFQtQ3ciXX0sImlhdCI6MTcyNjEzMzk3Nywibm9uY2UiOiJhYmNkIiwianRpIjoidXJuOnV1aWQ6MjZlNTU0YmQtZDRkOS00MDNiLWI0NWEtNzM3OGE4MTBhNDg5In0.rSWMaPAEd6Aoaw5xs2wqGPhohbH-e5xaHS_5iP36wnFjN4OzXyjGbGiyvG7a4OghMGOTc8q9h-27dmYI7vsMDA
2180 [pool-1-thread-1 @coroutine#79] DEBUG id.walt.auditor.Auditor - Verifying vc with SignaturePolicy ...
2180 [pool-1-thread-1 @coroutine#79] DEBUG id.walt.auditor.policies.SignaturePolicy - is jwt: true
2182 [pool-1-thread-1 @coroutine#79] DEBUG id.walt.services.vc.WaltIdJwtCredentialService - Verifying vc: eyJraWQiOiJkaWQ6a2V5Ono2TWtuVDVGaUVyaWVkVkdNWUtLOTZ3YW5RekZqcTJZVlhaSzRQYTJLb0pydWliUiN6Nk1rblQ1RmlFcmllZFZHTVlLSzk2d2FuUXpGanEyWVZYWks0UGEyS29KcnVpYlIiLCJ0eXAiOiJKV1QiLCJhbGciOiJFZERTQSJ9.eyJzdWIiOiJkaWQ6a2V5Ono2TWtuVDVGaUVyaWVkVkdNWUtLOTZ3YW5RekZqcTJZVlhaSzRQYTJLb0pydWliUiIsIm5iZiI6MTcyNjEzMzk3NywiaXNzIjoiZGlkOmtleTp6Nk1rblQ1RmlFcmllZFZHTVlLSzk2d2FuUXpGanEyWVZYWks0UGEyS29KcnVpYlIiLCJpYXQiOjE3MjYxMzM5NzcsInZjIjp7InR5cGUiOlsiVmVyaWZpYWJsZUNyZWRlbnRpYWwiLCJWZXJpZmlhYmxlQXR0ZXN0YXRpb24iLCJWZXJpZmlhYmxlRGlwbG9tYSJdLCJAY29udGV4dCI6WyJodHRwczovL3d3dy53My5vcmcvMjAxOC9jcmVkZW50aWFscy92MSJdLCJpZCI6InVybjp1dWlkOmM1ZGZiYzI1LTAyZTktNGY5Yi1iNjI5LWI2ZmM5MGQyYjBkNCIsImlzc3VlciI6ImRpZDprZXk6ejZNa25UNUZpRXJpZWRWR01ZS0s5NndhblF6RmpxMllWWFpLNFBhMktvSnJ1aWJSIiwiaXNzdWFuY2VEYXRlIjoiMjAyNC0wOS0xMlQwOTozOTozN1oiLCJpc3N1ZWQiOiIyMDI0LTA5LTEyVDA5OjM5OjM3WiIsInZhbGlkRnJvbSI6IjIwMjQtMDktMTJUMDk6Mzk6MzdaIiwiZXhwaXJhdGlvbkRhdGUiOiIyMDIyLTA4LTMxVDAwOjAwOjAwWiIsImNyZWRlbnRpYWxTY2hlbWEiOnsiaWQiOiJodHRwczovL3Jhdy5naXRodWJ1c2VyY29udGVudC5jb20vd2FsdC1pZC93YWx0aWQtc3Npa2l0LXZjbGliL21hc3Rlci9zcmMvdGVzdC9yZXNvdXJjZXMvc2NoZW1hcy9WZXJpZmlhYmxlRGlwbG9tYS5qc29uIiwidHlwZSI6Ikpzb25TY2hlbWFWYWxpZGF0b3IyMDE4In0sImNyZWRlbnRpYWxTdWJqZWN0Ijp7ImlkIjoiZGlkOmtleTp6Nk1rblQ1RmlFcmllZFZHTVlLSzk2d2FuUXpGanEyWVZYWks0UGEyS29KcnVpYlIiLCJhd2FyZGluZ09wcG9ydHVuaXR5Ijp7ImF3YXJkaW5nQm9keSI6eyJlaWRhc0xlZ2FsSWRlbnRpZmllciI6IlVua25vd24iLCJob21lcGFnZSI6Imh0dHBzOi8vbGVhc3Rvbi5iY2RpcGxvbWEuY29tLyIsImlkIjoiZGlkOmVic2k6MkE5Qlo5U1VlNkJhdGFjU3B2czFWNUNkakh2THBRN2JFc2kySmI2TGRIS25ReGFOIiwicHJlZmVycmVkTmFtZSI6IkxlYXN0b24gVW5pdmVyc2l0eSIsInJlZ2lzdHJhdGlvbiI6IjA1OTcwNjVKIn0sImVuZGVkQXRUaW1lIjoiMjAyMC0wNi0yNlQwMDowMDowMFoiLCJpZCI6Imh0dHBzOi8vbGVhc3Rvbi5iY2RpcGxvbWEuY29tL2xhdy1lY29ub21pY3MtbWFuYWdlbWVudCNBd2FyZGluZ09wcG9ydHVuaXR5IiwiaWRlbnRpZmllciI6Imh0dHBzOi8vY2VydGlmaWNhdGUtZGVtby5iY2RpcGxvbWEuY29tL2NoZWNrLzg3RUQyRjIyNzBFNkM0MTQ1NkU5NEI4NkI5RDkxMTVCNEUzNUJDQ0FEMjAwQTQ5Qjg0NjU5MkMxNEY3OUM4NkJWMUZuYmxsdGEwTlpUbkprUjNsRFdsUm1URGxTUlVKRVZGWklTbU5tWXpKaFVVNXNaVUo1WjJGSlNIcFdibVpaIiwibG9jYXRpb24iOiJGUkFOQ0UiLCJzdGFydGVkQXRUaW1lIjoiMjAxOS0wOS0wMlQwMDowMDowMFoifSwiZGF0ZU9mQmlydGgiOiIxOTkzLTA0LTA4IiwiZmFtaWx5TmFtZSI6IkRPRSIsImdpdmVuTmFtZXMiOiJKYW5lIiwiZ3JhZGluZ1NjaGVtZSI6eyJpZCI6Imh0dHBzOi8vbGVhc3Rvbi5iY2RpcGxvbWEuY29tL2xhdy1lY29ub21pY3MtbWFuYWdlbWVudCNHcmFkaW5nU2NoZW1lIiwidGl0bGUiOiJMb3dlciBTZWNvbmQtQ2xhc3MgSG9ub3VycyJ9LCJpZGVudGlmaWVyIjoiMDkwNDAwODA4NEgiLCJsZWFybmluZ0FjaGlldmVtZW50Ijp7ImFkZGl0aW9uYWxOb3RlIjpbIkRJU1RSSUJVVElPTiBNQU5BR0VNRU5UIl0sImRlc2NyaXB0aW9uIjoiTUFSS0VUSU5HIEFORCBTQUxFUyIsImlkIjoiaHR0cHM6Ly9sZWFzdG9uLmJjZGlwbG9tYS5jb20vbGF3LWVjb25vbWljcy1tYW5hZ2VtZW50I0xlYXJuaW5nQWNoaWV2bWVudCIsInRpdGxlIjoiTUFTVEVSUyBMQVcsIEVDT05PTUlDUyBBTkQgTUFOQUdFTUVOVCJ9LCJsZWFybmluZ1NwZWNpZmljYXRpb24iOnsiZWN0c0NyZWRpdFBvaW50cyI6MTIwLCJlcWZMZXZlbCI6NywiaWQiOiJodHRwczovL2xlYXN0b24uYmNkaXBsb21hLmNvbS9sYXctZWNvbm9taWNzLW1hbmFnZW1lbnQjTGVhcm5pbmdTcGVjaWZpY2F0aW9uIiwiaXNjZWRmQ29kZSI6WyI3Il0sIm5xZkxldmVsIjpbIjciXX19LCJjcmVkZW50aWFsU3RhdHVzIjp7ImlkIjoiaHR0cHM6Ly9lc3NpZi5ldXJvcGEuZXUvc3RhdHVzL2VkdWNhdGlvbiNoaWdoZXJFZHVjYXRpb24jMzkyYWM3ZjYtMzk5YS00MzdiLWEyNjgtNDY5MWVhZDhmMTc2IiwidHlwZSI6IkNyZWRlbnRpYWxTdGF0dXNMaXN0MjAyMCJ9LCJldmlkZW5jZSI6eyJkb2N1bWVudFByZXNlbmNlIjpbIlBoeXNpY2FsIl0sImV2aWRlbmNlRG9jdW1lbnQiOlsiUGFzc3BvcnQiXSwiaWQiOiJodHRwczovL2Vzc2lmLmV1cm9wYS5ldS90c3ItdmEvZXZpZGVuY2UvZjJhZWVjOTctZmMwZC00MmJmLThjYTctMDU0ODE5MmQ1Njc4Iiwic3ViamVjdFByZXNlbmNlIjoiUGh5c2ljYWwiLCJ0eXBlIjpbIkRvY3VtZW50VmVyaWZpY2F0aW9uIl0sInZlcmlmaWVyIjoiZGlkOmVic2k6Mjk2MmZiNzg0ZGY2MWJhYTI2N2M4MTMyNDk3NTM5ZjhjNjc0YjM3YzEyNDRhN2EifX0sImp0aSI6InVybjp1dWlkOmM1ZGZiYzI1LTAyZTktNGY5Yi1iNjI5LWI2ZmM5MGQyYjBkNCJ9.7gBGtu6zlMkJaBqITabdT-o5fpL6iK4ILD0hKMln0jn4tiG-Ek-bCCbwoz70Vp-vjzR0EHD_8IcJGHOksDT-Cw
2182 [pool-1-thread-1 @coroutine#79] DEBUG id.walt.services.jwt.WaltIdJwtService - Verifying token:  eyJraWQiOiJkaWQ6a2V5Ono2TWtuVDVGaUVyaWVkVkdNWUtLOTZ3YW5RekZqcTJZVlhaSzRQYTJLb0pydWliUiN6Nk1rblQ1RmlFcmllZFZHTVlLSzk2d2FuUXpGanEyWVZYWks0UGEyS29KcnVpYlIiLCJ0eXAiOiJKV1QiLCJhbGciOiJFZERTQSJ9.eyJzdWIiOiJkaWQ6a2V5Ono2TWtuVDVGaUVyaWVkVkdNWUtLOTZ3YW5RekZqcTJZVlhaSzRQYTJLb0pydWliUiIsIm5iZiI6MTcyNjEzMzk3NywiaXNzIjoiZGlkOmtleTp6Nk1rblQ1RmlFcmllZFZHTVlLSzk2d2FuUXpGanEyWVZYWks0UGEyS29KcnVpYlIiLCJpYXQiOjE3MjYxMzM5NzcsInZjIjp7InR5cGUiOlsiVmVyaWZpYWJsZUNyZWRlbnRpYWwiLCJWZXJpZmlhYmxlQXR0ZXN0YXRpb24iLCJWZXJpZmlhYmxlRGlwbG9tYSJdLCJAY29udGV4dCI6WyJodHRwczovL3d3dy53My5vcmcvMjAxOC9jcmVkZW50aWFscy92MSJdLCJpZCI6InVybjp1dWlkOmM1ZGZiYzI1LTAyZTktNGY5Yi1iNjI5LWI2ZmM5MGQyYjBkNCIsImlzc3VlciI6ImRpZDprZXk6ejZNa25UNUZpRXJpZWRWR01ZS0s5NndhblF6RmpxMllWWFpLNFBhMktvSnJ1aWJSIiwiaXNzdWFuY2VEYXRlIjoiMjAyNC0wOS0xMlQwOTozOTozN1oiLCJpc3N1ZWQiOiIyMDI0LTA5LTEyVDA5OjM5OjM3WiIsInZhbGlkRnJvbSI6IjIwMjQtMDktMTJUMDk6Mzk6MzdaIiwiZXhwaXJhdGlvbkRhdGUiOiIyMDIyLTA4LTMxVDAwOjAwOjAwWiIsImNyZWRlbnRpYWxTY2hlbWEiOnsiaWQiOiJodHRwczovL3Jhdy5naXRodWJ1c2VyY29udGVudC5jb20vd2FsdC1pZC93YWx0aWQtc3Npa2l0LXZjbGliL21hc3Rlci9zcmMvdGVzdC9yZXNvdXJjZXMvc2NoZW1hcy9WZXJpZmlhYmxlRGlwbG9tYS5qc29uIiwidHlwZSI6Ikpzb25TY2hlbWFWYWxpZGF0b3IyMDE4In0sImNyZWRlbnRpYWxTdWJqZWN0Ijp7ImlkIjoiZGlkOmtleTp6Nk1rblQ1RmlFcmllZFZHTVlLSzk2d2FuUXpGanEyWVZYWks0UGEyS29KcnVpYlIiLCJhd2FyZGluZ09wcG9ydHVuaXR5Ijp7ImF3YXJkaW5nQm9keSI6eyJlaWRhc0xlZ2FsSWRlbnRpZmllciI6IlVua25vd24iLCJob21lcGFnZSI6Imh0dHBzOi8vbGVhc3Rvbi5iY2RpcGxvbWEuY29tLyIsImlkIjoiZGlkOmVic2k6MkE5Qlo5U1VlNkJhdGFjU3B2czFWNUNkakh2THBRN2JFc2kySmI2TGRIS25ReGFOIiwicHJlZmVycmVkTmFtZSI6IkxlYXN0b24gVW5pdmVyc2l0eSIsInJlZ2lzdHJhdGlvbiI6IjA1OTcwNjVKIn0sImVuZGVkQXRUaW1lIjoiMjAyMC0wNi0yNlQwMDowMDowMFoiLCJpZCI6Imh0dHBzOi8vbGVhc3Rvbi5iY2RpcGxvbWEuY29tL2xhdy1lY29ub21pY3MtbWFuYWdlbWVudCNBd2FyZGluZ09wcG9ydHVuaXR5IiwiaWRlbnRpZmllciI6Imh0dHBzOi8vY2VydGlmaWNhdGUtZGVtby5iY2RpcGxvbWEuY29tL2NoZWNrLzg3RUQyRjIyNzBFNkM0MTQ1NkU5NEI4NkI5RDkxMTVCNEUzNUJDQ0FEMjAwQTQ5Qjg0NjU5MkMxNEY3OUM4NkJWMUZuYmxsdGEwTlpUbkprUjNsRFdsUm1URGxTUlVKRVZGWklTbU5tWXpKaFVVNXNaVUo1WjJGSlNIcFdibVpaIiwibG9jYXRpb24iOiJGUkFOQ0UiLCJzdGFydGVkQXRUaW1lIjoiMjAxOS0wOS0wMlQwMDowMDowMFoifSwiZGF0ZU9mQmlydGgiOiIxOTkzLTA0LTA4IiwiZmFtaWx5TmFtZSI6IkRPRSIsImdpdmVuTmFtZXMiOiJKYW5lIiwiZ3JhZGluZ1NjaGVtZSI6eyJpZCI6Imh0dHBzOi8vbGVhc3Rvbi5iY2RpcGxvbWEuY29tL2xhdy1lY29ub21pY3MtbWFuYWdlbWVudCNHcmFkaW5nU2NoZW1lIiwidGl0bGUiOiJMb3dlciBTZWNvbmQtQ2xhc3MgSG9ub3VycyJ9LCJpZGVudGlmaWVyIjoiMDkwNDAwODA4NEgiLCJsZWFybmluZ0FjaGlldmVtZW50Ijp7ImFkZGl0aW9uYWxOb3RlIjpbIkRJU1RSSUJVVElPTiBNQU5BR0VNRU5UIl0sImRlc2NyaXB0aW9uIjoiTUFSS0VUSU5HIEFORCBTQUxFUyIsImlkIjoiaHR0cHM6Ly9sZWFzdG9uLmJjZGlwbG9tYS5jb20vbGF3LWVjb25vbWljcy1tYW5hZ2VtZW50I0xlYXJuaW5nQWNoaWV2bWVudCIsInRpdGxlIjoiTUFTVEVSUyBMQVcsIEVDT05PTUlDUyBBTkQgTUFOQUdFTUVOVCJ9LCJsZWFybmluZ1NwZWNpZmljYXRpb24iOnsiZWN0c0NyZWRpdFBvaW50cyI6MTIwLCJlcWZMZXZlbCI6NywiaWQiOiJodHRwczovL2xlYXN0b24uYmNkaXBsb21hLmNvbS9sYXctZWNvbm9taWNzLW1hbmFnZW1lbnQjTGVhcm5pbmdTcGVjaWZpY2F0aW9uIiwiaXNjZWRmQ29kZSI6WyI3Il0sIm5xZkxldmVsIjpbIjciXX19LCJjcmVkZW50aWFsU3RhdHVzIjp7ImlkIjoiaHR0cHM6Ly9lc3NpZi5ldXJvcGEuZXUvc3RhdHVzL2VkdWNhdGlvbiNoaWdoZXJFZHVjYXRpb24jMzkyYWM3ZjYtMzk5YS00MzdiLWEyNjgtNDY5MWVhZDhmMTc2IiwidHlwZSI6IkNyZWRlbnRpYWxTdGF0dXNMaXN0MjAyMCJ9LCJldmlkZW5jZSI6eyJkb2N1bWVudFByZXNlbmNlIjpbIlBoeXNpY2FsIl0sImV2aWRlbmNlRG9jdW1lbnQiOlsiUGFzc3BvcnQiXSwiaWQiOiJodHRwczovL2Vzc2lmLmV1cm9wYS5ldS90c3ItdmEvZXZpZGVuY2UvZjJhZWVjOTctZmMwZC00MmJmLThjYTctMDU0ODE5MmQ1Njc4Iiwic3ViamVjdFByZXNlbmNlIjoiUGh5c2ljYWwiLCJ0eXBlIjpbIkRvY3VtZW50VmVyaWZpY2F0aW9uIl0sInZlcmlmaWVyIjoiZGlkOmVic2k6Mjk2MmZiNzg0ZGY2MWJhYTI2N2M4MTMyNDk3NTM5ZjhjNjc0YjM3YzEyNDRhN2EifX0sImp0aSI6InVybjp1dWlkOmM1ZGZiYzI1LTAyZTktNGY5Yi1iNjI5LWI2ZmM5MGQyYjBkNCJ9.7gBGtu6zlMkJaBqITabdT-o5fpL6iK4ILD0hKMln0jn4tiG-Ek-bCCbwoz70Vp-vjzR0EHD_8IcJGHOksDT-Cw
2183 [pool-1-thread-1 @coroutine#79] DEBUG id.walt.model.DidUrl - Trying to create DidUrl from URL: "did:key:z6MknT5FiEriedVGMYKK96wanQzFjq2YVXZK4Pa2KoJruibR#z6MknT5FiEriedVGMYKK96wanQzFjq2YVXZK4Pa2KoJruibR"...
2183 [pool-1-thread-1 @coroutine#79] DEBUG id.walt.model.DidUrl - Trying to create DidUrl from URL: "did:key:z6MknT5FiEriedVGMYKK96wanQzFjq2YVXZK4Pa2KoJruibR#z6MknT5FiEriedVGMYKK96wanQzFjq2YVXZK4Pa2KoJruibR"...
2183 [pool-1-thread-1 @coroutine#79] DEBUG id.walt.services.did.DidService - Loading or resolving "did:key:z6MknT5FiEriedVGMYKK96wanQzFjq2YVXZK4Pa2KoJruibR"...
2183 [pool-1-thread-1 @coroutine#79] DEBUG id.walt.model.DidUrl - Trying to create DidUrl from URL: "did:key:z6MknT5FiEriedVGMYKK96wanQzFjq2YVXZK4Pa2KoJruibR"...
2183 [pool-1-thread-1 @coroutine#79] DEBUG id.walt.services.did.DidService - loadOrResolve: url=DidUrl(method=key, identifier=z6MknT5FiEriedVGMYKK96wanQzFjq2YVXZK4Pa2KoJruibR, fragment=z6MknT5FiEriedVGMYKK96wanQzFjq2YVXZK4Pa2KoJruibR, query=null), length of stored=1639
2184 [pool-1-thread-1 @coroutine#79] DEBUG id.walt.model.DidUrl - Trying to create DidUrl from URL: "did:key:z6MknT5FiEriedVGMYKK96wanQzFjq2YVXZK4Pa2KoJruibR"...
2188 [pool-1-thread-1 @coroutine#79] DEBUG id.walt.services.keystore.HKVKeyStoreService - Loading key "did:key:z6MknT5FiEriedVGMYKK96wanQzFjq2YVXZK4Pa2KoJruibR#z6MknT5FiEriedVGMYKK96wanQzFjq2YVXZK4Pa2KoJruibR".
2232 [pool-1-thread-1 @coroutine#79] DEBUG id.walt.services.jwt.WaltIdJwtService - JWT verified returned:  true (with key: f0a72a36f385406a90fb815fabf982ae)
2233 [pool-1-thread-1 @coroutine#79] DEBUG id.walt.auditor.VerificationPolicy - VC [VerifiableCredential, VerifiableAttestation, VerifiableDiploma] passes policy SignaturePolicy: passed
2233 [pool-1-thread-1 @coroutine#79] DEBUG id.walt.auditor.Auditor - Verifying vc with JsonSchemaPolicy ...
2263 [pool-1-thread-1 @coroutine#79] DEBUG id.walt.auditor.VerificationPolicy - VC [VerifiableCredential, VerifiableAttestation, VerifiableDiploma] passes policy JsonSchemaPolicy: passed
2272 [pool-1-thread-1 @coroutine#83] DEBUG id.walt.services.keystore.HKVKeyStoreService - Storing key "e4c2dfb17e2f4c51ad9a7c37caa45cf2".
2272 [pool-1-thread-1 @coroutine#83] DEBUG id.walt.services.keystore.HKVKeyStoreService - Loading key "e4c2dfb17e2f4c51ad9a7c37caa45cf2".
2273 [pool-1-thread-1 @coroutine#83] DEBUG id.walt.model.DidUrl - Trying to create DidUrl from URL: "did:key:z6MkmuPdrow1QujN3WNAbi9o1A2d66x5QRkr89M1uR98f7Bq"...
2274 [pool-1-thread-1 @coroutine#83] DEBUG id.walt.services.keystore.HKVKeyStoreService - Loading key "e4c2dfb17e2f4c51ad9a7c37caa45cf2".
2274 [pool-1-thread-1 @coroutine#83] DEBUG id.walt.services.did.DidService - A key with the id "e4c2dfb17e2f4c51ad9a7c37caa45cf2" exists.
2274 [pool-1-thread-1 @coroutine#83] DEBUG id.walt.model.DidUrl - Trying to create DidUrl from URL: "did:key:z6MkmuPdrow1QujN3WNAbi9o1A2d66x5QRkr89M1uR98f7Bq"...
2275 [pool-1-thread-1 @coroutine#83] DEBUG id.walt.model.DidUrl - Trying to create DidUrl from URL: "did:key:z6MkmuPdrow1QujN3WNAbi9o1A2d66x5QRkr89M1uR98f7Bq"...
2276 [pool-1-thread-1 @coroutine#83] DEBUG id.walt.model.DidUrl - Trying to create DidUrl from URL: "did:key:z6MkmuPdrow1QujN3WNAbi9o1A2d66x5QRkr89M1uR98f7Bq"...
2277 [pool-1-thread-1 @coroutine#83] DEBUG id.walt.model.DidUrl - Trying to create DidUrl from URL: "did:key:z6MkmuPdrow1QujN3WNAbi9o1A2d66x5QRkr89M1uR98f7Bq"...
2277 [pool-1-thread-1 @coroutine#83] DEBUG id.walt.model.DidUrl - Trying to create DidUrl from URL: "did:key:z6MkmuPdrow1QujN3WNAbi9o1A2d66x5QRkr89M1uR98f7Bq"...
2277 [pool-1-thread-1 @coroutine#83] DEBUG id.walt.signatory.WaltIdSignatory - Signing credential with proof using LD_PROOF...
2277 [pool-1-thread-1 @coroutine#83] DEBUG id.walt.signatory.WaltIdSignatory - Signing credential with proof using LD_PROOF, credential is: {"type":["VerifiableCredential","VerifiableAttestation","VerifiableDiploma"],"@context":["https://www.w3.org/2018/credentials/v1"],"id":"urn:uuid:f84b918f-19db-4fbd-b116-87a14303c76b","issuer":"did:key:z6MkmuPdrow1QujN3WNAbi9o1A2d66x5QRkr89M1uR98f7Bq","issuanceDate":"2024-09-12T09:39:37Z","issued":"2024-09-12T09:39:37Z","validFrom":"2024-09-12T09:39:37Z","expirationDate":"2022-08-31T00:00:00Z","credentialSchema":{"id":"https://raw.githubusercontent.com/walt-id/waltid-ssikit-vclib/master/src/test/resources/schemas/VerifiableDiploma.json","type":"JsonSchemaValidator2018"},"credentialSubject":{"id":"did:key:z6MkmuPdrow1QujN3WNAbi9o1A2d66x5QRkr89M1uR98f7Bq","awardingOpportunity":{"awardingBody":{"eidasLegalIdentifier":"Unknown","homepage":"https://leaston.bcdiploma.com/","id":"did:ebsi:2A9BZ9SUe6BatacSpvs1V5CdjHvLpQ7bEsi2Jb6LdHKnQxaN","preferredName":"Leaston University","registration":"0597065J"},"endedAtTime":"2020-06-26T00:00:00Z","id":"https://leaston.bcdiploma.com/law-economics-management#AwardingOpportunity","identifier":"https://certificate-demo.bcdiploma.com/check/87ED2F2270E6C41456E94B86B9D9115B4E35BCCAD200A49B846592C14F79C86BV1Fnbllta0NZTnJkR3lDWlRmTDlSRUJEVFZISmNmYzJhUU5sZUJ5Z2FJSHpWbmZZ","location":"FRANCE","startedAtTime":"2019-09-02T00:00:00Z"},"dateOfBirth":"1993-04-08","familyName":"DOE","givenNames":"Jane","gradingScheme":{"id":"https://leaston.bcdiploma.com/law-economics-management#GradingScheme","title":"Lower Second-Class Honours"},"identifier":"0904008084H","learningAchievement":{"additionalNote":["DISTRIBUTION MANAGEMENT"],"description":"MARKETING AND SALES","id":"https://leaston.bcdiploma.com/law-economics-management#LearningAchievment","title":"MASTERS LAW, ECONOMICS AND MANAGEMENT"},"learningSpecification":{"ectsCreditPoints":120,"eqfLevel":7,"id":"https://leaston.bcdiploma.com/law-economics-management#LearningSpecification","iscedfCode":["7"],"nqfLevel":["7"]}},"credentialStatus":{"id":"https://essif.europa.eu/status/education#higherEducation#392ac7f6-399a-437b-a268-4691ead8f176","type":"CredentialStatusList2020"},"evidence":{"documentPresence":["Physical"],"evidenceDocument":["Passport"],"id":"https://essif.europa.eu/tsr-va/evidence/f2aeec97-fc0d-42bf-8ca7-0548192d5678","subjectPresence":"Physical","type":["DocumentVerification"],"verifier":"did:ebsi:2962fb784df61baa267c8132497539f8c674b37c1244a7a"}}
2277 [pool-1-thread-1 @coroutine#83] DEBUG id.walt.services.vc.WaltIdJsonLdCredentialService - Signing jsonLd object with: issuerDid (did:key:z6MkmuPdrow1QujN3WNAbi9o1A2d66x5QRkr89M1uR98f7Bq), domain (null), nonce (null
2277 [pool-1-thread-1 @coroutine#83] DEBUG id.walt.services.keystore.HKVKeyStoreService - Loading key "did:key:z6MkmuPdrow1QujN3WNAbi9o1A2d66x5QRkr89M1uR98f7Bq#z6MkmuPdrow1QujN3WNAbi9o1A2d66x5QRkr89M1uR98f7Bq".
2277 [pool-1-thread-1 @coroutine#83] DEBUG id.walt.services.vc.WaltIdJsonLdCredentialService - Signing: {"type":["VerifiableCredential","VerifiableAttestation","VerifiableDiploma"],"@context":["https://www.w3.org/2018/credentials/v1"],"id":"urn:uuid:f84b918f-19db-4fbd-b116-87a14303c76b","issuer":"did:key:z6MkmuPdrow1QujN3WNAbi9o1A2d66x5QRkr89M1uR98f7Bq","issuanceDate":"2024-09-12T09:39:37Z","issued":"2024-09-12T09:39:37Z","validFrom":"2024-09-12T09:39:37Z","expirationDate":"2022-08-31T00:00:00Z","credentialSchema":{"id":"https://raw.githubusercontent.com/walt-id/waltid-ssikit-vclib/master/src/test/resources/schemas/VerifiableDiploma.json","type":"JsonSchemaValidator2018"},"credentialSubject":{"id":"did:key:z6MkmuPdrow1QujN3WNAbi9o1A2d66x5QRkr89M1uR98f7Bq","awardingOpportunity":{"awardingBody":{"eidasLegalIdentifier":"Unknown","homepage":"https://leaston.bcdiploma.com/","id":"did:ebsi:2A9BZ9SUe6BatacSpvs1V5CdjHvLpQ7bEsi2Jb6LdHKnQxaN","preferredName":"Leaston University","registration":"0597065J"},"endedAtTime":"2020-06-26T00:00:00Z","id":"https://leaston.bcdiploma.com/law-economics-management#AwardingOpportunity","identifier":"https://certificate-demo.bcdiploma.com/check/87ED2F2270E6C41456E94B86B9D9115B4E35BCCAD200A49B846592C14F79C86BV1Fnbllta0NZTnJkR3lDWlRmTDlSRUJEVFZISmNmYzJhUU5sZUJ5Z2FJSHpWbmZZ","location":"FRANCE","startedAtTime":"2019-09-02T00:00:00Z"},"dateOfBirth":"1993-04-08","familyName":"DOE","givenNames":"Jane","gradingScheme":{"id":"https://leaston.bcdiploma.com/law-economics-management#GradingScheme","title":"Lower Second-Class Honours"},"identifier":"0904008084H","learningAchievement":{"additionalNote":["DISTRIBUTION MANAGEMENT"],"description":"MARKETING AND SALES","id":"https://leaston.bcdiploma.com/law-economics-management#LearningAchievment","title":"MASTERS LAW, ECONOMICS AND MANAGEMENT"},"learningSpecification":{"ectsCreditPoints":120,"eqfLevel":7,"id":"https://leaston.bcdiploma.com/law-economics-management#LearningSpecification","iscedfCode":["7"],"nqfLevel":["7"]}},"credentialStatus":{"id":"https://essif.europa.eu/status/education#higherEducation#392ac7f6-399a-437b-a268-4691ead8f176","type":"CredentialStatusList2020"},"evidence":{"documentPresence":["Physical"],"evidenceDocument":["Passport"],"id":"https://essif.europa.eu/tsr-va/evidence/f2aeec97-fc0d-42bf-8ca7-0548192d5678","subjectPresence":"Physical","type":["DocumentVerification"],"verifier":"did:ebsi:2962fb784df61baa267c8132497539f8c674b37c1244a7a"}}
Sep 12, 2024 11:39:37 AM com.apicatalog.jsonld.deseralization.JsonLdToRdf build
WARNING: Non well-formed subject [https://essif.europa.eu/status/education#higherEducation#392ac7f6-399a-437b-a268-4691ead8f176] has been skipped.
2281 [pool-1-thread-1 @coroutine#83] DEBUG id.walt.services.keystore.HKVKeyStoreService - Loading key "e4c2dfb17e2f4c51ad9a7c37caa45cf2".
2281 [pool-1-thread-1 @coroutine#83] DEBUG id.walt.services.keystore.HKVKeyStoreService - Loading key "e4c2dfb17e2f4c51ad9a7c37caa45cf2".
2281 [pool-1-thread-1 @coroutine#83] DEBUG id.walt.services.keystore.HKVKeyStoreService - Loading key "e4c2dfb17e2f4c51ad9a7c37caa45cf2".
2282 [pool-1-thread-1 @coroutine#83] DEBUG id.walt.signatory.WaltIdSignatory - Signed VC is: {
  "type" : [ "VerifiableCredential", "VerifiableAttestation", "VerifiableDiploma" ],
  "@context" : [ "https://www.w3.org/2018/credentials/v1", "https://w3id.org/security/suites/jws-2020/v1" ],
  "id" : "urn:uuid:f84b918f-19db-4fbd-b116-87a14303c76b",
  "issuer" : "did:key:z6MkmuPdrow1QujN3WNAbi9o1A2d66x5QRkr89M1uR98f7Bq",
  "issuanceDate" : "2024-09-12T09:39:37Z",
  "issued" : "2024-09-12T09:39:37Z",
  "validFrom" : "2024-09-12T09:39:37Z",
  "expirationDate" : "2022-08-31T00:00:00Z",
  "credentialSchema" : {
    "id" : "https://raw.githubusercontent.com/walt-id/waltid-ssikit-vclib/master/src/test/resources/schemas/VerifiableDiploma.json",
    "type" : "JsonSchemaValidator2018"
  },
  "credentialSubject" : {
    "id" : "did:key:z6MkmuPdrow1QujN3WNAbi9o1A2d66x5QRkr89M1uR98f7Bq",
    "awardingOpportunity" : {
      "awardingBody" : {
        "eidasLegalIdentifier" : "Unknown",
        "homepage" : "https://leaston.bcdiploma.com/",
        "id" : "did:ebsi:2A9BZ9SUe6BatacSpvs1V5CdjHvLpQ7bEsi2Jb6LdHKnQxaN",
        "preferredName" : "Leaston University",
        "registration" : "0597065J"
      },
      "endedAtTime" : "2020-06-26T00:00:00Z",
      "id" : "https://leaston.bcdiploma.com/law-economics-management#AwardingOpportunity",
      "identifier" : "https://certificate-demo.bcdiploma.com/check/87ED2F2270E6C41456E94B86B9D9115B4E35BCCAD200A49B846592C14F79C86BV1Fnbllta0NZTnJkR3lDWlRmTDlSRUJEVFZISmNmYzJhUU5sZUJ5Z2FJSHpWbmZZ",
      "location" : "FRANCE",
      "startedAtTime" : "2019-09-02T00:00:00Z"
    },
    "dateOfBirth" : "1993-04-08",
    "familyName" : "DOE",
    "givenNames" : "Jane",
    "gradingScheme" : {
      "id" : "https://leaston.bcdiploma.com/law-economics-management#GradingScheme",
      "title" : "Lower Second-Class Honours"
    },
    "identifier" : "0904008084H",
    "learningAchievement" : {
      "additionalNote" : [ "DISTRIBUTION MANAGEMENT" ],
      "description" : "MARKETING AND SALES",
      "id" : "https://leaston.bcdiploma.com/law-economics-management#LearningAchievment",
      "title" : "MASTERS LAW, ECONOMICS AND MANAGEMENT"
    },
    "learningSpecification" : {
      "ectsCreditPoints" : 120,
      "eqfLevel" : 7,
      "id" : "https://leaston.bcdiploma.com/law-economics-management#LearningSpecification",
      "iscedfCode" : [ "7" ],
      "nqfLevel" : [ "7" ]
    }
  },
  "credentialStatus" : {
    "id" : "https://essif.europa.eu/status/education#higherEducation#392ac7f6-399a-437b-a268-4691ead8f176",
    "type" : "CredentialStatusList2020"
  },
  "evidence" : {
    "documentPresence" : [ "Physical" ],
    "evidenceDocument" : [ "Passport" ],
    "id" : "https://essif.europa.eu/tsr-va/evidence/f2aeec97-fc0d-42bf-8ca7-0548192d5678",
    "subjectPresence" : "Physical",
    "type" : [ "DocumentVerification" ],
    "verifier" : "did:ebsi:2962fb784df61baa267c8132497539f8c674b37c1244a7a"
  },
  "proof" : {
    "type" : "JsonWebSignature2020",
    "creator" : "did:key:z6MkmuPdrow1QujN3WNAbi9o1A2d66x5QRkr89M1uR98f7Bq",
    "created" : "2024-09-12T09:39:37Z",
    "proofPurpose" : "assertionMethod",
    "verificationMethod" : "did:key:z6MkmuPdrow1QujN3WNAbi9o1A2d66x5QRkr89M1uR98f7Bq#z6MkmuPdrow1QujN3WNAbi9o1A2d66x5QRkr89M1uR98f7Bq",
    "jws" : "eyJiNjQiOmZhbHNlLCJjcml0IjpbImI2NCJdLCJhbGciOiJFZERTQSJ9..p7MbrNTM4K5ShCYA_Bch3O02SCjZ1noHEZcDEiMBxkSFbcZJM-ruZWlo8UA7FL6bM2DVxytXkkKw0O30sRo6Cg"
  }
}
2282 [pool-1-thread-1 @coroutine#83] DEBUG id.walt.services.vc.WaltIdJsonLdCredentialService - Creating a presentation for VCs:
[PresentableCredential(verifiableCredential={"type":["VerifiableCredential","VerifiableAttestation","VerifiableDiploma"],"@context":["https://www.w3.org/2018/credentials/v1","https://w3id.org/security/suites/jws-2020/v1"],"id":"urn:uuid:f84b918f-19db-4fbd-b116-87a14303c76b","issuer":"did:key:z6MkmuPdrow1QujN3WNAbi9o1A2d66x5QRkr89M1uR98f7Bq","issuanceDate":"2024-09-12T09:39:37Z","issued":"2024-09-12T09:39:37Z","validFrom":"2024-09-12T09:39:37Z","expirationDate":"2022-08-31T00:00:00Z","proof":{"type":"JsonWebSignature2020","creator":"did:key:z6MkmuPdrow1QujN3WNAbi9o1A2d66x5QRkr89M1uR98f7Bq","created":"2024-09-12T09:39:37Z","proofPurpose":"assertionMethod","verificationMethod":"did:key:z6MkmuPdrow1QujN3WNAbi9o1A2d66x5QRkr89M1uR98f7Bq#z6MkmuPdrow1QujN3WNAbi9o1A2d66x5QRkr89M1uR98f7Bq","jws":"eyJiNjQiOmZhbHNlLCJjcml0IjpbImI2NCJdLCJhbGciOiJFZERTQSJ9..p7MbrNTM4K5ShCYA_Bch3O02SCjZ1noHEZcDEiMBxkSFbcZJM-ruZWlo8UA7FL6bM2DVxytXkkKw0O30sRo6Cg"},"credentialSchema":{"id":"https://raw.githubusercontent.com/walt-id/waltid-ssikit-vclib/master/src/test/resources/schemas/VerifiableDiploma.json","type":"JsonSchemaValidator2018"},"credentialSubject":{"id":"did:key:z6MkmuPdrow1QujN3WNAbi9o1A2d66x5QRkr89M1uR98f7Bq","awardingOpportunity":{"awardingBody":{"eidasLegalIdentifier":"Unknown","homepage":"https://leaston.bcdiploma.com/","id":"did:ebsi:2A9BZ9SUe6BatacSpvs1V5CdjHvLpQ7bEsi2Jb6LdHKnQxaN","preferredName":"Leaston University","registration":"0597065J"},"endedAtTime":"2020-06-26T00:00:00Z","id":"https://leaston.bcdiploma.com/law-economics-management#AwardingOpportunity","identifier":"https://certificate-demo.bcdiploma.com/check/87ED2F2270E6C41456E94B86B9D9115B4E35BCCAD200A49B846592C14F79C86BV1Fnbllta0NZTnJkR3lDWlRmTDlSRUJEVFZISmNmYzJhUU5sZUJ5Z2FJSHpWbmZZ","location":"FRANCE","startedAtTime":"2019-09-02T00:00:00Z"},"dateOfBirth":"1993-04-08","familyName":"DOE","givenNames":"Jane","gradingScheme":{"id":"https://leaston.bcdiploma.com/law-economics-management#GradingScheme","title":"Lower Second-Class Honours"},"identifier":"0904008084H","learningAchievement":{"additionalNote":["DISTRIBUTION MANAGEMENT"],"description":"MARKETING AND SALES","id":"https://leaston.bcdiploma.com/law-economics-management#LearningAchievment","title":"MASTERS LAW, ECONOMICS AND MANAGEMENT"},"learningSpecification":{"ectsCreditPoints":120,"eqfLevel":7,"id":"https://leaston.bcdiploma.com/law-economics-management#LearningSpecification","iscedfCode":["7"],"nqfLevel":["7"]}},"credentialStatus":{"id":"https://essif.europa.eu/status/education#higherEducation#392ac7f6-399a-437b-a268-4691ead8f176","type":"CredentialStatusList2020"},"evidence":{"documentPresence":["Physical"],"evidenceDocument":["Passport"],"id":"https://essif.europa.eu/tsr-va/evidence/f2aeec97-fc0d-42bf-8ca7-0548192d5678","subjectPresence":"Physical","type":["DocumentVerification"],"verifier":"did:ebsi:2962fb784df61baa267c8132497539f8c674b37c1244a7a"}}, selectiveDisclosure=null, discloseAll=false)]
2282 [pool-1-thread-1 @coroutine#83] DEBUG id.walt.model.DidUrl - Trying to create DidUrl from URL: "did:key:z6MkmuPdrow1QujN3WNAbi9o1A2d66x5QRkr89M1uR98f7Bq"...
2282 [pool-1-thread-1 @coroutine#83] DEBUG id.walt.services.vc.WaltIdJsonLdCredentialService - Signing jsonLd object with: issuerDid (did:key:z6MkmuPdrow1QujN3WNAbi9o1A2d66x5QRkr89M1uR98f7Bq), domain (https://api-pilot.ebsi.eu), nonce (d04442d3-661f-411e-a80f-42f19f594c9d
2283 [pool-1-thread-1 @coroutine#83] DEBUG id.walt.services.keystore.HKVKeyStoreService - Loading key "did:key:z6MkmuPdrow1QujN3WNAbi9o1A2d66x5QRkr89M1uR98f7Bq#z6MkmuPdrow1QujN3WNAbi9o1A2d66x5QRkr89M1uR98f7Bq".
2283 [pool-1-thread-1 @coroutine#83] DEBUG id.walt.services.vc.WaltIdJsonLdCredentialService - Signing: {"type":["VerifiablePresentation"],"@context":["https://www.w3.org/2018/credentials/v1"],"id":"urn:uuid:ec5ab1ee-9b47-4830-9b44-ab6d2c678957","holder":"did:key:z6MkmuPdrow1QujN3WNAbi9o1A2d66x5QRkr89M1uR98f7Bq","verifiableCredential":[{"type":["VerifiableCredential","VerifiableAttestation","VerifiableDiploma"],"@context":["https://www.w3.org/2018/credentials/v1","https://w3id.org/security/suites/jws-2020/v1"],"id":"urn:uuid:f84b918f-19db-4fbd-b116-87a14303c76b","issuer":"did:key:z6MkmuPdrow1QujN3WNAbi9o1A2d66x5QRkr89M1uR98f7Bq","issuanceDate":"2024-09-12T09:39:37Z","issued":"2024-09-12T09:39:37Z","validFrom":"2024-09-12T09:39:37Z","expirationDate":"2022-08-31T00:00:00Z","proof":{"type":"JsonWebSignature2020","creator":"did:key:z6MkmuPdrow1QujN3WNAbi9o1A2d66x5QRkr89M1uR98f7Bq","created":"2024-09-12T09:39:37Z","proofPurpose":"assertionMethod","verificationMethod":"did:key:z6MkmuPdrow1QujN3WNAbi9o1A2d66x5QRkr89M1uR98f7Bq#z6MkmuPdrow1QujN3WNAbi9o1A2d66x5QRkr89M1uR98f7Bq","jws":"eyJiNjQiOmZhbHNlLCJjcml0IjpbImI2NCJdLCJhbGciOiJFZERTQSJ9..p7MbrNTM4K5ShCYA_Bch3O02SCjZ1noHEZcDEiMBxkSFbcZJM-ruZWlo8UA7FL6bM2DVxytXkkKw0O30sRo6Cg"},"credentialSchema":{"id":"https://raw.githubusercontent.com/walt-id/waltid-ssikit-vclib/master/src/test/resources/schemas/VerifiableDiploma.json","type":"JsonSchemaValidator2018"},"credentialSubject":{"id":"did:key:z6MkmuPdrow1QujN3WNAbi9o1A2d66x5QRkr89M1uR98f7Bq","awardingOpportunity":{"awardingBody":{"eidasLegalIdentifier":"Unknown","homepage":"https://leaston.bcdiploma.com/","id":"did:ebsi:2A9BZ9SUe6BatacSpvs1V5CdjHvLpQ7bEsi2Jb6LdHKnQxaN","preferredName":"Leaston University","registration":"0597065J"},"endedAtTime":"2020-06-26T00:00:00Z","id":"https://leaston.bcdiploma.com/law-economics-management#AwardingOpportunity","identifier":"https://certificate-demo.bcdiploma.com/check/87ED2F2270E6C41456E94B86B9D9115B4E35BCCAD200A49B846592C14F79C86BV1Fnbllta0NZTnJkR3lDWlRmTDlSRUJEVFZISmNmYzJhUU5sZUJ5Z2FJSHpWbmZZ","location":"FRANCE","startedAtTime":"2019-09-02T00:00:00Z"},"dateOfBirth":"1993-04-08","familyName":"DOE","givenNames":"Jane","gradingScheme":{"id":"https://leaston.bcdiploma.com/law-economics-management#GradingScheme","title":"Lower Second-Class Honours"},"identifier":"0904008084H","learningAchievement":{"additionalNote":["DISTRIBUTION MANAGEMENT"],"description":"MARKETING AND SALES","id":"https://leaston.bcdiploma.com/law-economics-management#LearningAchievment","title":"MASTERS LAW, ECONOMICS AND MANAGEMENT"},"learningSpecification":{"ectsCreditPoints":120,"eqfLevel":7,"id":"https://leaston.bcdiploma.com/law-economics-management#LearningSpecification","iscedfCode":["7"],"nqfLevel":["7"]}},"credentialStatus":{"id":"https://essif.europa.eu/status/education#higherEducation#392ac7f6-399a-437b-a268-4691ead8f176","type":"CredentialStatusList2020"},"evidence":{"documentPresence":["Physical"],"evidenceDocument":["Passport"],"id":"https://essif.europa.eu/tsr-va/evidence/f2aeec97-fc0d-42bf-8ca7-0548192d5678","subjectPresence":"Physical","type":["DocumentVerification"],"verifier":"did:ebsi:2962fb784df61baa267c8132497539f8c674b37c1244a7a"}}]}
Sep 12, 2024 11:39:37 AM com.apicatalog.jsonld.deseralization.JsonLdToRdf build
WARNING: Non well-formed subject [https://essif.europa.eu/status/education#higherEducation#392ac7f6-399a-437b-a268-4691ead8f176] has been skipped.
2287 [pool-1-thread-1 @coroutine#83] DEBUG id.walt.services.keystore.HKVKeyStoreService - Loading key "e4c2dfb17e2f4c51ad9a7c37caa45cf2".
2287 [pool-1-thread-1 @coroutine#83] DEBUG id.walt.services.keystore.HKVKeyStoreService - Loading key "e4c2dfb17e2f4c51ad9a7c37caa45cf2".
2287 [pool-1-thread-1 @coroutine#83] DEBUG id.walt.services.keystore.HKVKeyStoreService - Loading key "e4c2dfb17e2f4c51ad9a7c37caa45cf2".
2288 [pool-1-thread-1 @coroutine#83] DEBUG id.walt.services.vc.WaltIdJsonLdCredentialService - VP created:{
  "type" : [ "VerifiablePresentation" ],
  "@context" : [ "https://www.w3.org/2018/credentials/v1", "https://w3id.org/security/suites/jws-2020/v1" ],
  "id" : "urn:uuid:ec5ab1ee-9b47-4830-9b44-ab6d2c678957",
  "holder" : "did:key:z6MkmuPdrow1QujN3WNAbi9o1A2d66x5QRkr89M1uR98f7Bq",
  "verifiableCredential" : [ {
    "type" : [ "VerifiableCredential", "VerifiableAttestation", "VerifiableDiploma" ],
    "@context" : [ "https://www.w3.org/2018/credentials/v1", "https://w3id.org/security/suites/jws-2020/v1" ],
    "id" : "urn:uuid:f84b918f-19db-4fbd-b116-87a14303c76b",
    "issuer" : "did:key:z6MkmuPdrow1QujN3WNAbi9o1A2d66x5QRkr89M1uR98f7Bq",
    "issuanceDate" : "2024-09-12T09:39:37Z",
    "issued" : "2024-09-12T09:39:37Z",
    "validFrom" : "2024-09-12T09:39:37Z",
    "expirationDate" : "2022-08-31T00:00:00Z",
    "proof" : {
      "type" : "JsonWebSignature2020",
      "creator" : "did:key:z6MkmuPdrow1QujN3WNAbi9o1A2d66x5QRkr89M1uR98f7Bq",
      "created" : "2024-09-12T09:39:37Z",
      "proofPurpose" : "assertionMethod",
      "verificationMethod" : "did:key:z6MkmuPdrow1QujN3WNAbi9o1A2d66x5QRkr89M1uR98f7Bq#z6MkmuPdrow1QujN3WNAbi9o1A2d66x5QRkr89M1uR98f7Bq",
      "jws" : "eyJiNjQiOmZhbHNlLCJjcml0IjpbImI2NCJdLCJhbGciOiJFZERTQSJ9..p7MbrNTM4K5ShCYA_Bch3O02SCjZ1noHEZcDEiMBxkSFbcZJM-ruZWlo8UA7FL6bM2DVxytXkkKw0O30sRo6Cg"
    },
    "credentialSchema" : {
      "id" : "https://raw.githubusercontent.com/walt-id/waltid-ssikit-vclib/master/src/test/resources/schemas/VerifiableDiploma.json",
      "type" : "JsonSchemaValidator2018"
    },
    "credentialSubject" : {
      "id" : "did:key:z6MkmuPdrow1QujN3WNAbi9o1A2d66x5QRkr89M1uR98f7Bq",
      "awardingOpportunity" : {
        "awardingBody" : {
          "eidasLegalIdentifier" : "Unknown",
          "homepage" : "https://leaston.bcdiploma.com/",
          "id" : "did:ebsi:2A9BZ9SUe6BatacSpvs1V5CdjHvLpQ7bEsi2Jb6LdHKnQxaN",
          "preferredName" : "Leaston University",
          "registration" : "0597065J"
        },
        "endedAtTime" : "2020-06-26T00:00:00Z",
        "id" : "https://leaston.bcdiploma.com/law-economics-management#AwardingOpportunity",
        "identifier" : "https://certificate-demo.bcdiploma.com/check/87ED2F2270E6C41456E94B86B9D9115B4E35BCCAD200A49B846592C14F79C86BV1Fnbllta0NZTnJkR3lDWlRmTDlSRUJEVFZISmNmYzJhUU5sZUJ5Z2FJSHpWbmZZ",
        "location" : "FRANCE",
        "startedAtTime" : "2019-09-02T00:00:00Z"
      },
      "dateOfBirth" : "1993-04-08",
      "familyName" : "DOE",
      "givenNames" : "Jane",
      "gradingScheme" : {
        "id" : "https://leaston.bcdiploma.com/law-economics-management#GradingScheme",
        "title" : "Lower Second-Class Honours"
      },
      "identifier" : "0904008084H",
      "learningAchievement" : {
        "additionalNote" : [ "DISTRIBUTION MANAGEMENT" ],
        "description" : "MARKETING AND SALES",
        "id" : "https://leaston.bcdiploma.com/law-economics-management#LearningAchievment",
        "title" : "MASTERS LAW, ECONOMICS AND MANAGEMENT"
      },
      "learningSpecification" : {
        "ectsCreditPoints" : 120,
        "eqfLevel" : 7,
        "id" : "https://leaston.bcdiploma.com/law-economics-management#LearningSpecification",
        "iscedfCode" : [ "7" ],
        "nqfLevel" : [ "7" ]
      }
    },
    "credentialStatus" : {
      "id" : "https://essif.europa.eu/status/education#higherEducation#392ac7f6-399a-437b-a268-4691ead8f176",
      "type" : "CredentialStatusList2020"
    },
    "evidence" : {
      "documentPresence" : [ "Physical" ],
      "evidenceDocument" : [ "Passport" ],
      "id" : "https://essif.europa.eu/tsr-va/evidence/f2aeec97-fc0d-42bf-8ca7-0548192d5678",
      "subjectPresence" : "Physical",
      "type" : [ "DocumentVerification" ],
      "verifier" : "did:ebsi:2962fb784df61baa267c8132497539f8c674b37c1244a7a"
    }
  } ],
  "proof" : {
    "type" : "JsonWebSignature2020",
    "creator" : "did:key:z6MkmuPdrow1QujN3WNAbi9o1A2d66x5QRkr89M1uR98f7Bq",
    "created" : "2024-09-12T09:39:37Z",
    "domain" : "https://api-pilot.ebsi.eu",
    "nonce" : "d04442d3-661f-411e-a80f-42f19f594c9d",
    "proofPurpose" : "authentication",
    "verificationMethod" : "did:key:z6MkmuPdrow1QujN3WNAbi9o1A2d66x5QRkr89M1uR98f7Bq#z6MkmuPdrow1QujN3WNAbi9o1A2d66x5QRkr89M1uR98f7Bq",
    "jws" : "eyJiNjQiOmZhbHNlLCJjcml0IjpbImI2NCJdLCJhbGciOiJFZERTQSJ9..wFdNtbx3ZuKCMatDU_A-M1SfchV_uZnPFolkIXX-ZBP-kvkzsAeUnX0OsQlDsXKA0Pq2E9XdlvArGxJaONVxBw"
  }
}
2289 [pool-1-thread-1 @coroutine#83] DEBUG id.walt.model.DidUrl - Trying to create DidUrl from URL: "did:key:z6MkmuPdrow1QujN3WNAbi9o1A2d66x5QRkr89M1uR98f7Bq"...
2289 [pool-1-thread-1 @coroutine#83] DEBUG id.walt.model.DidUrl - Trying to create DidUrl from URL: "did:key:z6MkmuPdrow1QujN3WNAbi9o1A2d66x5QRkr89M1uR98f7Bq"...
2289 [pool-1-thread-1 @coroutine#83] DEBUG id.walt.signatory.WaltIdSignatory - Signing credential with proof using JWT...
2289 [pool-1-thread-1 @coroutine#83] DEBUG id.walt.signatory.WaltIdSignatory - Signing credential with proof using JWT, credential is: {"type":["VerifiableCredential","VerifiableAttestation","VerifiableDiploma"],"@context":["https://www.w3.org/2018/credentials/v1"],"id":"urn:uuid:10e6de90-d2e8-40f3-9c4c-ac9b0086c54f","issuer":"did:key:z6MkmuPdrow1QujN3WNAbi9o1A2d66x5QRkr89M1uR98f7Bq","issuanceDate":"2024-09-12T09:39:37Z","issued":"2024-09-12T09:39:37Z","validFrom":"2024-09-12T09:39:37Z","expirationDate":"2022-08-31T00:00:00Z","credentialSchema":{"id":"https://raw.githubusercontent.com/walt-id/waltid-ssikit-vclib/master/src/test/resources/schemas/VerifiableDiploma.json","type":"JsonSchemaValidator2018"},"credentialSubject":{"id":"did:key:z6MkmuPdrow1QujN3WNAbi9o1A2d66x5QRkr89M1uR98f7Bq","awardingOpportunity":{"awardingBody":{"eidasLegalIdentifier":"Unknown","homepage":"https://leaston.bcdiploma.com/","id":"did:ebsi:2A9BZ9SUe6BatacSpvs1V5CdjHvLpQ7bEsi2Jb6LdHKnQxaN","preferredName":"Leaston University","registration":"0597065J"},"endedAtTime":"2020-06-26T00:00:00Z","id":"https://leaston.bcdiploma.com/law-economics-management#AwardingOpportunity","identifier":"https://certificate-demo.bcdiploma.com/check/87ED2F2270E6C41456E94B86B9D9115B4E35BCCAD200A49B846592C14F79C86BV1Fnbllta0NZTnJkR3lDWlRmTDlSRUJEVFZISmNmYzJhUU5sZUJ5Z2FJSHpWbmZZ","location":"FRANCE","startedAtTime":"2019-09-02T00:00:00Z"},"dateOfBirth":"1993-04-08","familyName":"DOE","givenNames":"Jane","gradingScheme":{"id":"https://leaston.bcdiploma.com/law-economics-management#GradingScheme","title":"Lower Second-Class Honours"},"identifier":"0904008084H","learningAchievement":{"additionalNote":["DISTRIBUTION MANAGEMENT"],"description":"MARKETING AND SALES","id":"https://leaston.bcdiploma.com/law-economics-management#LearningAchievment","title":"MASTERS LAW, ECONOMICS AND MANAGEMENT"},"learningSpecification":{"ectsCreditPoints":120,"eqfLevel":7,"id":"https://leaston.bcdiploma.com/law-economics-management#LearningSpecification","iscedfCode":["7"],"nqfLevel":["7"]}},"credentialStatus":{"id":"https://essif.europa.eu/status/education#higherEducation#392ac7f6-399a-437b-a268-4691ead8f176","type":"CredentialStatusList2020"},"evidence":{"documentPresence":["Physical"],"evidenceDocument":["Passport"],"id":"https://essif.europa.eu/tsr-va/evidence/f2aeec97-fc0d-42bf-8ca7-0548192d5678","subjectPresence":"Physical","type":["DocumentVerification"],"verifier":"did:ebsi:2962fb784df61baa267c8132497539f8c674b37c1244a7a"}}
2289 [pool-1-thread-1 @coroutine#83] DEBUG id.walt.services.vc.WaltIdJwtCredentialService - Signing JWT object with config: ProofConfig(issuerDid=did:key:z6MkmuPdrow1QujN3WNAbi9o1A2d66x5QRkr89M1uR98f7Bq, subjectDid=did:key:z6MkmuPdrow1QujN3WNAbi9o1A2d66x5QRkr89M1uR98f7Bq, verifierDid=null, issuerVerificationMethod=did:key:z6MkmuPdrow1QujN3WNAbi9o1A2d66x5QRkr89M1uR98f7Bq#z6MkmuPdrow1QujN3WNAbi9o1A2d66x5QRkr89M1uR98f7Bq, proofType=JWT, domain=null, nonce=null, proofPurpose=null, credentialId=urn:uuid:10e6de90-d2e8-40f3-9c4c-ac9b0086c54f, issueDate=2024-09-12T09:39:37.509277549Z, validDate=2024-09-12T09:39:37.509280695Z, expirationDate=null, dataProviderIdentifier=null, ldSignatureType=null, creator=did:key:z6MkmuPdrow1QujN3WNAbi9o1A2d66x5QRkr89M1uR98f7Bq, ecosystem=DEFAULT, statusType=null, statusPurpose=revocation, credentialsEndpoint=null, selectiveDisclosure=null)
2289 [pool-1-thread-1 @coroutine#83] DEBUG id.walt.services.vc.WaltIdJwtCredentialService - Signing: {"sub":"did:key:z6MkmuPdrow1QujN3WNAbi9o1A2d66x5QRkr89M1uR98f7Bq","nbf":1726133977,"iss":"did:key:z6MkmuPdrow1QujN3WNAbi9o1A2d66x5QRkr89M1uR98f7Bq","iat":1726133977,"vc":{"type":["VerifiableCredential","VerifiableAttestation","VerifiableDiploma"],"@context":["https://www.w3.org/2018/credentials/v1"],"id":"urn:uuid:10e6de90-d2e8-40f3-9c4c-ac9b0086c54f","issuer":"did:key:z6MkmuPdrow1QujN3WNAbi9o1A2d66x5QRkr89M1uR98f7Bq","issuanceDate":"2024-09-12T09:39:37Z","issued":"2024-09-12T09:39:37Z","validFrom":"2024-09-12T09:39:37Z","expirationDate":"2022-08-31T00:00:00Z","credentialSchema":{"id":"https://raw.githubusercontent.com/walt-id/waltid-ssikit-vclib/master/src/test/resources/schemas/VerifiableDiploma.json","type":"JsonSchemaValidator2018"},"credentialSubject":{"id":"did:key:z6MkmuPdrow1QujN3WNAbi9o1A2d66x5QRkr89M1uR98f7Bq","awardingOpportunity":{"awardingBody":{"eidasLegalIdentifier":"Unknown","homepage":"https://leaston.bcdiploma.com/","id":"did:ebsi:2A9BZ9SUe6BatacSpvs1V5CdjHvLpQ7bEsi2Jb6LdHKnQxaN","preferredName":"Leaston University","registration":"0597065J"},"endedAtTime":"2020-06-26T00:00:00Z","id":"https://leaston.bcdiploma.com/law-economics-management#AwardingOpportunity","identifier":"https://certificate-demo.bcdiploma.com/check/87ED2F2270E6C41456E94B86B9D9115B4E35BCCAD200A49B846592C14F79C86BV1Fnbllta0NZTnJkR3lDWlRmTDlSRUJEVFZISmNmYzJhUU5sZUJ5Z2FJSHpWbmZZ","location":"FRANCE","startedAtTime":"2019-09-02T00:00:00Z"},"dateOfBirth":"1993-04-08","familyName":"DOE","givenNames":"Jane","gradingScheme":{"id":"https://leaston.bcdiploma.com/law-economics-management#GradingScheme","title":"Lower Second-Class Honours"},"identifier":"0904008084H","learningAchievement":{"additionalNote":["DISTRIBUTION MANAGEMENT"],"description":"MARKETING AND SALES","id":"https://leaston.bcdiploma.com/law-economics-management#LearningAchievment","title":"MASTERS LAW, ECONOMICS AND MANAGEMENT"},"learningSpecification":{"ectsCreditPoints":120,"eqfLevel":7,"id":"https://leaston.bcdiploma.com/law-economics-management#LearningSpecification","iscedfCode":["7"],"nqfLevel":["7"]}},"credentialStatus":{"id":"https://essif.europa.eu/status/education#higherEducation#392ac7f6-399a-437b-a268-4691ead8f176","type":"CredentialStatusList2020"},"evidence":{"documentPresence":["Physical"],"evidenceDocument":["Passport"],"id":"https://essif.europa.eu/tsr-va/evidence/f2aeec97-fc0d-42bf-8ca7-0548192d5678","subjectPresence":"Physical","type":["DocumentVerification"],"verifier":"did:ebsi:2962fb784df61baa267c8132497539f8c674b37c1244a7a"}},"jti":"urn:uuid:10e6de90-d2e8-40f3-9c4c-ac9b0086c54f"}
2290 [pool-1-thread-1 @coroutine#83] DEBUG id.walt.services.keystore.HKVKeyStoreService - Loading key "did:key:z6MkmuPdrow1QujN3WNAbi9o1A2d66x5QRkr89M1uR98f7Bq#z6MkmuPdrow1QujN3WNAbi9o1A2d66x5QRkr89M1uR98f7Bq".
2290 [pool-1-thread-1 @coroutine#83] DEBUG id.walt.services.jwt.WaltIdJwtService - Signing JWT with algorithm: EdDSA_Ed25519
2290 [pool-1-thread-1 @coroutine#83] DEBUG id.walt.model.DidUrl - Trying to create DidUrl from URL: "did:key:z6MkmuPdrow1QujN3WNAbi9o1A2d66x5QRkr89M1uR98f7Bq#z6MkmuPdrow1QujN3WNAbi9o1A2d66x5QRkr89M1uR98f7Bq"...
2290 [pool-1-thread-1 @coroutine#83] DEBUG id.walt.services.keystore.HKVKeyStoreService - Loading key "e4c2dfb17e2f4c51ad9a7c37caa45cf2".
2291 [pool-1-thread-1 @coroutine#83] DEBUG id.walt.services.jwt.WaltIdJwtService - Signed JWT:  eyJraWQiOiJkaWQ6a2V5Ono2TWttdVBkcm93MVF1ak4zV05BYmk5bzFBMmQ2Nng1UVJrcjg5TTF1Ujk4ZjdCcSN6Nk1rbXVQZHJvdzFRdWpOM1dOQWJpOW8xQTJkNjZ4NVFSa3I4OU0xdVI5OGY3QnEiLCJ0eXAiOiJKV1QiLCJhbGciOiJFZERTQSJ9.eyJzdWIiOiJkaWQ6a2V5Ono2TWttdVBkcm93MVF1ak4zV05BYmk5bzFBMmQ2Nng1UVJrcjg5TTF1Ujk4ZjdCcSIsIm5iZiI6MTcyNjEzMzk3NywiaXNzIjoiZGlkOmtleTp6Nk1rbXVQZHJvdzFRdWpOM1dOQWJpOW8xQTJkNjZ4NVFSa3I4OU0xdVI5OGY3QnEiLCJpYXQiOjE3MjYxMzM5NzcsInZjIjp7InR5cGUiOlsiVmVyaWZpYWJsZUNyZWRlbnRpYWwiLCJWZXJpZmlhYmxlQXR0ZXN0YXRpb24iLCJWZXJpZmlhYmxlRGlwbG9tYSJdLCJAY29udGV4dCI6WyJodHRwczovL3d3dy53My5vcmcvMjAxOC9jcmVkZW50aWFscy92MSJdLCJpZCI6InVybjp1dWlkOjEwZTZkZTkwLWQyZTgtNDBmMy05YzRjLWFjOWIwMDg2YzU0ZiIsImlzc3VlciI6ImRpZDprZXk6ejZNa211UGRyb3cxUXVqTjNXTkFiaTlvMUEyZDY2eDVRUmtyODlNMXVSOThmN0JxIiwiaXNzdWFuY2VEYXRlIjoiMjAyNC0wOS0xMlQwOTozOTozN1oiLCJpc3N1ZWQiOiIyMDI0LTA5LTEyVDA5OjM5OjM3WiIsInZhbGlkRnJvbSI6IjIwMjQtMDktMTJUMDk6Mzk6MzdaIiwiZXhwaXJhdGlvbkRhdGUiOiIyMDIyLTA4LTMxVDAwOjAwOjAwWiIsImNyZWRlbnRpYWxTY2hlbWEiOnsiaWQiOiJodHRwczovL3Jhdy5naXRodWJ1c2VyY29udGVudC5jb20vd2FsdC1pZC93YWx0aWQtc3Npa2l0LXZjbGliL21hc3Rlci9zcmMvdGVzdC9yZXNvdXJjZXMvc2NoZW1hcy9WZXJpZmlhYmxlRGlwbG9tYS5qc29uIiwidHlwZSI6Ikpzb25TY2hlbWFWYWxpZGF0b3IyMDE4In0sImNyZWRlbnRpYWxTdWJqZWN0Ijp7ImlkIjoiZGlkOmtleTp6Nk1rbXVQZHJvdzFRdWpOM1dOQWJpOW8xQTJkNjZ4NVFSa3I4OU0xdVI5OGY3QnEiLCJhd2FyZGluZ09wcG9ydHVuaXR5Ijp7ImF3YXJkaW5nQm9keSI6eyJlaWRhc0xlZ2FsSWRlbnRpZmllciI6IlVua25vd24iLCJob21lcGFnZSI6Imh0dHBzOi8vbGVhc3Rvbi5iY2RpcGxvbWEuY29tLyIsImlkIjoiZGlkOmVic2k6MkE5Qlo5U1VlNkJhdGFjU3B2czFWNUNkakh2THBRN2JFc2kySmI2TGRIS25ReGFOIiwicHJlZmVycmVkTmFtZSI6IkxlYXN0b24gVW5pdmVyc2l0eSIsInJlZ2lzdHJhdGlvbiI6IjA1OTcwNjVKIn0sImVuZGVkQXRUaW1lIjoiMjAyMC0wNi0yNlQwMDowMDowMFoiLCJpZCI6Imh0dHBzOi8vbGVhc3Rvbi5iY2RpcGxvbWEuY29tL2xhdy1lY29ub21pY3MtbWFuYWdlbWVudCNBd2FyZGluZ09wcG9ydHVuaXR5IiwiaWRlbnRpZmllciI6Imh0dHBzOi8vY2VydGlmaWNhdGUtZGVtby5iY2RpcGxvbWEuY29tL2NoZWNrLzg3RUQyRjIyNzBFNkM0MTQ1NkU5NEI4NkI5RDkxMTVCNEUzNUJDQ0FEMjAwQTQ5Qjg0NjU5MkMxNEY3OUM4NkJWMUZuYmxsdGEwTlpUbkprUjNsRFdsUm1URGxTUlVKRVZGWklTbU5tWXpKaFVVNXNaVUo1WjJGSlNIcFdibVpaIiwibG9jYXRpb24iOiJGUkFOQ0UiLCJzdGFydGVkQXRUaW1lIjoiMjAxOS0wOS0wMlQwMDowMDowMFoifSwiZGF0ZU9mQmlydGgiOiIxOTkzLTA0LTA4IiwiZmFtaWx5TmFtZSI6IkRPRSIsImdpdmVuTmFtZXMiOiJKYW5lIiwiZ3JhZGluZ1NjaGVtZSI6eyJpZCI6Imh0dHBzOi8vbGVhc3Rvbi5iY2RpcGxvbWEuY29tL2xhdy1lY29ub21pY3MtbWFuYWdlbWVudCNHcmFkaW5nU2NoZW1lIiwidGl0bGUiOiJMb3dlciBTZWNvbmQtQ2xhc3MgSG9ub3VycyJ9LCJpZGVudGlmaWVyIjoiMDkwNDAwODA4NEgiLCJsZWFybmluZ0FjaGlldmVtZW50Ijp7ImFkZGl0aW9uYWxOb3RlIjpbIkRJU1RSSUJVVElPTiBNQU5BR0VNRU5UIl0sImRlc2NyaXB0aW9uIjoiTUFSS0VUSU5HIEFORCBTQUxFUyIsImlkIjoiaHR0cHM6Ly9sZWFzdG9uLmJjZGlwbG9tYS5jb20vbGF3LWVjb25vbWljcy1tYW5hZ2VtZW50I0xlYXJuaW5nQWNoaWV2bWVudCIsInRpdGxlIjoiTUFTVEVSUyBMQVcsIEVDT05PTUlDUyBBTkQgTUFOQUdFTUVOVCJ9LCJsZWFybmluZ1NwZWNpZmljYXRpb24iOnsiZWN0c0NyZWRpdFBvaW50cyI6MTIwLCJlcWZMZXZlbCI6NywiaWQiOiJodHRwczovL2xlYXN0b24uYmNkaXBsb21hLmNvbS9sYXctZWNvbm9taWNzLW1hbmFnZW1lbnQjTGVhcm5pbmdTcGVjaWZpY2F0aW9uIiwiaXNjZWRmQ29kZSI6WyI3Il0sIm5xZkxldmVsIjpbIjciXX19LCJjcmVkZW50aWFsU3RhdHVzIjp7ImlkIjoiaHR0cHM6Ly9lc3NpZi5ldXJvcGEuZXUvc3RhdHVzL2VkdWNhdGlvbiNoaWdoZXJFZHVjYXRpb24jMzkyYWM3ZjYtMzk5YS00MzdiLWEyNjgtNDY5MWVhZDhmMTc2IiwidHlwZSI6IkNyZWRlbnRpYWxTdGF0dXNMaXN0MjAyMCJ9LCJldmlkZW5jZSI6eyJkb2N1bWVudFByZXNlbmNlIjpbIlBoeXNpY2FsIl0sImV2aWRlbmNlRG9jdW1lbnQiOlsiUGFzc3BvcnQiXSwiaWQiOiJodHRwczovL2Vzc2lmLmV1cm9wYS5ldS90c3ItdmEvZXZpZGVuY2UvZjJhZWVjOTctZmMwZC00MmJmLThjYTctMDU0ODE5MmQ1Njc4Iiwic3ViamVjdFByZXNlbmNlIjoiUGh5c2ljYWwiLCJ0eXBlIjpbIkRvY3VtZW50VmVyaWZpY2F0aW9uIl0sInZlcmlmaWVyIjoiZGlkOmVic2k6Mjk2MmZiNzg0ZGY2MWJhYTI2N2M4MTMyNDk3NTM5ZjhjNjc0YjM3YzEyNDRhN2EifX0sImp0aSI6InVybjp1dWlkOjEwZTZkZTkwLWQyZTgtNDBmMy05YzRjLWFjOWIwMDg2YzU0ZiJ9.whIhw-nNFIQxoR-egwnQHlPcY1alGqeO5nSNhrD9X_lpcipX6d7I7ESyAR92pBmB5b1Ea_6QyfmRxi_6gqRBBQ
2292 [pool-1-thread-1 @coroutine#83] DEBUG id.walt.signatory.WaltIdSignatory - Signed VC is: eyJraWQiOiJkaWQ6a2V5Ono2TWttdVBkcm93MVF1ak4zV05BYmk5bzFBMmQ2Nng1UVJrcjg5TTF1Ujk4ZjdCcSN6Nk1rbXVQZHJvdzFRdWpOM1dOQWJpOW8xQTJkNjZ4NVFSa3I4OU0xdVI5OGY3QnEiLCJ0eXAiOiJKV1QiLCJhbGciOiJFZERTQSJ9.eyJzdWIiOiJkaWQ6a2V5Ono2TWttdVBkcm93MVF1ak4zV05BYmk5bzFBMmQ2Nng1UVJrcjg5TTF1Ujk4ZjdCcSIsIm5iZiI6MTcyNjEzMzk3NywiaXNzIjoiZGlkOmtleTp6Nk1rbXVQZHJvdzFRdWpOM1dOQWJpOW8xQTJkNjZ4NVFSa3I4OU0xdVI5OGY3QnEiLCJpYXQiOjE3MjYxMzM5NzcsInZjIjp7InR5cGUiOlsiVmVyaWZpYWJsZUNyZWRlbnRpYWwiLCJWZXJpZmlhYmxlQXR0ZXN0YXRpb24iLCJWZXJpZmlhYmxlRGlwbG9tYSJdLCJAY29udGV4dCI6WyJodHRwczovL3d3dy53My5vcmcvMjAxOC9jcmVkZW50aWFscy92MSJdLCJpZCI6InVybjp1dWlkOjEwZTZkZTkwLWQyZTgtNDBmMy05YzRjLWFjOWIwMDg2YzU0ZiIsImlzc3VlciI6ImRpZDprZXk6ejZNa211UGRyb3cxUXVqTjNXTkFiaTlvMUEyZDY2eDVRUmtyODlNMXVSOThmN0JxIiwiaXNzdWFuY2VEYXRlIjoiMjAyNC0wOS0xMlQwOTozOTozN1oiLCJpc3N1ZWQiOiIyMDI0LTA5LTEyVDA5OjM5OjM3WiIsInZhbGlkRnJvbSI6IjIwMjQtMDktMTJUMDk6Mzk6MzdaIiwiZXhwaXJhdGlvbkRhdGUiOiIyMDIyLTA4LTMxVDAwOjAwOjAwWiIsImNyZWRlbnRpYWxTY2hlbWEiOnsiaWQiOiJodHRwczovL3Jhdy5naXRodWJ1c2VyY29udGVudC5jb20vd2FsdC1pZC93YWx0aWQtc3Npa2l0LXZjbGliL21hc3Rlci9zcmMvdGVzdC9yZXNvdXJjZXMvc2NoZW1hcy9WZXJpZmlhYmxlRGlwbG9tYS5qc29uIiwidHlwZSI6Ikpzb25TY2hlbWFWYWxpZGF0b3IyMDE4In0sImNyZWRlbnRpYWxTdWJqZWN0Ijp7ImlkIjoiZGlkOmtleTp6Nk1rbXVQZHJvdzFRdWpOM1dOQWJpOW8xQTJkNjZ4NVFSa3I4OU0xdVI5OGY3QnEiLCJhd2FyZGluZ09wcG9ydHVuaXR5Ijp7ImF3YXJkaW5nQm9keSI6eyJlaWRhc0xlZ2FsSWRlbnRpZmllciI6IlVua25vd24iLCJob21lcGFnZSI6Imh0dHBzOi8vbGVhc3Rvbi5iY2RpcGxvbWEuY29tLyIsImlkIjoiZGlkOmVic2k6MkE5Qlo5U1VlNkJhdGFjU3B2czFWNUNkakh2THBRN2JFc2kySmI2TGRIS25ReGFOIiwicHJlZmVycmVkTmFtZSI6IkxlYXN0b24gVW5pdmVyc2l0eSIsInJlZ2lzdHJhdGlvbiI6IjA1OTcwNjVKIn0sImVuZGVkQXRUaW1lIjoiMjAyMC0wNi0yNlQwMDowMDowMFoiLCJpZCI6Imh0dHBzOi8vbGVhc3Rvbi5iY2RpcGxvbWEuY29tL2xhdy1lY29ub21pY3MtbWFuYWdlbWVudCNBd2FyZGluZ09wcG9ydHVuaXR5IiwiaWRlbnRpZmllciI6Imh0dHBzOi8vY2VydGlmaWNhdGUtZGVtby5iY2RpcGxvbWEuY29tL2NoZWNrLzg3RUQyRjIyNzBFNkM0MTQ1NkU5NEI4NkI5RDkxMTVCNEUzNUJDQ0FEMjAwQTQ5Qjg0NjU5MkMxNEY3OUM4NkJWMUZuYmxsdGEwTlpUbkprUjNsRFdsUm1URGxTUlVKRVZGWklTbU5tWXpKaFVVNXNaVUo1WjJGSlNIcFdibVpaIiwibG9jYXRpb24iOiJGUkFOQ0UiLCJzdGFydGVkQXRUaW1lIjoiMjAxOS0wOS0wMlQwMDowMDowMFoifSwiZGF0ZU9mQmlydGgiOiIxOTkzLTA0LTA4IiwiZmFtaWx5TmFtZSI6IkRPRSIsImdpdmVuTmFtZXMiOiJKYW5lIiwiZ3JhZGluZ1NjaGVtZSI6eyJpZCI6Imh0dHBzOi8vbGVhc3Rvbi5iY2RpcGxvbWEuY29tL2xhdy1lY29ub21pY3MtbWFuYWdlbWVudCNHcmFkaW5nU2NoZW1lIiwidGl0bGUiOiJMb3dlciBTZWNvbmQtQ2xhc3MgSG9ub3VycyJ9LCJpZGVudGlmaWVyIjoiMDkwNDAwODA4NEgiLCJsZWFybmluZ0FjaGlldmVtZW50Ijp7ImFkZGl0aW9uYWxOb3RlIjpbIkRJU1RSSUJVVElPTiBNQU5BR0VNRU5UIl0sImRlc2NyaXB0aW9uIjoiTUFSS0VUSU5HIEFORCBTQUxFUyIsImlkIjoiaHR0cHM6Ly9sZWFzdG9uLmJjZGlwbG9tYS5jb20vbGF3LWVjb25vbWljcy1tYW5hZ2VtZW50I0xlYXJuaW5nQWNoaWV2bWVudCIsInRpdGxlIjoiTUFTVEVSUyBMQVcsIEVDT05PTUlDUyBBTkQgTUFOQUdFTUVOVCJ9LCJsZWFybmluZ1NwZWNpZmljYXRpb24iOnsiZWN0c0NyZWRpdFBvaW50cyI6MTIwLCJlcWZMZXZlbCI6NywiaWQiOiJodHRwczovL2xlYXN0b24uYmNkaXBsb21hLmNvbS9sYXctZWNvbm9taWNzLW1hbmFnZW1lbnQjTGVhcm5pbmdTcGVjaWZpY2F0aW9uIiwiaXNjZWRmQ29kZSI6WyI3Il0sIm5xZkxldmVsIjpbIjciXX19LCJjcmVkZW50aWFsU3RhdHVzIjp7ImlkIjoiaHR0cHM6Ly9lc3NpZi5ldXJvcGEuZXUvc3RhdHVzL2VkdWNhdGlvbiNoaWdoZXJFZHVjYXRpb24jMzkyYWM3ZjYtMzk5YS00MzdiLWEyNjgtNDY5MWVhZDhmMTc2IiwidHlwZSI6IkNyZWRlbnRpYWxTdGF0dXNMaXN0MjAyMCJ9LCJldmlkZW5jZSI6eyJkb2N1bWVudFByZXNlbmNlIjpbIlBoeXNpY2FsIl0sImV2aWRlbmNlRG9jdW1lbnQiOlsiUGFzc3BvcnQiXSwiaWQiOiJodHRwczovL2Vzc2lmLmV1cm9wYS5ldS90c3ItdmEvZXZpZGVuY2UvZjJhZWVjOTctZmMwZC00MmJmLThjYTctMDU0ODE5MmQ1Njc4Iiwic3ViamVjdFByZXNlbmNlIjoiUGh5c2ljYWwiLCJ0eXBlIjpbIkRvY3VtZW50VmVyaWZpY2F0aW9uIl0sInZlcmlmaWVyIjoiZGlkOmVic2k6Mjk2MmZiNzg0ZGY2MWJhYTI2N2M4MTMyNDk3NTM5ZjhjNjc0YjM3YzEyNDRhN2EifX0sImp0aSI6InVybjp1dWlkOjEwZTZkZTkwLWQyZTgtNDBmMy05YzRjLWFjOWIwMDg2YzU0ZiJ9.whIhw-nNFIQxoR-egwnQHlPcY1alGqeO5nSNhrD9X_lpcipX6d7I7ESyAR92pBmB5b1Ea_6QyfmRxi_6gqRBBQ
2292 [pool-1-thread-1 @coroutine#83] DEBUG id.walt.services.vc.WaltIdJwtCredentialService - Creating a presentation for VCs:
[PresentableCredential(verifiableCredential=eyJraWQiOiJkaWQ6a2V5Ono2TWttdVBkcm93MVF1ak4zV05BYmk5bzFBMmQ2Nng1UVJrcjg5TTF1Ujk4ZjdCcSN6Nk1rbXVQZHJvdzFRdWpOM1dOQWJpOW8xQTJkNjZ4NVFSa3I4OU0xdVI5OGY3QnEiLCJ0eXAiOiJKV1QiLCJhbGciOiJFZERTQSJ9.eyJzdWIiOiJkaWQ6a2V5Ono2TWttdVBkcm93MVF1ak4zV05BYmk5bzFBMmQ2Nng1UVJrcjg5TTF1Ujk4ZjdCcSIsIm5iZiI6MTcyNjEzMzk3NywiaXNzIjoiZGlkOmtleTp6Nk1rbXVQZHJvdzFRdWpOM1dOQWJpOW8xQTJkNjZ4NVFSa3I4OU0xdVI5OGY3QnEiLCJpYXQiOjE3MjYxMzM5NzcsInZjIjp7InR5cGUiOlsiVmVyaWZpYWJsZUNyZWRlbnRpYWwiLCJWZXJpZmlhYmxlQXR0ZXN0YXRpb24iLCJWZXJpZmlhYmxlRGlwbG9tYSJdLCJAY29udGV4dCI6WyJodHRwczovL3d3dy53My5vcmcvMjAxOC9jcmVkZW50aWFscy92MSJdLCJpZCI6InVybjp1dWlkOjEwZTZkZTkwLWQyZTgtNDBmMy05YzRjLWFjOWIwMDg2YzU0ZiIsImlzc3VlciI6ImRpZDprZXk6ejZNa211UGRyb3cxUXVqTjNXTkFiaTlvMUEyZDY2eDVRUmtyODlNMXVSOThmN0JxIiwiaXNzdWFuY2VEYXRlIjoiMjAyNC0wOS0xMlQwOTozOTozN1oiLCJpc3N1ZWQiOiIyMDI0LTA5LTEyVDA5OjM5OjM3WiIsInZhbGlkRnJvbSI6IjIwMjQtMDktMTJUMDk6Mzk6MzdaIiwiZXhwaXJhdGlvbkRhdGUiOiIyMDIyLTA4LTMxVDAwOjAwOjAwWiIsImNyZWRlbnRpYWxTY2hlbWEiOnsiaWQiOiJodHRwczovL3Jhdy5naXRodWJ1c2VyY29udGVudC5jb20vd2FsdC1pZC93YWx0aWQtc3Npa2l0LXZjbGliL21hc3Rlci9zcmMvdGVzdC9yZXNvdXJjZXMvc2NoZW1hcy9WZXJpZmlhYmxlRGlwbG9tYS5qc29uIiwidHlwZSI6Ikpzb25TY2hlbWFWYWxpZGF0b3IyMDE4In0sImNyZWRlbnRpYWxTdWJqZWN0Ijp7ImlkIjoiZGlkOmtleTp6Nk1rbXVQZHJvdzFRdWpOM1dOQWJpOW8xQTJkNjZ4NVFSa3I4OU0xdVI5OGY3QnEiLCJhd2FyZGluZ09wcG9ydHVuaXR5Ijp7ImF3YXJkaW5nQm9keSI6eyJlaWRhc0xlZ2FsSWRlbnRpZmllciI6IlVua25vd24iLCJob21lcGFnZSI6Imh0dHBzOi8vbGVhc3Rvbi5iY2RpcGxvbWEuY29tLyIsImlkIjoiZGlkOmVic2k6MkE5Qlo5U1VlNkJhdGFjU3B2czFWNUNkakh2THBRN2JFc2kySmI2TGRIS25ReGFOIiwicHJlZmVycmVkTmFtZSI6IkxlYXN0b24gVW5pdmVyc2l0eSIsInJlZ2lzdHJhdGlvbiI6IjA1OTcwNjVKIn0sImVuZGVkQXRUaW1lIjoiMjAyMC0wNi0yNlQwMDowMDowMFoiLCJpZCI6Imh0dHBzOi8vbGVhc3Rvbi5iY2RpcGxvbWEuY29tL2xhdy1lY29ub21pY3MtbWFuYWdlbWVudCNBd2FyZGluZ09wcG9ydHVuaXR5IiwiaWRlbnRpZmllciI6Imh0dHBzOi8vY2VydGlmaWNhdGUtZGVtby5iY2RpcGxvbWEuY29tL2NoZWNrLzg3RUQyRjIyNzBFNkM0MTQ1NkU5NEI4NkI5RDkxMTVCNEUzNUJDQ0FEMjAwQTQ5Qjg0NjU5MkMxNEY3OUM4NkJWMUZuYmxsdGEwTlpUbkprUjNsRFdsUm1URGxTUlVKRVZGWklTbU5tWXpKaFVVNXNaVUo1WjJGSlNIcFdibVpaIiwibG9jYXRpb24iOiJGUkFOQ0UiLCJzdGFydGVkQXRUaW1lIjoiMjAxOS0wOS0wMlQwMDowMDowMFoifSwiZGF0ZU9mQmlydGgiOiIxOTkzLTA0LTA4IiwiZmFtaWx5TmFtZSI6IkRPRSIsImdpdmVuTmFtZXMiOiJKYW5lIiwiZ3JhZGluZ1NjaGVtZSI6eyJpZCI6Imh0dHBzOi8vbGVhc3Rvbi5iY2RpcGxvbWEuY29tL2xhdy1lY29ub21pY3MtbWFuYWdlbWVudCNHcmFkaW5nU2NoZW1lIiwidGl0bGUiOiJMb3dlciBTZWNvbmQtQ2xhc3MgSG9ub3VycyJ9LCJpZGVudGlmaWVyIjoiMDkwNDAwODA4NEgiLCJsZWFybmluZ0FjaGlldmVtZW50Ijp7ImFkZGl0aW9uYWxOb3RlIjpbIkRJU1RSSUJVVElPTiBNQU5BR0VNRU5UIl0sImRlc2NyaXB0aW9uIjoiTUFSS0VUSU5HIEFORCBTQUxFUyIsImlkIjoiaHR0cHM6Ly9sZWFzdG9uLmJjZGlwbG9tYS5jb20vbGF3LWVjb25vbWljcy1tYW5hZ2VtZW50I0xlYXJuaW5nQWNoaWV2bWVudCIsInRpdGxlIjoiTUFTVEVSUyBMQVcsIEVDT05PTUlDUyBBTkQgTUFOQUdFTUVOVCJ9LCJsZWFybmluZ1NwZWNpZmljYXRpb24iOnsiZWN0c0NyZWRpdFBvaW50cyI6MTIwLCJlcWZMZXZlbCI6NywiaWQiOiJodHRwczovL2xlYXN0b24uYmNkaXBsb21hLmNvbS9sYXctZWNvbm9taWNzLW1hbmFnZW1lbnQjTGVhcm5pbmdTcGVjaWZpY2F0aW9uIiwiaXNjZWRmQ29kZSI6WyI3Il0sIm5xZkxldmVsIjpbIjciXX19LCJjcmVkZW50aWFsU3RhdHVzIjp7ImlkIjoiaHR0cHM6Ly9lc3NpZi5ldXJvcGEuZXUvc3RhdHVzL2VkdWNhdGlvbiNoaWdoZXJFZHVjYXRpb24jMzkyYWM3ZjYtMzk5YS00MzdiLWEyNjgtNDY5MWVhZDhmMTc2IiwidHlwZSI6IkNyZWRlbnRpYWxTdGF0dXNMaXN0MjAyMCJ9LCJldmlkZW5jZSI6eyJkb2N1bWVudFByZXNlbmNlIjpbIlBoeXNpY2FsIl0sImV2aWRlbmNlRG9jdW1lbnQiOlsiUGFzc3BvcnQiXSwiaWQiOiJodHRwczovL2Vzc2lmLmV1cm9wYS5ldS90c3ItdmEvZXZpZGVuY2UvZjJhZWVjOTctZmMwZC00MmJmLThjYTctMDU0ODE5MmQ1Njc4Iiwic3ViamVjdFByZXNlbmNlIjoiUGh5c2ljYWwiLCJ0eXBlIjpbIkRvY3VtZW50VmVyaWZpY2F0aW9uIl0sInZlcmlmaWVyIjoiZGlkOmVic2k6Mjk2MmZiNzg0ZGY2MWJhYTI2N2M4MTMyNDk3NTM5ZjhjNjc0YjM3YzEyNDRhN2EifX0sImp0aSI6InVybjp1dWlkOjEwZTZkZTkwLWQyZTgtNDBmMy05YzRjLWFjOWIwMDg2YzU0ZiJ9.whIhw-nNFIQxoR-egwnQHlPcY1alGqeO5nSNhrD9X_lpcipX6d7I7ESyAR92pBmB5b1Ea_6QyfmRxi_6gqRBBQ, selectiveDisclosure=null, discloseAll=false)]
2292 [pool-1-thread-1 @coroutine#83] DEBUG id.walt.model.DidUrl - Trying to create DidUrl from URL: "did:key:z6MkmuPdrow1QujN3WNAbi9o1A2d66x5QRkr89M1uR98f7Bq"...
2292 [pool-1-thread-1 @coroutine#83] DEBUG id.walt.services.vc.WaltIdJwtCredentialService - Signing JWT object with config: ProofConfig(issuerDid=did:key:z6MkmuPdrow1QujN3WNAbi9o1A2d66x5QRkr89M1uR98f7Bq, subjectDid=did:key:z6MkmuPdrow1QujN3WNAbi9o1A2d66x5QRkr89M1uR98f7Bq, verifierDid=did:key:z6MkmuPdrow1QujN3WNAbi9o1A2d66x5QRkr89M1uR98f7Bq, issuerVerificationMethod=did:key:z6MkmuPdrow1QujN3WNAbi9o1A2d66x5QRkr89M1uR98f7Bq#z6MkmuPdrow1QujN3WNAbi9o1A2d66x5QRkr89M1uR98f7Bq, proofType=JWT, domain=null, nonce=abcd, proofPurpose=null, credentialId=urn:uuid:61d3ffbc-289b-4ac0-bea9-d8477b683c88, issueDate=null, validDate=null, expirationDate=null, dataProviderIdentifier=null, ldSignatureType=null, creator=did:key:z6MkmuPdrow1QujN3WNAbi9o1A2d66x5QRkr89M1uR98f7Bq, ecosystem=DEFAULT, statusType=null, statusPurpose=revocation, credentialsEndpoint=null, selectiveDisclosure=null)
2293 [pool-1-thread-1 @coroutine#83] DEBUG id.walt.services.vc.WaltIdJwtCredentialService - Signing: {"sub":"did:key:z6MkmuPdrow1QujN3WNAbi9o1A2d66x5QRkr89M1uR98f7Bq","aud":"did:key:z6MkmuPdrow1QujN3WNAbi9o1A2d66x5QRkr89M1uR98f7Bq","nbf":1726133977,"iss":"did:key:z6MkmuPdrow1QujN3WNAbi9o1A2d66x5QRkr89M1uR98f7Bq","vp":{"type":["VerifiablePresentation"],"@context":["https://www.w3.org/2018/credentials/v1"],"id":"urn:uuid:61d3ffbc-289b-4ac0-bea9-d8477b683c88","holder":"did:key:z6MkmuPdrow1QujN3WNAbi9o1A2d66x5QRkr89M1uR98f7Bq","verifiableCredential":["eyJraWQiOiJkaWQ6a2V5Ono2TWttdVBkcm93MVF1ak4zV05BYmk5bzFBMmQ2Nng1UVJrcjg5TTF1Ujk4ZjdCcSN6Nk1rbXVQZHJvdzFRdWpOM1dOQWJpOW8xQTJkNjZ4NVFSa3I4OU0xdVI5OGY3QnEiLCJ0eXAiOiJKV1QiLCJhbGciOiJFZERTQSJ9.eyJzdWIiOiJkaWQ6a2V5Ono2TWttdVBkcm93MVF1ak4zV05BYmk5bzFBMmQ2Nng1UVJrcjg5TTF1Ujk4ZjdCcSIsIm5iZiI6MTcyNjEzMzk3NywiaXNzIjoiZGlkOmtleTp6Nk1rbXVQZHJvdzFRdWpOM1dOQWJpOW8xQTJkNjZ4NVFSa3I4OU0xdVI5OGY3QnEiLCJpYXQiOjE3MjYxMzM5NzcsInZjIjp7InR5cGUiOlsiVmVyaWZpYWJsZUNyZWRlbnRpYWwiLCJWZXJpZmlhYmxlQXR0ZXN0YXRpb24iLCJWZXJpZmlhYmxlRGlwbG9tYSJdLCJAY29udGV4dCI6WyJodHRwczovL3d3dy53My5vcmcvMjAxOC9jcmVkZW50aWFscy92MSJdLCJpZCI6InVybjp1dWlkOjEwZTZkZTkwLWQyZTgtNDBmMy05YzRjLWFjOWIwMDg2YzU0ZiIsImlzc3VlciI6ImRpZDprZXk6ejZNa211UGRyb3cxUXVqTjNXTkFiaTlvMUEyZDY2eDVRUmtyODlNMXVSOThmN0JxIiwiaXNzdWFuY2VEYXRlIjoiMjAyNC0wOS0xMlQwOTozOTozN1oiLCJpc3N1ZWQiOiIyMDI0LTA5LTEyVDA5OjM5OjM3WiIsInZhbGlkRnJvbSI6IjIwMjQtMDktMTJUMDk6Mzk6MzdaIiwiZXhwaXJhdGlvbkRhdGUiOiIyMDIyLTA4LTMxVDAwOjAwOjAwWiIsImNyZWRlbnRpYWxTY2hlbWEiOnsiaWQiOiJodHRwczovL3Jhdy5naXRodWJ1c2VyY29udGVudC5jb20vd2FsdC1pZC93YWx0aWQtc3Npa2l0LXZjbGliL21hc3Rlci9zcmMvdGVzdC9yZXNvdXJjZXMvc2NoZW1hcy9WZXJpZmlhYmxlRGlwbG9tYS5qc29uIiwidHlwZSI6Ikpzb25TY2hlbWFWYWxpZGF0b3IyMDE4In0sImNyZWRlbnRpYWxTdWJqZWN0Ijp7ImlkIjoiZGlkOmtleTp6Nk1rbXVQZHJvdzFRdWpOM1dOQWJpOW8xQTJkNjZ4NVFSa3I4OU0xdVI5OGY3QnEiLCJhd2FyZGluZ09wcG9ydHVuaXR5Ijp7ImF3YXJkaW5nQm9keSI6eyJlaWRhc0xlZ2FsSWRlbnRpZmllciI6IlVua25vd24iLCJob21lcGFnZSI6Imh0dHBzOi8vbGVhc3Rvbi5iY2RpcGxvbWEuY29tLyIsImlkIjoiZGlkOmVic2k6MkE5Qlo5U1VlNkJhdGFjU3B2czFWNUNkakh2THBRN2JFc2kySmI2TGRIS25ReGFOIiwicHJlZmVycmVkTmFtZSI6IkxlYXN0b24gVW5pdmVyc2l0eSIsInJlZ2lzdHJhdGlvbiI6IjA1OTcwNjVKIn0sImVuZGVkQXRUaW1lIjoiMjAyMC0wNi0yNlQwMDowMDowMFoiLCJpZCI6Imh0dHBzOi8vbGVhc3Rvbi5iY2RpcGxvbWEuY29tL2xhdy1lY29ub21pY3MtbWFuYWdlbWVudCNBd2FyZGluZ09wcG9ydHVuaXR5IiwiaWRlbnRpZmllciI6Imh0dHBzOi8vY2VydGlmaWNhdGUtZGVtby5iY2RpcGxvbWEuY29tL2NoZWNrLzg3RUQyRjIyNzBFNkM0MTQ1NkU5NEI4NkI5RDkxMTVCNEUzNUJDQ0FEMjAwQTQ5Qjg0NjU5MkMxNEY3OUM4NkJWMUZuYmxsdGEwTlpUbkprUjNsRFdsUm1URGxTUlVKRVZGWklTbU5tWXpKaFVVNXNaVUo1WjJGSlNIcFdibVpaIiwibG9jYXRpb24iOiJGUkFOQ0UiLCJzdGFydGVkQXRUaW1lIjoiMjAxOS0wOS0wMlQwMDowMDowMFoifSwiZGF0ZU9mQmlydGgiOiIxOTkzLTA0LTA4IiwiZmFtaWx5TmFtZSI6IkRPRSIsImdpdmVuTmFtZXMiOiJKYW5lIiwiZ3JhZGluZ1NjaGVtZSI6eyJpZCI6Imh0dHBzOi8vbGVhc3Rvbi5iY2RpcGxvbWEuY29tL2xhdy1lY29ub21pY3MtbWFuYWdlbWVudCNHcmFkaW5nU2NoZW1lIiwidGl0bGUiOiJMb3dlciBTZWNvbmQtQ2xhc3MgSG9ub3VycyJ9LCJpZGVudGlmaWVyIjoiMDkwNDAwODA4NEgiLCJsZWFybmluZ0FjaGlldmVtZW50Ijp7ImFkZGl0aW9uYWxOb3RlIjpbIkRJU1RSSUJVVElPTiBNQU5BR0VNRU5UIl0sImRlc2NyaXB0aW9uIjoiTUFSS0VUSU5HIEFORCBTQUxFUyIsImlkIjoiaHR0cHM6Ly9sZWFzdG9uLmJjZGlwbG9tYS5jb20vbGF3LWVjb25vbWljcy1tYW5hZ2VtZW50I0xlYXJuaW5nQWNoaWV2bWVudCIsInRpdGxlIjoiTUFTVEVSUyBMQVcsIEVDT05PTUlDUyBBTkQgTUFOQUdFTUVOVCJ9LCJsZWFybmluZ1NwZWNpZmljYXRpb24iOnsiZWN0c0NyZWRpdFBvaW50cyI6MTIwLCJlcWZMZXZlbCI6NywiaWQiOiJodHRwczovL2xlYXN0b24uYmNkaXBsb21hLmNvbS9sYXctZWNvbm9taWNzLW1hbmFnZW1lbnQjTGVhcm5pbmdTcGVjaWZpY2F0aW9uIiwiaXNjZWRmQ29kZSI6WyI3Il0sIm5xZkxldmVsIjpbIjciXX19LCJjcmVkZW50aWFsU3RhdHVzIjp7ImlkIjoiaHR0cHM6Ly9lc3NpZi5ldXJvcGEuZXUvc3RhdHVzL2VkdWNhdGlvbiNoaWdoZXJFZHVjYXRpb24jMzkyYWM3ZjYtMzk5YS00MzdiLWEyNjgtNDY5MWVhZDhmMTc2IiwidHlwZSI6IkNyZWRlbnRpYWxTdGF0dXNMaXN0MjAyMCJ9LCJldmlkZW5jZSI6eyJkb2N1bWVudFByZXNlbmNlIjpbIlBoeXNpY2FsIl0sImV2aWRlbmNlRG9jdW1lbnQiOlsiUGFzc3BvcnQiXSwiaWQiOiJodHRwczovL2Vzc2lmLmV1cm9wYS5ldS90c3ItdmEvZXZpZGVuY2UvZjJhZWVjOTctZmMwZC00MmJmLThjYTctMDU0ODE5MmQ1Njc4Iiwic3ViamVjdFByZXNlbmNlIjoiUGh5c2ljYWwiLCJ0eXBlIjpbIkRvY3VtZW50VmVyaWZpY2F0aW9uIl0sInZlcmlmaWVyIjoiZGlkOmVic2k6Mjk2MmZiNzg0ZGY2MWJhYTI2N2M4MTMyNDk3NTM5ZjhjNjc0YjM3YzEyNDRhN2EifX0sImp0aSI6InVybjp1dWlkOjEwZTZkZTkwLWQyZTgtNDBmMy05YzRjLWFjOWIwMDg2YzU0ZiJ9.whIhw-nNFIQxoR-egwnQHlPcY1alGqeO5nSNhrD9X_lpcipX6d7I7ESyAR92pBmB5b1Ea_6QyfmRxi_6gqRBBQ"]},"iat":1726133977,"nonce":"abcd","jti":"urn:uuid:61d3ffbc-289b-4ac0-bea9-d8477b683c88"}
2293 [pool-1-thread-1 @coroutine#83] DEBUG id.walt.services.keystore.HKVKeyStoreService - Loading key "did:key:z6MkmuPdrow1QujN3WNAbi9o1A2d66x5QRkr89M1uR98f7Bq#z6MkmuPdrow1QujN3WNAbi9o1A2d66x5QRkr89M1uR98f7Bq".
2293 [pool-1-thread-1 @coroutine#83] DEBUG id.walt.services.jwt.WaltIdJwtService - Signing JWT with algorithm: EdDSA_Ed25519
2293 [pool-1-thread-1 @coroutine#83] DEBUG id.walt.model.DidUrl - Trying to create DidUrl from URL: "did:key:z6MkmuPdrow1QujN3WNAbi9o1A2d66x5QRkr89M1uR98f7Bq#z6MkmuPdrow1QujN3WNAbi9o1A2d66x5QRkr89M1uR98f7Bq"...
2293 [pool-1-thread-1 @coroutine#83] DEBUG id.walt.services.keystore.HKVKeyStoreService - Loading key "e4c2dfb17e2f4c51ad9a7c37caa45cf2".
2295 [pool-1-thread-1 @coroutine#83] DEBUG id.walt.services.jwt.WaltIdJwtService - Signed JWT:  eyJraWQiOiJkaWQ6a2V5Ono2TWttdVBkcm93MVF1ak4zV05BYmk5bzFBMmQ2Nng1UVJrcjg5TTF1Ujk4ZjdCcSN6Nk1rbXVQZHJvdzFRdWpOM1dOQWJpOW8xQTJkNjZ4NVFSa3I4OU0xdVI5OGY3QnEiLCJ0eXAiOiJKV1QiLCJhbGciOiJFZERTQSJ9.eyJzdWIiOiJkaWQ6a2V5Ono2TWttdVBkcm93MVF1ak4zV05BYmk5bzFBMmQ2Nng1UVJrcjg5TTF1Ujk4ZjdCcSIsImF1ZCI6ImRpZDprZXk6ejZNa211UGRyb3cxUXVqTjNXTkFiaTlvMUEyZDY2eDVRUmtyODlNMXVSOThmN0JxIiwibmJmIjoxNzI2MTMzOTc3LCJpc3MiOiJkaWQ6a2V5Ono2TWttdVBkcm93MVF1ak4zV05BYmk5bzFBMmQ2Nng1UVJrcjg5TTF1Ujk4ZjdCcSIsInZwIjp7InR5cGUiOlsiVmVyaWZpYWJsZVByZXNlbnRhdGlvbiJdLCJAY29udGV4dCI6WyJodHRwczovL3d3dy53My5vcmcvMjAxOC9jcmVkZW50aWFscy92MSJdLCJpZCI6InVybjp1dWlkOjYxZDNmZmJjLTI4OWItNGFjMC1iZWE5LWQ4NDc3YjY4M2M4OCIsImhvbGRlciI6ImRpZDprZXk6ejZNa211UGRyb3cxUXVqTjNXTkFiaTlvMUEyZDY2eDVRUmtyODlNMXVSOThmN0JxIiwidmVyaWZpYWJsZUNyZWRlbnRpYWwiOlsiZXlKcmFXUWlPaUprYVdRNmEyVjVPbm8yVFd0dGRWQmtjbTkzTVZGMWFrNHpWMDVCWW1rNWJ6RkJNbVEyTm5nMVVWSnJjamc1VFRGMVVqazRaamRDY1NONk5rMXJiWFZRWkhKdmR6RlJkV3BPTTFkT1FXSnBPVzh4UVRKa05qWjROVkZTYTNJNE9VMHhkVkk1T0dZM1FuRWlMQ0owZVhBaU9pSktWMVFpTENKaGJHY2lPaUpGWkVSVFFTSjkuZXlKemRXSWlPaUprYVdRNmEyVjVPbm8yVFd0dGRWQmtjbTkzTVZGMWFrNHpWMDVCWW1rNWJ6RkJNbVEyTm5nMVVWSnJjamc1VFRGMVVqazRaamRDY1NJc0ltNWlaaUk2TVRjeU5qRXpNemszTnl3aWFYTnpJam9pWkdsa09tdGxlVHA2TmsxcmJYVlFaSEp2ZHpGUmRXcE9NMWRPUVdKcE9XOHhRVEprTmpaNE5WRlNhM0k0T1UweGRWSTVPR1kzUW5FaUxDSnBZWFFpT2pFM01qWXhNek01Tnpjc0luWmpJanA3SW5SNWNHVWlPbHNpVm1WeWFXWnBZV0pzWlVOeVpXUmxiblJwWVd3aUxDSldaWEpwWm1saFlteGxRWFIwWlhOMFlYUnBiMjRpTENKV1pYSnBabWxoWW14bFJHbHdiRzl0WVNKZExDSkFZMjl1ZEdWNGRDSTZXeUpvZEhSd2N6b3ZMM2QzZHk1M015NXZjbWN2TWpBeE9DOWpjbVZrWlc1MGFXRnNjeTkyTVNKZExDSnBaQ0k2SW5WeWJqcDFkV2xrT2pFd1pUWmtaVGt3TFdReVpUZ3ROREJtTXkwNVl6UmpMV0ZqT1dJd01EZzJZelUwWmlJc0ltbHpjM1ZsY2lJNkltUnBaRHByWlhrNmVqWk5hMjExVUdSeWIzY3hVWFZxVGpOWFRrRmlhVGx2TVVFeVpEWTJlRFZSVW10eU9EbE5NWFZTT1RobU4wSnhJaXdpYVhOemRXRnVZMlZFWVhSbElqb2lNakF5TkMwd09TMHhNbFF3T1Rvek9Ub3pOMW9pTENKcGMzTjFaV1FpT2lJeU1ESTBMVEE1TFRFeVZEQTVPak01T2pNM1dpSXNJblpoYkdsa1JuSnZiU0k2SWpJd01qUXRNRGt0TVRKVU1EazZNems2TXpkYUlpd2laWGh3YVhKaGRHbHZia1JoZEdVaU9pSXlNREl5TFRBNExUTXhWREF3T2pBd09qQXdXaUlzSW1OeVpXUmxiblJwWVd4VFkyaGxiV0VpT25zaWFXUWlPaUpvZEhSd2N6b3ZMM0poZHk1bmFYUm9kV0oxYzJWeVkyOXVkR1Z1ZEM1amIyMHZkMkZzZEMxcFpDOTNZV3gwYVdRdGMzTnBhMmwwTFhaamJHbGlMMjFoYzNSbGNpOXpjbU12ZEdWemRDOXlaWE52ZFhKalpYTXZjMk5vWlcxaGN5OVdaWEpwWm1saFlteGxSR2x3Ykc5dFlTNXFjMjl1SWl3aWRIbHdaU0k2SWtwemIyNVRZMmhsYldGV1lXeHBaR0YwYjNJeU1ERTRJbjBzSW1OeVpXUmxiblJwWVd4VGRXSnFaV04wSWpwN0ltbGtJam9pWkdsa09tdGxlVHA2TmsxcmJYVlFaSEp2ZHpGUmRXcE9NMWRPUVdKcE9XOHhRVEprTmpaNE5WRlNhM0k0T1UweGRWSTVPR1kzUW5FaUxDSmhkMkZ5WkdsdVowOXdjRzl5ZEhWdWFYUjVJanA3SW1GM1lYSmthVzVuUW05a2VTSTZleUpsYVdSaGMweGxaMkZzU1dSbGJuUnBabWxsY2lJNklsVnVhMjV2ZDI0aUxDSm9iMjFsY0dGblpTSTZJbWgwZEhCek9pOHZiR1ZoYzNSdmJpNWlZMlJwY0d4dmJXRXVZMjl0THlJc0ltbGtJam9pWkdsa09tVmljMms2TWtFNVFsbzVVMVZsTmtKaGRHRmpVM0IyY3pGV05VTmtha2gyVEhCUk4ySkZjMmt5U21JMlRHUklTMjVSZUdGT0lpd2ljSEpsWm1WeWNtVmtUbUZ0WlNJNklreGxZWE4wYjI0Z1ZXNXBkbVZ5YzJsMGVTSXNJbkpsWjJsemRISmhkR2x2YmlJNklqQTFPVGN3TmpWS0luMHNJbVZ1WkdWa1FYUlVhVzFsSWpvaU1qQXlNQzB3TmkweU5sUXdNRG93TURvd01Gb2lMQ0pwWkNJNkltaDBkSEJ6T2k4dmJHVmhjM1J2Ymk1aVkyUnBjR3h2YldFdVkyOXRMMnhoZHkxbFkyOXViMjFwWTNNdGJXRnVZV2RsYldWdWRDTkJkMkZ5WkdsdVowOXdjRzl5ZEhWdWFYUjVJaXdpYVdSbGJuUnBabWxsY2lJNkltaDBkSEJ6T2k4dlkyVnlkR2xtYVdOaGRHVXRaR1Z0Ynk1aVkyUnBjR3h2YldFdVkyOXRMMk5vWldOckx6ZzNSVVF5UmpJeU56QkZOa00wTVRRMU5rVTVORUk0TmtJNVJEa3hNVFZDTkVVek5VSkRRMEZFTWpBd1FUUTVRamcwTmpVNU1rTXhORVkzT1VNNE5rSldNVVp1WW14c2RHRXdUbHBVYmtwclVqTnNSRmRzVW0xVVJHeFRVbFZLUlZaR1drbFRiVTV0V1hwS2FGVlZOWE5hVlVvMVdqSkdTbE5JY0ZkaWJWcGFJaXdpYkc5allYUnBiMjRpT2lKR1VrRk9RMFVpTENKemRHRnlkR1ZrUVhSVWFXMWxJam9pTWpBeE9TMHdPUzB3TWxRd01Eb3dNRG93TUZvaWZTd2laR0YwWlU5bVFtbHlkR2dpT2lJeE9Ua3pMVEEwTFRBNElpd2labUZ0YVd4NVRtRnRaU0k2SWtSUFJTSXNJbWRwZG1WdVRtRnRaWE1pT2lKS1lXNWxJaXdpWjNKaFpHbHVaMU5qYUdWdFpTSTZleUpwWkNJNkltaDBkSEJ6T2k4dmJHVmhjM1J2Ymk1aVkyUnBjR3h2YldFdVkyOXRMMnhoZHkxbFkyOXViMjFwWTNNdGJXRnVZV2RsYldWdWRDTkhjbUZrYVc1blUyTm9aVzFsSWl3aWRHbDBiR1VpT2lKTWIzZGxjaUJUWldOdmJtUXRRMnhoYzNNZ1NHOXViM1Z5Y3lKOUxDSnBaR1Z1ZEdsbWFXVnlJam9pTURrd05EQXdPREE0TkVnaUxDSnNaV0Z5Ym1sdVowRmphR2xsZG1WdFpXNTBJanA3SW1Ga1pHbDBhVzl1WVd4T2IzUmxJanBiSWtSSlUxUlNTVUpWVkVsUFRpQk5RVTVCUjBWTlJVNVVJbDBzSW1SbGMyTnlhWEIwYVc5dUlqb2lUVUZTUzBWVVNVNUhJRUZPUkNCVFFVeEZVeUlzSW1sa0lqb2lhSFIwY0hNNkx5OXNaV0Z6ZEc5dUxtSmpaR2x3Ykc5dFlTNWpiMjB2YkdGM0xXVmpiMjV2YldsamN5MXRZVzVoWjJWdFpXNTBJMHhsWVhKdWFXNW5RV05vYVdWMmJXVnVkQ0lzSW5ScGRHeGxJam9pVFVGVFZFVlNVeUJNUVZjc0lFVkRUMDVQVFVsRFV5QkJUa1FnVFVGT1FVZEZUVVZPVkNKOUxDSnNaV0Z5Ym1sdVoxTndaV05wWm1sallYUnBiMjRpT25zaVpXTjBjME55WldScGRGQnZhVzUwY3lJNk1USXdMQ0psY1daTVpYWmxiQ0k2Tnl3aWFXUWlPaUpvZEhSd2N6b3ZMMnhsWVhOMGIyNHVZbU5rYVhCc2IyMWhMbU52YlM5c1lYY3RaV052Ym05dGFXTnpMVzFoYm1GblpXMWxiblFqVEdWaGNtNXBibWRUY0dWamFXWnBZMkYwYVc5dUlpd2lhWE5qWldSbVEyOWtaU0k2V3lJM0lsMHNJbTV4Wmt4bGRtVnNJanBiSWpjaVhYMTlMQ0pqY21Wa1pXNTBhV0ZzVTNSaGRIVnpJanA3SW1sa0lqb2lhSFIwY0hNNkx5OWxjM05wWmk1bGRYSnZjR0V1WlhVdmMzUmhkSFZ6TDJWa2RXTmhkR2x2YmlOb2FXZG9aWEpGWkhWallYUnBiMjRqTXpreVlXTTNaall0TXprNVlTMDBNemRpTFdFeU5qZ3RORFk1TVdWaFpEaG1NVGMySWl3aWRIbHdaU0k2SWtOeVpXUmxiblJwWVd4VGRHRjBkWE5NYVhOME1qQXlNQ0o5TENKbGRtbGtaVzVqWlNJNmV5SmtiMk4xYldWdWRGQnlaWE5sYm1ObElqcGJJbEJvZVhOcFkyRnNJbDBzSW1WMmFXUmxibU5sUkc5amRXMWxiblFpT2xzaVVHRnpjM0J2Y25RaVhTd2lhV1FpT2lKb2RIUndjem92TDJWemMybG1MbVYxY205d1lTNWxkUzkwYzNJdGRtRXZaWFpwWkdWdVkyVXZaakpoWldWak9UY3RabU13WkMwME1tSm1MVGhqWVRjdE1EVTBPREU1TW1RMU5qYzRJaXdpYzNWaWFtVmpkRkJ5WlhObGJtTmxJam9pVUdoNWMybGpZV3dpTENKMGVYQmxJanBiSWtSdlkzVnRaVzUwVm1WeWFXWnBZMkYwYVc5dUlsMHNJblpsY21sbWFXVnlJam9pWkdsa09tVmljMms2TWprMk1tWmlOemcwWkdZMk1XSmhZVEkyTjJNNE1UTXlORGszTlRNNVpqaGpOamMwWWpNM1l6RXlORFJoTjJFaWZYMHNJbXAwYVNJNkluVnlianAxZFdsa09qRXdaVFprWlRrd0xXUXlaVGd0TkRCbU15MDVZelJqTFdGak9XSXdNRGcyWXpVMFppSjkud2hJaHctbk5GSVF4b1ItZWd3blFIbFBjWTFhbEdxZU81blNOaHJEOVhfbHBjaXBYNmQ3STdFU3lBUjkycEJtQjViMUVhXzZReWZtUnhpXzZncVJCQlEiXX0sImlhdCI6MTcyNjEzMzk3Nywibm9uY2UiOiJhYmNkIiwianRpIjoidXJuOnV1aWQ6NjFkM2ZmYmMtMjg5Yi00YWMwLWJlYTktZDg0NzdiNjgzYzg4In0.iAP2hx-yG5NS1W6Yct-uMhg05EBzlsSU6kHmztTgy3dF7iI7Vbd3XSwoARWhAhnAcXnyBp229vzP3bT_4rTyAQ
2295 [pool-1-thread-1 @coroutine#83] DEBUG id.walt.services.vc.WaltIdJwtCredentialService - VP created:eyJraWQiOiJkaWQ6a2V5Ono2TWttdVBkcm93MVF1ak4zV05BYmk5bzFBMmQ2Nng1UVJrcjg5TTF1Ujk4ZjdCcSN6Nk1rbXVQZHJvdzFRdWpOM1dOQWJpOW8xQTJkNjZ4NVFSa3I4OU0xdVI5OGY3QnEiLCJ0eXAiOiJKV1QiLCJhbGciOiJFZERTQSJ9.eyJzdWIiOiJkaWQ6a2V5Ono2TWttdVBkcm93MVF1ak4zV05BYmk5bzFBMmQ2Nng1UVJrcjg5TTF1Ujk4ZjdCcSIsImF1ZCI6ImRpZDprZXk6ejZNa211UGRyb3cxUXVqTjNXTkFiaTlvMUEyZDY2eDVRUmtyODlNMXVSOThmN0JxIiwibmJmIjoxNzI2MTMzOTc3LCJpc3MiOiJkaWQ6a2V5Ono2TWttdVBkcm93MVF1ak4zV05BYmk5bzFBMmQ2Nng1UVJrcjg5TTF1Ujk4ZjdCcSIsInZwIjp7InR5cGUiOlsiVmVyaWZpYWJsZVByZXNlbnRhdGlvbiJdLCJAY29udGV4dCI6WyJodHRwczovL3d3dy53My5vcmcvMjAxOC9jcmVkZW50aWFscy92MSJdLCJpZCI6InVybjp1dWlkOjYxZDNmZmJjLTI4OWItNGFjMC1iZWE5LWQ4NDc3YjY4M2M4OCIsImhvbGRlciI6ImRpZDprZXk6ejZNa211UGRyb3cxUXVqTjNXTkFiaTlvMUEyZDY2eDVRUmtyODlNMXVSOThmN0JxIiwidmVyaWZpYWJsZUNyZWRlbnRpYWwiOlsiZXlKcmFXUWlPaUprYVdRNmEyVjVPbm8yVFd0dGRWQmtjbTkzTVZGMWFrNHpWMDVCWW1rNWJ6RkJNbVEyTm5nMVVWSnJjamc1VFRGMVVqazRaamRDY1NONk5rMXJiWFZRWkhKdmR6RlJkV3BPTTFkT1FXSnBPVzh4UVRKa05qWjROVkZTYTNJNE9VMHhkVkk1T0dZM1FuRWlMQ0owZVhBaU9pSktWMVFpTENKaGJHY2lPaUpGWkVSVFFTSjkuZXlKemRXSWlPaUprYVdRNmEyVjVPbm8yVFd0dGRWQmtjbTkzTVZGMWFrNHpWMDVCWW1rNWJ6RkJNbVEyTm5nMVVWSnJjamc1VFRGMVVqazRaamRDY1NJc0ltNWlaaUk2TVRjeU5qRXpNemszTnl3aWFYTnpJam9pWkdsa09tdGxlVHA2TmsxcmJYVlFaSEp2ZHpGUmRXcE9NMWRPUVdKcE9XOHhRVEprTmpaNE5WRlNhM0k0T1UweGRWSTVPR1kzUW5FaUxDSnBZWFFpT2pFM01qWXhNek01Tnpjc0luWmpJanA3SW5SNWNHVWlPbHNpVm1WeWFXWnBZV0pzWlVOeVpXUmxiblJwWVd3aUxDSldaWEpwWm1saFlteGxRWFIwWlhOMFlYUnBiMjRpTENKV1pYSnBabWxoWW14bFJHbHdiRzl0WVNKZExDSkFZMjl1ZEdWNGRDSTZXeUpvZEhSd2N6b3ZMM2QzZHk1M015NXZjbWN2TWpBeE9DOWpjbVZrWlc1MGFXRnNjeTkyTVNKZExDSnBaQ0k2SW5WeWJqcDFkV2xrT2pFd1pUWmtaVGt3TFdReVpUZ3ROREJtTXkwNVl6UmpMV0ZqT1dJd01EZzJZelUwWmlJc0ltbHpjM1ZsY2lJNkltUnBaRHByWlhrNmVqWk5hMjExVUdSeWIzY3hVWFZxVGpOWFRrRmlhVGx2TVVFeVpEWTJlRFZSVW10eU9EbE5NWFZTT1RobU4wSnhJaXdpYVhOemRXRnVZMlZFWVhSbElqb2lNakF5TkMwd09TMHhNbFF3T1Rvek9Ub3pOMW9pTENKcGMzTjFaV1FpT2lJeU1ESTBMVEE1TFRFeVZEQTVPak01T2pNM1dpSXNJblpoYkdsa1JuSnZiU0k2SWpJd01qUXRNRGt0TVRKVU1EazZNems2TXpkYUlpd2laWGh3YVhKaGRHbHZia1JoZEdVaU9pSXlNREl5TFRBNExUTXhWREF3T2pBd09qQXdXaUlzSW1OeVpXUmxiblJwWVd4VFkyaGxiV0VpT25zaWFXUWlPaUpvZEhSd2N6b3ZMM0poZHk1bmFYUm9kV0oxYzJWeVkyOXVkR1Z1ZEM1amIyMHZkMkZzZEMxcFpDOTNZV3gwYVdRdGMzTnBhMmwwTFhaamJHbGlMMjFoYzNSbGNpOXpjbU12ZEdWemRDOXlaWE52ZFhKalpYTXZjMk5vWlcxaGN5OVdaWEpwWm1saFlteGxSR2x3Ykc5dFlTNXFjMjl1SWl3aWRIbHdaU0k2SWtwemIyNVRZMmhsYldGV1lXeHBaR0YwYjNJeU1ERTRJbjBzSW1OeVpXUmxiblJwWVd4VGRXSnFaV04wSWpwN0ltbGtJam9pWkdsa09tdGxlVHA2TmsxcmJYVlFaSEp2ZHpGUmRXcE9NMWRPUVdKcE9XOHhRVEprTmpaNE5WRlNhM0k0T1UweGRWSTVPR1kzUW5FaUxDSmhkMkZ5WkdsdVowOXdjRzl5ZEhWdWFYUjVJanA3SW1GM1lYSmthVzVuUW05a2VTSTZleUpsYVdSaGMweGxaMkZzU1dSbGJuUnBabWxsY2lJNklsVnVhMjV2ZDI0aUxDSm9iMjFsY0dGblpTSTZJbWgwZEhCek9pOHZiR1ZoYzNSdmJpNWlZMlJwY0d4dmJXRXVZMjl0THlJc0ltbGtJam9pWkdsa09tVmljMms2TWtFNVFsbzVVMVZsTmtKaGRHRmpVM0IyY3pGV05VTmtha2gyVEhCUk4ySkZjMmt5U21JMlRHUklTMjVSZUdGT0lpd2ljSEpsWm1WeWNtVmtUbUZ0WlNJNklreGxZWE4wYjI0Z1ZXNXBkbVZ5YzJsMGVTSXNJbkpsWjJsemRISmhkR2x2YmlJNklqQTFPVGN3TmpWS0luMHNJbVZ1WkdWa1FYUlVhVzFsSWpvaU1qQXlNQzB3TmkweU5sUXdNRG93TURvd01Gb2lMQ0pwWkNJNkltaDBkSEJ6T2k4dmJHVmhjM1J2Ymk1aVkyUnBjR3h2YldFdVkyOXRMMnhoZHkxbFkyOXViMjFwWTNNdGJXRnVZV2RsYldWdWRDTkJkMkZ5WkdsdVowOXdjRzl5ZEhWdWFYUjVJaXdpYVdSbGJuUnBabWxsY2lJNkltaDBkSEJ6T2k4dlkyVnlkR2xtYVdOaGRHVXRaR1Z0Ynk1aVkyUnBjR3h2YldFdVkyOXRMMk5vWldOckx6ZzNSVVF5UmpJeU56QkZOa00wTVRRMU5rVTVORUk0TmtJNVJEa3hNVFZDTkVVek5VSkRRMEZFTWpBd1FUUTVRamcwTmpVNU1rTXhORVkzT1VNNE5rSldNVVp1WW14c2RHRXdUbHBVYmtwclVqTnNSRmRzVW0xVVJHeFRVbFZLUlZaR1drbFRiVTV0V1hwS2FGVlZOWE5hVlVvMVdqSkdTbE5JY0ZkaWJWcGFJaXdpYkc5allYUnBiMjRpT2lKR1VrRk9RMFVpTENKemRHRnlkR1ZrUVhSVWFXMWxJam9pTWpBeE9TMHdPUzB3TWxRd01Eb3dNRG93TUZvaWZTd2laR0YwWlU5bVFtbHlkR2dpT2lJeE9Ua3pMVEEwTFRBNElpd2labUZ0YVd4NVRtRnRaU0k2SWtSUFJTSXNJbWRwZG1WdVRtRnRaWE1pT2lKS1lXNWxJaXdpWjNKaFpHbHVaMU5qYUdWdFpTSTZleUpwWkNJNkltaDBkSEJ6T2k4dmJHVmhjM1J2Ymk1aVkyUnBjR3h2YldFdVkyOXRMMnhoZHkxbFkyOXViMjFwWTNNdGJXRnVZV2RsYldWdWRDTkhjbUZrYVc1blUyTm9aVzFsSWl3aWRHbDBiR1VpT2lKTWIzZGxjaUJUWldOdmJtUXRRMnhoYzNNZ1NHOXViM1Z5Y3lKOUxDSnBaR1Z1ZEdsbWFXVnlJam9pTURrd05EQXdPREE0TkVnaUxDSnNaV0Z5Ym1sdVowRmphR2xsZG1WdFpXNTBJanA3SW1Ga1pHbDBhVzl1WVd4T2IzUmxJanBiSWtSSlUxUlNTVUpWVkVsUFRpQk5RVTVCUjBWTlJVNVVJbDBzSW1SbGMyTnlhWEIwYVc5dUlqb2lUVUZTUzBWVVNVNUhJRUZPUkNCVFFVeEZVeUlzSW1sa0lqb2lhSFIwY0hNNkx5OXNaV0Z6ZEc5dUxtSmpaR2x3Ykc5dFlTNWpiMjB2YkdGM0xXVmpiMjV2YldsamN5MXRZVzVoWjJWdFpXNTBJMHhsWVhKdWFXNW5RV05vYVdWMmJXVnVkQ0lzSW5ScGRHeGxJam9pVFVGVFZFVlNVeUJNUVZjc0lFVkRUMDVQVFVsRFV5QkJUa1FnVFVGT1FVZEZUVVZPVkNKOUxDSnNaV0Z5Ym1sdVoxTndaV05wWm1sallYUnBiMjRpT25zaVpXTjBjME55WldScGRGQnZhVzUwY3lJNk1USXdMQ0psY1daTVpYWmxiQ0k2Tnl3aWFXUWlPaUpvZEhSd2N6b3ZMMnhsWVhOMGIyNHVZbU5rYVhCc2IyMWhMbU52YlM5c1lYY3RaV052Ym05dGFXTnpMVzFoYm1GblpXMWxiblFqVEdWaGNtNXBibWRUY0dWamFXWnBZMkYwYVc5dUlpd2lhWE5qWldSbVEyOWtaU0k2V3lJM0lsMHNJbTV4Wmt4bGRtVnNJanBiSWpjaVhYMTlMQ0pqY21Wa1pXNTBhV0ZzVTNSaGRIVnpJanA3SW1sa0lqb2lhSFIwY0hNNkx5OWxjM05wWmk1bGRYSnZjR0V1WlhVdmMzUmhkSFZ6TDJWa2RXTmhkR2x2YmlOb2FXZG9aWEpGWkhWallYUnBiMjRqTXpreVlXTTNaall0TXprNVlTMDBNemRpTFdFeU5qZ3RORFk1TVdWaFpEaG1NVGMySWl3aWRIbHdaU0k2SWtOeVpXUmxiblJwWVd4VGRHRjBkWE5NYVhOME1qQXlNQ0o5TENKbGRtbGtaVzVqWlNJNmV5SmtiMk4xYldWdWRGQnlaWE5sYm1ObElqcGJJbEJvZVhOcFkyRnNJbDBzSW1WMmFXUmxibU5sUkc5amRXMWxiblFpT2xzaVVHRnpjM0J2Y25RaVhTd2lhV1FpT2lKb2RIUndjem92TDJWemMybG1MbVYxY205d1lTNWxkUzkwYzNJdGRtRXZaWFpwWkdWdVkyVXZaakpoWldWak9UY3RabU13WkMwME1tSm1MVGhqWVRjdE1EVTBPREU1TW1RMU5qYzRJaXdpYzNWaWFtVmpkRkJ5WlhObGJtTmxJam9pVUdoNWMybGpZV3dpTENKMGVYQmxJanBiSWtSdlkzVnRaVzUwVm1WeWFXWnBZMkYwYVc5dUlsMHNJblpsY21sbWFXVnlJam9pWkdsa09tVmljMms2TWprMk1tWmlOemcwWkdZMk1XSmhZVEkyTjJNNE1UTXlORGszTlRNNVpqaGpOamMwWWpNM1l6RXlORFJoTjJFaWZYMHNJbXAwYVNJNkluVnlianAxZFdsa09qRXdaVFprWlRrd0xXUXlaVGd0TkRCbU15MDVZelJqTFdGak9XSXdNRGcyWXpVMFppSjkud2hJaHctbk5GSVF4b1ItZWd3blFIbFBjWTFhbEdxZU81blNOaHJEOVhfbHBjaXBYNmQ3STdFU3lBUjkycEJtQjViMUVhXzZReWZtUnhpXzZncVJCQlEiXX0sImlhdCI6MTcyNjEzMzk3Nywibm9uY2UiOiJhYmNkIiwianRpIjoidXJuOnV1aWQ6NjFkM2ZmYmMtMjg5Yi00YWMwLWJlYTktZDg0NzdiNjgzYzg4In0.iAP2hx-yG5NS1W6Yct-uMhg05EBzlsSU6kHmztTgy3dF7iI7Vbd3XSwoARWhAhnAcXnyBp229vzP3bT_4rTyAQ
2296 [pool-1-thread-1 @coroutine#83] DEBUG id.walt.auditor.Auditor - Verifying vc with SignaturePolicy ...
2296 [pool-1-thread-1 @coroutine#83] DEBUG id.walt.auditor.policies.SignaturePolicy - is jwt: true
2297 [pool-1-thread-1 @coroutine#83] DEBUG id.walt.services.vc.WaltIdJwtCredentialService - Verifying vc: eyJraWQiOiJkaWQ6a2V5Ono2TWttdVBkcm93MVF1ak4zV05BYmk5bzFBMmQ2Nng1UVJrcjg5TTF1Ujk4ZjdCcSN6Nk1rbXVQZHJvdzFRdWpOM1dOQWJpOW8xQTJkNjZ4NVFSa3I4OU0xdVI5OGY3QnEiLCJ0eXAiOiJKV1QiLCJhbGciOiJFZERTQSJ9.eyJzdWIiOiJkaWQ6a2V5Ono2TWttdVBkcm93MVF1ak4zV05BYmk5bzFBMmQ2Nng1UVJrcjg5TTF1Ujk4ZjdCcSIsImF1ZCI6ImRpZDprZXk6ejZNa211UGRyb3cxUXVqTjNXTkFiaTlvMUEyZDY2eDVRUmtyODlNMXVSOThmN0JxIiwibmJmIjoxNzI2MTMzOTc3LCJpc3MiOiJkaWQ6a2V5Ono2TWttdVBkcm93MVF1ak4zV05BYmk5bzFBMmQ2Nng1UVJrcjg5TTF1Ujk4ZjdCcSIsInZwIjp7InR5cGUiOlsiVmVyaWZpYWJsZVByZXNlbnRhdGlvbiJdLCJAY29udGV4dCI6WyJodHRwczovL3d3dy53My5vcmcvMjAxOC9jcmVkZW50aWFscy92MSJdLCJpZCI6InVybjp1dWlkOjYxZDNmZmJjLTI4OWItNGFjMC1iZWE5LWQ4NDc3YjY4M2M4OCIsImhvbGRlciI6ImRpZDprZXk6ejZNa211UGRyb3cxUXVqTjNXTkFiaTlvMUEyZDY2eDVRUmtyODlNMXVSOThmN0JxIiwidmVyaWZpYWJsZUNyZWRlbnRpYWwiOlsiZXlKcmFXUWlPaUprYVdRNmEyVjVPbm8yVFd0dGRWQmtjbTkzTVZGMWFrNHpWMDVCWW1rNWJ6RkJNbVEyTm5nMVVWSnJjamc1VFRGMVVqazRaamRDY1NONk5rMXJiWFZRWkhKdmR6RlJkV3BPTTFkT1FXSnBPVzh4UVRKa05qWjROVkZTYTNJNE9VMHhkVkk1T0dZM1FuRWlMQ0owZVhBaU9pSktWMVFpTENKaGJHY2lPaUpGWkVSVFFTSjkuZXlKemRXSWlPaUprYVdRNmEyVjVPbm8yVFd0dGRWQmtjbTkzTVZGMWFrNHpWMDVCWW1rNWJ6RkJNbVEyTm5nMVVWSnJjamc1VFRGMVVqazRaamRDY1NJc0ltNWlaaUk2TVRjeU5qRXpNemszTnl3aWFYTnpJam9pWkdsa09tdGxlVHA2TmsxcmJYVlFaSEp2ZHpGUmRXcE9NMWRPUVdKcE9XOHhRVEprTmpaNE5WRlNhM0k0T1UweGRWSTVPR1kzUW5FaUxDSnBZWFFpT2pFM01qWXhNek01Tnpjc0luWmpJanA3SW5SNWNHVWlPbHNpVm1WeWFXWnBZV0pzWlVOeVpXUmxiblJwWVd3aUxDSldaWEpwWm1saFlteGxRWFIwWlhOMFlYUnBiMjRpTENKV1pYSnBabWxoWW14bFJHbHdiRzl0WVNKZExDSkFZMjl1ZEdWNGRDSTZXeUpvZEhSd2N6b3ZMM2QzZHk1M015NXZjbWN2TWpBeE9DOWpjbVZrWlc1MGFXRnNjeTkyTVNKZExDSnBaQ0k2SW5WeWJqcDFkV2xrT2pFd1pUWmtaVGt3TFdReVpUZ3ROREJtTXkwNVl6UmpMV0ZqT1dJd01EZzJZelUwWmlJc0ltbHpjM1ZsY2lJNkltUnBaRHByWlhrNmVqWk5hMjExVUdSeWIzY3hVWFZxVGpOWFRrRmlhVGx2TVVFeVpEWTJlRFZSVW10eU9EbE5NWFZTT1RobU4wSnhJaXdpYVhOemRXRnVZMlZFWVhSbElqb2lNakF5TkMwd09TMHhNbFF3T1Rvek9Ub3pOMW9pTENKcGMzTjFaV1FpT2lJeU1ESTBMVEE1TFRFeVZEQTVPak01T2pNM1dpSXNJblpoYkdsa1JuSnZiU0k2SWpJd01qUXRNRGt0TVRKVU1EazZNems2TXpkYUlpd2laWGh3YVhKaGRHbHZia1JoZEdVaU9pSXlNREl5TFRBNExUTXhWREF3T2pBd09qQXdXaUlzSW1OeVpXUmxiblJwWVd4VFkyaGxiV0VpT25zaWFXUWlPaUpvZEhSd2N6b3ZMM0poZHk1bmFYUm9kV0oxYzJWeVkyOXVkR1Z1ZEM1amIyMHZkMkZzZEMxcFpDOTNZV3gwYVdRdGMzTnBhMmwwTFhaamJHbGlMMjFoYzNSbGNpOXpjbU12ZEdWemRDOXlaWE52ZFhKalpYTXZjMk5vWlcxaGN5OVdaWEpwWm1saFlteGxSR2x3Ykc5dFlTNXFjMjl1SWl3aWRIbHdaU0k2SWtwemIyNVRZMmhsYldGV1lXeHBaR0YwYjNJeU1ERTRJbjBzSW1OeVpXUmxiblJwWVd4VGRXSnFaV04wSWpwN0ltbGtJam9pWkdsa09tdGxlVHA2TmsxcmJYVlFaSEp2ZHpGUmRXcE9NMWRPUVdKcE9XOHhRVEprTmpaNE5WRlNhM0k0T1UweGRWSTVPR1kzUW5FaUxDSmhkMkZ5WkdsdVowOXdjRzl5ZEhWdWFYUjVJanA3SW1GM1lYSmthVzVuUW05a2VTSTZleUpsYVdSaGMweGxaMkZzU1dSbGJuUnBabWxsY2lJNklsVnVhMjV2ZDI0aUxDSm9iMjFsY0dGblpTSTZJbWgwZEhCek9pOHZiR1ZoYzNSdmJpNWlZMlJwY0d4dmJXRXVZMjl0THlJc0ltbGtJam9pWkdsa09tVmljMms2TWtFNVFsbzVVMVZsTmtKaGRHRmpVM0IyY3pGV05VTmtha2gyVEhCUk4ySkZjMmt5U21JMlRHUklTMjVSZUdGT0lpd2ljSEpsWm1WeWNtVmtUbUZ0WlNJNklreGxZWE4wYjI0Z1ZXNXBkbVZ5YzJsMGVTSXNJbkpsWjJsemRISmhkR2x2YmlJNklqQTFPVGN3TmpWS0luMHNJbVZ1WkdWa1FYUlVhVzFsSWpvaU1qQXlNQzB3TmkweU5sUXdNRG93TURvd01Gb2lMQ0pwWkNJNkltaDBkSEJ6T2k4dmJHVmhjM1J2Ymk1aVkyUnBjR3h2YldFdVkyOXRMMnhoZHkxbFkyOXViMjFwWTNNdGJXRnVZV2RsYldWdWRDTkJkMkZ5WkdsdVowOXdjRzl5ZEhWdWFYUjVJaXdpYVdSbGJuUnBabWxsY2lJNkltaDBkSEJ6T2k4dlkyVnlkR2xtYVdOaGRHVXRaR1Z0Ynk1aVkyUnBjR3h2YldFdVkyOXRMMk5vWldOckx6ZzNSVVF5UmpJeU56QkZOa00wTVRRMU5rVTVORUk0TmtJNVJEa3hNVFZDTkVVek5VSkRRMEZFTWpBd1FUUTVRamcwTmpVNU1rTXhORVkzT1VNNE5rSldNVVp1WW14c2RHRXdUbHBVYmtwclVqTnNSRmRzVW0xVVJHeFRVbFZLUlZaR1drbFRiVTV0V1hwS2FGVlZOWE5hVlVvMVdqSkdTbE5JY0ZkaWJWcGFJaXdpYkc5allYUnBiMjRpT2lKR1VrRk9RMFVpTENKemRHRnlkR1ZrUVhSVWFXMWxJam9pTWpBeE9TMHdPUzB3TWxRd01Eb3dNRG93TUZvaWZTd2laR0YwWlU5bVFtbHlkR2dpT2lJeE9Ua3pMVEEwTFRBNElpd2labUZ0YVd4NVRtRnRaU0k2SWtSUFJTSXNJbWRwZG1WdVRtRnRaWE1pT2lKS1lXNWxJaXdpWjNKaFpHbHVaMU5qYUdWdFpTSTZleUpwWkNJNkltaDBkSEJ6T2k4dmJHVmhjM1J2Ymk1aVkyUnBjR3h2YldFdVkyOXRMMnhoZHkxbFkyOXViMjFwWTNNdGJXRnVZV2RsYldWdWRDTkhjbUZrYVc1blUyTm9aVzFsSWl3aWRHbDBiR1VpT2lKTWIzZGxjaUJUWldOdmJtUXRRMnhoYzNNZ1NHOXViM1Z5Y3lKOUxDSnBaR1Z1ZEdsbWFXVnlJam9pTURrd05EQXdPREE0TkVnaUxDSnNaV0Z5Ym1sdVowRmphR2xsZG1WdFpXNTBJanA3SW1Ga1pHbDBhVzl1WVd4T2IzUmxJanBiSWtSSlUxUlNTVUpWVkVsUFRpQk5RVTVCUjBWTlJVNVVJbDBzSW1SbGMyTnlhWEIwYVc5dUlqb2lUVUZTUzBWVVNVNUhJRUZPUkNCVFFVeEZVeUlzSW1sa0lqb2lhSFIwY0hNNkx5OXNaV0Z6ZEc5dUxtSmpaR2x3Ykc5dFlTNWpiMjB2YkdGM0xXVmpiMjV2YldsamN5MXRZVzVoWjJWdFpXNTBJMHhsWVhKdWFXNW5RV05vYVdWMmJXVnVkQ0lzSW5ScGRHeGxJam9pVFVGVFZFVlNVeUJNUVZjc0lFVkRUMDVQVFVsRFV5QkJUa1FnVFVGT1FVZEZUVVZPVkNKOUxDSnNaV0Z5Ym1sdVoxTndaV05wWm1sallYUnBiMjRpT25zaVpXTjBjME55WldScGRGQnZhVzUwY3lJNk1USXdMQ0psY1daTVpYWmxiQ0k2Tnl3aWFXUWlPaUpvZEhSd2N6b3ZMMnhsWVhOMGIyNHVZbU5rYVhCc2IyMWhMbU52YlM5c1lYY3RaV052Ym05dGFXTnpMVzFoYm1GblpXMWxiblFqVEdWaGNtNXBibWRUY0dWamFXWnBZMkYwYVc5dUlpd2lhWE5qWldSbVEyOWtaU0k2V3lJM0lsMHNJbTV4Wmt4bGRtVnNJanBiSWpjaVhYMTlMQ0pqY21Wa1pXNTBhV0ZzVTNSaGRIVnpJanA3SW1sa0lqb2lhSFIwY0hNNkx5OWxjM05wWmk1bGRYSnZjR0V1WlhVdmMzUmhkSFZ6TDJWa2RXTmhkR2x2YmlOb2FXZG9aWEpGWkhWallYUnBiMjRqTXpreVlXTTNaall0TXprNVlTMDBNemRpTFdFeU5qZ3RORFk1TVdWaFpEaG1NVGMySWl3aWRIbHdaU0k2SWtOeVpXUmxiblJwWVd4VGRHRjBkWE5NYVhOME1qQXlNQ0o5TENKbGRtbGtaVzVqWlNJNmV5SmtiMk4xYldWdWRGQnlaWE5sYm1ObElqcGJJbEJvZVhOcFkyRnNJbDBzSW1WMmFXUmxibU5sUkc5amRXMWxiblFpT2xzaVVHRnpjM0J2Y25RaVhTd2lhV1FpT2lKb2RIUndjem92TDJWemMybG1MbVYxY205d1lTNWxkUzkwYzNJdGRtRXZaWFpwWkdWdVkyVXZaakpoWldWak9UY3RabU13WkMwME1tSm1MVGhqWVRjdE1EVTBPREU1TW1RMU5qYzRJaXdpYzNWaWFtVmpkRkJ5WlhObGJtTmxJam9pVUdoNWMybGpZV3dpTENKMGVYQmxJanBiSWtSdlkzVnRaVzUwVm1WeWFXWnBZMkYwYVc5dUlsMHNJblpsY21sbWFXVnlJam9pWkdsa09tVmljMms2TWprMk1tWmlOemcwWkdZMk1XSmhZVEkyTjJNNE1UTXlORGszTlRNNVpqaGpOamMwWWpNM1l6RXlORFJoTjJFaWZYMHNJbXAwYVNJNkluVnlianAxZFdsa09qRXdaVFprWlRrd0xXUXlaVGd0TkRCbU15MDVZelJqTFdGak9XSXdNRGcyWXpVMFppSjkud2hJaHctbk5GSVF4b1ItZWd3blFIbFBjWTFhbEdxZU81blNOaHJEOVhfbHBjaXBYNmQ3STdFU3lBUjkycEJtQjViMUVhXzZReWZtUnhpXzZncVJCQlEiXX0sImlhdCI6MTcyNjEzMzk3Nywibm9uY2UiOiJhYmNkIiwianRpIjoidXJuOnV1aWQ6NjFkM2ZmYmMtMjg5Yi00YWMwLWJlYTktZDg0NzdiNjgzYzg4In0.iAP2hx-yG5NS1W6Yct-uMhg05EBzlsSU6kHmztTgy3dF7iI7Vbd3XSwoARWhAhnAcXnyBp229vzP3bT_4rTyAQ
2297 [pool-1-thread-1 @coroutine#83] DEBUG id.walt.services.jwt.WaltIdJwtService - Verifying token:  eyJraWQiOiJkaWQ6a2V5Ono2TWttdVBkcm93MVF1ak4zV05BYmk5bzFBMmQ2Nng1UVJrcjg5TTF1Ujk4ZjdCcSN6Nk1rbXVQZHJvdzFRdWpOM1dOQWJpOW8xQTJkNjZ4NVFSa3I4OU0xdVI5OGY3QnEiLCJ0eXAiOiJKV1QiLCJhbGciOiJFZERTQSJ9.eyJzdWIiOiJkaWQ6a2V5Ono2TWttdVBkcm93MVF1ak4zV05BYmk5bzFBMmQ2Nng1UVJrcjg5TTF1Ujk4ZjdCcSIsImF1ZCI6ImRpZDprZXk6ejZNa211UGRyb3cxUXVqTjNXTkFiaTlvMUEyZDY2eDVRUmtyODlNMXVSOThmN0JxIiwibmJmIjoxNzI2MTMzOTc3LCJpc3MiOiJkaWQ6a2V5Ono2TWttdVBkcm93MVF1ak4zV05BYmk5bzFBMmQ2Nng1UVJrcjg5TTF1Ujk4ZjdCcSIsInZwIjp7InR5cGUiOlsiVmVyaWZpYWJsZVByZXNlbnRhdGlvbiJdLCJAY29udGV4dCI6WyJodHRwczovL3d3dy53My5vcmcvMjAxOC9jcmVkZW50aWFscy92MSJdLCJpZCI6InVybjp1dWlkOjYxZDNmZmJjLTI4OWItNGFjMC1iZWE5LWQ4NDc3YjY4M2M4OCIsImhvbGRlciI6ImRpZDprZXk6ejZNa211UGRyb3cxUXVqTjNXTkFiaTlvMUEyZDY2eDVRUmtyODlNMXVSOThmN0JxIiwidmVyaWZpYWJsZUNyZWRlbnRpYWwiOlsiZXlKcmFXUWlPaUprYVdRNmEyVjVPbm8yVFd0dGRWQmtjbTkzTVZGMWFrNHpWMDVCWW1rNWJ6RkJNbVEyTm5nMVVWSnJjamc1VFRGMVVqazRaamRDY1NONk5rMXJiWFZRWkhKdmR6RlJkV3BPTTFkT1FXSnBPVzh4UVRKa05qWjROVkZTYTNJNE9VMHhkVkk1T0dZM1FuRWlMQ0owZVhBaU9pSktWMVFpTENKaGJHY2lPaUpGWkVSVFFTSjkuZXlKemRXSWlPaUprYVdRNmEyVjVPbm8yVFd0dGRWQmtjbTkzTVZGMWFrNHpWMDVCWW1rNWJ6RkJNbVEyTm5nMVVWSnJjamc1VFRGMVVqazRaamRDY1NJc0ltNWlaaUk2TVRjeU5qRXpNemszTnl3aWFYTnpJam9pWkdsa09tdGxlVHA2TmsxcmJYVlFaSEp2ZHpGUmRXcE9NMWRPUVdKcE9XOHhRVEprTmpaNE5WRlNhM0k0T1UweGRWSTVPR1kzUW5FaUxDSnBZWFFpT2pFM01qWXhNek01Tnpjc0luWmpJanA3SW5SNWNHVWlPbHNpVm1WeWFXWnBZV0pzWlVOeVpXUmxiblJwWVd3aUxDSldaWEpwWm1saFlteGxRWFIwWlhOMFlYUnBiMjRpTENKV1pYSnBabWxoWW14bFJHbHdiRzl0WVNKZExDSkFZMjl1ZEdWNGRDSTZXeUpvZEhSd2N6b3ZMM2QzZHk1M015NXZjbWN2TWpBeE9DOWpjbVZrWlc1MGFXRnNjeTkyTVNKZExDSnBaQ0k2SW5WeWJqcDFkV2xrT2pFd1pUWmtaVGt3TFdReVpUZ3ROREJtTXkwNVl6UmpMV0ZqT1dJd01EZzJZelUwWmlJc0ltbHpjM1ZsY2lJNkltUnBaRHByWlhrNmVqWk5hMjExVUdSeWIzY3hVWFZxVGpOWFRrRmlhVGx2TVVFeVpEWTJlRFZSVW10eU9EbE5NWFZTT1RobU4wSnhJaXdpYVhOemRXRnVZMlZFWVhSbElqb2lNakF5TkMwd09TMHhNbFF3T1Rvek9Ub3pOMW9pTENKcGMzTjFaV1FpT2lJeU1ESTBMVEE1TFRFeVZEQTVPak01T2pNM1dpSXNJblpoYkdsa1JuSnZiU0k2SWpJd01qUXRNRGt0TVRKVU1EazZNems2TXpkYUlpd2laWGh3YVhKaGRHbHZia1JoZEdVaU9pSXlNREl5TFRBNExUTXhWREF3T2pBd09qQXdXaUlzSW1OeVpXUmxiblJwWVd4VFkyaGxiV0VpT25zaWFXUWlPaUpvZEhSd2N6b3ZMM0poZHk1bmFYUm9kV0oxYzJWeVkyOXVkR1Z1ZEM1amIyMHZkMkZzZEMxcFpDOTNZV3gwYVdRdGMzTnBhMmwwTFhaamJHbGlMMjFoYzNSbGNpOXpjbU12ZEdWemRDOXlaWE52ZFhKalpYTXZjMk5vWlcxaGN5OVdaWEpwWm1saFlteGxSR2x3Ykc5dFlTNXFjMjl1SWl3aWRIbHdaU0k2SWtwemIyNVRZMmhsYldGV1lXeHBaR0YwYjNJeU1ERTRJbjBzSW1OeVpXUmxiblJwWVd4VGRXSnFaV04wSWpwN0ltbGtJam9pWkdsa09tdGxlVHA2TmsxcmJYVlFaSEp2ZHpGUmRXcE9NMWRPUVdKcE9XOHhRVEprTmpaNE5WRlNhM0k0T1UweGRWSTVPR1kzUW5FaUxDSmhkMkZ5WkdsdVowOXdjRzl5ZEhWdWFYUjVJanA3SW1GM1lYSmthVzVuUW05a2VTSTZleUpsYVdSaGMweGxaMkZzU1dSbGJuUnBabWxsY2lJNklsVnVhMjV2ZDI0aUxDSm9iMjFsY0dGblpTSTZJbWgwZEhCek9pOHZiR1ZoYzNSdmJpNWlZMlJwY0d4dmJXRXVZMjl0THlJc0ltbGtJam9pWkdsa09tVmljMms2TWtFNVFsbzVVMVZsTmtKaGRHRmpVM0IyY3pGV05VTmtha2gyVEhCUk4ySkZjMmt5U21JMlRHUklTMjVSZUdGT0lpd2ljSEpsWm1WeWNtVmtUbUZ0WlNJNklreGxZWE4wYjI0Z1ZXNXBkbVZ5YzJsMGVTSXNJbkpsWjJsemRISmhkR2x2YmlJNklqQTFPVGN3TmpWS0luMHNJbVZ1WkdWa1FYUlVhVzFsSWpvaU1qQXlNQzB3TmkweU5sUXdNRG93TURvd01Gb2lMQ0pwWkNJNkltaDBkSEJ6T2k4dmJHVmhjM1J2Ymk1aVkyUnBjR3h2YldFdVkyOXRMMnhoZHkxbFkyOXViMjFwWTNNdGJXRnVZV2RsYldWdWRDTkJkMkZ5WkdsdVowOXdjRzl5ZEhWdWFYUjVJaXdpYVdSbGJuUnBabWxsY2lJNkltaDBkSEJ6T2k4dlkyVnlkR2xtYVdOaGRHVXRaR1Z0Ynk1aVkyUnBjR3h2YldFdVkyOXRMMk5vWldOckx6ZzNSVVF5UmpJeU56QkZOa00wTVRRMU5rVTVORUk0TmtJNVJEa3hNVFZDTkVVek5VSkRRMEZFTWpBd1FUUTVRamcwTmpVNU1rTXhORVkzT1VNNE5rSldNVVp1WW14c2RHRXdUbHBVYmtwclVqTnNSRmRzVW0xVVJHeFRVbFZLUlZaR1drbFRiVTV0V1hwS2FGVlZOWE5hVlVvMVdqSkdTbE5JY0ZkaWJWcGFJaXdpYkc5allYUnBiMjRpT2lKR1VrRk9RMFVpTENKemRHRnlkR1ZrUVhSVWFXMWxJam9pTWpBeE9TMHdPUzB3TWxRd01Eb3dNRG93TUZvaWZTd2laR0YwWlU5bVFtbHlkR2dpT2lJeE9Ua3pMVEEwTFRBNElpd2labUZ0YVd4NVRtRnRaU0k2SWtSUFJTSXNJbWRwZG1WdVRtRnRaWE1pT2lKS1lXNWxJaXdpWjNKaFpHbHVaMU5qYUdWdFpTSTZleUpwWkNJNkltaDBkSEJ6T2k4dmJHVmhjM1J2Ymk1aVkyUnBjR3h2YldFdVkyOXRMMnhoZHkxbFkyOXViMjFwWTNNdGJXRnVZV2RsYldWdWRDTkhjbUZrYVc1blUyTm9aVzFsSWl3aWRHbDBiR1VpT2lKTWIzZGxjaUJUWldOdmJtUXRRMnhoYzNNZ1NHOXViM1Z5Y3lKOUxDSnBaR1Z1ZEdsbWFXVnlJam9pTURrd05EQXdPREE0TkVnaUxDSnNaV0Z5Ym1sdVowRmphR2xsZG1WdFpXNTBJanA3SW1Ga1pHbDBhVzl1WVd4T2IzUmxJanBiSWtSSlUxUlNTVUpWVkVsUFRpQk5RVTVCUjBWTlJVNVVJbDBzSW1SbGMyTnlhWEIwYVc5dUlqb2lUVUZTUzBWVVNVNUhJRUZPUkNCVFFVeEZVeUlzSW1sa0lqb2lhSFIwY0hNNkx5OXNaV0Z6ZEc5dUxtSmpaR2x3Ykc5dFlTNWpiMjB2YkdGM0xXVmpiMjV2YldsamN5MXRZVzVoWjJWdFpXNTBJMHhsWVhKdWFXNW5RV05vYVdWMmJXVnVkQ0lzSW5ScGRHeGxJam9pVFVGVFZFVlNVeUJNUVZjc0lFVkRUMDVQVFVsRFV5QkJUa1FnVFVGT1FVZEZUVVZPVkNKOUxDSnNaV0Z5Ym1sdVoxTndaV05wWm1sallYUnBiMjRpT25zaVpXTjBjME55WldScGRGQnZhVzUwY3lJNk1USXdMQ0psY1daTVpYWmxiQ0k2Tnl3aWFXUWlPaUpvZEhSd2N6b3ZMMnhsWVhOMGIyNHVZbU5rYVhCc2IyMWhMbU52YlM5c1lYY3RaV052Ym05dGFXTnpMVzFoYm1GblpXMWxiblFqVEdWaGNtNXBibWRUY0dWamFXWnBZMkYwYVc5dUlpd2lhWE5qWldSbVEyOWtaU0k2V3lJM0lsMHNJbTV4Wmt4bGRtVnNJanBiSWpjaVhYMTlMQ0pqY21Wa1pXNTBhV0ZzVTNSaGRIVnpJanA3SW1sa0lqb2lhSFIwY0hNNkx5OWxjM05wWmk1bGRYSnZjR0V1WlhVdmMzUmhkSFZ6TDJWa2RXTmhkR2x2YmlOb2FXZG9aWEpGWkhWallYUnBiMjRqTXpreVlXTTNaall0TXprNVlTMDBNemRpTFdFeU5qZ3RORFk1TVdWaFpEaG1NVGMySWl3aWRIbHdaU0k2SWtOeVpXUmxiblJwWVd4VGRHRjBkWE5NYVhOME1qQXlNQ0o5TENKbGRtbGtaVzVqWlNJNmV5SmtiMk4xYldWdWRGQnlaWE5sYm1ObElqcGJJbEJvZVhOcFkyRnNJbDBzSW1WMmFXUmxibU5sUkc5amRXMWxiblFpT2xzaVVHRnpjM0J2Y25RaVhTd2lhV1FpT2lKb2RIUndjem92TDJWemMybG1MbVYxY205d1lTNWxkUzkwYzNJdGRtRXZaWFpwWkdWdVkyVXZaakpoWldWak9UY3RabU13WkMwME1tSm1MVGhqWVRjdE1EVTBPREU1TW1RMU5qYzRJaXdpYzNWaWFtVmpkRkJ5WlhObGJtTmxJam9pVUdoNWMybGpZV3dpTENKMGVYQmxJanBiSWtSdlkzVnRaVzUwVm1WeWFXWnBZMkYwYVc5dUlsMHNJblpsY21sbWFXVnlJam9pWkdsa09tVmljMms2TWprMk1tWmlOemcwWkdZMk1XSmhZVEkyTjJNNE1UTXlORGszTlRNNVpqaGpOamMwWWpNM1l6RXlORFJoTjJFaWZYMHNJbXAwYVNJNkluVnlianAxZFdsa09qRXdaVFprWlRrd0xXUXlaVGd0TkRCbU15MDVZelJqTFdGak9XSXdNRGcyWXpVMFppSjkud2hJaHctbk5GSVF4b1ItZWd3blFIbFBjWTFhbEdxZU81blNOaHJEOVhfbHBjaXBYNmQ3STdFU3lBUjkycEJtQjViMUVhXzZReWZtUnhpXzZncVJCQlEiXX0sImlhdCI6MTcyNjEzMzk3Nywibm9uY2UiOiJhYmNkIiwianRpIjoidXJuOnV1aWQ6NjFkM2ZmYmMtMjg5Yi00YWMwLWJlYTktZDg0NzdiNjgzYzg4In0.iAP2hx-yG5NS1W6Yct-uMhg05EBzlsSU6kHmztTgy3dF7iI7Vbd3XSwoARWhAhnAcXnyBp229vzP3bT_4rTyAQ
2298 [pool-1-thread-1 @coroutine#83] DEBUG id.walt.model.DidUrl - Trying to create DidUrl from URL: "did:key:z6MkmuPdrow1QujN3WNAbi9o1A2d66x5QRkr89M1uR98f7Bq#z6MkmuPdrow1QujN3WNAbi9o1A2d66x5QRkr89M1uR98f7Bq"...
2298 [pool-1-thread-1 @coroutine#83] DEBUG id.walt.model.DidUrl - Trying to create DidUrl from URL: "did:key:z6MkmuPdrow1QujN3WNAbi9o1A2d66x5QRkr89M1uR98f7Bq#z6MkmuPdrow1QujN3WNAbi9o1A2d66x5QRkr89M1uR98f7Bq"...
2298 [pool-1-thread-1 @coroutine#83] DEBUG id.walt.services.did.DidService - Loading or resolving "did:key:z6MkmuPdrow1QujN3WNAbi9o1A2d66x5QRkr89M1uR98f7Bq"...
2298 [pool-1-thread-1 @coroutine#83] DEBUG id.walt.model.DidUrl - Trying to create DidUrl from URL: "did:key:z6MkmuPdrow1QujN3WNAbi9o1A2d66x5QRkr89M1uR98f7Bq"...
2298 [pool-1-thread-1 @coroutine#83] DEBUG id.walt.services.did.DidService - loadOrResolve: url=DidUrl(method=key, identifier=z6MkmuPdrow1QujN3WNAbi9o1A2d66x5QRkr89M1uR98f7Bq, fragment=z6MkmuPdrow1QujN3WNAbi9o1A2d66x5QRkr89M1uR98f7Bq, query=null), length of stored=1639
2299 [pool-1-thread-1 @coroutine#83] DEBUG id.walt.model.DidUrl - Trying to create DidUrl from URL: "did:key:z6MkmuPdrow1QujN3WNAbi9o1A2d66x5QRkr89M1uR98f7Bq"...
2303 [pool-1-thread-1 @coroutine#83] DEBUG id.walt.services.keystore.HKVKeyStoreService - Loading key "did:key:z6MkmuPdrow1QujN3WNAbi9o1A2d66x5QRkr89M1uR98f7Bq#z6MkmuPdrow1QujN3WNAbi9o1A2d66x5QRkr89M1uR98f7Bq".
2303 [pool-1-thread-1 @coroutine#83] DEBUG id.walt.services.jwt.WaltIdJwtService - JWT verified returned:  true (with key: e4c2dfb17e2f4c51ad9a7c37caa45cf2)
2303 [pool-1-thread-1 @coroutine#83] DEBUG id.walt.auditor.VerificationPolicy - VC [VerifiablePresentation] passes policy SignaturePolicy: passed
2304 [pool-1-thread-1 @coroutine#83] DEBUG id.walt.auditor.Auditor - Verifying VerifiableDiploma in VP with SignaturePolicy...
2304 [pool-1-thread-1 @coroutine#83] DEBUG id.walt.auditor.policies.SignaturePolicy - is jwt: true
2304 [pool-1-thread-1 @coroutine#83] DEBUG id.walt.services.vc.WaltIdJwtCredentialService - Verifying vc: eyJraWQiOiJkaWQ6a2V5Ono2TWttdVBkcm93MVF1ak4zV05BYmk5bzFBMmQ2Nng1UVJrcjg5TTF1Ujk4ZjdCcSN6Nk1rbXVQZHJvdzFRdWpOM1dOQWJpOW8xQTJkNjZ4NVFSa3I4OU0xdVI5OGY3QnEiLCJ0eXAiOiJKV1QiLCJhbGciOiJFZERTQSJ9.eyJzdWIiOiJkaWQ6a2V5Ono2TWttdVBkcm93MVF1ak4zV05BYmk5bzFBMmQ2Nng1UVJrcjg5TTF1Ujk4ZjdCcSIsIm5iZiI6MTcyNjEzMzk3NywiaXNzIjoiZGlkOmtleTp6Nk1rbXVQZHJvdzFRdWpOM1dOQWJpOW8xQTJkNjZ4NVFSa3I4OU0xdVI5OGY3QnEiLCJpYXQiOjE3MjYxMzM5NzcsInZjIjp7InR5cGUiOlsiVmVyaWZpYWJsZUNyZWRlbnRpYWwiLCJWZXJpZmlhYmxlQXR0ZXN0YXRpb24iLCJWZXJpZmlhYmxlRGlwbG9tYSJdLCJAY29udGV4dCI6WyJodHRwczovL3d3dy53My5vcmcvMjAxOC9jcmVkZW50aWFscy92MSJdLCJpZCI6InVybjp1dWlkOjEwZTZkZTkwLWQyZTgtNDBmMy05YzRjLWFjOWIwMDg2YzU0ZiIsImlzc3VlciI6ImRpZDprZXk6ejZNa211UGRyb3cxUXVqTjNXTkFiaTlvMUEyZDY2eDVRUmtyODlNMXVSOThmN0JxIiwiaXNzdWFuY2VEYXRlIjoiMjAyNC0wOS0xMlQwOTozOTozN1oiLCJpc3N1ZWQiOiIyMDI0LTA5LTEyVDA5OjM5OjM3WiIsInZhbGlkRnJvbSI6IjIwMjQtMDktMTJUMDk6Mzk6MzdaIiwiZXhwaXJhdGlvbkRhdGUiOiIyMDIyLTA4LTMxVDAwOjAwOjAwWiIsImNyZWRlbnRpYWxTY2hlbWEiOnsiaWQiOiJodHRwczovL3Jhdy5naXRodWJ1c2VyY29udGVudC5jb20vd2FsdC1pZC93YWx0aWQtc3Npa2l0LXZjbGliL21hc3Rlci9zcmMvdGVzdC9yZXNvdXJjZXMvc2NoZW1hcy9WZXJpZmlhYmxlRGlwbG9tYS5qc29uIiwidHlwZSI6Ikpzb25TY2hlbWFWYWxpZGF0b3IyMDE4In0sImNyZWRlbnRpYWxTdWJqZWN0Ijp7ImlkIjoiZGlkOmtleTp6Nk1rbXVQZHJvdzFRdWpOM1dOQWJpOW8xQTJkNjZ4NVFSa3I4OU0xdVI5OGY3QnEiLCJhd2FyZGluZ09wcG9ydHVuaXR5Ijp7ImF3YXJkaW5nQm9keSI6eyJlaWRhc0xlZ2FsSWRlbnRpZmllciI6IlVua25vd24iLCJob21lcGFnZSI6Imh0dHBzOi8vbGVhc3Rvbi5iY2RpcGxvbWEuY29tLyIsImlkIjoiZGlkOmVic2k6MkE5Qlo5U1VlNkJhdGFjU3B2czFWNUNkakh2THBRN2JFc2kySmI2TGRIS25ReGFOIiwicHJlZmVycmVkTmFtZSI6IkxlYXN0b24gVW5pdmVyc2l0eSIsInJlZ2lzdHJhdGlvbiI6IjA1OTcwNjVKIn0sImVuZGVkQXRUaW1lIjoiMjAyMC0wNi0yNlQwMDowMDowMFoiLCJpZCI6Imh0dHBzOi8vbGVhc3Rvbi5iY2RpcGxvbWEuY29tL2xhdy1lY29ub21pY3MtbWFuYWdlbWVudCNBd2FyZGluZ09wcG9ydHVuaXR5IiwiaWRlbnRpZmllciI6Imh0dHBzOi8vY2VydGlmaWNhdGUtZGVtby5iY2RpcGxvbWEuY29tL2NoZWNrLzg3RUQyRjIyNzBFNkM0MTQ1NkU5NEI4NkI5RDkxMTVCNEUzNUJDQ0FEMjAwQTQ5Qjg0NjU5MkMxNEY3OUM4NkJWMUZuYmxsdGEwTlpUbkprUjNsRFdsUm1URGxTUlVKRVZGWklTbU5tWXpKaFVVNXNaVUo1WjJGSlNIcFdibVpaIiwibG9jYXRpb24iOiJGUkFOQ0UiLCJzdGFydGVkQXRUaW1lIjoiMjAxOS0wOS0wMlQwMDowMDowMFoifSwiZGF0ZU9mQmlydGgiOiIxOTkzLTA0LTA4IiwiZmFtaWx5TmFtZSI6IkRPRSIsImdpdmVuTmFtZXMiOiJKYW5lIiwiZ3JhZGluZ1NjaGVtZSI6eyJpZCI6Imh0dHBzOi8vbGVhc3Rvbi5iY2RpcGxvbWEuY29tL2xhdy1lY29ub21pY3MtbWFuYWdlbWVudCNHcmFkaW5nU2NoZW1lIiwidGl0bGUiOiJMb3dlciBTZWNvbmQtQ2xhc3MgSG9ub3VycyJ9LCJpZGVudGlmaWVyIjoiMDkwNDAwODA4NEgiLCJsZWFybmluZ0FjaGlldmVtZW50Ijp7ImFkZGl0aW9uYWxOb3RlIjpbIkRJU1RSSUJVVElPTiBNQU5BR0VNRU5UIl0sImRlc2NyaXB0aW9uIjoiTUFSS0VUSU5HIEFORCBTQUxFUyIsImlkIjoiaHR0cHM6Ly9sZWFzdG9uLmJjZGlwbG9tYS5jb20vbGF3LWVjb25vbWljcy1tYW5hZ2VtZW50I0xlYXJuaW5nQWNoaWV2bWVudCIsInRpdGxlIjoiTUFTVEVSUyBMQVcsIEVDT05PTUlDUyBBTkQgTUFOQUdFTUVOVCJ9LCJsZWFybmluZ1NwZWNpZmljYXRpb24iOnsiZWN0c0NyZWRpdFBvaW50cyI6MTIwLCJlcWZMZXZlbCI6NywiaWQiOiJodHRwczovL2xlYXN0b24uYmNkaXBsb21hLmNvbS9sYXctZWNvbm9taWNzLW1hbmFnZW1lbnQjTGVhcm5pbmdTcGVjaWZpY2F0aW9uIiwiaXNjZWRmQ29kZSI6WyI3Il0sIm5xZkxldmVsIjpbIjciXX19LCJjcmVkZW50aWFsU3RhdHVzIjp7ImlkIjoiaHR0cHM6Ly9lc3NpZi5ldXJvcGEuZXUvc3RhdHVzL2VkdWNhdGlvbiNoaWdoZXJFZHVjYXRpb24jMzkyYWM3ZjYtMzk5YS00MzdiLWEyNjgtNDY5MWVhZDhmMTc2IiwidHlwZSI6IkNyZWRlbnRpYWxTdGF0dXNMaXN0MjAyMCJ9LCJldmlkZW5jZSI6eyJkb2N1bWVudFByZXNlbmNlIjpbIlBoeXNpY2FsIl0sImV2aWRlbmNlRG9jdW1lbnQiOlsiUGFzc3BvcnQiXSwiaWQiOiJodHRwczovL2Vzc2lmLmV1cm9wYS5ldS90c3ItdmEvZXZpZGVuY2UvZjJhZWVjOTctZmMwZC00MmJmLThjYTctMDU0ODE5MmQ1Njc4Iiwic3ViamVjdFByZXNlbmNlIjoiUGh5c2ljYWwiLCJ0eXBlIjpbIkRvY3VtZW50VmVyaWZpY2F0aW9uIl0sInZlcmlmaWVyIjoiZGlkOmVic2k6Mjk2MmZiNzg0ZGY2MWJhYTI2N2M4MTMyNDk3NTM5ZjhjNjc0YjM3YzEyNDRhN2EifX0sImp0aSI6InVybjp1dWlkOjEwZTZkZTkwLWQyZTgtNDBmMy05YzRjLWFjOWIwMDg2YzU0ZiJ9.whIhw-nNFIQxoR-egwnQHlPcY1alGqeO5nSNhrD9X_lpcipX6d7I7ESyAR92pBmB5b1Ea_6QyfmRxi_6gqRBBQ
2305 [pool-1-thread-1 @coroutine#83] DEBUG id.walt.services.jwt.WaltIdJwtService - Verifying token:  eyJraWQiOiJkaWQ6a2V5Ono2TWttdVBkcm93MVF1ak4zV05BYmk5bzFBMmQ2Nng1UVJrcjg5TTF1Ujk4ZjdCcSN6Nk1rbXVQZHJvdzFRdWpOM1dOQWJpOW8xQTJkNjZ4NVFSa3I4OU0xdVI5OGY3QnEiLCJ0eXAiOiJKV1QiLCJhbGciOiJFZERTQSJ9.eyJzdWIiOiJkaWQ6a2V5Ono2TWttdVBkcm93MVF1ak4zV05BYmk5bzFBMmQ2Nng1UVJrcjg5TTF1Ujk4ZjdCcSIsIm5iZiI6MTcyNjEzMzk3NywiaXNzIjoiZGlkOmtleTp6Nk1rbXVQZHJvdzFRdWpOM1dOQWJpOW8xQTJkNjZ4NVFSa3I4OU0xdVI5OGY3QnEiLCJpYXQiOjE3MjYxMzM5NzcsInZjIjp7InR5cGUiOlsiVmVyaWZpYWJsZUNyZWRlbnRpYWwiLCJWZXJpZmlhYmxlQXR0ZXN0YXRpb24iLCJWZXJpZmlhYmxlRGlwbG9tYSJdLCJAY29udGV4dCI6WyJodHRwczovL3d3dy53My5vcmcvMjAxOC9jcmVkZW50aWFscy92MSJdLCJpZCI6InVybjp1dWlkOjEwZTZkZTkwLWQyZTgtNDBmMy05YzRjLWFjOWIwMDg2YzU0ZiIsImlzc3VlciI6ImRpZDprZXk6ejZNa211UGRyb3cxUXVqTjNXTkFiaTlvMUEyZDY2eDVRUmtyODlNMXVSOThmN0JxIiwiaXNzdWFuY2VEYXRlIjoiMjAyNC0wOS0xMlQwOTozOTozN1oiLCJpc3N1ZWQiOiIyMDI0LTA5LTEyVDA5OjM5OjM3WiIsInZhbGlkRnJvbSI6IjIwMjQtMDktMTJUMDk6Mzk6MzdaIiwiZXhwaXJhdGlvbkRhdGUiOiIyMDIyLTA4LTMxVDAwOjAwOjAwWiIsImNyZWRlbnRpYWxTY2hlbWEiOnsiaWQiOiJodHRwczovL3Jhdy5naXRodWJ1c2VyY29udGVudC5jb20vd2FsdC1pZC93YWx0aWQtc3Npa2l0LXZjbGliL21hc3Rlci9zcmMvdGVzdC9yZXNvdXJjZXMvc2NoZW1hcy9WZXJpZmlhYmxlRGlwbG9tYS5qc29uIiwidHlwZSI6Ikpzb25TY2hlbWFWYWxpZGF0b3IyMDE4In0sImNyZWRlbnRpYWxTdWJqZWN0Ijp7ImlkIjoiZGlkOmtleTp6Nk1rbXVQZHJvdzFRdWpOM1dOQWJpOW8xQTJkNjZ4NVFSa3I4OU0xdVI5OGY3QnEiLCJhd2FyZGluZ09wcG9ydHVuaXR5Ijp7ImF3YXJkaW5nQm9keSI6eyJlaWRhc0xlZ2FsSWRlbnRpZmllciI6IlVua25vd24iLCJob21lcGFnZSI6Imh0dHBzOi8vbGVhc3Rvbi5iY2RpcGxvbWEuY29tLyIsImlkIjoiZGlkOmVic2k6MkE5Qlo5U1VlNkJhdGFjU3B2czFWNUNkakh2THBRN2JFc2kySmI2TGRIS25ReGFOIiwicHJlZmVycmVkTmFtZSI6IkxlYXN0b24gVW5pdmVyc2l0eSIsInJlZ2lzdHJhdGlvbiI6IjA1OTcwNjVKIn0sImVuZGVkQXRUaW1lIjoiMjAyMC0wNi0yNlQwMDowMDowMFoiLCJpZCI6Imh0dHBzOi8vbGVhc3Rvbi5iY2RpcGxvbWEuY29tL2xhdy1lY29ub21pY3MtbWFuYWdlbWVudCNBd2FyZGluZ09wcG9ydHVuaXR5IiwiaWRlbnRpZmllciI6Imh0dHBzOi8vY2VydGlmaWNhdGUtZGVtby5iY2RpcGxvbWEuY29tL2NoZWNrLzg3RUQyRjIyNzBFNkM0MTQ1NkU5NEI4NkI5RDkxMTVCNEUzNUJDQ0FEMjAwQTQ5Qjg0NjU5MkMxNEY3OUM4NkJWMUZuYmxsdGEwTlpUbkprUjNsRFdsUm1URGxTUlVKRVZGWklTbU5tWXpKaFVVNXNaVUo1WjJGSlNIcFdibVpaIiwibG9jYXRpb24iOiJGUkFOQ0UiLCJzdGFydGVkQXRUaW1lIjoiMjAxOS0wOS0wMlQwMDowMDowMFoifSwiZGF0ZU9mQmlydGgiOiIxOTkzLTA0LTA4IiwiZmFtaWx5TmFtZSI6IkRPRSIsImdpdmVuTmFtZXMiOiJKYW5lIiwiZ3JhZGluZ1NjaGVtZSI6eyJpZCI6Imh0dHBzOi8vbGVhc3Rvbi5iY2RpcGxvbWEuY29tL2xhdy1lY29ub21pY3MtbWFuYWdlbWVudCNHcmFkaW5nU2NoZW1lIiwidGl0bGUiOiJMb3dlciBTZWNvbmQtQ2xhc3MgSG9ub3VycyJ9LCJpZGVudGlmaWVyIjoiMDkwNDAwODA4NEgiLCJsZWFybmluZ0FjaGlldmVtZW50Ijp7ImFkZGl0aW9uYWxOb3RlIjpbIkRJU1RSSUJVVElPTiBNQU5BR0VNRU5UIl0sImRlc2NyaXB0aW9uIjoiTUFSS0VUSU5HIEFORCBTQUxFUyIsImlkIjoiaHR0cHM6Ly9sZWFzdG9uLmJjZGlwbG9tYS5jb20vbGF3LWVjb25vbWljcy1tYW5hZ2VtZW50I0xlYXJuaW5nQWNoaWV2bWVudCIsInRpdGxlIjoiTUFTVEVSUyBMQVcsIEVDT05PTUlDUyBBTkQgTUFOQUdFTUVOVCJ9LCJsZWFybmluZ1NwZWNpZmljYXRpb24iOnsiZWN0c0NyZWRpdFBvaW50cyI6MTIwLCJlcWZMZXZlbCI6NywiaWQiOiJodHRwczovL2xlYXN0b24uYmNkaXBsb21hLmNvbS9sYXctZWNvbm9taWNzLW1hbmFnZW1lbnQjTGVhcm5pbmdTcGVjaWZpY2F0aW9uIiwiaXNjZWRmQ29kZSI6WyI3Il0sIm5xZkxldmVsIjpbIjciXX19LCJjcmVkZW50aWFsU3RhdHVzIjp7ImlkIjoiaHR0cHM6Ly9lc3NpZi5ldXJvcGEuZXUvc3RhdHVzL2VkdWNhdGlvbiNoaWdoZXJFZHVjYXRpb24jMzkyYWM3ZjYtMzk5YS00MzdiLWEyNjgtNDY5MWVhZDhmMTc2IiwidHlwZSI6IkNyZWRlbnRpYWxTdGF0dXNMaXN0MjAyMCJ9LCJldmlkZW5jZSI6eyJkb2N1bWVudFByZXNlbmNlIjpbIlBoeXNpY2FsIl0sImV2aWRlbmNlRG9jdW1lbnQiOlsiUGFzc3BvcnQiXSwiaWQiOiJodHRwczovL2Vzc2lmLmV1cm9wYS5ldS90c3ItdmEvZXZpZGVuY2UvZjJhZWVjOTctZmMwZC00MmJmLThjYTctMDU0ODE5MmQ1Njc4Iiwic3ViamVjdFByZXNlbmNlIjoiUGh5c2ljYWwiLCJ0eXBlIjpbIkRvY3VtZW50VmVyaWZpY2F0aW9uIl0sInZlcmlmaWVyIjoiZGlkOmVic2k6Mjk2MmZiNzg0ZGY2MWJhYTI2N2M4MTMyNDk3NTM5ZjhjNjc0YjM3YzEyNDRhN2EifX0sImp0aSI6InVybjp1dWlkOjEwZTZkZTkwLWQyZTgtNDBmMy05YzRjLWFjOWIwMDg2YzU0ZiJ9.whIhw-nNFIQxoR-egwnQHlPcY1alGqeO5nSNhrD9X_lpcipX6d7I7ESyAR92pBmB5b1Ea_6QyfmRxi_6gqRBBQ
2305 [pool-1-thread-1 @coroutine#83] DEBUG id.walt.model.DidUrl - Trying to create DidUrl from URL: "did:key:z6MkmuPdrow1QujN3WNAbi9o1A2d66x5QRkr89M1uR98f7Bq#z6MkmuPdrow1QujN3WNAbi9o1A2d66x5QRkr89M1uR98f7Bq"...
2305 [pool-1-thread-1 @coroutine#83] DEBUG id.walt.model.DidUrl - Trying to create DidUrl from URL: "did:key:z6MkmuPdrow1QujN3WNAbi9o1A2d66x5QRkr89M1uR98f7Bq#z6MkmuPdrow1QujN3WNAbi9o1A2d66x5QRkr89M1uR98f7Bq"...
2305 [pool-1-thread-1 @coroutine#83] DEBUG id.walt.services.did.DidService - Loading or resolving "did:key:z6MkmuPdrow1QujN3WNAbi9o1A2d66x5QRkr89M1uR98f7Bq"...
2305 [pool-1-thread-1 @coroutine#83] DEBUG id.walt.model.DidUrl - Trying to create DidUrl from URL: "did:key:z6MkmuPdrow1QujN3WNAbi9o1A2d66x5QRkr89M1uR98f7Bq"...
2305 [pool-1-thread-1 @coroutine#83] DEBUG id.walt.services.did.DidService - loadOrResolve: url=DidUrl(method=key, identifier=z6MkmuPdrow1QujN3WNAbi9o1A2d66x5QRkr89M1uR98f7Bq, fragment=z6MkmuPdrow1QujN3WNAbi9o1A2d66x5QRkr89M1uR98f7Bq, query=null), length of stored=1639
2306 [pool-1-thread-1 @coroutine#83] DEBUG id.walt.model.DidUrl - Trying to create DidUrl from URL: "did:key:z6MkmuPdrow1QujN3WNAbi9o1A2d66x5QRkr89M1uR98f7Bq"...
2309 [pool-1-thread-1 @coroutine#83] DEBUG id.walt.services.keystore.HKVKeyStoreService - Loading key "did:key:z6MkmuPdrow1QujN3WNAbi9o1A2d66x5QRkr89M1uR98f7Bq#z6MkmuPdrow1QujN3WNAbi9o1A2d66x5QRkr89M1uR98f7Bq".
2309 [pool-1-thread-1 @coroutine#83] DEBUG id.walt.services.jwt.WaltIdJwtService - JWT verified returned:  true (with key: e4c2dfb17e2f4c51ad9a7c37caa45cf2)
2310 [pool-1-thread-1 @coroutine#83] DEBUG id.walt.auditor.VerificationPolicy - VC [VerifiableCredential, VerifiableAttestation, VerifiableDiploma] passes policy SignaturePolicy: passed
2310 [pool-1-thread-1 @coroutine#83] DEBUG id.walt.auditor.Auditor - Verifying vc with JsonSchemaPolicy ...
2310 [pool-1-thread-1 @coroutine#83] DEBUG id.walt.auditor.VerificationPolicy - VC [VerifiablePresentation] passes policy JsonSchemaPolicy: passed
2310 [pool-1-thread-1 @coroutine#83] DEBUG id.walt.auditor.Auditor - Verifying VerifiableDiploma in VP with JsonSchemaPolicy...
2341 [pool-1-thread-1 @coroutine#83] DEBUG id.walt.auditor.VerificationPolicy - VC [VerifiableCredential, VerifiableAttestation, VerifiableDiploma] passes policy JsonSchemaPolicy: passed
2349 [pool-1-thread-1 @coroutine#87] DEBUG id.walt.services.keystore.HKVKeyStoreService - Storing key "26b5c45821df410590b5dc92459b15a6".
2349 [pool-1-thread-1 @coroutine#87] DEBUG id.walt.services.keystore.HKVKeyStoreService - Loading key "26b5c45821df410590b5dc92459b15a6".
2349 [pool-1-thread-1 @coroutine#87] DEBUG id.walt.model.DidUrl - Trying to create DidUrl from URL: "did:key:z6MkrfDvwiTpYFqthLx8LBioWBTENj6yoWRZTUR7nAEu5bEn"...
2351 [pool-1-thread-1 @coroutine#87] DEBUG id.walt.services.keystore.HKVKeyStoreService - Loading key "26b5c45821df410590b5dc92459b15a6".
2351 [pool-1-thread-1 @coroutine#87] DEBUG id.walt.services.did.DidService - A key with the id "26b5c45821df410590b5dc92459b15a6" exists.
2351 [pool-1-thread-1 @coroutine#87] DEBUG id.walt.model.DidUrl - Trying to create DidUrl from URL: "did:key:z6MkrfDvwiTpYFqthLx8LBioWBTENj6yoWRZTUR7nAEu5bEn"...
2351 [pool-1-thread-1 @coroutine#87] DEBUG id.walt.model.DidUrl - Trying to create DidUrl from URL: "did:key:z6MkrfDvwiTpYFqthLx8LBioWBTENj6yoWRZTUR7nAEu5bEn"...
2352 [pool-1-thread-1 @coroutine#87] DEBUG id.walt.model.DidUrl - Trying to create DidUrl from URL: "did:key:z6MkrfDvwiTpYFqthLx8LBioWBTENj6yoWRZTUR7nAEu5bEn"...
2352 [pool-1-thread-1 @coroutine#87] DEBUG id.walt.model.DidUrl - Trying to create DidUrl from URL: "did:key:z6MkrfDvwiTpYFqthLx8LBioWBTENj6yoWRZTUR7nAEu5bEn"...
2352 [pool-1-thread-1 @coroutine#87] DEBUG id.walt.model.DidUrl - Trying to create DidUrl from URL: "did:key:z6MkrfDvwiTpYFqthLx8LBioWBTENj6yoWRZTUR7nAEu5bEn"...
2353 [pool-1-thread-1 @coroutine#87] DEBUG id.walt.signatory.WaltIdSignatory - Signing credential with proof using LD_PROOF...
2353 [pool-1-thread-1 @coroutine#87] DEBUG id.walt.signatory.WaltIdSignatory - Signing credential with proof using LD_PROOF, credential is: {"type":["VerifiableCredential","VerifiableAttestation","VerifiableDiploma"],"@context":["https://www.w3.org/2018/credentials/v1"],"id":"urn:uuid:999a06e1-b15d-42be-bfbc-7a7e98ad1b00","issuer":"did:key:z6MkrfDvwiTpYFqthLx8LBioWBTENj6yoWRZTUR7nAEu5bEn","issuanceDate":"2024-09-12T09:39:37Z","issued":"2024-09-12T09:39:37Z","validFrom":"2024-09-12T09:39:37Z","expirationDate":"2022-08-31T00:00:00Z","credentialSchema":{"id":"https://raw.githubusercontent.com/walt-id/waltid-ssikit-vclib/master/src/test/resources/schemas/VerifiableDiploma.json","type":"JsonSchemaValidator2018"},"credentialSubject":{"id":"did:key:z6MkrfDvwiTpYFqthLx8LBioWBTENj6yoWRZTUR7nAEu5bEn","awardingOpportunity":{"awardingBody":{"eidasLegalIdentifier":"Unknown","homepage":"https://leaston.bcdiploma.com/","id":"did:ebsi:2A9BZ9SUe6BatacSpvs1V5CdjHvLpQ7bEsi2Jb6LdHKnQxaN","preferredName":"Leaston University","registration":"0597065J"},"endedAtTime":"2020-06-26T00:00:00Z","id":"https://leaston.bcdiploma.com/law-economics-management#AwardingOpportunity","identifier":"https://certificate-demo.bcdiploma.com/check/87ED2F2270E6C41456E94B86B9D9115B4E35BCCAD200A49B846592C14F79C86BV1Fnbllta0NZTnJkR3lDWlRmTDlSRUJEVFZISmNmYzJhUU5sZUJ5Z2FJSHpWbmZZ","location":"FRANCE","startedAtTime":"2019-09-02T00:00:00Z"},"dateOfBirth":"1993-04-08","familyName":"DOE","givenNames":"Jane","gradingScheme":{"id":"https://leaston.bcdiploma.com/law-economics-management#GradingScheme","title":"Lower Second-Class Honours"},"identifier":"0904008084H","learningAchievement":{"additionalNote":["DISTRIBUTION MANAGEMENT"],"description":"MARKETING AND SALES","id":"https://leaston.bcdiploma.com/law-economics-management#LearningAchievment","title":"MASTERS LAW, ECONOMICS AND MANAGEMENT"},"learningSpecification":{"ectsCreditPoints":120,"eqfLevel":7,"id":"https://leaston.bcdiploma.com/law-economics-management#LearningSpecification","iscedfCode":["7"],"nqfLevel":["7"]}},"credentialStatus":{"id":"https://essif.europa.eu/status/education#higherEducation#392ac7f6-399a-437b-a268-4691ead8f176","type":"CredentialStatusList2020"},"evidence":{"documentPresence":["Physical"],"evidenceDocument":["Passport"],"id":"https://essif.europa.eu/tsr-va/evidence/f2aeec97-fc0d-42bf-8ca7-0548192d5678","subjectPresence":"Physical","type":["DocumentVerification"],"verifier":"did:ebsi:2962fb784df61baa267c8132497539f8c674b37c1244a7a"}}
2353 [pool-1-thread-1 @coroutine#87] DEBUG id.walt.services.vc.WaltIdJsonLdCredentialService - Signing jsonLd object with: issuerDid (did:key:z6MkrfDvwiTpYFqthLx8LBioWBTENj6yoWRZTUR7nAEu5bEn), domain (null), nonce (null
2353 [pool-1-thread-1 @coroutine#87] DEBUG id.walt.services.keystore.HKVKeyStoreService - Loading key "did:key:z6MkrfDvwiTpYFqthLx8LBioWBTENj6yoWRZTUR7nAEu5bEn#z6MkrfDvwiTpYFqthLx8LBioWBTENj6yoWRZTUR7nAEu5bEn".
2353 [pool-1-thread-1 @coroutine#87] DEBUG id.walt.services.vc.WaltIdJsonLdCredentialService - Signing: {"type":["VerifiableCredential","VerifiableAttestation","VerifiableDiploma"],"@context":["https://www.w3.org/2018/credentials/v1"],"id":"urn:uuid:999a06e1-b15d-42be-bfbc-7a7e98ad1b00","issuer":"did:key:z6MkrfDvwiTpYFqthLx8LBioWBTENj6yoWRZTUR7nAEu5bEn","issuanceDate":"2024-09-12T09:39:37Z","issued":"2024-09-12T09:39:37Z","validFrom":"2024-09-12T09:39:37Z","expirationDate":"2022-08-31T00:00:00Z","credentialSchema":{"id":"https://raw.githubusercontent.com/walt-id/waltid-ssikit-vclib/master/src/test/resources/schemas/VerifiableDiploma.json","type":"JsonSchemaValidator2018"},"credentialSubject":{"id":"did:key:z6MkrfDvwiTpYFqthLx8LBioWBTENj6yoWRZTUR7nAEu5bEn","awardingOpportunity":{"awardingBody":{"eidasLegalIdentifier":"Unknown","homepage":"https://leaston.bcdiploma.com/","id":"did:ebsi:2A9BZ9SUe6BatacSpvs1V5CdjHvLpQ7bEsi2Jb6LdHKnQxaN","preferredName":"Leaston University","registration":"0597065J"},"endedAtTime":"2020-06-26T00:00:00Z","id":"https://leaston.bcdiploma.com/law-economics-management#AwardingOpportunity","identifier":"https://certificate-demo.bcdiploma.com/check/87ED2F2270E6C41456E94B86B9D9115B4E35BCCAD200A49B846592C14F79C86BV1Fnbllta0NZTnJkR3lDWlRmTDlSRUJEVFZISmNmYzJhUU5sZUJ5Z2FJSHpWbmZZ","location":"FRANCE","startedAtTime":"2019-09-02T00:00:00Z"},"dateOfBirth":"1993-04-08","familyName":"DOE","givenNames":"Jane","gradingScheme":{"id":"https://leaston.bcdiploma.com/law-economics-management#GradingScheme","title":"Lower Second-Class Honours"},"identifier":"0904008084H","learningAchievement":{"additionalNote":["DISTRIBUTION MANAGEMENT"],"description":"MARKETING AND SALES","id":"https://leaston.bcdiploma.com/law-economics-management#LearningAchievment","title":"MASTERS LAW, ECONOMICS AND MANAGEMENT"},"learningSpecification":{"ectsCreditPoints":120,"eqfLevel":7,"id":"https://leaston.bcdiploma.com/law-economics-management#LearningSpecification","iscedfCode":["7"],"nqfLevel":["7"]}},"credentialStatus":{"id":"https://essif.europa.eu/status/education#higherEducation#392ac7f6-399a-437b-a268-4691ead8f176","type":"CredentialStatusList2020"},"evidence":{"documentPresence":["Physical"],"evidenceDocument":["Passport"],"id":"https://essif.europa.eu/tsr-va/evidence/f2aeec97-fc0d-42bf-8ca7-0548192d5678","subjectPresence":"Physical","type":["DocumentVerification"],"verifier":"did:ebsi:2962fb784df61baa267c8132497539f8c674b37c1244a7a"}}
Sep 12, 2024 11:39:37 AM com.apicatalog.jsonld.deseralization.JsonLdToRdf build
WARNING: Non well-formed subject [https://essif.europa.eu/status/education#higherEducation#392ac7f6-399a-437b-a268-4691ead8f176] has been skipped.
2357 [pool-1-thread-1 @coroutine#87] DEBUG id.walt.services.keystore.HKVKeyStoreService - Loading key "26b5c45821df410590b5dc92459b15a6".
2357 [pool-1-thread-1 @coroutine#87] DEBUG id.walt.services.keystore.HKVKeyStoreService - Loading key "26b5c45821df410590b5dc92459b15a6".
2357 [pool-1-thread-1 @coroutine#87] DEBUG id.walt.services.keystore.HKVKeyStoreService - Loading key "26b5c45821df410590b5dc92459b15a6".
2358 [pool-1-thread-1 @coroutine#87] DEBUG id.walt.signatory.WaltIdSignatory - Signed VC is: {
  "type" : [ "VerifiableCredential", "VerifiableAttestation", "VerifiableDiploma" ],
  "@context" : [ "https://www.w3.org/2018/credentials/v1", "https://w3id.org/security/suites/jws-2020/v1" ],
  "id" : "urn:uuid:999a06e1-b15d-42be-bfbc-7a7e98ad1b00",
  "issuer" : "did:key:z6MkrfDvwiTpYFqthLx8LBioWBTENj6yoWRZTUR7nAEu5bEn",
  "issuanceDate" : "2024-09-12T09:39:37Z",
  "issued" : "2024-09-12T09:39:37Z",
  "validFrom" : "2024-09-12T09:39:37Z",
  "expirationDate" : "2022-08-31T00:00:00Z",
  "credentialSchema" : {
    "id" : "https://raw.githubusercontent.com/walt-id/waltid-ssikit-vclib/master/src/test/resources/schemas/VerifiableDiploma.json",
    "type" : "JsonSchemaValidator2018"
  },
  "credentialSubject" : {
    "id" : "did:key:z6MkrfDvwiTpYFqthLx8LBioWBTENj6yoWRZTUR7nAEu5bEn",
    "awardingOpportunity" : {
      "awardingBody" : {
        "eidasLegalIdentifier" : "Unknown",
        "homepage" : "https://leaston.bcdiploma.com/",
        "id" : "did:ebsi:2A9BZ9SUe6BatacSpvs1V5CdjHvLpQ7bEsi2Jb6LdHKnQxaN",
        "preferredName" : "Leaston University",
        "registration" : "0597065J"
      },
      "endedAtTime" : "2020-06-26T00:00:00Z",
      "id" : "https://leaston.bcdiploma.com/law-economics-management#AwardingOpportunity",
      "identifier" : "https://certificate-demo.bcdiploma.com/check/87ED2F2270E6C41456E94B86B9D9115B4E35BCCAD200A49B846592C14F79C86BV1Fnbllta0NZTnJkR3lDWlRmTDlSRUJEVFZISmNmYzJhUU5sZUJ5Z2FJSHpWbmZZ",
      "location" : "FRANCE",
      "startedAtTime" : "2019-09-02T00:00:00Z"
    },
    "dateOfBirth" : "1993-04-08",
    "familyName" : "DOE",
    "givenNames" : "Jane",
    "gradingScheme" : {
      "id" : "https://leaston.bcdiploma.com/law-economics-management#GradingScheme",
      "title" : "Lower Second-Class Honours"
    },
    "identifier" : "0904008084H",
    "learningAchievement" : {
      "additionalNote" : [ "DISTRIBUTION MANAGEMENT" ],
      "description" : "MARKETING AND SALES",
      "id" : "https://leaston.bcdiploma.com/law-economics-management#LearningAchievment",
      "title" : "MASTERS LAW, ECONOMICS AND MANAGEMENT"
    },
    "learningSpecification" : {
      "ectsCreditPoints" : 120,
      "eqfLevel" : 7,
      "id" : "https://leaston.bcdiploma.com/law-economics-management#LearningSpecification",
      "iscedfCode" : [ "7" ],
      "nqfLevel" : [ "7" ]
    }
  },
  "credentialStatus" : {
    "id" : "https://essif.europa.eu/status/education#higherEducation#392ac7f6-399a-437b-a268-4691ead8f176",
    "type" : "CredentialStatusList2020"
  },
  "evidence" : {
    "documentPresence" : [ "Physical" ],
    "evidenceDocument" : [ "Passport" ],
    "id" : "https://essif.europa.eu/tsr-va/evidence/f2aeec97-fc0d-42bf-8ca7-0548192d5678",
    "subjectPresence" : "Physical",
    "type" : [ "DocumentVerification" ],
    "verifier" : "did:ebsi:2962fb784df61baa267c8132497539f8c674b37c1244a7a"
  },
  "proof" : {
    "type" : "JsonWebSignature2020",
    "creator" : "did:key:z6MkrfDvwiTpYFqthLx8LBioWBTENj6yoWRZTUR7nAEu5bEn",
    "created" : "2024-09-12T09:39:37Z",
    "proofPurpose" : "assertionMethod",
    "verificationMethod" : "did:key:z6MkrfDvwiTpYFqthLx8LBioWBTENj6yoWRZTUR7nAEu5bEn#z6MkrfDvwiTpYFqthLx8LBioWBTENj6yoWRZTUR7nAEu5bEn",
    "jws" : "eyJiNjQiOmZhbHNlLCJjcml0IjpbImI2NCJdLCJhbGciOiJFZERTQSJ9..XMIcUf_kXVg6_AQEN7n1MMANbznJsCy4y3YOWc7ouUfC26DXzRX3LVZithvpMfBFrK9nylvDcLp5LNJ7OLivDw"
  }
}
2358 [pool-1-thread-1 @coroutine#87] DEBUG id.walt.services.vc.WaltIdJsonLdCredentialService - Creating a presentation for VCs:
[PresentableCredential(verifiableCredential={"type":["VerifiableCredential","VerifiableAttestation","VerifiableDiploma"],"@context":["https://www.w3.org/2018/credentials/v1","https://w3id.org/security/suites/jws-2020/v1"],"id":"urn:uuid:999a06e1-b15d-42be-bfbc-7a7e98ad1b00","issuer":"did:key:z6MkrfDvwiTpYFqthLx8LBioWBTENj6yoWRZTUR7nAEu5bEn","issuanceDate":"2024-09-12T09:39:37Z","issued":"2024-09-12T09:39:37Z","validFrom":"2024-09-12T09:39:37Z","expirationDate":"2022-08-31T00:00:00Z","proof":{"type":"JsonWebSignature2020","creator":"did:key:z6MkrfDvwiTpYFqthLx8LBioWBTENj6yoWRZTUR7nAEu5bEn","created":"2024-09-12T09:39:37Z","proofPurpose":"assertionMethod","verificationMethod":"did:key:z6MkrfDvwiTpYFqthLx8LBioWBTENj6yoWRZTUR7nAEu5bEn#z6MkrfDvwiTpYFqthLx8LBioWBTENj6yoWRZTUR7nAEu5bEn","jws":"eyJiNjQiOmZhbHNlLCJjcml0IjpbImI2NCJdLCJhbGciOiJFZERTQSJ9..XMIcUf_kXVg6_AQEN7n1MMANbznJsCy4y3YOWc7ouUfC26DXzRX3LVZithvpMfBFrK9nylvDcLp5LNJ7OLivDw"},"credentialSchema":{"id":"https://raw.githubusercontent.com/walt-id/waltid-ssikit-vclib/master/src/test/resources/schemas/VerifiableDiploma.json","type":"JsonSchemaValidator2018"},"credentialSubject":{"id":"did:key:z6MkrfDvwiTpYFqthLx8LBioWBTENj6yoWRZTUR7nAEu5bEn","awardingOpportunity":{"awardingBody":{"eidasLegalIdentifier":"Unknown","homepage":"https://leaston.bcdiploma.com/","id":"did:ebsi:2A9BZ9SUe6BatacSpvs1V5CdjHvLpQ7bEsi2Jb6LdHKnQxaN","preferredName":"Leaston University","registration":"0597065J"},"endedAtTime":"2020-06-26T00:00:00Z","id":"https://leaston.bcdiploma.com/law-economics-management#AwardingOpportunity","identifier":"https://certificate-demo.bcdiploma.com/check/87ED2F2270E6C41456E94B86B9D9115B4E35BCCAD200A49B846592C14F79C86BV1Fnbllta0NZTnJkR3lDWlRmTDlSRUJEVFZISmNmYzJhUU5sZUJ5Z2FJSHpWbmZZ","location":"FRANCE","startedAtTime":"2019-09-02T00:00:00Z"},"dateOfBirth":"1993-04-08","familyName":"DOE","givenNames":"Jane","gradingScheme":{"id":"https://leaston.bcdiploma.com/law-economics-management#GradingScheme","title":"Lower Second-Class Honours"},"identifier":"0904008084H","learningAchievement":{"additionalNote":["DISTRIBUTION MANAGEMENT"],"description":"MARKETING AND SALES","id":"https://leaston.bcdiploma.com/law-economics-management#LearningAchievment","title":"MASTERS LAW, ECONOMICS AND MANAGEMENT"},"learningSpecification":{"ectsCreditPoints":120,"eqfLevel":7,"id":"https://leaston.bcdiploma.com/law-economics-management#LearningSpecification","iscedfCode":["7"],"nqfLevel":["7"]}},"credentialStatus":{"id":"https://essif.europa.eu/status/education#higherEducation#392ac7f6-399a-437b-a268-4691ead8f176","type":"CredentialStatusList2020"},"evidence":{"documentPresence":["Physical"],"evidenceDocument":["Passport"],"id":"https://essif.europa.eu/tsr-va/evidence/f2aeec97-fc0d-42bf-8ca7-0548192d5678","subjectPresence":"Physical","type":["DocumentVerification"],"verifier":"did:ebsi:2962fb784df61baa267c8132497539f8c674b37c1244a7a"}}, selectiveDisclosure=null, discloseAll=false)]
2358 [pool-1-thread-1 @coroutine#87] DEBUG id.walt.model.DidUrl - Trying to create DidUrl from URL: "did:key:z6MkrfDvwiTpYFqthLx8LBioWBTENj6yoWRZTUR7nAEu5bEn"...
2359 [pool-1-thread-1 @coroutine#87] DEBUG id.walt.services.vc.WaltIdJsonLdCredentialService - Signing jsonLd object with: issuerDid (did:key:z6MkrfDvwiTpYFqthLx8LBioWBTENj6yoWRZTUR7nAEu5bEn), domain (https://api-pilot.ebsi.eu), nonce (d04442d3-661f-411e-a80f-42f19f594c9d
2359 [pool-1-thread-1 @coroutine#87] DEBUG id.walt.services.keystore.HKVKeyStoreService - Loading key "did:key:z6MkrfDvwiTpYFqthLx8LBioWBTENj6yoWRZTUR7nAEu5bEn#z6MkrfDvwiTpYFqthLx8LBioWBTENj6yoWRZTUR7nAEu5bEn".
2359 [pool-1-thread-1 @coroutine#87] DEBUG id.walt.services.vc.WaltIdJsonLdCredentialService - Signing: {"type":["VerifiablePresentation"],"@context":["https://www.w3.org/2018/credentials/v1"],"id":"urn:uuid:c1e11ecd-b4c7-435d-8fdc-abc70155cd3b","holder":"did:key:z6MkrfDvwiTpYFqthLx8LBioWBTENj6yoWRZTUR7nAEu5bEn","verifiableCredential":[{"type":["VerifiableCredential","VerifiableAttestation","VerifiableDiploma"],"@context":["https://www.w3.org/2018/credentials/v1","https://w3id.org/security/suites/jws-2020/v1"],"id":"urn:uuid:999a06e1-b15d-42be-bfbc-7a7e98ad1b00","issuer":"did:key:z6MkrfDvwiTpYFqthLx8LBioWBTENj6yoWRZTUR7nAEu5bEn","issuanceDate":"2024-09-12T09:39:37Z","issued":"2024-09-12T09:39:37Z","validFrom":"2024-09-12T09:39:37Z","expirationDate":"2022-08-31T00:00:00Z","proof":{"type":"JsonWebSignature2020","creator":"did:key:z6MkrfDvwiTpYFqthLx8LBioWBTENj6yoWRZTUR7nAEu5bEn","created":"2024-09-12T09:39:37Z","proofPurpose":"assertionMethod","verificationMethod":"did:key:z6MkrfDvwiTpYFqthLx8LBioWBTENj6yoWRZTUR7nAEu5bEn#z6MkrfDvwiTpYFqthLx8LBioWBTENj6yoWRZTUR7nAEu5bEn","jws":"eyJiNjQiOmZhbHNlLCJjcml0IjpbImI2NCJdLCJhbGciOiJFZERTQSJ9..XMIcUf_kXVg6_AQEN7n1MMANbznJsCy4y3YOWc7ouUfC26DXzRX3LVZithvpMfBFrK9nylvDcLp5LNJ7OLivDw"},"credentialSchema":{"id":"https://raw.githubusercontent.com/walt-id/waltid-ssikit-vclib/master/src/test/resources/schemas/VerifiableDiploma.json","type":"JsonSchemaValidator2018"},"credentialSubject":{"id":"did:key:z6MkrfDvwiTpYFqthLx8LBioWBTENj6yoWRZTUR7nAEu5bEn","awardingOpportunity":{"awardingBody":{"eidasLegalIdentifier":"Unknown","homepage":"https://leaston.bcdiploma.com/","id":"did:ebsi:2A9BZ9SUe6BatacSpvs1V5CdjHvLpQ7bEsi2Jb6LdHKnQxaN","preferredName":"Leaston University","registration":"0597065J"},"endedAtTime":"2020-06-26T00:00:00Z","id":"https://leaston.bcdiploma.com/law-economics-management#AwardingOpportunity","identifier":"https://certificate-demo.bcdiploma.com/check/87ED2F2270E6C41456E94B86B9D9115B4E35BCCAD200A49B846592C14F79C86BV1Fnbllta0NZTnJkR3lDWlRmTDlSRUJEVFZISmNmYzJhUU5sZUJ5Z2FJSHpWbmZZ","location":"FRANCE","startedAtTime":"2019-09-02T00:00:00Z"},"dateOfBirth":"1993-04-08","familyName":"DOE","givenNames":"Jane","gradingScheme":{"id":"https://leaston.bcdiploma.com/law-economics-management#GradingScheme","title":"Lower Second-Class Honours"},"identifier":"0904008084H","learningAchievement":{"additionalNote":["DISTRIBUTION MANAGEMENT"],"description":"MARKETING AND SALES","id":"https://leaston.bcdiploma.com/law-economics-management#LearningAchievment","title":"MASTERS LAW, ECONOMICS AND MANAGEMENT"},"learningSpecification":{"ectsCreditPoints":120,"eqfLevel":7,"id":"https://leaston.bcdiploma.com/law-economics-management#LearningSpecification","iscedfCode":["7"],"nqfLevel":["7"]}},"credentialStatus":{"id":"https://essif.europa.eu/status/education#higherEducation#392ac7f6-399a-437b-a268-4691ead8f176","type":"CredentialStatusList2020"},"evidence":{"documentPresence":["Physical"],"evidenceDocument":["Passport"],"id":"https://essif.europa.eu/tsr-va/evidence/f2aeec97-fc0d-42bf-8ca7-0548192d5678","subjectPresence":"Physical","type":["DocumentVerification"],"verifier":"did:ebsi:2962fb784df61baa267c8132497539f8c674b37c1244a7a"}}]}
Sep 12, 2024 11:39:37 AM com.apicatalog.jsonld.deseralization.JsonLdToRdf build
WARNING: Non well-formed subject [https://essif.europa.eu/status/education#higherEducation#392ac7f6-399a-437b-a268-4691ead8f176] has been skipped.
2363 [pool-1-thread-1 @coroutine#87] DEBUG id.walt.services.keystore.HKVKeyStoreService - Loading key "26b5c45821df410590b5dc92459b15a6".
2363 [pool-1-thread-1 @coroutine#87] DEBUG id.walt.services.keystore.HKVKeyStoreService - Loading key "26b5c45821df410590b5dc92459b15a6".
2363 [pool-1-thread-1 @coroutine#87] DEBUG id.walt.services.keystore.HKVKeyStoreService - Loading key "26b5c45821df410590b5dc92459b15a6".
2364 [pool-1-thread-1 @coroutine#87] DEBUG id.walt.services.vc.WaltIdJsonLdCredentialService - VP created:{
  "type" : [ "VerifiablePresentation" ],
  "@context" : [ "https://www.w3.org/2018/credentials/v1", "https://w3id.org/security/suites/jws-2020/v1" ],
  "id" : "urn:uuid:c1e11ecd-b4c7-435d-8fdc-abc70155cd3b",
  "holder" : "did:key:z6MkrfDvwiTpYFqthLx8LBioWBTENj6yoWRZTUR7nAEu5bEn",
  "verifiableCredential" : [ {
    "type" : [ "VerifiableCredential", "VerifiableAttestation", "VerifiableDiploma" ],
    "@context" : [ "https://www.w3.org/2018/credentials/v1", "https://w3id.org/security/suites/jws-2020/v1" ],
    "id" : "urn:uuid:999a06e1-b15d-42be-bfbc-7a7e98ad1b00",
    "issuer" : "did:key:z6MkrfDvwiTpYFqthLx8LBioWBTENj6yoWRZTUR7nAEu5bEn",
    "issuanceDate" : "2024-09-12T09:39:37Z",
    "issued" : "2024-09-12T09:39:37Z",
    "validFrom" : "2024-09-12T09:39:37Z",
    "expirationDate" : "2022-08-31T00:00:00Z",
    "proof" : {
      "type" : "JsonWebSignature2020",
      "creator" : "did:key:z6MkrfDvwiTpYFqthLx8LBioWBTENj6yoWRZTUR7nAEu5bEn",
      "created" : "2024-09-12T09:39:37Z",
      "proofPurpose" : "assertionMethod",
      "verificationMethod" : "did:key:z6MkrfDvwiTpYFqthLx8LBioWBTENj6yoWRZTUR7nAEu5bEn#z6MkrfDvwiTpYFqthLx8LBioWBTENj6yoWRZTUR7nAEu5bEn",
      "jws" : "eyJiNjQiOmZhbHNlLCJjcml0IjpbImI2NCJdLCJhbGciOiJFZERTQSJ9..XMIcUf_kXVg6_AQEN7n1MMANbznJsCy4y3YOWc7ouUfC26DXzRX3LVZithvpMfBFrK9nylvDcLp5LNJ7OLivDw"
    },
    "credentialSchema" : {
      "id" : "https://raw.githubusercontent.com/walt-id/waltid-ssikit-vclib/master/src/test/resources/schemas/VerifiableDiploma.json",
      "type" : "JsonSchemaValidator2018"
    },
    "credentialSubject" : {
      "id" : "did:key:z6MkrfDvwiTpYFqthLx8LBioWBTENj6yoWRZTUR7nAEu5bEn",
      "awardingOpportunity" : {
        "awardingBody" : {
          "eidasLegalIdentifier" : "Unknown",
          "homepage" : "https://leaston.bcdiploma.com/",
          "id" : "did:ebsi:2A9BZ9SUe6BatacSpvs1V5CdjHvLpQ7bEsi2Jb6LdHKnQxaN",
          "preferredName" : "Leaston University",
          "registration" : "0597065J"
        },
        "endedAtTime" : "2020-06-26T00:00:00Z",
        "id" : "https://leaston.bcdiploma.com/law-economics-management#AwardingOpportunity",
        "identifier" : "https://certificate-demo.bcdiploma.com/check/87ED2F2270E6C41456E94B86B9D9115B4E35BCCAD200A49B846592C14F79C86BV1Fnbllta0NZTnJkR3lDWlRmTDlSRUJEVFZISmNmYzJhUU5sZUJ5Z2FJSHpWbmZZ",
        "location" : "FRANCE",
        "startedAtTime" : "2019-09-02T00:00:00Z"
      },
      "dateOfBirth" : "1993-04-08",
      "familyName" : "DOE",
      "givenNames" : "Jane",
      "gradingScheme" : {
        "id" : "https://leaston.bcdiploma.com/law-economics-management#GradingScheme",
        "title" : "Lower Second-Class Honours"
      },
      "identifier" : "0904008084H",
      "learningAchievement" : {
        "additionalNote" : [ "DISTRIBUTION MANAGEMENT" ],
        "description" : "MARKETING AND SALES",
        "id" : "https://leaston.bcdiploma.com/law-economics-management#LearningAchievment",
        "title" : "MASTERS LAW, ECONOMICS AND MANAGEMENT"
      },
      "learningSpecification" : {
        "ectsCreditPoints" : 120,
        "eqfLevel" : 7,
        "id" : "https://leaston.bcdiploma.com/law-economics-management#LearningSpecification",
        "iscedfCode" : [ "7" ],
        "nqfLevel" : [ "7" ]
      }
    },
    "credentialStatus" : {
      "id" : "https://essif.europa.eu/status/education#higherEducation#392ac7f6-399a-437b-a268-4691ead8f176",
      "type" : "CredentialStatusList2020"
    },
    "evidence" : {
      "documentPresence" : [ "Physical" ],
      "evidenceDocument" : [ "Passport" ],
      "id" : "https://essif.europa.eu/tsr-va/evidence/f2aeec97-fc0d-42bf-8ca7-0548192d5678",
      "subjectPresence" : "Physical",
      "type" : [ "DocumentVerification" ],
      "verifier" : "did:ebsi:2962fb784df61baa267c8132497539f8c674b37c1244a7a"
    }
  } ],
  "proof" : {
    "type" : "JsonWebSignature2020",
    "creator" : "did:key:z6MkrfDvwiTpYFqthLx8LBioWBTENj6yoWRZTUR7nAEu5bEn",
    "created" : "2024-09-12T09:39:37Z",
    "domain" : "https://api-pilot.ebsi.eu",
    "nonce" : "d04442d3-661f-411e-a80f-42f19f594c9d",
    "proofPurpose" : "authentication",
    "verificationMethod" : "did:key:z6MkrfDvwiTpYFqthLx8LBioWBTENj6yoWRZTUR7nAEu5bEn#z6MkrfDvwiTpYFqthLx8LBioWBTENj6yoWRZTUR7nAEu5bEn",
    "jws" : "eyJiNjQiOmZhbHNlLCJjcml0IjpbImI2NCJdLCJhbGciOiJFZERTQSJ9..nbq4RU6AWheXmbkXP4xyHx3LjRuzKB6NAE_ikMoOQXBdV36ARx_iPT74cJMHUZCfXgtI9Y9FlI-mI0xVQsaxAg"
  }
}
2364 [pool-1-thread-1 @coroutine#87] DEBUG id.walt.model.DidUrl - Trying to create DidUrl from URL: "did:key:z6MkrfDvwiTpYFqthLx8LBioWBTENj6yoWRZTUR7nAEu5bEn"...
2364 [pool-1-thread-1 @coroutine#87] DEBUG id.walt.model.DidUrl - Trying to create DidUrl from URL: "did:key:z6MkrfDvwiTpYFqthLx8LBioWBTENj6yoWRZTUR7nAEu5bEn"...
2365 [pool-1-thread-1 @coroutine#87] DEBUG id.walt.signatory.WaltIdSignatory - Signing credential with proof using JWT...
2365 [pool-1-thread-1 @coroutine#87] DEBUG id.walt.signatory.WaltIdSignatory - Signing credential with proof using JWT, credential is: {"type":["VerifiableCredential","VerifiableAttestation","VerifiableDiploma"],"@context":["https://www.w3.org/2018/credentials/v1"],"id":"urn:uuid:84db82c0-50f1-43c8-8a94-fe3751324330","issuer":"did:key:z6MkrfDvwiTpYFqthLx8LBioWBTENj6yoWRZTUR7nAEu5bEn","issuanceDate":"2024-09-12T09:39:37Z","issued":"2024-09-12T09:39:37Z","validFrom":"2024-09-12T09:39:37Z","expirationDate":"2022-08-31T00:00:00Z","credentialSchema":{"id":"https://raw.githubusercontent.com/walt-id/waltid-ssikit-vclib/master/src/test/resources/schemas/VerifiableDiploma.json","type":"JsonSchemaValidator2018"},"credentialSubject":{"id":"did:key:z6MkrfDvwiTpYFqthLx8LBioWBTENj6yoWRZTUR7nAEu5bEn","awardingOpportunity":{"awardingBody":{"eidasLegalIdentifier":"Unknown","homepage":"https://leaston.bcdiploma.com/","id":"did:ebsi:2A9BZ9SUe6BatacSpvs1V5CdjHvLpQ7bEsi2Jb6LdHKnQxaN","preferredName":"Leaston University","registration":"0597065J"},"endedAtTime":"2020-06-26T00:00:00Z","id":"https://leaston.bcdiploma.com/law-economics-management#AwardingOpportunity","identifier":"https://certificate-demo.bcdiploma.com/check/87ED2F2270E6C41456E94B86B9D9115B4E35BCCAD200A49B846592C14F79C86BV1Fnbllta0NZTnJkR3lDWlRmTDlSRUJEVFZISmNmYzJhUU5sZUJ5Z2FJSHpWbmZZ","location":"FRANCE","startedAtTime":"2019-09-02T00:00:00Z"},"dateOfBirth":"1993-04-08","familyName":"DOE","givenNames":"Jane","gradingScheme":{"id":"https://leaston.bcdiploma.com/law-economics-management#GradingScheme","title":"Lower Second-Class Honours"},"identifier":"0904008084H","learningAchievement":{"additionalNote":["DISTRIBUTION MANAGEMENT"],"description":"MARKETING AND SALES","id":"https://leaston.bcdiploma.com/law-economics-management#LearningAchievment","title":"MASTERS LAW, ECONOMICS AND MANAGEMENT"},"learningSpecification":{"ectsCreditPoints":120,"eqfLevel":7,"id":"https://leaston.bcdiploma.com/law-economics-management#LearningSpecification","iscedfCode":["7"],"nqfLevel":["7"]}},"credentialStatus":{"id":"https://essif.europa.eu/status/education#higherEducation#392ac7f6-399a-437b-a268-4691ead8f176","type":"CredentialStatusList2020"},"evidence":{"documentPresence":["Physical"],"evidenceDocument":["Passport"],"id":"https://essif.europa.eu/tsr-va/evidence/f2aeec97-fc0d-42bf-8ca7-0548192d5678","subjectPresence":"Physical","type":["DocumentVerification"],"verifier":"did:ebsi:2962fb784df61baa267c8132497539f8c674b37c1244a7a"}}
2365 [pool-1-thread-1 @coroutine#87] DEBUG id.walt.services.vc.WaltIdJwtCredentialService - Signing JWT object with config: ProofConfig(issuerDid=did:key:z6MkrfDvwiTpYFqthLx8LBioWBTENj6yoWRZTUR7nAEu5bEn, subjectDid=did:key:z6MkrfDvwiTpYFqthLx8LBioWBTENj6yoWRZTUR7nAEu5bEn, verifierDid=null, issuerVerificationMethod=did:key:z6MkrfDvwiTpYFqthLx8LBioWBTENj6yoWRZTUR7nAEu5bEn#z6MkrfDvwiTpYFqthLx8LBioWBTENj6yoWRZTUR7nAEu5bEn, proofType=JWT, domain=null, nonce=null, proofPurpose=null, credentialId=urn:uuid:84db82c0-50f1-43c8-8a94-fe3751324330, issueDate=2024-09-12T09:39:37.584964789Z, validDate=2024-09-12T09:39:37.584967364Z, expirationDate=null, dataProviderIdentifier=null, ldSignatureType=null, creator=did:key:z6MkrfDvwiTpYFqthLx8LBioWBTENj6yoWRZTUR7nAEu5bEn, ecosystem=DEFAULT, statusType=null, statusPurpose=revocation, credentialsEndpoint=null, selectiveDisclosure=null)
2365 [pool-1-thread-1 @coroutine#87] DEBUG id.walt.services.vc.WaltIdJwtCredentialService - Signing: {"sub":"did:key:z6MkrfDvwiTpYFqthLx8LBioWBTENj6yoWRZTUR7nAEu5bEn","nbf":1726133977,"iss":"did:key:z6MkrfDvwiTpYFqthLx8LBioWBTENj6yoWRZTUR7nAEu5bEn","iat":1726133977,"vc":{"type":["VerifiableCredential","VerifiableAttestation","VerifiableDiploma"],"@context":["https://www.w3.org/2018/credentials/v1"],"id":"urn:uuid:84db82c0-50f1-43c8-8a94-fe3751324330","issuer":"did:key:z6MkrfDvwiTpYFqthLx8LBioWBTENj6yoWRZTUR7nAEu5bEn","issuanceDate":"2024-09-12T09:39:37Z","issued":"2024-09-12T09:39:37Z","validFrom":"2024-09-12T09:39:37Z","expirationDate":"2022-08-31T00:00:00Z","credentialSchema":{"id":"https://raw.githubusercontent.com/walt-id/waltid-ssikit-vclib/master/src/test/resources/schemas/VerifiableDiploma.json","type":"JsonSchemaValidator2018"},"credentialSubject":{"id":"did:key:z6MkrfDvwiTpYFqthLx8LBioWBTENj6yoWRZTUR7nAEu5bEn","awardingOpportunity":{"awardingBody":{"eidasLegalIdentifier":"Unknown","homepage":"https://leaston.bcdiploma.com/","id":"did:ebsi:2A9BZ9SUe6BatacSpvs1V5CdjHvLpQ7bEsi2Jb6LdHKnQxaN","preferredName":"Leaston University","registration":"0597065J"},"endedAtTime":"2020-06-26T00:00:00Z","id":"https://leaston.bcdiploma.com/law-economics-management#AwardingOpportunity","identifier":"https://certificate-demo.bcdiploma.com/check/87ED2F2270E6C41456E94B86B9D9115B4E35BCCAD200A49B846592C14F79C86BV1Fnbllta0NZTnJkR3lDWlRmTDlSRUJEVFZISmNmYzJhUU5sZUJ5Z2FJSHpWbmZZ","location":"FRANCE","startedAtTime":"2019-09-02T00:00:00Z"},"dateOfBirth":"1993-04-08","familyName":"DOE","givenNames":"Jane","gradingScheme":{"id":"https://leaston.bcdiploma.com/law-economics-management#GradingScheme","title":"Lower Second-Class Honours"},"identifier":"0904008084H","learningAchievement":{"additionalNote":["DISTRIBUTION MANAGEMENT"],"description":"MARKETING AND SALES","id":"https://leaston.bcdiploma.com/law-economics-management#LearningAchievment","title":"MASTERS LAW, ECONOMICS AND MANAGEMENT"},"learningSpecification":{"ectsCreditPoints":120,"eqfLevel":7,"id":"https://leaston.bcdiploma.com/law-economics-management#LearningSpecification","iscedfCode":["7"],"nqfLevel":["7"]}},"credentialStatus":{"id":"https://essif.europa.eu/status/education#higherEducation#392ac7f6-399a-437b-a268-4691ead8f176","type":"CredentialStatusList2020"},"evidence":{"documentPresence":["Physical"],"evidenceDocument":["Passport"],"id":"https://essif.europa.eu/tsr-va/evidence/f2aeec97-fc0d-42bf-8ca7-0548192d5678","subjectPresence":"Physical","type":["DocumentVerification"],"verifier":"did:ebsi:2962fb784df61baa267c8132497539f8c674b37c1244a7a"}},"jti":"urn:uuid:84db82c0-50f1-43c8-8a94-fe3751324330"}
2365 [pool-1-thread-1 @coroutine#87] DEBUG id.walt.services.keystore.HKVKeyStoreService - Loading key "did:key:z6MkrfDvwiTpYFqthLx8LBioWBTENj6yoWRZTUR7nAEu5bEn#z6MkrfDvwiTpYFqthLx8LBioWBTENj6yoWRZTUR7nAEu5bEn".
2365 [pool-1-thread-1 @coroutine#87] DEBUG id.walt.services.jwt.WaltIdJwtService - Signing JWT with algorithm: EdDSA_Ed25519
2365 [pool-1-thread-1 @coroutine#87] DEBUG id.walt.model.DidUrl - Trying to create DidUrl from URL: "did:key:z6MkrfDvwiTpYFqthLx8LBioWBTENj6yoWRZTUR7nAEu5bEn#z6MkrfDvwiTpYFqthLx8LBioWBTENj6yoWRZTUR7nAEu5bEn"...
2366 [pool-1-thread-1 @coroutine#87] DEBUG id.walt.services.keystore.HKVKeyStoreService - Loading key "26b5c45821df410590b5dc92459b15a6".
2367 [pool-1-thread-1 @coroutine#87] DEBUG id.walt.services.jwt.WaltIdJwtService - Signed JWT:  eyJraWQiOiJkaWQ6a2V5Ono2TWtyZkR2d2lUcFlGcXRoTHg4TEJpb1dCVEVOajZ5b1dSWlRVUjduQUV1NWJFbiN6Nk1rcmZEdndpVHBZRnF0aEx4OExCaW9XQlRFTmo2eW9XUlpUVVI3bkFFdTViRW4iLCJ0eXAiOiJKV1QiLCJhbGciOiJFZERTQSJ9.eyJzdWIiOiJkaWQ6a2V5Ono2TWtyZkR2d2lUcFlGcXRoTHg4TEJpb1dCVEVOajZ5b1dSWlRVUjduQUV1NWJFbiIsIm5iZiI6MTcyNjEzMzk3NywiaXNzIjoiZGlkOmtleTp6Nk1rcmZEdndpVHBZRnF0aEx4OExCaW9XQlRFTmo2eW9XUlpUVVI3bkFFdTViRW4iLCJpYXQiOjE3MjYxMzM5NzcsInZjIjp7InR5cGUiOlsiVmVyaWZpYWJsZUNyZWRlbnRpYWwiLCJWZXJpZmlhYmxlQXR0ZXN0YXRpb24iLCJWZXJpZmlhYmxlRGlwbG9tYSJdLCJAY29udGV4dCI6WyJodHRwczovL3d3dy53My5vcmcvMjAxOC9jcmVkZW50aWFscy92MSJdLCJpZCI6InVybjp1dWlkOjg0ZGI4MmMwLTUwZjEtNDNjOC04YTk0LWZlMzc1MTMyNDMzMCIsImlzc3VlciI6ImRpZDprZXk6ejZNa3JmRHZ3aVRwWUZxdGhMeDhMQmlvV0JURU5qNnlvV1JaVFVSN25BRXU1YkVuIiwiaXNzdWFuY2VEYXRlIjoiMjAyNC0wOS0xMlQwOTozOTozN1oiLCJpc3N1ZWQiOiIyMDI0LTA5LTEyVDA5OjM5OjM3WiIsInZhbGlkRnJvbSI6IjIwMjQtMDktMTJUMDk6Mzk6MzdaIiwiZXhwaXJhdGlvbkRhdGUiOiIyMDIyLTA4LTMxVDAwOjAwOjAwWiIsImNyZWRlbnRpYWxTY2hlbWEiOnsiaWQiOiJodHRwczovL3Jhdy5naXRodWJ1c2VyY29udGVudC5jb20vd2FsdC1pZC93YWx0aWQtc3Npa2l0LXZjbGliL21hc3Rlci9zcmMvdGVzdC9yZXNvdXJjZXMvc2NoZW1hcy9WZXJpZmlhYmxlRGlwbG9tYS5qc29uIiwidHlwZSI6Ikpzb25TY2hlbWFWYWxpZGF0b3IyMDE4In0sImNyZWRlbnRpYWxTdWJqZWN0Ijp7ImlkIjoiZGlkOmtleTp6Nk1rcmZEdndpVHBZRnF0aEx4OExCaW9XQlRFTmo2eW9XUlpUVVI3bkFFdTViRW4iLCJhd2FyZGluZ09wcG9ydHVuaXR5Ijp7ImF3YXJkaW5nQm9keSI6eyJlaWRhc0xlZ2FsSWRlbnRpZmllciI6IlVua25vd24iLCJob21lcGFnZSI6Imh0dHBzOi8vbGVhc3Rvbi5iY2RpcGxvbWEuY29tLyIsImlkIjoiZGlkOmVic2k6MkE5Qlo5U1VlNkJhdGFjU3B2czFWNUNkakh2THBRN2JFc2kySmI2TGRIS25ReGFOIiwicHJlZmVycmVkTmFtZSI6IkxlYXN0b24gVW5pdmVyc2l0eSIsInJlZ2lzdHJhdGlvbiI6IjA1OTcwNjVKIn0sImVuZGVkQXRUaW1lIjoiMjAyMC0wNi0yNlQwMDowMDowMFoiLCJpZCI6Imh0dHBzOi8vbGVhc3Rvbi5iY2RpcGxvbWEuY29tL2xhdy1lY29ub21pY3MtbWFuYWdlbWVudCNBd2FyZGluZ09wcG9ydHVuaXR5IiwiaWRlbnRpZmllciI6Imh0dHBzOi8vY2VydGlmaWNhdGUtZGVtby5iY2RpcGxvbWEuY29tL2NoZWNrLzg3RUQyRjIyNzBFNkM0MTQ1NkU5NEI4NkI5RDkxMTVCNEUzNUJDQ0FEMjAwQTQ5Qjg0NjU5MkMxNEY3OUM4NkJWMUZuYmxsdGEwTlpUbkprUjNsRFdsUm1URGxTUlVKRVZGWklTbU5tWXpKaFVVNXNaVUo1WjJGSlNIcFdibVpaIiwibG9jYXRpb24iOiJGUkFOQ0UiLCJzdGFydGVkQXRUaW1lIjoiMjAxOS0wOS0wMlQwMDowMDowMFoifSwiZGF0ZU9mQmlydGgiOiIxOTkzLTA0LTA4IiwiZmFtaWx5TmFtZSI6IkRPRSIsImdpdmVuTmFtZXMiOiJKYW5lIiwiZ3JhZGluZ1NjaGVtZSI6eyJpZCI6Imh0dHBzOi8vbGVhc3Rvbi5iY2RpcGxvbWEuY29tL2xhdy1lY29ub21pY3MtbWFuYWdlbWVudCNHcmFkaW5nU2NoZW1lIiwidGl0bGUiOiJMb3dlciBTZWNvbmQtQ2xhc3MgSG9ub3VycyJ9LCJpZGVudGlmaWVyIjoiMDkwNDAwODA4NEgiLCJsZWFybmluZ0FjaGlldmVtZW50Ijp7ImFkZGl0aW9uYWxOb3RlIjpbIkRJU1RSSUJVVElPTiBNQU5BR0VNRU5UIl0sImRlc2NyaXB0aW9uIjoiTUFSS0VUSU5HIEFORCBTQUxFUyIsImlkIjoiaHR0cHM6Ly9sZWFzdG9uLmJjZGlwbG9tYS5jb20vbGF3LWVjb25vbWljcy1tYW5hZ2VtZW50I0xlYXJuaW5nQWNoaWV2bWVudCIsInRpdGxlIjoiTUFTVEVSUyBMQVcsIEVDT05PTUlDUyBBTkQgTUFOQUdFTUVOVCJ9LCJsZWFybmluZ1NwZWNpZmljYXRpb24iOnsiZWN0c0NyZWRpdFBvaW50cyI6MTIwLCJlcWZMZXZlbCI6NywiaWQiOiJodHRwczovL2xlYXN0b24uYmNkaXBsb21hLmNvbS9sYXctZWNvbm9taWNzLW1hbmFnZW1lbnQjTGVhcm5pbmdTcGVjaWZpY2F0aW9uIiwiaXNjZWRmQ29kZSI6WyI3Il0sIm5xZkxldmVsIjpbIjciXX19LCJjcmVkZW50aWFsU3RhdHVzIjp7ImlkIjoiaHR0cHM6Ly9lc3NpZi5ldXJvcGEuZXUvc3RhdHVzL2VkdWNhdGlvbiNoaWdoZXJFZHVjYXRpb24jMzkyYWM3ZjYtMzk5YS00MzdiLWEyNjgtNDY5MWVhZDhmMTc2IiwidHlwZSI6IkNyZWRlbnRpYWxTdGF0dXNMaXN0MjAyMCJ9LCJldmlkZW5jZSI6eyJkb2N1bWVudFByZXNlbmNlIjpbIlBoeXNpY2FsIl0sImV2aWRlbmNlRG9jdW1lbnQiOlsiUGFzc3BvcnQiXSwiaWQiOiJodHRwczovL2Vzc2lmLmV1cm9wYS5ldS90c3ItdmEvZXZpZGVuY2UvZjJhZWVjOTctZmMwZC00MmJmLThjYTctMDU0ODE5MmQ1Njc4Iiwic3ViamVjdFByZXNlbmNlIjoiUGh5c2ljYWwiLCJ0eXBlIjpbIkRvY3VtZW50VmVyaWZpY2F0aW9uIl0sInZlcmlmaWVyIjoiZGlkOmVic2k6Mjk2MmZiNzg0ZGY2MWJhYTI2N2M4MTMyNDk3NTM5ZjhjNjc0YjM3YzEyNDRhN2EifX0sImp0aSI6InVybjp1dWlkOjg0ZGI4MmMwLTUwZjEtNDNjOC04YTk0LWZlMzc1MTMyNDMzMCJ9.qw_WSJdP0hoGbQsjXe2OSwczSg7x90GQ31Ta25BYXO3rrUtHqU_mgru6ijHaaGu-G7JSaJATBzE2JKP0uWHACA
2367 [pool-1-thread-1 @coroutine#87] DEBUG id.walt.signatory.WaltIdSignatory - Signed VC is: eyJraWQiOiJkaWQ6a2V5Ono2TWtyZkR2d2lUcFlGcXRoTHg4TEJpb1dCVEVOajZ5b1dSWlRVUjduQUV1NWJFbiN6Nk1rcmZEdndpVHBZRnF0aEx4OExCaW9XQlRFTmo2eW9XUlpUVVI3bkFFdTViRW4iLCJ0eXAiOiJKV1QiLCJhbGciOiJFZERTQSJ9.eyJzdWIiOiJkaWQ6a2V5Ono2TWtyZkR2d2lUcFlGcXRoTHg4TEJpb1dCVEVOajZ5b1dSWlRVUjduQUV1NWJFbiIsIm5iZiI6MTcyNjEzMzk3NywiaXNzIjoiZGlkOmtleTp6Nk1rcmZEdndpVHBZRnF0aEx4OExCaW9XQlRFTmo2eW9XUlpUVVI3bkFFdTViRW4iLCJpYXQiOjE3MjYxMzM5NzcsInZjIjp7InR5cGUiOlsiVmVyaWZpYWJsZUNyZWRlbnRpYWwiLCJWZXJpZmlhYmxlQXR0ZXN0YXRpb24iLCJWZXJpZmlhYmxlRGlwbG9tYSJdLCJAY29udGV4dCI6WyJodHRwczovL3d3dy53My5vcmcvMjAxOC9jcmVkZW50aWFscy92MSJdLCJpZCI6InVybjp1dWlkOjg0ZGI4MmMwLTUwZjEtNDNjOC04YTk0LWZlMzc1MTMyNDMzMCIsImlzc3VlciI6ImRpZDprZXk6ejZNa3JmRHZ3aVRwWUZxdGhMeDhMQmlvV0JURU5qNnlvV1JaVFVSN25BRXU1YkVuIiwiaXNzdWFuY2VEYXRlIjoiMjAyNC0wOS0xMlQwOTozOTozN1oiLCJpc3N1ZWQiOiIyMDI0LTA5LTEyVDA5OjM5OjM3WiIsInZhbGlkRnJvbSI6IjIwMjQtMDktMTJUMDk6Mzk6MzdaIiwiZXhwaXJhdGlvbkRhdGUiOiIyMDIyLTA4LTMxVDAwOjAwOjAwWiIsImNyZWRlbnRpYWxTY2hlbWEiOnsiaWQiOiJodHRwczovL3Jhdy5naXRodWJ1c2VyY29udGVudC5jb20vd2FsdC1pZC93YWx0aWQtc3Npa2l0LXZjbGliL21hc3Rlci9zcmMvdGVzdC9yZXNvdXJjZXMvc2NoZW1hcy9WZXJpZmlhYmxlRGlwbG9tYS5qc29uIiwidHlwZSI6Ikpzb25TY2hlbWFWYWxpZGF0b3IyMDE4In0sImNyZWRlbnRpYWxTdWJqZWN0Ijp7ImlkIjoiZGlkOmtleTp6Nk1rcmZEdndpVHBZRnF0aEx4OExCaW9XQlRFTmo2eW9XUlpUVVI3bkFFdTViRW4iLCJhd2FyZGluZ09wcG9ydHVuaXR5Ijp7ImF3YXJkaW5nQm9keSI6eyJlaWRhc0xlZ2FsSWRlbnRpZmllciI6IlVua25vd24iLCJob21lcGFnZSI6Imh0dHBzOi8vbGVhc3Rvbi5iY2RpcGxvbWEuY29tLyIsImlkIjoiZGlkOmVic2k6MkE5Qlo5U1VlNkJhdGFjU3B2czFWNUNkakh2THBRN2JFc2kySmI2TGRIS25ReGFOIiwicHJlZmVycmVkTmFtZSI6IkxlYXN0b24gVW5pdmVyc2l0eSIsInJlZ2lzdHJhdGlvbiI6IjA1OTcwNjVKIn0sImVuZGVkQXRUaW1lIjoiMjAyMC0wNi0yNlQwMDowMDowMFoiLCJpZCI6Imh0dHBzOi8vbGVhc3Rvbi5iY2RpcGxvbWEuY29tL2xhdy1lY29ub21pY3MtbWFuYWdlbWVudCNBd2FyZGluZ09wcG9ydHVuaXR5IiwiaWRlbnRpZmllciI6Imh0dHBzOi8vY2VydGlmaWNhdGUtZGVtby5iY2RpcGxvbWEuY29tL2NoZWNrLzg3RUQyRjIyNzBFNkM0MTQ1NkU5NEI4NkI5RDkxMTVCNEUzNUJDQ0FEMjAwQTQ5Qjg0NjU5MkMxNEY3OUM4NkJWMUZuYmxsdGEwTlpUbkprUjNsRFdsUm1URGxTUlVKRVZGWklTbU5tWXpKaFVVNXNaVUo1WjJGSlNIcFdibVpaIiwibG9jYXRpb24iOiJGUkFOQ0UiLCJzdGFydGVkQXRUaW1lIjoiMjAxOS0wOS0wMlQwMDowMDowMFoifSwiZGF0ZU9mQmlydGgiOiIxOTkzLTA0LTA4IiwiZmFtaWx5TmFtZSI6IkRPRSIsImdpdmVuTmFtZXMiOiJKYW5lIiwiZ3JhZGluZ1NjaGVtZSI6eyJpZCI6Imh0dHBzOi8vbGVhc3Rvbi5iY2RpcGxvbWEuY29tL2xhdy1lY29ub21pY3MtbWFuYWdlbWVudCNHcmFkaW5nU2NoZW1lIiwidGl0bGUiOiJMb3dlciBTZWNvbmQtQ2xhc3MgSG9ub3VycyJ9LCJpZGVudGlmaWVyIjoiMDkwNDAwODA4NEgiLCJsZWFybmluZ0FjaGlldmVtZW50Ijp7ImFkZGl0aW9uYWxOb3RlIjpbIkRJU1RSSUJVVElPTiBNQU5BR0VNRU5UIl0sImRlc2NyaXB0aW9uIjoiTUFSS0VUSU5HIEFORCBTQUxFUyIsImlkIjoiaHR0cHM6Ly9sZWFzdG9uLmJjZGlwbG9tYS5jb20vbGF3LWVjb25vbWljcy1tYW5hZ2VtZW50I0xlYXJuaW5nQWNoaWV2bWVudCIsInRpdGxlIjoiTUFTVEVSUyBMQVcsIEVDT05PTUlDUyBBTkQgTUFOQUdFTUVOVCJ9LCJsZWFybmluZ1NwZWNpZmljYXRpb24iOnsiZWN0c0NyZWRpdFBvaW50cyI6MTIwLCJlcWZMZXZlbCI6NywiaWQiOiJodHRwczovL2xlYXN0b24uYmNkaXBsb21hLmNvbS9sYXctZWNvbm9taWNzLW1hbmFnZW1lbnQjTGVhcm5pbmdTcGVjaWZpY2F0aW9uIiwiaXNjZWRmQ29kZSI6WyI3Il0sIm5xZkxldmVsIjpbIjciXX19LCJjcmVkZW50aWFsU3RhdHVzIjp7ImlkIjoiaHR0cHM6Ly9lc3NpZi5ldXJvcGEuZXUvc3RhdHVzL2VkdWNhdGlvbiNoaWdoZXJFZHVjYXRpb24jMzkyYWM3ZjYtMzk5YS00MzdiLWEyNjgtNDY5MWVhZDhmMTc2IiwidHlwZSI6IkNyZWRlbnRpYWxTdGF0dXNMaXN0MjAyMCJ9LCJldmlkZW5jZSI6eyJkb2N1bWVudFByZXNlbmNlIjpbIlBoeXNpY2FsIl0sImV2aWRlbmNlRG9jdW1lbnQiOlsiUGFzc3BvcnQiXSwiaWQiOiJodHRwczovL2Vzc2lmLmV1cm9wYS5ldS90c3ItdmEvZXZpZGVuY2UvZjJhZWVjOTctZmMwZC00MmJmLThjYTctMDU0ODE5MmQ1Njc4Iiwic3ViamVjdFByZXNlbmNlIjoiUGh5c2ljYWwiLCJ0eXBlIjpbIkRvY3VtZW50VmVyaWZpY2F0aW9uIl0sInZlcmlmaWVyIjoiZGlkOmVic2k6Mjk2MmZiNzg0ZGY2MWJhYTI2N2M4MTMyNDk3NTM5ZjhjNjc0YjM3YzEyNDRhN2EifX0sImp0aSI6InVybjp1dWlkOjg0ZGI4MmMwLTUwZjEtNDNjOC04YTk0LWZlMzc1MTMyNDMzMCJ9.qw_WSJdP0hoGbQsjXe2OSwczSg7x90GQ31Ta25BYXO3rrUtHqU_mgru6ijHaaGu-G7JSaJATBzE2JKP0uWHACA
2367 [pool-1-thread-1 @coroutine#87] DEBUG id.walt.services.vc.WaltIdJwtCredentialService - Creating a presentation for VCs:
[PresentableCredential(verifiableCredential=eyJraWQiOiJkaWQ6a2V5Ono2TWtyZkR2d2lUcFlGcXRoTHg4TEJpb1dCVEVOajZ5b1dSWlRVUjduQUV1NWJFbiN6Nk1rcmZEdndpVHBZRnF0aEx4OExCaW9XQlRFTmo2eW9XUlpUVVI3bkFFdTViRW4iLCJ0eXAiOiJKV1QiLCJhbGciOiJFZERTQSJ9.eyJzdWIiOiJkaWQ6a2V5Ono2TWtyZkR2d2lUcFlGcXRoTHg4TEJpb1dCVEVOajZ5b1dSWlRVUjduQUV1NWJFbiIsIm5iZiI6MTcyNjEzMzk3NywiaXNzIjoiZGlkOmtleTp6Nk1rcmZEdndpVHBZRnF0aEx4OExCaW9XQlRFTmo2eW9XUlpUVVI3bkFFdTViRW4iLCJpYXQiOjE3MjYxMzM5NzcsInZjIjp7InR5cGUiOlsiVmVyaWZpYWJsZUNyZWRlbnRpYWwiLCJWZXJpZmlhYmxlQXR0ZXN0YXRpb24iLCJWZXJpZmlhYmxlRGlwbG9tYSJdLCJAY29udGV4dCI6WyJodHRwczovL3d3dy53My5vcmcvMjAxOC9jcmVkZW50aWFscy92MSJdLCJpZCI6InVybjp1dWlkOjg0ZGI4MmMwLTUwZjEtNDNjOC04YTk0LWZlMzc1MTMyNDMzMCIsImlzc3VlciI6ImRpZDprZXk6ejZNa3JmRHZ3aVRwWUZxdGhMeDhMQmlvV0JURU5qNnlvV1JaVFVSN25BRXU1YkVuIiwiaXNzdWFuY2VEYXRlIjoiMjAyNC0wOS0xMlQwOTozOTozN1oiLCJpc3N1ZWQiOiIyMDI0LTA5LTEyVDA5OjM5OjM3WiIsInZhbGlkRnJvbSI6IjIwMjQtMDktMTJUMDk6Mzk6MzdaIiwiZXhwaXJhdGlvbkRhdGUiOiIyMDIyLTA4LTMxVDAwOjAwOjAwWiIsImNyZWRlbnRpYWxTY2hlbWEiOnsiaWQiOiJodHRwczovL3Jhdy5naXRodWJ1c2VyY29udGVudC5jb20vd2FsdC1pZC93YWx0aWQtc3Npa2l0LXZjbGliL21hc3Rlci9zcmMvdGVzdC9yZXNvdXJjZXMvc2NoZW1hcy9WZXJpZmlhYmxlRGlwbG9tYS5qc29uIiwidHlwZSI6Ikpzb25TY2hlbWFWYWxpZGF0b3IyMDE4In0sImNyZWRlbnRpYWxTdWJqZWN0Ijp7ImlkIjoiZGlkOmtleTp6Nk1rcmZEdndpVHBZRnF0aEx4OExCaW9XQlRFTmo2eW9XUlpUVVI3bkFFdTViRW4iLCJhd2FyZGluZ09wcG9ydHVuaXR5Ijp7ImF3YXJkaW5nQm9keSI6eyJlaWRhc0xlZ2FsSWRlbnRpZmllciI6IlVua25vd24iLCJob21lcGFnZSI6Imh0dHBzOi8vbGVhc3Rvbi5iY2RpcGxvbWEuY29tLyIsImlkIjoiZGlkOmVic2k6MkE5Qlo5U1VlNkJhdGFjU3B2czFWNUNkakh2THBRN2JFc2kySmI2TGRIS25ReGFOIiwicHJlZmVycmVkTmFtZSI6IkxlYXN0b24gVW5pdmVyc2l0eSIsInJlZ2lzdHJhdGlvbiI6IjA1OTcwNjVKIn0sImVuZGVkQXRUaW1lIjoiMjAyMC0wNi0yNlQwMDowMDowMFoiLCJpZCI6Imh0dHBzOi8vbGVhc3Rvbi5iY2RpcGxvbWEuY29tL2xhdy1lY29ub21pY3MtbWFuYWdlbWVudCNBd2FyZGluZ09wcG9ydHVuaXR5IiwiaWRlbnRpZmllciI6Imh0dHBzOi8vY2VydGlmaWNhdGUtZGVtby5iY2RpcGxvbWEuY29tL2NoZWNrLzg3RUQyRjIyNzBFNkM0MTQ1NkU5NEI4NkI5RDkxMTVCNEUzNUJDQ0FEMjAwQTQ5Qjg0NjU5MkMxNEY3OUM4NkJWMUZuYmxsdGEwTlpUbkprUjNsRFdsUm1URGxTUlVKRVZGWklTbU5tWXpKaFVVNXNaVUo1WjJGSlNIcFdibVpaIiwibG9jYXRpb24iOiJGUkFOQ0UiLCJzdGFydGVkQXRUaW1lIjoiMjAxOS0wOS0wMlQwMDowMDowMFoifSwiZGF0ZU9mQmlydGgiOiIxOTkzLTA0LTA4IiwiZmFtaWx5TmFtZSI6IkRPRSIsImdpdmVuTmFtZXMiOiJKYW5lIiwiZ3JhZGluZ1NjaGVtZSI6eyJpZCI6Imh0dHBzOi8vbGVhc3Rvbi5iY2RpcGxvbWEuY29tL2xhdy1lY29ub21pY3MtbWFuYWdlbWVudCNHcmFkaW5nU2NoZW1lIiwidGl0bGUiOiJMb3dlciBTZWNvbmQtQ2xhc3MgSG9ub3VycyJ9LCJpZGVudGlmaWVyIjoiMDkwNDAwODA4NEgiLCJsZWFybmluZ0FjaGlldmVtZW50Ijp7ImFkZGl0aW9uYWxOb3RlIjpbIkRJU1RSSUJVVElPTiBNQU5BR0VNRU5UIl0sImRlc2NyaXB0aW9uIjoiTUFSS0VUSU5HIEFORCBTQUxFUyIsImlkIjoiaHR0cHM6Ly9sZWFzdG9uLmJjZGlwbG9tYS5jb20vbGF3LWVjb25vbWljcy1tYW5hZ2VtZW50I0xlYXJuaW5nQWNoaWV2bWVudCIsInRpdGxlIjoiTUFTVEVSUyBMQVcsIEVDT05PTUlDUyBBTkQgTUFOQUdFTUVOVCJ9LCJsZWFybmluZ1NwZWNpZmljYXRpb24iOnsiZWN0c0NyZWRpdFBvaW50cyI6MTIwLCJlcWZMZXZlbCI6NywiaWQiOiJodHRwczovL2xlYXN0b24uYmNkaXBsb21hLmNvbS9sYXctZWNvbm9taWNzLW1hbmFnZW1lbnQjTGVhcm5pbmdTcGVjaWZpY2F0aW9uIiwiaXNjZWRmQ29kZSI6WyI3Il0sIm5xZkxldmVsIjpbIjciXX19LCJjcmVkZW50aWFsU3RhdHVzIjp7ImlkIjoiaHR0cHM6Ly9lc3NpZi5ldXJvcGEuZXUvc3RhdHVzL2VkdWNhdGlvbiNoaWdoZXJFZHVjYXRpb24jMzkyYWM3ZjYtMzk5YS00MzdiLWEyNjgtNDY5MWVhZDhmMTc2IiwidHlwZSI6IkNyZWRlbnRpYWxTdGF0dXNMaXN0MjAyMCJ9LCJldmlkZW5jZSI6eyJkb2N1bWVudFByZXNlbmNlIjpbIlBoeXNpY2FsIl0sImV2aWRlbmNlRG9jdW1lbnQiOlsiUGFzc3BvcnQiXSwiaWQiOiJodHRwczovL2Vzc2lmLmV1cm9wYS5ldS90c3ItdmEvZXZpZGVuY2UvZjJhZWVjOTctZmMwZC00MmJmLThjYTctMDU0ODE5MmQ1Njc4Iiwic3ViamVjdFByZXNlbmNlIjoiUGh5c2ljYWwiLCJ0eXBlIjpbIkRvY3VtZW50VmVyaWZpY2F0aW9uIl0sInZlcmlmaWVyIjoiZGlkOmVic2k6Mjk2MmZiNzg0ZGY2MWJhYTI2N2M4MTMyNDk3NTM5ZjhjNjc0YjM3YzEyNDRhN2EifX0sImp0aSI6InVybjp1dWlkOjg0ZGI4MmMwLTUwZjEtNDNjOC04YTk0LWZlMzc1MTMyNDMzMCJ9.qw_WSJdP0hoGbQsjXe2OSwczSg7x90GQ31Ta25BYXO3rrUtHqU_mgru6ijHaaGu-G7JSaJATBzE2JKP0uWHACA, selectiveDisclosure=null, discloseAll=false)]
2368 [pool-1-thread-1 @coroutine#87] DEBUG id.walt.model.DidUrl - Trying to create DidUrl from URL: "did:key:z6MkrfDvwiTpYFqthLx8LBioWBTENj6yoWRZTUR7nAEu5bEn"...
2368 [pool-1-thread-1 @coroutine#87] DEBUG id.walt.services.vc.WaltIdJwtCredentialService - Signing JWT object with config: ProofConfig(issuerDid=did:key:z6MkrfDvwiTpYFqthLx8LBioWBTENj6yoWRZTUR7nAEu5bEn, subjectDid=did:key:z6MkrfDvwiTpYFqthLx8LBioWBTENj6yoWRZTUR7nAEu5bEn, verifierDid=did:key:z6MkrfDvwiTpYFqthLx8LBioWBTENj6yoWRZTUR7nAEu5bEn, issuerVerificationMethod=did:key:z6MkrfDvwiTpYFqthLx8LBioWBTENj6yoWRZTUR7nAEu5bEn#z6MkrfDvwiTpYFqthLx8LBioWBTENj6yoWRZTUR7nAEu5bEn, proofType=JWT, domain=null, nonce=abcd, proofPurpose=null, credentialId=urn:uuid:e74895c1-2a03-4ded-b467-a0f9788a0aaf, issueDate=null, validDate=null, expirationDate=null, dataProviderIdentifier=null, ldSignatureType=null, creator=did:key:z6MkrfDvwiTpYFqthLx8LBioWBTENj6yoWRZTUR7nAEu5bEn, ecosystem=DEFAULT, statusType=null, statusPurpose=revocation, credentialsEndpoint=null, selectiveDisclosure=null)
2368 [pool-1-thread-1 @coroutine#87] DEBUG id.walt.services.vc.WaltIdJwtCredentialService - Signing: {"sub":"did:key:z6MkrfDvwiTpYFqthLx8LBioWBTENj6yoWRZTUR7nAEu5bEn","aud":"did:key:z6MkrfDvwiTpYFqthLx8LBioWBTENj6yoWRZTUR7nAEu5bEn","nbf":1726133977,"iss":"did:key:z6MkrfDvwiTpYFqthLx8LBioWBTENj6yoWRZTUR7nAEu5bEn","vp":{"type":["VerifiablePresentation"],"@context":["https://www.w3.org/2018/credentials/v1"],"id":"urn:uuid:e74895c1-2a03-4ded-b467-a0f9788a0aaf","holder":"did:key:z6MkrfDvwiTpYFqthLx8LBioWBTENj6yoWRZTUR7nAEu5bEn","verifiableCredential":["eyJraWQiOiJkaWQ6a2V5Ono2TWtyZkR2d2lUcFlGcXRoTHg4TEJpb1dCVEVOajZ5b1dSWlRVUjduQUV1NWJFbiN6Nk1rcmZEdndpVHBZRnF0aEx4OExCaW9XQlRFTmo2eW9XUlpUVVI3bkFFdTViRW4iLCJ0eXAiOiJKV1QiLCJhbGciOiJFZERTQSJ9.eyJzdWIiOiJkaWQ6a2V5Ono2TWtyZkR2d2lUcFlGcXRoTHg4TEJpb1dCVEVOajZ5b1dSWlRVUjduQUV1NWJFbiIsIm5iZiI6MTcyNjEzMzk3NywiaXNzIjoiZGlkOmtleTp6Nk1rcmZEdndpVHBZRnF0aEx4OExCaW9XQlRFTmo2eW9XUlpUVVI3bkFFdTViRW4iLCJpYXQiOjE3MjYxMzM5NzcsInZjIjp7InR5cGUiOlsiVmVyaWZpYWJsZUNyZWRlbnRpYWwiLCJWZXJpZmlhYmxlQXR0ZXN0YXRpb24iLCJWZXJpZmlhYmxlRGlwbG9tYSJdLCJAY29udGV4dCI6WyJodHRwczovL3d3dy53My5vcmcvMjAxOC9jcmVkZW50aWFscy92MSJdLCJpZCI6InVybjp1dWlkOjg0ZGI4MmMwLTUwZjEtNDNjOC04YTk0LWZlMzc1MTMyNDMzMCIsImlzc3VlciI6ImRpZDprZXk6ejZNa3JmRHZ3aVRwWUZxdGhMeDhMQmlvV0JURU5qNnlvV1JaVFVSN25BRXU1YkVuIiwiaXNzdWFuY2VEYXRlIjoiMjAyNC0wOS0xMlQwOTozOTozN1oiLCJpc3N1ZWQiOiIyMDI0LTA5LTEyVDA5OjM5OjM3WiIsInZhbGlkRnJvbSI6IjIwMjQtMDktMTJUMDk6Mzk6MzdaIiwiZXhwaXJhdGlvbkRhdGUiOiIyMDIyLTA4LTMxVDAwOjAwOjAwWiIsImNyZWRlbnRpYWxTY2hlbWEiOnsiaWQiOiJodHRwczovL3Jhdy5naXRodWJ1c2VyY29udGVudC5jb20vd2FsdC1pZC93YWx0aWQtc3Npa2l0LXZjbGliL21hc3Rlci9zcmMvdGVzdC9yZXNvdXJjZXMvc2NoZW1hcy9WZXJpZmlhYmxlRGlwbG9tYS5qc29uIiwidHlwZSI6Ikpzb25TY2hlbWFWYWxpZGF0b3IyMDE4In0sImNyZWRlbnRpYWxTdWJqZWN0Ijp7ImlkIjoiZGlkOmtleTp6Nk1rcmZEdndpVHBZRnF0aEx4OExCaW9XQlRFTmo2eW9XUlpUVVI3bkFFdTViRW4iLCJhd2FyZGluZ09wcG9ydHVuaXR5Ijp7ImF3YXJkaW5nQm9keSI6eyJlaWRhc0xlZ2FsSWRlbnRpZmllciI6IlVua25vd24iLCJob21lcGFnZSI6Imh0dHBzOi8vbGVhc3Rvbi5iY2RpcGxvbWEuY29tLyIsImlkIjoiZGlkOmVic2k6MkE5Qlo5U1VlNkJhdGFjU3B2czFWNUNkakh2THBRN2JFc2kySmI2TGRIS25ReGFOIiwicHJlZmVycmVkTmFtZSI6IkxlYXN0b24gVW5pdmVyc2l0eSIsInJlZ2lzdHJhdGlvbiI6IjA1OTcwNjVKIn0sImVuZGVkQXRUaW1lIjoiMjAyMC0wNi0yNlQwMDowMDowMFoiLCJpZCI6Imh0dHBzOi8vbGVhc3Rvbi5iY2RpcGxvbWEuY29tL2xhdy1lY29ub21pY3MtbWFuYWdlbWVudCNBd2FyZGluZ09wcG9ydHVuaXR5IiwiaWRlbnRpZmllciI6Imh0dHBzOi8vY2VydGlmaWNhdGUtZGVtby5iY2RpcGxvbWEuY29tL2NoZWNrLzg3RUQyRjIyNzBFNkM0MTQ1NkU5NEI4NkI5RDkxMTVCNEUzNUJDQ0FEMjAwQTQ5Qjg0NjU5MkMxNEY3OUM4NkJWMUZuYmxsdGEwTlpUbkprUjNsRFdsUm1URGxTUlVKRVZGWklTbU5tWXpKaFVVNXNaVUo1WjJGSlNIcFdibVpaIiwibG9jYXRpb24iOiJGUkFOQ0UiLCJzdGFydGVkQXRUaW1lIjoiMjAxOS0wOS0wMlQwMDowMDowMFoifSwiZGF0ZU9mQmlydGgiOiIxOTkzLTA0LTA4IiwiZmFtaWx5TmFtZSI6IkRPRSIsImdpdmVuTmFtZXMiOiJKYW5lIiwiZ3JhZGluZ1NjaGVtZSI6eyJpZCI6Imh0dHBzOi8vbGVhc3Rvbi5iY2RpcGxvbWEuY29tL2xhdy1lY29ub21pY3MtbWFuYWdlbWVudCNHcmFkaW5nU2NoZW1lIiwidGl0bGUiOiJMb3dlciBTZWNvbmQtQ2xhc3MgSG9ub3VycyJ9LCJpZGVudGlmaWVyIjoiMDkwNDAwODA4NEgiLCJsZWFybmluZ0FjaGlldmVtZW50Ijp7ImFkZGl0aW9uYWxOb3RlIjpbIkRJU1RSSUJVVElPTiBNQU5BR0VNRU5UIl0sImRlc2NyaXB0aW9uIjoiTUFSS0VUSU5HIEFORCBTQUxFUyIsImlkIjoiaHR0cHM6Ly9sZWFzdG9uLmJjZGlwbG9tYS5jb20vbGF3LWVjb25vbWljcy1tYW5hZ2VtZW50I0xlYXJuaW5nQWNoaWV2bWVudCIsInRpdGxlIjoiTUFTVEVSUyBMQVcsIEVDT05PTUlDUyBBTkQgTUFOQUdFTUVOVCJ9LCJsZWFybmluZ1NwZWNpZmljYXRpb24iOnsiZWN0c0NyZWRpdFBvaW50cyI6MTIwLCJlcWZMZXZlbCI6NywiaWQiOiJodHRwczovL2xlYXN0b24uYmNkaXBsb21hLmNvbS9sYXctZWNvbm9taWNzLW1hbmFnZW1lbnQjTGVhcm5pbmdTcGVjaWZpY2F0aW9uIiwiaXNjZWRmQ29kZSI6WyI3Il0sIm5xZkxldmVsIjpbIjciXX19LCJjcmVkZW50aWFsU3RhdHVzIjp7ImlkIjoiaHR0cHM6Ly9lc3NpZi5ldXJvcGEuZXUvc3RhdHVzL2VkdWNhdGlvbiNoaWdoZXJFZHVjYXRpb24jMzkyYWM3ZjYtMzk5YS00MzdiLWEyNjgtNDY5MWVhZDhmMTc2IiwidHlwZSI6IkNyZWRlbnRpYWxTdGF0dXNMaXN0MjAyMCJ9LCJldmlkZW5jZSI6eyJkb2N1bWVudFByZXNlbmNlIjpbIlBoeXNpY2FsIl0sImV2aWRlbmNlRG9jdW1lbnQiOlsiUGFzc3BvcnQiXSwiaWQiOiJodHRwczovL2Vzc2lmLmV1cm9wYS5ldS90c3ItdmEvZXZpZGVuY2UvZjJhZWVjOTctZmMwZC00MmJmLThjYTctMDU0ODE5MmQ1Njc4Iiwic3ViamVjdFByZXNlbmNlIjoiUGh5c2ljYWwiLCJ0eXBlIjpbIkRvY3VtZW50VmVyaWZpY2F0aW9uIl0sInZlcmlmaWVyIjoiZGlkOmVic2k6Mjk2MmZiNzg0ZGY2MWJhYTI2N2M4MTMyNDk3NTM5ZjhjNjc0YjM3YzEyNDRhN2EifX0sImp0aSI6InVybjp1dWlkOjg0ZGI4MmMwLTUwZjEtNDNjOC04YTk0LWZlMzc1MTMyNDMzMCJ9.qw_WSJdP0hoGbQsjXe2OSwczSg7x90GQ31Ta25BYXO3rrUtHqU_mgru6ijHaaGu-G7JSaJATBzE2JKP0uWHACA"]},"iat":1726133977,"nonce":"abcd","jti":"urn:uuid:e74895c1-2a03-4ded-b467-a0f9788a0aaf"}
2368 [pool-1-thread-1 @coroutine#87] DEBUG id.walt.services.keystore.HKVKeyStoreService - Loading key "did:key:z6MkrfDvwiTpYFqthLx8LBioWBTENj6yoWRZTUR7nAEu5bEn#z6MkrfDvwiTpYFqthLx8LBioWBTENj6yoWRZTUR7nAEu5bEn".
2368 [pool-1-thread-1 @coroutine#87] DEBUG id.walt.services.jwt.WaltIdJwtService - Signing JWT with algorithm: EdDSA_Ed25519
2368 [pool-1-thread-1 @coroutine#87] DEBUG id.walt.model.DidUrl - Trying to create DidUrl from URL: "did:key:z6MkrfDvwiTpYFqthLx8LBioWBTENj6yoWRZTUR7nAEu5bEn#z6MkrfDvwiTpYFqthLx8LBioWBTENj6yoWRZTUR7nAEu5bEn"...
2368 [pool-1-thread-1 @coroutine#87] DEBUG id.walt.services.keystore.HKVKeyStoreService - Loading key "26b5c45821df410590b5dc92459b15a6".
2369 [pool-1-thread-1 @coroutine#87] DEBUG id.walt.services.jwt.WaltIdJwtService - Signed JWT:  eyJraWQiOiJkaWQ6a2V5Ono2TWtyZkR2d2lUcFlGcXRoTHg4TEJpb1dCVEVOajZ5b1dSWlRVUjduQUV1NWJFbiN6Nk1rcmZEdndpVHBZRnF0aEx4OExCaW9XQlRFTmo2eW9XUlpUVVI3bkFFdTViRW4iLCJ0eXAiOiJKV1QiLCJhbGciOiJFZERTQSJ9.eyJzdWIiOiJkaWQ6a2V5Ono2TWtyZkR2d2lUcFlGcXRoTHg4TEJpb1dCVEVOajZ5b1dSWlRVUjduQUV1NWJFbiIsImF1ZCI6ImRpZDprZXk6ejZNa3JmRHZ3aVRwWUZxdGhMeDhMQmlvV0JURU5qNnlvV1JaVFVSN25BRXU1YkVuIiwibmJmIjoxNzI2MTMzOTc3LCJpc3MiOiJkaWQ6a2V5Ono2TWtyZkR2d2lUcFlGcXRoTHg4TEJpb1dCVEVOajZ5b1dSWlRVUjduQUV1NWJFbiIsInZwIjp7InR5cGUiOlsiVmVyaWZpYWJsZVByZXNlbnRhdGlvbiJdLCJAY29udGV4dCI6WyJodHRwczovL3d3dy53My5vcmcvMjAxOC9jcmVkZW50aWFscy92MSJdLCJpZCI6InVybjp1dWlkOmU3NDg5NWMxLTJhMDMtNGRlZC1iNDY3LWEwZjk3ODhhMGFhZiIsImhvbGRlciI6ImRpZDprZXk6ejZNa3JmRHZ3aVRwWUZxdGhMeDhMQmlvV0JURU5qNnlvV1JaVFVSN25BRXU1YkVuIiwidmVyaWZpYWJsZUNyZWRlbnRpYWwiOlsiZXlKcmFXUWlPaUprYVdRNmEyVjVPbm8yVFd0eVprUjJkMmxVY0ZsR2NYUm9USGc0VEVKcGIxZENWRVZPYWpaNWIxZFNXbFJWVWpkdVFVVjFOV0pGYmlONk5rMXJjbVpFZG5kcFZIQlpSbkYwYUV4NE9FeENhVzlYUWxSRlRtbzJlVzlYVWxwVVZWSTNia0ZGZFRWaVJXNGlMQ0owZVhBaU9pSktWMVFpTENKaGJHY2lPaUpGWkVSVFFTSjkuZXlKemRXSWlPaUprYVdRNmEyVjVPbm8yVFd0eVprUjJkMmxVY0ZsR2NYUm9USGc0VEVKcGIxZENWRVZPYWpaNWIxZFNXbFJWVWpkdVFVVjFOV0pGYmlJc0ltNWlaaUk2TVRjeU5qRXpNemszTnl3aWFYTnpJam9pWkdsa09tdGxlVHA2TmsxcmNtWkVkbmRwVkhCWlJuRjBhRXg0T0V4Q2FXOVhRbFJGVG1vMmVXOVhVbHBVVlZJM2JrRkZkVFZpUlc0aUxDSnBZWFFpT2pFM01qWXhNek01Tnpjc0luWmpJanA3SW5SNWNHVWlPbHNpVm1WeWFXWnBZV0pzWlVOeVpXUmxiblJwWVd3aUxDSldaWEpwWm1saFlteGxRWFIwWlhOMFlYUnBiMjRpTENKV1pYSnBabWxoWW14bFJHbHdiRzl0WVNKZExDSkFZMjl1ZEdWNGRDSTZXeUpvZEhSd2N6b3ZMM2QzZHk1M015NXZjbWN2TWpBeE9DOWpjbVZrWlc1MGFXRnNjeTkyTVNKZExDSnBaQ0k2SW5WeWJqcDFkV2xrT2pnMFpHSTRNbU13TFRVd1pqRXRORE5qT0MwNFlUazBMV1psTXpjMU1UTXlORE16TUNJc0ltbHpjM1ZsY2lJNkltUnBaRHByWlhrNmVqWk5hM0ptUkhaM2FWUndXVVp4ZEdoTWVEaE1RbWx2VjBKVVJVNXFObmx2VjFKYVZGVlNOMjVCUlhVMVlrVnVJaXdpYVhOemRXRnVZMlZFWVhSbElqb2lNakF5TkMwd09TMHhNbFF3T1Rvek9Ub3pOMW9pTENKcGMzTjFaV1FpT2lJeU1ESTBMVEE1TFRFeVZEQTVPak01T2pNM1dpSXNJblpoYkdsa1JuSnZiU0k2SWpJd01qUXRNRGt0TVRKVU1EazZNems2TXpkYUlpd2laWGh3YVhKaGRHbHZia1JoZEdVaU9pSXlNREl5TFRBNExUTXhWREF3T2pBd09qQXdXaUlzSW1OeVpXUmxiblJwWVd4VFkyaGxiV0VpT25zaWFXUWlPaUpvZEhSd2N6b3ZMM0poZHk1bmFYUm9kV0oxYzJWeVkyOXVkR1Z1ZEM1amIyMHZkMkZzZEMxcFpDOTNZV3gwYVdRdGMzTnBhMmwwTFhaamJHbGlMMjFoYzNSbGNpOXpjbU12ZEdWemRDOXlaWE52ZFhKalpYTXZjMk5vWlcxaGN5OVdaWEpwWm1saFlteGxSR2x3Ykc5dFlTNXFjMjl1SWl3aWRIbHdaU0k2SWtwemIyNVRZMmhsYldGV1lXeHBaR0YwYjNJeU1ERTRJbjBzSW1OeVpXUmxiblJwWVd4VGRXSnFaV04wSWpwN0ltbGtJam9pWkdsa09tdGxlVHA2TmsxcmNtWkVkbmRwVkhCWlJuRjBhRXg0T0V4Q2FXOVhRbFJGVG1vMmVXOVhVbHBVVlZJM2JrRkZkVFZpUlc0aUxDSmhkMkZ5WkdsdVowOXdjRzl5ZEhWdWFYUjVJanA3SW1GM1lYSmthVzVuUW05a2VTSTZleUpsYVdSaGMweGxaMkZzU1dSbGJuUnBabWxsY2lJNklsVnVhMjV2ZDI0aUxDSm9iMjFsY0dGblpTSTZJbWgwZEhCek9pOHZiR1ZoYzNSdmJpNWlZMlJwY0d4dmJXRXVZMjl0THlJc0ltbGtJam9pWkdsa09tVmljMms2TWtFNVFsbzVVMVZsTmtKaGRHRmpVM0IyY3pGV05VTmtha2gyVEhCUk4ySkZjMmt5U21JMlRHUklTMjVSZUdGT0lpd2ljSEpsWm1WeWNtVmtUbUZ0WlNJNklreGxZWE4wYjI0Z1ZXNXBkbVZ5YzJsMGVTSXNJbkpsWjJsemRISmhkR2x2YmlJNklqQTFPVGN3TmpWS0luMHNJbVZ1WkdWa1FYUlVhVzFsSWpvaU1qQXlNQzB3TmkweU5sUXdNRG93TURvd01Gb2lMQ0pwWkNJNkltaDBkSEJ6T2k4dmJHVmhjM1J2Ymk1aVkyUnBjR3h2YldFdVkyOXRMMnhoZHkxbFkyOXViMjFwWTNNdGJXRnVZV2RsYldWdWRDTkJkMkZ5WkdsdVowOXdjRzl5ZEhWdWFYUjVJaXdpYVdSbGJuUnBabWxsY2lJNkltaDBkSEJ6T2k4dlkyVnlkR2xtYVdOaGRHVXRaR1Z0Ynk1aVkyUnBjR3h2YldFdVkyOXRMMk5vWldOckx6ZzNSVVF5UmpJeU56QkZOa00wTVRRMU5rVTVORUk0TmtJNVJEa3hNVFZDTkVVek5VSkRRMEZFTWpBd1FUUTVRamcwTmpVNU1rTXhORVkzT1VNNE5rSldNVVp1WW14c2RHRXdUbHBVYmtwclVqTnNSRmRzVW0xVVJHeFRVbFZLUlZaR1drbFRiVTV0V1hwS2FGVlZOWE5hVlVvMVdqSkdTbE5JY0ZkaWJWcGFJaXdpYkc5allYUnBiMjRpT2lKR1VrRk9RMFVpTENKemRHRnlkR1ZrUVhSVWFXMWxJam9pTWpBeE9TMHdPUzB3TWxRd01Eb3dNRG93TUZvaWZTd2laR0YwWlU5bVFtbHlkR2dpT2lJeE9Ua3pMVEEwTFRBNElpd2labUZ0YVd4NVRtRnRaU0k2SWtSUFJTSXNJbWRwZG1WdVRtRnRaWE1pT2lKS1lXNWxJaXdpWjNKaFpHbHVaMU5qYUdWdFpTSTZleUpwWkNJNkltaDBkSEJ6T2k4dmJHVmhjM1J2Ymk1aVkyUnBjR3h2YldFdVkyOXRMMnhoZHkxbFkyOXViMjFwWTNNdGJXRnVZV2RsYldWdWRDTkhjbUZrYVc1blUyTm9aVzFsSWl3aWRHbDBiR1VpT2lKTWIzZGxjaUJUWldOdmJtUXRRMnhoYzNNZ1NHOXViM1Z5Y3lKOUxDSnBaR1Z1ZEdsbWFXVnlJam9pTURrd05EQXdPREE0TkVnaUxDSnNaV0Z5Ym1sdVowRmphR2xsZG1WdFpXNTBJanA3SW1Ga1pHbDBhVzl1WVd4T2IzUmxJanBiSWtSSlUxUlNTVUpWVkVsUFRpQk5RVTVCUjBWTlJVNVVJbDBzSW1SbGMyTnlhWEIwYVc5dUlqb2lUVUZTUzBWVVNVNUhJRUZPUkNCVFFVeEZVeUlzSW1sa0lqb2lhSFIwY0hNNkx5OXNaV0Z6ZEc5dUxtSmpaR2x3Ykc5dFlTNWpiMjB2YkdGM0xXVmpiMjV2YldsamN5MXRZVzVoWjJWdFpXNTBJMHhsWVhKdWFXNW5RV05vYVdWMmJXVnVkQ0lzSW5ScGRHeGxJam9pVFVGVFZFVlNVeUJNUVZjc0lFVkRUMDVQVFVsRFV5QkJUa1FnVFVGT1FVZEZUVVZPVkNKOUxDSnNaV0Z5Ym1sdVoxTndaV05wWm1sallYUnBiMjRpT25zaVpXTjBjME55WldScGRGQnZhVzUwY3lJNk1USXdMQ0psY1daTVpYWmxiQ0k2Tnl3aWFXUWlPaUpvZEhSd2N6b3ZMMnhsWVhOMGIyNHVZbU5rYVhCc2IyMWhMbU52YlM5c1lYY3RaV052Ym05dGFXTnpMVzFoYm1GblpXMWxiblFqVEdWaGNtNXBibWRUY0dWamFXWnBZMkYwYVc5dUlpd2lhWE5qWldSbVEyOWtaU0k2V3lJM0lsMHNJbTV4Wmt4bGRtVnNJanBiSWpjaVhYMTlMQ0pqY21Wa1pXNTBhV0ZzVTNSaGRIVnpJanA3SW1sa0lqb2lhSFIwY0hNNkx5OWxjM05wWmk1bGRYSnZjR0V1WlhVdmMzUmhkSFZ6TDJWa2RXTmhkR2x2YmlOb2FXZG9aWEpGWkhWallYUnBiMjRqTXpreVlXTTNaall0TXprNVlTMDBNemRpTFdFeU5qZ3RORFk1TVdWaFpEaG1NVGMySWl3aWRIbHdaU0k2SWtOeVpXUmxiblJwWVd4VGRHRjBkWE5NYVhOME1qQXlNQ0o5TENKbGRtbGtaVzVqWlNJNmV5SmtiMk4xYldWdWRGQnlaWE5sYm1ObElqcGJJbEJvZVhOcFkyRnNJbDBzSW1WMmFXUmxibU5sUkc5amRXMWxiblFpT2xzaVVHRnpjM0J2Y25RaVhTd2lhV1FpT2lKb2RIUndjem92TDJWemMybG1MbVYxY205d1lTNWxkUzkwYzNJdGRtRXZaWFpwWkdWdVkyVXZaakpoWldWak9UY3RabU13WkMwME1tSm1MVGhqWVRjdE1EVTBPREU1TW1RMU5qYzRJaXdpYzNWaWFtVmpkRkJ5WlhObGJtTmxJam9pVUdoNWMybGpZV3dpTENKMGVYQmxJanBiSWtSdlkzVnRaVzUwVm1WeWFXWnBZMkYwYVc5dUlsMHNJblpsY21sbWFXVnlJam9pWkdsa09tVmljMms2TWprMk1tWmlOemcwWkdZMk1XSmhZVEkyTjJNNE1UTXlORGszTlRNNVpqaGpOamMwWWpNM1l6RXlORFJoTjJFaWZYMHNJbXAwYVNJNkluVnlianAxZFdsa09qZzBaR0k0TW1Nd0xUVXdaakV0TkROak9DMDRZVGswTFdabE16YzFNVE15TkRNek1DSjkucXdfV1NKZFAwaG9HYlFzalhlMk9Td2N6U2c3eDkwR1EzMVRhMjVCWVhPM3JyVXRIcVVfbWdydTZpakhhYUd1LUc3SlNhSkFUQnpFMkpLUDB1V0hBQ0EiXX0sImlhdCI6MTcyNjEzMzk3Nywibm9uY2UiOiJhYmNkIiwianRpIjoidXJuOnV1aWQ6ZTc0ODk1YzEtMmEwMy00ZGVkLWI0NjctYTBmOTc4OGEwYWFmIn0.DEljFF8htDiFGFitLXN30uQTsxAhiGqx-kHm1qFcBkOTbZfGZrf3nf4nHxB0qIO1zXcDw24UXNmCGV2eJWBqCg
2370 [pool-1-thread-1 @coroutine#87] DEBUG id.walt.services.vc.WaltIdJwtCredentialService - VP created:eyJraWQiOiJkaWQ6a2V5Ono2TWtyZkR2d2lUcFlGcXRoTHg4TEJpb1dCVEVOajZ5b1dSWlRVUjduQUV1NWJFbiN6Nk1rcmZEdndpVHBZRnF0aEx4OExCaW9XQlRFTmo2eW9XUlpUVVI3bkFFdTViRW4iLCJ0eXAiOiJKV1QiLCJhbGciOiJFZERTQSJ9.eyJzdWIiOiJkaWQ6a2V5Ono2TWtyZkR2d2lUcFlGcXRoTHg4TEJpb1dCVEVOajZ5b1dSWlRVUjduQUV1NWJFbiIsImF1ZCI6ImRpZDprZXk6ejZNa3JmRHZ3aVRwWUZxdGhMeDhMQmlvV0JURU5qNnlvV1JaVFVSN25BRXU1YkVuIiwibmJmIjoxNzI2MTMzOTc3LCJpc3MiOiJkaWQ6a2V5Ono2TWtyZkR2d2lUcFlGcXRoTHg4TEJpb1dCVEVOajZ5b1dSWlRVUjduQUV1NWJFbiIsInZwIjp7InR5cGUiOlsiVmVyaWZpYWJsZVByZXNlbnRhdGlvbiJdLCJAY29udGV4dCI6WyJodHRwczovL3d3dy53My5vcmcvMjAxOC9jcmVkZW50aWFscy92MSJdLCJpZCI6InVybjp1dWlkOmU3NDg5NWMxLTJhMDMtNGRlZC1iNDY3LWEwZjk3ODhhMGFhZiIsImhvbGRlciI6ImRpZDprZXk6ejZNa3JmRHZ3aVRwWUZxdGhMeDhMQmlvV0JURU5qNnlvV1JaVFVSN25BRXU1YkVuIiwidmVyaWZpYWJsZUNyZWRlbnRpYWwiOlsiZXlKcmFXUWlPaUprYVdRNmEyVjVPbm8yVFd0eVprUjJkMmxVY0ZsR2NYUm9USGc0VEVKcGIxZENWRVZPYWpaNWIxZFNXbFJWVWpkdVFVVjFOV0pGYmlONk5rMXJjbVpFZG5kcFZIQlpSbkYwYUV4NE9FeENhVzlYUWxSRlRtbzJlVzlYVWxwVVZWSTNia0ZGZFRWaVJXNGlMQ0owZVhBaU9pSktWMVFpTENKaGJHY2lPaUpGWkVSVFFTSjkuZXlKemRXSWlPaUprYVdRNmEyVjVPbm8yVFd0eVprUjJkMmxVY0ZsR2NYUm9USGc0VEVKcGIxZENWRVZPYWpaNWIxZFNXbFJWVWpkdVFVVjFOV0pGYmlJc0ltNWlaaUk2TVRjeU5qRXpNemszTnl3aWFYTnpJam9pWkdsa09tdGxlVHA2TmsxcmNtWkVkbmRwVkhCWlJuRjBhRXg0T0V4Q2FXOVhRbFJGVG1vMmVXOVhVbHBVVlZJM2JrRkZkVFZpUlc0aUxDSnBZWFFpT2pFM01qWXhNek01Tnpjc0luWmpJanA3SW5SNWNHVWlPbHNpVm1WeWFXWnBZV0pzWlVOeVpXUmxiblJwWVd3aUxDSldaWEpwWm1saFlteGxRWFIwWlhOMFlYUnBiMjRpTENKV1pYSnBabWxoWW14bFJHbHdiRzl0WVNKZExDSkFZMjl1ZEdWNGRDSTZXeUpvZEhSd2N6b3ZMM2QzZHk1M015NXZjbWN2TWpBeE9DOWpjbVZrWlc1MGFXRnNjeTkyTVNKZExDSnBaQ0k2SW5WeWJqcDFkV2xrT2pnMFpHSTRNbU13TFRVd1pqRXRORE5qT0MwNFlUazBMV1psTXpjMU1UTXlORE16TUNJc0ltbHpjM1ZsY2lJNkltUnBaRHByWlhrNmVqWk5hM0ptUkhaM2FWUndXVVp4ZEdoTWVEaE1RbWx2VjBKVVJVNXFObmx2VjFKYVZGVlNOMjVCUlhVMVlrVnVJaXdpYVhOemRXRnVZMlZFWVhSbElqb2lNakF5TkMwd09TMHhNbFF3T1Rvek9Ub3pOMW9pTENKcGMzTjFaV1FpT2lJeU1ESTBMVEE1TFRFeVZEQTVPak01T2pNM1dpSXNJblpoYkdsa1JuSnZiU0k2SWpJd01qUXRNRGt0TVRKVU1EazZNems2TXpkYUlpd2laWGh3YVhKaGRHbHZia1JoZEdVaU9pSXlNREl5TFRBNExUTXhWREF3T2pBd09qQXdXaUlzSW1OeVpXUmxiblJwWVd4VFkyaGxiV0VpT25zaWFXUWlPaUpvZEhSd2N6b3ZMM0poZHk1bmFYUm9kV0oxYzJWeVkyOXVkR1Z1ZEM1amIyMHZkMkZzZEMxcFpDOTNZV3gwYVdRdGMzTnBhMmwwTFhaamJHbGlMMjFoYzNSbGNpOXpjbU12ZEdWemRDOXlaWE52ZFhKalpYTXZjMk5vWlcxaGN5OVdaWEpwWm1saFlteGxSR2x3Ykc5dFlTNXFjMjl1SWl3aWRIbHdaU0k2SWtwemIyNVRZMmhsYldGV1lXeHBaR0YwYjNJeU1ERTRJbjBzSW1OeVpXUmxiblJwWVd4VGRXSnFaV04wSWpwN0ltbGtJam9pWkdsa09tdGxlVHA2TmsxcmNtWkVkbmRwVkhCWlJuRjBhRXg0T0V4Q2FXOVhRbFJGVG1vMmVXOVhVbHBVVlZJM2JrRkZkVFZpUlc0aUxDSmhkMkZ5WkdsdVowOXdjRzl5ZEhWdWFYUjVJanA3SW1GM1lYSmthVzVuUW05a2VTSTZleUpsYVdSaGMweGxaMkZzU1dSbGJuUnBabWxsY2lJNklsVnVhMjV2ZDI0aUxDSm9iMjFsY0dGblpTSTZJbWgwZEhCek9pOHZiR1ZoYzNSdmJpNWlZMlJwY0d4dmJXRXVZMjl0THlJc0ltbGtJam9pWkdsa09tVmljMms2TWtFNVFsbzVVMVZsTmtKaGRHRmpVM0IyY3pGV05VTmtha2gyVEhCUk4ySkZjMmt5U21JMlRHUklTMjVSZUdGT0lpd2ljSEpsWm1WeWNtVmtUbUZ0WlNJNklreGxZWE4wYjI0Z1ZXNXBkbVZ5YzJsMGVTSXNJbkpsWjJsemRISmhkR2x2YmlJNklqQTFPVGN3TmpWS0luMHNJbVZ1WkdWa1FYUlVhVzFsSWpvaU1qQXlNQzB3TmkweU5sUXdNRG93TURvd01Gb2lMQ0pwWkNJNkltaDBkSEJ6T2k4dmJHVmhjM1J2Ymk1aVkyUnBjR3h2YldFdVkyOXRMMnhoZHkxbFkyOXViMjFwWTNNdGJXRnVZV2RsYldWdWRDTkJkMkZ5WkdsdVowOXdjRzl5ZEhWdWFYUjVJaXdpYVdSbGJuUnBabWxsY2lJNkltaDBkSEJ6T2k4dlkyVnlkR2xtYVdOaGRHVXRaR1Z0Ynk1aVkyUnBjR3h2YldFdVkyOXRMMk5vWldOckx6ZzNSVVF5UmpJeU56QkZOa00wTVRRMU5rVTVORUk0TmtJNVJEa3hNVFZDTkVVek5VSkRRMEZFTWpBd1FUUTVRamcwTmpVNU1rTXhORVkzT1VNNE5rSldNVVp1WW14c2RHRXdUbHBVYmtwclVqTnNSRmRzVW0xVVJHeFRVbFZLUlZaR1drbFRiVTV0V1hwS2FGVlZOWE5hVlVvMVdqSkdTbE5JY0ZkaWJWcGFJaXdpYkc5allYUnBiMjRpT2lKR1VrRk9RMFVpTENKemRHRnlkR1ZrUVhSVWFXMWxJam9pTWpBeE9TMHdPUzB3TWxRd01Eb3dNRG93TUZvaWZTd2laR0YwWlU5bVFtbHlkR2dpT2lJeE9Ua3pMVEEwTFRBNElpd2labUZ0YVd4NVRtRnRaU0k2SWtSUFJTSXNJbWRwZG1WdVRtRnRaWE1pT2lKS1lXNWxJaXdpWjNKaFpHbHVaMU5qYUdWdFpTSTZleUpwWkNJNkltaDBkSEJ6T2k4dmJHVmhjM1J2Ymk1aVkyUnBjR3h2YldFdVkyOXRMMnhoZHkxbFkyOXViMjFwWTNNdGJXRnVZV2RsYldWdWRDTkhjbUZrYVc1blUyTm9aVzFsSWl3aWRHbDBiR1VpT2lKTWIzZGxjaUJUWldOdmJtUXRRMnhoYzNNZ1NHOXViM1Z5Y3lKOUxDSnBaR1Z1ZEdsbWFXVnlJam9pTURrd05EQXdPREE0TkVnaUxDSnNaV0Z5Ym1sdVowRmphR2xsZG1WdFpXNTBJanA3SW1Ga1pHbDBhVzl1WVd4T2IzUmxJanBiSWtSSlUxUlNTVUpWVkVsUFRpQk5RVTVCUjBWTlJVNVVJbDBzSW1SbGMyTnlhWEIwYVc5dUlqb2lUVUZTUzBWVVNVNUhJRUZPUkNCVFFVeEZVeUlzSW1sa0lqb2lhSFIwY0hNNkx5OXNaV0Z6ZEc5dUxtSmpaR2x3Ykc5dFlTNWpiMjB2YkdGM0xXVmpiMjV2YldsamN5MXRZVzVoWjJWdFpXNTBJMHhsWVhKdWFXNW5RV05vYVdWMmJXVnVkQ0lzSW5ScGRHeGxJam9pVFVGVFZFVlNVeUJNUVZjc0lFVkRUMDVQVFVsRFV5QkJUa1FnVFVGT1FVZEZUVVZPVkNKOUxDSnNaV0Z5Ym1sdVoxTndaV05wWm1sallYUnBiMjRpT25zaVpXTjBjME55WldScGRGQnZhVzUwY3lJNk1USXdMQ0psY1daTVpYWmxiQ0k2Tnl3aWFXUWlPaUpvZEhSd2N6b3ZMMnhsWVhOMGIyNHVZbU5rYVhCc2IyMWhMbU52YlM5c1lYY3RaV052Ym05dGFXTnpMVzFoYm1GblpXMWxiblFqVEdWaGNtNXBibWRUY0dWamFXWnBZMkYwYVc5dUlpd2lhWE5qWldSbVEyOWtaU0k2V3lJM0lsMHNJbTV4Wmt4bGRtVnNJanBiSWpjaVhYMTlMQ0pqY21Wa1pXNTBhV0ZzVTNSaGRIVnpJanA3SW1sa0lqb2lhSFIwY0hNNkx5OWxjM05wWmk1bGRYSnZjR0V1WlhVdmMzUmhkSFZ6TDJWa2RXTmhkR2x2YmlOb2FXZG9aWEpGWkhWallYUnBiMjRqTXpreVlXTTNaall0TXprNVlTMDBNemRpTFdFeU5qZ3RORFk1TVdWaFpEaG1NVGMySWl3aWRIbHdaU0k2SWtOeVpXUmxiblJwWVd4VGRHRjBkWE5NYVhOME1qQXlNQ0o5TENKbGRtbGtaVzVqWlNJNmV5SmtiMk4xYldWdWRGQnlaWE5sYm1ObElqcGJJbEJvZVhOcFkyRnNJbDBzSW1WMmFXUmxibU5sUkc5amRXMWxiblFpT2xzaVVHRnpjM0J2Y25RaVhTd2lhV1FpT2lKb2RIUndjem92TDJWemMybG1MbVYxY205d1lTNWxkUzkwYzNJdGRtRXZaWFpwWkdWdVkyVXZaakpoWldWak9UY3RabU13WkMwME1tSm1MVGhqWVRjdE1EVTBPREU1TW1RMU5qYzRJaXdpYzNWaWFtVmpkRkJ5WlhObGJtTmxJam9pVUdoNWMybGpZV3dpTENKMGVYQmxJanBiSWtSdlkzVnRaVzUwVm1WeWFXWnBZMkYwYVc5dUlsMHNJblpsY21sbWFXVnlJam9pWkdsa09tVmljMms2TWprMk1tWmlOemcwWkdZMk1XSmhZVEkyTjJNNE1UTXlORGszTlRNNVpqaGpOamMwWWpNM1l6RXlORFJoTjJFaWZYMHNJbXAwYVNJNkluVnlianAxZFdsa09qZzBaR0k0TW1Nd0xUVXdaakV0TkROak9DMDRZVGswTFdabE16YzFNVE15TkRNek1DSjkucXdfV1NKZFAwaG9HYlFzalhlMk9Td2N6U2c3eDkwR1EzMVRhMjVCWVhPM3JyVXRIcVVfbWdydTZpakhhYUd1LUc3SlNhSkFUQnpFMkpLUDB1V0hBQ0EiXX0sImlhdCI6MTcyNjEzMzk3Nywibm9uY2UiOiJhYmNkIiwianRpIjoidXJuOnV1aWQ6ZTc0ODk1YzEtMmEwMy00ZGVkLWI0NjctYTBmOTc4OGEwYWFmIn0.DEljFF8htDiFGFitLXN30uQTsxAhiGqx-kHm1qFcBkOTbZfGZrf3nf4nHxB0qIO1zXcDw24UXNmCGV2eJWBqCg
2371 [pool-1-thread-1 @coroutine#87] DEBUG id.walt.model.DidUrl - Trying to create DidUrl from URL: "did:key:z6MkrfDvwiTpYFqthLx8LBioWBTENj6yoWRZTUR7nAEu5bEn"...
2371 [pool-1-thread-1 @coroutine#87] DEBUG id.walt.model.DidUrl - Trying to create DidUrl from URL: "did:key:z6MkrfDvwiTpYFqthLx8LBioWBTENj6yoWRZTUR7nAEu5bEn"...
2371 [pool-1-thread-1 @coroutine#87] DEBUG id.walt.signatory.WaltIdSignatory - Signing credential with proof using LD_PROOF...
2371 [pool-1-thread-1 @coroutine#87] DEBUG id.walt.signatory.WaltIdSignatory - Signing credential with proof using LD_PROOF, credential is: {"type":["VerifiableCredential","VerifiableMandate"],"@context":["https://www.w3.org/2018/credentials/v1"],"id":"urn:uuid:904fca0a-c478-426a-af64-c518309ee2a9","issuer":"did:key:z6MkrfDvwiTpYFqthLx8LBioWBTENj6yoWRZTUR7nAEu5bEn","issuanceDate":"2024-09-12T09:39:37Z","issued":"2024-09-12T09:39:37Z","validFrom":"2024-09-12T09:39:37Z","credentialSchema":{"id":"https://api.preprod.ebsi.eu/trusted-schemas-registry/v1/schemas/0xb77f8516a965631b4f197ad54c65a9e2f9936ebfb76bae4906d33744dbcc60ba","type":"FullJsonSchemaValidator2021"},"credentialSubject":{"id":"did:key:z6MkrfDvwiTpYFqthLx8LBioWBTENj6yoWRZTUR7nAEu5bEn","holder":{"role":"family","grant":"apply_to_masters","id":"did:key:z6MkrfDvwiTpYFqthLx8LBioWBTENj6yoWRZTUR7nAEu5bEn","constraints":{"location":"Slovenia"}},"policySchemaURI":"src/test/resources/verifiable-mandates/test-policy.rego"},"evidence":[{"evidenceValue":"","id":"https://essif.europa.eu/tsr-va/evidence/f2aeec97-fc0d-42bf-8ca7-0548192d5678","type":["VerifiableMandatePresentation"]}]}
2371 [pool-1-thread-1 @coroutine#87] DEBUG id.walt.services.vc.WaltIdJsonLdCredentialService - Signing jsonLd object with: issuerDid (did:key:z6MkrfDvwiTpYFqthLx8LBioWBTENj6yoWRZTUR7nAEu5bEn), domain (null), nonce (null
2371 [pool-1-thread-1 @coroutine#87] DEBUG id.walt.services.keystore.HKVKeyStoreService - Loading key "did:key:z6MkrfDvwiTpYFqthLx8LBioWBTENj6yoWRZTUR7nAEu5bEn#z6MkrfDvwiTpYFqthLx8LBioWBTENj6yoWRZTUR7nAEu5bEn".
2371 [pool-1-thread-1 @coroutine#87] DEBUG id.walt.services.vc.WaltIdJsonLdCredentialService - Signing: {"type":["VerifiableCredential","VerifiableMandate"],"@context":["https://www.w3.org/2018/credentials/v1"],"id":"urn:uuid:904fca0a-c478-426a-af64-c518309ee2a9","issuer":"did:key:z6MkrfDvwiTpYFqthLx8LBioWBTENj6yoWRZTUR7nAEu5bEn","issuanceDate":"2024-09-12T09:39:37Z","issued":"2024-09-12T09:39:37Z","validFrom":"2024-09-12T09:39:37Z","credentialSchema":{"id":"https://api.preprod.ebsi.eu/trusted-schemas-registry/v1/schemas/0xb77f8516a965631b4f197ad54c65a9e2f9936ebfb76bae4906d33744dbcc60ba","type":"FullJsonSchemaValidator2021"},"credentialSubject":{"id":"did:key:z6MkrfDvwiTpYFqthLx8LBioWBTENj6yoWRZTUR7nAEu5bEn","holder":{"role":"family","grant":"apply_to_masters","id":"did:key:z6MkrfDvwiTpYFqthLx8LBioWBTENj6yoWRZTUR7nAEu5bEn","constraints":{"location":"Slovenia"}},"policySchemaURI":"src/test/resources/verifiable-mandates/test-policy.rego"},"evidence":[{"evidenceValue":"","id":"https://essif.europa.eu/tsr-va/evidence/f2aeec97-fc0d-42bf-8ca7-0548192d5678","type":["VerifiableMandatePresentation"]}]}
2375 [pool-1-thread-1 @coroutine#87] DEBUG id.walt.services.keystore.HKVKeyStoreService - Loading key "26b5c45821df410590b5dc92459b15a6".
2375 [pool-1-thread-1 @coroutine#87] DEBUG id.walt.services.keystore.HKVKeyStoreService - Loading key "26b5c45821df410590b5dc92459b15a6".
2375 [pool-1-thread-1 @coroutine#87] DEBUG id.walt.services.keystore.HKVKeyStoreService - Loading key "26b5c45821df410590b5dc92459b15a6".
2376 [pool-1-thread-1 @coroutine#87] DEBUG id.walt.signatory.WaltIdSignatory - Signed VC is: {
  "type" : [ "VerifiableCredential", "VerifiableMandate" ],
  "@context" : [ "https://www.w3.org/2018/credentials/v1", "https://w3id.org/security/suites/jws-2020/v1" ],
  "id" : "urn:uuid:904fca0a-c478-426a-af64-c518309ee2a9",
  "issuer" : "did:key:z6MkrfDvwiTpYFqthLx8LBioWBTENj6yoWRZTUR7nAEu5bEn",
  "issuanceDate" : "2024-09-12T09:39:37Z",
  "issued" : "2024-09-12T09:39:37Z",
  "validFrom" : "2024-09-12T09:39:37Z",
  "credentialSchema" : {
    "id" : "https://api.preprod.ebsi.eu/trusted-schemas-registry/v1/schemas/0xb77f8516a965631b4f197ad54c65a9e2f9936ebfb76bae4906d33744dbcc60ba",
    "type" : "FullJsonSchemaValidator2021"
  },
  "credentialSubject" : {
    "id" : "did:key:z6MkrfDvwiTpYFqthLx8LBioWBTENj6yoWRZTUR7nAEu5bEn",
    "holder" : {
      "role" : "family",
      "grant" : "apply_to_masters",
      "id" : "did:key:z6MkrfDvwiTpYFqthLx8LBioWBTENj6yoWRZTUR7nAEu5bEn",
      "constraints" : {
        "location" : "Slovenia"
      }
    },
    "policySchemaURI" : "src/test/resources/verifiable-mandates/test-policy.rego"
  },
  "evidence" : [ {
    "evidenceValue" : "",
    "id" : "https://essif.europa.eu/tsr-va/evidence/f2aeec97-fc0d-42bf-8ca7-0548192d5678",
    "type" : [ "VerifiableMandatePresentation" ]
  } ],
  "proof" : {
    "type" : "JsonWebSignature2020",
    "creator" : "did:key:z6MkrfDvwiTpYFqthLx8LBioWBTENj6yoWRZTUR7nAEu5bEn",
    "created" : "2024-09-12T09:39:37Z",
    "verificationMethod" : "did:key:z6MkrfDvwiTpYFqthLx8LBioWBTENj6yoWRZTUR7nAEu5bEn#z6MkrfDvwiTpYFqthLx8LBioWBTENj6yoWRZTUR7nAEu5bEn",
    "jws" : "eyJiNjQiOmZhbHNlLCJjcml0IjpbImI2NCJdLCJhbGciOiJFZERTQSJ9..1-kQ2KwZYycnYscS_VNx4Yno0n383IdoQ0HQh8Vm2f1Se6VsTDkJggw_IL1YEu3gtGvWeRByQc1XqiDwO2oiBg"
  }
}
2385 [pool-1-thread-1 @coroutine#87] DEBUG id.walt.auditor.Auditor - Verifying vc with VerifiableMandatePolicy ...
2402 [pool-1-thread-1 @coroutine#87] DEBUG com.jayway.jsonpath.internal.path.CompiledPath - Evaluating path: $['credentialSubject']['policySchemaURI']
2403 [pool-1-thread-1 @coroutine#87] DEBUG com.jayway.jsonpath.internal.path.CompiledPath - Evaluating path: $['credentialSubject']['holder']
2422 [pool-1-thread-1 @coroutine#87] DEBUG id.walt.auditor.dynamic.OPAPolicyEngine - rego eval output: [
  true
]

2423 [pool-1-thread-1 @coroutine#87] DEBUG id.walt.auditor.dynamic.DynamicPolicy - DYNAMIC POLICY CHECK: VC [VerifiableCredential, VerifiableMandate] result: passed
2423 [pool-1-thread-1 @coroutine#87] DEBUG id.walt.auditor.dynamic.DynamicPolicy - Policy: $.credentialSubject.policySchemaURI
2423 [pool-1-thread-1 @coroutine#87] DEBUG id.walt.auditor.VerificationPolicy - VC [VerifiableCredential, VerifiableMandate] passes policy VerifiableMandatePolicy: passed
2430 [pool-1-thread-1 @coroutine#88] DEBUG id.walt.services.keystore.HKVKeyStoreService - Storing key "071081576197467e9aa54edf55ab5dd2".
2430 [pool-1-thread-1 @coroutine#88] DEBUG id.walt.services.keystore.HKVKeyStoreService - Loading key "071081576197467e9aa54edf55ab5dd2".
2430 [pool-1-thread-1 @coroutine#88] DEBUG id.walt.model.DidUrl - Trying to create DidUrl from URL: "did:key:z6MkwBE9DjSQKvZ8wwAcuvdyXUaRLmPKj3df2FmjFuCQL5yM"...
2432 [pool-1-thread-1 @coroutine#88] DEBUG id.walt.services.keystore.HKVKeyStoreService - Loading key "071081576197467e9aa54edf55ab5dd2".
2432 [pool-1-thread-1 @coroutine#88] DEBUG id.walt.services.did.DidService - A key with the id "071081576197467e9aa54edf55ab5dd2" exists.
2432 [pool-1-thread-1 @coroutine#88] DEBUG id.walt.model.DidUrl - Trying to create DidUrl from URL: "did:key:z6MkwBE9DjSQKvZ8wwAcuvdyXUaRLmPKj3df2FmjFuCQL5yM"...
2432 [pool-1-thread-1 @coroutine#88] DEBUG id.walt.model.DidUrl - Trying to create DidUrl from URL: "did:key:z6MkwBE9DjSQKvZ8wwAcuvdyXUaRLmPKj3df2FmjFuCQL5yM"...
2433 [pool-1-thread-1 @coroutine#88] DEBUG id.walt.model.DidUrl - Trying to create DidUrl from URL: "did:key:z6MkwBE9DjSQKvZ8wwAcuvdyXUaRLmPKj3df2FmjFuCQL5yM"...
2433 [pool-1-thread-1 @coroutine#88] DEBUG id.walt.model.DidUrl - Trying to create DidUrl from URL: "did:key:z6MkwBE9DjSQKvZ8wwAcuvdyXUaRLmPKj3df2FmjFuCQL5yM"...
2433 [pool-1-thread-1 @coroutine#88] DEBUG id.walt.model.DidUrl - Trying to create DidUrl from URL: "did:key:z6MkwBE9DjSQKvZ8wwAcuvdyXUaRLmPKj3df2FmjFuCQL5yM"...
2433 [pool-1-thread-1 @coroutine#88] DEBUG id.walt.signatory.WaltIdSignatory - Signing credential with proof using LD_PROOF...
2433 [pool-1-thread-1 @coroutine#88] DEBUG id.walt.signatory.WaltIdSignatory - Signing credential with proof using LD_PROOF, credential is: {"type":["VerifiableCredential","VerifiableAttestation","VerifiableDiploma"],"@context":["https://www.w3.org/2018/credentials/v1"],"id":"urn:uuid:8c2de92d-39f7-4408-9929-11028bb98f42","issuer":"did:key:z6MkwBE9DjSQKvZ8wwAcuvdyXUaRLmPKj3df2FmjFuCQL5yM","issuanceDate":"2024-09-12T09:39:37Z","issued":"2024-09-12T09:39:37Z","validFrom":"2024-09-12T09:39:37Z","expirationDate":"2022-08-31T00:00:00Z","credentialSchema":{"id":"https://raw.githubusercontent.com/walt-id/waltid-ssikit-vclib/master/src/test/resources/schemas/VerifiableDiploma.json","type":"JsonSchemaValidator2018"},"credentialSubject":{"id":"did:key:z6MkwBE9DjSQKvZ8wwAcuvdyXUaRLmPKj3df2FmjFuCQL5yM","awardingOpportunity":{"awardingBody":{"eidasLegalIdentifier":"Unknown","homepage":"https://leaston.bcdiploma.com/","id":"did:ebsi:2A9BZ9SUe6BatacSpvs1V5CdjHvLpQ7bEsi2Jb6LdHKnQxaN","preferredName":"Leaston University","registration":"0597065J"},"endedAtTime":"2020-06-26T00:00:00Z","id":"https://leaston.bcdiploma.com/law-economics-management#AwardingOpportunity","identifier":"https://certificate-demo.bcdiploma.com/check/87ED2F2270E6C41456E94B86B9D9115B4E35BCCAD200A49B846592C14F79C86BV1Fnbllta0NZTnJkR3lDWlRmTDlSRUJEVFZISmNmYzJhUU5sZUJ5Z2FJSHpWbmZZ","location":"FRANCE","startedAtTime":"2019-09-02T00:00:00Z"},"dateOfBirth":"1993-04-08","familyName":"DOE","givenNames":"Jane","gradingScheme":{"id":"https://leaston.bcdiploma.com/law-economics-management#GradingScheme","title":"Lower Second-Class Honours"},"identifier":"0904008084H","learningAchievement":{"additionalNote":["DISTRIBUTION MANAGEMENT"],"description":"MARKETING AND SALES","id":"https://leaston.bcdiploma.com/law-economics-management#LearningAchievment","title":"MASTERS LAW, ECONOMICS AND MANAGEMENT"},"learningSpecification":{"ectsCreditPoints":120,"eqfLevel":7,"id":"https://leaston.bcdiploma.com/law-economics-management#LearningSpecification","iscedfCode":["7"],"nqfLevel":["7"]}},"credentialStatus":{"id":"https://essif.europa.eu/status/education#higherEducation#392ac7f6-399a-437b-a268-4691ead8f176","type":"CredentialStatusList2020"},"evidence":{"documentPresence":["Physical"],"evidenceDocument":["Passport"],"id":"https://essif.europa.eu/tsr-va/evidence/f2aeec97-fc0d-42bf-8ca7-0548192d5678","subjectPresence":"Physical","type":["DocumentVerification"],"verifier":"did:ebsi:2962fb784df61baa267c8132497539f8c674b37c1244a7a"}}
2433 [pool-1-thread-1 @coroutine#88] DEBUG id.walt.services.vc.WaltIdJsonLdCredentialService - Signing jsonLd object with: issuerDid (did:key:z6MkwBE9DjSQKvZ8wwAcuvdyXUaRLmPKj3df2FmjFuCQL5yM), domain (null), nonce (null
2434 [pool-1-thread-1 @coroutine#88] DEBUG id.walt.services.keystore.HKVKeyStoreService - Loading key "did:key:z6MkwBE9DjSQKvZ8wwAcuvdyXUaRLmPKj3df2FmjFuCQL5yM#z6MkwBE9DjSQKvZ8wwAcuvdyXUaRLmPKj3df2FmjFuCQL5yM".
2434 [pool-1-thread-1 @coroutine#88] DEBUG id.walt.services.vc.WaltIdJsonLdCredentialService - Signing: {"type":["VerifiableCredential","VerifiableAttestation","VerifiableDiploma"],"@context":["https://www.w3.org/2018/credentials/v1"],"id":"urn:uuid:8c2de92d-39f7-4408-9929-11028bb98f42","issuer":"did:key:z6MkwBE9DjSQKvZ8wwAcuvdyXUaRLmPKj3df2FmjFuCQL5yM","issuanceDate":"2024-09-12T09:39:37Z","issued":"2024-09-12T09:39:37Z","validFrom":"2024-09-12T09:39:37Z","expirationDate":"2022-08-31T00:00:00Z","credentialSchema":{"id":"https://raw.githubusercontent.com/walt-id/waltid-ssikit-vclib/master/src/test/resources/schemas/VerifiableDiploma.json","type":"JsonSchemaValidator2018"},"credentialSubject":{"id":"did:key:z6MkwBE9DjSQKvZ8wwAcuvdyXUaRLmPKj3df2FmjFuCQL5yM","awardingOpportunity":{"awardingBody":{"eidasLegalIdentifier":"Unknown","homepage":"https://leaston.bcdiploma.com/","id":"did:ebsi:2A9BZ9SUe6BatacSpvs1V5CdjHvLpQ7bEsi2Jb6LdHKnQxaN","preferredName":"Leaston University","registration":"0597065J"},"endedAtTime":"2020-06-26T00:00:00Z","id":"https://leaston.bcdiploma.com/law-economics-management#AwardingOpportunity","identifier":"https://certificate-demo.bcdiploma.com/check/87ED2F2270E6C41456E94B86B9D9115B4E35BCCAD200A49B846592C14F79C86BV1Fnbllta0NZTnJkR3lDWlRmTDlSRUJEVFZISmNmYzJhUU5sZUJ5Z2FJSHpWbmZZ","location":"FRANCE","startedAtTime":"2019-09-02T00:00:00Z"},"dateOfBirth":"1993-04-08","familyName":"DOE","givenNames":"Jane","gradingScheme":{"id":"https://leaston.bcdiploma.com/law-economics-management#GradingScheme","title":"Lower Second-Class Honours"},"identifier":"0904008084H","learningAchievement":{"additionalNote":["DISTRIBUTION MANAGEMENT"],"description":"MARKETING AND SALES","id":"https://leaston.bcdiploma.com/law-economics-management#LearningAchievment","title":"MASTERS LAW, ECONOMICS AND MANAGEMENT"},"learningSpecification":{"ectsCreditPoints":120,"eqfLevel":7,"id":"https://leaston.bcdiploma.com/law-economics-management#LearningSpecification","iscedfCode":["7"],"nqfLevel":["7"]}},"credentialStatus":{"id":"https://essif.europa.eu/status/education#higherEducation#392ac7f6-399a-437b-a268-4691ead8f176","type":"CredentialStatusList2020"},"evidence":{"documentPresence":["Physical"],"evidenceDocument":["Passport"],"id":"https://essif.europa.eu/tsr-va/evidence/f2aeec97-fc0d-42bf-8ca7-0548192d5678","subjectPresence":"Physical","type":["DocumentVerification"],"verifier":"did:ebsi:2962fb784df61baa267c8132497539f8c674b37c1244a7a"}}
Sep 12, 2024 11:39:37 AM com.apicatalog.jsonld.deseralization.JsonLdToRdf build
WARNING: Non well-formed subject [https://essif.europa.eu/status/education#higherEducation#392ac7f6-399a-437b-a268-4691ead8f176] has been skipped.
2437 [pool-1-thread-1 @coroutine#88] DEBUG id.walt.services.keystore.HKVKeyStoreService - Loading key "071081576197467e9aa54edf55ab5dd2".
2437 [pool-1-thread-1 @coroutine#88] DEBUG id.walt.services.keystore.HKVKeyStoreService - Loading key "071081576197467e9aa54edf55ab5dd2".
2437 [pool-1-thread-1 @coroutine#88] DEBUG id.walt.services.keystore.HKVKeyStoreService - Loading key "071081576197467e9aa54edf55ab5dd2".
2438 [pool-1-thread-1 @coroutine#88] DEBUG id.walt.signatory.WaltIdSignatory - Signed VC is: {
  "type" : [ "VerifiableCredential", "VerifiableAttestation", "VerifiableDiploma" ],
  "@context" : [ "https://www.w3.org/2018/credentials/v1", "https://w3id.org/security/suites/jws-2020/v1" ],
  "id" : "urn:uuid:8c2de92d-39f7-4408-9929-11028bb98f42",
  "issuer" : "did:key:z6MkwBE9DjSQKvZ8wwAcuvdyXUaRLmPKj3df2FmjFuCQL5yM",
  "issuanceDate" : "2024-09-12T09:39:37Z",
  "issued" : "2024-09-12T09:39:37Z",
  "validFrom" : "2024-09-12T09:39:37Z",
  "expirationDate" : "2022-08-31T00:00:00Z",
  "credentialSchema" : {
    "id" : "https://raw.githubusercontent.com/walt-id/waltid-ssikit-vclib/master/src/test/resources/schemas/VerifiableDiploma.json",
    "type" : "JsonSchemaValidator2018"
  },
  "credentialSubject" : {
    "id" : "did:key:z6MkwBE9DjSQKvZ8wwAcuvdyXUaRLmPKj3df2FmjFuCQL5yM",
    "awardingOpportunity" : {
      "awardingBody" : {
        "eidasLegalIdentifier" : "Unknown",
        "homepage" : "https://leaston.bcdiploma.com/",
        "id" : "did:ebsi:2A9BZ9SUe6BatacSpvs1V5CdjHvLpQ7bEsi2Jb6LdHKnQxaN",
        "preferredName" : "Leaston University",
        "registration" : "0597065J"
      },
      "endedAtTime" : "2020-06-26T00:00:00Z",
      "id" : "https://leaston.bcdiploma.com/law-economics-management#AwardingOpportunity",
      "identifier" : "https://certificate-demo.bcdiploma.com/check/87ED2F2270E6C41456E94B86B9D9115B4E35BCCAD200A49B846592C14F79C86BV1Fnbllta0NZTnJkR3lDWlRmTDlSRUJEVFZISmNmYzJhUU5sZUJ5Z2FJSHpWbmZZ",
      "location" : "FRANCE",
      "startedAtTime" : "2019-09-02T00:00:00Z"
    },
    "dateOfBirth" : "1993-04-08",
    "familyName" : "DOE",
    "givenNames" : "Jane",
    "gradingScheme" : {
      "id" : "https://leaston.bcdiploma.com/law-economics-management#GradingScheme",
      "title" : "Lower Second-Class Honours"
    },
    "identifier" : "0904008084H",
    "learningAchievement" : {
      "additionalNote" : [ "DISTRIBUTION MANAGEMENT" ],
      "description" : "MARKETING AND SALES",
      "id" : "https://leaston.bcdiploma.com/law-economics-management#LearningAchievment",
      "title" : "MASTERS LAW, ECONOMICS AND MANAGEMENT"
    },
    "learningSpecification" : {
      "ectsCreditPoints" : 120,
      "eqfLevel" : 7,
      "id" : "https://leaston.bcdiploma.com/law-economics-management#LearningSpecification",
      "iscedfCode" : [ "7" ],
      "nqfLevel" : [ "7" ]
    }
  },
  "credentialStatus" : {
    "id" : "https://essif.europa.eu/status/education#higherEducation#392ac7f6-399a-437b-a268-4691ead8f176",
    "type" : "CredentialStatusList2020"
  },
  "evidence" : {
    "documentPresence" : [ "Physical" ],
    "evidenceDocument" : [ "Passport" ],
    "id" : "https://essif.europa.eu/tsr-va/evidence/f2aeec97-fc0d-42bf-8ca7-0548192d5678",
    "subjectPresence" : "Physical",
    "type" : [ "DocumentVerification" ],
    "verifier" : "did:ebsi:2962fb784df61baa267c8132497539f8c674b37c1244a7a"
  },
  "proof" : {
    "type" : "JsonWebSignature2020",
    "creator" : "did:key:z6MkwBE9DjSQKvZ8wwAcuvdyXUaRLmPKj3df2FmjFuCQL5yM",
    "created" : "2024-09-12T09:39:37Z",
    "proofPurpose" : "assertionMethod",
    "verificationMethod" : "did:key:z6MkwBE9DjSQKvZ8wwAcuvdyXUaRLmPKj3df2FmjFuCQL5yM#z6MkwBE9DjSQKvZ8wwAcuvdyXUaRLmPKj3df2FmjFuCQL5yM",
    "jws" : "eyJiNjQiOmZhbHNlLCJjcml0IjpbImI2NCJdLCJhbGciOiJFZERTQSJ9..jzDicj3At2Ees51Do13q5WYucOCTPUF4io2EACfV1Qgge6FWO47OO0NzAX6HQySndsxRFM2GZo_XceJ6qoUKBg"
  }
}
2438 [pool-1-thread-1 @coroutine#88] DEBUG id.walt.services.vc.WaltIdJsonLdCredentialService - Creating a presentation for VCs:
[PresentableCredential(verifiableCredential={"type":["VerifiableCredential","VerifiableAttestation","VerifiableDiploma"],"@context":["https://www.w3.org/2018/credentials/v1","https://w3id.org/security/suites/jws-2020/v1"],"id":"urn:uuid:8c2de92d-39f7-4408-9929-11028bb98f42","issuer":"did:key:z6MkwBE9DjSQKvZ8wwAcuvdyXUaRLmPKj3df2FmjFuCQL5yM","issuanceDate":"2024-09-12T09:39:37Z","issued":"2024-09-12T09:39:37Z","validFrom":"2024-09-12T09:39:37Z","expirationDate":"2022-08-31T00:00:00Z","proof":{"type":"JsonWebSignature2020","creator":"did:key:z6MkwBE9DjSQKvZ8wwAcuvdyXUaRLmPKj3df2FmjFuCQL5yM","created":"2024-09-12T09:39:37Z","proofPurpose":"assertionMethod","verificationMethod":"did:key:z6MkwBE9DjSQKvZ8wwAcuvdyXUaRLmPKj3df2FmjFuCQL5yM#z6MkwBE9DjSQKvZ8wwAcuvdyXUaRLmPKj3df2FmjFuCQL5yM","jws":"eyJiNjQiOmZhbHNlLCJjcml0IjpbImI2NCJdLCJhbGciOiJFZERTQSJ9..jzDicj3At2Ees51Do13q5WYucOCTPUF4io2EACfV1Qgge6FWO47OO0NzAX6HQySndsxRFM2GZo_XceJ6qoUKBg"},"credentialSchema":{"id":"https://raw.githubusercontent.com/walt-id/waltid-ssikit-vclib/master/src/test/resources/schemas/VerifiableDiploma.json","type":"JsonSchemaValidator2018"},"credentialSubject":{"id":"did:key:z6MkwBE9DjSQKvZ8wwAcuvdyXUaRLmPKj3df2FmjFuCQL5yM","awardingOpportunity":{"awardingBody":{"eidasLegalIdentifier":"Unknown","homepage":"https://leaston.bcdiploma.com/","id":"did:ebsi:2A9BZ9SUe6BatacSpvs1V5CdjHvLpQ7bEsi2Jb6LdHKnQxaN","preferredName":"Leaston University","registration":"0597065J"},"endedAtTime":"2020-06-26T00:00:00Z","id":"https://leaston.bcdiploma.com/law-economics-management#AwardingOpportunity","identifier":"https://certificate-demo.bcdiploma.com/check/87ED2F2270E6C41456E94B86B9D9115B4E35BCCAD200A49B846592C14F79C86BV1Fnbllta0NZTnJkR3lDWlRmTDlSRUJEVFZISmNmYzJhUU5sZUJ5Z2FJSHpWbmZZ","location":"FRANCE","startedAtTime":"2019-09-02T00:00:00Z"},"dateOfBirth":"1993-04-08","familyName":"DOE","givenNames":"Jane","gradingScheme":{"id":"https://leaston.bcdiploma.com/law-economics-management#GradingScheme","title":"Lower Second-Class Honours"},"identifier":"0904008084H","learningAchievement":{"additionalNote":["DISTRIBUTION MANAGEMENT"],"description":"MARKETING AND SALES","id":"https://leaston.bcdiploma.com/law-economics-management#LearningAchievment","title":"MASTERS LAW, ECONOMICS AND MANAGEMENT"},"learningSpecification":{"ectsCreditPoints":120,"eqfLevel":7,"id":"https://leaston.bcdiploma.com/law-economics-management#LearningSpecification","iscedfCode":["7"],"nqfLevel":["7"]}},"credentialStatus":{"id":"https://essif.europa.eu/status/education#higherEducation#392ac7f6-399a-437b-a268-4691ead8f176","type":"CredentialStatusList2020"},"evidence":{"documentPresence":["Physical"],"evidenceDocument":["Passport"],"id":"https://essif.europa.eu/tsr-va/evidence/f2aeec97-fc0d-42bf-8ca7-0548192d5678","subjectPresence":"Physical","type":["DocumentVerification"],"verifier":"did:ebsi:2962fb784df61baa267c8132497539f8c674b37c1244a7a"}}, selectiveDisclosure=null, discloseAll=false)]
2438 [pool-1-thread-1 @coroutine#88] DEBUG id.walt.model.DidUrl - Trying to create DidUrl from URL: "did:key:z6MkwBE9DjSQKvZ8wwAcuvdyXUaRLmPKj3df2FmjFuCQL5yM"...
2438 [pool-1-thread-1 @coroutine#88] DEBUG id.walt.services.vc.WaltIdJsonLdCredentialService - Signing jsonLd object with: issuerDid (did:key:z6MkwBE9DjSQKvZ8wwAcuvdyXUaRLmPKj3df2FmjFuCQL5yM), domain (https://api-pilot.ebsi.eu), nonce (d04442d3-661f-411e-a80f-42f19f594c9d
2439 [pool-1-thread-1 @coroutine#88] DEBUG id.walt.services.keystore.HKVKeyStoreService - Loading key "did:key:z6MkwBE9DjSQKvZ8wwAcuvdyXUaRLmPKj3df2FmjFuCQL5yM#z6MkwBE9DjSQKvZ8wwAcuvdyXUaRLmPKj3df2FmjFuCQL5yM".
2439 [pool-1-thread-1 @coroutine#88] DEBUG id.walt.services.vc.WaltIdJsonLdCredentialService - Signing: {"type":["VerifiablePresentation"],"@context":["https://www.w3.org/2018/credentials/v1"],"id":"urn:uuid:9dada58b-6e62-47be-8c1e-8ad9bda543f9","holder":"did:key:z6MkwBE9DjSQKvZ8wwAcuvdyXUaRLmPKj3df2FmjFuCQL5yM","verifiableCredential":[{"type":["VerifiableCredential","VerifiableAttestation","VerifiableDiploma"],"@context":["https://www.w3.org/2018/credentials/v1","https://w3id.org/security/suites/jws-2020/v1"],"id":"urn:uuid:8c2de92d-39f7-4408-9929-11028bb98f42","issuer":"did:key:z6MkwBE9DjSQKvZ8wwAcuvdyXUaRLmPKj3df2FmjFuCQL5yM","issuanceDate":"2024-09-12T09:39:37Z","issued":"2024-09-12T09:39:37Z","validFrom":"2024-09-12T09:39:37Z","expirationDate":"2022-08-31T00:00:00Z","proof":{"type":"JsonWebSignature2020","creator":"did:key:z6MkwBE9DjSQKvZ8wwAcuvdyXUaRLmPKj3df2FmjFuCQL5yM","created":"2024-09-12T09:39:37Z","proofPurpose":"assertionMethod","verificationMethod":"did:key:z6MkwBE9DjSQKvZ8wwAcuvdyXUaRLmPKj3df2FmjFuCQL5yM#z6MkwBE9DjSQKvZ8wwAcuvdyXUaRLmPKj3df2FmjFuCQL5yM","jws":"eyJiNjQiOmZhbHNlLCJjcml0IjpbImI2NCJdLCJhbGciOiJFZERTQSJ9..jzDicj3At2Ees51Do13q5WYucOCTPUF4io2EACfV1Qgge6FWO47OO0NzAX6HQySndsxRFM2GZo_XceJ6qoUKBg"},"credentialSchema":{"id":"https://raw.githubusercontent.com/walt-id/waltid-ssikit-vclib/master/src/test/resources/schemas/VerifiableDiploma.json","type":"JsonSchemaValidator2018"},"credentialSubject":{"id":"did:key:z6MkwBE9DjSQKvZ8wwAcuvdyXUaRLmPKj3df2FmjFuCQL5yM","awardingOpportunity":{"awardingBody":{"eidasLegalIdentifier":"Unknown","homepage":"https://leaston.bcdiploma.com/","id":"did:ebsi:2A9BZ9SUe6BatacSpvs1V5CdjHvLpQ7bEsi2Jb6LdHKnQxaN","preferredName":"Leaston University","registration":"0597065J"},"endedAtTime":"2020-06-26T00:00:00Z","id":"https://leaston.bcdiploma.com/law-economics-management#AwardingOpportunity","identifier":"https://certificate-demo.bcdiploma.com/check/87ED2F2270E6C41456E94B86B9D9115B4E35BCCAD200A49B846592C14F79C86BV1Fnbllta0NZTnJkR3lDWlRmTDlSRUJEVFZISmNmYzJhUU5sZUJ5Z2FJSHpWbmZZ","location":"FRANCE","startedAtTime":"2019-09-02T00:00:00Z"},"dateOfBirth":"1993-04-08","familyName":"DOE","givenNames":"Jane","gradingScheme":{"id":"https://leaston.bcdiploma.com/law-economics-management#GradingScheme","title":"Lower Second-Class Honours"},"identifier":"0904008084H","learningAchievement":{"additionalNote":["DISTRIBUTION MANAGEMENT"],"description":"MARKETING AND SALES","id":"https://leaston.bcdiploma.com/law-economics-management#LearningAchievment","title":"MASTERS LAW, ECONOMICS AND MANAGEMENT"},"learningSpecification":{"ectsCreditPoints":120,"eqfLevel":7,"id":"https://leaston.bcdiploma.com/law-economics-management#LearningSpecification","iscedfCode":["7"],"nqfLevel":["7"]}},"credentialStatus":{"id":"https://essif.europa.eu/status/education#higherEducation#392ac7f6-399a-437b-a268-4691ead8f176","type":"CredentialStatusList2020"},"evidence":{"documentPresence":["Physical"],"evidenceDocument":["Passport"],"id":"https://essif.europa.eu/tsr-va/evidence/f2aeec97-fc0d-42bf-8ca7-0548192d5678","subjectPresence":"Physical","type":["DocumentVerification"],"verifier":"did:ebsi:2962fb784df61baa267c8132497539f8c674b37c1244a7a"}}]}
Sep 12, 2024 11:39:37 AM com.apicatalog.jsonld.deseralization.JsonLdToRdf build
WARNING: Non well-formed subject [https://essif.europa.eu/status/education#higherEducation#392ac7f6-399a-437b-a268-4691ead8f176] has been skipped.
2444 [pool-1-thread-1 @coroutine#88] DEBUG id.walt.services.keystore.HKVKeyStoreService - Loading key "071081576197467e9aa54edf55ab5dd2".
2444 [pool-1-thread-1 @coroutine#88] DEBUG id.walt.services.keystore.HKVKeyStoreService - Loading key "071081576197467e9aa54edf55ab5dd2".
2445 [pool-1-thread-1 @coroutine#88] DEBUG id.walt.services.keystore.HKVKeyStoreService - Loading key "071081576197467e9aa54edf55ab5dd2".
2446 [pool-1-thread-1 @coroutine#88] DEBUG id.walt.services.vc.WaltIdJsonLdCredentialService - VP created:{
  "type" : [ "VerifiablePresentation" ],
  "@context" : [ "https://www.w3.org/2018/credentials/v1", "https://w3id.org/security/suites/jws-2020/v1" ],
  "id" : "urn:uuid:9dada58b-6e62-47be-8c1e-8ad9bda543f9",
  "holder" : "did:key:z6MkwBE9DjSQKvZ8wwAcuvdyXUaRLmPKj3df2FmjFuCQL5yM",
  "verifiableCredential" : [ {
    "type" : [ "VerifiableCredential", "VerifiableAttestation", "VerifiableDiploma" ],
    "@context" : [ "https://www.w3.org/2018/credentials/v1", "https://w3id.org/security/suites/jws-2020/v1" ],
    "id" : "urn:uuid:8c2de92d-39f7-4408-9929-11028bb98f42",
    "issuer" : "did:key:z6MkwBE9DjSQKvZ8wwAcuvdyXUaRLmPKj3df2FmjFuCQL5yM",
    "issuanceDate" : "2024-09-12T09:39:37Z",
    "issued" : "2024-09-12T09:39:37Z",
    "validFrom" : "2024-09-12T09:39:37Z",
    "expirationDate" : "2022-08-31T00:00:00Z",
    "proof" : {
      "type" : "JsonWebSignature2020",
      "creator" : "did:key:z6MkwBE9DjSQKvZ8wwAcuvdyXUaRLmPKj3df2FmjFuCQL5yM",
      "created" : "2024-09-12T09:39:37Z",
      "proofPurpose" : "assertionMethod",
      "verificationMethod" : "did:key:z6MkwBE9DjSQKvZ8wwAcuvdyXUaRLmPKj3df2FmjFuCQL5yM#z6MkwBE9DjSQKvZ8wwAcuvdyXUaRLmPKj3df2FmjFuCQL5yM",
      "jws" : "eyJiNjQiOmZhbHNlLCJjcml0IjpbImI2NCJdLCJhbGciOiJFZERTQSJ9..jzDicj3At2Ees51Do13q5WYucOCTPUF4io2EACfV1Qgge6FWO47OO0NzAX6HQySndsxRFM2GZo_XceJ6qoUKBg"
    },
    "credentialSchema" : {
      "id" : "https://raw.githubusercontent.com/walt-id/waltid-ssikit-vclib/master/src/test/resources/schemas/VerifiableDiploma.json",
      "type" : "JsonSchemaValidator2018"
    },
    "credentialSubject" : {
      "id" : "did:key:z6MkwBE9DjSQKvZ8wwAcuvdyXUaRLmPKj3df2FmjFuCQL5yM",
      "awardingOpportunity" : {
        "awardingBody" : {
          "eidasLegalIdentifier" : "Unknown",
          "homepage" : "https://leaston.bcdiploma.com/",
          "id" : "did:ebsi:2A9BZ9SUe6BatacSpvs1V5CdjHvLpQ7bEsi2Jb6LdHKnQxaN",
          "preferredName" : "Leaston University",
          "registration" : "0597065J"
        },
        "endedAtTime" : "2020-06-26T00:00:00Z",
        "id" : "https://leaston.bcdiploma.com/law-economics-management#AwardingOpportunity",
        "identifier" : "https://certificate-demo.bcdiploma.com/check/87ED2F2270E6C41456E94B86B9D9115B4E35BCCAD200A49B846592C14F79C86BV1Fnbllta0NZTnJkR3lDWlRmTDlSRUJEVFZISmNmYzJhUU5sZUJ5Z2FJSHpWbmZZ",
        "location" : "FRANCE",
        "startedAtTime" : "2019-09-02T00:00:00Z"
      },
      "dateOfBirth" : "1993-04-08",
      "familyName" : "DOE",
      "givenNames" : "Jane",
      "gradingScheme" : {
        "id" : "https://leaston.bcdiploma.com/law-economics-management#GradingScheme",
        "title" : "Lower Second-Class Honours"
      },
      "identifier" : "0904008084H",
      "learningAchievement" : {
        "additionalNote" : [ "DISTRIBUTION MANAGEMENT" ],
        "description" : "MARKETING AND SALES",
        "id" : "https://leaston.bcdiploma.com/law-economics-management#LearningAchievment",
        "title" : "MASTERS LAW, ECONOMICS AND MANAGEMENT"
      },
      "learningSpecification" : {
        "ectsCreditPoints" : 120,
        "eqfLevel" : 7,
        "id" : "https://leaston.bcdiploma.com/law-economics-management#LearningSpecification",
        "iscedfCode" : [ "7" ],
        "nqfLevel" : [ "7" ]
      }
    },
    "credentialStatus" : {
      "id" : "https://essif.europa.eu/status/education#higherEducation#392ac7f6-399a-437b-a268-4691ead8f176",
      "type" : "CredentialStatusList2020"
    },
    "evidence" : {
      "documentPresence" : [ "Physical" ],
      "evidenceDocument" : [ "Passport" ],
      "id" : "https://essif.europa.eu/tsr-va/evidence/f2aeec97-fc0d-42bf-8ca7-0548192d5678",
      "subjectPresence" : "Physical",
      "type" : [ "DocumentVerification" ],
      "verifier" : "did:ebsi:2962fb784df61baa267c8132497539f8c674b37c1244a7a"
    }
  } ],
  "proof" : {
    "type" : "JsonWebSignature2020",
    "creator" : "did:key:z6MkwBE9DjSQKvZ8wwAcuvdyXUaRLmPKj3df2FmjFuCQL5yM",
    "created" : "2024-09-12T09:39:37Z",
    "domain" : "https://api-pilot.ebsi.eu",
    "nonce" : "d04442d3-661f-411e-a80f-42f19f594c9d",
    "proofPurpose" : "authentication",
    "verificationMethod" : "did:key:z6MkwBE9DjSQKvZ8wwAcuvdyXUaRLmPKj3df2FmjFuCQL5yM#z6MkwBE9DjSQKvZ8wwAcuvdyXUaRLmPKj3df2FmjFuCQL5yM",
    "jws" : "eyJiNjQiOmZhbHNlLCJjcml0IjpbImI2NCJdLCJhbGciOiJFZERTQSJ9..lGMn6TFtSUKor4u-MOGaBXPX-Cx_2mihIYdqzMZzRPDOQLq02c3iOCL3KRUL3YPB8weP7KK8KiQHx-Dc6ZWLCQ"
  }
}
2446 [pool-1-thread-1 @coroutine#88] DEBUG id.walt.model.DidUrl - Trying to create DidUrl from URL: "did:key:z6MkwBE9DjSQKvZ8wwAcuvdyXUaRLmPKj3df2FmjFuCQL5yM"...
2447 [pool-1-thread-1 @coroutine#88] DEBUG id.walt.model.DidUrl - Trying to create DidUrl from URL: "did:key:z6MkwBE9DjSQKvZ8wwAcuvdyXUaRLmPKj3df2FmjFuCQL5yM"...
2447 [pool-1-thread-1 @coroutine#88] DEBUG id.walt.signatory.WaltIdSignatory - Signing credential with proof using JWT...
2447 [pool-1-thread-1 @coroutine#88] DEBUG id.walt.signatory.WaltIdSignatory - Signing credential with proof using JWT, credential is: {"type":["VerifiableCredential","VerifiableAttestation","VerifiableDiploma"],"@context":["https://www.w3.org/2018/credentials/v1"],"id":"urn:uuid:d781ee7f-d30d-4226-8ca7-f1c431559cd3","issuer":"did:key:z6MkwBE9DjSQKvZ8wwAcuvdyXUaRLmPKj3df2FmjFuCQL5yM","issuanceDate":"2024-09-12T09:39:37Z","issued":"2024-09-12T09:39:37Z","validFrom":"2024-09-12T09:39:37Z","expirationDate":"2022-08-31T00:00:00Z","credentialSchema":{"id":"https://raw.githubusercontent.com/walt-id/waltid-ssikit-vclib/master/src/test/resources/schemas/VerifiableDiploma.json","type":"JsonSchemaValidator2018"},"credentialSubject":{"id":"did:key:z6MkwBE9DjSQKvZ8wwAcuvdyXUaRLmPKj3df2FmjFuCQL5yM","awardingOpportunity":{"awardingBody":{"eidasLegalIdentifier":"Unknown","homepage":"https://leaston.bcdiploma.com/","id":"did:ebsi:2A9BZ9SUe6BatacSpvs1V5CdjHvLpQ7bEsi2Jb6LdHKnQxaN","preferredName":"Leaston University","registration":"0597065J"},"endedAtTime":"2020-06-26T00:00:00Z","id":"https://leaston.bcdiploma.com/law-economics-management#AwardingOpportunity","identifier":"https://certificate-demo.bcdiploma.com/check/87ED2F2270E6C41456E94B86B9D9115B4E35BCCAD200A49B846592C14F79C86BV1Fnbllta0NZTnJkR3lDWlRmTDlSRUJEVFZISmNmYzJhUU5sZUJ5Z2FJSHpWbmZZ","location":"FRANCE","startedAtTime":"2019-09-02T00:00:00Z"},"dateOfBirth":"1993-04-08","familyName":"DOE","givenNames":"Jane","gradingScheme":{"id":"https://leaston.bcdiploma.com/law-economics-management#GradingScheme","title":"Lower Second-Class Honours"},"identifier":"0904008084H","learningAchievement":{"additionalNote":["DISTRIBUTION MANAGEMENT"],"description":"MARKETING AND SALES","id":"https://leaston.bcdiploma.com/law-economics-management#LearningAchievment","title":"MASTERS LAW, ECONOMICS AND MANAGEMENT"},"learningSpecification":{"ectsCreditPoints":120,"eqfLevel":7,"id":"https://leaston.bcdiploma.com/law-economics-management#LearningSpecification","iscedfCode":["7"],"nqfLevel":["7"]}},"credentialStatus":{"id":"https://essif.europa.eu/status/education#higherEducation#392ac7f6-399a-437b-a268-4691ead8f176","type":"CredentialStatusList2020"},"evidence":{"documentPresence":["Physical"],"evidenceDocument":["Passport"],"id":"https://essif.europa.eu/tsr-va/evidence/f2aeec97-fc0d-42bf-8ca7-0548192d5678","subjectPresence":"Physical","type":["DocumentVerification"],"verifier":"did:ebsi:2962fb784df61baa267c8132497539f8c674b37c1244a7a"}}
2447 [pool-1-thread-1 @coroutine#88] DEBUG id.walt.services.vc.WaltIdJwtCredentialService - Signing JWT object with config: ProofConfig(issuerDid=did:key:z6MkwBE9DjSQKvZ8wwAcuvdyXUaRLmPKj3df2FmjFuCQL5yM, subjectDid=did:key:z6MkwBE9DjSQKvZ8wwAcuvdyXUaRLmPKj3df2FmjFuCQL5yM, verifierDid=null, issuerVerificationMethod=did:key:z6MkwBE9DjSQKvZ8wwAcuvdyXUaRLmPKj3df2FmjFuCQL5yM#z6MkwBE9DjSQKvZ8wwAcuvdyXUaRLmPKj3df2FmjFuCQL5yM, proofType=JWT, domain=null, nonce=null, proofPurpose=null, credentialId=urn:uuid:d781ee7f-d30d-4226-8ca7-f1c431559cd3, issueDate=2024-09-12T09:39:37.667069381Z, validDate=2024-09-12T09:39:37.667071756Z, expirationDate=null, dataProviderIdentifier=null, ldSignatureType=null, creator=did:key:z6MkwBE9DjSQKvZ8wwAcuvdyXUaRLmPKj3df2FmjFuCQL5yM, ecosystem=DEFAULT, statusType=null, statusPurpose=revocation, credentialsEndpoint=null, selectiveDisclosure=null)
2447 [pool-1-thread-1 @coroutine#88] DEBUG id.walt.services.vc.WaltIdJwtCredentialService - Signing: {"sub":"did:key:z6MkwBE9DjSQKvZ8wwAcuvdyXUaRLmPKj3df2FmjFuCQL5yM","nbf":1726133977,"iss":"did:key:z6MkwBE9DjSQKvZ8wwAcuvdyXUaRLmPKj3df2FmjFuCQL5yM","iat":1726133977,"vc":{"type":["VerifiableCredential","VerifiableAttestation","VerifiableDiploma"],"@context":["https://www.w3.org/2018/credentials/v1"],"id":"urn:uuid:d781ee7f-d30d-4226-8ca7-f1c431559cd3","issuer":"did:key:z6MkwBE9DjSQKvZ8wwAcuvdyXUaRLmPKj3df2FmjFuCQL5yM","issuanceDate":"2024-09-12T09:39:37Z","issued":"2024-09-12T09:39:37Z","validFrom":"2024-09-12T09:39:37Z","expirationDate":"2022-08-31T00:00:00Z","credentialSchema":{"id":"https://raw.githubusercontent.com/walt-id/waltid-ssikit-vclib/master/src/test/resources/schemas/VerifiableDiploma.json","type":"JsonSchemaValidator2018"},"credentialSubject":{"id":"did:key:z6MkwBE9DjSQKvZ8wwAcuvdyXUaRLmPKj3df2FmjFuCQL5yM","awardingOpportunity":{"awardingBody":{"eidasLegalIdentifier":"Unknown","homepage":"https://leaston.bcdiploma.com/","id":"did:ebsi:2A9BZ9SUe6BatacSpvs1V5CdjHvLpQ7bEsi2Jb6LdHKnQxaN","preferredName":"Leaston University","registration":"0597065J"},"endedAtTime":"2020-06-26T00:00:00Z","id":"https://leaston.bcdiploma.com/law-economics-management#AwardingOpportunity","identifier":"https://certificate-demo.bcdiploma.com/check/87ED2F2270E6C41456E94B86B9D9115B4E35BCCAD200A49B846592C14F79C86BV1Fnbllta0NZTnJkR3lDWlRmTDlSRUJEVFZISmNmYzJhUU5sZUJ5Z2FJSHpWbmZZ","location":"FRANCE","startedAtTime":"2019-09-02T00:00:00Z"},"dateOfBirth":"1993-04-08","familyName":"DOE","givenNames":"Jane","gradingScheme":{"id":"https://leaston.bcdiploma.com/law-economics-management#GradingScheme","title":"Lower Second-Class Honours"},"identifier":"0904008084H","learningAchievement":{"additionalNote":["DISTRIBUTION MANAGEMENT"],"description":"MARKETING AND SALES","id":"https://leaston.bcdiploma.com/law-economics-management#LearningAchievment","title":"MASTERS LAW, ECONOMICS AND MANAGEMENT"},"learningSpecification":{"ectsCreditPoints":120,"eqfLevel":7,"id":"https://leaston.bcdiploma.com/law-economics-management#LearningSpecification","iscedfCode":["7"],"nqfLevel":["7"]}},"credentialStatus":{"id":"https://essif.europa.eu/status/education#higherEducation#392ac7f6-399a-437b-a268-4691ead8f176","type":"CredentialStatusList2020"},"evidence":{"documentPresence":["Physical"],"evidenceDocument":["Passport"],"id":"https://essif.europa.eu/tsr-va/evidence/f2aeec97-fc0d-42bf-8ca7-0548192d5678","subjectPresence":"Physical","type":["DocumentVerification"],"verifier":"did:ebsi:2962fb784df61baa267c8132497539f8c674b37c1244a7a"}},"jti":"urn:uuid:d781ee7f-d30d-4226-8ca7-f1c431559cd3"}
2448 [pool-1-thread-1 @coroutine#88] DEBUG id.walt.services.keystore.HKVKeyStoreService - Loading key "did:key:z6MkwBE9DjSQKvZ8wwAcuvdyXUaRLmPKj3df2FmjFuCQL5yM#z6MkwBE9DjSQKvZ8wwAcuvdyXUaRLmPKj3df2FmjFuCQL5yM".
2448 [pool-1-thread-1 @coroutine#88] DEBUG id.walt.services.jwt.WaltIdJwtService - Signing JWT with algorithm: EdDSA_Ed25519
2448 [pool-1-thread-1 @coroutine#88] DEBUG id.walt.model.DidUrl - Trying to create DidUrl from URL: "did:key:z6MkwBE9DjSQKvZ8wwAcuvdyXUaRLmPKj3df2FmjFuCQL5yM#z6MkwBE9DjSQKvZ8wwAcuvdyXUaRLmPKj3df2FmjFuCQL5yM"...
2448 [pool-1-thread-1 @coroutine#88] DEBUG id.walt.services.keystore.HKVKeyStoreService - Loading key "071081576197467e9aa54edf55ab5dd2".
2449 [pool-1-thread-1 @coroutine#88] DEBUG id.walt.services.jwt.WaltIdJwtService - Signed JWT:  eyJraWQiOiJkaWQ6a2V5Ono2TWt3QkU5RGpTUUt2Wjh3d0FjdXZkeVhVYVJMbVBLajNkZjJGbWpGdUNRTDV5TSN6Nk1rd0JFOURqU1FLdlo4d3dBY3V2ZHlYVWFSTG1QS2ozZGYyRm1qRnVDUUw1eU0iLCJ0eXAiOiJKV1QiLCJhbGciOiJFZERTQSJ9.eyJzdWIiOiJkaWQ6a2V5Ono2TWt3QkU5RGpTUUt2Wjh3d0FjdXZkeVhVYVJMbVBLajNkZjJGbWpGdUNRTDV5TSIsIm5iZiI6MTcyNjEzMzk3NywiaXNzIjoiZGlkOmtleTp6Nk1rd0JFOURqU1FLdlo4d3dBY3V2ZHlYVWFSTG1QS2ozZGYyRm1qRnVDUUw1eU0iLCJpYXQiOjE3MjYxMzM5NzcsInZjIjp7InR5cGUiOlsiVmVyaWZpYWJsZUNyZWRlbnRpYWwiLCJWZXJpZmlhYmxlQXR0ZXN0YXRpb24iLCJWZXJpZmlhYmxlRGlwbG9tYSJdLCJAY29udGV4dCI6WyJodHRwczovL3d3dy53My5vcmcvMjAxOC9jcmVkZW50aWFscy92MSJdLCJpZCI6InVybjp1dWlkOmQ3ODFlZTdmLWQzMGQtNDIyNi04Y2E3LWYxYzQzMTU1OWNkMyIsImlzc3VlciI6ImRpZDprZXk6ejZNa3dCRTlEalNRS3ZaOHd3QWN1dmR5WFVhUkxtUEtqM2RmMkZtakZ1Q1FMNXlNIiwiaXNzdWFuY2VEYXRlIjoiMjAyNC0wOS0xMlQwOTozOTozN1oiLCJpc3N1ZWQiOiIyMDI0LTA5LTEyVDA5OjM5OjM3WiIsInZhbGlkRnJvbSI6IjIwMjQtMDktMTJUMDk6Mzk6MzdaIiwiZXhwaXJhdGlvbkRhdGUiOiIyMDIyLTA4LTMxVDAwOjAwOjAwWiIsImNyZWRlbnRpYWxTY2hlbWEiOnsiaWQiOiJodHRwczovL3Jhdy5naXRodWJ1c2VyY29udGVudC5jb20vd2FsdC1pZC93YWx0aWQtc3Npa2l0LXZjbGliL21hc3Rlci9zcmMvdGVzdC9yZXNvdXJjZXMvc2NoZW1hcy9WZXJpZmlhYmxlRGlwbG9tYS5qc29uIiwidHlwZSI6Ikpzb25TY2hlbWFWYWxpZGF0b3IyMDE4In0sImNyZWRlbnRpYWxTdWJqZWN0Ijp7ImlkIjoiZGlkOmtleTp6Nk1rd0JFOURqU1FLdlo4d3dBY3V2ZHlYVWFSTG1QS2ozZGYyRm1qRnVDUUw1eU0iLCJhd2FyZGluZ09wcG9ydHVuaXR5Ijp7ImF3YXJkaW5nQm9keSI6eyJlaWRhc0xlZ2FsSWRlbnRpZmllciI6IlVua25vd24iLCJob21lcGFnZSI6Imh0dHBzOi8vbGVhc3Rvbi5iY2RpcGxvbWEuY29tLyIsImlkIjoiZGlkOmVic2k6MkE5Qlo5U1VlNkJhdGFjU3B2czFWNUNkakh2THBRN2JFc2kySmI2TGRIS25ReGFOIiwicHJlZmVycmVkTmFtZSI6IkxlYXN0b24gVW5pdmVyc2l0eSIsInJlZ2lzdHJhdGlvbiI6IjA1OTcwNjVKIn0sImVuZGVkQXRUaW1lIjoiMjAyMC0wNi0yNlQwMDowMDowMFoiLCJpZCI6Imh0dHBzOi8vbGVhc3Rvbi5iY2RpcGxvbWEuY29tL2xhdy1lY29ub21pY3MtbWFuYWdlbWVudCNBd2FyZGluZ09wcG9ydHVuaXR5IiwiaWRlbnRpZmllciI6Imh0dHBzOi8vY2VydGlmaWNhdGUtZGVtby5iY2RpcGxvbWEuY29tL2NoZWNrLzg3RUQyRjIyNzBFNkM0MTQ1NkU5NEI4NkI5RDkxMTVCNEUzNUJDQ0FEMjAwQTQ5Qjg0NjU5MkMxNEY3OUM4NkJWMUZuYmxsdGEwTlpUbkprUjNsRFdsUm1URGxTUlVKRVZGWklTbU5tWXpKaFVVNXNaVUo1WjJGSlNIcFdibVpaIiwibG9jYXRpb24iOiJGUkFOQ0UiLCJzdGFydGVkQXRUaW1lIjoiMjAxOS0wOS0wMlQwMDowMDowMFoifSwiZGF0ZU9mQmlydGgiOiIxOTkzLTA0LTA4IiwiZmFtaWx5TmFtZSI6IkRPRSIsImdpdmVuTmFtZXMiOiJKYW5lIiwiZ3JhZGluZ1NjaGVtZSI6eyJpZCI6Imh0dHBzOi8vbGVhc3Rvbi5iY2RpcGxvbWEuY29tL2xhdy1lY29ub21pY3MtbWFuYWdlbWVudCNHcmFkaW5nU2NoZW1lIiwidGl0bGUiOiJMb3dlciBTZWNvbmQtQ2xhc3MgSG9ub3VycyJ9LCJpZGVudGlmaWVyIjoiMDkwNDAwODA4NEgiLCJsZWFybmluZ0FjaGlldmVtZW50Ijp7ImFkZGl0aW9uYWxOb3RlIjpbIkRJU1RSSUJVVElPTiBNQU5BR0VNRU5UIl0sImRlc2NyaXB0aW9uIjoiTUFSS0VUSU5HIEFORCBTQUxFUyIsImlkIjoiaHR0cHM6Ly9sZWFzdG9uLmJjZGlwbG9tYS5jb20vbGF3LWVjb25vbWljcy1tYW5hZ2VtZW50I0xlYXJuaW5nQWNoaWV2bWVudCIsInRpdGxlIjoiTUFTVEVSUyBMQVcsIEVDT05PTUlDUyBBTkQgTUFOQUdFTUVOVCJ9LCJsZWFybmluZ1NwZWNpZmljYXRpb24iOnsiZWN0c0NyZWRpdFBvaW50cyI6MTIwLCJlcWZMZXZlbCI6NywiaWQiOiJodHRwczovL2xlYXN0b24uYmNkaXBsb21hLmNvbS9sYXctZWNvbm9taWNzLW1hbmFnZW1lbnQjTGVhcm5pbmdTcGVjaWZpY2F0aW9uIiwiaXNjZWRmQ29kZSI6WyI3Il0sIm5xZkxldmVsIjpbIjciXX19LCJjcmVkZW50aWFsU3RhdHVzIjp7ImlkIjoiaHR0cHM6Ly9lc3NpZi5ldXJvcGEuZXUvc3RhdHVzL2VkdWNhdGlvbiNoaWdoZXJFZHVjYXRpb24jMzkyYWM3ZjYtMzk5YS00MzdiLWEyNjgtNDY5MWVhZDhmMTc2IiwidHlwZSI6IkNyZWRlbnRpYWxTdGF0dXNMaXN0MjAyMCJ9LCJldmlkZW5jZSI6eyJkb2N1bWVudFByZXNlbmNlIjpbIlBoeXNpY2FsIl0sImV2aWRlbmNlRG9jdW1lbnQiOlsiUGFzc3BvcnQiXSwiaWQiOiJodHRwczovL2Vzc2lmLmV1cm9wYS5ldS90c3ItdmEvZXZpZGVuY2UvZjJhZWVjOTctZmMwZC00MmJmLThjYTctMDU0ODE5MmQ1Njc4Iiwic3ViamVjdFByZXNlbmNlIjoiUGh5c2ljYWwiLCJ0eXBlIjpbIkRvY3VtZW50VmVyaWZpY2F0aW9uIl0sInZlcmlmaWVyIjoiZGlkOmVic2k6Mjk2MmZiNzg0ZGY2MWJhYTI2N2M4MTMyNDk3NTM5ZjhjNjc0YjM3YzEyNDRhN2EifX0sImp0aSI6InVybjp1dWlkOmQ3ODFlZTdmLWQzMGQtNDIyNi04Y2E3LWYxYzQzMTU1OWNkMyJ9.fFNGzkafb5lD-uIGNK1O0HolHx1SD7nfm7L3KlMWTfpLDtiBHmxD0Erxc7JjRIw931MC4sCDDBVX1mPqYqMTCw
2450 [pool-1-thread-1 @coroutine#88] DEBUG id.walt.signatory.WaltIdSignatory - Signed VC is: eyJraWQiOiJkaWQ6a2V5Ono2TWt3QkU5RGpTUUt2Wjh3d0FjdXZkeVhVYVJMbVBLajNkZjJGbWpGdUNRTDV5TSN6Nk1rd0JFOURqU1FLdlo4d3dBY3V2ZHlYVWFSTG1QS2ozZGYyRm1qRnVDUUw1eU0iLCJ0eXAiOiJKV1QiLCJhbGciOiJFZERTQSJ9.eyJzdWIiOiJkaWQ6a2V5Ono2TWt3QkU5RGpTUUt2Wjh3d0FjdXZkeVhVYVJMbVBLajNkZjJGbWpGdUNRTDV5TSIsIm5iZiI6MTcyNjEzMzk3NywiaXNzIjoiZGlkOmtleTp6Nk1rd0JFOURqU1FLdlo4d3dBY3V2ZHlYVWFSTG1QS2ozZGYyRm1qRnVDUUw1eU0iLCJpYXQiOjE3MjYxMzM5NzcsInZjIjp7InR5cGUiOlsiVmVyaWZpYWJsZUNyZWRlbnRpYWwiLCJWZXJpZmlhYmxlQXR0ZXN0YXRpb24iLCJWZXJpZmlhYmxlRGlwbG9tYSJdLCJAY29udGV4dCI6WyJodHRwczovL3d3dy53My5vcmcvMjAxOC9jcmVkZW50aWFscy92MSJdLCJpZCI6InVybjp1dWlkOmQ3ODFlZTdmLWQzMGQtNDIyNi04Y2E3LWYxYzQzMTU1OWNkMyIsImlzc3VlciI6ImRpZDprZXk6ejZNa3dCRTlEalNRS3ZaOHd3QWN1dmR5WFVhUkxtUEtqM2RmMkZtakZ1Q1FMNXlNIiwiaXNzdWFuY2VEYXRlIjoiMjAyNC0wOS0xMlQwOTozOTozN1oiLCJpc3N1ZWQiOiIyMDI0LTA5LTEyVDA5OjM5OjM3WiIsInZhbGlkRnJvbSI6IjIwMjQtMDktMTJUMDk6Mzk6MzdaIiwiZXhwaXJhdGlvbkRhdGUiOiIyMDIyLTA4LTMxVDAwOjAwOjAwWiIsImNyZWRlbnRpYWxTY2hlbWEiOnsiaWQiOiJodHRwczovL3Jhdy5naXRodWJ1c2VyY29udGVudC5jb20vd2FsdC1pZC93YWx0aWQtc3Npa2l0LXZjbGliL21hc3Rlci9zcmMvdGVzdC9yZXNvdXJjZXMvc2NoZW1hcy9WZXJpZmlhYmxlRGlwbG9tYS5qc29uIiwidHlwZSI6Ikpzb25TY2hlbWFWYWxpZGF0b3IyMDE4In0sImNyZWRlbnRpYWxTdWJqZWN0Ijp7ImlkIjoiZGlkOmtleTp6Nk1rd0JFOURqU1FLdlo4d3dBY3V2ZHlYVWFSTG1QS2ozZGYyRm1qRnVDUUw1eU0iLCJhd2FyZGluZ09wcG9ydHVuaXR5Ijp7ImF3YXJkaW5nQm9keSI6eyJlaWRhc0xlZ2FsSWRlbnRpZmllciI6IlVua25vd24iLCJob21lcGFnZSI6Imh0dHBzOi8vbGVhc3Rvbi5iY2RpcGxvbWEuY29tLyIsImlkIjoiZGlkOmVic2k6MkE5Qlo5U1VlNkJhdGFjU3B2czFWNUNkakh2THBRN2JFc2kySmI2TGRIS25ReGFOIiwicHJlZmVycmVkTmFtZSI6IkxlYXN0b24gVW5pdmVyc2l0eSIsInJlZ2lzdHJhdGlvbiI6IjA1OTcwNjVKIn0sImVuZGVkQXRUaW1lIjoiMjAyMC0wNi0yNlQwMDowMDowMFoiLCJpZCI6Imh0dHBzOi8vbGVhc3Rvbi5iY2RpcGxvbWEuY29tL2xhdy1lY29ub21pY3MtbWFuYWdlbWVudCNBd2FyZGluZ09wcG9ydHVuaXR5IiwiaWRlbnRpZmllciI6Imh0dHBzOi8vY2VydGlmaWNhdGUtZGVtby5iY2RpcGxvbWEuY29tL2NoZWNrLzg3RUQyRjIyNzBFNkM0MTQ1NkU5NEI4NkI5RDkxMTVCNEUzNUJDQ0FEMjAwQTQ5Qjg0NjU5MkMxNEY3OUM4NkJWMUZuYmxsdGEwTlpUbkprUjNsRFdsUm1URGxTUlVKRVZGWklTbU5tWXpKaFVVNXNaVUo1WjJGSlNIcFdibVpaIiwibG9jYXRpb24iOiJGUkFOQ0UiLCJzdGFydGVkQXRUaW1lIjoiMjAxOS0wOS0wMlQwMDowMDowMFoifSwiZGF0ZU9mQmlydGgiOiIxOTkzLTA0LTA4IiwiZmFtaWx5TmFtZSI6IkRPRSIsImdpdmVuTmFtZXMiOiJKYW5lIiwiZ3JhZGluZ1NjaGVtZSI6eyJpZCI6Imh0dHBzOi8vbGVhc3Rvbi5iY2RpcGxvbWEuY29tL2xhdy1lY29ub21pY3MtbWFuYWdlbWVudCNHcmFkaW5nU2NoZW1lIiwidGl0bGUiOiJMb3dlciBTZWNvbmQtQ2xhc3MgSG9ub3VycyJ9LCJpZGVudGlmaWVyIjoiMDkwNDAwODA4NEgiLCJsZWFybmluZ0FjaGlldmVtZW50Ijp7ImFkZGl0aW9uYWxOb3RlIjpbIkRJU1RSSUJVVElPTiBNQU5BR0VNRU5UIl0sImRlc2NyaXB0aW9uIjoiTUFSS0VUSU5HIEFORCBTQUxFUyIsImlkIjoiaHR0cHM6Ly9sZWFzdG9uLmJjZGlwbG9tYS5jb20vbGF3LWVjb25vbWljcy1tYW5hZ2VtZW50I0xlYXJuaW5nQWNoaWV2bWVudCIsInRpdGxlIjoiTUFTVEVSUyBMQVcsIEVDT05PTUlDUyBBTkQgTUFOQUdFTUVOVCJ9LCJsZWFybmluZ1NwZWNpZmljYXRpb24iOnsiZWN0c0NyZWRpdFBvaW50cyI6MTIwLCJlcWZMZXZlbCI6NywiaWQiOiJodHRwczovL2xlYXN0b24uYmNkaXBsb21hLmNvbS9sYXctZWNvbm9taWNzLW1hbmFnZW1lbnQjTGVhcm5pbmdTcGVjaWZpY2F0aW9uIiwiaXNjZWRmQ29kZSI6WyI3Il0sIm5xZkxldmVsIjpbIjciXX19LCJjcmVkZW50aWFsU3RhdHVzIjp7ImlkIjoiaHR0cHM6Ly9lc3NpZi5ldXJvcGEuZXUvc3RhdHVzL2VkdWNhdGlvbiNoaWdoZXJFZHVjYXRpb24jMzkyYWM3ZjYtMzk5YS00MzdiLWEyNjgtNDY5MWVhZDhmMTc2IiwidHlwZSI6IkNyZWRlbnRpYWxTdGF0dXNMaXN0MjAyMCJ9LCJldmlkZW5jZSI6eyJkb2N1bWVudFByZXNlbmNlIjpbIlBoeXNpY2FsIl0sImV2aWRlbmNlRG9jdW1lbnQiOlsiUGFzc3BvcnQiXSwiaWQiOiJodHRwczovL2Vzc2lmLmV1cm9wYS5ldS90c3ItdmEvZXZpZGVuY2UvZjJhZWVjOTctZmMwZC00MmJmLThjYTctMDU0ODE5MmQ1Njc4Iiwic3ViamVjdFByZXNlbmNlIjoiUGh5c2ljYWwiLCJ0eXBlIjpbIkRvY3VtZW50VmVyaWZpY2F0aW9uIl0sInZlcmlmaWVyIjoiZGlkOmVic2k6Mjk2MmZiNzg0ZGY2MWJhYTI2N2M4MTMyNDk3NTM5ZjhjNjc0YjM3YzEyNDRhN2EifX0sImp0aSI6InVybjp1dWlkOmQ3ODFlZTdmLWQzMGQtNDIyNi04Y2E3LWYxYzQzMTU1OWNkMyJ9.fFNGzkafb5lD-uIGNK1O0HolHx1SD7nfm7L3KlMWTfpLDtiBHmxD0Erxc7JjRIw931MC4sCDDBVX1mPqYqMTCw
2451 [pool-1-thread-1 @coroutine#88] DEBUG id.walt.services.vc.WaltIdJwtCredentialService - Creating a presentation for VCs:
[PresentableCredential(verifiableCredential=eyJraWQiOiJkaWQ6a2V5Ono2TWt3QkU5RGpTUUt2Wjh3d0FjdXZkeVhVYVJMbVBLajNkZjJGbWpGdUNRTDV5TSN6Nk1rd0JFOURqU1FLdlo4d3dBY3V2ZHlYVWFSTG1QS2ozZGYyRm1qRnVDUUw1eU0iLCJ0eXAiOiJKV1QiLCJhbGciOiJFZERTQSJ9.eyJzdWIiOiJkaWQ6a2V5Ono2TWt3QkU5RGpTUUt2Wjh3d0FjdXZkeVhVYVJMbVBLajNkZjJGbWpGdUNRTDV5TSIsIm5iZiI6MTcyNjEzMzk3NywiaXNzIjoiZGlkOmtleTp6Nk1rd0JFOURqU1FLdlo4d3dBY3V2ZHlYVWFSTG1QS2ozZGYyRm1qRnVDUUw1eU0iLCJpYXQiOjE3MjYxMzM5NzcsInZjIjp7InR5cGUiOlsiVmVyaWZpYWJsZUNyZWRlbnRpYWwiLCJWZXJpZmlhYmxlQXR0ZXN0YXRpb24iLCJWZXJpZmlhYmxlRGlwbG9tYSJdLCJAY29udGV4dCI6WyJodHRwczovL3d3dy53My5vcmcvMjAxOC9jcmVkZW50aWFscy92MSJdLCJpZCI6InVybjp1dWlkOmQ3ODFlZTdmLWQzMGQtNDIyNi04Y2E3LWYxYzQzMTU1OWNkMyIsImlzc3VlciI6ImRpZDprZXk6ejZNa3dCRTlEalNRS3ZaOHd3QWN1dmR5WFVhUkxtUEtqM2RmMkZtakZ1Q1FMNXlNIiwiaXNzdWFuY2VEYXRlIjoiMjAyNC0wOS0xMlQwOTozOTozN1oiLCJpc3N1ZWQiOiIyMDI0LTA5LTEyVDA5OjM5OjM3WiIsInZhbGlkRnJvbSI6IjIwMjQtMDktMTJUMDk6Mzk6MzdaIiwiZXhwaXJhdGlvbkRhdGUiOiIyMDIyLTA4LTMxVDAwOjAwOjAwWiIsImNyZWRlbnRpYWxTY2hlbWEiOnsiaWQiOiJodHRwczovL3Jhdy5naXRodWJ1c2VyY29udGVudC5jb20vd2FsdC1pZC93YWx0aWQtc3Npa2l0LXZjbGliL21hc3Rlci9zcmMvdGVzdC9yZXNvdXJjZXMvc2NoZW1hcy9WZXJpZmlhYmxlRGlwbG9tYS5qc29uIiwidHlwZSI6Ikpzb25TY2hlbWFWYWxpZGF0b3IyMDE4In0sImNyZWRlbnRpYWxTdWJqZWN0Ijp7ImlkIjoiZGlkOmtleTp6Nk1rd0JFOURqU1FLdlo4d3dBY3V2ZHlYVWFSTG1QS2ozZGYyRm1qRnVDUUw1eU0iLCJhd2FyZGluZ09wcG9ydHVuaXR5Ijp7ImF3YXJkaW5nQm9keSI6eyJlaWRhc0xlZ2FsSWRlbnRpZmllciI6IlVua25vd24iLCJob21lcGFnZSI6Imh0dHBzOi8vbGVhc3Rvbi5iY2RpcGxvbWEuY29tLyIsImlkIjoiZGlkOmVic2k6MkE5Qlo5U1VlNkJhdGFjU3B2czFWNUNkakh2THBRN2JFc2kySmI2TGRIS25ReGFOIiwicHJlZmVycmVkTmFtZSI6IkxlYXN0b24gVW5pdmVyc2l0eSIsInJlZ2lzdHJhdGlvbiI6IjA1OTcwNjVKIn0sImVuZGVkQXRUaW1lIjoiMjAyMC0wNi0yNlQwMDowMDowMFoiLCJpZCI6Imh0dHBzOi8vbGVhc3Rvbi5iY2RpcGxvbWEuY29tL2xhdy1lY29ub21pY3MtbWFuYWdlbWVudCNBd2FyZGluZ09wcG9ydHVuaXR5IiwiaWRlbnRpZmllciI6Imh0dHBzOi8vY2VydGlmaWNhdGUtZGVtby5iY2RpcGxvbWEuY29tL2NoZWNrLzg3RUQyRjIyNzBFNkM0MTQ1NkU5NEI4NkI5RDkxMTVCNEUzNUJDQ0FEMjAwQTQ5Qjg0NjU5MkMxNEY3OUM4NkJWMUZuYmxsdGEwTlpUbkprUjNsRFdsUm1URGxTUlVKRVZGWklTbU5tWXpKaFVVNXNaVUo1WjJGSlNIcFdibVpaIiwibG9jYXRpb24iOiJGUkFOQ0UiLCJzdGFydGVkQXRUaW1lIjoiMjAxOS0wOS0wMlQwMDowMDowMFoifSwiZGF0ZU9mQmlydGgiOiIxOTkzLTA0LTA4IiwiZmFtaWx5TmFtZSI6IkRPRSIsImdpdmVuTmFtZXMiOiJKYW5lIiwiZ3JhZGluZ1NjaGVtZSI6eyJpZCI6Imh0dHBzOi8vbGVhc3Rvbi5iY2RpcGxvbWEuY29tL2xhdy1lY29ub21pY3MtbWFuYWdlbWVudCNHcmFkaW5nU2NoZW1lIiwidGl0bGUiOiJMb3dlciBTZWNvbmQtQ2xhc3MgSG9ub3VycyJ9LCJpZGVudGlmaWVyIjoiMDkwNDAwODA4NEgiLCJsZWFybmluZ0FjaGlldmVtZW50Ijp7ImFkZGl0aW9uYWxOb3RlIjpbIkRJU1RSSUJVVElPTiBNQU5BR0VNRU5UIl0sImRlc2NyaXB0aW9uIjoiTUFSS0VUSU5HIEFORCBTQUxFUyIsImlkIjoiaHR0cHM6Ly9sZWFzdG9uLmJjZGlwbG9tYS5jb20vbGF3LWVjb25vbWljcy1tYW5hZ2VtZW50I0xlYXJuaW5nQWNoaWV2bWVudCIsInRpdGxlIjoiTUFTVEVSUyBMQVcsIEVDT05PTUlDUyBBTkQgTUFOQUdFTUVOVCJ9LCJsZWFybmluZ1NwZWNpZmljYXRpb24iOnsiZWN0c0NyZWRpdFBvaW50cyI6MTIwLCJlcWZMZXZlbCI6NywiaWQiOiJodHRwczovL2xlYXN0b24uYmNkaXBsb21hLmNvbS9sYXctZWNvbm9taWNzLW1hbmFnZW1lbnQjTGVhcm5pbmdTcGVjaWZpY2F0aW9uIiwiaXNjZWRmQ29kZSI6WyI3Il0sIm5xZkxldmVsIjpbIjciXX19LCJjcmVkZW50aWFsU3RhdHVzIjp7ImlkIjoiaHR0cHM6Ly9lc3NpZi5ldXJvcGEuZXUvc3RhdHVzL2VkdWNhdGlvbiNoaWdoZXJFZHVjYXRpb24jMzkyYWM3ZjYtMzk5YS00MzdiLWEyNjgtNDY5MWVhZDhmMTc2IiwidHlwZSI6IkNyZWRlbnRpYWxTdGF0dXNMaXN0MjAyMCJ9LCJldmlkZW5jZSI6eyJkb2N1bWVudFByZXNlbmNlIjpbIlBoeXNpY2FsIl0sImV2aWRlbmNlRG9jdW1lbnQiOlsiUGFzc3BvcnQiXSwiaWQiOiJodHRwczovL2Vzc2lmLmV1cm9wYS5ldS90c3ItdmEvZXZpZGVuY2UvZjJhZWVjOTctZmMwZC00MmJmLThjYTctMDU0ODE5MmQ1Njc4Iiwic3ViamVjdFByZXNlbmNlIjoiUGh5c2ljYWwiLCJ0eXBlIjpbIkRvY3VtZW50VmVyaWZpY2F0aW9uIl0sInZlcmlmaWVyIjoiZGlkOmVic2k6Mjk2MmZiNzg0ZGY2MWJhYTI2N2M4MTMyNDk3NTM5ZjhjNjc0YjM3YzEyNDRhN2EifX0sImp0aSI6InVybjp1dWlkOmQ3ODFlZTdmLWQzMGQtNDIyNi04Y2E3LWYxYzQzMTU1OWNkMyJ9.fFNGzkafb5lD-uIGNK1O0HolHx1SD7nfm7L3KlMWTfpLDtiBHmxD0Erxc7JjRIw931MC4sCDDBVX1mPqYqMTCw, selectiveDisclosure=null, discloseAll=false)]
2451 [pool-1-thread-1 @coroutine#88] DEBUG id.walt.model.DidUrl - Trying to create DidUrl from URL: "did:key:z6MkwBE9DjSQKvZ8wwAcuvdyXUaRLmPKj3df2FmjFuCQL5yM"...
2451 [pool-1-thread-1 @coroutine#88] DEBUG id.walt.services.vc.WaltIdJwtCredentialService - Signing JWT object with config: ProofConfig(issuerDid=did:key:z6MkwBE9DjSQKvZ8wwAcuvdyXUaRLmPKj3df2FmjFuCQL5yM, subjectDid=did:key:z6MkwBE9DjSQKvZ8wwAcuvdyXUaRLmPKj3df2FmjFuCQL5yM, verifierDid=did:key:z6MkwBE9DjSQKvZ8wwAcuvdyXUaRLmPKj3df2FmjFuCQL5yM, issuerVerificationMethod=did:key:z6MkwBE9DjSQKvZ8wwAcuvdyXUaRLmPKj3df2FmjFuCQL5yM#z6MkwBE9DjSQKvZ8wwAcuvdyXUaRLmPKj3df2FmjFuCQL5yM, proofType=JWT, domain=null, nonce=abcd, proofPurpose=null, credentialId=urn:uuid:bc3b9b4c-82b9-4d90-9591-eec7edc9956e, issueDate=null, validDate=null, expirationDate=null, dataProviderIdentifier=null, ldSignatureType=null, creator=did:key:z6MkwBE9DjSQKvZ8wwAcuvdyXUaRLmPKj3df2FmjFuCQL5yM, ecosystem=DEFAULT, statusType=null, statusPurpose=revocation, credentialsEndpoint=null, selectiveDisclosure=null)
2451 [pool-1-thread-1 @coroutine#88] DEBUG id.walt.services.vc.WaltIdJwtCredentialService - Signing: {"sub":"did:key:z6MkwBE9DjSQKvZ8wwAcuvdyXUaRLmPKj3df2FmjFuCQL5yM","aud":"did:key:z6MkwBE9DjSQKvZ8wwAcuvdyXUaRLmPKj3df2FmjFuCQL5yM","nbf":1726133977,"iss":"did:key:z6MkwBE9DjSQKvZ8wwAcuvdyXUaRLmPKj3df2FmjFuCQL5yM","vp":{"type":["VerifiablePresentation"],"@context":["https://www.w3.org/2018/credentials/v1"],"id":"urn:uuid:bc3b9b4c-82b9-4d90-9591-eec7edc9956e","holder":"did:key:z6MkwBE9DjSQKvZ8wwAcuvdyXUaRLmPKj3df2FmjFuCQL5yM","verifiableCredential":["eyJraWQiOiJkaWQ6a2V5Ono2TWt3QkU5RGpTUUt2Wjh3d0FjdXZkeVhVYVJMbVBLajNkZjJGbWpGdUNRTDV5TSN6Nk1rd0JFOURqU1FLdlo4d3dBY3V2ZHlYVWFSTG1QS2ozZGYyRm1qRnVDUUw1eU0iLCJ0eXAiOiJKV1QiLCJhbGciOiJFZERTQSJ9.eyJzdWIiOiJkaWQ6a2V5Ono2TWt3QkU5RGpTUUt2Wjh3d0FjdXZkeVhVYVJMbVBLajNkZjJGbWpGdUNRTDV5TSIsIm5iZiI6MTcyNjEzMzk3NywiaXNzIjoiZGlkOmtleTp6Nk1rd0JFOURqU1FLdlo4d3dBY3V2ZHlYVWFSTG1QS2ozZGYyRm1qRnVDUUw1eU0iLCJpYXQiOjE3MjYxMzM5NzcsInZjIjp7InR5cGUiOlsiVmVyaWZpYWJsZUNyZWRlbnRpYWwiLCJWZXJpZmlhYmxlQXR0ZXN0YXRpb24iLCJWZXJpZmlhYmxlRGlwbG9tYSJdLCJAY29udGV4dCI6WyJodHRwczovL3d3dy53My5vcmcvMjAxOC9jcmVkZW50aWFscy92MSJdLCJpZCI6InVybjp1dWlkOmQ3ODFlZTdmLWQzMGQtNDIyNi04Y2E3LWYxYzQzMTU1OWNkMyIsImlzc3VlciI6ImRpZDprZXk6ejZNa3dCRTlEalNRS3ZaOHd3QWN1dmR5WFVhUkxtUEtqM2RmMkZtakZ1Q1FMNXlNIiwiaXNzdWFuY2VEYXRlIjoiMjAyNC0wOS0xMlQwOTozOTozN1oiLCJpc3N1ZWQiOiIyMDI0LTA5LTEyVDA5OjM5OjM3WiIsInZhbGlkRnJvbSI6IjIwMjQtMDktMTJUMDk6Mzk6MzdaIiwiZXhwaXJhdGlvbkRhdGUiOiIyMDIyLTA4LTMxVDAwOjAwOjAwWiIsImNyZWRlbnRpYWxTY2hlbWEiOnsiaWQiOiJodHRwczovL3Jhdy5naXRodWJ1c2VyY29udGVudC5jb20vd2FsdC1pZC93YWx0aWQtc3Npa2l0LXZjbGliL21hc3Rlci9zcmMvdGVzdC9yZXNvdXJjZXMvc2NoZW1hcy9WZXJpZmlhYmxlRGlwbG9tYS5qc29uIiwidHlwZSI6Ikpzb25TY2hlbWFWYWxpZGF0b3IyMDE4In0sImNyZWRlbnRpYWxTdWJqZWN0Ijp7ImlkIjoiZGlkOmtleTp6Nk1rd0JFOURqU1FLdlo4d3dBY3V2ZHlYVWFSTG1QS2ozZGYyRm1qRnVDUUw1eU0iLCJhd2FyZGluZ09wcG9ydHVuaXR5Ijp7ImF3YXJkaW5nQm9keSI6eyJlaWRhc0xlZ2FsSWRlbnRpZmllciI6IlVua25vd24iLCJob21lcGFnZSI6Imh0dHBzOi8vbGVhc3Rvbi5iY2RpcGxvbWEuY29tLyIsImlkIjoiZGlkOmVic2k6MkE5Qlo5U1VlNkJhdGFjU3B2czFWNUNkakh2THBRN2JFc2kySmI2TGRIS25ReGFOIiwicHJlZmVycmVkTmFtZSI6IkxlYXN0b24gVW5pdmVyc2l0eSIsInJlZ2lzdHJhdGlvbiI6IjA1OTcwNjVKIn0sImVuZGVkQXRUaW1lIjoiMjAyMC0wNi0yNlQwMDowMDowMFoiLCJpZCI6Imh0dHBzOi8vbGVhc3Rvbi5iY2RpcGxvbWEuY29tL2xhdy1lY29ub21pY3MtbWFuYWdlbWVudCNBd2FyZGluZ09wcG9ydHVuaXR5IiwiaWRlbnRpZmllciI6Imh0dHBzOi8vY2VydGlmaWNhdGUtZGVtby5iY2RpcGxvbWEuY29tL2NoZWNrLzg3RUQyRjIyNzBFNkM0MTQ1NkU5NEI4NkI5RDkxMTVCNEUzNUJDQ0FEMjAwQTQ5Qjg0NjU5MkMxNEY3OUM4NkJWMUZuYmxsdGEwTlpUbkprUjNsRFdsUm1URGxTUlVKRVZGWklTbU5tWXpKaFVVNXNaVUo1WjJGSlNIcFdibVpaIiwibG9jYXRpb24iOiJGUkFOQ0UiLCJzdGFydGVkQXRUaW1lIjoiMjAxOS0wOS0wMlQwMDowMDowMFoifSwiZGF0ZU9mQmlydGgiOiIxOTkzLTA0LTA4IiwiZmFtaWx5TmFtZSI6IkRPRSIsImdpdmVuTmFtZXMiOiJKYW5lIiwiZ3JhZGluZ1NjaGVtZSI6eyJpZCI6Imh0dHBzOi8vbGVhc3Rvbi5iY2RpcGxvbWEuY29tL2xhdy1lY29ub21pY3MtbWFuYWdlbWVudCNHcmFkaW5nU2NoZW1lIiwidGl0bGUiOiJMb3dlciBTZWNvbmQtQ2xhc3MgSG9ub3VycyJ9LCJpZGVudGlmaWVyIjoiMDkwNDAwODA4NEgiLCJsZWFybmluZ0FjaGlldmVtZW50Ijp7ImFkZGl0aW9uYWxOb3RlIjpbIkRJU1RSSUJVVElPTiBNQU5BR0VNRU5UIl0sImRlc2NyaXB0aW9uIjoiTUFSS0VUSU5HIEFORCBTQUxFUyIsImlkIjoiaHR0cHM6Ly9sZWFzdG9uLmJjZGlwbG9tYS5jb20vbGF3LWVjb25vbWljcy1tYW5hZ2VtZW50I0xlYXJuaW5nQWNoaWV2bWVudCIsInRpdGxlIjoiTUFTVEVSUyBMQVcsIEVDT05PTUlDUyBBTkQgTUFOQUdFTUVOVCJ9LCJsZWFybmluZ1NwZWNpZmljYXRpb24iOnsiZWN0c0NyZWRpdFBvaW50cyI6MTIwLCJlcWZMZXZlbCI6NywiaWQiOiJodHRwczovL2xlYXN0b24uYmNkaXBsb21hLmNvbS9sYXctZWNvbm9taWNzLW1hbmFnZW1lbnQjTGVhcm5pbmdTcGVjaWZpY2F0aW9uIiwiaXNjZWRmQ29kZSI6WyI3Il0sIm5xZkxldmVsIjpbIjciXX19LCJjcmVkZW50aWFsU3RhdHVzIjp7ImlkIjoiaHR0cHM6Ly9lc3NpZi5ldXJvcGEuZXUvc3RhdHVzL2VkdWNhdGlvbiNoaWdoZXJFZHVjYXRpb24jMzkyYWM3ZjYtMzk5YS00MzdiLWEyNjgtNDY5MWVhZDhmMTc2IiwidHlwZSI6IkNyZWRlbnRpYWxTdGF0dXNMaXN0MjAyMCJ9LCJldmlkZW5jZSI6eyJkb2N1bWVudFByZXNlbmNlIjpbIlBoeXNpY2FsIl0sImV2aWRlbmNlRG9jdW1lbnQiOlsiUGFzc3BvcnQiXSwiaWQiOiJodHRwczovL2Vzc2lmLmV1cm9wYS5ldS90c3ItdmEvZXZpZGVuY2UvZjJhZWVjOTctZmMwZC00MmJmLThjYTctMDU0ODE5MmQ1Njc4Iiwic3ViamVjdFByZXNlbmNlIjoiUGh5c2ljYWwiLCJ0eXBlIjpbIkRvY3VtZW50VmVyaWZpY2F0aW9uIl0sInZlcmlmaWVyIjoiZGlkOmVic2k6Mjk2MmZiNzg0ZGY2MWJhYTI2N2M4MTMyNDk3NTM5ZjhjNjc0YjM3YzEyNDRhN2EifX0sImp0aSI6InVybjp1dWlkOmQ3ODFlZTdmLWQzMGQtNDIyNi04Y2E3LWYxYzQzMTU1OWNkMyJ9.fFNGzkafb5lD-uIGNK1O0HolHx1SD7nfm7L3KlMWTfpLDtiBHmxD0Erxc7JjRIw931MC4sCDDBVX1mPqYqMTCw"]},"iat":1726133977,"nonce":"abcd","jti":"urn:uuid:bc3b9b4c-82b9-4d90-9591-eec7edc9956e"}
2451 [pool-1-thread-1 @coroutine#88] DEBUG id.walt.services.keystore.HKVKeyStoreService - Loading key "did:key:z6MkwBE9DjSQKvZ8wwAcuvdyXUaRLmPKj3df2FmjFuCQL5yM#z6MkwBE9DjSQKvZ8wwAcuvdyXUaRLmPKj3df2FmjFuCQL5yM".
2451 [pool-1-thread-1 @coroutine#88] DEBUG id.walt.services.jwt.WaltIdJwtService - Signing JWT with algorithm: EdDSA_Ed25519
2451 [pool-1-thread-1 @coroutine#88] DEBUG id.walt.model.DidUrl - Trying to create DidUrl from URL: "did:key:z6MkwBE9DjSQKvZ8wwAcuvdyXUaRLmPKj3df2FmjFuCQL5yM#z6MkwBE9DjSQKvZ8wwAcuvdyXUaRLmPKj3df2FmjFuCQL5yM"...
2452 [pool-1-thread-1 @coroutine#88] DEBUG id.walt.services.keystore.HKVKeyStoreService - Loading key "071081576197467e9aa54edf55ab5dd2".
2453 [pool-1-thread-1 @coroutine#88] DEBUG id.walt.services.jwt.WaltIdJwtService - Signed JWT:  eyJraWQiOiJkaWQ6a2V5Ono2TWt3QkU5RGpTUUt2Wjh3d0FjdXZkeVhVYVJMbVBLajNkZjJGbWpGdUNRTDV5TSN6Nk1rd0JFOURqU1FLdlo4d3dBY3V2ZHlYVWFSTG1QS2ozZGYyRm1qRnVDUUw1eU0iLCJ0eXAiOiJKV1QiLCJhbGciOiJFZERTQSJ9.eyJzdWIiOiJkaWQ6a2V5Ono2TWt3QkU5RGpTUUt2Wjh3d0FjdXZkeVhVYVJMbVBLajNkZjJGbWpGdUNRTDV5TSIsImF1ZCI6ImRpZDprZXk6ejZNa3dCRTlEalNRS3ZaOHd3QWN1dmR5WFVhUkxtUEtqM2RmMkZtakZ1Q1FMNXlNIiwibmJmIjoxNzI2MTMzOTc3LCJpc3MiOiJkaWQ6a2V5Ono2TWt3QkU5RGpTUUt2Wjh3d0FjdXZkeVhVYVJMbVBLajNkZjJGbWpGdUNRTDV5TSIsInZwIjp7InR5cGUiOlsiVmVyaWZpYWJsZVByZXNlbnRhdGlvbiJdLCJAY29udGV4dCI6WyJodHRwczovL3d3dy53My5vcmcvMjAxOC9jcmVkZW50aWFscy92MSJdLCJpZCI6InVybjp1dWlkOmJjM2I5YjRjLTgyYjktNGQ5MC05NTkxLWVlYzdlZGM5OTU2ZSIsImhvbGRlciI6ImRpZDprZXk6ejZNa3dCRTlEalNRS3ZaOHd3QWN1dmR5WFVhUkxtUEtqM2RmMkZtakZ1Q1FMNXlNIiwidmVyaWZpYWJsZUNyZWRlbnRpYWwiOlsiZXlKcmFXUWlPaUprYVdRNmEyVjVPbm8yVFd0M1FrVTVSR3BUVVV0MldqaDNkMEZqZFhaa2VWaFZZVkpNYlZCTGFqTmtaakpHYldwR2RVTlJURFY1VFNONk5rMXJkMEpGT1VScVUxRkxkbG80ZDNkQlkzVjJaSGxZVldGU1RHMVFTMm96WkdZeVJtMXFSblZEVVV3MWVVMGlMQ0owZVhBaU9pSktWMVFpTENKaGJHY2lPaUpGWkVSVFFTSjkuZXlKemRXSWlPaUprYVdRNmEyVjVPbm8yVFd0M1FrVTVSR3BUVVV0MldqaDNkMEZqZFhaa2VWaFZZVkpNYlZCTGFqTmtaakpHYldwR2RVTlJURFY1VFNJc0ltNWlaaUk2TVRjeU5qRXpNemszTnl3aWFYTnpJam9pWkdsa09tdGxlVHA2TmsxcmQwSkZPVVJxVTFGTGRsbzRkM2RCWTNWMlpIbFlWV0ZTVEcxUVMyb3paR1l5Um0xcVJuVkRVVXcxZVUwaUxDSnBZWFFpT2pFM01qWXhNek01Tnpjc0luWmpJanA3SW5SNWNHVWlPbHNpVm1WeWFXWnBZV0pzWlVOeVpXUmxiblJwWVd3aUxDSldaWEpwWm1saFlteGxRWFIwWlhOMFlYUnBiMjRpTENKV1pYSnBabWxoWW14bFJHbHdiRzl0WVNKZExDSkFZMjl1ZEdWNGRDSTZXeUpvZEhSd2N6b3ZMM2QzZHk1M015NXZjbWN2TWpBeE9DOWpjbVZrWlc1MGFXRnNjeTkyTVNKZExDSnBaQ0k2SW5WeWJqcDFkV2xrT21RM09ERmxaVGRtTFdRek1HUXROREl5TmkwNFkyRTNMV1l4WXpRek1UVTFPV05rTXlJc0ltbHpjM1ZsY2lJNkltUnBaRHByWlhrNmVqWk5hM2RDUlRsRWFsTlJTM1phT0hkM1FXTjFkbVI1V0ZWaFVreHRVRXRxTTJSbU1rWnRha1oxUTFGTU5YbE5JaXdpYVhOemRXRnVZMlZFWVhSbElqb2lNakF5TkMwd09TMHhNbFF3T1Rvek9Ub3pOMW9pTENKcGMzTjFaV1FpT2lJeU1ESTBMVEE1TFRFeVZEQTVPak01T2pNM1dpSXNJblpoYkdsa1JuSnZiU0k2SWpJd01qUXRNRGt0TVRKVU1EazZNems2TXpkYUlpd2laWGh3YVhKaGRHbHZia1JoZEdVaU9pSXlNREl5TFRBNExUTXhWREF3T2pBd09qQXdXaUlzSW1OeVpXUmxiblJwWVd4VFkyaGxiV0VpT25zaWFXUWlPaUpvZEhSd2N6b3ZMM0poZHk1bmFYUm9kV0oxYzJWeVkyOXVkR1Z1ZEM1amIyMHZkMkZzZEMxcFpDOTNZV3gwYVdRdGMzTnBhMmwwTFhaamJHbGlMMjFoYzNSbGNpOXpjbU12ZEdWemRDOXlaWE52ZFhKalpYTXZjMk5vWlcxaGN5OVdaWEpwWm1saFlteGxSR2x3Ykc5dFlTNXFjMjl1SWl3aWRIbHdaU0k2SWtwemIyNVRZMmhsYldGV1lXeHBaR0YwYjNJeU1ERTRJbjBzSW1OeVpXUmxiblJwWVd4VGRXSnFaV04wSWpwN0ltbGtJam9pWkdsa09tdGxlVHA2TmsxcmQwSkZPVVJxVTFGTGRsbzRkM2RCWTNWMlpIbFlWV0ZTVEcxUVMyb3paR1l5Um0xcVJuVkRVVXcxZVUwaUxDSmhkMkZ5WkdsdVowOXdjRzl5ZEhWdWFYUjVJanA3SW1GM1lYSmthVzVuUW05a2VTSTZleUpsYVdSaGMweGxaMkZzU1dSbGJuUnBabWxsY2lJNklsVnVhMjV2ZDI0aUxDSm9iMjFsY0dGblpTSTZJbWgwZEhCek9pOHZiR1ZoYzNSdmJpNWlZMlJwY0d4dmJXRXVZMjl0THlJc0ltbGtJam9pWkdsa09tVmljMms2TWtFNVFsbzVVMVZsTmtKaGRHRmpVM0IyY3pGV05VTmtha2gyVEhCUk4ySkZjMmt5U21JMlRHUklTMjVSZUdGT0lpd2ljSEpsWm1WeWNtVmtUbUZ0WlNJNklreGxZWE4wYjI0Z1ZXNXBkbVZ5YzJsMGVTSXNJbkpsWjJsemRISmhkR2x2YmlJNklqQTFPVGN3TmpWS0luMHNJbVZ1WkdWa1FYUlVhVzFsSWpvaU1qQXlNQzB3TmkweU5sUXdNRG93TURvd01Gb2lMQ0pwWkNJNkltaDBkSEJ6T2k4dmJHVmhjM1J2Ymk1aVkyUnBjR3h2YldFdVkyOXRMMnhoZHkxbFkyOXViMjFwWTNNdGJXRnVZV2RsYldWdWRDTkJkMkZ5WkdsdVowOXdjRzl5ZEhWdWFYUjVJaXdpYVdSbGJuUnBabWxsY2lJNkltaDBkSEJ6T2k4dlkyVnlkR2xtYVdOaGRHVXRaR1Z0Ynk1aVkyUnBjR3h2YldFdVkyOXRMMk5vWldOckx6ZzNSVVF5UmpJeU56QkZOa00wTVRRMU5rVTVORUk0TmtJNVJEa3hNVFZDTkVVek5VSkRRMEZFTWpBd1FUUTVRamcwTmpVNU1rTXhORVkzT1VNNE5rSldNVVp1WW14c2RHRXdUbHBVYmtwclVqTnNSRmRzVW0xVVJHeFRVbFZLUlZaR1drbFRiVTV0V1hwS2FGVlZOWE5hVlVvMVdqSkdTbE5JY0ZkaWJWcGFJaXdpYkc5allYUnBiMjRpT2lKR1VrRk9RMFVpTENKemRHRnlkR1ZrUVhSVWFXMWxJam9pTWpBeE9TMHdPUzB3TWxRd01Eb3dNRG93TUZvaWZTd2laR0YwWlU5bVFtbHlkR2dpT2lJeE9Ua3pMVEEwTFRBNElpd2labUZ0YVd4NVRtRnRaU0k2SWtSUFJTSXNJbWRwZG1WdVRtRnRaWE1pT2lKS1lXNWxJaXdpWjNKaFpHbHVaMU5qYUdWdFpTSTZleUpwWkNJNkltaDBkSEJ6T2k4dmJHVmhjM1J2Ymk1aVkyUnBjR3h2YldFdVkyOXRMMnhoZHkxbFkyOXViMjFwWTNNdGJXRnVZV2RsYldWdWRDTkhjbUZrYVc1blUyTm9aVzFsSWl3aWRHbDBiR1VpT2lKTWIzZGxjaUJUWldOdmJtUXRRMnhoYzNNZ1NHOXViM1Z5Y3lKOUxDSnBaR1Z1ZEdsbWFXVnlJam9pTURrd05EQXdPREE0TkVnaUxDSnNaV0Z5Ym1sdVowRmphR2xsZG1WdFpXNTBJanA3SW1Ga1pHbDBhVzl1WVd4T2IzUmxJanBiSWtSSlUxUlNTVUpWVkVsUFRpQk5RVTVCUjBWTlJVNVVJbDBzSW1SbGMyTnlhWEIwYVc5dUlqb2lUVUZTUzBWVVNVNUhJRUZPUkNCVFFVeEZVeUlzSW1sa0lqb2lhSFIwY0hNNkx5OXNaV0Z6ZEc5dUxtSmpaR2x3Ykc5dFlTNWpiMjB2YkdGM0xXVmpiMjV2YldsamN5MXRZVzVoWjJWdFpXNTBJMHhsWVhKdWFXNW5RV05vYVdWMmJXVnVkQ0lzSW5ScGRHeGxJam9pVFVGVFZFVlNVeUJNUVZjc0lFVkRUMDVQVFVsRFV5QkJUa1FnVFVGT1FVZEZUVVZPVkNKOUxDSnNaV0Z5Ym1sdVoxTndaV05wWm1sallYUnBiMjRpT25zaVpXTjBjME55WldScGRGQnZhVzUwY3lJNk1USXdMQ0psY1daTVpYWmxiQ0k2Tnl3aWFXUWlPaUpvZEhSd2N6b3ZMMnhsWVhOMGIyNHVZbU5rYVhCc2IyMWhMbU52YlM5c1lYY3RaV052Ym05dGFXTnpMVzFoYm1GblpXMWxiblFqVEdWaGNtNXBibWRUY0dWamFXWnBZMkYwYVc5dUlpd2lhWE5qWldSbVEyOWtaU0k2V3lJM0lsMHNJbTV4Wmt4bGRtVnNJanBiSWpjaVhYMTlMQ0pqY21Wa1pXNTBhV0ZzVTNSaGRIVnpJanA3SW1sa0lqb2lhSFIwY0hNNkx5OWxjM05wWmk1bGRYSnZjR0V1WlhVdmMzUmhkSFZ6TDJWa2RXTmhkR2x2YmlOb2FXZG9aWEpGWkhWallYUnBiMjRqTXpreVlXTTNaall0TXprNVlTMDBNemRpTFdFeU5qZ3RORFk1TVdWaFpEaG1NVGMySWl3aWRIbHdaU0k2SWtOeVpXUmxiblJwWVd4VGRHRjBkWE5NYVhOME1qQXlNQ0o5TENKbGRtbGtaVzVqWlNJNmV5SmtiMk4xYldWdWRGQnlaWE5sYm1ObElqcGJJbEJvZVhOcFkyRnNJbDBzSW1WMmFXUmxibU5sUkc5amRXMWxiblFpT2xzaVVHRnpjM0J2Y25RaVhTd2lhV1FpT2lKb2RIUndjem92TDJWemMybG1MbVYxY205d1lTNWxkUzkwYzNJdGRtRXZaWFpwWkdWdVkyVXZaakpoWldWak9UY3RabU13WkMwME1tSm1MVGhqWVRjdE1EVTBPREU1TW1RMU5qYzRJaXdpYzNWaWFtVmpkRkJ5WlhObGJtTmxJam9pVUdoNWMybGpZV3dpTENKMGVYQmxJanBiSWtSdlkzVnRaVzUwVm1WeWFXWnBZMkYwYVc5dUlsMHNJblpsY21sbWFXVnlJam9pWkdsa09tVmljMms2TWprMk1tWmlOemcwWkdZMk1XSmhZVEkyTjJNNE1UTXlORGszTlRNNVpqaGpOamMwWWpNM1l6RXlORFJoTjJFaWZYMHNJbXAwYVNJNkluVnlianAxZFdsa09tUTNPREZsWlRkbUxXUXpNR1F0TkRJeU5pMDRZMkUzTFdZeFl6UXpNVFUxT1dOa015SjkuZkZOR3prYWZiNWxELXVJR05LMU8wSG9sSHgxU0Q3bmZtN0wzS2xNV1RmcExEdGlCSG14RDBFcnhjN0pqUkl3OTMxTUM0c0NEREJWWDFtUHFZcU1UQ3ciXX0sImlhdCI6MTcyNjEzMzk3Nywibm9uY2UiOiJhYmNkIiwianRpIjoidXJuOnV1aWQ6YmMzYjliNGMtODJiOS00ZDkwLTk1OTEtZWVjN2VkYzk5NTZlIn0.J7dm_QeKmiemrBJSeIzQ7z9WfrQJgOGIHaq-ATBUvYS7jAAxVzzcItKG2rGvqFOPVoBkiyOvS8iH_5hjy2ZQDg
2454 [pool-1-thread-1 @coroutine#88] DEBUG id.walt.services.vc.WaltIdJwtCredentialService - VP created:eyJraWQiOiJkaWQ6a2V5Ono2TWt3QkU5RGpTUUt2Wjh3d0FjdXZkeVhVYVJMbVBLajNkZjJGbWpGdUNRTDV5TSN6Nk1rd0JFOURqU1FLdlo4d3dBY3V2ZHlYVWFSTG1QS2ozZGYyRm1qRnVDUUw1eU0iLCJ0eXAiOiJKV1QiLCJhbGciOiJFZERTQSJ9.eyJzdWIiOiJkaWQ6a2V5Ono2TWt3QkU5RGpTUUt2Wjh3d0FjdXZkeVhVYVJMbVBLajNkZjJGbWpGdUNRTDV5TSIsImF1ZCI6ImRpZDprZXk6ejZNa3dCRTlEalNRS3ZaOHd3QWN1dmR5WFVhUkxtUEtqM2RmMkZtakZ1Q1FMNXlNIiwibmJmIjoxNzI2MTMzOTc3LCJpc3MiOiJkaWQ6a2V5Ono2TWt3QkU5RGpTUUt2Wjh3d0FjdXZkeVhVYVJMbVBLajNkZjJGbWpGdUNRTDV5TSIsInZwIjp7InR5cGUiOlsiVmVyaWZpYWJsZVByZXNlbnRhdGlvbiJdLCJAY29udGV4dCI6WyJodHRwczovL3d3dy53My5vcmcvMjAxOC9jcmVkZW50aWFscy92MSJdLCJpZCI6InVybjp1dWlkOmJjM2I5YjRjLTgyYjktNGQ5MC05NTkxLWVlYzdlZGM5OTU2ZSIsImhvbGRlciI6ImRpZDprZXk6ejZNa3dCRTlEalNRS3ZaOHd3QWN1dmR5WFVhUkxtUEtqM2RmMkZtakZ1Q1FMNXlNIiwidmVyaWZpYWJsZUNyZWRlbnRpYWwiOlsiZXlKcmFXUWlPaUprYVdRNmEyVjVPbm8yVFd0M1FrVTVSR3BUVVV0MldqaDNkMEZqZFhaa2VWaFZZVkpNYlZCTGFqTmtaakpHYldwR2RVTlJURFY1VFNONk5rMXJkMEpGT1VScVUxRkxkbG80ZDNkQlkzVjJaSGxZVldGU1RHMVFTMm96WkdZeVJtMXFSblZEVVV3MWVVMGlMQ0owZVhBaU9pSktWMVFpTENKaGJHY2lPaUpGWkVSVFFTSjkuZXlKemRXSWlPaUprYVdRNmEyVjVPbm8yVFd0M1FrVTVSR3BUVVV0MldqaDNkMEZqZFhaa2VWaFZZVkpNYlZCTGFqTmtaakpHYldwR2RVTlJURFY1VFNJc0ltNWlaaUk2TVRjeU5qRXpNemszTnl3aWFYTnpJam9pWkdsa09tdGxlVHA2TmsxcmQwSkZPVVJxVTFGTGRsbzRkM2RCWTNWMlpIbFlWV0ZTVEcxUVMyb3paR1l5Um0xcVJuVkRVVXcxZVUwaUxDSnBZWFFpT2pFM01qWXhNek01Tnpjc0luWmpJanA3SW5SNWNHVWlPbHNpVm1WeWFXWnBZV0pzWlVOeVpXUmxiblJwWVd3aUxDSldaWEpwWm1saFlteGxRWFIwWlhOMFlYUnBiMjRpTENKV1pYSnBabWxoWW14bFJHbHdiRzl0WVNKZExDSkFZMjl1ZEdWNGRDSTZXeUpvZEhSd2N6b3ZMM2QzZHk1M015NXZjbWN2TWpBeE9DOWpjbVZrWlc1MGFXRnNjeTkyTVNKZExDSnBaQ0k2SW5WeWJqcDFkV2xrT21RM09ERmxaVGRtTFdRek1HUXROREl5TmkwNFkyRTNMV1l4WXpRek1UVTFPV05rTXlJc0ltbHpjM1ZsY2lJNkltUnBaRHByWlhrNmVqWk5hM2RDUlRsRWFsTlJTM1phT0hkM1FXTjFkbVI1V0ZWaFVreHRVRXRxTTJSbU1rWnRha1oxUTFGTU5YbE5JaXdpYVhOemRXRnVZMlZFWVhSbElqb2lNakF5TkMwd09TMHhNbFF3T1Rvek9Ub3pOMW9pTENKcGMzTjFaV1FpT2lJeU1ESTBMVEE1TFRFeVZEQTVPak01T2pNM1dpSXNJblpoYkdsa1JuSnZiU0k2SWpJd01qUXRNRGt0TVRKVU1EazZNems2TXpkYUlpd2laWGh3YVhKaGRHbHZia1JoZEdVaU9pSXlNREl5TFRBNExUTXhWREF3T2pBd09qQXdXaUlzSW1OeVpXUmxiblJwWVd4VFkyaGxiV0VpT25zaWFXUWlPaUpvZEhSd2N6b3ZMM0poZHk1bmFYUm9kV0oxYzJWeVkyOXVkR1Z1ZEM1amIyMHZkMkZzZEMxcFpDOTNZV3gwYVdRdGMzTnBhMmwwTFhaamJHbGlMMjFoYzNSbGNpOXpjbU12ZEdWemRDOXlaWE52ZFhKalpYTXZjMk5vWlcxaGN5OVdaWEpwWm1saFlteGxSR2x3Ykc5dFlTNXFjMjl1SWl3aWRIbHdaU0k2SWtwemIyNVRZMmhsYldGV1lXeHBaR0YwYjNJeU1ERTRJbjBzSW1OeVpXUmxiblJwWVd4VGRXSnFaV04wSWpwN0ltbGtJam9pWkdsa09tdGxlVHA2TmsxcmQwSkZPVVJxVTFGTGRsbzRkM2RCWTNWMlpIbFlWV0ZTVEcxUVMyb3paR1l5Um0xcVJuVkRVVXcxZVUwaUxDSmhkMkZ5WkdsdVowOXdjRzl5ZEhWdWFYUjVJanA3SW1GM1lYSmthVzVuUW05a2VTSTZleUpsYVdSaGMweGxaMkZzU1dSbGJuUnBabWxsY2lJNklsVnVhMjV2ZDI0aUxDSm9iMjFsY0dGblpTSTZJbWgwZEhCek9pOHZiR1ZoYzNSdmJpNWlZMlJwY0d4dmJXRXVZMjl0THlJc0ltbGtJam9pWkdsa09tVmljMms2TWtFNVFsbzVVMVZsTmtKaGRHRmpVM0IyY3pGV05VTmtha2gyVEhCUk4ySkZjMmt5U21JMlRHUklTMjVSZUdGT0lpd2ljSEpsWm1WeWNtVmtUbUZ0WlNJNklreGxZWE4wYjI0Z1ZXNXBkbVZ5YzJsMGVTSXNJbkpsWjJsemRISmhkR2x2YmlJNklqQTFPVGN3TmpWS0luMHNJbVZ1WkdWa1FYUlVhVzFsSWpvaU1qQXlNQzB3TmkweU5sUXdNRG93TURvd01Gb2lMQ0pwWkNJNkltaDBkSEJ6T2k4dmJHVmhjM1J2Ymk1aVkyUnBjR3h2YldFdVkyOXRMMnhoZHkxbFkyOXViMjFwWTNNdGJXRnVZV2RsYldWdWRDTkJkMkZ5WkdsdVowOXdjRzl5ZEhWdWFYUjVJaXdpYVdSbGJuUnBabWxsY2lJNkltaDBkSEJ6T2k4dlkyVnlkR2xtYVdOaGRHVXRaR1Z0Ynk1aVkyUnBjR3h2YldFdVkyOXRMMk5vWldOckx6ZzNSVVF5UmpJeU56QkZOa00wTVRRMU5rVTVORUk0TmtJNVJEa3hNVFZDTkVVek5VSkRRMEZFTWpBd1FUUTVRamcwTmpVNU1rTXhORVkzT1VNNE5rSldNVVp1WW14c2RHRXdUbHBVYmtwclVqTnNSRmRzVW0xVVJHeFRVbFZLUlZaR1drbFRiVTV0V1hwS2FGVlZOWE5hVlVvMVdqSkdTbE5JY0ZkaWJWcGFJaXdpYkc5allYUnBiMjRpT2lKR1VrRk9RMFVpTENKemRHRnlkR1ZrUVhSVWFXMWxJam9pTWpBeE9TMHdPUzB3TWxRd01Eb3dNRG93TUZvaWZTd2laR0YwWlU5bVFtbHlkR2dpT2lJeE9Ua3pMVEEwTFRBNElpd2labUZ0YVd4NVRtRnRaU0k2SWtSUFJTSXNJbWRwZG1WdVRtRnRaWE1pT2lKS1lXNWxJaXdpWjNKaFpHbHVaMU5qYUdWdFpTSTZleUpwWkNJNkltaDBkSEJ6T2k4dmJHVmhjM1J2Ymk1aVkyUnBjR3h2YldFdVkyOXRMMnhoZHkxbFkyOXViMjFwWTNNdGJXRnVZV2RsYldWdWRDTkhjbUZrYVc1blUyTm9aVzFsSWl3aWRHbDBiR1VpT2lKTWIzZGxjaUJUWldOdmJtUXRRMnhoYzNNZ1NHOXViM1Z5Y3lKOUxDSnBaR1Z1ZEdsbWFXVnlJam9pTURrd05EQXdPREE0TkVnaUxDSnNaV0Z5Ym1sdVowRmphR2xsZG1WdFpXNTBJanA3SW1Ga1pHbDBhVzl1WVd4T2IzUmxJanBiSWtSSlUxUlNTVUpWVkVsUFRpQk5RVTVCUjBWTlJVNVVJbDBzSW1SbGMyTnlhWEIwYVc5dUlqb2lUVUZTUzBWVVNVNUhJRUZPUkNCVFFVeEZVeUlzSW1sa0lqb2lhSFIwY0hNNkx5OXNaV0Z6ZEc5dUxtSmpaR2x3Ykc5dFlTNWpiMjB2YkdGM0xXVmpiMjV2YldsamN5MXRZVzVoWjJWdFpXNTBJMHhsWVhKdWFXNW5RV05vYVdWMmJXVnVkQ0lzSW5ScGRHeGxJam9pVFVGVFZFVlNVeUJNUVZjc0lFVkRUMDVQVFVsRFV5QkJUa1FnVFVGT1FVZEZUVVZPVkNKOUxDSnNaV0Z5Ym1sdVoxTndaV05wWm1sallYUnBiMjRpT25zaVpXTjBjME55WldScGRGQnZhVzUwY3lJNk1USXdMQ0psY1daTVpYWmxiQ0k2Tnl3aWFXUWlPaUpvZEhSd2N6b3ZMMnhsWVhOMGIyNHVZbU5rYVhCc2IyMWhMbU52YlM5c1lYY3RaV052Ym05dGFXTnpMVzFoYm1GblpXMWxiblFqVEdWaGNtNXBibWRUY0dWamFXWnBZMkYwYVc5dUlpd2lhWE5qWldSbVEyOWtaU0k2V3lJM0lsMHNJbTV4Wmt4bGRtVnNJanBiSWpjaVhYMTlMQ0pqY21Wa1pXNTBhV0ZzVTNSaGRIVnpJanA3SW1sa0lqb2lhSFIwY0hNNkx5OWxjM05wWmk1bGRYSnZjR0V1WlhVdmMzUmhkSFZ6TDJWa2RXTmhkR2x2YmlOb2FXZG9aWEpGWkhWallYUnBiMjRqTXpreVlXTTNaall0TXprNVlTMDBNemRpTFdFeU5qZ3RORFk1TVdWaFpEaG1NVGMySWl3aWRIbHdaU0k2SWtOeVpXUmxiblJwWVd4VGRHRjBkWE5NYVhOME1qQXlNQ0o5TENKbGRtbGtaVzVqWlNJNmV5SmtiMk4xYldWdWRGQnlaWE5sYm1ObElqcGJJbEJvZVhOcFkyRnNJbDBzSW1WMmFXUmxibU5sUkc5amRXMWxiblFpT2xzaVVHRnpjM0J2Y25RaVhTd2lhV1FpT2lKb2RIUndjem92TDJWemMybG1MbVYxY205d1lTNWxkUzkwYzNJdGRtRXZaWFpwWkdWdVkyVXZaakpoWldWak9UY3RabU13WkMwME1tSm1MVGhqWVRjdE1EVTBPREU1TW1RMU5qYzRJaXdpYzNWaWFtVmpkRkJ5WlhObGJtTmxJam9pVUdoNWMybGpZV3dpTENKMGVYQmxJanBiSWtSdlkzVnRaVzUwVm1WeWFXWnBZMkYwYVc5dUlsMHNJblpsY21sbWFXVnlJam9pWkdsa09tVmljMms2TWprMk1tWmlOemcwWkdZMk1XSmhZVEkyTjJNNE1UTXlORGszTlRNNVpqaGpOamMwWWpNM1l6RXlORFJoTjJFaWZYMHNJbXAwYVNJNkluVnlianAxZFdsa09tUTNPREZsWlRkbUxXUXpNR1F0TkRJeU5pMDRZMkUzTFdZeFl6UXpNVFUxT1dOa015SjkuZkZOR3prYWZiNWxELXVJR05LMU8wSG9sSHgxU0Q3bmZtN0wzS2xNV1RmcExEdGlCSG14RDBFcnhjN0pqUkl3OTMxTUM0c0NEREJWWDFtUHFZcU1UQ3ciXX0sImlhdCI6MTcyNjEzMzk3Nywibm9uY2UiOiJhYmNkIiwianRpIjoidXJuOnV1aWQ6YmMzYjliNGMtODJiOS00ZDkwLTk1OTEtZWVjN2VkYzk5NTZlIn0.J7dm_QeKmiemrBJSeIzQ7z9WfrQJgOGIHaq-ATBUvYS7jAAxVzzcItKG2rGvqFOPVoBkiyOvS8iH_5hjy2ZQDg
2454 [pool-1-thread-1 @coroutine#88] DEBUG id.walt.auditor.Auditor - Verifying vc with DynamicPolicy ...
2455 [pool-1-thread-1 @coroutine#88] DEBUG com.jayway.jsonpath.internal.path.CompiledPath - Evaluating path: $
2465 [pool-1-thread-1 @coroutine#88] DEBUG id.walt.auditor.dynamic.OPAPolicyEngine - rego eval output: [
  true
]

2465 [pool-1-thread-1 @coroutine#88] DEBUG id.walt.auditor.dynamic.DynamicPolicy - DYNAMIC POLICY CHECK: VC [VerifiableCredential, VerifiableAttestation, VerifiableDiploma] result: passed
2465 [pool-1-thread-1 @coroutine#88] DEBUG id.walt.auditor.dynamic.DynamicPolicy - Policy: src/test/resources/rego/subject-policy.rego
2465 [pool-1-thread-1 @coroutine#88] DEBUG id.walt.auditor.VerificationPolicy - VC [VerifiableCredential, VerifiableAttestation, VerifiableDiploma] passes policy DynamicPolicy: passed
2468 [pool-1-thread-1 @coroutine#88] DEBUG id.walt.auditor.Auditor - Verifying vc with DynamicPolicy ...
2468 [pool-1-thread-1 @coroutine#88] DEBUG com.jayway.jsonpath.internal.path.CompiledPath - Evaluating path: $
2479 [pool-1-thread-1 @coroutine#88] DEBUG id.walt.auditor.dynamic.OPAPolicyEngine - rego eval output: [
  true
]

2479 [pool-1-thread-1 @coroutine#88] DEBUG id.walt.auditor.dynamic.DynamicPolicy - DYNAMIC POLICY CHECK: VC [VerifiableCredential, VerifiableAttestation, VerifiableDiploma] result: passed
2479 [pool-1-thread-1 @coroutine#88] DEBUG id.walt.auditor.dynamic.DynamicPolicy - Policy: src/test/resources/rego/subject-policy.rego
2479 [pool-1-thread-1 @coroutine#88] DEBUG id.walt.auditor.VerificationPolicy - VC [VerifiableCredential, VerifiableAttestation, VerifiableDiploma] passes policy DynamicPolicy: passed
2479 [pool-1-thread-1 @coroutine#88] DEBUG id.walt.auditor.Auditor - Verifying vc with DynamicPolicy ...
2480 [pool-1-thread-1 @coroutine#88] DEBUG com.jayway.jsonpath.internal.path.CompiledPath - Evaluating path: $
2489 [pool-1-thread-1 @coroutine#88] DEBUG id.walt.auditor.dynamic.OPAPolicyEngine - rego eval output: [
  false
]

2489 [pool-1-thread-1 @coroutine#88] DEBUG id.walt.auditor.VerificationPolicy - VerificationPolicy failed: 
2489 [pool-1-thread-1 @coroutine#88] DEBUG id.walt.auditor.dynamic.DynamicPolicy - DYNAMIC POLICY CHECK: VC [VerifiableCredential, VerifiableAttestation, VerifiableDiploma] result: failed: 
2489 [pool-1-thread-1 @coroutine#88] DEBUG id.walt.auditor.dynamic.DynamicPolicy - Policy: src/test/resources/rego/subject-policy.rego
2489 [pool-1-thread-1 @coroutine#88] DEBUG id.walt.auditor.VerificationPolicy - VC [VerifiableCredential, VerifiableAttestation, VerifiableDiploma] passes policy DynamicPolicy: failed: 
2490 [pool-1-thread-1 @coroutine#88] DEBUG id.walt.auditor.VerificationPolicy - VerificationPolicy failed: 
2497 [pool-1-thread-1 @coroutine#89] DEBUG id.walt.services.keystore.HKVKeyStoreService - Storing key "94acf0f8d8dd4b9c931ddb033b01302a".
2497 [pool-1-thread-1 @coroutine#89] DEBUG id.walt.services.keystore.HKVKeyStoreService - Loading key "94acf0f8d8dd4b9c931ddb033b01302a".
2497 [pool-1-thread-1 @coroutine#89] DEBUG id.walt.model.DidUrl - Trying to create DidUrl from URL: "did:key:z6MkrR8bJknNS11iU4aiTZiHUmCetn4U9svkvgUKpEEk4XcF"...
2501 [pool-1-thread-1 @coroutine#89] DEBUG id.walt.services.keystore.HKVKeyStoreService - Loading key "94acf0f8d8dd4b9c931ddb033b01302a".
2501 [pool-1-thread-1 @coroutine#89] DEBUG id.walt.services.did.DidService - A key with the id "94acf0f8d8dd4b9c931ddb033b01302a" exists.
2501 [pool-1-thread-1 @coroutine#89] DEBUG id.walt.model.DidUrl - Trying to create DidUrl from URL: "did:key:z6MkrR8bJknNS11iU4aiTZiHUmCetn4U9svkvgUKpEEk4XcF"...
2501 [pool-1-thread-1 @coroutine#89] DEBUG id.walt.model.DidUrl - Trying to create DidUrl from URL: "did:key:z6MkrR8bJknNS11iU4aiTZiHUmCetn4U9svkvgUKpEEk4XcF"...
2503 [pool-1-thread-1 @coroutine#89] DEBUG id.walt.model.DidUrl - Trying to create DidUrl from URL: "did:key:z6MkrR8bJknNS11iU4aiTZiHUmCetn4U9svkvgUKpEEk4XcF"...
2503 [pool-1-thread-1 @coroutine#89] DEBUG id.walt.model.DidUrl - Trying to create DidUrl from URL: "did:key:z6MkrR8bJknNS11iU4aiTZiHUmCetn4U9svkvgUKpEEk4XcF"...
2503 [pool-1-thread-1 @coroutine#89] DEBUG id.walt.model.DidUrl - Trying to create DidUrl from URL: "did:key:z6MkrR8bJknNS11iU4aiTZiHUmCetn4U9svkvgUKpEEk4XcF"...
2503 [pool-1-thread-1 @coroutine#89] DEBUG id.walt.signatory.WaltIdSignatory - Signing credential with proof using LD_PROOF...
2503 [pool-1-thread-1 @coroutine#89] DEBUG id.walt.signatory.WaltIdSignatory - Signing credential with proof using LD_PROOF, credential is: {"type":["VerifiableCredential","VerifiableAttestation","VerifiableDiploma"],"@context":["https://www.w3.org/2018/credentials/v1"],"id":"urn:uuid:15c514bf-0f97-4564-8d46-311467f6a247","issuer":"did:key:z6MkrR8bJknNS11iU4aiTZiHUmCetn4U9svkvgUKpEEk4XcF","issuanceDate":"2024-09-12T09:39:37Z","issued":"2024-09-12T09:39:37Z","validFrom":"2024-09-12T09:39:37Z","expirationDate":"2022-08-31T00:00:00Z","credentialSchema":{"id":"https://raw.githubusercontent.com/walt-id/waltid-ssikit-vclib/master/src/test/resources/schemas/VerifiableDiploma.json","type":"JsonSchemaValidator2018"},"credentialSubject":{"id":"did:key:z6MkrR8bJknNS11iU4aiTZiHUmCetn4U9svkvgUKpEEk4XcF","awardingOpportunity":{"awardingBody":{"eidasLegalIdentifier":"Unknown","homepage":"https://leaston.bcdiploma.com/","id":"did:ebsi:2A9BZ9SUe6BatacSpvs1V5CdjHvLpQ7bEsi2Jb6LdHKnQxaN","preferredName":"Leaston University","registration":"0597065J"},"endedAtTime":"2020-06-26T00:00:00Z","id":"https://leaston.bcdiploma.com/law-economics-management#AwardingOpportunity","identifier":"https://certificate-demo.bcdiploma.com/check/87ED2F2270E6C41456E94B86B9D9115B4E35BCCAD200A49B846592C14F79C86BV1Fnbllta0NZTnJkR3lDWlRmTDlSRUJEVFZISmNmYzJhUU5sZUJ5Z2FJSHpWbmZZ","location":"FRANCE","startedAtTime":"2019-09-02T00:00:00Z"},"dateOfBirth":"1993-04-08","familyName":"DOE","givenNames":"Jane","gradingScheme":{"id":"https://leaston.bcdiploma.com/law-economics-management#GradingScheme","title":"Lower Second-Class Honours"},"identifier":"0904008084H","learningAchievement":{"additionalNote":["DISTRIBUTION MANAGEMENT"],"description":"MARKETING AND SALES","id":"https://leaston.bcdiploma.com/law-economics-management#LearningAchievment","title":"MASTERS LAW, ECONOMICS AND MANAGEMENT"},"learningSpecification":{"ectsCreditPoints":120,"eqfLevel":7,"id":"https://leaston.bcdiploma.com/law-economics-management#LearningSpecification","iscedfCode":["7"],"nqfLevel":["7"]}},"credentialStatus":{"id":"https://essif.europa.eu/status/education#higherEducation#392ac7f6-399a-437b-a268-4691ead8f176","type":"CredentialStatusList2020"},"evidence":{"documentPresence":["Physical"],"evidenceDocument":["Passport"],"id":"https://essif.europa.eu/tsr-va/evidence/f2aeec97-fc0d-42bf-8ca7-0548192d5678","subjectPresence":"Physical","type":["DocumentVerification"],"verifier":"did:ebsi:2962fb784df61baa267c8132497539f8c674b37c1244a7a"}}
2503 [pool-1-thread-1 @coroutine#89] DEBUG id.walt.services.vc.WaltIdJsonLdCredentialService - Signing jsonLd object with: issuerDid (did:key:z6MkrR8bJknNS11iU4aiTZiHUmCetn4U9svkvgUKpEEk4XcF), domain (null), nonce (null
2503 [pool-1-thread-1 @coroutine#89] DEBUG id.walt.services.keystore.HKVKeyStoreService - Loading key "did:key:z6MkrR8bJknNS11iU4aiTZiHUmCetn4U9svkvgUKpEEk4XcF#z6MkrR8bJknNS11iU4aiTZiHUmCetn4U9svkvgUKpEEk4XcF".
2504 [pool-1-thread-1 @coroutine#89] DEBUG id.walt.services.vc.WaltIdJsonLdCredentialService - Signing: {"type":["VerifiableCredential","VerifiableAttestation","VerifiableDiploma"],"@context":["https://www.w3.org/2018/credentials/v1"],"id":"urn:uuid:15c514bf-0f97-4564-8d46-311467f6a247","issuer":"did:key:z6MkrR8bJknNS11iU4aiTZiHUmCetn4U9svkvgUKpEEk4XcF","issuanceDate":"2024-09-12T09:39:37Z","issued":"2024-09-12T09:39:37Z","validFrom":"2024-09-12T09:39:37Z","expirationDate":"2022-08-31T00:00:00Z","credentialSchema":{"id":"https://raw.githubusercontent.com/walt-id/waltid-ssikit-vclib/master/src/test/resources/schemas/VerifiableDiploma.json","type":"JsonSchemaValidator2018"},"credentialSubject":{"id":"did:key:z6MkrR8bJknNS11iU4aiTZiHUmCetn4U9svkvgUKpEEk4XcF","awardingOpportunity":{"awardingBody":{"eidasLegalIdentifier":"Unknown","homepage":"https://leaston.bcdiploma.com/","id":"did:ebsi:2A9BZ9SUe6BatacSpvs1V5CdjHvLpQ7bEsi2Jb6LdHKnQxaN","preferredName":"Leaston University","registration":"0597065J"},"endedAtTime":"2020-06-26T00:00:00Z","id":"https://leaston.bcdiploma.com/law-economics-management#AwardingOpportunity","identifier":"https://certificate-demo.bcdiploma.com/check/87ED2F2270E6C41456E94B86B9D9115B4E35BCCAD200A49B846592C14F79C86BV1Fnbllta0NZTnJkR3lDWlRmTDlSRUJEVFZISmNmYzJhUU5sZUJ5Z2FJSHpWbmZZ","location":"FRANCE","startedAtTime":"2019-09-02T00:00:00Z"},"dateOfBirth":"1993-04-08","familyName":"DOE","givenNames":"Jane","gradingScheme":{"id":"https://leaston.bcdiploma.com/law-economics-management#GradingScheme","title":"Lower Second-Class Honours"},"identifier":"0904008084H","learningAchievement":{"additionalNote":["DISTRIBUTION MANAGEMENT"],"description":"MARKETING AND SALES","id":"https://leaston.bcdiploma.com/law-economics-management#LearningAchievment","title":"MASTERS LAW, ECONOMICS AND MANAGEMENT"},"learningSpecification":{"ectsCreditPoints":120,"eqfLevel":7,"id":"https://leaston.bcdiploma.com/law-economics-management#LearningSpecification","iscedfCode":["7"],"nqfLevel":["7"]}},"credentialStatus":{"id":"https://essif.europa.eu/status/education#higherEducation#392ac7f6-399a-437b-a268-4691ead8f176","type":"CredentialStatusList2020"},"evidence":{"documentPresence":["Physical"],"evidenceDocument":["Passport"],"id":"https://essif.europa.eu/tsr-va/evidence/f2aeec97-fc0d-42bf-8ca7-0548192d5678","subjectPresence":"Physical","type":["DocumentVerification"],"verifier":"did:ebsi:2962fb784df61baa267c8132497539f8c674b37c1244a7a"}}
Sep 12, 2024 11:39:37 AM com.apicatalog.jsonld.deseralization.JsonLdToRdf build
WARNING: Non well-formed subject [https://essif.europa.eu/status/education#higherEducation#392ac7f6-399a-437b-a268-4691ead8f176] has been skipped.
2508 [pool-1-thread-1 @coroutine#89] DEBUG id.walt.services.keystore.HKVKeyStoreService - Loading key "94acf0f8d8dd4b9c931ddb033b01302a".
2508 [pool-1-thread-1 @coroutine#89] DEBUG id.walt.services.keystore.HKVKeyStoreService - Loading key "94acf0f8d8dd4b9c931ddb033b01302a".
2508 [pool-1-thread-1 @coroutine#89] DEBUG id.walt.services.keystore.HKVKeyStoreService - Loading key "94acf0f8d8dd4b9c931ddb033b01302a".
2510 [pool-1-thread-1 @coroutine#89] DEBUG id.walt.signatory.WaltIdSignatory - Signed VC is: {
  "type" : [ "VerifiableCredential", "VerifiableAttestation", "VerifiableDiploma" ],
  "@context" : [ "https://www.w3.org/2018/credentials/v1", "https://w3id.org/security/suites/jws-2020/v1" ],
  "id" : "urn:uuid:15c514bf-0f97-4564-8d46-311467f6a247",
  "issuer" : "did:key:z6MkrR8bJknNS11iU4aiTZiHUmCetn4U9svkvgUKpEEk4XcF",
  "issuanceDate" : "2024-09-12T09:39:37Z",
  "issued" : "2024-09-12T09:39:37Z",
  "validFrom" : "2024-09-12T09:39:37Z",
  "expirationDate" : "2022-08-31T00:00:00Z",
  "credentialSchema" : {
    "id" : "https://raw.githubusercontent.com/walt-id/waltid-ssikit-vclib/master/src/test/resources/schemas/VerifiableDiploma.json",
    "type" : "JsonSchemaValidator2018"
  },
  "credentialSubject" : {
    "id" : "did:key:z6MkrR8bJknNS11iU4aiTZiHUmCetn4U9svkvgUKpEEk4XcF",
    "awardingOpportunity" : {
      "awardingBody" : {
        "eidasLegalIdentifier" : "Unknown",
        "homepage" : "https://leaston.bcdiploma.com/",
        "id" : "did:ebsi:2A9BZ9SUe6BatacSpvs1V5CdjHvLpQ7bEsi2Jb6LdHKnQxaN",
        "preferredName" : "Leaston University",
        "registration" : "0597065J"
      },
      "endedAtTime" : "2020-06-26T00:00:00Z",
      "id" : "https://leaston.bcdiploma.com/law-economics-management#AwardingOpportunity",
      "identifier" : "https://certificate-demo.bcdiploma.com/check/87ED2F2270E6C41456E94B86B9D9115B4E35BCCAD200A49B846592C14F79C86BV1Fnbllta0NZTnJkR3lDWlRmTDlSRUJEVFZISmNmYzJhUU5sZUJ5Z2FJSHpWbmZZ",
      "location" : "FRANCE",
      "startedAtTime" : "2019-09-02T00:00:00Z"
    },
    "dateOfBirth" : "1993-04-08",
    "familyName" : "DOE",
    "givenNames" : "Jane",
    "gradingScheme" : {
      "id" : "https://leaston.bcdiploma.com/law-economics-management#GradingScheme",
      "title" : "Lower Second-Class Honours"
    },
    "identifier" : "0904008084H",
    "learningAchievement" : {
      "additionalNote" : [ "DISTRIBUTION MANAGEMENT" ],
      "description" : "MARKETING AND SALES",
      "id" : "https://leaston.bcdiploma.com/law-economics-management#LearningAchievment",
      "title" : "MASTERS LAW, ECONOMICS AND MANAGEMENT"
    },
    "learningSpecification" : {
      "ectsCreditPoints" : 120,
      "eqfLevel" : 7,
      "id" : "https://leaston.bcdiploma.com/law-economics-management#LearningSpecification",
      "iscedfCode" : [ "7" ],
      "nqfLevel" : [ "7" ]
    }
  },
  "credentialStatus" : {
    "id" : "https://essif.europa.eu/status/education#higherEducation#392ac7f6-399a-437b-a268-4691ead8f176",
    "type" : "CredentialStatusList2020"
  },
  "evidence" : {
    "documentPresence" : [ "Physical" ],
    "evidenceDocument" : [ "Passport" ],
    "id" : "https://essif.europa.eu/tsr-va/evidence/f2aeec97-fc0d-42bf-8ca7-0548192d5678",
    "subjectPresence" : "Physical",
    "type" : [ "DocumentVerification" ],
    "verifier" : "did:ebsi:2962fb784df61baa267c8132497539f8c674b37c1244a7a"
  },
  "proof" : {
    "type" : "JsonWebSignature2020",
    "creator" : "did:key:z6MkrR8bJknNS11iU4aiTZiHUmCetn4U9svkvgUKpEEk4XcF",
    "created" : "2024-09-12T09:39:37Z",
    "proofPurpose" : "assertionMethod",
    "verificationMethod" : "did:key:z6MkrR8bJknNS11iU4aiTZiHUmCetn4U9svkvgUKpEEk4XcF#z6MkrR8bJknNS11iU4aiTZiHUmCetn4U9svkvgUKpEEk4XcF",
    "jws" : "eyJiNjQiOmZhbHNlLCJjcml0IjpbImI2NCJdLCJhbGciOiJFZERTQSJ9..g5aSA4lkOXjPeT3qGqcn_wZkHj5WI7zCEg3ccDXs-swf0gpM2pDhYaD0zdn_UBv4-LZmyuj40tg5STQKRF40DQ"
  }
}
2510 [pool-1-thread-1 @coroutine#89] DEBUG id.walt.services.vc.WaltIdJsonLdCredentialService - Creating a presentation for VCs:
[PresentableCredential(verifiableCredential={"type":["VerifiableCredential","VerifiableAttestation","VerifiableDiploma"],"@context":["https://www.w3.org/2018/credentials/v1","https://w3id.org/security/suites/jws-2020/v1"],"id":"urn:uuid:15c514bf-0f97-4564-8d46-311467f6a247","issuer":"did:key:z6MkrR8bJknNS11iU4aiTZiHUmCetn4U9svkvgUKpEEk4XcF","issuanceDate":"2024-09-12T09:39:37Z","issued":"2024-09-12T09:39:37Z","validFrom":"2024-09-12T09:39:37Z","expirationDate":"2022-08-31T00:00:00Z","proof":{"type":"JsonWebSignature2020","creator":"did:key:z6MkrR8bJknNS11iU4aiTZiHUmCetn4U9svkvgUKpEEk4XcF","created":"2024-09-12T09:39:37Z","proofPurpose":"assertionMethod","verificationMethod":"did:key:z6MkrR8bJknNS11iU4aiTZiHUmCetn4U9svkvgUKpEEk4XcF#z6MkrR8bJknNS11iU4aiTZiHUmCetn4U9svkvgUKpEEk4XcF","jws":"eyJiNjQiOmZhbHNlLCJjcml0IjpbImI2NCJdLCJhbGciOiJFZERTQSJ9..g5aSA4lkOXjPeT3qGqcn_wZkHj5WI7zCEg3ccDXs-swf0gpM2pDhYaD0zdn_UBv4-LZmyuj40tg5STQKRF40DQ"},"credentialSchema":{"id":"https://raw.githubusercontent.com/walt-id/waltid-ssikit-vclib/master/src/test/resources/schemas/VerifiableDiploma.json","type":"JsonSchemaValidator2018"},"credentialSubject":{"id":"did:key:z6MkrR8bJknNS11iU4aiTZiHUmCetn4U9svkvgUKpEEk4XcF","awardingOpportunity":{"awardingBody":{"eidasLegalIdentifier":"Unknown","homepage":"https://leaston.bcdiploma.com/","id":"did:ebsi:2A9BZ9SUe6BatacSpvs1V5CdjHvLpQ7bEsi2Jb6LdHKnQxaN","preferredName":"Leaston University","registration":"0597065J"},"endedAtTime":"2020-06-26T00:00:00Z","id":"https://leaston.bcdiploma.com/law-economics-management#AwardingOpportunity","identifier":"https://certificate-demo.bcdiploma.com/check/87ED2F2270E6C41456E94B86B9D9115B4E35BCCAD200A49B846592C14F79C86BV1Fnbllta0NZTnJkR3lDWlRmTDlSRUJEVFZISmNmYzJhUU5sZUJ5Z2FJSHpWbmZZ","location":"FRANCE","startedAtTime":"2019-09-02T00:00:00Z"},"dateOfBirth":"1993-04-08","familyName":"DOE","givenNames":"Jane","gradingScheme":{"id":"https://leaston.bcdiploma.com/law-economics-management#GradingScheme","title":"Lower Second-Class Honours"},"identifier":"0904008084H","learningAchievement":{"additionalNote":["DISTRIBUTION MANAGEMENT"],"description":"MARKETING AND SALES","id":"https://leaston.bcdiploma.com/law-economics-management#LearningAchievment","title":"MASTERS LAW, ECONOMICS AND MANAGEMENT"},"learningSpecification":{"ectsCreditPoints":120,"eqfLevel":7,"id":"https://leaston.bcdiploma.com/law-economics-management#LearningSpecification","iscedfCode":["7"],"nqfLevel":["7"]}},"credentialStatus":{"id":"https://essif.europa.eu/status/education#higherEducation#392ac7f6-399a-437b-a268-4691ead8f176","type":"CredentialStatusList2020"},"evidence":{"documentPresence":["Physical"],"evidenceDocument":["Passport"],"id":"https://essif.europa.eu/tsr-va/evidence/f2aeec97-fc0d-42bf-8ca7-0548192d5678","subjectPresence":"Physical","type":["DocumentVerification"],"verifier":"did:ebsi:2962fb784df61baa267c8132497539f8c674b37c1244a7a"}}, selectiveDisclosure=null, discloseAll=false)]
2510 [pool-1-thread-1 @coroutine#89] DEBUG id.walt.model.DidUrl - Trying to create DidUrl from URL: "did:key:z6MkrR8bJknNS11iU4aiTZiHUmCetn4U9svkvgUKpEEk4XcF"...
2510 [pool-1-thread-1 @coroutine#89] DEBUG id.walt.services.vc.WaltIdJsonLdCredentialService - Signing jsonLd object with: issuerDid (did:key:z6MkrR8bJknNS11iU4aiTZiHUmCetn4U9svkvgUKpEEk4XcF), domain (https://api-pilot.ebsi.eu), nonce (d04442d3-661f-411e-a80f-42f19f594c9d
2510 [pool-1-thread-1 @coroutine#89] DEBUG id.walt.services.keystore.HKVKeyStoreService - Loading key "did:key:z6MkrR8bJknNS11iU4aiTZiHUmCetn4U9svkvgUKpEEk4XcF#z6MkrR8bJknNS11iU4aiTZiHUmCetn4U9svkvgUKpEEk4XcF".
2510 [pool-1-thread-1 @coroutine#89] DEBUG id.walt.services.vc.WaltIdJsonLdCredentialService - Signing: {"type":["VerifiablePresentation"],"@context":["https://www.w3.org/2018/credentials/v1"],"id":"urn:uuid:da24d82b-1b3a-4400-ad8f-7d79e9200383","holder":"did:key:z6MkrR8bJknNS11iU4aiTZiHUmCetn4U9svkvgUKpEEk4XcF","verifiableCredential":[{"type":["VerifiableCredential","VerifiableAttestation","VerifiableDiploma"],"@context":["https://www.w3.org/2018/credentials/v1","https://w3id.org/security/suites/jws-2020/v1"],"id":"urn:uuid:15c514bf-0f97-4564-8d46-311467f6a247","issuer":"did:key:z6MkrR8bJknNS11iU4aiTZiHUmCetn4U9svkvgUKpEEk4XcF","issuanceDate":"2024-09-12T09:39:37Z","issued":"2024-09-12T09:39:37Z","validFrom":"2024-09-12T09:39:37Z","expirationDate":"2022-08-31T00:00:00Z","proof":{"type":"JsonWebSignature2020","creator":"did:key:z6MkrR8bJknNS11iU4aiTZiHUmCetn4U9svkvgUKpEEk4XcF","created":"2024-09-12T09:39:37Z","proofPurpose":"assertionMethod","verificationMethod":"did:key:z6MkrR8bJknNS11iU4aiTZiHUmCetn4U9svkvgUKpEEk4XcF#z6MkrR8bJknNS11iU4aiTZiHUmCetn4U9svkvgUKpEEk4XcF","jws":"eyJiNjQiOmZhbHNlLCJjcml0IjpbImI2NCJdLCJhbGciOiJFZERTQSJ9..g5aSA4lkOXjPeT3qGqcn_wZkHj5WI7zCEg3ccDXs-swf0gpM2pDhYaD0zdn_UBv4-LZmyuj40tg5STQKRF40DQ"},"credentialSchema":{"id":"https://raw.githubusercontent.com/walt-id/waltid-ssikit-vclib/master/src/test/resources/schemas/VerifiableDiploma.json","type":"JsonSchemaValidator2018"},"credentialSubject":{"id":"did:key:z6MkrR8bJknNS11iU4aiTZiHUmCetn4U9svkvgUKpEEk4XcF","awardingOpportunity":{"awardingBody":{"eidasLegalIdentifier":"Unknown","homepage":"https://leaston.bcdiploma.com/","id":"did:ebsi:2A9BZ9SUe6BatacSpvs1V5CdjHvLpQ7bEsi2Jb6LdHKnQxaN","preferredName":"Leaston University","registration":"0597065J"},"endedAtTime":"2020-06-26T00:00:00Z","id":"https://leaston.bcdiploma.com/law-economics-management#AwardingOpportunity","identifier":"https://certificate-demo.bcdiploma.com/check/87ED2F2270E6C41456E94B86B9D9115B4E35BCCAD200A49B846592C14F79C86BV1Fnbllta0NZTnJkR3lDWlRmTDlSRUJEVFZISmNmYzJhUU5sZUJ5Z2FJSHpWbmZZ","location":"FRANCE","startedAtTime":"2019-09-02T00:00:00Z"},"dateOfBirth":"1993-04-08","familyName":"DOE","givenNames":"Jane","gradingScheme":{"id":"https://leaston.bcdiploma.com/law-economics-management#GradingScheme","title":"Lower Second-Class Honours"},"identifier":"0904008084H","learningAchievement":{"additionalNote":["DISTRIBUTION MANAGEMENT"],"description":"MARKETING AND SALES","id":"https://leaston.bcdiploma.com/law-economics-management#LearningAchievment","title":"MASTERS LAW, ECONOMICS AND MANAGEMENT"},"learningSpecification":{"ectsCreditPoints":120,"eqfLevel":7,"id":"https://leaston.bcdiploma.com/law-economics-management#LearningSpecification","iscedfCode":["7"],"nqfLevel":["7"]}},"credentialStatus":{"id":"https://essif.europa.eu/status/education#higherEducation#392ac7f6-399a-437b-a268-4691ead8f176","type":"CredentialStatusList2020"},"evidence":{"documentPresence":["Physical"],"evidenceDocument":["Passport"],"id":"https://essif.europa.eu/tsr-va/evidence/f2aeec97-fc0d-42bf-8ca7-0548192d5678","subjectPresence":"Physical","type":["DocumentVerification"],"verifier":"did:ebsi:2962fb784df61baa267c8132497539f8c674b37c1244a7a"}}]}
Sep 12, 2024 11:39:37 AM com.apicatalog.jsonld.deseralization.JsonLdToRdf build
WARNING: Non well-formed subject [https://essif.europa.eu/status/education#higherEducation#392ac7f6-399a-437b-a268-4691ead8f176] has been skipped.
2514 [pool-1-thread-1 @coroutine#89] DEBUG id.walt.services.keystore.HKVKeyStoreService - Loading key "94acf0f8d8dd4b9c931ddb033b01302a".
2514 [pool-1-thread-1 @coroutine#89] DEBUG id.walt.services.keystore.HKVKeyStoreService - Loading key "94acf0f8d8dd4b9c931ddb033b01302a".
2514 [pool-1-thread-1 @coroutine#89] DEBUG id.walt.services.keystore.HKVKeyStoreService - Loading key "94acf0f8d8dd4b9c931ddb033b01302a".
2515 [pool-1-thread-1 @coroutine#89] DEBUG id.walt.services.vc.WaltIdJsonLdCredentialService - VP created:{
  "type" : [ "VerifiablePresentation" ],
  "@context" : [ "https://www.w3.org/2018/credentials/v1", "https://w3id.org/security/suites/jws-2020/v1" ],
  "id" : "urn:uuid:da24d82b-1b3a-4400-ad8f-7d79e9200383",
  "holder" : "did:key:z6MkrR8bJknNS11iU4aiTZiHUmCetn4U9svkvgUKpEEk4XcF",
  "verifiableCredential" : [ {
    "type" : [ "VerifiableCredential", "VerifiableAttestation", "VerifiableDiploma" ],
    "@context" : [ "https://www.w3.org/2018/credentials/v1", "https://w3id.org/security/suites/jws-2020/v1" ],
    "id" : "urn:uuid:15c514bf-0f97-4564-8d46-311467f6a247",
    "issuer" : "did:key:z6MkrR8bJknNS11iU4aiTZiHUmCetn4U9svkvgUKpEEk4XcF",
    "issuanceDate" : "2024-09-12T09:39:37Z",
    "issued" : "2024-09-12T09:39:37Z",
    "validFrom" : "2024-09-12T09:39:37Z",
    "expirationDate" : "2022-08-31T00:00:00Z",
    "proof" : {
      "type" : "JsonWebSignature2020",
      "creator" : "did:key:z6MkrR8bJknNS11iU4aiTZiHUmCetn4U9svkvgUKpEEk4XcF",
      "created" : "2024-09-12T09:39:37Z",
      "proofPurpose" : "assertionMethod",
      "verificationMethod" : "did:key:z6MkrR8bJknNS11iU4aiTZiHUmCetn4U9svkvgUKpEEk4XcF#z6MkrR8bJknNS11iU4aiTZiHUmCetn4U9svkvgUKpEEk4XcF",
      "jws" : "eyJiNjQiOmZhbHNlLCJjcml0IjpbImI2NCJdLCJhbGciOiJFZERTQSJ9..g5aSA4lkOXjPeT3qGqcn_wZkHj5WI7zCEg3ccDXs-swf0gpM2pDhYaD0zdn_UBv4-LZmyuj40tg5STQKRF40DQ"
    },
    "credentialSchema" : {
      "id" : "https://raw.githubusercontent.com/walt-id/waltid-ssikit-vclib/master/src/test/resources/schemas/VerifiableDiploma.json",
      "type" : "JsonSchemaValidator2018"
    },
    "credentialSubject" : {
      "id" : "did:key:z6MkrR8bJknNS11iU4aiTZiHUmCetn4U9svkvgUKpEEk4XcF",
      "awardingOpportunity" : {
        "awardingBody" : {
          "eidasLegalIdentifier" : "Unknown",
          "homepage" : "https://leaston.bcdiploma.com/",
          "id" : "did:ebsi:2A9BZ9SUe6BatacSpvs1V5CdjHvLpQ7bEsi2Jb6LdHKnQxaN",
          "preferredName" : "Leaston University",
          "registration" : "0597065J"
        },
        "endedAtTime" : "2020-06-26T00:00:00Z",
        "id" : "https://leaston.bcdiploma.com/law-economics-management#AwardingOpportunity",
        "identifier" : "https://certificate-demo.bcdiploma.com/check/87ED2F2270E6C41456E94B86B9D9115B4E35BCCAD200A49B846592C14F79C86BV1Fnbllta0NZTnJkR3lDWlRmTDlSRUJEVFZISmNmYzJhUU5sZUJ5Z2FJSHpWbmZZ",
        "location" : "FRANCE",
        "startedAtTime" : "2019-09-02T00:00:00Z"
      },
      "dateOfBirth" : "1993-04-08",
      "familyName" : "DOE",
      "givenNames" : "Jane",
      "gradingScheme" : {
        "id" : "https://leaston.bcdiploma.com/law-economics-management#GradingScheme",
        "title" : "Lower Second-Class Honours"
      },
      "identifier" : "0904008084H",
      "learningAchievement" : {
        "additionalNote" : [ "DISTRIBUTION MANAGEMENT" ],
        "description" : "MARKETING AND SALES",
        "id" : "https://leaston.bcdiploma.com/law-economics-management#LearningAchievment",
        "title" : "MASTERS LAW, ECONOMICS AND MANAGEMENT"
      },
      "learningSpecification" : {
        "ectsCreditPoints" : 120,
        "eqfLevel" : 7,
        "id" : "https://leaston.bcdiploma.com/law-economics-management#LearningSpecification",
        "iscedfCode" : [ "7" ],
        "nqfLevel" : [ "7" ]
      }
    },
    "credentialStatus" : {
      "id" : "https://essif.europa.eu/status/education#higherEducation#392ac7f6-399a-437b-a268-4691ead8f176",
      "type" : "CredentialStatusList2020"
    },
    "evidence" : {
      "documentPresence" : [ "Physical" ],
      "evidenceDocument" : [ "Passport" ],
      "id" : "https://essif.europa.eu/tsr-va/evidence/f2aeec97-fc0d-42bf-8ca7-0548192d5678",
      "subjectPresence" : "Physical",
      "type" : [ "DocumentVerification" ],
      "verifier" : "did:ebsi:2962fb784df61baa267c8132497539f8c674b37c1244a7a"
    }
  } ],
  "proof" : {
    "type" : "JsonWebSignature2020",
    "creator" : "did:key:z6MkrR8bJknNS11iU4aiTZiHUmCetn4U9svkvgUKpEEk4XcF",
    "created" : "2024-09-12T09:39:37Z",
    "domain" : "https://api-pilot.ebsi.eu",
    "nonce" : "d04442d3-661f-411e-a80f-42f19f594c9d",
    "proofPurpose" : "authentication",
    "verificationMethod" : "did:key:z6MkrR8bJknNS11iU4aiTZiHUmCetn4U9svkvgUKpEEk4XcF#z6MkrR8bJknNS11iU4aiTZiHUmCetn4U9svkvgUKpEEk4XcF",
    "jws" : "eyJiNjQiOmZhbHNlLCJjcml0IjpbImI2NCJdLCJhbGciOiJFZERTQSJ9..JCc1FCHxfA0w6r3OJ6pF0IB-DHzky2hopGRdyP5TE5yrPkfa9A0bxKF2Kdp37FWxuF-O2kyuQfKjfbK5KcRlBw"
  }
}
2515 [pool-1-thread-1 @coroutine#89] DEBUG id.walt.model.DidUrl - Trying to create DidUrl from URL: "did:key:z6MkrR8bJknNS11iU4aiTZiHUmCetn4U9svkvgUKpEEk4XcF"...
2515 [pool-1-thread-1 @coroutine#89] DEBUG id.walt.model.DidUrl - Trying to create DidUrl from URL: "did:key:z6MkrR8bJknNS11iU4aiTZiHUmCetn4U9svkvgUKpEEk4XcF"...
2516 [pool-1-thread-1 @coroutine#89] DEBUG id.walt.signatory.WaltIdSignatory - Signing credential with proof using JWT...
2516 [pool-1-thread-1 @coroutine#89] DEBUG id.walt.signatory.WaltIdSignatory - Signing credential with proof using JWT, credential is: {"type":["VerifiableCredential","VerifiableAttestation","VerifiableDiploma"],"@context":["https://www.w3.org/2018/credentials/v1"],"id":"urn:uuid:4150f330-72fb-4f99-8bf2-bbeffe93f260","issuer":"did:key:z6MkrR8bJknNS11iU4aiTZiHUmCetn4U9svkvgUKpEEk4XcF","issuanceDate":"2024-09-12T09:39:37Z","issued":"2024-09-12T09:39:37Z","validFrom":"2024-09-12T09:39:37Z","expirationDate":"2022-08-31T00:00:00Z","credentialSchema":{"id":"https://raw.githubusercontent.com/walt-id/waltid-ssikit-vclib/master/src/test/resources/schemas/VerifiableDiploma.json","type":"JsonSchemaValidator2018"},"credentialSubject":{"id":"did:key:z6MkrR8bJknNS11iU4aiTZiHUmCetn4U9svkvgUKpEEk4XcF","awardingOpportunity":{"awardingBody":{"eidasLegalIdentifier":"Unknown","homepage":"https://leaston.bcdiploma.com/","id":"did:ebsi:2A9BZ9SUe6BatacSpvs1V5CdjHvLpQ7bEsi2Jb6LdHKnQxaN","preferredName":"Leaston University","registration":"0597065J"},"endedAtTime":"2020-06-26T00:00:00Z","id":"https://leaston.bcdiploma.com/law-economics-management#AwardingOpportunity","identifier":"https://certificate-demo.bcdiploma.com/check/87ED2F2270E6C41456E94B86B9D9115B4E35BCCAD200A49B846592C14F79C86BV1Fnbllta0NZTnJkR3lDWlRmTDlSRUJEVFZISmNmYzJhUU5sZUJ5Z2FJSHpWbmZZ","location":"FRANCE","startedAtTime":"2019-09-02T00:00:00Z"},"dateOfBirth":"1993-04-08","familyName":"DOE","givenNames":"Jane","gradingScheme":{"id":"https://leaston.bcdiploma.com/law-economics-management#GradingScheme","title":"Lower Second-Class Honours"},"identifier":"0904008084H","learningAchievement":{"additionalNote":["DISTRIBUTION MANAGEMENT"],"description":"MARKETING AND SALES","id":"https://leaston.bcdiploma.com/law-economics-management#LearningAchievment","title":"MASTERS LAW, ECONOMICS AND MANAGEMENT"},"learningSpecification":{"ectsCreditPoints":120,"eqfLevel":7,"id":"https://leaston.bcdiploma.com/law-economics-management#LearningSpecification","iscedfCode":["7"],"nqfLevel":["7"]}},"credentialStatus":{"id":"https://essif.europa.eu/status/education#higherEducation#392ac7f6-399a-437b-a268-4691ead8f176","type":"CredentialStatusList2020"},"evidence":{"documentPresence":["Physical"],"evidenceDocument":["Passport"],"id":"https://essif.europa.eu/tsr-va/evidence/f2aeec97-fc0d-42bf-8ca7-0548192d5678","subjectPresence":"Physical","type":["DocumentVerification"],"verifier":"did:ebsi:2962fb784df61baa267c8132497539f8c674b37c1244a7a"}}
2516 [pool-1-thread-1 @coroutine#89] DEBUG id.walt.services.vc.WaltIdJwtCredentialService - Signing JWT object with config: ProofConfig(issuerDid=did:key:z6MkrR8bJknNS11iU4aiTZiHUmCetn4U9svkvgUKpEEk4XcF, subjectDid=did:key:z6MkrR8bJknNS11iU4aiTZiHUmCetn4U9svkvgUKpEEk4XcF, verifierDid=null, issuerVerificationMethod=did:key:z6MkrR8bJknNS11iU4aiTZiHUmCetn4U9svkvgUKpEEk4XcF#z6MkrR8bJknNS11iU4aiTZiHUmCetn4U9svkvgUKpEEk4XcF, proofType=JWT, domain=null, nonce=null, proofPurpose=null, credentialId=urn:uuid:4150f330-72fb-4f99-8bf2-bbeffe93f260, issueDate=2024-09-12T09:39:37.735945267Z, validDate=2024-09-12T09:39:37.735946710Z, expirationDate=null, dataProviderIdentifier=null, ldSignatureType=null, creator=did:key:z6MkrR8bJknNS11iU4aiTZiHUmCetn4U9svkvgUKpEEk4XcF, ecosystem=DEFAULT, statusType=null, statusPurpose=revocation, credentialsEndpoint=null, selectiveDisclosure=null)
2516 [pool-1-thread-1 @coroutine#89] DEBUG id.walt.services.vc.WaltIdJwtCredentialService - Signing: {"sub":"did:key:z6MkrR8bJknNS11iU4aiTZiHUmCetn4U9svkvgUKpEEk4XcF","nbf":1726133977,"iss":"did:key:z6MkrR8bJknNS11iU4aiTZiHUmCetn4U9svkvgUKpEEk4XcF","iat":1726133977,"vc":{"type":["VerifiableCredential","VerifiableAttestation","VerifiableDiploma"],"@context":["https://www.w3.org/2018/credentials/v1"],"id":"urn:uuid:4150f330-72fb-4f99-8bf2-bbeffe93f260","issuer":"did:key:z6MkrR8bJknNS11iU4aiTZiHUmCetn4U9svkvgUKpEEk4XcF","issuanceDate":"2024-09-12T09:39:37Z","issued":"2024-09-12T09:39:37Z","validFrom":"2024-09-12T09:39:37Z","expirationDate":"2022-08-31T00:00:00Z","credentialSchema":{"id":"https://raw.githubusercontent.com/walt-id/waltid-ssikit-vclib/master/src/test/resources/schemas/VerifiableDiploma.json","type":"JsonSchemaValidator2018"},"credentialSubject":{"id":"did:key:z6MkrR8bJknNS11iU4aiTZiHUmCetn4U9svkvgUKpEEk4XcF","awardingOpportunity":{"awardingBody":{"eidasLegalIdentifier":"Unknown","homepage":"https://leaston.bcdiploma.com/","id":"did:ebsi:2A9BZ9SUe6BatacSpvs1V5CdjHvLpQ7bEsi2Jb6LdHKnQxaN","preferredName":"Leaston University","registration":"0597065J"},"endedAtTime":"2020-06-26T00:00:00Z","id":"https://leaston.bcdiploma.com/law-economics-management#AwardingOpportunity","identifier":"https://certificate-demo.bcdiploma.com/check/87ED2F2270E6C41456E94B86B9D9115B4E35BCCAD200A49B846592C14F79C86BV1Fnbllta0NZTnJkR3lDWlRmTDlSRUJEVFZISmNmYzJhUU5sZUJ5Z2FJSHpWbmZZ","location":"FRANCE","startedAtTime":"2019-09-02T00:00:00Z"},"dateOfBirth":"1993-04-08","familyName":"DOE","givenNames":"Jane","gradingScheme":{"id":"https://leaston.bcdiploma.com/law-economics-management#GradingScheme","title":"Lower Second-Class Honours"},"identifier":"0904008084H","learningAchievement":{"additionalNote":["DISTRIBUTION MANAGEMENT"],"description":"MARKETING AND SALES","id":"https://leaston.bcdiploma.com/law-economics-management#LearningAchievment","title":"MASTERS LAW, ECONOMICS AND MANAGEMENT"},"learningSpecification":{"ectsCreditPoints":120,"eqfLevel":7,"id":"https://leaston.bcdiploma.com/law-economics-management#LearningSpecification","iscedfCode":["7"],"nqfLevel":["7"]}},"credentialStatus":{"id":"https://essif.europa.eu/status/education#higherEducation#392ac7f6-399a-437b-a268-4691ead8f176","type":"CredentialStatusList2020"},"evidence":{"documentPresence":["Physical"],"evidenceDocument":["Passport"],"id":"https://essif.europa.eu/tsr-va/evidence/f2aeec97-fc0d-42bf-8ca7-0548192d5678","subjectPresence":"Physical","type":["DocumentVerification"],"verifier":"did:ebsi:2962fb784df61baa267c8132497539f8c674b37c1244a7a"}},"jti":"urn:uuid:4150f330-72fb-4f99-8bf2-bbeffe93f260"}
2516 [pool-1-thread-1 @coroutine#89] DEBUG id.walt.services.keystore.HKVKeyStoreService - Loading key "did:key:z6MkrR8bJknNS11iU4aiTZiHUmCetn4U9svkvgUKpEEk4XcF#z6MkrR8bJknNS11iU4aiTZiHUmCetn4U9svkvgUKpEEk4XcF".
2516 [pool-1-thread-1 @coroutine#89] DEBUG id.walt.services.jwt.WaltIdJwtService - Signing JWT with algorithm: EdDSA_Ed25519
2516 [pool-1-thread-1 @coroutine#89] DEBUG id.walt.model.DidUrl - Trying to create DidUrl from URL: "did:key:z6MkrR8bJknNS11iU4aiTZiHUmCetn4U9svkvgUKpEEk4XcF#z6MkrR8bJknNS11iU4aiTZiHUmCetn4U9svkvgUKpEEk4XcF"...
2517 [pool-1-thread-1 @coroutine#89] DEBUG id.walt.services.keystore.HKVKeyStoreService - Loading key "94acf0f8d8dd4b9c931ddb033b01302a".
2517 [pool-1-thread-1 @coroutine#89] DEBUG id.walt.services.jwt.WaltIdJwtService - Signed JWT:  eyJraWQiOiJkaWQ6a2V5Ono2TWtyUjhiSmtuTlMxMWlVNGFpVFppSFVtQ2V0bjRVOXN2a3ZnVUtwRUVrNFhjRiN6Nk1rclI4Ykprbk5TMTFpVTRhaVRaaUhVbUNldG40VTlzdmt2Z1VLcEVFazRYY0YiLCJ0eXAiOiJKV1QiLCJhbGciOiJFZERTQSJ9.eyJzdWIiOiJkaWQ6a2V5Ono2TWtyUjhiSmtuTlMxMWlVNGFpVFppSFVtQ2V0bjRVOXN2a3ZnVUtwRUVrNFhjRiIsIm5iZiI6MTcyNjEzMzk3NywiaXNzIjoiZGlkOmtleTp6Nk1rclI4Ykprbk5TMTFpVTRhaVRaaUhVbUNldG40VTlzdmt2Z1VLcEVFazRYY0YiLCJpYXQiOjE3MjYxMzM5NzcsInZjIjp7InR5cGUiOlsiVmVyaWZpYWJsZUNyZWRlbnRpYWwiLCJWZXJpZmlhYmxlQXR0ZXN0YXRpb24iLCJWZXJpZmlhYmxlRGlwbG9tYSJdLCJAY29udGV4dCI6WyJodHRwczovL3d3dy53My5vcmcvMjAxOC9jcmVkZW50aWFscy92MSJdLCJpZCI6InVybjp1dWlkOjQxNTBmMzMwLTcyZmItNGY5OS04YmYyLWJiZWZmZTkzZjI2MCIsImlzc3VlciI6ImRpZDprZXk6ejZNa3JSOGJKa25OUzExaVU0YWlUWmlIVW1DZXRuNFU5c3ZrdmdVS3BFRWs0WGNGIiwiaXNzdWFuY2VEYXRlIjoiMjAyNC0wOS0xMlQwOTozOTozN1oiLCJpc3N1ZWQiOiIyMDI0LTA5LTEyVDA5OjM5OjM3WiIsInZhbGlkRnJvbSI6IjIwMjQtMDktMTJUMDk6Mzk6MzdaIiwiZXhwaXJhdGlvbkRhdGUiOiIyMDIyLTA4LTMxVDAwOjAwOjAwWiIsImNyZWRlbnRpYWxTY2hlbWEiOnsiaWQiOiJodHRwczovL3Jhdy5naXRodWJ1c2VyY29udGVudC5jb20vd2FsdC1pZC93YWx0aWQtc3Npa2l0LXZjbGliL21hc3Rlci9zcmMvdGVzdC9yZXNvdXJjZXMvc2NoZW1hcy9WZXJpZmlhYmxlRGlwbG9tYS5qc29uIiwidHlwZSI6Ikpzb25TY2hlbWFWYWxpZGF0b3IyMDE4In0sImNyZWRlbnRpYWxTdWJqZWN0Ijp7ImlkIjoiZGlkOmtleTp6Nk1rclI4Ykprbk5TMTFpVTRhaVRaaUhVbUNldG40VTlzdmt2Z1VLcEVFazRYY0YiLCJhd2FyZGluZ09wcG9ydHVuaXR5Ijp7ImF3YXJkaW5nQm9keSI6eyJlaWRhc0xlZ2FsSWRlbnRpZmllciI6IlVua25vd24iLCJob21lcGFnZSI6Imh0dHBzOi8vbGVhc3Rvbi5iY2RpcGxvbWEuY29tLyIsImlkIjoiZGlkOmVic2k6MkE5Qlo5U1VlNkJhdGFjU3B2czFWNUNkakh2THBRN2JFc2kySmI2TGRIS25ReGFOIiwicHJlZmVycmVkTmFtZSI6IkxlYXN0b24gVW5pdmVyc2l0eSIsInJlZ2lzdHJhdGlvbiI6IjA1OTcwNjVKIn0sImVuZGVkQXRUaW1lIjoiMjAyMC0wNi0yNlQwMDowMDowMFoiLCJpZCI6Imh0dHBzOi8vbGVhc3Rvbi5iY2RpcGxvbWEuY29tL2xhdy1lY29ub21pY3MtbWFuYWdlbWVudCNBd2FyZGluZ09wcG9ydHVuaXR5IiwiaWRlbnRpZmllciI6Imh0dHBzOi8vY2VydGlmaWNhdGUtZGVtby5iY2RpcGxvbWEuY29tL2NoZWNrLzg3RUQyRjIyNzBFNkM0MTQ1NkU5NEI4NkI5RDkxMTVCNEUzNUJDQ0FEMjAwQTQ5Qjg0NjU5MkMxNEY3OUM4NkJWMUZuYmxsdGEwTlpUbkprUjNsRFdsUm1URGxTUlVKRVZGWklTbU5tWXpKaFVVNXNaVUo1WjJGSlNIcFdibVpaIiwibG9jYXRpb24iOiJGUkFOQ0UiLCJzdGFydGVkQXRUaW1lIjoiMjAxOS0wOS0wMlQwMDowMDowMFoifSwiZGF0ZU9mQmlydGgiOiIxOTkzLTA0LTA4IiwiZmFtaWx5TmFtZSI6IkRPRSIsImdpdmVuTmFtZXMiOiJKYW5lIiwiZ3JhZGluZ1NjaGVtZSI6eyJpZCI6Imh0dHBzOi8vbGVhc3Rvbi5iY2RpcGxvbWEuY29tL2xhdy1lY29ub21pY3MtbWFuYWdlbWVudCNHcmFkaW5nU2NoZW1lIiwidGl0bGUiOiJMb3dlciBTZWNvbmQtQ2xhc3MgSG9ub3VycyJ9LCJpZGVudGlmaWVyIjoiMDkwNDAwODA4NEgiLCJsZWFybmluZ0FjaGlldmVtZW50Ijp7ImFkZGl0aW9uYWxOb3RlIjpbIkRJU1RSSUJVVElPTiBNQU5BR0VNRU5UIl0sImRlc2NyaXB0aW9uIjoiTUFSS0VUSU5HIEFORCBTQUxFUyIsImlkIjoiaHR0cHM6Ly9sZWFzdG9uLmJjZGlwbG9tYS5jb20vbGF3LWVjb25vbWljcy1tYW5hZ2VtZW50I0xlYXJuaW5nQWNoaWV2bWVudCIsInRpdGxlIjoiTUFTVEVSUyBMQVcsIEVDT05PTUlDUyBBTkQgTUFOQUdFTUVOVCJ9LCJsZWFybmluZ1NwZWNpZmljYXRpb24iOnsiZWN0c0NyZWRpdFBvaW50cyI6MTIwLCJlcWZMZXZlbCI6NywiaWQiOiJodHRwczovL2xlYXN0b24uYmNkaXBsb21hLmNvbS9sYXctZWNvbm9taWNzLW1hbmFnZW1lbnQjTGVhcm5pbmdTcGVjaWZpY2F0aW9uIiwiaXNjZWRmQ29kZSI6WyI3Il0sIm5xZkxldmVsIjpbIjciXX19LCJjcmVkZW50aWFsU3RhdHVzIjp7ImlkIjoiaHR0cHM6Ly9lc3NpZi5ldXJvcGEuZXUvc3RhdHVzL2VkdWNhdGlvbiNoaWdoZXJFZHVjYXRpb24jMzkyYWM3ZjYtMzk5YS00MzdiLWEyNjgtNDY5MWVhZDhmMTc2IiwidHlwZSI6IkNyZWRlbnRpYWxTdGF0dXNMaXN0MjAyMCJ9LCJldmlkZW5jZSI6eyJkb2N1bWVudFByZXNlbmNlIjpbIlBoeXNpY2FsIl0sImV2aWRlbmNlRG9jdW1lbnQiOlsiUGFzc3BvcnQiXSwiaWQiOiJodHRwczovL2Vzc2lmLmV1cm9wYS5ldS90c3ItdmEvZXZpZGVuY2UvZjJhZWVjOTctZmMwZC00MmJmLThjYTctMDU0ODE5MmQ1Njc4Iiwic3ViamVjdFByZXNlbmNlIjoiUGh5c2ljYWwiLCJ0eXBlIjpbIkRvY3VtZW50VmVyaWZpY2F0aW9uIl0sInZlcmlmaWVyIjoiZGlkOmVic2k6Mjk2MmZiNzg0ZGY2MWJhYTI2N2M4MTMyNDk3NTM5ZjhjNjc0YjM3YzEyNDRhN2EifX0sImp0aSI6InVybjp1dWlkOjQxNTBmMzMwLTcyZmItNGY5OS04YmYyLWJiZWZmZTkzZjI2MCJ9.Ca9W44s0gj3UEk87Og2KSlQ3rtdsrtRh-lyb7OZu9Je3xKoqOLtkRT8WxnuOYQ67FTy9IuTLPmL2EmzwDSJ5Ag
2518 [pool-1-thread-1 @coroutine#89] DEBUG id.walt.signatory.WaltIdSignatory - Signed VC is: eyJraWQiOiJkaWQ6a2V5Ono2TWtyUjhiSmtuTlMxMWlVNGFpVFppSFVtQ2V0bjRVOXN2a3ZnVUtwRUVrNFhjRiN6Nk1rclI4Ykprbk5TMTFpVTRhaVRaaUhVbUNldG40VTlzdmt2Z1VLcEVFazRYY0YiLCJ0eXAiOiJKV1QiLCJhbGciOiJFZERTQSJ9.eyJzdWIiOiJkaWQ6a2V5Ono2TWtyUjhiSmtuTlMxMWlVNGFpVFppSFVtQ2V0bjRVOXN2a3ZnVUtwRUVrNFhjRiIsIm5iZiI6MTcyNjEzMzk3NywiaXNzIjoiZGlkOmtleTp6Nk1rclI4Ykprbk5TMTFpVTRhaVRaaUhVbUNldG40VTlzdmt2Z1VLcEVFazRYY0YiLCJpYXQiOjE3MjYxMzM5NzcsInZjIjp7InR5cGUiOlsiVmVyaWZpYWJsZUNyZWRlbnRpYWwiLCJWZXJpZmlhYmxlQXR0ZXN0YXRpb24iLCJWZXJpZmlhYmxlRGlwbG9tYSJdLCJAY29udGV4dCI6WyJodHRwczovL3d3dy53My5vcmcvMjAxOC9jcmVkZW50aWFscy92MSJdLCJpZCI6InVybjp1dWlkOjQxNTBmMzMwLTcyZmItNGY5OS04YmYyLWJiZWZmZTkzZjI2MCIsImlzc3VlciI6ImRpZDprZXk6ejZNa3JSOGJKa25OUzExaVU0YWlUWmlIVW1DZXRuNFU5c3ZrdmdVS3BFRWs0WGNGIiwiaXNzdWFuY2VEYXRlIjoiMjAyNC0wOS0xMlQwOTozOTozN1oiLCJpc3N1ZWQiOiIyMDI0LTA5LTEyVDA5OjM5OjM3WiIsInZhbGlkRnJvbSI6IjIwMjQtMDktMTJUMDk6Mzk6MzdaIiwiZXhwaXJhdGlvbkRhdGUiOiIyMDIyLTA4LTMxVDAwOjAwOjAwWiIsImNyZWRlbnRpYWxTY2hlbWEiOnsiaWQiOiJodHRwczovL3Jhdy5naXRodWJ1c2VyY29udGVudC5jb20vd2FsdC1pZC93YWx0aWQtc3Npa2l0LXZjbGliL21hc3Rlci9zcmMvdGVzdC9yZXNvdXJjZXMvc2NoZW1hcy9WZXJpZmlhYmxlRGlwbG9tYS5qc29uIiwidHlwZSI6Ikpzb25TY2hlbWFWYWxpZGF0b3IyMDE4In0sImNyZWRlbnRpYWxTdWJqZWN0Ijp7ImlkIjoiZGlkOmtleTp6Nk1rclI4Ykprbk5TMTFpVTRhaVRaaUhVbUNldG40VTlzdmt2Z1VLcEVFazRYY0YiLCJhd2FyZGluZ09wcG9ydHVuaXR5Ijp7ImF3YXJkaW5nQm9keSI6eyJlaWRhc0xlZ2FsSWRlbnRpZmllciI6IlVua25vd24iLCJob21lcGFnZSI6Imh0dHBzOi8vbGVhc3Rvbi5iY2RpcGxvbWEuY29tLyIsImlkIjoiZGlkOmVic2k6MkE5Qlo5U1VlNkJhdGFjU3B2czFWNUNkakh2THBRN2JFc2kySmI2TGRIS25ReGFOIiwicHJlZmVycmVkTmFtZSI6IkxlYXN0b24gVW5pdmVyc2l0eSIsInJlZ2lzdHJhdGlvbiI6IjA1OTcwNjVKIn0sImVuZGVkQXRUaW1lIjoiMjAyMC0wNi0yNlQwMDowMDowMFoiLCJpZCI6Imh0dHBzOi8vbGVhc3Rvbi5iY2RpcGxvbWEuY29tL2xhdy1lY29ub21pY3MtbWFuYWdlbWVudCNBd2FyZGluZ09wcG9ydHVuaXR5IiwiaWRlbnRpZmllciI6Imh0dHBzOi8vY2VydGlmaWNhdGUtZGVtby5iY2RpcGxvbWEuY29tL2NoZWNrLzg3RUQyRjIyNzBFNkM0MTQ1NkU5NEI4NkI5RDkxMTVCNEUzNUJDQ0FEMjAwQTQ5Qjg0NjU5MkMxNEY3OUM4NkJWMUZuYmxsdGEwTlpUbkprUjNsRFdsUm1URGxTUlVKRVZGWklTbU5tWXpKaFVVNXNaVUo1WjJGSlNIcFdibVpaIiwibG9jYXRpb24iOiJGUkFOQ0UiLCJzdGFydGVkQXRUaW1lIjoiMjAxOS0wOS0wMlQwMDowMDowMFoifSwiZGF0ZU9mQmlydGgiOiIxOTkzLTA0LTA4IiwiZmFtaWx5TmFtZSI6IkRPRSIsImdpdmVuTmFtZXMiOiJKYW5lIiwiZ3JhZGluZ1NjaGVtZSI6eyJpZCI6Imh0dHBzOi8vbGVhc3Rvbi5iY2RpcGxvbWEuY29tL2xhdy1lY29ub21pY3MtbWFuYWdlbWVudCNHcmFkaW5nU2NoZW1lIiwidGl0bGUiOiJMb3dlciBTZWNvbmQtQ2xhc3MgSG9ub3VycyJ9LCJpZGVudGlmaWVyIjoiMDkwNDAwODA4NEgiLCJsZWFybmluZ0FjaGlldmVtZW50Ijp7ImFkZGl0aW9uYWxOb3RlIjpbIkRJU1RSSUJVVElPTiBNQU5BR0VNRU5UIl0sImRlc2NyaXB0aW9uIjoiTUFSS0VUSU5HIEFORCBTQUxFUyIsImlkIjoiaHR0cHM6Ly9sZWFzdG9uLmJjZGlwbG9tYS5jb20vbGF3LWVjb25vbWljcy1tYW5hZ2VtZW50I0xlYXJuaW5nQWNoaWV2bWVudCIsInRpdGxlIjoiTUFTVEVSUyBMQVcsIEVDT05PTUlDUyBBTkQgTUFOQUdFTUVOVCJ9LCJsZWFybmluZ1NwZWNpZmljYXRpb24iOnsiZWN0c0NyZWRpdFBvaW50cyI6MTIwLCJlcWZMZXZlbCI6NywiaWQiOiJodHRwczovL2xlYXN0b24uYmNkaXBsb21hLmNvbS9sYXctZWNvbm9taWNzLW1hbmFnZW1lbnQjTGVhcm5pbmdTcGVjaWZpY2F0aW9uIiwiaXNjZWRmQ29kZSI6WyI3Il0sIm5xZkxldmVsIjpbIjciXX19LCJjcmVkZW50aWFsU3RhdHVzIjp7ImlkIjoiaHR0cHM6Ly9lc3NpZi5ldXJvcGEuZXUvc3RhdHVzL2VkdWNhdGlvbiNoaWdoZXJFZHVjYXRpb24jMzkyYWM3ZjYtMzk5YS00MzdiLWEyNjgtNDY5MWVhZDhmMTc2IiwidHlwZSI6IkNyZWRlbnRpYWxTdGF0dXNMaXN0MjAyMCJ9LCJldmlkZW5jZSI6eyJkb2N1bWVudFByZXNlbmNlIjpbIlBoeXNpY2FsIl0sImV2aWRlbmNlRG9jdW1lbnQiOlsiUGFzc3BvcnQiXSwiaWQiOiJodHRwczovL2Vzc2lmLmV1cm9wYS5ldS90c3ItdmEvZXZpZGVuY2UvZjJhZWVjOTctZmMwZC00MmJmLThjYTctMDU0ODE5MmQ1Njc4Iiwic3ViamVjdFByZXNlbmNlIjoiUGh5c2ljYWwiLCJ0eXBlIjpbIkRvY3VtZW50VmVyaWZpY2F0aW9uIl0sInZlcmlmaWVyIjoiZGlkOmVic2k6Mjk2MmZiNzg0ZGY2MWJhYTI2N2M4MTMyNDk3NTM5ZjhjNjc0YjM3YzEyNDRhN2EifX0sImp0aSI6InVybjp1dWlkOjQxNTBmMzMwLTcyZmItNGY5OS04YmYyLWJiZWZmZTkzZjI2MCJ9.Ca9W44s0gj3UEk87Og2KSlQ3rtdsrtRh-lyb7OZu9Je3xKoqOLtkRT8WxnuOYQ67FTy9IuTLPmL2EmzwDSJ5Ag
2518 [pool-1-thread-1 @coroutine#89] DEBUG id.walt.services.vc.WaltIdJwtCredentialService - Creating a presentation for VCs:
[PresentableCredential(verifiableCredential=eyJraWQiOiJkaWQ6a2V5Ono2TWtyUjhiSmtuTlMxMWlVNGFpVFppSFVtQ2V0bjRVOXN2a3ZnVUtwRUVrNFhjRiN6Nk1rclI4Ykprbk5TMTFpVTRhaVRaaUhVbUNldG40VTlzdmt2Z1VLcEVFazRYY0YiLCJ0eXAiOiJKV1QiLCJhbGciOiJFZERTQSJ9.eyJzdWIiOiJkaWQ6a2V5Ono2TWtyUjhiSmtuTlMxMWlVNGFpVFppSFVtQ2V0bjRVOXN2a3ZnVUtwRUVrNFhjRiIsIm5iZiI6MTcyNjEzMzk3NywiaXNzIjoiZGlkOmtleTp6Nk1rclI4Ykprbk5TMTFpVTRhaVRaaUhVbUNldG40VTlzdmt2Z1VLcEVFazRYY0YiLCJpYXQiOjE3MjYxMzM5NzcsInZjIjp7InR5cGUiOlsiVmVyaWZpYWJsZUNyZWRlbnRpYWwiLCJWZXJpZmlhYmxlQXR0ZXN0YXRpb24iLCJWZXJpZmlhYmxlRGlwbG9tYSJdLCJAY29udGV4dCI6WyJodHRwczovL3d3dy53My5vcmcvMjAxOC9jcmVkZW50aWFscy92MSJdLCJpZCI6InVybjp1dWlkOjQxNTBmMzMwLTcyZmItNGY5OS04YmYyLWJiZWZmZTkzZjI2MCIsImlzc3VlciI6ImRpZDprZXk6ejZNa3JSOGJKa25OUzExaVU0YWlUWmlIVW1DZXRuNFU5c3ZrdmdVS3BFRWs0WGNGIiwiaXNzdWFuY2VEYXRlIjoiMjAyNC0wOS0xMlQwOTozOTozN1oiLCJpc3N1ZWQiOiIyMDI0LTA5LTEyVDA5OjM5OjM3WiIsInZhbGlkRnJvbSI6IjIwMjQtMDktMTJUMDk6Mzk6MzdaIiwiZXhwaXJhdGlvbkRhdGUiOiIyMDIyLTA4LTMxVDAwOjAwOjAwWiIsImNyZWRlbnRpYWxTY2hlbWEiOnsiaWQiOiJodHRwczovL3Jhdy5naXRodWJ1c2VyY29udGVudC5jb20vd2FsdC1pZC93YWx0aWQtc3Npa2l0LXZjbGliL21hc3Rlci9zcmMvdGVzdC9yZXNvdXJjZXMvc2NoZW1hcy9WZXJpZmlhYmxlRGlwbG9tYS5qc29uIiwidHlwZSI6Ikpzb25TY2hlbWFWYWxpZGF0b3IyMDE4In0sImNyZWRlbnRpYWxTdWJqZWN0Ijp7ImlkIjoiZGlkOmtleTp6Nk1rclI4Ykprbk5TMTFpVTRhaVRaaUhVbUNldG40VTlzdmt2Z1VLcEVFazRYY0YiLCJhd2FyZGluZ09wcG9ydHVuaXR5Ijp7ImF3YXJkaW5nQm9keSI6eyJlaWRhc0xlZ2FsSWRlbnRpZmllciI6IlVua25vd24iLCJob21lcGFnZSI6Imh0dHBzOi8vbGVhc3Rvbi5iY2RpcGxvbWEuY29tLyIsImlkIjoiZGlkOmVic2k6MkE5Qlo5U1VlNkJhdGFjU3B2czFWNUNkakh2THBRN2JFc2kySmI2TGRIS25ReGFOIiwicHJlZmVycmVkTmFtZSI6IkxlYXN0b24gVW5pdmVyc2l0eSIsInJlZ2lzdHJhdGlvbiI6IjA1OTcwNjVKIn0sImVuZGVkQXRUaW1lIjoiMjAyMC0wNi0yNlQwMDowMDowMFoiLCJpZCI6Imh0dHBzOi8vbGVhc3Rvbi5iY2RpcGxvbWEuY29tL2xhdy1lY29ub21pY3MtbWFuYWdlbWVudCNBd2FyZGluZ09wcG9ydHVuaXR5IiwiaWRlbnRpZmllciI6Imh0dHBzOi8vY2VydGlmaWNhdGUtZGVtby5iY2RpcGxvbWEuY29tL2NoZWNrLzg3RUQyRjIyNzBFNkM0MTQ1NkU5NEI4NkI5RDkxMTVCNEUzNUJDQ0FEMjAwQTQ5Qjg0NjU5MkMxNEY3OUM4NkJWMUZuYmxsdGEwTlpUbkprUjNsRFdsUm1URGxTUlVKRVZGWklTbU5tWXpKaFVVNXNaVUo1WjJGSlNIcFdibVpaIiwibG9jYXRpb24iOiJGUkFOQ0UiLCJzdGFydGVkQXRUaW1lIjoiMjAxOS0wOS0wMlQwMDowMDowMFoifSwiZGF0ZU9mQmlydGgiOiIxOTkzLTA0LTA4IiwiZmFtaWx5TmFtZSI6IkRPRSIsImdpdmVuTmFtZXMiOiJKYW5lIiwiZ3JhZGluZ1NjaGVtZSI6eyJpZCI6Imh0dHBzOi8vbGVhc3Rvbi5iY2RpcGxvbWEuY29tL2xhdy1lY29ub21pY3MtbWFuYWdlbWVudCNHcmFkaW5nU2NoZW1lIiwidGl0bGUiOiJMb3dlciBTZWNvbmQtQ2xhc3MgSG9ub3VycyJ9LCJpZGVudGlmaWVyIjoiMDkwNDAwODA4NEgiLCJsZWFybmluZ0FjaGlldmVtZW50Ijp7ImFkZGl0aW9uYWxOb3RlIjpbIkRJU1RSSUJVVElPTiBNQU5BR0VNRU5UIl0sImRlc2NyaXB0aW9uIjoiTUFSS0VUSU5HIEFORCBTQUxFUyIsImlkIjoiaHR0cHM6Ly9sZWFzdG9uLmJjZGlwbG9tYS5jb20vbGF3LWVjb25vbWljcy1tYW5hZ2VtZW50I0xlYXJuaW5nQWNoaWV2bWVudCIsInRpdGxlIjoiTUFTVEVSUyBMQVcsIEVDT05PTUlDUyBBTkQgTUFOQUdFTUVOVCJ9LCJsZWFybmluZ1NwZWNpZmljYXRpb24iOnsiZWN0c0NyZWRpdFBvaW50cyI6MTIwLCJlcWZMZXZlbCI6NywiaWQiOiJodHRwczovL2xlYXN0b24uYmNkaXBsb21hLmNvbS9sYXctZWNvbm9taWNzLW1hbmFnZW1lbnQjTGVhcm5pbmdTcGVjaWZpY2F0aW9uIiwiaXNjZWRmQ29kZSI6WyI3Il0sIm5xZkxldmVsIjpbIjciXX19LCJjcmVkZW50aWFsU3RhdHVzIjp7ImlkIjoiaHR0cHM6Ly9lc3NpZi5ldXJvcGEuZXUvc3RhdHVzL2VkdWNhdGlvbiNoaWdoZXJFZHVjYXRpb24jMzkyYWM3ZjYtMzk5YS00MzdiLWEyNjgtNDY5MWVhZDhmMTc2IiwidHlwZSI6IkNyZWRlbnRpYWxTdGF0dXNMaXN0MjAyMCJ9LCJldmlkZW5jZSI6eyJkb2N1bWVudFByZXNlbmNlIjpbIlBoeXNpY2FsIl0sImV2aWRlbmNlRG9jdW1lbnQiOlsiUGFzc3BvcnQiXSwiaWQiOiJodHRwczovL2Vzc2lmLmV1cm9wYS5ldS90c3ItdmEvZXZpZGVuY2UvZjJhZWVjOTctZmMwZC00MmJmLThjYTctMDU0ODE5MmQ1Njc4Iiwic3ViamVjdFByZXNlbmNlIjoiUGh5c2ljYWwiLCJ0eXBlIjpbIkRvY3VtZW50VmVyaWZpY2F0aW9uIl0sInZlcmlmaWVyIjoiZGlkOmVic2k6Mjk2MmZiNzg0ZGY2MWJhYTI2N2M4MTMyNDk3NTM5ZjhjNjc0YjM3YzEyNDRhN2EifX0sImp0aSI6InVybjp1dWlkOjQxNTBmMzMwLTcyZmItNGY5OS04YmYyLWJiZWZmZTkzZjI2MCJ9.Ca9W44s0gj3UEk87Og2KSlQ3rtdsrtRh-lyb7OZu9Je3xKoqOLtkRT8WxnuOYQ67FTy9IuTLPmL2EmzwDSJ5Ag, selectiveDisclosure=null, discloseAll=false)]
2518 [pool-1-thread-1 @coroutine#89] DEBUG id.walt.model.DidUrl - Trying to create DidUrl from URL: "did:key:z6MkrR8bJknNS11iU4aiTZiHUmCetn4U9svkvgUKpEEk4XcF"...
2519 [pool-1-thread-1 @coroutine#89] DEBUG id.walt.services.vc.WaltIdJwtCredentialService - Signing JWT object with config: ProofConfig(issuerDid=did:key:z6MkrR8bJknNS11iU4aiTZiHUmCetn4U9svkvgUKpEEk4XcF, subjectDid=did:key:z6MkrR8bJknNS11iU4aiTZiHUmCetn4U9svkvgUKpEEk4XcF, verifierDid=did:key:z6MkrR8bJknNS11iU4aiTZiHUmCetn4U9svkvgUKpEEk4XcF, issuerVerificationMethod=did:key:z6MkrR8bJknNS11iU4aiTZiHUmCetn4U9svkvgUKpEEk4XcF#z6MkrR8bJknNS11iU4aiTZiHUmCetn4U9svkvgUKpEEk4XcF, proofType=JWT, domain=null, nonce=abcd, proofPurpose=null, credentialId=urn:uuid:ef17d047-914a-4c45-b04b-d09cb5b06d5b, issueDate=null, validDate=null, expirationDate=null, dataProviderIdentifier=null, ldSignatureType=null, creator=did:key:z6MkrR8bJknNS11iU4aiTZiHUmCetn4U9svkvgUKpEEk4XcF, ecosystem=DEFAULT, statusType=null, statusPurpose=revocation, credentialsEndpoint=null, selectiveDisclosure=null)
2519 [pool-1-thread-1 @coroutine#89] DEBUG id.walt.services.vc.WaltIdJwtCredentialService - Signing: {"sub":"did:key:z6MkrR8bJknNS11iU4aiTZiHUmCetn4U9svkvgUKpEEk4XcF","aud":"did:key:z6MkrR8bJknNS11iU4aiTZiHUmCetn4U9svkvgUKpEEk4XcF","nbf":1726133977,"iss":"did:key:z6MkrR8bJknNS11iU4aiTZiHUmCetn4U9svkvgUKpEEk4XcF","vp":{"type":["VerifiablePresentation"],"@context":["https://www.w3.org/2018/credentials/v1"],"id":"urn:uuid:ef17d047-914a-4c45-b04b-d09cb5b06d5b","holder":"did:key:z6MkrR8bJknNS11iU4aiTZiHUmCetn4U9svkvgUKpEEk4XcF","verifiableCredential":["eyJraWQiOiJkaWQ6a2V5Ono2TWtyUjhiSmtuTlMxMWlVNGFpVFppSFVtQ2V0bjRVOXN2a3ZnVUtwRUVrNFhjRiN6Nk1rclI4Ykprbk5TMTFpVTRhaVRaaUhVbUNldG40VTlzdmt2Z1VLcEVFazRYY0YiLCJ0eXAiOiJKV1QiLCJhbGciOiJFZERTQSJ9.eyJzdWIiOiJkaWQ6a2V5Ono2TWtyUjhiSmtuTlMxMWlVNGFpVFppSFVtQ2V0bjRVOXN2a3ZnVUtwRUVrNFhjRiIsIm5iZiI6MTcyNjEzMzk3NywiaXNzIjoiZGlkOmtleTp6Nk1rclI4Ykprbk5TMTFpVTRhaVRaaUhVbUNldG40VTlzdmt2Z1VLcEVFazRYY0YiLCJpYXQiOjE3MjYxMzM5NzcsInZjIjp7InR5cGUiOlsiVmVyaWZpYWJsZUNyZWRlbnRpYWwiLCJWZXJpZmlhYmxlQXR0ZXN0YXRpb24iLCJWZXJpZmlhYmxlRGlwbG9tYSJdLCJAY29udGV4dCI6WyJodHRwczovL3d3dy53My5vcmcvMjAxOC9jcmVkZW50aWFscy92MSJdLCJpZCI6InVybjp1dWlkOjQxNTBmMzMwLTcyZmItNGY5OS04YmYyLWJiZWZmZTkzZjI2MCIsImlzc3VlciI6ImRpZDprZXk6ejZNa3JSOGJKa25OUzExaVU0YWlUWmlIVW1DZXRuNFU5c3ZrdmdVS3BFRWs0WGNGIiwiaXNzdWFuY2VEYXRlIjoiMjAyNC0wOS0xMlQwOTozOTozN1oiLCJpc3N1ZWQiOiIyMDI0LTA5LTEyVDA5OjM5OjM3WiIsInZhbGlkRnJvbSI6IjIwMjQtMDktMTJUMDk6Mzk6MzdaIiwiZXhwaXJhdGlvbkRhdGUiOiIyMDIyLTA4LTMxVDAwOjAwOjAwWiIsImNyZWRlbnRpYWxTY2hlbWEiOnsiaWQiOiJodHRwczovL3Jhdy5naXRodWJ1c2VyY29udGVudC5jb20vd2FsdC1pZC93YWx0aWQtc3Npa2l0LXZjbGliL21hc3Rlci9zcmMvdGVzdC9yZXNvdXJjZXMvc2NoZW1hcy9WZXJpZmlhYmxlRGlwbG9tYS5qc29uIiwidHlwZSI6Ikpzb25TY2hlbWFWYWxpZGF0b3IyMDE4In0sImNyZWRlbnRpYWxTdWJqZWN0Ijp7ImlkIjoiZGlkOmtleTp6Nk1rclI4Ykprbk5TMTFpVTRhaVRaaUhVbUNldG40VTlzdmt2Z1VLcEVFazRYY0YiLCJhd2FyZGluZ09wcG9ydHVuaXR5Ijp7ImF3YXJkaW5nQm9keSI6eyJlaWRhc0xlZ2FsSWRlbnRpZmllciI6IlVua25vd24iLCJob21lcGFnZSI6Imh0dHBzOi8vbGVhc3Rvbi5iY2RpcGxvbWEuY29tLyIsImlkIjoiZGlkOmVic2k6MkE5Qlo5U1VlNkJhdGFjU3B2czFWNUNkakh2THBRN2JFc2kySmI2TGRIS25ReGFOIiwicHJlZmVycmVkTmFtZSI6IkxlYXN0b24gVW5pdmVyc2l0eSIsInJlZ2lzdHJhdGlvbiI6IjA1OTcwNjVKIn0sImVuZGVkQXRUaW1lIjoiMjAyMC0wNi0yNlQwMDowMDowMFoiLCJpZCI6Imh0dHBzOi8vbGVhc3Rvbi5iY2RpcGxvbWEuY29tL2xhdy1lY29ub21pY3MtbWFuYWdlbWVudCNBd2FyZGluZ09wcG9ydHVuaXR5IiwiaWRlbnRpZmllciI6Imh0dHBzOi8vY2VydGlmaWNhdGUtZGVtby5iY2RpcGxvbWEuY29tL2NoZWNrLzg3RUQyRjIyNzBFNkM0MTQ1NkU5NEI4NkI5RDkxMTVCNEUzNUJDQ0FEMjAwQTQ5Qjg0NjU5MkMxNEY3OUM4NkJWMUZuYmxsdGEwTlpUbkprUjNsRFdsUm1URGxTUlVKRVZGWklTbU5tWXpKaFVVNXNaVUo1WjJGSlNIcFdibVpaIiwibG9jYXRpb24iOiJGUkFOQ0UiLCJzdGFydGVkQXRUaW1lIjoiMjAxOS0wOS0wMlQwMDowMDowMFoifSwiZGF0ZU9mQmlydGgiOiIxOTkzLTA0LTA4IiwiZmFtaWx5TmFtZSI6IkRPRSIsImdpdmVuTmFtZXMiOiJKYW5lIiwiZ3JhZGluZ1NjaGVtZSI6eyJpZCI6Imh0dHBzOi8vbGVhc3Rvbi5iY2RpcGxvbWEuY29tL2xhdy1lY29ub21pY3MtbWFuYWdlbWVudCNHcmFkaW5nU2NoZW1lIiwidGl0bGUiOiJMb3dlciBTZWNvbmQtQ2xhc3MgSG9ub3VycyJ9LCJpZGVudGlmaWVyIjoiMDkwNDAwODA4NEgiLCJsZWFybmluZ0FjaGlldmVtZW50Ijp7ImFkZGl0aW9uYWxOb3RlIjpbIkRJU1RSSUJVVElPTiBNQU5BR0VNRU5UIl0sImRlc2NyaXB0aW9uIjoiTUFSS0VUSU5HIEFORCBTQUxFUyIsImlkIjoiaHR0cHM6Ly9sZWFzdG9uLmJjZGlwbG9tYS5jb20vbGF3LWVjb25vbWljcy1tYW5hZ2VtZW50I0xlYXJuaW5nQWNoaWV2bWVudCIsInRpdGxlIjoiTUFTVEVSUyBMQVcsIEVDT05PTUlDUyBBTkQgTUFOQUdFTUVOVCJ9LCJsZWFybmluZ1NwZWNpZmljYXRpb24iOnsiZWN0c0NyZWRpdFBvaW50cyI6MTIwLCJlcWZMZXZlbCI6NywiaWQiOiJodHRwczovL2xlYXN0b24uYmNkaXBsb21hLmNvbS9sYXctZWNvbm9taWNzLW1hbmFnZW1lbnQjTGVhcm5pbmdTcGVjaWZpY2F0aW9uIiwiaXNjZWRmQ29kZSI6WyI3Il0sIm5xZkxldmVsIjpbIjciXX19LCJjcmVkZW50aWFsU3RhdHVzIjp7ImlkIjoiaHR0cHM6Ly9lc3NpZi5ldXJvcGEuZXUvc3RhdHVzL2VkdWNhdGlvbiNoaWdoZXJFZHVjYXRpb24jMzkyYWM3ZjYtMzk5YS00MzdiLWEyNjgtNDY5MWVhZDhmMTc2IiwidHlwZSI6IkNyZWRlbnRpYWxTdGF0dXNMaXN0MjAyMCJ9LCJldmlkZW5jZSI6eyJkb2N1bWVudFByZXNlbmNlIjpbIlBoeXNpY2FsIl0sImV2aWRlbmNlRG9jdW1lbnQiOlsiUGFzc3BvcnQiXSwiaWQiOiJodHRwczovL2Vzc2lmLmV1cm9wYS5ldS90c3ItdmEvZXZpZGVuY2UvZjJhZWVjOTctZmMwZC00MmJmLThjYTctMDU0ODE5MmQ1Njc4Iiwic3ViamVjdFByZXNlbmNlIjoiUGh5c2ljYWwiLCJ0eXBlIjpbIkRvY3VtZW50VmVyaWZpY2F0aW9uIl0sInZlcmlmaWVyIjoiZGlkOmVic2k6Mjk2MmZiNzg0ZGY2MWJhYTI2N2M4MTMyNDk3NTM5ZjhjNjc0YjM3YzEyNDRhN2EifX0sImp0aSI6InVybjp1dWlkOjQxNTBmMzMwLTcyZmItNGY5OS04YmYyLWJiZWZmZTkzZjI2MCJ9.Ca9W44s0gj3UEk87Og2KSlQ3rtdsrtRh-lyb7OZu9Je3xKoqOLtkRT8WxnuOYQ67FTy9IuTLPmL2EmzwDSJ5Ag"]},"iat":1726133977,"nonce":"abcd","jti":"urn:uuid:ef17d047-914a-4c45-b04b-d09cb5b06d5b"}
2519 [pool-1-thread-1 @coroutine#89] DEBUG id.walt.services.keystore.HKVKeyStoreService - Loading key "did:key:z6MkrR8bJknNS11iU4aiTZiHUmCetn4U9svkvgUKpEEk4XcF#z6MkrR8bJknNS11iU4aiTZiHUmCetn4U9svkvgUKpEEk4XcF".
2519 [pool-1-thread-1 @coroutine#89] DEBUG id.walt.services.jwt.WaltIdJwtService - Signing JWT with algorithm: EdDSA_Ed25519
2519 [pool-1-thread-1 @coroutine#89] DEBUG id.walt.model.DidUrl - Trying to create DidUrl from URL: "did:key:z6MkrR8bJknNS11iU4aiTZiHUmCetn4U9svkvgUKpEEk4XcF#z6MkrR8bJknNS11iU4aiTZiHUmCetn4U9svkvgUKpEEk4XcF"...
2519 [pool-1-thread-1 @coroutine#89] DEBUG id.walt.services.keystore.HKVKeyStoreService - Loading key "94acf0f8d8dd4b9c931ddb033b01302a".
2520 [pool-1-thread-1 @coroutine#89] DEBUG id.walt.services.jwt.WaltIdJwtService - Signed JWT:  eyJraWQiOiJkaWQ6a2V5Ono2TWtyUjhiSmtuTlMxMWlVNGFpVFppSFVtQ2V0bjRVOXN2a3ZnVUtwRUVrNFhjRiN6Nk1rclI4Ykprbk5TMTFpVTRhaVRaaUhVbUNldG40VTlzdmt2Z1VLcEVFazRYY0YiLCJ0eXAiOiJKV1QiLCJhbGciOiJFZERTQSJ9.eyJzdWIiOiJkaWQ6a2V5Ono2TWtyUjhiSmtuTlMxMWlVNGFpVFppSFVtQ2V0bjRVOXN2a3ZnVUtwRUVrNFhjRiIsImF1ZCI6ImRpZDprZXk6ejZNa3JSOGJKa25OUzExaVU0YWlUWmlIVW1DZXRuNFU5c3ZrdmdVS3BFRWs0WGNGIiwibmJmIjoxNzI2MTMzOTc3LCJpc3MiOiJkaWQ6a2V5Ono2TWtyUjhiSmtuTlMxMWlVNGFpVFppSFVtQ2V0bjRVOXN2a3ZnVUtwRUVrNFhjRiIsInZwIjp7InR5cGUiOlsiVmVyaWZpYWJsZVByZXNlbnRhdGlvbiJdLCJAY29udGV4dCI6WyJodHRwczovL3d3dy53My5vcmcvMjAxOC9jcmVkZW50aWFscy92MSJdLCJpZCI6InVybjp1dWlkOmVmMTdkMDQ3LTkxNGEtNGM0NS1iMDRiLWQwOWNiNWIwNmQ1YiIsImhvbGRlciI6ImRpZDprZXk6ejZNa3JSOGJKa25OUzExaVU0YWlUWmlIVW1DZXRuNFU5c3ZrdmdVS3BFRWs0WGNGIiwidmVyaWZpYWJsZUNyZWRlbnRpYWwiOlsiZXlKcmFXUWlPaUprYVdRNmEyVjVPbm8yVFd0eVVqaGlTbXR1VGxNeE1XbFZOR0ZwVkZwcFNGVnRRMlYwYmpSVk9YTjJhM1puVlV0d1JVVnJORmhqUmlONk5rMXJjbEk0WWtwcmJrNVRNVEZwVlRSaGFWUmFhVWhWYlVObGRHNDBWVGx6ZG10MloxVkxjRVZGYXpSWVkwWWlMQ0owZVhBaU9pSktWMVFpTENKaGJHY2lPaUpGWkVSVFFTSjkuZXlKemRXSWlPaUprYVdRNmEyVjVPbm8yVFd0eVVqaGlTbXR1VGxNeE1XbFZOR0ZwVkZwcFNGVnRRMlYwYmpSVk9YTjJhM1puVlV0d1JVVnJORmhqUmlJc0ltNWlaaUk2TVRjeU5qRXpNemszTnl3aWFYTnpJam9pWkdsa09tdGxlVHA2TmsxcmNsSTRZa3ByYms1VE1URnBWVFJoYVZSYWFVaFZiVU5sZEc0MFZUbHpkbXQyWjFWTGNFVkZhelJZWTBZaUxDSnBZWFFpT2pFM01qWXhNek01Tnpjc0luWmpJanA3SW5SNWNHVWlPbHNpVm1WeWFXWnBZV0pzWlVOeVpXUmxiblJwWVd3aUxDSldaWEpwWm1saFlteGxRWFIwWlhOMFlYUnBiMjRpTENKV1pYSnBabWxoWW14bFJHbHdiRzl0WVNKZExDSkFZMjl1ZEdWNGRDSTZXeUpvZEhSd2N6b3ZMM2QzZHk1M015NXZjbWN2TWpBeE9DOWpjbVZrWlc1MGFXRnNjeTkyTVNKZExDSnBaQ0k2SW5WeWJqcDFkV2xrT2pReE5UQm1Nek13TFRjeVptSXROR1k1T1MwNFltWXlMV0ppWldabVpUa3paakkyTUNJc0ltbHpjM1ZsY2lJNkltUnBaRHByWlhrNmVqWk5hM0pTT0dKS2EyNU9VekV4YVZVMFlXbFVXbWxJVlcxRFpYUnVORlU1YzNacmRtZFZTM0JGUldzMFdHTkdJaXdpYVhOemRXRnVZMlZFWVhSbElqb2lNakF5TkMwd09TMHhNbFF3T1Rvek9Ub3pOMW9pTENKcGMzTjFaV1FpT2lJeU1ESTBMVEE1TFRFeVZEQTVPak01T2pNM1dpSXNJblpoYkdsa1JuSnZiU0k2SWpJd01qUXRNRGt0TVRKVU1EazZNems2TXpkYUlpd2laWGh3YVhKaGRHbHZia1JoZEdVaU9pSXlNREl5TFRBNExUTXhWREF3T2pBd09qQXdXaUlzSW1OeVpXUmxiblJwWVd4VFkyaGxiV0VpT25zaWFXUWlPaUpvZEhSd2N6b3ZMM0poZHk1bmFYUm9kV0oxYzJWeVkyOXVkR1Z1ZEM1amIyMHZkMkZzZEMxcFpDOTNZV3gwYVdRdGMzTnBhMmwwTFhaamJHbGlMMjFoYzNSbGNpOXpjbU12ZEdWemRDOXlaWE52ZFhKalpYTXZjMk5vWlcxaGN5OVdaWEpwWm1saFlteGxSR2x3Ykc5dFlTNXFjMjl1SWl3aWRIbHdaU0k2SWtwemIyNVRZMmhsYldGV1lXeHBaR0YwYjNJeU1ERTRJbjBzSW1OeVpXUmxiblJwWVd4VGRXSnFaV04wSWpwN0ltbGtJam9pWkdsa09tdGxlVHA2TmsxcmNsSTRZa3ByYms1VE1URnBWVFJoYVZSYWFVaFZiVU5sZEc0MFZUbHpkbXQyWjFWTGNFVkZhelJZWTBZaUxDSmhkMkZ5WkdsdVowOXdjRzl5ZEhWdWFYUjVJanA3SW1GM1lYSmthVzVuUW05a2VTSTZleUpsYVdSaGMweGxaMkZzU1dSbGJuUnBabWxsY2lJNklsVnVhMjV2ZDI0aUxDSm9iMjFsY0dGblpTSTZJbWgwZEhCek9pOHZiR1ZoYzNSdmJpNWlZMlJwY0d4dmJXRXVZMjl0THlJc0ltbGtJam9pWkdsa09tVmljMms2TWtFNVFsbzVVMVZsTmtKaGRHRmpVM0IyY3pGV05VTmtha2gyVEhCUk4ySkZjMmt5U21JMlRHUklTMjVSZUdGT0lpd2ljSEpsWm1WeWNtVmtUbUZ0WlNJNklreGxZWE4wYjI0Z1ZXNXBkbVZ5YzJsMGVTSXNJbkpsWjJsemRISmhkR2x2YmlJNklqQTFPVGN3TmpWS0luMHNJbVZ1WkdWa1FYUlVhVzFsSWpvaU1qQXlNQzB3TmkweU5sUXdNRG93TURvd01Gb2lMQ0pwWkNJNkltaDBkSEJ6T2k4dmJHVmhjM1J2Ymk1aVkyUnBjR3h2YldFdVkyOXRMMnhoZHkxbFkyOXViMjFwWTNNdGJXRnVZV2RsYldWdWRDTkJkMkZ5WkdsdVowOXdjRzl5ZEhWdWFYUjVJaXdpYVdSbGJuUnBabWxsY2lJNkltaDBkSEJ6T2k4dlkyVnlkR2xtYVdOaGRHVXRaR1Z0Ynk1aVkyUnBjR3h2YldFdVkyOXRMMk5vWldOckx6ZzNSVVF5UmpJeU56QkZOa00wTVRRMU5rVTVORUk0TmtJNVJEa3hNVFZDTkVVek5VSkRRMEZFTWpBd1FUUTVRamcwTmpVNU1rTXhORVkzT1VNNE5rSldNVVp1WW14c2RHRXdUbHBVYmtwclVqTnNSRmRzVW0xVVJHeFRVbFZLUlZaR1drbFRiVTV0V1hwS2FGVlZOWE5hVlVvMVdqSkdTbE5JY0ZkaWJWcGFJaXdpYkc5allYUnBiMjRpT2lKR1VrRk9RMFVpTENKemRHRnlkR1ZrUVhSVWFXMWxJam9pTWpBeE9TMHdPUzB3TWxRd01Eb3dNRG93TUZvaWZTd2laR0YwWlU5bVFtbHlkR2dpT2lJeE9Ua3pMVEEwTFRBNElpd2labUZ0YVd4NVRtRnRaU0k2SWtSUFJTSXNJbWRwZG1WdVRtRnRaWE1pT2lKS1lXNWxJaXdpWjNKaFpHbHVaMU5qYUdWdFpTSTZleUpwWkNJNkltaDBkSEJ6T2k4dmJHVmhjM1J2Ymk1aVkyUnBjR3h2YldFdVkyOXRMMnhoZHkxbFkyOXViMjFwWTNNdGJXRnVZV2RsYldWdWRDTkhjbUZrYVc1blUyTm9aVzFsSWl3aWRHbDBiR1VpT2lKTWIzZGxjaUJUWldOdmJtUXRRMnhoYzNNZ1NHOXViM1Z5Y3lKOUxDSnBaR1Z1ZEdsbWFXVnlJam9pTURrd05EQXdPREE0TkVnaUxDSnNaV0Z5Ym1sdVowRmphR2xsZG1WdFpXNTBJanA3SW1Ga1pHbDBhVzl1WVd4T2IzUmxJanBiSWtSSlUxUlNTVUpWVkVsUFRpQk5RVTVCUjBWTlJVNVVJbDBzSW1SbGMyTnlhWEIwYVc5dUlqb2lUVUZTUzBWVVNVNUhJRUZPUkNCVFFVeEZVeUlzSW1sa0lqb2lhSFIwY0hNNkx5OXNaV0Z6ZEc5dUxtSmpaR2x3Ykc5dFlTNWpiMjB2YkdGM0xXVmpiMjV2YldsamN5MXRZVzVoWjJWdFpXNTBJMHhsWVhKdWFXNW5RV05vYVdWMmJXVnVkQ0lzSW5ScGRHeGxJam9pVFVGVFZFVlNVeUJNUVZjc0lFVkRUMDVQVFVsRFV5QkJUa1FnVFVGT1FVZEZUVVZPVkNKOUxDSnNaV0Z5Ym1sdVoxTndaV05wWm1sallYUnBiMjRpT25zaVpXTjBjME55WldScGRGQnZhVzUwY3lJNk1USXdMQ0psY1daTVpYWmxiQ0k2Tnl3aWFXUWlPaUpvZEhSd2N6b3ZMMnhsWVhOMGIyNHVZbU5rYVhCc2IyMWhMbU52YlM5c1lYY3RaV052Ym05dGFXTnpMVzFoYm1GblpXMWxiblFqVEdWaGNtNXBibWRUY0dWamFXWnBZMkYwYVc5dUlpd2lhWE5qWldSbVEyOWtaU0k2V3lJM0lsMHNJbTV4Wmt4bGRtVnNJanBiSWpjaVhYMTlMQ0pqY21Wa1pXNTBhV0ZzVTNSaGRIVnpJanA3SW1sa0lqb2lhSFIwY0hNNkx5OWxjM05wWmk1bGRYSnZjR0V1WlhVdmMzUmhkSFZ6TDJWa2RXTmhkR2x2YmlOb2FXZG9aWEpGWkhWallYUnBiMjRqTXpreVlXTTNaall0TXprNVlTMDBNemRpTFdFeU5qZ3RORFk1TVdWaFpEaG1NVGMySWl3aWRIbHdaU0k2SWtOeVpXUmxiblJwWVd4VGRHRjBkWE5NYVhOME1qQXlNQ0o5TENKbGRtbGtaVzVqWlNJNmV5SmtiMk4xYldWdWRGQnlaWE5sYm1ObElqcGJJbEJvZVhOcFkyRnNJbDBzSW1WMmFXUmxibU5sUkc5amRXMWxiblFpT2xzaVVHRnpjM0J2Y25RaVhTd2lhV1FpT2lKb2RIUndjem92TDJWemMybG1MbVYxY205d1lTNWxkUzkwYzNJdGRtRXZaWFpwWkdWdVkyVXZaakpoWldWak9UY3RabU13WkMwME1tSm1MVGhqWVRjdE1EVTBPREU1TW1RMU5qYzRJaXdpYzNWaWFtVmpkRkJ5WlhObGJtTmxJam9pVUdoNWMybGpZV3dpTENKMGVYQmxJanBiSWtSdlkzVnRaVzUwVm1WeWFXWnBZMkYwYVc5dUlsMHNJblpsY21sbWFXVnlJam9pWkdsa09tVmljMms2TWprMk1tWmlOemcwWkdZMk1XSmhZVEkyTjJNNE1UTXlORGszTlRNNVpqaGpOamMwWWpNM1l6RXlORFJoTjJFaWZYMHNJbXAwYVNJNkluVnlianAxZFdsa09qUXhOVEJtTXpNd0xUY3labUl0TkdZNU9TMDRZbVl5TFdKaVpXWm1aVGt6WmpJMk1DSjkuQ2E5VzQ0czBnajNVRWs4N09nMktTbFEzcnRkc3J0UmgtbHliN09adTlKZTN4S29xT0x0a1JUOFd4bnVPWVE2N0ZUeTlJdVRMUG1MMkVtendEU0o1QWciXX0sImlhdCI6MTcyNjEzMzk3Nywibm9uY2UiOiJhYmNkIiwianRpIjoidXJuOnV1aWQ6ZWYxN2QwNDctOTE0YS00YzQ1LWIwNGItZDA5Y2I1YjA2ZDViIn0.1Er-7IRXOQdL2fXlZyuzoNbj4TdpYUZ-zTjzSmjpojMSA97O76hNVff92Dtm3Gw9XIdvAoaCbl-6tdU_95SiDA
2521 [pool-1-thread-1 @coroutine#89] DEBUG id.walt.services.vc.WaltIdJwtCredentialService - VP created:eyJraWQiOiJkaWQ6a2V5Ono2TWtyUjhiSmtuTlMxMWlVNGFpVFppSFVtQ2V0bjRVOXN2a3ZnVUtwRUVrNFhjRiN6Nk1rclI4Ykprbk5TMTFpVTRhaVRaaUhVbUNldG40VTlzdmt2Z1VLcEVFazRYY0YiLCJ0eXAiOiJKV1QiLCJhbGciOiJFZERTQSJ9.eyJzdWIiOiJkaWQ6a2V5Ono2TWtyUjhiSmtuTlMxMWlVNGFpVFppSFVtQ2V0bjRVOXN2a3ZnVUtwRUVrNFhjRiIsImF1ZCI6ImRpZDprZXk6ejZNa3JSOGJKa25OUzExaVU0YWlUWmlIVW1DZXRuNFU5c3ZrdmdVS3BFRWs0WGNGIiwibmJmIjoxNzI2MTMzOTc3LCJpc3MiOiJkaWQ6a2V5Ono2TWtyUjhiSmtuTlMxMWlVNGFpVFppSFVtQ2V0bjRVOXN2a3ZnVUtwRUVrNFhjRiIsInZwIjp7InR5cGUiOlsiVmVyaWZpYWJsZVByZXNlbnRhdGlvbiJdLCJAY29udGV4dCI6WyJodHRwczovL3d3dy53My5vcmcvMjAxOC9jcmVkZW50aWFscy92MSJdLCJpZCI6InVybjp1dWlkOmVmMTdkMDQ3LTkxNGEtNGM0NS1iMDRiLWQwOWNiNWIwNmQ1YiIsImhvbGRlciI6ImRpZDprZXk6ejZNa3JSOGJKa25OUzExaVU0YWlUWmlIVW1DZXRuNFU5c3ZrdmdVS3BFRWs0WGNGIiwidmVyaWZpYWJsZUNyZWRlbnRpYWwiOlsiZXlKcmFXUWlPaUprYVdRNmEyVjVPbm8yVFd0eVVqaGlTbXR1VGxNeE1XbFZOR0ZwVkZwcFNGVnRRMlYwYmpSVk9YTjJhM1puVlV0d1JVVnJORmhqUmlONk5rMXJjbEk0WWtwcmJrNVRNVEZwVlRSaGFWUmFhVWhWYlVObGRHNDBWVGx6ZG10MloxVkxjRVZGYXpSWVkwWWlMQ0owZVhBaU9pSktWMVFpTENKaGJHY2lPaUpGWkVSVFFTSjkuZXlKemRXSWlPaUprYVdRNmEyVjVPbm8yVFd0eVVqaGlTbXR1VGxNeE1XbFZOR0ZwVkZwcFNGVnRRMlYwYmpSVk9YTjJhM1puVlV0d1JVVnJORmhqUmlJc0ltNWlaaUk2TVRjeU5qRXpNemszTnl3aWFYTnpJam9pWkdsa09tdGxlVHA2TmsxcmNsSTRZa3ByYms1VE1URnBWVFJoYVZSYWFVaFZiVU5sZEc0MFZUbHpkbXQyWjFWTGNFVkZhelJZWTBZaUxDSnBZWFFpT2pFM01qWXhNek01Tnpjc0luWmpJanA3SW5SNWNHVWlPbHNpVm1WeWFXWnBZV0pzWlVOeVpXUmxiblJwWVd3aUxDSldaWEpwWm1saFlteGxRWFIwWlhOMFlYUnBiMjRpTENKV1pYSnBabWxoWW14bFJHbHdiRzl0WVNKZExDSkFZMjl1ZEdWNGRDSTZXeUpvZEhSd2N6b3ZMM2QzZHk1M015NXZjbWN2TWpBeE9DOWpjbVZrWlc1MGFXRnNjeTkyTVNKZExDSnBaQ0k2SW5WeWJqcDFkV2xrT2pReE5UQm1Nek13TFRjeVptSXROR1k1T1MwNFltWXlMV0ppWldabVpUa3paakkyTUNJc0ltbHpjM1ZsY2lJNkltUnBaRHByWlhrNmVqWk5hM0pTT0dKS2EyNU9VekV4YVZVMFlXbFVXbWxJVlcxRFpYUnVORlU1YzNacmRtZFZTM0JGUldzMFdHTkdJaXdpYVhOemRXRnVZMlZFWVhSbElqb2lNakF5TkMwd09TMHhNbFF3T1Rvek9Ub3pOMW9pTENKcGMzTjFaV1FpT2lJeU1ESTBMVEE1TFRFeVZEQTVPak01T2pNM1dpSXNJblpoYkdsa1JuSnZiU0k2SWpJd01qUXRNRGt0TVRKVU1EazZNems2TXpkYUlpd2laWGh3YVhKaGRHbHZia1JoZEdVaU9pSXlNREl5TFRBNExUTXhWREF3T2pBd09qQXdXaUlzSW1OeVpXUmxiblJwWVd4VFkyaGxiV0VpT25zaWFXUWlPaUpvZEhSd2N6b3ZMM0poZHk1bmFYUm9kV0oxYzJWeVkyOXVkR1Z1ZEM1amIyMHZkMkZzZEMxcFpDOTNZV3gwYVdRdGMzTnBhMmwwTFhaamJHbGlMMjFoYzNSbGNpOXpjbU12ZEdWemRDOXlaWE52ZFhKalpYTXZjMk5vWlcxaGN5OVdaWEpwWm1saFlteGxSR2x3Ykc5dFlTNXFjMjl1SWl3aWRIbHdaU0k2SWtwemIyNVRZMmhsYldGV1lXeHBaR0YwYjNJeU1ERTRJbjBzSW1OeVpXUmxiblJwWVd4VGRXSnFaV04wSWpwN0ltbGtJam9pWkdsa09tdGxlVHA2TmsxcmNsSTRZa3ByYms1VE1URnBWVFJoYVZSYWFVaFZiVU5sZEc0MFZUbHpkbXQyWjFWTGNFVkZhelJZWTBZaUxDSmhkMkZ5WkdsdVowOXdjRzl5ZEhWdWFYUjVJanA3SW1GM1lYSmthVzVuUW05a2VTSTZleUpsYVdSaGMweGxaMkZzU1dSbGJuUnBabWxsY2lJNklsVnVhMjV2ZDI0aUxDSm9iMjFsY0dGblpTSTZJbWgwZEhCek9pOHZiR1ZoYzNSdmJpNWlZMlJwY0d4dmJXRXVZMjl0THlJc0ltbGtJam9pWkdsa09tVmljMms2TWtFNVFsbzVVMVZsTmtKaGRHRmpVM0IyY3pGV05VTmtha2gyVEhCUk4ySkZjMmt5U21JMlRHUklTMjVSZUdGT0lpd2ljSEpsWm1WeWNtVmtUbUZ0WlNJNklreGxZWE4wYjI0Z1ZXNXBkbVZ5YzJsMGVTSXNJbkpsWjJsemRISmhkR2x2YmlJNklqQTFPVGN3TmpWS0luMHNJbVZ1WkdWa1FYUlVhVzFsSWpvaU1qQXlNQzB3TmkweU5sUXdNRG93TURvd01Gb2lMQ0pwWkNJNkltaDBkSEJ6T2k4dmJHVmhjM1J2Ymk1aVkyUnBjR3h2YldFdVkyOXRMMnhoZHkxbFkyOXViMjFwWTNNdGJXRnVZV2RsYldWdWRDTkJkMkZ5WkdsdVowOXdjRzl5ZEhWdWFYUjVJaXdpYVdSbGJuUnBabWxsY2lJNkltaDBkSEJ6T2k4dlkyVnlkR2xtYVdOaGRHVXRaR1Z0Ynk1aVkyUnBjR3h2YldFdVkyOXRMMk5vWldOckx6ZzNSVVF5UmpJeU56QkZOa00wTVRRMU5rVTVORUk0TmtJNVJEa3hNVFZDTkVVek5VSkRRMEZFTWpBd1FUUTVRamcwTmpVNU1rTXhORVkzT1VNNE5rSldNVVp1WW14c2RHRXdUbHBVYmtwclVqTnNSRmRzVW0xVVJHeFRVbFZLUlZaR1drbFRiVTV0V1hwS2FGVlZOWE5hVlVvMVdqSkdTbE5JY0ZkaWJWcGFJaXdpYkc5allYUnBiMjRpT2lKR1VrRk9RMFVpTENKemRHRnlkR1ZrUVhSVWFXMWxJam9pTWpBeE9TMHdPUzB3TWxRd01Eb3dNRG93TUZvaWZTd2laR0YwWlU5bVFtbHlkR2dpT2lJeE9Ua3pMVEEwTFRBNElpd2labUZ0YVd4NVRtRnRaU0k2SWtSUFJTSXNJbWRwZG1WdVRtRnRaWE1pT2lKS1lXNWxJaXdpWjNKaFpHbHVaMU5qYUdWdFpTSTZleUpwWkNJNkltaDBkSEJ6T2k4dmJHVmhjM1J2Ymk1aVkyUnBjR3h2YldFdVkyOXRMMnhoZHkxbFkyOXViMjFwWTNNdGJXRnVZV2RsYldWdWRDTkhjbUZrYVc1blUyTm9aVzFsSWl3aWRHbDBiR1VpT2lKTWIzZGxjaUJUWldOdmJtUXRRMnhoYzNNZ1NHOXViM1Z5Y3lKOUxDSnBaR1Z1ZEdsbWFXVnlJam9pTURrd05EQXdPREE0TkVnaUxDSnNaV0Z5Ym1sdVowRmphR2xsZG1WdFpXNTBJanA3SW1Ga1pHbDBhVzl1WVd4T2IzUmxJanBiSWtSSlUxUlNTVUpWVkVsUFRpQk5RVTVCUjBWTlJVNVVJbDBzSW1SbGMyTnlhWEIwYVc5dUlqb2lUVUZTUzBWVVNVNUhJRUZPUkNCVFFVeEZVeUlzSW1sa0lqb2lhSFIwY0hNNkx5OXNaV0Z6ZEc5dUxtSmpaR2x3Ykc5dFlTNWpiMjB2YkdGM0xXVmpiMjV2YldsamN5MXRZVzVoWjJWdFpXNTBJMHhsWVhKdWFXNW5RV05vYVdWMmJXVnVkQ0lzSW5ScGRHeGxJam9pVFVGVFZFVlNVeUJNUVZjc0lFVkRUMDVQVFVsRFV5QkJUa1FnVFVGT1FVZEZUVVZPVkNKOUxDSnNaV0Z5Ym1sdVoxTndaV05wWm1sallYUnBiMjRpT25zaVpXTjBjME55WldScGRGQnZhVzUwY3lJNk1USXdMQ0psY1daTVpYWmxiQ0k2Tnl3aWFXUWlPaUpvZEhSd2N6b3ZMMnhsWVhOMGIyNHVZbU5rYVhCc2IyMWhMbU52YlM5c1lYY3RaV052Ym05dGFXTnpMVzFoYm1GblpXMWxiblFqVEdWaGNtNXBibWRUY0dWamFXWnBZMkYwYVc5dUlpd2lhWE5qWldSbVEyOWtaU0k2V3lJM0lsMHNJbTV4Wmt4bGRtVnNJanBiSWpjaVhYMTlMQ0pqY21Wa1pXNTBhV0ZzVTNSaGRIVnpJanA3SW1sa0lqb2lhSFIwY0hNNkx5OWxjM05wWmk1bGRYSnZjR0V1WlhVdmMzUmhkSFZ6TDJWa2RXTmhkR2x2YmlOb2FXZG9aWEpGWkhWallYUnBiMjRqTXpreVlXTTNaall0TXprNVlTMDBNemRpTFdFeU5qZ3RORFk1TVdWaFpEaG1NVGMySWl3aWRIbHdaU0k2SWtOeVpXUmxiblJwWVd4VGRHRjBkWE5NYVhOME1qQXlNQ0o5TENKbGRtbGtaVzVqWlNJNmV5SmtiMk4xYldWdWRGQnlaWE5sYm1ObElqcGJJbEJvZVhOcFkyRnNJbDBzSW1WMmFXUmxibU5sUkc5amRXMWxiblFpT2xzaVVHRnpjM0J2Y25RaVhTd2lhV1FpT2lKb2RIUndjem92TDJWemMybG1MbVYxY205d1lTNWxkUzkwYzNJdGRtRXZaWFpwWkdWdVkyVXZaakpoWldWak9UY3RabU13WkMwME1tSm1MVGhqWVRjdE1EVTBPREU1TW1RMU5qYzRJaXdpYzNWaWFtVmpkRkJ5WlhObGJtTmxJam9pVUdoNWMybGpZV3dpTENKMGVYQmxJanBiSWtSdlkzVnRaVzUwVm1WeWFXWnBZMkYwYVc5dUlsMHNJblpsY21sbWFXVnlJam9pWkdsa09tVmljMms2TWprMk1tWmlOemcwWkdZMk1XSmhZVEkyTjJNNE1UTXlORGszTlRNNVpqaGpOamMwWWpNM1l6RXlORFJoTjJFaWZYMHNJbXAwYVNJNkluVnlianAxZFdsa09qUXhOVEJtTXpNd0xUY3labUl0TkdZNU9TMDRZbVl5TFdKaVpXWm1aVGt6WmpJMk1DSjkuQ2E5VzQ0czBnajNVRWs4N09nMktTbFEzcnRkc3J0UmgtbHliN09adTlKZTN4S29xT0x0a1JUOFd4bnVPWVE2N0ZUeTlJdVRMUG1MMkVtendEU0o1QWciXX0sImlhdCI6MTcyNjEzMzk3Nywibm9uY2UiOiJhYmNkIiwianRpIjoidXJuOnV1aWQ6ZWYxN2QwNDctOTE0YS00YzQ1LWIwNGItZDA5Y2I1YjA2ZDViIn0.1Er-7IRXOQdL2fXlZyuzoNbj4TdpYUZ-zTjzSmjpojMSA97O76hNVff92Dtm3Gw9XIdvAoaCbl-6tdU_95SiDA
2523 [pool-1-thread-1 @coroutine#89] DEBUG id.walt.auditor.Auditor - Verifying vc with DynamicPolicy ...
2523 [pool-1-thread-1 @coroutine#89] DEBUG com.jayway.jsonpath.internal.path.CompiledPath - Evaluating path: $
2534 [pool-1-thread-1 @coroutine#89] DEBUG id.walt.auditor.dynamic.OPAPolicyEngine - rego eval output: [
  true
]

2535 [pool-1-thread-1 @coroutine#89] DEBUG id.walt.auditor.dynamic.DynamicPolicy - DYNAMIC POLICY CHECK: VC [VerifiableCredential, VerifiableAttestation, StudentCard] result: passed
2535 [pool-1-thread-1 @coroutine#89] DEBUG id.walt.auditor.dynamic.DynamicPolicy - Policy: src/test/resources/rego/issue264/policy.rego
2535 [pool-1-thread-1 @coroutine#89] DEBUG id.walt.auditor.VerificationPolicy - VC [VerifiableCredential, VerifiableAttestation, StudentCard] passes policy DynamicPolicy: passed
2543 [pool-1-thread-1 @coroutine#90] DEBUG id.walt.services.keystore.HKVKeyStoreService - Storing key "0939765b42f2411d83a451d42437e1a3".
2543 [pool-1-thread-1 @coroutine#90] DEBUG id.walt.services.keystore.HKVKeyStoreService - Loading key "0939765b42f2411d83a451d42437e1a3".
2544 [pool-1-thread-1 @coroutine#90] DEBUG id.walt.model.DidUrl - Trying to create DidUrl from URL: "did:key:z6Mkfcp2tu2VZg2fMPP3tGoS8j5FH7pyXuqyqRE9xXmEtGxQ"...
2545 [pool-1-thread-1 @coroutine#90] DEBUG id.walt.services.keystore.HKVKeyStoreService - Loading key "0939765b42f2411d83a451d42437e1a3".
2545 [pool-1-thread-1 @coroutine#90] DEBUG id.walt.services.did.DidService - A key with the id "0939765b42f2411d83a451d42437e1a3" exists.
2545 [pool-1-thread-1 @coroutine#90] DEBUG id.walt.model.DidUrl - Trying to create DidUrl from URL: "did:key:z6Mkfcp2tu2VZg2fMPP3tGoS8j5FH7pyXuqyqRE9xXmEtGxQ"...
2546 [pool-1-thread-1 @coroutine#90] DEBUG id.walt.model.DidUrl - Trying to create DidUrl from URL: "did:key:z6Mkfcp2tu2VZg2fMPP3tGoS8j5FH7pyXuqyqRE9xXmEtGxQ"...
2546 [pool-1-thread-1 @coroutine#90] DEBUG id.walt.model.DidUrl - Trying to create DidUrl from URL: "did:key:z6Mkfcp2tu2VZg2fMPP3tGoS8j5FH7pyXuqyqRE9xXmEtGxQ"...
2547 [pool-1-thread-1 @coroutine#90] DEBUG id.walt.model.DidUrl - Trying to create DidUrl from URL: "did:key:z6Mkfcp2tu2VZg2fMPP3tGoS8j5FH7pyXuqyqRE9xXmEtGxQ"...
2547 [pool-1-thread-1 @coroutine#90] DEBUG id.walt.model.DidUrl - Trying to create DidUrl from URL: "did:key:z6Mkfcp2tu2VZg2fMPP3tGoS8j5FH7pyXuqyqRE9xXmEtGxQ"...
2547 [pool-1-thread-1 @coroutine#90] DEBUG id.walt.signatory.WaltIdSignatory - Signing credential with proof using LD_PROOF...
2547 [pool-1-thread-1 @coroutine#90] DEBUG id.walt.signatory.WaltIdSignatory - Signing credential with proof using LD_PROOF, credential is: {"type":["VerifiableCredential","VerifiableAttestation","VerifiableDiploma"],"@context":["https://www.w3.org/2018/credentials/v1"],"id":"urn:uuid:27ba96c2-3446-4e13-a4d7-d527b2571a89","issuer":"did:key:z6Mkfcp2tu2VZg2fMPP3tGoS8j5FH7pyXuqyqRE9xXmEtGxQ","issuanceDate":"2024-09-12T09:39:37Z","issued":"2024-09-12T09:39:37Z","validFrom":"2024-09-12T09:39:37Z","expirationDate":"2022-08-31T00:00:00Z","credentialSchema":{"id":"https://raw.githubusercontent.com/walt-id/waltid-ssikit-vclib/master/src/test/resources/schemas/VerifiableDiploma.json","type":"JsonSchemaValidator2018"},"credentialSubject":{"id":"did:key:z6Mkfcp2tu2VZg2fMPP3tGoS8j5FH7pyXuqyqRE9xXmEtGxQ","awardingOpportunity":{"awardingBody":{"eidasLegalIdentifier":"Unknown","homepage":"https://leaston.bcdiploma.com/","id":"did:ebsi:2A9BZ9SUe6BatacSpvs1V5CdjHvLpQ7bEsi2Jb6LdHKnQxaN","preferredName":"Leaston University","registration":"0597065J"},"endedAtTime":"2020-06-26T00:00:00Z","id":"https://leaston.bcdiploma.com/law-economics-management#AwardingOpportunity","identifier":"https://certificate-demo.bcdiploma.com/check/87ED2F2270E6C41456E94B86B9D9115B4E35BCCAD200A49B846592C14F79C86BV1Fnbllta0NZTnJkR3lDWlRmTDlSRUJEVFZISmNmYzJhUU5sZUJ5Z2FJSHpWbmZZ","location":"FRANCE","startedAtTime":"2019-09-02T00:00:00Z"},"dateOfBirth":"1993-04-08","familyName":"DOE","givenNames":"Jane","gradingScheme":{"id":"https://leaston.bcdiploma.com/law-economics-management#GradingScheme","title":"Lower Second-Class Honours"},"identifier":"0904008084H","learningAchievement":{"additionalNote":["DISTRIBUTION MANAGEMENT"],"description":"MARKETING AND SALES","id":"https://leaston.bcdiploma.com/law-economics-management#LearningAchievment","title":"MASTERS LAW, ECONOMICS AND MANAGEMENT"},"learningSpecification":{"ectsCreditPoints":120,"eqfLevel":7,"id":"https://leaston.bcdiploma.com/law-economics-management#LearningSpecification","iscedfCode":["7"],"nqfLevel":["7"]}},"credentialStatus":{"id":"https://essif.europa.eu/status/education#higherEducation#392ac7f6-399a-437b-a268-4691ead8f176","type":"CredentialStatusList2020"},"evidence":{"documentPresence":["Physical"],"evidenceDocument":["Passport"],"id":"https://essif.europa.eu/tsr-va/evidence/f2aeec97-fc0d-42bf-8ca7-0548192d5678","subjectPresence":"Physical","type":["DocumentVerification"],"verifier":"did:ebsi:2962fb784df61baa267c8132497539f8c674b37c1244a7a"}}
2547 [pool-1-thread-1 @coroutine#90] DEBUG id.walt.services.vc.WaltIdJsonLdCredentialService - Signing jsonLd object with: issuerDid (did:key:z6Mkfcp2tu2VZg2fMPP3tGoS8j5FH7pyXuqyqRE9xXmEtGxQ), domain (null), nonce (null
2547 [pool-1-thread-1 @coroutine#90] DEBUG id.walt.services.keystore.HKVKeyStoreService - Loading key "did:key:z6Mkfcp2tu2VZg2fMPP3tGoS8j5FH7pyXuqyqRE9xXmEtGxQ#z6Mkfcp2tu2VZg2fMPP3tGoS8j5FH7pyXuqyqRE9xXmEtGxQ".
2547 [pool-1-thread-1 @coroutine#90] DEBUG id.walt.services.vc.WaltIdJsonLdCredentialService - Signing: {"type":["VerifiableCredential","VerifiableAttestation","VerifiableDiploma"],"@context":["https://www.w3.org/2018/credentials/v1"],"id":"urn:uuid:27ba96c2-3446-4e13-a4d7-d527b2571a89","issuer":"did:key:z6Mkfcp2tu2VZg2fMPP3tGoS8j5FH7pyXuqyqRE9xXmEtGxQ","issuanceDate":"2024-09-12T09:39:37Z","issued":"2024-09-12T09:39:37Z","validFrom":"2024-09-12T09:39:37Z","expirationDate":"2022-08-31T00:00:00Z","credentialSchema":{"id":"https://raw.githubusercontent.com/walt-id/waltid-ssikit-vclib/master/src/test/resources/schemas/VerifiableDiploma.json","type":"JsonSchemaValidator2018"},"credentialSubject":{"id":"did:key:z6Mkfcp2tu2VZg2fMPP3tGoS8j5FH7pyXuqyqRE9xXmEtGxQ","awardingOpportunity":{"awardingBody":{"eidasLegalIdentifier":"Unknown","homepage":"https://leaston.bcdiploma.com/","id":"did:ebsi:2A9BZ9SUe6BatacSpvs1V5CdjHvLpQ7bEsi2Jb6LdHKnQxaN","preferredName":"Leaston University","registration":"0597065J"},"endedAtTime":"2020-06-26T00:00:00Z","id":"https://leaston.bcdiploma.com/law-economics-management#AwardingOpportunity","identifier":"https://certificate-demo.bcdiploma.com/check/87ED2F2270E6C41456E94B86B9D9115B4E35BCCAD200A49B846592C14F79C86BV1Fnbllta0NZTnJkR3lDWlRmTDlSRUJEVFZISmNmYzJhUU5sZUJ5Z2FJSHpWbmZZ","location":"FRANCE","startedAtTime":"2019-09-02T00:00:00Z"},"dateOfBirth":"1993-04-08","familyName":"DOE","givenNames":"Jane","gradingScheme":{"id":"https://leaston.bcdiploma.com/law-economics-management#GradingScheme","title":"Lower Second-Class Honours"},"identifier":"0904008084H","learningAchievement":{"additionalNote":["DISTRIBUTION MANAGEMENT"],"description":"MARKETING AND SALES","id":"https://leaston.bcdiploma.com/law-economics-management#LearningAchievment","title":"MASTERS LAW, ECONOMICS AND MANAGEMENT"},"learningSpecification":{"ectsCreditPoints":120,"eqfLevel":7,"id":"https://leaston.bcdiploma.com/law-economics-management#LearningSpecification","iscedfCode":["7"],"nqfLevel":["7"]}},"credentialStatus":{"id":"https://essif.europa.eu/status/education#higherEducation#392ac7f6-399a-437b-a268-4691ead8f176","type":"CredentialStatusList2020"},"evidence":{"documentPresence":["Physical"],"evidenceDocument":["Passport"],"id":"https://essif.europa.eu/tsr-va/evidence/f2aeec97-fc0d-42bf-8ca7-0548192d5678","subjectPresence":"Physical","type":["DocumentVerification"],"verifier":"did:ebsi:2962fb784df61baa267c8132497539f8c674b37c1244a7a"}}
Sep 12, 2024 11:39:37 AM com.apicatalog.jsonld.deseralization.JsonLdToRdf build
WARNING: Non well-formed subject [https://essif.europa.eu/status/education#higherEducation#392ac7f6-399a-437b-a268-4691ead8f176] has been skipped.
2550 [pool-1-thread-1 @coroutine#90] DEBUG id.walt.services.keystore.HKVKeyStoreService - Loading key "0939765b42f2411d83a451d42437e1a3".
2550 [pool-1-thread-1 @coroutine#90] DEBUG id.walt.services.keystore.HKVKeyStoreService - Loading key "0939765b42f2411d83a451d42437e1a3".
2550 [pool-1-thread-1 @coroutine#90] DEBUG id.walt.services.keystore.HKVKeyStoreService - Loading key "0939765b42f2411d83a451d42437e1a3".
2551 [pool-1-thread-1 @coroutine#90] DEBUG id.walt.signatory.WaltIdSignatory - Signed VC is: {
  "type" : [ "VerifiableCredential", "VerifiableAttestation", "VerifiableDiploma" ],
  "@context" : [ "https://www.w3.org/2018/credentials/v1", "https://w3id.org/security/suites/jws-2020/v1" ],
  "id" : "urn:uuid:27ba96c2-3446-4e13-a4d7-d527b2571a89",
  "issuer" : "did:key:z6Mkfcp2tu2VZg2fMPP3tGoS8j5FH7pyXuqyqRE9xXmEtGxQ",
  "issuanceDate" : "2024-09-12T09:39:37Z",
  "issued" : "2024-09-12T09:39:37Z",
  "validFrom" : "2024-09-12T09:39:37Z",
  "expirationDate" : "2022-08-31T00:00:00Z",
  "credentialSchema" : {
    "id" : "https://raw.githubusercontent.com/walt-id/waltid-ssikit-vclib/master/src/test/resources/schemas/VerifiableDiploma.json",
    "type" : "JsonSchemaValidator2018"
  },
  "credentialSubject" : {
    "id" : "did:key:z6Mkfcp2tu2VZg2fMPP3tGoS8j5FH7pyXuqyqRE9xXmEtGxQ",
    "awardingOpportunity" : {
      "awardingBody" : {
        "eidasLegalIdentifier" : "Unknown",
        "homepage" : "https://leaston.bcdiploma.com/",
        "id" : "did:ebsi:2A9BZ9SUe6BatacSpvs1V5CdjHvLpQ7bEsi2Jb6LdHKnQxaN",
        "preferredName" : "Leaston University",
        "registration" : "0597065J"
      },
      "endedAtTime" : "2020-06-26T00:00:00Z",
      "id" : "https://leaston.bcdiploma.com/law-economics-management#AwardingOpportunity",
      "identifier" : "https://certificate-demo.bcdiploma.com/check/87ED2F2270E6C41456E94B86B9D9115B4E35BCCAD200A49B846592C14F79C86BV1Fnbllta0NZTnJkR3lDWlRmTDlSRUJEVFZISmNmYzJhUU5sZUJ5Z2FJSHpWbmZZ",
      "location" : "FRANCE",
      "startedAtTime" : "2019-09-02T00:00:00Z"
    },
    "dateOfBirth" : "1993-04-08",
    "familyName" : "DOE",
    "givenNames" : "Jane",
    "gradingScheme" : {
      "id" : "https://leaston.bcdiploma.com/law-economics-management#GradingScheme",
      "title" : "Lower Second-Class Honours"
    },
    "identifier" : "0904008084H",
    "learningAchievement" : {
      "additionalNote" : [ "DISTRIBUTION MANAGEMENT" ],
      "description" : "MARKETING AND SALES",
      "id" : "https://leaston.bcdiploma.com/law-economics-management#LearningAchievment",
      "title" : "MASTERS LAW, ECONOMICS AND MANAGEMENT"
    },
    "learningSpecification" : {
      "ectsCreditPoints" : 120,
      "eqfLevel" : 7,
      "id" : "https://leaston.bcdiploma.com/law-economics-management#LearningSpecification",
      "iscedfCode" : [ "7" ],
      "nqfLevel" : [ "7" ]
    }
  },
  "credentialStatus" : {
    "id" : "https://essif.europa.eu/status/education#higherEducation#392ac7f6-399a-437b-a268-4691ead8f176",
    "type" : "CredentialStatusList2020"
  },
  "evidence" : {
    "documentPresence" : [ "Physical" ],
    "evidenceDocument" : [ "Passport" ],
    "id" : "https://essif.europa.eu/tsr-va/evidence/f2aeec97-fc0d-42bf-8ca7-0548192d5678",
    "subjectPresence" : "Physical",
    "type" : [ "DocumentVerification" ],
    "verifier" : "did:ebsi:2962fb784df61baa267c8132497539f8c674b37c1244a7a"
  },
  "proof" : {
    "type" : "JsonWebSignature2020",
    "creator" : "did:key:z6Mkfcp2tu2VZg2fMPP3tGoS8j5FH7pyXuqyqRE9xXmEtGxQ",
    "created" : "2024-09-12T09:39:37Z",
    "proofPurpose" : "assertionMethod",
    "verificationMethod" : "did:key:z6Mkfcp2tu2VZg2fMPP3tGoS8j5FH7pyXuqyqRE9xXmEtGxQ#z6Mkfcp2tu2VZg2fMPP3tGoS8j5FH7pyXuqyqRE9xXmEtGxQ",
    "jws" : "eyJiNjQiOmZhbHNlLCJjcml0IjpbImI2NCJdLCJhbGciOiJFZERTQSJ9..03I3ZYDNkflyhW3UqeTw2BbUC-2R6VDuuOX0h1qfnKfE_POFjKMmOSEjt4yntZavbMfp1OgjfLRkXEPbJe1mDA"
  }
}
2551 [pool-1-thread-1 @coroutine#90] DEBUG id.walt.services.vc.WaltIdJsonLdCredentialService - Creating a presentation for VCs:
[PresentableCredential(verifiableCredential={"type":["VerifiableCredential","VerifiableAttestation","VerifiableDiploma"],"@context":["https://www.w3.org/2018/credentials/v1","https://w3id.org/security/suites/jws-2020/v1"],"id":"urn:uuid:27ba96c2-3446-4e13-a4d7-d527b2571a89","issuer":"did:key:z6Mkfcp2tu2VZg2fMPP3tGoS8j5FH7pyXuqyqRE9xXmEtGxQ","issuanceDate":"2024-09-12T09:39:37Z","issued":"2024-09-12T09:39:37Z","validFrom":"2024-09-12T09:39:37Z","expirationDate":"2022-08-31T00:00:00Z","proof":{"type":"JsonWebSignature2020","creator":"did:key:z6Mkfcp2tu2VZg2fMPP3tGoS8j5FH7pyXuqyqRE9xXmEtGxQ","created":"2024-09-12T09:39:37Z","proofPurpose":"assertionMethod","verificationMethod":"did:key:z6Mkfcp2tu2VZg2fMPP3tGoS8j5FH7pyXuqyqRE9xXmEtGxQ#z6Mkfcp2tu2VZg2fMPP3tGoS8j5FH7pyXuqyqRE9xXmEtGxQ","jws":"eyJiNjQiOmZhbHNlLCJjcml0IjpbImI2NCJdLCJhbGciOiJFZERTQSJ9..03I3ZYDNkflyhW3UqeTw2BbUC-2R6VDuuOX0h1qfnKfE_POFjKMmOSEjt4yntZavbMfp1OgjfLRkXEPbJe1mDA"},"credentialSchema":{"id":"https://raw.githubusercontent.com/walt-id/waltid-ssikit-vclib/master/src/test/resources/schemas/VerifiableDiploma.json","type":"JsonSchemaValidator2018"},"credentialSubject":{"id":"did:key:z6Mkfcp2tu2VZg2fMPP3tGoS8j5FH7pyXuqyqRE9xXmEtGxQ","awardingOpportunity":{"awardingBody":{"eidasLegalIdentifier":"Unknown","homepage":"https://leaston.bcdiploma.com/","id":"did:ebsi:2A9BZ9SUe6BatacSpvs1V5CdjHvLpQ7bEsi2Jb6LdHKnQxaN","preferredName":"Leaston University","registration":"0597065J"},"endedAtTime":"2020-06-26T00:00:00Z","id":"https://leaston.bcdiploma.com/law-economics-management#AwardingOpportunity","identifier":"https://certificate-demo.bcdiploma.com/check/87ED2F2270E6C41456E94B86B9D9115B4E35BCCAD200A49B846592C14F79C86BV1Fnbllta0NZTnJkR3lDWlRmTDlSRUJEVFZISmNmYzJhUU5sZUJ5Z2FJSHpWbmZZ","location":"FRANCE","startedAtTime":"2019-09-02T00:00:00Z"},"dateOfBirth":"1993-04-08","familyName":"DOE","givenNames":"Jane","gradingScheme":{"id":"https://leaston.bcdiploma.com/law-economics-management#GradingScheme","title":"Lower Second-Class Honours"},"identifier":"0904008084H","learningAchievement":{"additionalNote":["DISTRIBUTION MANAGEMENT"],"description":"MARKETING AND SALES","id":"https://leaston.bcdiploma.com/law-economics-management#LearningAchievment","title":"MASTERS LAW, ECONOMICS AND MANAGEMENT"},"learningSpecification":{"ectsCreditPoints":120,"eqfLevel":7,"id":"https://leaston.bcdiploma.com/law-economics-management#LearningSpecification","iscedfCode":["7"],"nqfLevel":["7"]}},"credentialStatus":{"id":"https://essif.europa.eu/status/education#higherEducation#392ac7f6-399a-437b-a268-4691ead8f176","type":"CredentialStatusList2020"},"evidence":{"documentPresence":["Physical"],"evidenceDocument":["Passport"],"id":"https://essif.europa.eu/tsr-va/evidence/f2aeec97-fc0d-42bf-8ca7-0548192d5678","subjectPresence":"Physical","type":["DocumentVerification"],"verifier":"did:ebsi:2962fb784df61baa267c8132497539f8c674b37c1244a7a"}}, selectiveDisclosure=null, discloseAll=false)]
2551 [pool-1-thread-1 @coroutine#90] DEBUG id.walt.model.DidUrl - Trying to create DidUrl from URL: "did:key:z6Mkfcp2tu2VZg2fMPP3tGoS8j5FH7pyXuqyqRE9xXmEtGxQ"...
2552 [pool-1-thread-1 @coroutine#90] DEBUG id.walt.services.vc.WaltIdJsonLdCredentialService - Signing jsonLd object with: issuerDid (did:key:z6Mkfcp2tu2VZg2fMPP3tGoS8j5FH7pyXuqyqRE9xXmEtGxQ), domain (https://api-pilot.ebsi.eu), nonce (d04442d3-661f-411e-a80f-42f19f594c9d
2552 [pool-1-thread-1 @coroutine#90] DEBUG id.walt.services.keystore.HKVKeyStoreService - Loading key "did:key:z6Mkfcp2tu2VZg2fMPP3tGoS8j5FH7pyXuqyqRE9xXmEtGxQ#z6Mkfcp2tu2VZg2fMPP3tGoS8j5FH7pyXuqyqRE9xXmEtGxQ".
2552 [pool-1-thread-1 @coroutine#90] DEBUG id.walt.services.vc.WaltIdJsonLdCredentialService - Signing: {"type":["VerifiablePresentation"],"@context":["https://www.w3.org/2018/credentials/v1"],"id":"urn:uuid:b9c765f0-adcd-42b4-a18f-0fa24ebbaf01","holder":"did:key:z6Mkfcp2tu2VZg2fMPP3tGoS8j5FH7pyXuqyqRE9xXmEtGxQ","verifiableCredential":[{"type":["VerifiableCredential","VerifiableAttestation","VerifiableDiploma"],"@context":["https://www.w3.org/2018/credentials/v1","https://w3id.org/security/suites/jws-2020/v1"],"id":"urn:uuid:27ba96c2-3446-4e13-a4d7-d527b2571a89","issuer":"did:key:z6Mkfcp2tu2VZg2fMPP3tGoS8j5FH7pyXuqyqRE9xXmEtGxQ","issuanceDate":"2024-09-12T09:39:37Z","issued":"2024-09-12T09:39:37Z","validFrom":"2024-09-12T09:39:37Z","expirationDate":"2022-08-31T00:00:00Z","proof":{"type":"JsonWebSignature2020","creator":"did:key:z6Mkfcp2tu2VZg2fMPP3tGoS8j5FH7pyXuqyqRE9xXmEtGxQ","created":"2024-09-12T09:39:37Z","proofPurpose":"assertionMethod","verificationMethod":"did:key:z6Mkfcp2tu2VZg2fMPP3tGoS8j5FH7pyXuqyqRE9xXmEtGxQ#z6Mkfcp2tu2VZg2fMPP3tGoS8j5FH7pyXuqyqRE9xXmEtGxQ","jws":"eyJiNjQiOmZhbHNlLCJjcml0IjpbImI2NCJdLCJhbGciOiJFZERTQSJ9..03I3ZYDNkflyhW3UqeTw2BbUC-2R6VDuuOX0h1qfnKfE_POFjKMmOSEjt4yntZavbMfp1OgjfLRkXEPbJe1mDA"},"credentialSchema":{"id":"https://raw.githubusercontent.com/walt-id/waltid-ssikit-vclib/master/src/test/resources/schemas/VerifiableDiploma.json","type":"JsonSchemaValidator2018"},"credentialSubject":{"id":"did:key:z6Mkfcp2tu2VZg2fMPP3tGoS8j5FH7pyXuqyqRE9xXmEtGxQ","awardingOpportunity":{"awardingBody":{"eidasLegalIdentifier":"Unknown","homepage":"https://leaston.bcdiploma.com/","id":"did:ebsi:2A9BZ9SUe6BatacSpvs1V5CdjHvLpQ7bEsi2Jb6LdHKnQxaN","preferredName":"Leaston University","registration":"0597065J"},"endedAtTime":"2020-06-26T00:00:00Z","id":"https://leaston.bcdiploma.com/law-economics-management#AwardingOpportunity","identifier":"https://certificate-demo.bcdiploma.com/check/87ED2F2270E6C41456E94B86B9D9115B4E35BCCAD200A49B846592C14F79C86BV1Fnbllta0NZTnJkR3lDWlRmTDlSRUJEVFZISmNmYzJhUU5sZUJ5Z2FJSHpWbmZZ","location":"FRANCE","startedAtTime":"2019-09-02T00:00:00Z"},"dateOfBirth":"1993-04-08","familyName":"DOE","givenNames":"Jane","gradingScheme":{"id":"https://leaston.bcdiploma.com/law-economics-management#GradingScheme","title":"Lower Second-Class Honours"},"identifier":"0904008084H","learningAchievement":{"additionalNote":["DISTRIBUTION MANAGEMENT"],"description":"MARKETING AND SALES","id":"https://leaston.bcdiploma.com/law-economics-management#LearningAchievment","title":"MASTERS LAW, ECONOMICS AND MANAGEMENT"},"learningSpecification":{"ectsCreditPoints":120,"eqfLevel":7,"id":"https://leaston.bcdiploma.com/law-economics-management#LearningSpecification","iscedfCode":["7"],"nqfLevel":["7"]}},"credentialStatus":{"id":"https://essif.europa.eu/status/education#higherEducation#392ac7f6-399a-437b-a268-4691ead8f176","type":"CredentialStatusList2020"},"evidence":{"documentPresence":["Physical"],"evidenceDocument":["Passport"],"id":"https://essif.europa.eu/tsr-va/evidence/f2aeec97-fc0d-42bf-8ca7-0548192d5678","subjectPresence":"Physical","type":["DocumentVerification"],"verifier":"did:ebsi:2962fb784df61baa267c8132497539f8c674b37c1244a7a"}}]}
Sep 12, 2024 11:39:37 AM com.apicatalog.jsonld.deseralization.JsonLdToRdf build
WARNING: Non well-formed subject [https://essif.europa.eu/status/education#higherEducation#392ac7f6-399a-437b-a268-4691ead8f176] has been skipped.
2557 [pool-1-thread-1 @coroutine#90] DEBUG id.walt.services.keystore.HKVKeyStoreService - Loading key "0939765b42f2411d83a451d42437e1a3".
2558 [pool-1-thread-1 @coroutine#90] DEBUG id.walt.services.keystore.HKVKeyStoreService - Loading key "0939765b42f2411d83a451d42437e1a3".
2558 [pool-1-thread-1 @coroutine#90] DEBUG id.walt.services.keystore.HKVKeyStoreService - Loading key "0939765b42f2411d83a451d42437e1a3".
2559 [pool-1-thread-1 @coroutine#90] DEBUG id.walt.services.vc.WaltIdJsonLdCredentialService - VP created:{
  "type" : [ "VerifiablePresentation" ],
  "@context" : [ "https://www.w3.org/2018/credentials/v1", "https://w3id.org/security/suites/jws-2020/v1" ],
  "id" : "urn:uuid:b9c765f0-adcd-42b4-a18f-0fa24ebbaf01",
  "holder" : "did:key:z6Mkfcp2tu2VZg2fMPP3tGoS8j5FH7pyXuqyqRE9xXmEtGxQ",
  "verifiableCredential" : [ {
    "type" : [ "VerifiableCredential", "VerifiableAttestation", "VerifiableDiploma" ],
    "@context" : [ "https://www.w3.org/2018/credentials/v1", "https://w3id.org/security/suites/jws-2020/v1" ],
    "id" : "urn:uuid:27ba96c2-3446-4e13-a4d7-d527b2571a89",
    "issuer" : "did:key:z6Mkfcp2tu2VZg2fMPP3tGoS8j5FH7pyXuqyqRE9xXmEtGxQ",
    "issuanceDate" : "2024-09-12T09:39:37Z",
    "issued" : "2024-09-12T09:39:37Z",
    "validFrom" : "2024-09-12T09:39:37Z",
    "expirationDate" : "2022-08-31T00:00:00Z",
    "proof" : {
      "type" : "JsonWebSignature2020",
      "creator" : "did:key:z6Mkfcp2tu2VZg2fMPP3tGoS8j5FH7pyXuqyqRE9xXmEtGxQ",
      "created" : "2024-09-12T09:39:37Z",
      "proofPurpose" : "assertionMethod",
      "verificationMethod" : "did:key:z6Mkfcp2tu2VZg2fMPP3tGoS8j5FH7pyXuqyqRE9xXmEtGxQ#z6Mkfcp2tu2VZg2fMPP3tGoS8j5FH7pyXuqyqRE9xXmEtGxQ",
      "jws" : "eyJiNjQiOmZhbHNlLCJjcml0IjpbImI2NCJdLCJhbGciOiJFZERTQSJ9..03I3ZYDNkflyhW3UqeTw2BbUC-2R6VDuuOX0h1qfnKfE_POFjKMmOSEjt4yntZavbMfp1OgjfLRkXEPbJe1mDA"
    },
    "credentialSchema" : {
      "id" : "https://raw.githubusercontent.com/walt-id/waltid-ssikit-vclib/master/src/test/resources/schemas/VerifiableDiploma.json",
      "type" : "JsonSchemaValidator2018"
    },
    "credentialSubject" : {
      "id" : "did:key:z6Mkfcp2tu2VZg2fMPP3tGoS8j5FH7pyXuqyqRE9xXmEtGxQ",
      "awardingOpportunity" : {
        "awardingBody" : {
          "eidasLegalIdentifier" : "Unknown",
          "homepage" : "https://leaston.bcdiploma.com/",
          "id" : "did:ebsi:2A9BZ9SUe6BatacSpvs1V5CdjHvLpQ7bEsi2Jb6LdHKnQxaN",
          "preferredName" : "Leaston University",
          "registration" : "0597065J"
        },
        "endedAtTime" : "2020-06-26T00:00:00Z",
        "id" : "https://leaston.bcdiploma.com/law-economics-management#AwardingOpportunity",
        "identifier" : "https://certificate-demo.bcdiploma.com/check/87ED2F2270E6C41456E94B86B9D9115B4E35BCCAD200A49B846592C14F79C86BV1Fnbllta0NZTnJkR3lDWlRmTDlSRUJEVFZISmNmYzJhUU5sZUJ5Z2FJSHpWbmZZ",
        "location" : "FRANCE",
        "startedAtTime" : "2019-09-02T00:00:00Z"
      },
      "dateOfBirth" : "1993-04-08",
      "familyName" : "DOE",
      "givenNames" : "Jane",
      "gradingScheme" : {
        "id" : "https://leaston.bcdiploma.com/law-economics-management#GradingScheme",
        "title" : "Lower Second-Class Honours"
      },
      "identifier" : "0904008084H",
      "learningAchievement" : {
        "additionalNote" : [ "DISTRIBUTION MANAGEMENT" ],
        "description" : "MARKETING AND SALES",
        "id" : "https://leaston.bcdiploma.com/law-economics-management#LearningAchievment",
        "title" : "MASTERS LAW, ECONOMICS AND MANAGEMENT"
      },
      "learningSpecification" : {
        "ectsCreditPoints" : 120,
        "eqfLevel" : 7,
        "id" : "https://leaston.bcdiploma.com/law-economics-management#LearningSpecification",
        "iscedfCode" : [ "7" ],
        "nqfLevel" : [ "7" ]
      }
    },
    "credentialStatus" : {
      "id" : "https://essif.europa.eu/status/education#higherEducation#392ac7f6-399a-437b-a268-4691ead8f176",
      "type" : "CredentialStatusList2020"
    },
    "evidence" : {
      "documentPresence" : [ "Physical" ],
      "evidenceDocument" : [ "Passport" ],
      "id" : "https://essif.europa.eu/tsr-va/evidence/f2aeec97-fc0d-42bf-8ca7-0548192d5678",
      "subjectPresence" : "Physical",
      "type" : [ "DocumentVerification" ],
      "verifier" : "did:ebsi:2962fb784df61baa267c8132497539f8c674b37c1244a7a"
    }
  } ],
  "proof" : {
    "type" : "JsonWebSignature2020",
    "creator" : "did:key:z6Mkfcp2tu2VZg2fMPP3tGoS8j5FH7pyXuqyqRE9xXmEtGxQ",
    "created" : "2024-09-12T09:39:37Z",
    "domain" : "https://api-pilot.ebsi.eu",
    "nonce" : "d04442d3-661f-411e-a80f-42f19f594c9d",
    "proofPurpose" : "authentication",
    "verificationMethod" : "did:key:z6Mkfcp2tu2VZg2fMPP3tGoS8j5FH7pyXuqyqRE9xXmEtGxQ#z6Mkfcp2tu2VZg2fMPP3tGoS8j5FH7pyXuqyqRE9xXmEtGxQ",
    "jws" : "eyJiNjQiOmZhbHNlLCJjcml0IjpbImI2NCJdLCJhbGciOiJFZERTQSJ9..DuWzgpndDGKW4Ukm5DjH9AeJ9iJ_0QOfCMY2Xw0wKli_XryGv3i_t4fto4feGiQIBoWvl9c21ABImJgW7NkDBA"
  }
}
2560 [pool-1-thread-1 @coroutine#90] DEBUG id.walt.model.DidUrl - Trying to create DidUrl from URL: "did:key:z6Mkfcp2tu2VZg2fMPP3tGoS8j5FH7pyXuqyqRE9xXmEtGxQ"...
2560 [pool-1-thread-1 @coroutine#90] DEBUG id.walt.model.DidUrl - Trying to create DidUrl from URL: "did:key:z6Mkfcp2tu2VZg2fMPP3tGoS8j5FH7pyXuqyqRE9xXmEtGxQ"...
2560 [pool-1-thread-1 @coroutine#90] DEBUG id.walt.signatory.WaltIdSignatory - Signing credential with proof using JWT...
2560 [pool-1-thread-1 @coroutine#90] DEBUG id.walt.signatory.WaltIdSignatory - Signing credential with proof using JWT, credential is: {"type":["VerifiableCredential","VerifiableAttestation","VerifiableDiploma"],"@context":["https://www.w3.org/2018/credentials/v1"],"id":"urn:uuid:e6bbcbc0-d064-4586-bffb-b1d4e07df772","issuer":"did:key:z6Mkfcp2tu2VZg2fMPP3tGoS8j5FH7pyXuqyqRE9xXmEtGxQ","issuanceDate":"2024-09-12T09:39:37Z","issued":"2024-09-12T09:39:37Z","validFrom":"2024-09-12T09:39:37Z","expirationDate":"2022-08-31T00:00:00Z","credentialSchema":{"id":"https://raw.githubusercontent.com/walt-id/waltid-ssikit-vclib/master/src/test/resources/schemas/VerifiableDiploma.json","type":"JsonSchemaValidator2018"},"credentialSubject":{"id":"did:key:z6Mkfcp2tu2VZg2fMPP3tGoS8j5FH7pyXuqyqRE9xXmEtGxQ","awardingOpportunity":{"awardingBody":{"eidasLegalIdentifier":"Unknown","homepage":"https://leaston.bcdiploma.com/","id":"did:ebsi:2A9BZ9SUe6BatacSpvs1V5CdjHvLpQ7bEsi2Jb6LdHKnQxaN","preferredName":"Leaston University","registration":"0597065J"},"endedAtTime":"2020-06-26T00:00:00Z","id":"https://leaston.bcdiploma.com/law-economics-management#AwardingOpportunity","identifier":"https://certificate-demo.bcdiploma.com/check/87ED2F2270E6C41456E94B86B9D9115B4E35BCCAD200A49B846592C14F79C86BV1Fnbllta0NZTnJkR3lDWlRmTDlSRUJEVFZISmNmYzJhUU5sZUJ5Z2FJSHpWbmZZ","location":"FRANCE","startedAtTime":"2019-09-02T00:00:00Z"},"dateOfBirth":"1993-04-08","familyName":"DOE","givenNames":"Jane","gradingScheme":{"id":"https://leaston.bcdiploma.com/law-economics-management#GradingScheme","title":"Lower Second-Class Honours"},"identifier":"0904008084H","learningAchievement":{"additionalNote":["DISTRIBUTION MANAGEMENT"],"description":"MARKETING AND SALES","id":"https://leaston.bcdiploma.com/law-economics-management#LearningAchievment","title":"MASTERS LAW, ECONOMICS AND MANAGEMENT"},"learningSpecification":{"ectsCreditPoints":120,"eqfLevel":7,"id":"https://leaston.bcdiploma.com/law-economics-management#LearningSpecification","iscedfCode":["7"],"nqfLevel":["7"]}},"credentialStatus":{"id":"https://essif.europa.eu/status/education#higherEducation#392ac7f6-399a-437b-a268-4691ead8f176","type":"CredentialStatusList2020"},"evidence":{"documentPresence":["Physical"],"evidenceDocument":["Passport"],"id":"https://essif.europa.eu/tsr-va/evidence/f2aeec97-fc0d-42bf-8ca7-0548192d5678","subjectPresence":"Physical","type":["DocumentVerification"],"verifier":"did:ebsi:2962fb784df61baa267c8132497539f8c674b37c1244a7a"}}
2560 [pool-1-thread-1 @coroutine#90] DEBUG id.walt.services.vc.WaltIdJwtCredentialService - Signing JWT object with config: ProofConfig(issuerDid=did:key:z6Mkfcp2tu2VZg2fMPP3tGoS8j5FH7pyXuqyqRE9xXmEtGxQ, subjectDid=did:key:z6Mkfcp2tu2VZg2fMPP3tGoS8j5FH7pyXuqyqRE9xXmEtGxQ, verifierDid=null, issuerVerificationMethod=did:key:z6Mkfcp2tu2VZg2fMPP3tGoS8j5FH7pyXuqyqRE9xXmEtGxQ#z6Mkfcp2tu2VZg2fMPP3tGoS8j5FH7pyXuqyqRE9xXmEtGxQ, proofType=JWT, domain=null, nonce=null, proofPurpose=null, credentialId=urn:uuid:e6bbcbc0-d064-4586-bffb-b1d4e07df772, issueDate=2024-09-12T09:39:37.780437936Z, validDate=2024-09-12T09:39:37.780440912Z, expirationDate=null, dataProviderIdentifier=null, ldSignatureType=null, creator=did:key:z6Mkfcp2tu2VZg2fMPP3tGoS8j5FH7pyXuqyqRE9xXmEtGxQ, ecosystem=DEFAULT, statusType=null, statusPurpose=revocation, credentialsEndpoint=null, selectiveDisclosure=null)
2561 [pool-1-thread-1 @coroutine#90] DEBUG id.walt.services.vc.WaltIdJwtCredentialService - Signing: {"sub":"did:key:z6Mkfcp2tu2VZg2fMPP3tGoS8j5FH7pyXuqyqRE9xXmEtGxQ","nbf":1726133977,"iss":"did:key:z6Mkfcp2tu2VZg2fMPP3tGoS8j5FH7pyXuqyqRE9xXmEtGxQ","iat":1726133977,"vc":{"type":["VerifiableCredential","VerifiableAttestation","VerifiableDiploma"],"@context":["https://www.w3.org/2018/credentials/v1"],"id":"urn:uuid:e6bbcbc0-d064-4586-bffb-b1d4e07df772","issuer":"did:key:z6Mkfcp2tu2VZg2fMPP3tGoS8j5FH7pyXuqyqRE9xXmEtGxQ","issuanceDate":"2024-09-12T09:39:37Z","issued":"2024-09-12T09:39:37Z","validFrom":"2024-09-12T09:39:37Z","expirationDate":"2022-08-31T00:00:00Z","credentialSchema":{"id":"https://raw.githubusercontent.com/walt-id/waltid-ssikit-vclib/master/src/test/resources/schemas/VerifiableDiploma.json","type":"JsonSchemaValidator2018"},"credentialSubject":{"id":"did:key:z6Mkfcp2tu2VZg2fMPP3tGoS8j5FH7pyXuqyqRE9xXmEtGxQ","awardingOpportunity":{"awardingBody":{"eidasLegalIdentifier":"Unknown","homepage":"https://leaston.bcdiploma.com/","id":"did:ebsi:2A9BZ9SUe6BatacSpvs1V5CdjHvLpQ7bEsi2Jb6LdHKnQxaN","preferredName":"Leaston University","registration":"0597065J"},"endedAtTime":"2020-06-26T00:00:00Z","id":"https://leaston.bcdiploma.com/law-economics-management#AwardingOpportunity","identifier":"https://certificate-demo.bcdiploma.com/check/87ED2F2270E6C41456E94B86B9D9115B4E35BCCAD200A49B846592C14F79C86BV1Fnbllta0NZTnJkR3lDWlRmTDlSRUJEVFZISmNmYzJhUU5sZUJ5Z2FJSHpWbmZZ","location":"FRANCE","startedAtTime":"2019-09-02T00:00:00Z"},"dateOfBirth":"1993-04-08","familyName":"DOE","givenNames":"Jane","gradingScheme":{"id":"https://leaston.bcdiploma.com/law-economics-management#GradingScheme","title":"Lower Second-Class Honours"},"identifier":"0904008084H","learningAchievement":{"additionalNote":["DISTRIBUTION MANAGEMENT"],"description":"MARKETING AND SALES","id":"https://leaston.bcdiploma.com/law-economics-management#LearningAchievment","title":"MASTERS LAW, ECONOMICS AND MANAGEMENT"},"learningSpecification":{"ectsCreditPoints":120,"eqfLevel":7,"id":"https://leaston.bcdiploma.com/law-economics-management#LearningSpecification","iscedfCode":["7"],"nqfLevel":["7"]}},"credentialStatus":{"id":"https://essif.europa.eu/status/education#higherEducation#392ac7f6-399a-437b-a268-4691ead8f176","type":"CredentialStatusList2020"},"evidence":{"documentPresence":["Physical"],"evidenceDocument":["Passport"],"id":"https://essif.europa.eu/tsr-va/evidence/f2aeec97-fc0d-42bf-8ca7-0548192d5678","subjectPresence":"Physical","type":["DocumentVerification"],"verifier":"did:ebsi:2962fb784df61baa267c8132497539f8c674b37c1244a7a"}},"jti":"urn:uuid:e6bbcbc0-d064-4586-bffb-b1d4e07df772"}
2561 [pool-1-thread-1 @coroutine#90] DEBUG id.walt.services.keystore.HKVKeyStoreService - Loading key "did:key:z6Mkfcp2tu2VZg2fMPP3tGoS8j5FH7pyXuqyqRE9xXmEtGxQ#z6Mkfcp2tu2VZg2fMPP3tGoS8j5FH7pyXuqyqRE9xXmEtGxQ".
2561 [pool-1-thread-1 @coroutine#90] DEBUG id.walt.services.jwt.WaltIdJwtService - Signing JWT with algorithm: EdDSA_Ed25519
2561 [pool-1-thread-1 @coroutine#90] DEBUG id.walt.model.DidUrl - Trying to create DidUrl from URL: "did:key:z6Mkfcp2tu2VZg2fMPP3tGoS8j5FH7pyXuqyqRE9xXmEtGxQ#z6Mkfcp2tu2VZg2fMPP3tGoS8j5FH7pyXuqyqRE9xXmEtGxQ"...
2561 [pool-1-thread-1 @coroutine#90] DEBUG id.walt.services.keystore.HKVKeyStoreService - Loading key "0939765b42f2411d83a451d42437e1a3".
2562 [pool-1-thread-1 @coroutine#90] DEBUG id.walt.services.jwt.WaltIdJwtService - Signed JWT:  eyJraWQiOiJkaWQ6a2V5Ono2TWtmY3AydHUyVlpnMmZNUFAzdEdvUzhqNUZIN3B5WHVxeXFSRTl4WG1FdEd4USN6Nk1rZmNwMnR1MlZaZzJmTVBQM3RHb1M4ajVGSDdweVh1cXlxUkU5eFhtRXRHeFEiLCJ0eXAiOiJKV1QiLCJhbGciOiJFZERTQSJ9.eyJzdWIiOiJkaWQ6a2V5Ono2TWtmY3AydHUyVlpnMmZNUFAzdEdvUzhqNUZIN3B5WHVxeXFSRTl4WG1FdEd4USIsIm5iZiI6MTcyNjEzMzk3NywiaXNzIjoiZGlkOmtleTp6Nk1rZmNwMnR1MlZaZzJmTVBQM3RHb1M4ajVGSDdweVh1cXlxUkU5eFhtRXRHeFEiLCJpYXQiOjE3MjYxMzM5NzcsInZjIjp7InR5cGUiOlsiVmVyaWZpYWJsZUNyZWRlbnRpYWwiLCJWZXJpZmlhYmxlQXR0ZXN0YXRpb24iLCJWZXJpZmlhYmxlRGlwbG9tYSJdLCJAY29udGV4dCI6WyJodHRwczovL3d3dy53My5vcmcvMjAxOC9jcmVkZW50aWFscy92MSJdLCJpZCI6InVybjp1dWlkOmU2YmJjYmMwLWQwNjQtNDU4Ni1iZmZiLWIxZDRlMDdkZjc3MiIsImlzc3VlciI6ImRpZDprZXk6ejZNa2ZjcDJ0dTJWWmcyZk1QUDN0R29TOGo1Rkg3cHlYdXF5cVJFOXhYbUV0R3hRIiwiaXNzdWFuY2VEYXRlIjoiMjAyNC0wOS0xMlQwOTozOTozN1oiLCJpc3N1ZWQiOiIyMDI0LTA5LTEyVDA5OjM5OjM3WiIsInZhbGlkRnJvbSI6IjIwMjQtMDktMTJUMDk6Mzk6MzdaIiwiZXhwaXJhdGlvbkRhdGUiOiIyMDIyLTA4LTMxVDAwOjAwOjAwWiIsImNyZWRlbnRpYWxTY2hlbWEiOnsiaWQiOiJodHRwczovL3Jhdy5naXRodWJ1c2VyY29udGVudC5jb20vd2FsdC1pZC93YWx0aWQtc3Npa2l0LXZjbGliL21hc3Rlci9zcmMvdGVzdC9yZXNvdXJjZXMvc2NoZW1hcy9WZXJpZmlhYmxlRGlwbG9tYS5qc29uIiwidHlwZSI6Ikpzb25TY2hlbWFWYWxpZGF0b3IyMDE4In0sImNyZWRlbnRpYWxTdWJqZWN0Ijp7ImlkIjoiZGlkOmtleTp6Nk1rZmNwMnR1MlZaZzJmTVBQM3RHb1M4ajVGSDdweVh1cXlxUkU5eFhtRXRHeFEiLCJhd2FyZGluZ09wcG9ydHVuaXR5Ijp7ImF3YXJkaW5nQm9keSI6eyJlaWRhc0xlZ2FsSWRlbnRpZmllciI6IlVua25vd24iLCJob21lcGFnZSI6Imh0dHBzOi8vbGVhc3Rvbi5iY2RpcGxvbWEuY29tLyIsImlkIjoiZGlkOmVic2k6MkE5Qlo5U1VlNkJhdGFjU3B2czFWNUNkakh2THBRN2JFc2kySmI2TGRIS25ReGFOIiwicHJlZmVycmVkTmFtZSI6IkxlYXN0b24gVW5pdmVyc2l0eSIsInJlZ2lzdHJhdGlvbiI6IjA1OTcwNjVKIn0sImVuZGVkQXRUaW1lIjoiMjAyMC0wNi0yNlQwMDowMDowMFoiLCJpZCI6Imh0dHBzOi8vbGVhc3Rvbi5iY2RpcGxvbWEuY29tL2xhdy1lY29ub21pY3MtbWFuYWdlbWVudCNBd2FyZGluZ09wcG9ydHVuaXR5IiwiaWRlbnRpZmllciI6Imh0dHBzOi8vY2VydGlmaWNhdGUtZGVtby5iY2RpcGxvbWEuY29tL2NoZWNrLzg3RUQyRjIyNzBFNkM0MTQ1NkU5NEI4NkI5RDkxMTVCNEUzNUJDQ0FEMjAwQTQ5Qjg0NjU5MkMxNEY3OUM4NkJWMUZuYmxsdGEwTlpUbkprUjNsRFdsUm1URGxTUlVKRVZGWklTbU5tWXpKaFVVNXNaVUo1WjJGSlNIcFdibVpaIiwibG9jYXRpb24iOiJGUkFOQ0UiLCJzdGFydGVkQXRUaW1lIjoiMjAxOS0wOS0wMlQwMDowMDowMFoifSwiZGF0ZU9mQmlydGgiOiIxOTkzLTA0LTA4IiwiZmFtaWx5TmFtZSI6IkRPRSIsImdpdmVuTmFtZXMiOiJKYW5lIiwiZ3JhZGluZ1NjaGVtZSI6eyJpZCI6Imh0dHBzOi8vbGVhc3Rvbi5iY2RpcGxvbWEuY29tL2xhdy1lY29ub21pY3MtbWFuYWdlbWVudCNHcmFkaW5nU2NoZW1lIiwidGl0bGUiOiJMb3dlciBTZWNvbmQtQ2xhc3MgSG9ub3VycyJ9LCJpZGVudGlmaWVyIjoiMDkwNDAwODA4NEgiLCJsZWFybmluZ0FjaGlldmVtZW50Ijp7ImFkZGl0aW9uYWxOb3RlIjpbIkRJU1RSSUJVVElPTiBNQU5BR0VNRU5UIl0sImRlc2NyaXB0aW9uIjoiTUFSS0VUSU5HIEFORCBTQUxFUyIsImlkIjoiaHR0cHM6Ly9sZWFzdG9uLmJjZGlwbG9tYS5jb20vbGF3LWVjb25vbWljcy1tYW5hZ2VtZW50I0xlYXJuaW5nQWNoaWV2bWVudCIsInRpdGxlIjoiTUFTVEVSUyBMQVcsIEVDT05PTUlDUyBBTkQgTUFOQUdFTUVOVCJ9LCJsZWFybmluZ1NwZWNpZmljYXRpb24iOnsiZWN0c0NyZWRpdFBvaW50cyI6MTIwLCJlcWZMZXZlbCI6NywiaWQiOiJodHRwczovL2xlYXN0b24uYmNkaXBsb21hLmNvbS9sYXctZWNvbm9taWNzLW1hbmFnZW1lbnQjTGVhcm5pbmdTcGVjaWZpY2F0aW9uIiwiaXNjZWRmQ29kZSI6WyI3Il0sIm5xZkxldmVsIjpbIjciXX19LCJjcmVkZW50aWFsU3RhdHVzIjp7ImlkIjoiaHR0cHM6Ly9lc3NpZi5ldXJvcGEuZXUvc3RhdHVzL2VkdWNhdGlvbiNoaWdoZXJFZHVjYXRpb24jMzkyYWM3ZjYtMzk5YS00MzdiLWEyNjgtNDY5MWVhZDhmMTc2IiwidHlwZSI6IkNyZWRlbnRpYWxTdGF0dXNMaXN0MjAyMCJ9LCJldmlkZW5jZSI6eyJkb2N1bWVudFByZXNlbmNlIjpbIlBoeXNpY2FsIl0sImV2aWRlbmNlRG9jdW1lbnQiOlsiUGFzc3BvcnQiXSwiaWQiOiJodHRwczovL2Vzc2lmLmV1cm9wYS5ldS90c3ItdmEvZXZpZGVuY2UvZjJhZWVjOTctZmMwZC00MmJmLThjYTctMDU0ODE5MmQ1Njc4Iiwic3ViamVjdFByZXNlbmNlIjoiUGh5c2ljYWwiLCJ0eXBlIjpbIkRvY3VtZW50VmVyaWZpY2F0aW9uIl0sInZlcmlmaWVyIjoiZGlkOmVic2k6Mjk2MmZiNzg0ZGY2MWJhYTI2N2M4MTMyNDk3NTM5ZjhjNjc0YjM3YzEyNDRhN2EifX0sImp0aSI6InVybjp1dWlkOmU2YmJjYmMwLWQwNjQtNDU4Ni1iZmZiLWIxZDRlMDdkZjc3MiJ9.Czg133EjXgkR7dyyRB9OcKH5nH3IdhS7VdESiQ3vlcupedJT77PB88wJHADVMgNXZ_Kf5PzU7nbY4-pQ5f7NDQ
2562 [pool-1-thread-1 @coroutine#90] DEBUG id.walt.signatory.WaltIdSignatory - Signed VC is: eyJraWQiOiJkaWQ6a2V5Ono2TWtmY3AydHUyVlpnMmZNUFAzdEdvUzhqNUZIN3B5WHVxeXFSRTl4WG1FdEd4USN6Nk1rZmNwMnR1MlZaZzJmTVBQM3RHb1M4ajVGSDdweVh1cXlxUkU5eFhtRXRHeFEiLCJ0eXAiOiJKV1QiLCJhbGciOiJFZERTQSJ9.eyJzdWIiOiJkaWQ6a2V5Ono2TWtmY3AydHUyVlpnMmZNUFAzdEdvUzhqNUZIN3B5WHVxeXFSRTl4WG1FdEd4USIsIm5iZiI6MTcyNjEzMzk3NywiaXNzIjoiZGlkOmtleTp6Nk1rZmNwMnR1MlZaZzJmTVBQM3RHb1M4ajVGSDdweVh1cXlxUkU5eFhtRXRHeFEiLCJpYXQiOjE3MjYxMzM5NzcsInZjIjp7InR5cGUiOlsiVmVyaWZpYWJsZUNyZWRlbnRpYWwiLCJWZXJpZmlhYmxlQXR0ZXN0YXRpb24iLCJWZXJpZmlhYmxlRGlwbG9tYSJdLCJAY29udGV4dCI6WyJodHRwczovL3d3dy53My5vcmcvMjAxOC9jcmVkZW50aWFscy92MSJdLCJpZCI6InVybjp1dWlkOmU2YmJjYmMwLWQwNjQtNDU4Ni1iZmZiLWIxZDRlMDdkZjc3MiIsImlzc3VlciI6ImRpZDprZXk6ejZNa2ZjcDJ0dTJWWmcyZk1QUDN0R29TOGo1Rkg3cHlYdXF5cVJFOXhYbUV0R3hRIiwiaXNzdWFuY2VEYXRlIjoiMjAyNC0wOS0xMlQwOTozOTozN1oiLCJpc3N1ZWQiOiIyMDI0LTA5LTEyVDA5OjM5OjM3WiIsInZhbGlkRnJvbSI6IjIwMjQtMDktMTJUMDk6Mzk6MzdaIiwiZXhwaXJhdGlvbkRhdGUiOiIyMDIyLTA4LTMxVDAwOjAwOjAwWiIsImNyZWRlbnRpYWxTY2hlbWEiOnsiaWQiOiJodHRwczovL3Jhdy5naXRodWJ1c2VyY29udGVudC5jb20vd2FsdC1pZC93YWx0aWQtc3Npa2l0LXZjbGliL21hc3Rlci9zcmMvdGVzdC9yZXNvdXJjZXMvc2NoZW1hcy9WZXJpZmlhYmxlRGlwbG9tYS5qc29uIiwidHlwZSI6Ikpzb25TY2hlbWFWYWxpZGF0b3IyMDE4In0sImNyZWRlbnRpYWxTdWJqZWN0Ijp7ImlkIjoiZGlkOmtleTp6Nk1rZmNwMnR1MlZaZzJmTVBQM3RHb1M4ajVGSDdweVh1cXlxUkU5eFhtRXRHeFEiLCJhd2FyZGluZ09wcG9ydHVuaXR5Ijp7ImF3YXJkaW5nQm9keSI6eyJlaWRhc0xlZ2FsSWRlbnRpZmllciI6IlVua25vd24iLCJob21lcGFnZSI6Imh0dHBzOi8vbGVhc3Rvbi5iY2RpcGxvbWEuY29tLyIsImlkIjoiZGlkOmVic2k6MkE5Qlo5U1VlNkJhdGFjU3B2czFWNUNkakh2THBRN2JFc2kySmI2TGRIS25ReGFOIiwicHJlZmVycmVkTmFtZSI6IkxlYXN0b24gVW5pdmVyc2l0eSIsInJlZ2lzdHJhdGlvbiI6IjA1OTcwNjVKIn0sImVuZGVkQXRUaW1lIjoiMjAyMC0wNi0yNlQwMDowMDowMFoiLCJpZCI6Imh0dHBzOi8vbGVhc3Rvbi5iY2RpcGxvbWEuY29tL2xhdy1lY29ub21pY3MtbWFuYWdlbWVudCNBd2FyZGluZ09wcG9ydHVuaXR5IiwiaWRlbnRpZmllciI6Imh0dHBzOi8vY2VydGlmaWNhdGUtZGVtby5iY2RpcGxvbWEuY29tL2NoZWNrLzg3RUQyRjIyNzBFNkM0MTQ1NkU5NEI4NkI5RDkxMTVCNEUzNUJDQ0FEMjAwQTQ5Qjg0NjU5MkMxNEY3OUM4NkJWMUZuYmxsdGEwTlpUbkprUjNsRFdsUm1URGxTUlVKRVZGWklTbU5tWXpKaFVVNXNaVUo1WjJGSlNIcFdibVpaIiwibG9jYXRpb24iOiJGUkFOQ0UiLCJzdGFydGVkQXRUaW1lIjoiMjAxOS0wOS0wMlQwMDowMDowMFoifSwiZGF0ZU9mQmlydGgiOiIxOTkzLTA0LTA4IiwiZmFtaWx5TmFtZSI6IkRPRSIsImdpdmVuTmFtZXMiOiJKYW5lIiwiZ3JhZGluZ1NjaGVtZSI6eyJpZCI6Imh0dHBzOi8vbGVhc3Rvbi5iY2RpcGxvbWEuY29tL2xhdy1lY29ub21pY3MtbWFuYWdlbWVudCNHcmFkaW5nU2NoZW1lIiwidGl0bGUiOiJMb3dlciBTZWNvbmQtQ2xhc3MgSG9ub3VycyJ9LCJpZGVudGlmaWVyIjoiMDkwNDAwODA4NEgiLCJsZWFybmluZ0FjaGlldmVtZW50Ijp7ImFkZGl0aW9uYWxOb3RlIjpbIkRJU1RSSUJVVElPTiBNQU5BR0VNRU5UIl0sImRlc2NyaXB0aW9uIjoiTUFSS0VUSU5HIEFORCBTQUxFUyIsImlkIjoiaHR0cHM6Ly9sZWFzdG9uLmJjZGlwbG9tYS5jb20vbGF3LWVjb25vbWljcy1tYW5hZ2VtZW50I0xlYXJuaW5nQWNoaWV2bWVudCIsInRpdGxlIjoiTUFTVEVSUyBMQVcsIEVDT05PTUlDUyBBTkQgTUFOQUdFTUVOVCJ9LCJsZWFybmluZ1NwZWNpZmljYXRpb24iOnsiZWN0c0NyZWRpdFBvaW50cyI6MTIwLCJlcWZMZXZlbCI6NywiaWQiOiJodHRwczovL2xlYXN0b24uYmNkaXBsb21hLmNvbS9sYXctZWNvbm9taWNzLW1hbmFnZW1lbnQjTGVhcm5pbmdTcGVjaWZpY2F0aW9uIiwiaXNjZWRmQ29kZSI6WyI3Il0sIm5xZkxldmVsIjpbIjciXX19LCJjcmVkZW50aWFsU3RhdHVzIjp7ImlkIjoiaHR0cHM6Ly9lc3NpZi5ldXJvcGEuZXUvc3RhdHVzL2VkdWNhdGlvbiNoaWdoZXJFZHVjYXRpb24jMzkyYWM3ZjYtMzk5YS00MzdiLWEyNjgtNDY5MWVhZDhmMTc2IiwidHlwZSI6IkNyZWRlbnRpYWxTdGF0dXNMaXN0MjAyMCJ9LCJldmlkZW5jZSI6eyJkb2N1bWVudFByZXNlbmNlIjpbIlBoeXNpY2FsIl0sImV2aWRlbmNlRG9jdW1lbnQiOlsiUGFzc3BvcnQiXSwiaWQiOiJodHRwczovL2Vzc2lmLmV1cm9wYS5ldS90c3ItdmEvZXZpZGVuY2UvZjJhZWVjOTctZmMwZC00MmJmLThjYTctMDU0ODE5MmQ1Njc4Iiwic3ViamVjdFByZXNlbmNlIjoiUGh5c2ljYWwiLCJ0eXBlIjpbIkRvY3VtZW50VmVyaWZpY2F0aW9uIl0sInZlcmlmaWVyIjoiZGlkOmVic2k6Mjk2MmZiNzg0ZGY2MWJhYTI2N2M4MTMyNDk3NTM5ZjhjNjc0YjM3YzEyNDRhN2EifX0sImp0aSI6InVybjp1dWlkOmU2YmJjYmMwLWQwNjQtNDU4Ni1iZmZiLWIxZDRlMDdkZjc3MiJ9.Czg133EjXgkR7dyyRB9OcKH5nH3IdhS7VdESiQ3vlcupedJT77PB88wJHADVMgNXZ_Kf5PzU7nbY4-pQ5f7NDQ
2563 [pool-1-thread-1 @coroutine#90] DEBUG id.walt.services.vc.WaltIdJwtCredentialService - Creating a presentation for VCs:
[PresentableCredential(verifiableCredential=eyJraWQiOiJkaWQ6a2V5Ono2TWtmY3AydHUyVlpnMmZNUFAzdEdvUzhqNUZIN3B5WHVxeXFSRTl4WG1FdEd4USN6Nk1rZmNwMnR1MlZaZzJmTVBQM3RHb1M4ajVGSDdweVh1cXlxUkU5eFhtRXRHeFEiLCJ0eXAiOiJKV1QiLCJhbGciOiJFZERTQSJ9.eyJzdWIiOiJkaWQ6a2V5Ono2TWtmY3AydHUyVlpnMmZNUFAzdEdvUzhqNUZIN3B5WHVxeXFSRTl4WG1FdEd4USIsIm5iZiI6MTcyNjEzMzk3NywiaXNzIjoiZGlkOmtleTp6Nk1rZmNwMnR1MlZaZzJmTVBQM3RHb1M4ajVGSDdweVh1cXlxUkU5eFhtRXRHeFEiLCJpYXQiOjE3MjYxMzM5NzcsInZjIjp7InR5cGUiOlsiVmVyaWZpYWJsZUNyZWRlbnRpYWwiLCJWZXJpZmlhYmxlQXR0ZXN0YXRpb24iLCJWZXJpZmlhYmxlRGlwbG9tYSJdLCJAY29udGV4dCI6WyJodHRwczovL3d3dy53My5vcmcvMjAxOC9jcmVkZW50aWFscy92MSJdLCJpZCI6InVybjp1dWlkOmU2YmJjYmMwLWQwNjQtNDU4Ni1iZmZiLWIxZDRlMDdkZjc3MiIsImlzc3VlciI6ImRpZDprZXk6ejZNa2ZjcDJ0dTJWWmcyZk1QUDN0R29TOGo1Rkg3cHlYdXF5cVJFOXhYbUV0R3hRIiwiaXNzdWFuY2VEYXRlIjoiMjAyNC0wOS0xMlQwOTozOTozN1oiLCJpc3N1ZWQiOiIyMDI0LTA5LTEyVDA5OjM5OjM3WiIsInZhbGlkRnJvbSI6IjIwMjQtMDktMTJUMDk6Mzk6MzdaIiwiZXhwaXJhdGlvbkRhdGUiOiIyMDIyLTA4LTMxVDAwOjAwOjAwWiIsImNyZWRlbnRpYWxTY2hlbWEiOnsiaWQiOiJodHRwczovL3Jhdy5naXRodWJ1c2VyY29udGVudC5jb20vd2FsdC1pZC93YWx0aWQtc3Npa2l0LXZjbGliL21hc3Rlci9zcmMvdGVzdC9yZXNvdXJjZXMvc2NoZW1hcy9WZXJpZmlhYmxlRGlwbG9tYS5qc29uIiwidHlwZSI6Ikpzb25TY2hlbWFWYWxpZGF0b3IyMDE4In0sImNyZWRlbnRpYWxTdWJqZWN0Ijp7ImlkIjoiZGlkOmtleTp6Nk1rZmNwMnR1MlZaZzJmTVBQM3RHb1M4ajVGSDdweVh1cXlxUkU5eFhtRXRHeFEiLCJhd2FyZGluZ09wcG9ydHVuaXR5Ijp7ImF3YXJkaW5nQm9keSI6eyJlaWRhc0xlZ2FsSWRlbnRpZmllciI6IlVua25vd24iLCJob21lcGFnZSI6Imh0dHBzOi8vbGVhc3Rvbi5iY2RpcGxvbWEuY29tLyIsImlkIjoiZGlkOmVic2k6MkE5Qlo5U1VlNkJhdGFjU3B2czFWNUNkakh2THBRN2JFc2kySmI2TGRIS25ReGFOIiwicHJlZmVycmVkTmFtZSI6IkxlYXN0b24gVW5pdmVyc2l0eSIsInJlZ2lzdHJhdGlvbiI6IjA1OTcwNjVKIn0sImVuZGVkQXRUaW1lIjoiMjAyMC0wNi0yNlQwMDowMDowMFoiLCJpZCI6Imh0dHBzOi8vbGVhc3Rvbi5iY2RpcGxvbWEuY29tL2xhdy1lY29ub21pY3MtbWFuYWdlbWVudCNBd2FyZGluZ09wcG9ydHVuaXR5IiwiaWRlbnRpZmllciI6Imh0dHBzOi8vY2VydGlmaWNhdGUtZGVtby5iY2RpcGxvbWEuY29tL2NoZWNrLzg3RUQyRjIyNzBFNkM0MTQ1NkU5NEI4NkI5RDkxMTVCNEUzNUJDQ0FEMjAwQTQ5Qjg0NjU5MkMxNEY3OUM4NkJWMUZuYmxsdGEwTlpUbkprUjNsRFdsUm1URGxTUlVKRVZGWklTbU5tWXpKaFVVNXNaVUo1WjJGSlNIcFdibVpaIiwibG9jYXRpb24iOiJGUkFOQ0UiLCJzdGFydGVkQXRUaW1lIjoiMjAxOS0wOS0wMlQwMDowMDowMFoifSwiZGF0ZU9mQmlydGgiOiIxOTkzLTA0LTA4IiwiZmFtaWx5TmFtZSI6IkRPRSIsImdpdmVuTmFtZXMiOiJKYW5lIiwiZ3JhZGluZ1NjaGVtZSI6eyJpZCI6Imh0dHBzOi8vbGVhc3Rvbi5iY2RpcGxvbWEuY29tL2xhdy1lY29ub21pY3MtbWFuYWdlbWVudCNHcmFkaW5nU2NoZW1lIiwidGl0bGUiOiJMb3dlciBTZWNvbmQtQ2xhc3MgSG9ub3VycyJ9LCJpZGVudGlmaWVyIjoiMDkwNDAwODA4NEgiLCJsZWFybmluZ0FjaGlldmVtZW50Ijp7ImFkZGl0aW9uYWxOb3RlIjpbIkRJU1RSSUJVVElPTiBNQU5BR0VNRU5UIl0sImRlc2NyaXB0aW9uIjoiTUFSS0VUSU5HIEFORCBTQUxFUyIsImlkIjoiaHR0cHM6Ly9sZWFzdG9uLmJjZGlwbG9tYS5jb20vbGF3LWVjb25vbWljcy1tYW5hZ2VtZW50I0xlYXJuaW5nQWNoaWV2bWVudCIsInRpdGxlIjoiTUFTVEVSUyBMQVcsIEVDT05PTUlDUyBBTkQgTUFOQUdFTUVOVCJ9LCJsZWFybmluZ1NwZWNpZmljYXRpb24iOnsiZWN0c0NyZWRpdFBvaW50cyI6MTIwLCJlcWZMZXZlbCI6NywiaWQiOiJodHRwczovL2xlYXN0b24uYmNkaXBsb21hLmNvbS9sYXctZWNvbm9taWNzLW1hbmFnZW1lbnQjTGVhcm5pbmdTcGVjaWZpY2F0aW9uIiwiaXNjZWRmQ29kZSI6WyI3Il0sIm5xZkxldmVsIjpbIjciXX19LCJjcmVkZW50aWFsU3RhdHVzIjp7ImlkIjoiaHR0cHM6Ly9lc3NpZi5ldXJvcGEuZXUvc3RhdHVzL2VkdWNhdGlvbiNoaWdoZXJFZHVjYXRpb24jMzkyYWM3ZjYtMzk5YS00MzdiLWEyNjgtNDY5MWVhZDhmMTc2IiwidHlwZSI6IkNyZWRlbnRpYWxTdGF0dXNMaXN0MjAyMCJ9LCJldmlkZW5jZSI6eyJkb2N1bWVudFByZXNlbmNlIjpbIlBoeXNpY2FsIl0sImV2aWRlbmNlRG9jdW1lbnQiOlsiUGFzc3BvcnQiXSwiaWQiOiJodHRwczovL2Vzc2lmLmV1cm9wYS5ldS90c3ItdmEvZXZpZGVuY2UvZjJhZWVjOTctZmMwZC00MmJmLThjYTctMDU0ODE5MmQ1Njc4Iiwic3ViamVjdFByZXNlbmNlIjoiUGh5c2ljYWwiLCJ0eXBlIjpbIkRvY3VtZW50VmVyaWZpY2F0aW9uIl0sInZlcmlmaWVyIjoiZGlkOmVic2k6Mjk2MmZiNzg0ZGY2MWJhYTI2N2M4MTMyNDk3NTM5ZjhjNjc0YjM3YzEyNDRhN2EifX0sImp0aSI6InVybjp1dWlkOmU2YmJjYmMwLWQwNjQtNDU4Ni1iZmZiLWIxZDRlMDdkZjc3MiJ9.Czg133EjXgkR7dyyRB9OcKH5nH3IdhS7VdESiQ3vlcupedJT77PB88wJHADVMgNXZ_Kf5PzU7nbY4-pQ5f7NDQ, selectiveDisclosure=null, discloseAll=false)]
2563 [pool-1-thread-1 @coroutine#90] DEBUG id.walt.model.DidUrl - Trying to create DidUrl from URL: "did:key:z6Mkfcp2tu2VZg2fMPP3tGoS8j5FH7pyXuqyqRE9xXmEtGxQ"...
2563 [pool-1-thread-1 @coroutine#90] DEBUG id.walt.services.vc.WaltIdJwtCredentialService - Signing JWT object with config: ProofConfig(issuerDid=did:key:z6Mkfcp2tu2VZg2fMPP3tGoS8j5FH7pyXuqyqRE9xXmEtGxQ, subjectDid=did:key:z6Mkfcp2tu2VZg2fMPP3tGoS8j5FH7pyXuqyqRE9xXmEtGxQ, verifierDid=did:key:z6Mkfcp2tu2VZg2fMPP3tGoS8j5FH7pyXuqyqRE9xXmEtGxQ, issuerVerificationMethod=did:key:z6Mkfcp2tu2VZg2fMPP3tGoS8j5FH7pyXuqyqRE9xXmEtGxQ#z6Mkfcp2tu2VZg2fMPP3tGoS8j5FH7pyXuqyqRE9xXmEtGxQ, proofType=JWT, domain=null, nonce=abcd, proofPurpose=null, credentialId=urn:uuid:f2a2f5c7-8e36-4789-b341-921eb4ea7a7a, issueDate=null, validDate=null, expirationDate=null, dataProviderIdentifier=null, ldSignatureType=null, creator=did:key:z6Mkfcp2tu2VZg2fMPP3tGoS8j5FH7pyXuqyqRE9xXmEtGxQ, ecosystem=DEFAULT, statusType=null, statusPurpose=revocation, credentialsEndpoint=null, selectiveDisclosure=null)
2563 [pool-1-thread-1 @coroutine#90] DEBUG id.walt.services.vc.WaltIdJwtCredentialService - Signing: {"sub":"did:key:z6Mkfcp2tu2VZg2fMPP3tGoS8j5FH7pyXuqyqRE9xXmEtGxQ","aud":"did:key:z6Mkfcp2tu2VZg2fMPP3tGoS8j5FH7pyXuqyqRE9xXmEtGxQ","nbf":1726133977,"iss":"did:key:z6Mkfcp2tu2VZg2fMPP3tGoS8j5FH7pyXuqyqRE9xXmEtGxQ","vp":{"type":["VerifiablePresentation"],"@context":["https://www.w3.org/2018/credentials/v1"],"id":"urn:uuid:f2a2f5c7-8e36-4789-b341-921eb4ea7a7a","holder":"did:key:z6Mkfcp2tu2VZg2fMPP3tGoS8j5FH7pyXuqyqRE9xXmEtGxQ","verifiableCredential":["eyJraWQiOiJkaWQ6a2V5Ono2TWtmY3AydHUyVlpnMmZNUFAzdEdvUzhqNUZIN3B5WHVxeXFSRTl4WG1FdEd4USN6Nk1rZmNwMnR1MlZaZzJmTVBQM3RHb1M4ajVGSDdweVh1cXlxUkU5eFhtRXRHeFEiLCJ0eXAiOiJKV1QiLCJhbGciOiJFZERTQSJ9.eyJzdWIiOiJkaWQ6a2V5Ono2TWtmY3AydHUyVlpnMmZNUFAzdEdvUzhqNUZIN3B5WHVxeXFSRTl4WG1FdEd4USIsIm5iZiI6MTcyNjEzMzk3NywiaXNzIjoiZGlkOmtleTp6Nk1rZmNwMnR1MlZaZzJmTVBQM3RHb1M4ajVGSDdweVh1cXlxUkU5eFhtRXRHeFEiLCJpYXQiOjE3MjYxMzM5NzcsInZjIjp7InR5cGUiOlsiVmVyaWZpYWJsZUNyZWRlbnRpYWwiLCJWZXJpZmlhYmxlQXR0ZXN0YXRpb24iLCJWZXJpZmlhYmxlRGlwbG9tYSJdLCJAY29udGV4dCI6WyJodHRwczovL3d3dy53My5vcmcvMjAxOC9jcmVkZW50aWFscy92MSJdLCJpZCI6InVybjp1dWlkOmU2YmJjYmMwLWQwNjQtNDU4Ni1iZmZiLWIxZDRlMDdkZjc3MiIsImlzc3VlciI6ImRpZDprZXk6ejZNa2ZjcDJ0dTJWWmcyZk1QUDN0R29TOGo1Rkg3cHlYdXF5cVJFOXhYbUV0R3hRIiwiaXNzdWFuY2VEYXRlIjoiMjAyNC0wOS0xMlQwOTozOTozN1oiLCJpc3N1ZWQiOiIyMDI0LTA5LTEyVDA5OjM5OjM3WiIsInZhbGlkRnJvbSI6IjIwMjQtMDktMTJUMDk6Mzk6MzdaIiwiZXhwaXJhdGlvbkRhdGUiOiIyMDIyLTA4LTMxVDAwOjAwOjAwWiIsImNyZWRlbnRpYWxTY2hlbWEiOnsiaWQiOiJodHRwczovL3Jhdy5naXRodWJ1c2VyY29udGVudC5jb20vd2FsdC1pZC93YWx0aWQtc3Npa2l0LXZjbGliL21hc3Rlci9zcmMvdGVzdC9yZXNvdXJjZXMvc2NoZW1hcy9WZXJpZmlhYmxlRGlwbG9tYS5qc29uIiwidHlwZSI6Ikpzb25TY2hlbWFWYWxpZGF0b3IyMDE4In0sImNyZWRlbnRpYWxTdWJqZWN0Ijp7ImlkIjoiZGlkOmtleTp6Nk1rZmNwMnR1MlZaZzJmTVBQM3RHb1M4ajVGSDdweVh1cXlxUkU5eFhtRXRHeFEiLCJhd2FyZGluZ09wcG9ydHVuaXR5Ijp7ImF3YXJkaW5nQm9keSI6eyJlaWRhc0xlZ2FsSWRlbnRpZmllciI6IlVua25vd24iLCJob21lcGFnZSI6Imh0dHBzOi8vbGVhc3Rvbi5iY2RpcGxvbWEuY29tLyIsImlkIjoiZGlkOmVic2k6MkE5Qlo5U1VlNkJhdGFjU3B2czFWNUNkakh2THBRN2JFc2kySmI2TGRIS25ReGFOIiwicHJlZmVycmVkTmFtZSI6IkxlYXN0b24gVW5pdmVyc2l0eSIsInJlZ2lzdHJhdGlvbiI6IjA1OTcwNjVKIn0sImVuZGVkQXRUaW1lIjoiMjAyMC0wNi0yNlQwMDowMDowMFoiLCJpZCI6Imh0dHBzOi8vbGVhc3Rvbi5iY2RpcGxvbWEuY29tL2xhdy1lY29ub21pY3MtbWFuYWdlbWVudCNBd2FyZGluZ09wcG9ydHVuaXR5IiwiaWRlbnRpZmllciI6Imh0dHBzOi8vY2VydGlmaWNhdGUtZGVtby5iY2RpcGxvbWEuY29tL2NoZWNrLzg3RUQyRjIyNzBFNkM0MTQ1NkU5NEI4NkI5RDkxMTVCNEUzNUJDQ0FEMjAwQTQ5Qjg0NjU5MkMxNEY3OUM4NkJWMUZuYmxsdGEwTlpUbkprUjNsRFdsUm1URGxTUlVKRVZGWklTbU5tWXpKaFVVNXNaVUo1WjJGSlNIcFdibVpaIiwibG9jYXRpb24iOiJGUkFOQ0UiLCJzdGFydGVkQXRUaW1lIjoiMjAxOS0wOS0wMlQwMDowMDowMFoifSwiZGF0ZU9mQmlydGgiOiIxOTkzLTA0LTA4IiwiZmFtaWx5TmFtZSI6IkRPRSIsImdpdmVuTmFtZXMiOiJKYW5lIiwiZ3JhZGluZ1NjaGVtZSI6eyJpZCI6Imh0dHBzOi8vbGVhc3Rvbi5iY2RpcGxvbWEuY29tL2xhdy1lY29ub21pY3MtbWFuYWdlbWVudCNHcmFkaW5nU2NoZW1lIiwidGl0bGUiOiJMb3dlciBTZWNvbmQtQ2xhc3MgSG9ub3VycyJ9LCJpZGVudGlmaWVyIjoiMDkwNDAwODA4NEgiLCJsZWFybmluZ0FjaGlldmVtZW50Ijp7ImFkZGl0aW9uYWxOb3RlIjpbIkRJU1RSSUJVVElPTiBNQU5BR0VNRU5UIl0sImRlc2NyaXB0aW9uIjoiTUFSS0VUSU5HIEFORCBTQUxFUyIsImlkIjoiaHR0cHM6Ly9sZWFzdG9uLmJjZGlwbG9tYS5jb20vbGF3LWVjb25vbWljcy1tYW5hZ2VtZW50I0xlYXJuaW5nQWNoaWV2bWVudCIsInRpdGxlIjoiTUFTVEVSUyBMQVcsIEVDT05PTUlDUyBBTkQgTUFOQUdFTUVOVCJ9LCJsZWFybmluZ1NwZWNpZmljYXRpb24iOnsiZWN0c0NyZWRpdFBvaW50cyI6MTIwLCJlcWZMZXZlbCI6NywiaWQiOiJodHRwczovL2xlYXN0b24uYmNkaXBsb21hLmNvbS9sYXctZWNvbm9taWNzLW1hbmFnZW1lbnQjTGVhcm5pbmdTcGVjaWZpY2F0aW9uIiwiaXNjZWRmQ29kZSI6WyI3Il0sIm5xZkxldmVsIjpbIjciXX19LCJjcmVkZW50aWFsU3RhdHVzIjp7ImlkIjoiaHR0cHM6Ly9lc3NpZi5ldXJvcGEuZXUvc3RhdHVzL2VkdWNhdGlvbiNoaWdoZXJFZHVjYXRpb24jMzkyYWM3ZjYtMzk5YS00MzdiLWEyNjgtNDY5MWVhZDhmMTc2IiwidHlwZSI6IkNyZWRlbnRpYWxTdGF0dXNMaXN0MjAyMCJ9LCJldmlkZW5jZSI6eyJkb2N1bWVudFByZXNlbmNlIjpbIlBoeXNpY2FsIl0sImV2aWRlbmNlRG9jdW1lbnQiOlsiUGFzc3BvcnQiXSwiaWQiOiJodHRwczovL2Vzc2lmLmV1cm9wYS5ldS90c3ItdmEvZXZpZGVuY2UvZjJhZWVjOTctZmMwZC00MmJmLThjYTctMDU0ODE5MmQ1Njc4Iiwic3ViamVjdFByZXNlbmNlIjoiUGh5c2ljYWwiLCJ0eXBlIjpbIkRvY3VtZW50VmVyaWZpY2F0aW9uIl0sInZlcmlmaWVyIjoiZGlkOmVic2k6Mjk2MmZiNzg0ZGY2MWJhYTI2N2M4MTMyNDk3NTM5ZjhjNjc0YjM3YzEyNDRhN2EifX0sImp0aSI6InVybjp1dWlkOmU2YmJjYmMwLWQwNjQtNDU4Ni1iZmZiLWIxZDRlMDdkZjc3MiJ9.Czg133EjXgkR7dyyRB9OcKH5nH3IdhS7VdESiQ3vlcupedJT77PB88wJHADVMgNXZ_Kf5PzU7nbY4-pQ5f7NDQ"]},"iat":1726133977,"nonce":"abcd","jti":"urn:uuid:f2a2f5c7-8e36-4789-b341-921eb4ea7a7a"}
2563 [pool-1-thread-1 @coroutine#90] DEBUG id.walt.services.keystore.HKVKeyStoreService - Loading key "did:key:z6Mkfcp2tu2VZg2fMPP3tGoS8j5FH7pyXuqyqRE9xXmEtGxQ#z6Mkfcp2tu2VZg2fMPP3tGoS8j5FH7pyXuqyqRE9xXmEtGxQ".
2563 [pool-1-thread-1 @coroutine#90] DEBUG id.walt.services.jwt.WaltIdJwtService - Signing JWT with algorithm: EdDSA_Ed25519
2563 [pool-1-thread-1 @coroutine#90] DEBUG id.walt.model.DidUrl - Trying to create DidUrl from URL: "did:key:z6Mkfcp2tu2VZg2fMPP3tGoS8j5FH7pyXuqyqRE9xXmEtGxQ#z6Mkfcp2tu2VZg2fMPP3tGoS8j5FH7pyXuqyqRE9xXmEtGxQ"...
2564 [pool-1-thread-1 @coroutine#90] DEBUG id.walt.services.keystore.HKVKeyStoreService - Loading key "0939765b42f2411d83a451d42437e1a3".
2564 [pool-1-thread-1 @coroutine#90] DEBUG id.walt.services.jwt.WaltIdJwtService - Signed JWT:  eyJraWQiOiJkaWQ6a2V5Ono2TWtmY3AydHUyVlpnMmZNUFAzdEdvUzhqNUZIN3B5WHVxeXFSRTl4WG1FdEd4USN6Nk1rZmNwMnR1MlZaZzJmTVBQM3RHb1M4ajVGSDdweVh1cXlxUkU5eFhtRXRHeFEiLCJ0eXAiOiJKV1QiLCJhbGciOiJFZERTQSJ9.eyJzdWIiOiJkaWQ6a2V5Ono2TWtmY3AydHUyVlpnMmZNUFAzdEdvUzhqNUZIN3B5WHVxeXFSRTl4WG1FdEd4USIsImF1ZCI6ImRpZDprZXk6ejZNa2ZjcDJ0dTJWWmcyZk1QUDN0R29TOGo1Rkg3cHlYdXF5cVJFOXhYbUV0R3hRIiwibmJmIjoxNzI2MTMzOTc3LCJpc3MiOiJkaWQ6a2V5Ono2TWtmY3AydHUyVlpnMmZNUFAzdEdvUzhqNUZIN3B5WHVxeXFSRTl4WG1FdEd4USIsInZwIjp7InR5cGUiOlsiVmVyaWZpYWJsZVByZXNlbnRhdGlvbiJdLCJAY29udGV4dCI6WyJodHRwczovL3d3dy53My5vcmcvMjAxOC9jcmVkZW50aWFscy92MSJdLCJpZCI6InVybjp1dWlkOmYyYTJmNWM3LThlMzYtNDc4OS1iMzQxLTkyMWViNGVhN2E3YSIsImhvbGRlciI6ImRpZDprZXk6ejZNa2ZjcDJ0dTJWWmcyZk1QUDN0R29TOGo1Rkg3cHlYdXF5cVJFOXhYbUV0R3hRIiwidmVyaWZpYWJsZUNyZWRlbnRpYWwiOlsiZXlKcmFXUWlPaUprYVdRNmEyVjVPbm8yVFd0bVkzQXlkSFV5Vmxwbk1tWk5VRkF6ZEVkdlV6aHFOVVpJTjNCNVdIVnhlWEZTUlRsNFdHMUZkRWQ0VVNONk5rMXJabU53TW5SMU1sWmFaekptVFZCUU0zUkhiMU00YWpWR1NEZHdlVmgxY1hseFVrVTVlRmh0UlhSSGVGRWlMQ0owZVhBaU9pSktWMVFpTENKaGJHY2lPaUpGWkVSVFFTSjkuZXlKemRXSWlPaUprYVdRNmEyVjVPbm8yVFd0bVkzQXlkSFV5Vmxwbk1tWk5VRkF6ZEVkdlV6aHFOVVpJTjNCNVdIVnhlWEZTUlRsNFdHMUZkRWQ0VVNJc0ltNWlaaUk2TVRjeU5qRXpNemszTnl3aWFYTnpJam9pWkdsa09tdGxlVHA2TmsxclptTndNblIxTWxaYVp6Sm1UVkJRTTNSSGIxTTRhalZHU0Rkd2VWaDFjWGx4VWtVNWVGaHRSWFJIZUZFaUxDSnBZWFFpT2pFM01qWXhNek01Tnpjc0luWmpJanA3SW5SNWNHVWlPbHNpVm1WeWFXWnBZV0pzWlVOeVpXUmxiblJwWVd3aUxDSldaWEpwWm1saFlteGxRWFIwWlhOMFlYUnBiMjRpTENKV1pYSnBabWxoWW14bFJHbHdiRzl0WVNKZExDSkFZMjl1ZEdWNGRDSTZXeUpvZEhSd2N6b3ZMM2QzZHk1M015NXZjbWN2TWpBeE9DOWpjbVZrWlc1MGFXRnNjeTkyTVNKZExDSnBaQ0k2SW5WeWJqcDFkV2xrT21VMlltSmpZbU13TFdRd05qUXRORFU0TmkxaVptWmlMV0l4WkRSbE1EZGtaamMzTWlJc0ltbHpjM1ZsY2lJNkltUnBaRHByWlhrNmVqWk5hMlpqY0RKMGRUSldXbWN5WmsxUVVETjBSMjlUT0dvMVJrZzNjSGxZZFhGNWNWSkZPWGhZYlVWMFIzaFJJaXdpYVhOemRXRnVZMlZFWVhSbElqb2lNakF5TkMwd09TMHhNbFF3T1Rvek9Ub3pOMW9pTENKcGMzTjFaV1FpT2lJeU1ESTBMVEE1TFRFeVZEQTVPak01T2pNM1dpSXNJblpoYkdsa1JuSnZiU0k2SWpJd01qUXRNRGt0TVRKVU1EazZNems2TXpkYUlpd2laWGh3YVhKaGRHbHZia1JoZEdVaU9pSXlNREl5TFRBNExUTXhWREF3T2pBd09qQXdXaUlzSW1OeVpXUmxiblJwWVd4VFkyaGxiV0VpT25zaWFXUWlPaUpvZEhSd2N6b3ZMM0poZHk1bmFYUm9kV0oxYzJWeVkyOXVkR1Z1ZEM1amIyMHZkMkZzZEMxcFpDOTNZV3gwYVdRdGMzTnBhMmwwTFhaamJHbGlMMjFoYzNSbGNpOXpjbU12ZEdWemRDOXlaWE52ZFhKalpYTXZjMk5vWlcxaGN5OVdaWEpwWm1saFlteGxSR2x3Ykc5dFlTNXFjMjl1SWl3aWRIbHdaU0k2SWtwemIyNVRZMmhsYldGV1lXeHBaR0YwYjNJeU1ERTRJbjBzSW1OeVpXUmxiblJwWVd4VGRXSnFaV04wSWpwN0ltbGtJam9pWkdsa09tdGxlVHA2TmsxclptTndNblIxTWxaYVp6Sm1UVkJRTTNSSGIxTTRhalZHU0Rkd2VWaDFjWGx4VWtVNWVGaHRSWFJIZUZFaUxDSmhkMkZ5WkdsdVowOXdjRzl5ZEhWdWFYUjVJanA3SW1GM1lYSmthVzVuUW05a2VTSTZleUpsYVdSaGMweGxaMkZzU1dSbGJuUnBabWxsY2lJNklsVnVhMjV2ZDI0aUxDSm9iMjFsY0dGblpTSTZJbWgwZEhCek9pOHZiR1ZoYzNSdmJpNWlZMlJwY0d4dmJXRXVZMjl0THlJc0ltbGtJam9pWkdsa09tVmljMms2TWtFNVFsbzVVMVZsTmtKaGRHRmpVM0IyY3pGV05VTmtha2gyVEhCUk4ySkZjMmt5U21JMlRHUklTMjVSZUdGT0lpd2ljSEpsWm1WeWNtVmtUbUZ0WlNJNklreGxZWE4wYjI0Z1ZXNXBkbVZ5YzJsMGVTSXNJbkpsWjJsemRISmhkR2x2YmlJNklqQTFPVGN3TmpWS0luMHNJbVZ1WkdWa1FYUlVhVzFsSWpvaU1qQXlNQzB3TmkweU5sUXdNRG93TURvd01Gb2lMQ0pwWkNJNkltaDBkSEJ6T2k4dmJHVmhjM1J2Ymk1aVkyUnBjR3h2YldFdVkyOXRMMnhoZHkxbFkyOXViMjFwWTNNdGJXRnVZV2RsYldWdWRDTkJkMkZ5WkdsdVowOXdjRzl5ZEhWdWFYUjVJaXdpYVdSbGJuUnBabWxsY2lJNkltaDBkSEJ6T2k4dlkyVnlkR2xtYVdOaGRHVXRaR1Z0Ynk1aVkyUnBjR3h2YldFdVkyOXRMMk5vWldOckx6ZzNSVVF5UmpJeU56QkZOa00wTVRRMU5rVTVORUk0TmtJNVJEa3hNVFZDTkVVek5VSkRRMEZFTWpBd1FUUTVRamcwTmpVNU1rTXhORVkzT1VNNE5rSldNVVp1WW14c2RHRXdUbHBVYmtwclVqTnNSRmRzVW0xVVJHeFRVbFZLUlZaR1drbFRiVTV0V1hwS2FGVlZOWE5hVlVvMVdqSkdTbE5JY0ZkaWJWcGFJaXdpYkc5allYUnBiMjRpT2lKR1VrRk9RMFVpTENKemRHRnlkR1ZrUVhSVWFXMWxJam9pTWpBeE9TMHdPUzB3TWxRd01Eb3dNRG93TUZvaWZTd2laR0YwWlU5bVFtbHlkR2dpT2lJeE9Ua3pMVEEwTFRBNElpd2labUZ0YVd4NVRtRnRaU0k2SWtSUFJTSXNJbWRwZG1WdVRtRnRaWE1pT2lKS1lXNWxJaXdpWjNKaFpHbHVaMU5qYUdWdFpTSTZleUpwWkNJNkltaDBkSEJ6T2k4dmJHVmhjM1J2Ymk1aVkyUnBjR3h2YldFdVkyOXRMMnhoZHkxbFkyOXViMjFwWTNNdGJXRnVZV2RsYldWdWRDTkhjbUZrYVc1blUyTm9aVzFsSWl3aWRHbDBiR1VpT2lKTWIzZGxjaUJUWldOdmJtUXRRMnhoYzNNZ1NHOXViM1Z5Y3lKOUxDSnBaR1Z1ZEdsbWFXVnlJam9pTURrd05EQXdPREE0TkVnaUxDSnNaV0Z5Ym1sdVowRmphR2xsZG1WdFpXNTBJanA3SW1Ga1pHbDBhVzl1WVd4T2IzUmxJanBiSWtSSlUxUlNTVUpWVkVsUFRpQk5RVTVCUjBWTlJVNVVJbDBzSW1SbGMyTnlhWEIwYVc5dUlqb2lUVUZTUzBWVVNVNUhJRUZPUkNCVFFVeEZVeUlzSW1sa0lqb2lhSFIwY0hNNkx5OXNaV0Z6ZEc5dUxtSmpaR2x3Ykc5dFlTNWpiMjB2YkdGM0xXVmpiMjV2YldsamN5MXRZVzVoWjJWdFpXNTBJMHhsWVhKdWFXNW5RV05vYVdWMmJXVnVkQ0lzSW5ScGRHeGxJam9pVFVGVFZFVlNVeUJNUVZjc0lFVkRUMDVQVFVsRFV5QkJUa1FnVFVGT1FVZEZUVVZPVkNKOUxDSnNaV0Z5Ym1sdVoxTndaV05wWm1sallYUnBiMjRpT25zaVpXTjBjME55WldScGRGQnZhVzUwY3lJNk1USXdMQ0psY1daTVpYWmxiQ0k2Tnl3aWFXUWlPaUpvZEhSd2N6b3ZMMnhsWVhOMGIyNHVZbU5rYVhCc2IyMWhMbU52YlM5c1lYY3RaV052Ym05dGFXTnpMVzFoYm1GblpXMWxiblFqVEdWaGNtNXBibWRUY0dWamFXWnBZMkYwYVc5dUlpd2lhWE5qWldSbVEyOWtaU0k2V3lJM0lsMHNJbTV4Wmt4bGRtVnNJanBiSWpjaVhYMTlMQ0pqY21Wa1pXNTBhV0ZzVTNSaGRIVnpJanA3SW1sa0lqb2lhSFIwY0hNNkx5OWxjM05wWmk1bGRYSnZjR0V1WlhVdmMzUmhkSFZ6TDJWa2RXTmhkR2x2YmlOb2FXZG9aWEpGWkhWallYUnBiMjRqTXpreVlXTTNaall0TXprNVlTMDBNemRpTFdFeU5qZ3RORFk1TVdWaFpEaG1NVGMySWl3aWRIbHdaU0k2SWtOeVpXUmxiblJwWVd4VGRHRjBkWE5NYVhOME1qQXlNQ0o5TENKbGRtbGtaVzVqWlNJNmV5SmtiMk4xYldWdWRGQnlaWE5sYm1ObElqcGJJbEJvZVhOcFkyRnNJbDBzSW1WMmFXUmxibU5sUkc5amRXMWxiblFpT2xzaVVHRnpjM0J2Y25RaVhTd2lhV1FpT2lKb2RIUndjem92TDJWemMybG1MbVYxY205d1lTNWxkUzkwYzNJdGRtRXZaWFpwWkdWdVkyVXZaakpoWldWak9UY3RabU13WkMwME1tSm1MVGhqWVRjdE1EVTBPREU1TW1RMU5qYzRJaXdpYzNWaWFtVmpkRkJ5WlhObGJtTmxJam9pVUdoNWMybGpZV3dpTENKMGVYQmxJanBiSWtSdlkzVnRaVzUwVm1WeWFXWnBZMkYwYVc5dUlsMHNJblpsY21sbWFXVnlJam9pWkdsa09tVmljMms2TWprMk1tWmlOemcwWkdZMk1XSmhZVEkyTjJNNE1UTXlORGszTlRNNVpqaGpOamMwWWpNM1l6RXlORFJoTjJFaWZYMHNJbXAwYVNJNkluVnlianAxZFdsa09tVTJZbUpqWW1Nd0xXUXdOalF0TkRVNE5pMWlabVppTFdJeFpEUmxNRGRrWmpjM01pSjkuQ3pnMTMzRWpYZ2tSN2R5eVJCOU9jS0g1bkgzSWRoUzdWZEVTaVEzdmxjdXBlZEpUNzdQQjg4d0pIQURWTWdOWFpfS2Y1UHpVN25iWTQtcFE1ZjdORFEiXX0sImlhdCI6MTcyNjEzMzk3Nywibm9uY2UiOiJhYmNkIiwianRpIjoidXJuOnV1aWQ6ZjJhMmY1YzctOGUzNi00Nzg5LWIzNDEtOTIxZWI0ZWE3YTdhIn0.wp3OA_6Hr4Ir89MB3DyA8b8XlUIbQ0uG8iPDsJQ_sYdNbUbbPV4_uoAcO-6y3ouIZHt8-XHEBoJ3t7lXXD1sDw
2565 [pool-1-thread-1 @coroutine#90] DEBUG id.walt.services.vc.WaltIdJwtCredentialService - VP created:eyJraWQiOiJkaWQ6a2V5Ono2TWtmY3AydHUyVlpnMmZNUFAzdEdvUzhqNUZIN3B5WHVxeXFSRTl4WG1FdEd4USN6Nk1rZmNwMnR1MlZaZzJmTVBQM3RHb1M4ajVGSDdweVh1cXlxUkU5eFhtRXRHeFEiLCJ0eXAiOiJKV1QiLCJhbGciOiJFZERTQSJ9.eyJzdWIiOiJkaWQ6a2V5Ono2TWtmY3AydHUyVlpnMmZNUFAzdEdvUzhqNUZIN3B5WHVxeXFSRTl4WG1FdEd4USIsImF1ZCI6ImRpZDprZXk6ejZNa2ZjcDJ0dTJWWmcyZk1QUDN0R29TOGo1Rkg3cHlYdXF5cVJFOXhYbUV0R3hRIiwibmJmIjoxNzI2MTMzOTc3LCJpc3MiOiJkaWQ6a2V5Ono2TWtmY3AydHUyVlpnMmZNUFAzdEdvUzhqNUZIN3B5WHVxeXFSRTl4WG1FdEd4USIsInZwIjp7InR5cGUiOlsiVmVyaWZpYWJsZVByZXNlbnRhdGlvbiJdLCJAY29udGV4dCI6WyJodHRwczovL3d3dy53My5vcmcvMjAxOC9jcmVkZW50aWFscy92MSJdLCJpZCI6InVybjp1dWlkOmYyYTJmNWM3LThlMzYtNDc4OS1iMzQxLTkyMWViNGVhN2E3YSIsImhvbGRlciI6ImRpZDprZXk6ejZNa2ZjcDJ0dTJWWmcyZk1QUDN0R29TOGo1Rkg3cHlYdXF5cVJFOXhYbUV0R3hRIiwidmVyaWZpYWJsZUNyZWRlbnRpYWwiOlsiZXlKcmFXUWlPaUprYVdRNmEyVjVPbm8yVFd0bVkzQXlkSFV5Vmxwbk1tWk5VRkF6ZEVkdlV6aHFOVVpJTjNCNVdIVnhlWEZTUlRsNFdHMUZkRWQ0VVNONk5rMXJabU53TW5SMU1sWmFaekptVFZCUU0zUkhiMU00YWpWR1NEZHdlVmgxY1hseFVrVTVlRmh0UlhSSGVGRWlMQ0owZVhBaU9pSktWMVFpTENKaGJHY2lPaUpGWkVSVFFTSjkuZXlKemRXSWlPaUprYVdRNmEyVjVPbm8yVFd0bVkzQXlkSFV5Vmxwbk1tWk5VRkF6ZEVkdlV6aHFOVVpJTjNCNVdIVnhlWEZTUlRsNFdHMUZkRWQ0VVNJc0ltNWlaaUk2TVRjeU5qRXpNemszTnl3aWFYTnpJam9pWkdsa09tdGxlVHA2TmsxclptTndNblIxTWxaYVp6Sm1UVkJRTTNSSGIxTTRhalZHU0Rkd2VWaDFjWGx4VWtVNWVGaHRSWFJIZUZFaUxDSnBZWFFpT2pFM01qWXhNek01Tnpjc0luWmpJanA3SW5SNWNHVWlPbHNpVm1WeWFXWnBZV0pzWlVOeVpXUmxiblJwWVd3aUxDSldaWEpwWm1saFlteGxRWFIwWlhOMFlYUnBiMjRpTENKV1pYSnBabWxoWW14bFJHbHdiRzl0WVNKZExDSkFZMjl1ZEdWNGRDSTZXeUpvZEhSd2N6b3ZMM2QzZHk1M015NXZjbWN2TWpBeE9DOWpjbVZrWlc1MGFXRnNjeTkyTVNKZExDSnBaQ0k2SW5WeWJqcDFkV2xrT21VMlltSmpZbU13TFdRd05qUXRORFU0TmkxaVptWmlMV0l4WkRSbE1EZGtaamMzTWlJc0ltbHpjM1ZsY2lJNkltUnBaRHByWlhrNmVqWk5hMlpqY0RKMGRUSldXbWN5WmsxUVVETjBSMjlUT0dvMVJrZzNjSGxZZFhGNWNWSkZPWGhZYlVWMFIzaFJJaXdpYVhOemRXRnVZMlZFWVhSbElqb2lNakF5TkMwd09TMHhNbFF3T1Rvek9Ub3pOMW9pTENKcGMzTjFaV1FpT2lJeU1ESTBMVEE1TFRFeVZEQTVPak01T2pNM1dpSXNJblpoYkdsa1JuSnZiU0k2SWpJd01qUXRNRGt0TVRKVU1EazZNems2TXpkYUlpd2laWGh3YVhKaGRHbHZia1JoZEdVaU9pSXlNREl5TFRBNExUTXhWREF3T2pBd09qQXdXaUlzSW1OeVpXUmxiblJwWVd4VFkyaGxiV0VpT25zaWFXUWlPaUpvZEhSd2N6b3ZMM0poZHk1bmFYUm9kV0oxYzJWeVkyOXVkR1Z1ZEM1amIyMHZkMkZzZEMxcFpDOTNZV3gwYVdRdGMzTnBhMmwwTFhaamJHbGlMMjFoYzNSbGNpOXpjbU12ZEdWemRDOXlaWE52ZFhKalpYTXZjMk5vWlcxaGN5OVdaWEpwWm1saFlteGxSR2x3Ykc5dFlTNXFjMjl1SWl3aWRIbHdaU0k2SWtwemIyNVRZMmhsYldGV1lXeHBaR0YwYjNJeU1ERTRJbjBzSW1OeVpXUmxiblJwWVd4VGRXSnFaV04wSWpwN0ltbGtJam9pWkdsa09tdGxlVHA2TmsxclptTndNblIxTWxaYVp6Sm1UVkJRTTNSSGIxTTRhalZHU0Rkd2VWaDFjWGx4VWtVNWVGaHRSWFJIZUZFaUxDSmhkMkZ5WkdsdVowOXdjRzl5ZEhWdWFYUjVJanA3SW1GM1lYSmthVzVuUW05a2VTSTZleUpsYVdSaGMweGxaMkZzU1dSbGJuUnBabWxsY2lJNklsVnVhMjV2ZDI0aUxDSm9iMjFsY0dGblpTSTZJbWgwZEhCek9pOHZiR1ZoYzNSdmJpNWlZMlJwY0d4dmJXRXVZMjl0THlJc0ltbGtJam9pWkdsa09tVmljMms2TWtFNVFsbzVVMVZsTmtKaGRHRmpVM0IyY3pGV05VTmtha2gyVEhCUk4ySkZjMmt5U21JMlRHUklTMjVSZUdGT0lpd2ljSEpsWm1WeWNtVmtUbUZ0WlNJNklreGxZWE4wYjI0Z1ZXNXBkbVZ5YzJsMGVTSXNJbkpsWjJsemRISmhkR2x2YmlJNklqQTFPVGN3TmpWS0luMHNJbVZ1WkdWa1FYUlVhVzFsSWpvaU1qQXlNQzB3TmkweU5sUXdNRG93TURvd01Gb2lMQ0pwWkNJNkltaDBkSEJ6T2k4dmJHVmhjM1J2Ymk1aVkyUnBjR3h2YldFdVkyOXRMMnhoZHkxbFkyOXViMjFwWTNNdGJXRnVZV2RsYldWdWRDTkJkMkZ5WkdsdVowOXdjRzl5ZEhWdWFYUjVJaXdpYVdSbGJuUnBabWxsY2lJNkltaDBkSEJ6T2k4dlkyVnlkR2xtYVdOaGRHVXRaR1Z0Ynk1aVkyUnBjR3h2YldFdVkyOXRMMk5vWldOckx6ZzNSVVF5UmpJeU56QkZOa00wTVRRMU5rVTVORUk0TmtJNVJEa3hNVFZDTkVVek5VSkRRMEZFTWpBd1FUUTVRamcwTmpVNU1rTXhORVkzT1VNNE5rSldNVVp1WW14c2RHRXdUbHBVYmtwclVqTnNSRmRzVW0xVVJHeFRVbFZLUlZaR1drbFRiVTV0V1hwS2FGVlZOWE5hVlVvMVdqSkdTbE5JY0ZkaWJWcGFJaXdpYkc5allYUnBiMjRpT2lKR1VrRk9RMFVpTENKemRHRnlkR1ZrUVhSVWFXMWxJam9pTWpBeE9TMHdPUzB3TWxRd01Eb3dNRG93TUZvaWZTd2laR0YwWlU5bVFtbHlkR2dpT2lJeE9Ua3pMVEEwTFRBNElpd2labUZ0YVd4NVRtRnRaU0k2SWtSUFJTSXNJbWRwZG1WdVRtRnRaWE1pT2lKS1lXNWxJaXdpWjNKaFpHbHVaMU5qYUdWdFpTSTZleUpwWkNJNkltaDBkSEJ6T2k4dmJHVmhjM1J2Ymk1aVkyUnBjR3h2YldFdVkyOXRMMnhoZHkxbFkyOXViMjFwWTNNdGJXRnVZV2RsYldWdWRDTkhjbUZrYVc1blUyTm9aVzFsSWl3aWRHbDBiR1VpT2lKTWIzZGxjaUJUWldOdmJtUXRRMnhoYzNNZ1NHOXViM1Z5Y3lKOUxDSnBaR1Z1ZEdsbWFXVnlJam9pTURrd05EQXdPREE0TkVnaUxDSnNaV0Z5Ym1sdVowRmphR2xsZG1WdFpXNTBJanA3SW1Ga1pHbDBhVzl1WVd4T2IzUmxJanBiSWtSSlUxUlNTVUpWVkVsUFRpQk5RVTVCUjBWTlJVNVVJbDBzSW1SbGMyTnlhWEIwYVc5dUlqb2lUVUZTUzBWVVNVNUhJRUZPUkNCVFFVeEZVeUlzSW1sa0lqb2lhSFIwY0hNNkx5OXNaV0Z6ZEc5dUxtSmpaR2x3Ykc5dFlTNWpiMjB2YkdGM0xXVmpiMjV2YldsamN5MXRZVzVoWjJWdFpXNTBJMHhsWVhKdWFXNW5RV05vYVdWMmJXVnVkQ0lzSW5ScGRHeGxJam9pVFVGVFZFVlNVeUJNUVZjc0lFVkRUMDVQVFVsRFV5QkJUa1FnVFVGT1FVZEZUVVZPVkNKOUxDSnNaV0Z5Ym1sdVoxTndaV05wWm1sallYUnBiMjRpT25zaVpXTjBjME55WldScGRGQnZhVzUwY3lJNk1USXdMQ0psY1daTVpYWmxiQ0k2Tnl3aWFXUWlPaUpvZEhSd2N6b3ZMMnhsWVhOMGIyNHVZbU5rYVhCc2IyMWhMbU52YlM5c1lYY3RaV052Ym05dGFXTnpMVzFoYm1GblpXMWxiblFqVEdWaGNtNXBibWRUY0dWamFXWnBZMkYwYVc5dUlpd2lhWE5qWldSbVEyOWtaU0k2V3lJM0lsMHNJbTV4Wmt4bGRtVnNJanBiSWpjaVhYMTlMQ0pqY21Wa1pXNTBhV0ZzVTNSaGRIVnpJanA3SW1sa0lqb2lhSFIwY0hNNkx5OWxjM05wWmk1bGRYSnZjR0V1WlhVdmMzUmhkSFZ6TDJWa2RXTmhkR2x2YmlOb2FXZG9aWEpGWkhWallYUnBiMjRqTXpreVlXTTNaall0TXprNVlTMDBNemRpTFdFeU5qZ3RORFk1TVdWaFpEaG1NVGMySWl3aWRIbHdaU0k2SWtOeVpXUmxiblJwWVd4VGRHRjBkWE5NYVhOME1qQXlNQ0o5TENKbGRtbGtaVzVqWlNJNmV5SmtiMk4xYldWdWRGQnlaWE5sYm1ObElqcGJJbEJvZVhOcFkyRnNJbDBzSW1WMmFXUmxibU5sUkc5amRXMWxiblFpT2xzaVVHRnpjM0J2Y25RaVhTd2lhV1FpT2lKb2RIUndjem92TDJWemMybG1MbVYxY205d1lTNWxkUzkwYzNJdGRtRXZaWFpwWkdWdVkyVXZaakpoWldWak9UY3RabU13WkMwME1tSm1MVGhqWVRjdE1EVTBPREU1TW1RMU5qYzRJaXdpYzNWaWFtVmpkRkJ5WlhObGJtTmxJam9pVUdoNWMybGpZV3dpTENKMGVYQmxJanBiSWtSdlkzVnRaVzUwVm1WeWFXWnBZMkYwYVc5dUlsMHNJblpsY21sbWFXVnlJam9pWkdsa09tVmljMms2TWprMk1tWmlOemcwWkdZMk1XSmhZVEkyTjJNNE1UTXlORGszTlRNNVpqaGpOamMwWWpNM1l6RXlORFJoTjJFaWZYMHNJbXAwYVNJNkluVnlianAxZFdsa09tVTJZbUpqWW1Nd0xXUXdOalF0TkRVNE5pMWlabVppTFdJeFpEUmxNRGRrWmpjM01pSjkuQ3pnMTMzRWpYZ2tSN2R5eVJCOU9jS0g1bkgzSWRoUzdWZEVTaVEzdmxjdXBlZEpUNzdQQjg4d0pIQURWTWdOWFpfS2Y1UHpVN25iWTQtcFE1ZjdORFEiXX0sImlhdCI6MTcyNjEzMzk3Nywibm9uY2UiOiJhYmNkIiwianRpIjoidXJuOnV1aWQ6ZjJhMmY1YzctOGUzNi00Nzg5LWIzNDEtOTIxZWI0ZWE3YTdhIn0.wp3OA_6Hr4Ir89MB3DyA8b8XlUIbQ0uG8iPDsJQ_sYdNbUbbPV4_uoAcO-6y3ouIZHt8-XHEBoJ3t7lXXD1sDw
2565 [pool-1-thread-1 @coroutine#90] DEBUG id.walt.auditor.Auditor - Verifying vc with JsonSchemaPolicy ...
2596 [pool-1-thread-1 @coroutine#90] DEBUG id.walt.auditor.VerificationPolicy - VC [VerifiableCredential, VerifiableAttestation, VerifiableDiploma] passes policy JsonSchemaPolicy: passed
2596 [pool-1-thread-1 @coroutine#90] DEBUG id.walt.auditor.Auditor - Verifying vc with JsonSchemaPolicy ...
2626 [pool-1-thread-1 @coroutine#90] DEBUG id.walt.auditor.VerificationPolicy - VC [VerifiableCredential, VerifiableAttestation, VerifiableDiploma] passes policy JsonSchemaPolicy: passed
2626 [pool-1-thread-1 @coroutine#90] DEBUG id.walt.auditor.Auditor - Verifying vc with JsonSchemaPolicy ...
2896 [pool-1-thread-1 @coroutine#90] DEBUG id.walt.credentials.w3c.schema.NetworkntSchemaValidator - Could not validate vc against schema. The validation errors are:
2896 [pool-1-thread-1 @coroutine#90] DEBUG id.walt.credentials.w3c.schema.NetworkntSchemaValidator - $.credentialSubject.identifier: string found, array expected
2896 [pool-1-thread-1 @coroutine#90] DEBUG id.walt.credentials.w3c.schema.NetworkntSchemaValidator - $.credentialSubject.awardingOpportunity: is not defined in the schema and the schema does not allow additional properties
2896 [pool-1-thread-1 @coroutine#90] DEBUG id.walt.credentials.w3c.schema.NetworkntSchemaValidator - $.credentialSubject.givenNames: is not defined in the schema and the schema does not allow additional properties
2896 [pool-1-thread-1 @coroutine#90] DEBUG id.walt.credentials.w3c.schema.NetworkntSchemaValidator - $.credentialSubject.gradingScheme: is not defined in the schema and the schema does not allow additional properties
2896 [pool-1-thread-1 @coroutine#90] DEBUG id.walt.credentials.w3c.schema.NetworkntSchemaValidator - $.credentialSubject.learningAchievement: is not defined in the schema and the schema does not allow additional properties
2896 [pool-1-thread-1 @coroutine#90] DEBUG id.walt.credentials.w3c.schema.NetworkntSchemaValidator - $.credentialSubject.learningSpecification: is not defined in the schema and the schema does not allow additional properties
2896 [pool-1-thread-1 @coroutine#90] DEBUG id.walt.credentials.w3c.schema.NetworkntSchemaValidator - $.evidence: object found, array expected
2897 [pool-1-thread-1 @coroutine#90] DEBUG id.walt.auditor.VerificationPolicy - VerificationPolicy failed: $.credentialSubject.identifier: string found, array expected, $.credentialSubject.awardingOpportunity: is not defined in the schema and the schema does not allow additional properties, $.credentialSubject.givenNames: is not defined in the schema and the schema does not allow additional properties, $.credentialSubject.gradingScheme: is not defined in the schema and the schema does not allow additional properties, $.credentialSubject.learningAchievement: is not defined in the schema and the schema does not allow additional properties, $.credentialSubject.learningSpecification: is not defined in the schema and the schema does not allow additional properties, $.evidence: object found, array expected
2898 [pool-1-thread-1 @coroutine#90] DEBUG id.walt.auditor.VerificationPolicy - VC [VerifiableCredential, VerifiableAttestation, VerifiableDiploma] passes policy JsonSchemaPolicy: failed: #1: SchemaViolationException - $.credentialSubject.identifier: string found, array expected, #2: SchemaViolationException - $.credentialSubject.awardingOpportunity: is not defined in the schema and the schema does not allow additional properties, #3: SchemaViolationException - $.credentialSubject.givenNames: is not defined in the schema and the schema does not allow additional properties, #4: SchemaViolationException - $.credentialSubject.gradingScheme: is not defined in the schema and the schema does not allow additional properties, #5: SchemaViolationException - $.credentialSubject.learningAchievement: is not defined in the schema and the schema does not allow additional properties, #6: SchemaViolationException - $.credentialSubject.learningSpecification: is not defined in the schema and the schema does not allow additional properties, #7: SchemaViolationException - $.evidence: object found, array expected
2898 [pool-1-thread-1 @coroutine#90] ERROR id.walt.auditor.Auditor - JsonSchemaPolicy: javax.naming.directory.SchemaViolationException: $.credentialSubject.identifier: string found, array expected
2898 [pool-1-thread-1 @coroutine#90] ERROR id.walt.auditor.Auditor - JsonSchemaPolicy: javax.naming.directory.SchemaViolationException: $.credentialSubject.awardingOpportunity: is not defined in the schema and the schema does not allow additional properties
2898 [pool-1-thread-1 @coroutine#90] ERROR id.walt.auditor.Auditor - JsonSchemaPolicy: javax.naming.directory.SchemaViolationException: $.credentialSubject.givenNames: is not defined in the schema and the schema does not allow additional properties
2898 [pool-1-thread-1 @coroutine#90] ERROR id.walt.auditor.Auditor - JsonSchemaPolicy: javax.naming.directory.SchemaViolationException: $.credentialSubject.gradingScheme: is not defined in the schema and the schema does not allow additional properties
2898 [pool-1-thread-1 @coroutine#90] ERROR id.walt.auditor.Auditor - JsonSchemaPolicy: javax.naming.directory.SchemaViolationException: $.credentialSubject.learningAchievement: is not defined in the schema and the schema does not allow additional properties
2898 [pool-1-thread-1 @coroutine#90] ERROR id.walt.auditor.Auditor - JsonSchemaPolicy: javax.naming.directory.SchemaViolationException: $.credentialSubject.learningSpecification: is not defined in the schema and the schema does not allow additional properties
2898 [pool-1-thread-1 @coroutine#90] ERROR id.walt.auditor.Auditor - JsonSchemaPolicy: javax.naming.directory.SchemaViolationException: $.evidence: object found, array expected
2898 [pool-1-thread-1 @coroutine#90] DEBUG id.walt.auditor.VerificationPolicy - VerificationPolicy failed: $.credentialSubject.identifier: string found, array expected, $.credentialSubject.awardingOpportunity: is not defined in the schema and the schema does not allow additional properties, $.credentialSubject.givenNames: is not defined in the schema and the schema does not allow additional properties, $.credentialSubject.gradingScheme: is not defined in the schema and the schema does not allow additional properties, $.credentialSubject.learningAchievement: is not defined in the schema and the schema does not allow additional properties, $.credentialSubject.learningSpecification: is not defined in the schema and the schema does not allow additional properties, $.evidence: object found, array expected
3521 [pool-1-thread-1 @coroutine#90] DEBUG id.walt.auditor.Auditor - Verifying vc with JsonSchemaPolicy ...
3523 [pool-1-thread-1 @coroutine#90] DEBUG id.walt.auditor.VerificationPolicy - VC [VerifiableCredential, VerifiableAttestation, VerifiableDiploma] passes policy JsonSchemaPolicy: passed
3523 [pool-1-thread-1 @coroutine#90] DEBUG id.walt.auditor.Auditor - Verifying vc with JsonSchemaPolicy ...
3524 [pool-1-thread-1 @coroutine#90] DEBUG id.walt.auditor.VerificationPolicy - VC [VerifiableCredential, VerifiableAttestation, VerifiableDiploma] passes policy JsonSchemaPolicy: passed
3532 [pool-1-thread-1 @coroutine#100] DEBUG id.walt.services.keystore.HKVKeyStoreService - Storing key "eecb87e7e8f545cfbc0a0b5ed97b15d4".
3532 [pool-1-thread-1 @coroutine#100] DEBUG id.walt.services.keystore.HKVKeyStoreService - Loading key "eecb87e7e8f545cfbc0a0b5ed97b15d4".
3533 [pool-1-thread-1 @coroutine#100] DEBUG id.walt.model.DidUrl - Trying to create DidUrl from URL: "did:key:z6MkhARh9naKXN9Ti6UF9zrZUYyjmQrbz8HAsevPLgSeqAXK"...
3534 [pool-1-thread-1 @coroutine#100] DEBUG id.walt.services.keystore.HKVKeyStoreService - Loading key "eecb87e7e8f545cfbc0a0b5ed97b15d4".
3534 [pool-1-thread-1 @coroutine#100] DEBUG id.walt.services.did.DidService - A key with the id "eecb87e7e8f545cfbc0a0b5ed97b15d4" exists.
3534 [pool-1-thread-1 @coroutine#100] DEBUG id.walt.model.DidUrl - Trying to create DidUrl from URL: "did:key:z6MkhARh9naKXN9Ti6UF9zrZUYyjmQrbz8HAsevPLgSeqAXK"...
3535 [pool-1-thread-1 @coroutine#100] DEBUG id.walt.model.DidUrl - Trying to create DidUrl from URL: "did:key:z6MkhARh9naKXN9Ti6UF9zrZUYyjmQrbz8HAsevPLgSeqAXK"...
3535 [pool-1-thread-1 @coroutine#100] DEBUG id.walt.model.DidUrl - Trying to create DidUrl from URL: "did:key:z6MkhARh9naKXN9Ti6UF9zrZUYyjmQrbz8HAsevPLgSeqAXK"...
3535 [pool-1-thread-1 @coroutine#100] DEBUG id.walt.model.DidUrl - Trying to create DidUrl from URL: "did:key:z6MkhARh9naKXN9Ti6UF9zrZUYyjmQrbz8HAsevPLgSeqAXK"...
3535 [pool-1-thread-1 @coroutine#100] DEBUG id.walt.model.DidUrl - Trying to create DidUrl from URL: "did:key:z6MkhARh9naKXN9Ti6UF9zrZUYyjmQrbz8HAsevPLgSeqAXK"...
3536 [pool-1-thread-1 @coroutine#100] DEBUG id.walt.signatory.WaltIdSignatory - Signing credential with proof using LD_PROOF...
3536 [pool-1-thread-1 @coroutine#100] DEBUG id.walt.signatory.WaltIdSignatory - Signing credential with proof using LD_PROOF, credential is: {"type":["VerifiableCredential","VerifiableAttestation","VerifiableDiploma"],"@context":["https://www.w3.org/2018/credentials/v1"],"id":"urn:uuid:a5288bd5-4117-4708-a5da-19255f34219e","issuer":"did:key:z6MkhARh9naKXN9Ti6UF9zrZUYyjmQrbz8HAsevPLgSeqAXK","issuanceDate":"2024-09-12T09:39:38Z","issued":"2024-09-12T09:39:38Z","validFrom":"2024-09-12T09:39:38Z","expirationDate":"2022-08-31T00:00:00Z","credentialSchema":{"id":"https://raw.githubusercontent.com/walt-id/waltid-ssikit-vclib/master/src/test/resources/schemas/VerifiableDiploma.json","type":"JsonSchemaValidator2018"},"credentialSubject":{"id":"did:key:z6MkhARh9naKXN9Ti6UF9zrZUYyjmQrbz8HAsevPLgSeqAXK","awardingOpportunity":{"awardingBody":{"eidasLegalIdentifier":"Unknown","homepage":"https://leaston.bcdiploma.com/","id":"did:ebsi:2A9BZ9SUe6BatacSpvs1V5CdjHvLpQ7bEsi2Jb6LdHKnQxaN","preferredName":"Leaston University","registration":"0597065J"},"endedAtTime":"2020-06-26T00:00:00Z","id":"https://leaston.bcdiploma.com/law-economics-management#AwardingOpportunity","identifier":"https://certificate-demo.bcdiploma.com/check/87ED2F2270E6C41456E94B86B9D9115B4E35BCCAD200A49B846592C14F79C86BV1Fnbllta0NZTnJkR3lDWlRmTDlSRUJEVFZISmNmYzJhUU5sZUJ5Z2FJSHpWbmZZ","location":"FRANCE","startedAtTime":"2019-09-02T00:00:00Z"},"dateOfBirth":"1993-04-08","familyName":"DOE","givenNames":"Jane","gradingScheme":{"id":"https://leaston.bcdiploma.com/law-economics-management#GradingScheme","title":"Lower Second-Class Honours"},"identifier":"0904008084H","learningAchievement":{"additionalNote":["DISTRIBUTION MANAGEMENT"],"description":"MARKETING AND SALES","id":"https://leaston.bcdiploma.com/law-economics-management#LearningAchievment","title":"MASTERS LAW, ECONOMICS AND MANAGEMENT"},"learningSpecification":{"ectsCreditPoints":120,"eqfLevel":7,"id":"https://leaston.bcdiploma.com/law-economics-management#LearningSpecification","iscedfCode":["7"],"nqfLevel":["7"]}},"credentialStatus":{"id":"https://essif.europa.eu/status/education#higherEducation#392ac7f6-399a-437b-a268-4691ead8f176","type":"CredentialStatusList2020"},"evidence":{"documentPresence":["Physical"],"evidenceDocument":["Passport"],"id":"https://essif.europa.eu/tsr-va/evidence/f2aeec97-fc0d-42bf-8ca7-0548192d5678","subjectPresence":"Physical","type":["DocumentVerification"],"verifier":"did:ebsi:2962fb784df61baa267c8132497539f8c674b37c1244a7a"}}
3536 [pool-1-thread-1 @coroutine#100] DEBUG id.walt.services.vc.WaltIdJsonLdCredentialService - Signing jsonLd object with: issuerDid (did:key:z6MkhARh9naKXN9Ti6UF9zrZUYyjmQrbz8HAsevPLgSeqAXK), domain (null), nonce (null
3536 [pool-1-thread-1 @coroutine#100] DEBUG id.walt.services.keystore.HKVKeyStoreService - Loading key "did:key:z6MkhARh9naKXN9Ti6UF9zrZUYyjmQrbz8HAsevPLgSeqAXK#z6MkhARh9naKXN9Ti6UF9zrZUYyjmQrbz8HAsevPLgSeqAXK".
3536 [pool-1-thread-1 @coroutine#100] DEBUG id.walt.services.vc.WaltIdJsonLdCredentialService - Signing: {"type":["VerifiableCredential","VerifiableAttestation","VerifiableDiploma"],"@context":["https://www.w3.org/2018/credentials/v1"],"id":"urn:uuid:a5288bd5-4117-4708-a5da-19255f34219e","issuer":"did:key:z6MkhARh9naKXN9Ti6UF9zrZUYyjmQrbz8HAsevPLgSeqAXK","issuanceDate":"2024-09-12T09:39:38Z","issued":"2024-09-12T09:39:38Z","validFrom":"2024-09-12T09:39:38Z","expirationDate":"2022-08-31T00:00:00Z","credentialSchema":{"id":"https://raw.githubusercontent.com/walt-id/waltid-ssikit-vclib/master/src/test/resources/schemas/VerifiableDiploma.json","type":"JsonSchemaValidator2018"},"credentialSubject":{"id":"did:key:z6MkhARh9naKXN9Ti6UF9zrZUYyjmQrbz8HAsevPLgSeqAXK","awardingOpportunity":{"awardingBody":{"eidasLegalIdentifier":"Unknown","homepage":"https://leaston.bcdiploma.com/","id":"did:ebsi:2A9BZ9SUe6BatacSpvs1V5CdjHvLpQ7bEsi2Jb6LdHKnQxaN","preferredName":"Leaston University","registration":"0597065J"},"endedAtTime":"2020-06-26T00:00:00Z","id":"https://leaston.bcdiploma.com/law-economics-management#AwardingOpportunity","identifier":"https://certificate-demo.bcdiploma.com/check/87ED2F2270E6C41456E94B86B9D9115B4E35BCCAD200A49B846592C14F79C86BV1Fnbllta0NZTnJkR3lDWlRmTDlSRUJEVFZISmNmYzJhUU5sZUJ5Z2FJSHpWbmZZ","location":"FRANCE","startedAtTime":"2019-09-02T00:00:00Z"},"dateOfBirth":"1993-04-08","familyName":"DOE","givenNames":"Jane","gradingScheme":{"id":"https://leaston.bcdiploma.com/law-economics-management#GradingScheme","title":"Lower Second-Class Honours"},"identifier":"0904008084H","learningAchievement":{"additionalNote":["DISTRIBUTION MANAGEMENT"],"description":"MARKETING AND SALES","id":"https://leaston.bcdiploma.com/law-economics-management#LearningAchievment","title":"MASTERS LAW, ECONOMICS AND MANAGEMENT"},"learningSpecification":{"ectsCreditPoints":120,"eqfLevel":7,"id":"https://leaston.bcdiploma.com/law-economics-management#LearningSpecification","iscedfCode":["7"],"nqfLevel":["7"]}},"credentialStatus":{"id":"https://essif.europa.eu/status/education#higherEducation#392ac7f6-399a-437b-a268-4691ead8f176","type":"CredentialStatusList2020"},"evidence":{"documentPresence":["Physical"],"evidenceDocument":["Passport"],"id":"https://essif.europa.eu/tsr-va/evidence/f2aeec97-fc0d-42bf-8ca7-0548192d5678","subjectPresence":"Physical","type":["DocumentVerification"],"verifier":"did:ebsi:2962fb784df61baa267c8132497539f8c674b37c1244a7a"}}
Sep 12, 2024 11:39:38 AM com.apicatalog.jsonld.deseralization.JsonLdToRdf build
WARNING: Non well-formed subject [https://essif.europa.eu/status/education#higherEducation#392ac7f6-399a-437b-a268-4691ead8f176] has been skipped.
3539 [pool-1-thread-1 @coroutine#100] DEBUG id.walt.services.keystore.HKVKeyStoreService - Loading key "eecb87e7e8f545cfbc0a0b5ed97b15d4".
3539 [pool-1-thread-1 @coroutine#100] DEBUG id.walt.services.keystore.HKVKeyStoreService - Loading key "eecb87e7e8f545cfbc0a0b5ed97b15d4".
3539 [pool-1-thread-1 @coroutine#100] DEBUG id.walt.services.keystore.HKVKeyStoreService - Loading key "eecb87e7e8f545cfbc0a0b5ed97b15d4".
3540 [pool-1-thread-1 @coroutine#100] DEBUG id.walt.signatory.WaltIdSignatory - Signed VC is: {
  "type" : [ "VerifiableCredential", "VerifiableAttestation", "VerifiableDiploma" ],
  "@context" : [ "https://www.w3.org/2018/credentials/v1", "https://w3id.org/security/suites/jws-2020/v1" ],
  "id" : "urn:uuid:a5288bd5-4117-4708-a5da-19255f34219e",
  "issuer" : "did:key:z6MkhARh9naKXN9Ti6UF9zrZUYyjmQrbz8HAsevPLgSeqAXK",
  "issuanceDate" : "2024-09-12T09:39:38Z",
  "issued" : "2024-09-12T09:39:38Z",
  "validFrom" : "2024-09-12T09:39:38Z",
  "expirationDate" : "2022-08-31T00:00:00Z",
  "credentialSchema" : {
    "id" : "https://raw.githubusercontent.com/walt-id/waltid-ssikit-vclib/master/src/test/resources/schemas/VerifiableDiploma.json",
    "type" : "JsonSchemaValidator2018"
  },
  "credentialSubject" : {
    "id" : "did:key:z6MkhARh9naKXN9Ti6UF9zrZUYyjmQrbz8HAsevPLgSeqAXK",
    "awardingOpportunity" : {
      "awardingBody" : {
        "eidasLegalIdentifier" : "Unknown",
        "homepage" : "https://leaston.bcdiploma.com/",
        "id" : "did:ebsi:2A9BZ9SUe6BatacSpvs1V5CdjHvLpQ7bEsi2Jb6LdHKnQxaN",
        "preferredName" : "Leaston University",
        "registration" : "0597065J"
      },
      "endedAtTime" : "2020-06-26T00:00:00Z",
      "id" : "https://leaston.bcdiploma.com/law-economics-management#AwardingOpportunity",
      "identifier" : "https://certificate-demo.bcdiploma.com/check/87ED2F2270E6C41456E94B86B9D9115B4E35BCCAD200A49B846592C14F79C86BV1Fnbllta0NZTnJkR3lDWlRmTDlSRUJEVFZISmNmYzJhUU5sZUJ5Z2FJSHpWbmZZ",
      "location" : "FRANCE",
      "startedAtTime" : "2019-09-02T00:00:00Z"
    },
    "dateOfBirth" : "1993-04-08",
    "familyName" : "DOE",
    "givenNames" : "Jane",
    "gradingScheme" : {
      "id" : "https://leaston.bcdiploma.com/law-economics-management#GradingScheme",
      "title" : "Lower Second-Class Honours"
    },
    "identifier" : "0904008084H",
    "learningAchievement" : {
      "additionalNote" : [ "DISTRIBUTION MANAGEMENT" ],
      "description" : "MARKETING AND SALES",
      "id" : "https://leaston.bcdiploma.com/law-economics-management#LearningAchievment",
      "title" : "MASTERS LAW, ECONOMICS AND MANAGEMENT"
    },
    "learningSpecification" : {
      "ectsCreditPoints" : 120,
      "eqfLevel" : 7,
      "id" : "https://leaston.bcdiploma.com/law-economics-management#LearningSpecification",
      "iscedfCode" : [ "7" ],
      "nqfLevel" : [ "7" ]
    }
  },
  "credentialStatus" : {
    "id" : "https://essif.europa.eu/status/education#higherEducation#392ac7f6-399a-437b-a268-4691ead8f176",
    "type" : "CredentialStatusList2020"
  },
  "evidence" : {
    "documentPresence" : [ "Physical" ],
    "evidenceDocument" : [ "Passport" ],
    "id" : "https://essif.europa.eu/tsr-va/evidence/f2aeec97-fc0d-42bf-8ca7-0548192d5678",
    "subjectPresence" : "Physical",
    "type" : [ "DocumentVerification" ],
    "verifier" : "did:ebsi:2962fb784df61baa267c8132497539f8c674b37c1244a7a"
  },
  "proof" : {
    "type" : "JsonWebSignature2020",
    "creator" : "did:key:z6MkhARh9naKXN9Ti6UF9zrZUYyjmQrbz8HAsevPLgSeqAXK",
    "created" : "2024-09-12T09:39:38Z",
    "proofPurpose" : "assertionMethod",
    "verificationMethod" : "did:key:z6MkhARh9naKXN9Ti6UF9zrZUYyjmQrbz8HAsevPLgSeqAXK#z6MkhARh9naKXN9Ti6UF9zrZUYyjmQrbz8HAsevPLgSeqAXK",
    "jws" : "eyJiNjQiOmZhbHNlLCJjcml0IjpbImI2NCJdLCJhbGciOiJFZERTQSJ9..TK3V2fgtohhhhnwKK-qeWKzP8ic0qoVFP67l7WTffTBfArUIOkImyXD24MTHAwFnnvWwdBfHwKYMCGpkgpdQCw"
  }
}
3541 [pool-1-thread-1 @coroutine#100] DEBUG id.walt.services.vc.WaltIdJsonLdCredentialService - Creating a presentation for VCs:
[PresentableCredential(verifiableCredential={"type":["VerifiableCredential","VerifiableAttestation","VerifiableDiploma"],"@context":["https://www.w3.org/2018/credentials/v1","https://w3id.org/security/suites/jws-2020/v1"],"id":"urn:uuid:a5288bd5-4117-4708-a5da-19255f34219e","issuer":"did:key:z6MkhARh9naKXN9Ti6UF9zrZUYyjmQrbz8HAsevPLgSeqAXK","issuanceDate":"2024-09-12T09:39:38Z","issued":"2024-09-12T09:39:38Z","validFrom":"2024-09-12T09:39:38Z","expirationDate":"2022-08-31T00:00:00Z","proof":{"type":"JsonWebSignature2020","creator":"did:key:z6MkhARh9naKXN9Ti6UF9zrZUYyjmQrbz8HAsevPLgSeqAXK","created":"2024-09-12T09:39:38Z","proofPurpose":"assertionMethod","verificationMethod":"did:key:z6MkhARh9naKXN9Ti6UF9zrZUYyjmQrbz8HAsevPLgSeqAXK#z6MkhARh9naKXN9Ti6UF9zrZUYyjmQrbz8HAsevPLgSeqAXK","jws":"eyJiNjQiOmZhbHNlLCJjcml0IjpbImI2NCJdLCJhbGciOiJFZERTQSJ9..TK3V2fgtohhhhnwKK-qeWKzP8ic0qoVFP67l7WTffTBfArUIOkImyXD24MTHAwFnnvWwdBfHwKYMCGpkgpdQCw"},"credentialSchema":{"id":"https://raw.githubusercontent.com/walt-id/waltid-ssikit-vclib/master/src/test/resources/schemas/VerifiableDiploma.json","type":"JsonSchemaValidator2018"},"credentialSubject":{"id":"did:key:z6MkhARh9naKXN9Ti6UF9zrZUYyjmQrbz8HAsevPLgSeqAXK","awardingOpportunity":{"awardingBody":{"eidasLegalIdentifier":"Unknown","homepage":"https://leaston.bcdiploma.com/","id":"did:ebsi:2A9BZ9SUe6BatacSpvs1V5CdjHvLpQ7bEsi2Jb6LdHKnQxaN","preferredName":"Leaston University","registration":"0597065J"},"endedAtTime":"2020-06-26T00:00:00Z","id":"https://leaston.bcdiploma.com/law-economics-management#AwardingOpportunity","identifier":"https://certificate-demo.bcdiploma.com/check/87ED2F2270E6C41456E94B86B9D9115B4E35BCCAD200A49B846592C14F79C86BV1Fnbllta0NZTnJkR3lDWlRmTDlSRUJEVFZISmNmYzJhUU5sZUJ5Z2FJSHpWbmZZ","location":"FRANCE","startedAtTime":"2019-09-02T00:00:00Z"},"dateOfBirth":"1993-04-08","familyName":"DOE","givenNames":"Jane","gradingScheme":{"id":"https://leaston.bcdiploma.com/law-economics-management#GradingScheme","title":"Lower Second-Class Honours"},"identifier":"0904008084H","learningAchievement":{"additionalNote":["DISTRIBUTION MANAGEMENT"],"description":"MARKETING AND SALES","id":"https://leaston.bcdiploma.com/law-economics-management#LearningAchievment","title":"MASTERS LAW, ECONOMICS AND MANAGEMENT"},"learningSpecification":{"ectsCreditPoints":120,"eqfLevel":7,"id":"https://leaston.bcdiploma.com/law-economics-management#LearningSpecification","iscedfCode":["7"],"nqfLevel":["7"]}},"credentialStatus":{"id":"https://essif.europa.eu/status/education#higherEducation#392ac7f6-399a-437b-a268-4691ead8f176","type":"CredentialStatusList2020"},"evidence":{"documentPresence":["Physical"],"evidenceDocument":["Passport"],"id":"https://essif.europa.eu/tsr-va/evidence/f2aeec97-fc0d-42bf-8ca7-0548192d5678","subjectPresence":"Physical","type":["DocumentVerification"],"verifier":"did:ebsi:2962fb784df61baa267c8132497539f8c674b37c1244a7a"}}, selectiveDisclosure=null, discloseAll=false)]
3541 [pool-1-thread-1 @coroutine#100] DEBUG id.walt.model.DidUrl - Trying to create DidUrl from URL: "did:key:z6MkhARh9naKXN9Ti6UF9zrZUYyjmQrbz8HAsevPLgSeqAXK"...
3541 [pool-1-thread-1 @coroutine#100] DEBUG id.walt.services.vc.WaltIdJsonLdCredentialService - Signing jsonLd object with: issuerDid (did:key:z6MkhARh9naKXN9Ti6UF9zrZUYyjmQrbz8HAsevPLgSeqAXK), domain (https://api-pilot.ebsi.eu), nonce (d04442d3-661f-411e-a80f-42f19f594c9d
3541 [pool-1-thread-1 @coroutine#100] DEBUG id.walt.services.keystore.HKVKeyStoreService - Loading key "did:key:z6MkhARh9naKXN9Ti6UF9zrZUYyjmQrbz8HAsevPLgSeqAXK#z6MkhARh9naKXN9Ti6UF9zrZUYyjmQrbz8HAsevPLgSeqAXK".
3541 [pool-1-thread-1 @coroutine#100] DEBUG id.walt.services.vc.WaltIdJsonLdCredentialService - Signing: {"type":["VerifiablePresentation"],"@context":["https://www.w3.org/2018/credentials/v1"],"id":"urn:uuid:40edc3e6-2a3f-44b3-b7c8-e7cc732e4043","holder":"did:key:z6MkhARh9naKXN9Ti6UF9zrZUYyjmQrbz8HAsevPLgSeqAXK","verifiableCredential":[{"type":["VerifiableCredential","VerifiableAttestation","VerifiableDiploma"],"@context":["https://www.w3.org/2018/credentials/v1","https://w3id.org/security/suites/jws-2020/v1"],"id":"urn:uuid:a5288bd5-4117-4708-a5da-19255f34219e","issuer":"did:key:z6MkhARh9naKXN9Ti6UF9zrZUYyjmQrbz8HAsevPLgSeqAXK","issuanceDate":"2024-09-12T09:39:38Z","issued":"2024-09-12T09:39:38Z","validFrom":"2024-09-12T09:39:38Z","expirationDate":"2022-08-31T00:00:00Z","proof":{"type":"JsonWebSignature2020","creator":"did:key:z6MkhARh9naKXN9Ti6UF9zrZUYyjmQrbz8HAsevPLgSeqAXK","created":"2024-09-12T09:39:38Z","proofPurpose":"assertionMethod","verificationMethod":"did:key:z6MkhARh9naKXN9Ti6UF9zrZUYyjmQrbz8HAsevPLgSeqAXK#z6MkhARh9naKXN9Ti6UF9zrZUYyjmQrbz8HAsevPLgSeqAXK","jws":"eyJiNjQiOmZhbHNlLCJjcml0IjpbImI2NCJdLCJhbGciOiJFZERTQSJ9..TK3V2fgtohhhhnwKK-qeWKzP8ic0qoVFP67l7WTffTBfArUIOkImyXD24MTHAwFnnvWwdBfHwKYMCGpkgpdQCw"},"credentialSchema":{"id":"https://raw.githubusercontent.com/walt-id/waltid-ssikit-vclib/master/src/test/resources/schemas/VerifiableDiploma.json","type":"JsonSchemaValidator2018"},"credentialSubject":{"id":"did:key:z6MkhARh9naKXN9Ti6UF9zrZUYyjmQrbz8HAsevPLgSeqAXK","awardingOpportunity":{"awardingBody":{"eidasLegalIdentifier":"Unknown","homepage":"https://leaston.bcdiploma.com/","id":"did:ebsi:2A9BZ9SUe6BatacSpvs1V5CdjHvLpQ7bEsi2Jb6LdHKnQxaN","preferredName":"Leaston University","registration":"0597065J"},"endedAtTime":"2020-06-26T00:00:00Z","id":"https://leaston.bcdiploma.com/law-economics-management#AwardingOpportunity","identifier":"https://certificate-demo.bcdiploma.com/check/87ED2F2270E6C41456E94B86B9D9115B4E35BCCAD200A49B846592C14F79C86BV1Fnbllta0NZTnJkR3lDWlRmTDlSRUJEVFZISmNmYzJhUU5sZUJ5Z2FJSHpWbmZZ","location":"FRANCE","startedAtTime":"2019-09-02T00:00:00Z"},"dateOfBirth":"1993-04-08","familyName":"DOE","givenNames":"Jane","gradingScheme":{"id":"https://leaston.bcdiploma.com/law-economics-management#GradingScheme","title":"Lower Second-Class Honours"},"identifier":"0904008084H","learningAchievement":{"additionalNote":["DISTRIBUTION MANAGEMENT"],"description":"MARKETING AND SALES","id":"https://leaston.bcdiploma.com/law-economics-management#LearningAchievment","title":"MASTERS LAW, ECONOMICS AND MANAGEMENT"},"learningSpecification":{"ectsCreditPoints":120,"eqfLevel":7,"id":"https://leaston.bcdiploma.com/law-economics-management#LearningSpecification","iscedfCode":["7"],"nqfLevel":["7"]}},"credentialStatus":{"id":"https://essif.europa.eu/status/education#higherEducation#392ac7f6-399a-437b-a268-4691ead8f176","type":"CredentialStatusList2020"},"evidence":{"documentPresence":["Physical"],"evidenceDocument":["Passport"],"id":"https://essif.europa.eu/tsr-va/evidence/f2aeec97-fc0d-42bf-8ca7-0548192d5678","subjectPresence":"Physical","type":["DocumentVerification"],"verifier":"did:ebsi:2962fb784df61baa267c8132497539f8c674b37c1244a7a"}}]}
Sep 12, 2024 11:39:38 AM com.apicatalog.jsonld.deseralization.JsonLdToRdf build
WARNING: Non well-formed subject [https://essif.europa.eu/status/education#higherEducation#392ac7f6-399a-437b-a268-4691ead8f176] has been skipped.
3544 [pool-1-thread-1 @coroutine#100] DEBUG id.walt.services.keystore.HKVKeyStoreService - Loading key "eecb87e7e8f545cfbc0a0b5ed97b15d4".
3544 [pool-1-thread-1 @coroutine#100] DEBUG id.walt.services.keystore.HKVKeyStoreService - Loading key "eecb87e7e8f545cfbc0a0b5ed97b15d4".
3544 [pool-1-thread-1 @coroutine#100] DEBUG id.walt.services.keystore.HKVKeyStoreService - Loading key "eecb87e7e8f545cfbc0a0b5ed97b15d4".
3545 [pool-1-thread-1 @coroutine#100] DEBUG id.walt.services.vc.WaltIdJsonLdCredentialService - VP created:{
  "type" : [ "VerifiablePresentation" ],
  "@context" : [ "https://www.w3.org/2018/credentials/v1", "https://w3id.org/security/suites/jws-2020/v1" ],
  "id" : "urn:uuid:40edc3e6-2a3f-44b3-b7c8-e7cc732e4043",
  "holder" : "did:key:z6MkhARh9naKXN9Ti6UF9zrZUYyjmQrbz8HAsevPLgSeqAXK",
  "verifiableCredential" : [ {
    "type" : [ "VerifiableCredential", "VerifiableAttestation", "VerifiableDiploma" ],
    "@context" : [ "https://www.w3.org/2018/credentials/v1", "https://w3id.org/security/suites/jws-2020/v1" ],
    "id" : "urn:uuid:a5288bd5-4117-4708-a5da-19255f34219e",
    "issuer" : "did:key:z6MkhARh9naKXN9Ti6UF9zrZUYyjmQrbz8HAsevPLgSeqAXK",
    "issuanceDate" : "2024-09-12T09:39:38Z",
    "issued" : "2024-09-12T09:39:38Z",
    "validFrom" : "2024-09-12T09:39:38Z",
    "expirationDate" : "2022-08-31T00:00:00Z",
    "proof" : {
      "type" : "JsonWebSignature2020",
      "creator" : "did:key:z6MkhARh9naKXN9Ti6UF9zrZUYyjmQrbz8HAsevPLgSeqAXK",
      "created" : "2024-09-12T09:39:38Z",
      "proofPurpose" : "assertionMethod",
      "verificationMethod" : "did:key:z6MkhARh9naKXN9Ti6UF9zrZUYyjmQrbz8HAsevPLgSeqAXK#z6MkhARh9naKXN9Ti6UF9zrZUYyjmQrbz8HAsevPLgSeqAXK",
      "jws" : "eyJiNjQiOmZhbHNlLCJjcml0IjpbImI2NCJdLCJhbGciOiJFZERTQSJ9..TK3V2fgtohhhhnwKK-qeWKzP8ic0qoVFP67l7WTffTBfArUIOkImyXD24MTHAwFnnvWwdBfHwKYMCGpkgpdQCw"
    },
    "credentialSchema" : {
      "id" : "https://raw.githubusercontent.com/walt-id/waltid-ssikit-vclib/master/src/test/resources/schemas/VerifiableDiploma.json",
      "type" : "JsonSchemaValidator2018"
    },
    "credentialSubject" : {
      "id" : "did:key:z6MkhARh9naKXN9Ti6UF9zrZUYyjmQrbz8HAsevPLgSeqAXK",
      "awardingOpportunity" : {
        "awardingBody" : {
          "eidasLegalIdentifier" : "Unknown",
          "homepage" : "https://leaston.bcdiploma.com/",
          "id" : "did:ebsi:2A9BZ9SUe6BatacSpvs1V5CdjHvLpQ7bEsi2Jb6LdHKnQxaN",
          "preferredName" : "Leaston University",
          "registration" : "0597065J"
        },
        "endedAtTime" : "2020-06-26T00:00:00Z",
        "id" : "https://leaston.bcdiploma.com/law-economics-management#AwardingOpportunity",
        "identifier" : "https://certificate-demo.bcdiploma.com/check/87ED2F2270E6C41456E94B86B9D9115B4E35BCCAD200A49B846592C14F79C86BV1Fnbllta0NZTnJkR3lDWlRmTDlSRUJEVFZISmNmYzJhUU5sZUJ5Z2FJSHpWbmZZ",
        "location" : "FRANCE",
        "startedAtTime" : "2019-09-02T00:00:00Z"
      },
      "dateOfBirth" : "1993-04-08",
      "familyName" : "DOE",
      "givenNames" : "Jane",
      "gradingScheme" : {
        "id" : "https://leaston.bcdiploma.com/law-economics-management#GradingScheme",
        "title" : "Lower Second-Class Honours"
      },
      "identifier" : "0904008084H",
      "learningAchievement" : {
        "additionalNote" : [ "DISTRIBUTION MANAGEMENT" ],
        "description" : "MARKETING AND SALES",
        "id" : "https://leaston.bcdiploma.com/law-economics-management#LearningAchievment",
        "title" : "MASTERS LAW, ECONOMICS AND MANAGEMENT"
      },
      "learningSpecification" : {
        "ectsCreditPoints" : 120,
        "eqfLevel" : 7,
        "id" : "https://leaston.bcdiploma.com/law-economics-management#LearningSpecification",
        "iscedfCode" : [ "7" ],
        "nqfLevel" : [ "7" ]
      }
    },
    "credentialStatus" : {
      "id" : "https://essif.europa.eu/status/education#higherEducation#392ac7f6-399a-437b-a268-4691ead8f176",
      "type" : "CredentialStatusList2020"
    },
    "evidence" : {
      "documentPresence" : [ "Physical" ],
      "evidenceDocument" : [ "Passport" ],
      "id" : "https://essif.europa.eu/tsr-va/evidence/f2aeec97-fc0d-42bf-8ca7-0548192d5678",
      "subjectPresence" : "Physical",
      "type" : [ "DocumentVerification" ],
      "verifier" : "did:ebsi:2962fb784df61baa267c8132497539f8c674b37c1244a7a"
    }
  } ],
  "proof" : {
    "type" : "JsonWebSignature2020",
    "creator" : "did:key:z6MkhARh9naKXN9Ti6UF9zrZUYyjmQrbz8HAsevPLgSeqAXK",
    "created" : "2024-09-12T09:39:38Z",
    "domain" : "https://api-pilot.ebsi.eu",
    "nonce" : "d04442d3-661f-411e-a80f-42f19f594c9d",
    "proofPurpose" : "authentication",
    "verificationMethod" : "did:key:z6MkhARh9naKXN9Ti6UF9zrZUYyjmQrbz8HAsevPLgSeqAXK#z6MkhARh9naKXN9Ti6UF9zrZUYyjmQrbz8HAsevPLgSeqAXK",
    "jws" : "eyJiNjQiOmZhbHNlLCJjcml0IjpbImI2NCJdLCJhbGciOiJFZERTQSJ9..iVPTPuuor0-XstoJBW-BAJnoCw1QPh8VdC2tK7rxTo_nW0LRjgMZgE1QaHagKxDJOailWOjcQYtAedfuBlo1Dw"
  }
}
3545 [pool-1-thread-1 @coroutine#100] DEBUG id.walt.model.DidUrl - Trying to create DidUrl from URL: "did:key:z6MkhARh9naKXN9Ti6UF9zrZUYyjmQrbz8HAsevPLgSeqAXK"...
3546 [pool-1-thread-1 @coroutine#100] DEBUG id.walt.model.DidUrl - Trying to create DidUrl from URL: "did:key:z6MkhARh9naKXN9Ti6UF9zrZUYyjmQrbz8HAsevPLgSeqAXK"...
3546 [pool-1-thread-1 @coroutine#100] DEBUG id.walt.signatory.WaltIdSignatory - Signing credential with proof using JWT...
3546 [pool-1-thread-1 @coroutine#100] DEBUG id.walt.signatory.WaltIdSignatory - Signing credential with proof using JWT, credential is: {"type":["VerifiableCredential","VerifiableAttestation","VerifiableDiploma"],"@context":["https://www.w3.org/2018/credentials/v1"],"id":"urn:uuid:37c28bb8-9617-4fb3-91fd-a56418a06651","issuer":"did:key:z6MkhARh9naKXN9Ti6UF9zrZUYyjmQrbz8HAsevPLgSeqAXK","issuanceDate":"2024-09-12T09:39:38Z","issued":"2024-09-12T09:39:38Z","validFrom":"2024-09-12T09:39:38Z","expirationDate":"2022-08-31T00:00:00Z","credentialSchema":{"id":"https://raw.githubusercontent.com/walt-id/waltid-ssikit-vclib/master/src/test/resources/schemas/VerifiableDiploma.json","type":"JsonSchemaValidator2018"},"credentialSubject":{"id":"did:key:z6MkhARh9naKXN9Ti6UF9zrZUYyjmQrbz8HAsevPLgSeqAXK","awardingOpportunity":{"awardingBody":{"eidasLegalIdentifier":"Unknown","homepage":"https://leaston.bcdiploma.com/","id":"did:ebsi:2A9BZ9SUe6BatacSpvs1V5CdjHvLpQ7bEsi2Jb6LdHKnQxaN","preferredName":"Leaston University","registration":"0597065J"},"endedAtTime":"2020-06-26T00:00:00Z","id":"https://leaston.bcdiploma.com/law-economics-management#AwardingOpportunity","identifier":"https://certificate-demo.bcdiploma.com/check/87ED2F2270E6C41456E94B86B9D9115B4E35BCCAD200A49B846592C14F79C86BV1Fnbllta0NZTnJkR3lDWlRmTDlSRUJEVFZISmNmYzJhUU5sZUJ5Z2FJSHpWbmZZ","location":"FRANCE","startedAtTime":"2019-09-02T00:00:00Z"},"dateOfBirth":"1993-04-08","familyName":"DOE","givenNames":"Jane","gradingScheme":{"id":"https://leaston.bcdiploma.com/law-economics-management#GradingScheme","title":"Lower Second-Class Honours"},"identifier":"0904008084H","learningAchievement":{"additionalNote":["DISTRIBUTION MANAGEMENT"],"description":"MARKETING AND SALES","id":"https://leaston.bcdiploma.com/law-economics-management#LearningAchievment","title":"MASTERS LAW, ECONOMICS AND MANAGEMENT"},"learningSpecification":{"ectsCreditPoints":120,"eqfLevel":7,"id":"https://leaston.bcdiploma.com/law-economics-management#LearningSpecification","iscedfCode":["7"],"nqfLevel":["7"]}},"credentialStatus":{"id":"https://essif.europa.eu/status/education#higherEducation#392ac7f6-399a-437b-a268-4691ead8f176","type":"CredentialStatusList2020"},"evidence":{"documentPresence":["Physical"],"evidenceDocument":["Passport"],"id":"https://essif.europa.eu/tsr-va/evidence/f2aeec97-fc0d-42bf-8ca7-0548192d5678","subjectPresence":"Physical","type":["DocumentVerification"],"verifier":"did:ebsi:2962fb784df61baa267c8132497539f8c674b37c1244a7a"}}
3546 [pool-1-thread-1 @coroutine#100] DEBUG id.walt.services.vc.WaltIdJwtCredentialService - Signing JWT object with config: ProofConfig(issuerDid=did:key:z6MkhARh9naKXN9Ti6UF9zrZUYyjmQrbz8HAsevPLgSeqAXK, subjectDid=did:key:z6MkhARh9naKXN9Ti6UF9zrZUYyjmQrbz8HAsevPLgSeqAXK, verifierDid=null, issuerVerificationMethod=did:key:z6MkhARh9naKXN9Ti6UF9zrZUYyjmQrbz8HAsevPLgSeqAXK#z6MkhARh9naKXN9Ti6UF9zrZUYyjmQrbz8HAsevPLgSeqAXK, proofType=JWT, domain=null, nonce=null, proofPurpose=null, credentialId=urn:uuid:37c28bb8-9617-4fb3-91fd-a56418a06651, issueDate=2024-09-12T09:39:38.766044625Z, validDate=2024-09-12T09:39:38.766046258Z, expirationDate=null, dataProviderIdentifier=null, ldSignatureType=null, creator=did:key:z6MkhARh9naKXN9Ti6UF9zrZUYyjmQrbz8HAsevPLgSeqAXK, ecosystem=DEFAULT, statusType=null, statusPurpose=revocation, credentialsEndpoint=null, selectiveDisclosure=null)
3546 [pool-1-thread-1 @coroutine#100] DEBUG id.walt.services.vc.WaltIdJwtCredentialService - Signing: {"sub":"did:key:z6MkhARh9naKXN9Ti6UF9zrZUYyjmQrbz8HAsevPLgSeqAXK","nbf":1726133978,"iss":"did:key:z6MkhARh9naKXN9Ti6UF9zrZUYyjmQrbz8HAsevPLgSeqAXK","iat":1726133978,"vc":{"type":["VerifiableCredential","VerifiableAttestation","VerifiableDiploma"],"@context":["https://www.w3.org/2018/credentials/v1"],"id":"urn:uuid:37c28bb8-9617-4fb3-91fd-a56418a06651","issuer":"did:key:z6MkhARh9naKXN9Ti6UF9zrZUYyjmQrbz8HAsevPLgSeqAXK","issuanceDate":"2024-09-12T09:39:38Z","issued":"2024-09-12T09:39:38Z","validFrom":"2024-09-12T09:39:38Z","expirationDate":"2022-08-31T00:00:00Z","credentialSchema":{"id":"https://raw.githubusercontent.com/walt-id/waltid-ssikit-vclib/master/src/test/resources/schemas/VerifiableDiploma.json","type":"JsonSchemaValidator2018"},"credentialSubject":{"id":"did:key:z6MkhARh9naKXN9Ti6UF9zrZUYyjmQrbz8HAsevPLgSeqAXK","awardingOpportunity":{"awardingBody":{"eidasLegalIdentifier":"Unknown","homepage":"https://leaston.bcdiploma.com/","id":"did:ebsi:2A9BZ9SUe6BatacSpvs1V5CdjHvLpQ7bEsi2Jb6LdHKnQxaN","preferredName":"Leaston University","registration":"0597065J"},"endedAtTime":"2020-06-26T00:00:00Z","id":"https://leaston.bcdiploma.com/law-economics-management#AwardingOpportunity","identifier":"https://certificate-demo.bcdiploma.com/check/87ED2F2270E6C41456E94B86B9D9115B4E35BCCAD200A49B846592C14F79C86BV1Fnbllta0NZTnJkR3lDWlRmTDlSRUJEVFZISmNmYzJhUU5sZUJ5Z2FJSHpWbmZZ","location":"FRANCE","startedAtTime":"2019-09-02T00:00:00Z"},"dateOfBirth":"1993-04-08","familyName":"DOE","givenNames":"Jane","gradingScheme":{"id":"https://leaston.bcdiploma.com/law-economics-management#GradingScheme","title":"Lower Second-Class Honours"},"identifier":"0904008084H","learningAchievement":{"additionalNote":["DISTRIBUTION MANAGEMENT"],"description":"MARKETING AND SALES","id":"https://leaston.bcdiploma.com/law-economics-management#LearningAchievment","title":"MASTERS LAW, ECONOMICS AND MANAGEMENT"},"learningSpecification":{"ectsCreditPoints":120,"eqfLevel":7,"id":"https://leaston.bcdiploma.com/law-economics-management#LearningSpecification","iscedfCode":["7"],"nqfLevel":["7"]}},"credentialStatus":{"id":"https://essif.europa.eu/status/education#higherEducation#392ac7f6-399a-437b-a268-4691ead8f176","type":"CredentialStatusList2020"},"evidence":{"documentPresence":["Physical"],"evidenceDocument":["Passport"],"id":"https://essif.europa.eu/tsr-va/evidence/f2aeec97-fc0d-42bf-8ca7-0548192d5678","subjectPresence":"Physical","type":["DocumentVerification"],"verifier":"did:ebsi:2962fb784df61baa267c8132497539f8c674b37c1244a7a"}},"jti":"urn:uuid:37c28bb8-9617-4fb3-91fd-a56418a06651"}
3546 [pool-1-thread-1 @coroutine#100] DEBUG id.walt.services.keystore.HKVKeyStoreService - Loading key "did:key:z6MkhARh9naKXN9Ti6UF9zrZUYyjmQrbz8HAsevPLgSeqAXK#z6MkhARh9naKXN9Ti6UF9zrZUYyjmQrbz8HAsevPLgSeqAXK".
3546 [pool-1-thread-1 @coroutine#100] DEBUG id.walt.services.jwt.WaltIdJwtService - Signing JWT with algorithm: EdDSA_Ed25519
3546 [pool-1-thread-1 @coroutine#100] DEBUG id.walt.model.DidUrl - Trying to create DidUrl from URL: "did:key:z6MkhARh9naKXN9Ti6UF9zrZUYyjmQrbz8HAsevPLgSeqAXK#z6MkhARh9naKXN9Ti6UF9zrZUYyjmQrbz8HAsevPLgSeqAXK"...
3547 [pool-1-thread-1 @coroutine#100] DEBUG id.walt.services.keystore.HKVKeyStoreService - Loading key "eecb87e7e8f545cfbc0a0b5ed97b15d4".
3547 [pool-1-thread-1 @coroutine#100] DEBUG id.walt.services.jwt.WaltIdJwtService - Signed JWT:  eyJraWQiOiJkaWQ6a2V5Ono2TWtoQVJoOW5hS1hOOVRpNlVGOXpyWlVZeWptUXJiejhIQXNldlBMZ1NlcUFYSyN6Nk1raEFSaDluYUtYTjlUaTZVRjl6clpVWXlqbVFyYno4SEFzZXZQTGdTZXFBWEsiLCJ0eXAiOiJKV1QiLCJhbGciOiJFZERTQSJ9.eyJzdWIiOiJkaWQ6a2V5Ono2TWtoQVJoOW5hS1hOOVRpNlVGOXpyWlVZeWptUXJiejhIQXNldlBMZ1NlcUFYSyIsIm5iZiI6MTcyNjEzMzk3OCwiaXNzIjoiZGlkOmtleTp6Nk1raEFSaDluYUtYTjlUaTZVRjl6clpVWXlqbVFyYno4SEFzZXZQTGdTZXFBWEsiLCJpYXQiOjE3MjYxMzM5NzgsInZjIjp7InR5cGUiOlsiVmVyaWZpYWJsZUNyZWRlbnRpYWwiLCJWZXJpZmlhYmxlQXR0ZXN0YXRpb24iLCJWZXJpZmlhYmxlRGlwbG9tYSJdLCJAY29udGV4dCI6WyJodHRwczovL3d3dy53My5vcmcvMjAxOC9jcmVkZW50aWFscy92MSJdLCJpZCI6InVybjp1dWlkOjM3YzI4YmI4LTk2MTctNGZiMy05MWZkLWE1NjQxOGEwNjY1MSIsImlzc3VlciI6ImRpZDprZXk6ejZNa2hBUmg5bmFLWE45VGk2VUY5enJaVVl5am1RcmJ6OEhBc2V2UExnU2VxQVhLIiwiaXNzdWFuY2VEYXRlIjoiMjAyNC0wOS0xMlQwOTozOTozOFoiLCJpc3N1ZWQiOiIyMDI0LTA5LTEyVDA5OjM5OjM4WiIsInZhbGlkRnJvbSI6IjIwMjQtMDktMTJUMDk6Mzk6MzhaIiwiZXhwaXJhdGlvbkRhdGUiOiIyMDIyLTA4LTMxVDAwOjAwOjAwWiIsImNyZWRlbnRpYWxTY2hlbWEiOnsiaWQiOiJodHRwczovL3Jhdy5naXRodWJ1c2VyY29udGVudC5jb20vd2FsdC1pZC93YWx0aWQtc3Npa2l0LXZjbGliL21hc3Rlci9zcmMvdGVzdC9yZXNvdXJjZXMvc2NoZW1hcy9WZXJpZmlhYmxlRGlwbG9tYS5qc29uIiwidHlwZSI6Ikpzb25TY2hlbWFWYWxpZGF0b3IyMDE4In0sImNyZWRlbnRpYWxTdWJqZWN0Ijp7ImlkIjoiZGlkOmtleTp6Nk1raEFSaDluYUtYTjlUaTZVRjl6clpVWXlqbVFyYno4SEFzZXZQTGdTZXFBWEsiLCJhd2FyZGluZ09wcG9ydHVuaXR5Ijp7ImF3YXJkaW5nQm9keSI6eyJlaWRhc0xlZ2FsSWRlbnRpZmllciI6IlVua25vd24iLCJob21lcGFnZSI6Imh0dHBzOi8vbGVhc3Rvbi5iY2RpcGxvbWEuY29tLyIsImlkIjoiZGlkOmVic2k6MkE5Qlo5U1VlNkJhdGFjU3B2czFWNUNkakh2THBRN2JFc2kySmI2TGRIS25ReGFOIiwicHJlZmVycmVkTmFtZSI6IkxlYXN0b24gVW5pdmVyc2l0eSIsInJlZ2lzdHJhdGlvbiI6IjA1OTcwNjVKIn0sImVuZGVkQXRUaW1lIjoiMjAyMC0wNi0yNlQwMDowMDowMFoiLCJpZCI6Imh0dHBzOi8vbGVhc3Rvbi5iY2RpcGxvbWEuY29tL2xhdy1lY29ub21pY3MtbWFuYWdlbWVudCNBd2FyZGluZ09wcG9ydHVuaXR5IiwiaWRlbnRpZmllciI6Imh0dHBzOi8vY2VydGlmaWNhdGUtZGVtby5iY2RpcGxvbWEuY29tL2NoZWNrLzg3RUQyRjIyNzBFNkM0MTQ1NkU5NEI4NkI5RDkxMTVCNEUzNUJDQ0FEMjAwQTQ5Qjg0NjU5MkMxNEY3OUM4NkJWMUZuYmxsdGEwTlpUbkprUjNsRFdsUm1URGxTUlVKRVZGWklTbU5tWXpKaFVVNXNaVUo1WjJGSlNIcFdibVpaIiwibG9jYXRpb24iOiJGUkFOQ0UiLCJzdGFydGVkQXRUaW1lIjoiMjAxOS0wOS0wMlQwMDowMDowMFoifSwiZGF0ZU9mQmlydGgiOiIxOTkzLTA0LTA4IiwiZmFtaWx5TmFtZSI6IkRPRSIsImdpdmVuTmFtZXMiOiJKYW5lIiwiZ3JhZGluZ1NjaGVtZSI6eyJpZCI6Imh0dHBzOi8vbGVhc3Rvbi5iY2RpcGxvbWEuY29tL2xhdy1lY29ub21pY3MtbWFuYWdlbWVudCNHcmFkaW5nU2NoZW1lIiwidGl0bGUiOiJMb3dlciBTZWNvbmQtQ2xhc3MgSG9ub3VycyJ9LCJpZGVudGlmaWVyIjoiMDkwNDAwODA4NEgiLCJsZWFybmluZ0FjaGlldmVtZW50Ijp7ImFkZGl0aW9uYWxOb3RlIjpbIkRJU1RSSUJVVElPTiBNQU5BR0VNRU5UIl0sImRlc2NyaXB0aW9uIjoiTUFSS0VUSU5HIEFORCBTQUxFUyIsImlkIjoiaHR0cHM6Ly9sZWFzdG9uLmJjZGlwbG9tYS5jb20vbGF3LWVjb25vbWljcy1tYW5hZ2VtZW50I0xlYXJuaW5nQWNoaWV2bWVudCIsInRpdGxlIjoiTUFTVEVSUyBMQVcsIEVDT05PTUlDUyBBTkQgTUFOQUdFTUVOVCJ9LCJsZWFybmluZ1NwZWNpZmljYXRpb24iOnsiZWN0c0NyZWRpdFBvaW50cyI6MTIwLCJlcWZMZXZlbCI6NywiaWQiOiJodHRwczovL2xlYXN0b24uYmNkaXBsb21hLmNvbS9sYXctZWNvbm9taWNzLW1hbmFnZW1lbnQjTGVhcm5pbmdTcGVjaWZpY2F0aW9uIiwiaXNjZWRmQ29kZSI6WyI3Il0sIm5xZkxldmVsIjpbIjciXX19LCJjcmVkZW50aWFsU3RhdHVzIjp7ImlkIjoiaHR0cHM6Ly9lc3NpZi5ldXJvcGEuZXUvc3RhdHVzL2VkdWNhdGlvbiNoaWdoZXJFZHVjYXRpb24jMzkyYWM3ZjYtMzk5YS00MzdiLWEyNjgtNDY5MWVhZDhmMTc2IiwidHlwZSI6IkNyZWRlbnRpYWxTdGF0dXNMaXN0MjAyMCJ9LCJldmlkZW5jZSI6eyJkb2N1bWVudFByZXNlbmNlIjpbIlBoeXNpY2FsIl0sImV2aWRlbmNlRG9jdW1lbnQiOlsiUGFzc3BvcnQiXSwiaWQiOiJodHRwczovL2Vzc2lmLmV1cm9wYS5ldS90c3ItdmEvZXZpZGVuY2UvZjJhZWVjOTctZmMwZC00MmJmLThjYTctMDU0ODE5MmQ1Njc4Iiwic3ViamVjdFByZXNlbmNlIjoiUGh5c2ljYWwiLCJ0eXBlIjpbIkRvY3VtZW50VmVyaWZpY2F0aW9uIl0sInZlcmlmaWVyIjoiZGlkOmVic2k6Mjk2MmZiNzg0ZGY2MWJhYTI2N2M4MTMyNDk3NTM5ZjhjNjc0YjM3YzEyNDRhN2EifX0sImp0aSI6InVybjp1dWlkOjM3YzI4YmI4LTk2MTctNGZiMy05MWZkLWE1NjQxOGEwNjY1MSJ9.KZJYQx7mbvgpnXbwqE0G6MhMLu5cdDRH2MSeUvGLWUV19ZVW5mW5whsdoMOYxLrLGC0d6Ot-zVC1MQh74BT-CA
3548 [pool-1-thread-1 @coroutine#100] DEBUG id.walt.signatory.WaltIdSignatory - Signed VC is: eyJraWQiOiJkaWQ6a2V5Ono2TWtoQVJoOW5hS1hOOVRpNlVGOXpyWlVZeWptUXJiejhIQXNldlBMZ1NlcUFYSyN6Nk1raEFSaDluYUtYTjlUaTZVRjl6clpVWXlqbVFyYno4SEFzZXZQTGdTZXFBWEsiLCJ0eXAiOiJKV1QiLCJhbGciOiJFZERTQSJ9.eyJzdWIiOiJkaWQ6a2V5Ono2TWtoQVJoOW5hS1hOOVRpNlVGOXpyWlVZeWptUXJiejhIQXNldlBMZ1NlcUFYSyIsIm5iZiI6MTcyNjEzMzk3OCwiaXNzIjoiZGlkOmtleTp6Nk1raEFSaDluYUtYTjlUaTZVRjl6clpVWXlqbVFyYno4SEFzZXZQTGdTZXFBWEsiLCJpYXQiOjE3MjYxMzM5NzgsInZjIjp7InR5cGUiOlsiVmVyaWZpYWJsZUNyZWRlbnRpYWwiLCJWZXJpZmlhYmxlQXR0ZXN0YXRpb24iLCJWZXJpZmlhYmxlRGlwbG9tYSJdLCJAY29udGV4dCI6WyJodHRwczovL3d3dy53My5vcmcvMjAxOC9jcmVkZW50aWFscy92MSJdLCJpZCI6InVybjp1dWlkOjM3YzI4YmI4LTk2MTctNGZiMy05MWZkLWE1NjQxOGEwNjY1MSIsImlzc3VlciI6ImRpZDprZXk6ejZNa2hBUmg5bmFLWE45VGk2VUY5enJaVVl5am1RcmJ6OEhBc2V2UExnU2VxQVhLIiwiaXNzdWFuY2VEYXRlIjoiMjAyNC0wOS0xMlQwOTozOTozOFoiLCJpc3N1ZWQiOiIyMDI0LTA5LTEyVDA5OjM5OjM4WiIsInZhbGlkRnJvbSI6IjIwMjQtMDktMTJUMDk6Mzk6MzhaIiwiZXhwaXJhdGlvbkRhdGUiOiIyMDIyLTA4LTMxVDAwOjAwOjAwWiIsImNyZWRlbnRpYWxTY2hlbWEiOnsiaWQiOiJodHRwczovL3Jhdy5naXRodWJ1c2VyY29udGVudC5jb20vd2FsdC1pZC93YWx0aWQtc3Npa2l0LXZjbGliL21hc3Rlci9zcmMvdGVzdC9yZXNvdXJjZXMvc2NoZW1hcy9WZXJpZmlhYmxlRGlwbG9tYS5qc29uIiwidHlwZSI6Ikpzb25TY2hlbWFWYWxpZGF0b3IyMDE4In0sImNyZWRlbnRpYWxTdWJqZWN0Ijp7ImlkIjoiZGlkOmtleTp6Nk1raEFSaDluYUtYTjlUaTZVRjl6clpVWXlqbVFyYno4SEFzZXZQTGdTZXFBWEsiLCJhd2FyZGluZ09wcG9ydHVuaXR5Ijp7ImF3YXJkaW5nQm9keSI6eyJlaWRhc0xlZ2FsSWRlbnRpZmllciI6IlVua25vd24iLCJob21lcGFnZSI6Imh0dHBzOi8vbGVhc3Rvbi5iY2RpcGxvbWEuY29tLyIsImlkIjoiZGlkOmVic2k6MkE5Qlo5U1VlNkJhdGFjU3B2czFWNUNkakh2THBRN2JFc2kySmI2TGRIS25ReGFOIiwicHJlZmVycmVkTmFtZSI6IkxlYXN0b24gVW5pdmVyc2l0eSIsInJlZ2lzdHJhdGlvbiI6IjA1OTcwNjVKIn0sImVuZGVkQXRUaW1lIjoiMjAyMC0wNi0yNlQwMDowMDowMFoiLCJpZCI6Imh0dHBzOi8vbGVhc3Rvbi5iY2RpcGxvbWEuY29tL2xhdy1lY29ub21pY3MtbWFuYWdlbWVudCNBd2FyZGluZ09wcG9ydHVuaXR5IiwiaWRlbnRpZmllciI6Imh0dHBzOi8vY2VydGlmaWNhdGUtZGVtby5iY2RpcGxvbWEuY29tL2NoZWNrLzg3RUQyRjIyNzBFNkM0MTQ1NkU5NEI4NkI5RDkxMTVCNEUzNUJDQ0FEMjAwQTQ5Qjg0NjU5MkMxNEY3OUM4NkJWMUZuYmxsdGEwTlpUbkprUjNsRFdsUm1URGxTUlVKRVZGWklTbU5tWXpKaFVVNXNaVUo1WjJGSlNIcFdibVpaIiwibG9jYXRpb24iOiJGUkFOQ0UiLCJzdGFydGVkQXRUaW1lIjoiMjAxOS0wOS0wMlQwMDowMDowMFoifSwiZGF0ZU9mQmlydGgiOiIxOTkzLTA0LTA4IiwiZmFtaWx5TmFtZSI6IkRPRSIsImdpdmVuTmFtZXMiOiJKYW5lIiwiZ3JhZGluZ1NjaGVtZSI6eyJpZCI6Imh0dHBzOi8vbGVhc3Rvbi5iY2RpcGxvbWEuY29tL2xhdy1lY29ub21pY3MtbWFuYWdlbWVudCNHcmFkaW5nU2NoZW1lIiwidGl0bGUiOiJMb3dlciBTZWNvbmQtQ2xhc3MgSG9ub3VycyJ9LCJpZGVudGlmaWVyIjoiMDkwNDAwODA4NEgiLCJsZWFybmluZ0FjaGlldmVtZW50Ijp7ImFkZGl0aW9uYWxOb3RlIjpbIkRJU1RSSUJVVElPTiBNQU5BR0VNRU5UIl0sImRlc2NyaXB0aW9uIjoiTUFSS0VUSU5HIEFORCBTQUxFUyIsImlkIjoiaHR0cHM6Ly9sZWFzdG9uLmJjZGlwbG9tYS5jb20vbGF3LWVjb25vbWljcy1tYW5hZ2VtZW50I0xlYXJuaW5nQWNoaWV2bWVudCIsInRpdGxlIjoiTUFTVEVSUyBMQVcsIEVDT05PTUlDUyBBTkQgTUFOQUdFTUVOVCJ9LCJsZWFybmluZ1NwZWNpZmljYXRpb24iOnsiZWN0c0NyZWRpdFBvaW50cyI6MTIwLCJlcWZMZXZlbCI6NywiaWQiOiJodHRwczovL2xlYXN0b24uYmNkaXBsb21hLmNvbS9sYXctZWNvbm9taWNzLW1hbmFnZW1lbnQjTGVhcm5pbmdTcGVjaWZpY2F0aW9uIiwiaXNjZWRmQ29kZSI6WyI3Il0sIm5xZkxldmVsIjpbIjciXX19LCJjcmVkZW50aWFsU3RhdHVzIjp7ImlkIjoiaHR0cHM6Ly9lc3NpZi5ldXJvcGEuZXUvc3RhdHVzL2VkdWNhdGlvbiNoaWdoZXJFZHVjYXRpb24jMzkyYWM3ZjYtMzk5YS00MzdiLWEyNjgtNDY5MWVhZDhmMTc2IiwidHlwZSI6IkNyZWRlbnRpYWxTdGF0dXNMaXN0MjAyMCJ9LCJldmlkZW5jZSI6eyJkb2N1bWVudFByZXNlbmNlIjpbIlBoeXNpY2FsIl0sImV2aWRlbmNlRG9jdW1lbnQiOlsiUGFzc3BvcnQiXSwiaWQiOiJodHRwczovL2Vzc2lmLmV1cm9wYS5ldS90c3ItdmEvZXZpZGVuY2UvZjJhZWVjOTctZmMwZC00MmJmLThjYTctMDU0ODE5MmQ1Njc4Iiwic3ViamVjdFByZXNlbmNlIjoiUGh5c2ljYWwiLCJ0eXBlIjpbIkRvY3VtZW50VmVyaWZpY2F0aW9uIl0sInZlcmlmaWVyIjoiZGlkOmVic2k6Mjk2MmZiNzg0ZGY2MWJhYTI2N2M4MTMyNDk3NTM5ZjhjNjc0YjM3YzEyNDRhN2EifX0sImp0aSI6InVybjp1dWlkOjM3YzI4YmI4LTk2MTctNGZiMy05MWZkLWE1NjQxOGEwNjY1MSJ9.KZJYQx7mbvgpnXbwqE0G6MhMLu5cdDRH2MSeUvGLWUV19ZVW5mW5whsdoMOYxLrLGC0d6Ot-zVC1MQh74BT-CA
3548 [pool-1-thread-1 @coroutine#100] DEBUG id.walt.services.vc.WaltIdJwtCredentialService - Creating a presentation for VCs:
[PresentableCredential(verifiableCredential=eyJraWQiOiJkaWQ6a2V5Ono2TWtoQVJoOW5hS1hOOVRpNlVGOXpyWlVZeWptUXJiejhIQXNldlBMZ1NlcUFYSyN6Nk1raEFSaDluYUtYTjlUaTZVRjl6clpVWXlqbVFyYno4SEFzZXZQTGdTZXFBWEsiLCJ0eXAiOiJKV1QiLCJhbGciOiJFZERTQSJ9.eyJzdWIiOiJkaWQ6a2V5Ono2TWtoQVJoOW5hS1hOOVRpNlVGOXpyWlVZeWptUXJiejhIQXNldlBMZ1NlcUFYSyIsIm5iZiI6MTcyNjEzMzk3OCwiaXNzIjoiZGlkOmtleTp6Nk1raEFSaDluYUtYTjlUaTZVRjl6clpVWXlqbVFyYno4SEFzZXZQTGdTZXFBWEsiLCJpYXQiOjE3MjYxMzM5NzgsInZjIjp7InR5cGUiOlsiVmVyaWZpYWJsZUNyZWRlbnRpYWwiLCJWZXJpZmlhYmxlQXR0ZXN0YXRpb24iLCJWZXJpZmlhYmxlRGlwbG9tYSJdLCJAY29udGV4dCI6WyJodHRwczovL3d3dy53My5vcmcvMjAxOC9jcmVkZW50aWFscy92MSJdLCJpZCI6InVybjp1dWlkOjM3YzI4YmI4LTk2MTctNGZiMy05MWZkLWE1NjQxOGEwNjY1MSIsImlzc3VlciI6ImRpZDprZXk6ejZNa2hBUmg5bmFLWE45VGk2VUY5enJaVVl5am1RcmJ6OEhBc2V2UExnU2VxQVhLIiwiaXNzdWFuY2VEYXRlIjoiMjAyNC0wOS0xMlQwOTozOTozOFoiLCJpc3N1ZWQiOiIyMDI0LTA5LTEyVDA5OjM5OjM4WiIsInZhbGlkRnJvbSI6IjIwMjQtMDktMTJUMDk6Mzk6MzhaIiwiZXhwaXJhdGlvbkRhdGUiOiIyMDIyLTA4LTMxVDAwOjAwOjAwWiIsImNyZWRlbnRpYWxTY2hlbWEiOnsiaWQiOiJodHRwczovL3Jhdy5naXRodWJ1c2VyY29udGVudC5jb20vd2FsdC1pZC93YWx0aWQtc3Npa2l0LXZjbGliL21hc3Rlci9zcmMvdGVzdC9yZXNvdXJjZXMvc2NoZW1hcy9WZXJpZmlhYmxlRGlwbG9tYS5qc29uIiwidHlwZSI6Ikpzb25TY2hlbWFWYWxpZGF0b3IyMDE4In0sImNyZWRlbnRpYWxTdWJqZWN0Ijp7ImlkIjoiZGlkOmtleTp6Nk1raEFSaDluYUtYTjlUaTZVRjl6clpVWXlqbVFyYno4SEFzZXZQTGdTZXFBWEsiLCJhd2FyZGluZ09wcG9ydHVuaXR5Ijp7ImF3YXJkaW5nQm9keSI6eyJlaWRhc0xlZ2FsSWRlbnRpZmllciI6IlVua25vd24iLCJob21lcGFnZSI6Imh0dHBzOi8vbGVhc3Rvbi5iY2RpcGxvbWEuY29tLyIsImlkIjoiZGlkOmVic2k6MkE5Qlo5U1VlNkJhdGFjU3B2czFWNUNkakh2THBRN2JFc2kySmI2TGRIS25ReGFOIiwicHJlZmVycmVkTmFtZSI6IkxlYXN0b24gVW5pdmVyc2l0eSIsInJlZ2lzdHJhdGlvbiI6IjA1OTcwNjVKIn0sImVuZGVkQXRUaW1lIjoiMjAyMC0wNi0yNlQwMDowMDowMFoiLCJpZCI6Imh0dHBzOi8vbGVhc3Rvbi5iY2RpcGxvbWEuY29tL2xhdy1lY29ub21pY3MtbWFuYWdlbWVudCNBd2FyZGluZ09wcG9ydHVuaXR5IiwiaWRlbnRpZmllciI6Imh0dHBzOi8vY2VydGlmaWNhdGUtZGVtby5iY2RpcGxvbWEuY29tL2NoZWNrLzg3RUQyRjIyNzBFNkM0MTQ1NkU5NEI4NkI5RDkxMTVCNEUzNUJDQ0FEMjAwQTQ5Qjg0NjU5MkMxNEY3OUM4NkJWMUZuYmxsdGEwTlpUbkprUjNsRFdsUm1URGxTUlVKRVZGWklTbU5tWXpKaFVVNXNaVUo1WjJGSlNIcFdibVpaIiwibG9jYXRpb24iOiJGUkFOQ0UiLCJzdGFydGVkQXRUaW1lIjoiMjAxOS0wOS0wMlQwMDowMDowMFoifSwiZGF0ZU9mQmlydGgiOiIxOTkzLTA0LTA4IiwiZmFtaWx5TmFtZSI6IkRPRSIsImdpdmVuTmFtZXMiOiJKYW5lIiwiZ3JhZGluZ1NjaGVtZSI6eyJpZCI6Imh0dHBzOi8vbGVhc3Rvbi5iY2RpcGxvbWEuY29tL2xhdy1lY29ub21pY3MtbWFuYWdlbWVudCNHcmFkaW5nU2NoZW1lIiwidGl0bGUiOiJMb3dlciBTZWNvbmQtQ2xhc3MgSG9ub3VycyJ9LCJpZGVudGlmaWVyIjoiMDkwNDAwODA4NEgiLCJsZWFybmluZ0FjaGlldmVtZW50Ijp7ImFkZGl0aW9uYWxOb3RlIjpbIkRJU1RSSUJVVElPTiBNQU5BR0VNRU5UIl0sImRlc2NyaXB0aW9uIjoiTUFSS0VUSU5HIEFORCBTQUxFUyIsImlkIjoiaHR0cHM6Ly9sZWFzdG9uLmJjZGlwbG9tYS5jb20vbGF3LWVjb25vbWljcy1tYW5hZ2VtZW50I0xlYXJuaW5nQWNoaWV2bWVudCIsInRpdGxlIjoiTUFTVEVSUyBMQVcsIEVDT05PTUlDUyBBTkQgTUFOQUdFTUVOVCJ9LCJsZWFybmluZ1NwZWNpZmljYXRpb24iOnsiZWN0c0NyZWRpdFBvaW50cyI6MTIwLCJlcWZMZXZlbCI6NywiaWQiOiJodHRwczovL2xlYXN0b24uYmNkaXBsb21hLmNvbS9sYXctZWNvbm9taWNzLW1hbmFnZW1lbnQjTGVhcm5pbmdTcGVjaWZpY2F0aW9uIiwiaXNjZWRmQ29kZSI6WyI3Il0sIm5xZkxldmVsIjpbIjciXX19LCJjcmVkZW50aWFsU3RhdHVzIjp7ImlkIjoiaHR0cHM6Ly9lc3NpZi5ldXJvcGEuZXUvc3RhdHVzL2VkdWNhdGlvbiNoaWdoZXJFZHVjYXRpb24jMzkyYWM3ZjYtMzk5YS00MzdiLWEyNjgtNDY5MWVhZDhmMTc2IiwidHlwZSI6IkNyZWRlbnRpYWxTdGF0dXNMaXN0MjAyMCJ9LCJldmlkZW5jZSI6eyJkb2N1bWVudFByZXNlbmNlIjpbIlBoeXNpY2FsIl0sImV2aWRlbmNlRG9jdW1lbnQiOlsiUGFzc3BvcnQiXSwiaWQiOiJodHRwczovL2Vzc2lmLmV1cm9wYS5ldS90c3ItdmEvZXZpZGVuY2UvZjJhZWVjOTctZmMwZC00MmJmLThjYTctMDU0ODE5MmQ1Njc4Iiwic3ViamVjdFByZXNlbmNlIjoiUGh5c2ljYWwiLCJ0eXBlIjpbIkRvY3VtZW50VmVyaWZpY2F0aW9uIl0sInZlcmlmaWVyIjoiZGlkOmVic2k6Mjk2MmZiNzg0ZGY2MWJhYTI2N2M4MTMyNDk3NTM5ZjhjNjc0YjM3YzEyNDRhN2EifX0sImp0aSI6InVybjp1dWlkOjM3YzI4YmI4LTk2MTctNGZiMy05MWZkLWE1NjQxOGEwNjY1MSJ9.KZJYQx7mbvgpnXbwqE0G6MhMLu5cdDRH2MSeUvGLWUV19ZVW5mW5whsdoMOYxLrLGC0d6Ot-zVC1MQh74BT-CA, selectiveDisclosure=null, discloseAll=false)]
3548 [pool-1-thread-1 @coroutine#100] DEBUG id.walt.model.DidUrl - Trying to create DidUrl from URL: "did:key:z6MkhARh9naKXN9Ti6UF9zrZUYyjmQrbz8HAsevPLgSeqAXK"...
3548 [pool-1-thread-1 @coroutine#100] DEBUG id.walt.services.vc.WaltIdJwtCredentialService - Signing JWT object with config: ProofConfig(issuerDid=did:key:z6MkhARh9naKXN9Ti6UF9zrZUYyjmQrbz8HAsevPLgSeqAXK, subjectDid=did:key:z6MkhARh9naKXN9Ti6UF9zrZUYyjmQrbz8HAsevPLgSeqAXK, verifierDid=did:key:z6MkhARh9naKXN9Ti6UF9zrZUYyjmQrbz8HAsevPLgSeqAXK, issuerVerificationMethod=did:key:z6MkhARh9naKXN9Ti6UF9zrZUYyjmQrbz8HAsevPLgSeqAXK#z6MkhARh9naKXN9Ti6UF9zrZUYyjmQrbz8HAsevPLgSeqAXK, proofType=JWT, domain=null, nonce=abcd, proofPurpose=null, credentialId=urn:uuid:0c3cbcd5-5f26-45d0-9a88-706d93bb32ef, issueDate=null, validDate=null, expirationDate=null, dataProviderIdentifier=null, ldSignatureType=null, creator=did:key:z6MkhARh9naKXN9Ti6UF9zrZUYyjmQrbz8HAsevPLgSeqAXK, ecosystem=DEFAULT, statusType=null, statusPurpose=revocation, credentialsEndpoint=null, selectiveDisclosure=null)
3549 [pool-1-thread-1 @coroutine#100] DEBUG id.walt.services.vc.WaltIdJwtCredentialService - Signing: {"sub":"did:key:z6MkhARh9naKXN9Ti6UF9zrZUYyjmQrbz8HAsevPLgSeqAXK","aud":"did:key:z6MkhARh9naKXN9Ti6UF9zrZUYyjmQrbz8HAsevPLgSeqAXK","nbf":1726133978,"iss":"did:key:z6MkhARh9naKXN9Ti6UF9zrZUYyjmQrbz8HAsevPLgSeqAXK","vp":{"type":["VerifiablePresentation"],"@context":["https://www.w3.org/2018/credentials/v1"],"id":"urn:uuid:0c3cbcd5-5f26-45d0-9a88-706d93bb32ef","holder":"did:key:z6MkhARh9naKXN9Ti6UF9zrZUYyjmQrbz8HAsevPLgSeqAXK","verifiableCredential":["eyJraWQiOiJkaWQ6a2V5Ono2TWtoQVJoOW5hS1hOOVRpNlVGOXpyWlVZeWptUXJiejhIQXNldlBMZ1NlcUFYSyN6Nk1raEFSaDluYUtYTjlUaTZVRjl6clpVWXlqbVFyYno4SEFzZXZQTGdTZXFBWEsiLCJ0eXAiOiJKV1QiLCJhbGciOiJFZERTQSJ9.eyJzdWIiOiJkaWQ6a2V5Ono2TWtoQVJoOW5hS1hOOVRpNlVGOXpyWlVZeWptUXJiejhIQXNldlBMZ1NlcUFYSyIsIm5iZiI6MTcyNjEzMzk3OCwiaXNzIjoiZGlkOmtleTp6Nk1raEFSaDluYUtYTjlUaTZVRjl6clpVWXlqbVFyYno4SEFzZXZQTGdTZXFBWEsiLCJpYXQiOjE3MjYxMzM5NzgsInZjIjp7InR5cGUiOlsiVmVyaWZpYWJsZUNyZWRlbnRpYWwiLCJWZXJpZmlhYmxlQXR0ZXN0YXRpb24iLCJWZXJpZmlhYmxlRGlwbG9tYSJdLCJAY29udGV4dCI6WyJodHRwczovL3d3dy53My5vcmcvMjAxOC9jcmVkZW50aWFscy92MSJdLCJpZCI6InVybjp1dWlkOjM3YzI4YmI4LTk2MTctNGZiMy05MWZkLWE1NjQxOGEwNjY1MSIsImlzc3VlciI6ImRpZDprZXk6ejZNa2hBUmg5bmFLWE45VGk2VUY5enJaVVl5am1RcmJ6OEhBc2V2UExnU2VxQVhLIiwiaXNzdWFuY2VEYXRlIjoiMjAyNC0wOS0xMlQwOTozOTozOFoiLCJpc3N1ZWQiOiIyMDI0LTA5LTEyVDA5OjM5OjM4WiIsInZhbGlkRnJvbSI6IjIwMjQtMDktMTJUMDk6Mzk6MzhaIiwiZXhwaXJhdGlvbkRhdGUiOiIyMDIyLTA4LTMxVDAwOjAwOjAwWiIsImNyZWRlbnRpYWxTY2hlbWEiOnsiaWQiOiJodHRwczovL3Jhdy5naXRodWJ1c2VyY29udGVudC5jb20vd2FsdC1pZC93YWx0aWQtc3Npa2l0LXZjbGliL21hc3Rlci9zcmMvdGVzdC9yZXNvdXJjZXMvc2NoZW1hcy9WZXJpZmlhYmxlRGlwbG9tYS5qc29uIiwidHlwZSI6Ikpzb25TY2hlbWFWYWxpZGF0b3IyMDE4In0sImNyZWRlbnRpYWxTdWJqZWN0Ijp7ImlkIjoiZGlkOmtleTp6Nk1raEFSaDluYUtYTjlUaTZVRjl6clpVWXlqbVFyYno4SEFzZXZQTGdTZXFBWEsiLCJhd2FyZGluZ09wcG9ydHVuaXR5Ijp7ImF3YXJkaW5nQm9keSI6eyJlaWRhc0xlZ2FsSWRlbnRpZmllciI6IlVua25vd24iLCJob21lcGFnZSI6Imh0dHBzOi8vbGVhc3Rvbi5iY2RpcGxvbWEuY29tLyIsImlkIjoiZGlkOmVic2k6MkE5Qlo5U1VlNkJhdGFjU3B2czFWNUNkakh2THBRN2JFc2kySmI2TGRIS25ReGFOIiwicHJlZmVycmVkTmFtZSI6IkxlYXN0b24gVW5pdmVyc2l0eSIsInJlZ2lzdHJhdGlvbiI6IjA1OTcwNjVKIn0sImVuZGVkQXRUaW1lIjoiMjAyMC0wNi0yNlQwMDowMDowMFoiLCJpZCI6Imh0dHBzOi8vbGVhc3Rvbi5iY2RpcGxvbWEuY29tL2xhdy1lY29ub21pY3MtbWFuYWdlbWVudCNBd2FyZGluZ09wcG9ydHVuaXR5IiwiaWRlbnRpZmllciI6Imh0dHBzOi8vY2VydGlmaWNhdGUtZGVtby5iY2RpcGxvbWEuY29tL2NoZWNrLzg3RUQyRjIyNzBFNkM0MTQ1NkU5NEI4NkI5RDkxMTVCNEUzNUJDQ0FEMjAwQTQ5Qjg0NjU5MkMxNEY3OUM4NkJWMUZuYmxsdGEwTlpUbkprUjNsRFdsUm1URGxTUlVKRVZGWklTbU5tWXpKaFVVNXNaVUo1WjJGSlNIcFdibVpaIiwibG9jYXRpb24iOiJGUkFOQ0UiLCJzdGFydGVkQXRUaW1lIjoiMjAxOS0wOS0wMlQwMDowMDowMFoifSwiZGF0ZU9mQmlydGgiOiIxOTkzLTA0LTA4IiwiZmFtaWx5TmFtZSI6IkRPRSIsImdpdmVuTmFtZXMiOiJKYW5lIiwiZ3JhZGluZ1NjaGVtZSI6eyJpZCI6Imh0dHBzOi8vbGVhc3Rvbi5iY2RpcGxvbWEuY29tL2xhdy1lY29ub21pY3MtbWFuYWdlbWVudCNHcmFkaW5nU2NoZW1lIiwidGl0bGUiOiJMb3dlciBTZWNvbmQtQ2xhc3MgSG9ub3VycyJ9LCJpZGVudGlmaWVyIjoiMDkwNDAwODA4NEgiLCJsZWFybmluZ0FjaGlldmVtZW50Ijp7ImFkZGl0aW9uYWxOb3RlIjpbIkRJU1RSSUJVVElPTiBNQU5BR0VNRU5UIl0sImRlc2NyaXB0aW9uIjoiTUFSS0VUSU5HIEFORCBTQUxFUyIsImlkIjoiaHR0cHM6Ly9sZWFzdG9uLmJjZGlwbG9tYS5jb20vbGF3LWVjb25vbWljcy1tYW5hZ2VtZW50I0xlYXJuaW5nQWNoaWV2bWVudCIsInRpdGxlIjoiTUFTVEVSUyBMQVcsIEVDT05PTUlDUyBBTkQgTUFOQUdFTUVOVCJ9LCJsZWFybmluZ1NwZWNpZmljYXRpb24iOnsiZWN0c0NyZWRpdFBvaW50cyI6MTIwLCJlcWZMZXZlbCI6NywiaWQiOiJodHRwczovL2xlYXN0b24uYmNkaXBsb21hLmNvbS9sYXctZWNvbm9taWNzLW1hbmFnZW1lbnQjTGVhcm5pbmdTcGVjaWZpY2F0aW9uIiwiaXNjZWRmQ29kZSI6WyI3Il0sIm5xZkxldmVsIjpbIjciXX19LCJjcmVkZW50aWFsU3RhdHVzIjp7ImlkIjoiaHR0cHM6Ly9lc3NpZi5ldXJvcGEuZXUvc3RhdHVzL2VkdWNhdGlvbiNoaWdoZXJFZHVjYXRpb24jMzkyYWM3ZjYtMzk5YS00MzdiLWEyNjgtNDY5MWVhZDhmMTc2IiwidHlwZSI6IkNyZWRlbnRpYWxTdGF0dXNMaXN0MjAyMCJ9LCJldmlkZW5jZSI6eyJkb2N1bWVudFByZXNlbmNlIjpbIlBoeXNpY2FsIl0sImV2aWRlbmNlRG9jdW1lbnQiOlsiUGFzc3BvcnQiXSwiaWQiOiJodHRwczovL2Vzc2lmLmV1cm9wYS5ldS90c3ItdmEvZXZpZGVuY2UvZjJhZWVjOTctZmMwZC00MmJmLThjYTctMDU0ODE5MmQ1Njc4Iiwic3ViamVjdFByZXNlbmNlIjoiUGh5c2ljYWwiLCJ0eXBlIjpbIkRvY3VtZW50VmVyaWZpY2F0aW9uIl0sInZlcmlmaWVyIjoiZGlkOmVic2k6Mjk2MmZiNzg0ZGY2MWJhYTI2N2M4MTMyNDk3NTM5ZjhjNjc0YjM3YzEyNDRhN2EifX0sImp0aSI6InVybjp1dWlkOjM3YzI4YmI4LTk2MTctNGZiMy05MWZkLWE1NjQxOGEwNjY1MSJ9.KZJYQx7mbvgpnXbwqE0G6MhMLu5cdDRH2MSeUvGLWUV19ZVW5mW5whsdoMOYxLrLGC0d6Ot-zVC1MQh74BT-CA"]},"iat":1726133978,"nonce":"abcd","jti":"urn:uuid:0c3cbcd5-5f26-45d0-9a88-706d93bb32ef"}
3549 [pool-1-thread-1 @coroutine#100] DEBUG id.walt.services.keystore.HKVKeyStoreService - Loading key "did:key:z6MkhARh9naKXN9Ti6UF9zrZUYyjmQrbz8HAsevPLgSeqAXK#z6MkhARh9naKXN9Ti6UF9zrZUYyjmQrbz8HAsevPLgSeqAXK".
3549 [pool-1-thread-1 @coroutine#100] DEBUG id.walt.services.jwt.WaltIdJwtService - Signing JWT with algorithm: EdDSA_Ed25519
3549 [pool-1-thread-1 @coroutine#100] DEBUG id.walt.model.DidUrl - Trying to create DidUrl from URL: "did:key:z6MkhARh9naKXN9Ti6UF9zrZUYyjmQrbz8HAsevPLgSeqAXK#z6MkhARh9naKXN9Ti6UF9zrZUYyjmQrbz8HAsevPLgSeqAXK"...
3549 [pool-1-thread-1 @coroutine#100] DEBUG id.walt.services.keystore.HKVKeyStoreService - Loading key "eecb87e7e8f545cfbc0a0b5ed97b15d4".
3550 [pool-1-thread-1 @coroutine#100] DEBUG id.walt.services.jwt.WaltIdJwtService - Signed JWT:  eyJraWQiOiJkaWQ6a2V5Ono2TWtoQVJoOW5hS1hOOVRpNlVGOXpyWlVZeWptUXJiejhIQXNldlBMZ1NlcUFYSyN6Nk1raEFSaDluYUtYTjlUaTZVRjl6clpVWXlqbVFyYno4SEFzZXZQTGdTZXFBWEsiLCJ0eXAiOiJKV1QiLCJhbGciOiJFZERTQSJ9.eyJzdWIiOiJkaWQ6a2V5Ono2TWtoQVJoOW5hS1hOOVRpNlVGOXpyWlVZeWptUXJiejhIQXNldlBMZ1NlcUFYSyIsImF1ZCI6ImRpZDprZXk6ejZNa2hBUmg5bmFLWE45VGk2VUY5enJaVVl5am1RcmJ6OEhBc2V2UExnU2VxQVhLIiwibmJmIjoxNzI2MTMzOTc4LCJpc3MiOiJkaWQ6a2V5Ono2TWtoQVJoOW5hS1hOOVRpNlVGOXpyWlVZeWptUXJiejhIQXNldlBMZ1NlcUFYSyIsInZwIjp7InR5cGUiOlsiVmVyaWZpYWJsZVByZXNlbnRhdGlvbiJdLCJAY29udGV4dCI6WyJodHRwczovL3d3dy53My5vcmcvMjAxOC9jcmVkZW50aWFscy92MSJdLCJpZCI6InVybjp1dWlkOjBjM2NiY2Q1LTVmMjYtNDVkMC05YTg4LTcwNmQ5M2JiMzJlZiIsImhvbGRlciI6ImRpZDprZXk6ejZNa2hBUmg5bmFLWE45VGk2VUY5enJaVVl5am1RcmJ6OEhBc2V2UExnU2VxQVhLIiwidmVyaWZpYWJsZUNyZWRlbnRpYWwiOlsiZXlKcmFXUWlPaUprYVdRNmEyVjVPbm8yVFd0b1FWSm9PVzVoUzFoT09WUnBObFZHT1hweVdsVlplV3B0VVhKaWVqaElRWE5sZGxCTVoxTmxjVUZZU3lONk5rMXJhRUZTYURsdVlVdFlUamxVYVRaVlJqbDZjbHBWV1hscWJWRnlZbm80U0VGelpYWlFUR2RUWlhGQldFc2lMQ0owZVhBaU9pSktWMVFpTENKaGJHY2lPaUpGWkVSVFFTSjkuZXlKemRXSWlPaUprYVdRNmEyVjVPbm8yVFd0b1FWSm9PVzVoUzFoT09WUnBObFZHT1hweVdsVlplV3B0VVhKaWVqaElRWE5sZGxCTVoxTmxjVUZZU3lJc0ltNWlaaUk2TVRjeU5qRXpNemszT0N3aWFYTnpJam9pWkdsa09tdGxlVHA2TmsxcmFFRlNhRGx1WVV0WVRqbFVhVFpWUmpsNmNscFZXWGxxYlZGeVlubzRTRUZ6WlhaUVRHZFRaWEZCV0VzaUxDSnBZWFFpT2pFM01qWXhNek01Tnpnc0luWmpJanA3SW5SNWNHVWlPbHNpVm1WeWFXWnBZV0pzWlVOeVpXUmxiblJwWVd3aUxDSldaWEpwWm1saFlteGxRWFIwWlhOMFlYUnBiMjRpTENKV1pYSnBabWxoWW14bFJHbHdiRzl0WVNKZExDSkFZMjl1ZEdWNGRDSTZXeUpvZEhSd2N6b3ZMM2QzZHk1M015NXZjbWN2TWpBeE9DOWpjbVZrWlc1MGFXRnNjeTkyTVNKZExDSnBaQ0k2SW5WeWJqcDFkV2xrT2pNM1l6STRZbUk0TFRrMk1UY3ROR1ppTXkwNU1XWmtMV0UxTmpReE9HRXdOalkxTVNJc0ltbHpjM1ZsY2lJNkltUnBaRHByWlhrNmVqWk5hMmhCVW1nNWJtRkxXRTQ1VkdrMlZVWTVlbkphVlZsNWFtMVJjbUo2T0VoQmMyVjJVRXhuVTJWeFFWaExJaXdpYVhOemRXRnVZMlZFWVhSbElqb2lNakF5TkMwd09TMHhNbFF3T1Rvek9Ub3pPRm9pTENKcGMzTjFaV1FpT2lJeU1ESTBMVEE1TFRFeVZEQTVPak01T2pNNFdpSXNJblpoYkdsa1JuSnZiU0k2SWpJd01qUXRNRGt0TVRKVU1EazZNems2TXpoYUlpd2laWGh3YVhKaGRHbHZia1JoZEdVaU9pSXlNREl5TFRBNExUTXhWREF3T2pBd09qQXdXaUlzSW1OeVpXUmxiblJwWVd4VFkyaGxiV0VpT25zaWFXUWlPaUpvZEhSd2N6b3ZMM0poZHk1bmFYUm9kV0oxYzJWeVkyOXVkR1Z1ZEM1amIyMHZkMkZzZEMxcFpDOTNZV3gwYVdRdGMzTnBhMmwwTFhaamJHbGlMMjFoYzNSbGNpOXpjbU12ZEdWemRDOXlaWE52ZFhKalpYTXZjMk5vWlcxaGN5OVdaWEpwWm1saFlteGxSR2x3Ykc5dFlTNXFjMjl1SWl3aWRIbHdaU0k2SWtwemIyNVRZMmhsYldGV1lXeHBaR0YwYjNJeU1ERTRJbjBzSW1OeVpXUmxiblJwWVd4VGRXSnFaV04wSWpwN0ltbGtJam9pWkdsa09tdGxlVHA2TmsxcmFFRlNhRGx1WVV0WVRqbFVhVFpWUmpsNmNscFZXWGxxYlZGeVlubzRTRUZ6WlhaUVRHZFRaWEZCV0VzaUxDSmhkMkZ5WkdsdVowOXdjRzl5ZEhWdWFYUjVJanA3SW1GM1lYSmthVzVuUW05a2VTSTZleUpsYVdSaGMweGxaMkZzU1dSbGJuUnBabWxsY2lJNklsVnVhMjV2ZDI0aUxDSm9iMjFsY0dGblpTSTZJbWgwZEhCek9pOHZiR1ZoYzNSdmJpNWlZMlJwY0d4dmJXRXVZMjl0THlJc0ltbGtJam9pWkdsa09tVmljMms2TWtFNVFsbzVVMVZsTmtKaGRHRmpVM0IyY3pGV05VTmtha2gyVEhCUk4ySkZjMmt5U21JMlRHUklTMjVSZUdGT0lpd2ljSEpsWm1WeWNtVmtUbUZ0WlNJNklreGxZWE4wYjI0Z1ZXNXBkbVZ5YzJsMGVTSXNJbkpsWjJsemRISmhkR2x2YmlJNklqQTFPVGN3TmpWS0luMHNJbVZ1WkdWa1FYUlVhVzFsSWpvaU1qQXlNQzB3TmkweU5sUXdNRG93TURvd01Gb2lMQ0pwWkNJNkltaDBkSEJ6T2k4dmJHVmhjM1J2Ymk1aVkyUnBjR3h2YldFdVkyOXRMMnhoZHkxbFkyOXViMjFwWTNNdGJXRnVZV2RsYldWdWRDTkJkMkZ5WkdsdVowOXdjRzl5ZEhWdWFYUjVJaXdpYVdSbGJuUnBabWxsY2lJNkltaDBkSEJ6T2k4dlkyVnlkR2xtYVdOaGRHVXRaR1Z0Ynk1aVkyUnBjR3h2YldFdVkyOXRMMk5vWldOckx6ZzNSVVF5UmpJeU56QkZOa00wTVRRMU5rVTVORUk0TmtJNVJEa3hNVFZDTkVVek5VSkRRMEZFTWpBd1FUUTVRamcwTmpVNU1rTXhORVkzT1VNNE5rSldNVVp1WW14c2RHRXdUbHBVYmtwclVqTnNSRmRzVW0xVVJHeFRVbFZLUlZaR1drbFRiVTV0V1hwS2FGVlZOWE5hVlVvMVdqSkdTbE5JY0ZkaWJWcGFJaXdpYkc5allYUnBiMjRpT2lKR1VrRk9RMFVpTENKemRHRnlkR1ZrUVhSVWFXMWxJam9pTWpBeE9TMHdPUzB3TWxRd01Eb3dNRG93TUZvaWZTd2laR0YwWlU5bVFtbHlkR2dpT2lJeE9Ua3pMVEEwTFRBNElpd2labUZ0YVd4NVRtRnRaU0k2SWtSUFJTSXNJbWRwZG1WdVRtRnRaWE1pT2lKS1lXNWxJaXdpWjNKaFpHbHVaMU5qYUdWdFpTSTZleUpwWkNJNkltaDBkSEJ6T2k4dmJHVmhjM1J2Ymk1aVkyUnBjR3h2YldFdVkyOXRMMnhoZHkxbFkyOXViMjFwWTNNdGJXRnVZV2RsYldWdWRDTkhjbUZrYVc1blUyTm9aVzFsSWl3aWRHbDBiR1VpT2lKTWIzZGxjaUJUWldOdmJtUXRRMnhoYzNNZ1NHOXViM1Z5Y3lKOUxDSnBaR1Z1ZEdsbWFXVnlJam9pTURrd05EQXdPREE0TkVnaUxDSnNaV0Z5Ym1sdVowRmphR2xsZG1WdFpXNTBJanA3SW1Ga1pHbDBhVzl1WVd4T2IzUmxJanBiSWtSSlUxUlNTVUpWVkVsUFRpQk5RVTVCUjBWTlJVNVVJbDBzSW1SbGMyTnlhWEIwYVc5dUlqb2lUVUZTUzBWVVNVNUhJRUZPUkNCVFFVeEZVeUlzSW1sa0lqb2lhSFIwY0hNNkx5OXNaV0Z6ZEc5dUxtSmpaR2x3Ykc5dFlTNWpiMjB2YkdGM0xXVmpiMjV2YldsamN5MXRZVzVoWjJWdFpXNTBJMHhsWVhKdWFXNW5RV05vYVdWMmJXVnVkQ0lzSW5ScGRHeGxJam9pVFVGVFZFVlNVeUJNUVZjc0lFVkRUMDVQVFVsRFV5QkJUa1FnVFVGT1FVZEZUVVZPVkNKOUxDSnNaV0Z5Ym1sdVoxTndaV05wWm1sallYUnBiMjRpT25zaVpXTjBjME55WldScGRGQnZhVzUwY3lJNk1USXdMQ0psY1daTVpYWmxiQ0k2Tnl3aWFXUWlPaUpvZEhSd2N6b3ZMMnhsWVhOMGIyNHVZbU5rYVhCc2IyMWhMbU52YlM5c1lYY3RaV052Ym05dGFXTnpMVzFoYm1GblpXMWxiblFqVEdWaGNtNXBibWRUY0dWamFXWnBZMkYwYVc5dUlpd2lhWE5qWldSbVEyOWtaU0k2V3lJM0lsMHNJbTV4Wmt4bGRtVnNJanBiSWpjaVhYMTlMQ0pqY21Wa1pXNTBhV0ZzVTNSaGRIVnpJanA3SW1sa0lqb2lhSFIwY0hNNkx5OWxjM05wWmk1bGRYSnZjR0V1WlhVdmMzUmhkSFZ6TDJWa2RXTmhkR2x2YmlOb2FXZG9aWEpGWkhWallYUnBiMjRqTXpreVlXTTNaall0TXprNVlTMDBNemRpTFdFeU5qZ3RORFk1TVdWaFpEaG1NVGMySWl3aWRIbHdaU0k2SWtOeVpXUmxiblJwWVd4VGRHRjBkWE5NYVhOME1qQXlNQ0o5TENKbGRtbGtaVzVqWlNJNmV5SmtiMk4xYldWdWRGQnlaWE5sYm1ObElqcGJJbEJvZVhOcFkyRnNJbDBzSW1WMmFXUmxibU5sUkc5amRXMWxiblFpT2xzaVVHRnpjM0J2Y25RaVhTd2lhV1FpT2lKb2RIUndjem92TDJWemMybG1MbVYxY205d1lTNWxkUzkwYzNJdGRtRXZaWFpwWkdWdVkyVXZaakpoWldWak9UY3RabU13WkMwME1tSm1MVGhqWVRjdE1EVTBPREU1TW1RMU5qYzRJaXdpYzNWaWFtVmpkRkJ5WlhObGJtTmxJam9pVUdoNWMybGpZV3dpTENKMGVYQmxJanBiSWtSdlkzVnRaVzUwVm1WeWFXWnBZMkYwYVc5dUlsMHNJblpsY21sbWFXVnlJam9pWkdsa09tVmljMms2TWprMk1tWmlOemcwWkdZMk1XSmhZVEkyTjJNNE1UTXlORGszTlRNNVpqaGpOamMwWWpNM1l6RXlORFJoTjJFaWZYMHNJbXAwYVNJNkluVnlianAxZFdsa09qTTNZekk0WW1JNExUazJNVGN0TkdaaU15MDVNV1prTFdFMU5qUXhPR0V3TmpZMU1TSjkuS1pKWVF4N21idmdwblhid3FFMEc2TWhNTHU1Y2REUkgyTVNlVXZHTFdVVjE5WlZXNW1XNXdoc2RvTU9ZeExyTEdDMGQ2T3QtelZDMU1RaDc0QlQtQ0EiXX0sImlhdCI6MTcyNjEzMzk3OCwibm9uY2UiOiJhYmNkIiwianRpIjoidXJuOnV1aWQ6MGMzY2JjZDUtNWYyNi00NWQwLTlhODgtNzA2ZDkzYmIzMmVmIn0.IZnZ7dSJWYN8X3Pbb-gCvdhtaFcH_UgCTOIn7p28aqa7lxXz8BXSTyGIliaTrB6667GGPFW9ctV1Jf79eLM9Cg
3550 [pool-1-thread-1 @coroutine#100] DEBUG id.walt.services.vc.WaltIdJwtCredentialService - VP created:eyJraWQiOiJkaWQ6a2V5Ono2TWtoQVJoOW5hS1hOOVRpNlVGOXpyWlVZeWptUXJiejhIQXNldlBMZ1NlcUFYSyN6Nk1raEFSaDluYUtYTjlUaTZVRjl6clpVWXlqbVFyYno4SEFzZXZQTGdTZXFBWEsiLCJ0eXAiOiJKV1QiLCJhbGciOiJFZERTQSJ9.eyJzdWIiOiJkaWQ6a2V5Ono2TWtoQVJoOW5hS1hOOVRpNlVGOXpyWlVZeWptUXJiejhIQXNldlBMZ1NlcUFYSyIsImF1ZCI6ImRpZDprZXk6ejZNa2hBUmg5bmFLWE45VGk2VUY5enJaVVl5am1RcmJ6OEhBc2V2UExnU2VxQVhLIiwibmJmIjoxNzI2MTMzOTc4LCJpc3MiOiJkaWQ6a2V5Ono2TWtoQVJoOW5hS1hOOVRpNlVGOXpyWlVZeWptUXJiejhIQXNldlBMZ1NlcUFYSyIsInZwIjp7InR5cGUiOlsiVmVyaWZpYWJsZVByZXNlbnRhdGlvbiJdLCJAY29udGV4dCI6WyJodHRwczovL3d3dy53My5vcmcvMjAxOC9jcmVkZW50aWFscy92MSJdLCJpZCI6InVybjp1dWlkOjBjM2NiY2Q1LTVmMjYtNDVkMC05YTg4LTcwNmQ5M2JiMzJlZiIsImhvbGRlciI6ImRpZDprZXk6ejZNa2hBUmg5bmFLWE45VGk2VUY5enJaVVl5am1RcmJ6OEhBc2V2UExnU2VxQVhLIiwidmVyaWZpYWJsZUNyZWRlbnRpYWwiOlsiZXlKcmFXUWlPaUprYVdRNmEyVjVPbm8yVFd0b1FWSm9PVzVoUzFoT09WUnBObFZHT1hweVdsVlplV3B0VVhKaWVqaElRWE5sZGxCTVoxTmxjVUZZU3lONk5rMXJhRUZTYURsdVlVdFlUamxVYVRaVlJqbDZjbHBWV1hscWJWRnlZbm80U0VGelpYWlFUR2RUWlhGQldFc2lMQ0owZVhBaU9pSktWMVFpTENKaGJHY2lPaUpGWkVSVFFTSjkuZXlKemRXSWlPaUprYVdRNmEyVjVPbm8yVFd0b1FWSm9PVzVoUzFoT09WUnBObFZHT1hweVdsVlplV3B0VVhKaWVqaElRWE5sZGxCTVoxTmxjVUZZU3lJc0ltNWlaaUk2TVRjeU5qRXpNemszT0N3aWFYTnpJam9pWkdsa09tdGxlVHA2TmsxcmFFRlNhRGx1WVV0WVRqbFVhVFpWUmpsNmNscFZXWGxxYlZGeVlubzRTRUZ6WlhaUVRHZFRaWEZCV0VzaUxDSnBZWFFpT2pFM01qWXhNek01Tnpnc0luWmpJanA3SW5SNWNHVWlPbHNpVm1WeWFXWnBZV0pzWlVOeVpXUmxiblJwWVd3aUxDSldaWEpwWm1saFlteGxRWFIwWlhOMFlYUnBiMjRpTENKV1pYSnBabWxoWW14bFJHbHdiRzl0WVNKZExDSkFZMjl1ZEdWNGRDSTZXeUpvZEhSd2N6b3ZMM2QzZHk1M015NXZjbWN2TWpBeE9DOWpjbVZrWlc1MGFXRnNjeTkyTVNKZExDSnBaQ0k2SW5WeWJqcDFkV2xrT2pNM1l6STRZbUk0TFRrMk1UY3ROR1ppTXkwNU1XWmtMV0UxTmpReE9HRXdOalkxTVNJc0ltbHpjM1ZsY2lJNkltUnBaRHByWlhrNmVqWk5hMmhCVW1nNWJtRkxXRTQ1VkdrMlZVWTVlbkphVlZsNWFtMVJjbUo2T0VoQmMyVjJVRXhuVTJWeFFWaExJaXdpYVhOemRXRnVZMlZFWVhSbElqb2lNakF5TkMwd09TMHhNbFF3T1Rvek9Ub3pPRm9pTENKcGMzTjFaV1FpT2lJeU1ESTBMVEE1TFRFeVZEQTVPak01T2pNNFdpSXNJblpoYkdsa1JuSnZiU0k2SWpJd01qUXRNRGt0TVRKVU1EazZNems2TXpoYUlpd2laWGh3YVhKaGRHbHZia1JoZEdVaU9pSXlNREl5TFRBNExUTXhWREF3T2pBd09qQXdXaUlzSW1OeVpXUmxiblJwWVd4VFkyaGxiV0VpT25zaWFXUWlPaUpvZEhSd2N6b3ZMM0poZHk1bmFYUm9kV0oxYzJWeVkyOXVkR1Z1ZEM1amIyMHZkMkZzZEMxcFpDOTNZV3gwYVdRdGMzTnBhMmwwTFhaamJHbGlMMjFoYzNSbGNpOXpjbU12ZEdWemRDOXlaWE52ZFhKalpYTXZjMk5vWlcxaGN5OVdaWEpwWm1saFlteGxSR2x3Ykc5dFlTNXFjMjl1SWl3aWRIbHdaU0k2SWtwemIyNVRZMmhsYldGV1lXeHBaR0YwYjNJeU1ERTRJbjBzSW1OeVpXUmxiblJwWVd4VGRXSnFaV04wSWpwN0ltbGtJam9pWkdsa09tdGxlVHA2TmsxcmFFRlNhRGx1WVV0WVRqbFVhVFpWUmpsNmNscFZXWGxxYlZGeVlubzRTRUZ6WlhaUVRHZFRaWEZCV0VzaUxDSmhkMkZ5WkdsdVowOXdjRzl5ZEhWdWFYUjVJanA3SW1GM1lYSmthVzVuUW05a2VTSTZleUpsYVdSaGMweGxaMkZzU1dSbGJuUnBabWxsY2lJNklsVnVhMjV2ZDI0aUxDSm9iMjFsY0dGblpTSTZJbWgwZEhCek9pOHZiR1ZoYzNSdmJpNWlZMlJwY0d4dmJXRXVZMjl0THlJc0ltbGtJam9pWkdsa09tVmljMms2TWtFNVFsbzVVMVZsTmtKaGRHRmpVM0IyY3pGV05VTmtha2gyVEhCUk4ySkZjMmt5U21JMlRHUklTMjVSZUdGT0lpd2ljSEpsWm1WeWNtVmtUbUZ0WlNJNklreGxZWE4wYjI0Z1ZXNXBkbVZ5YzJsMGVTSXNJbkpsWjJsemRISmhkR2x2YmlJNklqQTFPVGN3TmpWS0luMHNJbVZ1WkdWa1FYUlVhVzFsSWpvaU1qQXlNQzB3TmkweU5sUXdNRG93TURvd01Gb2lMQ0pwWkNJNkltaDBkSEJ6T2k4dmJHVmhjM1J2Ymk1aVkyUnBjR3h2YldFdVkyOXRMMnhoZHkxbFkyOXViMjFwWTNNdGJXRnVZV2RsYldWdWRDTkJkMkZ5WkdsdVowOXdjRzl5ZEhWdWFYUjVJaXdpYVdSbGJuUnBabWxsY2lJNkltaDBkSEJ6T2k4dlkyVnlkR2xtYVdOaGRHVXRaR1Z0Ynk1aVkyUnBjR3h2YldFdVkyOXRMMk5vWldOckx6ZzNSVVF5UmpJeU56QkZOa00wTVRRMU5rVTVORUk0TmtJNVJEa3hNVFZDTkVVek5VSkRRMEZFTWpBd1FUUTVRamcwTmpVNU1rTXhORVkzT1VNNE5rSldNVVp1WW14c2RHRXdUbHBVYmtwclVqTnNSRmRzVW0xVVJHeFRVbFZLUlZaR1drbFRiVTV0V1hwS2FGVlZOWE5hVlVvMVdqSkdTbE5JY0ZkaWJWcGFJaXdpYkc5allYUnBiMjRpT2lKR1VrRk9RMFVpTENKemRHRnlkR1ZrUVhSVWFXMWxJam9pTWpBeE9TMHdPUzB3TWxRd01Eb3dNRG93TUZvaWZTd2laR0YwWlU5bVFtbHlkR2dpT2lJeE9Ua3pMVEEwTFRBNElpd2labUZ0YVd4NVRtRnRaU0k2SWtSUFJTSXNJbWRwZG1WdVRtRnRaWE1pT2lKS1lXNWxJaXdpWjNKaFpHbHVaMU5qYUdWdFpTSTZleUpwWkNJNkltaDBkSEJ6T2k4dmJHVmhjM1J2Ymk1aVkyUnBjR3h2YldFdVkyOXRMMnhoZHkxbFkyOXViMjFwWTNNdGJXRnVZV2RsYldWdWRDTkhjbUZrYVc1blUyTm9aVzFsSWl3aWRHbDBiR1VpT2lKTWIzZGxjaUJUWldOdmJtUXRRMnhoYzNNZ1NHOXViM1Z5Y3lKOUxDSnBaR1Z1ZEdsbWFXVnlJam9pTURrd05EQXdPREE0TkVnaUxDSnNaV0Z5Ym1sdVowRmphR2xsZG1WdFpXNTBJanA3SW1Ga1pHbDBhVzl1WVd4T2IzUmxJanBiSWtSSlUxUlNTVUpWVkVsUFRpQk5RVTVCUjBWTlJVNVVJbDBzSW1SbGMyTnlhWEIwYVc5dUlqb2lUVUZTUzBWVVNVNUhJRUZPUkNCVFFVeEZVeUlzSW1sa0lqb2lhSFIwY0hNNkx5OXNaV0Z6ZEc5dUxtSmpaR2x3Ykc5dFlTNWpiMjB2YkdGM0xXVmpiMjV2YldsamN5MXRZVzVoWjJWdFpXNTBJMHhsWVhKdWFXNW5RV05vYVdWMmJXVnVkQ0lzSW5ScGRHeGxJam9pVFVGVFZFVlNVeUJNUVZjc0lFVkRUMDVQVFVsRFV5QkJUa1FnVFVGT1FVZEZUVVZPVkNKOUxDSnNaV0Z5Ym1sdVoxTndaV05wWm1sallYUnBiMjRpT25zaVpXTjBjME55WldScGRGQnZhVzUwY3lJNk1USXdMQ0psY1daTVpYWmxiQ0k2Tnl3aWFXUWlPaUpvZEhSd2N6b3ZMMnhsWVhOMGIyNHVZbU5rYVhCc2IyMWhMbU52YlM5c1lYY3RaV052Ym05dGFXTnpMVzFoYm1GblpXMWxiblFqVEdWaGNtNXBibWRUY0dWamFXWnBZMkYwYVc5dUlpd2lhWE5qWldSbVEyOWtaU0k2V3lJM0lsMHNJbTV4Wmt4bGRtVnNJanBiSWpjaVhYMTlMQ0pqY21Wa1pXNTBhV0ZzVTNSaGRIVnpJanA3SW1sa0lqb2lhSFIwY0hNNkx5OWxjM05wWmk1bGRYSnZjR0V1WlhVdmMzUmhkSFZ6TDJWa2RXTmhkR2x2YmlOb2FXZG9aWEpGWkhWallYUnBiMjRqTXpreVlXTTNaall0TXprNVlTMDBNemRpTFdFeU5qZ3RORFk1TVdWaFpEaG1NVGMySWl3aWRIbHdaU0k2SWtOeVpXUmxiblJwWVd4VGRHRjBkWE5NYVhOME1qQXlNQ0o5TENKbGRtbGtaVzVqWlNJNmV5SmtiMk4xYldWdWRGQnlaWE5sYm1ObElqcGJJbEJvZVhOcFkyRnNJbDBzSW1WMmFXUmxibU5sUkc5amRXMWxiblFpT2xzaVVHRnpjM0J2Y25RaVhTd2lhV1FpT2lKb2RIUndjem92TDJWemMybG1MbVYxY205d1lTNWxkUzkwYzNJdGRtRXZaWFpwWkdWdVkyVXZaakpoWldWak9UY3RabU13WkMwME1tSm1MVGhqWVRjdE1EVTBPREU1TW1RMU5qYzRJaXdpYzNWaWFtVmpkRkJ5WlhObGJtTmxJam9pVUdoNWMybGpZV3dpTENKMGVYQmxJanBiSWtSdlkzVnRaVzUwVm1WeWFXWnBZMkYwYVc5dUlsMHNJblpsY21sbWFXVnlJam9pWkdsa09tVmljMms2TWprMk1tWmlOemcwWkdZMk1XSmhZVEkyTjJNNE1UTXlORGszTlRNNVpqaGpOamMwWWpNM1l6RXlORFJoTjJFaWZYMHNJbXAwYVNJNkluVnlianAxZFdsa09qTTNZekk0WW1JNExUazJNVGN0TkdaaU15MDVNV1prTFdFMU5qUXhPR0V3TmpZMU1TSjkuS1pKWVF4N21idmdwblhid3FFMEc2TWhNTHU1Y2REUkgyTVNlVXZHTFdVVjE5WlZXNW1XNXdoc2RvTU9ZeExyTEdDMGQ2T3QtelZDMU1RaDc0QlQtQ0EiXX0sImlhdCI6MTcyNjEzMzk3OCwibm9uY2UiOiJhYmNkIiwianRpIjoidXJuOnV1aWQ6MGMzY2JjZDUtNWYyNi00NWQwLTlhODgtNzA2ZDkzYmIzMmVmIn0.IZnZ7dSJWYN8X3Pbb-gCvdhtaFcH_UgCTOIn7p28aqa7lxXz8BXSTyGIliaTrB6667GGPFW9ctV1Jf79eLM9Cg
3551 [pool-1-thread-1 @coroutine#100] DEBUG id.walt.auditor.Auditor - Verifying vc with JsonSchemaPolicy ...
3563 [pool-1-thread-1 @coroutine#100] DEBUG id.walt.auditor.VerificationPolicy - VC [VerifiableCredential, VerifiableAttestation] passes policy JsonSchemaPolicy: passed
3563 [pool-1-thread-1 @coroutine#100] DEBUG id.walt.auditor.Auditor - Verifying vc with JsonSchemaPolicy ...
3564 [pool-1-thread-1 @coroutine#100] DEBUG id.walt.auditor.VerificationPolicy - VC [VerifiableCredential, VerifiableAttestation] passes policy JsonSchemaPolicy: passed
3564 [pool-1-thread-1 @coroutine#100] DEBUG id.walt.auditor.Auditor - Verifying vc with JsonSchemaPolicy ...
3565 [pool-1-thread-1 @coroutine#100] DEBUG id.walt.auditor.VerificationPolicy - VC [VerifiableCredential, VerifiableAttestation] passes policy JsonSchemaPolicy: passed
3565 [pool-1-thread-1 @coroutine#100] DEBUG id.walt.auditor.Auditor - Verifying vc with JsonSchemaPolicy ...
3843 [pool-1-thread-1 @coroutine#100] DEBUG id.walt.auditor.VerificationPolicy - VC [VerifiableCredential, VerifiableAttestation, AccreditedVerifiableAttestation] passes policy JsonSchemaPolicy: passed
3853 [pool-1-thread-1 @coroutine#101] DEBUG id.walt.services.keystore.HKVKeyStoreService - Storing key "1e8cea0513a34726af1b5b782d75bea5".
3853 [pool-1-thread-1 @coroutine#101] DEBUG id.walt.services.keystore.HKVKeyStoreService - Loading key "1e8cea0513a34726af1b5b782d75bea5".
3853 [pool-1-thread-1 @coroutine#101] DEBUG id.walt.model.DidUrl - Trying to create DidUrl from URL: "did:key:z6MknMKYbJBNnBrintSsZGXoFmWRmQ7c54naXLGQYM9Ngt9m"...
3856 [pool-1-thread-1 @coroutine#101] DEBUG id.walt.services.keystore.HKVKeyStoreService - Loading key "1e8cea0513a34726af1b5b782d75bea5".
3856 [pool-1-thread-1 @coroutine#101] DEBUG id.walt.services.did.DidService - A key with the id "1e8cea0513a34726af1b5b782d75bea5" exists.
3856 [pool-1-thread-1 @coroutine#101] DEBUG id.walt.model.DidUrl - Trying to create DidUrl from URL: "did:key:z6MknMKYbJBNnBrintSsZGXoFmWRmQ7c54naXLGQYM9Ngt9m"...
3856 [pool-1-thread-1 @coroutine#101] DEBUG id.walt.model.DidUrl - Trying to create DidUrl from URL: "did:key:z6MknMKYbJBNnBrintSsZGXoFmWRmQ7c54naXLGQYM9Ngt9m"...
3858 [pool-1-thread-1 @coroutine#101] DEBUG id.walt.model.DidUrl - Trying to create DidUrl from URL: "did:key:z6MknMKYbJBNnBrintSsZGXoFmWRmQ7c54naXLGQYM9Ngt9m"...
3858 [pool-1-thread-1 @coroutine#101] DEBUG id.walt.model.DidUrl - Trying to create DidUrl from URL: "did:key:z6MknMKYbJBNnBrintSsZGXoFmWRmQ7c54naXLGQYM9Ngt9m"...
3858 [pool-1-thread-1 @coroutine#101] DEBUG id.walt.model.DidUrl - Trying to create DidUrl from URL: "did:key:z6MknMKYbJBNnBrintSsZGXoFmWRmQ7c54naXLGQYM9Ngt9m"...
3858 [pool-1-thread-1 @coroutine#101] DEBUG id.walt.signatory.WaltIdSignatory - Signing credential with proof using LD_PROOF...
3858 [pool-1-thread-1 @coroutine#101] DEBUG id.walt.signatory.WaltIdSignatory - Signing credential with proof using LD_PROOF, credential is: {"type":["VerifiableCredential","VerifiableAttestation","VerifiableDiploma"],"@context":["https://www.w3.org/2018/credentials/v1"],"id":"urn:uuid:5ad2497c-8018-4c35-a056-2a44b7f05352","issuer":"did:key:z6MknMKYbJBNnBrintSsZGXoFmWRmQ7c54naXLGQYM9Ngt9m","issuanceDate":"2024-09-12T09:39:39Z","issued":"2024-09-12T09:39:39Z","validFrom":"2024-09-12T09:39:39Z","expirationDate":"2022-08-31T00:00:00Z","credentialSchema":{"id":"https://raw.githubusercontent.com/walt-id/waltid-ssikit-vclib/master/src/test/resources/schemas/VerifiableDiploma.json","type":"JsonSchemaValidator2018"},"credentialSubject":{"id":"did:key:z6MknMKYbJBNnBrintSsZGXoFmWRmQ7c54naXLGQYM9Ngt9m","awardingOpportunity":{"awardingBody":{"eidasLegalIdentifier":"Unknown","homepage":"https://leaston.bcdiploma.com/","id":"did:ebsi:2A9BZ9SUe6BatacSpvs1V5CdjHvLpQ7bEsi2Jb6LdHKnQxaN","preferredName":"Leaston University","registration":"0597065J"},"endedAtTime":"2020-06-26T00:00:00Z","id":"https://leaston.bcdiploma.com/law-economics-management#AwardingOpportunity","identifier":"https://certificate-demo.bcdiploma.com/check/87ED2F2270E6C41456E94B86B9D9115B4E35BCCAD200A49B846592C14F79C86BV1Fnbllta0NZTnJkR3lDWlRmTDlSRUJEVFZISmNmYzJhUU5sZUJ5Z2FJSHpWbmZZ","location":"FRANCE","startedAtTime":"2019-09-02T00:00:00Z"},"dateOfBirth":"1993-04-08","familyName":"DOE","givenNames":"Jane","gradingScheme":{"id":"https://leaston.bcdiploma.com/law-economics-management#GradingScheme","title":"Lower Second-Class Honours"},"identifier":"0904008084H","learningAchievement":{"additionalNote":["DISTRIBUTION MANAGEMENT"],"description":"MARKETING AND SALES","id":"https://leaston.bcdiploma.com/law-economics-management#LearningAchievment","title":"MASTERS LAW, ECONOMICS AND MANAGEMENT"},"learningSpecification":{"ectsCreditPoints":120,"eqfLevel":7,"id":"https://leaston.bcdiploma.com/law-economics-management#LearningSpecification","iscedfCode":["7"],"nqfLevel":["7"]}},"credentialStatus":{"id":"https://essif.europa.eu/status/education#higherEducation#392ac7f6-399a-437b-a268-4691ead8f176","type":"CredentialStatusList2020"},"evidence":{"documentPresence":["Physical"],"evidenceDocument":["Passport"],"id":"https://essif.europa.eu/tsr-va/evidence/f2aeec97-fc0d-42bf-8ca7-0548192d5678","subjectPresence":"Physical","type":["DocumentVerification"],"verifier":"did:ebsi:2962fb784df61baa267c8132497539f8c674b37c1244a7a"}}
3858 [pool-1-thread-1 @coroutine#101] DEBUG id.walt.services.vc.WaltIdJsonLdCredentialService - Signing jsonLd object with: issuerDid (did:key:z6MknMKYbJBNnBrintSsZGXoFmWRmQ7c54naXLGQYM9Ngt9m), domain (null), nonce (null
3858 [pool-1-thread-1 @coroutine#101] DEBUG id.walt.services.keystore.HKVKeyStoreService - Loading key "did:key:z6MknMKYbJBNnBrintSsZGXoFmWRmQ7c54naXLGQYM9Ngt9m#z6MknMKYbJBNnBrintSsZGXoFmWRmQ7c54naXLGQYM9Ngt9m".
3858 [pool-1-thread-1 @coroutine#101] DEBUG id.walt.services.vc.WaltIdJsonLdCredentialService - Signing: {"type":["VerifiableCredential","VerifiableAttestation","VerifiableDiploma"],"@context":["https://www.w3.org/2018/credentials/v1"],"id":"urn:uuid:5ad2497c-8018-4c35-a056-2a44b7f05352","issuer":"did:key:z6MknMKYbJBNnBrintSsZGXoFmWRmQ7c54naXLGQYM9Ngt9m","issuanceDate":"2024-09-12T09:39:39Z","issued":"2024-09-12T09:39:39Z","validFrom":"2024-09-12T09:39:39Z","expirationDate":"2022-08-31T00:00:00Z","credentialSchema":{"id":"https://raw.githubusercontent.com/walt-id/waltid-ssikit-vclib/master/src/test/resources/schemas/VerifiableDiploma.json","type":"JsonSchemaValidator2018"},"credentialSubject":{"id":"did:key:z6MknMKYbJBNnBrintSsZGXoFmWRmQ7c54naXLGQYM9Ngt9m","awardingOpportunity":{"awardingBody":{"eidasLegalIdentifier":"Unknown","homepage":"https://leaston.bcdiploma.com/","id":"did:ebsi:2A9BZ9SUe6BatacSpvs1V5CdjHvLpQ7bEsi2Jb6LdHKnQxaN","preferredName":"Leaston University","registration":"0597065J"},"endedAtTime":"2020-06-26T00:00:00Z","id":"https://leaston.bcdiploma.com/law-economics-management#AwardingOpportunity","identifier":"https://certificate-demo.bcdiploma.com/check/87ED2F2270E6C41456E94B86B9D9115B4E35BCCAD200A49B846592C14F79C86BV1Fnbllta0NZTnJkR3lDWlRmTDlSRUJEVFZISmNmYzJhUU5sZUJ5Z2FJSHpWbmZZ","location":"FRANCE","startedAtTime":"2019-09-02T00:00:00Z"},"dateOfBirth":"1993-04-08","familyName":"DOE","givenNames":"Jane","gradingScheme":{"id":"https://leaston.bcdiploma.com/law-economics-management#GradingScheme","title":"Lower Second-Class Honours"},"identifier":"0904008084H","learningAchievement":{"additionalNote":["DISTRIBUTION MANAGEMENT"],"description":"MARKETING AND SALES","id":"https://leaston.bcdiploma.com/law-economics-management#LearningAchievment","title":"MASTERS LAW, ECONOMICS AND MANAGEMENT"},"learningSpecification":{"ectsCreditPoints":120,"eqfLevel":7,"id":"https://leaston.bcdiploma.com/law-economics-management#LearningSpecification","iscedfCode":["7"],"nqfLevel":["7"]}},"credentialStatus":{"id":"https://essif.europa.eu/status/education#higherEducation#392ac7f6-399a-437b-a268-4691ead8f176","type":"CredentialStatusList2020"},"evidence":{"documentPresence":["Physical"],"evidenceDocument":["Passport"],"id":"https://essif.europa.eu/tsr-va/evidence/f2aeec97-fc0d-42bf-8ca7-0548192d5678","subjectPresence":"Physical","type":["DocumentVerification"],"verifier":"did:ebsi:2962fb784df61baa267c8132497539f8c674b37c1244a7a"}}
Sep 12, 2024 11:39:39 AM com.apicatalog.jsonld.deseralization.JsonLdToRdf build
WARNING: Non well-formed subject [https://essif.europa.eu/status/education#higherEducation#392ac7f6-399a-437b-a268-4691ead8f176] has been skipped.
3861 [pool-1-thread-1 @coroutine#101] DEBUG id.walt.services.keystore.HKVKeyStoreService - Loading key "1e8cea0513a34726af1b5b782d75bea5".
3861 [pool-1-thread-1 @coroutine#101] DEBUG id.walt.services.keystore.HKVKeyStoreService - Loading key "1e8cea0513a34726af1b5b782d75bea5".
3861 [pool-1-thread-1 @coroutine#101] DEBUG id.walt.services.keystore.HKVKeyStoreService - Loading key "1e8cea0513a34726af1b5b782d75bea5".
3862 [pool-1-thread-1 @coroutine#101] DEBUG id.walt.signatory.WaltIdSignatory - Signed VC is: {
  "type" : [ "VerifiableCredential", "VerifiableAttestation", "VerifiableDiploma" ],
  "@context" : [ "https://www.w3.org/2018/credentials/v1", "https://w3id.org/security/suites/jws-2020/v1" ],
  "id" : "urn:uuid:5ad2497c-8018-4c35-a056-2a44b7f05352",
  "issuer" : "did:key:z6MknMKYbJBNnBrintSsZGXoFmWRmQ7c54naXLGQYM9Ngt9m",
  "issuanceDate" : "2024-09-12T09:39:39Z",
  "issued" : "2024-09-12T09:39:39Z",
  "validFrom" : "2024-09-12T09:39:39Z",
  "expirationDate" : "2022-08-31T00:00:00Z",
  "credentialSchema" : {
    "id" : "https://raw.githubusercontent.com/walt-id/waltid-ssikit-vclib/master/src/test/resources/schemas/VerifiableDiploma.json",
    "type" : "JsonSchemaValidator2018"
  },
  "credentialSubject" : {
    "id" : "did:key:z6MknMKYbJBNnBrintSsZGXoFmWRmQ7c54naXLGQYM9Ngt9m",
    "awardingOpportunity" : {
      "awardingBody" : {
        "eidasLegalIdentifier" : "Unknown",
        "homepage" : "https://leaston.bcdiploma.com/",
        "id" : "did:ebsi:2A9BZ9SUe6BatacSpvs1V5CdjHvLpQ7bEsi2Jb6LdHKnQxaN",
        "preferredName" : "Leaston University",
        "registration" : "0597065J"
      },
      "endedAtTime" : "2020-06-26T00:00:00Z",
      "id" : "https://leaston.bcdiploma.com/law-economics-management#AwardingOpportunity",
      "identifier" : "https://certificate-demo.bcdiploma.com/check/87ED2F2270E6C41456E94B86B9D9115B4E35BCCAD200A49B846592C14F79C86BV1Fnbllta0NZTnJkR3lDWlRmTDlSRUJEVFZISmNmYzJhUU5sZUJ5Z2FJSHpWbmZZ",
      "location" : "FRANCE",
      "startedAtTime" : "2019-09-02T00:00:00Z"
    },
    "dateOfBirth" : "1993-04-08",
    "familyName" : "DOE",
    "givenNames" : "Jane",
    "gradingScheme" : {
      "id" : "https://leaston.bcdiploma.com/law-economics-management#GradingScheme",
      "title" : "Lower Second-Class Honours"
    },
    "identifier" : "0904008084H",
    "learningAchievement" : {
      "additionalNote" : [ "DISTRIBUTION MANAGEMENT" ],
      "description" : "MARKETING AND SALES",
      "id" : "https://leaston.bcdiploma.com/law-economics-management#LearningAchievment",
      "title" : "MASTERS LAW, ECONOMICS AND MANAGEMENT"
    },
    "learningSpecification" : {
      "ectsCreditPoints" : 120,
      "eqfLevel" : 7,
      "id" : "https://leaston.bcdiploma.com/law-economics-management#LearningSpecification",
      "iscedfCode" : [ "7" ],
      "nqfLevel" : [ "7" ]
    }
  },
  "credentialStatus" : {
    "id" : "https://essif.europa.eu/status/education#higherEducation#392ac7f6-399a-437b-a268-4691ead8f176",
    "type" : "CredentialStatusList2020"
  },
  "evidence" : {
    "documentPresence" : [ "Physical" ],
    "evidenceDocument" : [ "Passport" ],
    "id" : "https://essif.europa.eu/tsr-va/evidence/f2aeec97-fc0d-42bf-8ca7-0548192d5678",
    "subjectPresence" : "Physical",
    "type" : [ "DocumentVerification" ],
    "verifier" : "did:ebsi:2962fb784df61baa267c8132497539f8c674b37c1244a7a"
  },
  "proof" : {
    "type" : "JsonWebSignature2020",
    "creator" : "did:key:z6MknMKYbJBNnBrintSsZGXoFmWRmQ7c54naXLGQYM9Ngt9m",
    "created" : "2024-09-12T09:39:39Z",
    "proofPurpose" : "assertionMethod",
    "verificationMethod" : "did:key:z6MknMKYbJBNnBrintSsZGXoFmWRmQ7c54naXLGQYM9Ngt9m#z6MknMKYbJBNnBrintSsZGXoFmWRmQ7c54naXLGQYM9Ngt9m",
    "jws" : "eyJiNjQiOmZhbHNlLCJjcml0IjpbImI2NCJdLCJhbGciOiJFZERTQSJ9..-nSQQnl7RWjTlRY9maJH9qQVY5b2hRpnjO_USTy9kR8xZ2wZ-DPqs2-aN6dYDStdFqKYSZFZ9kbHgLBd9-1BBg"
  }
}
3863 [pool-1-thread-1 @coroutine#101] DEBUG id.walt.services.vc.WaltIdJsonLdCredentialService - Creating a presentation for VCs:
[PresentableCredential(verifiableCredential={"type":["VerifiableCredential","VerifiableAttestation","VerifiableDiploma"],"@context":["https://www.w3.org/2018/credentials/v1","https://w3id.org/security/suites/jws-2020/v1"],"id":"urn:uuid:5ad2497c-8018-4c35-a056-2a44b7f05352","issuer":"did:key:z6MknMKYbJBNnBrintSsZGXoFmWRmQ7c54naXLGQYM9Ngt9m","issuanceDate":"2024-09-12T09:39:39Z","issued":"2024-09-12T09:39:39Z","validFrom":"2024-09-12T09:39:39Z","expirationDate":"2022-08-31T00:00:00Z","proof":{"type":"JsonWebSignature2020","creator":"did:key:z6MknMKYbJBNnBrintSsZGXoFmWRmQ7c54naXLGQYM9Ngt9m","created":"2024-09-12T09:39:39Z","proofPurpose":"assertionMethod","verificationMethod":"did:key:z6MknMKYbJBNnBrintSsZGXoFmWRmQ7c54naXLGQYM9Ngt9m#z6MknMKYbJBNnBrintSsZGXoFmWRmQ7c54naXLGQYM9Ngt9m","jws":"eyJiNjQiOmZhbHNlLCJjcml0IjpbImI2NCJdLCJhbGciOiJFZERTQSJ9..-nSQQnl7RWjTlRY9maJH9qQVY5b2hRpnjO_USTy9kR8xZ2wZ-DPqs2-aN6dYDStdFqKYSZFZ9kbHgLBd9-1BBg"},"credentialSchema":{"id":"https://raw.githubusercontent.com/walt-id/waltid-ssikit-vclib/master/src/test/resources/schemas/VerifiableDiploma.json","type":"JsonSchemaValidator2018"},"credentialSubject":{"id":"did:key:z6MknMKYbJBNnBrintSsZGXoFmWRmQ7c54naXLGQYM9Ngt9m","awardingOpportunity":{"awardingBody":{"eidasLegalIdentifier":"Unknown","homepage":"https://leaston.bcdiploma.com/","id":"did:ebsi:2A9BZ9SUe6BatacSpvs1V5CdjHvLpQ7bEsi2Jb6LdHKnQxaN","preferredName":"Leaston University","registration":"0597065J"},"endedAtTime":"2020-06-26T00:00:00Z","id":"https://leaston.bcdiploma.com/law-economics-management#AwardingOpportunity","identifier":"https://certificate-demo.bcdiploma.com/check/87ED2F2270E6C41456E94B86B9D9115B4E35BCCAD200A49B846592C14F79C86BV1Fnbllta0NZTnJkR3lDWlRmTDlSRUJEVFZISmNmYzJhUU5sZUJ5Z2FJSHpWbmZZ","location":"FRANCE","startedAtTime":"2019-09-02T00:00:00Z"},"dateOfBirth":"1993-04-08","familyName":"DOE","givenNames":"Jane","gradingScheme":{"id":"https://leaston.bcdiploma.com/law-economics-management#GradingScheme","title":"Lower Second-Class Honours"},"identifier":"0904008084H","learningAchievement":{"additionalNote":["DISTRIBUTION MANAGEMENT"],"description":"MARKETING AND SALES","id":"https://leaston.bcdiploma.com/law-economics-management#LearningAchievment","title":"MASTERS LAW, ECONOMICS AND MANAGEMENT"},"learningSpecification":{"ectsCreditPoints":120,"eqfLevel":7,"id":"https://leaston.bcdiploma.com/law-economics-management#LearningSpecification","iscedfCode":["7"],"nqfLevel":["7"]}},"credentialStatus":{"id":"https://essif.europa.eu/status/education#higherEducation#392ac7f6-399a-437b-a268-4691ead8f176","type":"CredentialStatusList2020"},"evidence":{"documentPresence":["Physical"],"evidenceDocument":["Passport"],"id":"https://essif.europa.eu/tsr-va/evidence/f2aeec97-fc0d-42bf-8ca7-0548192d5678","subjectPresence":"Physical","type":["DocumentVerification"],"verifier":"did:ebsi:2962fb784df61baa267c8132497539f8c674b37c1244a7a"}}, selectiveDisclosure=null, discloseAll=false)]
3863 [pool-1-thread-1 @coroutine#101] DEBUG id.walt.model.DidUrl - Trying to create DidUrl from URL: "did:key:z6MknMKYbJBNnBrintSsZGXoFmWRmQ7c54naXLGQYM9Ngt9m"...
3863 [pool-1-thread-1 @coroutine#101] DEBUG id.walt.services.vc.WaltIdJsonLdCredentialService - Signing jsonLd object with: issuerDid (did:key:z6MknMKYbJBNnBrintSsZGXoFmWRmQ7c54naXLGQYM9Ngt9m), domain (https://api-pilot.ebsi.eu), nonce (d04442d3-661f-411e-a80f-42f19f594c9d
3863 [pool-1-thread-1 @coroutine#101] DEBUG id.walt.services.keystore.HKVKeyStoreService - Loading key "did:key:z6MknMKYbJBNnBrintSsZGXoFmWRmQ7c54naXLGQYM9Ngt9m#z6MknMKYbJBNnBrintSsZGXoFmWRmQ7c54naXLGQYM9Ngt9m".
3863 [pool-1-thread-1 @coroutine#101] DEBUG id.walt.services.vc.WaltIdJsonLdCredentialService - Signing: {"type":["VerifiablePresentation"],"@context":["https://www.w3.org/2018/credentials/v1"],"id":"urn:uuid:a47fa6e2-af13-4381-99fc-a683bdbbcdc7","holder":"did:key:z6MknMKYbJBNnBrintSsZGXoFmWRmQ7c54naXLGQYM9Ngt9m","verifiableCredential":[{"type":["VerifiableCredential","VerifiableAttestation","VerifiableDiploma"],"@context":["https://www.w3.org/2018/credentials/v1","https://w3id.org/security/suites/jws-2020/v1"],"id":"urn:uuid:5ad2497c-8018-4c35-a056-2a44b7f05352","issuer":"did:key:z6MknMKYbJBNnBrintSsZGXoFmWRmQ7c54naXLGQYM9Ngt9m","issuanceDate":"2024-09-12T09:39:39Z","issued":"2024-09-12T09:39:39Z","validFrom":"2024-09-12T09:39:39Z","expirationDate":"2022-08-31T00:00:00Z","proof":{"type":"JsonWebSignature2020","creator":"did:key:z6MknMKYbJBNnBrintSsZGXoFmWRmQ7c54naXLGQYM9Ngt9m","created":"2024-09-12T09:39:39Z","proofPurpose":"assertionMethod","verificationMethod":"did:key:z6MknMKYbJBNnBrintSsZGXoFmWRmQ7c54naXLGQYM9Ngt9m#z6MknMKYbJBNnBrintSsZGXoFmWRmQ7c54naXLGQYM9Ngt9m","jws":"eyJiNjQiOmZhbHNlLCJjcml0IjpbImI2NCJdLCJhbGciOiJFZERTQSJ9..-nSQQnl7RWjTlRY9maJH9qQVY5b2hRpnjO_USTy9kR8xZ2wZ-DPqs2-aN6dYDStdFqKYSZFZ9kbHgLBd9-1BBg"},"credentialSchema":{"id":"https://raw.githubusercontent.com/walt-id/waltid-ssikit-vclib/master/src/test/resources/schemas/VerifiableDiploma.json","type":"JsonSchemaValidator2018"},"credentialSubject":{"id":"did:key:z6MknMKYbJBNnBrintSsZGXoFmWRmQ7c54naXLGQYM9Ngt9m","awardingOpportunity":{"awardingBody":{"eidasLegalIdentifier":"Unknown","homepage":"https://leaston.bcdiploma.com/","id":"did:ebsi:2A9BZ9SUe6BatacSpvs1V5CdjHvLpQ7bEsi2Jb6LdHKnQxaN","preferredName":"Leaston University","registration":"0597065J"},"endedAtTime":"2020-06-26T00:00:00Z","id":"https://leaston.bcdiploma.com/law-economics-management#AwardingOpportunity","identifier":"https://certificate-demo.bcdiploma.com/check/87ED2F2270E6C41456E94B86B9D9115B4E35BCCAD200A49B846592C14F79C86BV1Fnbllta0NZTnJkR3lDWlRmTDlSRUJEVFZISmNmYzJhUU5sZUJ5Z2FJSHpWbmZZ","location":"FRANCE","startedAtTime":"2019-09-02T00:00:00Z"},"dateOfBirth":"1993-04-08","familyName":"DOE","givenNames":"Jane","gradingScheme":{"id":"https://leaston.bcdiploma.com/law-economics-management#GradingScheme","title":"Lower Second-Class Honours"},"identifier":"0904008084H","learningAchievement":{"additionalNote":["DISTRIBUTION MANAGEMENT"],"description":"MARKETING AND SALES","id":"https://leaston.bcdiploma.com/law-economics-management#LearningAchievment","title":"MASTERS LAW, ECONOMICS AND MANAGEMENT"},"learningSpecification":{"ectsCreditPoints":120,"eqfLevel":7,"id":"https://leaston.bcdiploma.com/law-economics-management#LearningSpecification","iscedfCode":["7"],"nqfLevel":["7"]}},"credentialStatus":{"id":"https://essif.europa.eu/status/education#higherEducation#392ac7f6-399a-437b-a268-4691ead8f176","type":"CredentialStatusList2020"},"evidence":{"documentPresence":["Physical"],"evidenceDocument":["Passport"],"id":"https://essif.europa.eu/tsr-va/evidence/f2aeec97-fc0d-42bf-8ca7-0548192d5678","subjectPresence":"Physical","type":["DocumentVerification"],"verifier":"did:ebsi:2962fb784df61baa267c8132497539f8c674b37c1244a7a"}}]}
Sep 12, 2024 11:39:39 AM com.apicatalog.jsonld.deseralization.JsonLdToRdf build
WARNING: Non well-formed subject [https://essif.europa.eu/status/education#higherEducation#392ac7f6-399a-437b-a268-4691ead8f176] has been skipped.
3866 [pool-1-thread-1 @coroutine#101] DEBUG id.walt.services.keystore.HKVKeyStoreService - Loading key "1e8cea0513a34726af1b5b782d75bea5".
3866 [pool-1-thread-1 @coroutine#101] DEBUG id.walt.services.keystore.HKVKeyStoreService - Loading key "1e8cea0513a34726af1b5b782d75bea5".
3866 [pool-1-thread-1 @coroutine#101] DEBUG id.walt.services.keystore.HKVKeyStoreService - Loading key "1e8cea0513a34726af1b5b782d75bea5".
3867 [pool-1-thread-1 @coroutine#101] DEBUG id.walt.services.vc.WaltIdJsonLdCredentialService - VP created:{
  "type" : [ "VerifiablePresentation" ],
  "@context" : [ "https://www.w3.org/2018/credentials/v1", "https://w3id.org/security/suites/jws-2020/v1" ],
  "id" : "urn:uuid:a47fa6e2-af13-4381-99fc-a683bdbbcdc7",
  "holder" : "did:key:z6MknMKYbJBNnBrintSsZGXoFmWRmQ7c54naXLGQYM9Ngt9m",
  "verifiableCredential" : [ {
    "type" : [ "VerifiableCredential", "VerifiableAttestation", "VerifiableDiploma" ],
    "@context" : [ "https://www.w3.org/2018/credentials/v1", "https://w3id.org/security/suites/jws-2020/v1" ],
    "id" : "urn:uuid:5ad2497c-8018-4c35-a056-2a44b7f05352",
    "issuer" : "did:key:z6MknMKYbJBNnBrintSsZGXoFmWRmQ7c54naXLGQYM9Ngt9m",
    "issuanceDate" : "2024-09-12T09:39:39Z",
    "issued" : "2024-09-12T09:39:39Z",
    "validFrom" : "2024-09-12T09:39:39Z",
    "expirationDate" : "2022-08-31T00:00:00Z",
    "proof" : {
      "type" : "JsonWebSignature2020",
      "creator" : "did:key:z6MknMKYbJBNnBrintSsZGXoFmWRmQ7c54naXLGQYM9Ngt9m",
      "created" : "2024-09-12T09:39:39Z",
      "proofPurpose" : "assertionMethod",
      "verificationMethod" : "did:key:z6MknMKYbJBNnBrintSsZGXoFmWRmQ7c54naXLGQYM9Ngt9m#z6MknMKYbJBNnBrintSsZGXoFmWRmQ7c54naXLGQYM9Ngt9m",
      "jws" : "eyJiNjQiOmZhbHNlLCJjcml0IjpbImI2NCJdLCJhbGciOiJFZERTQSJ9..-nSQQnl7RWjTlRY9maJH9qQVY5b2hRpnjO_USTy9kR8xZ2wZ-DPqs2-aN6dYDStdFqKYSZFZ9kbHgLBd9-1BBg"
    },
    "credentialSchema" : {
      "id" : "https://raw.githubusercontent.com/walt-id/waltid-ssikit-vclib/master/src/test/resources/schemas/VerifiableDiploma.json",
      "type" : "JsonSchemaValidator2018"
    },
    "credentialSubject" : {
      "id" : "did:key:z6MknMKYbJBNnBrintSsZGXoFmWRmQ7c54naXLGQYM9Ngt9m",
      "awardingOpportunity" : {
        "awardingBody" : {
          "eidasLegalIdentifier" : "Unknown",
          "homepage" : "https://leaston.bcdiploma.com/",
          "id" : "did:ebsi:2A9BZ9SUe6BatacSpvs1V5CdjHvLpQ7bEsi2Jb6LdHKnQxaN",
          "preferredName" : "Leaston University",
          "registration" : "0597065J"
        },
        "endedAtTime" : "2020-06-26T00:00:00Z",
        "id" : "https://leaston.bcdiploma.com/law-economics-management#AwardingOpportunity",
        "identifier" : "https://certificate-demo.bcdiploma.com/check/87ED2F2270E6C41456E94B86B9D9115B4E35BCCAD200A49B846592C14F79C86BV1Fnbllta0NZTnJkR3lDWlRmTDlSRUJEVFZISmNmYzJhUU5sZUJ5Z2FJSHpWbmZZ",
        "location" : "FRANCE",
        "startedAtTime" : "2019-09-02T00:00:00Z"
      },
      "dateOfBirth" : "1993-04-08",
      "familyName" : "DOE",
      "givenNames" : "Jane",
      "gradingScheme" : {
        "id" : "https://leaston.bcdiploma.com/law-economics-management#GradingScheme",
        "title" : "Lower Second-Class Honours"
      },
      "identifier" : "0904008084H",
      "learningAchievement" : {
        "additionalNote" : [ "DISTRIBUTION MANAGEMENT" ],
        "description" : "MARKETING AND SALES",
        "id" : "https://leaston.bcdiploma.com/law-economics-management#LearningAchievment",
        "title" : "MASTERS LAW, ECONOMICS AND MANAGEMENT"
      },
      "learningSpecification" : {
        "ectsCreditPoints" : 120,
        "eqfLevel" : 7,
        "id" : "https://leaston.bcdiploma.com/law-economics-management#LearningSpecification",
        "iscedfCode" : [ "7" ],
        "nqfLevel" : [ "7" ]
      }
    },
    "credentialStatus" : {
      "id" : "https://essif.europa.eu/status/education#higherEducation#392ac7f6-399a-437b-a268-4691ead8f176",
      "type" : "CredentialStatusList2020"
    },
    "evidence" : {
      "documentPresence" : [ "Physical" ],
      "evidenceDocument" : [ "Passport" ],
      "id" : "https://essif.europa.eu/tsr-va/evidence/f2aeec97-fc0d-42bf-8ca7-0548192d5678",
      "subjectPresence" : "Physical",
      "type" : [ "DocumentVerification" ],
      "verifier" : "did:ebsi:2962fb784df61baa267c8132497539f8c674b37c1244a7a"
    }
  } ],
  "proof" : {
    "type" : "JsonWebSignature2020",
    "creator" : "did:key:z6MknMKYbJBNnBrintSsZGXoFmWRmQ7c54naXLGQYM9Ngt9m",
    "created" : "2024-09-12T09:39:39Z",
    "domain" : "https://api-pilot.ebsi.eu",
    "nonce" : "d04442d3-661f-411e-a80f-42f19f594c9d",
    "proofPurpose" : "authentication",
    "verificationMethod" : "did:key:z6MknMKYbJBNnBrintSsZGXoFmWRmQ7c54naXLGQYM9Ngt9m#z6MknMKYbJBNnBrintSsZGXoFmWRmQ7c54naXLGQYM9Ngt9m",
    "jws" : "eyJiNjQiOmZhbHNlLCJjcml0IjpbImI2NCJdLCJhbGciOiJFZERTQSJ9..vq5aOBaYGhobMT1jK-gTA0u5uqpQdZztEg7masAk0LKheGqdmNc-YIqM_rcUTFfw1xXAZNXE_LrHURxiBRbgBg"
  }
}
3868 [pool-1-thread-1 @coroutine#101] DEBUG id.walt.model.DidUrl - Trying to create DidUrl from URL: "did:key:z6MknMKYbJBNnBrintSsZGXoFmWRmQ7c54naXLGQYM9Ngt9m"...
3868 [pool-1-thread-1 @coroutine#101] DEBUG id.walt.model.DidUrl - Trying to create DidUrl from URL: "did:key:z6MknMKYbJBNnBrintSsZGXoFmWRmQ7c54naXLGQYM9Ngt9m"...
3868 [pool-1-thread-1 @coroutine#101] DEBUG id.walt.signatory.WaltIdSignatory - Signing credential with proof using JWT...
3868 [pool-1-thread-1 @coroutine#101] DEBUG id.walt.signatory.WaltIdSignatory - Signing credential with proof using JWT, credential is: {"type":["VerifiableCredential","VerifiableAttestation","VerifiableDiploma"],"@context":["https://www.w3.org/2018/credentials/v1"],"id":"urn:uuid:69f658b5-2f2c-4cd2-be10-b0f00ca7a8ea","issuer":"did:key:z6MknMKYbJBNnBrintSsZGXoFmWRmQ7c54naXLGQYM9Ngt9m","issuanceDate":"2024-09-12T09:39:39Z","issued":"2024-09-12T09:39:39Z","validFrom":"2024-09-12T09:39:39Z","expirationDate":"2022-08-31T00:00:00Z","credentialSchema":{"id":"https://raw.githubusercontent.com/walt-id/waltid-ssikit-vclib/master/src/test/resources/schemas/VerifiableDiploma.json","type":"JsonSchemaValidator2018"},"credentialSubject":{"id":"did:key:z6MknMKYbJBNnBrintSsZGXoFmWRmQ7c54naXLGQYM9Ngt9m","awardingOpportunity":{"awardingBody":{"eidasLegalIdentifier":"Unknown","homepage":"https://leaston.bcdiploma.com/","id":"did:ebsi:2A9BZ9SUe6BatacSpvs1V5CdjHvLpQ7bEsi2Jb6LdHKnQxaN","preferredName":"Leaston University","registration":"0597065J"},"endedAtTime":"2020-06-26T00:00:00Z","id":"https://leaston.bcdiploma.com/law-economics-management#AwardingOpportunity","identifier":"https://certificate-demo.bcdiploma.com/check/87ED2F2270E6C41456E94B86B9D9115B4E35BCCAD200A49B846592C14F79C86BV1Fnbllta0NZTnJkR3lDWlRmTDlSRUJEVFZISmNmYzJhUU5sZUJ5Z2FJSHpWbmZZ","location":"FRANCE","startedAtTime":"2019-09-02T00:00:00Z"},"dateOfBirth":"1993-04-08","familyName":"DOE","givenNames":"Jane","gradingScheme":{"id":"https://leaston.bcdiploma.com/law-economics-management#GradingScheme","title":"Lower Second-Class Honours"},"identifier":"0904008084H","learningAchievement":{"additionalNote":["DISTRIBUTION MANAGEMENT"],"description":"MARKETING AND SALES","id":"https://leaston.bcdiploma.com/law-economics-management#LearningAchievment","title":"MASTERS LAW, ECONOMICS AND MANAGEMENT"},"learningSpecification":{"ectsCreditPoints":120,"eqfLevel":7,"id":"https://leaston.bcdiploma.com/law-economics-management#LearningSpecification","iscedfCode":["7"],"nqfLevel":["7"]}},"credentialStatus":{"id":"https://essif.europa.eu/status/education#higherEducation#392ac7f6-399a-437b-a268-4691ead8f176","type":"CredentialStatusList2020"},"evidence":{"documentPresence":["Physical"],"evidenceDocument":["Passport"],"id":"https://essif.europa.eu/tsr-va/evidence/f2aeec97-fc0d-42bf-8ca7-0548192d5678","subjectPresence":"Physical","type":["DocumentVerification"],"verifier":"did:ebsi:2962fb784df61baa267c8132497539f8c674b37c1244a7a"}}
3868 [pool-1-thread-1 @coroutine#101] DEBUG id.walt.services.vc.WaltIdJwtCredentialService - Signing JWT object with config: ProofConfig(issuerDid=did:key:z6MknMKYbJBNnBrintSsZGXoFmWRmQ7c54naXLGQYM9Ngt9m, subjectDid=did:key:z6MknMKYbJBNnBrintSsZGXoFmWRmQ7c54naXLGQYM9Ngt9m, verifierDid=null, issuerVerificationMethod=did:key:z6MknMKYbJBNnBrintSsZGXoFmWRmQ7c54naXLGQYM9Ngt9m#z6MknMKYbJBNnBrintSsZGXoFmWRmQ7c54naXLGQYM9Ngt9m, proofType=JWT, domain=null, nonce=null, proofPurpose=null, credentialId=urn:uuid:69f658b5-2f2c-4cd2-be10-b0f00ca7a8ea, issueDate=2024-09-12T09:39:39.088228536Z, validDate=2024-09-12T09:39:39.088230099Z, expirationDate=null, dataProviderIdentifier=null, ldSignatureType=null, creator=did:key:z6MknMKYbJBNnBrintSsZGXoFmWRmQ7c54naXLGQYM9Ngt9m, ecosystem=DEFAULT, statusType=null, statusPurpose=revocation, credentialsEndpoint=null, selectiveDisclosure=null)
3868 [pool-1-thread-1 @coroutine#101] DEBUG id.walt.services.vc.WaltIdJwtCredentialService - Signing: {"sub":"did:key:z6MknMKYbJBNnBrintSsZGXoFmWRmQ7c54naXLGQYM9Ngt9m","nbf":1726133979,"iss":"did:key:z6MknMKYbJBNnBrintSsZGXoFmWRmQ7c54naXLGQYM9Ngt9m","iat":1726133979,"vc":{"type":["VerifiableCredential","VerifiableAttestation","VerifiableDiploma"],"@context":["https://www.w3.org/2018/credentials/v1"],"id":"urn:uuid:69f658b5-2f2c-4cd2-be10-b0f00ca7a8ea","issuer":"did:key:z6MknMKYbJBNnBrintSsZGXoFmWRmQ7c54naXLGQYM9Ngt9m","issuanceDate":"2024-09-12T09:39:39Z","issued":"2024-09-12T09:39:39Z","validFrom":"2024-09-12T09:39:39Z","expirationDate":"2022-08-31T00:00:00Z","credentialSchema":{"id":"https://raw.githubusercontent.com/walt-id/waltid-ssikit-vclib/master/src/test/resources/schemas/VerifiableDiploma.json","type":"JsonSchemaValidator2018"},"credentialSubject":{"id":"did:key:z6MknMKYbJBNnBrintSsZGXoFmWRmQ7c54naXLGQYM9Ngt9m","awardingOpportunity":{"awardingBody":{"eidasLegalIdentifier":"Unknown","homepage":"https://leaston.bcdiploma.com/","id":"did:ebsi:2A9BZ9SUe6BatacSpvs1V5CdjHvLpQ7bEsi2Jb6LdHKnQxaN","preferredName":"Leaston University","registration":"0597065J"},"endedAtTime":"2020-06-26T00:00:00Z","id":"https://leaston.bcdiploma.com/law-economics-management#AwardingOpportunity","identifier":"https://certificate-demo.bcdiploma.com/check/87ED2F2270E6C41456E94B86B9D9115B4E35BCCAD200A49B846592C14F79C86BV1Fnbllta0NZTnJkR3lDWlRmTDlSRUJEVFZISmNmYzJhUU5sZUJ5Z2FJSHpWbmZZ","location":"FRANCE","startedAtTime":"2019-09-02T00:00:00Z"},"dateOfBirth":"1993-04-08","familyName":"DOE","givenNames":"Jane","gradingScheme":{"id":"https://leaston.bcdiploma.com/law-economics-management#GradingScheme","title":"Lower Second-Class Honours"},"identifier":"0904008084H","learningAchievement":{"additionalNote":["DISTRIBUTION MANAGEMENT"],"description":"MARKETING AND SALES","id":"https://leaston.bcdiploma.com/law-economics-management#LearningAchievment","title":"MASTERS LAW, ECONOMICS AND MANAGEMENT"},"learningSpecification":{"ectsCreditPoints":120,"eqfLevel":7,"id":"https://leaston.bcdiploma.com/law-economics-management#LearningSpecification","iscedfCode":["7"],"nqfLevel":["7"]}},"credentialStatus":{"id":"https://essif.europa.eu/status/education#higherEducation#392ac7f6-399a-437b-a268-4691ead8f176","type":"CredentialStatusList2020"},"evidence":{"documentPresence":["Physical"],"evidenceDocument":["Passport"],"id":"https://essif.europa.eu/tsr-va/evidence/f2aeec97-fc0d-42bf-8ca7-0548192d5678","subjectPresence":"Physical","type":["DocumentVerification"],"verifier":"did:ebsi:2962fb784df61baa267c8132497539f8c674b37c1244a7a"}},"jti":"urn:uuid:69f658b5-2f2c-4cd2-be10-b0f00ca7a8ea"}
3868 [pool-1-thread-1 @coroutine#101] DEBUG id.walt.services.keystore.HKVKeyStoreService - Loading key "did:key:z6MknMKYbJBNnBrintSsZGXoFmWRmQ7c54naXLGQYM9Ngt9m#z6MknMKYbJBNnBrintSsZGXoFmWRmQ7c54naXLGQYM9Ngt9m".
3869 [pool-1-thread-1 @coroutine#101] DEBUG id.walt.services.jwt.WaltIdJwtService - Signing JWT with algorithm: EdDSA_Ed25519
3869 [pool-1-thread-1 @coroutine#101] DEBUG id.walt.model.DidUrl - Trying to create DidUrl from URL: "did:key:z6MknMKYbJBNnBrintSsZGXoFmWRmQ7c54naXLGQYM9Ngt9m#z6MknMKYbJBNnBrintSsZGXoFmWRmQ7c54naXLGQYM9Ngt9m"...
3869 [pool-1-thread-1 @coroutine#101] DEBUG id.walt.services.keystore.HKVKeyStoreService - Loading key "1e8cea0513a34726af1b5b782d75bea5".
3870 [pool-1-thread-1 @coroutine#101] DEBUG id.walt.services.jwt.WaltIdJwtService - Signed JWT:  eyJraWQiOiJkaWQ6a2V5Ono2TWtuTUtZYkpCTm5CcmludFNzWkdYb0ZtV1JtUTdjNTRuYVhMR1FZTTlOZ3Q5bSN6Nk1rbk1LWWJKQk5uQnJpbnRTc1pHWG9GbVdSbVE3YzU0bmFYTEdRWU05Tmd0OW0iLCJ0eXAiOiJKV1QiLCJhbGciOiJFZERTQSJ9.eyJzdWIiOiJkaWQ6a2V5Ono2TWtuTUtZYkpCTm5CcmludFNzWkdYb0ZtV1JtUTdjNTRuYVhMR1FZTTlOZ3Q5bSIsIm5iZiI6MTcyNjEzMzk3OSwiaXNzIjoiZGlkOmtleTp6Nk1rbk1LWWJKQk5uQnJpbnRTc1pHWG9GbVdSbVE3YzU0bmFYTEdRWU05Tmd0OW0iLCJpYXQiOjE3MjYxMzM5NzksInZjIjp7InR5cGUiOlsiVmVyaWZpYWJsZUNyZWRlbnRpYWwiLCJWZXJpZmlhYmxlQXR0ZXN0YXRpb24iLCJWZXJpZmlhYmxlRGlwbG9tYSJdLCJAY29udGV4dCI6WyJodHRwczovL3d3dy53My5vcmcvMjAxOC9jcmVkZW50aWFscy92MSJdLCJpZCI6InVybjp1dWlkOjY5ZjY1OGI1LTJmMmMtNGNkMi1iZTEwLWIwZjAwY2E3YThlYSIsImlzc3VlciI6ImRpZDprZXk6ejZNa25NS1liSkJObkJyaW50U3NaR1hvRm1XUm1RN2M1NG5hWExHUVlNOU5ndDltIiwiaXNzdWFuY2VEYXRlIjoiMjAyNC0wOS0xMlQwOTozOTozOVoiLCJpc3N1ZWQiOiIyMDI0LTA5LTEyVDA5OjM5OjM5WiIsInZhbGlkRnJvbSI6IjIwMjQtMDktMTJUMDk6Mzk6MzlaIiwiZXhwaXJhdGlvbkRhdGUiOiIyMDIyLTA4LTMxVDAwOjAwOjAwWiIsImNyZWRlbnRpYWxTY2hlbWEiOnsiaWQiOiJodHRwczovL3Jhdy5naXRodWJ1c2VyY29udGVudC5jb20vd2FsdC1pZC93YWx0aWQtc3Npa2l0LXZjbGliL21hc3Rlci9zcmMvdGVzdC9yZXNvdXJjZXMvc2NoZW1hcy9WZXJpZmlhYmxlRGlwbG9tYS5qc29uIiwidHlwZSI6Ikpzb25TY2hlbWFWYWxpZGF0b3IyMDE4In0sImNyZWRlbnRpYWxTdWJqZWN0Ijp7ImlkIjoiZGlkOmtleTp6Nk1rbk1LWWJKQk5uQnJpbnRTc1pHWG9GbVdSbVE3YzU0bmFYTEdRWU05Tmd0OW0iLCJhd2FyZGluZ09wcG9ydHVuaXR5Ijp7ImF3YXJkaW5nQm9keSI6eyJlaWRhc0xlZ2FsSWRlbnRpZmllciI6IlVua25vd24iLCJob21lcGFnZSI6Imh0dHBzOi8vbGVhc3Rvbi5iY2RpcGxvbWEuY29tLyIsImlkIjoiZGlkOmVic2k6MkE5Qlo5U1VlNkJhdGFjU3B2czFWNUNkakh2THBRN2JFc2kySmI2TGRIS25ReGFOIiwicHJlZmVycmVkTmFtZSI6IkxlYXN0b24gVW5pdmVyc2l0eSIsInJlZ2lzdHJhdGlvbiI6IjA1OTcwNjVKIn0sImVuZGVkQXRUaW1lIjoiMjAyMC0wNi0yNlQwMDowMDowMFoiLCJpZCI6Imh0dHBzOi8vbGVhc3Rvbi5iY2RpcGxvbWEuY29tL2xhdy1lY29ub21pY3MtbWFuYWdlbWVudCNBd2FyZGluZ09wcG9ydHVuaXR5IiwiaWRlbnRpZmllciI6Imh0dHBzOi8vY2VydGlmaWNhdGUtZGVtby5iY2RpcGxvbWEuY29tL2NoZWNrLzg3RUQyRjIyNzBFNkM0MTQ1NkU5NEI4NkI5RDkxMTVCNEUzNUJDQ0FEMjAwQTQ5Qjg0NjU5MkMxNEY3OUM4NkJWMUZuYmxsdGEwTlpUbkprUjNsRFdsUm1URGxTUlVKRVZGWklTbU5tWXpKaFVVNXNaVUo1WjJGSlNIcFdibVpaIiwibG9jYXRpb24iOiJGUkFOQ0UiLCJzdGFydGVkQXRUaW1lIjoiMjAxOS0wOS0wMlQwMDowMDowMFoifSwiZGF0ZU9mQmlydGgiOiIxOTkzLTA0LTA4IiwiZmFtaWx5TmFtZSI6IkRPRSIsImdpdmVuTmFtZXMiOiJKYW5lIiwiZ3JhZGluZ1NjaGVtZSI6eyJpZCI6Imh0dHBzOi8vbGVhc3Rvbi5iY2RpcGxvbWEuY29tL2xhdy1lY29ub21pY3MtbWFuYWdlbWVudCNHcmFkaW5nU2NoZW1lIiwidGl0bGUiOiJMb3dlciBTZWNvbmQtQ2xhc3MgSG9ub3VycyJ9LCJpZGVudGlmaWVyIjoiMDkwNDAwODA4NEgiLCJsZWFybmluZ0FjaGlldmVtZW50Ijp7ImFkZGl0aW9uYWxOb3RlIjpbIkRJU1RSSUJVVElPTiBNQU5BR0VNRU5UIl0sImRlc2NyaXB0aW9uIjoiTUFSS0VUSU5HIEFORCBTQUxFUyIsImlkIjoiaHR0cHM6Ly9sZWFzdG9uLmJjZGlwbG9tYS5jb20vbGF3LWVjb25vbWljcy1tYW5hZ2VtZW50I0xlYXJuaW5nQWNoaWV2bWVudCIsInRpdGxlIjoiTUFTVEVSUyBMQVcsIEVDT05PTUlDUyBBTkQgTUFOQUdFTUVOVCJ9LCJsZWFybmluZ1NwZWNpZmljYXRpb24iOnsiZWN0c0NyZWRpdFBvaW50cyI6MTIwLCJlcWZMZXZlbCI6NywiaWQiOiJodHRwczovL2xlYXN0b24uYmNkaXBsb21hLmNvbS9sYXctZWNvbm9taWNzLW1hbmFnZW1lbnQjTGVhcm5pbmdTcGVjaWZpY2F0aW9uIiwiaXNjZWRmQ29kZSI6WyI3Il0sIm5xZkxldmVsIjpbIjciXX19LCJjcmVkZW50aWFsU3RhdHVzIjp7ImlkIjoiaHR0cHM6Ly9lc3NpZi5ldXJvcGEuZXUvc3RhdHVzL2VkdWNhdGlvbiNoaWdoZXJFZHVjYXRpb24jMzkyYWM3ZjYtMzk5YS00MzdiLWEyNjgtNDY5MWVhZDhmMTc2IiwidHlwZSI6IkNyZWRlbnRpYWxTdGF0dXNMaXN0MjAyMCJ9LCJldmlkZW5jZSI6eyJkb2N1bWVudFByZXNlbmNlIjpbIlBoeXNpY2FsIl0sImV2aWRlbmNlRG9jdW1lbnQiOlsiUGFzc3BvcnQiXSwiaWQiOiJodHRwczovL2Vzc2lmLmV1cm9wYS5ldS90c3ItdmEvZXZpZGVuY2UvZjJhZWVjOTctZmMwZC00MmJmLThjYTctMDU0ODE5MmQ1Njc4Iiwic3ViamVjdFByZXNlbmNlIjoiUGh5c2ljYWwiLCJ0eXBlIjpbIkRvY3VtZW50VmVyaWZpY2F0aW9uIl0sInZlcmlmaWVyIjoiZGlkOmVic2k6Mjk2MmZiNzg0ZGY2MWJhYTI2N2M4MTMyNDk3NTM5ZjhjNjc0YjM3YzEyNDRhN2EifX0sImp0aSI6InVybjp1dWlkOjY5ZjY1OGI1LTJmMmMtNGNkMi1iZTEwLWIwZjAwY2E3YThlYSJ9.UaF7G1yuVufE-_4sS05XCA3K46bPMfOqVW1Mi_Cns0d2cNQWNhvE12Ke8KwiAullkeBcVjRpZHiByTGLrc48Cw
3870 [pool-1-thread-1 @coroutine#101] DEBUG id.walt.signatory.WaltIdSignatory - Signed VC is: eyJraWQiOiJkaWQ6a2V5Ono2TWtuTUtZYkpCTm5CcmludFNzWkdYb0ZtV1JtUTdjNTRuYVhMR1FZTTlOZ3Q5bSN6Nk1rbk1LWWJKQk5uQnJpbnRTc1pHWG9GbVdSbVE3YzU0bmFYTEdRWU05Tmd0OW0iLCJ0eXAiOiJKV1QiLCJhbGciOiJFZERTQSJ9.eyJzdWIiOiJkaWQ6a2V5Ono2TWtuTUtZYkpCTm5CcmludFNzWkdYb0ZtV1JtUTdjNTRuYVhMR1FZTTlOZ3Q5bSIsIm5iZiI6MTcyNjEzMzk3OSwiaXNzIjoiZGlkOmtleTp6Nk1rbk1LWWJKQk5uQnJpbnRTc1pHWG9GbVdSbVE3YzU0bmFYTEdRWU05Tmd0OW0iLCJpYXQiOjE3MjYxMzM5NzksInZjIjp7InR5cGUiOlsiVmVyaWZpYWJsZUNyZWRlbnRpYWwiLCJWZXJpZmlhYmxlQXR0ZXN0YXRpb24iLCJWZXJpZmlhYmxlRGlwbG9tYSJdLCJAY29udGV4dCI6WyJodHRwczovL3d3dy53My5vcmcvMjAxOC9jcmVkZW50aWFscy92MSJdLCJpZCI6InVybjp1dWlkOjY5ZjY1OGI1LTJmMmMtNGNkMi1iZTEwLWIwZjAwY2E3YThlYSIsImlzc3VlciI6ImRpZDprZXk6ejZNa25NS1liSkJObkJyaW50U3NaR1hvRm1XUm1RN2M1NG5hWExHUVlNOU5ndDltIiwiaXNzdWFuY2VEYXRlIjoiMjAyNC0wOS0xMlQwOTozOTozOVoiLCJpc3N1ZWQiOiIyMDI0LTA5LTEyVDA5OjM5OjM5WiIsInZhbGlkRnJvbSI6IjIwMjQtMDktMTJUMDk6Mzk6MzlaIiwiZXhwaXJhdGlvbkRhdGUiOiIyMDIyLTA4LTMxVDAwOjAwOjAwWiIsImNyZWRlbnRpYWxTY2hlbWEiOnsiaWQiOiJodHRwczovL3Jhdy5naXRodWJ1c2VyY29udGVudC5jb20vd2FsdC1pZC93YWx0aWQtc3Npa2l0LXZjbGliL21hc3Rlci9zcmMvdGVzdC9yZXNvdXJjZXMvc2NoZW1hcy9WZXJpZmlhYmxlRGlwbG9tYS5qc29uIiwidHlwZSI6Ikpzb25TY2hlbWFWYWxpZGF0b3IyMDE4In0sImNyZWRlbnRpYWxTdWJqZWN0Ijp7ImlkIjoiZGlkOmtleTp6Nk1rbk1LWWJKQk5uQnJpbnRTc1pHWG9GbVdSbVE3YzU0bmFYTEdRWU05Tmd0OW0iLCJhd2FyZGluZ09wcG9ydHVuaXR5Ijp7ImF3YXJkaW5nQm9keSI6eyJlaWRhc0xlZ2FsSWRlbnRpZmllciI6IlVua25vd24iLCJob21lcGFnZSI6Imh0dHBzOi8vbGVhc3Rvbi5iY2RpcGxvbWEuY29tLyIsImlkIjoiZGlkOmVic2k6MkE5Qlo5U1VlNkJhdGFjU3B2czFWNUNkakh2THBRN2JFc2kySmI2TGRIS25ReGFOIiwicHJlZmVycmVkTmFtZSI6IkxlYXN0b24gVW5pdmVyc2l0eSIsInJlZ2lzdHJhdGlvbiI6IjA1OTcwNjVKIn0sImVuZGVkQXRUaW1lIjoiMjAyMC0wNi0yNlQwMDowMDowMFoiLCJpZCI6Imh0dHBzOi8vbGVhc3Rvbi5iY2RpcGxvbWEuY29tL2xhdy1lY29ub21pY3MtbWFuYWdlbWVudCNBd2FyZGluZ09wcG9ydHVuaXR5IiwiaWRlbnRpZmllciI6Imh0dHBzOi8vY2VydGlmaWNhdGUtZGVtby5iY2RpcGxvbWEuY29tL2NoZWNrLzg3RUQyRjIyNzBFNkM0MTQ1NkU5NEI4NkI5RDkxMTVCNEUzNUJDQ0FEMjAwQTQ5Qjg0NjU5MkMxNEY3OUM4NkJWMUZuYmxsdGEwTlpUbkprUjNsRFdsUm1URGxTUlVKRVZGWklTbU5tWXpKaFVVNXNaVUo1WjJGSlNIcFdibVpaIiwibG9jYXRpb24iOiJGUkFOQ0UiLCJzdGFydGVkQXRUaW1lIjoiMjAxOS0wOS0wMlQwMDowMDowMFoifSwiZGF0ZU9mQmlydGgiOiIxOTkzLTA0LTA4IiwiZmFtaWx5TmFtZSI6IkRPRSIsImdpdmVuTmFtZXMiOiJKYW5lIiwiZ3JhZGluZ1NjaGVtZSI6eyJpZCI6Imh0dHBzOi8vbGVhc3Rvbi5iY2RpcGxvbWEuY29tL2xhdy1lY29ub21pY3MtbWFuYWdlbWVudCNHcmFkaW5nU2NoZW1lIiwidGl0bGUiOiJMb3dlciBTZWNvbmQtQ2xhc3MgSG9ub3VycyJ9LCJpZGVudGlmaWVyIjoiMDkwNDAwODA4NEgiLCJsZWFybmluZ0FjaGlldmVtZW50Ijp7ImFkZGl0aW9uYWxOb3RlIjpbIkRJU1RSSUJVVElPTiBNQU5BR0VNRU5UIl0sImRlc2NyaXB0aW9uIjoiTUFSS0VUSU5HIEFORCBTQUxFUyIsImlkIjoiaHR0cHM6Ly9sZWFzdG9uLmJjZGlwbG9tYS5jb20vbGF3LWVjb25vbWljcy1tYW5hZ2VtZW50I0xlYXJuaW5nQWNoaWV2bWVudCIsInRpdGxlIjoiTUFTVEVSUyBMQVcsIEVDT05PTUlDUyBBTkQgTUFOQUdFTUVOVCJ9LCJsZWFybmluZ1NwZWNpZmljYXRpb24iOnsiZWN0c0NyZWRpdFBvaW50cyI6MTIwLCJlcWZMZXZlbCI6NywiaWQiOiJodHRwczovL2xlYXN0b24uYmNkaXBsb21hLmNvbS9sYXctZWNvbm9taWNzLW1hbmFnZW1lbnQjTGVhcm5pbmdTcGVjaWZpY2F0aW9uIiwiaXNjZWRmQ29kZSI6WyI3Il0sIm5xZkxldmVsIjpbIjciXX19LCJjcmVkZW50aWFsU3RhdHVzIjp7ImlkIjoiaHR0cHM6Ly9lc3NpZi5ldXJvcGEuZXUvc3RhdHVzL2VkdWNhdGlvbiNoaWdoZXJFZHVjYXRpb24jMzkyYWM3ZjYtMzk5YS00MzdiLWEyNjgtNDY5MWVhZDhmMTc2IiwidHlwZSI6IkNyZWRlbnRpYWxTdGF0dXNMaXN0MjAyMCJ9LCJldmlkZW5jZSI6eyJkb2N1bWVudFByZXNlbmNlIjpbIlBoeXNpY2FsIl0sImV2aWRlbmNlRG9jdW1lbnQiOlsiUGFzc3BvcnQiXSwiaWQiOiJodHRwczovL2Vzc2lmLmV1cm9wYS5ldS90c3ItdmEvZXZpZGVuY2UvZjJhZWVjOTctZmMwZC00MmJmLThjYTctMDU0ODE5MmQ1Njc4Iiwic3ViamVjdFByZXNlbmNlIjoiUGh5c2ljYWwiLCJ0eXBlIjpbIkRvY3VtZW50VmVyaWZpY2F0aW9uIl0sInZlcmlmaWVyIjoiZGlkOmVic2k6Mjk2MmZiNzg0ZGY2MWJhYTI2N2M4MTMyNDk3NTM5ZjhjNjc0YjM3YzEyNDRhN2EifX0sImp0aSI6InVybjp1dWlkOjY5ZjY1OGI1LTJmMmMtNGNkMi1iZTEwLWIwZjAwY2E3YThlYSJ9.UaF7G1yuVufE-_4sS05XCA3K46bPMfOqVW1Mi_Cns0d2cNQWNhvE12Ke8KwiAullkeBcVjRpZHiByTGLrc48Cw
3871 [pool-1-thread-1 @coroutine#101] DEBUG id.walt.services.vc.WaltIdJwtCredentialService - Creating a presentation for VCs:
[PresentableCredential(verifiableCredential=eyJraWQiOiJkaWQ6a2V5Ono2TWtuTUtZYkpCTm5CcmludFNzWkdYb0ZtV1JtUTdjNTRuYVhMR1FZTTlOZ3Q5bSN6Nk1rbk1LWWJKQk5uQnJpbnRTc1pHWG9GbVdSbVE3YzU0bmFYTEdRWU05Tmd0OW0iLCJ0eXAiOiJKV1QiLCJhbGciOiJFZERTQSJ9.eyJzdWIiOiJkaWQ6a2V5Ono2TWtuTUtZYkpCTm5CcmludFNzWkdYb0ZtV1JtUTdjNTRuYVhMR1FZTTlOZ3Q5bSIsIm5iZiI6MTcyNjEzMzk3OSwiaXNzIjoiZGlkOmtleTp6Nk1rbk1LWWJKQk5uQnJpbnRTc1pHWG9GbVdSbVE3YzU0bmFYTEdRWU05Tmd0OW0iLCJpYXQiOjE3MjYxMzM5NzksInZjIjp7InR5cGUiOlsiVmVyaWZpYWJsZUNyZWRlbnRpYWwiLCJWZXJpZmlhYmxlQXR0ZXN0YXRpb24iLCJWZXJpZmlhYmxlRGlwbG9tYSJdLCJAY29udGV4dCI6WyJodHRwczovL3d3dy53My5vcmcvMjAxOC9jcmVkZW50aWFscy92MSJdLCJpZCI6InVybjp1dWlkOjY5ZjY1OGI1LTJmMmMtNGNkMi1iZTEwLWIwZjAwY2E3YThlYSIsImlzc3VlciI6ImRpZDprZXk6ejZNa25NS1liSkJObkJyaW50U3NaR1hvRm1XUm1RN2M1NG5hWExHUVlNOU5ndDltIiwiaXNzdWFuY2VEYXRlIjoiMjAyNC0wOS0xMlQwOTozOTozOVoiLCJpc3N1ZWQiOiIyMDI0LTA5LTEyVDA5OjM5OjM5WiIsInZhbGlkRnJvbSI6IjIwMjQtMDktMTJUMDk6Mzk6MzlaIiwiZXhwaXJhdGlvbkRhdGUiOiIyMDIyLTA4LTMxVDAwOjAwOjAwWiIsImNyZWRlbnRpYWxTY2hlbWEiOnsiaWQiOiJodHRwczovL3Jhdy5naXRodWJ1c2VyY29udGVudC5jb20vd2FsdC1pZC93YWx0aWQtc3Npa2l0LXZjbGliL21hc3Rlci9zcmMvdGVzdC9yZXNvdXJjZXMvc2NoZW1hcy9WZXJpZmlhYmxlRGlwbG9tYS5qc29uIiwidHlwZSI6Ikpzb25TY2hlbWFWYWxpZGF0b3IyMDE4In0sImNyZWRlbnRpYWxTdWJqZWN0Ijp7ImlkIjoiZGlkOmtleTp6Nk1rbk1LWWJKQk5uQnJpbnRTc1pHWG9GbVdSbVE3YzU0bmFYTEdRWU05Tmd0OW0iLCJhd2FyZGluZ09wcG9ydHVuaXR5Ijp7ImF3YXJkaW5nQm9keSI6eyJlaWRhc0xlZ2FsSWRlbnRpZmllciI6IlVua25vd24iLCJob21lcGFnZSI6Imh0dHBzOi8vbGVhc3Rvbi5iY2RpcGxvbWEuY29tLyIsImlkIjoiZGlkOmVic2k6MkE5Qlo5U1VlNkJhdGFjU3B2czFWNUNkakh2THBRN2JFc2kySmI2TGRIS25ReGFOIiwicHJlZmVycmVkTmFtZSI6IkxlYXN0b24gVW5pdmVyc2l0eSIsInJlZ2lzdHJhdGlvbiI6IjA1OTcwNjVKIn0sImVuZGVkQXRUaW1lIjoiMjAyMC0wNi0yNlQwMDowMDowMFoiLCJpZCI6Imh0dHBzOi8vbGVhc3Rvbi5iY2RpcGxvbWEuY29tL2xhdy1lY29ub21pY3MtbWFuYWdlbWVudCNBd2FyZGluZ09wcG9ydHVuaXR5IiwiaWRlbnRpZmllciI6Imh0dHBzOi8vY2VydGlmaWNhdGUtZGVtby5iY2RpcGxvbWEuY29tL2NoZWNrLzg3RUQyRjIyNzBFNkM0MTQ1NkU5NEI4NkI5RDkxMTVCNEUzNUJDQ0FEMjAwQTQ5Qjg0NjU5MkMxNEY3OUM4NkJWMUZuYmxsdGEwTlpUbkprUjNsRFdsUm1URGxTUlVKRVZGWklTbU5tWXpKaFVVNXNaVUo1WjJGSlNIcFdibVpaIiwibG9jYXRpb24iOiJGUkFOQ0UiLCJzdGFydGVkQXRUaW1lIjoiMjAxOS0wOS0wMlQwMDowMDowMFoifSwiZGF0ZU9mQmlydGgiOiIxOTkzLTA0LTA4IiwiZmFtaWx5TmFtZSI6IkRPRSIsImdpdmVuTmFtZXMiOiJKYW5lIiwiZ3JhZGluZ1NjaGVtZSI6eyJpZCI6Imh0dHBzOi8vbGVhc3Rvbi5iY2RpcGxvbWEuY29tL2xhdy1lY29ub21pY3MtbWFuYWdlbWVudCNHcmFkaW5nU2NoZW1lIiwidGl0bGUiOiJMb3dlciBTZWNvbmQtQ2xhc3MgSG9ub3VycyJ9LCJpZGVudGlmaWVyIjoiMDkwNDAwODA4NEgiLCJsZWFybmluZ0FjaGlldmVtZW50Ijp7ImFkZGl0aW9uYWxOb3RlIjpbIkRJU1RSSUJVVElPTiBNQU5BR0VNRU5UIl0sImRlc2NyaXB0aW9uIjoiTUFSS0VUSU5HIEFORCBTQUxFUyIsImlkIjoiaHR0cHM6Ly9sZWFzdG9uLmJjZGlwbG9tYS5jb20vbGF3LWVjb25vbWljcy1tYW5hZ2VtZW50I0xlYXJuaW5nQWNoaWV2bWVudCIsInRpdGxlIjoiTUFTVEVSUyBMQVcsIEVDT05PTUlDUyBBTkQgTUFOQUdFTUVOVCJ9LCJsZWFybmluZ1NwZWNpZmljYXRpb24iOnsiZWN0c0NyZWRpdFBvaW50cyI6MTIwLCJlcWZMZXZlbCI6NywiaWQiOiJodHRwczovL2xlYXN0b24uYmNkaXBsb21hLmNvbS9sYXctZWNvbm9taWNzLW1hbmFnZW1lbnQjTGVhcm5pbmdTcGVjaWZpY2F0aW9uIiwiaXNjZWRmQ29kZSI6WyI3Il0sIm5xZkxldmVsIjpbIjciXX19LCJjcmVkZW50aWFsU3RhdHVzIjp7ImlkIjoiaHR0cHM6Ly9lc3NpZi5ldXJvcGEuZXUvc3RhdHVzL2VkdWNhdGlvbiNoaWdoZXJFZHVjYXRpb24jMzkyYWM3ZjYtMzk5YS00MzdiLWEyNjgtNDY5MWVhZDhmMTc2IiwidHlwZSI6IkNyZWRlbnRpYWxTdGF0dXNMaXN0MjAyMCJ9LCJldmlkZW5jZSI6eyJkb2N1bWVudFByZXNlbmNlIjpbIlBoeXNpY2FsIl0sImV2aWRlbmNlRG9jdW1lbnQiOlsiUGFzc3BvcnQiXSwiaWQiOiJodHRwczovL2Vzc2lmLmV1cm9wYS5ldS90c3ItdmEvZXZpZGVuY2UvZjJhZWVjOTctZmMwZC00MmJmLThjYTctMDU0ODE5MmQ1Njc4Iiwic3ViamVjdFByZXNlbmNlIjoiUGh5c2ljYWwiLCJ0eXBlIjpbIkRvY3VtZW50VmVyaWZpY2F0aW9uIl0sInZlcmlmaWVyIjoiZGlkOmVic2k6Mjk2MmZiNzg0ZGY2MWJhYTI2N2M4MTMyNDk3NTM5ZjhjNjc0YjM3YzEyNDRhN2EifX0sImp0aSI6InVybjp1dWlkOjY5ZjY1OGI1LTJmMmMtNGNkMi1iZTEwLWIwZjAwY2E3YThlYSJ9.UaF7G1yuVufE-_4sS05XCA3K46bPMfOqVW1Mi_Cns0d2cNQWNhvE12Ke8KwiAullkeBcVjRpZHiByTGLrc48Cw, selectiveDisclosure=null, discloseAll=false)]
3871 [pool-1-thread-1 @coroutine#101] DEBUG id.walt.model.DidUrl - Trying to create DidUrl from URL: "did:key:z6MknMKYbJBNnBrintSsZGXoFmWRmQ7c54naXLGQYM9Ngt9m"...
3871 [pool-1-thread-1 @coroutine#101] DEBUG id.walt.services.vc.WaltIdJwtCredentialService - Signing JWT object with config: ProofConfig(issuerDid=did:key:z6MknMKYbJBNnBrintSsZGXoFmWRmQ7c54naXLGQYM9Ngt9m, subjectDid=did:key:z6MknMKYbJBNnBrintSsZGXoFmWRmQ7c54naXLGQYM9Ngt9m, verifierDid=did:key:z6MknMKYbJBNnBrintSsZGXoFmWRmQ7c54naXLGQYM9Ngt9m, issuerVerificationMethod=did:key:z6MknMKYbJBNnBrintSsZGXoFmWRmQ7c54naXLGQYM9Ngt9m#z6MknMKYbJBNnBrintSsZGXoFmWRmQ7c54naXLGQYM9Ngt9m, proofType=JWT, domain=null, nonce=abcd, proofPurpose=null, credentialId=urn:uuid:176bcf06-aeb0-4038-9eb1-0d2b9722d992, issueDate=null, validDate=null, expirationDate=null, dataProviderIdentifier=null, ldSignatureType=null, creator=did:key:z6MknMKYbJBNnBrintSsZGXoFmWRmQ7c54naXLGQYM9Ngt9m, ecosystem=DEFAULT, statusType=null, statusPurpose=revocation, credentialsEndpoint=null, selectiveDisclosure=null)
3871 [pool-1-thread-1 @coroutine#101] DEBUG id.walt.services.vc.WaltIdJwtCredentialService - Signing: {"sub":"did:key:z6MknMKYbJBNnBrintSsZGXoFmWRmQ7c54naXLGQYM9Ngt9m","aud":"did:key:z6MknMKYbJBNnBrintSsZGXoFmWRmQ7c54naXLGQYM9Ngt9m","nbf":1726133979,"iss":"did:key:z6MknMKYbJBNnBrintSsZGXoFmWRmQ7c54naXLGQYM9Ngt9m","vp":{"type":["VerifiablePresentation"],"@context":["https://www.w3.org/2018/credentials/v1"],"id":"urn:uuid:176bcf06-aeb0-4038-9eb1-0d2b9722d992","holder":"did:key:z6MknMKYbJBNnBrintSsZGXoFmWRmQ7c54naXLGQYM9Ngt9m","verifiableCredential":["eyJraWQiOiJkaWQ6a2V5Ono2TWtuTUtZYkpCTm5CcmludFNzWkdYb0ZtV1JtUTdjNTRuYVhMR1FZTTlOZ3Q5bSN6Nk1rbk1LWWJKQk5uQnJpbnRTc1pHWG9GbVdSbVE3YzU0bmFYTEdRWU05Tmd0OW0iLCJ0eXAiOiJKV1QiLCJhbGciOiJFZERTQSJ9.eyJzdWIiOiJkaWQ6a2V5Ono2TWtuTUtZYkpCTm5CcmludFNzWkdYb0ZtV1JtUTdjNTRuYVhMR1FZTTlOZ3Q5bSIsIm5iZiI6MTcyNjEzMzk3OSwiaXNzIjoiZGlkOmtleTp6Nk1rbk1LWWJKQk5uQnJpbnRTc1pHWG9GbVdSbVE3YzU0bmFYTEdRWU05Tmd0OW0iLCJpYXQiOjE3MjYxMzM5NzksInZjIjp7InR5cGUiOlsiVmVyaWZpYWJsZUNyZWRlbnRpYWwiLCJWZXJpZmlhYmxlQXR0ZXN0YXRpb24iLCJWZXJpZmlhYmxlRGlwbG9tYSJdLCJAY29udGV4dCI6WyJodHRwczovL3d3dy53My5vcmcvMjAxOC9jcmVkZW50aWFscy92MSJdLCJpZCI6InVybjp1dWlkOjY5ZjY1OGI1LTJmMmMtNGNkMi1iZTEwLWIwZjAwY2E3YThlYSIsImlzc3VlciI6ImRpZDprZXk6ejZNa25NS1liSkJObkJyaW50U3NaR1hvRm1XUm1RN2M1NG5hWExHUVlNOU5ndDltIiwiaXNzdWFuY2VEYXRlIjoiMjAyNC0wOS0xMlQwOTozOTozOVoiLCJpc3N1ZWQiOiIyMDI0LTA5LTEyVDA5OjM5OjM5WiIsInZhbGlkRnJvbSI6IjIwMjQtMDktMTJUMDk6Mzk6MzlaIiwiZXhwaXJhdGlvbkRhdGUiOiIyMDIyLTA4LTMxVDAwOjAwOjAwWiIsImNyZWRlbnRpYWxTY2hlbWEiOnsiaWQiOiJodHRwczovL3Jhdy5naXRodWJ1c2VyY29udGVudC5jb20vd2FsdC1pZC93YWx0aWQtc3Npa2l0LXZjbGliL21hc3Rlci9zcmMvdGVzdC9yZXNvdXJjZXMvc2NoZW1hcy9WZXJpZmlhYmxlRGlwbG9tYS5qc29uIiwidHlwZSI6Ikpzb25TY2hlbWFWYWxpZGF0b3IyMDE4In0sImNyZWRlbnRpYWxTdWJqZWN0Ijp7ImlkIjoiZGlkOmtleTp6Nk1rbk1LWWJKQk5uQnJpbnRTc1pHWG9GbVdSbVE3YzU0bmFYTEdRWU05Tmd0OW0iLCJhd2FyZGluZ09wcG9ydHVuaXR5Ijp7ImF3YXJkaW5nQm9keSI6eyJlaWRhc0xlZ2FsSWRlbnRpZmllciI6IlVua25vd24iLCJob21lcGFnZSI6Imh0dHBzOi8vbGVhc3Rvbi5iY2RpcGxvbWEuY29tLyIsImlkIjoiZGlkOmVic2k6MkE5Qlo5U1VlNkJhdGFjU3B2czFWNUNkakh2THBRN2JFc2kySmI2TGRIS25ReGFOIiwicHJlZmVycmVkTmFtZSI6IkxlYXN0b24gVW5pdmVyc2l0eSIsInJlZ2lzdHJhdGlvbiI6IjA1OTcwNjVKIn0sImVuZGVkQXRUaW1lIjoiMjAyMC0wNi0yNlQwMDowMDowMFoiLCJpZCI6Imh0dHBzOi8vbGVhc3Rvbi5iY2RpcGxvbWEuY29tL2xhdy1lY29ub21pY3MtbWFuYWdlbWVudCNBd2FyZGluZ09wcG9ydHVuaXR5IiwiaWRlbnRpZmllciI6Imh0dHBzOi8vY2VydGlmaWNhdGUtZGVtby5iY2RpcGxvbWEuY29tL2NoZWNrLzg3RUQyRjIyNzBFNkM0MTQ1NkU5NEI4NkI5RDkxMTVCNEUzNUJDQ0FEMjAwQTQ5Qjg0NjU5MkMxNEY3OUM4NkJWMUZuYmxsdGEwTlpUbkprUjNsRFdsUm1URGxTUlVKRVZGWklTbU5tWXpKaFVVNXNaVUo1WjJGSlNIcFdibVpaIiwibG9jYXRpb24iOiJGUkFOQ0UiLCJzdGFydGVkQXRUaW1lIjoiMjAxOS0wOS0wMlQwMDowMDowMFoifSwiZGF0ZU9mQmlydGgiOiIxOTkzLTA0LTA4IiwiZmFtaWx5TmFtZSI6IkRPRSIsImdpdmVuTmFtZXMiOiJKYW5lIiwiZ3JhZGluZ1NjaGVtZSI6eyJpZCI6Imh0dHBzOi8vbGVhc3Rvbi5iY2RpcGxvbWEuY29tL2xhdy1lY29ub21pY3MtbWFuYWdlbWVudCNHcmFkaW5nU2NoZW1lIiwidGl0bGUiOiJMb3dlciBTZWNvbmQtQ2xhc3MgSG9ub3VycyJ9LCJpZGVudGlmaWVyIjoiMDkwNDAwODA4NEgiLCJsZWFybmluZ0FjaGlldmVtZW50Ijp7ImFkZGl0aW9uYWxOb3RlIjpbIkRJU1RSSUJVVElPTiBNQU5BR0VNRU5UIl0sImRlc2NyaXB0aW9uIjoiTUFSS0VUSU5HIEFORCBTQUxFUyIsImlkIjoiaHR0cHM6Ly9sZWFzdG9uLmJjZGlwbG9tYS5jb20vbGF3LWVjb25vbWljcy1tYW5hZ2VtZW50I0xlYXJuaW5nQWNoaWV2bWVudCIsInRpdGxlIjoiTUFTVEVSUyBMQVcsIEVDT05PTUlDUyBBTkQgTUFOQUdFTUVOVCJ9LCJsZWFybmluZ1NwZWNpZmljYXRpb24iOnsiZWN0c0NyZWRpdFBvaW50cyI6MTIwLCJlcWZMZXZlbCI6NywiaWQiOiJodHRwczovL2xlYXN0b24uYmNkaXBsb21hLmNvbS9sYXctZWNvbm9taWNzLW1hbmFnZW1lbnQjTGVhcm5pbmdTcGVjaWZpY2F0aW9uIiwiaXNjZWRmQ29kZSI6WyI3Il0sIm5xZkxldmVsIjpbIjciXX19LCJjcmVkZW50aWFsU3RhdHVzIjp7ImlkIjoiaHR0cHM6Ly9lc3NpZi5ldXJvcGEuZXUvc3RhdHVzL2VkdWNhdGlvbiNoaWdoZXJFZHVjYXRpb24jMzkyYWM3ZjYtMzk5YS00MzdiLWEyNjgtNDY5MWVhZDhmMTc2IiwidHlwZSI6IkNyZWRlbnRpYWxTdGF0dXNMaXN0MjAyMCJ9LCJldmlkZW5jZSI6eyJkb2N1bWVudFByZXNlbmNlIjpbIlBoeXNpY2FsIl0sImV2aWRlbmNlRG9jdW1lbnQiOlsiUGFzc3BvcnQiXSwiaWQiOiJodHRwczovL2Vzc2lmLmV1cm9wYS5ldS90c3ItdmEvZXZpZGVuY2UvZjJhZWVjOTctZmMwZC00MmJmLThjYTctMDU0ODE5MmQ1Njc4Iiwic3ViamVjdFByZXNlbmNlIjoiUGh5c2ljYWwiLCJ0eXBlIjpbIkRvY3VtZW50VmVyaWZpY2F0aW9uIl0sInZlcmlmaWVyIjoiZGlkOmVic2k6Mjk2MmZiNzg0ZGY2MWJhYTI2N2M4MTMyNDk3NTM5ZjhjNjc0YjM3YzEyNDRhN2EifX0sImp0aSI6InVybjp1dWlkOjY5ZjY1OGI1LTJmMmMtNGNkMi1iZTEwLWIwZjAwY2E3YThlYSJ9.UaF7G1yuVufE-_4sS05XCA3K46bPMfOqVW1Mi_Cns0d2cNQWNhvE12Ke8KwiAullkeBcVjRpZHiByTGLrc48Cw"]},"iat":1726133979,"nonce":"abcd","jti":"urn:uuid:176bcf06-aeb0-4038-9eb1-0d2b9722d992"}
3871 [pool-1-thread-1 @coroutine#101] DEBUG id.walt.services.keystore.HKVKeyStoreService - Loading key "did:key:z6MknMKYbJBNnBrintSsZGXoFmWRmQ7c54naXLGQYM9Ngt9m#z6MknMKYbJBNnBrintSsZGXoFmWRmQ7c54naXLGQYM9Ngt9m".
3871 [pool-1-thread-1 @coroutine#101] DEBUG id.walt.services.jwt.WaltIdJwtService - Signing JWT with algorithm: EdDSA_Ed25519
3871 [pool-1-thread-1 @coroutine#101] DEBUG id.walt.model.DidUrl - Trying to create DidUrl from URL: "did:key:z6MknMKYbJBNnBrintSsZGXoFmWRmQ7c54naXLGQYM9Ngt9m#z6MknMKYbJBNnBrintSsZGXoFmWRmQ7c54naXLGQYM9Ngt9m"...
3871 [pool-1-thread-1 @coroutine#101] DEBUG id.walt.services.keystore.HKVKeyStoreService - Loading key "1e8cea0513a34726af1b5b782d75bea5".
3872 [pool-1-thread-1 @coroutine#101] DEBUG id.walt.services.jwt.WaltIdJwtService - Signed JWT:  eyJraWQiOiJkaWQ6a2V5Ono2TWtuTUtZYkpCTm5CcmludFNzWkdYb0ZtV1JtUTdjNTRuYVhMR1FZTTlOZ3Q5bSN6Nk1rbk1LWWJKQk5uQnJpbnRTc1pHWG9GbVdSbVE3YzU0bmFYTEdRWU05Tmd0OW0iLCJ0eXAiOiJKV1QiLCJhbGciOiJFZERTQSJ9.eyJzdWIiOiJkaWQ6a2V5Ono2TWtuTUtZYkpCTm5CcmludFNzWkdYb0ZtV1JtUTdjNTRuYVhMR1FZTTlOZ3Q5bSIsImF1ZCI6ImRpZDprZXk6ejZNa25NS1liSkJObkJyaW50U3NaR1hvRm1XUm1RN2M1NG5hWExHUVlNOU5ndDltIiwibmJmIjoxNzI2MTMzOTc5LCJpc3MiOiJkaWQ6a2V5Ono2TWtuTUtZYkpCTm5CcmludFNzWkdYb0ZtV1JtUTdjNTRuYVhMR1FZTTlOZ3Q5bSIsInZwIjp7InR5cGUiOlsiVmVyaWZpYWJsZVByZXNlbnRhdGlvbiJdLCJAY29udGV4dCI6WyJodHRwczovL3d3dy53My5vcmcvMjAxOC9jcmVkZW50aWFscy92MSJdLCJpZCI6InVybjp1dWlkOjE3NmJjZjA2LWFlYjAtNDAzOC05ZWIxLTBkMmI5NzIyZDk5MiIsImhvbGRlciI6ImRpZDprZXk6ejZNa25NS1liSkJObkJyaW50U3NaR1hvRm1XUm1RN2M1NG5hWExHUVlNOU5ndDltIiwidmVyaWZpYWJsZUNyZWRlbnRpYWwiOlsiZXlKcmFXUWlPaUprYVdRNmEyVjVPbm8yVFd0dVRVdFpZa3BDVG01Q2NtbHVkRk56V2tkWWIwWnRWMUp0VVRkak5UUnVZVmhNUjFGWlRUbE9aM1E1YlNONk5rMXJiazFMV1dKS1FrNXVRbkpwYm5SVGMxcEhXRzlHYlZkU2JWRTNZelUwYm1GWVRFZFJXVTA1VG1kME9XMGlMQ0owZVhBaU9pSktWMVFpTENKaGJHY2lPaUpGWkVSVFFTSjkuZXlKemRXSWlPaUprYVdRNmEyVjVPbm8yVFd0dVRVdFpZa3BDVG01Q2NtbHVkRk56V2tkWWIwWnRWMUp0VVRkak5UUnVZVmhNUjFGWlRUbE9aM1E1YlNJc0ltNWlaaUk2TVRjeU5qRXpNemszT1N3aWFYTnpJam9pWkdsa09tdGxlVHA2TmsxcmJrMUxXV0pLUWs1dVFuSnBiblJUYzFwSFdHOUdiVmRTYlZFM1l6VTBibUZZVEVkUldVMDVUbWQwT1cwaUxDSnBZWFFpT2pFM01qWXhNek01Tnprc0luWmpJanA3SW5SNWNHVWlPbHNpVm1WeWFXWnBZV0pzWlVOeVpXUmxiblJwWVd3aUxDSldaWEpwWm1saFlteGxRWFIwWlhOMFlYUnBiMjRpTENKV1pYSnBabWxoWW14bFJHbHdiRzl0WVNKZExDSkFZMjl1ZEdWNGRDSTZXeUpvZEhSd2N6b3ZMM2QzZHk1M015NXZjbWN2TWpBeE9DOWpjbVZrWlc1MGFXRnNjeTkyTVNKZExDSnBaQ0k2SW5WeWJqcDFkV2xrT2pZNVpqWTFPR0kxTFRKbU1tTXROR05rTWkxaVpURXdMV0l3WmpBd1kyRTNZVGhsWVNJc0ltbHpjM1ZsY2lJNkltUnBaRHByWlhrNmVqWk5hMjVOUzFsaVNrSk9ia0p5YVc1MFUzTmFSMWh2Um0xWFVtMVJOMk0xTkc1aFdFeEhVVmxOT1U1bmREbHRJaXdpYVhOemRXRnVZMlZFWVhSbElqb2lNakF5TkMwd09TMHhNbFF3T1Rvek9Ub3pPVm9pTENKcGMzTjFaV1FpT2lJeU1ESTBMVEE1TFRFeVZEQTVPak01T2pNNVdpSXNJblpoYkdsa1JuSnZiU0k2SWpJd01qUXRNRGt0TVRKVU1EazZNems2TXpsYUlpd2laWGh3YVhKaGRHbHZia1JoZEdVaU9pSXlNREl5TFRBNExUTXhWREF3T2pBd09qQXdXaUlzSW1OeVpXUmxiblJwWVd4VFkyaGxiV0VpT25zaWFXUWlPaUpvZEhSd2N6b3ZMM0poZHk1bmFYUm9kV0oxYzJWeVkyOXVkR1Z1ZEM1amIyMHZkMkZzZEMxcFpDOTNZV3gwYVdRdGMzTnBhMmwwTFhaamJHbGlMMjFoYzNSbGNpOXpjbU12ZEdWemRDOXlaWE52ZFhKalpYTXZjMk5vWlcxaGN5OVdaWEpwWm1saFlteGxSR2x3Ykc5dFlTNXFjMjl1SWl3aWRIbHdaU0k2SWtwemIyNVRZMmhsYldGV1lXeHBaR0YwYjNJeU1ERTRJbjBzSW1OeVpXUmxiblJwWVd4VGRXSnFaV04wSWpwN0ltbGtJam9pWkdsa09tdGxlVHA2TmsxcmJrMUxXV0pLUWs1dVFuSnBiblJUYzFwSFdHOUdiVmRTYlZFM1l6VTBibUZZVEVkUldVMDVUbWQwT1cwaUxDSmhkMkZ5WkdsdVowOXdjRzl5ZEhWdWFYUjVJanA3SW1GM1lYSmthVzVuUW05a2VTSTZleUpsYVdSaGMweGxaMkZzU1dSbGJuUnBabWxsY2lJNklsVnVhMjV2ZDI0aUxDSm9iMjFsY0dGblpTSTZJbWgwZEhCek9pOHZiR1ZoYzNSdmJpNWlZMlJwY0d4dmJXRXVZMjl0THlJc0ltbGtJam9pWkdsa09tVmljMms2TWtFNVFsbzVVMVZsTmtKaGRHRmpVM0IyY3pGV05VTmtha2gyVEhCUk4ySkZjMmt5U21JMlRHUklTMjVSZUdGT0lpd2ljSEpsWm1WeWNtVmtUbUZ0WlNJNklreGxZWE4wYjI0Z1ZXNXBkbVZ5YzJsMGVTSXNJbkpsWjJsemRISmhkR2x2YmlJNklqQTFPVGN3TmpWS0luMHNJbVZ1WkdWa1FYUlVhVzFsSWpvaU1qQXlNQzB3TmkweU5sUXdNRG93TURvd01Gb2lMQ0pwWkNJNkltaDBkSEJ6T2k4dmJHVmhjM1J2Ymk1aVkyUnBjR3h2YldFdVkyOXRMMnhoZHkxbFkyOXViMjFwWTNNdGJXRnVZV2RsYldWdWRDTkJkMkZ5WkdsdVowOXdjRzl5ZEhWdWFYUjVJaXdpYVdSbGJuUnBabWxsY2lJNkltaDBkSEJ6T2k4dlkyVnlkR2xtYVdOaGRHVXRaR1Z0Ynk1aVkyUnBjR3h2YldFdVkyOXRMMk5vWldOckx6ZzNSVVF5UmpJeU56QkZOa00wTVRRMU5rVTVORUk0TmtJNVJEa3hNVFZDTkVVek5VSkRRMEZFTWpBd1FUUTVRamcwTmpVNU1rTXhORVkzT1VNNE5rSldNVVp1WW14c2RHRXdUbHBVYmtwclVqTnNSRmRzVW0xVVJHeFRVbFZLUlZaR1drbFRiVTV0V1hwS2FGVlZOWE5hVlVvMVdqSkdTbE5JY0ZkaWJWcGFJaXdpYkc5allYUnBiMjRpT2lKR1VrRk9RMFVpTENKemRHRnlkR1ZrUVhSVWFXMWxJam9pTWpBeE9TMHdPUzB3TWxRd01Eb3dNRG93TUZvaWZTd2laR0YwWlU5bVFtbHlkR2dpT2lJeE9Ua3pMVEEwTFRBNElpd2labUZ0YVd4NVRtRnRaU0k2SWtSUFJTSXNJbWRwZG1WdVRtRnRaWE1pT2lKS1lXNWxJaXdpWjNKaFpHbHVaMU5qYUdWdFpTSTZleUpwWkNJNkltaDBkSEJ6T2k4dmJHVmhjM1J2Ymk1aVkyUnBjR3h2YldFdVkyOXRMMnhoZHkxbFkyOXViMjFwWTNNdGJXRnVZV2RsYldWdWRDTkhjbUZrYVc1blUyTm9aVzFsSWl3aWRHbDBiR1VpT2lKTWIzZGxjaUJUWldOdmJtUXRRMnhoYzNNZ1NHOXViM1Z5Y3lKOUxDSnBaR1Z1ZEdsbWFXVnlJam9pTURrd05EQXdPREE0TkVnaUxDSnNaV0Z5Ym1sdVowRmphR2xsZG1WdFpXNTBJanA3SW1Ga1pHbDBhVzl1WVd4T2IzUmxJanBiSWtSSlUxUlNTVUpWVkVsUFRpQk5RVTVCUjBWTlJVNVVJbDBzSW1SbGMyTnlhWEIwYVc5dUlqb2lUVUZTUzBWVVNVNUhJRUZPUkNCVFFVeEZVeUlzSW1sa0lqb2lhSFIwY0hNNkx5OXNaV0Z6ZEc5dUxtSmpaR2x3Ykc5dFlTNWpiMjB2YkdGM0xXVmpiMjV2YldsamN5MXRZVzVoWjJWdFpXNTBJMHhsWVhKdWFXNW5RV05vYVdWMmJXVnVkQ0lzSW5ScGRHeGxJam9pVFVGVFZFVlNVeUJNUVZjc0lFVkRUMDVQVFVsRFV5QkJUa1FnVFVGT1FVZEZUVVZPVkNKOUxDSnNaV0Z5Ym1sdVoxTndaV05wWm1sallYUnBiMjRpT25zaVpXTjBjME55WldScGRGQnZhVzUwY3lJNk1USXdMQ0psY1daTVpYWmxiQ0k2Tnl3aWFXUWlPaUpvZEhSd2N6b3ZMMnhsWVhOMGIyNHVZbU5rYVhCc2IyMWhMbU52YlM5c1lYY3RaV052Ym05dGFXTnpMVzFoYm1GblpXMWxiblFqVEdWaGNtNXBibWRUY0dWamFXWnBZMkYwYVc5dUlpd2lhWE5qWldSbVEyOWtaU0k2V3lJM0lsMHNJbTV4Wmt4bGRtVnNJanBiSWpjaVhYMTlMQ0pqY21Wa1pXNTBhV0ZzVTNSaGRIVnpJanA3SW1sa0lqb2lhSFIwY0hNNkx5OWxjM05wWmk1bGRYSnZjR0V1WlhVdmMzUmhkSFZ6TDJWa2RXTmhkR2x2YmlOb2FXZG9aWEpGWkhWallYUnBiMjRqTXpreVlXTTNaall0TXprNVlTMDBNemRpTFdFeU5qZ3RORFk1TVdWaFpEaG1NVGMySWl3aWRIbHdaU0k2SWtOeVpXUmxiblJwWVd4VGRHRjBkWE5NYVhOME1qQXlNQ0o5TENKbGRtbGtaVzVqWlNJNmV5SmtiMk4xYldWdWRGQnlaWE5sYm1ObElqcGJJbEJvZVhOcFkyRnNJbDBzSW1WMmFXUmxibU5sUkc5amRXMWxiblFpT2xzaVVHRnpjM0J2Y25RaVhTd2lhV1FpT2lKb2RIUndjem92TDJWemMybG1MbVYxY205d1lTNWxkUzkwYzNJdGRtRXZaWFpwWkdWdVkyVXZaakpoWldWak9UY3RabU13WkMwME1tSm1MVGhqWVRjdE1EVTBPREU1TW1RMU5qYzRJaXdpYzNWaWFtVmpkRkJ5WlhObGJtTmxJam9pVUdoNWMybGpZV3dpTENKMGVYQmxJanBiSWtSdlkzVnRaVzUwVm1WeWFXWnBZMkYwYVc5dUlsMHNJblpsY21sbWFXVnlJam9pWkdsa09tVmljMms2TWprMk1tWmlOemcwWkdZMk1XSmhZVEkyTjJNNE1UTXlORGszTlRNNVpqaGpOamMwWWpNM1l6RXlORFJoTjJFaWZYMHNJbXAwYVNJNkluVnlianAxZFdsa09qWTVaalkxT0dJMUxUSm1NbU10TkdOa01pMWlaVEV3TFdJd1pqQXdZMkUzWVRobFlTSjkuVWFGN0cxeXVWdWZFLV80c1MwNVhDQTNLNDZiUE1mT3FWVzFNaV9DbnMwZDJjTlFXTmh2RTEyS2U4S3dpQXVsbGtlQmNWalJwWkhpQnlUR0xyYzQ4Q3ciXX0sImlhdCI6MTcyNjEzMzk3OSwibm9uY2UiOiJhYmNkIiwianRpIjoidXJuOnV1aWQ6MTc2YmNmMDYtYWViMC00MDM4LTllYjEtMGQyYjk3MjJkOTkyIn0.-UKu3JC-aOJmcsDHCKXzFkFuVoZcgpxs3fpoaVhPpBQLwsLCKmMOiWcFCmjee3bGb-3LnFYUSKYaYVZ6Y5duDg
3873 [pool-1-thread-1 @coroutine#101] DEBUG id.walt.services.vc.WaltIdJwtCredentialService - VP created:eyJraWQiOiJkaWQ6a2V5Ono2TWtuTUtZYkpCTm5CcmludFNzWkdYb0ZtV1JtUTdjNTRuYVhMR1FZTTlOZ3Q5bSN6Nk1rbk1LWWJKQk5uQnJpbnRTc1pHWG9GbVdSbVE3YzU0bmFYTEdRWU05Tmd0OW0iLCJ0eXAiOiJKV1QiLCJhbGciOiJFZERTQSJ9.eyJzdWIiOiJkaWQ6a2V5Ono2TWtuTUtZYkpCTm5CcmludFNzWkdYb0ZtV1JtUTdjNTRuYVhMR1FZTTlOZ3Q5bSIsImF1ZCI6ImRpZDprZXk6ejZNa25NS1liSkJObkJyaW50U3NaR1hvRm1XUm1RN2M1NG5hWExHUVlNOU5ndDltIiwibmJmIjoxNzI2MTMzOTc5LCJpc3MiOiJkaWQ6a2V5Ono2TWtuTUtZYkpCTm5CcmludFNzWkdYb0ZtV1JtUTdjNTRuYVhMR1FZTTlOZ3Q5bSIsInZwIjp7InR5cGUiOlsiVmVyaWZpYWJsZVByZXNlbnRhdGlvbiJdLCJAY29udGV4dCI6WyJodHRwczovL3d3dy53My5vcmcvMjAxOC9jcmVkZW50aWFscy92MSJdLCJpZCI6InVybjp1dWlkOjE3NmJjZjA2LWFlYjAtNDAzOC05ZWIxLTBkMmI5NzIyZDk5MiIsImhvbGRlciI6ImRpZDprZXk6ejZNa25NS1liSkJObkJyaW50U3NaR1hvRm1XUm1RN2M1NG5hWExHUVlNOU5ndDltIiwidmVyaWZpYWJsZUNyZWRlbnRpYWwiOlsiZXlKcmFXUWlPaUprYVdRNmEyVjVPbm8yVFd0dVRVdFpZa3BDVG01Q2NtbHVkRk56V2tkWWIwWnRWMUp0VVRkak5UUnVZVmhNUjFGWlRUbE9aM1E1YlNONk5rMXJiazFMV1dKS1FrNXVRbkpwYm5SVGMxcEhXRzlHYlZkU2JWRTNZelUwYm1GWVRFZFJXVTA1VG1kME9XMGlMQ0owZVhBaU9pSktWMVFpTENKaGJHY2lPaUpGWkVSVFFTSjkuZXlKemRXSWlPaUprYVdRNmEyVjVPbm8yVFd0dVRVdFpZa3BDVG01Q2NtbHVkRk56V2tkWWIwWnRWMUp0VVRkak5UUnVZVmhNUjFGWlRUbE9aM1E1YlNJc0ltNWlaaUk2TVRjeU5qRXpNemszT1N3aWFYTnpJam9pWkdsa09tdGxlVHA2TmsxcmJrMUxXV0pLUWs1dVFuSnBiblJUYzFwSFdHOUdiVmRTYlZFM1l6VTBibUZZVEVkUldVMDVUbWQwT1cwaUxDSnBZWFFpT2pFM01qWXhNek01Tnprc0luWmpJanA3SW5SNWNHVWlPbHNpVm1WeWFXWnBZV0pzWlVOeVpXUmxiblJwWVd3aUxDSldaWEpwWm1saFlteGxRWFIwWlhOMFlYUnBiMjRpTENKV1pYSnBabWxoWW14bFJHbHdiRzl0WVNKZExDSkFZMjl1ZEdWNGRDSTZXeUpvZEhSd2N6b3ZMM2QzZHk1M015NXZjbWN2TWpBeE9DOWpjbVZrWlc1MGFXRnNjeTkyTVNKZExDSnBaQ0k2SW5WeWJqcDFkV2xrT2pZNVpqWTFPR0kxTFRKbU1tTXROR05rTWkxaVpURXdMV0l3WmpBd1kyRTNZVGhsWVNJc0ltbHpjM1ZsY2lJNkltUnBaRHByWlhrNmVqWk5hMjVOUzFsaVNrSk9ia0p5YVc1MFUzTmFSMWh2Um0xWFVtMVJOMk0xTkc1aFdFeEhVVmxOT1U1bmREbHRJaXdpYVhOemRXRnVZMlZFWVhSbElqb2lNakF5TkMwd09TMHhNbFF3T1Rvek9Ub3pPVm9pTENKcGMzTjFaV1FpT2lJeU1ESTBMVEE1TFRFeVZEQTVPak01T2pNNVdpSXNJblpoYkdsa1JuSnZiU0k2SWpJd01qUXRNRGt0TVRKVU1EazZNems2TXpsYUlpd2laWGh3YVhKaGRHbHZia1JoZEdVaU9pSXlNREl5TFRBNExUTXhWREF3T2pBd09qQXdXaUlzSW1OeVpXUmxiblJwWVd4VFkyaGxiV0VpT25zaWFXUWlPaUpvZEhSd2N6b3ZMM0poZHk1bmFYUm9kV0oxYzJWeVkyOXVkR1Z1ZEM1amIyMHZkMkZzZEMxcFpDOTNZV3gwYVdRdGMzTnBhMmwwTFhaamJHbGlMMjFoYzNSbGNpOXpjbU12ZEdWemRDOXlaWE52ZFhKalpYTXZjMk5vWlcxaGN5OVdaWEpwWm1saFlteGxSR2x3Ykc5dFlTNXFjMjl1SWl3aWRIbHdaU0k2SWtwemIyNVRZMmhsYldGV1lXeHBaR0YwYjNJeU1ERTRJbjBzSW1OeVpXUmxiblJwWVd4VGRXSnFaV04wSWpwN0ltbGtJam9pWkdsa09tdGxlVHA2TmsxcmJrMUxXV0pLUWs1dVFuSnBiblJUYzFwSFdHOUdiVmRTYlZFM1l6VTBibUZZVEVkUldVMDVUbWQwT1cwaUxDSmhkMkZ5WkdsdVowOXdjRzl5ZEhWdWFYUjVJanA3SW1GM1lYSmthVzVuUW05a2VTSTZleUpsYVdSaGMweGxaMkZzU1dSbGJuUnBabWxsY2lJNklsVnVhMjV2ZDI0aUxDSm9iMjFsY0dGblpTSTZJbWgwZEhCek9pOHZiR1ZoYzNSdmJpNWlZMlJwY0d4dmJXRXVZMjl0THlJc0ltbGtJam9pWkdsa09tVmljMms2TWtFNVFsbzVVMVZsTmtKaGRHRmpVM0IyY3pGV05VTmtha2gyVEhCUk4ySkZjMmt5U21JMlRHUklTMjVSZUdGT0lpd2ljSEpsWm1WeWNtVmtUbUZ0WlNJNklreGxZWE4wYjI0Z1ZXNXBkbVZ5YzJsMGVTSXNJbkpsWjJsemRISmhkR2x2YmlJNklqQTFPVGN3TmpWS0luMHNJbVZ1WkdWa1FYUlVhVzFsSWpvaU1qQXlNQzB3TmkweU5sUXdNRG93TURvd01Gb2lMQ0pwWkNJNkltaDBkSEJ6T2k4dmJHVmhjM1J2Ymk1aVkyUnBjR3h2YldFdVkyOXRMMnhoZHkxbFkyOXViMjFwWTNNdGJXRnVZV2RsYldWdWRDTkJkMkZ5WkdsdVowOXdjRzl5ZEhWdWFYUjVJaXdpYVdSbGJuUnBabWxsY2lJNkltaDBkSEJ6T2k4dlkyVnlkR2xtYVdOaGRHVXRaR1Z0Ynk1aVkyUnBjR3h2YldFdVkyOXRMMk5vWldOckx6ZzNSVVF5UmpJeU56QkZOa00wTVRRMU5rVTVORUk0TmtJNVJEa3hNVFZDTkVVek5VSkRRMEZFTWpBd1FUUTVRamcwTmpVNU1rTXhORVkzT1VNNE5rSldNVVp1WW14c2RHRXdUbHBVYmtwclVqTnNSRmRzVW0xVVJHeFRVbFZLUlZaR1drbFRiVTV0V1hwS2FGVlZOWE5hVlVvMVdqSkdTbE5JY0ZkaWJWcGFJaXdpYkc5allYUnBiMjRpT2lKR1VrRk9RMFVpTENKemRHRnlkR1ZrUVhSVWFXMWxJam9pTWpBeE9TMHdPUzB3TWxRd01Eb3dNRG93TUZvaWZTd2laR0YwWlU5bVFtbHlkR2dpT2lJeE9Ua3pMVEEwTFRBNElpd2labUZ0YVd4NVRtRnRaU0k2SWtSUFJTSXNJbWRwZG1WdVRtRnRaWE1pT2lKS1lXNWxJaXdpWjNKaFpHbHVaMU5qYUdWdFpTSTZleUpwWkNJNkltaDBkSEJ6T2k4dmJHVmhjM1J2Ymk1aVkyUnBjR3h2YldFdVkyOXRMMnhoZHkxbFkyOXViMjFwWTNNdGJXRnVZV2RsYldWdWRDTkhjbUZrYVc1blUyTm9aVzFsSWl3aWRHbDBiR1VpT2lKTWIzZGxjaUJUWldOdmJtUXRRMnhoYzNNZ1NHOXViM1Z5Y3lKOUxDSnBaR1Z1ZEdsbWFXVnlJam9pTURrd05EQXdPREE0TkVnaUxDSnNaV0Z5Ym1sdVowRmphR2xsZG1WdFpXNTBJanA3SW1Ga1pHbDBhVzl1WVd4T2IzUmxJanBiSWtSSlUxUlNTVUpWVkVsUFRpQk5RVTVCUjBWTlJVNVVJbDBzSW1SbGMyTnlhWEIwYVc5dUlqb2lUVUZTUzBWVVNVNUhJRUZPUkNCVFFVeEZVeUlzSW1sa0lqb2lhSFIwY0hNNkx5OXNaV0Z6ZEc5dUxtSmpaR2x3Ykc5dFlTNWpiMjB2YkdGM0xXVmpiMjV2YldsamN5MXRZVzVoWjJWdFpXNTBJMHhsWVhKdWFXNW5RV05vYVdWMmJXVnVkQ0lzSW5ScGRHeGxJam9pVFVGVFZFVlNVeUJNUVZjc0lFVkRUMDVQVFVsRFV5QkJUa1FnVFVGT1FVZEZUVVZPVkNKOUxDSnNaV0Z5Ym1sdVoxTndaV05wWm1sallYUnBiMjRpT25zaVpXTjBjME55WldScGRGQnZhVzUwY3lJNk1USXdMQ0psY1daTVpYWmxiQ0k2Tnl3aWFXUWlPaUpvZEhSd2N6b3ZMMnhsWVhOMGIyNHVZbU5rYVhCc2IyMWhMbU52YlM5c1lYY3RaV052Ym05dGFXTnpMVzFoYm1GblpXMWxiblFqVEdWaGNtNXBibWRUY0dWamFXWnBZMkYwYVc5dUlpd2lhWE5qWldSbVEyOWtaU0k2V3lJM0lsMHNJbTV4Wmt4bGRtVnNJanBiSWpjaVhYMTlMQ0pqY21Wa1pXNTBhV0ZzVTNSaGRIVnpJanA3SW1sa0lqb2lhSFIwY0hNNkx5OWxjM05wWmk1bGRYSnZjR0V1WlhVdmMzUmhkSFZ6TDJWa2RXTmhkR2x2YmlOb2FXZG9aWEpGWkhWallYUnBiMjRqTXpreVlXTTNaall0TXprNVlTMDBNemRpTFdFeU5qZ3RORFk1TVdWaFpEaG1NVGMySWl3aWRIbHdaU0k2SWtOeVpXUmxiblJwWVd4VGRHRjBkWE5NYVhOME1qQXlNQ0o5TENKbGRtbGtaVzVqWlNJNmV5SmtiMk4xYldWdWRGQnlaWE5sYm1ObElqcGJJbEJvZVhOcFkyRnNJbDBzSW1WMmFXUmxibU5sUkc5amRXMWxiblFpT2xzaVVHRnpjM0J2Y25RaVhTd2lhV1FpT2lKb2RIUndjem92TDJWemMybG1MbVYxY205d1lTNWxkUzkwYzNJdGRtRXZaWFpwWkdWdVkyVXZaakpoWldWak9UY3RabU13WkMwME1tSm1MVGhqWVRjdE1EVTBPREU1TW1RMU5qYzRJaXdpYzNWaWFtVmpkRkJ5WlhObGJtTmxJam9pVUdoNWMybGpZV3dpTENKMGVYQmxJanBiSWtSdlkzVnRaVzUwVm1WeWFXWnBZMkYwYVc5dUlsMHNJblpsY21sbWFXVnlJam9pWkdsa09tVmljMms2TWprMk1tWmlOemcwWkdZMk1XSmhZVEkyTjJNNE1UTXlORGszTlRNNVpqaGpOamMwWWpNM1l6RXlORFJoTjJFaWZYMHNJbXAwYVNJNkluVnlianAxZFdsa09qWTVaalkxT0dJMUxUSm1NbU10TkdOa01pMWlaVEV3TFdJd1pqQXdZMkUzWVRobFlTSjkuVWFGN0cxeXVWdWZFLV80c1MwNVhDQTNLNDZiUE1mT3FWVzFNaV9DbnMwZDJjTlFXTmh2RTEyS2U4S3dpQXVsbGtlQmNWalJwWkhpQnlUR0xyYzQ4Q3ciXX0sImlhdCI6MTcyNjEzMzk3OSwibm9uY2UiOiJhYmNkIiwianRpIjoidXJuOnV1aWQ6MTc2YmNmMDYtYWViMC00MDM4LTllYjEtMGQyYjk3MjJkOTkyIn0.-UKu3JC-aOJmcsDHCKXzFkFuVoZcgpxs3fpoaVhPpBQLwsLCKmMOiWcFCmjee3bGb-3LnFYUSKYaYVZ6Y5duDg
4324 [pool-1-thread-1 @coroutine#101] DEBUG id.walt.auditor.VerificationPolicy - VC [VerifiableCredential, AccreditedVerifiableAttestation, VerifiableAccreditation] passes policy EbsiTrustedSchemaRegistryPolicy: passed
4326 [pool-1-thread-1 @coroutine#101] DEBUG id.walt.auditor.VerificationPolicy - VerificationPolicy failed: Credential has no associated credentialSchema property
4326 [pool-1-thread-1 @coroutine#101] DEBUG id.walt.auditor.VerificationPolicy - VC [VerifiableCredential, AccreditedVerifiableAttestation, VerifiableAccreditation] passes policy EbsiTrustedSchemaRegistryPolicy: failed: #1: IllegalArgumentException - Credential has no associated credentialSchema property
4327 [pool-1-thread-1 @coroutine#101] DEBUG id.walt.auditor.VerificationPolicy - VerificationPolicy failed: No valid EBSI Trusted Schema Registry URL
4327 [pool-1-thread-1 @coroutine#101] DEBUG id.walt.auditor.VerificationPolicy - VC [VerifiableCredential, AccreditedVerifiableAttestation, VerifiableAccreditation] passes policy EbsiTrustedSchemaRegistryPolicy: failed: #1: Throwable - No valid EBSI Trusted Schema Registry URL
4451 [pool-1-thread-1 @coroutine#101] DEBUG id.walt.auditor.VerificationPolicy - VerificationPolicy failed: Schema not available in the EBSI Trusted Schema Registry
4451 [pool-1-thread-1 @coroutine#101] DEBUG id.walt.auditor.VerificationPolicy - VC [VerifiableCredential, AccreditedVerifiableAttestation, VerifiableAccreditation] passes policy EbsiTrustedSchemaRegistryPolicy: failed: #1: Throwable - Schema not available in the EBSI Trusted Schema Registry
4459 [pool-1-thread-1 @coroutine#108] DEBUG id.walt.services.keystore.HKVKeyStoreService - Storing key "e3e2cce5c6fe4c20acd2a53ef591ce8b".
4460 [pool-1-thread-1 @coroutine#108] DEBUG id.walt.services.keystore.HKVKeyStoreService - Loading key "e3e2cce5c6fe4c20acd2a53ef591ce8b".
4460 [pool-1-thread-1 @coroutine#108] DEBUG id.walt.model.DidUrl - Trying to create DidUrl from URL: "did:key:z6MkvxtQztZJf6GMJ4mNUx5YN3B1MNwn1VHjP4h3fTwsZz6x"...
4461 [pool-1-thread-1 @coroutine#108] DEBUG id.walt.services.keystore.HKVKeyStoreService - Loading key "e3e2cce5c6fe4c20acd2a53ef591ce8b".
4461 [pool-1-thread-1 @coroutine#108] DEBUG id.walt.services.did.DidService - A key with the id "e3e2cce5c6fe4c20acd2a53ef591ce8b" exists.
4461 [pool-1-thread-1 @coroutine#108] DEBUG id.walt.model.DidUrl - Trying to create DidUrl from URL: "did:key:z6MkvxtQztZJf6GMJ4mNUx5YN3B1MNwn1VHjP4h3fTwsZz6x"...
4461 [pool-1-thread-1 @coroutine#108] DEBUG id.walt.model.DidUrl - Trying to create DidUrl from URL: "did:key:z6MkvxtQztZJf6GMJ4mNUx5YN3B1MNwn1VHjP4h3fTwsZz6x"...
4462 [pool-1-thread-1 @coroutine#108] DEBUG id.walt.model.DidUrl - Trying to create DidUrl from URL: "did:key:z6MkvxtQztZJf6GMJ4mNUx5YN3B1MNwn1VHjP4h3fTwsZz6x"...
4462 [pool-1-thread-1 @coroutine#108] DEBUG id.walt.model.DidUrl - Trying to create DidUrl from URL: "did:key:z6MkvxtQztZJf6GMJ4mNUx5YN3B1MNwn1VHjP4h3fTwsZz6x"...
4462 [pool-1-thread-1 @coroutine#108] DEBUG id.walt.model.DidUrl - Trying to create DidUrl from URL: "did:key:z6MkvxtQztZJf6GMJ4mNUx5YN3B1MNwn1VHjP4h3fTwsZz6x"...
4463 [pool-1-thread-1 @coroutine#108] DEBUG id.walt.signatory.WaltIdSignatory - Signing credential with proof using LD_PROOF...
4463 [pool-1-thread-1 @coroutine#108] DEBUG id.walt.signatory.WaltIdSignatory - Signing credential with proof using LD_PROOF, credential is: {"type":["VerifiableCredential","VerifiableAttestation","VerifiableDiploma"],"@context":["https://www.w3.org/2018/credentials/v1"],"id":"urn:uuid:678ddd15-7790-493b-84a9-46a6db7059f2","issuer":"did:key:z6MkvxtQztZJf6GMJ4mNUx5YN3B1MNwn1VHjP4h3fTwsZz6x","issuanceDate":"2024-09-12T09:39:39Z","issued":"2024-09-12T09:39:39Z","validFrom":"2024-09-12T09:39:39Z","expirationDate":"2022-08-31T00:00:00Z","credentialSchema":{"id":"https://raw.githubusercontent.com/walt-id/waltid-ssikit-vclib/master/src/test/resources/schemas/VerifiableDiploma.json","type":"JsonSchemaValidator2018"},"credentialSubject":{"id":"did:key:z6MkvxtQztZJf6GMJ4mNUx5YN3B1MNwn1VHjP4h3fTwsZz6x","awardingOpportunity":{"awardingBody":{"eidasLegalIdentifier":"Unknown","homepage":"https://leaston.bcdiploma.com/","id":"did:ebsi:2A9BZ9SUe6BatacSpvs1V5CdjHvLpQ7bEsi2Jb6LdHKnQxaN","preferredName":"Leaston University","registration":"0597065J"},"endedAtTime":"2020-06-26T00:00:00Z","id":"https://leaston.bcdiploma.com/law-economics-management#AwardingOpportunity","identifier":"https://certificate-demo.bcdiploma.com/check/87ED2F2270E6C41456E94B86B9D9115B4E35BCCAD200A49B846592C14F79C86BV1Fnbllta0NZTnJkR3lDWlRmTDlSRUJEVFZISmNmYzJhUU5sZUJ5Z2FJSHpWbmZZ","location":"FRANCE","startedAtTime":"2019-09-02T00:00:00Z"},"dateOfBirth":"1993-04-08","familyName":"DOE","givenNames":"Jane","gradingScheme":{"id":"https://leaston.bcdiploma.com/law-economics-management#GradingScheme","title":"Lower Second-Class Honours"},"identifier":"0904008084H","learningAchievement":{"additionalNote":["DISTRIBUTION MANAGEMENT"],"description":"MARKETING AND SALES","id":"https://leaston.bcdiploma.com/law-economics-management#LearningAchievment","title":"MASTERS LAW, ECONOMICS AND MANAGEMENT"},"learningSpecification":{"ectsCreditPoints":120,"eqfLevel":7,"id":"https://leaston.bcdiploma.com/law-economics-management#LearningSpecification","iscedfCode":["7"],"nqfLevel":["7"]}},"credentialStatus":{"id":"https://essif.europa.eu/status/education#higherEducation#392ac7f6-399a-437b-a268-4691ead8f176","type":"CredentialStatusList2020"},"evidence":{"documentPresence":["Physical"],"evidenceDocument":["Passport"],"id":"https://essif.europa.eu/tsr-va/evidence/f2aeec97-fc0d-42bf-8ca7-0548192d5678","subjectPresence":"Physical","type":["DocumentVerification"],"verifier":"did:ebsi:2962fb784df61baa267c8132497539f8c674b37c1244a7a"}}
4463 [pool-1-thread-1 @coroutine#108] DEBUG id.walt.services.vc.WaltIdJsonLdCredentialService - Signing jsonLd object with: issuerDid (did:key:z6MkvxtQztZJf6GMJ4mNUx5YN3B1MNwn1VHjP4h3fTwsZz6x), domain (null), nonce (null
4463 [pool-1-thread-1 @coroutine#108] DEBUG id.walt.services.keystore.HKVKeyStoreService - Loading key "did:key:z6MkvxtQztZJf6GMJ4mNUx5YN3B1MNwn1VHjP4h3fTwsZz6x#z6MkvxtQztZJf6GMJ4mNUx5YN3B1MNwn1VHjP4h3fTwsZz6x".
4463 [pool-1-thread-1 @coroutine#108] DEBUG id.walt.services.vc.WaltIdJsonLdCredentialService - Signing: {"type":["VerifiableCredential","VerifiableAttestation","VerifiableDiploma"],"@context":["https://www.w3.org/2018/credentials/v1"],"id":"urn:uuid:678ddd15-7790-493b-84a9-46a6db7059f2","issuer":"did:key:z6MkvxtQztZJf6GMJ4mNUx5YN3B1MNwn1VHjP4h3fTwsZz6x","issuanceDate":"2024-09-12T09:39:39Z","issued":"2024-09-12T09:39:39Z","validFrom":"2024-09-12T09:39:39Z","expirationDate":"2022-08-31T00:00:00Z","credentialSchema":{"id":"https://raw.githubusercontent.com/walt-id/waltid-ssikit-vclib/master/src/test/resources/schemas/VerifiableDiploma.json","type":"JsonSchemaValidator2018"},"credentialSubject":{"id":"did:key:z6MkvxtQztZJf6GMJ4mNUx5YN3B1MNwn1VHjP4h3fTwsZz6x","awardingOpportunity":{"awardingBody":{"eidasLegalIdentifier":"Unknown","homepage":"https://leaston.bcdiploma.com/","id":"did:ebsi:2A9BZ9SUe6BatacSpvs1V5CdjHvLpQ7bEsi2Jb6LdHKnQxaN","preferredName":"Leaston University","registration":"0597065J"},"endedAtTime":"2020-06-26T00:00:00Z","id":"https://leaston.bcdiploma.com/law-economics-management#AwardingOpportunity","identifier":"https://certificate-demo.bcdiploma.com/check/87ED2F2270E6C41456E94B86B9D9115B4E35BCCAD200A49B846592C14F79C86BV1Fnbllta0NZTnJkR3lDWlRmTDlSRUJEVFZISmNmYzJhUU5sZUJ5Z2FJSHpWbmZZ","location":"FRANCE","startedAtTime":"2019-09-02T00:00:00Z"},"dateOfBirth":"1993-04-08","familyName":"DOE","givenNames":"Jane","gradingScheme":{"id":"https://leaston.bcdiploma.com/law-economics-management#GradingScheme","title":"Lower Second-Class Honours"},"identifier":"0904008084H","learningAchievement":{"additionalNote":["DISTRIBUTION MANAGEMENT"],"description":"MARKETING AND SALES","id":"https://leaston.bcdiploma.com/law-economics-management#LearningAchievment","title":"MASTERS LAW, ECONOMICS AND MANAGEMENT"},"learningSpecification":{"ectsCreditPoints":120,"eqfLevel":7,"id":"https://leaston.bcdiploma.com/law-economics-management#LearningSpecification","iscedfCode":["7"],"nqfLevel":["7"]}},"credentialStatus":{"id":"https://essif.europa.eu/status/education#higherEducation#392ac7f6-399a-437b-a268-4691ead8f176","type":"CredentialStatusList2020"},"evidence":{"documentPresence":["Physical"],"evidenceDocument":["Passport"],"id":"https://essif.europa.eu/tsr-va/evidence/f2aeec97-fc0d-42bf-8ca7-0548192d5678","subjectPresence":"Physical","type":["DocumentVerification"],"verifier":"did:ebsi:2962fb784df61baa267c8132497539f8c674b37c1244a7a"}}
Sep 12, 2024 11:39:39 AM com.apicatalog.jsonld.deseralization.JsonLdToRdf build
WARNING: Non well-formed subject [https://essif.europa.eu/status/education#higherEducation#392ac7f6-399a-437b-a268-4691ead8f176] has been skipped.
4465 [pool-1-thread-1 @coroutine#108] DEBUG id.walt.services.keystore.HKVKeyStoreService - Loading key "e3e2cce5c6fe4c20acd2a53ef591ce8b".
4465 [pool-1-thread-1 @coroutine#108] DEBUG id.walt.services.keystore.HKVKeyStoreService - Loading key "e3e2cce5c6fe4c20acd2a53ef591ce8b".
4465 [pool-1-thread-1 @coroutine#108] DEBUG id.walt.services.keystore.HKVKeyStoreService - Loading key "e3e2cce5c6fe4c20acd2a53ef591ce8b".
4466 [pool-1-thread-1 @coroutine#108] DEBUG id.walt.signatory.WaltIdSignatory - Signed VC is: {
  "type" : [ "VerifiableCredential", "VerifiableAttestation", "VerifiableDiploma" ],
  "@context" : [ "https://www.w3.org/2018/credentials/v1", "https://w3id.org/security/suites/jws-2020/v1" ],
  "id" : "urn:uuid:678ddd15-7790-493b-84a9-46a6db7059f2",
  "issuer" : "did:key:z6MkvxtQztZJf6GMJ4mNUx5YN3B1MNwn1VHjP4h3fTwsZz6x",
  "issuanceDate" : "2024-09-12T09:39:39Z",
  "issued" : "2024-09-12T09:39:39Z",
  "validFrom" : "2024-09-12T09:39:39Z",
  "expirationDate" : "2022-08-31T00:00:00Z",
  "credentialSchema" : {
    "id" : "https://raw.githubusercontent.com/walt-id/waltid-ssikit-vclib/master/src/test/resources/schemas/VerifiableDiploma.json",
    "type" : "JsonSchemaValidator2018"
  },
  "credentialSubject" : {
    "id" : "did:key:z6MkvxtQztZJf6GMJ4mNUx5YN3B1MNwn1VHjP4h3fTwsZz6x",
    "awardingOpportunity" : {
      "awardingBody" : {
        "eidasLegalIdentifier" : "Unknown",
        "homepage" : "https://leaston.bcdiploma.com/",
        "id" : "did:ebsi:2A9BZ9SUe6BatacSpvs1V5CdjHvLpQ7bEsi2Jb6LdHKnQxaN",
        "preferredName" : "Leaston University",
        "registration" : "0597065J"
      },
      "endedAtTime" : "2020-06-26T00:00:00Z",
      "id" : "https://leaston.bcdiploma.com/law-economics-management#AwardingOpportunity",
      "identifier" : "https://certificate-demo.bcdiploma.com/check/87ED2F2270E6C41456E94B86B9D9115B4E35BCCAD200A49B846592C14F79C86BV1Fnbllta0NZTnJkR3lDWlRmTDlSRUJEVFZISmNmYzJhUU5sZUJ5Z2FJSHpWbmZZ",
      "location" : "FRANCE",
      "startedAtTime" : "2019-09-02T00:00:00Z"
    },
    "dateOfBirth" : "1993-04-08",
    "familyName" : "DOE",
    "givenNames" : "Jane",
    "gradingScheme" : {
      "id" : "https://leaston.bcdiploma.com/law-economics-management#GradingScheme",
      "title" : "Lower Second-Class Honours"
    },
    "identifier" : "0904008084H",
    "learningAchievement" : {
      "additionalNote" : [ "DISTRIBUTION MANAGEMENT" ],
      "description" : "MARKETING AND SALES",
      "id" : "https://leaston.bcdiploma.com/law-economics-management#LearningAchievment",
      "title" : "MASTERS LAW, ECONOMICS AND MANAGEMENT"
    },
    "learningSpecification" : {
      "ectsCreditPoints" : 120,
      "eqfLevel" : 7,
      "id" : "https://leaston.bcdiploma.com/law-economics-management#LearningSpecification",
      "iscedfCode" : [ "7" ],
      "nqfLevel" : [ "7" ]
    }
  },
  "credentialStatus" : {
    "id" : "https://essif.europa.eu/status/education#higherEducation#392ac7f6-399a-437b-a268-4691ead8f176",
    "type" : "CredentialStatusList2020"
  },
  "evidence" : {
    "documentPresence" : [ "Physical" ],
    "evidenceDocument" : [ "Passport" ],
    "id" : "https://essif.europa.eu/tsr-va/evidence/f2aeec97-fc0d-42bf-8ca7-0548192d5678",
    "subjectPresence" : "Physical",
    "type" : [ "DocumentVerification" ],
    "verifier" : "did:ebsi:2962fb784df61baa267c8132497539f8c674b37c1244a7a"
  },
  "proof" : {
    "type" : "JsonWebSignature2020",
    "creator" : "did:key:z6MkvxtQztZJf6GMJ4mNUx5YN3B1MNwn1VHjP4h3fTwsZz6x",
    "created" : "2024-09-12T09:39:39Z",
    "proofPurpose" : "assertionMethod",
    "verificationMethod" : "did:key:z6MkvxtQztZJf6GMJ4mNUx5YN3B1MNwn1VHjP4h3fTwsZz6x#z6MkvxtQztZJf6GMJ4mNUx5YN3B1MNwn1VHjP4h3fTwsZz6x",
    "jws" : "eyJiNjQiOmZhbHNlLCJjcml0IjpbImI2NCJdLCJhbGciOiJFZERTQSJ9..s19NY9mnWCnyB_84Am0YmZfR7N_TK5U__prrD15PQFL1-z0CY6u72xfA9wQI-v2hl4X77MO-QZlafS7wiJKwDg"
  }
}
4467 [pool-1-thread-1 @coroutine#108] DEBUG id.walt.services.vc.WaltIdJsonLdCredentialService - Creating a presentation for VCs:
[PresentableCredential(verifiableCredential={"type":["VerifiableCredential","VerifiableAttestation","VerifiableDiploma"],"@context":["https://www.w3.org/2018/credentials/v1","https://w3id.org/security/suites/jws-2020/v1"],"id":"urn:uuid:678ddd15-7790-493b-84a9-46a6db7059f2","issuer":"did:key:z6MkvxtQztZJf6GMJ4mNUx5YN3B1MNwn1VHjP4h3fTwsZz6x","issuanceDate":"2024-09-12T09:39:39Z","issued":"2024-09-12T09:39:39Z","validFrom":"2024-09-12T09:39:39Z","expirationDate":"2022-08-31T00:00:00Z","proof":{"type":"JsonWebSignature2020","creator":"did:key:z6MkvxtQztZJf6GMJ4mNUx5YN3B1MNwn1VHjP4h3fTwsZz6x","created":"2024-09-12T09:39:39Z","proofPurpose":"assertionMethod","verificationMethod":"did:key:z6MkvxtQztZJf6GMJ4mNUx5YN3B1MNwn1VHjP4h3fTwsZz6x#z6MkvxtQztZJf6GMJ4mNUx5YN3B1MNwn1VHjP4h3fTwsZz6x","jws":"eyJiNjQiOmZhbHNlLCJjcml0IjpbImI2NCJdLCJhbGciOiJFZERTQSJ9..s19NY9mnWCnyB_84Am0YmZfR7N_TK5U__prrD15PQFL1-z0CY6u72xfA9wQI-v2hl4X77MO-QZlafS7wiJKwDg"},"credentialSchema":{"id":"https://raw.githubusercontent.com/walt-id/waltid-ssikit-vclib/master/src/test/resources/schemas/VerifiableDiploma.json","type":"JsonSchemaValidator2018"},"credentialSubject":{"id":"did:key:z6MkvxtQztZJf6GMJ4mNUx5YN3B1MNwn1VHjP4h3fTwsZz6x","awardingOpportunity":{"awardingBody":{"eidasLegalIdentifier":"Unknown","homepage":"https://leaston.bcdiploma.com/","id":"did:ebsi:2A9BZ9SUe6BatacSpvs1V5CdjHvLpQ7bEsi2Jb6LdHKnQxaN","preferredName":"Leaston University","registration":"0597065J"},"endedAtTime":"2020-06-26T00:00:00Z","id":"https://leaston.bcdiploma.com/law-economics-management#AwardingOpportunity","identifier":"https://certificate-demo.bcdiploma.com/check/87ED2F2270E6C41456E94B86B9D9115B4E35BCCAD200A49B846592C14F79C86BV1Fnbllta0NZTnJkR3lDWlRmTDlSRUJEVFZISmNmYzJhUU5sZUJ5Z2FJSHpWbmZZ","location":"FRANCE","startedAtTime":"2019-09-02T00:00:00Z"},"dateOfBirth":"1993-04-08","familyName":"DOE","givenNames":"Jane","gradingScheme":{"id":"https://leaston.bcdiploma.com/law-economics-management#GradingScheme","title":"Lower Second-Class Honours"},"identifier":"0904008084H","learningAchievement":{"additionalNote":["DISTRIBUTION MANAGEMENT"],"description":"MARKETING AND SALES","id":"https://leaston.bcdiploma.com/law-economics-management#LearningAchievment","title":"MASTERS LAW, ECONOMICS AND MANAGEMENT"},"learningSpecification":{"ectsCreditPoints":120,"eqfLevel":7,"id":"https://leaston.bcdiploma.com/law-economics-management#LearningSpecification","iscedfCode":["7"],"nqfLevel":["7"]}},"credentialStatus":{"id":"https://essif.europa.eu/status/education#higherEducation#392ac7f6-399a-437b-a268-4691ead8f176","type":"CredentialStatusList2020"},"evidence":{"documentPresence":["Physical"],"evidenceDocument":["Passport"],"id":"https://essif.europa.eu/tsr-va/evidence/f2aeec97-fc0d-42bf-8ca7-0548192d5678","subjectPresence":"Physical","type":["DocumentVerification"],"verifier":"did:ebsi:2962fb784df61baa267c8132497539f8c674b37c1244a7a"}}, selectiveDisclosure=null, discloseAll=false)]
4467 [pool-1-thread-1 @coroutine#108] DEBUG id.walt.model.DidUrl - Trying to create DidUrl from URL: "did:key:z6MkvxtQztZJf6GMJ4mNUx5YN3B1MNwn1VHjP4h3fTwsZz6x"...
4467 [pool-1-thread-1 @coroutine#108] DEBUG id.walt.services.vc.WaltIdJsonLdCredentialService - Signing jsonLd object with: issuerDid (did:key:z6MkvxtQztZJf6GMJ4mNUx5YN3B1MNwn1VHjP4h3fTwsZz6x), domain (https://api-pilot.ebsi.eu), nonce (d04442d3-661f-411e-a80f-42f19f594c9d
4467 [pool-1-thread-1 @coroutine#108] DEBUG id.walt.services.keystore.HKVKeyStoreService - Loading key "did:key:z6MkvxtQztZJf6GMJ4mNUx5YN3B1MNwn1VHjP4h3fTwsZz6x#z6MkvxtQztZJf6GMJ4mNUx5YN3B1MNwn1VHjP4h3fTwsZz6x".
4467 [pool-1-thread-1 @coroutine#108] DEBUG id.walt.services.vc.WaltIdJsonLdCredentialService - Signing: {"type":["VerifiablePresentation"],"@context":["https://www.w3.org/2018/credentials/v1"],"id":"urn:uuid:32eccab4-5843-4b2e-8b95-efa0d23f2951","holder":"did:key:z6MkvxtQztZJf6GMJ4mNUx5YN3B1MNwn1VHjP4h3fTwsZz6x","verifiableCredential":[{"type":["VerifiableCredential","VerifiableAttestation","VerifiableDiploma"],"@context":["https://www.w3.org/2018/credentials/v1","https://w3id.org/security/suites/jws-2020/v1"],"id":"urn:uuid:678ddd15-7790-493b-84a9-46a6db7059f2","issuer":"did:key:z6MkvxtQztZJf6GMJ4mNUx5YN3B1MNwn1VHjP4h3fTwsZz6x","issuanceDate":"2024-09-12T09:39:39Z","issued":"2024-09-12T09:39:39Z","validFrom":"2024-09-12T09:39:39Z","expirationDate":"2022-08-31T00:00:00Z","proof":{"type":"JsonWebSignature2020","creator":"did:key:z6MkvxtQztZJf6GMJ4mNUx5YN3B1MNwn1VHjP4h3fTwsZz6x","created":"2024-09-12T09:39:39Z","proofPurpose":"assertionMethod","verificationMethod":"did:key:z6MkvxtQztZJf6GMJ4mNUx5YN3B1MNwn1VHjP4h3fTwsZz6x#z6MkvxtQztZJf6GMJ4mNUx5YN3B1MNwn1VHjP4h3fTwsZz6x","jws":"eyJiNjQiOmZhbHNlLCJjcml0IjpbImI2NCJdLCJhbGciOiJFZERTQSJ9..s19NY9mnWCnyB_84Am0YmZfR7N_TK5U__prrD15PQFL1-z0CY6u72xfA9wQI-v2hl4X77MO-QZlafS7wiJKwDg"},"credentialSchema":{"id":"https://raw.githubusercontent.com/walt-id/waltid-ssikit-vclib/master/src/test/resources/schemas/VerifiableDiploma.json","type":"JsonSchemaValidator2018"},"credentialSubject":{"id":"did:key:z6MkvxtQztZJf6GMJ4mNUx5YN3B1MNwn1VHjP4h3fTwsZz6x","awardingOpportunity":{"awardingBody":{"eidasLegalIdentifier":"Unknown","homepage":"https://leaston.bcdiploma.com/","id":"did:ebsi:2A9BZ9SUe6BatacSpvs1V5CdjHvLpQ7bEsi2Jb6LdHKnQxaN","preferredName":"Leaston University","registration":"0597065J"},"endedAtTime":"2020-06-26T00:00:00Z","id":"https://leaston.bcdiploma.com/law-economics-management#AwardingOpportunity","identifier":"https://certificate-demo.bcdiploma.com/check/87ED2F2270E6C41456E94B86B9D9115B4E35BCCAD200A49B846592C14F79C86BV1Fnbllta0NZTnJkR3lDWlRmTDlSRUJEVFZISmNmYzJhUU5sZUJ5Z2FJSHpWbmZZ","location":"FRANCE","startedAtTime":"2019-09-02T00:00:00Z"},"dateOfBirth":"1993-04-08","familyName":"DOE","givenNames":"Jane","gradingScheme":{"id":"https://leaston.bcdiploma.com/law-economics-management#GradingScheme","title":"Lower Second-Class Honours"},"identifier":"0904008084H","learningAchievement":{"additionalNote":["DISTRIBUTION MANAGEMENT"],"description":"MARKETING AND SALES","id":"https://leaston.bcdiploma.com/law-economics-management#LearningAchievment","title":"MASTERS LAW, ECONOMICS AND MANAGEMENT"},"learningSpecification":{"ectsCreditPoints":120,"eqfLevel":7,"id":"https://leaston.bcdiploma.com/law-economics-management#LearningSpecification","iscedfCode":["7"],"nqfLevel":["7"]}},"credentialStatus":{"id":"https://essif.europa.eu/status/education#higherEducation#392ac7f6-399a-437b-a268-4691ead8f176","type":"CredentialStatusList2020"},"evidence":{"documentPresence":["Physical"],"evidenceDocument":["Passport"],"id":"https://essif.europa.eu/tsr-va/evidence/f2aeec97-fc0d-42bf-8ca7-0548192d5678","subjectPresence":"Physical","type":["DocumentVerification"],"verifier":"did:ebsi:2962fb784df61baa267c8132497539f8c674b37c1244a7a"}}]}
Sep 12, 2024 11:39:39 AM com.apicatalog.jsonld.deseralization.JsonLdToRdf build
WARNING: Non well-formed subject [https://essif.europa.eu/status/education#higherEducation#392ac7f6-399a-437b-a268-4691ead8f176] has been skipped.
4470 [pool-1-thread-1 @coroutine#108] DEBUG id.walt.services.keystore.HKVKeyStoreService - Loading key "e3e2cce5c6fe4c20acd2a53ef591ce8b".
4470 [pool-1-thread-1 @coroutine#108] DEBUG id.walt.services.keystore.HKVKeyStoreService - Loading key "e3e2cce5c6fe4c20acd2a53ef591ce8b".
4470 [pool-1-thread-1 @coroutine#108] DEBUG id.walt.services.keystore.HKVKeyStoreService - Loading key "e3e2cce5c6fe4c20acd2a53ef591ce8b".
4471 [pool-1-thread-1 @coroutine#108] DEBUG id.walt.services.vc.WaltIdJsonLdCredentialService - VP created:{
  "type" : [ "VerifiablePresentation" ],
  "@context" : [ "https://www.w3.org/2018/credentials/v1", "https://w3id.org/security/suites/jws-2020/v1" ],
  "id" : "urn:uuid:32eccab4-5843-4b2e-8b95-efa0d23f2951",
  "holder" : "did:key:z6MkvxtQztZJf6GMJ4mNUx5YN3B1MNwn1VHjP4h3fTwsZz6x",
  "verifiableCredential" : [ {
    "type" : [ "VerifiableCredential", "VerifiableAttestation", "VerifiableDiploma" ],
    "@context" : [ "https://www.w3.org/2018/credentials/v1", "https://w3id.org/security/suites/jws-2020/v1" ],
    "id" : "urn:uuid:678ddd15-7790-493b-84a9-46a6db7059f2",
    "issuer" : "did:key:z6MkvxtQztZJf6GMJ4mNUx5YN3B1MNwn1VHjP4h3fTwsZz6x",
    "issuanceDate" : "2024-09-12T09:39:39Z",
    "issued" : "2024-09-12T09:39:39Z",
    "validFrom" : "2024-09-12T09:39:39Z",
    "expirationDate" : "2022-08-31T00:00:00Z",
    "proof" : {
      "type" : "JsonWebSignature2020",
      "creator" : "did:key:z6MkvxtQztZJf6GMJ4mNUx5YN3B1MNwn1VHjP4h3fTwsZz6x",
      "created" : "2024-09-12T09:39:39Z",
      "proofPurpose" : "assertionMethod",
      "verificationMethod" : "did:key:z6MkvxtQztZJf6GMJ4mNUx5YN3B1MNwn1VHjP4h3fTwsZz6x#z6MkvxtQztZJf6GMJ4mNUx5YN3B1MNwn1VHjP4h3fTwsZz6x",
      "jws" : "eyJiNjQiOmZhbHNlLCJjcml0IjpbImI2NCJdLCJhbGciOiJFZERTQSJ9..s19NY9mnWCnyB_84Am0YmZfR7N_TK5U__prrD15PQFL1-z0CY6u72xfA9wQI-v2hl4X77MO-QZlafS7wiJKwDg"
    },
    "credentialSchema" : {
      "id" : "https://raw.githubusercontent.com/walt-id/waltid-ssikit-vclib/master/src/test/resources/schemas/VerifiableDiploma.json",
      "type" : "JsonSchemaValidator2018"
    },
    "credentialSubject" : {
      "id" : "did:key:z6MkvxtQztZJf6GMJ4mNUx5YN3B1MNwn1VHjP4h3fTwsZz6x",
      "awardingOpportunity" : {
        "awardingBody" : {
          "eidasLegalIdentifier" : "Unknown",
          "homepage" : "https://leaston.bcdiploma.com/",
          "id" : "did:ebsi:2A9BZ9SUe6BatacSpvs1V5CdjHvLpQ7bEsi2Jb6LdHKnQxaN",
          "preferredName" : "Leaston University",
          "registration" : "0597065J"
        },
        "endedAtTime" : "2020-06-26T00:00:00Z",
        "id" : "https://leaston.bcdiploma.com/law-economics-management#AwardingOpportunity",
        "identifier" : "https://certificate-demo.bcdiploma.com/check/87ED2F2270E6C41456E94B86B9D9115B4E35BCCAD200A49B846592C14F79C86BV1Fnbllta0NZTnJkR3lDWlRmTDlSRUJEVFZISmNmYzJhUU5sZUJ5Z2FJSHpWbmZZ",
        "location" : "FRANCE",
        "startedAtTime" : "2019-09-02T00:00:00Z"
      },
      "dateOfBirth" : "1993-04-08",
      "familyName" : "DOE",
      "givenNames" : "Jane",
      "gradingScheme" : {
        "id" : "https://leaston.bcdiploma.com/law-economics-management#GradingScheme",
        "title" : "Lower Second-Class Honours"
      },
      "identifier" : "0904008084H",
      "learningAchievement" : {
        "additionalNote" : [ "DISTRIBUTION MANAGEMENT" ],
        "description" : "MARKETING AND SALES",
        "id" : "https://leaston.bcdiploma.com/law-economics-management#LearningAchievment",
        "title" : "MASTERS LAW, ECONOMICS AND MANAGEMENT"
      },
      "learningSpecification" : {
        "ectsCreditPoints" : 120,
        "eqfLevel" : 7,
        "id" : "https://leaston.bcdiploma.com/law-economics-management#LearningSpecification",
        "iscedfCode" : [ "7" ],
        "nqfLevel" : [ "7" ]
      }
    },
    "credentialStatus" : {
      "id" : "https://essif.europa.eu/status/education#higherEducation#392ac7f6-399a-437b-a268-4691ead8f176",
      "type" : "CredentialStatusList2020"
    },
    "evidence" : {
      "documentPresence" : [ "Physical" ],
      "evidenceDocument" : [ "Passport" ],
      "id" : "https://essif.europa.eu/tsr-va/evidence/f2aeec97-fc0d-42bf-8ca7-0548192d5678",
      "subjectPresence" : "Physical",
      "type" : [ "DocumentVerification" ],
      "verifier" : "did:ebsi:2962fb784df61baa267c8132497539f8c674b37c1244a7a"
    }
  } ],
  "proof" : {
    "type" : "JsonWebSignature2020",
    "creator" : "did:key:z6MkvxtQztZJf6GMJ4mNUx5YN3B1MNwn1VHjP4h3fTwsZz6x",
    "created" : "2024-09-12T09:39:39Z",
    "domain" : "https://api-pilot.ebsi.eu",
    "nonce" : "d04442d3-661f-411e-a80f-42f19f594c9d",
    "proofPurpose" : "authentication",
    "verificationMethod" : "did:key:z6MkvxtQztZJf6GMJ4mNUx5YN3B1MNwn1VHjP4h3fTwsZz6x#z6MkvxtQztZJf6GMJ4mNUx5YN3B1MNwn1VHjP4h3fTwsZz6x",
    "jws" : "eyJiNjQiOmZhbHNlLCJjcml0IjpbImI2NCJdLCJhbGciOiJFZERTQSJ9..lsEgzTZrVGTduZqP5lLDaUu90wiGyfHZPOklCr43GFtMGT0Q-Ge5PeVtCO3X6a5Jl1ggIAFAJdOub4Fdmx9NBg"
  }
}
4471 [pool-1-thread-1 @coroutine#108] DEBUG id.walt.model.DidUrl - Trying to create DidUrl from URL: "did:key:z6MkvxtQztZJf6GMJ4mNUx5YN3B1MNwn1VHjP4h3fTwsZz6x"...
4471 [pool-1-thread-1 @coroutine#108] DEBUG id.walt.model.DidUrl - Trying to create DidUrl from URL: "did:key:z6MkvxtQztZJf6GMJ4mNUx5YN3B1MNwn1VHjP4h3fTwsZz6x"...
4471 [pool-1-thread-1 @coroutine#108] DEBUG id.walt.signatory.WaltIdSignatory - Signing credential with proof using JWT...
4471 [pool-1-thread-1 @coroutine#108] DEBUG id.walt.signatory.WaltIdSignatory - Signing credential with proof using JWT, credential is: {"type":["VerifiableCredential","VerifiableAttestation","VerifiableDiploma"],"@context":["https://www.w3.org/2018/credentials/v1"],"id":"urn:uuid:aade6784-55fd-45fb-a99e-af81afb3393c","issuer":"did:key:z6MkvxtQztZJf6GMJ4mNUx5YN3B1MNwn1VHjP4h3fTwsZz6x","issuanceDate":"2024-09-12T09:39:39Z","issued":"2024-09-12T09:39:39Z","validFrom":"2024-09-12T09:39:39Z","expirationDate":"2022-08-31T00:00:00Z","credentialSchema":{"id":"https://raw.githubusercontent.com/walt-id/waltid-ssikit-vclib/master/src/test/resources/schemas/VerifiableDiploma.json","type":"JsonSchemaValidator2018"},"credentialSubject":{"id":"did:key:z6MkvxtQztZJf6GMJ4mNUx5YN3B1MNwn1VHjP4h3fTwsZz6x","awardingOpportunity":{"awardingBody":{"eidasLegalIdentifier":"Unknown","homepage":"https://leaston.bcdiploma.com/","id":"did:ebsi:2A9BZ9SUe6BatacSpvs1V5CdjHvLpQ7bEsi2Jb6LdHKnQxaN","preferredName":"Leaston University","registration":"0597065J"},"endedAtTime":"2020-06-26T00:00:00Z","id":"https://leaston.bcdiploma.com/law-economics-management#AwardingOpportunity","identifier":"https://certificate-demo.bcdiploma.com/check/87ED2F2270E6C41456E94B86B9D9115B4E35BCCAD200A49B846592C14F79C86BV1Fnbllta0NZTnJkR3lDWlRmTDlSRUJEVFZISmNmYzJhUU5sZUJ5Z2FJSHpWbmZZ","location":"FRANCE","startedAtTime":"2019-09-02T00:00:00Z"},"dateOfBirth":"1993-04-08","familyName":"DOE","givenNames":"Jane","gradingScheme":{"id":"https://leaston.bcdiploma.com/law-economics-management#GradingScheme","title":"Lower Second-Class Honours"},"identifier":"0904008084H","learningAchievement":{"additionalNote":["DISTRIBUTION MANAGEMENT"],"description":"MARKETING AND SALES","id":"https://leaston.bcdiploma.com/law-economics-management#LearningAchievment","title":"MASTERS LAW, ECONOMICS AND MANAGEMENT"},"learningSpecification":{"ectsCreditPoints":120,"eqfLevel":7,"id":"https://leaston.bcdiploma.com/law-economics-management#LearningSpecification","iscedfCode":["7"],"nqfLevel":["7"]}},"credentialStatus":{"id":"https://essif.europa.eu/status/education#higherEducation#392ac7f6-399a-437b-a268-4691ead8f176","type":"CredentialStatusList2020"},"evidence":{"documentPresence":["Physical"],"evidenceDocument":["Passport"],"id":"https://essif.europa.eu/tsr-va/evidence/f2aeec97-fc0d-42bf-8ca7-0548192d5678","subjectPresence":"Physical","type":["DocumentVerification"],"verifier":"did:ebsi:2962fb784df61baa267c8132497539f8c674b37c1244a7a"}}
4471 [pool-1-thread-1 @coroutine#108] DEBUG id.walt.services.vc.WaltIdJwtCredentialService - Signing JWT object with config: ProofConfig(issuerDid=did:key:z6MkvxtQztZJf6GMJ4mNUx5YN3B1MNwn1VHjP4h3fTwsZz6x, subjectDid=did:key:z6MkvxtQztZJf6GMJ4mNUx5YN3B1MNwn1VHjP4h3fTwsZz6x, verifierDid=null, issuerVerificationMethod=did:key:z6MkvxtQztZJf6GMJ4mNUx5YN3B1MNwn1VHjP4h3fTwsZz6x#z6MkvxtQztZJf6GMJ4mNUx5YN3B1MNwn1VHjP4h3fTwsZz6x, proofType=JWT, domain=null, nonce=null, proofPurpose=null, credentialId=urn:uuid:aade6784-55fd-45fb-a99e-af81afb3393c, issueDate=2024-09-12T09:39:39.691463375Z, validDate=2024-09-12T09:39:39.691464797Z, expirationDate=null, dataProviderIdentifier=null, ldSignatureType=null, creator=did:key:z6MkvxtQztZJf6GMJ4mNUx5YN3B1MNwn1VHjP4h3fTwsZz6x, ecosystem=DEFAULT, statusType=null, statusPurpose=revocation, credentialsEndpoint=null, selectiveDisclosure=null)
4471 [pool-1-thread-1 @coroutine#108] DEBUG id.walt.services.vc.WaltIdJwtCredentialService - Signing: {"sub":"did:key:z6MkvxtQztZJf6GMJ4mNUx5YN3B1MNwn1VHjP4h3fTwsZz6x","nbf":1726133979,"iss":"did:key:z6MkvxtQztZJf6GMJ4mNUx5YN3B1MNwn1VHjP4h3fTwsZz6x","iat":1726133979,"vc":{"type":["VerifiableCredential","VerifiableAttestation","VerifiableDiploma"],"@context":["https://www.w3.org/2018/credentials/v1"],"id":"urn:uuid:aade6784-55fd-45fb-a99e-af81afb3393c","issuer":"did:key:z6MkvxtQztZJf6GMJ4mNUx5YN3B1MNwn1VHjP4h3fTwsZz6x","issuanceDate":"2024-09-12T09:39:39Z","issued":"2024-09-12T09:39:39Z","validFrom":"2024-09-12T09:39:39Z","expirationDate":"2022-08-31T00:00:00Z","credentialSchema":{"id":"https://raw.githubusercontent.com/walt-id/waltid-ssikit-vclib/master/src/test/resources/schemas/VerifiableDiploma.json","type":"JsonSchemaValidator2018"},"credentialSubject":{"id":"did:key:z6MkvxtQztZJf6GMJ4mNUx5YN3B1MNwn1VHjP4h3fTwsZz6x","awardingOpportunity":{"awardingBody":{"eidasLegalIdentifier":"Unknown","homepage":"https://leaston.bcdiploma.com/","id":"did:ebsi:2A9BZ9SUe6BatacSpvs1V5CdjHvLpQ7bEsi2Jb6LdHKnQxaN","preferredName":"Leaston University","registration":"0597065J"},"endedAtTime":"2020-06-26T00:00:00Z","id":"https://leaston.bcdiploma.com/law-economics-management#AwardingOpportunity","identifier":"https://certificate-demo.bcdiploma.com/check/87ED2F2270E6C41456E94B86B9D9115B4E35BCCAD200A49B846592C14F79C86BV1Fnbllta0NZTnJkR3lDWlRmTDlSRUJEVFZISmNmYzJhUU5sZUJ5Z2FJSHpWbmZZ","location":"FRANCE","startedAtTime":"2019-09-02T00:00:00Z"},"dateOfBirth":"1993-04-08","familyName":"DOE","givenNames":"Jane","gradingScheme":{"id":"https://leaston.bcdiploma.com/law-economics-management#GradingScheme","title":"Lower Second-Class Honours"},"identifier":"0904008084H","learningAchievement":{"additionalNote":["DISTRIBUTION MANAGEMENT"],"description":"MARKETING AND SALES","id":"https://leaston.bcdiploma.com/law-economics-management#LearningAchievment","title":"MASTERS LAW, ECONOMICS AND MANAGEMENT"},"learningSpecification":{"ectsCreditPoints":120,"eqfLevel":7,"id":"https://leaston.bcdiploma.com/law-economics-management#LearningSpecification","iscedfCode":["7"],"nqfLevel":["7"]}},"credentialStatus":{"id":"https://essif.europa.eu/status/education#higherEducation#392ac7f6-399a-437b-a268-4691ead8f176","type":"CredentialStatusList2020"},"evidence":{"documentPresence":["Physical"],"evidenceDocument":["Passport"],"id":"https://essif.europa.eu/tsr-va/evidence/f2aeec97-fc0d-42bf-8ca7-0548192d5678","subjectPresence":"Physical","type":["DocumentVerification"],"verifier":"did:ebsi:2962fb784df61baa267c8132497539f8c674b37c1244a7a"}},"jti":"urn:uuid:aade6784-55fd-45fb-a99e-af81afb3393c"}
4472 [pool-1-thread-1 @coroutine#108] DEBUG id.walt.services.keystore.HKVKeyStoreService - Loading key "did:key:z6MkvxtQztZJf6GMJ4mNUx5YN3B1MNwn1VHjP4h3fTwsZz6x#z6MkvxtQztZJf6GMJ4mNUx5YN3B1MNwn1VHjP4h3fTwsZz6x".
4472 [pool-1-thread-1 @coroutine#108] DEBUG id.walt.services.jwt.WaltIdJwtService - Signing JWT with algorithm: EdDSA_Ed25519
4472 [pool-1-thread-1 @coroutine#108] DEBUG id.walt.model.DidUrl - Trying to create DidUrl from URL: "did:key:z6MkvxtQztZJf6GMJ4mNUx5YN3B1MNwn1VHjP4h3fTwsZz6x#z6MkvxtQztZJf6GMJ4mNUx5YN3B1MNwn1VHjP4h3fTwsZz6x"...
4472 [pool-1-thread-1 @coroutine#108] DEBUG id.walt.services.keystore.HKVKeyStoreService - Loading key "e3e2cce5c6fe4c20acd2a53ef591ce8b".
4473 [pool-1-thread-1 @coroutine#108] DEBUG id.walt.services.jwt.WaltIdJwtService - Signed JWT:  eyJraWQiOiJkaWQ6a2V5Ono2TWt2eHRRenRaSmY2R01KNG1OVXg1WU4zQjFNTnduMVZIalA0aDNmVHdzWno2eCN6Nk1rdnh0UXp0WkpmNkdNSjRtTlV4NVlOM0IxTU53bjFWSGpQNGgzZlR3c1p6NngiLCJ0eXAiOiJKV1QiLCJhbGciOiJFZERTQSJ9.eyJzdWIiOiJkaWQ6a2V5Ono2TWt2eHRRenRaSmY2R01KNG1OVXg1WU4zQjFNTnduMVZIalA0aDNmVHdzWno2eCIsIm5iZiI6MTcyNjEzMzk3OSwiaXNzIjoiZGlkOmtleTp6Nk1rdnh0UXp0WkpmNkdNSjRtTlV4NVlOM0IxTU53bjFWSGpQNGgzZlR3c1p6NngiLCJpYXQiOjE3MjYxMzM5NzksInZjIjp7InR5cGUiOlsiVmVyaWZpYWJsZUNyZWRlbnRpYWwiLCJWZXJpZmlhYmxlQXR0ZXN0YXRpb24iLCJWZXJpZmlhYmxlRGlwbG9tYSJdLCJAY29udGV4dCI6WyJodHRwczovL3d3dy53My5vcmcvMjAxOC9jcmVkZW50aWFscy92MSJdLCJpZCI6InVybjp1dWlkOmFhZGU2Nzg0LTU1ZmQtNDVmYi1hOTllLWFmODFhZmIzMzkzYyIsImlzc3VlciI6ImRpZDprZXk6ejZNa3Z4dFF6dFpKZjZHTUo0bU5VeDVZTjNCMU1Od24xVkhqUDRoM2ZUd3NaejZ4IiwiaXNzdWFuY2VEYXRlIjoiMjAyNC0wOS0xMlQwOTozOTozOVoiLCJpc3N1ZWQiOiIyMDI0LTA5LTEyVDA5OjM5OjM5WiIsInZhbGlkRnJvbSI6IjIwMjQtMDktMTJUMDk6Mzk6MzlaIiwiZXhwaXJhdGlvbkRhdGUiOiIyMDIyLTA4LTMxVDAwOjAwOjAwWiIsImNyZWRlbnRpYWxTY2hlbWEiOnsiaWQiOiJodHRwczovL3Jhdy5naXRodWJ1c2VyY29udGVudC5jb20vd2FsdC1pZC93YWx0aWQtc3Npa2l0LXZjbGliL21hc3Rlci9zcmMvdGVzdC9yZXNvdXJjZXMvc2NoZW1hcy9WZXJpZmlhYmxlRGlwbG9tYS5qc29uIiwidHlwZSI6Ikpzb25TY2hlbWFWYWxpZGF0b3IyMDE4In0sImNyZWRlbnRpYWxTdWJqZWN0Ijp7ImlkIjoiZGlkOmtleTp6Nk1rdnh0UXp0WkpmNkdNSjRtTlV4NVlOM0IxTU53bjFWSGpQNGgzZlR3c1p6NngiLCJhd2FyZGluZ09wcG9ydHVuaXR5Ijp7ImF3YXJkaW5nQm9keSI6eyJlaWRhc0xlZ2FsSWRlbnRpZmllciI6IlVua25vd24iLCJob21lcGFnZSI6Imh0dHBzOi8vbGVhc3Rvbi5iY2RpcGxvbWEuY29tLyIsImlkIjoiZGlkOmVic2k6MkE5Qlo5U1VlNkJhdGFjU3B2czFWNUNkakh2THBRN2JFc2kySmI2TGRIS25ReGFOIiwicHJlZmVycmVkTmFtZSI6IkxlYXN0b24gVW5pdmVyc2l0eSIsInJlZ2lzdHJhdGlvbiI6IjA1OTcwNjVKIn0sImVuZGVkQXRUaW1lIjoiMjAyMC0wNi0yNlQwMDowMDowMFoiLCJpZCI6Imh0dHBzOi8vbGVhc3Rvbi5iY2RpcGxvbWEuY29tL2xhdy1lY29ub21pY3MtbWFuYWdlbWVudCNBd2FyZGluZ09wcG9ydHVuaXR5IiwiaWRlbnRpZmllciI6Imh0dHBzOi8vY2VydGlmaWNhdGUtZGVtby5iY2RpcGxvbWEuY29tL2NoZWNrLzg3RUQyRjIyNzBFNkM0MTQ1NkU5NEI4NkI5RDkxMTVCNEUzNUJDQ0FEMjAwQTQ5Qjg0NjU5MkMxNEY3OUM4NkJWMUZuYmxsdGEwTlpUbkprUjNsRFdsUm1URGxTUlVKRVZGWklTbU5tWXpKaFVVNXNaVUo1WjJGSlNIcFdibVpaIiwibG9jYXRpb24iOiJGUkFOQ0UiLCJzdGFydGVkQXRUaW1lIjoiMjAxOS0wOS0wMlQwMDowMDowMFoifSwiZGF0ZU9mQmlydGgiOiIxOTkzLTA0LTA4IiwiZmFtaWx5TmFtZSI6IkRPRSIsImdpdmVuTmFtZXMiOiJKYW5lIiwiZ3JhZGluZ1NjaGVtZSI6eyJpZCI6Imh0dHBzOi8vbGVhc3Rvbi5iY2RpcGxvbWEuY29tL2xhdy1lY29ub21pY3MtbWFuYWdlbWVudCNHcmFkaW5nU2NoZW1lIiwidGl0bGUiOiJMb3dlciBTZWNvbmQtQ2xhc3MgSG9ub3VycyJ9LCJpZGVudGlmaWVyIjoiMDkwNDAwODA4NEgiLCJsZWFybmluZ0FjaGlldmVtZW50Ijp7ImFkZGl0aW9uYWxOb3RlIjpbIkRJU1RSSUJVVElPTiBNQU5BR0VNRU5UIl0sImRlc2NyaXB0aW9uIjoiTUFSS0VUSU5HIEFORCBTQUxFUyIsImlkIjoiaHR0cHM6Ly9sZWFzdG9uLmJjZGlwbG9tYS5jb20vbGF3LWVjb25vbWljcy1tYW5hZ2VtZW50I0xlYXJuaW5nQWNoaWV2bWVudCIsInRpdGxlIjoiTUFTVEVSUyBMQVcsIEVDT05PTUlDUyBBTkQgTUFOQUdFTUVOVCJ9LCJsZWFybmluZ1NwZWNpZmljYXRpb24iOnsiZWN0c0NyZWRpdFBvaW50cyI6MTIwLCJlcWZMZXZlbCI6NywiaWQiOiJodHRwczovL2xlYXN0b24uYmNkaXBsb21hLmNvbS9sYXctZWNvbm9taWNzLW1hbmFnZW1lbnQjTGVhcm5pbmdTcGVjaWZpY2F0aW9uIiwiaXNjZWRmQ29kZSI6WyI3Il0sIm5xZkxldmVsIjpbIjciXX19LCJjcmVkZW50aWFsU3RhdHVzIjp7ImlkIjoiaHR0cHM6Ly9lc3NpZi5ldXJvcGEuZXUvc3RhdHVzL2VkdWNhdGlvbiNoaWdoZXJFZHVjYXRpb24jMzkyYWM3ZjYtMzk5YS00MzdiLWEyNjgtNDY5MWVhZDhmMTc2IiwidHlwZSI6IkNyZWRlbnRpYWxTdGF0dXNMaXN0MjAyMCJ9LCJldmlkZW5jZSI6eyJkb2N1bWVudFByZXNlbmNlIjpbIlBoeXNpY2FsIl0sImV2aWRlbmNlRG9jdW1lbnQiOlsiUGFzc3BvcnQiXSwiaWQiOiJodHRwczovL2Vzc2lmLmV1cm9wYS5ldS90c3ItdmEvZXZpZGVuY2UvZjJhZWVjOTctZmMwZC00MmJmLThjYTctMDU0ODE5MmQ1Njc4Iiwic3ViamVjdFByZXNlbmNlIjoiUGh5c2ljYWwiLCJ0eXBlIjpbIkRvY3VtZW50VmVyaWZpY2F0aW9uIl0sInZlcmlmaWVyIjoiZGlkOmVic2k6Mjk2MmZiNzg0ZGY2MWJhYTI2N2M4MTMyNDk3NTM5ZjhjNjc0YjM3YzEyNDRhN2EifX0sImp0aSI6InVybjp1dWlkOmFhZGU2Nzg0LTU1ZmQtNDVmYi1hOTllLWFmODFhZmIzMzkzYyJ9.DzIb_wmADFP219iHgp4a1OBmSlS34uAVagBmQTFKxGSRxY8Aowzx6QGFUsZOZsb-crgk3EcnrbfFqWFELiaAAA
4473 [pool-1-thread-1 @coroutine#108] DEBUG id.walt.signatory.WaltIdSignatory - Signed VC is: eyJraWQiOiJkaWQ6a2V5Ono2TWt2eHRRenRaSmY2R01KNG1OVXg1WU4zQjFNTnduMVZIalA0aDNmVHdzWno2eCN6Nk1rdnh0UXp0WkpmNkdNSjRtTlV4NVlOM0IxTU53bjFWSGpQNGgzZlR3c1p6NngiLCJ0eXAiOiJKV1QiLCJhbGciOiJFZERTQSJ9.eyJzdWIiOiJkaWQ6a2V5Ono2TWt2eHRRenRaSmY2R01KNG1OVXg1WU4zQjFNTnduMVZIalA0aDNmVHdzWno2eCIsIm5iZiI6MTcyNjEzMzk3OSwiaXNzIjoiZGlkOmtleTp6Nk1rdnh0UXp0WkpmNkdNSjRtTlV4NVlOM0IxTU53bjFWSGpQNGgzZlR3c1p6NngiLCJpYXQiOjE3MjYxMzM5NzksInZjIjp7InR5cGUiOlsiVmVyaWZpYWJsZUNyZWRlbnRpYWwiLCJWZXJpZmlhYmxlQXR0ZXN0YXRpb24iLCJWZXJpZmlhYmxlRGlwbG9tYSJdLCJAY29udGV4dCI6WyJodHRwczovL3d3dy53My5vcmcvMjAxOC9jcmVkZW50aWFscy92MSJdLCJpZCI6InVybjp1dWlkOmFhZGU2Nzg0LTU1ZmQtNDVmYi1hOTllLWFmODFhZmIzMzkzYyIsImlzc3VlciI6ImRpZDprZXk6ejZNa3Z4dFF6dFpKZjZHTUo0bU5VeDVZTjNCMU1Od24xVkhqUDRoM2ZUd3NaejZ4IiwiaXNzdWFuY2VEYXRlIjoiMjAyNC0wOS0xMlQwOTozOTozOVoiLCJpc3N1ZWQiOiIyMDI0LTA5LTEyVDA5OjM5OjM5WiIsInZhbGlkRnJvbSI6IjIwMjQtMDktMTJUMDk6Mzk6MzlaIiwiZXhwaXJhdGlvbkRhdGUiOiIyMDIyLTA4LTMxVDAwOjAwOjAwWiIsImNyZWRlbnRpYWxTY2hlbWEiOnsiaWQiOiJodHRwczovL3Jhdy5naXRodWJ1c2VyY29udGVudC5jb20vd2FsdC1pZC93YWx0aWQtc3Npa2l0LXZjbGliL21hc3Rlci9zcmMvdGVzdC9yZXNvdXJjZXMvc2NoZW1hcy9WZXJpZmlhYmxlRGlwbG9tYS5qc29uIiwidHlwZSI6Ikpzb25TY2hlbWFWYWxpZGF0b3IyMDE4In0sImNyZWRlbnRpYWxTdWJqZWN0Ijp7ImlkIjoiZGlkOmtleTp6Nk1rdnh0UXp0WkpmNkdNSjRtTlV4NVlOM0IxTU53bjFWSGpQNGgzZlR3c1p6NngiLCJhd2FyZGluZ09wcG9ydHVuaXR5Ijp7ImF3YXJkaW5nQm9keSI6eyJlaWRhc0xlZ2FsSWRlbnRpZmllciI6IlVua25vd24iLCJob21lcGFnZSI6Imh0dHBzOi8vbGVhc3Rvbi5iY2RpcGxvbWEuY29tLyIsImlkIjoiZGlkOmVic2k6MkE5Qlo5U1VlNkJhdGFjU3B2czFWNUNkakh2THBRN2JFc2kySmI2TGRIS25ReGFOIiwicHJlZmVycmVkTmFtZSI6IkxlYXN0b24gVW5pdmVyc2l0eSIsInJlZ2lzdHJhdGlvbiI6IjA1OTcwNjVKIn0sImVuZGVkQXRUaW1lIjoiMjAyMC0wNi0yNlQwMDowMDowMFoiLCJpZCI6Imh0dHBzOi8vbGVhc3Rvbi5iY2RpcGxvbWEuY29tL2xhdy1lY29ub21pY3MtbWFuYWdlbWVudCNBd2FyZGluZ09wcG9ydHVuaXR5IiwiaWRlbnRpZmllciI6Imh0dHBzOi8vY2VydGlmaWNhdGUtZGVtby5iY2RpcGxvbWEuY29tL2NoZWNrLzg3RUQyRjIyNzBFNkM0MTQ1NkU5NEI4NkI5RDkxMTVCNEUzNUJDQ0FEMjAwQTQ5Qjg0NjU5MkMxNEY3OUM4NkJWMUZuYmxsdGEwTlpUbkprUjNsRFdsUm1URGxTUlVKRVZGWklTbU5tWXpKaFVVNXNaVUo1WjJGSlNIcFdibVpaIiwibG9jYXRpb24iOiJGUkFOQ0UiLCJzdGFydGVkQXRUaW1lIjoiMjAxOS0wOS0wMlQwMDowMDowMFoifSwiZGF0ZU9mQmlydGgiOiIxOTkzLTA0LTA4IiwiZmFtaWx5TmFtZSI6IkRPRSIsImdpdmVuTmFtZXMiOiJKYW5lIiwiZ3JhZGluZ1NjaGVtZSI6eyJpZCI6Imh0dHBzOi8vbGVhc3Rvbi5iY2RpcGxvbWEuY29tL2xhdy1lY29ub21pY3MtbWFuYWdlbWVudCNHcmFkaW5nU2NoZW1lIiwidGl0bGUiOiJMb3dlciBTZWNvbmQtQ2xhc3MgSG9ub3VycyJ9LCJpZGVudGlmaWVyIjoiMDkwNDAwODA4NEgiLCJsZWFybmluZ0FjaGlldmVtZW50Ijp7ImFkZGl0aW9uYWxOb3RlIjpbIkRJU1RSSUJVVElPTiBNQU5BR0VNRU5UIl0sImRlc2NyaXB0aW9uIjoiTUFSS0VUSU5HIEFORCBTQUxFUyIsImlkIjoiaHR0cHM6Ly9sZWFzdG9uLmJjZGlwbG9tYS5jb20vbGF3LWVjb25vbWljcy1tYW5hZ2VtZW50I0xlYXJuaW5nQWNoaWV2bWVudCIsInRpdGxlIjoiTUFTVEVSUyBMQVcsIEVDT05PTUlDUyBBTkQgTUFOQUdFTUVOVCJ9LCJsZWFybmluZ1NwZWNpZmljYXRpb24iOnsiZWN0c0NyZWRpdFBvaW50cyI6MTIwLCJlcWZMZXZlbCI6NywiaWQiOiJodHRwczovL2xlYXN0b24uYmNkaXBsb21hLmNvbS9sYXctZWNvbm9taWNzLW1hbmFnZW1lbnQjTGVhcm5pbmdTcGVjaWZpY2F0aW9uIiwiaXNjZWRmQ29kZSI6WyI3Il0sIm5xZkxldmVsIjpbIjciXX19LCJjcmVkZW50aWFsU3RhdHVzIjp7ImlkIjoiaHR0cHM6Ly9lc3NpZi5ldXJvcGEuZXUvc3RhdHVzL2VkdWNhdGlvbiNoaWdoZXJFZHVjYXRpb24jMzkyYWM3ZjYtMzk5YS00MzdiLWEyNjgtNDY5MWVhZDhmMTc2IiwidHlwZSI6IkNyZWRlbnRpYWxTdGF0dXNMaXN0MjAyMCJ9LCJldmlkZW5jZSI6eyJkb2N1bWVudFByZXNlbmNlIjpbIlBoeXNpY2FsIl0sImV2aWRlbmNlRG9jdW1lbnQiOlsiUGFzc3BvcnQiXSwiaWQiOiJodHRwczovL2Vzc2lmLmV1cm9wYS5ldS90c3ItdmEvZXZpZGVuY2UvZjJhZWVjOTctZmMwZC00MmJmLThjYTctMDU0ODE5MmQ1Njc4Iiwic3ViamVjdFByZXNlbmNlIjoiUGh5c2ljYWwiLCJ0eXBlIjpbIkRvY3VtZW50VmVyaWZpY2F0aW9uIl0sInZlcmlmaWVyIjoiZGlkOmVic2k6Mjk2MmZiNzg0ZGY2MWJhYTI2N2M4MTMyNDk3NTM5ZjhjNjc0YjM3YzEyNDRhN2EifX0sImp0aSI6InVybjp1dWlkOmFhZGU2Nzg0LTU1ZmQtNDVmYi1hOTllLWFmODFhZmIzMzkzYyJ9.DzIb_wmADFP219iHgp4a1OBmSlS34uAVagBmQTFKxGSRxY8Aowzx6QGFUsZOZsb-crgk3EcnrbfFqWFELiaAAA
4473 [pool-1-thread-1 @coroutine#108] DEBUG id.walt.services.vc.WaltIdJwtCredentialService - Creating a presentation for VCs:
[PresentableCredential(verifiableCredential=eyJraWQiOiJkaWQ6a2V5Ono2TWt2eHRRenRaSmY2R01KNG1OVXg1WU4zQjFNTnduMVZIalA0aDNmVHdzWno2eCN6Nk1rdnh0UXp0WkpmNkdNSjRtTlV4NVlOM0IxTU53bjFWSGpQNGgzZlR3c1p6NngiLCJ0eXAiOiJKV1QiLCJhbGciOiJFZERTQSJ9.eyJzdWIiOiJkaWQ6a2V5Ono2TWt2eHRRenRaSmY2R01KNG1OVXg1WU4zQjFNTnduMVZIalA0aDNmVHdzWno2eCIsIm5iZiI6MTcyNjEzMzk3OSwiaXNzIjoiZGlkOmtleTp6Nk1rdnh0UXp0WkpmNkdNSjRtTlV4NVlOM0IxTU53bjFWSGpQNGgzZlR3c1p6NngiLCJpYXQiOjE3MjYxMzM5NzksInZjIjp7InR5cGUiOlsiVmVyaWZpYWJsZUNyZWRlbnRpYWwiLCJWZXJpZmlhYmxlQXR0ZXN0YXRpb24iLCJWZXJpZmlhYmxlRGlwbG9tYSJdLCJAY29udGV4dCI6WyJodHRwczovL3d3dy53My5vcmcvMjAxOC9jcmVkZW50aWFscy92MSJdLCJpZCI6InVybjp1dWlkOmFhZGU2Nzg0LTU1ZmQtNDVmYi1hOTllLWFmODFhZmIzMzkzYyIsImlzc3VlciI6ImRpZDprZXk6ejZNa3Z4dFF6dFpKZjZHTUo0bU5VeDVZTjNCMU1Od24xVkhqUDRoM2ZUd3NaejZ4IiwiaXNzdWFuY2VEYXRlIjoiMjAyNC0wOS0xMlQwOTozOTozOVoiLCJpc3N1ZWQiOiIyMDI0LTA5LTEyVDA5OjM5OjM5WiIsInZhbGlkRnJvbSI6IjIwMjQtMDktMTJUMDk6Mzk6MzlaIiwiZXhwaXJhdGlvbkRhdGUiOiIyMDIyLTA4LTMxVDAwOjAwOjAwWiIsImNyZWRlbnRpYWxTY2hlbWEiOnsiaWQiOiJodHRwczovL3Jhdy5naXRodWJ1c2VyY29udGVudC5jb20vd2FsdC1pZC93YWx0aWQtc3Npa2l0LXZjbGliL21hc3Rlci9zcmMvdGVzdC9yZXNvdXJjZXMvc2NoZW1hcy9WZXJpZmlhYmxlRGlwbG9tYS5qc29uIiwidHlwZSI6Ikpzb25TY2hlbWFWYWxpZGF0b3IyMDE4In0sImNyZWRlbnRpYWxTdWJqZWN0Ijp7ImlkIjoiZGlkOmtleTp6Nk1rdnh0UXp0WkpmNkdNSjRtTlV4NVlOM0IxTU53bjFWSGpQNGgzZlR3c1p6NngiLCJhd2FyZGluZ09wcG9ydHVuaXR5Ijp7ImF3YXJkaW5nQm9keSI6eyJlaWRhc0xlZ2FsSWRlbnRpZmllciI6IlVua25vd24iLCJob21lcGFnZSI6Imh0dHBzOi8vbGVhc3Rvbi5iY2RpcGxvbWEuY29tLyIsImlkIjoiZGlkOmVic2k6MkE5Qlo5U1VlNkJhdGFjU3B2czFWNUNkakh2THBRN2JFc2kySmI2TGRIS25ReGFOIiwicHJlZmVycmVkTmFtZSI6IkxlYXN0b24gVW5pdmVyc2l0eSIsInJlZ2lzdHJhdGlvbiI6IjA1OTcwNjVKIn0sImVuZGVkQXRUaW1lIjoiMjAyMC0wNi0yNlQwMDowMDowMFoiLCJpZCI6Imh0dHBzOi8vbGVhc3Rvbi5iY2RpcGxvbWEuY29tL2xhdy1lY29ub21pY3MtbWFuYWdlbWVudCNBd2FyZGluZ09wcG9ydHVuaXR5IiwiaWRlbnRpZmllciI6Imh0dHBzOi8vY2VydGlmaWNhdGUtZGVtby5iY2RpcGxvbWEuY29tL2NoZWNrLzg3RUQyRjIyNzBFNkM0MTQ1NkU5NEI4NkI5RDkxMTVCNEUzNUJDQ0FEMjAwQTQ5Qjg0NjU5MkMxNEY3OUM4NkJWMUZuYmxsdGEwTlpUbkprUjNsRFdsUm1URGxTUlVKRVZGWklTbU5tWXpKaFVVNXNaVUo1WjJGSlNIcFdibVpaIiwibG9jYXRpb24iOiJGUkFOQ0UiLCJzdGFydGVkQXRUaW1lIjoiMjAxOS0wOS0wMlQwMDowMDowMFoifSwiZGF0ZU9mQmlydGgiOiIxOTkzLTA0LTA4IiwiZmFtaWx5TmFtZSI6IkRPRSIsImdpdmVuTmFtZXMiOiJKYW5lIiwiZ3JhZGluZ1NjaGVtZSI6eyJpZCI6Imh0dHBzOi8vbGVhc3Rvbi5iY2RpcGxvbWEuY29tL2xhdy1lY29ub21pY3MtbWFuYWdlbWVudCNHcmFkaW5nU2NoZW1lIiwidGl0bGUiOiJMb3dlciBTZWNvbmQtQ2xhc3MgSG9ub3VycyJ9LCJpZGVudGlmaWVyIjoiMDkwNDAwODA4NEgiLCJsZWFybmluZ0FjaGlldmVtZW50Ijp7ImFkZGl0aW9uYWxOb3RlIjpbIkRJU1RSSUJVVElPTiBNQU5BR0VNRU5UIl0sImRlc2NyaXB0aW9uIjoiTUFSS0VUSU5HIEFORCBTQUxFUyIsImlkIjoiaHR0cHM6Ly9sZWFzdG9uLmJjZGlwbG9tYS5jb20vbGF3LWVjb25vbWljcy1tYW5hZ2VtZW50I0xlYXJuaW5nQWNoaWV2bWVudCIsInRpdGxlIjoiTUFTVEVSUyBMQVcsIEVDT05PTUlDUyBBTkQgTUFOQUdFTUVOVCJ9LCJsZWFybmluZ1NwZWNpZmljYXRpb24iOnsiZWN0c0NyZWRpdFBvaW50cyI6MTIwLCJlcWZMZXZlbCI6NywiaWQiOiJodHRwczovL2xlYXN0b24uYmNkaXBsb21hLmNvbS9sYXctZWNvbm9taWNzLW1hbmFnZW1lbnQjTGVhcm5pbmdTcGVjaWZpY2F0aW9uIiwiaXNjZWRmQ29kZSI6WyI3Il0sIm5xZkxldmVsIjpbIjciXX19LCJjcmVkZW50aWFsU3RhdHVzIjp7ImlkIjoiaHR0cHM6Ly9lc3NpZi5ldXJvcGEuZXUvc3RhdHVzL2VkdWNhdGlvbiNoaWdoZXJFZHVjYXRpb24jMzkyYWM3ZjYtMzk5YS00MzdiLWEyNjgtNDY5MWVhZDhmMTc2IiwidHlwZSI6IkNyZWRlbnRpYWxTdGF0dXNMaXN0MjAyMCJ9LCJldmlkZW5jZSI6eyJkb2N1bWVudFByZXNlbmNlIjpbIlBoeXNpY2FsIl0sImV2aWRlbmNlRG9jdW1lbnQiOlsiUGFzc3BvcnQiXSwiaWQiOiJodHRwczovL2Vzc2lmLmV1cm9wYS5ldS90c3ItdmEvZXZpZGVuY2UvZjJhZWVjOTctZmMwZC00MmJmLThjYTctMDU0ODE5MmQ1Njc4Iiwic3ViamVjdFByZXNlbmNlIjoiUGh5c2ljYWwiLCJ0eXBlIjpbIkRvY3VtZW50VmVyaWZpY2F0aW9uIl0sInZlcmlmaWVyIjoiZGlkOmVic2k6Mjk2MmZiNzg0ZGY2MWJhYTI2N2M4MTMyNDk3NTM5ZjhjNjc0YjM3YzEyNDRhN2EifX0sImp0aSI6InVybjp1dWlkOmFhZGU2Nzg0LTU1ZmQtNDVmYi1hOTllLWFmODFhZmIzMzkzYyJ9.DzIb_wmADFP219iHgp4a1OBmSlS34uAVagBmQTFKxGSRxY8Aowzx6QGFUsZOZsb-crgk3EcnrbfFqWFELiaAAA, selectiveDisclosure=null, discloseAll=false)]
4474 [pool-1-thread-1 @coroutine#108] DEBUG id.walt.model.DidUrl - Trying to create DidUrl from URL: "did:key:z6MkvxtQztZJf6GMJ4mNUx5YN3B1MNwn1VHjP4h3fTwsZz6x"...
4474 [pool-1-thread-1 @coroutine#108] DEBUG id.walt.services.vc.WaltIdJwtCredentialService - Signing JWT object with config: ProofConfig(issuerDid=did:key:z6MkvxtQztZJf6GMJ4mNUx5YN3B1MNwn1VHjP4h3fTwsZz6x, subjectDid=did:key:z6MkvxtQztZJf6GMJ4mNUx5YN3B1MNwn1VHjP4h3fTwsZz6x, verifierDid=did:key:z6MkvxtQztZJf6GMJ4mNUx5YN3B1MNwn1VHjP4h3fTwsZz6x, issuerVerificationMethod=did:key:z6MkvxtQztZJf6GMJ4mNUx5YN3B1MNwn1VHjP4h3fTwsZz6x#z6MkvxtQztZJf6GMJ4mNUx5YN3B1MNwn1VHjP4h3fTwsZz6x, proofType=JWT, domain=null, nonce=abcd, proofPurpose=null, credentialId=urn:uuid:279fb181-0221-4999-80ef-98074489204c, issueDate=null, validDate=null, expirationDate=null, dataProviderIdentifier=null, ldSignatureType=null, creator=did:key:z6MkvxtQztZJf6GMJ4mNUx5YN3B1MNwn1VHjP4h3fTwsZz6x, ecosystem=DEFAULT, statusType=null, statusPurpose=revocation, credentialsEndpoint=null, selectiveDisclosure=null)
4474 [pool-1-thread-1 @coroutine#108] DEBUG id.walt.services.vc.WaltIdJwtCredentialService - Signing: {"sub":"did:key:z6MkvxtQztZJf6GMJ4mNUx5YN3B1MNwn1VHjP4h3fTwsZz6x","aud":"did:key:z6MkvxtQztZJf6GMJ4mNUx5YN3B1MNwn1VHjP4h3fTwsZz6x","nbf":1726133979,"iss":"did:key:z6MkvxtQztZJf6GMJ4mNUx5YN3B1MNwn1VHjP4h3fTwsZz6x","vp":{"type":["VerifiablePresentation"],"@context":["https://www.w3.org/2018/credentials/v1"],"id":"urn:uuid:279fb181-0221-4999-80ef-98074489204c","holder":"did:key:z6MkvxtQztZJf6GMJ4mNUx5YN3B1MNwn1VHjP4h3fTwsZz6x","verifiableCredential":["eyJraWQiOiJkaWQ6a2V5Ono2TWt2eHRRenRaSmY2R01KNG1OVXg1WU4zQjFNTnduMVZIalA0aDNmVHdzWno2eCN6Nk1rdnh0UXp0WkpmNkdNSjRtTlV4NVlOM0IxTU53bjFWSGpQNGgzZlR3c1p6NngiLCJ0eXAiOiJKV1QiLCJhbGciOiJFZERTQSJ9.eyJzdWIiOiJkaWQ6a2V5Ono2TWt2eHRRenRaSmY2R01KNG1OVXg1WU4zQjFNTnduMVZIalA0aDNmVHdzWno2eCIsIm5iZiI6MTcyNjEzMzk3OSwiaXNzIjoiZGlkOmtleTp6Nk1rdnh0UXp0WkpmNkdNSjRtTlV4NVlOM0IxTU53bjFWSGpQNGgzZlR3c1p6NngiLCJpYXQiOjE3MjYxMzM5NzksInZjIjp7InR5cGUiOlsiVmVyaWZpYWJsZUNyZWRlbnRpYWwiLCJWZXJpZmlhYmxlQXR0ZXN0YXRpb24iLCJWZXJpZmlhYmxlRGlwbG9tYSJdLCJAY29udGV4dCI6WyJodHRwczovL3d3dy53My5vcmcvMjAxOC9jcmVkZW50aWFscy92MSJdLCJpZCI6InVybjp1dWlkOmFhZGU2Nzg0LTU1ZmQtNDVmYi1hOTllLWFmODFhZmIzMzkzYyIsImlzc3VlciI6ImRpZDprZXk6ejZNa3Z4dFF6dFpKZjZHTUo0bU5VeDVZTjNCMU1Od24xVkhqUDRoM2ZUd3NaejZ4IiwiaXNzdWFuY2VEYXRlIjoiMjAyNC0wOS0xMlQwOTozOTozOVoiLCJpc3N1ZWQiOiIyMDI0LTA5LTEyVDA5OjM5OjM5WiIsInZhbGlkRnJvbSI6IjIwMjQtMDktMTJUMDk6Mzk6MzlaIiwiZXhwaXJhdGlvbkRhdGUiOiIyMDIyLTA4LTMxVDAwOjAwOjAwWiIsImNyZWRlbnRpYWxTY2hlbWEiOnsiaWQiOiJodHRwczovL3Jhdy5naXRodWJ1c2VyY29udGVudC5jb20vd2FsdC1pZC93YWx0aWQtc3Npa2l0LXZjbGliL21hc3Rlci9zcmMvdGVzdC9yZXNvdXJjZXMvc2NoZW1hcy9WZXJpZmlhYmxlRGlwbG9tYS5qc29uIiwidHlwZSI6Ikpzb25TY2hlbWFWYWxpZGF0b3IyMDE4In0sImNyZWRlbnRpYWxTdWJqZWN0Ijp7ImlkIjoiZGlkOmtleTp6Nk1rdnh0UXp0WkpmNkdNSjRtTlV4NVlOM0IxTU53bjFWSGpQNGgzZlR3c1p6NngiLCJhd2FyZGluZ09wcG9ydHVuaXR5Ijp7ImF3YXJkaW5nQm9keSI6eyJlaWRhc0xlZ2FsSWRlbnRpZmllciI6IlVua25vd24iLCJob21lcGFnZSI6Imh0dHBzOi8vbGVhc3Rvbi5iY2RpcGxvbWEuY29tLyIsImlkIjoiZGlkOmVic2k6MkE5Qlo5U1VlNkJhdGFjU3B2czFWNUNkakh2THBRN2JFc2kySmI2TGRIS25ReGFOIiwicHJlZmVycmVkTmFtZSI6IkxlYXN0b24gVW5pdmVyc2l0eSIsInJlZ2lzdHJhdGlvbiI6IjA1OTcwNjVKIn0sImVuZGVkQXRUaW1lIjoiMjAyMC0wNi0yNlQwMDowMDowMFoiLCJpZCI6Imh0dHBzOi8vbGVhc3Rvbi5iY2RpcGxvbWEuY29tL2xhdy1lY29ub21pY3MtbWFuYWdlbWVudCNBd2FyZGluZ09wcG9ydHVuaXR5IiwiaWRlbnRpZmllciI6Imh0dHBzOi8vY2VydGlmaWNhdGUtZGVtby5iY2RpcGxvbWEuY29tL2NoZWNrLzg3RUQyRjIyNzBFNkM0MTQ1NkU5NEI4NkI5RDkxMTVCNEUzNUJDQ0FEMjAwQTQ5Qjg0NjU5MkMxNEY3OUM4NkJWMUZuYmxsdGEwTlpUbkprUjNsRFdsUm1URGxTUlVKRVZGWklTbU5tWXpKaFVVNXNaVUo1WjJGSlNIcFdibVpaIiwibG9jYXRpb24iOiJGUkFOQ0UiLCJzdGFydGVkQXRUaW1lIjoiMjAxOS0wOS0wMlQwMDowMDowMFoifSwiZGF0ZU9mQmlydGgiOiIxOTkzLTA0LTA4IiwiZmFtaWx5TmFtZSI6IkRPRSIsImdpdmVuTmFtZXMiOiJKYW5lIiwiZ3JhZGluZ1NjaGVtZSI6eyJpZCI6Imh0dHBzOi8vbGVhc3Rvbi5iY2RpcGxvbWEuY29tL2xhdy1lY29ub21pY3MtbWFuYWdlbWVudCNHcmFkaW5nU2NoZW1lIiwidGl0bGUiOiJMb3dlciBTZWNvbmQtQ2xhc3MgSG9ub3VycyJ9LCJpZGVudGlmaWVyIjoiMDkwNDAwODA4NEgiLCJsZWFybmluZ0FjaGlldmVtZW50Ijp7ImFkZGl0aW9uYWxOb3RlIjpbIkRJU1RSSUJVVElPTiBNQU5BR0VNRU5UIl0sImRlc2NyaXB0aW9uIjoiTUFSS0VUSU5HIEFORCBTQUxFUyIsImlkIjoiaHR0cHM6Ly9sZWFzdG9uLmJjZGlwbG9tYS5jb20vbGF3LWVjb25vbWljcy1tYW5hZ2VtZW50I0xlYXJuaW5nQWNoaWV2bWVudCIsInRpdGxlIjoiTUFTVEVSUyBMQVcsIEVDT05PTUlDUyBBTkQgTUFOQUdFTUVOVCJ9LCJsZWFybmluZ1NwZWNpZmljYXRpb24iOnsiZWN0c0NyZWRpdFBvaW50cyI6MTIwLCJlcWZMZXZlbCI6NywiaWQiOiJodHRwczovL2xlYXN0b24uYmNkaXBsb21hLmNvbS9sYXctZWNvbm9taWNzLW1hbmFnZW1lbnQjTGVhcm5pbmdTcGVjaWZpY2F0aW9uIiwiaXNjZWRmQ29kZSI6WyI3Il0sIm5xZkxldmVsIjpbIjciXX19LCJjcmVkZW50aWFsU3RhdHVzIjp7ImlkIjoiaHR0cHM6Ly9lc3NpZi5ldXJvcGEuZXUvc3RhdHVzL2VkdWNhdGlvbiNoaWdoZXJFZHVjYXRpb24jMzkyYWM3ZjYtMzk5YS00MzdiLWEyNjgtNDY5MWVhZDhmMTc2IiwidHlwZSI6IkNyZWRlbnRpYWxTdGF0dXNMaXN0MjAyMCJ9LCJldmlkZW5jZSI6eyJkb2N1bWVudFByZXNlbmNlIjpbIlBoeXNpY2FsIl0sImV2aWRlbmNlRG9jdW1lbnQiOlsiUGFzc3BvcnQiXSwiaWQiOiJodHRwczovL2Vzc2lmLmV1cm9wYS5ldS90c3ItdmEvZXZpZGVuY2UvZjJhZWVjOTctZmMwZC00MmJmLThjYTctMDU0ODE5MmQ1Njc4Iiwic3ViamVjdFByZXNlbmNlIjoiUGh5c2ljYWwiLCJ0eXBlIjpbIkRvY3VtZW50VmVyaWZpY2F0aW9uIl0sInZlcmlmaWVyIjoiZGlkOmVic2k6Mjk2MmZiNzg0ZGY2MWJhYTI2N2M4MTMyNDk3NTM5ZjhjNjc0YjM3YzEyNDRhN2EifX0sImp0aSI6InVybjp1dWlkOmFhZGU2Nzg0LTU1ZmQtNDVmYi1hOTllLWFmODFhZmIzMzkzYyJ9.DzIb_wmADFP219iHgp4a1OBmSlS34uAVagBmQTFKxGSRxY8Aowzx6QGFUsZOZsb-crgk3EcnrbfFqWFELiaAAA"]},"iat":1726133979,"nonce":"abcd","jti":"urn:uuid:279fb181-0221-4999-80ef-98074489204c"}
4474 [pool-1-thread-1 @coroutine#108] DEBUG id.walt.services.keystore.HKVKeyStoreService - Loading key "did:key:z6MkvxtQztZJf6GMJ4mNUx5YN3B1MNwn1VHjP4h3fTwsZz6x#z6MkvxtQztZJf6GMJ4mNUx5YN3B1MNwn1VHjP4h3fTwsZz6x".
4474 [pool-1-thread-1 @coroutine#108] DEBUG id.walt.services.jwt.WaltIdJwtService - Signing JWT with algorithm: EdDSA_Ed25519
4474 [pool-1-thread-1 @coroutine#108] DEBUG id.walt.model.DidUrl - Trying to create DidUrl from URL: "did:key:z6MkvxtQztZJf6GMJ4mNUx5YN3B1MNwn1VHjP4h3fTwsZz6x#z6MkvxtQztZJf6GMJ4mNUx5YN3B1MNwn1VHjP4h3fTwsZz6x"...
4474 [pool-1-thread-1 @coroutine#108] DEBUG id.walt.services.keystore.HKVKeyStoreService - Loading key "e3e2cce5c6fe4c20acd2a53ef591ce8b".
4475 [pool-1-thread-1 @coroutine#108] DEBUG id.walt.services.jwt.WaltIdJwtService - Signed JWT:  eyJraWQiOiJkaWQ6a2V5Ono2TWt2eHRRenRaSmY2R01KNG1OVXg1WU4zQjFNTnduMVZIalA0aDNmVHdzWno2eCN6Nk1rdnh0UXp0WkpmNkdNSjRtTlV4NVlOM0IxTU53bjFWSGpQNGgzZlR3c1p6NngiLCJ0eXAiOiJKV1QiLCJhbGciOiJFZERTQSJ9.eyJzdWIiOiJkaWQ6a2V5Ono2TWt2eHRRenRaSmY2R01KNG1OVXg1WU4zQjFNTnduMVZIalA0aDNmVHdzWno2eCIsImF1ZCI6ImRpZDprZXk6ejZNa3Z4dFF6dFpKZjZHTUo0bU5VeDVZTjNCMU1Od24xVkhqUDRoM2ZUd3NaejZ4IiwibmJmIjoxNzI2MTMzOTc5LCJpc3MiOiJkaWQ6a2V5Ono2TWt2eHRRenRaSmY2R01KNG1OVXg1WU4zQjFNTnduMVZIalA0aDNmVHdzWno2eCIsInZwIjp7InR5cGUiOlsiVmVyaWZpYWJsZVByZXNlbnRhdGlvbiJdLCJAY29udGV4dCI6WyJodHRwczovL3d3dy53My5vcmcvMjAxOC9jcmVkZW50aWFscy92MSJdLCJpZCI6InVybjp1dWlkOjI3OWZiMTgxLTAyMjEtNDk5OS04MGVmLTk4MDc0NDg5MjA0YyIsImhvbGRlciI6ImRpZDprZXk6ejZNa3Z4dFF6dFpKZjZHTUo0bU5VeDVZTjNCMU1Od24xVkhqUDRoM2ZUd3NaejZ4IiwidmVyaWZpYWJsZUNyZWRlbnRpYWwiOlsiZXlKcmFXUWlPaUprYVdRNmEyVjVPbm8yVFd0MmVIUlJlblJhU21ZMlIwMUtORzFPVlhnMVdVNHpRakZOVG5kdU1WWklhbEEwYURObVZIZHpXbm8yZUNONk5rMXJkbmgwVVhwMFdrcG1Oa2ROU2pSdFRsVjROVmxPTTBJeFRVNTNiakZXU0dwUU5HZ3pabFIzYzFwNk5uZ2lMQ0owZVhBaU9pSktWMVFpTENKaGJHY2lPaUpGWkVSVFFTSjkuZXlKemRXSWlPaUprYVdRNmEyVjVPbm8yVFd0MmVIUlJlblJhU21ZMlIwMUtORzFPVlhnMVdVNHpRakZOVG5kdU1WWklhbEEwYURObVZIZHpXbm8yZUNJc0ltNWlaaUk2TVRjeU5qRXpNemszT1N3aWFYTnpJam9pWkdsa09tdGxlVHA2TmsxcmRuaDBVWHAwV2twbU5rZE5TalJ0VGxWNE5WbE9NMEl4VFU1M2JqRldTR3BRTkdnelpsUjNjMXA2Tm5naUxDSnBZWFFpT2pFM01qWXhNek01Tnprc0luWmpJanA3SW5SNWNHVWlPbHNpVm1WeWFXWnBZV0pzWlVOeVpXUmxiblJwWVd3aUxDSldaWEpwWm1saFlteGxRWFIwWlhOMFlYUnBiMjRpTENKV1pYSnBabWxoWW14bFJHbHdiRzl0WVNKZExDSkFZMjl1ZEdWNGRDSTZXeUpvZEhSd2N6b3ZMM2QzZHk1M015NXZjbWN2TWpBeE9DOWpjbVZrWlc1MGFXRnNjeTkyTVNKZExDSnBaQ0k2SW5WeWJqcDFkV2xrT21GaFpHVTJOemcwTFRVMVptUXRORFZtWWkxaE9UbGxMV0ZtT0RGaFptSXpNemt6WXlJc0ltbHpjM1ZsY2lJNkltUnBaRHByWlhrNmVqWk5hM1o0ZEZGNmRGcEtaalpIVFVvMGJVNVZlRFZaVGpOQ01VMU9kMjR4VmtocVVEUm9NMlpVZDNOYWVqWjRJaXdpYVhOemRXRnVZMlZFWVhSbElqb2lNakF5TkMwd09TMHhNbFF3T1Rvek9Ub3pPVm9pTENKcGMzTjFaV1FpT2lJeU1ESTBMVEE1TFRFeVZEQTVPak01T2pNNVdpSXNJblpoYkdsa1JuSnZiU0k2SWpJd01qUXRNRGt0TVRKVU1EazZNems2TXpsYUlpd2laWGh3YVhKaGRHbHZia1JoZEdVaU9pSXlNREl5TFRBNExUTXhWREF3T2pBd09qQXdXaUlzSW1OeVpXUmxiblJwWVd4VFkyaGxiV0VpT25zaWFXUWlPaUpvZEhSd2N6b3ZMM0poZHk1bmFYUm9kV0oxYzJWeVkyOXVkR1Z1ZEM1amIyMHZkMkZzZEMxcFpDOTNZV3gwYVdRdGMzTnBhMmwwTFhaamJHbGlMMjFoYzNSbGNpOXpjbU12ZEdWemRDOXlaWE52ZFhKalpYTXZjMk5vWlcxaGN5OVdaWEpwWm1saFlteGxSR2x3Ykc5dFlTNXFjMjl1SWl3aWRIbHdaU0k2SWtwemIyNVRZMmhsYldGV1lXeHBaR0YwYjNJeU1ERTRJbjBzSW1OeVpXUmxiblJwWVd4VGRXSnFaV04wSWpwN0ltbGtJam9pWkdsa09tdGxlVHA2TmsxcmRuaDBVWHAwV2twbU5rZE5TalJ0VGxWNE5WbE9NMEl4VFU1M2JqRldTR3BRTkdnelpsUjNjMXA2Tm5naUxDSmhkMkZ5WkdsdVowOXdjRzl5ZEhWdWFYUjVJanA3SW1GM1lYSmthVzVuUW05a2VTSTZleUpsYVdSaGMweGxaMkZzU1dSbGJuUnBabWxsY2lJNklsVnVhMjV2ZDI0aUxDSm9iMjFsY0dGblpTSTZJbWgwZEhCek9pOHZiR1ZoYzNSdmJpNWlZMlJwY0d4dmJXRXVZMjl0THlJc0ltbGtJam9pWkdsa09tVmljMms2TWtFNVFsbzVVMVZsTmtKaGRHRmpVM0IyY3pGV05VTmtha2gyVEhCUk4ySkZjMmt5U21JMlRHUklTMjVSZUdGT0lpd2ljSEpsWm1WeWNtVmtUbUZ0WlNJNklreGxZWE4wYjI0Z1ZXNXBkbVZ5YzJsMGVTSXNJbkpsWjJsemRISmhkR2x2YmlJNklqQTFPVGN3TmpWS0luMHNJbVZ1WkdWa1FYUlVhVzFsSWpvaU1qQXlNQzB3TmkweU5sUXdNRG93TURvd01Gb2lMQ0pwWkNJNkltaDBkSEJ6T2k4dmJHVmhjM1J2Ymk1aVkyUnBjR3h2YldFdVkyOXRMMnhoZHkxbFkyOXViMjFwWTNNdGJXRnVZV2RsYldWdWRDTkJkMkZ5WkdsdVowOXdjRzl5ZEhWdWFYUjVJaXdpYVdSbGJuUnBabWxsY2lJNkltaDBkSEJ6T2k4dlkyVnlkR2xtYVdOaGRHVXRaR1Z0Ynk1aVkyUnBjR3h2YldFdVkyOXRMMk5vWldOckx6ZzNSVVF5UmpJeU56QkZOa00wTVRRMU5rVTVORUk0TmtJNVJEa3hNVFZDTkVVek5VSkRRMEZFTWpBd1FUUTVRamcwTmpVNU1rTXhORVkzT1VNNE5rSldNVVp1WW14c2RHRXdUbHBVYmtwclVqTnNSRmRzVW0xVVJHeFRVbFZLUlZaR1drbFRiVTV0V1hwS2FGVlZOWE5hVlVvMVdqSkdTbE5JY0ZkaWJWcGFJaXdpYkc5allYUnBiMjRpT2lKR1VrRk9RMFVpTENKemRHRnlkR1ZrUVhSVWFXMWxJam9pTWpBeE9TMHdPUzB3TWxRd01Eb3dNRG93TUZvaWZTd2laR0YwWlU5bVFtbHlkR2dpT2lJeE9Ua3pMVEEwTFRBNElpd2labUZ0YVd4NVRtRnRaU0k2SWtSUFJTSXNJbWRwZG1WdVRtRnRaWE1pT2lKS1lXNWxJaXdpWjNKaFpHbHVaMU5qYUdWdFpTSTZleUpwWkNJNkltaDBkSEJ6T2k4dmJHVmhjM1J2Ymk1aVkyUnBjR3h2YldFdVkyOXRMMnhoZHkxbFkyOXViMjFwWTNNdGJXRnVZV2RsYldWdWRDTkhjbUZrYVc1blUyTm9aVzFsSWl3aWRHbDBiR1VpT2lKTWIzZGxjaUJUWldOdmJtUXRRMnhoYzNNZ1NHOXViM1Z5Y3lKOUxDSnBaR1Z1ZEdsbWFXVnlJam9pTURrd05EQXdPREE0TkVnaUxDSnNaV0Z5Ym1sdVowRmphR2xsZG1WdFpXNTBJanA3SW1Ga1pHbDBhVzl1WVd4T2IzUmxJanBiSWtSSlUxUlNTVUpWVkVsUFRpQk5RVTVCUjBWTlJVNVVJbDBzSW1SbGMyTnlhWEIwYVc5dUlqb2lUVUZTUzBWVVNVNUhJRUZPUkNCVFFVeEZVeUlzSW1sa0lqb2lhSFIwY0hNNkx5OXNaV0Z6ZEc5dUxtSmpaR2x3Ykc5dFlTNWpiMjB2YkdGM0xXVmpiMjV2YldsamN5MXRZVzVoWjJWdFpXNTBJMHhsWVhKdWFXNW5RV05vYVdWMmJXVnVkQ0lzSW5ScGRHeGxJam9pVFVGVFZFVlNVeUJNUVZjc0lFVkRUMDVQVFVsRFV5QkJUa1FnVFVGT1FVZEZUVVZPVkNKOUxDSnNaV0Z5Ym1sdVoxTndaV05wWm1sallYUnBiMjRpT25zaVpXTjBjME55WldScGRGQnZhVzUwY3lJNk1USXdMQ0psY1daTVpYWmxiQ0k2Tnl3aWFXUWlPaUpvZEhSd2N6b3ZMMnhsWVhOMGIyNHVZbU5rYVhCc2IyMWhMbU52YlM5c1lYY3RaV052Ym05dGFXTnpMVzFoYm1GblpXMWxiblFqVEdWaGNtNXBibWRUY0dWamFXWnBZMkYwYVc5dUlpd2lhWE5qWldSbVEyOWtaU0k2V3lJM0lsMHNJbTV4Wmt4bGRtVnNJanBiSWpjaVhYMTlMQ0pqY21Wa1pXNTBhV0ZzVTNSaGRIVnpJanA3SW1sa0lqb2lhSFIwY0hNNkx5OWxjM05wWmk1bGRYSnZjR0V1WlhVdmMzUmhkSFZ6TDJWa2RXTmhkR2x2YmlOb2FXZG9aWEpGWkhWallYUnBiMjRqTXpreVlXTTNaall0TXprNVlTMDBNemRpTFdFeU5qZ3RORFk1TVdWaFpEaG1NVGMySWl3aWRIbHdaU0k2SWtOeVpXUmxiblJwWVd4VGRHRjBkWE5NYVhOME1qQXlNQ0o5TENKbGRtbGtaVzVqWlNJNmV5SmtiMk4xYldWdWRGQnlaWE5sYm1ObElqcGJJbEJvZVhOcFkyRnNJbDBzSW1WMmFXUmxibU5sUkc5amRXMWxiblFpT2xzaVVHRnpjM0J2Y25RaVhTd2lhV1FpT2lKb2RIUndjem92TDJWemMybG1MbVYxY205d1lTNWxkUzkwYzNJdGRtRXZaWFpwWkdWdVkyVXZaakpoWldWak9UY3RabU13WkMwME1tSm1MVGhqWVRjdE1EVTBPREU1TW1RMU5qYzRJaXdpYzNWaWFtVmpkRkJ5WlhObGJtTmxJam9pVUdoNWMybGpZV3dpTENKMGVYQmxJanBiSWtSdlkzVnRaVzUwVm1WeWFXWnBZMkYwYVc5dUlsMHNJblpsY21sbWFXVnlJam9pWkdsa09tVmljMms2TWprMk1tWmlOemcwWkdZMk1XSmhZVEkyTjJNNE1UTXlORGszTlRNNVpqaGpOamMwWWpNM1l6RXlORFJoTjJFaWZYMHNJbXAwYVNJNkluVnlianAxZFdsa09tRmhaR1UyTnpnMExUVTFabVF0TkRWbVlpMWhPVGxsTFdGbU9ERmhabUl6TXprell5SjkuRHpJYl93bUFERlAyMTlpSGdwNGExT0JtU2xTMzR1QVZhZ0JtUVRGS3hHU1J4WThBb3d6eDZRR0ZVc1pPWnNiLWNyZ2szRWNucmJmRnFXRkVMaWFBQUEiXX0sImlhdCI6MTcyNjEzMzk3OSwibm9uY2UiOiJhYmNkIiwianRpIjoidXJuOnV1aWQ6Mjc5ZmIxODEtMDIyMS00OTk5LTgwZWYtOTgwNzQ0ODkyMDRjIn0.nxdTBEkgpOMKG8IUxd8sbRpwVopWoQ6N4ZDSl6FCx7HIqqVvh0Wm80UlBvRP2d2K_cSf6QmB1GTYUl8CZGu4Dw
4475 [pool-1-thread-1 @coroutine#108] DEBUG id.walt.services.vc.WaltIdJwtCredentialService - VP created:eyJraWQiOiJkaWQ6a2V5Ono2TWt2eHRRenRaSmY2R01KNG1OVXg1WU4zQjFNTnduMVZIalA0aDNmVHdzWno2eCN6Nk1rdnh0UXp0WkpmNkdNSjRtTlV4NVlOM0IxTU53bjFWSGpQNGgzZlR3c1p6NngiLCJ0eXAiOiJKV1QiLCJhbGciOiJFZERTQSJ9.eyJzdWIiOiJkaWQ6a2V5Ono2TWt2eHRRenRaSmY2R01KNG1OVXg1WU4zQjFNTnduMVZIalA0aDNmVHdzWno2eCIsImF1ZCI6ImRpZDprZXk6ejZNa3Z4dFF6dFpKZjZHTUo0bU5VeDVZTjNCMU1Od24xVkhqUDRoM2ZUd3NaejZ4IiwibmJmIjoxNzI2MTMzOTc5LCJpc3MiOiJkaWQ6a2V5Ono2TWt2eHRRenRaSmY2R01KNG1OVXg1WU4zQjFNTnduMVZIalA0aDNmVHdzWno2eCIsInZwIjp7InR5cGUiOlsiVmVyaWZpYWJsZVByZXNlbnRhdGlvbiJdLCJAY29udGV4dCI6WyJodHRwczovL3d3dy53My5vcmcvMjAxOC9jcmVkZW50aWFscy92MSJdLCJpZCI6InVybjp1dWlkOjI3OWZiMTgxLTAyMjEtNDk5OS04MGVmLTk4MDc0NDg5MjA0YyIsImhvbGRlciI6ImRpZDprZXk6ejZNa3Z4dFF6dFpKZjZHTUo0bU5VeDVZTjNCMU1Od24xVkhqUDRoM2ZUd3NaejZ4IiwidmVyaWZpYWJsZUNyZWRlbnRpYWwiOlsiZXlKcmFXUWlPaUprYVdRNmEyVjVPbm8yVFd0MmVIUlJlblJhU21ZMlIwMUtORzFPVlhnMVdVNHpRakZOVG5kdU1WWklhbEEwYURObVZIZHpXbm8yZUNONk5rMXJkbmgwVVhwMFdrcG1Oa2ROU2pSdFRsVjROVmxPTTBJeFRVNTNiakZXU0dwUU5HZ3pabFIzYzFwNk5uZ2lMQ0owZVhBaU9pSktWMVFpTENKaGJHY2lPaUpGWkVSVFFTSjkuZXlKemRXSWlPaUprYVdRNmEyVjVPbm8yVFd0MmVIUlJlblJhU21ZMlIwMUtORzFPVlhnMVdVNHpRakZOVG5kdU1WWklhbEEwYURObVZIZHpXbm8yZUNJc0ltNWlaaUk2TVRjeU5qRXpNemszT1N3aWFYTnpJam9pWkdsa09tdGxlVHA2TmsxcmRuaDBVWHAwV2twbU5rZE5TalJ0VGxWNE5WbE9NMEl4VFU1M2JqRldTR3BRTkdnelpsUjNjMXA2Tm5naUxDSnBZWFFpT2pFM01qWXhNek01Tnprc0luWmpJanA3SW5SNWNHVWlPbHNpVm1WeWFXWnBZV0pzWlVOeVpXUmxiblJwWVd3aUxDSldaWEpwWm1saFlteGxRWFIwWlhOMFlYUnBiMjRpTENKV1pYSnBabWxoWW14bFJHbHdiRzl0WVNKZExDSkFZMjl1ZEdWNGRDSTZXeUpvZEhSd2N6b3ZMM2QzZHk1M015NXZjbWN2TWpBeE9DOWpjbVZrWlc1MGFXRnNjeTkyTVNKZExDSnBaQ0k2SW5WeWJqcDFkV2xrT21GaFpHVTJOemcwTFRVMVptUXRORFZtWWkxaE9UbGxMV0ZtT0RGaFptSXpNemt6WXlJc0ltbHpjM1ZsY2lJNkltUnBaRHByWlhrNmVqWk5hM1o0ZEZGNmRGcEtaalpIVFVvMGJVNVZlRFZaVGpOQ01VMU9kMjR4VmtocVVEUm9NMlpVZDNOYWVqWjRJaXdpYVhOemRXRnVZMlZFWVhSbElqb2lNakF5TkMwd09TMHhNbFF3T1Rvek9Ub3pPVm9pTENKcGMzTjFaV1FpT2lJeU1ESTBMVEE1TFRFeVZEQTVPak01T2pNNVdpSXNJblpoYkdsa1JuSnZiU0k2SWpJd01qUXRNRGt0TVRKVU1EazZNems2TXpsYUlpd2laWGh3YVhKaGRHbHZia1JoZEdVaU9pSXlNREl5TFRBNExUTXhWREF3T2pBd09qQXdXaUlzSW1OeVpXUmxiblJwWVd4VFkyaGxiV0VpT25zaWFXUWlPaUpvZEhSd2N6b3ZMM0poZHk1bmFYUm9kV0oxYzJWeVkyOXVkR1Z1ZEM1amIyMHZkMkZzZEMxcFpDOTNZV3gwYVdRdGMzTnBhMmwwTFhaamJHbGlMMjFoYzNSbGNpOXpjbU12ZEdWemRDOXlaWE52ZFhKalpYTXZjMk5vWlcxaGN5OVdaWEpwWm1saFlteGxSR2x3Ykc5dFlTNXFjMjl1SWl3aWRIbHdaU0k2SWtwemIyNVRZMmhsYldGV1lXeHBaR0YwYjNJeU1ERTRJbjBzSW1OeVpXUmxiblJwWVd4VGRXSnFaV04wSWpwN0ltbGtJam9pWkdsa09tdGxlVHA2TmsxcmRuaDBVWHAwV2twbU5rZE5TalJ0VGxWNE5WbE9NMEl4VFU1M2JqRldTR3BRTkdnelpsUjNjMXA2Tm5naUxDSmhkMkZ5WkdsdVowOXdjRzl5ZEhWdWFYUjVJanA3SW1GM1lYSmthVzVuUW05a2VTSTZleUpsYVdSaGMweGxaMkZzU1dSbGJuUnBabWxsY2lJNklsVnVhMjV2ZDI0aUxDSm9iMjFsY0dGblpTSTZJbWgwZEhCek9pOHZiR1ZoYzNSdmJpNWlZMlJwY0d4dmJXRXVZMjl0THlJc0ltbGtJam9pWkdsa09tVmljMms2TWtFNVFsbzVVMVZsTmtKaGRHRmpVM0IyY3pGV05VTmtha2gyVEhCUk4ySkZjMmt5U21JMlRHUklTMjVSZUdGT0lpd2ljSEpsWm1WeWNtVmtUbUZ0WlNJNklreGxZWE4wYjI0Z1ZXNXBkbVZ5YzJsMGVTSXNJbkpsWjJsemRISmhkR2x2YmlJNklqQTFPVGN3TmpWS0luMHNJbVZ1WkdWa1FYUlVhVzFsSWpvaU1qQXlNQzB3TmkweU5sUXdNRG93TURvd01Gb2lMQ0pwWkNJNkltaDBkSEJ6T2k4dmJHVmhjM1J2Ymk1aVkyUnBjR3h2YldFdVkyOXRMMnhoZHkxbFkyOXViMjFwWTNNdGJXRnVZV2RsYldWdWRDTkJkMkZ5WkdsdVowOXdjRzl5ZEhWdWFYUjVJaXdpYVdSbGJuUnBabWxsY2lJNkltaDBkSEJ6T2k4dlkyVnlkR2xtYVdOaGRHVXRaR1Z0Ynk1aVkyUnBjR3h2YldFdVkyOXRMMk5vWldOckx6ZzNSVVF5UmpJeU56QkZOa00wTVRRMU5rVTVORUk0TmtJNVJEa3hNVFZDTkVVek5VSkRRMEZFTWpBd1FUUTVRamcwTmpVNU1rTXhORVkzT1VNNE5rSldNVVp1WW14c2RHRXdUbHBVYmtwclVqTnNSRmRzVW0xVVJHeFRVbFZLUlZaR1drbFRiVTV0V1hwS2FGVlZOWE5hVlVvMVdqSkdTbE5JY0ZkaWJWcGFJaXdpYkc5allYUnBiMjRpT2lKR1VrRk9RMFVpTENKemRHRnlkR1ZrUVhSVWFXMWxJam9pTWpBeE9TMHdPUzB3TWxRd01Eb3dNRG93TUZvaWZTd2laR0YwWlU5bVFtbHlkR2dpT2lJeE9Ua3pMVEEwTFRBNElpd2labUZ0YVd4NVRtRnRaU0k2SWtSUFJTSXNJbWRwZG1WdVRtRnRaWE1pT2lKS1lXNWxJaXdpWjNKaFpHbHVaMU5qYUdWdFpTSTZleUpwWkNJNkltaDBkSEJ6T2k4dmJHVmhjM1J2Ymk1aVkyUnBjR3h2YldFdVkyOXRMMnhoZHkxbFkyOXViMjFwWTNNdGJXRnVZV2RsYldWdWRDTkhjbUZrYVc1blUyTm9aVzFsSWl3aWRHbDBiR1VpT2lKTWIzZGxjaUJUWldOdmJtUXRRMnhoYzNNZ1NHOXViM1Z5Y3lKOUxDSnBaR1Z1ZEdsbWFXVnlJam9pTURrd05EQXdPREE0TkVnaUxDSnNaV0Z5Ym1sdVowRmphR2xsZG1WdFpXNTBJanA3SW1Ga1pHbDBhVzl1WVd4T2IzUmxJanBiSWtSSlUxUlNTVUpWVkVsUFRpQk5RVTVCUjBWTlJVNVVJbDBzSW1SbGMyTnlhWEIwYVc5dUlqb2lUVUZTUzBWVVNVNUhJRUZPUkNCVFFVeEZVeUlzSW1sa0lqb2lhSFIwY0hNNkx5OXNaV0Z6ZEc5dUxtSmpaR2x3Ykc5dFlTNWpiMjB2YkdGM0xXVmpiMjV2YldsamN5MXRZVzVoWjJWdFpXNTBJMHhsWVhKdWFXNW5RV05vYVdWMmJXVnVkQ0lzSW5ScGRHeGxJam9pVFVGVFZFVlNVeUJNUVZjc0lFVkRUMDVQVFVsRFV5QkJUa1FnVFVGT1FVZEZUVVZPVkNKOUxDSnNaV0Z5Ym1sdVoxTndaV05wWm1sallYUnBiMjRpT25zaVpXTjBjME55WldScGRGQnZhVzUwY3lJNk1USXdMQ0psY1daTVpYWmxiQ0k2Tnl3aWFXUWlPaUpvZEhSd2N6b3ZMMnhsWVhOMGIyNHVZbU5rYVhCc2IyMWhMbU52YlM5c1lYY3RaV052Ym05dGFXTnpMVzFoYm1GblpXMWxiblFqVEdWaGNtNXBibWRUY0dWamFXWnBZMkYwYVc5dUlpd2lhWE5qWldSbVEyOWtaU0k2V3lJM0lsMHNJbTV4Wmt4bGRtVnNJanBiSWpjaVhYMTlMQ0pqY21Wa1pXNTBhV0ZzVTNSaGRIVnpJanA3SW1sa0lqb2lhSFIwY0hNNkx5OWxjM05wWmk1bGRYSnZjR0V1WlhVdmMzUmhkSFZ6TDJWa2RXTmhkR2x2YmlOb2FXZG9aWEpGWkhWallYUnBiMjRqTXpreVlXTTNaall0TXprNVlTMDBNemRpTFdFeU5qZ3RORFk1TVdWaFpEaG1NVGMySWl3aWRIbHdaU0k2SWtOeVpXUmxiblJwWVd4VGRHRjBkWE5NYVhOME1qQXlNQ0o5TENKbGRtbGtaVzVqWlNJNmV5SmtiMk4xYldWdWRGQnlaWE5sYm1ObElqcGJJbEJvZVhOcFkyRnNJbDBzSW1WMmFXUmxibU5sUkc5amRXMWxiblFpT2xzaVVHRnpjM0J2Y25RaVhTd2lhV1FpT2lKb2RIUndjem92TDJWemMybG1MbVYxY205d1lTNWxkUzkwYzNJdGRtRXZaWFpwWkdWdVkyVXZaakpoWldWak9UY3RabU13WkMwME1tSm1MVGhqWVRjdE1EVTBPREU1TW1RMU5qYzRJaXdpYzNWaWFtVmpkRkJ5WlhObGJtTmxJam9pVUdoNWMybGpZV3dpTENKMGVYQmxJanBiSWtSdlkzVnRaVzUwVm1WeWFXWnBZMkYwYVc5dUlsMHNJblpsY21sbWFXVnlJam9pWkdsa09tVmljMms2TWprMk1tWmlOemcwWkdZMk1XSmhZVEkyTjJNNE1UTXlORGszTlRNNVpqaGpOamMwWWpNM1l6RXlORFJoTjJFaWZYMHNJbXAwYVNJNkluVnlianAxZFdsa09tRmhaR1UyTnpnMExUVTFabVF0TkRWbVlpMWhPVGxsTFdGbU9ERmhabUl6TXprell5SjkuRHpJYl93bUFERlAyMTlpSGdwNGExT0JtU2xTMzR1QVZhZ0JtUVRGS3hHU1J4WThBb3d6eDZRR0ZVc1pPWnNiLWNyZ2szRWNucmJmRnFXRkVMaWFBQUEiXX0sImlhdCI6MTcyNjEzMzk3OSwibm9uY2UiOiJhYmNkIiwianRpIjoidXJuOnV1aWQ6Mjc5ZmIxODEtMDIyMS00OTk5LTgwZWYtOTgwNzQ0ODkyMDRjIn0.nxdTBEkgpOMKG8IUxd8sbRpwVopWoQ6N4ZDSl6FCx7HIqqVvh0Wm80UlBvRP2d2K_cSf6QmB1GTYUl8CZGu4Dw
4721 [pool-1-thread-1 @coroutine#108] DEBUG io.mockk.impl.instantiation.JvmStaticMockFactory - Creating static mockk for CommonUtilsKt
4723 [pool-1-thread-1 @coroutine#108] DEBUG io.mockk.proxy.jvm.StaticProxyMaker - Transforming class id.walt.common.CommonUtilsKt for static method interception
4967 [pool-1-thread-1 @coroutine#108] DEBUG io.mockk.impl.recording.states.AnsweringState - Answering {
    "did": "did:ebsi:zfVxfjBQWZTAH5FejWoxTaE",
    "attribute": {
        "hash": "9818bb4caab6742d74de0a4f9c6fa43792583f3edc3068ce42ac114dded26aed",
        "body": "eyJraWQiOiJkaWQ6ZWJzaTp6ZlZ4ZmpCUVdaVEFINUZlaldveFRhRSMyNWU0ZmUxMGQ5ZTA0NTZiOGFjMDEwZjE5ZWQ1ZWMwZiIsInR5cCI6IkpXVCIsImFsZyI6IkVTMjU2SyJ9.eyJzdWIiOiJkaWQ6ZWJzaTp6ZlZ4ZmpCUVdaVEFINUZlaldveFRhRSIsIm5iZiI6MTY4MTgwODA2NywiaXNzIjoiZGlkOmVic2k6emZWeGZqQlFXWlRBSDVGZWpXb3hUYUUiLCJpYXQiOjE2ODE4MDgwNjcsInZjIjp7InR5cGUiOlsiVmVyaWZpYWJsZUNyZWRlbnRpYWwiLCJBY2NyZWRpdGVkVmVyaWZpYWJsZUF0dGVzdGF0aW9uIiwiVmVyaWZpYWJsZUFjY3JlZGl0YXRpb24iXSwiQGNvbnRleHQiOlsiaHR0cHM6Ly93d3cudzMub3JnLzIwMTgvY3JlZGVudGlhbHMvdjEiXSwiaWQiOiJ1cm46dXVpZDozOWUyMTIzNS05YzczLTQ1MjYtYjk4ZC1lZmIxZWI1YzU0ODkiLCJpc3N1ZXIiOiJkaWQ6ZWJzaTp6ZlZ4ZmpCUVdaVEFINUZlaldveFRhRSIsImlzc3VhbmNlRGF0ZSI6IjIwMjMtMDQtMThUMDg6NTQ6MjdaIiwiaXNzdWVkIjoiMjAyMy0wNC0xOFQwODo1NDoyN1oiLCJ2YWxpZEZyb20iOiIyMDIzLTA0LTE4VDA4OjU0OjI3WiIsImV4cGlyYXRpb25EYXRlIjoiMjAyNC0wMS0wMVQwMDowMDowMFoiLCJjcmVkZW50aWFsU2NoZW1hIjp7ImlkIjoiaHR0cHM6Ly9lc3NpZi5ldXJvcGEuZXUvdHNyLTEyMy92ZXJpZmlhYmxlLWFjY3JlZGl0YXRpb24uanNvbiIsInR5cGUiOiJGdWxsSnNvblNjaGVtYVZhbGlkYXRvcjIwMjEifSwiY3JlZGVudGlhbFN1YmplY3QiOnsiaWQiOiJkaWQ6ZWJzaTp6ZlZ4ZmpCUVdaVEFINUZlaldveFRhRSIsImF1dGhvcmlzYXRpb25DbGFpbXMiOlt7ImF1dGhvcmlzZWRTY2hlbWFJZCI6Imh0dHBzOi8vZXNzaWYuZXVyb3BhLmV1L3Rzci0xMjMvdmVyaWZpYWJsZS1hY2NyZWRpdGF0aW9uLmpzb24ifSx7ImF1dGhvcmlzZWRTY2hlbWFJZCI6Imh0dHBzOi8vZXNzaWYuZXVyb3BhLmV1L3Rzci0xMjMvdmVyaWZpYWJsZS1hY2NyZWRpdGF0aW9uLXRpLWRpcGxvbWEuanNvbiJ9LHsiYXV0aG9yaXNlZFNjaGVtYUlkIjoiaHR0cHM6Ly9yYXcuZ2l0aHVidXNlcmNvbnRlbnQuY29tL3dhbHQtaWQvd2FsdGlkLXNzaWtpdC9mZWF0LW5lb20tY3JlZGVudGlhbC1zY2hlbWFzL3NyYy90ZXN0L3Jlc291cmNlcy9zY2hlbWFzL05FT00vUHJlZ25hbmN5Q2VydGlmaWNhdGUuanNvbiJ9LHsiYXV0aG9yaXNlZFNjaGVtYUlkIjoiaHR0cHM6Ly9yYXcuZ2l0aHVidXNlcmNvbnRlbnQuY29tL3dhbHQtaWQvd2FsdGlkLXNzaWtpdC12Y2xpYi9tYXN0ZXIvc3JjL3Rlc3QvcmVzb3VyY2VzL3NjaGVtYXMvRXVyb3Bhc3MuanNvbiJ9LHsiYXV0aG9yaXNlZFNjaGVtYUlkIjoiaHR0cHM6Ly9yYXcuZ2l0aHVidXNlcmNvbnRlbnQuY29tL3dhbHQtaWQvd2FsdGlkLXNzaWtpdC9mZWF0LW5lb20tY3JlZGVudGlhbC1zY2hlbWFzL3NyYy90ZXN0L3Jlc291cmNlcy9zY2hlbWFzL05FT00vU3R1ZGVudENhcmQuanNvbiJ9LHsiYXV0aG9yaXNlZFNjaGVtYUlkIjoiaHR0cHM6Ly9hcGktcGlsb3QuZWJzaS5ldS90cnVzdGVkLXNjaGVtYXMtcmVnaXN0cnkvdjIvc2NoZW1hcy8weDRkZDM5MjZjZDkyYmIzY2I2NGZhNmM4Mzc1MzllZDMxZmMzMGRkMzhhMTEyNjZhOTE2NzhlZmE3MjY4Y2RlMDkifV19LCJ0ZXJtc09mVXNlIjpbeyJ0eXBlIjoiVmVyaWZpYWJsZUFjY3JlZGl0YXRpb24iLCJpZCI6Imh0dHBzOi8vcmF3LmdpdGh1YnVzZXJjb250ZW50LmNvbS93YWx0LWlkL3dhbHRpZC1zc2lraXQvbWFpbi9zcmMvdGVzdC9yZXNvdXJjZXMvZWJzaS90cnVzdGVkLWlzc3Vlci1jaGFpbi90YW8tdGlyLWF0dHJpYnV0ZS5qc29uIn1dLCJjcmVkZW50aWFsU3RhdHVzIjp7ImlkIjoiaHR0cHM6Ly9lc3NpZi5ldXJvcGEuZXUvc3RhdHVzLzQ1IiwidHlwZSI6IkNyZWRlbnRpYWxTdGF0dXNMaXN0MjAyMCJ9fSwianRpIjoidXJuOnV1aWQ6MzllMjEyMzUtOWM3My00NTI2LWI5OGQtZWZiMWViNWM1NDg5In0.kTn0lULNqN15eVeinLD88UIQQoOR5ME7u4H0Eg2BePtAiVR2lR4YTX4EFntDlofMwcYG09Sup5SyR--QG0Y6vg",
        "issuerType": "TAO",
        "tao": "did:ebsi:zfVxfjBQWZTAH5FejWoxTaE",
        "rootTao": "did:ebsi:zfVxfjBQWZTAH5FejWoxTaE"
    }
}
 on class id.walt.common.CommonUtilsKt.resolveContent(https://raw.githubusercontent.com/walt-id/waltid-ssikit/main/src/test/resources/ebsi/trusted-issuer-chain/tao-tir-attribute.json)
5012 [pool-1-thread-1 @coroutine#108] DEBUG id.walt.auditor.VerificationPolicy - VC [VerifiableCredential, AccreditedVerifiableAttestation, VerifiableAccreditationTIDiploma] passes policy EbsiTrustedIssuerAccreditationPolicy: passed
5015 [pool-1-thread-1 @coroutine#108] DEBUG io.mockk.impl.instantiation.JvmStaticMockFactory - Disposing static mockk for class id.walt.common.CommonUtilsKt
5045 [pool-1-thread-1 @coroutine#108] DEBUG io.mockk.impl.instantiation.JvmStaticMockFactory - Creating static mockk for CommonUtilsKt
5046 [pool-1-thread-1 @coroutine#108] DEBUG io.mockk.proxy.jvm.StaticProxyMaker - Transforming class id.walt.common.CommonUtilsKt for static method interception
5093 [pool-1-thread-1 @coroutine#108] DEBUG io.mockk.impl.recording.states.AnsweringState - Answering {
    "did": "did:ebsi:zfVxfjBQWZTAH5FejWoxTaE",
    "attribute": {
        "hash": "9818bb4caab6742d74de0a4f9c6fa43792583f3edc3068ce42ac114dded26aed",
        "body": "eyJraWQiOiJkaWQ6ZWJzaTp6ZlZ4ZmpCUVdaVEFINUZlaldveFRhRSMyNWU0ZmUxMGQ5ZTA0NTZiOGFjMDEwZjE5ZWQ1ZWMwZiIsInR5cCI6IkpXVCIsImFsZyI6IkVTMjU2SyJ9.eyJzdWIiOiJkaWQ6ZWJzaTp6ZlZ4ZmpCUVdaVEFINUZlaldveFRhRSIsIm5iZiI6MTY4MTgwODA2NywiaXNzIjoiZGlkOmVic2k6emZWeGZqQlFXWlRBSDVGZWpXb3hUYUUiLCJpYXQiOjE2ODE4MDgwNjcsInZjIjp7InR5cGUiOlsiVmVyaWZpYWJsZUNyZWRlbnRpYWwiLCJBY2NyZWRpdGVkVmVyaWZpYWJsZUF0dGVzdGF0aW9uIiwiVmVyaWZpYWJsZUFjY3JlZGl0YXRpb24iXSwiQGNvbnRleHQiOlsiaHR0cHM6Ly93d3cudzMub3JnLzIwMTgvY3JlZGVudGlhbHMvdjEiXSwiaWQiOiJ1cm46dXVpZDozOWUyMTIzNS05YzczLTQ1MjYtYjk4ZC1lZmIxZWI1YzU0ODkiLCJpc3N1ZXIiOiJkaWQ6ZWJzaTp6ZlZ4ZmpCUVdaVEFINUZlaldveFRhRSIsImlzc3VhbmNlRGF0ZSI6IjIwMjMtMDQtMThUMDg6NTQ6MjdaIiwiaXNzdWVkIjoiMjAyMy0wNC0xOFQwODo1NDoyN1oiLCJ2YWxpZEZyb20iOiIyMDIzLTA0LTE4VDA4OjU0OjI3WiIsImV4cGlyYXRpb25EYXRlIjoiMjAyNC0wMS0wMVQwMDowMDowMFoiLCJjcmVkZW50aWFsU2NoZW1hIjp7ImlkIjoiaHR0cHM6Ly9lc3NpZi5ldXJvcGEuZXUvdHNyLTEyMy92ZXJpZmlhYmxlLWFjY3JlZGl0YXRpb24uanNvbiIsInR5cGUiOiJGdWxsSnNvblNjaGVtYVZhbGlkYXRvcjIwMjEifSwiY3JlZGVudGlhbFN1YmplY3QiOnsiaWQiOiJkaWQ6ZWJzaTp6ZlZ4ZmpCUVdaVEFINUZlaldveFRhRSIsImF1dGhvcmlzYXRpb25DbGFpbXMiOlt7ImF1dGhvcmlzZWRTY2hlbWFJZCI6Imh0dHBzOi8vZXNzaWYuZXVyb3BhLmV1L3Rzci0xMjMvdmVyaWZpYWJsZS1hY2NyZWRpdGF0aW9uLmpzb24ifSx7ImF1dGhvcmlzZWRTY2hlbWFJZCI6Imh0dHBzOi8vZXNzaWYuZXVyb3BhLmV1L3Rzci0xMjMvdmVyaWZpYWJsZS1hY2NyZWRpdGF0aW9uLXRpLWRpcGxvbWEuanNvbiJ9LHsiYXV0aG9yaXNlZFNjaGVtYUlkIjoiaHR0cHM6Ly9yYXcuZ2l0aHVidXNlcmNvbnRlbnQuY29tL3dhbHQtaWQvd2FsdGlkLXNzaWtpdC9mZWF0LW5lb20tY3JlZGVudGlhbC1zY2hlbWFzL3NyYy90ZXN0L3Jlc291cmNlcy9zY2hlbWFzL05FT00vUHJlZ25hbmN5Q2VydGlmaWNhdGUuanNvbiJ9LHsiYXV0aG9yaXNlZFNjaGVtYUlkIjoiaHR0cHM6Ly9yYXcuZ2l0aHVidXNlcmNvbnRlbnQuY29tL3dhbHQtaWQvd2FsdGlkLXNzaWtpdC12Y2xpYi9tYXN0ZXIvc3JjL3Rlc3QvcmVzb3VyY2VzL3NjaGVtYXMvRXVyb3Bhc3MuanNvbiJ9LHsiYXV0aG9yaXNlZFNjaGVtYUlkIjoiaHR0cHM6Ly9yYXcuZ2l0aHVidXNlcmNvbnRlbnQuY29tL3dhbHQtaWQvd2FsdGlkLXNzaWtpdC9mZWF0LW5lb20tY3JlZGVudGlhbC1zY2hlbWFzL3NyYy90ZXN0L3Jlc291cmNlcy9zY2hlbWFzL05FT00vU3R1ZGVudENhcmQuanNvbiJ9LHsiYXV0aG9yaXNlZFNjaGVtYUlkIjoiaHR0cHM6Ly9hcGktcGlsb3QuZWJzaS5ldS90cnVzdGVkLXNjaGVtYXMtcmVnaXN0cnkvdjIvc2NoZW1hcy8weDRkZDM5MjZjZDkyYmIzY2I2NGZhNmM4Mzc1MzllZDMxZmMzMGRkMzhhMTEyNjZhOTE2NzhlZmE3MjY4Y2RlMDkifV19LCJ0ZXJtc09mVXNlIjpbeyJ0eXBlIjoiVmVyaWZpYWJsZUFjY3JlZGl0YXRpb24iLCJpZCI6Imh0dHBzOi8vcmF3LmdpdGh1YnVzZXJjb250ZW50LmNvbS93YWx0LWlkL3dhbHRpZC1zc2lraXQvbWFpbi9zcmMvdGVzdC9yZXNvdXJjZXMvZWJzaS90cnVzdGVkLWlzc3Vlci1jaGFpbi90YW8tdGlyLWF0dHJpYnV0ZS5qc29uIn1dLCJjcmVkZW50aWFsU3RhdHVzIjp7ImlkIjoiaHR0cHM6Ly9lc3NpZi5ldXJvcGEuZXUvc3RhdHVzLzQ1IiwidHlwZSI6IkNyZWRlbnRpYWxTdGF0dXNMaXN0MjAyMCJ9fSwianRpIjoidXJuOnV1aWQ6MzllMjEyMzUtOWM3My00NTI2LWI5OGQtZWZiMWViNWM1NDg5In0.kTn0lULNqN15eVeinLD88UIQQoOR5ME7u4H0Eg2BePtAiVR2lR4YTX4EFntDlofMwcYG09Sup5SyR--QG0Y6vg",
        "issuerType": "TAO",
        "tao": "did:ebsi:zfVxfjBQWZTAH5FejWoxTaE",
        "rootTao": "did:ebsi:zfVxfjBQWZTAH5FejWoxTaE"
    }
}
 on class id.walt.common.CommonUtilsKt.resolveContent(https://raw.githubusercontent.com/walt-id/waltid-ssikit/main/src/test/resources/ebsi/trusted-issuer-chain/tao-tir-attribute.json)
5101 [pool-1-thread-1 @coroutine#108] DEBUG id.walt.auditor.VerificationPolicy - VC [VerifiableCredential, AccreditedVerifiableAttestation, VerifiableAccreditation] passes policy EbsiTrustedIssuerAccreditationPolicy: passed
5101 [pool-1-thread-1 @coroutine#108] DEBUG io.mockk.impl.instantiation.JvmStaticMockFactory - Disposing static mockk for class id.walt.common.CommonUtilsKt
5159 [pool-1-thread-1 @coroutine#109] DEBUG id.walt.services.keystore.HKVKeyStoreService - Storing key "05c3ffd9ec9041cda1e7f1c91fc33c61".
5160 [pool-1-thread-1 @coroutine#109] DEBUG id.walt.services.keystore.HKVKeyStoreService - Loading key "05c3ffd9ec9041cda1e7f1c91fc33c61".
5160 [pool-1-thread-1 @coroutine#109] DEBUG id.walt.model.DidUrl - Trying to create DidUrl from URL: "did:key:z6MkuaqzuiF4CAJPksAyktj1kC6ebEYHXZzYsA8UdB7C3T7e"...
5165 [pool-1-thread-1 @coroutine#109] DEBUG id.walt.services.keystore.HKVKeyStoreService - Loading key "05c3ffd9ec9041cda1e7f1c91fc33c61".
5166 [pool-1-thread-1 @coroutine#109] DEBUG id.walt.services.did.DidService - A key with the id "05c3ffd9ec9041cda1e7f1c91fc33c61" exists.
5166 [pool-1-thread-1 @coroutine#109] DEBUG id.walt.model.DidUrl - Trying to create DidUrl from URL: "did:key:z6MkuaqzuiF4CAJPksAyktj1kC6ebEYHXZzYsA8UdB7C3T7e"...
5166 [pool-1-thread-1 @coroutine#109] DEBUG id.walt.model.DidUrl - Trying to create DidUrl from URL: "did:key:z6MkuaqzuiF4CAJPksAyktj1kC6ebEYHXZzYsA8UdB7C3T7e"...
5171 [pool-1-thread-1 @coroutine#109] DEBUG id.walt.model.DidUrl - Trying to create DidUrl from URL: "did:key:z6MkuaqzuiF4CAJPksAyktj1kC6ebEYHXZzYsA8UdB7C3T7e"...
5172 [pool-1-thread-1 @coroutine#109] DEBUG id.walt.model.DidUrl - Trying to create DidUrl from URL: "did:key:z6MkuaqzuiF4CAJPksAyktj1kC6ebEYHXZzYsA8UdB7C3T7e"...
5172 [pool-1-thread-1 @coroutine#109] DEBUG id.walt.model.DidUrl - Trying to create DidUrl from URL: "did:key:z6MkuaqzuiF4CAJPksAyktj1kC6ebEYHXZzYsA8UdB7C3T7e"...
5172 [pool-1-thread-1 @coroutine#109] DEBUG id.walt.signatory.WaltIdSignatory - Signing credential with proof using LD_PROOF...
5173 [pool-1-thread-1 @coroutine#109] DEBUG id.walt.signatory.WaltIdSignatory - Signing credential with proof using LD_PROOF, credential is: {"type":["VerifiableCredential","VerifiableAttestation","VerifiableDiploma"],"@context":["https://www.w3.org/2018/credentials/v1"],"id":"urn:uuid:1cfa2689-12c8-4922-ad18-87204c8783fc","issuer":"did:key:z6MkuaqzuiF4CAJPksAyktj1kC6ebEYHXZzYsA8UdB7C3T7e","issuanceDate":"2024-09-12T09:39:40Z","issued":"2024-09-12T09:39:40Z","validFrom":"2024-09-12T09:39:40Z","expirationDate":"2022-08-31T00:00:00Z","credentialSchema":{"id":"https://raw.githubusercontent.com/walt-id/waltid-ssikit-vclib/master/src/test/resources/schemas/VerifiableDiploma.json","type":"JsonSchemaValidator2018"},"credentialSubject":{"id":"did:key:z6MkuaqzuiF4CAJPksAyktj1kC6ebEYHXZzYsA8UdB7C3T7e","awardingOpportunity":{"awardingBody":{"eidasLegalIdentifier":"Unknown","homepage":"https://leaston.bcdiploma.com/","id":"did:ebsi:2A9BZ9SUe6BatacSpvs1V5CdjHvLpQ7bEsi2Jb6LdHKnQxaN","preferredName":"Leaston University","registration":"0597065J"},"endedAtTime":"2020-06-26T00:00:00Z","id":"https://leaston.bcdiploma.com/law-economics-management#AwardingOpportunity","identifier":"https://certificate-demo.bcdiploma.com/check/87ED2F2270E6C41456E94B86B9D9115B4E35BCCAD200A49B846592C14F79C86BV1Fnbllta0NZTnJkR3lDWlRmTDlSRUJEVFZISmNmYzJhUU5sZUJ5Z2FJSHpWbmZZ","location":"FRANCE","startedAtTime":"2019-09-02T00:00:00Z"},"dateOfBirth":"1993-04-08","familyName":"DOE","givenNames":"Jane","gradingScheme":{"id":"https://leaston.bcdiploma.com/law-economics-management#GradingScheme","title":"Lower Second-Class Honours"},"identifier":"0904008084H","learningAchievement":{"additionalNote":["DISTRIBUTION MANAGEMENT"],"description":"MARKETING AND SALES","id":"https://leaston.bcdiploma.com/law-economics-management#LearningAchievment","title":"MASTERS LAW, ECONOMICS AND MANAGEMENT"},"learningSpecification":{"ectsCreditPoints":120,"eqfLevel":7,"id":"https://leaston.bcdiploma.com/law-economics-management#LearningSpecification","iscedfCode":["7"],"nqfLevel":["7"]}},"credentialStatus":{"id":"https://essif.europa.eu/status/education#higherEducation#392ac7f6-399a-437b-a268-4691ead8f176","type":"CredentialStatusList2020"},"evidence":{"documentPresence":["Physical"],"evidenceDocument":["Passport"],"id":"https://essif.europa.eu/tsr-va/evidence/f2aeec97-fc0d-42bf-8ca7-0548192d5678","subjectPresence":"Physical","type":["DocumentVerification"],"verifier":"did:ebsi:2962fb784df61baa267c8132497539f8c674b37c1244a7a"}}
5173 [pool-1-thread-1 @coroutine#109] DEBUG id.walt.services.vc.WaltIdJsonLdCredentialService - Signing jsonLd object with: issuerDid (did:key:z6MkuaqzuiF4CAJPksAyktj1kC6ebEYHXZzYsA8UdB7C3T7e), domain (null), nonce (null
5174 [pool-1-thread-1 @coroutine#109] DEBUG id.walt.services.keystore.HKVKeyStoreService - Loading key "did:key:z6MkuaqzuiF4CAJPksAyktj1kC6ebEYHXZzYsA8UdB7C3T7e#z6MkuaqzuiF4CAJPksAyktj1kC6ebEYHXZzYsA8UdB7C3T7e".
5175 [pool-1-thread-1 @coroutine#109] DEBUG id.walt.services.vc.WaltIdJsonLdCredentialService - Signing: {"type":["VerifiableCredential","VerifiableAttestation","VerifiableDiploma"],"@context":["https://www.w3.org/2018/credentials/v1"],"id":"urn:uuid:1cfa2689-12c8-4922-ad18-87204c8783fc","issuer":"did:key:z6MkuaqzuiF4CAJPksAyktj1kC6ebEYHXZzYsA8UdB7C3T7e","issuanceDate":"2024-09-12T09:39:40Z","issued":"2024-09-12T09:39:40Z","validFrom":"2024-09-12T09:39:40Z","expirationDate":"2022-08-31T00:00:00Z","credentialSchema":{"id":"https://raw.githubusercontent.com/walt-id/waltid-ssikit-vclib/master/src/test/resources/schemas/VerifiableDiploma.json","type":"JsonSchemaValidator2018"},"credentialSubject":{"id":"did:key:z6MkuaqzuiF4CAJPksAyktj1kC6ebEYHXZzYsA8UdB7C3T7e","awardingOpportunity":{"awardingBody":{"eidasLegalIdentifier":"Unknown","homepage":"https://leaston.bcdiploma.com/","id":"did:ebsi:2A9BZ9SUe6BatacSpvs1V5CdjHvLpQ7bEsi2Jb6LdHKnQxaN","preferredName":"Leaston University","registration":"0597065J"},"endedAtTime":"2020-06-26T00:00:00Z","id":"https://leaston.bcdiploma.com/law-economics-management#AwardingOpportunity","identifier":"https://certificate-demo.bcdiploma.com/check/87ED2F2270E6C41456E94B86B9D9115B4E35BCCAD200A49B846592C14F79C86BV1Fnbllta0NZTnJkR3lDWlRmTDlSRUJEVFZISmNmYzJhUU5sZUJ5Z2FJSHpWbmZZ","location":"FRANCE","startedAtTime":"2019-09-02T00:00:00Z"},"dateOfBirth":"1993-04-08","familyName":"DOE","givenNames":"Jane","gradingScheme":{"id":"https://leaston.bcdiploma.com/law-economics-management#GradingScheme","title":"Lower Second-Class Honours"},"identifier":"0904008084H","learningAchievement":{"additionalNote":["DISTRIBUTION MANAGEMENT"],"description":"MARKETING AND SALES","id":"https://leaston.bcdiploma.com/law-economics-management#LearningAchievment","title":"MASTERS LAW, ECONOMICS AND MANAGEMENT"},"learningSpecification":{"ectsCreditPoints":120,"eqfLevel":7,"id":"https://leaston.bcdiploma.com/law-economics-management#LearningSpecification","iscedfCode":["7"],"nqfLevel":["7"]}},"credentialStatus":{"id":"https://essif.europa.eu/status/education#higherEducation#392ac7f6-399a-437b-a268-4691ead8f176","type":"CredentialStatusList2020"},"evidence":{"documentPresence":["Physical"],"evidenceDocument":["Passport"],"id":"https://essif.europa.eu/tsr-va/evidence/f2aeec97-fc0d-42bf-8ca7-0548192d5678","subjectPresence":"Physical","type":["DocumentVerification"],"verifier":"did:ebsi:2962fb784df61baa267c8132497539f8c674b37c1244a7a"}}
Sep 12, 2024 11:39:40 AM com.apicatalog.jsonld.deseralization.JsonLdToRdf build
WARNING: Non well-formed subject [https://essif.europa.eu/status/education#higherEducation#392ac7f6-399a-437b-a268-4691ead8f176] has been skipped.
5197 [pool-1-thread-1 @coroutine#109] DEBUG id.walt.services.keystore.HKVKeyStoreService - Loading key "05c3ffd9ec9041cda1e7f1c91fc33c61".
5198 [pool-1-thread-1 @coroutine#109] DEBUG id.walt.services.keystore.HKVKeyStoreService - Loading key "05c3ffd9ec9041cda1e7f1c91fc33c61".
5198 [pool-1-thread-1 @coroutine#109] DEBUG id.walt.services.keystore.HKVKeyStoreService - Loading key "05c3ffd9ec9041cda1e7f1c91fc33c61".
5201 [pool-1-thread-1 @coroutine#109] DEBUG id.walt.signatory.WaltIdSignatory - Signed VC is: {
  "type" : [ "VerifiableCredential", "VerifiableAttestation", "VerifiableDiploma" ],
  "@context" : [ "https://www.w3.org/2018/credentials/v1", "https://w3id.org/security/suites/jws-2020/v1" ],
  "id" : "urn:uuid:1cfa2689-12c8-4922-ad18-87204c8783fc",
  "issuer" : "did:key:z6MkuaqzuiF4CAJPksAyktj1kC6ebEYHXZzYsA8UdB7C3T7e",
  "issuanceDate" : "2024-09-12T09:39:40Z",
  "issued" : "2024-09-12T09:39:40Z",
  "validFrom" : "2024-09-12T09:39:40Z",
  "expirationDate" : "2022-08-31T00:00:00Z",
  "credentialSchema" : {
    "id" : "https://raw.githubusercontent.com/walt-id/waltid-ssikit-vclib/master/src/test/resources/schemas/VerifiableDiploma.json",
    "type" : "JsonSchemaValidator2018"
  },
  "credentialSubject" : {
    "id" : "did:key:z6MkuaqzuiF4CAJPksAyktj1kC6ebEYHXZzYsA8UdB7C3T7e",
    "awardingOpportunity" : {
      "awardingBody" : {
        "eidasLegalIdentifier" : "Unknown",
        "homepage" : "https://leaston.bcdiploma.com/",
        "id" : "did:ebsi:2A9BZ9SUe6BatacSpvs1V5CdjHvLpQ7bEsi2Jb6LdHKnQxaN",
        "preferredName" : "Leaston University",
        "registration" : "0597065J"
      },
      "endedAtTime" : "2020-06-26T00:00:00Z",
      "id" : "https://leaston.bcdiploma.com/law-economics-management#AwardingOpportunity",
      "identifier" : "https://certificate-demo.bcdiploma.com/check/87ED2F2270E6C41456E94B86B9D9115B4E35BCCAD200A49B846592C14F79C86BV1Fnbllta0NZTnJkR3lDWlRmTDlSRUJEVFZISmNmYzJhUU5sZUJ5Z2FJSHpWbmZZ",
      "location" : "FRANCE",
      "startedAtTime" : "2019-09-02T00:00:00Z"
    },
    "dateOfBirth" : "1993-04-08",
    "familyName" : "DOE",
    "givenNames" : "Jane",
    "gradingScheme" : {
      "id" : "https://leaston.bcdiploma.com/law-economics-management#GradingScheme",
      "title" : "Lower Second-Class Honours"
    },
    "identifier" : "0904008084H",
    "learningAchievement" : {
      "additionalNote" : [ "DISTRIBUTION MANAGEMENT" ],
      "description" : "MARKETING AND SALES",
      "id" : "https://leaston.bcdiploma.com/law-economics-management#LearningAchievment",
      "title" : "MASTERS LAW, ECONOMICS AND MANAGEMENT"
    },
    "learningSpecification" : {
      "ectsCreditPoints" : 120,
      "eqfLevel" : 7,
      "id" : "https://leaston.bcdiploma.com/law-economics-management#LearningSpecification",
      "iscedfCode" : [ "7" ],
      "nqfLevel" : [ "7" ]
    }
  },
  "credentialStatus" : {
    "id" : "https://essif.europa.eu/status/education#higherEducation#392ac7f6-399a-437b-a268-4691ead8f176",
    "type" : "CredentialStatusList2020"
  },
  "evidence" : {
    "documentPresence" : [ "Physical" ],
    "evidenceDocument" : [ "Passport" ],
    "id" : "https://essif.europa.eu/tsr-va/evidence/f2aeec97-fc0d-42bf-8ca7-0548192d5678",
    "subjectPresence" : "Physical",
    "type" : [ "DocumentVerification" ],
    "verifier" : "did:ebsi:2962fb784df61baa267c8132497539f8c674b37c1244a7a"
  },
  "proof" : {
    "type" : "JsonWebSignature2020",
    "creator" : "did:key:z6MkuaqzuiF4CAJPksAyktj1kC6ebEYHXZzYsA8UdB7C3T7e",
    "created" : "2024-09-12T09:39:40Z",
    "proofPurpose" : "assertionMethod",
    "verificationMethod" : "did:key:z6MkuaqzuiF4CAJPksAyktj1kC6ebEYHXZzYsA8UdB7C3T7e#z6MkuaqzuiF4CAJPksAyktj1kC6ebEYHXZzYsA8UdB7C3T7e",
    "jws" : "eyJiNjQiOmZhbHNlLCJjcml0IjpbImI2NCJdLCJhbGciOiJFZERTQSJ9..wm8NEeBOz-5Ooxa8HpRXdJ3TYH2HQgQPfbm8R6i0sdZEJh7Ik_vmHgWQQTKwrWFX16NBzhBOg6V_85zQymR9DA"
  }
}
5203 [pool-1-thread-1 @coroutine#109] DEBUG id.walt.services.vc.WaltIdJsonLdCredentialService - Creating a presentation for VCs:
[PresentableCredential(verifiableCredential={"type":["VerifiableCredential","VerifiableAttestation","VerifiableDiploma"],"@context":["https://www.w3.org/2018/credentials/v1","https://w3id.org/security/suites/jws-2020/v1"],"id":"urn:uuid:1cfa2689-12c8-4922-ad18-87204c8783fc","issuer":"did:key:z6MkuaqzuiF4CAJPksAyktj1kC6ebEYHXZzYsA8UdB7C3T7e","issuanceDate":"2024-09-12T09:39:40Z","issued":"2024-09-12T09:39:40Z","validFrom":"2024-09-12T09:39:40Z","expirationDate":"2022-08-31T00:00:00Z","proof":{"type":"JsonWebSignature2020","creator":"did:key:z6MkuaqzuiF4CAJPksAyktj1kC6ebEYHXZzYsA8UdB7C3T7e","created":"2024-09-12T09:39:40Z","proofPurpose":"assertionMethod","verificationMethod":"did:key:z6MkuaqzuiF4CAJPksAyktj1kC6ebEYHXZzYsA8UdB7C3T7e#z6MkuaqzuiF4CAJPksAyktj1kC6ebEYHXZzYsA8UdB7C3T7e","jws":"eyJiNjQiOmZhbHNlLCJjcml0IjpbImI2NCJdLCJhbGciOiJFZERTQSJ9..wm8NEeBOz-5Ooxa8HpRXdJ3TYH2HQgQPfbm8R6i0sdZEJh7Ik_vmHgWQQTKwrWFX16NBzhBOg6V_85zQymR9DA"},"credentialSchema":{"id":"https://raw.githubusercontent.com/walt-id/waltid-ssikit-vclib/master/src/test/resources/schemas/VerifiableDiploma.json","type":"JsonSchemaValidator2018"},"credentialSubject":{"id":"did:key:z6MkuaqzuiF4CAJPksAyktj1kC6ebEYHXZzYsA8UdB7C3T7e","awardingOpportunity":{"awardingBody":{"eidasLegalIdentifier":"Unknown","homepage":"https://leaston.bcdiploma.com/","id":"did:ebsi:2A9BZ9SUe6BatacSpvs1V5CdjHvLpQ7bEsi2Jb6LdHKnQxaN","preferredName":"Leaston University","registration":"0597065J"},"endedAtTime":"2020-06-26T00:00:00Z","id":"https://leaston.bcdiploma.com/law-economics-management#AwardingOpportunity","identifier":"https://certificate-demo.bcdiploma.com/check/87ED2F2270E6C41456E94B86B9D9115B4E35BCCAD200A49B846592C14F79C86BV1Fnbllta0NZTnJkR3lDWlRmTDlSRUJEVFZISmNmYzJhUU5sZUJ5Z2FJSHpWbmZZ","location":"FRANCE","startedAtTime":"2019-09-02T00:00:00Z"},"dateOfBirth":"1993-04-08","familyName":"DOE","givenNames":"Jane","gradingScheme":{"id":"https://leaston.bcdiploma.com/law-economics-management#GradingScheme","title":"Lower Second-Class Honours"},"identifier":"0904008084H","learningAchievement":{"additionalNote":["DISTRIBUTION MANAGEMENT"],"description":"MARKETING AND SALES","id":"https://leaston.bcdiploma.com/law-economics-management#LearningAchievment","title":"MASTERS LAW, ECONOMICS AND MANAGEMENT"},"learningSpecification":{"ectsCreditPoints":120,"eqfLevel":7,"id":"https://leaston.bcdiploma.com/law-economics-management#LearningSpecification","iscedfCode":["7"],"nqfLevel":["7"]}},"credentialStatus":{"id":"https://essif.europa.eu/status/education#higherEducation#392ac7f6-399a-437b-a268-4691ead8f176","type":"CredentialStatusList2020"},"evidence":{"documentPresence":["Physical"],"evidenceDocument":["Passport"],"id":"https://essif.europa.eu/tsr-va/evidence/f2aeec97-fc0d-42bf-8ca7-0548192d5678","subjectPresence":"Physical","type":["DocumentVerification"],"verifier":"did:ebsi:2962fb784df61baa267c8132497539f8c674b37c1244a7a"}}, selectiveDisclosure=null, discloseAll=false)]
5203 [pool-1-thread-1 @coroutine#109] DEBUG id.walt.model.DidUrl - Trying to create DidUrl from URL: "did:key:z6MkuaqzuiF4CAJPksAyktj1kC6ebEYHXZzYsA8UdB7C3T7e"...
5204 [pool-1-thread-1 @coroutine#109] DEBUG id.walt.services.vc.WaltIdJsonLdCredentialService - Signing jsonLd object with: issuerDid (did:key:z6MkuaqzuiF4CAJPksAyktj1kC6ebEYHXZzYsA8UdB7C3T7e), domain (https://api-pilot.ebsi.eu), nonce (d04442d3-661f-411e-a80f-42f19f594c9d
5204 [pool-1-thread-1 @coroutine#109] DEBUG id.walt.services.keystore.HKVKeyStoreService - Loading key "did:key:z6MkuaqzuiF4CAJPksAyktj1kC6ebEYHXZzYsA8UdB7C3T7e#z6MkuaqzuiF4CAJPksAyktj1kC6ebEYHXZzYsA8UdB7C3T7e".
5205 [pool-1-thread-1 @coroutine#109] DEBUG id.walt.services.vc.WaltIdJsonLdCredentialService - Signing: {"type":["VerifiablePresentation"],"@context":["https://www.w3.org/2018/credentials/v1"],"id":"urn:uuid:76c50cf9-7346-4d64-b06d-3b9c76608ec4","holder":"did:key:z6MkuaqzuiF4CAJPksAyktj1kC6ebEYHXZzYsA8UdB7C3T7e","verifiableCredential":[{"type":["VerifiableCredential","VerifiableAttestation","VerifiableDiploma"],"@context":["https://www.w3.org/2018/credentials/v1","https://w3id.org/security/suites/jws-2020/v1"],"id":"urn:uuid:1cfa2689-12c8-4922-ad18-87204c8783fc","issuer":"did:key:z6MkuaqzuiF4CAJPksAyktj1kC6ebEYHXZzYsA8UdB7C3T7e","issuanceDate":"2024-09-12T09:39:40Z","issued":"2024-09-12T09:39:40Z","validFrom":"2024-09-12T09:39:40Z","expirationDate":"2022-08-31T00:00:00Z","proof":{"type":"JsonWebSignature2020","creator":"did:key:z6MkuaqzuiF4CAJPksAyktj1kC6ebEYHXZzYsA8UdB7C3T7e","created":"2024-09-12T09:39:40Z","proofPurpose":"assertionMethod","verificationMethod":"did:key:z6MkuaqzuiF4CAJPksAyktj1kC6ebEYHXZzYsA8UdB7C3T7e#z6MkuaqzuiF4CAJPksAyktj1kC6ebEYHXZzYsA8UdB7C3T7e","jws":"eyJiNjQiOmZhbHNlLCJjcml0IjpbImI2NCJdLCJhbGciOiJFZERTQSJ9..wm8NEeBOz-5Ooxa8HpRXdJ3TYH2HQgQPfbm8R6i0sdZEJh7Ik_vmHgWQQTKwrWFX16NBzhBOg6V_85zQymR9DA"},"credentialSchema":{"id":"https://raw.githubusercontent.com/walt-id/waltid-ssikit-vclib/master/src/test/resources/schemas/VerifiableDiploma.json","type":"JsonSchemaValidator2018"},"credentialSubject":{"id":"did:key:z6MkuaqzuiF4CAJPksAyktj1kC6ebEYHXZzYsA8UdB7C3T7e","awardingOpportunity":{"awardingBody":{"eidasLegalIdentifier":"Unknown","homepage":"https://leaston.bcdiploma.com/","id":"did:ebsi:2A9BZ9SUe6BatacSpvs1V5CdjHvLpQ7bEsi2Jb6LdHKnQxaN","preferredName":"Leaston University","registration":"0597065J"},"endedAtTime":"2020-06-26T00:00:00Z","id":"https://leaston.bcdiploma.com/law-economics-management#AwardingOpportunity","identifier":"https://certificate-demo.bcdiploma.com/check/87ED2F2270E6C41456E94B86B9D9115B4E35BCCAD200A49B846592C14F79C86BV1Fnbllta0NZTnJkR3lDWlRmTDlSRUJEVFZISmNmYzJhUU5sZUJ5Z2FJSHpWbmZZ","location":"FRANCE","startedAtTime":"2019-09-02T00:00:00Z"},"dateOfBirth":"1993-04-08","familyName":"DOE","givenNames":"Jane","gradingScheme":{"id":"https://leaston.bcdiploma.com/law-economics-management#GradingScheme","title":"Lower Second-Class Honours"},"identifier":"0904008084H","learningAchievement":{"additionalNote":["DISTRIBUTION MANAGEMENT"],"description":"MARKETING AND SALES","id":"https://leaston.bcdiploma.com/law-economics-management#LearningAchievment","title":"MASTERS LAW, ECONOMICS AND MANAGEMENT"},"learningSpecification":{"ectsCreditPoints":120,"eqfLevel":7,"id":"https://leaston.bcdiploma.com/law-economics-management#LearningSpecification","iscedfCode":["7"],"nqfLevel":["7"]}},"credentialStatus":{"id":"https://essif.europa.eu/status/education#higherEducation#392ac7f6-399a-437b-a268-4691ead8f176","type":"CredentialStatusList2020"},"evidence":{"documentPresence":["Physical"],"evidenceDocument":["Passport"],"id":"https://essif.europa.eu/tsr-va/evidence/f2aeec97-fc0d-42bf-8ca7-0548192d5678","subjectPresence":"Physical","type":["DocumentVerification"],"verifier":"did:ebsi:2962fb784df61baa267c8132497539f8c674b37c1244a7a"}}]}
Sep 12, 2024 11:39:40 AM com.apicatalog.jsonld.deseralization.JsonLdToRdf build
WARNING: Non well-formed subject [https://essif.europa.eu/status/education#higherEducation#392ac7f6-399a-437b-a268-4691ead8f176] has been skipped.
5216 [pool-1-thread-1 @coroutine#109] DEBUG id.walt.services.keystore.HKVKeyStoreService - Loading key "05c3ffd9ec9041cda1e7f1c91fc33c61".
5216 [pool-1-thread-1 @coroutine#109] DEBUG id.walt.services.keystore.HKVKeyStoreService - Loading key "05c3ffd9ec9041cda1e7f1c91fc33c61".
5216 [pool-1-thread-1 @coroutine#109] DEBUG id.walt.services.keystore.HKVKeyStoreService - Loading key "05c3ffd9ec9041cda1e7f1c91fc33c61".
5219 [pool-1-thread-1 @coroutine#109] DEBUG id.walt.services.vc.WaltIdJsonLdCredentialService - VP created:{
  "type" : [ "VerifiablePresentation" ],
  "@context" : [ "https://www.w3.org/2018/credentials/v1", "https://w3id.org/security/suites/jws-2020/v1" ],
  "id" : "urn:uuid:76c50cf9-7346-4d64-b06d-3b9c76608ec4",
  "holder" : "did:key:z6MkuaqzuiF4CAJPksAyktj1kC6ebEYHXZzYsA8UdB7C3T7e",
  "verifiableCredential" : [ {
    "type" : [ "VerifiableCredential", "VerifiableAttestation", "VerifiableDiploma" ],
    "@context" : [ "https://www.w3.org/2018/credentials/v1", "https://w3id.org/security/suites/jws-2020/v1" ],
    "id" : "urn:uuid:1cfa2689-12c8-4922-ad18-87204c8783fc",
    "issuer" : "did:key:z6MkuaqzuiF4CAJPksAyktj1kC6ebEYHXZzYsA8UdB7C3T7e",
    "issuanceDate" : "2024-09-12T09:39:40Z",
    "issued" : "2024-09-12T09:39:40Z",
    "validFrom" : "2024-09-12T09:39:40Z",
    "expirationDate" : "2022-08-31T00:00:00Z",
    "proof" : {
      "type" : "JsonWebSignature2020",
      "creator" : "did:key:z6MkuaqzuiF4CAJPksAyktj1kC6ebEYHXZzYsA8UdB7C3T7e",
      "created" : "2024-09-12T09:39:40Z",
      "proofPurpose" : "assertionMethod",
      "verificationMethod" : "did:key:z6MkuaqzuiF4CAJPksAyktj1kC6ebEYHXZzYsA8UdB7C3T7e#z6MkuaqzuiF4CAJPksAyktj1kC6ebEYHXZzYsA8UdB7C3T7e",
      "jws" : "eyJiNjQiOmZhbHNlLCJjcml0IjpbImI2NCJdLCJhbGciOiJFZERTQSJ9..wm8NEeBOz-5Ooxa8HpRXdJ3TYH2HQgQPfbm8R6i0sdZEJh7Ik_vmHgWQQTKwrWFX16NBzhBOg6V_85zQymR9DA"
    },
    "credentialSchema" : {
      "id" : "https://raw.githubusercontent.com/walt-id/waltid-ssikit-vclib/master/src/test/resources/schemas/VerifiableDiploma.json",
      "type" : "JsonSchemaValidator2018"
    },
    "credentialSubject" : {
      "id" : "did:key:z6MkuaqzuiF4CAJPksAyktj1kC6ebEYHXZzYsA8UdB7C3T7e",
      "awardingOpportunity" : {
        "awardingBody" : {
          "eidasLegalIdentifier" : "Unknown",
          "homepage" : "https://leaston.bcdiploma.com/",
          "id" : "did:ebsi:2A9BZ9SUe6BatacSpvs1V5CdjHvLpQ7bEsi2Jb6LdHKnQxaN",
          "preferredName" : "Leaston University",
          "registration" : "0597065J"
        },
        "endedAtTime" : "2020-06-26T00:00:00Z",
        "id" : "https://leaston.bcdiploma.com/law-economics-management#AwardingOpportunity",
        "identifier" : "https://certificate-demo.bcdiploma.com/check/87ED2F2270E6C41456E94B86B9D9115B4E35BCCAD200A49B846592C14F79C86BV1Fnbllta0NZTnJkR3lDWlRmTDlSRUJEVFZISmNmYzJhUU5sZUJ5Z2FJSHpWbmZZ",
        "location" : "FRANCE",
        "startedAtTime" : "2019-09-02T00:00:00Z"
      },
      "dateOfBirth" : "1993-04-08",
      "familyName" : "DOE",
      "givenNames" : "Jane",
      "gradingScheme" : {
        "id" : "https://leaston.bcdiploma.com/law-economics-management#GradingScheme",
        "title" : "Lower Second-Class Honours"
      },
      "identifier" : "0904008084H",
      "learningAchievement" : {
        "additionalNote" : [ "DISTRIBUTION MANAGEMENT" ],
        "description" : "MARKETING AND SALES",
        "id" : "https://leaston.bcdiploma.com/law-economics-management#LearningAchievment",
        "title" : "MASTERS LAW, ECONOMICS AND MANAGEMENT"
      },
      "learningSpecification" : {
        "ectsCreditPoints" : 120,
        "eqfLevel" : 7,
        "id" : "https://leaston.bcdiploma.com/law-economics-management#LearningSpecification",
        "iscedfCode" : [ "7" ],
        "nqfLevel" : [ "7" ]
      }
    },
    "credentialStatus" : {
      "id" : "https://essif.europa.eu/status/education#higherEducation#392ac7f6-399a-437b-a268-4691ead8f176",
      "type" : "CredentialStatusList2020"
    },
    "evidence" : {
      "documentPresence" : [ "Physical" ],
      "evidenceDocument" : [ "Passport" ],
      "id" : "https://essif.europa.eu/tsr-va/evidence/f2aeec97-fc0d-42bf-8ca7-0548192d5678",
      "subjectPresence" : "Physical",
      "type" : [ "DocumentVerification" ],
      "verifier" : "did:ebsi:2962fb784df61baa267c8132497539f8c674b37c1244a7a"
    }
  } ],
  "proof" : {
    "type" : "JsonWebSignature2020",
    "creator" : "did:key:z6MkuaqzuiF4CAJPksAyktj1kC6ebEYHXZzYsA8UdB7C3T7e",
    "created" : "2024-09-12T09:39:40Z",
    "domain" : "https://api-pilot.ebsi.eu",
    "nonce" : "d04442d3-661f-411e-a80f-42f19f594c9d",
    "proofPurpose" : "authentication",
    "verificationMethod" : "did:key:z6MkuaqzuiF4CAJPksAyktj1kC6ebEYHXZzYsA8UdB7C3T7e#z6MkuaqzuiF4CAJPksAyktj1kC6ebEYHXZzYsA8UdB7C3T7e",
    "jws" : "eyJiNjQiOmZhbHNlLCJjcml0IjpbImI2NCJdLCJhbGciOiJFZERTQSJ9..mSyhQYw9uiC8xT1tL__cqmvqgTv8zRBs2WcZ9G8kkCldyxBPY9ui8Lzu2bmLXVSgMH_BRPiWdANUYEs1_W-RBg"
  }
}
5220 [pool-1-thread-1 @coroutine#109] DEBUG id.walt.model.DidUrl - Trying to create DidUrl from URL: "did:key:z6MkuaqzuiF4CAJPksAyktj1kC6ebEYHXZzYsA8UdB7C3T7e"...
5220 [pool-1-thread-1 @coroutine#109] DEBUG id.walt.model.DidUrl - Trying to create DidUrl from URL: "did:key:z6MkuaqzuiF4CAJPksAyktj1kC6ebEYHXZzYsA8UdB7C3T7e"...
5220 [pool-1-thread-1 @coroutine#109] DEBUG id.walt.signatory.WaltIdSignatory - Signing credential with proof using JWT...
5221 [pool-1-thread-1 @coroutine#109] DEBUG id.walt.signatory.WaltIdSignatory - Signing credential with proof using JWT, credential is: {"type":["VerifiableCredential","VerifiableAttestation","VerifiableDiploma"],"@context":["https://www.w3.org/2018/credentials/v1"],"id":"urn:uuid:20e4ec96-8a15-456b-b49c-e4bc8a7938ed","issuer":"did:key:z6MkuaqzuiF4CAJPksAyktj1kC6ebEYHXZzYsA8UdB7C3T7e","issuanceDate":"2024-09-12T09:39:40Z","issued":"2024-09-12T09:39:40Z","validFrom":"2024-09-12T09:39:40Z","expirationDate":"2022-08-31T00:00:00Z","credentialSchema":{"id":"https://raw.githubusercontent.com/walt-id/waltid-ssikit-vclib/master/src/test/resources/schemas/VerifiableDiploma.json","type":"JsonSchemaValidator2018"},"credentialSubject":{"id":"did:key:z6MkuaqzuiF4CAJPksAyktj1kC6ebEYHXZzYsA8UdB7C3T7e","awardingOpportunity":{"awardingBody":{"eidasLegalIdentifier":"Unknown","homepage":"https://leaston.bcdiploma.com/","id":"did:ebsi:2A9BZ9SUe6BatacSpvs1V5CdjHvLpQ7bEsi2Jb6LdHKnQxaN","preferredName":"Leaston University","registration":"0597065J"},"endedAtTime":"2020-06-26T00:00:00Z","id":"https://leaston.bcdiploma.com/law-economics-management#AwardingOpportunity","identifier":"https://certificate-demo.bcdiploma.com/check/87ED2F2270E6C41456E94B86B9D9115B4E35BCCAD200A49B846592C14F79C86BV1Fnbllta0NZTnJkR3lDWlRmTDlSRUJEVFZISmNmYzJhUU5sZUJ5Z2FJSHpWbmZZ","location":"FRANCE","startedAtTime":"2019-09-02T00:00:00Z"},"dateOfBirth":"1993-04-08","familyName":"DOE","givenNames":"Jane","gradingScheme":{"id":"https://leaston.bcdiploma.com/law-economics-management#GradingScheme","title":"Lower Second-Class Honours"},"identifier":"0904008084H","learningAchievement":{"additionalNote":["DISTRIBUTION MANAGEMENT"],"description":"MARKETING AND SALES","id":"https://leaston.bcdiploma.com/law-economics-management#LearningAchievment","title":"MASTERS LAW, ECONOMICS AND MANAGEMENT"},"learningSpecification":{"ectsCreditPoints":120,"eqfLevel":7,"id":"https://leaston.bcdiploma.com/law-economics-management#LearningSpecification","iscedfCode":["7"],"nqfLevel":["7"]}},"credentialStatus":{"id":"https://essif.europa.eu/status/education#higherEducation#392ac7f6-399a-437b-a268-4691ead8f176","type":"CredentialStatusList2020"},"evidence":{"documentPresence":["Physical"],"evidenceDocument":["Passport"],"id":"https://essif.europa.eu/tsr-va/evidence/f2aeec97-fc0d-42bf-8ca7-0548192d5678","subjectPresence":"Physical","type":["DocumentVerification"],"verifier":"did:ebsi:2962fb784df61baa267c8132497539f8c674b37c1244a7a"}}
5221 [pool-1-thread-1 @coroutine#109] DEBUG id.walt.services.vc.WaltIdJwtCredentialService - Signing JWT object with config: ProofConfig(issuerDid=did:key:z6MkuaqzuiF4CAJPksAyktj1kC6ebEYHXZzYsA8UdB7C3T7e, subjectDid=did:key:z6MkuaqzuiF4CAJPksAyktj1kC6ebEYHXZzYsA8UdB7C3T7e, verifierDid=null, issuerVerificationMethod=did:key:z6MkuaqzuiF4CAJPksAyktj1kC6ebEYHXZzYsA8UdB7C3T7e#z6MkuaqzuiF4CAJPksAyktj1kC6ebEYHXZzYsA8UdB7C3T7e, proofType=JWT, domain=null, nonce=null, proofPurpose=null, credentialId=urn:uuid:20e4ec96-8a15-456b-b49c-e4bc8a7938ed, issueDate=2024-09-12T09:39:40.440670413Z, validDate=2024-09-12T09:39:40.440673639Z, expirationDate=null, dataProviderIdentifier=null, ldSignatureType=null, creator=did:key:z6MkuaqzuiF4CAJPksAyktj1kC6ebEYHXZzYsA8UdB7C3T7e, ecosystem=DEFAULT, statusType=null, statusPurpose=revocation, credentialsEndpoint=null, selectiveDisclosure=null)
5222 [pool-1-thread-1 @coroutine#109] DEBUG id.walt.services.vc.WaltIdJwtCredentialService - Signing: {"sub":"did:key:z6MkuaqzuiF4CAJPksAyktj1kC6ebEYHXZzYsA8UdB7C3T7e","nbf":1726133980,"iss":"did:key:z6MkuaqzuiF4CAJPksAyktj1kC6ebEYHXZzYsA8UdB7C3T7e","iat":1726133980,"vc":{"type":["VerifiableCredential","VerifiableAttestation","VerifiableDiploma"],"@context":["https://www.w3.org/2018/credentials/v1"],"id":"urn:uuid:20e4ec96-8a15-456b-b49c-e4bc8a7938ed","issuer":"did:key:z6MkuaqzuiF4CAJPksAyktj1kC6ebEYHXZzYsA8UdB7C3T7e","issuanceDate":"2024-09-12T09:39:40Z","issued":"2024-09-12T09:39:40Z","validFrom":"2024-09-12T09:39:40Z","expirationDate":"2022-08-31T00:00:00Z","credentialSchema":{"id":"https://raw.githubusercontent.com/walt-id/waltid-ssikit-vclib/master/src/test/resources/schemas/VerifiableDiploma.json","type":"JsonSchemaValidator2018"},"credentialSubject":{"id":"did:key:z6MkuaqzuiF4CAJPksAyktj1kC6ebEYHXZzYsA8UdB7C3T7e","awardingOpportunity":{"awardingBody":{"eidasLegalIdentifier":"Unknown","homepage":"https://leaston.bcdiploma.com/","id":"did:ebsi:2A9BZ9SUe6BatacSpvs1V5CdjHvLpQ7bEsi2Jb6LdHKnQxaN","preferredName":"Leaston University","registration":"0597065J"},"endedAtTime":"2020-06-26T00:00:00Z","id":"https://leaston.bcdiploma.com/law-economics-management#AwardingOpportunity","identifier":"https://certificate-demo.bcdiploma.com/check/87ED2F2270E6C41456E94B86B9D9115B4E35BCCAD200A49B846592C14F79C86BV1Fnbllta0NZTnJkR3lDWlRmTDlSRUJEVFZISmNmYzJhUU5sZUJ5Z2FJSHpWbmZZ","location":"FRANCE","startedAtTime":"2019-09-02T00:00:00Z"},"dateOfBirth":"1993-04-08","familyName":"DOE","givenNames":"Jane","gradingScheme":{"id":"https://leaston.bcdiploma.com/law-economics-management#GradingScheme","title":"Lower Second-Class Honours"},"identifier":"0904008084H","learningAchievement":{"additionalNote":["DISTRIBUTION MANAGEMENT"],"description":"MARKETING AND SALES","id":"https://leaston.bcdiploma.com/law-economics-management#LearningAchievment","title":"MASTERS LAW, ECONOMICS AND MANAGEMENT"},"learningSpecification":{"ectsCreditPoints":120,"eqfLevel":7,"id":"https://leaston.bcdiploma.com/law-economics-management#LearningSpecification","iscedfCode":["7"],"nqfLevel":["7"]}},"credentialStatus":{"id":"https://essif.europa.eu/status/education#higherEducation#392ac7f6-399a-437b-a268-4691ead8f176","type":"CredentialStatusList2020"},"evidence":{"documentPresence":["Physical"],"evidenceDocument":["Passport"],"id":"https://essif.europa.eu/tsr-va/evidence/f2aeec97-fc0d-42bf-8ca7-0548192d5678","subjectPresence":"Physical","type":["DocumentVerification"],"verifier":"did:ebsi:2962fb784df61baa267c8132497539f8c674b37c1244a7a"}},"jti":"urn:uuid:20e4ec96-8a15-456b-b49c-e4bc8a7938ed"}
5223 [pool-1-thread-1 @coroutine#109] DEBUG id.walt.services.keystore.HKVKeyStoreService - Loading key "did:key:z6MkuaqzuiF4CAJPksAyktj1kC6ebEYHXZzYsA8UdB7C3T7e#z6MkuaqzuiF4CAJPksAyktj1kC6ebEYHXZzYsA8UdB7C3T7e".
5223 [pool-1-thread-1 @coroutine#109] DEBUG id.walt.services.jwt.WaltIdJwtService - Signing JWT with algorithm: EdDSA_Ed25519
5223 [pool-1-thread-1 @coroutine#109] DEBUG id.walt.model.DidUrl - Trying to create DidUrl from URL: "did:key:z6MkuaqzuiF4CAJPksAyktj1kC6ebEYHXZzYsA8UdB7C3T7e#z6MkuaqzuiF4CAJPksAyktj1kC6ebEYHXZzYsA8UdB7C3T7e"...
5224 [pool-1-thread-1 @coroutine#109] DEBUG id.walt.services.keystore.HKVKeyStoreService - Loading key "05c3ffd9ec9041cda1e7f1c91fc33c61".
5226 [pool-1-thread-1 @coroutine#109] DEBUG id.walt.services.jwt.WaltIdJwtService - Signed JWT:  eyJraWQiOiJkaWQ6a2V5Ono2TWt1YXF6dWlGNENBSlBrc0F5a3RqMWtDNmViRVlIWFp6WXNBOFVkQjdDM1Q3ZSN6Nk1rdWFxenVpRjRDQUpQa3NBeWt0ajFrQzZlYkVZSFhaellzQThVZEI3QzNUN2UiLCJ0eXAiOiJKV1QiLCJhbGciOiJFZERTQSJ9.eyJzdWIiOiJkaWQ6a2V5Ono2TWt1YXF6dWlGNENBSlBrc0F5a3RqMWtDNmViRVlIWFp6WXNBOFVkQjdDM1Q3ZSIsIm5iZiI6MTcyNjEzMzk4MCwiaXNzIjoiZGlkOmtleTp6Nk1rdWFxenVpRjRDQUpQa3NBeWt0ajFrQzZlYkVZSFhaellzQThVZEI3QzNUN2UiLCJpYXQiOjE3MjYxMzM5ODAsInZjIjp7InR5cGUiOlsiVmVyaWZpYWJsZUNyZWRlbnRpYWwiLCJWZXJpZmlhYmxlQXR0ZXN0YXRpb24iLCJWZXJpZmlhYmxlRGlwbG9tYSJdLCJAY29udGV4dCI6WyJodHRwczovL3d3dy53My5vcmcvMjAxOC9jcmVkZW50aWFscy92MSJdLCJpZCI6InVybjp1dWlkOjIwZTRlYzk2LThhMTUtNDU2Yi1iNDljLWU0YmM4YTc5MzhlZCIsImlzc3VlciI6ImRpZDprZXk6ejZNa3VhcXp1aUY0Q0FKUGtzQXlrdGoxa0M2ZWJFWUhYWnpZc0E4VWRCN0MzVDdlIiwiaXNzdWFuY2VEYXRlIjoiMjAyNC0wOS0xMlQwOTozOTo0MFoiLCJpc3N1ZWQiOiIyMDI0LTA5LTEyVDA5OjM5OjQwWiIsInZhbGlkRnJvbSI6IjIwMjQtMDktMTJUMDk6Mzk6NDBaIiwiZXhwaXJhdGlvbkRhdGUiOiIyMDIyLTA4LTMxVDAwOjAwOjAwWiIsImNyZWRlbnRpYWxTY2hlbWEiOnsiaWQiOiJodHRwczovL3Jhdy5naXRodWJ1c2VyY29udGVudC5jb20vd2FsdC1pZC93YWx0aWQtc3Npa2l0LXZjbGliL21hc3Rlci9zcmMvdGVzdC9yZXNvdXJjZXMvc2NoZW1hcy9WZXJpZmlhYmxlRGlwbG9tYS5qc29uIiwidHlwZSI6Ikpzb25TY2hlbWFWYWxpZGF0b3IyMDE4In0sImNyZWRlbnRpYWxTdWJqZWN0Ijp7ImlkIjoiZGlkOmtleTp6Nk1rdWFxenVpRjRDQUpQa3NBeWt0ajFrQzZlYkVZSFhaellzQThVZEI3QzNUN2UiLCJhd2FyZGluZ09wcG9ydHVuaXR5Ijp7ImF3YXJkaW5nQm9keSI6eyJlaWRhc0xlZ2FsSWRlbnRpZmllciI6IlVua25vd24iLCJob21lcGFnZSI6Imh0dHBzOi8vbGVhc3Rvbi5iY2RpcGxvbWEuY29tLyIsImlkIjoiZGlkOmVic2k6MkE5Qlo5U1VlNkJhdGFjU3B2czFWNUNkakh2THBRN2JFc2kySmI2TGRIS25ReGFOIiwicHJlZmVycmVkTmFtZSI6IkxlYXN0b24gVW5pdmVyc2l0eSIsInJlZ2lzdHJhdGlvbiI6IjA1OTcwNjVKIn0sImVuZGVkQXRUaW1lIjoiMjAyMC0wNi0yNlQwMDowMDowMFoiLCJpZCI6Imh0dHBzOi8vbGVhc3Rvbi5iY2RpcGxvbWEuY29tL2xhdy1lY29ub21pY3MtbWFuYWdlbWVudCNBd2FyZGluZ09wcG9ydHVuaXR5IiwiaWRlbnRpZmllciI6Imh0dHBzOi8vY2VydGlmaWNhdGUtZGVtby5iY2RpcGxvbWEuY29tL2NoZWNrLzg3RUQyRjIyNzBFNkM0MTQ1NkU5NEI4NkI5RDkxMTVCNEUzNUJDQ0FEMjAwQTQ5Qjg0NjU5MkMxNEY3OUM4NkJWMUZuYmxsdGEwTlpUbkprUjNsRFdsUm1URGxTUlVKRVZGWklTbU5tWXpKaFVVNXNaVUo1WjJGSlNIcFdibVpaIiwibG9jYXRpb24iOiJGUkFOQ0UiLCJzdGFydGVkQXRUaW1lIjoiMjAxOS0wOS0wMlQwMDowMDowMFoifSwiZGF0ZU9mQmlydGgiOiIxOTkzLTA0LTA4IiwiZmFtaWx5TmFtZSI6IkRPRSIsImdpdmVuTmFtZXMiOiJKYW5lIiwiZ3JhZGluZ1NjaGVtZSI6eyJpZCI6Imh0dHBzOi8vbGVhc3Rvbi5iY2RpcGxvbWEuY29tL2xhdy1lY29ub21pY3MtbWFuYWdlbWVudCNHcmFkaW5nU2NoZW1lIiwidGl0bGUiOiJMb3dlciBTZWNvbmQtQ2xhc3MgSG9ub3VycyJ9LCJpZGVudGlmaWVyIjoiMDkwNDAwODA4NEgiLCJsZWFybmluZ0FjaGlldmVtZW50Ijp7ImFkZGl0aW9uYWxOb3RlIjpbIkRJU1RSSUJVVElPTiBNQU5BR0VNRU5UIl0sImRlc2NyaXB0aW9uIjoiTUFSS0VUSU5HIEFORCBTQUxFUyIsImlkIjoiaHR0cHM6Ly9sZWFzdG9uLmJjZGlwbG9tYS5jb20vbGF3LWVjb25vbWljcy1tYW5hZ2VtZW50I0xlYXJuaW5nQWNoaWV2bWVudCIsInRpdGxlIjoiTUFTVEVSUyBMQVcsIEVDT05PTUlDUyBBTkQgTUFOQUdFTUVOVCJ9LCJsZWFybmluZ1NwZWNpZmljYXRpb24iOnsiZWN0c0NyZWRpdFBvaW50cyI6MTIwLCJlcWZMZXZlbCI6NywiaWQiOiJodHRwczovL2xlYXN0b24uYmNkaXBsb21hLmNvbS9sYXctZWNvbm9taWNzLW1hbmFnZW1lbnQjTGVhcm5pbmdTcGVjaWZpY2F0aW9uIiwiaXNjZWRmQ29kZSI6WyI3Il0sIm5xZkxldmVsIjpbIjciXX19LCJjcmVkZW50aWFsU3RhdHVzIjp7ImlkIjoiaHR0cHM6Ly9lc3NpZi5ldXJvcGEuZXUvc3RhdHVzL2VkdWNhdGlvbiNoaWdoZXJFZHVjYXRpb24jMzkyYWM3ZjYtMzk5YS00MzdiLWEyNjgtNDY5MWVhZDhmMTc2IiwidHlwZSI6IkNyZWRlbnRpYWxTdGF0dXNMaXN0MjAyMCJ9LCJldmlkZW5jZSI6eyJkb2N1bWVudFByZXNlbmNlIjpbIlBoeXNpY2FsIl0sImV2aWRlbmNlRG9jdW1lbnQiOlsiUGFzc3BvcnQiXSwiaWQiOiJodHRwczovL2Vzc2lmLmV1cm9wYS5ldS90c3ItdmEvZXZpZGVuY2UvZjJhZWVjOTctZmMwZC00MmJmLThjYTctMDU0ODE5MmQ1Njc4Iiwic3ViamVjdFByZXNlbmNlIjoiUGh5c2ljYWwiLCJ0eXBlIjpbIkRvY3VtZW50VmVyaWZpY2F0aW9uIl0sInZlcmlmaWVyIjoiZGlkOmVic2k6Mjk2MmZiNzg0ZGY2MWJhYTI2N2M4MTMyNDk3NTM5ZjhjNjc0YjM3YzEyNDRhN2EifX0sImp0aSI6InVybjp1dWlkOjIwZTRlYzk2LThhMTUtNDU2Yi1iNDljLWU0YmM4YTc5MzhlZCJ9.SBg7H3M0atTr3RKKmgsGPt5kmp9tqt0trRij5r3dQWxjUzHqY-PmEQ6g2P3iZzp2uSY600ligs4X9-hZQQUQDQ
5227 [pool-1-thread-1 @coroutine#109] DEBUG id.walt.signatory.WaltIdSignatory - Signed VC is: eyJraWQiOiJkaWQ6a2V5Ono2TWt1YXF6dWlGNENBSlBrc0F5a3RqMWtDNmViRVlIWFp6WXNBOFVkQjdDM1Q3ZSN6Nk1rdWFxenVpRjRDQUpQa3NBeWt0ajFrQzZlYkVZSFhaellzQThVZEI3QzNUN2UiLCJ0eXAiOiJKV1QiLCJhbGciOiJFZERTQSJ9.eyJzdWIiOiJkaWQ6a2V5Ono2TWt1YXF6dWlGNENBSlBrc0F5a3RqMWtDNmViRVlIWFp6WXNBOFVkQjdDM1Q3ZSIsIm5iZiI6MTcyNjEzMzk4MCwiaXNzIjoiZGlkOmtleTp6Nk1rdWFxenVpRjRDQUpQa3NBeWt0ajFrQzZlYkVZSFhaellzQThVZEI3QzNUN2UiLCJpYXQiOjE3MjYxMzM5ODAsInZjIjp7InR5cGUiOlsiVmVyaWZpYWJsZUNyZWRlbnRpYWwiLCJWZXJpZmlhYmxlQXR0ZXN0YXRpb24iLCJWZXJpZmlhYmxlRGlwbG9tYSJdLCJAY29udGV4dCI6WyJodHRwczovL3d3dy53My5vcmcvMjAxOC9jcmVkZW50aWFscy92MSJdLCJpZCI6InVybjp1dWlkOjIwZTRlYzk2LThhMTUtNDU2Yi1iNDljLWU0YmM4YTc5MzhlZCIsImlzc3VlciI6ImRpZDprZXk6ejZNa3VhcXp1aUY0Q0FKUGtzQXlrdGoxa0M2ZWJFWUhYWnpZc0E4VWRCN0MzVDdlIiwiaXNzdWFuY2VEYXRlIjoiMjAyNC0wOS0xMlQwOTozOTo0MFoiLCJpc3N1ZWQiOiIyMDI0LTA5LTEyVDA5OjM5OjQwWiIsInZhbGlkRnJvbSI6IjIwMjQtMDktMTJUMDk6Mzk6NDBaIiwiZXhwaXJhdGlvbkRhdGUiOiIyMDIyLTA4LTMxVDAwOjAwOjAwWiIsImNyZWRlbnRpYWxTY2hlbWEiOnsiaWQiOiJodHRwczovL3Jhdy5naXRodWJ1c2VyY29udGVudC5jb20vd2FsdC1pZC93YWx0aWQtc3Npa2l0LXZjbGliL21hc3Rlci9zcmMvdGVzdC9yZXNvdXJjZXMvc2NoZW1hcy9WZXJpZmlhYmxlRGlwbG9tYS5qc29uIiwidHlwZSI6Ikpzb25TY2hlbWFWYWxpZGF0b3IyMDE4In0sImNyZWRlbnRpYWxTdWJqZWN0Ijp7ImlkIjoiZGlkOmtleTp6Nk1rdWFxenVpRjRDQUpQa3NBeWt0ajFrQzZlYkVZSFhaellzQThVZEI3QzNUN2UiLCJhd2FyZGluZ09wcG9ydHVuaXR5Ijp7ImF3YXJkaW5nQm9keSI6eyJlaWRhc0xlZ2FsSWRlbnRpZmllciI6IlVua25vd24iLCJob21lcGFnZSI6Imh0dHBzOi8vbGVhc3Rvbi5iY2RpcGxvbWEuY29tLyIsImlkIjoiZGlkOmVic2k6MkE5Qlo5U1VlNkJhdGFjU3B2czFWNUNkakh2THBRN2JFc2kySmI2TGRIS25ReGFOIiwicHJlZmVycmVkTmFtZSI6IkxlYXN0b24gVW5pdmVyc2l0eSIsInJlZ2lzdHJhdGlvbiI6IjA1OTcwNjVKIn0sImVuZGVkQXRUaW1lIjoiMjAyMC0wNi0yNlQwMDowMDowMFoiLCJpZCI6Imh0dHBzOi8vbGVhc3Rvbi5iY2RpcGxvbWEuY29tL2xhdy1lY29ub21pY3MtbWFuYWdlbWVudCNBd2FyZGluZ09wcG9ydHVuaXR5IiwiaWRlbnRpZmllciI6Imh0dHBzOi8vY2VydGlmaWNhdGUtZGVtby5iY2RpcGxvbWEuY29tL2NoZWNrLzg3RUQyRjIyNzBFNkM0MTQ1NkU5NEI4NkI5RDkxMTVCNEUzNUJDQ0FEMjAwQTQ5Qjg0NjU5MkMxNEY3OUM4NkJWMUZuYmxsdGEwTlpUbkprUjNsRFdsUm1URGxTUlVKRVZGWklTbU5tWXpKaFVVNXNaVUo1WjJGSlNIcFdibVpaIiwibG9jYXRpb24iOiJGUkFOQ0UiLCJzdGFydGVkQXRUaW1lIjoiMjAxOS0wOS0wMlQwMDowMDowMFoifSwiZGF0ZU9mQmlydGgiOiIxOTkzLTA0LTA4IiwiZmFtaWx5TmFtZSI6IkRPRSIsImdpdmVuTmFtZXMiOiJKYW5lIiwiZ3JhZGluZ1NjaGVtZSI6eyJpZCI6Imh0dHBzOi8vbGVhc3Rvbi5iY2RpcGxvbWEuY29tL2xhdy1lY29ub21pY3MtbWFuYWdlbWVudCNHcmFkaW5nU2NoZW1lIiwidGl0bGUiOiJMb3dlciBTZWNvbmQtQ2xhc3MgSG9ub3VycyJ9LCJpZGVudGlmaWVyIjoiMDkwNDAwODA4NEgiLCJsZWFybmluZ0FjaGlldmVtZW50Ijp7ImFkZGl0aW9uYWxOb3RlIjpbIkRJU1RSSUJVVElPTiBNQU5BR0VNRU5UIl0sImRlc2NyaXB0aW9uIjoiTUFSS0VUSU5HIEFORCBTQUxFUyIsImlkIjoiaHR0cHM6Ly9sZWFzdG9uLmJjZGlwbG9tYS5jb20vbGF3LWVjb25vbWljcy1tYW5hZ2VtZW50I0xlYXJuaW5nQWNoaWV2bWVudCIsInRpdGxlIjoiTUFTVEVSUyBMQVcsIEVDT05PTUlDUyBBTkQgTUFOQUdFTUVOVCJ9LCJsZWFybmluZ1NwZWNpZmljYXRpb24iOnsiZWN0c0NyZWRpdFBvaW50cyI6MTIwLCJlcWZMZXZlbCI6NywiaWQiOiJodHRwczovL2xlYXN0b24uYmNkaXBsb21hLmNvbS9sYXctZWNvbm9taWNzLW1hbmFnZW1lbnQjTGVhcm5pbmdTcGVjaWZpY2F0aW9uIiwiaXNjZWRmQ29kZSI6WyI3Il0sIm5xZkxldmVsIjpbIjciXX19LCJjcmVkZW50aWFsU3RhdHVzIjp7ImlkIjoiaHR0cHM6Ly9lc3NpZi5ldXJvcGEuZXUvc3RhdHVzL2VkdWNhdGlvbiNoaWdoZXJFZHVjYXRpb24jMzkyYWM3ZjYtMzk5YS00MzdiLWEyNjgtNDY5MWVhZDhmMTc2IiwidHlwZSI6IkNyZWRlbnRpYWxTdGF0dXNMaXN0MjAyMCJ9LCJldmlkZW5jZSI6eyJkb2N1bWVudFByZXNlbmNlIjpbIlBoeXNpY2FsIl0sImV2aWRlbmNlRG9jdW1lbnQiOlsiUGFzc3BvcnQiXSwiaWQiOiJodHRwczovL2Vzc2lmLmV1cm9wYS5ldS90c3ItdmEvZXZpZGVuY2UvZjJhZWVjOTctZmMwZC00MmJmLThjYTctMDU0ODE5MmQ1Njc4Iiwic3ViamVjdFByZXNlbmNlIjoiUGh5c2ljYWwiLCJ0eXBlIjpbIkRvY3VtZW50VmVyaWZpY2F0aW9uIl0sInZlcmlmaWVyIjoiZGlkOmVic2k6Mjk2MmZiNzg0ZGY2MWJhYTI2N2M4MTMyNDk3NTM5ZjhjNjc0YjM3YzEyNDRhN2EifX0sImp0aSI6InVybjp1dWlkOjIwZTRlYzk2LThhMTUtNDU2Yi1iNDljLWU0YmM4YTc5MzhlZCJ9.SBg7H3M0atTr3RKKmgsGPt5kmp9tqt0trRij5r3dQWxjUzHqY-PmEQ6g2P3iZzp2uSY600ligs4X9-hZQQUQDQ
5228 [pool-1-thread-1 @coroutine#109] DEBUG id.walt.services.vc.WaltIdJwtCredentialService - Creating a presentation for VCs:
[PresentableCredential(verifiableCredential=eyJraWQiOiJkaWQ6a2V5Ono2TWt1YXF6dWlGNENBSlBrc0F5a3RqMWtDNmViRVlIWFp6WXNBOFVkQjdDM1Q3ZSN6Nk1rdWFxenVpRjRDQUpQa3NBeWt0ajFrQzZlYkVZSFhaellzQThVZEI3QzNUN2UiLCJ0eXAiOiJKV1QiLCJhbGciOiJFZERTQSJ9.eyJzdWIiOiJkaWQ6a2V5Ono2TWt1YXF6dWlGNENBSlBrc0F5a3RqMWtDNmViRVlIWFp6WXNBOFVkQjdDM1Q3ZSIsIm5iZiI6MTcyNjEzMzk4MCwiaXNzIjoiZGlkOmtleTp6Nk1rdWFxenVpRjRDQUpQa3NBeWt0ajFrQzZlYkVZSFhaellzQThVZEI3QzNUN2UiLCJpYXQiOjE3MjYxMzM5ODAsInZjIjp7InR5cGUiOlsiVmVyaWZpYWJsZUNyZWRlbnRpYWwiLCJWZXJpZmlhYmxlQXR0ZXN0YXRpb24iLCJWZXJpZmlhYmxlRGlwbG9tYSJdLCJAY29udGV4dCI6WyJodHRwczovL3d3dy53My5vcmcvMjAxOC9jcmVkZW50aWFscy92MSJdLCJpZCI6InVybjp1dWlkOjIwZTRlYzk2LThhMTUtNDU2Yi1iNDljLWU0YmM4YTc5MzhlZCIsImlzc3VlciI6ImRpZDprZXk6ejZNa3VhcXp1aUY0Q0FKUGtzQXlrdGoxa0M2ZWJFWUhYWnpZc0E4VWRCN0MzVDdlIiwiaXNzdWFuY2VEYXRlIjoiMjAyNC0wOS0xMlQwOTozOTo0MFoiLCJpc3N1ZWQiOiIyMDI0LTA5LTEyVDA5OjM5OjQwWiIsInZhbGlkRnJvbSI6IjIwMjQtMDktMTJUMDk6Mzk6NDBaIiwiZXhwaXJhdGlvbkRhdGUiOiIyMDIyLTA4LTMxVDAwOjAwOjAwWiIsImNyZWRlbnRpYWxTY2hlbWEiOnsiaWQiOiJodHRwczovL3Jhdy5naXRodWJ1c2VyY29udGVudC5jb20vd2FsdC1pZC93YWx0aWQtc3Npa2l0LXZjbGliL21hc3Rlci9zcmMvdGVzdC9yZXNvdXJjZXMvc2NoZW1hcy9WZXJpZmlhYmxlRGlwbG9tYS5qc29uIiwidHlwZSI6Ikpzb25TY2hlbWFWYWxpZGF0b3IyMDE4In0sImNyZWRlbnRpYWxTdWJqZWN0Ijp7ImlkIjoiZGlkOmtleTp6Nk1rdWFxenVpRjRDQUpQa3NBeWt0ajFrQzZlYkVZSFhaellzQThVZEI3QzNUN2UiLCJhd2FyZGluZ09wcG9ydHVuaXR5Ijp7ImF3YXJkaW5nQm9keSI6eyJlaWRhc0xlZ2FsSWRlbnRpZmllciI6IlVua25vd24iLCJob21lcGFnZSI6Imh0dHBzOi8vbGVhc3Rvbi5iY2RpcGxvbWEuY29tLyIsImlkIjoiZGlkOmVic2k6MkE5Qlo5U1VlNkJhdGFjU3B2czFWNUNkakh2THBRN2JFc2kySmI2TGRIS25ReGFOIiwicHJlZmVycmVkTmFtZSI6IkxlYXN0b24gVW5pdmVyc2l0eSIsInJlZ2lzdHJhdGlvbiI6IjA1OTcwNjVKIn0sImVuZGVkQXRUaW1lIjoiMjAyMC0wNi0yNlQwMDowMDowMFoiLCJpZCI6Imh0dHBzOi8vbGVhc3Rvbi5iY2RpcGxvbWEuY29tL2xhdy1lY29ub21pY3MtbWFuYWdlbWVudCNBd2FyZGluZ09wcG9ydHVuaXR5IiwiaWRlbnRpZmllciI6Imh0dHBzOi8vY2VydGlmaWNhdGUtZGVtby5iY2RpcGxvbWEuY29tL2NoZWNrLzg3RUQyRjIyNzBFNkM0MTQ1NkU5NEI4NkI5RDkxMTVCNEUzNUJDQ0FEMjAwQTQ5Qjg0NjU5MkMxNEY3OUM4NkJWMUZuYmxsdGEwTlpUbkprUjNsRFdsUm1URGxTUlVKRVZGWklTbU5tWXpKaFVVNXNaVUo1WjJGSlNIcFdibVpaIiwibG9jYXRpb24iOiJGUkFOQ0UiLCJzdGFydGVkQXRUaW1lIjoiMjAxOS0wOS0wMlQwMDowMDowMFoifSwiZGF0ZU9mQmlydGgiOiIxOTkzLTA0LTA4IiwiZmFtaWx5TmFtZSI6IkRPRSIsImdpdmVuTmFtZXMiOiJKYW5lIiwiZ3JhZGluZ1NjaGVtZSI6eyJpZCI6Imh0dHBzOi8vbGVhc3Rvbi5iY2RpcGxvbWEuY29tL2xhdy1lY29ub21pY3MtbWFuYWdlbWVudCNHcmFkaW5nU2NoZW1lIiwidGl0bGUiOiJMb3dlciBTZWNvbmQtQ2xhc3MgSG9ub3VycyJ9LCJpZGVudGlmaWVyIjoiMDkwNDAwODA4NEgiLCJsZWFybmluZ0FjaGlldmVtZW50Ijp7ImFkZGl0aW9uYWxOb3RlIjpbIkRJU1RSSUJVVElPTiBNQU5BR0VNRU5UIl0sImRlc2NyaXB0aW9uIjoiTUFSS0VUSU5HIEFORCBTQUxFUyIsImlkIjoiaHR0cHM6Ly9sZWFzdG9uLmJjZGlwbG9tYS5jb20vbGF3LWVjb25vbWljcy1tYW5hZ2VtZW50I0xlYXJuaW5nQWNoaWV2bWVudCIsInRpdGxlIjoiTUFTVEVSUyBMQVcsIEVDT05PTUlDUyBBTkQgTUFOQUdFTUVOVCJ9LCJsZWFybmluZ1NwZWNpZmljYXRpb24iOnsiZWN0c0NyZWRpdFBvaW50cyI6MTIwLCJlcWZMZXZlbCI6NywiaWQiOiJodHRwczovL2xlYXN0b24uYmNkaXBsb21hLmNvbS9sYXctZWNvbm9taWNzLW1hbmFnZW1lbnQjTGVhcm5pbmdTcGVjaWZpY2F0aW9uIiwiaXNjZWRmQ29kZSI6WyI3Il0sIm5xZkxldmVsIjpbIjciXX19LCJjcmVkZW50aWFsU3RhdHVzIjp7ImlkIjoiaHR0cHM6Ly9lc3NpZi5ldXJvcGEuZXUvc3RhdHVzL2VkdWNhdGlvbiNoaWdoZXJFZHVjYXRpb24jMzkyYWM3ZjYtMzk5YS00MzdiLWEyNjgtNDY5MWVhZDhmMTc2IiwidHlwZSI6IkNyZWRlbnRpYWxTdGF0dXNMaXN0MjAyMCJ9LCJldmlkZW5jZSI6eyJkb2N1bWVudFByZXNlbmNlIjpbIlBoeXNpY2FsIl0sImV2aWRlbmNlRG9jdW1lbnQiOlsiUGFzc3BvcnQiXSwiaWQiOiJodHRwczovL2Vzc2lmLmV1cm9wYS5ldS90c3ItdmEvZXZpZGVuY2UvZjJhZWVjOTctZmMwZC00MmJmLThjYTctMDU0ODE5MmQ1Njc4Iiwic3ViamVjdFByZXNlbmNlIjoiUGh5c2ljYWwiLCJ0eXBlIjpbIkRvY3VtZW50VmVyaWZpY2F0aW9uIl0sInZlcmlmaWVyIjoiZGlkOmVic2k6Mjk2MmZiNzg0ZGY2MWJhYTI2N2M4MTMyNDk3NTM5ZjhjNjc0YjM3YzEyNDRhN2EifX0sImp0aSI6InVybjp1dWlkOjIwZTRlYzk2LThhMTUtNDU2Yi1iNDljLWU0YmM4YTc5MzhlZCJ9.SBg7H3M0atTr3RKKmgsGPt5kmp9tqt0trRij5r3dQWxjUzHqY-PmEQ6g2P3iZzp2uSY600ligs4X9-hZQQUQDQ, selectiveDisclosure=null, discloseAll=false)]
5228 [pool-1-thread-1 @coroutine#109] DEBUG id.walt.model.DidUrl - Trying to create DidUrl from URL: "did:key:z6MkuaqzuiF4CAJPksAyktj1kC6ebEYHXZzYsA8UdB7C3T7e"...
5229 [pool-1-thread-1 @coroutine#109] DEBUG id.walt.services.vc.WaltIdJwtCredentialService - Signing JWT object with config: ProofConfig(issuerDid=did:key:z6MkuaqzuiF4CAJPksAyktj1kC6ebEYHXZzYsA8UdB7C3T7e, subjectDid=did:key:z6MkuaqzuiF4CAJPksAyktj1kC6ebEYHXZzYsA8UdB7C3T7e, verifierDid=did:key:z6MkuaqzuiF4CAJPksAyktj1kC6ebEYHXZzYsA8UdB7C3T7e, issuerVerificationMethod=did:key:z6MkuaqzuiF4CAJPksAyktj1kC6ebEYHXZzYsA8UdB7C3T7e#z6MkuaqzuiF4CAJPksAyktj1kC6ebEYHXZzYsA8UdB7C3T7e, proofType=JWT, domain=null, nonce=abcd, proofPurpose=null, credentialId=urn:uuid:846f676d-6581-431b-aa6a-5eda020ca159, issueDate=null, validDate=null, expirationDate=null, dataProviderIdentifier=null, ldSignatureType=null, creator=did:key:z6MkuaqzuiF4CAJPksAyktj1kC6ebEYHXZzYsA8UdB7C3T7e, ecosystem=DEFAULT, statusType=null, statusPurpose=revocation, credentialsEndpoint=null, selectiveDisclosure=null)
5229 [pool-1-thread-1 @coroutine#109] DEBUG id.walt.services.vc.WaltIdJwtCredentialService - Signing: {"sub":"did:key:z6MkuaqzuiF4CAJPksAyktj1kC6ebEYHXZzYsA8UdB7C3T7e","aud":"did:key:z6MkuaqzuiF4CAJPksAyktj1kC6ebEYHXZzYsA8UdB7C3T7e","nbf":1726133980,"iss":"did:key:z6MkuaqzuiF4CAJPksAyktj1kC6ebEYHXZzYsA8UdB7C3T7e","vp":{"type":["VerifiablePresentation"],"@context":["https://www.w3.org/2018/credentials/v1"],"id":"urn:uuid:846f676d-6581-431b-aa6a-5eda020ca159","holder":"did:key:z6MkuaqzuiF4CAJPksAyktj1kC6ebEYHXZzYsA8UdB7C3T7e","verifiableCredential":["eyJraWQiOiJkaWQ6a2V5Ono2TWt1YXF6dWlGNENBSlBrc0F5a3RqMWtDNmViRVlIWFp6WXNBOFVkQjdDM1Q3ZSN6Nk1rdWFxenVpRjRDQUpQa3NBeWt0ajFrQzZlYkVZSFhaellzQThVZEI3QzNUN2UiLCJ0eXAiOiJKV1QiLCJhbGciOiJFZERTQSJ9.eyJzdWIiOiJkaWQ6a2V5Ono2TWt1YXF6dWlGNENBSlBrc0F5a3RqMWtDNmViRVlIWFp6WXNBOFVkQjdDM1Q3ZSIsIm5iZiI6MTcyNjEzMzk4MCwiaXNzIjoiZGlkOmtleTp6Nk1rdWFxenVpRjRDQUpQa3NBeWt0ajFrQzZlYkVZSFhaellzQThVZEI3QzNUN2UiLCJpYXQiOjE3MjYxMzM5ODAsInZjIjp7InR5cGUiOlsiVmVyaWZpYWJsZUNyZWRlbnRpYWwiLCJWZXJpZmlhYmxlQXR0ZXN0YXRpb24iLCJWZXJpZmlhYmxlRGlwbG9tYSJdLCJAY29udGV4dCI6WyJodHRwczovL3d3dy53My5vcmcvMjAxOC9jcmVkZW50aWFscy92MSJdLCJpZCI6InVybjp1dWlkOjIwZTRlYzk2LThhMTUtNDU2Yi1iNDljLWU0YmM4YTc5MzhlZCIsImlzc3VlciI6ImRpZDprZXk6ejZNa3VhcXp1aUY0Q0FKUGtzQXlrdGoxa0M2ZWJFWUhYWnpZc0E4VWRCN0MzVDdlIiwiaXNzdWFuY2VEYXRlIjoiMjAyNC0wOS0xMlQwOTozOTo0MFoiLCJpc3N1ZWQiOiIyMDI0LTA5LTEyVDA5OjM5OjQwWiIsInZhbGlkRnJvbSI6IjIwMjQtMDktMTJUMDk6Mzk6NDBaIiwiZXhwaXJhdGlvbkRhdGUiOiIyMDIyLTA4LTMxVDAwOjAwOjAwWiIsImNyZWRlbnRpYWxTY2hlbWEiOnsiaWQiOiJodHRwczovL3Jhdy5naXRodWJ1c2VyY29udGVudC5jb20vd2FsdC1pZC93YWx0aWQtc3Npa2l0LXZjbGliL21hc3Rlci9zcmMvdGVzdC9yZXNvdXJjZXMvc2NoZW1hcy9WZXJpZmlhYmxlRGlwbG9tYS5qc29uIiwidHlwZSI6Ikpzb25TY2hlbWFWYWxpZGF0b3IyMDE4In0sImNyZWRlbnRpYWxTdWJqZWN0Ijp7ImlkIjoiZGlkOmtleTp6Nk1rdWFxenVpRjRDQUpQa3NBeWt0ajFrQzZlYkVZSFhaellzQThVZEI3QzNUN2UiLCJhd2FyZGluZ09wcG9ydHVuaXR5Ijp7ImF3YXJkaW5nQm9keSI6eyJlaWRhc0xlZ2FsSWRlbnRpZmllciI6IlVua25vd24iLCJob21lcGFnZSI6Imh0dHBzOi8vbGVhc3Rvbi5iY2RpcGxvbWEuY29tLyIsImlkIjoiZGlkOmVic2k6MkE5Qlo5U1VlNkJhdGFjU3B2czFWNUNkakh2THBRN2JFc2kySmI2TGRIS25ReGFOIiwicHJlZmVycmVkTmFtZSI6IkxlYXN0b24gVW5pdmVyc2l0eSIsInJlZ2lzdHJhdGlvbiI6IjA1OTcwNjVKIn0sImVuZGVkQXRUaW1lIjoiMjAyMC0wNi0yNlQwMDowMDowMFoiLCJpZCI6Imh0dHBzOi8vbGVhc3Rvbi5iY2RpcGxvbWEuY29tL2xhdy1lY29ub21pY3MtbWFuYWdlbWVudCNBd2FyZGluZ09wcG9ydHVuaXR5IiwiaWRlbnRpZmllciI6Imh0dHBzOi8vY2VydGlmaWNhdGUtZGVtby5iY2RpcGxvbWEuY29tL2NoZWNrLzg3RUQyRjIyNzBFNkM0MTQ1NkU5NEI4NkI5RDkxMTVCNEUzNUJDQ0FEMjAwQTQ5Qjg0NjU5MkMxNEY3OUM4NkJWMUZuYmxsdGEwTlpUbkprUjNsRFdsUm1URGxTUlVKRVZGWklTbU5tWXpKaFVVNXNaVUo1WjJGSlNIcFdibVpaIiwibG9jYXRpb24iOiJGUkFOQ0UiLCJzdGFydGVkQXRUaW1lIjoiMjAxOS0wOS0wMlQwMDowMDowMFoifSwiZGF0ZU9mQmlydGgiOiIxOTkzLTA0LTA4IiwiZmFtaWx5TmFtZSI6IkRPRSIsImdpdmVuTmFtZXMiOiJKYW5lIiwiZ3JhZGluZ1NjaGVtZSI6eyJpZCI6Imh0dHBzOi8vbGVhc3Rvbi5iY2RpcGxvbWEuY29tL2xhdy1lY29ub21pY3MtbWFuYWdlbWVudCNHcmFkaW5nU2NoZW1lIiwidGl0bGUiOiJMb3dlciBTZWNvbmQtQ2xhc3MgSG9ub3VycyJ9LCJpZGVudGlmaWVyIjoiMDkwNDAwODA4NEgiLCJsZWFybmluZ0FjaGlldmVtZW50Ijp7ImFkZGl0aW9uYWxOb3RlIjpbIkRJU1RSSUJVVElPTiBNQU5BR0VNRU5UIl0sImRlc2NyaXB0aW9uIjoiTUFSS0VUSU5HIEFORCBTQUxFUyIsImlkIjoiaHR0cHM6Ly9sZWFzdG9uLmJjZGlwbG9tYS5jb20vbGF3LWVjb25vbWljcy1tYW5hZ2VtZW50I0xlYXJuaW5nQWNoaWV2bWVudCIsInRpdGxlIjoiTUFTVEVSUyBMQVcsIEVDT05PTUlDUyBBTkQgTUFOQUdFTUVOVCJ9LCJsZWFybmluZ1NwZWNpZmljYXRpb24iOnsiZWN0c0NyZWRpdFBvaW50cyI6MTIwLCJlcWZMZXZlbCI6NywiaWQiOiJodHRwczovL2xlYXN0b24uYmNkaXBsb21hLmNvbS9sYXctZWNvbm9taWNzLW1hbmFnZW1lbnQjTGVhcm5pbmdTcGVjaWZpY2F0aW9uIiwiaXNjZWRmQ29kZSI6WyI3Il0sIm5xZkxldmVsIjpbIjciXX19LCJjcmVkZW50aWFsU3RhdHVzIjp7ImlkIjoiaHR0cHM6Ly9lc3NpZi5ldXJvcGEuZXUvc3RhdHVzL2VkdWNhdGlvbiNoaWdoZXJFZHVjYXRpb24jMzkyYWM3ZjYtMzk5YS00MzdiLWEyNjgtNDY5MWVhZDhmMTc2IiwidHlwZSI6IkNyZWRlbnRpYWxTdGF0dXNMaXN0MjAyMCJ9LCJldmlkZW5jZSI6eyJkb2N1bWVudFByZXNlbmNlIjpbIlBoeXNpY2FsIl0sImV2aWRlbmNlRG9jdW1lbnQiOlsiUGFzc3BvcnQiXSwiaWQiOiJodHRwczovL2Vzc2lmLmV1cm9wYS5ldS90c3ItdmEvZXZpZGVuY2UvZjJhZWVjOTctZmMwZC00MmJmLThjYTctMDU0ODE5MmQ1Njc4Iiwic3ViamVjdFByZXNlbmNlIjoiUGh5c2ljYWwiLCJ0eXBlIjpbIkRvY3VtZW50VmVyaWZpY2F0aW9uIl0sInZlcmlmaWVyIjoiZGlkOmVic2k6Mjk2MmZiNzg0ZGY2MWJhYTI2N2M4MTMyNDk3NTM5ZjhjNjc0YjM3YzEyNDRhN2EifX0sImp0aSI6InVybjp1dWlkOjIwZTRlYzk2LThhMTUtNDU2Yi1iNDljLWU0YmM4YTc5MzhlZCJ9.SBg7H3M0atTr3RKKmgsGPt5kmp9tqt0trRij5r3dQWxjUzHqY-PmEQ6g2P3iZzp2uSY600ligs4X9-hZQQUQDQ"]},"iat":1726133980,"nonce":"abcd","jti":"urn:uuid:846f676d-6581-431b-aa6a-5eda020ca159"}
5230 [pool-1-thread-1 @coroutine#109] DEBUG id.walt.services.keystore.HKVKeyStoreService - Loading key "did:key:z6MkuaqzuiF4CAJPksAyktj1kC6ebEYHXZzYsA8UdB7C3T7e#z6MkuaqzuiF4CAJPksAyktj1kC6ebEYHXZzYsA8UdB7C3T7e".
5230 [pool-1-thread-1 @coroutine#109] DEBUG id.walt.services.jwt.WaltIdJwtService - Signing JWT with algorithm: EdDSA_Ed25519
5230 [pool-1-thread-1 @coroutine#109] DEBUG id.walt.model.DidUrl - Trying to create DidUrl from URL: "did:key:z6MkuaqzuiF4CAJPksAyktj1kC6ebEYHXZzYsA8UdB7C3T7e#z6MkuaqzuiF4CAJPksAyktj1kC6ebEYHXZzYsA8UdB7C3T7e"...
5231 [pool-1-thread-1 @coroutine#109] DEBUG id.walt.services.keystore.HKVKeyStoreService - Loading key "05c3ffd9ec9041cda1e7f1c91fc33c61".
5232 [pool-1-thread-1 @coroutine#109] DEBUG id.walt.services.jwt.WaltIdJwtService - Signed JWT:  eyJraWQiOiJkaWQ6a2V5Ono2TWt1YXF6dWlGNENBSlBrc0F5a3RqMWtDNmViRVlIWFp6WXNBOFVkQjdDM1Q3ZSN6Nk1rdWFxenVpRjRDQUpQa3NBeWt0ajFrQzZlYkVZSFhaellzQThVZEI3QzNUN2UiLCJ0eXAiOiJKV1QiLCJhbGciOiJFZERTQSJ9.eyJzdWIiOiJkaWQ6a2V5Ono2TWt1YXF6dWlGNENBSlBrc0F5a3RqMWtDNmViRVlIWFp6WXNBOFVkQjdDM1Q3ZSIsImF1ZCI6ImRpZDprZXk6ejZNa3VhcXp1aUY0Q0FKUGtzQXlrdGoxa0M2ZWJFWUhYWnpZc0E4VWRCN0MzVDdlIiwibmJmIjoxNzI2MTMzOTgwLCJpc3MiOiJkaWQ6a2V5Ono2TWt1YXF6dWlGNENBSlBrc0F5a3RqMWtDNmViRVlIWFp6WXNBOFVkQjdDM1Q3ZSIsInZwIjp7InR5cGUiOlsiVmVyaWZpYWJsZVByZXNlbnRhdGlvbiJdLCJAY29udGV4dCI6WyJodHRwczovL3d3dy53My5vcmcvMjAxOC9jcmVkZW50aWFscy92MSJdLCJpZCI6InVybjp1dWlkOjg0NmY2NzZkLTY1ODEtNDMxYi1hYTZhLTVlZGEwMjBjYTE1OSIsImhvbGRlciI6ImRpZDprZXk6ejZNa3VhcXp1aUY0Q0FKUGtzQXlrdGoxa0M2ZWJFWUhYWnpZc0E4VWRCN0MzVDdlIiwidmVyaWZpYWJsZUNyZWRlbnRpYWwiOlsiZXlKcmFXUWlPaUprYVdRNmEyVjVPbm8yVFd0MVlYRjZkV2xHTkVOQlNsQnJjMEY1YTNScU1XdERObVZpUlZsSVdGcDZXWE5CT0ZWa1FqZERNMVEzWlNONk5rMXJkV0Z4ZW5WcFJqUkRRVXBRYTNOQmVXdDBhakZyUXpabFlrVlpTRmhhZWxselFUaFZaRUkzUXpOVU4yVWlMQ0owZVhBaU9pSktWMVFpTENKaGJHY2lPaUpGWkVSVFFTSjkuZXlKemRXSWlPaUprYVdRNmEyVjVPbm8yVFd0MVlYRjZkV2xHTkVOQlNsQnJjMEY1YTNScU1XdERObVZpUlZsSVdGcDZXWE5CT0ZWa1FqZERNMVEzWlNJc0ltNWlaaUk2TVRjeU5qRXpNems0TUN3aWFYTnpJam9pWkdsa09tdGxlVHA2TmsxcmRXRnhlblZwUmpSRFFVcFFhM05CZVd0MGFqRnJRelpsWWtWWlNGaGFlbGx6UVRoVlpFSTNRek5VTjJVaUxDSnBZWFFpT2pFM01qWXhNek01T0RBc0luWmpJanA3SW5SNWNHVWlPbHNpVm1WeWFXWnBZV0pzWlVOeVpXUmxiblJwWVd3aUxDSldaWEpwWm1saFlteGxRWFIwWlhOMFlYUnBiMjRpTENKV1pYSnBabWxoWW14bFJHbHdiRzl0WVNKZExDSkFZMjl1ZEdWNGRDSTZXeUpvZEhSd2N6b3ZMM2QzZHk1M015NXZjbWN2TWpBeE9DOWpjbVZrWlc1MGFXRnNjeTkyTVNKZExDSnBaQ0k2SW5WeWJqcDFkV2xrT2pJd1pUUmxZemsyTFRoaE1UVXRORFUyWWkxaU5EbGpMV1UwWW1NNFlUYzVNemhsWkNJc0ltbHpjM1ZsY2lJNkltUnBaRHByWlhrNmVqWk5hM1ZoY1hwMWFVWTBRMEZLVUd0elFYbHJkR294YTBNMlpXSkZXVWhZV25wWmMwRTRWV1JDTjBNelZEZGxJaXdpYVhOemRXRnVZMlZFWVhSbElqb2lNakF5TkMwd09TMHhNbFF3T1Rvek9UbzBNRm9pTENKcGMzTjFaV1FpT2lJeU1ESTBMVEE1TFRFeVZEQTVPak01T2pRd1dpSXNJblpoYkdsa1JuSnZiU0k2SWpJd01qUXRNRGt0TVRKVU1EazZNems2TkRCYUlpd2laWGh3YVhKaGRHbHZia1JoZEdVaU9pSXlNREl5TFRBNExUTXhWREF3T2pBd09qQXdXaUlzSW1OeVpXUmxiblJwWVd4VFkyaGxiV0VpT25zaWFXUWlPaUpvZEhSd2N6b3ZMM0poZHk1bmFYUm9kV0oxYzJWeVkyOXVkR1Z1ZEM1amIyMHZkMkZzZEMxcFpDOTNZV3gwYVdRdGMzTnBhMmwwTFhaamJHbGlMMjFoYzNSbGNpOXpjbU12ZEdWemRDOXlaWE52ZFhKalpYTXZjMk5vWlcxaGN5OVdaWEpwWm1saFlteGxSR2x3Ykc5dFlTNXFjMjl1SWl3aWRIbHdaU0k2SWtwemIyNVRZMmhsYldGV1lXeHBaR0YwYjNJeU1ERTRJbjBzSW1OeVpXUmxiblJwWVd4VGRXSnFaV04wSWpwN0ltbGtJam9pWkdsa09tdGxlVHA2TmsxcmRXRnhlblZwUmpSRFFVcFFhM05CZVd0MGFqRnJRelpsWWtWWlNGaGFlbGx6UVRoVlpFSTNRek5VTjJVaUxDSmhkMkZ5WkdsdVowOXdjRzl5ZEhWdWFYUjVJanA3SW1GM1lYSmthVzVuUW05a2VTSTZleUpsYVdSaGMweGxaMkZzU1dSbGJuUnBabWxsY2lJNklsVnVhMjV2ZDI0aUxDSm9iMjFsY0dGblpTSTZJbWgwZEhCek9pOHZiR1ZoYzNSdmJpNWlZMlJwY0d4dmJXRXVZMjl0THlJc0ltbGtJam9pWkdsa09tVmljMms2TWtFNVFsbzVVMVZsTmtKaGRHRmpVM0IyY3pGV05VTmtha2gyVEhCUk4ySkZjMmt5U21JMlRHUklTMjVSZUdGT0lpd2ljSEpsWm1WeWNtVmtUbUZ0WlNJNklreGxZWE4wYjI0Z1ZXNXBkbVZ5YzJsMGVTSXNJbkpsWjJsemRISmhkR2x2YmlJNklqQTFPVGN3TmpWS0luMHNJbVZ1WkdWa1FYUlVhVzFsSWpvaU1qQXlNQzB3TmkweU5sUXdNRG93TURvd01Gb2lMQ0pwWkNJNkltaDBkSEJ6T2k4dmJHVmhjM1J2Ymk1aVkyUnBjR3h2YldFdVkyOXRMMnhoZHkxbFkyOXViMjFwWTNNdGJXRnVZV2RsYldWdWRDTkJkMkZ5WkdsdVowOXdjRzl5ZEhWdWFYUjVJaXdpYVdSbGJuUnBabWxsY2lJNkltaDBkSEJ6T2k4dlkyVnlkR2xtYVdOaGRHVXRaR1Z0Ynk1aVkyUnBjR3h2YldFdVkyOXRMMk5vWldOckx6ZzNSVVF5UmpJeU56QkZOa00wTVRRMU5rVTVORUk0TmtJNVJEa3hNVFZDTkVVek5VSkRRMEZFTWpBd1FUUTVRamcwTmpVNU1rTXhORVkzT1VNNE5rSldNVVp1WW14c2RHRXdUbHBVYmtwclVqTnNSRmRzVW0xVVJHeFRVbFZLUlZaR1drbFRiVTV0V1hwS2FGVlZOWE5hVlVvMVdqSkdTbE5JY0ZkaWJWcGFJaXdpYkc5allYUnBiMjRpT2lKR1VrRk9RMFVpTENKemRHRnlkR1ZrUVhSVWFXMWxJam9pTWpBeE9TMHdPUzB3TWxRd01Eb3dNRG93TUZvaWZTd2laR0YwWlU5bVFtbHlkR2dpT2lJeE9Ua3pMVEEwTFRBNElpd2labUZ0YVd4NVRtRnRaU0k2SWtSUFJTSXNJbWRwZG1WdVRtRnRaWE1pT2lKS1lXNWxJaXdpWjNKaFpHbHVaMU5qYUdWdFpTSTZleUpwWkNJNkltaDBkSEJ6T2k4dmJHVmhjM1J2Ymk1aVkyUnBjR3h2YldFdVkyOXRMMnhoZHkxbFkyOXViMjFwWTNNdGJXRnVZV2RsYldWdWRDTkhjbUZrYVc1blUyTm9aVzFsSWl3aWRHbDBiR1VpT2lKTWIzZGxjaUJUWldOdmJtUXRRMnhoYzNNZ1NHOXViM1Z5Y3lKOUxDSnBaR1Z1ZEdsbWFXVnlJam9pTURrd05EQXdPREE0TkVnaUxDSnNaV0Z5Ym1sdVowRmphR2xsZG1WdFpXNTBJanA3SW1Ga1pHbDBhVzl1WVd4T2IzUmxJanBiSWtSSlUxUlNTVUpWVkVsUFRpQk5RVTVCUjBWTlJVNVVJbDBzSW1SbGMyTnlhWEIwYVc5dUlqb2lUVUZTUzBWVVNVNUhJRUZPUkNCVFFVeEZVeUlzSW1sa0lqb2lhSFIwY0hNNkx5OXNaV0Z6ZEc5dUxtSmpaR2x3Ykc5dFlTNWpiMjB2YkdGM0xXVmpiMjV2YldsamN5MXRZVzVoWjJWdFpXNTBJMHhsWVhKdWFXNW5RV05vYVdWMmJXVnVkQ0lzSW5ScGRHeGxJam9pVFVGVFZFVlNVeUJNUVZjc0lFVkRUMDVQVFVsRFV5QkJUa1FnVFVGT1FVZEZUVVZPVkNKOUxDSnNaV0Z5Ym1sdVoxTndaV05wWm1sallYUnBiMjRpT25zaVpXTjBjME55WldScGRGQnZhVzUwY3lJNk1USXdMQ0psY1daTVpYWmxiQ0k2Tnl3aWFXUWlPaUpvZEhSd2N6b3ZMMnhsWVhOMGIyNHVZbU5rYVhCc2IyMWhMbU52YlM5c1lYY3RaV052Ym05dGFXTnpMVzFoYm1GblpXMWxiblFqVEdWaGNtNXBibWRUY0dWamFXWnBZMkYwYVc5dUlpd2lhWE5qWldSbVEyOWtaU0k2V3lJM0lsMHNJbTV4Wmt4bGRtVnNJanBiSWpjaVhYMTlMQ0pqY21Wa1pXNTBhV0ZzVTNSaGRIVnpJanA3SW1sa0lqb2lhSFIwY0hNNkx5OWxjM05wWmk1bGRYSnZjR0V1WlhVdmMzUmhkSFZ6TDJWa2RXTmhkR2x2YmlOb2FXZG9aWEpGWkhWallYUnBiMjRqTXpreVlXTTNaall0TXprNVlTMDBNemRpTFdFeU5qZ3RORFk1TVdWaFpEaG1NVGMySWl3aWRIbHdaU0k2SWtOeVpXUmxiblJwWVd4VGRHRjBkWE5NYVhOME1qQXlNQ0o5TENKbGRtbGtaVzVqWlNJNmV5SmtiMk4xYldWdWRGQnlaWE5sYm1ObElqcGJJbEJvZVhOcFkyRnNJbDBzSW1WMmFXUmxibU5sUkc5amRXMWxiblFpT2xzaVVHRnpjM0J2Y25RaVhTd2lhV1FpT2lKb2RIUndjem92TDJWemMybG1MbVYxY205d1lTNWxkUzkwYzNJdGRtRXZaWFpwWkdWdVkyVXZaakpoWldWak9UY3RabU13WkMwME1tSm1MVGhqWVRjdE1EVTBPREU1TW1RMU5qYzRJaXdpYzNWaWFtVmpkRkJ5WlhObGJtTmxJam9pVUdoNWMybGpZV3dpTENKMGVYQmxJanBiSWtSdlkzVnRaVzUwVm1WeWFXWnBZMkYwYVc5dUlsMHNJblpsY21sbWFXVnlJam9pWkdsa09tVmljMms2TWprMk1tWmlOemcwWkdZMk1XSmhZVEkyTjJNNE1UTXlORGszTlRNNVpqaGpOamMwWWpNM1l6RXlORFJoTjJFaWZYMHNJbXAwYVNJNkluVnlianAxZFdsa09qSXdaVFJsWXprMkxUaGhNVFV0TkRVMllpMWlORGxqTFdVMFltTTRZVGM1TXpobFpDSjkuU0JnN0gzTTBhdFRyM1JLS21nc0dQdDVrbXA5dHF0MHRyUmlqNXIzZFFXeGpVekhxWS1QbUVRNmcyUDNpWnpwMnVTWTYwMGxpZ3M0WDktaFpRUVVRRFEiXX0sImlhdCI6MTcyNjEzMzk4MCwibm9uY2UiOiJhYmNkIiwianRpIjoidXJuOnV1aWQ6ODQ2ZjY3NmQtNjU4MS00MzFiLWFhNmEtNWVkYTAyMGNhMTU5In0.0tmJSv0kmnLYjWtf_nn427G45XoHzB8y9qBumfUtE6MI3tIiPHGS5tlHlLkMIB1U6VMAhPpD8HezEreey_o3BQ
5233 [pool-1-thread-1 @coroutine#109] DEBUG id.walt.services.vc.WaltIdJwtCredentialService - VP created:eyJraWQiOiJkaWQ6a2V5Ono2TWt1YXF6dWlGNENBSlBrc0F5a3RqMWtDNmViRVlIWFp6WXNBOFVkQjdDM1Q3ZSN6Nk1rdWFxenVpRjRDQUpQa3NBeWt0ajFrQzZlYkVZSFhaellzQThVZEI3QzNUN2UiLCJ0eXAiOiJKV1QiLCJhbGciOiJFZERTQSJ9.eyJzdWIiOiJkaWQ6a2V5Ono2TWt1YXF6dWlGNENBSlBrc0F5a3RqMWtDNmViRVlIWFp6WXNBOFVkQjdDM1Q3ZSIsImF1ZCI6ImRpZDprZXk6ejZNa3VhcXp1aUY0Q0FKUGtzQXlrdGoxa0M2ZWJFWUhYWnpZc0E4VWRCN0MzVDdlIiwibmJmIjoxNzI2MTMzOTgwLCJpc3MiOiJkaWQ6a2V5Ono2TWt1YXF6dWlGNENBSlBrc0F5a3RqMWtDNmViRVlIWFp6WXNBOFVkQjdDM1Q3ZSIsInZwIjp7InR5cGUiOlsiVmVyaWZpYWJsZVByZXNlbnRhdGlvbiJdLCJAY29udGV4dCI6WyJodHRwczovL3d3dy53My5vcmcvMjAxOC9jcmVkZW50aWFscy92MSJdLCJpZCI6InVybjp1dWlkOjg0NmY2NzZkLTY1ODEtNDMxYi1hYTZhLTVlZGEwMjBjYTE1OSIsImhvbGRlciI6ImRpZDprZXk6ejZNa3VhcXp1aUY0Q0FKUGtzQXlrdGoxa0M2ZWJFWUhYWnpZc0E4VWRCN0MzVDdlIiwidmVyaWZpYWJsZUNyZWRlbnRpYWwiOlsiZXlKcmFXUWlPaUprYVdRNmEyVjVPbm8yVFd0MVlYRjZkV2xHTkVOQlNsQnJjMEY1YTNScU1XdERObVZpUlZsSVdGcDZXWE5CT0ZWa1FqZERNMVEzWlNONk5rMXJkV0Z4ZW5WcFJqUkRRVXBRYTNOQmVXdDBhakZyUXpabFlrVlpTRmhhZWxselFUaFZaRUkzUXpOVU4yVWlMQ0owZVhBaU9pSktWMVFpTENKaGJHY2lPaUpGWkVSVFFTSjkuZXlKemRXSWlPaUprYVdRNmEyVjVPbm8yVFd0MVlYRjZkV2xHTkVOQlNsQnJjMEY1YTNScU1XdERObVZpUlZsSVdGcDZXWE5CT0ZWa1FqZERNMVEzWlNJc0ltNWlaaUk2TVRjeU5qRXpNems0TUN3aWFYTnpJam9pWkdsa09tdGxlVHA2TmsxcmRXRnhlblZwUmpSRFFVcFFhM05CZVd0MGFqRnJRelpsWWtWWlNGaGFlbGx6UVRoVlpFSTNRek5VTjJVaUxDSnBZWFFpT2pFM01qWXhNek01T0RBc0luWmpJanA3SW5SNWNHVWlPbHNpVm1WeWFXWnBZV0pzWlVOeVpXUmxiblJwWVd3aUxDSldaWEpwWm1saFlteGxRWFIwWlhOMFlYUnBiMjRpTENKV1pYSnBabWxoWW14bFJHbHdiRzl0WVNKZExDSkFZMjl1ZEdWNGRDSTZXeUpvZEhSd2N6b3ZMM2QzZHk1M015NXZjbWN2TWpBeE9DOWpjbVZrWlc1MGFXRnNjeTkyTVNKZExDSnBaQ0k2SW5WeWJqcDFkV2xrT2pJd1pUUmxZemsyTFRoaE1UVXRORFUyWWkxaU5EbGpMV1UwWW1NNFlUYzVNemhsWkNJc0ltbHpjM1ZsY2lJNkltUnBaRHByWlhrNmVqWk5hM1ZoY1hwMWFVWTBRMEZLVUd0elFYbHJkR294YTBNMlpXSkZXVWhZV25wWmMwRTRWV1JDTjBNelZEZGxJaXdpYVhOemRXRnVZMlZFWVhSbElqb2lNakF5TkMwd09TMHhNbFF3T1Rvek9UbzBNRm9pTENKcGMzTjFaV1FpT2lJeU1ESTBMVEE1TFRFeVZEQTVPak01T2pRd1dpSXNJblpoYkdsa1JuSnZiU0k2SWpJd01qUXRNRGt0TVRKVU1EazZNems2TkRCYUlpd2laWGh3YVhKaGRHbHZia1JoZEdVaU9pSXlNREl5TFRBNExUTXhWREF3T2pBd09qQXdXaUlzSW1OeVpXUmxiblJwWVd4VFkyaGxiV0VpT25zaWFXUWlPaUpvZEhSd2N6b3ZMM0poZHk1bmFYUm9kV0oxYzJWeVkyOXVkR1Z1ZEM1amIyMHZkMkZzZEMxcFpDOTNZV3gwYVdRdGMzTnBhMmwwTFhaamJHbGlMMjFoYzNSbGNpOXpjbU12ZEdWemRDOXlaWE52ZFhKalpYTXZjMk5vWlcxaGN5OVdaWEpwWm1saFlteGxSR2x3Ykc5dFlTNXFjMjl1SWl3aWRIbHdaU0k2SWtwemIyNVRZMmhsYldGV1lXeHBaR0YwYjNJeU1ERTRJbjBzSW1OeVpXUmxiblJwWVd4VGRXSnFaV04wSWpwN0ltbGtJam9pWkdsa09tdGxlVHA2TmsxcmRXRnhlblZwUmpSRFFVcFFhM05CZVd0MGFqRnJRelpsWWtWWlNGaGFlbGx6UVRoVlpFSTNRek5VTjJVaUxDSmhkMkZ5WkdsdVowOXdjRzl5ZEhWdWFYUjVJanA3SW1GM1lYSmthVzVuUW05a2VTSTZleUpsYVdSaGMweGxaMkZzU1dSbGJuUnBabWxsY2lJNklsVnVhMjV2ZDI0aUxDSm9iMjFsY0dGblpTSTZJbWgwZEhCek9pOHZiR1ZoYzNSdmJpNWlZMlJwY0d4dmJXRXVZMjl0THlJc0ltbGtJam9pWkdsa09tVmljMms2TWtFNVFsbzVVMVZsTmtKaGRHRmpVM0IyY3pGV05VTmtha2gyVEhCUk4ySkZjMmt5U21JMlRHUklTMjVSZUdGT0lpd2ljSEpsWm1WeWNtVmtUbUZ0WlNJNklreGxZWE4wYjI0Z1ZXNXBkbVZ5YzJsMGVTSXNJbkpsWjJsemRISmhkR2x2YmlJNklqQTFPVGN3TmpWS0luMHNJbVZ1WkdWa1FYUlVhVzFsSWpvaU1qQXlNQzB3TmkweU5sUXdNRG93TURvd01Gb2lMQ0pwWkNJNkltaDBkSEJ6T2k4dmJHVmhjM1J2Ymk1aVkyUnBjR3h2YldFdVkyOXRMMnhoZHkxbFkyOXViMjFwWTNNdGJXRnVZV2RsYldWdWRDTkJkMkZ5WkdsdVowOXdjRzl5ZEhWdWFYUjVJaXdpYVdSbGJuUnBabWxsY2lJNkltaDBkSEJ6T2k4dlkyVnlkR2xtYVdOaGRHVXRaR1Z0Ynk1aVkyUnBjR3h2YldFdVkyOXRMMk5vWldOckx6ZzNSVVF5UmpJeU56QkZOa00wTVRRMU5rVTVORUk0TmtJNVJEa3hNVFZDTkVVek5VSkRRMEZFTWpBd1FUUTVRamcwTmpVNU1rTXhORVkzT1VNNE5rSldNVVp1WW14c2RHRXdUbHBVYmtwclVqTnNSRmRzVW0xVVJHeFRVbFZLUlZaR1drbFRiVTV0V1hwS2FGVlZOWE5hVlVvMVdqSkdTbE5JY0ZkaWJWcGFJaXdpYkc5allYUnBiMjRpT2lKR1VrRk9RMFVpTENKemRHRnlkR1ZrUVhSVWFXMWxJam9pTWpBeE9TMHdPUzB3TWxRd01Eb3dNRG93TUZvaWZTd2laR0YwWlU5bVFtbHlkR2dpT2lJeE9Ua3pMVEEwTFRBNElpd2labUZ0YVd4NVRtRnRaU0k2SWtSUFJTSXNJbWRwZG1WdVRtRnRaWE1pT2lKS1lXNWxJaXdpWjNKaFpHbHVaMU5qYUdWdFpTSTZleUpwWkNJNkltaDBkSEJ6T2k4dmJHVmhjM1J2Ymk1aVkyUnBjR3h2YldFdVkyOXRMMnhoZHkxbFkyOXViMjFwWTNNdGJXRnVZV2RsYldWdWRDTkhjbUZrYVc1blUyTm9aVzFsSWl3aWRHbDBiR1VpT2lKTWIzZGxjaUJUWldOdmJtUXRRMnhoYzNNZ1NHOXViM1Z5Y3lKOUxDSnBaR1Z1ZEdsbWFXVnlJam9pTURrd05EQXdPREE0TkVnaUxDSnNaV0Z5Ym1sdVowRmphR2xsZG1WdFpXNTBJanA3SW1Ga1pHbDBhVzl1WVd4T2IzUmxJanBiSWtSSlUxUlNTVUpWVkVsUFRpQk5RVTVCUjBWTlJVNVVJbDBzSW1SbGMyTnlhWEIwYVc5dUlqb2lUVUZTUzBWVVNVNUhJRUZPUkNCVFFVeEZVeUlzSW1sa0lqb2lhSFIwY0hNNkx5OXNaV0Z6ZEc5dUxtSmpaR2x3Ykc5dFlTNWpiMjB2YkdGM0xXVmpiMjV2YldsamN5MXRZVzVoWjJWdFpXNTBJMHhsWVhKdWFXNW5RV05vYVdWMmJXVnVkQ0lzSW5ScGRHeGxJam9pVFVGVFZFVlNVeUJNUVZjc0lFVkRUMDVQVFVsRFV5QkJUa1FnVFVGT1FVZEZUVVZPVkNKOUxDSnNaV0Z5Ym1sdVoxTndaV05wWm1sallYUnBiMjRpT25zaVpXTjBjME55WldScGRGQnZhVzUwY3lJNk1USXdMQ0psY1daTVpYWmxiQ0k2Tnl3aWFXUWlPaUpvZEhSd2N6b3ZMMnhsWVhOMGIyNHVZbU5rYVhCc2IyMWhMbU52YlM5c1lYY3RaV052Ym05dGFXTnpMVzFoYm1GblpXMWxiblFqVEdWaGNtNXBibWRUY0dWamFXWnBZMkYwYVc5dUlpd2lhWE5qWldSbVEyOWtaU0k2V3lJM0lsMHNJbTV4Wmt4bGRtVnNJanBiSWpjaVhYMTlMQ0pqY21Wa1pXNTBhV0ZzVTNSaGRIVnpJanA3SW1sa0lqb2lhSFIwY0hNNkx5OWxjM05wWmk1bGRYSnZjR0V1WlhVdmMzUmhkSFZ6TDJWa2RXTmhkR2x2YmlOb2FXZG9aWEpGWkhWallYUnBiMjRqTXpreVlXTTNaall0TXprNVlTMDBNemRpTFdFeU5qZ3RORFk1TVdWaFpEaG1NVGMySWl3aWRIbHdaU0k2SWtOeVpXUmxiblJwWVd4VGRHRjBkWE5NYVhOME1qQXlNQ0o5TENKbGRtbGtaVzVqWlNJNmV5SmtiMk4xYldWdWRGQnlaWE5sYm1ObElqcGJJbEJvZVhOcFkyRnNJbDBzSW1WMmFXUmxibU5sUkc5amRXMWxiblFpT2xzaVVHRnpjM0J2Y25RaVhTd2lhV1FpT2lKb2RIUndjem92TDJWemMybG1MbVYxY205d1lTNWxkUzkwYzNJdGRtRXZaWFpwWkdWdVkyVXZaakpoWldWak9UY3RabU13WkMwME1tSm1MVGhqWVRjdE1EVTBPREU1TW1RMU5qYzRJaXdpYzNWaWFtVmpkRkJ5WlhObGJtTmxJam9pVUdoNWMybGpZV3dpTENKMGVYQmxJanBiSWtSdlkzVnRaVzUwVm1WeWFXWnBZMkYwYVc5dUlsMHNJblpsY21sbWFXVnlJam9pWkdsa09tVmljMms2TWprMk1tWmlOemcwWkdZMk1XSmhZVEkyTjJNNE1UTXlORGszTlRNNVpqaGpOamMwWWpNM1l6RXlORFJoTjJFaWZYMHNJbXAwYVNJNkluVnlianAxZFdsa09qSXdaVFJsWXprMkxUaGhNVFV0TkRVMllpMWlORGxqTFdVMFltTTRZVGM1TXpobFpDSjkuU0JnN0gzTTBhdFRyM1JLS21nc0dQdDVrbXA5dHF0MHRyUmlqNXIzZFFXeGpVekhxWS1QbUVRNmcyUDNpWnpwMnVTWTYwMGxpZ3M0WDktaFpRUVVRRFEiXX0sImlhdCI6MTcyNjEzMzk4MCwibm9uY2UiOiJhYmNkIiwianRpIjoidXJuOnV1aWQ6ODQ2ZjY3NmQtNjU4MS00MzFiLWFhNmEtNWVkYTAyMGNhMTU5In0.0tmJSv0kmnLYjWtf_nn427G45XoHzB8y9qBumfUtE6MI3tIiPHGS5tlHlLkMIB1U6VMAhPpD8HezEreey_o3BQ
5254 [pool-1-thread-1 @coroutine#109] DEBUG io.mockk.impl.instantiation.JvmStaticMockFactory - Creating object mockk for DidService
5367 [pool-1-thread-1 @coroutine#109] DEBUG io.mockk.impl.stub.CommonClearer - Clearing [DidService(object DidService)] mocks ClearOptions(answers=true, recordedCalls=true, childMocks=true, verificationMarks=true, exclusionRules=true)
5368 [pool-1-thread-1 @coroutine#109] DEBUG io.mockk.impl.instantiation.JvmStaticMockFactory - Creating object mockk for TrustedIssuerClient
5422 [pool-1-thread-1 @coroutine#109] DEBUG io.mockk.impl.stub.CommonClearer - Clearing [TrustedIssuerClient(object TrustedIssuerClient)] mocks ClearOptions(answers=true, recordedCalls=true, childMocks=true, verificationMarks=true, exclusionRules=true)
5496 [pool-1-thread-1 @coroutine#109] DEBUG io.mockk.impl.instantiation.AbstractMockFactory - Creating mockk for Did name=child of object DidService#1
5535 [pool-1-thread-1 @coroutine#109] DEBUG io.mockk.impl.instantiation.AbstractMockFactory - Creating mockk for AttributeRecord name=child of object TrustedIssuerClient#2
5569 [pool-1-thread-1 @coroutine#109] DEBUG io.mockk.impl.instantiation.AbstractMockFactory - Creating mockk for TrustedIssuer name=child of object TrustedIssuerClient#3
5570 [pool-1-thread-1 @coroutine#109] DEBUG io.mockk.impl.recording.states.AnsweringState - Answering TrustedIssuer(did=did:ebsi:zfVxfjBQWZTAH5FejWoxTaE, attributes=[Attribute(hash=e63e295b6e30cbfde26d76f6caf539a5be39f2a928609ebc4d3d6c48e978a71e, body=eyJraWQiOiJkaWQ6ZWJzaTp6dFNIZk5VRkRYbXFCTmtZOFVCSDhWRSNiZWE2YzdjMGZkOGM0ZmNmODU0ZDg4NTBkOThlNTY4MCIsInR5cCI6IkpXVCIsImFsZyI6IkVTMjU2SyJ9.eyJzdWIiOiJkaWQ6ZWJzaTp6dFNIZk5VRkRYbXFCTmtZOFVCSDhWRSIsIm5iZiI6MTY4MTA1ODIwNywiaXNzIjoiZGlkOmVic2k6enRTSGZOVUZEWG1xQk5rWThVQkg4VkUiLCJpYXQiOjE2ODEwNTgyMDcsInZjIjp7InR5cGUiOlsiVmVyaWZpYWJsZUNyZWRlbnRpYWwiLCJBY2NyZWRpdGVkVmVyaWZpYWJsZUF0dGVzdGF0aW9uIiwiVmVyaWZpYWJsZUlkIl0sIkBjb250ZXh0IjpbImh0dHBzOi8vd3d3LnczLm9yZy8yMDE4L2NyZWRlbnRpYWxzL3YxIl0sImlkIjoidXJuOnV1aWQ6OTg3NmU5OTUtNDljOC00YTE1LTkzMTMtOGRlZGFlZmM3MGFjIiwiaXNzdWVyIjoiZGlkOmVic2k6enRTSGZOVUZEWG1xQk5rWThVQkg4VkUiLCJpc3N1YW5jZURhdGUiOiIyMDIzLTA0LTA5VDE2OjM2OjQ3WiIsImlzc3VlZCI6IjIwMjMtMDQtMDlUMTY6MzY6NDdaIiwidmFsaWRGcm9tIjoiMjAyMy0wNC0wOVQxNjozNjo0N1oiLCJleHBpcmF0aW9uRGF0ZSI6IjIwMjQtMDEtMDFUMDA6MDA6MDBaIiwiY3JlZGVudGlhbFNjaGVtYSI6eyJpZCI6Imh0dHBzOi8vZXNzaWYuZXVyb3BhLmV1L3Rzci0xMjMvdmVyaWZpYWJsZS1hY2NyZWRpdGF0aW9uLXRpLWRpcGxvbWEuanNvbiIsInR5cGUiOiJGdWxsSnNvblNjaGVtYVZhbGlkYXRvcjIwMjEifSwiY3JlZGVudGlhbFN1YmplY3QiOnsiaWQiOiJkaWQ6ZWJzaTp6dFNIZk5VRkRYbXFCTmtZOFVCSDhWRSIsImF1dGhvcmlzYXRpb25DbGFpbXMiOlt7ImF1dGhvcmlzZWRTY2hlbWFJZCI6Imh0dHBzOi8vcmF3LmdpdGh1YnVzZXJjb250ZW50LmNvbS93YWx0LWlkL3dhbHRpZC1zc2lraXQtdmNsaWIvbWFzdGVyL3NyYy90ZXN0L3Jlc291cmNlcy9zY2hlbWFzL1ZlcmlmaWFibGVEaXBsb21hLmpzb24iLCJsaW1pdEp1cmlzZGljdGlvbiI6Imh0dHA6Ly9wdWJsaWNhdGlvbnMuZXVyb3BhLmV1L3Jlc291cmNlL2F1dGhvcml0eS9hdHUvTkxEIiwiYWNjcmVkaXRhdGlvblR5cGUiOiJodHRwOi8vZGF0YS5ldXJvcGEuZXUvc25iL2FjY3JlZGl0YXRpb24vZTU3ZGRkZmNmMyIsImRlY2lzaW9uIjoiZnVsbHkgY29tcGxpYW50IiwicmVwb3J0IjpbImh0dHBzOi8vd3d3LmV4YW1wbGUuY29tL1VSTHRvcmVwb3J0LnBkZiJdLCJsaW1pdFF1YWxpZmljYXRpb24iOlt7ImlkIjoiaHR0cDovL3F1YWxkYi5vcmcvcXVhbC8xIiwidGl0bGUiOiJNYXN0ZXJzJyBEaXBsb21hIGluIFNvY2lvbG9neSIsImFsdGVybmF0aXZlTGFiZWwiOlsiRGlwbG9tYSBpbiBTb2Npb2xvZ3kiLCJNYXN0ZXJzJyBEaXBsb21hIGluIFNvY2lvbG9naWNhbCBTdHVkaWVzIl0sIkVRRkxldmVsIjoiaHR0cDovL2RhdGEuZXVyb3BhLmV1L3NuYi9lcWYvNiIsIk5RRkxldmVsIjoiaHR0cDovL2RhdGEuZXVyb3BhLmV1L3NuYi9xZHIvY18xNzExYTA2MSJ9XSwicmV2aWV3RGF0ZSI6IjIwMjQtMDQtMjJUMTQ6MTE6NDRaIn1dfSwidGVybXNPZlVzZSI6W3sidHlwZSI6IlZlcmlmaWFibGVBY2NyZWRpdGF0aW9uIiwiaWQiOiJodHRwczovL3Jhdy5naXRodWJ1c2VyY29udGVudC5jb20vd2FsdC1pZC93YWx0aWQtc3Npa2l0L21haW4vc3JjL3Rlc3QvcmVzb3VyY2VzL2Vic2kvdHJ1c3RlZC1pc3N1ZXItY2hhaW4vdGFvLXRpci1hdHRyaWJ1dGUuanNvbiJ9XSwiY3JlZGVudGlhbFN0YXR1cyI6eyJpZCI6Imh0dHBzOi8vZXNzaWYuZXVyb3BhLmV1L3N0YXR1cy80NSIsInR5cGUiOiJDcmVkZW50aWFsc1N0YXR1c0xpc3QyMDIwIn19LCJqdGkiOiJ1cm46dXVpZDo5ODc2ZTk5NS00OWM4LTRhMTUtOTMxMy04ZGVkYWVmYzcwYWMifQ.hciEdzOaQiUSmtKloN6r5vlt-I_4n8yUPY8setrZzDylRV4ZsW1QQJsVm8AatDcYJVmNSkApVXlClRzzO_GLCA, issuerType=TI, tao=did:ebsi:zfVxfjBQWZTAH5FejWoxTaE, rootTao=did:ebsi:zfVxfjBQWZTAH5FejWoxTaE), Attribute(hash=9818bb4caab6742d74de0a4f9c6fa43792583f3edc3068ce42ac114dded26aed, body=eyJraWQiOiJkaWQ6ZWJzaTp6ZlZ4ZmpCUVdaVEFINUZlaldveFRhRSMyNWU0ZmUxMGQ5ZTA0NTZiOGFjMDEwZjE5ZWQ1ZWMwZiIsInR5cCI6IkpXVCIsImFsZyI6IkVTMjU2SyJ9.eyJzdWIiOiJkaWQ6ZWJzaTp6ZlZ4ZmpCUVdaVEFINUZlaldveFRhRSIsIm5iZiI6MTY4MTgwODA2NywiaXNzIjoiZGlkOmVic2k6emZWeGZqQlFXWlRBSDVGZWpXb3hUYUUiLCJpYXQiOjE2ODE4MDgwNjcsInZjIjp7InR5cGUiOlsiVmVyaWZpYWJsZUNyZWRlbnRpYWwiLCJBY2NyZWRpdGVkVmVyaWZpYWJsZUF0dGVzdGF0aW9uIiwiVmVyaWZpYWJsZUFjY3JlZGl0YXRpb24iXSwiQGNvbnRleHQiOlsiaHR0cHM6Ly93d3cudzMub3JnLzIwMTgvY3JlZGVudGlhbHMvdjEiXSwiaWQiOiJ1cm46dXVpZDozOWUyMTIzNS05YzczLTQ1MjYtYjk4ZC1lZmIxZWI1YzU0ODkiLCJpc3N1ZXIiOiJkaWQ6ZWJzaTp6ZlZ4ZmpCUVdaVEFINUZlaldveFRhRSIsImlzc3VhbmNlRGF0ZSI6IjIwMjMtMDQtMThUMDg6NTQ6MjdaIiwiaXNzdWVkIjoiMjAyMy0wNC0xOFQwODo1NDoyN1oiLCJ2YWxpZEZyb20iOiIyMDIzLTA0LTE4VDA4OjU0OjI3WiIsImV4cGlyYXRpb25EYXRlIjoiMjAyNC0wMS0wMVQwMDowMDowMFoiLCJjcmVkZW50aWFsU2NoZW1hIjp7ImlkIjoiaHR0cHM6Ly9lc3NpZi5ldXJvcGEuZXUvdHNyLTEyMy92ZXJpZmlhYmxlLWFjY3JlZGl0YXRpb24uanNvbiIsInR5cGUiOiJGdWxsSnNvblNjaGVtYVZhbGlkYXRvcjIwMjEifSwiY3JlZGVudGlhbFN1YmplY3QiOnsiaWQiOiJkaWQ6ZWJzaTp6ZlZ4ZmpCUVdaVEFINUZlaldveFRhRSIsImF1dGhvcmlzYXRpb25DbGFpbXMiOlt7ImF1dGhvcmlzZWRTY2hlbWFJZCI6Imh0dHBzOi8vZXNzaWYuZXVyb3BhLmV1L3Rzci0xMjMvdmVyaWZpYWJsZS1hY2NyZWRpdGF0aW9uLmpzb24ifSx7ImF1dGhvcmlzZWRTY2hlbWFJZCI6Imh0dHBzOi8vZXNzaWYuZXVyb3BhLmV1L3Rzci0xMjMvdmVyaWZpYWJsZS1hY2NyZWRpdGF0aW9uLXRpLWRpcGxvbWEuanNvbiJ9LHsiYXV0aG9yaXNlZFNjaGVtYUlkIjoiaHR0cHM6Ly9yYXcuZ2l0aHVidXNlcmNvbnRlbnQuY29tL3dhbHQtaWQvd2FsdGlkLXNzaWtpdC9mZWF0LW5lb20tY3JlZGVudGlhbC1zY2hlbWFzL3NyYy90ZXN0L3Jlc291cmNlcy9zY2hlbWFzL05FT00vUHJlZ25hbmN5Q2VydGlmaWNhdGUuanNvbiJ9LHsiYXV0aG9yaXNlZFNjaGVtYUlkIjoiaHR0cHM6Ly9yYXcuZ2l0aHVidXNlcmNvbnRlbnQuY29tL3dhbHQtaWQvd2FsdGlkLXNzaWtpdC12Y2xpYi9tYXN0ZXIvc3JjL3Rlc3QvcmVzb3VyY2VzL3NjaGVtYXMvRXVyb3Bhc3MuanNvbiJ9LHsiYXV0aG9yaXNlZFNjaGVtYUlkIjoiaHR0cHM6Ly9yYXcuZ2l0aHVidXNlcmNvbnRlbnQuY29tL3dhbHQtaWQvd2FsdGlkLXNzaWtpdC9mZWF0LW5lb20tY3JlZGVudGlhbC1zY2hlbWFzL3NyYy90ZXN0L3Jlc291cmNlcy9zY2hlbWFzL05FT00vU3R1ZGVudENhcmQuanNvbiJ9LHsiYXV0aG9yaXNlZFNjaGVtYUlkIjoiaHR0cHM6Ly9hcGktcGlsb3QuZWJzaS5ldS90cnVzdGVkLXNjaGVtYXMtcmVnaXN0cnkvdjIvc2NoZW1hcy8weDRkZDM5MjZjZDkyYmIzY2I2NGZhNmM4Mzc1MzllZDMxZmMzMGRkMzhhMTEyNjZhOTE2NzhlZmE3MjY4Y2RlMDkifV19LCJ0ZXJtc09mVXNlIjpbeyJ0eXBlIjoiVmVyaWZpYWJsZUFjY3JlZGl0YXRpb24iLCJpZCI6Imh0dHBzOi8vcmF3LmdpdGh1YnVzZXJjb250ZW50LmNvbS93YWx0LWlkL3dhbHRpZC1zc2lraXQvbWFpbi9zcmMvdGVzdC9yZXNvdXJjZXMvZWJzaS90cnVzdGVkLWlzc3Vlci1jaGFpbi90YW8tdGlyLWF0dHJpYnV0ZS5qc29uIn1dLCJjcmVkZW50aWFsU3RhdHVzIjp7ImlkIjoiaHR0cHM6Ly9lc3NpZi5ldXJvcGEuZXUvc3RhdHVzLzQ1IiwidHlwZSI6IkNyZWRlbnRpYWxTdGF0dXNMaXN0MjAyMCJ9fSwianRpIjoidXJuOnV1aWQ6MzllMjEyMzUtOWM3My00NTI2LWI5OGQtZWZiMWViNWM1NDg5In0.kTn0lULNqN15eVeinLD88UIQQoOR5ME7u4H0Eg2BePtAiVR2lR4YTX4EFntDlofMwcYG09Sup5SyR--QG0Y6vg, issuerType=TAO, tao=did:ebsi:zfVxfjBQWZTAH5FejWoxTaE, rootTao=did:ebsi:zfVxfjBQWZTAH5FejWoxTaE)]) on TrustedIssuerClient(object TrustedIssuerClient).getIssuer(TAO)
5575 [pool-1-thread-1 @coroutine#109] DEBUG io.mockk.impl.recording.states.AnsweringState - Answering AttributeRecord(did=did:ebsi:zfVxfjBQWZTAH5FejWoxTaE, attribute=Attribute(hash=9818bb4caab6742d74de0a4f9c6fa43792583f3edc3068ce42ac114dded26aed, body=eyJraWQiOiJkaWQ6ZWJzaTp6ZlZ4ZmpCUVdaVEFINUZlaldveFRhRSMyNWU0ZmUxMGQ5ZTA0NTZiOGFjMDEwZjE5ZWQ1ZWMwZiIsInR5cCI6IkpXVCIsImFsZyI6IkVTMjU2SyJ9.eyJzdWIiOiJkaWQ6ZWJzaTp6ZlZ4ZmpCUVdaVEFINUZlaldveFRhRSIsIm5iZiI6MTY4MTgwODA2NywiaXNzIjoiZGlkOmVic2k6emZWeGZqQlFXWlRBSDVGZWpXb3hUYUUiLCJpYXQiOjE2ODE4MDgwNjcsInZjIjp7InR5cGUiOlsiVmVyaWZpYWJsZUNyZWRlbnRpYWwiLCJBY2NyZWRpdGVkVmVyaWZpYWJsZUF0dGVzdGF0aW9uIiwiVmVyaWZpYWJsZUFjY3JlZGl0YXRpb24iXSwiQGNvbnRleHQiOlsiaHR0cHM6Ly93d3cudzMub3JnLzIwMTgvY3JlZGVudGlhbHMvdjEiXSwiaWQiOiJ1cm46dXVpZDozOWUyMTIzNS05YzczLTQ1MjYtYjk4ZC1lZmIxZWI1YzU0ODkiLCJpc3N1ZXIiOiJkaWQ6ZWJzaTp6ZlZ4ZmpCUVdaVEFINUZlaldveFRhRSIsImlzc3VhbmNlRGF0ZSI6IjIwMjMtMDQtMThUMDg6NTQ6MjdaIiwiaXNzdWVkIjoiMjAyMy0wNC0xOFQwODo1NDoyN1oiLCJ2YWxpZEZyb20iOiIyMDIzLTA0LTE4VDA4OjU0OjI3WiIsImV4cGlyYXRpb25EYXRlIjoiMjAyNC0wMS0wMVQwMDowMDowMFoiLCJjcmVkZW50aWFsU2NoZW1hIjp7ImlkIjoiaHR0cHM6Ly9lc3NpZi5ldXJvcGEuZXUvdHNyLTEyMy92ZXJpZmlhYmxlLWFjY3JlZGl0YXRpb24uanNvbiIsInR5cGUiOiJGdWxsSnNvblNjaGVtYVZhbGlkYXRvcjIwMjEifSwiY3JlZGVudGlhbFN1YmplY3QiOnsiaWQiOiJkaWQ6ZWJzaTp6ZlZ4ZmpCUVdaVEFINUZlaldveFRhRSIsImF1dGhvcmlzYXRpb25DbGFpbXMiOlt7ImF1dGhvcmlzZWRTY2hlbWFJZCI6Imh0dHBzOi8vZXNzaWYuZXVyb3BhLmV1L3Rzci0xMjMvdmVyaWZpYWJsZS1hY2NyZWRpdGF0aW9uLmpzb24ifSx7ImF1dGhvcmlzZWRTY2hlbWFJZCI6Imh0dHBzOi8vZXNzaWYuZXVyb3BhLmV1L3Rzci0xMjMvdmVyaWZpYWJsZS1hY2NyZWRpdGF0aW9uLXRpLWRpcGxvbWEuanNvbiJ9LHsiYXV0aG9yaXNlZFNjaGVtYUlkIjoiaHR0cHM6Ly9yYXcuZ2l0aHVidXNlcmNvbnRlbnQuY29tL3dhbHQtaWQvd2FsdGlkLXNzaWtpdC9mZWF0LW5lb20tY3JlZGVudGlhbC1zY2hlbWFzL3NyYy90ZXN0L3Jlc291cmNlcy9zY2hlbWFzL05FT00vUHJlZ25hbmN5Q2VydGlmaWNhdGUuanNvbiJ9LHsiYXV0aG9yaXNlZFNjaGVtYUlkIjoiaHR0cHM6Ly9yYXcuZ2l0aHVidXNlcmNvbnRlbnQuY29tL3dhbHQtaWQvd2FsdGlkLXNzaWtpdC12Y2xpYi9tYXN0ZXIvc3JjL3Rlc3QvcmVzb3VyY2VzL3NjaGVtYXMvRXVyb3Bhc3MuanNvbiJ9LHsiYXV0aG9yaXNlZFNjaGVtYUlkIjoiaHR0cHM6Ly9yYXcuZ2l0aHVidXNlcmNvbnRlbnQuY29tL3dhbHQtaWQvd2FsdGlkLXNzaWtpdC9mZWF0LW5lb20tY3JlZGVudGlhbC1zY2hlbWFzL3NyYy90ZXN0L3Jlc291cmNlcy9zY2hlbWFzL05FT00vU3R1ZGVudENhcmQuanNvbiJ9LHsiYXV0aG9yaXNlZFNjaGVtYUlkIjoiaHR0cHM6Ly9hcGktcGlsb3QuZWJzaS5ldS90cnVzdGVkLXNjaGVtYXMtcmVnaXN0cnkvdjIvc2NoZW1hcy8weDRkZDM5MjZjZDkyYmIzY2I2NGZhNmM4Mzc1MzllZDMxZmMzMGRkMzhhMTEyNjZhOTE2NzhlZmE3MjY4Y2RlMDkifV19LCJ0ZXJtc09mVXNlIjpbeyJ0eXBlIjoiVmVyaWZpYWJsZUFjY3JlZGl0YXRpb24iLCJpZCI6Imh0dHBzOi8vcmF3LmdpdGh1YnVzZXJjb250ZW50LmNvbS93YWx0LWlkL3dhbHRpZC1zc2lraXQvbWFpbi9zcmMvdGVzdC9yZXNvdXJjZXMvZWJzaS90cnVzdGVkLWlzc3Vlci1jaGFpbi90YW8tdGlyLWF0dHJpYnV0ZS5qc29uIn1dLCJjcmVkZW50aWFsU3RhdHVzIjp7ImlkIjoiaHR0cHM6Ly9lc3NpZi5ldXJvcGEuZXUvc3RhdHVzLzQ1IiwidHlwZSI6IkNyZWRlbnRpYWxTdGF0dXNMaXN0MjAyMCJ9fSwianRpIjoidXJuOnV1aWQ6MzllMjEyMzUtOWM3My00NTI2LWI5OGQtZWZiMWViNWM1NDg5In0.kTn0lULNqN15eVeinLD88UIQQoOR5ME7u4H0Eg2BePtAiVR2lR4YTX4EFntDlofMwcYG09Sup5SyR--QG0Y6vg, issuerType=TAO, tao=did:ebsi:zfVxfjBQWZTAH5FejWoxTaE, rootTao=did:ebsi:zfVxfjBQWZTAH5FejWoxTaE)) on TrustedIssuerClient(object TrustedIssuerClient).getAttribute(https://raw.githubusercontent.com/walt-id/waltid-ssikit/main/src/test/resources/ebsi/trusted-issuer-chain/tao-tir-attribute.json)
5576 [pool-1-thread-1 @coroutine#109] DEBUG id.walt.auditor.VerificationPolicy - VC [VerifiableCredential, AccreditedVerifiableAttestation, VerifiableAccreditation] passes policy EbsiTrustedIssuerAccreditationPolicy: passed
5576 [pool-1-thread-1 @coroutine#109] DEBUG id.walt.auditor.VerificationPolicy - VC [VerifiableCredential, AccreditedVerifiableAttestation, VerifiableAccreditation] passes policy EbsiTrustedIssuerRegistryPolicy: passed
5576 [pool-1-thread-1 @coroutine#109] DEBUG io.mockk.impl.instantiation.JvmStaticMockFactory - Disposing object mockk for DidService hashcode=3c29fbb6
5607 [pool-1-thread-1 @coroutine#109] DEBUG io.mockk.impl.instantiation.JvmStaticMockFactory - Disposing object mockk for TrustedIssuerClient hashcode=412a5351
5646 [pool-1-thread-1 @coroutine#109] DEBUG io.mockk.impl.instantiation.JvmStaticMockFactory - Creating object mockk for DidService
5687 [pool-1-thread-1 @coroutine#109] DEBUG io.mockk.impl.stub.CommonClearer - Clearing [DidService(object DidService)] mocks ClearOptions(answers=true, recordedCalls=true, childMocks=true, verificationMarks=true, exclusionRules=true)
5688 [pool-1-thread-1 @coroutine#109] DEBUG io.mockk.impl.instantiation.JvmStaticMockFactory - Creating object mockk for TrustedIssuerClient
5718 [pool-1-thread-1 @coroutine#109] DEBUG io.mockk.impl.stub.CommonClearer - Clearing [TrustedIssuerClient(object TrustedIssuerClient)] mocks ClearOptions(answers=true, recordedCalls=true, childMocks=true, verificationMarks=true, exclusionRules=true)
5719 [pool-1-thread-1 @coroutine#109] DEBUG io.mockk.impl.instantiation.AbstractMockFactory - Creating mockk for Did name=child of object DidService#4
5720 [pool-1-thread-1 @coroutine#109] DEBUG io.mockk.impl.instantiation.AbstractMockFactory - Creating mockk for AttributeRecord name=child of object TrustedIssuerClient#5
5720 [pool-1-thread-1 @coroutine#109] DEBUG io.mockk.impl.instantiation.AbstractMockFactory - Creating mockk for TrustedIssuer name=child of object TrustedIssuerClient#6
5721 [pool-1-thread-1 @coroutine#109] DEBUG io.mockk.impl.recording.states.AnsweringState - Answering TrustedIssuer(did=did:ebsi:zfVxfjBQWZTAH5FejWoxTaE, attributes=[Attribute(hash=e63e295b6e30cbfde26d76f6caf539a5be39f2a928609ebc4d3d6c48e978a71e, body=eyJraWQiOiJkaWQ6ZWJzaTp6dFNIZk5VRkRYbXFCTmtZOFVCSDhWRSNiZWE2YzdjMGZkOGM0ZmNmODU0ZDg4NTBkOThlNTY4MCIsInR5cCI6IkpXVCIsImFsZyI6IkVTMjU2SyJ9.eyJzdWIiOiJkaWQ6ZWJzaTp6dFNIZk5VRkRYbXFCTmtZOFVCSDhWRSIsIm5iZiI6MTY4MTA1ODIwNywiaXNzIjoiZGlkOmVic2k6enRTSGZOVUZEWG1xQk5rWThVQkg4VkUiLCJpYXQiOjE2ODEwNTgyMDcsInZjIjp7InR5cGUiOlsiVmVyaWZpYWJsZUNyZWRlbnRpYWwiLCJBY2NyZWRpdGVkVmVyaWZpYWJsZUF0dGVzdGF0aW9uIiwiVmVyaWZpYWJsZUlkIl0sIkBjb250ZXh0IjpbImh0dHBzOi8vd3d3LnczLm9yZy8yMDE4L2NyZWRlbnRpYWxzL3YxIl0sImlkIjoidXJuOnV1aWQ6OTg3NmU5OTUtNDljOC00YTE1LTkzMTMtOGRlZGFlZmM3MGFjIiwiaXNzdWVyIjoiZGlkOmVic2k6enRTSGZOVUZEWG1xQk5rWThVQkg4VkUiLCJpc3N1YW5jZURhdGUiOiIyMDIzLTA0LTA5VDE2OjM2OjQ3WiIsImlzc3VlZCI6IjIwMjMtMDQtMDlUMTY6MzY6NDdaIiwidmFsaWRGcm9tIjoiMjAyMy0wNC0wOVQxNjozNjo0N1oiLCJleHBpcmF0aW9uRGF0ZSI6IjIwMjQtMDEtMDFUMDA6MDA6MDBaIiwiY3JlZGVudGlhbFNjaGVtYSI6eyJpZCI6Imh0dHBzOi8vZXNzaWYuZXVyb3BhLmV1L3Rzci0xMjMvdmVyaWZpYWJsZS1hY2NyZWRpdGF0aW9uLXRpLWRpcGxvbWEuanNvbiIsInR5cGUiOiJGdWxsSnNvblNjaGVtYVZhbGlkYXRvcjIwMjEifSwiY3JlZGVudGlhbFN1YmplY3QiOnsiaWQiOiJkaWQ6ZWJzaTp6dFNIZk5VRkRYbXFCTmtZOFVCSDhWRSIsImF1dGhvcmlzYXRpb25DbGFpbXMiOlt7ImF1dGhvcmlzZWRTY2hlbWFJZCI6Imh0dHBzOi8vcmF3LmdpdGh1YnVzZXJjb250ZW50LmNvbS93YWx0LWlkL3dhbHRpZC1zc2lraXQtdmNsaWIvbWFzdGVyL3NyYy90ZXN0L3Jlc291cmNlcy9zY2hlbWFzL1ZlcmlmaWFibGVEaXBsb21hLmpzb24iLCJsaW1pdEp1cmlzZGljdGlvbiI6Imh0dHA6Ly9wdWJsaWNhdGlvbnMuZXVyb3BhLmV1L3Jlc291cmNlL2F1dGhvcml0eS9hdHUvTkxEIiwiYWNjcmVkaXRhdGlvblR5cGUiOiJodHRwOi8vZGF0YS5ldXJvcGEuZXUvc25iL2FjY3JlZGl0YXRpb24vZTU3ZGRkZmNmMyIsImRlY2lzaW9uIjoiZnVsbHkgY29tcGxpYW50IiwicmVwb3J0IjpbImh0dHBzOi8vd3d3LmV4YW1wbGUuY29tL1VSTHRvcmVwb3J0LnBkZiJdLCJsaW1pdFF1YWxpZmljYXRpb24iOlt7ImlkIjoiaHR0cDovL3F1YWxkYi5vcmcvcXVhbC8xIiwidGl0bGUiOiJNYXN0ZXJzJyBEaXBsb21hIGluIFNvY2lvbG9neSIsImFsdGVybmF0aXZlTGFiZWwiOlsiRGlwbG9tYSBpbiBTb2Npb2xvZ3kiLCJNYXN0ZXJzJyBEaXBsb21hIGluIFNvY2lvbG9naWNhbCBTdHVkaWVzIl0sIkVRRkxldmVsIjoiaHR0cDovL2RhdGEuZXVyb3BhLmV1L3NuYi9lcWYvNiIsIk5RRkxldmVsIjoiaHR0cDovL2RhdGEuZXVyb3BhLmV1L3NuYi9xZHIvY18xNzExYTA2MSJ9XSwicmV2aWV3RGF0ZSI6IjIwMjQtMDQtMjJUMTQ6MTE6NDRaIn1dfSwidGVybXNPZlVzZSI6W3sidHlwZSI6IlZlcmlmaWFibGVBY2NyZWRpdGF0aW9uIiwiaWQiOiJodHRwczovL3Jhdy5naXRodWJ1c2VyY29udGVudC5jb20vd2FsdC1pZC93YWx0aWQtc3Npa2l0L21haW4vc3JjL3Rlc3QvcmVzb3VyY2VzL2Vic2kvdHJ1c3RlZC1pc3N1ZXItY2hhaW4vdGFvLXRpci1hdHRyaWJ1dGUuanNvbiJ9XSwiY3JlZGVudGlhbFN0YXR1cyI6eyJpZCI6Imh0dHBzOi8vZXNzaWYuZXVyb3BhLmV1L3N0YXR1cy80NSIsInR5cGUiOiJDcmVkZW50aWFsc1N0YXR1c0xpc3QyMDIwIn19LCJqdGkiOiJ1cm46dXVpZDo5ODc2ZTk5NS00OWM4LTRhMTUtOTMxMy04ZGVkYWVmYzcwYWMifQ.hciEdzOaQiUSmtKloN6r5vlt-I_4n8yUPY8setrZzDylRV4ZsW1QQJsVm8AatDcYJVmNSkApVXlClRzzO_GLCA, issuerType=TI, tao=did:ebsi:zfVxfjBQWZTAH5FejWoxTaE, rootTao=did:ebsi:zfVxfjBQWZTAH5FejWoxTaE), Attribute(hash=9818bb4caab6742d74de0a4f9c6fa43792583f3edc3068ce42ac114dded26aed, body=eyJraWQiOiJkaWQ6ZWJzaTp6ZlZ4ZmpCUVdaVEFINUZlaldveFRhRSMyNWU0ZmUxMGQ5ZTA0NTZiOGFjMDEwZjE5ZWQ1ZWMwZiIsInR5cCI6IkpXVCIsImFsZyI6IkVTMjU2SyJ9.eyJzdWIiOiJkaWQ6ZWJzaTp6ZlZ4ZmpCUVdaVEFINUZlaldveFRhRSIsIm5iZiI6MTY4MTgwODA2NywiaXNzIjoiZGlkOmVic2k6emZWeGZqQlFXWlRBSDVGZWpXb3hUYUUiLCJpYXQiOjE2ODE4MDgwNjcsInZjIjp7InR5cGUiOlsiVmVyaWZpYWJsZUNyZWRlbnRpYWwiLCJBY2NyZWRpdGVkVmVyaWZpYWJsZUF0dGVzdGF0aW9uIiwiVmVyaWZpYWJsZUFjY3JlZGl0YXRpb24iXSwiQGNvbnRleHQiOlsiaHR0cHM6Ly93d3cudzMub3JnLzIwMTgvY3JlZGVudGlhbHMvdjEiXSwiaWQiOiJ1cm46dXVpZDozOWUyMTIzNS05YzczLTQ1MjYtYjk4ZC1lZmIxZWI1YzU0ODkiLCJpc3N1ZXIiOiJkaWQ6ZWJzaTp6ZlZ4ZmpCUVdaVEFINUZlaldveFRhRSIsImlzc3VhbmNlRGF0ZSI6IjIwMjMtMDQtMThUMDg6NTQ6MjdaIiwiaXNzdWVkIjoiMjAyMy0wNC0xOFQwODo1NDoyN1oiLCJ2YWxpZEZyb20iOiIyMDIzLTA0LTE4VDA4OjU0OjI3WiIsImV4cGlyYXRpb25EYXRlIjoiMjAyNC0wMS0wMVQwMDowMDowMFoiLCJjcmVkZW50aWFsU2NoZW1hIjp7ImlkIjoiaHR0cHM6Ly9lc3NpZi5ldXJvcGEuZXUvdHNyLTEyMy92ZXJpZmlhYmxlLWFjY3JlZGl0YXRpb24uanNvbiIsInR5cGUiOiJGdWxsSnNvblNjaGVtYVZhbGlkYXRvcjIwMjEifSwiY3JlZGVudGlhbFN1YmplY3QiOnsiaWQiOiJkaWQ6ZWJzaTp6ZlZ4ZmpCUVdaVEFINUZlaldveFRhRSIsImF1dGhvcmlzYXRpb25DbGFpbXMiOlt7ImF1dGhvcmlzZWRTY2hlbWFJZCI6Imh0dHBzOi8vZXNzaWYuZXVyb3BhLmV1L3Rzci0xMjMvdmVyaWZpYWJsZS1hY2NyZWRpdGF0aW9uLmpzb24ifSx7ImF1dGhvcmlzZWRTY2hlbWFJZCI6Imh0dHBzOi8vZXNzaWYuZXVyb3BhLmV1L3Rzci0xMjMvdmVyaWZpYWJsZS1hY2NyZWRpdGF0aW9uLXRpLWRpcGxvbWEuanNvbiJ9LHsiYXV0aG9yaXNlZFNjaGVtYUlkIjoiaHR0cHM6Ly9yYXcuZ2l0aHVidXNlcmNvbnRlbnQuY29tL3dhbHQtaWQvd2FsdGlkLXNzaWtpdC9mZWF0LW5lb20tY3JlZGVudGlhbC1zY2hlbWFzL3NyYy90ZXN0L3Jlc291cmNlcy9zY2hlbWFzL05FT00vUHJlZ25hbmN5Q2VydGlmaWNhdGUuanNvbiJ9LHsiYXV0aG9yaXNlZFNjaGVtYUlkIjoiaHR0cHM6Ly9yYXcuZ2l0aHVidXNlcmNvbnRlbnQuY29tL3dhbHQtaWQvd2FsdGlkLXNzaWtpdC12Y2xpYi9tYXN0ZXIvc3JjL3Rlc3QvcmVzb3VyY2VzL3NjaGVtYXMvRXVyb3Bhc3MuanNvbiJ9LHsiYXV0aG9yaXNlZFNjaGVtYUlkIjoiaHR0cHM6Ly9yYXcuZ2l0aHVidXNlcmNvbnRlbnQuY29tL3dhbHQtaWQvd2FsdGlkLXNzaWtpdC9mZWF0LW5lb20tY3JlZGVudGlhbC1zY2hlbWFzL3NyYy90ZXN0L3Jlc291cmNlcy9zY2hlbWFzL05FT00vU3R1ZGVudENhcmQuanNvbiJ9LHsiYXV0aG9yaXNlZFNjaGVtYUlkIjoiaHR0cHM6Ly9hcGktcGlsb3QuZWJzaS5ldS90cnVzdGVkLXNjaGVtYXMtcmVnaXN0cnkvdjIvc2NoZW1hcy8weDRkZDM5MjZjZDkyYmIzY2I2NGZhNmM4Mzc1MzllZDMxZmMzMGRkMzhhMTEyNjZhOTE2NzhlZmE3MjY4Y2RlMDkifV19LCJ0ZXJtc09mVXNlIjpbeyJ0eXBlIjoiVmVyaWZpYWJsZUFjY3JlZGl0YXRpb24iLCJpZCI6Imh0dHBzOi8vcmF3LmdpdGh1YnVzZXJjb250ZW50LmNvbS93YWx0LWlkL3dhbHRpZC1zc2lraXQvbWFpbi9zcmMvdGVzdC9yZXNvdXJjZXMvZWJzaS90cnVzdGVkLWlzc3Vlci1jaGFpbi90YW8tdGlyLWF0dHJpYnV0ZS5qc29uIn1dLCJjcmVkZW50aWFsU3RhdHVzIjp7ImlkIjoiaHR0cHM6Ly9lc3NpZi5ldXJvcGEuZXUvc3RhdHVzLzQ1IiwidHlwZSI6IkNyZWRlbnRpYWxTdGF0dXNMaXN0MjAyMCJ9fSwianRpIjoidXJuOnV1aWQ6MzllMjEyMzUtOWM3My00NTI2LWI5OGQtZWZiMWViNWM1NDg5In0.kTn0lULNqN15eVeinLD88UIQQoOR5ME7u4H0Eg2BePtAiVR2lR4YTX4EFntDlofMwcYG09Sup5SyR--QG0Y6vg, issuerType=TAO, tao=did:ebsi:zfVxfjBQWZTAH5FejWoxTaE, rootTao=did:ebsi:zfVxfjBQWZTAH5FejWoxTaE)]) on TrustedIssuerClient(object TrustedIssuerClient).getIssuer(TAO)
5722 [pool-1-thread-1 @coroutine#109] DEBUG io.mockk.impl.recording.states.AnsweringState - Answering AttributeRecord(did=did:ebsi:zfVxfjBQWZTAH5FejWoxTaE, attribute=Attribute(hash=9818bb4caab6742d74de0a4f9c6fa43792583f3edc3068ce42ac114dded26aed, body=eyJraWQiOiJkaWQ6ZWJzaTp6ZlZ4ZmpCUVdaVEFINUZlaldveFRhRSMyNWU0ZmUxMGQ5ZTA0NTZiOGFjMDEwZjE5ZWQ1ZWMwZiIsInR5cCI6IkpXVCIsImFsZyI6IkVTMjU2SyJ9.eyJzdWIiOiJkaWQ6ZWJzaTp6ZlZ4ZmpCUVdaVEFINUZlaldveFRhRSIsIm5iZiI6MTY4MTgwODA2NywiaXNzIjoiZGlkOmVic2k6emZWeGZqQlFXWlRBSDVGZWpXb3hUYUUiLCJpYXQiOjE2ODE4MDgwNjcsInZjIjp7InR5cGUiOlsiVmVyaWZpYWJsZUNyZWRlbnRpYWwiLCJBY2NyZWRpdGVkVmVyaWZpYWJsZUF0dGVzdGF0aW9uIiwiVmVyaWZpYWJsZUFjY3JlZGl0YXRpb24iXSwiQGNvbnRleHQiOlsiaHR0cHM6Ly93d3cudzMub3JnLzIwMTgvY3JlZGVudGlhbHMvdjEiXSwiaWQiOiJ1cm46dXVpZDozOWUyMTIzNS05YzczLTQ1MjYtYjk4ZC1lZmIxZWI1YzU0ODkiLCJpc3N1ZXIiOiJkaWQ6ZWJzaTp6ZlZ4ZmpCUVdaVEFINUZlaldveFRhRSIsImlzc3VhbmNlRGF0ZSI6IjIwMjMtMDQtMThUMDg6NTQ6MjdaIiwiaXNzdWVkIjoiMjAyMy0wNC0xOFQwODo1NDoyN1oiLCJ2YWxpZEZyb20iOiIyMDIzLTA0LTE4VDA4OjU0OjI3WiIsImV4cGlyYXRpb25EYXRlIjoiMjAyNC0wMS0wMVQwMDowMDowMFoiLCJjcmVkZW50aWFsU2NoZW1hIjp7ImlkIjoiaHR0cHM6Ly9lc3NpZi5ldXJvcGEuZXUvdHNyLTEyMy92ZXJpZmlhYmxlLWFjY3JlZGl0YXRpb24uanNvbiIsInR5cGUiOiJGdWxsSnNvblNjaGVtYVZhbGlkYXRvcjIwMjEifSwiY3JlZGVudGlhbFN1YmplY3QiOnsiaWQiOiJkaWQ6ZWJzaTp6ZlZ4ZmpCUVdaVEFINUZlaldveFRhRSIsImF1dGhvcmlzYXRpb25DbGFpbXMiOlt7ImF1dGhvcmlzZWRTY2hlbWFJZCI6Imh0dHBzOi8vZXNzaWYuZXVyb3BhLmV1L3Rzci0xMjMvdmVyaWZpYWJsZS1hY2NyZWRpdGF0aW9uLmpzb24ifSx7ImF1dGhvcmlzZWRTY2hlbWFJZCI6Imh0dHBzOi8vZXNzaWYuZXVyb3BhLmV1L3Rzci0xMjMvdmVyaWZpYWJsZS1hY2NyZWRpdGF0aW9uLXRpLWRpcGxvbWEuanNvbiJ9LHsiYXV0aG9yaXNlZFNjaGVtYUlkIjoiaHR0cHM6Ly9yYXcuZ2l0aHVidXNlcmNvbnRlbnQuY29tL3dhbHQtaWQvd2FsdGlkLXNzaWtpdC9mZWF0LW5lb20tY3JlZGVudGlhbC1zY2hlbWFzL3NyYy90ZXN0L3Jlc291cmNlcy9zY2hlbWFzL05FT00vUHJlZ25hbmN5Q2VydGlmaWNhdGUuanNvbiJ9LHsiYXV0aG9yaXNlZFNjaGVtYUlkIjoiaHR0cHM6Ly9yYXcuZ2l0aHVidXNlcmNvbnRlbnQuY29tL3dhbHQtaWQvd2FsdGlkLXNzaWtpdC12Y2xpYi9tYXN0ZXIvc3JjL3Rlc3QvcmVzb3VyY2VzL3NjaGVtYXMvRXVyb3Bhc3MuanNvbiJ9LHsiYXV0aG9yaXNlZFNjaGVtYUlkIjoiaHR0cHM6Ly9yYXcuZ2l0aHVidXNlcmNvbnRlbnQuY29tL3dhbHQtaWQvd2FsdGlkLXNzaWtpdC9mZWF0LW5lb20tY3JlZGVudGlhbC1zY2hlbWFzL3NyYy90ZXN0L3Jlc291cmNlcy9zY2hlbWFzL05FT00vU3R1ZGVudENhcmQuanNvbiJ9LHsiYXV0aG9yaXNlZFNjaGVtYUlkIjoiaHR0cHM6Ly9hcGktcGlsb3QuZWJzaS5ldS90cnVzdGVkLXNjaGVtYXMtcmVnaXN0cnkvdjIvc2NoZW1hcy8weDRkZDM5MjZjZDkyYmIzY2I2NGZhNmM4Mzc1MzllZDMxZmMzMGRkMzhhMTEyNjZhOTE2NzhlZmE3MjY4Y2RlMDkifV19LCJ0ZXJtc09mVXNlIjpbeyJ0eXBlIjoiVmVyaWZpYWJsZUFjY3JlZGl0YXRpb24iLCJpZCI6Imh0dHBzOi8vcmF3LmdpdGh1YnVzZXJjb250ZW50LmNvbS93YWx0LWlkL3dhbHRpZC1zc2lraXQvbWFpbi9zcmMvdGVzdC9yZXNvdXJjZXMvZWJzaS90cnVzdGVkLWlzc3Vlci1jaGFpbi90YW8tdGlyLWF0dHJpYnV0ZS5qc29uIn1dLCJjcmVkZW50aWFsU3RhdHVzIjp7ImlkIjoiaHR0cHM6Ly9lc3NpZi5ldXJvcGEuZXUvc3RhdHVzLzQ1IiwidHlwZSI6IkNyZWRlbnRpYWxTdGF0dXNMaXN0MjAyMCJ9fSwianRpIjoidXJuOnV1aWQ6MzllMjEyMzUtOWM3My00NTI2LWI5OGQtZWZiMWViNWM1NDg5In0.kTn0lULNqN15eVeinLD88UIQQoOR5ME7u4H0Eg2BePtAiVR2lR4YTX4EFntDlofMwcYG09Sup5SyR--QG0Y6vg, issuerType=TAO, tao=did:ebsi:zfVxfjBQWZTAH5FejWoxTaE, rootTao=did:ebsi:zfVxfjBQWZTAH5FejWoxTaE)) on TrustedIssuerClient(object TrustedIssuerClient).getAttribute(https://raw.githubusercontent.com/walt-id/waltid-ssikit/main/src/test/resources/ebsi/trusted-issuer-chain/tao-tir-attribute.json)
5723 [pool-1-thread-1 @coroutine#109] DEBUG id.walt.auditor.VerificationPolicy - VC [VerifiableCredential, AccreditedVerifiableAttestation, VerifiableAccreditation] passes policy EbsiTrustedIssuerAccreditationPolicy: passed
5723 [pool-1-thread-1 @coroutine#109] DEBUG id.walt.auditor.VerificationPolicy - VC [VerifiableCredential, AccreditedVerifiableAttestation, VerifiableAccreditationTIDiploma] passes policy EbsiTrustedIssuerRegistryPolicy: passed
5723 [pool-1-thread-1 @coroutine#109] DEBUG io.mockk.impl.instantiation.JvmStaticMockFactory - Disposing object mockk for DidService hashcode=3c29fbb6
5749 [pool-1-thread-1 @coroutine#109] DEBUG io.mockk.impl.instantiation.JvmStaticMockFactory - Disposing object mockk for TrustedIssuerClient hashcode=412a5351
5779 [pool-1-thread-1 @coroutine#109] DEBUG io.mockk.impl.instantiation.JvmStaticMockFactory - Creating object mockk for DidService
5820 [pool-1-thread-1 @coroutine#109] DEBUG io.mockk.impl.stub.CommonClearer - Clearing [DidService(object DidService)] mocks ClearOptions(answers=true, recordedCalls=true, childMocks=true, verificationMarks=true, exclusionRules=true)
5821 [pool-1-thread-1 @coroutine#109] DEBUG io.mockk.impl.instantiation.JvmStaticMockFactory - Creating object mockk for TrustedIssuerClient
5852 [pool-1-thread-1 @coroutine#109] DEBUG io.mockk.impl.stub.CommonClearer - Clearing [TrustedIssuerClient(object TrustedIssuerClient)] mocks ClearOptions(answers=true, recordedCalls=true, childMocks=true, verificationMarks=true, exclusionRules=true)
5853 [pool-1-thread-1 @coroutine#109] DEBUG io.mockk.impl.instantiation.AbstractMockFactory - Creating mockk for Did name=child of object DidService#7
5853 [pool-1-thread-1 @coroutine#109] DEBUG io.mockk.impl.instantiation.AbstractMockFactory - Creating mockk for AttributeRecord name=child of object TrustedIssuerClient#8
5854 [pool-1-thread-1 @coroutine#109] DEBUG io.mockk.impl.instantiation.AbstractMockFactory - Creating mockk for TrustedIssuer name=child of object TrustedIssuerClient#9
5855 [pool-1-thread-1 @coroutine#109] DEBUG io.mockk.impl.recording.states.AnsweringState - Answering TrustedIssuer(did=did:ebsi:zrCaMa5923UdhhWA69hArZS, attributes=[Attribute(hash=5ff9dd92f374d5fa4955a4b9d6e7814889d9d1dd55c6ece023f5f5a6daa28534, body=eyJraWQiOiJkaWQ6ZWJzaTp6dFNIZk5VRkRYbXFCTmtZOFVCSDhWRSNiZWE2YzdjMGZkOGM0ZmNmODU0ZDg4NTBkOThlNTY4MCIsInR5cCI6IkpXVCIsImFsZyI6IkVTMjU2SyJ9.eyJzdWIiOiJkaWQ6ZWJzaTp6eWRXQ3NaeHZUOXRTMmNUY1U5d3R3RSIsIm5iZiI6MTY4MTA1ODIwNywiaXNzIjoiZGlkOmVic2k6enRTSGZOVUZEWG1xQk5rWThVQkg4VkUiLCJpYXQiOjE2ODEwNTgyMDcsInZjIjp7InR5cGUiOlsiVmVyaWZpYWJsZUNyZWRlbnRpYWwiLCJBY2NyZWRpdGVkVmVyaWZpYWJsZUF0dGVzdGF0aW9uIiwiVmVyaWZpYWJsZUlkIl0sIkBjb250ZXh0IjpbImh0dHBzOi8vd3d3LnczLm9yZy8yMDE4L2NyZWRlbnRpYWxzL3YxIl0sImlkIjoidXJuOnV1aWQ6ZDUzZWFmMzctOTA2My00MWEyLThjY2QtNTc4ZmNkMmJhNzM1IiwiaXNzdWVyIjoiZGlkOmVic2k6enRTSGZOVUZEWG1xQk5rWThVQkg4VkUiLCJpc3N1YW5jZURhdGUiOiIyMDIzLTA0LTA5VDE2OjM2OjQ3WiIsImlzc3VlZCI6IjIwMjMtMDQtMDlUMTY6MzY6NDdaIiwidmFsaWRGcm9tIjoiMjAyMy0wNC0wOVQxNjozNjo0N1oiLCJleHBpcmF0aW9uRGF0ZSI6IjIwMjQtMDEtMDFUMDA6MDA6MDBaIiwiY3JlZGVudGlhbFNjaGVtYSI6eyJpZCI6Imh0dHBzOi8vZXNzaWYuZXVyb3BhLmV1L3Rzci0xMjMvdmVyaWZpYWJsZS1hY2NyZWRpdGF0aW9uLXRpLWRpcGxvbWEuanNvbiIsInR5cGUiOiJGdWxsSnNvblNjaGVtYVZhbGlkYXRvcjIwMjEifSwiY3JlZGVudGlhbFN1YmplY3QiOnsiaWQiOiJkaWQ6ZWJzaTp6eWRXQ3NaeHZUOXRTMmNUY1U5d3R3RSIsImF1dGhvcmlzYXRpb25DbGFpbXMiOlt7ImF1dGhvcmlzZWRTY2hlbWFJZCI6Imh0dHBzOi8vcmF3LmdpdGh1YnVzZXJjb250ZW50LmNvbS93YWx0LWlkL3dhbHRpZC1zc2lraXQtdmNsaWIvbWFzdGVyL3NyYy90ZXN0L3Jlc291cmNlcy9zY2hlbWFzL1ZlcmlmaWFibGVEaXBsb21hLmpzb24iLCJsaW1pdEp1cmlzZGljdGlvbiI6Imh0dHA6Ly9wdWJsaWNhdGlvbnMuZXVyb3BhLmV1L3Jlc291cmNlL2F1dGhvcml0eS9hdHUvTkxEIiwiYWNjcmVkaXRhdGlvblR5cGUiOiJodHRwOi8vZGF0YS5ldXJvcGEuZXUvc25iL2FjY3JlZGl0YXRpb24vZTU3ZGRkZmNmMyIsImRlY2lzaW9uIjoiZnVsbHkgY29tcGxpYW50IiwicmVwb3J0IjpbImh0dHBzOi8vd3d3LmV4YW1wbGUuY29tL1VSTHRvcmVwb3J0LnBkZiJdLCJsaW1pdFF1YWxpZmljYXRpb24iOlt7ImlkIjoiaHR0cDovL3F1YWxkYi5vcmcvcXVhbC8xIiwidGl0bGUiOiJNYXN0ZXJzJyBEaXBsb21hIGluIFNvY2lvbG9neSIsImFsdGVybmF0aXZlTGFiZWwiOlsiRGlwbG9tYSBpbiBTb2Npb2xvZ3kiLCJNYXN0ZXJzJyBEaXBsb21hIGluIFNvY2lvbG9naWNhbCBTdHVkaWVzIl0sIkVRRkxldmVsIjoiaHR0cDovL2RhdGEuZXVyb3BhLmV1L3NuYi9lcWYvNiIsIk5RRkxldmVsIjoiaHR0cDovL2RhdGEuZXVyb3BhLmV1L3NuYi9xZHIvY18xNzExYTA2MSJ9XSwicmV2aWV3RGF0ZSI6IjIwMjQtMDQtMjJUMTQ6MTE6NDRaIn1dfSwidGVybXNPZlVzZSI6W3sidHlwZSI6IlZlcmlmaWFibGVBY2NyZWRpdGF0aW9uIiwiaWQiOiJodHRwczovL3Jhdy5naXRodWJ1c2VyY29udGVudC5jb20vd2FsdC1pZC93YWx0aWQtc3Npa2l0L21haW4vc3JjL3Rlc3QvcmVzb3VyY2VzL2Vic2kvdHJ1c3RlZC1pc3N1ZXItY2hhaW4vdGFvLXRpci1hdHRyaWJ1dGUuanNvbiJ9XSwiY3JlZGVudGlhbFN0YXR1cyI6eyJpZCI6Imh0dHBzOi8vZXNzaWYuZXVyb3BhLmV1L3N0YXR1cy80NSIsInR5cGUiOiJDcmVkZW50aWFsc1N0YXR1c0xpc3QyMDIwIn19LCJqdGkiOiJ1cm46dXVpZDpkNTNlYWYzNy05MDYzLTQxYTItOGNjZC01NzhmY2QyYmE3MzUifQ.lbtuFLyvk_mfRSs-TlSpDoyYkxYuOyEajOBSBOw6jsLCuX8j05Mv-F2LhWKCxhirQwglXrYQONVoTZjfDSWuZQ, issuerType=TI, tao=did:ebsi:zfVxfjBQWZTAH5FejWoxTaE, rootTao=did:ebsi:zfVxfjBQWZTAH5FejWoxTaE), Attribute(hash=bffc44de220689d9f14dbe7bbe35d6c4393156b80cc56b3d27f55788625e54f6, body=eyJraWQiOiJkaWQ6ZWJzaTp6ZlZ4ZmpCUVdaVEFINUZlaldveFRhRSMyNWU0ZmUxMGQ5ZTA0NTZiOGFjMDEwZjE5ZWQ1ZWMwZiIsInR5cCI6IkpXVCIsImFsZyI6IkVTMjU2SyJ9.eyJzdWIiOiJkaWQ6ZWJzaTp6ckNhTWE1OTIzVWRoaFdBNjloQXJaUyIsIm5iZiI6MTY4MTgwODA2NiwiaXNzIjoiZGlkOmVic2k6emZWeGZqQlFXWlRBSDVGZWpXb3hUYUUiLCJpYXQiOjE2ODE4MDgwNjYsInZjIjp7InR5cGUiOlsiVmVyaWZpYWJsZUNyZWRlbnRpYWwiLCJBY2NyZWRpdGVkVmVyaWZpYWJsZUF0dGVzdGF0aW9uIiwiVmVyaWZpYWJsZUFjY3JlZGl0YXRpb25USURpcGxvbWEiXSwiQGNvbnRleHQiOlsiaHR0cHM6Ly93d3cudzMub3JnLzIwMTgvY3JlZGVudGlhbHMvdjEiXSwiaWQiOiJ1cm46dXVpZDo1ZGQ2NzFjMi04YWQ4LTRhNGYtODUzNy00OGQ3ZWI5OTQxZTEiLCJpc3N1ZXIiOiJkaWQ6ZWJzaTp6ZlZ4ZmpCUVdaVEFINUZlaldveFRhRSIsImlzc3VhbmNlRGF0ZSI6IjIwMjMtMDQtMThUMDg6NTQ6MjZaIiwiaXNzdWVkIjoiMjAyMy0wNC0xOFQwODo1NDoyNloiLCJ2YWxpZEZyb20iOiIyMDIzLTA0LTE4VDA4OjU0OjI2WiIsImV4cGlyYXRpb25EYXRlIjoiMjAyNC0wMS0wMVQwMDowMDowMFoiLCJjcmVkZW50aWFsU2NoZW1hIjp7ImlkIjoiaHR0cHM6Ly9lc3NpZi5ldXJvcGEuZXUvdHNyLTEyMy92ZXJpZmlhYmxlLWFjY3JlZGl0YXRpb24tdGktZGlwbG9tYS5qc29uIiwidHlwZSI6IkZ1bGxKc29uU2NoZW1hVmFsaWRhdG9yMjAyMSJ9LCJjcmVkZW50aWFsU3ViamVjdCI6eyJpZCI6ImRpZDplYnNpOnpyQ2FNYTU5MjNVZGhoV0E2OWhBclpTIiwiYXV0aG9yaXNhdGlvbkNsYWltcyI6W3siYXV0aG9yaXNlZFNjaGVtYUlkIjoiaHR0cHM6Ly9yYXcuZ2l0aHVidXNlcmNvbnRlbnQuY29tL3dhbHQtaWQvd2FsdGlkLXNzaWtpdC12Y2xpYi9tYXN0ZXIvc3JjL3Rlc3QvcmVzb3VyY2VzL3NjaGVtYXMvVmVyaWZpYWJsZURpcGxvbWEuanNvbiIsImxpbWl0SnVyaXNkaWN0aW9uIjoiaHR0cDovL3B1YmxpY2F0aW9ucy5ldXJvcGEuZXUvcmVzb3VyY2UvYXV0aG9yaXR5L2F0dS9OTEQiLCJhY2NyZWRpdGF0aW9uVHlwZSI6Imh0dHA6Ly9kYXRhLmV1cm9wYS5ldS9zbmIvYWNjcmVkaXRhdGlvbi9lNTdkZGRmY2YzIiwiZGVjaXNpb24iOiJmdWxseSBjb21wbGlhbnQiLCJyZXBvcnQiOlsiaHR0cHM6Ly93d3cuZXhhbXBsZS5jb20vVVJMdG9yZXBvcnQucGRmIl0sImxpbWl0UXVhbGlmaWNhdGlvbiI6W3siaWQiOiJodHRwOi8vcXVhbGRiLm9yZy9xdWFsLzEiLCJ0aXRsZSI6Ik1hc3RlcnMnIERpcGxvbWEgaW4gU29jaW9sb2d5IiwiYWx0ZXJuYXRpdmVMYWJlbCI6WyJEaXBsb21hIGluIFNvY2lvbG9neSIsIk1hc3RlcnMnIERpcGxvbWEgaW4gU29jaW9sb2dpY2FsIFN0dWRpZXMiXSwiRVFGTGV2ZWwiOiJodHRwOi8vZGF0YS5ldXJvcGEuZXUvc25iL2VxZi82IiwiTlFGTGV2ZWwiOiJodHRwOi8vZGF0YS5ldXJvcGEuZXUvc25iL3Fkci9jXzE3MTFhMDYxIn1dLCJyZXZpZXdEYXRlIjoiMjAyNC0wNC0yMlQxNDoxMTo0NFoifSx7ImF1dGhvcmlzZWRTY2hlbWFJZCI6Imh0dHBzOi8vcmF3LmdpdGh1YnVzZXJjb250ZW50LmNvbS93YWx0LWlkL3dhbHRpZC1zc2lraXQvZmVhdC1uZW9tLWNyZWRlbnRpYWwtc2NoZW1hcy9zcmMvdGVzdC9yZXNvdXJjZXMvc2NoZW1hcy9ORU9NL1ByZWduYW5jeUNlcnRpZmljYXRlLmpzb24ifSx7ImF1dGhvcmlzZWRTY2hlbWFJZCI6Imh0dHBzOi8vcmF3LmdpdGh1YnVzZXJjb250ZW50LmNvbS93YWx0LWlkL3dhbHRpZC1zc2lraXQtdmNsaWIvbWFzdGVyL3NyYy90ZXN0L3Jlc291cmNlcy9zY2hlbWFzL0V1cm9wYXNzLmpzb24ifSx7ImF1dGhvcmlzZWRTY2hlbWFJZCI6Imh0dHBzOi8vcmF3LmdpdGh1YnVzZXJjb250ZW50LmNvbS93YWx0LWlkL3dhbHRpZC1zc2lraXQvZmVhdC1uZW9tLWNyZWRlbnRpYWwtc2NoZW1hcy9zcmMvdGVzdC9yZXNvdXJjZXMvc2NoZW1hcy9ORU9NL1N0dWRlbnRDYXJkLmpzb24ifSx7ImF1dGhvcmlzZWRTY2hlbWFJZCI6Imh0dHBzOi8vYXBpLXBpbG90LmVic2kuZXUvdHJ1c3RlZC1zY2hlbWFzLXJlZ2lzdHJ5L3YyL3NjaGVtYXMvMHg0ZGQzOTI2Y2Q5MmJiM2NiNjRmYTZjODM3NTM5ZWQzMWZjMzBkZDM4YTExMjY2YTkxNjc4ZWZhNzI2OGNkZTA5In1dfSwidGVybXNPZlVzZSI6W3sidHlwZSI6IlZlcmlmaWFibGVBY2NyZWRpdGF0aW9uIiwiaWQiOiJodHRwczovL3Jhdy5naXRodWJ1c2VyY29udGVudC5jb20vd2FsdC1pZC93YWx0aWQtc3Npa2l0L21haW4vc3JjL3Rlc3QvcmVzb3VyY2VzL2Vic2kvdHJ1c3RlZC1pc3N1ZXItY2hhaW4vdGFvLXRpci1hdHRyaWJ1dGUuanNvbiJ9XSwiY3JlZGVudGlhbFN0YXR1cyI6eyJpZCI6Imh0dHBzOi8vZXNzaWYuZXVyb3BhLmV1L3N0YXR1cy80NSIsInR5cGUiOiJDcmVkZW50aWFsU3RhdHVzTGlzdDIwMjAifX0sImp0aSI6InVybjp1dWlkOjVkZDY3MWMyLThhZDgtNGE0Zi04NTM3LTQ4ZDdlYjk5NDFlMSJ9.YViBcEHN7wVs5aMtpPDmLOAWgD_v8MSTKr2iSBqTKJF5sVhn_a1o1DTMDHfBU7bFHI4PI7tVBStHdwB1Urks5w, issuerType=TI, tao=did:ebsi:zfVxfjBQWZTAH5FejWoxTaE, rootTao=did:ebsi:zfVxfjBQWZTAH5FejWoxTaE)]) on TrustedIssuerClient(object TrustedIssuerClient).getIssuer(TI)
5856 [pool-1-thread-1 @coroutine#109] DEBUG io.mockk.impl.recording.states.AnsweringState - Answering AttributeRecord(did=did:ebsi:zfVxfjBQWZTAH5FejWoxTaE, attribute=Attribute(hash=9818bb4caab6742d74de0a4f9c6fa43792583f3edc3068ce42ac114dded26aed, body=eyJraWQiOiJkaWQ6ZWJzaTp6ZlZ4ZmpCUVdaVEFINUZlaldveFRhRSMyNWU0ZmUxMGQ5ZTA0NTZiOGFjMDEwZjE5ZWQ1ZWMwZiIsInR5cCI6IkpXVCIsImFsZyI6IkVTMjU2SyJ9.eyJzdWIiOiJkaWQ6ZWJzaTp6ZlZ4ZmpCUVdaVEFINUZlaldveFRhRSIsIm5iZiI6MTY4MTgwODA2NywiaXNzIjoiZGlkOmVic2k6emZWeGZqQlFXWlRBSDVGZWpXb3hUYUUiLCJpYXQiOjE2ODE4MDgwNjcsInZjIjp7InR5cGUiOlsiVmVyaWZpYWJsZUNyZWRlbnRpYWwiLCJBY2NyZWRpdGVkVmVyaWZpYWJsZUF0dGVzdGF0aW9uIiwiVmVyaWZpYWJsZUFjY3JlZGl0YXRpb24iXSwiQGNvbnRleHQiOlsiaHR0cHM6Ly93d3cudzMub3JnLzIwMTgvY3JlZGVudGlhbHMvdjEiXSwiaWQiOiJ1cm46dXVpZDozOWUyMTIzNS05YzczLTQ1MjYtYjk4ZC1lZmIxZWI1YzU0ODkiLCJpc3N1ZXIiOiJkaWQ6ZWJzaTp6ZlZ4ZmpCUVdaVEFINUZlaldveFRhRSIsImlzc3VhbmNlRGF0ZSI6IjIwMjMtMDQtMThUMDg6NTQ6MjdaIiwiaXNzdWVkIjoiMjAyMy0wNC0xOFQwODo1NDoyN1oiLCJ2YWxpZEZyb20iOiIyMDIzLTA0LTE4VDA4OjU0OjI3WiIsImV4cGlyYXRpb25EYXRlIjoiMjAyNC0wMS0wMVQwMDowMDowMFoiLCJjcmVkZW50aWFsU2NoZW1hIjp7ImlkIjoiaHR0cHM6Ly9lc3NpZi5ldXJvcGEuZXUvdHNyLTEyMy92ZXJpZmlhYmxlLWFjY3JlZGl0YXRpb24uanNvbiIsInR5cGUiOiJGdWxsSnNvblNjaGVtYVZhbGlkYXRvcjIwMjEifSwiY3JlZGVudGlhbFN1YmplY3QiOnsiaWQiOiJkaWQ6ZWJzaTp6ZlZ4ZmpCUVdaVEFINUZlaldveFRhRSIsImF1dGhvcmlzYXRpb25DbGFpbXMiOlt7ImF1dGhvcmlzZWRTY2hlbWFJZCI6Imh0dHBzOi8vZXNzaWYuZXVyb3BhLmV1L3Rzci0xMjMvdmVyaWZpYWJsZS1hY2NyZWRpdGF0aW9uLmpzb24ifSx7ImF1dGhvcmlzZWRTY2hlbWFJZCI6Imh0dHBzOi8vZXNzaWYuZXVyb3BhLmV1L3Rzci0xMjMvdmVyaWZpYWJsZS1hY2NyZWRpdGF0aW9uLXRpLWRpcGxvbWEuanNvbiJ9LHsiYXV0aG9yaXNlZFNjaGVtYUlkIjoiaHR0cHM6Ly9yYXcuZ2l0aHVidXNlcmNvbnRlbnQuY29tL3dhbHQtaWQvd2FsdGlkLXNzaWtpdC9mZWF0LW5lb20tY3JlZGVudGlhbC1zY2hlbWFzL3NyYy90ZXN0L3Jlc291cmNlcy9zY2hlbWFzL05FT00vUHJlZ25hbmN5Q2VydGlmaWNhdGUuanNvbiJ9LHsiYXV0aG9yaXNlZFNjaGVtYUlkIjoiaHR0cHM6Ly9yYXcuZ2l0aHVidXNlcmNvbnRlbnQuY29tL3dhbHQtaWQvd2FsdGlkLXNzaWtpdC12Y2xpYi9tYXN0ZXIvc3JjL3Rlc3QvcmVzb3VyY2VzL3NjaGVtYXMvRXVyb3Bhc3MuanNvbiJ9LHsiYXV0aG9yaXNlZFNjaGVtYUlkIjoiaHR0cHM6Ly9yYXcuZ2l0aHVidXNlcmNvbnRlbnQuY29tL3dhbHQtaWQvd2FsdGlkLXNzaWtpdC9mZWF0LW5lb20tY3JlZGVudGlhbC1zY2hlbWFzL3NyYy90ZXN0L3Jlc291cmNlcy9zY2hlbWFzL05FT00vU3R1ZGVudENhcmQuanNvbiJ9LHsiYXV0aG9yaXNlZFNjaGVtYUlkIjoiaHR0cHM6Ly9hcGktcGlsb3QuZWJzaS5ldS90cnVzdGVkLXNjaGVtYXMtcmVnaXN0cnkvdjIvc2NoZW1hcy8weDRkZDM5MjZjZDkyYmIzY2I2NGZhNmM4Mzc1MzllZDMxZmMzMGRkMzhhMTEyNjZhOTE2NzhlZmE3MjY4Y2RlMDkifV19LCJ0ZXJtc09mVXNlIjpbeyJ0eXBlIjoiVmVyaWZpYWJsZUFjY3JlZGl0YXRpb24iLCJpZCI6Imh0dHBzOi8vcmF3LmdpdGh1YnVzZXJjb250ZW50LmNvbS93YWx0LWlkL3dhbHRpZC1zc2lraXQvbWFpbi9zcmMvdGVzdC9yZXNvdXJjZXMvZWJzaS90cnVzdGVkLWlzc3Vlci1jaGFpbi90YW8tdGlyLWF0dHJpYnV0ZS5qc29uIn1dLCJjcmVkZW50aWFsU3RhdHVzIjp7ImlkIjoiaHR0cHM6Ly9lc3NpZi5ldXJvcGEuZXUvc3RhdHVzLzQ1IiwidHlwZSI6IkNyZWRlbnRpYWxTdGF0dXNMaXN0MjAyMCJ9fSwianRpIjoidXJuOnV1aWQ6MzllMjEyMzUtOWM3My00NTI2LWI5OGQtZWZiMWViNWM1NDg5In0.kTn0lULNqN15eVeinLD88UIQQoOR5ME7u4H0Eg2BePtAiVR2lR4YTX4EFntDlofMwcYG09Sup5SyR--QG0Y6vg, issuerType=TAO, tao=did:ebsi:zfVxfjBQWZTAH5FejWoxTaE, rootTao=did:ebsi:zfVxfjBQWZTAH5FejWoxTaE)) on TrustedIssuerClient(object TrustedIssuerClient).getAttribute(https://raw.githubusercontent.com/walt-id/waltid-ssikit/main/src/test/resources/ebsi/trusted-issuer-chain/tao-tir-attribute.json)
5857 [pool-1-thread-1 @coroutine#109] DEBUG id.walt.auditor.VerificationPolicy - VC [VerifiableCredential, AccreditedVerifiableAttestation, VerifiableAccreditationTIDiploma] passes policy EbsiTrustedIssuerAccreditationPolicy: passed
5857 [pool-1-thread-1 @coroutine#109] DEBUG id.walt.auditor.VerificationPolicy - VC [VerifiableCredential, VerifiableAttestation, VerifiableDiploma] passes policy EbsiTrustedIssuerRegistryPolicy: passed
5857 [pool-1-thread-1 @coroutine#109] DEBUG io.mockk.impl.instantiation.JvmStaticMockFactory - Disposing object mockk for DidService hashcode=3c29fbb6
5883 [pool-1-thread-1 @coroutine#109] DEBUG io.mockk.impl.instantiation.JvmStaticMockFactory - Disposing object mockk for TrustedIssuerClient hashcode=412a5351
5929 [pool-1-thread-1 @coroutine#110] DEBUG id.walt.services.keystore.HKVKeyStoreService - Storing key "91f21a4dc2d24a2789a310f56a22f84d".
5930 [pool-1-thread-1 @coroutine#110] DEBUG id.walt.services.keystore.HKVKeyStoreService - Loading key "91f21a4dc2d24a2789a310f56a22f84d".
5930 [pool-1-thread-1 @coroutine#110] DEBUG id.walt.model.DidUrl - Trying to create DidUrl from URL: "did:key:z6MkrJhdxvizf8ntHavaaAsPrubRvgquczT6UsGJAF7hrZnT"...
5934 [pool-1-thread-1 @coroutine#110] DEBUG id.walt.services.keystore.HKVKeyStoreService - Loading key "91f21a4dc2d24a2789a310f56a22f84d".
5935 [pool-1-thread-1 @coroutine#110] DEBUG id.walt.services.did.DidService - A key with the id "91f21a4dc2d24a2789a310f56a22f84d" exists.
5935 [pool-1-thread-1 @coroutine#110] DEBUG id.walt.model.DidUrl - Trying to create DidUrl from URL: "did:key:z6MkrJhdxvizf8ntHavaaAsPrubRvgquczT6UsGJAF7hrZnT"...
5935 [pool-1-thread-1 @coroutine#110] DEBUG id.walt.model.DidUrl - Trying to create DidUrl from URL: "did:key:z6MkrJhdxvizf8ntHavaaAsPrubRvgquczT6UsGJAF7hrZnT"...
5939 [pool-1-thread-1 @coroutine#110] DEBUG id.walt.model.DidUrl - Trying to create DidUrl from URL: "did:key:z6MkrJhdxvizf8ntHavaaAsPrubRvgquczT6UsGJAF7hrZnT"...
5940 [pool-1-thread-1 @coroutine#110] DEBUG id.walt.model.DidUrl - Trying to create DidUrl from URL: "did:key:z6MkrJhdxvizf8ntHavaaAsPrubRvgquczT6UsGJAF7hrZnT"...
5940 [pool-1-thread-1 @coroutine#110] DEBUG id.walt.model.DidUrl - Trying to create DidUrl from URL: "did:key:z6MkrJhdxvizf8ntHavaaAsPrubRvgquczT6UsGJAF7hrZnT"...
5940 [pool-1-thread-1 @coroutine#110] DEBUG id.walt.signatory.WaltIdSignatory - Signing credential with proof using LD_PROOF...
5940 [pool-1-thread-1 @coroutine#110] DEBUG id.walt.signatory.WaltIdSignatory - Signing credential with proof using LD_PROOF, credential is: {"type":["VerifiableCredential","VerifiableAttestation","VerifiableDiploma"],"@context":["https://www.w3.org/2018/credentials/v1"],"id":"urn:uuid:13a99a38-1455-45f3-b545-57425a335867","issuer":"did:key:z6MkrJhdxvizf8ntHavaaAsPrubRvgquczT6UsGJAF7hrZnT","issuanceDate":"2024-09-12T09:39:41Z","issued":"2024-09-12T09:39:41Z","validFrom":"2024-09-12T09:39:41Z","expirationDate":"2022-08-31T00:00:00Z","credentialSchema":{"id":"https://raw.githubusercontent.com/walt-id/waltid-ssikit-vclib/master/src/test/resources/schemas/VerifiableDiploma.json","type":"JsonSchemaValidator2018"},"credentialSubject":{"id":"did:key:z6MkrJhdxvizf8ntHavaaAsPrubRvgquczT6UsGJAF7hrZnT","awardingOpportunity":{"awardingBody":{"eidasLegalIdentifier":"Unknown","homepage":"https://leaston.bcdiploma.com/","id":"did:ebsi:2A9BZ9SUe6BatacSpvs1V5CdjHvLpQ7bEsi2Jb6LdHKnQxaN","preferredName":"Leaston University","registration":"0597065J"},"endedAtTime":"2020-06-26T00:00:00Z","id":"https://leaston.bcdiploma.com/law-economics-management#AwardingOpportunity","identifier":"https://certificate-demo.bcdiploma.com/check/87ED2F2270E6C41456E94B86B9D9115B4E35BCCAD200A49B846592C14F79C86BV1Fnbllta0NZTnJkR3lDWlRmTDlSRUJEVFZISmNmYzJhUU5sZUJ5Z2FJSHpWbmZZ","location":"FRANCE","startedAtTime":"2019-09-02T00:00:00Z"},"dateOfBirth":"1993-04-08","familyName":"DOE","givenNames":"Jane","gradingScheme":{"id":"https://leaston.bcdiploma.com/law-economics-management#GradingScheme","title":"Lower Second-Class Honours"},"identifier":"0904008084H","learningAchievement":{"additionalNote":["DISTRIBUTION MANAGEMENT"],"description":"MARKETING AND SALES","id":"https://leaston.bcdiploma.com/law-economics-management#LearningAchievment","title":"MASTERS LAW, ECONOMICS AND MANAGEMENT"},"learningSpecification":{"ectsCreditPoints":120,"eqfLevel":7,"id":"https://leaston.bcdiploma.com/law-economics-management#LearningSpecification","iscedfCode":["7"],"nqfLevel":["7"]}},"credentialStatus":{"id":"https://essif.europa.eu/status/education#higherEducation#392ac7f6-399a-437b-a268-4691ead8f176","type":"CredentialStatusList2020"},"evidence":{"documentPresence":["Physical"],"evidenceDocument":["Passport"],"id":"https://essif.europa.eu/tsr-va/evidence/f2aeec97-fc0d-42bf-8ca7-0548192d5678","subjectPresence":"Physical","type":["DocumentVerification"],"verifier":"did:ebsi:2962fb784df61baa267c8132497539f8c674b37c1244a7a"}}
5940 [pool-1-thread-1 @coroutine#110] DEBUG id.walt.services.vc.WaltIdJsonLdCredentialService - Signing jsonLd object with: issuerDid (did:key:z6MkrJhdxvizf8ntHavaaAsPrubRvgquczT6UsGJAF7hrZnT), domain (null), nonce (null
5941 [pool-1-thread-1 @coroutine#110] DEBUG id.walt.services.keystore.HKVKeyStoreService - Loading key "did:key:z6MkrJhdxvizf8ntHavaaAsPrubRvgquczT6UsGJAF7hrZnT#z6MkrJhdxvizf8ntHavaaAsPrubRvgquczT6UsGJAF7hrZnT".
5942 [pool-1-thread-1 @coroutine#110] DEBUG id.walt.services.vc.WaltIdJsonLdCredentialService - Signing: {"type":["VerifiableCredential","VerifiableAttestation","VerifiableDiploma"],"@context":["https://www.w3.org/2018/credentials/v1"],"id":"urn:uuid:13a99a38-1455-45f3-b545-57425a335867","issuer":"did:key:z6MkrJhdxvizf8ntHavaaAsPrubRvgquczT6UsGJAF7hrZnT","issuanceDate":"2024-09-12T09:39:41Z","issued":"2024-09-12T09:39:41Z","validFrom":"2024-09-12T09:39:41Z","expirationDate":"2022-08-31T00:00:00Z","credentialSchema":{"id":"https://raw.githubusercontent.com/walt-id/waltid-ssikit-vclib/master/src/test/resources/schemas/VerifiableDiploma.json","type":"JsonSchemaValidator2018"},"credentialSubject":{"id":"did:key:z6MkrJhdxvizf8ntHavaaAsPrubRvgquczT6UsGJAF7hrZnT","awardingOpportunity":{"awardingBody":{"eidasLegalIdentifier":"Unknown","homepage":"https://leaston.bcdiploma.com/","id":"did:ebsi:2A9BZ9SUe6BatacSpvs1V5CdjHvLpQ7bEsi2Jb6LdHKnQxaN","preferredName":"Leaston University","registration":"0597065J"},"endedAtTime":"2020-06-26T00:00:00Z","id":"https://leaston.bcdiploma.com/law-economics-management#AwardingOpportunity","identifier":"https://certificate-demo.bcdiploma.com/check/87ED2F2270E6C41456E94B86B9D9115B4E35BCCAD200A49B846592C14F79C86BV1Fnbllta0NZTnJkR3lDWlRmTDlSRUJEVFZISmNmYzJhUU5sZUJ5Z2FJSHpWbmZZ","location":"FRANCE","startedAtTime":"2019-09-02T00:00:00Z"},"dateOfBirth":"1993-04-08","familyName":"DOE","givenNames":"Jane","gradingScheme":{"id":"https://leaston.bcdiploma.com/law-economics-management#GradingScheme","title":"Lower Second-Class Honours"},"identifier":"0904008084H","learningAchievement":{"additionalNote":["DISTRIBUTION MANAGEMENT"],"description":"MARKETING AND SALES","id":"https://leaston.bcdiploma.com/law-economics-management#LearningAchievment","title":"MASTERS LAW, ECONOMICS AND MANAGEMENT"},"learningSpecification":{"ectsCreditPoints":120,"eqfLevel":7,"id":"https://leaston.bcdiploma.com/law-economics-management#LearningSpecification","iscedfCode":["7"],"nqfLevel":["7"]}},"credentialStatus":{"id":"https://essif.europa.eu/status/education#higherEducation#392ac7f6-399a-437b-a268-4691ead8f176","type":"CredentialStatusList2020"},"evidence":{"documentPresence":["Physical"],"evidenceDocument":["Passport"],"id":"https://essif.europa.eu/tsr-va/evidence/f2aeec97-fc0d-42bf-8ca7-0548192d5678","subjectPresence":"Physical","type":["DocumentVerification"],"verifier":"did:ebsi:2962fb784df61baa267c8132497539f8c674b37c1244a7a"}}
Sep 12, 2024 11:39:41 AM com.apicatalog.jsonld.deseralization.JsonLdToRdf build
WARNING: Non well-formed subject [https://essif.europa.eu/status/education#higherEducation#392ac7f6-399a-437b-a268-4691ead8f176] has been skipped.
5950 [pool-1-thread-1 @coroutine#110] DEBUG id.walt.services.keystore.HKVKeyStoreService - Loading key "91f21a4dc2d24a2789a310f56a22f84d".
5950 [pool-1-thread-1 @coroutine#110] DEBUG id.walt.services.keystore.HKVKeyStoreService - Loading key "91f21a4dc2d24a2789a310f56a22f84d".
5950 [pool-1-thread-1 @coroutine#110] DEBUG id.walt.services.keystore.HKVKeyStoreService - Loading key "91f21a4dc2d24a2789a310f56a22f84d".
5952 [pool-1-thread-1 @coroutine#110] DEBUG id.walt.signatory.WaltIdSignatory - Signed VC is: {
  "type" : [ "VerifiableCredential", "VerifiableAttestation", "VerifiableDiploma" ],
  "@context" : [ "https://www.w3.org/2018/credentials/v1", "https://w3id.org/security/suites/jws-2020/v1" ],
  "id" : "urn:uuid:13a99a38-1455-45f3-b545-57425a335867",
  "issuer" : "did:key:z6MkrJhdxvizf8ntHavaaAsPrubRvgquczT6UsGJAF7hrZnT",
  "issuanceDate" : "2024-09-12T09:39:41Z",
  "issued" : "2024-09-12T09:39:41Z",
  "validFrom" : "2024-09-12T09:39:41Z",
  "expirationDate" : "2022-08-31T00:00:00Z",
  "credentialSchema" : {
    "id" : "https://raw.githubusercontent.com/walt-id/waltid-ssikit-vclib/master/src/test/resources/schemas/VerifiableDiploma.json",
    "type" : "JsonSchemaValidator2018"
  },
  "credentialSubject" : {
    "id" : "did:key:z6MkrJhdxvizf8ntHavaaAsPrubRvgquczT6UsGJAF7hrZnT",
    "awardingOpportunity" : {
      "awardingBody" : {
        "eidasLegalIdentifier" : "Unknown",
        "homepage" : "https://leaston.bcdiploma.com/",
        "id" : "did:ebsi:2A9BZ9SUe6BatacSpvs1V5CdjHvLpQ7bEsi2Jb6LdHKnQxaN",
        "preferredName" : "Leaston University",
        "registration" : "0597065J"
      },
      "endedAtTime" : "2020-06-26T00:00:00Z",
      "id" : "https://leaston.bcdiploma.com/law-economics-management#AwardingOpportunity",
      "identifier" : "https://certificate-demo.bcdiploma.com/check/87ED2F2270E6C41456E94B86B9D9115B4E35BCCAD200A49B846592C14F79C86BV1Fnbllta0NZTnJkR3lDWlRmTDlSRUJEVFZISmNmYzJhUU5sZUJ5Z2FJSHpWbmZZ",
      "location" : "FRANCE",
      "startedAtTime" : "2019-09-02T00:00:00Z"
    },
    "dateOfBirth" : "1993-04-08",
    "familyName" : "DOE",
    "givenNames" : "Jane",
    "gradingScheme" : {
      "id" : "https://leaston.bcdiploma.com/law-economics-management#GradingScheme",
      "title" : "Lower Second-Class Honours"
    },
    "identifier" : "0904008084H",
    "learningAchievement" : {
      "additionalNote" : [ "DISTRIBUTION MANAGEMENT" ],
      "description" : "MARKETING AND SALES",
      "id" : "https://leaston.bcdiploma.com/law-economics-management#LearningAchievment",
      "title" : "MASTERS LAW, ECONOMICS AND MANAGEMENT"
    },
    "learningSpecification" : {
      "ectsCreditPoints" : 120,
      "eqfLevel" : 7,
      "id" : "https://leaston.bcdiploma.com/law-economics-management#LearningSpecification",
      "iscedfCode" : [ "7" ],
      "nqfLevel" : [ "7" ]
    }
  },
  "credentialStatus" : {
    "id" : "https://essif.europa.eu/status/education#higherEducation#392ac7f6-399a-437b-a268-4691ead8f176",
    "type" : "CredentialStatusList2020"
  },
  "evidence" : {
    "documentPresence" : [ "Physical" ],
    "evidenceDocument" : [ "Passport" ],
    "id" : "https://essif.europa.eu/tsr-va/evidence/f2aeec97-fc0d-42bf-8ca7-0548192d5678",
    "subjectPresence" : "Physical",
    "type" : [ "DocumentVerification" ],
    "verifier" : "did:ebsi:2962fb784df61baa267c8132497539f8c674b37c1244a7a"
  },
  "proof" : {
    "type" : "JsonWebSignature2020",
    "creator" : "did:key:z6MkrJhdxvizf8ntHavaaAsPrubRvgquczT6UsGJAF7hrZnT",
    "created" : "2024-09-12T09:39:41Z",
    "proofPurpose" : "assertionMethod",
    "verificationMethod" : "did:key:z6MkrJhdxvizf8ntHavaaAsPrubRvgquczT6UsGJAF7hrZnT#z6MkrJhdxvizf8ntHavaaAsPrubRvgquczT6UsGJAF7hrZnT",
    "jws" : "eyJiNjQiOmZhbHNlLCJjcml0IjpbImI2NCJdLCJhbGciOiJFZERTQSJ9..6tvNfnyWjoq_1tcxS8JjjuG9JB4vmk4P7i0LWileB9mYB0zSroE3_HHjy4tANCAbqQwCKzRxBdsdCdcpFkkUCw"
  }
}
5952 [pool-1-thread-1 @coroutine#110] DEBUG id.walt.services.vc.WaltIdJsonLdCredentialService - Creating a presentation for VCs:
[PresentableCredential(verifiableCredential={"type":["VerifiableCredential","VerifiableAttestation","VerifiableDiploma"],"@context":["https://www.w3.org/2018/credentials/v1","https://w3id.org/security/suites/jws-2020/v1"],"id":"urn:uuid:13a99a38-1455-45f3-b545-57425a335867","issuer":"did:key:z6MkrJhdxvizf8ntHavaaAsPrubRvgquczT6UsGJAF7hrZnT","issuanceDate":"2024-09-12T09:39:41Z","issued":"2024-09-12T09:39:41Z","validFrom":"2024-09-12T09:39:41Z","expirationDate":"2022-08-31T00:00:00Z","proof":{"type":"JsonWebSignature2020","creator":"did:key:z6MkrJhdxvizf8ntHavaaAsPrubRvgquczT6UsGJAF7hrZnT","created":"2024-09-12T09:39:41Z","proofPurpose":"assertionMethod","verificationMethod":"did:key:z6MkrJhdxvizf8ntHavaaAsPrubRvgquczT6UsGJAF7hrZnT#z6MkrJhdxvizf8ntHavaaAsPrubRvgquczT6UsGJAF7hrZnT","jws":"eyJiNjQiOmZhbHNlLCJjcml0IjpbImI2NCJdLCJhbGciOiJFZERTQSJ9..6tvNfnyWjoq_1tcxS8JjjuG9JB4vmk4P7i0LWileB9mYB0zSroE3_HHjy4tANCAbqQwCKzRxBdsdCdcpFkkUCw"},"credentialSchema":{"id":"https://raw.githubusercontent.com/walt-id/waltid-ssikit-vclib/master/src/test/resources/schemas/VerifiableDiploma.json","type":"JsonSchemaValidator2018"},"credentialSubject":{"id":"did:key:z6MkrJhdxvizf8ntHavaaAsPrubRvgquczT6UsGJAF7hrZnT","awardingOpportunity":{"awardingBody":{"eidasLegalIdentifier":"Unknown","homepage":"https://leaston.bcdiploma.com/","id":"did:ebsi:2A9BZ9SUe6BatacSpvs1V5CdjHvLpQ7bEsi2Jb6LdHKnQxaN","preferredName":"Leaston University","registration":"0597065J"},"endedAtTime":"2020-06-26T00:00:00Z","id":"https://leaston.bcdiploma.com/law-economics-management#AwardingOpportunity","identifier":"https://certificate-demo.bcdiploma.com/check/87ED2F2270E6C41456E94B86B9D9115B4E35BCCAD200A49B846592C14F79C86BV1Fnbllta0NZTnJkR3lDWlRmTDlSRUJEVFZISmNmYzJhUU5sZUJ5Z2FJSHpWbmZZ","location":"FRANCE","startedAtTime":"2019-09-02T00:00:00Z"},"dateOfBirth":"1993-04-08","familyName":"DOE","givenNames":"Jane","gradingScheme":{"id":"https://leaston.bcdiploma.com/law-economics-management#GradingScheme","title":"Lower Second-Class Honours"},"identifier":"0904008084H","learningAchievement":{"additionalNote":["DISTRIBUTION MANAGEMENT"],"description":"MARKETING AND SALES","id":"https://leaston.bcdiploma.com/law-economics-management#LearningAchievment","title":"MASTERS LAW, ECONOMICS AND MANAGEMENT"},"learningSpecification":{"ectsCreditPoints":120,"eqfLevel":7,"id":"https://leaston.bcdiploma.com/law-economics-management#LearningSpecification","iscedfCode":["7"],"nqfLevel":["7"]}},"credentialStatus":{"id":"https://essif.europa.eu/status/education#higherEducation#392ac7f6-399a-437b-a268-4691ead8f176","type":"CredentialStatusList2020"},"evidence":{"documentPresence":["Physical"],"evidenceDocument":["Passport"],"id":"https://essif.europa.eu/tsr-va/evidence/f2aeec97-fc0d-42bf-8ca7-0548192d5678","subjectPresence":"Physical","type":["DocumentVerification"],"verifier":"did:ebsi:2962fb784df61baa267c8132497539f8c674b37c1244a7a"}}, selectiveDisclosure=null, discloseAll=false)]
5953 [pool-1-thread-1 @coroutine#110] DEBUG id.walt.model.DidUrl - Trying to create DidUrl from URL: "did:key:z6MkrJhdxvizf8ntHavaaAsPrubRvgquczT6UsGJAF7hrZnT"...
5953 [pool-1-thread-1 @coroutine#110] DEBUG id.walt.services.vc.WaltIdJsonLdCredentialService - Signing jsonLd object with: issuerDid (did:key:z6MkrJhdxvizf8ntHavaaAsPrubRvgquczT6UsGJAF7hrZnT), domain (https://api-pilot.ebsi.eu), nonce (d04442d3-661f-411e-a80f-42f19f594c9d
5954 [pool-1-thread-1 @coroutine#110] DEBUG id.walt.services.keystore.HKVKeyStoreService - Loading key "did:key:z6MkrJhdxvizf8ntHavaaAsPrubRvgquczT6UsGJAF7hrZnT#z6MkrJhdxvizf8ntHavaaAsPrubRvgquczT6UsGJAF7hrZnT".
5954 [pool-1-thread-1 @coroutine#110] DEBUG id.walt.services.vc.WaltIdJsonLdCredentialService - Signing: {"type":["VerifiablePresentation"],"@context":["https://www.w3.org/2018/credentials/v1"],"id":"urn:uuid:4b46d998-4875-4bac-ab96-3082ee58c1ec","holder":"did:key:z6MkrJhdxvizf8ntHavaaAsPrubRvgquczT6UsGJAF7hrZnT","verifiableCredential":[{"type":["VerifiableCredential","VerifiableAttestation","VerifiableDiploma"],"@context":["https://www.w3.org/2018/credentials/v1","https://w3id.org/security/suites/jws-2020/v1"],"id":"urn:uuid:13a99a38-1455-45f3-b545-57425a335867","issuer":"did:key:z6MkrJhdxvizf8ntHavaaAsPrubRvgquczT6UsGJAF7hrZnT","issuanceDate":"2024-09-12T09:39:41Z","issued":"2024-09-12T09:39:41Z","validFrom":"2024-09-12T09:39:41Z","expirationDate":"2022-08-31T00:00:00Z","proof":{"type":"JsonWebSignature2020","creator":"did:key:z6MkrJhdxvizf8ntHavaaAsPrubRvgquczT6UsGJAF7hrZnT","created":"2024-09-12T09:39:41Z","proofPurpose":"assertionMethod","verificationMethod":"did:key:z6MkrJhdxvizf8ntHavaaAsPrubRvgquczT6UsGJAF7hrZnT#z6MkrJhdxvizf8ntHavaaAsPrubRvgquczT6UsGJAF7hrZnT","jws":"eyJiNjQiOmZhbHNlLCJjcml0IjpbImI2NCJdLCJhbGciOiJFZERTQSJ9..6tvNfnyWjoq_1tcxS8JjjuG9JB4vmk4P7i0LWileB9mYB0zSroE3_HHjy4tANCAbqQwCKzRxBdsdCdcpFkkUCw"},"credentialSchema":{"id":"https://raw.githubusercontent.com/walt-id/waltid-ssikit-vclib/master/src/test/resources/schemas/VerifiableDiploma.json","type":"JsonSchemaValidator2018"},"credentialSubject":{"id":"did:key:z6MkrJhdxvizf8ntHavaaAsPrubRvgquczT6UsGJAF7hrZnT","awardingOpportunity":{"awardingBody":{"eidasLegalIdentifier":"Unknown","homepage":"https://leaston.bcdiploma.com/","id":"did:ebsi:2A9BZ9SUe6BatacSpvs1V5CdjHvLpQ7bEsi2Jb6LdHKnQxaN","preferredName":"Leaston University","registration":"0597065J"},"endedAtTime":"2020-06-26T00:00:00Z","id":"https://leaston.bcdiploma.com/law-economics-management#AwardingOpportunity","identifier":"https://certificate-demo.bcdiploma.com/check/87ED2F2270E6C41456E94B86B9D9115B4E35BCCAD200A49B846592C14F79C86BV1Fnbllta0NZTnJkR3lDWlRmTDlSRUJEVFZISmNmYzJhUU5sZUJ5Z2FJSHpWbmZZ","location":"FRANCE","startedAtTime":"2019-09-02T00:00:00Z"},"dateOfBirth":"1993-04-08","familyName":"DOE","givenNames":"Jane","gradingScheme":{"id":"https://leaston.bcdiploma.com/law-economics-management#GradingScheme","title":"Lower Second-Class Honours"},"identifier":"0904008084H","learningAchievement":{"additionalNote":["DISTRIBUTION MANAGEMENT"],"description":"MARKETING AND SALES","id":"https://leaston.bcdiploma.com/law-economics-management#LearningAchievment","title":"MASTERS LAW, ECONOMICS AND MANAGEMENT"},"learningSpecification":{"ectsCreditPoints":120,"eqfLevel":7,"id":"https://leaston.bcdiploma.com/law-economics-management#LearningSpecification","iscedfCode":["7"],"nqfLevel":["7"]}},"credentialStatus":{"id":"https://essif.europa.eu/status/education#higherEducation#392ac7f6-399a-437b-a268-4691ead8f176","type":"CredentialStatusList2020"},"evidence":{"documentPresence":["Physical"],"evidenceDocument":["Passport"],"id":"https://essif.europa.eu/tsr-va/evidence/f2aeec97-fc0d-42bf-8ca7-0548192d5678","subjectPresence":"Physical","type":["DocumentVerification"],"verifier":"did:ebsi:2962fb784df61baa267c8132497539f8c674b37c1244a7a"}}]}
Sep 12, 2024 11:39:41 AM com.apicatalog.jsonld.deseralization.JsonLdToRdf build
WARNING: Non well-formed subject [https://essif.europa.eu/status/education#higherEducation#392ac7f6-399a-437b-a268-4691ead8f176] has been skipped.
5964 [pool-1-thread-1 @coroutine#110] DEBUG id.walt.services.keystore.HKVKeyStoreService - Loading key "91f21a4dc2d24a2789a310f56a22f84d".
5964 [pool-1-thread-1 @coroutine#110] DEBUG id.walt.services.keystore.HKVKeyStoreService - Loading key "91f21a4dc2d24a2789a310f56a22f84d".
5964 [pool-1-thread-1 @coroutine#110] DEBUG id.walt.services.keystore.HKVKeyStoreService - Loading key "91f21a4dc2d24a2789a310f56a22f84d".
5966 [pool-1-thread-1 @coroutine#110] DEBUG id.walt.services.vc.WaltIdJsonLdCredentialService - VP created:{
  "type" : [ "VerifiablePresentation" ],
  "@context" : [ "https://www.w3.org/2018/credentials/v1", "https://w3id.org/security/suites/jws-2020/v1" ],
  "id" : "urn:uuid:4b46d998-4875-4bac-ab96-3082ee58c1ec",
  "holder" : "did:key:z6MkrJhdxvizf8ntHavaaAsPrubRvgquczT6UsGJAF7hrZnT",
  "verifiableCredential" : [ {
    "type" : [ "VerifiableCredential", "VerifiableAttestation", "VerifiableDiploma" ],
    "@context" : [ "https://www.w3.org/2018/credentials/v1", "https://w3id.org/security/suites/jws-2020/v1" ],
    "id" : "urn:uuid:13a99a38-1455-45f3-b545-57425a335867",
    "issuer" : "did:key:z6MkrJhdxvizf8ntHavaaAsPrubRvgquczT6UsGJAF7hrZnT",
    "issuanceDate" : "2024-09-12T09:39:41Z",
    "issued" : "2024-09-12T09:39:41Z",
    "validFrom" : "2024-09-12T09:39:41Z",
    "expirationDate" : "2022-08-31T00:00:00Z",
    "proof" : {
      "type" : "JsonWebSignature2020",
      "creator" : "did:key:z6MkrJhdxvizf8ntHavaaAsPrubRvgquczT6UsGJAF7hrZnT",
      "created" : "2024-09-12T09:39:41Z",
      "proofPurpose" : "assertionMethod",
      "verificationMethod" : "did:key:z6MkrJhdxvizf8ntHavaaAsPrubRvgquczT6UsGJAF7hrZnT#z6MkrJhdxvizf8ntHavaaAsPrubRvgquczT6UsGJAF7hrZnT",
      "jws" : "eyJiNjQiOmZhbHNlLCJjcml0IjpbImI2NCJdLCJhbGciOiJFZERTQSJ9..6tvNfnyWjoq_1tcxS8JjjuG9JB4vmk4P7i0LWileB9mYB0zSroE3_HHjy4tANCAbqQwCKzRxBdsdCdcpFkkUCw"
    },
    "credentialSchema" : {
      "id" : "https://raw.githubusercontent.com/walt-id/waltid-ssikit-vclib/master/src/test/resources/schemas/VerifiableDiploma.json",
      "type" : "JsonSchemaValidator2018"
    },
    "credentialSubject" : {
      "id" : "did:key:z6MkrJhdxvizf8ntHavaaAsPrubRvgquczT6UsGJAF7hrZnT",
      "awardingOpportunity" : {
        "awardingBody" : {
          "eidasLegalIdentifier" : "Unknown",
          "homepage" : "https://leaston.bcdiploma.com/",
          "id" : "did:ebsi:2A9BZ9SUe6BatacSpvs1V5CdjHvLpQ7bEsi2Jb6LdHKnQxaN",
          "preferredName" : "Leaston University",
          "registration" : "0597065J"
        },
        "endedAtTime" : "2020-06-26T00:00:00Z",
        "id" : "https://leaston.bcdiploma.com/law-economics-management#AwardingOpportunity",
        "identifier" : "https://certificate-demo.bcdiploma.com/check/87ED2F2270E6C41456E94B86B9D9115B4E35BCCAD200A49B846592C14F79C86BV1Fnbllta0NZTnJkR3lDWlRmTDlSRUJEVFZISmNmYzJhUU5sZUJ5Z2FJSHpWbmZZ",
        "location" : "FRANCE",
        "startedAtTime" : "2019-09-02T00:00:00Z"
      },
      "dateOfBirth" : "1993-04-08",
      "familyName" : "DOE",
      "givenNames" : "Jane",
      "gradingScheme" : {
        "id" : "https://leaston.bcdiploma.com/law-economics-management#GradingScheme",
        "title" : "Lower Second-Class Honours"
      },
      "identifier" : "0904008084H",
      "learningAchievement" : {
        "additionalNote" : [ "DISTRIBUTION MANAGEMENT" ],
        "description" : "MARKETING AND SALES",
        "id" : "https://leaston.bcdiploma.com/law-economics-management#LearningAchievment",
        "title" : "MASTERS LAW, ECONOMICS AND MANAGEMENT"
      },
      "learningSpecification" : {
        "ectsCreditPoints" : 120,
        "eqfLevel" : 7,
        "id" : "https://leaston.bcdiploma.com/law-economics-management#LearningSpecification",
        "iscedfCode" : [ "7" ],
        "nqfLevel" : [ "7" ]
      }
    },
    "credentialStatus" : {
      "id" : "https://essif.europa.eu/status/education#higherEducation#392ac7f6-399a-437b-a268-4691ead8f176",
      "type" : "CredentialStatusList2020"
    },
    "evidence" : {
      "documentPresence" : [ "Physical" ],
      "evidenceDocument" : [ "Passport" ],
      "id" : "https://essif.europa.eu/tsr-va/evidence/f2aeec97-fc0d-42bf-8ca7-0548192d5678",
      "subjectPresence" : "Physical",
      "type" : [ "DocumentVerification" ],
      "verifier" : "did:ebsi:2962fb784df61baa267c8132497539f8c674b37c1244a7a"
    }
  } ],
  "proof" : {
    "type" : "JsonWebSignature2020",
    "creator" : "did:key:z6MkrJhdxvizf8ntHavaaAsPrubRvgquczT6UsGJAF7hrZnT",
    "created" : "2024-09-12T09:39:41Z",
    "domain" : "https://api-pilot.ebsi.eu",
    "nonce" : "d04442d3-661f-411e-a80f-42f19f594c9d",
    "proofPurpose" : "authentication",
    "verificationMethod" : "did:key:z6MkrJhdxvizf8ntHavaaAsPrubRvgquczT6UsGJAF7hrZnT#z6MkrJhdxvizf8ntHavaaAsPrubRvgquczT6UsGJAF7hrZnT",
    "jws" : "eyJiNjQiOmZhbHNlLCJjcml0IjpbImI2NCJdLCJhbGciOiJFZERTQSJ9..ZThqe7H1qcTX_IQn0VyBBbvw_jXeQX8chIBWF0oCIc6GQNfyQ4vCIONjoTq7qWRi5NgwUYmUbBfi7cEolJZ6CA"
  }
}
5966 [pool-1-thread-1 @coroutine#110] DEBUG id.walt.model.DidUrl - Trying to create DidUrl from URL: "did:key:z6MkrJhdxvizf8ntHavaaAsPrubRvgquczT6UsGJAF7hrZnT"...
5966 [pool-1-thread-1 @coroutine#110] DEBUG id.walt.model.DidUrl - Trying to create DidUrl from URL: "did:key:z6MkrJhdxvizf8ntHavaaAsPrubRvgquczT6UsGJAF7hrZnT"...
5967 [pool-1-thread-1 @coroutine#110] DEBUG id.walt.signatory.WaltIdSignatory - Signing credential with proof using JWT...
5967 [pool-1-thread-1 @coroutine#110] DEBUG id.walt.signatory.WaltIdSignatory - Signing credential with proof using JWT, credential is: {"type":["VerifiableCredential","VerifiableAttestation","VerifiableDiploma"],"@context":["https://www.w3.org/2018/credentials/v1"],"id":"urn:uuid:d83194c9-c8f8-4daa-85b1-793df1bdcd28","issuer":"did:key:z6MkrJhdxvizf8ntHavaaAsPrubRvgquczT6UsGJAF7hrZnT","issuanceDate":"2024-09-12T09:39:41Z","issued":"2024-09-12T09:39:41Z","validFrom":"2024-09-12T09:39:41Z","expirationDate":"2022-08-31T00:00:00Z","credentialSchema":{"id":"https://raw.githubusercontent.com/walt-id/waltid-ssikit-vclib/master/src/test/resources/schemas/VerifiableDiploma.json","type":"JsonSchemaValidator2018"},"credentialSubject":{"id":"did:key:z6MkrJhdxvizf8ntHavaaAsPrubRvgquczT6UsGJAF7hrZnT","awardingOpportunity":{"awardingBody":{"eidasLegalIdentifier":"Unknown","homepage":"https://leaston.bcdiploma.com/","id":"did:ebsi:2A9BZ9SUe6BatacSpvs1V5CdjHvLpQ7bEsi2Jb6LdHKnQxaN","preferredName":"Leaston University","registration":"0597065J"},"endedAtTime":"2020-06-26T00:00:00Z","id":"https://leaston.bcdiploma.com/law-economics-management#AwardingOpportunity","identifier":"https://certificate-demo.bcdiploma.com/check/87ED2F2270E6C41456E94B86B9D9115B4E35BCCAD200A49B846592C14F79C86BV1Fnbllta0NZTnJkR3lDWlRmTDlSRUJEVFZISmNmYzJhUU5sZUJ5Z2FJSHpWbmZZ","location":"FRANCE","startedAtTime":"2019-09-02T00:00:00Z"},"dateOfBirth":"1993-04-08","familyName":"DOE","givenNames":"Jane","gradingScheme":{"id":"https://leaston.bcdiploma.com/law-economics-management#GradingScheme","title":"Lower Second-Class Honours"},"identifier":"0904008084H","learningAchievement":{"additionalNote":["DISTRIBUTION MANAGEMENT"],"description":"MARKETING AND SALES","id":"https://leaston.bcdiploma.com/law-economics-management#LearningAchievment","title":"MASTERS LAW, ECONOMICS AND MANAGEMENT"},"learningSpecification":{"ectsCreditPoints":120,"eqfLevel":7,"id":"https://leaston.bcdiploma.com/law-economics-management#LearningSpecification","iscedfCode":["7"],"nqfLevel":["7"]}},"credentialStatus":{"id":"https://essif.europa.eu/status/education#higherEducation#392ac7f6-399a-437b-a268-4691ead8f176","type":"CredentialStatusList2020"},"evidence":{"documentPresence":["Physical"],"evidenceDocument":["Passport"],"id":"https://essif.europa.eu/tsr-va/evidence/f2aeec97-fc0d-42bf-8ca7-0548192d5678","subjectPresence":"Physical","type":["DocumentVerification"],"verifier":"did:ebsi:2962fb784df61baa267c8132497539f8c674b37c1244a7a"}}
5967 [pool-1-thread-1 @coroutine#110] DEBUG id.walt.services.vc.WaltIdJwtCredentialService - Signing JWT object with config: ProofConfig(issuerDid=did:key:z6MkrJhdxvizf8ntHavaaAsPrubRvgquczT6UsGJAF7hrZnT, subjectDid=did:key:z6MkrJhdxvizf8ntHavaaAsPrubRvgquczT6UsGJAF7hrZnT, verifierDid=null, issuerVerificationMethod=did:key:z6MkrJhdxvizf8ntHavaaAsPrubRvgquczT6UsGJAF7hrZnT#z6MkrJhdxvizf8ntHavaaAsPrubRvgquczT6UsGJAF7hrZnT, proofType=JWT, domain=null, nonce=null, proofPurpose=null, credentialId=urn:uuid:d83194c9-c8f8-4daa-85b1-793df1bdcd28, issueDate=2024-09-12T09:39:41.186894093Z, validDate=2024-09-12T09:39:41.186897680Z, expirationDate=null, dataProviderIdentifier=null, ldSignatureType=null, creator=did:key:z6MkrJhdxvizf8ntHavaaAsPrubRvgquczT6UsGJAF7hrZnT, ecosystem=DEFAULT, statusType=null, statusPurpose=revocation, credentialsEndpoint=null, selectiveDisclosure=null)
5967 [pool-1-thread-1 @coroutine#110] DEBUG id.walt.services.vc.WaltIdJwtCredentialService - Signing: {"sub":"did:key:z6MkrJhdxvizf8ntHavaaAsPrubRvgquczT6UsGJAF7hrZnT","nbf":1726133981,"iss":"did:key:z6MkrJhdxvizf8ntHavaaAsPrubRvgquczT6UsGJAF7hrZnT","iat":1726133981,"vc":{"type":["VerifiableCredential","VerifiableAttestation","VerifiableDiploma"],"@context":["https://www.w3.org/2018/credentials/v1"],"id":"urn:uuid:d83194c9-c8f8-4daa-85b1-793df1bdcd28","issuer":"did:key:z6MkrJhdxvizf8ntHavaaAsPrubRvgquczT6UsGJAF7hrZnT","issuanceDate":"2024-09-12T09:39:41Z","issued":"2024-09-12T09:39:41Z","validFrom":"2024-09-12T09:39:41Z","expirationDate":"2022-08-31T00:00:00Z","credentialSchema":{"id":"https://raw.githubusercontent.com/walt-id/waltid-ssikit-vclib/master/src/test/resources/schemas/VerifiableDiploma.json","type":"JsonSchemaValidator2018"},"credentialSubject":{"id":"did:key:z6MkrJhdxvizf8ntHavaaAsPrubRvgquczT6UsGJAF7hrZnT","awardingOpportunity":{"awardingBody":{"eidasLegalIdentifier":"Unknown","homepage":"https://leaston.bcdiploma.com/","id":"did:ebsi:2A9BZ9SUe6BatacSpvs1V5CdjHvLpQ7bEsi2Jb6LdHKnQxaN","preferredName":"Leaston University","registration":"0597065J"},"endedAtTime":"2020-06-26T00:00:00Z","id":"https://leaston.bcdiploma.com/law-economics-management#AwardingOpportunity","identifier":"https://certificate-demo.bcdiploma.com/check/87ED2F2270E6C41456E94B86B9D9115B4E35BCCAD200A49B846592C14F79C86BV1Fnbllta0NZTnJkR3lDWlRmTDlSRUJEVFZISmNmYzJhUU5sZUJ5Z2FJSHpWbmZZ","location":"FRANCE","startedAtTime":"2019-09-02T00:00:00Z"},"dateOfBirth":"1993-04-08","familyName":"DOE","givenNames":"Jane","gradingScheme":{"id":"https://leaston.bcdiploma.com/law-economics-management#GradingScheme","title":"Lower Second-Class Honours"},"identifier":"0904008084H","learningAchievement":{"additionalNote":["DISTRIBUTION MANAGEMENT"],"description":"MARKETING AND SALES","id":"https://leaston.bcdiploma.com/law-economics-management#LearningAchievment","title":"MASTERS LAW, ECONOMICS AND MANAGEMENT"},"learningSpecification":{"ectsCreditPoints":120,"eqfLevel":7,"id":"https://leaston.bcdiploma.com/law-economics-management#LearningSpecification","iscedfCode":["7"],"nqfLevel":["7"]}},"credentialStatus":{"id":"https://essif.europa.eu/status/education#higherEducation#392ac7f6-399a-437b-a268-4691ead8f176","type":"CredentialStatusList2020"},"evidence":{"documentPresence":["Physical"],"evidenceDocument":["Passport"],"id":"https://essif.europa.eu/tsr-va/evidence/f2aeec97-fc0d-42bf-8ca7-0548192d5678","subjectPresence":"Physical","type":["DocumentVerification"],"verifier":"did:ebsi:2962fb784df61baa267c8132497539f8c674b37c1244a7a"}},"jti":"urn:uuid:d83194c9-c8f8-4daa-85b1-793df1bdcd28"}
5968 [pool-1-thread-1 @coroutine#110] DEBUG id.walt.services.keystore.HKVKeyStoreService - Loading key "did:key:z6MkrJhdxvizf8ntHavaaAsPrubRvgquczT6UsGJAF7hrZnT#z6MkrJhdxvizf8ntHavaaAsPrubRvgquczT6UsGJAF7hrZnT".
5968 [pool-1-thread-1 @coroutine#110] DEBUG id.walt.services.jwt.WaltIdJwtService - Signing JWT with algorithm: EdDSA_Ed25519
5968 [pool-1-thread-1 @coroutine#110] DEBUG id.walt.model.DidUrl - Trying to create DidUrl from URL: "did:key:z6MkrJhdxvizf8ntHavaaAsPrubRvgquczT6UsGJAF7hrZnT#z6MkrJhdxvizf8ntHavaaAsPrubRvgquczT6UsGJAF7hrZnT"...
5968 [pool-1-thread-1 @coroutine#110] DEBUG id.walt.services.keystore.HKVKeyStoreService - Loading key "91f21a4dc2d24a2789a310f56a22f84d".
5970 [pool-1-thread-1 @coroutine#110] DEBUG id.walt.services.jwt.WaltIdJwtService - Signed JWT:  eyJraWQiOiJkaWQ6a2V5Ono2TWtySmhkeHZpemY4bnRIYXZhYUFzUHJ1YlJ2Z3F1Y3pUNlVzR0pBRjdoclpuVCN6Nk1rckpoZHh2aXpmOG50SGF2YWFBc1BydWJSdmdxdWN6VDZVc0dKQUY3aHJablQiLCJ0eXAiOiJKV1QiLCJhbGciOiJFZERTQSJ9.eyJzdWIiOiJkaWQ6a2V5Ono2TWtySmhkeHZpemY4bnRIYXZhYUFzUHJ1YlJ2Z3F1Y3pUNlVzR0pBRjdoclpuVCIsIm5iZiI6MTcyNjEzMzk4MSwiaXNzIjoiZGlkOmtleTp6Nk1rckpoZHh2aXpmOG50SGF2YWFBc1BydWJSdmdxdWN6VDZVc0dKQUY3aHJablQiLCJpYXQiOjE3MjYxMzM5ODEsInZjIjp7InR5cGUiOlsiVmVyaWZpYWJsZUNyZWRlbnRpYWwiLCJWZXJpZmlhYmxlQXR0ZXN0YXRpb24iLCJWZXJpZmlhYmxlRGlwbG9tYSJdLCJAY29udGV4dCI6WyJodHRwczovL3d3dy53My5vcmcvMjAxOC9jcmVkZW50aWFscy92MSJdLCJpZCI6InVybjp1dWlkOmQ4MzE5NGM5LWM4ZjgtNGRhYS04NWIxLTc5M2RmMWJkY2QyOCIsImlzc3VlciI6ImRpZDprZXk6ejZNa3JKaGR4dml6ZjhudEhhdmFhQXNQcnViUnZncXVjelQ2VXNHSkFGN2hyWm5UIiwiaXNzdWFuY2VEYXRlIjoiMjAyNC0wOS0xMlQwOTozOTo0MVoiLCJpc3N1ZWQiOiIyMDI0LTA5LTEyVDA5OjM5OjQxWiIsInZhbGlkRnJvbSI6IjIwMjQtMDktMTJUMDk6Mzk6NDFaIiwiZXhwaXJhdGlvbkRhdGUiOiIyMDIyLTA4LTMxVDAwOjAwOjAwWiIsImNyZWRlbnRpYWxTY2hlbWEiOnsiaWQiOiJodHRwczovL3Jhdy5naXRodWJ1c2VyY29udGVudC5jb20vd2FsdC1pZC93YWx0aWQtc3Npa2l0LXZjbGliL21hc3Rlci9zcmMvdGVzdC9yZXNvdXJjZXMvc2NoZW1hcy9WZXJpZmlhYmxlRGlwbG9tYS5qc29uIiwidHlwZSI6Ikpzb25TY2hlbWFWYWxpZGF0b3IyMDE4In0sImNyZWRlbnRpYWxTdWJqZWN0Ijp7ImlkIjoiZGlkOmtleTp6Nk1rckpoZHh2aXpmOG50SGF2YWFBc1BydWJSdmdxdWN6VDZVc0dKQUY3aHJablQiLCJhd2FyZGluZ09wcG9ydHVuaXR5Ijp7ImF3YXJkaW5nQm9keSI6eyJlaWRhc0xlZ2FsSWRlbnRpZmllciI6IlVua25vd24iLCJob21lcGFnZSI6Imh0dHBzOi8vbGVhc3Rvbi5iY2RpcGxvbWEuY29tLyIsImlkIjoiZGlkOmVic2k6MkE5Qlo5U1VlNkJhdGFjU3B2czFWNUNkakh2THBRN2JFc2kySmI2TGRIS25ReGFOIiwicHJlZmVycmVkTmFtZSI6IkxlYXN0b24gVW5pdmVyc2l0eSIsInJlZ2lzdHJhdGlvbiI6IjA1OTcwNjVKIn0sImVuZGVkQXRUaW1lIjoiMjAyMC0wNi0yNlQwMDowMDowMFoiLCJpZCI6Imh0dHBzOi8vbGVhc3Rvbi5iY2RpcGxvbWEuY29tL2xhdy1lY29ub21pY3MtbWFuYWdlbWVudCNBd2FyZGluZ09wcG9ydHVuaXR5IiwiaWRlbnRpZmllciI6Imh0dHBzOi8vY2VydGlmaWNhdGUtZGVtby5iY2RpcGxvbWEuY29tL2NoZWNrLzg3RUQyRjIyNzBFNkM0MTQ1NkU5NEI4NkI5RDkxMTVCNEUzNUJDQ0FEMjAwQTQ5Qjg0NjU5MkMxNEY3OUM4NkJWMUZuYmxsdGEwTlpUbkprUjNsRFdsUm1URGxTUlVKRVZGWklTbU5tWXpKaFVVNXNaVUo1WjJGSlNIcFdibVpaIiwibG9jYXRpb24iOiJGUkFOQ0UiLCJzdGFydGVkQXRUaW1lIjoiMjAxOS0wOS0wMlQwMDowMDowMFoifSwiZGF0ZU9mQmlydGgiOiIxOTkzLTA0LTA4IiwiZmFtaWx5TmFtZSI6IkRPRSIsImdpdmVuTmFtZXMiOiJKYW5lIiwiZ3JhZGluZ1NjaGVtZSI6eyJpZCI6Imh0dHBzOi8vbGVhc3Rvbi5iY2RpcGxvbWEuY29tL2xhdy1lY29ub21pY3MtbWFuYWdlbWVudCNHcmFkaW5nU2NoZW1lIiwidGl0bGUiOiJMb3dlciBTZWNvbmQtQ2xhc3MgSG9ub3VycyJ9LCJpZGVudGlmaWVyIjoiMDkwNDAwODA4NEgiLCJsZWFybmluZ0FjaGlldmVtZW50Ijp7ImFkZGl0aW9uYWxOb3RlIjpbIkRJU1RSSUJVVElPTiBNQU5BR0VNRU5UIl0sImRlc2NyaXB0aW9uIjoiTUFSS0VUSU5HIEFORCBTQUxFUyIsImlkIjoiaHR0cHM6Ly9sZWFzdG9uLmJjZGlwbG9tYS5jb20vbGF3LWVjb25vbWljcy1tYW5hZ2VtZW50I0xlYXJuaW5nQWNoaWV2bWVudCIsInRpdGxlIjoiTUFTVEVSUyBMQVcsIEVDT05PTUlDUyBBTkQgTUFOQUdFTUVOVCJ9LCJsZWFybmluZ1NwZWNpZmljYXRpb24iOnsiZWN0c0NyZWRpdFBvaW50cyI6MTIwLCJlcWZMZXZlbCI6NywiaWQiOiJodHRwczovL2xlYXN0b24uYmNkaXBsb21hLmNvbS9sYXctZWNvbm9taWNzLW1hbmFnZW1lbnQjTGVhcm5pbmdTcGVjaWZpY2F0aW9uIiwiaXNjZWRmQ29kZSI6WyI3Il0sIm5xZkxldmVsIjpbIjciXX19LCJjcmVkZW50aWFsU3RhdHVzIjp7ImlkIjoiaHR0cHM6Ly9lc3NpZi5ldXJvcGEuZXUvc3RhdHVzL2VkdWNhdGlvbiNoaWdoZXJFZHVjYXRpb24jMzkyYWM3ZjYtMzk5YS00MzdiLWEyNjgtNDY5MWVhZDhmMTc2IiwidHlwZSI6IkNyZWRlbnRpYWxTdGF0dXNMaXN0MjAyMCJ9LCJldmlkZW5jZSI6eyJkb2N1bWVudFByZXNlbmNlIjpbIlBoeXNpY2FsIl0sImV2aWRlbmNlRG9jdW1lbnQiOlsiUGFzc3BvcnQiXSwiaWQiOiJodHRwczovL2Vzc2lmLmV1cm9wYS5ldS90c3ItdmEvZXZpZGVuY2UvZjJhZWVjOTctZmMwZC00MmJmLThjYTctMDU0ODE5MmQ1Njc4Iiwic3ViamVjdFByZXNlbmNlIjoiUGh5c2ljYWwiLCJ0eXBlIjpbIkRvY3VtZW50VmVyaWZpY2F0aW9uIl0sInZlcmlmaWVyIjoiZGlkOmVic2k6Mjk2MmZiNzg0ZGY2MWJhYTI2N2M4MTMyNDk3NTM5ZjhjNjc0YjM3YzEyNDRhN2EifX0sImp0aSI6InVybjp1dWlkOmQ4MzE5NGM5LWM4ZjgtNGRhYS04NWIxLTc5M2RmMWJkY2QyOCJ9.u3HjhwPfLX-xENDGhU77hGingbIfmGSuiC678pHTX6jHi7aWCUjc7Lg9dl6Aymn34O9rFtf6PWTYG36M6fpRBQ
5970 [pool-1-thread-1 @coroutine#110] DEBUG id.walt.signatory.WaltIdSignatory - Signed VC is: eyJraWQiOiJkaWQ6a2V5Ono2TWtySmhkeHZpemY4bnRIYXZhYUFzUHJ1YlJ2Z3F1Y3pUNlVzR0pBRjdoclpuVCN6Nk1rckpoZHh2aXpmOG50SGF2YWFBc1BydWJSdmdxdWN6VDZVc0dKQUY3aHJablQiLCJ0eXAiOiJKV1QiLCJhbGciOiJFZERTQSJ9.eyJzdWIiOiJkaWQ6a2V5Ono2TWtySmhkeHZpemY4bnRIYXZhYUFzUHJ1YlJ2Z3F1Y3pUNlVzR0pBRjdoclpuVCIsIm5iZiI6MTcyNjEzMzk4MSwiaXNzIjoiZGlkOmtleTp6Nk1rckpoZHh2aXpmOG50SGF2YWFBc1BydWJSdmdxdWN6VDZVc0dKQUY3aHJablQiLCJpYXQiOjE3MjYxMzM5ODEsInZjIjp7InR5cGUiOlsiVmVyaWZpYWJsZUNyZWRlbnRpYWwiLCJWZXJpZmlhYmxlQXR0ZXN0YXRpb24iLCJWZXJpZmlhYmxlRGlwbG9tYSJdLCJAY29udGV4dCI6WyJodHRwczovL3d3dy53My5vcmcvMjAxOC9jcmVkZW50aWFscy92MSJdLCJpZCI6InVybjp1dWlkOmQ4MzE5NGM5LWM4ZjgtNGRhYS04NWIxLTc5M2RmMWJkY2QyOCIsImlzc3VlciI6ImRpZDprZXk6ejZNa3JKaGR4dml6ZjhudEhhdmFhQXNQcnViUnZncXVjelQ2VXNHSkFGN2hyWm5UIiwiaXNzdWFuY2VEYXRlIjoiMjAyNC0wOS0xMlQwOTozOTo0MVoiLCJpc3N1ZWQiOiIyMDI0LTA5LTEyVDA5OjM5OjQxWiIsInZhbGlkRnJvbSI6IjIwMjQtMDktMTJUMDk6Mzk6NDFaIiwiZXhwaXJhdGlvbkRhdGUiOiIyMDIyLTA4LTMxVDAwOjAwOjAwWiIsImNyZWRlbnRpYWxTY2hlbWEiOnsiaWQiOiJodHRwczovL3Jhdy5naXRodWJ1c2VyY29udGVudC5jb20vd2FsdC1pZC93YWx0aWQtc3Npa2l0LXZjbGliL21hc3Rlci9zcmMvdGVzdC9yZXNvdXJjZXMvc2NoZW1hcy9WZXJpZmlhYmxlRGlwbG9tYS5qc29uIiwidHlwZSI6Ikpzb25TY2hlbWFWYWxpZGF0b3IyMDE4In0sImNyZWRlbnRpYWxTdWJqZWN0Ijp7ImlkIjoiZGlkOmtleTp6Nk1rckpoZHh2aXpmOG50SGF2YWFBc1BydWJSdmdxdWN6VDZVc0dKQUY3aHJablQiLCJhd2FyZGluZ09wcG9ydHVuaXR5Ijp7ImF3YXJkaW5nQm9keSI6eyJlaWRhc0xlZ2FsSWRlbnRpZmllciI6IlVua25vd24iLCJob21lcGFnZSI6Imh0dHBzOi8vbGVhc3Rvbi5iY2RpcGxvbWEuY29tLyIsImlkIjoiZGlkOmVic2k6MkE5Qlo5U1VlNkJhdGFjU3B2czFWNUNkakh2THBRN2JFc2kySmI2TGRIS25ReGFOIiwicHJlZmVycmVkTmFtZSI6IkxlYXN0b24gVW5pdmVyc2l0eSIsInJlZ2lzdHJhdGlvbiI6IjA1OTcwNjVKIn0sImVuZGVkQXRUaW1lIjoiMjAyMC0wNi0yNlQwMDowMDowMFoiLCJpZCI6Imh0dHBzOi8vbGVhc3Rvbi5iY2RpcGxvbWEuY29tL2xhdy1lY29ub21pY3MtbWFuYWdlbWVudCNBd2FyZGluZ09wcG9ydHVuaXR5IiwiaWRlbnRpZmllciI6Imh0dHBzOi8vY2VydGlmaWNhdGUtZGVtby5iY2RpcGxvbWEuY29tL2NoZWNrLzg3RUQyRjIyNzBFNkM0MTQ1NkU5NEI4NkI5RDkxMTVCNEUzNUJDQ0FEMjAwQTQ5Qjg0NjU5MkMxNEY3OUM4NkJWMUZuYmxsdGEwTlpUbkprUjNsRFdsUm1URGxTUlVKRVZGWklTbU5tWXpKaFVVNXNaVUo1WjJGSlNIcFdibVpaIiwibG9jYXRpb24iOiJGUkFOQ0UiLCJzdGFydGVkQXRUaW1lIjoiMjAxOS0wOS0wMlQwMDowMDowMFoifSwiZGF0ZU9mQmlydGgiOiIxOTkzLTA0LTA4IiwiZmFtaWx5TmFtZSI6IkRPRSIsImdpdmVuTmFtZXMiOiJKYW5lIiwiZ3JhZGluZ1NjaGVtZSI6eyJpZCI6Imh0dHBzOi8vbGVhc3Rvbi5iY2RpcGxvbWEuY29tL2xhdy1lY29ub21pY3MtbWFuYWdlbWVudCNHcmFkaW5nU2NoZW1lIiwidGl0bGUiOiJMb3dlciBTZWNvbmQtQ2xhc3MgSG9ub3VycyJ9LCJpZGVudGlmaWVyIjoiMDkwNDAwODA4NEgiLCJsZWFybmluZ0FjaGlldmVtZW50Ijp7ImFkZGl0aW9uYWxOb3RlIjpbIkRJU1RSSUJVVElPTiBNQU5BR0VNRU5UIl0sImRlc2NyaXB0aW9uIjoiTUFSS0VUSU5HIEFORCBTQUxFUyIsImlkIjoiaHR0cHM6Ly9sZWFzdG9uLmJjZGlwbG9tYS5jb20vbGF3LWVjb25vbWljcy1tYW5hZ2VtZW50I0xlYXJuaW5nQWNoaWV2bWVudCIsInRpdGxlIjoiTUFTVEVSUyBMQVcsIEVDT05PTUlDUyBBTkQgTUFOQUdFTUVOVCJ9LCJsZWFybmluZ1NwZWNpZmljYXRpb24iOnsiZWN0c0NyZWRpdFBvaW50cyI6MTIwLCJlcWZMZXZlbCI6NywiaWQiOiJodHRwczovL2xlYXN0b24uYmNkaXBsb21hLmNvbS9sYXctZWNvbm9taWNzLW1hbmFnZW1lbnQjTGVhcm5pbmdTcGVjaWZpY2F0aW9uIiwiaXNjZWRmQ29kZSI6WyI3Il0sIm5xZkxldmVsIjpbIjciXX19LCJjcmVkZW50aWFsU3RhdHVzIjp7ImlkIjoiaHR0cHM6Ly9lc3NpZi5ldXJvcGEuZXUvc3RhdHVzL2VkdWNhdGlvbiNoaWdoZXJFZHVjYXRpb24jMzkyYWM3ZjYtMzk5YS00MzdiLWEyNjgtNDY5MWVhZDhmMTc2IiwidHlwZSI6IkNyZWRlbnRpYWxTdGF0dXNMaXN0MjAyMCJ9LCJldmlkZW5jZSI6eyJkb2N1bWVudFByZXNlbmNlIjpbIlBoeXNpY2FsIl0sImV2aWRlbmNlRG9jdW1lbnQiOlsiUGFzc3BvcnQiXSwiaWQiOiJodHRwczovL2Vzc2lmLmV1cm9wYS5ldS90c3ItdmEvZXZpZGVuY2UvZjJhZWVjOTctZmMwZC00MmJmLThjYTctMDU0ODE5MmQ1Njc4Iiwic3ViamVjdFByZXNlbmNlIjoiUGh5c2ljYWwiLCJ0eXBlIjpbIkRvY3VtZW50VmVyaWZpY2F0aW9uIl0sInZlcmlmaWVyIjoiZGlkOmVic2k6Mjk2MmZiNzg0ZGY2MWJhYTI2N2M4MTMyNDk3NTM5ZjhjNjc0YjM3YzEyNDRhN2EifX0sImp0aSI6InVybjp1dWlkOmQ4MzE5NGM5LWM4ZjgtNGRhYS04NWIxLTc5M2RmMWJkY2QyOCJ9.u3HjhwPfLX-xENDGhU77hGingbIfmGSuiC678pHTX6jHi7aWCUjc7Lg9dl6Aymn34O9rFtf6PWTYG36M6fpRBQ
5970 [pool-1-thread-1 @coroutine#110] DEBUG id.walt.services.vc.WaltIdJwtCredentialService - Creating a presentation for VCs:
[PresentableCredential(verifiableCredential=eyJraWQiOiJkaWQ6a2V5Ono2TWtySmhkeHZpemY4bnRIYXZhYUFzUHJ1YlJ2Z3F1Y3pUNlVzR0pBRjdoclpuVCN6Nk1rckpoZHh2aXpmOG50SGF2YWFBc1BydWJSdmdxdWN6VDZVc0dKQUY3aHJablQiLCJ0eXAiOiJKV1QiLCJhbGciOiJFZERTQSJ9.eyJzdWIiOiJkaWQ6a2V5Ono2TWtySmhkeHZpemY4bnRIYXZhYUFzUHJ1YlJ2Z3F1Y3pUNlVzR0pBRjdoclpuVCIsIm5iZiI6MTcyNjEzMzk4MSwiaXNzIjoiZGlkOmtleTp6Nk1rckpoZHh2aXpmOG50SGF2YWFBc1BydWJSdmdxdWN6VDZVc0dKQUY3aHJablQiLCJpYXQiOjE3MjYxMzM5ODEsInZjIjp7InR5cGUiOlsiVmVyaWZpYWJsZUNyZWRlbnRpYWwiLCJWZXJpZmlhYmxlQXR0ZXN0YXRpb24iLCJWZXJpZmlhYmxlRGlwbG9tYSJdLCJAY29udGV4dCI6WyJodHRwczovL3d3dy53My5vcmcvMjAxOC9jcmVkZW50aWFscy92MSJdLCJpZCI6InVybjp1dWlkOmQ4MzE5NGM5LWM4ZjgtNGRhYS04NWIxLTc5M2RmMWJkY2QyOCIsImlzc3VlciI6ImRpZDprZXk6ejZNa3JKaGR4dml6ZjhudEhhdmFhQXNQcnViUnZncXVjelQ2VXNHSkFGN2hyWm5UIiwiaXNzdWFuY2VEYXRlIjoiMjAyNC0wOS0xMlQwOTozOTo0MVoiLCJpc3N1ZWQiOiIyMDI0LTA5LTEyVDA5OjM5OjQxWiIsInZhbGlkRnJvbSI6IjIwMjQtMDktMTJUMDk6Mzk6NDFaIiwiZXhwaXJhdGlvbkRhdGUiOiIyMDIyLTA4LTMxVDAwOjAwOjAwWiIsImNyZWRlbnRpYWxTY2hlbWEiOnsiaWQiOiJodHRwczovL3Jhdy5naXRodWJ1c2VyY29udGVudC5jb20vd2FsdC1pZC93YWx0aWQtc3Npa2l0LXZjbGliL21hc3Rlci9zcmMvdGVzdC9yZXNvdXJjZXMvc2NoZW1hcy9WZXJpZmlhYmxlRGlwbG9tYS5qc29uIiwidHlwZSI6Ikpzb25TY2hlbWFWYWxpZGF0b3IyMDE4In0sImNyZWRlbnRpYWxTdWJqZWN0Ijp7ImlkIjoiZGlkOmtleTp6Nk1rckpoZHh2aXpmOG50SGF2YWFBc1BydWJSdmdxdWN6VDZVc0dKQUY3aHJablQiLCJhd2FyZGluZ09wcG9ydHVuaXR5Ijp7ImF3YXJkaW5nQm9keSI6eyJlaWRhc0xlZ2FsSWRlbnRpZmllciI6IlVua25vd24iLCJob21lcGFnZSI6Imh0dHBzOi8vbGVhc3Rvbi5iY2RpcGxvbWEuY29tLyIsImlkIjoiZGlkOmVic2k6MkE5Qlo5U1VlNkJhdGFjU3B2czFWNUNkakh2THBRN2JFc2kySmI2TGRIS25ReGFOIiwicHJlZmVycmVkTmFtZSI6IkxlYXN0b24gVW5pdmVyc2l0eSIsInJlZ2lzdHJhdGlvbiI6IjA1OTcwNjVKIn0sImVuZGVkQXRUaW1lIjoiMjAyMC0wNi0yNlQwMDowMDowMFoiLCJpZCI6Imh0dHBzOi8vbGVhc3Rvbi5iY2RpcGxvbWEuY29tL2xhdy1lY29ub21pY3MtbWFuYWdlbWVudCNBd2FyZGluZ09wcG9ydHVuaXR5IiwiaWRlbnRpZmllciI6Imh0dHBzOi8vY2VydGlmaWNhdGUtZGVtby5iY2RpcGxvbWEuY29tL2NoZWNrLzg3RUQyRjIyNzBFNkM0MTQ1NkU5NEI4NkI5RDkxMTVCNEUzNUJDQ0FEMjAwQTQ5Qjg0NjU5MkMxNEY3OUM4NkJWMUZuYmxsdGEwTlpUbkprUjNsRFdsUm1URGxTUlVKRVZGWklTbU5tWXpKaFVVNXNaVUo1WjJGSlNIcFdibVpaIiwibG9jYXRpb24iOiJGUkFOQ0UiLCJzdGFydGVkQXRUaW1lIjoiMjAxOS0wOS0wMlQwMDowMDowMFoifSwiZGF0ZU9mQmlydGgiOiIxOTkzLTA0LTA4IiwiZmFtaWx5TmFtZSI6IkRPRSIsImdpdmVuTmFtZXMiOiJKYW5lIiwiZ3JhZGluZ1NjaGVtZSI6eyJpZCI6Imh0dHBzOi8vbGVhc3Rvbi5iY2RpcGxvbWEuY29tL2xhdy1lY29ub21pY3MtbWFuYWdlbWVudCNHcmFkaW5nU2NoZW1lIiwidGl0bGUiOiJMb3dlciBTZWNvbmQtQ2xhc3MgSG9ub3VycyJ9LCJpZGVudGlmaWVyIjoiMDkwNDAwODA4NEgiLCJsZWFybmluZ0FjaGlldmVtZW50Ijp7ImFkZGl0aW9uYWxOb3RlIjpbIkRJU1RSSUJVVElPTiBNQU5BR0VNRU5UIl0sImRlc2NyaXB0aW9uIjoiTUFSS0VUSU5HIEFORCBTQUxFUyIsImlkIjoiaHR0cHM6Ly9sZWFzdG9uLmJjZGlwbG9tYS5jb20vbGF3LWVjb25vbWljcy1tYW5hZ2VtZW50I0xlYXJuaW5nQWNoaWV2bWVudCIsInRpdGxlIjoiTUFTVEVSUyBMQVcsIEVDT05PTUlDUyBBTkQgTUFOQUdFTUVOVCJ9LCJsZWFybmluZ1NwZWNpZmljYXRpb24iOnsiZWN0c0NyZWRpdFBvaW50cyI6MTIwLCJlcWZMZXZlbCI6NywiaWQiOiJodHRwczovL2xlYXN0b24uYmNkaXBsb21hLmNvbS9sYXctZWNvbm9taWNzLW1hbmFnZW1lbnQjTGVhcm5pbmdTcGVjaWZpY2F0aW9uIiwiaXNjZWRmQ29kZSI6WyI3Il0sIm5xZkxldmVsIjpbIjciXX19LCJjcmVkZW50aWFsU3RhdHVzIjp7ImlkIjoiaHR0cHM6Ly9lc3NpZi5ldXJvcGEuZXUvc3RhdHVzL2VkdWNhdGlvbiNoaWdoZXJFZHVjYXRpb24jMzkyYWM3ZjYtMzk5YS00MzdiLWEyNjgtNDY5MWVhZDhmMTc2IiwidHlwZSI6IkNyZWRlbnRpYWxTdGF0dXNMaXN0MjAyMCJ9LCJldmlkZW5jZSI6eyJkb2N1bWVudFByZXNlbmNlIjpbIlBoeXNpY2FsIl0sImV2aWRlbmNlRG9jdW1lbnQiOlsiUGFzc3BvcnQiXSwiaWQiOiJodHRwczovL2Vzc2lmLmV1cm9wYS5ldS90c3ItdmEvZXZpZGVuY2UvZjJhZWVjOTctZmMwZC00MmJmLThjYTctMDU0ODE5MmQ1Njc4Iiwic3ViamVjdFByZXNlbmNlIjoiUGh5c2ljYWwiLCJ0eXBlIjpbIkRvY3VtZW50VmVyaWZpY2F0aW9uIl0sInZlcmlmaWVyIjoiZGlkOmVic2k6Mjk2MmZiNzg0ZGY2MWJhYTI2N2M4MTMyNDk3NTM5ZjhjNjc0YjM3YzEyNDRhN2EifX0sImp0aSI6InVybjp1dWlkOmQ4MzE5NGM5LWM4ZjgtNGRhYS04NWIxLTc5M2RmMWJkY2QyOCJ9.u3HjhwPfLX-xENDGhU77hGingbIfmGSuiC678pHTX6jHi7aWCUjc7Lg9dl6Aymn34O9rFtf6PWTYG36M6fpRBQ, selectiveDisclosure=null, discloseAll=false)]
5970 [pool-1-thread-1 @coroutine#110] DEBUG id.walt.model.DidUrl - Trying to create DidUrl from URL: "did:key:z6MkrJhdxvizf8ntHavaaAsPrubRvgquczT6UsGJAF7hrZnT"...
5971 [pool-1-thread-1 @coroutine#110] DEBUG id.walt.services.vc.WaltIdJwtCredentialService - Signing JWT object with config: ProofConfig(issuerDid=did:key:z6MkrJhdxvizf8ntHavaaAsPrubRvgquczT6UsGJAF7hrZnT, subjectDid=did:key:z6MkrJhdxvizf8ntHavaaAsPrubRvgquczT6UsGJAF7hrZnT, verifierDid=did:key:z6MkrJhdxvizf8ntHavaaAsPrubRvgquczT6UsGJAF7hrZnT, issuerVerificationMethod=did:key:z6MkrJhdxvizf8ntHavaaAsPrubRvgquczT6UsGJAF7hrZnT#z6MkrJhdxvizf8ntHavaaAsPrubRvgquczT6UsGJAF7hrZnT, proofType=JWT, domain=null, nonce=abcd, proofPurpose=null, credentialId=urn:uuid:351ffe03-500c-481f-855f-23ac68f73b9a, issueDate=null, validDate=null, expirationDate=null, dataProviderIdentifier=null, ldSignatureType=null, creator=did:key:z6MkrJhdxvizf8ntHavaaAsPrubRvgquczT6UsGJAF7hrZnT, ecosystem=DEFAULT, statusType=null, statusPurpose=revocation, credentialsEndpoint=null, selectiveDisclosure=null)
5971 [pool-1-thread-1 @coroutine#110] DEBUG id.walt.services.vc.WaltIdJwtCredentialService - Signing: {"sub":"did:key:z6MkrJhdxvizf8ntHavaaAsPrubRvgquczT6UsGJAF7hrZnT","aud":"did:key:z6MkrJhdxvizf8ntHavaaAsPrubRvgquczT6UsGJAF7hrZnT","nbf":1726133981,"iss":"did:key:z6MkrJhdxvizf8ntHavaaAsPrubRvgquczT6UsGJAF7hrZnT","vp":{"type":["VerifiablePresentation"],"@context":["https://www.w3.org/2018/credentials/v1"],"id":"urn:uuid:351ffe03-500c-481f-855f-23ac68f73b9a","holder":"did:key:z6MkrJhdxvizf8ntHavaaAsPrubRvgquczT6UsGJAF7hrZnT","verifiableCredential":["eyJraWQiOiJkaWQ6a2V5Ono2TWtySmhkeHZpemY4bnRIYXZhYUFzUHJ1YlJ2Z3F1Y3pUNlVzR0pBRjdoclpuVCN6Nk1rckpoZHh2aXpmOG50SGF2YWFBc1BydWJSdmdxdWN6VDZVc0dKQUY3aHJablQiLCJ0eXAiOiJKV1QiLCJhbGciOiJFZERTQSJ9.eyJzdWIiOiJkaWQ6a2V5Ono2TWtySmhkeHZpemY4bnRIYXZhYUFzUHJ1YlJ2Z3F1Y3pUNlVzR0pBRjdoclpuVCIsIm5iZiI6MTcyNjEzMzk4MSwiaXNzIjoiZGlkOmtleTp6Nk1rckpoZHh2aXpmOG50SGF2YWFBc1BydWJSdmdxdWN6VDZVc0dKQUY3aHJablQiLCJpYXQiOjE3MjYxMzM5ODEsInZjIjp7InR5cGUiOlsiVmVyaWZpYWJsZUNyZWRlbnRpYWwiLCJWZXJpZmlhYmxlQXR0ZXN0YXRpb24iLCJWZXJpZmlhYmxlRGlwbG9tYSJdLCJAY29udGV4dCI6WyJodHRwczovL3d3dy53My5vcmcvMjAxOC9jcmVkZW50aWFscy92MSJdLCJpZCI6InVybjp1dWlkOmQ4MzE5NGM5LWM4ZjgtNGRhYS04NWIxLTc5M2RmMWJkY2QyOCIsImlzc3VlciI6ImRpZDprZXk6ejZNa3JKaGR4dml6ZjhudEhhdmFhQXNQcnViUnZncXVjelQ2VXNHSkFGN2hyWm5UIiwiaXNzdWFuY2VEYXRlIjoiMjAyNC0wOS0xMlQwOTozOTo0MVoiLCJpc3N1ZWQiOiIyMDI0LTA5LTEyVDA5OjM5OjQxWiIsInZhbGlkRnJvbSI6IjIwMjQtMDktMTJUMDk6Mzk6NDFaIiwiZXhwaXJhdGlvbkRhdGUiOiIyMDIyLTA4LTMxVDAwOjAwOjAwWiIsImNyZWRlbnRpYWxTY2hlbWEiOnsiaWQiOiJodHRwczovL3Jhdy5naXRodWJ1c2VyY29udGVudC5jb20vd2FsdC1pZC93YWx0aWQtc3Npa2l0LXZjbGliL21hc3Rlci9zcmMvdGVzdC9yZXNvdXJjZXMvc2NoZW1hcy9WZXJpZmlhYmxlRGlwbG9tYS5qc29uIiwidHlwZSI6Ikpzb25TY2hlbWFWYWxpZGF0b3IyMDE4In0sImNyZWRlbnRpYWxTdWJqZWN0Ijp7ImlkIjoiZGlkOmtleTp6Nk1rckpoZHh2aXpmOG50SGF2YWFBc1BydWJSdmdxdWN6VDZVc0dKQUY3aHJablQiLCJhd2FyZGluZ09wcG9ydHVuaXR5Ijp7ImF3YXJkaW5nQm9keSI6eyJlaWRhc0xlZ2FsSWRlbnRpZmllciI6IlVua25vd24iLCJob21lcGFnZSI6Imh0dHBzOi8vbGVhc3Rvbi5iY2RpcGxvbWEuY29tLyIsImlkIjoiZGlkOmVic2k6MkE5Qlo5U1VlNkJhdGFjU3B2czFWNUNkakh2THBRN2JFc2kySmI2TGRIS25ReGFOIiwicHJlZmVycmVkTmFtZSI6IkxlYXN0b24gVW5pdmVyc2l0eSIsInJlZ2lzdHJhdGlvbiI6IjA1OTcwNjVKIn0sImVuZGVkQXRUaW1lIjoiMjAyMC0wNi0yNlQwMDowMDowMFoiLCJpZCI6Imh0dHBzOi8vbGVhc3Rvbi5iY2RpcGxvbWEuY29tL2xhdy1lY29ub21pY3MtbWFuYWdlbWVudCNBd2FyZGluZ09wcG9ydHVuaXR5IiwiaWRlbnRpZmllciI6Imh0dHBzOi8vY2VydGlmaWNhdGUtZGVtby5iY2RpcGxvbWEuY29tL2NoZWNrLzg3RUQyRjIyNzBFNkM0MTQ1NkU5NEI4NkI5RDkxMTVCNEUzNUJDQ0FEMjAwQTQ5Qjg0NjU5MkMxNEY3OUM4NkJWMUZuYmxsdGEwTlpUbkprUjNsRFdsUm1URGxTUlVKRVZGWklTbU5tWXpKaFVVNXNaVUo1WjJGSlNIcFdibVpaIiwibG9jYXRpb24iOiJGUkFOQ0UiLCJzdGFydGVkQXRUaW1lIjoiMjAxOS0wOS0wMlQwMDowMDowMFoifSwiZGF0ZU9mQmlydGgiOiIxOTkzLTA0LTA4IiwiZmFtaWx5TmFtZSI6IkRPRSIsImdpdmVuTmFtZXMiOiJKYW5lIiwiZ3JhZGluZ1NjaGVtZSI6eyJpZCI6Imh0dHBzOi8vbGVhc3Rvbi5iY2RpcGxvbWEuY29tL2xhdy1lY29ub21pY3MtbWFuYWdlbWVudCNHcmFkaW5nU2NoZW1lIiwidGl0bGUiOiJMb3dlciBTZWNvbmQtQ2xhc3MgSG9ub3VycyJ9LCJpZGVudGlmaWVyIjoiMDkwNDAwODA4NEgiLCJsZWFybmluZ0FjaGlldmVtZW50Ijp7ImFkZGl0aW9uYWxOb3RlIjpbIkRJU1RSSUJVVElPTiBNQU5BR0VNRU5UIl0sImRlc2NyaXB0aW9uIjoiTUFSS0VUSU5HIEFORCBTQUxFUyIsImlkIjoiaHR0cHM6Ly9sZWFzdG9uLmJjZGlwbG9tYS5jb20vbGF3LWVjb25vbWljcy1tYW5hZ2VtZW50I0xlYXJuaW5nQWNoaWV2bWVudCIsInRpdGxlIjoiTUFTVEVSUyBMQVcsIEVDT05PTUlDUyBBTkQgTUFOQUdFTUVOVCJ9LCJsZWFybmluZ1NwZWNpZmljYXRpb24iOnsiZWN0c0NyZWRpdFBvaW50cyI6MTIwLCJlcWZMZXZlbCI6NywiaWQiOiJodHRwczovL2xlYXN0b24uYmNkaXBsb21hLmNvbS9sYXctZWNvbm9taWNzLW1hbmFnZW1lbnQjTGVhcm5pbmdTcGVjaWZpY2F0aW9uIiwiaXNjZWRmQ29kZSI6WyI3Il0sIm5xZkxldmVsIjpbIjciXX19LCJjcmVkZW50aWFsU3RhdHVzIjp7ImlkIjoiaHR0cHM6Ly9lc3NpZi5ldXJvcGEuZXUvc3RhdHVzL2VkdWNhdGlvbiNoaWdoZXJFZHVjYXRpb24jMzkyYWM3ZjYtMzk5YS00MzdiLWEyNjgtNDY5MWVhZDhmMTc2IiwidHlwZSI6IkNyZWRlbnRpYWxTdGF0dXNMaXN0MjAyMCJ9LCJldmlkZW5jZSI6eyJkb2N1bWVudFByZXNlbmNlIjpbIlBoeXNpY2FsIl0sImV2aWRlbmNlRG9jdW1lbnQiOlsiUGFzc3BvcnQiXSwiaWQiOiJodHRwczovL2Vzc2lmLmV1cm9wYS5ldS90c3ItdmEvZXZpZGVuY2UvZjJhZWVjOTctZmMwZC00MmJmLThjYTctMDU0ODE5MmQ1Njc4Iiwic3ViamVjdFByZXNlbmNlIjoiUGh5c2ljYWwiLCJ0eXBlIjpbIkRvY3VtZW50VmVyaWZpY2F0aW9uIl0sInZlcmlmaWVyIjoiZGlkOmVic2k6Mjk2MmZiNzg0ZGY2MWJhYTI2N2M4MTMyNDk3NTM5ZjhjNjc0YjM3YzEyNDRhN2EifX0sImp0aSI6InVybjp1dWlkOmQ4MzE5NGM5LWM4ZjgtNGRhYS04NWIxLTc5M2RmMWJkY2QyOCJ9.u3HjhwPfLX-xENDGhU77hGingbIfmGSuiC678pHTX6jHi7aWCUjc7Lg9dl6Aymn34O9rFtf6PWTYG36M6fpRBQ"]},"iat":1726133981,"nonce":"abcd","jti":"urn:uuid:351ffe03-500c-481f-855f-23ac68f73b9a"}
5971 [pool-1-thread-1 @coroutine#110] DEBUG id.walt.services.keystore.HKVKeyStoreService - Loading key "did:key:z6MkrJhdxvizf8ntHavaaAsPrubRvgquczT6UsGJAF7hrZnT#z6MkrJhdxvizf8ntHavaaAsPrubRvgquczT6UsGJAF7hrZnT".
5971 [pool-1-thread-1 @coroutine#110] DEBUG id.walt.services.jwt.WaltIdJwtService - Signing JWT with algorithm: EdDSA_Ed25519
5971 [pool-1-thread-1 @coroutine#110] DEBUG id.walt.model.DidUrl - Trying to create DidUrl from URL: "did:key:z6MkrJhdxvizf8ntHavaaAsPrubRvgquczT6UsGJAF7hrZnT#z6MkrJhdxvizf8ntHavaaAsPrubRvgquczT6UsGJAF7hrZnT"...
5972 [pool-1-thread-1 @coroutine#110] DEBUG id.walt.services.keystore.HKVKeyStoreService - Loading key "91f21a4dc2d24a2789a310f56a22f84d".
5973 [pool-1-thread-1 @coroutine#110] DEBUG id.walt.services.jwt.WaltIdJwtService - Signed JWT:  eyJraWQiOiJkaWQ6a2V5Ono2TWtySmhkeHZpemY4bnRIYXZhYUFzUHJ1YlJ2Z3F1Y3pUNlVzR0pBRjdoclpuVCN6Nk1rckpoZHh2aXpmOG50SGF2YWFBc1BydWJSdmdxdWN6VDZVc0dKQUY3aHJablQiLCJ0eXAiOiJKV1QiLCJhbGciOiJFZERTQSJ9.eyJzdWIiOiJkaWQ6a2V5Ono2TWtySmhkeHZpemY4bnRIYXZhYUFzUHJ1YlJ2Z3F1Y3pUNlVzR0pBRjdoclpuVCIsImF1ZCI6ImRpZDprZXk6ejZNa3JKaGR4dml6ZjhudEhhdmFhQXNQcnViUnZncXVjelQ2VXNHSkFGN2hyWm5UIiwibmJmIjoxNzI2MTMzOTgxLCJpc3MiOiJkaWQ6a2V5Ono2TWtySmhkeHZpemY4bnRIYXZhYUFzUHJ1YlJ2Z3F1Y3pUNlVzR0pBRjdoclpuVCIsInZwIjp7InR5cGUiOlsiVmVyaWZpYWJsZVByZXNlbnRhdGlvbiJdLCJAY29udGV4dCI6WyJodHRwczovL3d3dy53My5vcmcvMjAxOC9jcmVkZW50aWFscy92MSJdLCJpZCI6InVybjp1dWlkOjM1MWZmZTAzLTUwMGMtNDgxZi04NTVmLTIzYWM2OGY3M2I5YSIsImhvbGRlciI6ImRpZDprZXk6ejZNa3JKaGR4dml6ZjhudEhhdmFhQXNQcnViUnZncXVjelQ2VXNHSkFGN2hyWm5UIiwidmVyaWZpYWJsZUNyZWRlbnRpYWwiOlsiZXlKcmFXUWlPaUprYVdRNmEyVjVPbm8yVFd0eVNtaGtlSFpwZW1ZNGJuUklZWFpoWVVGelVISjFZbEoyWjNGMVkzcFVObFZ6UjBwQlJqZG9jbHB1VkNONk5rMXJja3BvWkhoMmFYcG1PRzUwU0dGMllXRkJjMUJ5ZFdKU2RtZHhkV042VkRaVmMwZEtRVVkzYUhKYWJsUWlMQ0owZVhBaU9pSktWMVFpTENKaGJHY2lPaUpGWkVSVFFTSjkuZXlKemRXSWlPaUprYVdRNmEyVjVPbm8yVFd0eVNtaGtlSFpwZW1ZNGJuUklZWFpoWVVGelVISjFZbEoyWjNGMVkzcFVObFZ6UjBwQlJqZG9jbHB1VkNJc0ltNWlaaUk2TVRjeU5qRXpNems0TVN3aWFYTnpJam9pWkdsa09tdGxlVHA2TmsxcmNrcG9aSGgyYVhwbU9HNTBTR0YyWVdGQmMxQnlkV0pTZG1keGRXTjZWRFpWYzBkS1FVWTNhSEphYmxRaUxDSnBZWFFpT2pFM01qWXhNek01T0RFc0luWmpJanA3SW5SNWNHVWlPbHNpVm1WeWFXWnBZV0pzWlVOeVpXUmxiblJwWVd3aUxDSldaWEpwWm1saFlteGxRWFIwWlhOMFlYUnBiMjRpTENKV1pYSnBabWxoWW14bFJHbHdiRzl0WVNKZExDSkFZMjl1ZEdWNGRDSTZXeUpvZEhSd2N6b3ZMM2QzZHk1M015NXZjbWN2TWpBeE9DOWpjbVZrWlc1MGFXRnNjeTkyTVNKZExDSnBaQ0k2SW5WeWJqcDFkV2xrT21RNE16RTVOR001TFdNNFpqZ3ROR1JoWVMwNE5XSXhMVGM1TTJSbU1XSmtZMlF5T0NJc0ltbHpjM1ZsY2lJNkltUnBaRHByWlhrNmVqWk5hM0pLYUdSNGRtbDZaamh1ZEVoaGRtRmhRWE5RY25WaVVuWm5jWFZqZWxRMlZYTkhTa0ZHTjJoeVdtNVVJaXdpYVhOemRXRnVZMlZFWVhSbElqb2lNakF5TkMwd09TMHhNbFF3T1Rvek9UbzBNVm9pTENKcGMzTjFaV1FpT2lJeU1ESTBMVEE1TFRFeVZEQTVPak01T2pReFdpSXNJblpoYkdsa1JuSnZiU0k2SWpJd01qUXRNRGt0TVRKVU1EazZNems2TkRGYUlpd2laWGh3YVhKaGRHbHZia1JoZEdVaU9pSXlNREl5TFRBNExUTXhWREF3T2pBd09qQXdXaUlzSW1OeVpXUmxiblJwWVd4VFkyaGxiV0VpT25zaWFXUWlPaUpvZEhSd2N6b3ZMM0poZHk1bmFYUm9kV0oxYzJWeVkyOXVkR1Z1ZEM1amIyMHZkMkZzZEMxcFpDOTNZV3gwYVdRdGMzTnBhMmwwTFhaamJHbGlMMjFoYzNSbGNpOXpjbU12ZEdWemRDOXlaWE52ZFhKalpYTXZjMk5vWlcxaGN5OVdaWEpwWm1saFlteGxSR2x3Ykc5dFlTNXFjMjl1SWl3aWRIbHdaU0k2SWtwemIyNVRZMmhsYldGV1lXeHBaR0YwYjNJeU1ERTRJbjBzSW1OeVpXUmxiblJwWVd4VGRXSnFaV04wSWpwN0ltbGtJam9pWkdsa09tdGxlVHA2TmsxcmNrcG9aSGgyYVhwbU9HNTBTR0YyWVdGQmMxQnlkV0pTZG1keGRXTjZWRFpWYzBkS1FVWTNhSEphYmxRaUxDSmhkMkZ5WkdsdVowOXdjRzl5ZEhWdWFYUjVJanA3SW1GM1lYSmthVzVuUW05a2VTSTZleUpsYVdSaGMweGxaMkZzU1dSbGJuUnBabWxsY2lJNklsVnVhMjV2ZDI0aUxDSm9iMjFsY0dGblpTSTZJbWgwZEhCek9pOHZiR1ZoYzNSdmJpNWlZMlJwY0d4dmJXRXVZMjl0THlJc0ltbGtJam9pWkdsa09tVmljMms2TWtFNVFsbzVVMVZsTmtKaGRHRmpVM0IyY3pGV05VTmtha2gyVEhCUk4ySkZjMmt5U21JMlRHUklTMjVSZUdGT0lpd2ljSEpsWm1WeWNtVmtUbUZ0WlNJNklreGxZWE4wYjI0Z1ZXNXBkbVZ5YzJsMGVTSXNJbkpsWjJsemRISmhkR2x2YmlJNklqQTFPVGN3TmpWS0luMHNJbVZ1WkdWa1FYUlVhVzFsSWpvaU1qQXlNQzB3TmkweU5sUXdNRG93TURvd01Gb2lMQ0pwWkNJNkltaDBkSEJ6T2k4dmJHVmhjM1J2Ymk1aVkyUnBjR3h2YldFdVkyOXRMMnhoZHkxbFkyOXViMjFwWTNNdGJXRnVZV2RsYldWdWRDTkJkMkZ5WkdsdVowOXdjRzl5ZEhWdWFYUjVJaXdpYVdSbGJuUnBabWxsY2lJNkltaDBkSEJ6T2k4dlkyVnlkR2xtYVdOaGRHVXRaR1Z0Ynk1aVkyUnBjR3h2YldFdVkyOXRMMk5vWldOckx6ZzNSVVF5UmpJeU56QkZOa00wTVRRMU5rVTVORUk0TmtJNVJEa3hNVFZDTkVVek5VSkRRMEZFTWpBd1FUUTVRamcwTmpVNU1rTXhORVkzT1VNNE5rSldNVVp1WW14c2RHRXdUbHBVYmtwclVqTnNSRmRzVW0xVVJHeFRVbFZLUlZaR1drbFRiVTV0V1hwS2FGVlZOWE5hVlVvMVdqSkdTbE5JY0ZkaWJWcGFJaXdpYkc5allYUnBiMjRpT2lKR1VrRk9RMFVpTENKemRHRnlkR1ZrUVhSVWFXMWxJam9pTWpBeE9TMHdPUzB3TWxRd01Eb3dNRG93TUZvaWZTd2laR0YwWlU5bVFtbHlkR2dpT2lJeE9Ua3pMVEEwTFRBNElpd2labUZ0YVd4NVRtRnRaU0k2SWtSUFJTSXNJbWRwZG1WdVRtRnRaWE1pT2lKS1lXNWxJaXdpWjNKaFpHbHVaMU5qYUdWdFpTSTZleUpwWkNJNkltaDBkSEJ6T2k4dmJHVmhjM1J2Ymk1aVkyUnBjR3h2YldFdVkyOXRMMnhoZHkxbFkyOXViMjFwWTNNdGJXRnVZV2RsYldWdWRDTkhjbUZrYVc1blUyTm9aVzFsSWl3aWRHbDBiR1VpT2lKTWIzZGxjaUJUWldOdmJtUXRRMnhoYzNNZ1NHOXViM1Z5Y3lKOUxDSnBaR1Z1ZEdsbWFXVnlJam9pTURrd05EQXdPREE0TkVnaUxDSnNaV0Z5Ym1sdVowRmphR2xsZG1WdFpXNTBJanA3SW1Ga1pHbDBhVzl1WVd4T2IzUmxJanBiSWtSSlUxUlNTVUpWVkVsUFRpQk5RVTVCUjBWTlJVNVVJbDBzSW1SbGMyTnlhWEIwYVc5dUlqb2lUVUZTUzBWVVNVNUhJRUZPUkNCVFFVeEZVeUlzSW1sa0lqb2lhSFIwY0hNNkx5OXNaV0Z6ZEc5dUxtSmpaR2x3Ykc5dFlTNWpiMjB2YkdGM0xXVmpiMjV2YldsamN5MXRZVzVoWjJWdFpXNTBJMHhsWVhKdWFXNW5RV05vYVdWMmJXVnVkQ0lzSW5ScGRHeGxJam9pVFVGVFZFVlNVeUJNUVZjc0lFVkRUMDVQVFVsRFV5QkJUa1FnVFVGT1FVZEZUVVZPVkNKOUxDSnNaV0Z5Ym1sdVoxTndaV05wWm1sallYUnBiMjRpT25zaVpXTjBjME55WldScGRGQnZhVzUwY3lJNk1USXdMQ0psY1daTVpYWmxiQ0k2Tnl3aWFXUWlPaUpvZEhSd2N6b3ZMMnhsWVhOMGIyNHVZbU5rYVhCc2IyMWhMbU52YlM5c1lYY3RaV052Ym05dGFXTnpMVzFoYm1GblpXMWxiblFqVEdWaGNtNXBibWRUY0dWamFXWnBZMkYwYVc5dUlpd2lhWE5qWldSbVEyOWtaU0k2V3lJM0lsMHNJbTV4Wmt4bGRtVnNJanBiSWpjaVhYMTlMQ0pqY21Wa1pXNTBhV0ZzVTNSaGRIVnpJanA3SW1sa0lqb2lhSFIwY0hNNkx5OWxjM05wWmk1bGRYSnZjR0V1WlhVdmMzUmhkSFZ6TDJWa2RXTmhkR2x2YmlOb2FXZG9aWEpGWkhWallYUnBiMjRqTXpreVlXTTNaall0TXprNVlTMDBNemRpTFdFeU5qZ3RORFk1TVdWaFpEaG1NVGMySWl3aWRIbHdaU0k2SWtOeVpXUmxiblJwWVd4VGRHRjBkWE5NYVhOME1qQXlNQ0o5TENKbGRtbGtaVzVqWlNJNmV5SmtiMk4xYldWdWRGQnlaWE5sYm1ObElqcGJJbEJvZVhOcFkyRnNJbDBzSW1WMmFXUmxibU5sUkc5amRXMWxiblFpT2xzaVVHRnpjM0J2Y25RaVhTd2lhV1FpT2lKb2RIUndjem92TDJWemMybG1MbVYxY205d1lTNWxkUzkwYzNJdGRtRXZaWFpwWkdWdVkyVXZaakpoWldWak9UY3RabU13WkMwME1tSm1MVGhqWVRjdE1EVTBPREU1TW1RMU5qYzRJaXdpYzNWaWFtVmpkRkJ5WlhObGJtTmxJam9pVUdoNWMybGpZV3dpTENKMGVYQmxJanBiSWtSdlkzVnRaVzUwVm1WeWFXWnBZMkYwYVc5dUlsMHNJblpsY21sbWFXVnlJam9pWkdsa09tVmljMms2TWprMk1tWmlOemcwWkdZMk1XSmhZVEkyTjJNNE1UTXlORGszTlRNNVpqaGpOamMwWWpNM1l6RXlORFJoTjJFaWZYMHNJbXAwYVNJNkluVnlianAxZFdsa09tUTRNekU1TkdNNUxXTTRaamd0TkdSaFlTMDROV0l4TFRjNU0yUm1NV0prWTJReU9DSjkudTNIamh3UGZMWC14RU5ER2hVNzdoR2luZ2JJZm1HU3VpQzY3OHBIVFg2akhpN2FXQ1VqYzdMZzlkbDZBeW1uMzRPOXJGdGY2UFdUWUczNk02ZnBSQlEiXX0sImlhdCI6MTcyNjEzMzk4MSwibm9uY2UiOiJhYmNkIiwianRpIjoidXJuOnV1aWQ6MzUxZmZlMDMtNTAwYy00ODFmLTg1NWYtMjNhYzY4ZjczYjlhIn0.HWwXXyGzhQueTOAiRWnVc4OoLPElVTHRXglxcjSmE5RJwlcpKohxiuDWz1jq4XIXtW_JfDcbsz3NFdksLr4UCg
5973 [pool-1-thread-1 @coroutine#110] DEBUG id.walt.services.vc.WaltIdJwtCredentialService - VP created:eyJraWQiOiJkaWQ6a2V5Ono2TWtySmhkeHZpemY4bnRIYXZhYUFzUHJ1YlJ2Z3F1Y3pUNlVzR0pBRjdoclpuVCN6Nk1rckpoZHh2aXpmOG50SGF2YWFBc1BydWJSdmdxdWN6VDZVc0dKQUY3aHJablQiLCJ0eXAiOiJKV1QiLCJhbGciOiJFZERTQSJ9.eyJzdWIiOiJkaWQ6a2V5Ono2TWtySmhkeHZpemY4bnRIYXZhYUFzUHJ1YlJ2Z3F1Y3pUNlVzR0pBRjdoclpuVCIsImF1ZCI6ImRpZDprZXk6ejZNa3JKaGR4dml6ZjhudEhhdmFhQXNQcnViUnZncXVjelQ2VXNHSkFGN2hyWm5UIiwibmJmIjoxNzI2MTMzOTgxLCJpc3MiOiJkaWQ6a2V5Ono2TWtySmhkeHZpemY4bnRIYXZhYUFzUHJ1YlJ2Z3F1Y3pUNlVzR0pBRjdoclpuVCIsInZwIjp7InR5cGUiOlsiVmVyaWZpYWJsZVByZXNlbnRhdGlvbiJdLCJAY29udGV4dCI6WyJodHRwczovL3d3dy53My5vcmcvMjAxOC9jcmVkZW50aWFscy92MSJdLCJpZCI6InVybjp1dWlkOjM1MWZmZTAzLTUwMGMtNDgxZi04NTVmLTIzYWM2OGY3M2I5YSIsImhvbGRlciI6ImRpZDprZXk6ejZNa3JKaGR4dml6ZjhudEhhdmFhQXNQcnViUnZncXVjelQ2VXNHSkFGN2hyWm5UIiwidmVyaWZpYWJsZUNyZWRlbnRpYWwiOlsiZXlKcmFXUWlPaUprYVdRNmEyVjVPbm8yVFd0eVNtaGtlSFpwZW1ZNGJuUklZWFpoWVVGelVISjFZbEoyWjNGMVkzcFVObFZ6UjBwQlJqZG9jbHB1VkNONk5rMXJja3BvWkhoMmFYcG1PRzUwU0dGMllXRkJjMUJ5ZFdKU2RtZHhkV042VkRaVmMwZEtRVVkzYUhKYWJsUWlMQ0owZVhBaU9pSktWMVFpTENKaGJHY2lPaUpGWkVSVFFTSjkuZXlKemRXSWlPaUprYVdRNmEyVjVPbm8yVFd0eVNtaGtlSFpwZW1ZNGJuUklZWFpoWVVGelVISjFZbEoyWjNGMVkzcFVObFZ6UjBwQlJqZG9jbHB1VkNJc0ltNWlaaUk2TVRjeU5qRXpNems0TVN3aWFYTnpJam9pWkdsa09tdGxlVHA2TmsxcmNrcG9aSGgyYVhwbU9HNTBTR0YyWVdGQmMxQnlkV0pTZG1keGRXTjZWRFpWYzBkS1FVWTNhSEphYmxRaUxDSnBZWFFpT2pFM01qWXhNek01T0RFc0luWmpJanA3SW5SNWNHVWlPbHNpVm1WeWFXWnBZV0pzWlVOeVpXUmxiblJwWVd3aUxDSldaWEpwWm1saFlteGxRWFIwWlhOMFlYUnBiMjRpTENKV1pYSnBabWxoWW14bFJHbHdiRzl0WVNKZExDSkFZMjl1ZEdWNGRDSTZXeUpvZEhSd2N6b3ZMM2QzZHk1M015NXZjbWN2TWpBeE9DOWpjbVZrWlc1MGFXRnNjeTkyTVNKZExDSnBaQ0k2SW5WeWJqcDFkV2xrT21RNE16RTVOR001TFdNNFpqZ3ROR1JoWVMwNE5XSXhMVGM1TTJSbU1XSmtZMlF5T0NJc0ltbHpjM1ZsY2lJNkltUnBaRHByWlhrNmVqWk5hM0pLYUdSNGRtbDZaamh1ZEVoaGRtRmhRWE5RY25WaVVuWm5jWFZqZWxRMlZYTkhTa0ZHTjJoeVdtNVVJaXdpYVhOemRXRnVZMlZFWVhSbElqb2lNakF5TkMwd09TMHhNbFF3T1Rvek9UbzBNVm9pTENKcGMzTjFaV1FpT2lJeU1ESTBMVEE1TFRFeVZEQTVPak01T2pReFdpSXNJblpoYkdsa1JuSnZiU0k2SWpJd01qUXRNRGt0TVRKVU1EazZNems2TkRGYUlpd2laWGh3YVhKaGRHbHZia1JoZEdVaU9pSXlNREl5TFRBNExUTXhWREF3T2pBd09qQXdXaUlzSW1OeVpXUmxiblJwWVd4VFkyaGxiV0VpT25zaWFXUWlPaUpvZEhSd2N6b3ZMM0poZHk1bmFYUm9kV0oxYzJWeVkyOXVkR1Z1ZEM1amIyMHZkMkZzZEMxcFpDOTNZV3gwYVdRdGMzTnBhMmwwTFhaamJHbGlMMjFoYzNSbGNpOXpjbU12ZEdWemRDOXlaWE52ZFhKalpYTXZjMk5vWlcxaGN5OVdaWEpwWm1saFlteGxSR2x3Ykc5dFlTNXFjMjl1SWl3aWRIbHdaU0k2SWtwemIyNVRZMmhsYldGV1lXeHBaR0YwYjNJeU1ERTRJbjBzSW1OeVpXUmxiblJwWVd4VGRXSnFaV04wSWpwN0ltbGtJam9pWkdsa09tdGxlVHA2TmsxcmNrcG9aSGgyYVhwbU9HNTBTR0YyWVdGQmMxQnlkV0pTZG1keGRXTjZWRFpWYzBkS1FVWTNhSEphYmxRaUxDSmhkMkZ5WkdsdVowOXdjRzl5ZEhWdWFYUjVJanA3SW1GM1lYSmthVzVuUW05a2VTSTZleUpsYVdSaGMweGxaMkZzU1dSbGJuUnBabWxsY2lJNklsVnVhMjV2ZDI0aUxDSm9iMjFsY0dGblpTSTZJbWgwZEhCek9pOHZiR1ZoYzNSdmJpNWlZMlJwY0d4dmJXRXVZMjl0THlJc0ltbGtJam9pWkdsa09tVmljMms2TWtFNVFsbzVVMVZsTmtKaGRHRmpVM0IyY3pGV05VTmtha2gyVEhCUk4ySkZjMmt5U21JMlRHUklTMjVSZUdGT0lpd2ljSEpsWm1WeWNtVmtUbUZ0WlNJNklreGxZWE4wYjI0Z1ZXNXBkbVZ5YzJsMGVTSXNJbkpsWjJsemRISmhkR2x2YmlJNklqQTFPVGN3TmpWS0luMHNJbVZ1WkdWa1FYUlVhVzFsSWpvaU1qQXlNQzB3TmkweU5sUXdNRG93TURvd01Gb2lMQ0pwWkNJNkltaDBkSEJ6T2k4dmJHVmhjM1J2Ymk1aVkyUnBjR3h2YldFdVkyOXRMMnhoZHkxbFkyOXViMjFwWTNNdGJXRnVZV2RsYldWdWRDTkJkMkZ5WkdsdVowOXdjRzl5ZEhWdWFYUjVJaXdpYVdSbGJuUnBabWxsY2lJNkltaDBkSEJ6T2k4dlkyVnlkR2xtYVdOaGRHVXRaR1Z0Ynk1aVkyUnBjR3h2YldFdVkyOXRMMk5vWldOckx6ZzNSVVF5UmpJeU56QkZOa00wTVRRMU5rVTVORUk0TmtJNVJEa3hNVFZDTkVVek5VSkRRMEZFTWpBd1FUUTVRamcwTmpVNU1rTXhORVkzT1VNNE5rSldNVVp1WW14c2RHRXdUbHBVYmtwclVqTnNSRmRzVW0xVVJHeFRVbFZLUlZaR1drbFRiVTV0V1hwS2FGVlZOWE5hVlVvMVdqSkdTbE5JY0ZkaWJWcGFJaXdpYkc5allYUnBiMjRpT2lKR1VrRk9RMFVpTENKemRHRnlkR1ZrUVhSVWFXMWxJam9pTWpBeE9TMHdPUzB3TWxRd01Eb3dNRG93TUZvaWZTd2laR0YwWlU5bVFtbHlkR2dpT2lJeE9Ua3pMVEEwTFRBNElpd2labUZ0YVd4NVRtRnRaU0k2SWtSUFJTSXNJbWRwZG1WdVRtRnRaWE1pT2lKS1lXNWxJaXdpWjNKaFpHbHVaMU5qYUdWdFpTSTZleUpwWkNJNkltaDBkSEJ6T2k4dmJHVmhjM1J2Ymk1aVkyUnBjR3h2YldFdVkyOXRMMnhoZHkxbFkyOXViMjFwWTNNdGJXRnVZV2RsYldWdWRDTkhjbUZrYVc1blUyTm9aVzFsSWl3aWRHbDBiR1VpT2lKTWIzZGxjaUJUWldOdmJtUXRRMnhoYzNNZ1NHOXViM1Z5Y3lKOUxDSnBaR1Z1ZEdsbWFXVnlJam9pTURrd05EQXdPREE0TkVnaUxDSnNaV0Z5Ym1sdVowRmphR2xsZG1WdFpXNTBJanA3SW1Ga1pHbDBhVzl1WVd4T2IzUmxJanBiSWtSSlUxUlNTVUpWVkVsUFRpQk5RVTVCUjBWTlJVNVVJbDBzSW1SbGMyTnlhWEIwYVc5dUlqb2lUVUZTUzBWVVNVNUhJRUZPUkNCVFFVeEZVeUlzSW1sa0lqb2lhSFIwY0hNNkx5OXNaV0Z6ZEc5dUxtSmpaR2x3Ykc5dFlTNWpiMjB2YkdGM0xXVmpiMjV2YldsamN5MXRZVzVoWjJWdFpXNTBJMHhsWVhKdWFXNW5RV05vYVdWMmJXVnVkQ0lzSW5ScGRHeGxJam9pVFVGVFZFVlNVeUJNUVZjc0lFVkRUMDVQVFVsRFV5QkJUa1FnVFVGT1FVZEZUVVZPVkNKOUxDSnNaV0Z5Ym1sdVoxTndaV05wWm1sallYUnBiMjRpT25zaVpXTjBjME55WldScGRGQnZhVzUwY3lJNk1USXdMQ0psY1daTVpYWmxiQ0k2Tnl3aWFXUWlPaUpvZEhSd2N6b3ZMMnhsWVhOMGIyNHVZbU5rYVhCc2IyMWhMbU52YlM5c1lYY3RaV052Ym05dGFXTnpMVzFoYm1GblpXMWxiblFqVEdWaGNtNXBibWRUY0dWamFXWnBZMkYwYVc5dUlpd2lhWE5qWldSbVEyOWtaU0k2V3lJM0lsMHNJbTV4Wmt4bGRtVnNJanBiSWpjaVhYMTlMQ0pqY21Wa1pXNTBhV0ZzVTNSaGRIVnpJanA3SW1sa0lqb2lhSFIwY0hNNkx5OWxjM05wWmk1bGRYSnZjR0V1WlhVdmMzUmhkSFZ6TDJWa2RXTmhkR2x2YmlOb2FXZG9aWEpGWkhWallYUnBiMjRqTXpreVlXTTNaall0TXprNVlTMDBNemRpTFdFeU5qZ3RORFk1TVdWaFpEaG1NVGMySWl3aWRIbHdaU0k2SWtOeVpXUmxiblJwWVd4VGRHRjBkWE5NYVhOME1qQXlNQ0o5TENKbGRtbGtaVzVqWlNJNmV5SmtiMk4xYldWdWRGQnlaWE5sYm1ObElqcGJJbEJvZVhOcFkyRnNJbDBzSW1WMmFXUmxibU5sUkc5amRXMWxiblFpT2xzaVVHRnpjM0J2Y25RaVhTd2lhV1FpT2lKb2RIUndjem92TDJWemMybG1MbVYxY205d1lTNWxkUzkwYzNJdGRtRXZaWFpwWkdWdVkyVXZaakpoWldWak9UY3RabU13WkMwME1tSm1MVGhqWVRjdE1EVTBPREU1TW1RMU5qYzRJaXdpYzNWaWFtVmpkRkJ5WlhObGJtTmxJam9pVUdoNWMybGpZV3dpTENKMGVYQmxJanBiSWtSdlkzVnRaVzUwVm1WeWFXWnBZMkYwYVc5dUlsMHNJblpsY21sbWFXVnlJam9pWkdsa09tVmljMms2TWprMk1tWmlOemcwWkdZMk1XSmhZVEkyTjJNNE1UTXlORGszTlRNNVpqaGpOamMwWWpNM1l6RXlORFJoTjJFaWZYMHNJbXAwYVNJNkluVnlianAxZFdsa09tUTRNekU1TkdNNUxXTTRaamd0TkdSaFlTMDROV0l4TFRjNU0yUm1NV0prWTJReU9DSjkudTNIamh3UGZMWC14RU5ER2hVNzdoR2luZ2JJZm1HU3VpQzY3OHBIVFg2akhpN2FXQ1VqYzdMZzlkbDZBeW1uMzRPOXJGdGY2UFdUWUczNk02ZnBSQlEiXX0sImlhdCI6MTcyNjEzMzk4MSwibm9uY2UiOiJhYmNkIiwianRpIjoidXJuOnV1aWQ6MzUxZmZlMDMtNTAwYy00ODFmLTg1NWYtMjNhYzY4ZjczYjlhIn0.HWwXXyGzhQueTOAiRWnVc4OoLPElVTHRXglxcjSmE5RJwlcpKohxiuDWz1jq4XIXtW_JfDcbsz3NFdksLr4UCg
]]></system-err>
</testsuite>
