<?xml version="1.0" encoding="UTF-8"?>
<testsuite name="id.walt.services.did.DidJwkCreationTest" tests="5" skipped="0" failures="0" errors="0" timestamp="2024-09-12T09:39:46" hostname="pablito-B550-AORUS-ELITE-V2" time="0.245">
  <properties/>
  <testcase name="Create default did:key" classname="id.walt.services.did.DidJwkCreationTest" time="0.022"/>
  <testcase name="Create EdDSA_Ed25519 did:jwk" classname="id.walt.services.did.DidJwkCreationTest" time="0.014"/>
  <testcase name="Create ECDSA_Secp256r1 did:jwk" classname="id.walt.services.did.DidJwkCreationTest" time="0.015"/>
  <testcase name="Create ECDSA_Secp256k1 did:jwk" classname="id.walt.services.did.DidJwkCreationTest" time="0.014"/>
  <testcase name="Create RSA did:jwk" classname="id.walt.services.did.DidJwkCreationTest" time="0.177"/>
  <system-out><![CDATA[Created: did:jwk:eyJrdHkiOiJPS1AiLCJ1c2UiOiJzaWciLCJjcnYiOiJFZDI1NTE5Iiwia2lkIjoiNzkwY2NjYWJmN2ViNDA1Mjg1MWI1ZDUwZDhlZWZlYWMiLCJ4IjoiVEM3X0duazZvS1pqWTRxUGluU3UyTV9IMS1XSHdnazBHclRUV25zUWVSOCIsImFsZyI6IkVkRFNBIn0
Loaded: [DidDocument of did:jwk:eyJrdHkiOiJPS1AiLCJ1c2UiOiJzaWciLCJjcnYiOiJFZDI1NTE5Iiwia2lkIjoiNzkwY2NjYWJmN2ViNDA1Mjg1MWI1ZDUwZDhlZWZlYWMiLCJ4IjoiVEM3X0duazZvS1pqWTRxUGluU3UyTV9IMS1XSHdnazBHclRUV25zUWVSOCIsImFsZyI6IkVkRFNBIn0#eyJrdHkiOiJPS1AiLCJ1c2UiOiJzaWciLCJjcnYiOiJFZDI1NTE5Iiwia2lkIjoiNzkwY2NjYWJmN2ViNDA1Mjg1MWI1ZDUwZDhlZWZlYWMiLCJ4IjoiVEM3X0duazZvS1pqWTRxUGluU3UyTV9IMS1XSHdnazBHclRUV25zUWVSOCIsImFsZyI6IkVkRFNBIn0]
Created: did:jwk:eyJrdHkiOiJPS1AiLCJ1c2UiOiJzaWciLCJjcnYiOiJFZDI1NTE5Iiwia2lkIjoiYTUzNzUwN2JjNmY4NGYwZmFmODNkMWIzZGFiNDU0ZjkiLCJ4IjoiZGhzX1NYbnE5MzBVd1ZXaTYtVVFva1NsaDJ4dlo4WGhJenZKRXJERWRObyIsImFsZyI6IkVkRFNBIn0
Loaded: [DidDocument of did:jwk:eyJrdHkiOiJPS1AiLCJ1c2UiOiJzaWciLCJjcnYiOiJFZDI1NTE5Iiwia2lkIjoiYTUzNzUwN2JjNmY4NGYwZmFmODNkMWIzZGFiNDU0ZjkiLCJ4IjoiZGhzX1NYbnE5MzBVd1ZXaTYtVVFva1NsaDJ4dlo4WGhJenZKRXJERWRObyIsImFsZyI6IkVkRFNBIn0#eyJrdHkiOiJPS1AiLCJ1c2UiOiJzaWciLCJjcnYiOiJFZDI1NTE5Iiwia2lkIjoiYTUzNzUwN2JjNmY4NGYwZmFmODNkMWIzZGFiNDU0ZjkiLCJ4IjoiZGhzX1NYbnE5MzBVd1ZXaTYtVVFva1NsaDJ4dlo4WGhJenZKRXJERWRObyIsImFsZyI6IkVkRFNBIn0]
Created: did:jwk:eyJrdHkiOiJFQyIsInVzZSI6InNpZyIsImNydiI6IlAtMjU2Iiwia2lkIjoiMWFjNzgzNTdmZDBlNDFjYWI1OWRkNWNiZTkwMmIwNmIiLCJ4IjoiR21qb1lpalc0Vy1VUi1FenI5VUZmalVRR05ldzZsaFE3TzY4TXhYSGJ3byIsInkiOiI4VUFSRUtmQzFpNDhobE53TzRyUXRTOFhxZkROVlhZaUw5UnVKV04wdXVFIiwiYWxnIjoiRVMyNTYifQ
Loaded: [DidDocument of did:jwk:eyJrdHkiOiJFQyIsInVzZSI6InNpZyIsImNydiI6IlAtMjU2Iiwia2lkIjoiMWFjNzgzNTdmZDBlNDFjYWI1OWRkNWNiZTkwMmIwNmIiLCJ4IjoiR21qb1lpalc0Vy1VUi1FenI5VUZmalVRR05ldzZsaFE3TzY4TXhYSGJ3byIsInkiOiI4VUFSRUtmQzFpNDhobE53TzRyUXRTOFhxZkROVlhZaUw5UnVKV04wdXVFIiwiYWxnIjoiRVMyNTYifQ#eyJrdHkiOiJFQyIsInVzZSI6InNpZyIsImNydiI6IlAtMjU2Iiwia2lkIjoiMWFjNzgzNTdmZDBlNDFjYWI1OWRkNWNiZTkwMmIwNmIiLCJ4IjoiR21qb1lpalc0Vy1VUi1FenI5VUZmalVRR05ldzZsaFE3TzY4TXhYSGJ3byIsInkiOiI4VUFSRUtmQzFpNDhobE53TzRyUXRTOFhxZkROVlhZaUw5UnVKV04wdXVFIiwiYWxnIjoiRVMyNTYifQ]
Created: did:jwk:eyJrdHkiOiJFQyIsInVzZSI6InNpZyIsImNydiI6InNlY3AyNTZrMSIsImtpZCI6IjExZmY0ZWJlOTY1YjQwMThhM2NhZmYzYzlhMGViZWYwIiwieCI6Imh2SU1JSzRBZ3lxWEVTYTQ1M0t6N0tEdEY3LXBNV3R2X3FEOUp4WE1CQ28iLCJ5IjoiWG5zY2RJRHpRZVU4QnJwMmpIcTRDa0tRS2dNLVNZVmNLOHJGa2NwbUNtMCIsImFsZyI6IkVTMjU2SyJ9
Loaded: [DidDocument of did:jwk:eyJrdHkiOiJFQyIsInVzZSI6InNpZyIsImNydiI6InNlY3AyNTZrMSIsImtpZCI6IjExZmY0ZWJlOTY1YjQwMThhM2NhZmYzYzlhMGViZWYwIiwieCI6Imh2SU1JSzRBZ3lxWEVTYTQ1M0t6N0tEdEY3LXBNV3R2X3FEOUp4WE1CQ28iLCJ5IjoiWG5zY2RJRHpRZVU4QnJwMmpIcTRDa0tRS2dNLVNZVmNLOHJGa2NwbUNtMCIsImFsZyI6IkVTMjU2SyJ9#eyJrdHkiOiJFQyIsInVzZSI6InNpZyIsImNydiI6InNlY3AyNTZrMSIsImtpZCI6IjExZmY0ZWJlOTY1YjQwMThhM2NhZmYzYzlhMGViZWYwIiwieCI6Imh2SU1JSzRBZ3lxWEVTYTQ1M0t6N0tEdEY3LXBNV3R2X3FEOUp4WE1CQ28iLCJ5IjoiWG5zY2RJRHpRZVU4QnJwMmpIcTRDa0tRS2dNLVNZVmNLOHJGa2NwbUNtMCIsImFsZyI6IkVTMjU2SyJ9]
Created: did:jwk:eyJrdHkiOiJSU0EiLCJlIjoiQVFBQiIsInVzZSI6InNpZyIsImtpZCI6Ijk1MzQ0NTVjMzA4ZjQ4NWRhNDc2YWU3ODY1ZTMxZWZlIiwiYWxnIjoiUlMyNTYiLCJuIjoiaVd1ZS1RZFZheno4RGtoeUZ2MVYtMWp6WlpoUFppMG92cXJnVjNsd0Q0Ti1lYnVmeGU0b0kxdkVyUmZsV0Vxd1BfYjVjLWxhTWNNcWlQSUc3UHdIR0JRT3dCczVmbVlXY0E0cWtXNmpDejd5OS1YYXVwUS1jVVgtdmF1QWVES1QyVDNVaVc3MU1oU3dUS0NxWXNyS004Ull5dFA4WDlXcFN6SzhpRlJNZ2tDZF9zR3J6WWRvRjVQUDJXcExNTmlGNmdrMXJfVjFvVm9DQWZpbnlIb3NkRWJiX29ZcWwxQjRjamh6ZS1idHVXdWNEbVpWd2t1dDNjeHN3NVFGOE5GNXJnLWZQaGUzTnlwTU5MVnNaaWYzV3pkR2pxVkxhd0QxWG5CX1R3OEl6eTcycUxBMlJtdHlkNlBwejh4QkU5ZE5XdjkyVFZqWVg3T0lTMXRJZjhvS1p3In0
Loaded: [DidDocument of did:jwk:eyJrdHkiOiJSU0EiLCJlIjoiQVFBQiIsInVzZSI6InNpZyIsImtpZCI6Ijk1MzQ0NTVjMzA4ZjQ4NWRhNDc2YWU3ODY1ZTMxZWZlIiwiYWxnIjoiUlMyNTYiLCJuIjoiaVd1ZS1RZFZheno4RGtoeUZ2MVYtMWp6WlpoUFppMG92cXJnVjNsd0Q0Ti1lYnVmeGU0b0kxdkVyUmZsV0Vxd1BfYjVjLWxhTWNNcWlQSUc3UHdIR0JRT3dCczVmbVlXY0E0cWtXNmpDejd5OS1YYXVwUS1jVVgtdmF1QWVES1QyVDNVaVc3MU1oU3dUS0NxWXNyS004Ull5dFA4WDlXcFN6SzhpRlJNZ2tDZF9zR3J6WWRvRjVQUDJXcExNTmlGNmdrMXJfVjFvVm9DQWZpbnlIb3NkRWJiX29ZcWwxQjRjamh6ZS1idHVXdWNEbVpWd2t1dDNjeHN3NVFGOE5GNXJnLWZQaGUzTnlwTU5MVnNaaWYzV3pkR2pxVkxhd0QxWG5CX1R3OEl6eTcycUxBMlJtdHlkNlBwejh4QkU5ZE5XdjkyVFZqWVg3T0lTMXRJZjhvS1p3In0#eyJrdHkiOiJSU0EiLCJlIjoiQVFBQiIsInVzZSI6InNpZyIsImtpZCI6Ijk1MzQ0NTVjMzA4ZjQ4NWRhNDc2YWU3ODY1ZTMxZWZlIiwiYWxnIjoiUlMyNTYiLCJuIjoiaVd1ZS1RZFZheno4RGtoeUZ2MVYtMWp6WlpoUFppMG92cXJnVjNsd0Q0Ti1lYnVmeGU0b0kxdkVyUmZsV0Vxd1BfYjVjLWxhTWNNcWlQSUc3UHdIR0JRT3dCczVmbVlXY0E0cWtXNmpDejd5OS1YYXVwUS1jVVgtdmF1QWVES1QyVDNVaVc3MU1oU3dUS0NxWXNyS004Ull5dFA4WDlXcFN6SzhpRlJNZ2tDZF9zR3J6WWRvRjVQUDJXcExNTmlGNmdrMXJfVjFvVm9DQWZpbnlIb3NkRWJiX29ZcWwxQjRjamh6ZS1idHVXdWNEbVpWd2t1dDNjeHN3NVFGOE5GNXJnLWZQaGUzTnlwTU5MVnNaaWYzV3pkR2pxVkxhd0QxWG5CX1R3OEl6eTcycUxBMlJtdHlkNlBwejh4QkU5ZE5XdjkyVFZqWVg3T0lTMXRJZjhvS1p3In0]
]]></system-out>
  <system-err><![CDATA[11310 [pool-1-thread-1 @coroutine#770] DEBUG id.walt.services.keystore.SqlKeyStoreService - Saving key "Key[790cccabf7eb4052851b5d50d8eefeac; Algo: EdDSA_Ed25519; Provider: SUN]"...
11316 [pool-1-thread-1 @coroutine#770] DEBUG id.walt.services.keystore.SqlKeyStoreService - Loading key "790cccabf7eb4052851b5d50d8eefeac"...
11316 [pool-1-thread-1 @coroutine#770] DEBUG id.walt.services.keystore.SqlKeyStoreService - Loading key "790cccabf7eb4052851b5d50d8eefeac"...
11316 [pool-1-thread-1 @coroutine#770] DEBUG id.walt.model.DidUrl - Trying to create DidUrl from URL: "did:jwk:eyJrdHkiOiJPS1AiLCJ1c2UiOiJzaWciLCJjcnYiOiJFZDI1NTE5Iiwia2lkIjoiNzkwY2NjYWJmN2ViNDA1Mjg1MWI1ZDUwZDhlZWZlYWMiLCJ4IjoiVEM3X0duazZvS1pqWTRxUGluU3UyTV9IMS1XSHdnazBHclRUV25zUWVSOCIsImFsZyI6IkVkRFNBIn0"...
11318 [pool-1-thread-1 @coroutine#770] DEBUG id.walt.services.keystore.SqlKeyStoreService - Loading key "790cccabf7eb4052851b5d50d8eefeac"...
11318 [pool-1-thread-1 @coroutine#770] DEBUG id.walt.services.did.DidService - A key with the id "790cccabf7eb4052851b5d50d8eefeac" exists.
11318 [pool-1-thread-1 @coroutine#770] DEBUG id.walt.services.keystore.SqlKeyStoreService - Adding alias "did:jwk:eyJrdHkiOiJPS1AiLCJ1c2UiOiJzaWciLCJjcnYiOiJFZDI1NTE5Iiwia2lkIjoiNzkwY2NjYWJmN2ViNDA1Mjg1MWI1ZDUwZDhlZWZlYWMiLCJ4IjoiVEM3X0duazZvS1pqWTRxUGluU3UyTV9IMS1XSHdnazBHclRUV25zUWVSOCIsImFsZyI6IkVkRFNBIn0" for keyId "790cccabf7eb4052851b5d50d8eefeac"...
11320 [pool-1-thread-1 @coroutine#770] DEBUG id.walt.services.keystore.SqlKeyStoreService - Adding alias "did:jwk:eyJrdHkiOiJPS1AiLCJ1c2UiOiJzaWciLCJjcnYiOiJFZDI1NTE5Iiwia2lkIjoiNzkwY2NjYWJmN2ViNDA1Mjg1MWI1ZDUwZDhlZWZlYWMiLCJ4IjoiVEM3X0duazZvS1pqWTRxUGluU3UyTV9IMS1XSHdnazBHclRUV25zUWVSOCIsImFsZyI6IkVkRFNBIn0#0" for keyId "790cccabf7eb4052851b5d50d8eefeac"...
11322 [pool-1-thread-1 @coroutine#770] DEBUG id.walt.model.DidUrl - Trying to create DidUrl from URL: "did:jwk:eyJrdHkiOiJPS1AiLCJ1c2UiOiJzaWciLCJjcnYiOiJFZDI1NTE5Iiwia2lkIjoiNzkwY2NjYWJmN2ViNDA1Mjg1MWI1ZDUwZDhlZWZlYWMiLCJ4IjoiVEM3X0duazZvS1pqWTRxUGluU3UyTV9IMS1XSHdnazBHclRUV25zUWVSOCIsImFsZyI6IkVkRFNBIn0"...
11322 [pool-1-thread-1 @coroutine#770] DEBUG id.walt.model.DidUrl - Trying to create DidUrl from URL: "did:jwk:eyJrdHkiOiJPS1AiLCJ1c2UiOiJzaWciLCJjcnYiOiJFZDI1NTE5Iiwia2lkIjoiNzkwY2NjYWJmN2ViNDA1Mjg1MWI1ZDUwZDhlZWZlYWMiLCJ4IjoiVEM3X0duazZvS1pqWTRxUGluU3UyTV9IMS1XSHdnazBHclRUV25zUWVSOCIsImFsZyI6IkVkRFNBIn0"...
11323 [pool-1-thread-1 @coroutine#770] DEBUG id.walt.services.hkvstore.FileSystemHKVStore - Mapping "did%3Ajwk%3AeyJrdHkiOiJPS1AiLCJ1c2UiOiJzaWciLCJjcnYiOiJFZDI1NTE5Iiwia2lkIjoiNzkwY2NjYWJmN2ViNDA1Mjg1MWI1ZDUwZDhlZWZlYWMiLCJ4IjoiVEM3X0duazZvS1pqWTRxUGluU3UyTV9IMS1XSHdnazBHclRUV25zUWVSOCIsImFsZyI6IkVkRFNBIn0" to "LQLRH6IUQ3JD2AHZSSGMRJISSERJFLZFCO2Z7P45MM4SQWFICPOZQ2TTF3YW6LS5LMS6L3FYWCSC3OIUWD37VB7SN66MUO4EXLDV3BQ"
11331 [pool-1-thread-1 @coroutine#770] DEBUG id.walt.services.hkvstore.FileSystemHKVStore - File mapping is hashed: Path was "/home/pablito/Desktop/git/waltid-tango/app/./data/did/created/did%3Ajwk%3AeyJrdHkiOiJPS1AiLCJ1c2UiOiJzaWciLCJjcnYiOiJFZDI1NTE5Iiwia2lkIjoiNzkwY2NjYWJmN2ViNDA1Mjg1MWI1ZDUwZDhlZWZlYWMiLCJ4IjoiVEM3X0duazZvS1pqWTRxUGluU3UyTV9IMS1XSHdnazBHclRUV25zUWVSOCIsImFsZyI6IkVkRFNBIn0", new path is ./data/did/created/LQLRH6IUQ3JD2AHZSSGMRJISSERJFLZFCO2Z7P45MM4SQWFICPOZQ2TTF3YW6LS5LMS6L3FYWCSC3OIUWD37VB7SN66MUO4EXLDV3BQ
11331 [pool-1-thread-1 @coroutine#770] DEBUG id.walt.model.DidUrl - Trying to create DidUrl from URL: "did:jwk:eyJrdHkiOiJPS1AiLCJ1c2UiOiJzaWciLCJjcnYiOiJFZDI1NTE5Iiwia2lkIjoiNzkwY2NjYWJmN2ViNDA1Mjg1MWI1ZDUwZDhlZWZlYWMiLCJ4IjoiVEM3X0duazZvS1pqWTRxUGluU3UyTV9IMS1XSHdnazBHclRUV25zUWVSOCIsImFsZyI6IkVkRFNBIn0"...
11331 [pool-1-thread-1 @coroutine#770] DEBUG id.walt.model.DidUrl - Trying to create DidUrl from URL: "did:jwk:eyJrdHkiOiJPS1AiLCJ1c2UiOiJzaWciLCJjcnYiOiJFZDI1NTE5Iiwia2lkIjoiNzkwY2NjYWJmN2ViNDA1Mjg1MWI1ZDUwZDhlZWZlYWMiLCJ4IjoiVEM3X0duazZvS1pqWTRxUGluU3UyTV9IMS1XSHdnazBHclRUV25zUWVSOCIsImFsZyI6IkVkRFNBIn0"...
11333 [pool-1-thread-1 @coroutine#771] DEBUG id.walt.services.keystore.SqlKeyStoreService - Saving key "Key[a537507bc6f84f0faf83d1b3dab454f9; Algo: EdDSA_Ed25519; Provider: SUN]"...
11335 [pool-1-thread-1 @coroutine#771] DEBUG id.walt.services.keystore.SqlKeyStoreService - Loading key "a537507bc6f84f0faf83d1b3dab454f9"...
11335 [pool-1-thread-1 @coroutine#771] DEBUG id.walt.services.keystore.SqlKeyStoreService - Loading key "a537507bc6f84f0faf83d1b3dab454f9"...
11335 [pool-1-thread-1 @coroutine#771] DEBUG id.walt.model.DidUrl - Trying to create DidUrl from URL: "did:jwk:eyJrdHkiOiJPS1AiLCJ1c2UiOiJzaWciLCJjcnYiOiJFZDI1NTE5Iiwia2lkIjoiYTUzNzUwN2JjNmY4NGYwZmFmODNkMWIzZGFiNDU0ZjkiLCJ4IjoiZGhzX1NYbnE5MzBVd1ZXaTYtVVFva1NsaDJ4dlo4WGhJenZKRXJERWRObyIsImFsZyI6IkVkRFNBIn0"...
11336 [pool-1-thread-1 @coroutine#771] DEBUG id.walt.services.keystore.SqlKeyStoreService - Loading key "a537507bc6f84f0faf83d1b3dab454f9"...
11337 [pool-1-thread-1 @coroutine#771] DEBUG id.walt.services.did.DidService - A key with the id "a537507bc6f84f0faf83d1b3dab454f9" exists.
11337 [pool-1-thread-1 @coroutine#771] DEBUG id.walt.services.keystore.SqlKeyStoreService - Adding alias "did:jwk:eyJrdHkiOiJPS1AiLCJ1c2UiOiJzaWciLCJjcnYiOiJFZDI1NTE5Iiwia2lkIjoiYTUzNzUwN2JjNmY4NGYwZmFmODNkMWIzZGFiNDU0ZjkiLCJ4IjoiZGhzX1NYbnE5MzBVd1ZXaTYtVVFva1NsaDJ4dlo4WGhJenZKRXJERWRObyIsImFsZyI6IkVkRFNBIn0" for keyId "a537507bc6f84f0faf83d1b3dab454f9"...
11339 [pool-1-thread-1 @coroutine#771] DEBUG id.walt.services.keystore.SqlKeyStoreService - Adding alias "did:jwk:eyJrdHkiOiJPS1AiLCJ1c2UiOiJzaWciLCJjcnYiOiJFZDI1NTE5Iiwia2lkIjoiYTUzNzUwN2JjNmY4NGYwZmFmODNkMWIzZGFiNDU0ZjkiLCJ4IjoiZGhzX1NYbnE5MzBVd1ZXaTYtVVFva1NsaDJ4dlo4WGhJenZKRXJERWRObyIsImFsZyI6IkVkRFNBIn0#0" for keyId "a537507bc6f84f0faf83d1b3dab454f9"...
11341 [pool-1-thread-1 @coroutine#771] DEBUG id.walt.model.DidUrl - Trying to create DidUrl from URL: "did:jwk:eyJrdHkiOiJPS1AiLCJ1c2UiOiJzaWciLCJjcnYiOiJFZDI1NTE5Iiwia2lkIjoiYTUzNzUwN2JjNmY4NGYwZmFmODNkMWIzZGFiNDU0ZjkiLCJ4IjoiZGhzX1NYbnE5MzBVd1ZXaTYtVVFva1NsaDJ4dlo4WGhJenZKRXJERWRObyIsImFsZyI6IkVkRFNBIn0"...
11341 [pool-1-thread-1 @coroutine#771] DEBUG id.walt.model.DidUrl - Trying to create DidUrl from URL: "did:jwk:eyJrdHkiOiJPS1AiLCJ1c2UiOiJzaWciLCJjcnYiOiJFZDI1NTE5Iiwia2lkIjoiYTUzNzUwN2JjNmY4NGYwZmFmODNkMWIzZGFiNDU0ZjkiLCJ4IjoiZGhzX1NYbnE5MzBVd1ZXaTYtVVFva1NsaDJ4dlo4WGhJenZKRXJERWRObyIsImFsZyI6IkVkRFNBIn0"...
11341 [pool-1-thread-1 @coroutine#771] DEBUG id.walt.services.hkvstore.FileSystemHKVStore - Mapping "did%3Ajwk%3AeyJrdHkiOiJPS1AiLCJ1c2UiOiJzaWciLCJjcnYiOiJFZDI1NTE5Iiwia2lkIjoiYTUzNzUwN2JjNmY4NGYwZmFmODNkMWIzZGFiNDU0ZjkiLCJ4IjoiZGhzX1NYbnE5MzBVd1ZXaTYtVVFva1NsaDJ4dlo4WGhJenZKRXJERWRObyIsImFsZyI6IkVkRFNBIn0" to "SMA7QM3TTUYE4D5MD2OIGKNRGYHL2TUK4BC72DIE7BY44Y3P56OINJNQ67ZD6U2BFO6GL4BLSJ77OV5X4WU75OE5SD2NONRSUB3O46I"
11345 [pool-1-thread-1 @coroutine#771] DEBUG id.walt.services.hkvstore.FileSystemHKVStore - File mapping is hashed: Path was "/home/pablito/Desktop/git/waltid-tango/app/./data/did/created/did%3Ajwk%3AeyJrdHkiOiJPS1AiLCJ1c2UiOiJzaWciLCJjcnYiOiJFZDI1NTE5Iiwia2lkIjoiYTUzNzUwN2JjNmY4NGYwZmFmODNkMWIzZGFiNDU0ZjkiLCJ4IjoiZGhzX1NYbnE5MzBVd1ZXaTYtVVFva1NsaDJ4dlo4WGhJenZKRXJERWRObyIsImFsZyI6IkVkRFNBIn0", new path is ./data/did/created/SMA7QM3TTUYE4D5MD2OIGKNRGYHL2TUK4BC72DIE7BY44Y3P56OINJNQ67ZD6U2BFO6GL4BLSJ77OV5X4WU75OE5SD2NONRSUB3O46I
11346 [pool-1-thread-1 @coroutine#771] DEBUG id.walt.model.DidUrl - Trying to create DidUrl from URL: "did:jwk:eyJrdHkiOiJPS1AiLCJ1c2UiOiJzaWciLCJjcnYiOiJFZDI1NTE5Iiwia2lkIjoiYTUzNzUwN2JjNmY4NGYwZmFmODNkMWIzZGFiNDU0ZjkiLCJ4IjoiZGhzX1NYbnE5MzBVd1ZXaTYtVVFva1NsaDJ4dlo4WGhJenZKRXJERWRObyIsImFsZyI6IkVkRFNBIn0"...
11346 [pool-1-thread-1 @coroutine#771] DEBUG id.walt.model.DidUrl - Trying to create DidUrl from URL: "did:jwk:eyJrdHkiOiJPS1AiLCJ1c2UiOiJzaWciLCJjcnYiOiJFZDI1NTE5Iiwia2lkIjoiYTUzNzUwN2JjNmY4NGYwZmFmODNkMWIzZGFiNDU0ZjkiLCJ4IjoiZGhzX1NYbnE5MzBVd1ZXaTYtVVFva1NsaDJ4dlo4WGhJenZKRXJERWRObyIsImFsZyI6IkVkRFNBIn0"...
11348 [pool-1-thread-1 @coroutine#772] DEBUG id.walt.services.keystore.SqlKeyStoreService - Saving key "Key[1ac78357fd0e41cab59dd5cbe902b06b; Algo: ECDSA_Secp256r1; Provider: SUN]"...
11350 [pool-1-thread-1 @coroutine#772] DEBUG id.walt.services.keystore.SqlKeyStoreService - Loading key "1ac78357fd0e41cab59dd5cbe902b06b"...
11351 [pool-1-thread-1 @coroutine#772] DEBUG id.walt.services.keystore.SqlKeyStoreService - Loading key "1ac78357fd0e41cab59dd5cbe902b06b"...
11351 [pool-1-thread-1 @coroutine#772] DEBUG id.walt.model.DidUrl - Trying to create DidUrl from URL: "did:jwk:eyJrdHkiOiJFQyIsInVzZSI6InNpZyIsImNydiI6IlAtMjU2Iiwia2lkIjoiMWFjNzgzNTdmZDBlNDFjYWI1OWRkNWNiZTkwMmIwNmIiLCJ4IjoiR21qb1lpalc0Vy1VUi1FenI5VUZmalVRR05ldzZsaFE3TzY4TXhYSGJ3byIsInkiOiI4VUFSRUtmQzFpNDhobE53TzRyUXRTOFhxZkROVlhZaUw5UnVKV04wdXVFIiwiYWxnIjoiRVMyNTYifQ"...
11352 [pool-1-thread-1 @coroutine#772] DEBUG id.walt.services.keystore.SqlKeyStoreService - Loading key "1ac78357fd0e41cab59dd5cbe902b06b"...
11352 [pool-1-thread-1 @coroutine#772] DEBUG id.walt.services.did.DidService - A key with the id "1ac78357fd0e41cab59dd5cbe902b06b" exists.
11352 [pool-1-thread-1 @coroutine#772] DEBUG id.walt.services.keystore.SqlKeyStoreService - Adding alias "did:jwk:eyJrdHkiOiJFQyIsInVzZSI6InNpZyIsImNydiI6IlAtMjU2Iiwia2lkIjoiMWFjNzgzNTdmZDBlNDFjYWI1OWRkNWNiZTkwMmIwNmIiLCJ4IjoiR21qb1lpalc0Vy1VUi1FenI5VUZmalVRR05ldzZsaFE3TzY4TXhYSGJ3byIsInkiOiI4VUFSRUtmQzFpNDhobE53TzRyUXRTOFhxZkROVlhZaUw5UnVKV04wdXVFIiwiYWxnIjoiRVMyNTYifQ" for keyId "1ac78357fd0e41cab59dd5cbe902b06b"...
11354 [pool-1-thread-1 @coroutine#772] DEBUG id.walt.services.keystore.SqlKeyStoreService - Adding alias "did:jwk:eyJrdHkiOiJFQyIsInVzZSI6InNpZyIsImNydiI6IlAtMjU2Iiwia2lkIjoiMWFjNzgzNTdmZDBlNDFjYWI1OWRkNWNiZTkwMmIwNmIiLCJ4IjoiR21qb1lpalc0Vy1VUi1FenI5VUZmalVRR05ldzZsaFE3TzY4TXhYSGJ3byIsInkiOiI4VUFSRUtmQzFpNDhobE53TzRyUXRTOFhxZkROVlhZaUw5UnVKV04wdXVFIiwiYWxnIjoiRVMyNTYifQ#0" for keyId "1ac78357fd0e41cab59dd5cbe902b06b"...
11356 [pool-1-thread-1 @coroutine#772] DEBUG id.walt.model.DidUrl - Trying to create DidUrl from URL: "did:jwk:eyJrdHkiOiJFQyIsInVzZSI6InNpZyIsImNydiI6IlAtMjU2Iiwia2lkIjoiMWFjNzgzNTdmZDBlNDFjYWI1OWRkNWNiZTkwMmIwNmIiLCJ4IjoiR21qb1lpalc0Vy1VUi1FenI5VUZmalVRR05ldzZsaFE3TzY4TXhYSGJ3byIsInkiOiI4VUFSRUtmQzFpNDhobE53TzRyUXRTOFhxZkROVlhZaUw5UnVKV04wdXVFIiwiYWxnIjoiRVMyNTYifQ"...
11356 [pool-1-thread-1 @coroutine#772] DEBUG id.walt.model.DidUrl - Trying to create DidUrl from URL: "did:jwk:eyJrdHkiOiJFQyIsInVzZSI6InNpZyIsImNydiI6IlAtMjU2Iiwia2lkIjoiMWFjNzgzNTdmZDBlNDFjYWI1OWRkNWNiZTkwMmIwNmIiLCJ4IjoiR21qb1lpalc0Vy1VUi1FenI5VUZmalVRR05ldzZsaFE3TzY4TXhYSGJ3byIsInkiOiI4VUFSRUtmQzFpNDhobE53TzRyUXRTOFhxZkROVlhZaUw5UnVKV04wdXVFIiwiYWxnIjoiRVMyNTYifQ"...
11357 [pool-1-thread-1 @coroutine#772] DEBUG id.walt.services.hkvstore.FileSystemHKVStore - Mapping "did%3Ajwk%3AeyJrdHkiOiJFQyIsInVzZSI6InNpZyIsImNydiI6IlAtMjU2Iiwia2lkIjoiMWFjNzgzNTdmZDBlNDFjYWI1OWRkNWNiZTkwMmIwNmIiLCJ4IjoiR21qb1lpalc0Vy1VUi1FenI5VUZmalVRR05ldzZsaFE3TzY4TXhYSGJ3byIsInkiOiI4VUFSRUtmQzFpNDhobE53TzRyUXRTOFhxZkROVlhZaUw5UnVKV04wdXVFIiwiYWxnIjoiRVMyNTYifQ" to "XORMXKIE3UVXM2T7XZQGBQHHB526XL733G4MMMTMSW7AFTNNOQZ22I2YJAM455JXFLWX5RH36WJCVM52N2EAJIZQCG7D7YSQPSSZRFA"
11362 [pool-1-thread-1 @coroutine#772] DEBUG id.walt.services.hkvstore.FileSystemHKVStore - File mapping is hashed: Path was "/home/pablito/Desktop/git/waltid-tango/app/./data/did/created/did%3Ajwk%3AeyJrdHkiOiJFQyIsInVzZSI6InNpZyIsImNydiI6IlAtMjU2Iiwia2lkIjoiMWFjNzgzNTdmZDBlNDFjYWI1OWRkNWNiZTkwMmIwNmIiLCJ4IjoiR21qb1lpalc0Vy1VUi1FenI5VUZmalVRR05ldzZsaFE3TzY4TXhYSGJ3byIsInkiOiI4VUFSRUtmQzFpNDhobE53TzRyUXRTOFhxZkROVlhZaUw5UnVKV04wdXVFIiwiYWxnIjoiRVMyNTYifQ", new path is ./data/did/created/XORMXKIE3UVXM2T7XZQGBQHHB526XL733G4MMMTMSW7AFTNNOQZ22I2YJAM455JXFLWX5RH36WJCVM52N2EAJIZQCG7D7YSQPSSZRFA
11362 [pool-1-thread-1 @coroutine#772] DEBUG id.walt.model.DidUrl - Trying to create DidUrl from URL: "did:jwk:eyJrdHkiOiJFQyIsInVzZSI6InNpZyIsImNydiI6IlAtMjU2Iiwia2lkIjoiMWFjNzgzNTdmZDBlNDFjYWI1OWRkNWNiZTkwMmIwNmIiLCJ4IjoiR21qb1lpalc0Vy1VUi1FenI5VUZmalVRR05ldzZsaFE3TzY4TXhYSGJ3byIsInkiOiI4VUFSRUtmQzFpNDhobE53TzRyUXRTOFhxZkROVlhZaUw5UnVKV04wdXVFIiwiYWxnIjoiRVMyNTYifQ"...
11362 [pool-1-thread-1 @coroutine#772] DEBUG id.walt.model.DidUrl - Trying to create DidUrl from URL: "did:jwk:eyJrdHkiOiJFQyIsInVzZSI6InNpZyIsImNydiI6IlAtMjU2Iiwia2lkIjoiMWFjNzgzNTdmZDBlNDFjYWI1OWRkNWNiZTkwMmIwNmIiLCJ4IjoiR21qb1lpalc0Vy1VUi1FenI5VUZmalVRR05ldzZsaFE3TzY4TXhYSGJ3byIsInkiOiI4VUFSRUtmQzFpNDhobE53TzRyUXRTOFhxZkROVlhZaUw5UnVKV04wdXVFIiwiYWxnIjoiRVMyNTYifQ"...
11363 [pool-1-thread-1 @coroutine#773] DEBUG id.walt.services.keystore.SqlKeyStoreService - Saving key "Key[11ff4ebe965b4018a3caff3c9a0ebef0; Algo: ECDSA_Secp256k1; Provider: SUN]"...
11365 [pool-1-thread-1 @coroutine#773] DEBUG id.walt.services.keystore.SqlKeyStoreService - Loading key "11ff4ebe965b4018a3caff3c9a0ebef0"...
11366 [pool-1-thread-1 @coroutine#773] DEBUG id.walt.services.keystore.SqlKeyStoreService - Loading key "11ff4ebe965b4018a3caff3c9a0ebef0"...
11366 [pool-1-thread-1 @coroutine#773] DEBUG id.walt.model.DidUrl - Trying to create DidUrl from URL: "did:jwk:eyJrdHkiOiJFQyIsInVzZSI6InNpZyIsImNydiI6InNlY3AyNTZrMSIsImtpZCI6IjExZmY0ZWJlOTY1YjQwMThhM2NhZmYzYzlhMGViZWYwIiwieCI6Imh2SU1JSzRBZ3lxWEVTYTQ1M0t6N0tEdEY3LXBNV3R2X3FEOUp4WE1CQ28iLCJ5IjoiWG5zY2RJRHpRZVU4QnJwMmpIcTRDa0tRS2dNLVNZVmNLOHJGa2NwbUNtMCIsImFsZyI6IkVTMjU2SyJ9"...
11367 [pool-1-thread-1 @coroutine#773] DEBUG id.walt.services.keystore.SqlKeyStoreService - Loading key "11ff4ebe965b4018a3caff3c9a0ebef0"...
11367 [pool-1-thread-1 @coroutine#773] DEBUG id.walt.services.did.DidService - A key with the id "11ff4ebe965b4018a3caff3c9a0ebef0" exists.
11367 [pool-1-thread-1 @coroutine#773] DEBUG id.walt.services.keystore.SqlKeyStoreService - Adding alias "did:jwk:eyJrdHkiOiJFQyIsInVzZSI6InNpZyIsImNydiI6InNlY3AyNTZrMSIsImtpZCI6IjExZmY0ZWJlOTY1YjQwMThhM2NhZmYzYzlhMGViZWYwIiwieCI6Imh2SU1JSzRBZ3lxWEVTYTQ1M0t6N0tEdEY3LXBNV3R2X3FEOUp4WE1CQ28iLCJ5IjoiWG5zY2RJRHpRZVU4QnJwMmpIcTRDa0tRS2dNLVNZVmNLOHJGa2NwbUNtMCIsImFsZyI6IkVTMjU2SyJ9" for keyId "11ff4ebe965b4018a3caff3c9a0ebef0"...
11369 [pool-1-thread-1 @coroutine#773] DEBUG id.walt.services.keystore.SqlKeyStoreService - Adding alias "did:jwk:eyJrdHkiOiJFQyIsInVzZSI6InNpZyIsImNydiI6InNlY3AyNTZrMSIsImtpZCI6IjExZmY0ZWJlOTY1YjQwMThhM2NhZmYzYzlhMGViZWYwIiwieCI6Imh2SU1JSzRBZ3lxWEVTYTQ1M0t6N0tEdEY3LXBNV3R2X3FEOUp4WE1CQ28iLCJ5IjoiWG5zY2RJRHpRZVU4QnJwMmpIcTRDa0tRS2dNLVNZVmNLOHJGa2NwbUNtMCIsImFsZyI6IkVTMjU2SyJ9#0" for keyId "11ff4ebe965b4018a3caff3c9a0ebef0"...
11371 [pool-1-thread-1 @coroutine#773] DEBUG id.walt.model.DidUrl - Trying to create DidUrl from URL: "did:jwk:eyJrdHkiOiJFQyIsInVzZSI6InNpZyIsImNydiI6InNlY3AyNTZrMSIsImtpZCI6IjExZmY0ZWJlOTY1YjQwMThhM2NhZmYzYzlhMGViZWYwIiwieCI6Imh2SU1JSzRBZ3lxWEVTYTQ1M0t6N0tEdEY3LXBNV3R2X3FEOUp4WE1CQ28iLCJ5IjoiWG5zY2RJRHpRZVU4QnJwMmpIcTRDa0tRS2dNLVNZVmNLOHJGa2NwbUNtMCIsImFsZyI6IkVTMjU2SyJ9"...
11371 [pool-1-thread-1 @coroutine#773] DEBUG id.walt.model.DidUrl - Trying to create DidUrl from URL: "did:jwk:eyJrdHkiOiJFQyIsInVzZSI6InNpZyIsImNydiI6InNlY3AyNTZrMSIsImtpZCI6IjExZmY0ZWJlOTY1YjQwMThhM2NhZmYzYzlhMGViZWYwIiwieCI6Imh2SU1JSzRBZ3lxWEVTYTQ1M0t6N0tEdEY3LXBNV3R2X3FEOUp4WE1CQ28iLCJ5IjoiWG5zY2RJRHpRZVU4QnJwMmpIcTRDa0tRS2dNLVNZVmNLOHJGa2NwbUNtMCIsImFsZyI6IkVTMjU2SyJ9"...
11372 [pool-1-thread-1 @coroutine#773] DEBUG id.walt.services.hkvstore.FileSystemHKVStore - Mapping "did%3Ajwk%3AeyJrdHkiOiJFQyIsInVzZSI6InNpZyIsImNydiI6InNlY3AyNTZrMSIsImtpZCI6IjExZmY0ZWJlOTY1YjQwMThhM2NhZmYzYzlhMGViZWYwIiwieCI6Imh2SU1JSzRBZ3lxWEVTYTQ1M0t6N0tEdEY3LXBNV3R2X3FEOUp4WE1CQ28iLCJ5IjoiWG5zY2RJRHpRZVU4QnJwMmpIcTRDa0tRS2dNLVNZVmNLOHJGa2NwbUNtMCIsImFsZyI6IkVTMjU2SyJ9" to "GUF3VH27VXY2NC5NZEDXWA2QPH5TEL2ENNR4TMP4CSAG5C53GFGMVW2UUZ6AXT6PZ43OO4NYNZBSHGKZENFDMIBUG4VEMOEMXAJVTIA"
11376 [pool-1-thread-1 @coroutine#773] DEBUG id.walt.services.hkvstore.FileSystemHKVStore - File mapping is hashed: Path was "/home/pablito/Desktop/git/waltid-tango/app/./data/did/created/did%3Ajwk%3AeyJrdHkiOiJFQyIsInVzZSI6InNpZyIsImNydiI6InNlY3AyNTZrMSIsImtpZCI6IjExZmY0ZWJlOTY1YjQwMThhM2NhZmYzYzlhMGViZWYwIiwieCI6Imh2SU1JSzRBZ3lxWEVTYTQ1M0t6N0tEdEY3LXBNV3R2X3FEOUp4WE1CQ28iLCJ5IjoiWG5zY2RJRHpRZVU4QnJwMmpIcTRDa0tRS2dNLVNZVmNLOHJGa2NwbUNtMCIsImFsZyI6IkVTMjU2SyJ9", new path is ./data/did/created/GUF3VH27VXY2NC5NZEDXWA2QPH5TEL2ENNR4TMP4CSAG5C53GFGMVW2UUZ6AXT6PZ43OO4NYNZBSHGKZENFDMIBUG4VEMOEMXAJVTIA
11377 [pool-1-thread-1 @coroutine#773] DEBUG id.walt.model.DidUrl - Trying to create DidUrl from URL: "did:jwk:eyJrdHkiOiJFQyIsInVzZSI6InNpZyIsImNydiI6InNlY3AyNTZrMSIsImtpZCI6IjExZmY0ZWJlOTY1YjQwMThhM2NhZmYzYzlhMGViZWYwIiwieCI6Imh2SU1JSzRBZ3lxWEVTYTQ1M0t6N0tEdEY3LXBNV3R2X3FEOUp4WE1CQ28iLCJ5IjoiWG5zY2RJRHpRZVU4QnJwMmpIcTRDa0tRS2dNLVNZVmNLOHJGa2NwbUNtMCIsImFsZyI6IkVTMjU2SyJ9"...
11377 [pool-1-thread-1 @coroutine#773] DEBUG id.walt.model.DidUrl - Trying to create DidUrl from URL: "did:jwk:eyJrdHkiOiJFQyIsInVzZSI6InNpZyIsImNydiI6InNlY3AyNTZrMSIsImtpZCI6IjExZmY0ZWJlOTY1YjQwMThhM2NhZmYzYzlhMGViZWYwIiwieCI6Imh2SU1JSzRBZ3lxWEVTYTQ1M0t6N0tEdEY3LXBNV3R2X3FEOUp4WE1CQ28iLCJ5IjoiWG5zY2RJRHpRZVU4QnJwMmpIcTRDa0tRS2dNLVNZVmNLOHJGa2NwbUNtMCIsImFsZyI6IkVTMjU2SyJ9"...
11543 [pool-1-thread-1 @coroutine#774] DEBUG id.walt.services.keystore.SqlKeyStoreService - Saving key "Key[9534455c308f485da476ae7865e31efe; Algo: RSA; Provider: SUN]"...
11545 [pool-1-thread-1 @coroutine#774] DEBUG id.walt.services.keystore.SqlKeyStoreService - Loading key "9534455c308f485da476ae7865e31efe"...
11545 [pool-1-thread-1 @coroutine#774] DEBUG id.walt.services.keystore.SqlKeyStoreService - Loading key "9534455c308f485da476ae7865e31efe"...
11545 [pool-1-thread-1 @coroutine#774] DEBUG id.walt.model.DidUrl - Trying to create DidUrl from URL: "did:jwk:eyJrdHkiOiJSU0EiLCJlIjoiQVFBQiIsInVzZSI6InNpZyIsImtpZCI6Ijk1MzQ0NTVjMzA4ZjQ4NWRhNDc2YWU3ODY1ZTMxZWZlIiwiYWxnIjoiUlMyNTYiLCJuIjoiaVd1ZS1RZFZheno4RGtoeUZ2MVYtMWp6WlpoUFppMG92cXJnVjNsd0Q0Ti1lYnVmeGU0b0kxdkVyUmZsV0Vxd1BfYjVjLWxhTWNNcWlQSUc3UHdIR0JRT3dCczVmbVlXY0E0cWtXNmpDejd5OS1YYXVwUS1jVVgtdmF1QWVES1QyVDNVaVc3MU1oU3dUS0NxWXNyS004Ull5dFA4WDlXcFN6SzhpRlJNZ2tDZF9zR3J6WWRvRjVQUDJXcExNTmlGNmdrMXJfVjFvVm9DQWZpbnlIb3NkRWJiX29ZcWwxQjRjamh6ZS1idHVXdWNEbVpWd2t1dDNjeHN3NVFGOE5GNXJnLWZQaGUzTnlwTU5MVnNaaWYzV3pkR2pxVkxhd0QxWG5CX1R3OEl6eTcycUxBMlJtdHlkNlBwejh4QkU5ZE5XdjkyVFZqWVg3T0lTMXRJZjhvS1p3In0"...
11546 [pool-1-thread-1 @coroutine#774] DEBUG id.walt.services.keystore.SqlKeyStoreService - Loading key "9534455c308f485da476ae7865e31efe"...
11547 [pool-1-thread-1 @coroutine#774] DEBUG id.walt.services.did.DidService - A key with the id "9534455c308f485da476ae7865e31efe" exists.
11547 [pool-1-thread-1 @coroutine#774] DEBUG id.walt.services.keystore.SqlKeyStoreService - Adding alias "did:jwk:eyJrdHkiOiJSU0EiLCJlIjoiQVFBQiIsInVzZSI6InNpZyIsImtpZCI6Ijk1MzQ0NTVjMzA4ZjQ4NWRhNDc2YWU3ODY1ZTMxZWZlIiwiYWxnIjoiUlMyNTYiLCJuIjoiaVd1ZS1RZFZheno4RGtoeUZ2MVYtMWp6WlpoUFppMG92cXJnVjNsd0Q0Ti1lYnVmeGU0b0kxdkVyUmZsV0Vxd1BfYjVjLWxhTWNNcWlQSUc3UHdIR0JRT3dCczVmbVlXY0E0cWtXNmpDejd5OS1YYXVwUS1jVVgtdmF1QWVES1QyVDNVaVc3MU1oU3dUS0NxWXNyS004Ull5dFA4WDlXcFN6SzhpRlJNZ2tDZF9zR3J6WWRvRjVQUDJXcExNTmlGNmdrMXJfVjFvVm9DQWZpbnlIb3NkRWJiX29ZcWwxQjRjamh6ZS1idHVXdWNEbVpWd2t1dDNjeHN3NVFGOE5GNXJnLWZQaGUzTnlwTU5MVnNaaWYzV3pkR2pxVkxhd0QxWG5CX1R3OEl6eTcycUxBMlJtdHlkNlBwejh4QkU5ZE5XdjkyVFZqWVg3T0lTMXRJZjhvS1p3In0" for keyId "9534455c308f485da476ae7865e31efe"...
11549 [pool-1-thread-1 @coroutine#774] DEBUG id.walt.services.keystore.SqlKeyStoreService - Adding alias "did:jwk:eyJrdHkiOiJSU0EiLCJlIjoiQVFBQiIsInVzZSI6InNpZyIsImtpZCI6Ijk1MzQ0NTVjMzA4ZjQ4NWRhNDc2YWU3ODY1ZTMxZWZlIiwiYWxnIjoiUlMyNTYiLCJuIjoiaVd1ZS1RZFZheno4RGtoeUZ2MVYtMWp6WlpoUFppMG92cXJnVjNsd0Q0Ti1lYnVmeGU0b0kxdkVyUmZsV0Vxd1BfYjVjLWxhTWNNcWlQSUc3UHdIR0JRT3dCczVmbVlXY0E0cWtXNmpDejd5OS1YYXVwUS1jVVgtdmF1QWVES1QyVDNVaVc3MU1oU3dUS0NxWXNyS004Ull5dFA4WDlXcFN6SzhpRlJNZ2tDZF9zR3J6WWRvRjVQUDJXcExNTmlGNmdrMXJfVjFvVm9DQWZpbnlIb3NkRWJiX29ZcWwxQjRjamh6ZS1idHVXdWNEbVpWd2t1dDNjeHN3NVFGOE5GNXJnLWZQaGUzTnlwTU5MVnNaaWYzV3pkR2pxVkxhd0QxWG5CX1R3OEl6eTcycUxBMlJtdHlkNlBwejh4QkU5ZE5XdjkyVFZqWVg3T0lTMXRJZjhvS1p3In0#0" for keyId "9534455c308f485da476ae7865e31efe"...
11550 [pool-1-thread-1 @coroutine#774] DEBUG id.walt.model.DidUrl - Trying to create DidUrl from URL: "did:jwk:eyJrdHkiOiJSU0EiLCJlIjoiQVFBQiIsInVzZSI6InNpZyIsImtpZCI6Ijk1MzQ0NTVjMzA4ZjQ4NWRhNDc2YWU3ODY1ZTMxZWZlIiwiYWxnIjoiUlMyNTYiLCJuIjoiaVd1ZS1RZFZheno4RGtoeUZ2MVYtMWp6WlpoUFppMG92cXJnVjNsd0Q0Ti1lYnVmeGU0b0kxdkVyUmZsV0Vxd1BfYjVjLWxhTWNNcWlQSUc3UHdIR0JRT3dCczVmbVlXY0E0cWtXNmpDejd5OS1YYXVwUS1jVVgtdmF1QWVES1QyVDNVaVc3MU1oU3dUS0NxWXNyS004Ull5dFA4WDlXcFN6SzhpRlJNZ2tDZF9zR3J6WWRvRjVQUDJXcExNTmlGNmdrMXJfVjFvVm9DQWZpbnlIb3NkRWJiX29ZcWwxQjRjamh6ZS1idHVXdWNEbVpWd2t1dDNjeHN3NVFGOE5GNXJnLWZQaGUzTnlwTU5MVnNaaWYzV3pkR2pxVkxhd0QxWG5CX1R3OEl6eTcycUxBMlJtdHlkNlBwejh4QkU5ZE5XdjkyVFZqWVg3T0lTMXRJZjhvS1p3In0"...
11550 [pool-1-thread-1 @coroutine#774] DEBUG id.walt.model.DidUrl - Trying to create DidUrl from URL: "did:jwk:eyJrdHkiOiJSU0EiLCJlIjoiQVFBQiIsInVzZSI6InNpZyIsImtpZCI6Ijk1MzQ0NTVjMzA4ZjQ4NWRhNDc2YWU3ODY1ZTMxZWZlIiwiYWxnIjoiUlMyNTYiLCJuIjoiaVd1ZS1RZFZheno4RGtoeUZ2MVYtMWp6WlpoUFppMG92cXJnVjNsd0Q0Ti1lYnVmeGU0b0kxdkVyUmZsV0Vxd1BfYjVjLWxhTWNNcWlQSUc3UHdIR0JRT3dCczVmbVlXY0E0cWtXNmpDejd5OS1YYXVwUS1jVVgtdmF1QWVES1QyVDNVaVc3MU1oU3dUS0NxWXNyS004Ull5dFA4WDlXcFN6SzhpRlJNZ2tDZF9zR3J6WWRvRjVQUDJXcExNTmlGNmdrMXJfVjFvVm9DQWZpbnlIb3NkRWJiX29ZcWwxQjRjamh6ZS1idHVXdWNEbVpWd2t1dDNjeHN3NVFGOE5GNXJnLWZQaGUzTnlwTU5MVnNaaWYzV3pkR2pxVkxhd0QxWG5CX1R3OEl6eTcycUxBMlJtdHlkNlBwejh4QkU5ZE5XdjkyVFZqWVg3T0lTMXRJZjhvS1p3In0"...
11551 [pool-1-thread-1 @coroutine#774] DEBUG id.walt.services.hkvstore.FileSystemHKVStore - Mapping "did%3Ajwk%3AeyJrdHkiOiJSU0EiLCJlIjoiQVFBQiIsInVzZSI6InNpZyIsImtpZCI6Ijk1MzQ0NTVjMzA4ZjQ4NWRhNDc2YWU3ODY1ZTMxZWZlIiwiYWxnIjoiUlMyNTYiLCJuIjoiaVd1ZS1RZFZheno4RGtoeUZ2MVYtMWp6WlpoUFppMG92cXJnVjNsd0Q0Ti1lYnVmeGU0b0kxdkVyUmZsV0Vxd1BfYjVjLWxhTWNNcWlQSUc3UHdIR0JRT3dCczVmbVlXY0E0cWtXNmpDejd5OS1YYXVwUS1jVVgtdmF1QWVES1QyVDNVaVc3MU1oU3dUS0NxWXNyS004Ull5dFA4WDlXcFN6SzhpRlJNZ2tDZF9zR3J6WWRvRjVQUDJXcExNTmlGNmdrMXJfVjFvVm9DQWZpbnlIb3NkRWJiX29ZcWwxQjRjamh6ZS1idHVXdWNEbVpWd2t1dDNjeHN3NVFGOE5GNXJnLWZQaGUzTnlwTU5MVnNaaWYzV3pkR2pxVkxhd0QxWG5CX1R3OEl6eTcycUxBMlJtdHlkNlBwejh4QkU5ZE5XdjkyVFZqWVg3T0lTMXRJZjhvS1p3In0" to "6EWCW7PN2CBHL4I7KOUAYNDSUNPHHYUOL7GJVXUYQKBWUOAFVTJPPBLV7RDGRZGJ6RAMR2HOMAMP4FDFE4JPIXH3S3XJHZX4BJ7ENIQ"
11554 [pool-1-thread-1 @coroutine#774] DEBUG id.walt.services.hkvstore.FileSystemHKVStore - File mapping is hashed: Path was "/home/pablito/Desktop/git/waltid-tango/app/./data/did/created/did%3Ajwk%3AeyJrdHkiOiJSU0EiLCJlIjoiQVFBQiIsInVzZSI6InNpZyIsImtpZCI6Ijk1MzQ0NTVjMzA4ZjQ4NWRhNDc2YWU3ODY1ZTMxZWZlIiwiYWxnIjoiUlMyNTYiLCJuIjoiaVd1ZS1RZFZheno4RGtoeUZ2MVYtMWp6WlpoUFppMG92cXJnVjNsd0Q0Ti1lYnVmeGU0b0kxdkVyUmZsV0Vxd1BfYjVjLWxhTWNNcWlQSUc3UHdIR0JRT3dCczVmbVlXY0E0cWtXNmpDejd5OS1YYXVwUS1jVVgtdmF1QWVES1QyVDNVaVc3MU1oU3dUS0NxWXNyS004Ull5dFA4WDlXcFN6SzhpRlJNZ2tDZF9zR3J6WWRvRjVQUDJXcExNTmlGNmdrMXJfVjFvVm9DQWZpbnlIb3NkRWJiX29ZcWwxQjRjamh6ZS1idHVXdWNEbVpWd2t1dDNjeHN3NVFGOE5GNXJnLWZQaGUzTnlwTU5MVnNaaWYzV3pkR2pxVkxhd0QxWG5CX1R3OEl6eTcycUxBMlJtdHlkNlBwejh4QkU5ZE5XdjkyVFZqWVg3T0lTMXRJZjhvS1p3In0", new path is ./data/did/created/6EWCW7PN2CBHL4I7KOUAYNDSUNPHHYUOL7GJVXUYQKBWUOAFVTJPPBLV7RDGRZGJ6RAMR2HOMAMP4FDFE4JPIXH3S3XJHZX4BJ7ENIQ
11554 [pool-1-thread-1 @coroutine#774] DEBUG id.walt.model.DidUrl - Trying to create DidUrl from URL: "did:jwk:eyJrdHkiOiJSU0EiLCJlIjoiQVFBQiIsInVzZSI6InNpZyIsImtpZCI6Ijk1MzQ0NTVjMzA4ZjQ4NWRhNDc2YWU3ODY1ZTMxZWZlIiwiYWxnIjoiUlMyNTYiLCJuIjoiaVd1ZS1RZFZheno4RGtoeUZ2MVYtMWp6WlpoUFppMG92cXJnVjNsd0Q0Ti1lYnVmeGU0b0kxdkVyUmZsV0Vxd1BfYjVjLWxhTWNNcWlQSUc3UHdIR0JRT3dCczVmbVlXY0E0cWtXNmpDejd5OS1YYXVwUS1jVVgtdmF1QWVES1QyVDNVaVc3MU1oU3dUS0NxWXNyS004Ull5dFA4WDlXcFN6SzhpRlJNZ2tDZF9zR3J6WWRvRjVQUDJXcExNTmlGNmdrMXJfVjFvVm9DQWZpbnlIb3NkRWJiX29ZcWwxQjRjamh6ZS1idHVXdWNEbVpWd2t1dDNjeHN3NVFGOE5GNXJnLWZQaGUzTnlwTU5MVnNaaWYzV3pkR2pxVkxhd0QxWG5CX1R3OEl6eTcycUxBMlJtdHlkNlBwejh4QkU5ZE5XdjkyVFZqWVg3T0lTMXRJZjhvS1p3In0"...
11554 [pool-1-thread-1 @coroutine#774] DEBUG id.walt.model.DidUrl - Trying to create DidUrl from URL: "did:jwk:eyJrdHkiOiJSU0EiLCJlIjoiQVFBQiIsInVzZSI6InNpZyIsImtpZCI6Ijk1MzQ0NTVjMzA4ZjQ4NWRhNDc2YWU3ODY1ZTMxZWZlIiwiYWxnIjoiUlMyNTYiLCJuIjoiaVd1ZS1RZFZheno4RGtoeUZ2MVYtMWp6WlpoUFppMG92cXJnVjNsd0Q0Ti1lYnVmeGU0b0kxdkVyUmZsV0Vxd1BfYjVjLWxhTWNNcWlQSUc3UHdIR0JRT3dCczVmbVlXY0E0cWtXNmpDejd5OS1YYXVwUS1jVVgtdmF1QWVES1QyVDNVaVc3MU1oU3dUS0NxWXNyS004Ull5dFA4WDlXcFN6SzhpRlJNZ2tDZF9zR3J6WWRvRjVQUDJXcExNTmlGNmdrMXJfVjFvVm9DQWZpbnlIb3NkRWJiX29ZcWwxQjRjamh6ZS1idHVXdWNEbVpWd2t1dDNjeHN3NVFGOE5GNXJnLWZQaGUzTnlwTU5MVnNaaWYzV3pkR2pxVkxhd0QxWG5CX1R3OEl6eTcycUxBMlJtdHlkNlBwejh4QkU5ZE5XdjkyVFZqWVg3T0lTMXRJZjhvS1p3In0"...
]]></system-err>
</testsuite>
