<?xml version="1.0" encoding="UTF-8"?>
<testsuite name="id.walt.signatory.SimpleCredentialStatus2022StorageServiceTest" tests="1" skipped="0" failures="0" errors="0" timestamp="2024-09-12T09:39:50" hostname="pablito-B550-AORUS-ELITE-V2" time="0.002">
  <properties/>
  <testcase name="test" classname="id.walt.signatory.SimpleCredentialStatus2022StorageServiceTest" time="0.002"/>
  <system-out><![CDATA[New base token: d4a55ec6-2d27-4d9c-adf6-9888a8c51a96006c96ef-8d58-4650-bc55-ba250e1c82d1
Revocation token derived from base token: FHBMEIID42EQUQHC5X76MY77J6ZMMMIVHY43WXE5QVYHMRMI5MCA
Check revoked with derived token: FHBMEIID42EQUQHC5X76MY77J6ZMMMIVHY43WXE5QVYHMRMI5MCA
Revoke with base token: d4a55ec6-2d27-4d9c-adf6-9888a8c51a96006c96ef-8d58-4650-bc55-ba250e1c82d1
Check revoked with derived token: FHBMEIID42EQUQHC5X76MY77J6ZMMMIVHY43WXE5QVYHMRMI5MCA
]]></system-out>
  <system-err><![CDATA[]]></system-err>
</testsuite>
