<?xml version="1.0" encoding="UTF-8"?>
<testsuite name="id.walt.services.ReadmeTest" tests="1" skipped="0" failures="0" errors="0" timestamp="2024-09-12T09:39:45" hostname="pablito-B550-AORUS-ELITE-V2" time="0.475">
  <properties/>
  <testcase name="Check README.md example code" classname="id.walt.services.ReadmeTest" time="0.475"/>
  <system-out><![CDATA[JSON verification result: {SignaturePolicy=failed: #1: IllegalArgumentException - Could not load key: z6Mks8EGD7zpR1ui3BVPnkBHwa1iAmkDzgU3XjChwpWzSrUV, JsonSchemaPolicy=passed}
JWT verification result:  {SignaturePolicy=passed, JsonSchemaPolicy=passed}
]]></system-out>
  <system-err><![CDATA[10534 [Test worker @coroutine#40] DEBUG io.mockk.impl.instantiation.JvmStaticMockFactory - Creating object mockk for SchemaValidatorFactory
10587 [Test worker @coroutine#40] DEBUG io.mockk.impl.stub.CommonClearer - Clearing [SchemaValidatorFactory(object SchemaValidatorFactory)] mocks ClearOptions(answers=true, recordedCalls=true, childMocks=true, verificationMarks=true, exclusionRules=true)
10692 [Test worker @coroutine#40] DEBUG io.mockk.impl.instantiation.AbstractMockFactory - Creating mockk for SchemaValidator name=child of object SchemaValidatorFactory#10
10702 [pool-1-thread-1 @coroutine#756] DEBUG id.walt.services.keystore.SqlKeyStoreService - Saving key "Key[a5d70b306072448a988274531a7c0f33; Algo: EdDSA_Ed25519; Provider: SUN]"...
10811 [pool-1-thread-1 @coroutine#756] DEBUG id.walt.services.keystore.SqlKeyStoreService - Loading key "a5d70b306072448a988274531a7c0f33"...
10811 [pool-1-thread-1 @coroutine#756] DEBUG id.walt.services.keystore.SqlKeyStoreService - Loading key "a5d70b306072448a988274531a7c0f33"...
10811 [pool-1-thread-1 @coroutine#756] DEBUG id.walt.services.did.composers.DidDocumentComposerBase - Verification method JWK for kid: {"kty":"OKP","use":"sig","crv":"Ed25519","kid":"a5d70b306072448a988274531a7c0f33","x":"leiVguWnea22eS5oRVhgUbHBImUYXjvIRlF0tkpK9lc","alg":"EdDSA"}
10811 [pool-1-thread-1 @coroutine#756] DEBUG id.walt.services.did.composers.DidDocumentComposerBase - Verification method public JWK: {"kty":"OKP","use":"sig","crv":"Ed25519","kid":"a5d70b306072448a988274531a7c0f33","x":"leiVguWnea22eS5oRVhgUbHBImUYXjvIRlF0tkpK9lc","alg":"EdDSA"}
10812 [pool-1-thread-1 @coroutine#756] DEBUG id.walt.services.did.composers.DidDocumentComposerBase - Verification method parsed public JWK: Jwk(kid=a5d70b306072448a988274531a7c0f33, kty=OKP, alg=EdDSA, crv=Ed25519, use=sig, x=leiVguWnea22eS5oRVhgUbHBImUYXjvIRlF0tkpK9lc, y=null, d=null, n=null, e=null, x5u=null)
10813 [pool-1-thread-1 @coroutine#756] DEBUG id.walt.services.keystore.SqlKeyStoreService - Loading key "a5d70b306072448a988274531a7c0f33"...
10813 [pool-1-thread-1 @coroutine#756] DEBUG id.walt.services.did.DidService - A key with the id "a5d70b306072448a988274531a7c0f33" exists.
10813 [pool-1-thread-1 @coroutine#756] DEBUG id.walt.services.keystore.SqlKeyStoreService - Adding alias "did:ebsi:zrcAhdWaxGh8Ljwp72cMKPG" for keyId "a5d70b306072448a988274531a7c0f33"...
10816 [pool-1-thread-1 @coroutine#756] DEBUG id.walt.services.keystore.SqlKeyStoreService - Adding alias "did:ebsi:zrcAhdWaxGh8Ljwp72cMKPG#a5d70b306072448a988274531a7c0f33" for keyId "a5d70b306072448a988274531a7c0f33"...
10818 [pool-1-thread-1 @coroutine#756] DEBUG id.walt.model.DidUrl - Trying to create DidUrl from URL: "did:ebsi:zrcAhdWaxGh8Ljwp72cMKPG"...
10818 [pool-1-thread-1 @coroutine#756] DEBUG id.walt.model.DidUrl - Trying to create DidUrl from URL: "did:ebsi:zrcAhdWaxGh8Ljwp72cMKPG"...
10819 [pool-1-thread-1 @coroutine#756] DEBUG id.walt.services.keystore.SqlKeyStoreService - Saving key "Key[e019f6f7093a4fe1b94963a587726990; Algo: EdDSA_Ed25519; Provider: SUN]"...
10821 [pool-1-thread-1 @coroutine#756] DEBUG id.walt.services.keystore.SqlKeyStoreService - Loading key "e019f6f7093a4fe1b94963a587726990"...
10822 [pool-1-thread-1 @coroutine#756] DEBUG id.walt.model.DidUrl - Trying to create DidUrl from URL: "did:key:z6Mks8EGD7zpR1ui3BVPnkBHwa1iAmkDzgU3XjChwpWzSrUV"...
10823 [pool-1-thread-1 @coroutine#756] DEBUG id.walt.services.keystore.SqlKeyStoreService - Loading key "e019f6f7093a4fe1b94963a587726990"...
10823 [pool-1-thread-1 @coroutine#756] DEBUG id.walt.services.did.DidService - A key with the id "e019f6f7093a4fe1b94963a587726990" exists.
10823 [pool-1-thread-1 @coroutine#756] DEBUG id.walt.services.keystore.SqlKeyStoreService - Adding alias "did:key:z6Mks8EGD7zpR1ui3BVPnkBHwa1iAmkDzgU3XjChwpWzSrUV" for keyId "e019f6f7093a4fe1b94963a587726990"...
10825 [pool-1-thread-1 @coroutine#756] DEBUG id.walt.services.keystore.SqlKeyStoreService - Adding alias "did:key:z6Mks8EGD7zpR1ui3BVPnkBHwa1iAmkDzgU3XjChwpWzSrUV#z6Mks8EGD7zpR1ui3BVPnkBHwa1iAmkDzgU3XjChwpWzSrUV" for keyId "e019f6f7093a4fe1b94963a587726990"...
10827 [pool-1-thread-1 @coroutine#756] DEBUG id.walt.services.keystore.SqlKeyStoreService - Adding alias "did:key:z6Mks8EGD7zpR1ui3BVPnkBHwa1iAmkDzgU3XjChwpWzSrUV#z6LShr12i1LRpY1vWV7A2TkysUhgYckZ2gd9abUe13iAoZft" for keyId "e019f6f7093a4fe1b94963a587726990"...
10829 [pool-1-thread-1 @coroutine#756] DEBUG id.walt.model.DidUrl - Trying to create DidUrl from URL: "did:key:z6Mks8EGD7zpR1ui3BVPnkBHwa1iAmkDzgU3XjChwpWzSrUV"...
10829 [pool-1-thread-1 @coroutine#756] DEBUG id.walt.model.DidUrl - Trying to create DidUrl from URL: "did:key:z6Mks8EGD7zpR1ui3BVPnkBHwa1iAmkDzgU3XjChwpWzSrUV"...
10829 [pool-1-thread-1 @coroutine#756] DEBUG id.walt.model.DidUrl - Trying to create DidUrl from URL: "did:ebsi:zrcAhdWaxGh8Ljwp72cMKPG"...
10829 [pool-1-thread-1 @coroutine#756] DEBUG id.walt.model.DidUrl - Trying to create DidUrl from URL: "did:ebsi:zrcAhdWaxGh8Ljwp72cMKPG"...
10829 [pool-1-thread-1 @coroutine#756] DEBUG id.walt.signatory.WaltIdSignatory - Signing credential with proof using LD_PROOF...
10829 [pool-1-thread-1 @coroutine#756] DEBUG id.walt.signatory.WaltIdSignatory - Signing credential with proof using LD_PROOF, credential is: {"type":["VerifiableCredential","VerifiableAttestation","VerifiableId"],"@context":["https://www.w3.org/2018/credentials/v1"],"id":"urn:uuid:124f021c-f774-4374-9086-c7bf447e5bb2","issuer":"did:ebsi:zrcAhdWaxGh8Ljwp72cMKPG","issuanceDate":"2024-09-12T09:39:46Z","issued":"2024-09-12T09:39:46Z","validFrom":"2024-09-12T09:39:46Z","credentialSchema":{"id":"https://raw.githubusercontent.com/walt-id/waltid-ssikit-vclib/master/src/test/resources/schemas/VerifiableId.json","type":"FullJsonSchemaValidator2021"},"credentialSubject":{"id":"did:key:z6Mks8EGD7zpR1ui3BVPnkBHwa1iAmkDzgU3XjChwpWzSrUV","currentAddress":["1 Boulevard de la Liberté, 59800 Lille"],"dateOfBirth":"1993-04-08","familyName":"DOE","firstName":"Jane","gender":"FEMALE","nameAndFamilyNameAtBirth":"Jane DOE","personalIdentifier":"0904008084H","placeOfBirth":"LILLE, FRANCE"},"evidence":[{"documentPresence":["Physical"],"evidenceDocument":["Passport"],"subjectPresence":"Physical","type":["DocumentVerification"],"verifier":"did:ebsi:2A9BZ9SUe6BatacSpvs1V5CdjHvLpQ7bEsi2Jb6LdHKnQxaN"}]}
10830 [pool-1-thread-1 @coroutine#756] DEBUG id.walt.services.vc.WaltIdJsonLdCredentialService - Signing jsonLd object with: issuerDid (did:ebsi:zrcAhdWaxGh8Ljwp72cMKPG), domain (null), nonce (null
10830 [pool-1-thread-1 @coroutine#756] DEBUG id.walt.services.keystore.SqlKeyStoreService - Loading key "did:ebsi:zrcAhdWaxGh8Ljwp72cMKPG#a5d70b306072448a988274531a7c0f33"...
10830 [pool-1-thread-1 @coroutine#756] DEBUG id.walt.services.vc.WaltIdJsonLdCredentialService - Signing: {"type":["VerifiableCredential","VerifiableAttestation","VerifiableId"],"@context":["https://www.w3.org/2018/credentials/v1"],"id":"urn:uuid:124f021c-f774-4374-9086-c7bf447e5bb2","issuer":"did:ebsi:zrcAhdWaxGh8Ljwp72cMKPG","issuanceDate":"2024-09-12T09:39:46Z","issued":"2024-09-12T09:39:46Z","validFrom":"2024-09-12T09:39:46Z","credentialSchema":{"id":"https://raw.githubusercontent.com/walt-id/waltid-ssikit-vclib/master/src/test/resources/schemas/VerifiableId.json","type":"FullJsonSchemaValidator2021"},"credentialSubject":{"id":"did:key:z6Mks8EGD7zpR1ui3BVPnkBHwa1iAmkDzgU3XjChwpWzSrUV","currentAddress":["1 Boulevard de la Liberté, 59800 Lille"],"dateOfBirth":"1993-04-08","familyName":"DOE","firstName":"Jane","gender":"FEMALE","nameAndFamilyNameAtBirth":"Jane DOE","personalIdentifier":"0904008084H","placeOfBirth":"LILLE, FRANCE"},"evidence":[{"documentPresence":["Physical"],"evidenceDocument":["Passport"],"subjectPresence":"Physical","type":["DocumentVerification"],"verifier":"did:ebsi:2A9BZ9SUe6BatacSpvs1V5CdjHvLpQ7bEsi2Jb6LdHKnQxaN"}]}
10832 [pool-1-thread-1 @coroutine#756] DEBUG id.walt.services.keystore.SqlKeyStoreService - Loading key "a5d70b306072448a988274531a7c0f33"...
10833 [pool-1-thread-1 @coroutine#756] DEBUG id.walt.services.keystore.SqlKeyStoreService - Loading key "a5d70b306072448a988274531a7c0f33"...
10833 [pool-1-thread-1 @coroutine#756] DEBUG id.walt.services.keystore.SqlKeyStoreService - Loading key "a5d70b306072448a988274531a7c0f33"...
10834 [pool-1-thread-1 @coroutine#756] DEBUG id.walt.signatory.WaltIdSignatory - Signed VC is: {
  "type" : [ "VerifiableCredential", "VerifiableAttestation", "VerifiableId" ],
  "@context" : [ "https://www.w3.org/2018/credentials/v1", "https://w3id.org/security/suites/jws-2020/v1" ],
  "id" : "urn:uuid:124f021c-f774-4374-9086-c7bf447e5bb2",
  "issuer" : "did:ebsi:zrcAhdWaxGh8Ljwp72cMKPG",
  "issuanceDate" : "2024-09-12T09:39:46Z",
  "issued" : "2024-09-12T09:39:46Z",
  "validFrom" : "2024-09-12T09:39:46Z",
  "credentialSchema" : {
    "id" : "https://raw.githubusercontent.com/walt-id/waltid-ssikit-vclib/master/src/test/resources/schemas/VerifiableId.json",
    "type" : "FullJsonSchemaValidator2021"
  },
  "credentialSubject" : {
    "id" : "did:key:z6Mks8EGD7zpR1ui3BVPnkBHwa1iAmkDzgU3XjChwpWzSrUV",
    "currentAddress" : [ "1 Boulevard de la Liberté, 59800 Lille" ],
    "dateOfBirth" : "1993-04-08",
    "familyName" : "DOE",
    "firstName" : "Jane",
    "gender" : "FEMALE",
    "nameAndFamilyNameAtBirth" : "Jane DOE",
    "personalIdentifier" : "0904008084H",
    "placeOfBirth" : "LILLE, FRANCE"
  },
  "evidence" : [ {
    "documentPresence" : [ "Physical" ],
    "evidenceDocument" : [ "Passport" ],
    "subjectPresence" : "Physical",
    "type" : [ "DocumentVerification" ],
    "verifier" : "did:ebsi:2A9BZ9SUe6BatacSpvs1V5CdjHvLpQ7bEsi2Jb6LdHKnQxaN"
  } ],
  "proof" : {
    "type" : "JsonWebSignature2020",
    "creator" : "did:ebsi:zrcAhdWaxGh8Ljwp72cMKPG",
    "created" : "2024-09-12T09:39:46Z",
    "verificationMethod" : "did:ebsi:zrcAhdWaxGh8Ljwp72cMKPG#a5d70b306072448a988274531a7c0f33",
    "jws" : "eyJiNjQiOmZhbHNlLCJjcml0IjpbImI2NCJdLCJhbGciOiJFZERTQSJ9.._IbcuEjzs_FNDUWdUHBKUuOM3ABTyFZ2cduVBCv_zaz30u-lfAho4pfL9QCM0NSbd4s_RK6kafLnfMYCitBvDQ"
  }
}
10835 [pool-1-thread-1 @coroutine#756] DEBUG id.walt.model.DidUrl - Trying to create DidUrl from URL: "did:ebsi:zrcAhdWaxGh8Ljwp72cMKPG"...
10835 [pool-1-thread-1 @coroutine#756] DEBUG id.walt.model.DidUrl - Trying to create DidUrl from URL: "did:ebsi:zrcAhdWaxGh8Ljwp72cMKPG"...
10835 [pool-1-thread-1 @coroutine#756] DEBUG id.walt.signatory.WaltIdSignatory - Signing credential with proof using JWT...
10836 [pool-1-thread-1 @coroutine#756] DEBUG id.walt.signatory.WaltIdSignatory - Signing credential with proof using JWT, credential is: {"type":["VerifiableCredential","VerifiableAttestation","Europass"],"@context":["https://www.w3.org/2018/credentials/v1"],"id":"urn:uuid:98251376-9f52-471d-8d88-b83cd237b3fe","issuer":"did:ebsi:zrcAhdWaxGh8Ljwp72cMKPG","issuanceDate":"2024-09-12T09:39:46Z","issued":"2024-09-12T09:39:46Z","validFrom":"2024-09-12T09:39:46Z","credentialSchema":{"id":"https://raw.githubusercontent.com/walt-id/waltid-ssikit-vclib/master/src/test/resources/schemas/Europass.json","type":"JsonSchemaValidator2018"},"credentialSubject":{"id":"did:key:z6Mks8EGD7zpR1ui3BVPnkBHwa1iAmkDzgU3XjChwpWzSrUV","achieved":[{"entitlesTo":{"definition":"Competences the student acquires after the completion of Graduate university study are sufficient conditions for attending the programme of Postgraduate doctoral study at the Faculty of Civil Engineering, Architecture and Geodesy in Split, as well as for attending the same or similar programmes and Postgraduate specialist studies at other faculties of Civil Engineering in Croatia. The acquired learning outcomes enable the student to attend other postgraduate study programmes in the field of technical sciences. ","id":"urn:epass:entitlement:1","issuedDate":"2019-09-20","specifiedBy":{"entitlementType":"http://data.europa.eu/snb/entitlement/64aad92881","id":"urn:epass:entitlementspec:1","limitJurisdiction":["http://publications.europa.eu/resource/authority/country/HRV"],"limitOrganisation":["did:ebsi:zsSgDXeYPhZ3AuKhTFneDf1"],"status":"http://data.europa.eu/snb/entitlement-status/5b8d6b34fb","title":"Postgraduate doctoral study"},"title":"Postgraduate doctoral study"},"hasPart":{"learningAchievements":[{"id":"","identifier":[{"schemeID":"Achievement ID","value":"GAB701"}],"specifiedBy":[{"eCTSCreditPoints":5,"eqflLevel":"http://data.europa.eu/snb/eqf/4","id":"urn:epass:qualification:1","isPartialQualification":true,"maximumDuration":"P6M","nqflLevel":"http://data.europa.eu/snb/qdr/c_49672c5a","title":"Applied mathematics","volumeOfLearning":"PT60H"}],"title":"","wasAwardedBy":{"awardingBody":["did:ebsi:zsSgDXeYPhZ3AuKhTFneDf1"],"awardingDate":"2019-09-20T00:00:00+02:00","id":"urn:epass:awardingProcess:2"},"wasDerivedFrom":[{"assessedBy":["did:ebsi:zsSgDXeYPhZ3AuKhTFneDf1"],"grade":"good (3)","id":"urn:epass:asssessmentspec:2","specifiedBy":{"gradingScheme":{"definition":"The Croatian national grading scheme consists of five grades with numerical equivalents: izvrstan – 5 (outstanding); vrlo dobar – 4 (very good); dobar – 3 (good); dovoljan – 2 (sufficient); nedovoljan – 1 (insufficient - fail). The minimum passing grade is dovoljan – 2.","id":"urn:epass:scoringschemespec:2","title":"General grading scheme in Croatia"},"id":"urn:epass:asssessmentspec:2","title":"Applied mathematics"},"title":"Applied mathematics"}],"wasInfluencedBy":[{"directedBy":["did:ebsi:zsSgDXeYPhZ3AuKhTFneDf1"],"endedAtTime":"2018-01-14T00:00:00+01:00","id":"urn:epass:activity:1","identifier":[{"schemeID":"Activity ID","value":"GAB701"}],"location":["urn:epass:location:4"],"specifiedBy":{"id":"urn:epass:learningactivityspec:1","language":["http://publications.europa.eu/resource/authority/language/HRV"],"learningActivityType":["http://data.europa.eu/snb/learning-activity/fd33e234ae"],"title":"Applied mathematics","workload":"PT60H"},"startedAtTime":"2017-09-04T00:00:00+02:00","title":"Applied mathematics","workload":"PT60H"}]}]},"id":"urn:epass:learningAchievement:1","specifiedBy":[{"eCTSCreditPoints":120,"entryRequirementsNote":"The minimum educational requirement for enrolment into graduate university programmes is the completion of an undergraduate university programme. The university can allow students who have completed a professional programme to also enrol graduate university programmes, but they are allowed to set special requirements in these cases.\nThe minimum educational requirement for enrolment into specialist graduate professional programmes is the completion of an undergraduate university programme or a professional programme (first cycle).","eqflLevel":"http://data.europa.eu/snb/eqf/5","id":"urn:epass:qualification:20","isPartialQualification":false,"maximumDuration":"P21M","nqflLevel":"http://data.europa.eu/snb/qdr/c_dcc9aca1","title":"Master of Science in Civil Engineering","volumeOfLearning":"PT1440H"}],"title":"Master of Science in Civil Engineering","wasAwardedBy":{"awardingBody":["did:ebsi:zsSgDXeYPhZ3AuKhTFneDf1"],"awardingDate":"2019-09-20T00:00:00+02:00","id":"urn:epass:awardingProcess:1"},"wasDerivedFrom":[{"assessedBy":["did:ebsi:zsSgDXeYPhZ3AuKhTFneDf1"],"grade":"excellent (5)","id":"urn:epass:assessment:1","specifiedBy":{"gradingScheme":{"definition":"The Croatian national grading scheme consists of five grades with numerical equivalents: izvrstan – 5 (outstanding); vrlo dobar – 4 (very good); dobar – 3 (good); dovoljan – 2 (sufficient); nedovoljan – 1 (insufficient - fail). The minimum passing grade is dovoljan – 2.","id":"urn:epass:scoringschemespec:1","title":"General grading scheme in Croatia"},"id":"urn:epass:asssessmentspec:1","title":"Overall Diploma Assessment"},"title":"Overall Diploma Assessment"}],"wasInfluencedBy":[{"directedBy":["did:ebsi:zsSgDXeYPhZ3AuKhTFneDf1"],"endedAtTime":"2018-01-14T00:00:00+01:00","id":"urn:epass:learningAchievement:1","identifier":[{"schemeID":"Activity ID","value":"GAB701"}],"location":["urn:epass:location:4"],"specifiedBy":{"id":"urn:epass:learningactivityspec:1","language":["http://publications.europa.eu/resource/authority/language/HRV"],"learningActivityType":["http://data.europa.eu/snb/learning-activity/fd33e234ae"],"title":"Applied mathematics","workload":"PT60H"},"startedAtTime":"2017-09-04T00:00:00+02:00","title":"Master of Science in Civil Engineering","workload":"PT60H"}]}],"identifier":{"schemeID":"Student identification number","value":"99009900"}},"credentialStatus":{"id":"https://essif.europa.eu/status/education#higherEducation#51e42fda-cb0a-4333-b6a6-35cb147e1a88","type":"TrustedCredentialStatus2021"}}
10837 [pool-1-thread-1 @coroutine#756] DEBUG id.walt.services.vc.WaltIdJwtCredentialService - Signing JWT object with config: ProofConfig(issuerDid=did:ebsi:zrcAhdWaxGh8Ljwp72cMKPG, subjectDid=did:key:z6Mks8EGD7zpR1ui3BVPnkBHwa1iAmkDzgU3XjChwpWzSrUV, verifierDid=null, issuerVerificationMethod=did:ebsi:zrcAhdWaxGh8Ljwp72cMKPG#a5d70b306072448a988274531a7c0f33, proofType=JWT, domain=null, nonce=null, proofPurpose=null, credentialId=urn:uuid:98251376-9f52-471d-8d88-b83cd237b3fe, issueDate=2024-09-12T09:39:46.055407148Z, validDate=2024-09-12T09:39:46.055407949Z, expirationDate=null, dataProviderIdentifier=null, ldSignatureType=null, creator=did:ebsi:zrcAhdWaxGh8Ljwp72cMKPG, ecosystem=DEFAULT, statusType=null, statusPurpose=revocation, credentialsEndpoint=null, selectiveDisclosure=null)
10839 [pool-1-thread-1 @coroutine#756] DEBUG id.walt.services.vc.WaltIdJwtCredentialService - Signing: {"sub":"did:key:z6Mks8EGD7zpR1ui3BVPnkBHwa1iAmkDzgU3XjChwpWzSrUV","nbf":1726133986,"iss":"did:ebsi:zrcAhdWaxGh8Ljwp72cMKPG","iat":1726133986,"vc":{"type":["VerifiableCredential","VerifiableAttestation","Europass"],"@context":["https://www.w3.org/2018/credentials/v1"],"id":"urn:uuid:98251376-9f52-471d-8d88-b83cd237b3fe","issuer":"did:ebsi:zrcAhdWaxGh8Ljwp72cMKPG","issuanceDate":"2024-09-12T09:39:46Z","issued":"2024-09-12T09:39:46Z","validFrom":"2024-09-12T09:39:46Z","credentialSchema":{"id":"https://raw.githubusercontent.com/walt-id/waltid-ssikit-vclib/master/src/test/resources/schemas/Europass.json","type":"JsonSchemaValidator2018"},"credentialSubject":{"id":"did:key:z6Mks8EGD7zpR1ui3BVPnkBHwa1iAmkDzgU3XjChwpWzSrUV","achieved":[{"entitlesTo":{"definition":"Competences the student acquires after the completion of Graduate university study are sufficient conditions for attending the programme of Postgraduate doctoral study at the Faculty of Civil Engineering, Architecture and Geodesy in Split, as well as for attending the same or similar programmes and Postgraduate specialist studies at other faculties of Civil Engineering in Croatia. The acquired learning outcomes enable the student to attend other postgraduate study programmes in the field of technical sciences. ","id":"urn:epass:entitlement:1","issuedDate":"2019-09-20","specifiedBy":{"entitlementType":"http://data.europa.eu/snb/entitlement/64aad92881","id":"urn:epass:entitlementspec:1","limitJurisdiction":["http://publications.europa.eu/resource/authority/country/HRV"],"limitOrganisation":["did:ebsi:zsSgDXeYPhZ3AuKhTFneDf1"],"status":"http://data.europa.eu/snb/entitlement-status/5b8d6b34fb","title":"Postgraduate doctoral study"},"title":"Postgraduate doctoral study"},"hasPart":{"learningAchievements":[{"id":"","identifier":[{"schemeID":"Achievement ID","value":"GAB701"}],"specifiedBy":[{"eCTSCreditPoints":5,"eqflLevel":"http://data.europa.eu/snb/eqf/4","id":"urn:epass:qualification:1","isPartialQualification":true,"maximumDuration":"P6M","nqflLevel":"http://data.europa.eu/snb/qdr/c_49672c5a","title":"Applied mathematics","volumeOfLearning":"PT60H"}],"title":"","wasAwardedBy":{"awardingBody":["did:ebsi:zsSgDXeYPhZ3AuKhTFneDf1"],"awardingDate":"2019-09-20T00:00:00+02:00","id":"urn:epass:awardingProcess:2"},"wasDerivedFrom":[{"assessedBy":["did:ebsi:zsSgDXeYPhZ3AuKhTFneDf1"],"grade":"good (3)","id":"urn:epass:asssessmentspec:2","specifiedBy":{"gradingScheme":{"definition":"The Croatian national grading scheme consists of five grades with numerical equivalents: izvrstan – 5 (outstanding); vrlo dobar – 4 (very good); dobar – 3 (good); dovoljan – 2 (sufficient); nedovoljan – 1 (insufficient - fail). The minimum passing grade is dovoljan – 2.","id":"urn:epass:scoringschemespec:2","title":"General grading scheme in Croatia"},"id":"urn:epass:asssessmentspec:2","title":"Applied mathematics"},"title":"Applied mathematics"}],"wasInfluencedBy":[{"directedBy":["did:ebsi:zsSgDXeYPhZ3AuKhTFneDf1"],"endedAtTime":"2018-01-14T00:00:00+01:00","id":"urn:epass:activity:1","identifier":[{"schemeID":"Activity ID","value":"GAB701"}],"location":["urn:epass:location:4"],"specifiedBy":{"id":"urn:epass:learningactivityspec:1","language":["http://publications.europa.eu/resource/authority/language/HRV"],"learningActivityType":["http://data.europa.eu/snb/learning-activity/fd33e234ae"],"title":"Applied mathematics","workload":"PT60H"},"startedAtTime":"2017-09-04T00:00:00+02:00","title":"Applied mathematics","workload":"PT60H"}]}]},"id":"urn:epass:learningAchievement:1","specifiedBy":[{"eCTSCreditPoints":120,"entryRequirementsNote":"The minimum educational requirement for enrolment into graduate university programmes is the completion of an undergraduate university programme. The university can allow students who have completed a professional programme to also enrol graduate university programmes, but they are allowed to set special requirements in these cases.\nThe minimum educational requirement for enrolment into specialist graduate professional programmes is the completion of an undergraduate university programme or a professional programme (first cycle).","eqflLevel":"http://data.europa.eu/snb/eqf/5","id":"urn:epass:qualification:20","isPartialQualification":false,"maximumDuration":"P21M","nqflLevel":"http://data.europa.eu/snb/qdr/c_dcc9aca1","title":"Master of Science in Civil Engineering","volumeOfLearning":"PT1440H"}],"title":"Master of Science in Civil Engineering","wasAwardedBy":{"awardingBody":["did:ebsi:zsSgDXeYPhZ3AuKhTFneDf1"],"awardingDate":"2019-09-20T00:00:00+02:00","id":"urn:epass:awardingProcess:1"},"wasDerivedFrom":[{"assessedBy":["did:ebsi:zsSgDXeYPhZ3AuKhTFneDf1"],"grade":"excellent (5)","id":"urn:epass:assessment:1","specifiedBy":{"gradingScheme":{"definition":"The Croatian national grading scheme consists of five grades with numerical equivalents: izvrstan – 5 (outstanding); vrlo dobar – 4 (very good); dobar – 3 (good); dovoljan – 2 (sufficient); nedovoljan – 1 (insufficient - fail). The minimum passing grade is dovoljan – 2.","id":"urn:epass:scoringschemespec:1","title":"General grading scheme in Croatia"},"id":"urn:epass:asssessmentspec:1","title":"Overall Diploma Assessment"},"title":"Overall Diploma Assessment"}],"wasInfluencedBy":[{"directedBy":["did:ebsi:zsSgDXeYPhZ3AuKhTFneDf1"],"endedAtTime":"2018-01-14T00:00:00+01:00","id":"urn:epass:learningAchievement:1","identifier":[{"schemeID":"Activity ID","value":"GAB701"}],"location":["urn:epass:location:4"],"specifiedBy":{"id":"urn:epass:learningactivityspec:1","language":["http://publications.europa.eu/resource/authority/language/HRV"],"learningActivityType":["http://data.europa.eu/snb/learning-activity/fd33e234ae"],"title":"Applied mathematics","workload":"PT60H"},"startedAtTime":"2017-09-04T00:00:00+02:00","title":"Master of Science in Civil Engineering","workload":"PT60H"}]}],"identifier":{"schemeID":"Student identification number","value":"99009900"}},"credentialStatus":{"id":"https://essif.europa.eu/status/education#higherEducation#51e42fda-cb0a-4333-b6a6-35cb147e1a88","type":"TrustedCredentialStatus2021"}},"jti":"urn:uuid:98251376-9f52-471d-8d88-b83cd237b3fe"}
10840 [pool-1-thread-1 @coroutine#756] DEBUG id.walt.services.keystore.SqlKeyStoreService - Loading key "did:ebsi:zrcAhdWaxGh8Ljwp72cMKPG#a5d70b306072448a988274531a7c0f33"...
10840 [pool-1-thread-1 @coroutine#756] DEBUG id.walt.services.jwt.WaltIdJwtService - Signing JWT with algorithm: EdDSA_Ed25519
10840 [pool-1-thread-1 @coroutine#756] DEBUG id.walt.model.DidUrl - Trying to create DidUrl from URL: "did:ebsi:zrcAhdWaxGh8Ljwp72cMKPG#a5d70b306072448a988274531a7c0f33"...
10841 [pool-1-thread-1 @coroutine#756] DEBUG id.walt.services.keystore.SqlKeyStoreService - Loading key "a5d70b306072448a988274531a7c0f33"...
10842 [pool-1-thread-1 @coroutine#756] DEBUG id.walt.services.jwt.WaltIdJwtService - Signed JWT:  eyJraWQiOiJkaWQ6ZWJzaTp6cmNBaGRXYXhHaDhMandwNzJjTUtQRyNhNWQ3MGIzMDYwNzI0NDhhOTg4Mjc0NTMxYTdjMGYzMyIsInR5cCI6IkpXVCIsImFsZyI6IkVkRFNBIn0.eyJzdWIiOiJkaWQ6a2V5Ono2TWtzOEVHRDd6cFIxdWkzQlZQbmtCSHdhMWlBbWtEemdVM1hqQ2h3cFd6U3JVViIsIm5iZiI6MTcyNjEzMzk4NiwiaXNzIjoiZGlkOmVic2k6enJjQWhkV2F4R2g4TGp3cDcyY01LUEciLCJpYXQiOjE3MjYxMzM5ODYsInZjIjp7InR5cGUiOlsiVmVyaWZpYWJsZUNyZWRlbnRpYWwiLCJWZXJpZmlhYmxlQXR0ZXN0YXRpb24iLCJFdXJvcGFzcyJdLCJAY29udGV4dCI6WyJodHRwczovL3d3dy53My5vcmcvMjAxOC9jcmVkZW50aWFscy92MSJdLCJpZCI6InVybjp1dWlkOjk4MjUxMzc2LTlmNTItNDcxZC04ZDg4LWI4M2NkMjM3YjNmZSIsImlzc3VlciI6ImRpZDplYnNpOnpyY0FoZFdheEdoOExqd3A3MmNNS1BHIiwiaXNzdWFuY2VEYXRlIjoiMjAyNC0wOS0xMlQwOTozOTo0NloiLCJpc3N1ZWQiOiIyMDI0LTA5LTEyVDA5OjM5OjQ2WiIsInZhbGlkRnJvbSI6IjIwMjQtMDktMTJUMDk6Mzk6NDZaIiwiY3JlZGVudGlhbFNjaGVtYSI6eyJpZCI6Imh0dHBzOi8vcmF3LmdpdGh1YnVzZXJjb250ZW50LmNvbS93YWx0LWlkL3dhbHRpZC1zc2lraXQtdmNsaWIvbWFzdGVyL3NyYy90ZXN0L3Jlc291cmNlcy9zY2hlbWFzL0V1cm9wYXNzLmpzb24iLCJ0eXBlIjoiSnNvblNjaGVtYVZhbGlkYXRvcjIwMTgifSwiY3JlZGVudGlhbFN1YmplY3QiOnsiaWQiOiJkaWQ6a2V5Ono2TWtzOEVHRDd6cFIxdWkzQlZQbmtCSHdhMWlBbWtEemdVM1hqQ2h3cFd6U3JVViIsImFjaGlldmVkIjpbeyJlbnRpdGxlc1RvIjp7ImRlZmluaXRpb24iOiJDb21wZXRlbmNlcyB0aGUgc3R1ZGVudCBhY3F1aXJlcyBhZnRlciB0aGUgY29tcGxldGlvbiBvZiBHcmFkdWF0ZSB1bml2ZXJzaXR5IHN0dWR5IGFyZSBzdWZmaWNpZW50IGNvbmRpdGlvbnMgZm9yIGF0dGVuZGluZyB0aGUgcHJvZ3JhbW1lIG9mIFBvc3RncmFkdWF0ZSBkb2N0b3JhbCBzdHVkeSBhdCB0aGUgRmFjdWx0eSBvZiBDaXZpbCBFbmdpbmVlcmluZywgQXJjaGl0ZWN0dXJlIGFuZCBHZW9kZXN5IGluIFNwbGl0LCBhcyB3ZWxsIGFzIGZvciBhdHRlbmRpbmcgdGhlIHNhbWUgb3Igc2ltaWxhciBwcm9ncmFtbWVzIGFuZCBQb3N0Z3JhZHVhdGUgc3BlY2lhbGlzdCBzdHVkaWVzIGF0IG90aGVyIGZhY3VsdGllcyBvZiBDaXZpbCBFbmdpbmVlcmluZyBpbiBDcm9hdGlhLiBUaGUgYWNxdWlyZWQgbGVhcm5pbmcgb3V0Y29tZXMgZW5hYmxlIHRoZSBzdHVkZW50IHRvIGF0dGVuZCBvdGhlciBwb3N0Z3JhZHVhdGUgc3R1ZHkgcHJvZ3JhbW1lcyBpbiB0aGUgZmllbGQgb2YgdGVjaG5pY2FsIHNjaWVuY2VzLiAiLCJpZCI6InVybjplcGFzczplbnRpdGxlbWVudDoxIiwiaXNzdWVkRGF0ZSI6IjIwMTktMDktMjAiLCJzcGVjaWZpZWRCeSI6eyJlbnRpdGxlbWVudFR5cGUiOiJodHRwOi8vZGF0YS5ldXJvcGEuZXUvc25iL2VudGl0bGVtZW50LzY0YWFkOTI4ODEiLCJpZCI6InVybjplcGFzczplbnRpdGxlbWVudHNwZWM6MSIsImxpbWl0SnVyaXNkaWN0aW9uIjpbImh0dHA6Ly9wdWJsaWNhdGlvbnMuZXVyb3BhLmV1L3Jlc291cmNlL2F1dGhvcml0eS9jb3VudHJ5L0hSViJdLCJsaW1pdE9yZ2FuaXNhdGlvbiI6WyJkaWQ6ZWJzaTp6c1NnRFhlWVBoWjNBdUtoVEZuZURmMSJdLCJzdGF0dXMiOiJodHRwOi8vZGF0YS5ldXJvcGEuZXUvc25iL2VudGl0bGVtZW50LXN0YXR1cy81YjhkNmIzNGZiIiwidGl0bGUiOiJQb3N0Z3JhZHVhdGUgZG9jdG9yYWwgc3R1ZHkifSwidGl0bGUiOiJQb3N0Z3JhZHVhdGUgZG9jdG9yYWwgc3R1ZHkifSwiaGFzUGFydCI6eyJsZWFybmluZ0FjaGlldmVtZW50cyI6W3siaWQiOiIiLCJpZGVudGlmaWVyIjpbeyJzY2hlbWVJRCI6IkFjaGlldmVtZW50IElEIiwidmFsdWUiOiJHQUI3MDEifV0sInNwZWNpZmllZEJ5IjpbeyJlQ1RTQ3JlZGl0UG9pbnRzIjo1LCJlcWZsTGV2ZWwiOiJodHRwOi8vZGF0YS5ldXJvcGEuZXUvc25iL2VxZi80IiwiaWQiOiJ1cm46ZXBhc3M6cXVhbGlmaWNhdGlvbjoxIiwiaXNQYXJ0aWFsUXVhbGlmaWNhdGlvbiI6dHJ1ZSwibWF4aW11bUR1cmF0aW9uIjoiUDZNIiwibnFmbExldmVsIjoiaHR0cDovL2RhdGEuZXVyb3BhLmV1L3NuYi9xZHIvY180OTY3MmM1YSIsInRpdGxlIjoiQXBwbGllZCBtYXRoZW1hdGljcyIsInZvbHVtZU9mTGVhcm5pbmciOiJQVDYwSCJ9XSwidGl0bGUiOiIiLCJ3YXNBd2FyZGVkQnkiOnsiYXdhcmRpbmdCb2R5IjpbImRpZDplYnNpOnpzU2dEWGVZUGhaM0F1S2hURm5lRGYxIl0sImF3YXJkaW5nRGF0ZSI6IjIwMTktMDktMjBUMDA6MDA6MDArMDI6MDAiLCJpZCI6InVybjplcGFzczphd2FyZGluZ1Byb2Nlc3M6MiJ9LCJ3YXNEZXJpdmVkRnJvbSI6W3siYXNzZXNzZWRCeSI6WyJkaWQ6ZWJzaTp6c1NnRFhlWVBoWjNBdUtoVEZuZURmMSJdLCJncmFkZSI6Imdvb2QgKDMpIiwiaWQiOiJ1cm46ZXBhc3M6YXNzc2Vzc21lbnRzcGVjOjIiLCJzcGVjaWZpZWRCeSI6eyJncmFkaW5nU2NoZW1lIjp7ImRlZmluaXRpb24iOiJUaGUgQ3JvYXRpYW4gbmF0aW9uYWwgZ3JhZGluZyBzY2hlbWUgY29uc2lzdHMgb2YgZml2ZSBncmFkZXMgd2l0aCBudW1lcmljYWwgZXF1aXZhbGVudHM6IGl6dnJzdGFuIOKAkyA1IChvdXRzdGFuZGluZyk7IHZybG8gZG9iYXIg4oCTIDQgKHZlcnkgZ29vZCk7IGRvYmFyIOKAkyAzIChnb29kKTsgZG92b2xqYW4g4oCTIDIgKHN1ZmZpY2llbnQpOyBuZWRvdm9samFuIOKAkyAxIChpbnN1ZmZpY2llbnQgLSBmYWlsKS4gVGhlIG1pbmltdW0gcGFzc2luZyBncmFkZSBpcyBkb3ZvbGphbiDigJMgMi4iLCJpZCI6InVybjplcGFzczpzY29yaW5nc2NoZW1lc3BlYzoyIiwidGl0bGUiOiJHZW5lcmFsIGdyYWRpbmcgc2NoZW1lIGluIENyb2F0aWEifSwiaWQiOiJ1cm46ZXBhc3M6YXNzc2Vzc21lbnRzcGVjOjIiLCJ0aXRsZSI6IkFwcGxpZWQgbWF0aGVtYXRpY3MifSwidGl0bGUiOiJBcHBsaWVkIG1hdGhlbWF0aWNzIn1dLCJ3YXNJbmZsdWVuY2VkQnkiOlt7ImRpcmVjdGVkQnkiOlsiZGlkOmVic2k6enNTZ0RYZVlQaFozQXVLaFRGbmVEZjEiXSwiZW5kZWRBdFRpbWUiOiIyMDE4LTAxLTE0VDAwOjAwOjAwKzAxOjAwIiwiaWQiOiJ1cm46ZXBhc3M6YWN0aXZpdHk6MSIsImlkZW50aWZpZXIiOlt7InNjaGVtZUlEIjoiQWN0aXZpdHkgSUQiLCJ2YWx1ZSI6IkdBQjcwMSJ9XSwibG9jYXRpb24iOlsidXJuOmVwYXNzOmxvY2F0aW9uOjQiXSwic3BlY2lmaWVkQnkiOnsiaWQiOiJ1cm46ZXBhc3M6bGVhcm5pbmdhY3Rpdml0eXNwZWM6MSIsImxhbmd1YWdlIjpbImh0dHA6Ly9wdWJsaWNhdGlvbnMuZXVyb3BhLmV1L3Jlc291cmNlL2F1dGhvcml0eS9sYW5ndWFnZS9IUlYiXSwibGVhcm5pbmdBY3Rpdml0eVR5cGUiOlsiaHR0cDovL2RhdGEuZXVyb3BhLmV1L3NuYi9sZWFybmluZy1hY3Rpdml0eS9mZDMzZTIzNGFlIl0sInRpdGxlIjoiQXBwbGllZCBtYXRoZW1hdGljcyIsIndvcmtsb2FkIjoiUFQ2MEgifSwic3RhcnRlZEF0VGltZSI6IjIwMTctMDktMDRUMDA6MDA6MDArMDI6MDAiLCJ0aXRsZSI6IkFwcGxpZWQgbWF0aGVtYXRpY3MiLCJ3b3JrbG9hZCI6IlBUNjBIIn1dfV19LCJpZCI6InVybjplcGFzczpsZWFybmluZ0FjaGlldmVtZW50OjEiLCJzcGVjaWZpZWRCeSI6W3siZUNUU0NyZWRpdFBvaW50cyI6MTIwLCJlbnRyeVJlcXVpcmVtZW50c05vdGUiOiJUaGUgbWluaW11bSBlZHVjYXRpb25hbCByZXF1aXJlbWVudCBmb3IgZW5yb2xtZW50IGludG8gZ3JhZHVhdGUgdW5pdmVyc2l0eSBwcm9ncmFtbWVzIGlzIHRoZSBjb21wbGV0aW9uIG9mIGFuIHVuZGVyZ3JhZHVhdGUgdW5pdmVyc2l0eSBwcm9ncmFtbWUuIFRoZSB1bml2ZXJzaXR5IGNhbiBhbGxvdyBzdHVkZW50cyB3aG8gaGF2ZSBjb21wbGV0ZWQgYSBwcm9mZXNzaW9uYWwgcHJvZ3JhbW1lIHRvIGFsc28gZW5yb2wgZ3JhZHVhdGUgdW5pdmVyc2l0eSBwcm9ncmFtbWVzLCBidXQgdGhleSBhcmUgYWxsb3dlZCB0byBzZXQgc3BlY2lhbCByZXF1aXJlbWVudHMgaW4gdGhlc2UgY2FzZXMuXG5UaGUgbWluaW11bSBlZHVjYXRpb25hbCByZXF1aXJlbWVudCBmb3IgZW5yb2xtZW50IGludG8gc3BlY2lhbGlzdCBncmFkdWF0ZSBwcm9mZXNzaW9uYWwgcHJvZ3JhbW1lcyBpcyB0aGUgY29tcGxldGlvbiBvZiBhbiB1bmRlcmdyYWR1YXRlIHVuaXZlcnNpdHkgcHJvZ3JhbW1lIG9yIGEgcHJvZmVzc2lvbmFsIHByb2dyYW1tZSAoZmlyc3QgY3ljbGUpLiIsImVxZmxMZXZlbCI6Imh0dHA6Ly9kYXRhLmV1cm9wYS5ldS9zbmIvZXFmLzUiLCJpZCI6InVybjplcGFzczpxdWFsaWZpY2F0aW9uOjIwIiwiaXNQYXJ0aWFsUXVhbGlmaWNhdGlvbiI6ZmFsc2UsIm1heGltdW1EdXJhdGlvbiI6IlAyMU0iLCJucWZsTGV2ZWwiOiJodHRwOi8vZGF0YS5ldXJvcGEuZXUvc25iL3Fkci9jX2RjYzlhY2ExIiwidGl0bGUiOiJNYXN0ZXIgb2YgU2NpZW5jZSBpbiBDaXZpbCBFbmdpbmVlcmluZyIsInZvbHVtZU9mTGVhcm5pbmciOiJQVDE0NDBIIn1dLCJ0aXRsZSI6Ik1hc3RlciBvZiBTY2llbmNlIGluIENpdmlsIEVuZ2luZWVyaW5nIiwid2FzQXdhcmRlZEJ5Ijp7ImF3YXJkaW5nQm9keSI6WyJkaWQ6ZWJzaTp6c1NnRFhlWVBoWjNBdUtoVEZuZURmMSJdLCJhd2FyZGluZ0RhdGUiOiIyMDE5LTA5LTIwVDAwOjAwOjAwKzAyOjAwIiwiaWQiOiJ1cm46ZXBhc3M6YXdhcmRpbmdQcm9jZXNzOjEifSwid2FzRGVyaXZlZEZyb20iOlt7ImFzc2Vzc2VkQnkiOlsiZGlkOmVic2k6enNTZ0RYZVlQaFozQXVLaFRGbmVEZjEiXSwiZ3JhZGUiOiJleGNlbGxlbnQgKDUpIiwiaWQiOiJ1cm46ZXBhc3M6YXNzZXNzbWVudDoxIiwic3BlY2lmaWVkQnkiOnsiZ3JhZGluZ1NjaGVtZSI6eyJkZWZpbml0aW9uIjoiVGhlIENyb2F0aWFuIG5hdGlvbmFsIGdyYWRpbmcgc2NoZW1lIGNvbnNpc3RzIG9mIGZpdmUgZ3JhZGVzIHdpdGggbnVtZXJpY2FsIGVxdWl2YWxlbnRzOiBpenZyc3RhbiDigJMgNSAob3V0c3RhbmRpbmcpOyB2cmxvIGRvYmFyIOKAkyA0ICh2ZXJ5IGdvb2QpOyBkb2JhciDigJMgMyAoZ29vZCk7IGRvdm9samFuIOKAkyAyIChzdWZmaWNpZW50KTsgbmVkb3ZvbGphbiDigJMgMSAoaW5zdWZmaWNpZW50IC0gZmFpbCkuIFRoZSBtaW5pbXVtIHBhc3NpbmcgZ3JhZGUgaXMgZG92b2xqYW4g4oCTIDIuIiwiaWQiOiJ1cm46ZXBhc3M6c2NvcmluZ3NjaGVtZXNwZWM6MSIsInRpdGxlIjoiR2VuZXJhbCBncmFkaW5nIHNjaGVtZSBpbiBDcm9hdGlhIn0sImlkIjoidXJuOmVwYXNzOmFzc3Nlc3NtZW50c3BlYzoxIiwidGl0bGUiOiJPdmVyYWxsIERpcGxvbWEgQXNzZXNzbWVudCJ9LCJ0aXRsZSI6Ik92ZXJhbGwgRGlwbG9tYSBBc3Nlc3NtZW50In1dLCJ3YXNJbmZsdWVuY2VkQnkiOlt7ImRpcmVjdGVkQnkiOlsiZGlkOmVic2k6enNTZ0RYZVlQaFozQXVLaFRGbmVEZjEiXSwiZW5kZWRBdFRpbWUiOiIyMDE4LTAxLTE0VDAwOjAwOjAwKzAxOjAwIiwiaWQiOiJ1cm46ZXBhc3M6bGVhcm5pbmdBY2hpZXZlbWVudDoxIiwiaWRlbnRpZmllciI6W3sic2NoZW1lSUQiOiJBY3Rpdml0eSBJRCIsInZhbHVlIjoiR0FCNzAxIn1dLCJsb2NhdGlvbiI6WyJ1cm46ZXBhc3M6bG9jYXRpb246NCJdLCJzcGVjaWZpZWRCeSI6eyJpZCI6InVybjplcGFzczpsZWFybmluZ2FjdGl2aXR5c3BlYzoxIiwibGFuZ3VhZ2UiOlsiaHR0cDovL3B1YmxpY2F0aW9ucy5ldXJvcGEuZXUvcmVzb3VyY2UvYXV0aG9yaXR5L2xhbmd1YWdlL0hSViJdLCJsZWFybmluZ0FjdGl2aXR5VHlwZSI6WyJodHRwOi8vZGF0YS5ldXJvcGEuZXUvc25iL2xlYXJuaW5nLWFjdGl2aXR5L2ZkMzNlMjM0YWUiXSwidGl0bGUiOiJBcHBsaWVkIG1hdGhlbWF0aWNzIiwid29ya2xvYWQiOiJQVDYwSCJ9LCJzdGFydGVkQXRUaW1lIjoiMjAxNy0wOS0wNFQwMDowMDowMCswMjowMCIsInRpdGxlIjoiTWFzdGVyIG9mIFNjaWVuY2UgaW4gQ2l2aWwgRW5naW5lZXJpbmciLCJ3b3JrbG9hZCI6IlBUNjBIIn1dfV0sImlkZW50aWZpZXIiOnsic2NoZW1lSUQiOiJTdHVkZW50IGlkZW50aWZpY2F0aW9uIG51bWJlciIsInZhbHVlIjoiOTkwMDk5MDAifX0sImNyZWRlbnRpYWxTdGF0dXMiOnsiaWQiOiJodHRwczovL2Vzc2lmLmV1cm9wYS5ldS9zdGF0dXMvZWR1Y2F0aW9uI2hpZ2hlckVkdWNhdGlvbiM1MWU0MmZkYS1jYjBhLTQzMzMtYjZhNi0zNWNiMTQ3ZTFhODgiLCJ0eXBlIjoiVHJ1c3RlZENyZWRlbnRpYWxTdGF0dXMyMDIxIn19LCJqdGkiOiJ1cm46dXVpZDo5ODI1MTM3Ni05ZjUyLTQ3MWQtOGQ4OC1iODNjZDIzN2IzZmUifQ.y3TIgU_RoonvBOZwoTLm2ajBEvrtmv8KIYXpd0WiYnak2GEP4JSYJjjp3VnM5371k6T1T2_EJz6WmAdVQKGSAA
10843 [pool-1-thread-1 @coroutine#756] DEBUG id.walt.signatory.WaltIdSignatory - Signed VC is: eyJraWQiOiJkaWQ6ZWJzaTp6cmNBaGRXYXhHaDhMandwNzJjTUtQRyNhNWQ3MGIzMDYwNzI0NDhhOTg4Mjc0NTMxYTdjMGYzMyIsInR5cCI6IkpXVCIsImFsZyI6IkVkRFNBIn0.eyJzdWIiOiJkaWQ6a2V5Ono2TWtzOEVHRDd6cFIxdWkzQlZQbmtCSHdhMWlBbWtEemdVM1hqQ2h3cFd6U3JVViIsIm5iZiI6MTcyNjEzMzk4NiwiaXNzIjoiZGlkOmVic2k6enJjQWhkV2F4R2g4TGp3cDcyY01LUEciLCJpYXQiOjE3MjYxMzM5ODYsInZjIjp7InR5cGUiOlsiVmVyaWZpYWJsZUNyZWRlbnRpYWwiLCJWZXJpZmlhYmxlQXR0ZXN0YXRpb24iLCJFdXJvcGFzcyJdLCJAY29udGV4dCI6WyJodHRwczovL3d3dy53My5vcmcvMjAxOC9jcmVkZW50aWFscy92MSJdLCJpZCI6InVybjp1dWlkOjk4MjUxMzc2LTlmNTItNDcxZC04ZDg4LWI4M2NkMjM3YjNmZSIsImlzc3VlciI6ImRpZDplYnNpOnpyY0FoZFdheEdoOExqd3A3MmNNS1BHIiwiaXNzdWFuY2VEYXRlIjoiMjAyNC0wOS0xMlQwOTozOTo0NloiLCJpc3N1ZWQiOiIyMDI0LTA5LTEyVDA5OjM5OjQ2WiIsInZhbGlkRnJvbSI6IjIwMjQtMDktMTJUMDk6Mzk6NDZaIiwiY3JlZGVudGlhbFNjaGVtYSI6eyJpZCI6Imh0dHBzOi8vcmF3LmdpdGh1YnVzZXJjb250ZW50LmNvbS93YWx0LWlkL3dhbHRpZC1zc2lraXQtdmNsaWIvbWFzdGVyL3NyYy90ZXN0L3Jlc291cmNlcy9zY2hlbWFzL0V1cm9wYXNzLmpzb24iLCJ0eXBlIjoiSnNvblNjaGVtYVZhbGlkYXRvcjIwMTgifSwiY3JlZGVudGlhbFN1YmplY3QiOnsiaWQiOiJkaWQ6a2V5Ono2TWtzOEVHRDd6cFIxdWkzQlZQbmtCSHdhMWlBbWtEemdVM1hqQ2h3cFd6U3JVViIsImFjaGlldmVkIjpbeyJlbnRpdGxlc1RvIjp7ImRlZmluaXRpb24iOiJDb21wZXRlbmNlcyB0aGUgc3R1ZGVudCBhY3F1aXJlcyBhZnRlciB0aGUgY29tcGxldGlvbiBvZiBHcmFkdWF0ZSB1bml2ZXJzaXR5IHN0dWR5IGFyZSBzdWZmaWNpZW50IGNvbmRpdGlvbnMgZm9yIGF0dGVuZGluZyB0aGUgcHJvZ3JhbW1lIG9mIFBvc3RncmFkdWF0ZSBkb2N0b3JhbCBzdHVkeSBhdCB0aGUgRmFjdWx0eSBvZiBDaXZpbCBFbmdpbmVlcmluZywgQXJjaGl0ZWN0dXJlIGFuZCBHZW9kZXN5IGluIFNwbGl0LCBhcyB3ZWxsIGFzIGZvciBhdHRlbmRpbmcgdGhlIHNhbWUgb3Igc2ltaWxhciBwcm9ncmFtbWVzIGFuZCBQb3N0Z3JhZHVhdGUgc3BlY2lhbGlzdCBzdHVkaWVzIGF0IG90aGVyIGZhY3VsdGllcyBvZiBDaXZpbCBFbmdpbmVlcmluZyBpbiBDcm9hdGlhLiBUaGUgYWNxdWlyZWQgbGVhcm5pbmcgb3V0Y29tZXMgZW5hYmxlIHRoZSBzdHVkZW50IHRvIGF0dGVuZCBvdGhlciBwb3N0Z3JhZHVhdGUgc3R1ZHkgcHJvZ3JhbW1lcyBpbiB0aGUgZmllbGQgb2YgdGVjaG5pY2FsIHNjaWVuY2VzLiAiLCJpZCI6InVybjplcGFzczplbnRpdGxlbWVudDoxIiwiaXNzdWVkRGF0ZSI6IjIwMTktMDktMjAiLCJzcGVjaWZpZWRCeSI6eyJlbnRpdGxlbWVudFR5cGUiOiJodHRwOi8vZGF0YS5ldXJvcGEuZXUvc25iL2VudGl0bGVtZW50LzY0YWFkOTI4ODEiLCJpZCI6InVybjplcGFzczplbnRpdGxlbWVudHNwZWM6MSIsImxpbWl0SnVyaXNkaWN0aW9uIjpbImh0dHA6Ly9wdWJsaWNhdGlvbnMuZXVyb3BhLmV1L3Jlc291cmNlL2F1dGhvcml0eS9jb3VudHJ5L0hSViJdLCJsaW1pdE9yZ2FuaXNhdGlvbiI6WyJkaWQ6ZWJzaTp6c1NnRFhlWVBoWjNBdUtoVEZuZURmMSJdLCJzdGF0dXMiOiJodHRwOi8vZGF0YS5ldXJvcGEuZXUvc25iL2VudGl0bGVtZW50LXN0YXR1cy81YjhkNmIzNGZiIiwidGl0bGUiOiJQb3N0Z3JhZHVhdGUgZG9jdG9yYWwgc3R1ZHkifSwidGl0bGUiOiJQb3N0Z3JhZHVhdGUgZG9jdG9yYWwgc3R1ZHkifSwiaGFzUGFydCI6eyJsZWFybmluZ0FjaGlldmVtZW50cyI6W3siaWQiOiIiLCJpZGVudGlmaWVyIjpbeyJzY2hlbWVJRCI6IkFjaGlldmVtZW50IElEIiwidmFsdWUiOiJHQUI3MDEifV0sInNwZWNpZmllZEJ5IjpbeyJlQ1RTQ3JlZGl0UG9pbnRzIjo1LCJlcWZsTGV2ZWwiOiJodHRwOi8vZGF0YS5ldXJvcGEuZXUvc25iL2VxZi80IiwiaWQiOiJ1cm46ZXBhc3M6cXVhbGlmaWNhdGlvbjoxIiwiaXNQYXJ0aWFsUXVhbGlmaWNhdGlvbiI6dHJ1ZSwibWF4aW11bUR1cmF0aW9uIjoiUDZNIiwibnFmbExldmVsIjoiaHR0cDovL2RhdGEuZXVyb3BhLmV1L3NuYi9xZHIvY180OTY3MmM1YSIsInRpdGxlIjoiQXBwbGllZCBtYXRoZW1hdGljcyIsInZvbHVtZU9mTGVhcm5pbmciOiJQVDYwSCJ9XSwidGl0bGUiOiIiLCJ3YXNBd2FyZGVkQnkiOnsiYXdhcmRpbmdCb2R5IjpbImRpZDplYnNpOnpzU2dEWGVZUGhaM0F1S2hURm5lRGYxIl0sImF3YXJkaW5nRGF0ZSI6IjIwMTktMDktMjBUMDA6MDA6MDArMDI6MDAiLCJpZCI6InVybjplcGFzczphd2FyZGluZ1Byb2Nlc3M6MiJ9LCJ3YXNEZXJpdmVkRnJvbSI6W3siYXNzZXNzZWRCeSI6WyJkaWQ6ZWJzaTp6c1NnRFhlWVBoWjNBdUtoVEZuZURmMSJdLCJncmFkZSI6Imdvb2QgKDMpIiwiaWQiOiJ1cm46ZXBhc3M6YXNzc2Vzc21lbnRzcGVjOjIiLCJzcGVjaWZpZWRCeSI6eyJncmFkaW5nU2NoZW1lIjp7ImRlZmluaXRpb24iOiJUaGUgQ3JvYXRpYW4gbmF0aW9uYWwgZ3JhZGluZyBzY2hlbWUgY29uc2lzdHMgb2YgZml2ZSBncmFkZXMgd2l0aCBudW1lcmljYWwgZXF1aXZhbGVudHM6IGl6dnJzdGFuIOKAkyA1IChvdXRzdGFuZGluZyk7IHZybG8gZG9iYXIg4oCTIDQgKHZlcnkgZ29vZCk7IGRvYmFyIOKAkyAzIChnb29kKTsgZG92b2xqYW4g4oCTIDIgKHN1ZmZpY2llbnQpOyBuZWRvdm9samFuIOKAkyAxIChpbnN1ZmZpY2llbnQgLSBmYWlsKS4gVGhlIG1pbmltdW0gcGFzc2luZyBncmFkZSBpcyBkb3ZvbGphbiDigJMgMi4iLCJpZCI6InVybjplcGFzczpzY29yaW5nc2NoZW1lc3BlYzoyIiwidGl0bGUiOiJHZW5lcmFsIGdyYWRpbmcgc2NoZW1lIGluIENyb2F0aWEifSwiaWQiOiJ1cm46ZXBhc3M6YXNzc2Vzc21lbnRzcGVjOjIiLCJ0aXRsZSI6IkFwcGxpZWQgbWF0aGVtYXRpY3MifSwidGl0bGUiOiJBcHBsaWVkIG1hdGhlbWF0aWNzIn1dLCJ3YXNJbmZsdWVuY2VkQnkiOlt7ImRpcmVjdGVkQnkiOlsiZGlkOmVic2k6enNTZ0RYZVlQaFozQXVLaFRGbmVEZjEiXSwiZW5kZWRBdFRpbWUiOiIyMDE4LTAxLTE0VDAwOjAwOjAwKzAxOjAwIiwiaWQiOiJ1cm46ZXBhc3M6YWN0aXZpdHk6MSIsImlkZW50aWZpZXIiOlt7InNjaGVtZUlEIjoiQWN0aXZpdHkgSUQiLCJ2YWx1ZSI6IkdBQjcwMSJ9XSwibG9jYXRpb24iOlsidXJuOmVwYXNzOmxvY2F0aW9uOjQiXSwic3BlY2lmaWVkQnkiOnsiaWQiOiJ1cm46ZXBhc3M6bGVhcm5pbmdhY3Rpdml0eXNwZWM6MSIsImxhbmd1YWdlIjpbImh0dHA6Ly9wdWJsaWNhdGlvbnMuZXVyb3BhLmV1L3Jlc291cmNlL2F1dGhvcml0eS9sYW5ndWFnZS9IUlYiXSwibGVhcm5pbmdBY3Rpdml0eVR5cGUiOlsiaHR0cDovL2RhdGEuZXVyb3BhLmV1L3NuYi9sZWFybmluZy1hY3Rpdml0eS9mZDMzZTIzNGFlIl0sInRpdGxlIjoiQXBwbGllZCBtYXRoZW1hdGljcyIsIndvcmtsb2FkIjoiUFQ2MEgifSwic3RhcnRlZEF0VGltZSI6IjIwMTctMDktMDRUMDA6MDA6MDArMDI6MDAiLCJ0aXRsZSI6IkFwcGxpZWQgbWF0aGVtYXRpY3MiLCJ3b3JrbG9hZCI6IlBUNjBIIn1dfV19LCJpZCI6InVybjplcGFzczpsZWFybmluZ0FjaGlldmVtZW50OjEiLCJzcGVjaWZpZWRCeSI6W3siZUNUU0NyZWRpdFBvaW50cyI6MTIwLCJlbnRyeVJlcXVpcmVtZW50c05vdGUiOiJUaGUgbWluaW11bSBlZHVjYXRpb25hbCByZXF1aXJlbWVudCBmb3IgZW5yb2xtZW50IGludG8gZ3JhZHVhdGUgdW5pdmVyc2l0eSBwcm9ncmFtbWVzIGlzIHRoZSBjb21wbGV0aW9uIG9mIGFuIHVuZGVyZ3JhZHVhdGUgdW5pdmVyc2l0eSBwcm9ncmFtbWUuIFRoZSB1bml2ZXJzaXR5IGNhbiBhbGxvdyBzdHVkZW50cyB3aG8gaGF2ZSBjb21wbGV0ZWQgYSBwcm9mZXNzaW9uYWwgcHJvZ3JhbW1lIHRvIGFsc28gZW5yb2wgZ3JhZHVhdGUgdW5pdmVyc2l0eSBwcm9ncmFtbWVzLCBidXQgdGhleSBhcmUgYWxsb3dlZCB0byBzZXQgc3BlY2lhbCByZXF1aXJlbWVudHMgaW4gdGhlc2UgY2FzZXMuXG5UaGUgbWluaW11bSBlZHVjYXRpb25hbCByZXF1aXJlbWVudCBmb3IgZW5yb2xtZW50IGludG8gc3BlY2lhbGlzdCBncmFkdWF0ZSBwcm9mZXNzaW9uYWwgcHJvZ3JhbW1lcyBpcyB0aGUgY29tcGxldGlvbiBvZiBhbiB1bmRlcmdyYWR1YXRlIHVuaXZlcnNpdHkgcHJvZ3JhbW1lIG9yIGEgcHJvZmVzc2lvbmFsIHByb2dyYW1tZSAoZmlyc3QgY3ljbGUpLiIsImVxZmxMZXZlbCI6Imh0dHA6Ly9kYXRhLmV1cm9wYS5ldS9zbmIvZXFmLzUiLCJpZCI6InVybjplcGFzczpxdWFsaWZpY2F0aW9uOjIwIiwiaXNQYXJ0aWFsUXVhbGlmaWNhdGlvbiI6ZmFsc2UsIm1heGltdW1EdXJhdGlvbiI6IlAyMU0iLCJucWZsTGV2ZWwiOiJodHRwOi8vZGF0YS5ldXJvcGEuZXUvc25iL3Fkci9jX2RjYzlhY2ExIiwidGl0bGUiOiJNYXN0ZXIgb2YgU2NpZW5jZSBpbiBDaXZpbCBFbmdpbmVlcmluZyIsInZvbHVtZU9mTGVhcm5pbmciOiJQVDE0NDBIIn1dLCJ0aXRsZSI6Ik1hc3RlciBvZiBTY2llbmNlIGluIENpdmlsIEVuZ2luZWVyaW5nIiwid2FzQXdhcmRlZEJ5Ijp7ImF3YXJkaW5nQm9keSI6WyJkaWQ6ZWJzaTp6c1NnRFhlWVBoWjNBdUtoVEZuZURmMSJdLCJhd2FyZGluZ0RhdGUiOiIyMDE5LTA5LTIwVDAwOjAwOjAwKzAyOjAwIiwiaWQiOiJ1cm46ZXBhc3M6YXdhcmRpbmdQcm9jZXNzOjEifSwid2FzRGVyaXZlZEZyb20iOlt7ImFzc2Vzc2VkQnkiOlsiZGlkOmVic2k6enNTZ0RYZVlQaFozQXVLaFRGbmVEZjEiXSwiZ3JhZGUiOiJleGNlbGxlbnQgKDUpIiwiaWQiOiJ1cm46ZXBhc3M6YXNzZXNzbWVudDoxIiwic3BlY2lmaWVkQnkiOnsiZ3JhZGluZ1NjaGVtZSI6eyJkZWZpbml0aW9uIjoiVGhlIENyb2F0aWFuIG5hdGlvbmFsIGdyYWRpbmcgc2NoZW1lIGNvbnNpc3RzIG9mIGZpdmUgZ3JhZGVzIHdpdGggbnVtZXJpY2FsIGVxdWl2YWxlbnRzOiBpenZyc3RhbiDigJMgNSAob3V0c3RhbmRpbmcpOyB2cmxvIGRvYmFyIOKAkyA0ICh2ZXJ5IGdvb2QpOyBkb2JhciDigJMgMyAoZ29vZCk7IGRvdm9samFuIOKAkyAyIChzdWZmaWNpZW50KTsgbmVkb3ZvbGphbiDigJMgMSAoaW5zdWZmaWNpZW50IC0gZmFpbCkuIFRoZSBtaW5pbXVtIHBhc3NpbmcgZ3JhZGUgaXMgZG92b2xqYW4g4oCTIDIuIiwiaWQiOiJ1cm46ZXBhc3M6c2NvcmluZ3NjaGVtZXNwZWM6MSIsInRpdGxlIjoiR2VuZXJhbCBncmFkaW5nIHNjaGVtZSBpbiBDcm9hdGlhIn0sImlkIjoidXJuOmVwYXNzOmFzc3Nlc3NtZW50c3BlYzoxIiwidGl0bGUiOiJPdmVyYWxsIERpcGxvbWEgQXNzZXNzbWVudCJ9LCJ0aXRsZSI6Ik92ZXJhbGwgRGlwbG9tYSBBc3Nlc3NtZW50In1dLCJ3YXNJbmZsdWVuY2VkQnkiOlt7ImRpcmVjdGVkQnkiOlsiZGlkOmVic2k6enNTZ0RYZVlQaFozQXVLaFRGbmVEZjEiXSwiZW5kZWRBdFRpbWUiOiIyMDE4LTAxLTE0VDAwOjAwOjAwKzAxOjAwIiwiaWQiOiJ1cm46ZXBhc3M6bGVhcm5pbmdBY2hpZXZlbWVudDoxIiwiaWRlbnRpZmllciI6W3sic2NoZW1lSUQiOiJBY3Rpdml0eSBJRCIsInZhbHVlIjoiR0FCNzAxIn1dLCJsb2NhdGlvbiI6WyJ1cm46ZXBhc3M6bG9jYXRpb246NCJdLCJzcGVjaWZpZWRCeSI6eyJpZCI6InVybjplcGFzczpsZWFybmluZ2FjdGl2aXR5c3BlYzoxIiwibGFuZ3VhZ2UiOlsiaHR0cDovL3B1YmxpY2F0aW9ucy5ldXJvcGEuZXUvcmVzb3VyY2UvYXV0aG9yaXR5L2xhbmd1YWdlL0hSViJdLCJsZWFybmluZ0FjdGl2aXR5VHlwZSI6WyJodHRwOi8vZGF0YS5ldXJvcGEuZXUvc25iL2xlYXJuaW5nLWFjdGl2aXR5L2ZkMzNlMjM0YWUiXSwidGl0bGUiOiJBcHBsaWVkIG1hdGhlbWF0aWNzIiwid29ya2xvYWQiOiJQVDYwSCJ9LCJzdGFydGVkQXRUaW1lIjoiMjAxNy0wOS0wNFQwMDowMDowMCswMjowMCIsInRpdGxlIjoiTWFzdGVyIG9mIFNjaWVuY2UgaW4gQ2l2aWwgRW5naW5lZXJpbmciLCJ3b3JrbG9hZCI6IlBUNjBIIn1dfV0sImlkZW50aWZpZXIiOnsic2NoZW1lSUQiOiJTdHVkZW50IGlkZW50aWZpY2F0aW9uIG51bWJlciIsInZhbHVlIjoiOTkwMDk5MDAifX0sImNyZWRlbnRpYWxTdGF0dXMiOnsiaWQiOiJodHRwczovL2Vzc2lmLmV1cm9wYS5ldS9zdGF0dXMvZWR1Y2F0aW9uI2hpZ2hlckVkdWNhdGlvbiM1MWU0MmZkYS1jYjBhLTQzMzMtYjZhNi0zNWNiMTQ3ZTFhODgiLCJ0eXBlIjoiVHJ1c3RlZENyZWRlbnRpYWxTdGF0dXMyMDIxIn19LCJqdGkiOiJ1cm46dXVpZDo5ODI1MTM3Ni05ZjUyLTQ3MWQtOGQ4OC1iODNjZDIzN2IzZmUifQ.y3TIgU_RoonvBOZwoTLm2ajBEvrtmv8KIYXpd0WiYnak2GEP4JSYJjjp3VnM5371k6T1T2_EJz6WmAdVQKGSAA
10843 [pool-1-thread-1 @coroutine#756] DEBUG id.walt.services.vc.WaltIdJsonLdCredentialService - Creating a presentation for VCs:
[PresentableCredential(verifiableCredential={"type":["VerifiableCredential","VerifiableAttestation","VerifiableId"],"@context":["https://www.w3.org/2018/credentials/v1","https://w3id.org/security/suites/jws-2020/v1"],"id":"urn:uuid:124f021c-f774-4374-9086-c7bf447e5bb2","issuer":"did:ebsi:zrcAhdWaxGh8Ljwp72cMKPG","issuanceDate":"2024-09-12T09:39:46Z","issued":"2024-09-12T09:39:46Z","validFrom":"2024-09-12T09:39:46Z","proof":{"type":"JsonWebSignature2020","creator":"did:ebsi:zrcAhdWaxGh8Ljwp72cMKPG","created":"2024-09-12T09:39:46Z","verificationMethod":"did:ebsi:zrcAhdWaxGh8Ljwp72cMKPG#a5d70b306072448a988274531a7c0f33","jws":"eyJiNjQiOmZhbHNlLCJjcml0IjpbImI2NCJdLCJhbGciOiJFZERTQSJ9.._IbcuEjzs_FNDUWdUHBKUuOM3ABTyFZ2cduVBCv_zaz30u-lfAho4pfL9QCM0NSbd4s_RK6kafLnfMYCitBvDQ"},"credentialSchema":{"id":"https://raw.githubusercontent.com/walt-id/waltid-ssikit-vclib/master/src/test/resources/schemas/VerifiableId.json","type":"FullJsonSchemaValidator2021"},"credentialSubject":{"id":"did:key:z6Mks8EGD7zpR1ui3BVPnkBHwa1iAmkDzgU3XjChwpWzSrUV","currentAddress":["1 Boulevard de la Liberté, 59800 Lille"],"dateOfBirth":"1993-04-08","familyName":"DOE","firstName":"Jane","gender":"FEMALE","nameAndFamilyNameAtBirth":"Jane DOE","personalIdentifier":"0904008084H","placeOfBirth":"LILLE, FRANCE"},"evidence":[{"documentPresence":["Physical"],"evidenceDocument":["Passport"],"subjectPresence":"Physical","type":["DocumentVerification"],"verifier":"did:ebsi:2A9BZ9SUe6BatacSpvs1V5CdjHvLpQ7bEsi2Jb6LdHKnQxaN"}]}, selectiveDisclosure=null, discloseAll=false)]
10843 [pool-1-thread-1 @coroutine#756] DEBUG id.walt.model.DidUrl - Trying to create DidUrl from URL: "did:key:z6Mks8EGD7zpR1ui3BVPnkBHwa1iAmkDzgU3XjChwpWzSrUV"...
10844 [pool-1-thread-1 @coroutine#756] DEBUG id.walt.services.vc.WaltIdJsonLdCredentialService - Signing jsonLd object with: issuerDid (did:key:z6Mks8EGD7zpR1ui3BVPnkBHwa1iAmkDzgU3XjChwpWzSrUV), domain (null), nonce (null
10844 [pool-1-thread-1 @coroutine#756] DEBUG id.walt.services.keystore.SqlKeyStoreService - Loading key "did:key:z6Mks8EGD7zpR1ui3BVPnkBHwa1iAmkDzgU3XjChwpWzSrUV#z6Mks8EGD7zpR1ui3BVPnkBHwa1iAmkDzgU3XjChwpWzSrUV"...
10844 [pool-1-thread-1 @coroutine#756] DEBUG id.walt.services.vc.WaltIdJsonLdCredentialService - Signing: {"type":["VerifiablePresentation"],"@context":["https://www.w3.org/2018/credentials/v1"],"id":"urn:uuid:e4cb52a8-bca6-4e92-a6df-643915553de6","holder":"did:key:z6Mks8EGD7zpR1ui3BVPnkBHwa1iAmkDzgU3XjChwpWzSrUV","verifiableCredential":[{"type":["VerifiableCredential","VerifiableAttestation","VerifiableId"],"@context":["https://www.w3.org/2018/credentials/v1","https://w3id.org/security/suites/jws-2020/v1"],"id":"urn:uuid:124f021c-f774-4374-9086-c7bf447e5bb2","issuer":"did:ebsi:zrcAhdWaxGh8Ljwp72cMKPG","issuanceDate":"2024-09-12T09:39:46Z","issued":"2024-09-12T09:39:46Z","validFrom":"2024-09-12T09:39:46Z","proof":{"type":"JsonWebSignature2020","creator":"did:ebsi:zrcAhdWaxGh8Ljwp72cMKPG","created":"2024-09-12T09:39:46Z","verificationMethod":"did:ebsi:zrcAhdWaxGh8Ljwp72cMKPG#a5d70b306072448a988274531a7c0f33","jws":"eyJiNjQiOmZhbHNlLCJjcml0IjpbImI2NCJdLCJhbGciOiJFZERTQSJ9.._IbcuEjzs_FNDUWdUHBKUuOM3ABTyFZ2cduVBCv_zaz30u-lfAho4pfL9QCM0NSbd4s_RK6kafLnfMYCitBvDQ"},"credentialSchema":{"id":"https://raw.githubusercontent.com/walt-id/waltid-ssikit-vclib/master/src/test/resources/schemas/VerifiableId.json","type":"FullJsonSchemaValidator2021"},"credentialSubject":{"id":"did:key:z6Mks8EGD7zpR1ui3BVPnkBHwa1iAmkDzgU3XjChwpWzSrUV","currentAddress":["1 Boulevard de la Liberté, 59800 Lille"],"dateOfBirth":"1993-04-08","familyName":"DOE","firstName":"Jane","gender":"FEMALE","nameAndFamilyNameAtBirth":"Jane DOE","personalIdentifier":"0904008084H","placeOfBirth":"LILLE, FRANCE"},"evidence":[{"documentPresence":["Physical"],"evidenceDocument":["Passport"],"subjectPresence":"Physical","type":["DocumentVerification"],"verifier":"did:ebsi:2A9BZ9SUe6BatacSpvs1V5CdjHvLpQ7bEsi2Jb6LdHKnQxaN"}]}]}
10847 [pool-1-thread-1 @coroutine#756] DEBUG id.walt.services.keystore.SqlKeyStoreService - Loading key "e019f6f7093a4fe1b94963a587726990"...
10847 [pool-1-thread-1 @coroutine#756] DEBUG id.walt.services.keystore.SqlKeyStoreService - Loading key "e019f6f7093a4fe1b94963a587726990"...
10847 [pool-1-thread-1 @coroutine#756] DEBUG id.walt.services.keystore.SqlKeyStoreService - Loading key "e019f6f7093a4fe1b94963a587726990"...
10848 [pool-1-thread-1 @coroutine#756] DEBUG id.walt.services.vc.WaltIdJsonLdCredentialService - VP created:{
  "type" : [ "VerifiablePresentation" ],
  "@context" : [ "https://www.w3.org/2018/credentials/v1", "https://w3id.org/security/suites/jws-2020/v1" ],
  "id" : "urn:uuid:e4cb52a8-bca6-4e92-a6df-643915553de6",
  "holder" : "did:key:z6Mks8EGD7zpR1ui3BVPnkBHwa1iAmkDzgU3XjChwpWzSrUV",
  "verifiableCredential" : [ {
    "type" : [ "VerifiableCredential", "VerifiableAttestation", "VerifiableId" ],
    "@context" : [ "https://www.w3.org/2018/credentials/v1", "https://w3id.org/security/suites/jws-2020/v1" ],
    "id" : "urn:uuid:124f021c-f774-4374-9086-c7bf447e5bb2",
    "issuer" : "did:ebsi:zrcAhdWaxGh8Ljwp72cMKPG",
    "issuanceDate" : "2024-09-12T09:39:46Z",
    "issued" : "2024-09-12T09:39:46Z",
    "validFrom" : "2024-09-12T09:39:46Z",
    "proof" : {
      "type" : "JsonWebSignature2020",
      "creator" : "did:ebsi:zrcAhdWaxGh8Ljwp72cMKPG",
      "created" : "2024-09-12T09:39:46Z",
      "verificationMethod" : "did:ebsi:zrcAhdWaxGh8Ljwp72cMKPG#a5d70b306072448a988274531a7c0f33",
      "jws" : "eyJiNjQiOmZhbHNlLCJjcml0IjpbImI2NCJdLCJhbGciOiJFZERTQSJ9.._IbcuEjzs_FNDUWdUHBKUuOM3ABTyFZ2cduVBCv_zaz30u-lfAho4pfL9QCM0NSbd4s_RK6kafLnfMYCitBvDQ"
    },
    "credentialSchema" : {
      "id" : "https://raw.githubusercontent.com/walt-id/waltid-ssikit-vclib/master/src/test/resources/schemas/VerifiableId.json",
      "type" : "FullJsonSchemaValidator2021"
    },
    "credentialSubject" : {
      "id" : "did:key:z6Mks8EGD7zpR1ui3BVPnkBHwa1iAmkDzgU3XjChwpWzSrUV",
      "currentAddress" : [ "1 Boulevard de la Liberté, 59800 Lille" ],
      "dateOfBirth" : "1993-04-08",
      "familyName" : "DOE",
      "firstName" : "Jane",
      "gender" : "FEMALE",
      "nameAndFamilyNameAtBirth" : "Jane DOE",
      "personalIdentifier" : "0904008084H",
      "placeOfBirth" : "LILLE, FRANCE"
    },
    "evidence" : [ {
      "documentPresence" : [ "Physical" ],
      "evidenceDocument" : [ "Passport" ],
      "subjectPresence" : "Physical",
      "type" : [ "DocumentVerification" ],
      "verifier" : "did:ebsi:2A9BZ9SUe6BatacSpvs1V5CdjHvLpQ7bEsi2Jb6LdHKnQxaN"
    } ]
  } ],
  "proof" : {
    "type" : "JsonWebSignature2020",
    "creator" : "did:key:z6Mks8EGD7zpR1ui3BVPnkBHwa1iAmkDzgU3XjChwpWzSrUV",
    "created" : "2024-09-12T09:39:46Z",
    "proofPurpose" : "authentication",
    "verificationMethod" : "did:key:z6Mks8EGD7zpR1ui3BVPnkBHwa1iAmkDzgU3XjChwpWzSrUV#z6Mks8EGD7zpR1ui3BVPnkBHwa1iAmkDzgU3XjChwpWzSrUV",
    "jws" : "eyJiNjQiOmZhbHNlLCJjcml0IjpbImI2NCJdLCJhbGciOiJFZERTQSJ9..F0iDpXQALjxN-9HUeW66Cj9MqznNg7AFhEOlXeHMLT5JBzLmkw4xjZmbpLRBJLdtgjMivFlFJb7fFbtXsebbDg"
  }
}
10850 [pool-1-thread-1 @coroutine#756] DEBUG id.walt.services.vc.WaltIdJwtCredentialService - Creating a presentation for VCs:
[PresentableCredential(verifiableCredential=eyJraWQiOiJkaWQ6ZWJzaTp6cmNBaGRXYXhHaDhMandwNzJjTUtQRyNhNWQ3MGIzMDYwNzI0NDhhOTg4Mjc0NTMxYTdjMGYzMyIsInR5cCI6IkpXVCIsImFsZyI6IkVkRFNBIn0.eyJzdWIiOiJkaWQ6a2V5Ono2TWtzOEVHRDd6cFIxdWkzQlZQbmtCSHdhMWlBbWtEemdVM1hqQ2h3cFd6U3JVViIsIm5iZiI6MTcyNjEzMzk4NiwiaXNzIjoiZGlkOmVic2k6enJjQWhkV2F4R2g4TGp3cDcyY01LUEciLCJpYXQiOjE3MjYxMzM5ODYsInZjIjp7InR5cGUiOlsiVmVyaWZpYWJsZUNyZWRlbnRpYWwiLCJWZXJpZmlhYmxlQXR0ZXN0YXRpb24iLCJFdXJvcGFzcyJdLCJAY29udGV4dCI6WyJodHRwczovL3d3dy53My5vcmcvMjAxOC9jcmVkZW50aWFscy92MSJdLCJpZCI6InVybjp1dWlkOjk4MjUxMzc2LTlmNTItNDcxZC04ZDg4LWI4M2NkMjM3YjNmZSIsImlzc3VlciI6ImRpZDplYnNpOnpyY0FoZFdheEdoOExqd3A3MmNNS1BHIiwiaXNzdWFuY2VEYXRlIjoiMjAyNC0wOS0xMlQwOTozOTo0NloiLCJpc3N1ZWQiOiIyMDI0LTA5LTEyVDA5OjM5OjQ2WiIsInZhbGlkRnJvbSI6IjIwMjQtMDktMTJUMDk6Mzk6NDZaIiwiY3JlZGVudGlhbFNjaGVtYSI6eyJpZCI6Imh0dHBzOi8vcmF3LmdpdGh1YnVzZXJjb250ZW50LmNvbS93YWx0LWlkL3dhbHRpZC1zc2lraXQtdmNsaWIvbWFzdGVyL3NyYy90ZXN0L3Jlc291cmNlcy9zY2hlbWFzL0V1cm9wYXNzLmpzb24iLCJ0eXBlIjoiSnNvblNjaGVtYVZhbGlkYXRvcjIwMTgifSwiY3JlZGVudGlhbFN1YmplY3QiOnsiaWQiOiJkaWQ6a2V5Ono2TWtzOEVHRDd6cFIxdWkzQlZQbmtCSHdhMWlBbWtEemdVM1hqQ2h3cFd6U3JVViIsImFjaGlldmVkIjpbeyJlbnRpdGxlc1RvIjp7ImRlZmluaXRpb24iOiJDb21wZXRlbmNlcyB0aGUgc3R1ZGVudCBhY3F1aXJlcyBhZnRlciB0aGUgY29tcGxldGlvbiBvZiBHcmFkdWF0ZSB1bml2ZXJzaXR5IHN0dWR5IGFyZSBzdWZmaWNpZW50IGNvbmRpdGlvbnMgZm9yIGF0dGVuZGluZyB0aGUgcHJvZ3JhbW1lIG9mIFBvc3RncmFkdWF0ZSBkb2N0b3JhbCBzdHVkeSBhdCB0aGUgRmFjdWx0eSBvZiBDaXZpbCBFbmdpbmVlcmluZywgQXJjaGl0ZWN0dXJlIGFuZCBHZW9kZXN5IGluIFNwbGl0LCBhcyB3ZWxsIGFzIGZvciBhdHRlbmRpbmcgdGhlIHNhbWUgb3Igc2ltaWxhciBwcm9ncmFtbWVzIGFuZCBQb3N0Z3JhZHVhdGUgc3BlY2lhbGlzdCBzdHVkaWVzIGF0IG90aGVyIGZhY3VsdGllcyBvZiBDaXZpbCBFbmdpbmVlcmluZyBpbiBDcm9hdGlhLiBUaGUgYWNxdWlyZWQgbGVhcm5pbmcgb3V0Y29tZXMgZW5hYmxlIHRoZSBzdHVkZW50IHRvIGF0dGVuZCBvdGhlciBwb3N0Z3JhZHVhdGUgc3R1ZHkgcHJvZ3JhbW1lcyBpbiB0aGUgZmllbGQgb2YgdGVjaG5pY2FsIHNjaWVuY2VzLiAiLCJpZCI6InVybjplcGFzczplbnRpdGxlbWVudDoxIiwiaXNzdWVkRGF0ZSI6IjIwMTktMDktMjAiLCJzcGVjaWZpZWRCeSI6eyJlbnRpdGxlbWVudFR5cGUiOiJodHRwOi8vZGF0YS5ldXJvcGEuZXUvc25iL2VudGl0bGVtZW50LzY0YWFkOTI4ODEiLCJpZCI6InVybjplcGFzczplbnRpdGxlbWVudHNwZWM6MSIsImxpbWl0SnVyaXNkaWN0aW9uIjpbImh0dHA6Ly9wdWJsaWNhdGlvbnMuZXVyb3BhLmV1L3Jlc291cmNlL2F1dGhvcml0eS9jb3VudHJ5L0hSViJdLCJsaW1pdE9yZ2FuaXNhdGlvbiI6WyJkaWQ6ZWJzaTp6c1NnRFhlWVBoWjNBdUtoVEZuZURmMSJdLCJzdGF0dXMiOiJodHRwOi8vZGF0YS5ldXJvcGEuZXUvc25iL2VudGl0bGVtZW50LXN0YXR1cy81YjhkNmIzNGZiIiwidGl0bGUiOiJQb3N0Z3JhZHVhdGUgZG9jdG9yYWwgc3R1ZHkifSwidGl0bGUiOiJQb3N0Z3JhZHVhdGUgZG9jdG9yYWwgc3R1ZHkifSwiaGFzUGFydCI6eyJsZWFybmluZ0FjaGlldmVtZW50cyI6W3siaWQiOiIiLCJpZGVudGlmaWVyIjpbeyJzY2hlbWVJRCI6IkFjaGlldmVtZW50IElEIiwidmFsdWUiOiJHQUI3MDEifV0sInNwZWNpZmllZEJ5IjpbeyJlQ1RTQ3JlZGl0UG9pbnRzIjo1LCJlcWZsTGV2ZWwiOiJodHRwOi8vZGF0YS5ldXJvcGEuZXUvc25iL2VxZi80IiwiaWQiOiJ1cm46ZXBhc3M6cXVhbGlmaWNhdGlvbjoxIiwiaXNQYXJ0aWFsUXVhbGlmaWNhdGlvbiI6dHJ1ZSwibWF4aW11bUR1cmF0aW9uIjoiUDZNIiwibnFmbExldmVsIjoiaHR0cDovL2RhdGEuZXVyb3BhLmV1L3NuYi9xZHIvY180OTY3MmM1YSIsInRpdGxlIjoiQXBwbGllZCBtYXRoZW1hdGljcyIsInZvbHVtZU9mTGVhcm5pbmciOiJQVDYwSCJ9XSwidGl0bGUiOiIiLCJ3YXNBd2FyZGVkQnkiOnsiYXdhcmRpbmdCb2R5IjpbImRpZDplYnNpOnpzU2dEWGVZUGhaM0F1S2hURm5lRGYxIl0sImF3YXJkaW5nRGF0ZSI6IjIwMTktMDktMjBUMDA6MDA6MDArMDI6MDAiLCJpZCI6InVybjplcGFzczphd2FyZGluZ1Byb2Nlc3M6MiJ9LCJ3YXNEZXJpdmVkRnJvbSI6W3siYXNzZXNzZWRCeSI6WyJkaWQ6ZWJzaTp6c1NnRFhlWVBoWjNBdUtoVEZuZURmMSJdLCJncmFkZSI6Imdvb2QgKDMpIiwiaWQiOiJ1cm46ZXBhc3M6YXNzc2Vzc21lbnRzcGVjOjIiLCJzcGVjaWZpZWRCeSI6eyJncmFkaW5nU2NoZW1lIjp7ImRlZmluaXRpb24iOiJUaGUgQ3JvYXRpYW4gbmF0aW9uYWwgZ3JhZGluZyBzY2hlbWUgY29uc2lzdHMgb2YgZml2ZSBncmFkZXMgd2l0aCBudW1lcmljYWwgZXF1aXZhbGVudHM6IGl6dnJzdGFuIOKAkyA1IChvdXRzdGFuZGluZyk7IHZybG8gZG9iYXIg4oCTIDQgKHZlcnkgZ29vZCk7IGRvYmFyIOKAkyAzIChnb29kKTsgZG92b2xqYW4g4oCTIDIgKHN1ZmZpY2llbnQpOyBuZWRvdm9samFuIOKAkyAxIChpbnN1ZmZpY2llbnQgLSBmYWlsKS4gVGhlIG1pbmltdW0gcGFzc2luZyBncmFkZSBpcyBkb3ZvbGphbiDigJMgMi4iLCJpZCI6InVybjplcGFzczpzY29yaW5nc2NoZW1lc3BlYzoyIiwidGl0bGUiOiJHZW5lcmFsIGdyYWRpbmcgc2NoZW1lIGluIENyb2F0aWEifSwiaWQiOiJ1cm46ZXBhc3M6YXNzc2Vzc21lbnRzcGVjOjIiLCJ0aXRsZSI6IkFwcGxpZWQgbWF0aGVtYXRpY3MifSwidGl0bGUiOiJBcHBsaWVkIG1hdGhlbWF0aWNzIn1dLCJ3YXNJbmZsdWVuY2VkQnkiOlt7ImRpcmVjdGVkQnkiOlsiZGlkOmVic2k6enNTZ0RYZVlQaFozQXVLaFRGbmVEZjEiXSwiZW5kZWRBdFRpbWUiOiIyMDE4LTAxLTE0VDAwOjAwOjAwKzAxOjAwIiwiaWQiOiJ1cm46ZXBhc3M6YWN0aXZpdHk6MSIsImlkZW50aWZpZXIiOlt7InNjaGVtZUlEIjoiQWN0aXZpdHkgSUQiLCJ2YWx1ZSI6IkdBQjcwMSJ9XSwibG9jYXRpb24iOlsidXJuOmVwYXNzOmxvY2F0aW9uOjQiXSwic3BlY2lmaWVkQnkiOnsiaWQiOiJ1cm46ZXBhc3M6bGVhcm5pbmdhY3Rpdml0eXNwZWM6MSIsImxhbmd1YWdlIjpbImh0dHA6Ly9wdWJsaWNhdGlvbnMuZXVyb3BhLmV1L3Jlc291cmNlL2F1dGhvcml0eS9sYW5ndWFnZS9IUlYiXSwibGVhcm5pbmdBY3Rpdml0eVR5cGUiOlsiaHR0cDovL2RhdGEuZXVyb3BhLmV1L3NuYi9sZWFybmluZy1hY3Rpdml0eS9mZDMzZTIzNGFlIl0sInRpdGxlIjoiQXBwbGllZCBtYXRoZW1hdGljcyIsIndvcmtsb2FkIjoiUFQ2MEgifSwic3RhcnRlZEF0VGltZSI6IjIwMTctMDktMDRUMDA6MDA6MDArMDI6MDAiLCJ0aXRsZSI6IkFwcGxpZWQgbWF0aGVtYXRpY3MiLCJ3b3JrbG9hZCI6IlBUNjBIIn1dfV19LCJpZCI6InVybjplcGFzczpsZWFybmluZ0FjaGlldmVtZW50OjEiLCJzcGVjaWZpZWRCeSI6W3siZUNUU0NyZWRpdFBvaW50cyI6MTIwLCJlbnRyeVJlcXVpcmVtZW50c05vdGUiOiJUaGUgbWluaW11bSBlZHVjYXRpb25hbCByZXF1aXJlbWVudCBmb3IgZW5yb2xtZW50IGludG8gZ3JhZHVhdGUgdW5pdmVyc2l0eSBwcm9ncmFtbWVzIGlzIHRoZSBjb21wbGV0aW9uIG9mIGFuIHVuZGVyZ3JhZHVhdGUgdW5pdmVyc2l0eSBwcm9ncmFtbWUuIFRoZSB1bml2ZXJzaXR5IGNhbiBhbGxvdyBzdHVkZW50cyB3aG8gaGF2ZSBjb21wbGV0ZWQgYSBwcm9mZXNzaW9uYWwgcHJvZ3JhbW1lIHRvIGFsc28gZW5yb2wgZ3JhZHVhdGUgdW5pdmVyc2l0eSBwcm9ncmFtbWVzLCBidXQgdGhleSBhcmUgYWxsb3dlZCB0byBzZXQgc3BlY2lhbCByZXF1aXJlbWVudHMgaW4gdGhlc2UgY2FzZXMuXG5UaGUgbWluaW11bSBlZHVjYXRpb25hbCByZXF1aXJlbWVudCBmb3IgZW5yb2xtZW50IGludG8gc3BlY2lhbGlzdCBncmFkdWF0ZSBwcm9mZXNzaW9uYWwgcHJvZ3JhbW1lcyBpcyB0aGUgY29tcGxldGlvbiBvZiBhbiB1bmRlcmdyYWR1YXRlIHVuaXZlcnNpdHkgcHJvZ3JhbW1lIG9yIGEgcHJvZmVzc2lvbmFsIHByb2dyYW1tZSAoZmlyc3QgY3ljbGUpLiIsImVxZmxMZXZlbCI6Imh0dHA6Ly9kYXRhLmV1cm9wYS5ldS9zbmIvZXFmLzUiLCJpZCI6InVybjplcGFzczpxdWFsaWZpY2F0aW9uOjIwIiwiaXNQYXJ0aWFsUXVhbGlmaWNhdGlvbiI6ZmFsc2UsIm1heGltdW1EdXJhdGlvbiI6IlAyMU0iLCJucWZsTGV2ZWwiOiJodHRwOi8vZGF0YS5ldXJvcGEuZXUvc25iL3Fkci9jX2RjYzlhY2ExIiwidGl0bGUiOiJNYXN0ZXIgb2YgU2NpZW5jZSBpbiBDaXZpbCBFbmdpbmVlcmluZyIsInZvbHVtZU9mTGVhcm5pbmciOiJQVDE0NDBIIn1dLCJ0aXRsZSI6Ik1hc3RlciBvZiBTY2llbmNlIGluIENpdmlsIEVuZ2luZWVyaW5nIiwid2FzQXdhcmRlZEJ5Ijp7ImF3YXJkaW5nQm9keSI6WyJkaWQ6ZWJzaTp6c1NnRFhlWVBoWjNBdUtoVEZuZURmMSJdLCJhd2FyZGluZ0RhdGUiOiIyMDE5LTA5LTIwVDAwOjAwOjAwKzAyOjAwIiwiaWQiOiJ1cm46ZXBhc3M6YXdhcmRpbmdQcm9jZXNzOjEifSwid2FzRGVyaXZlZEZyb20iOlt7ImFzc2Vzc2VkQnkiOlsiZGlkOmVic2k6enNTZ0RYZVlQaFozQXVLaFRGbmVEZjEiXSwiZ3JhZGUiOiJleGNlbGxlbnQgKDUpIiwiaWQiOiJ1cm46ZXBhc3M6YXNzZXNzbWVudDoxIiwic3BlY2lmaWVkQnkiOnsiZ3JhZGluZ1NjaGVtZSI6eyJkZWZpbml0aW9uIjoiVGhlIENyb2F0aWFuIG5hdGlvbmFsIGdyYWRpbmcgc2NoZW1lIGNvbnNpc3RzIG9mIGZpdmUgZ3JhZGVzIHdpdGggbnVtZXJpY2FsIGVxdWl2YWxlbnRzOiBpenZyc3RhbiDigJMgNSAob3V0c3RhbmRpbmcpOyB2cmxvIGRvYmFyIOKAkyA0ICh2ZXJ5IGdvb2QpOyBkb2JhciDigJMgMyAoZ29vZCk7IGRvdm9samFuIOKAkyAyIChzdWZmaWNpZW50KTsgbmVkb3ZvbGphbiDigJMgMSAoaW5zdWZmaWNpZW50IC0gZmFpbCkuIFRoZSBtaW5pbXVtIHBhc3NpbmcgZ3JhZGUgaXMgZG92b2xqYW4g4oCTIDIuIiwiaWQiOiJ1cm46ZXBhc3M6c2NvcmluZ3NjaGVtZXNwZWM6MSIsInRpdGxlIjoiR2VuZXJhbCBncmFkaW5nIHNjaGVtZSBpbiBDcm9hdGlhIn0sImlkIjoidXJuOmVwYXNzOmFzc3Nlc3NtZW50c3BlYzoxIiwidGl0bGUiOiJPdmVyYWxsIERpcGxvbWEgQXNzZXNzbWVudCJ9LCJ0aXRsZSI6Ik92ZXJhbGwgRGlwbG9tYSBBc3Nlc3NtZW50In1dLCJ3YXNJbmZsdWVuY2VkQnkiOlt7ImRpcmVjdGVkQnkiOlsiZGlkOmVic2k6enNTZ0RYZVlQaFozQXVLaFRGbmVEZjEiXSwiZW5kZWRBdFRpbWUiOiIyMDE4LTAxLTE0VDAwOjAwOjAwKzAxOjAwIiwiaWQiOiJ1cm46ZXBhc3M6bGVhcm5pbmdBY2hpZXZlbWVudDoxIiwiaWRlbnRpZmllciI6W3sic2NoZW1lSUQiOiJBY3Rpdml0eSBJRCIsInZhbHVlIjoiR0FCNzAxIn1dLCJsb2NhdGlvbiI6WyJ1cm46ZXBhc3M6bG9jYXRpb246NCJdLCJzcGVjaWZpZWRCeSI6eyJpZCI6InVybjplcGFzczpsZWFybmluZ2FjdGl2aXR5c3BlYzoxIiwibGFuZ3VhZ2UiOlsiaHR0cDovL3B1YmxpY2F0aW9ucy5ldXJvcGEuZXUvcmVzb3VyY2UvYXV0aG9yaXR5L2xhbmd1YWdlL0hSViJdLCJsZWFybmluZ0FjdGl2aXR5VHlwZSI6WyJodHRwOi8vZGF0YS5ldXJvcGEuZXUvc25iL2xlYXJuaW5nLWFjdGl2aXR5L2ZkMzNlMjM0YWUiXSwidGl0bGUiOiJBcHBsaWVkIG1hdGhlbWF0aWNzIiwid29ya2xvYWQiOiJQVDYwSCJ9LCJzdGFydGVkQXRUaW1lIjoiMjAxNy0wOS0wNFQwMDowMDowMCswMjowMCIsInRpdGxlIjoiTWFzdGVyIG9mIFNjaWVuY2UgaW4gQ2l2aWwgRW5naW5lZXJpbmciLCJ3b3JrbG9hZCI6IlBUNjBIIn1dfV0sImlkZW50aWZpZXIiOnsic2NoZW1lSUQiOiJTdHVkZW50IGlkZW50aWZpY2F0aW9uIG51bWJlciIsInZhbHVlIjoiOTkwMDk5MDAifX0sImNyZWRlbnRpYWxTdGF0dXMiOnsiaWQiOiJodHRwczovL2Vzc2lmLmV1cm9wYS5ldS9zdGF0dXMvZWR1Y2F0aW9uI2hpZ2hlckVkdWNhdGlvbiM1MWU0MmZkYS1jYjBhLTQzMzMtYjZhNi0zNWNiMTQ3ZTFhODgiLCJ0eXBlIjoiVHJ1c3RlZENyZWRlbnRpYWxTdGF0dXMyMDIxIn19LCJqdGkiOiJ1cm46dXVpZDo5ODI1MTM3Ni05ZjUyLTQ3MWQtOGQ4OC1iODNjZDIzN2IzZmUifQ.y3TIgU_RoonvBOZwoTLm2ajBEvrtmv8KIYXpd0WiYnak2GEP4JSYJjjp3VnM5371k6T1T2_EJz6WmAdVQKGSAA, selectiveDisclosure=null, discloseAll=false)]
10850 [pool-1-thread-1 @coroutine#756] DEBUG id.walt.model.DidUrl - Trying to create DidUrl from URL: "did:key:z6Mks8EGD7zpR1ui3BVPnkBHwa1iAmkDzgU3XjChwpWzSrUV"...
10850 [pool-1-thread-1 @coroutine#756] DEBUG id.walt.services.vc.WaltIdJwtCredentialService - Signing JWT object with config: ProofConfig(issuerDid=did:key:z6Mks8EGD7zpR1ui3BVPnkBHwa1iAmkDzgU3XjChwpWzSrUV, subjectDid=did:key:z6Mks8EGD7zpR1ui3BVPnkBHwa1iAmkDzgU3XjChwpWzSrUV, verifierDid=null, issuerVerificationMethod=did:key:z6Mks8EGD7zpR1ui3BVPnkBHwa1iAmkDzgU3XjChwpWzSrUV#z6Mks8EGD7zpR1ui3BVPnkBHwa1iAmkDzgU3XjChwpWzSrUV, proofType=JWT, domain=null, nonce=null, proofPurpose=null, credentialId=urn:uuid:32918587-90bb-405b-b453-818fe5470740, issueDate=null, validDate=null, expirationDate=null, dataProviderIdentifier=null, ldSignatureType=null, creator=did:key:z6Mks8EGD7zpR1ui3BVPnkBHwa1iAmkDzgU3XjChwpWzSrUV, ecosystem=DEFAULT, statusType=null, statusPurpose=revocation, credentialsEndpoint=null, selectiveDisclosure=null)
10850 [pool-1-thread-1 @coroutine#756] DEBUG id.walt.services.vc.WaltIdJwtCredentialService - Signing: {"sub":"did:key:z6Mks8EGD7zpR1ui3BVPnkBHwa1iAmkDzgU3XjChwpWzSrUV","nbf":1726133986,"iss":"did:key:z6Mks8EGD7zpR1ui3BVPnkBHwa1iAmkDzgU3XjChwpWzSrUV","vp":{"type":["VerifiablePresentation"],"@context":["https://www.w3.org/2018/credentials/v1"],"id":"urn:uuid:32918587-90bb-405b-b453-818fe5470740","holder":"did:key:z6Mks8EGD7zpR1ui3BVPnkBHwa1iAmkDzgU3XjChwpWzSrUV","verifiableCredential":["eyJraWQiOiJkaWQ6ZWJzaTp6cmNBaGRXYXhHaDhMandwNzJjTUtQRyNhNWQ3MGIzMDYwNzI0NDhhOTg4Mjc0NTMxYTdjMGYzMyIsInR5cCI6IkpXVCIsImFsZyI6IkVkRFNBIn0.eyJzdWIiOiJkaWQ6a2V5Ono2TWtzOEVHRDd6cFIxdWkzQlZQbmtCSHdhMWlBbWtEemdVM1hqQ2h3cFd6U3JVViIsIm5iZiI6MTcyNjEzMzk4NiwiaXNzIjoiZGlkOmVic2k6enJjQWhkV2F4R2g4TGp3cDcyY01LUEciLCJpYXQiOjE3MjYxMzM5ODYsInZjIjp7InR5cGUiOlsiVmVyaWZpYWJsZUNyZWRlbnRpYWwiLCJWZXJpZmlhYmxlQXR0ZXN0YXRpb24iLCJFdXJvcGFzcyJdLCJAY29udGV4dCI6WyJodHRwczovL3d3dy53My5vcmcvMjAxOC9jcmVkZW50aWFscy92MSJdLCJpZCI6InVybjp1dWlkOjk4MjUxMzc2LTlmNTItNDcxZC04ZDg4LWI4M2NkMjM3YjNmZSIsImlzc3VlciI6ImRpZDplYnNpOnpyY0FoZFdheEdoOExqd3A3MmNNS1BHIiwiaXNzdWFuY2VEYXRlIjoiMjAyNC0wOS0xMlQwOTozOTo0NloiLCJpc3N1ZWQiOiIyMDI0LTA5LTEyVDA5OjM5OjQ2WiIsInZhbGlkRnJvbSI6IjIwMjQtMDktMTJUMDk6Mzk6NDZaIiwiY3JlZGVudGlhbFNjaGVtYSI6eyJpZCI6Imh0dHBzOi8vcmF3LmdpdGh1YnVzZXJjb250ZW50LmNvbS93YWx0LWlkL3dhbHRpZC1zc2lraXQtdmNsaWIvbWFzdGVyL3NyYy90ZXN0L3Jlc291cmNlcy9zY2hlbWFzL0V1cm9wYXNzLmpzb24iLCJ0eXBlIjoiSnNvblNjaGVtYVZhbGlkYXRvcjIwMTgifSwiY3JlZGVudGlhbFN1YmplY3QiOnsiaWQiOiJkaWQ6a2V5Ono2TWtzOEVHRDd6cFIxdWkzQlZQbmtCSHdhMWlBbWtEemdVM1hqQ2h3cFd6U3JVViIsImFjaGlldmVkIjpbeyJlbnRpdGxlc1RvIjp7ImRlZmluaXRpb24iOiJDb21wZXRlbmNlcyB0aGUgc3R1ZGVudCBhY3F1aXJlcyBhZnRlciB0aGUgY29tcGxldGlvbiBvZiBHcmFkdWF0ZSB1bml2ZXJzaXR5IHN0dWR5IGFyZSBzdWZmaWNpZW50IGNvbmRpdGlvbnMgZm9yIGF0dGVuZGluZyB0aGUgcHJvZ3JhbW1lIG9mIFBvc3RncmFkdWF0ZSBkb2N0b3JhbCBzdHVkeSBhdCB0aGUgRmFjdWx0eSBvZiBDaXZpbCBFbmdpbmVlcmluZywgQXJjaGl0ZWN0dXJlIGFuZCBHZW9kZXN5IGluIFNwbGl0LCBhcyB3ZWxsIGFzIGZvciBhdHRlbmRpbmcgdGhlIHNhbWUgb3Igc2ltaWxhciBwcm9ncmFtbWVzIGFuZCBQb3N0Z3JhZHVhdGUgc3BlY2lhbGlzdCBzdHVkaWVzIGF0IG90aGVyIGZhY3VsdGllcyBvZiBDaXZpbCBFbmdpbmVlcmluZyBpbiBDcm9hdGlhLiBUaGUgYWNxdWlyZWQgbGVhcm5pbmcgb3V0Y29tZXMgZW5hYmxlIHRoZSBzdHVkZW50IHRvIGF0dGVuZCBvdGhlciBwb3N0Z3JhZHVhdGUgc3R1ZHkgcHJvZ3JhbW1lcyBpbiB0aGUgZmllbGQgb2YgdGVjaG5pY2FsIHNjaWVuY2VzLiAiLCJpZCI6InVybjplcGFzczplbnRpdGxlbWVudDoxIiwiaXNzdWVkRGF0ZSI6IjIwMTktMDktMjAiLCJzcGVjaWZpZWRCeSI6eyJlbnRpdGxlbWVudFR5cGUiOiJodHRwOi8vZGF0YS5ldXJvcGEuZXUvc25iL2VudGl0bGVtZW50LzY0YWFkOTI4ODEiLCJpZCI6InVybjplcGFzczplbnRpdGxlbWVudHNwZWM6MSIsImxpbWl0SnVyaXNkaWN0aW9uIjpbImh0dHA6Ly9wdWJsaWNhdGlvbnMuZXVyb3BhLmV1L3Jlc291cmNlL2F1dGhvcml0eS9jb3VudHJ5L0hSViJdLCJsaW1pdE9yZ2FuaXNhdGlvbiI6WyJkaWQ6ZWJzaTp6c1NnRFhlWVBoWjNBdUtoVEZuZURmMSJdLCJzdGF0dXMiOiJodHRwOi8vZGF0YS5ldXJvcGEuZXUvc25iL2VudGl0bGVtZW50LXN0YXR1cy81YjhkNmIzNGZiIiwidGl0bGUiOiJQb3N0Z3JhZHVhdGUgZG9jdG9yYWwgc3R1ZHkifSwidGl0bGUiOiJQb3N0Z3JhZHVhdGUgZG9jdG9yYWwgc3R1ZHkifSwiaGFzUGFydCI6eyJsZWFybmluZ0FjaGlldmVtZW50cyI6W3siaWQiOiIiLCJpZGVudGlmaWVyIjpbeyJzY2hlbWVJRCI6IkFjaGlldmVtZW50IElEIiwidmFsdWUiOiJHQUI3MDEifV0sInNwZWNpZmllZEJ5IjpbeyJlQ1RTQ3JlZGl0UG9pbnRzIjo1LCJlcWZsTGV2ZWwiOiJodHRwOi8vZGF0YS5ldXJvcGEuZXUvc25iL2VxZi80IiwiaWQiOiJ1cm46ZXBhc3M6cXVhbGlmaWNhdGlvbjoxIiwiaXNQYXJ0aWFsUXVhbGlmaWNhdGlvbiI6dHJ1ZSwibWF4aW11bUR1cmF0aW9uIjoiUDZNIiwibnFmbExldmVsIjoiaHR0cDovL2RhdGEuZXVyb3BhLmV1L3NuYi9xZHIvY180OTY3MmM1YSIsInRpdGxlIjoiQXBwbGllZCBtYXRoZW1hdGljcyIsInZvbHVtZU9mTGVhcm5pbmciOiJQVDYwSCJ9XSwidGl0bGUiOiIiLCJ3YXNBd2FyZGVkQnkiOnsiYXdhcmRpbmdCb2R5IjpbImRpZDplYnNpOnpzU2dEWGVZUGhaM0F1S2hURm5lRGYxIl0sImF3YXJkaW5nRGF0ZSI6IjIwMTktMDktMjBUMDA6MDA6MDArMDI6MDAiLCJpZCI6InVybjplcGFzczphd2FyZGluZ1Byb2Nlc3M6MiJ9LCJ3YXNEZXJpdmVkRnJvbSI6W3siYXNzZXNzZWRCeSI6WyJkaWQ6ZWJzaTp6c1NnRFhlWVBoWjNBdUtoVEZuZURmMSJdLCJncmFkZSI6Imdvb2QgKDMpIiwiaWQiOiJ1cm46ZXBhc3M6YXNzc2Vzc21lbnRzcGVjOjIiLCJzcGVjaWZpZWRCeSI6eyJncmFkaW5nU2NoZW1lIjp7ImRlZmluaXRpb24iOiJUaGUgQ3JvYXRpYW4gbmF0aW9uYWwgZ3JhZGluZyBzY2hlbWUgY29uc2lzdHMgb2YgZml2ZSBncmFkZXMgd2l0aCBudW1lcmljYWwgZXF1aXZhbGVudHM6IGl6dnJzdGFuIOKAkyA1IChvdXRzdGFuZGluZyk7IHZybG8gZG9iYXIg4oCTIDQgKHZlcnkgZ29vZCk7IGRvYmFyIOKAkyAzIChnb29kKTsgZG92b2xqYW4g4oCTIDIgKHN1ZmZpY2llbnQpOyBuZWRvdm9samFuIOKAkyAxIChpbnN1ZmZpY2llbnQgLSBmYWlsKS4gVGhlIG1pbmltdW0gcGFzc2luZyBncmFkZSBpcyBkb3ZvbGphbiDigJMgMi4iLCJpZCI6InVybjplcGFzczpzY29yaW5nc2NoZW1lc3BlYzoyIiwidGl0bGUiOiJHZW5lcmFsIGdyYWRpbmcgc2NoZW1lIGluIENyb2F0aWEifSwiaWQiOiJ1cm46ZXBhc3M6YXNzc2Vzc21lbnRzcGVjOjIiLCJ0aXRsZSI6IkFwcGxpZWQgbWF0aGVtYXRpY3MifSwidGl0bGUiOiJBcHBsaWVkIG1hdGhlbWF0aWNzIn1dLCJ3YXNJbmZsdWVuY2VkQnkiOlt7ImRpcmVjdGVkQnkiOlsiZGlkOmVic2k6enNTZ0RYZVlQaFozQXVLaFRGbmVEZjEiXSwiZW5kZWRBdFRpbWUiOiIyMDE4LTAxLTE0VDAwOjAwOjAwKzAxOjAwIiwiaWQiOiJ1cm46ZXBhc3M6YWN0aXZpdHk6MSIsImlkZW50aWZpZXIiOlt7InNjaGVtZUlEIjoiQWN0aXZpdHkgSUQiLCJ2YWx1ZSI6IkdBQjcwMSJ9XSwibG9jYXRpb24iOlsidXJuOmVwYXNzOmxvY2F0aW9uOjQiXSwic3BlY2lmaWVkQnkiOnsiaWQiOiJ1cm46ZXBhc3M6bGVhcm5pbmdhY3Rpdml0eXNwZWM6MSIsImxhbmd1YWdlIjpbImh0dHA6Ly9wdWJsaWNhdGlvbnMuZXVyb3BhLmV1L3Jlc291cmNlL2F1dGhvcml0eS9sYW5ndWFnZS9IUlYiXSwibGVhcm5pbmdBY3Rpdml0eVR5cGUiOlsiaHR0cDovL2RhdGEuZXVyb3BhLmV1L3NuYi9sZWFybmluZy1hY3Rpdml0eS9mZDMzZTIzNGFlIl0sInRpdGxlIjoiQXBwbGllZCBtYXRoZW1hdGljcyIsIndvcmtsb2FkIjoiUFQ2MEgifSwic3RhcnRlZEF0VGltZSI6IjIwMTctMDktMDRUMDA6MDA6MDArMDI6MDAiLCJ0aXRsZSI6IkFwcGxpZWQgbWF0aGVtYXRpY3MiLCJ3b3JrbG9hZCI6IlBUNjBIIn1dfV19LCJpZCI6InVybjplcGFzczpsZWFybmluZ0FjaGlldmVtZW50OjEiLCJzcGVjaWZpZWRCeSI6W3siZUNUU0NyZWRpdFBvaW50cyI6MTIwLCJlbnRyeVJlcXVpcmVtZW50c05vdGUiOiJUaGUgbWluaW11bSBlZHVjYXRpb25hbCByZXF1aXJlbWVudCBmb3IgZW5yb2xtZW50IGludG8gZ3JhZHVhdGUgdW5pdmVyc2l0eSBwcm9ncmFtbWVzIGlzIHRoZSBjb21wbGV0aW9uIG9mIGFuIHVuZGVyZ3JhZHVhdGUgdW5pdmVyc2l0eSBwcm9ncmFtbWUuIFRoZSB1bml2ZXJzaXR5IGNhbiBhbGxvdyBzdHVkZW50cyB3aG8gaGF2ZSBjb21wbGV0ZWQgYSBwcm9mZXNzaW9uYWwgcHJvZ3JhbW1lIHRvIGFsc28gZW5yb2wgZ3JhZHVhdGUgdW5pdmVyc2l0eSBwcm9ncmFtbWVzLCBidXQgdGhleSBhcmUgYWxsb3dlZCB0byBzZXQgc3BlY2lhbCByZXF1aXJlbWVudHMgaW4gdGhlc2UgY2FzZXMuXG5UaGUgbWluaW11bSBlZHVjYXRpb25hbCByZXF1aXJlbWVudCBmb3IgZW5yb2xtZW50IGludG8gc3BlY2lhbGlzdCBncmFkdWF0ZSBwcm9mZXNzaW9uYWwgcHJvZ3JhbW1lcyBpcyB0aGUgY29tcGxldGlvbiBvZiBhbiB1bmRlcmdyYWR1YXRlIHVuaXZlcnNpdHkgcHJvZ3JhbW1lIG9yIGEgcHJvZmVzc2lvbmFsIHByb2dyYW1tZSAoZmlyc3QgY3ljbGUpLiIsImVxZmxMZXZlbCI6Imh0dHA6Ly9kYXRhLmV1cm9wYS5ldS9zbmIvZXFmLzUiLCJpZCI6InVybjplcGFzczpxdWFsaWZpY2F0aW9uOjIwIiwiaXNQYXJ0aWFsUXVhbGlmaWNhdGlvbiI6ZmFsc2UsIm1heGltdW1EdXJhdGlvbiI6IlAyMU0iLCJucWZsTGV2ZWwiOiJodHRwOi8vZGF0YS5ldXJvcGEuZXUvc25iL3Fkci9jX2RjYzlhY2ExIiwidGl0bGUiOiJNYXN0ZXIgb2YgU2NpZW5jZSBpbiBDaXZpbCBFbmdpbmVlcmluZyIsInZvbHVtZU9mTGVhcm5pbmciOiJQVDE0NDBIIn1dLCJ0aXRsZSI6Ik1hc3RlciBvZiBTY2llbmNlIGluIENpdmlsIEVuZ2luZWVyaW5nIiwid2FzQXdhcmRlZEJ5Ijp7ImF3YXJkaW5nQm9keSI6WyJkaWQ6ZWJzaTp6c1NnRFhlWVBoWjNBdUtoVEZuZURmMSJdLCJhd2FyZGluZ0RhdGUiOiIyMDE5LTA5LTIwVDAwOjAwOjAwKzAyOjAwIiwiaWQiOiJ1cm46ZXBhc3M6YXdhcmRpbmdQcm9jZXNzOjEifSwid2FzRGVyaXZlZEZyb20iOlt7ImFzc2Vzc2VkQnkiOlsiZGlkOmVic2k6enNTZ0RYZVlQaFozQXVLaFRGbmVEZjEiXSwiZ3JhZGUiOiJleGNlbGxlbnQgKDUpIiwiaWQiOiJ1cm46ZXBhc3M6YXNzZXNzbWVudDoxIiwic3BlY2lmaWVkQnkiOnsiZ3JhZGluZ1NjaGVtZSI6eyJkZWZpbml0aW9uIjoiVGhlIENyb2F0aWFuIG5hdGlvbmFsIGdyYWRpbmcgc2NoZW1lIGNvbnNpc3RzIG9mIGZpdmUgZ3JhZGVzIHdpdGggbnVtZXJpY2FsIGVxdWl2YWxlbnRzOiBpenZyc3RhbiDigJMgNSAob3V0c3RhbmRpbmcpOyB2cmxvIGRvYmFyIOKAkyA0ICh2ZXJ5IGdvb2QpOyBkb2JhciDigJMgMyAoZ29vZCk7IGRvdm9samFuIOKAkyAyIChzdWZmaWNpZW50KTsgbmVkb3ZvbGphbiDigJMgMSAoaW5zdWZmaWNpZW50IC0gZmFpbCkuIFRoZSBtaW5pbXVtIHBhc3NpbmcgZ3JhZGUgaXMgZG92b2xqYW4g4oCTIDIuIiwiaWQiOiJ1cm46ZXBhc3M6c2NvcmluZ3NjaGVtZXNwZWM6MSIsInRpdGxlIjoiR2VuZXJhbCBncmFkaW5nIHNjaGVtZSBpbiBDcm9hdGlhIn0sImlkIjoidXJuOmVwYXNzOmFzc3Nlc3NtZW50c3BlYzoxIiwidGl0bGUiOiJPdmVyYWxsIERpcGxvbWEgQXNzZXNzbWVudCJ9LCJ0aXRsZSI6Ik92ZXJhbGwgRGlwbG9tYSBBc3Nlc3NtZW50In1dLCJ3YXNJbmZsdWVuY2VkQnkiOlt7ImRpcmVjdGVkQnkiOlsiZGlkOmVic2k6enNTZ0RYZVlQaFozQXVLaFRGbmVEZjEiXSwiZW5kZWRBdFRpbWUiOiIyMDE4LTAxLTE0VDAwOjAwOjAwKzAxOjAwIiwiaWQiOiJ1cm46ZXBhc3M6bGVhcm5pbmdBY2hpZXZlbWVudDoxIiwiaWRlbnRpZmllciI6W3sic2NoZW1lSUQiOiJBY3Rpdml0eSBJRCIsInZhbHVlIjoiR0FCNzAxIn1dLCJsb2NhdGlvbiI6WyJ1cm46ZXBhc3M6bG9jYXRpb246NCJdLCJzcGVjaWZpZWRCeSI6eyJpZCI6InVybjplcGFzczpsZWFybmluZ2FjdGl2aXR5c3BlYzoxIiwibGFuZ3VhZ2UiOlsiaHR0cDovL3B1YmxpY2F0aW9ucy5ldXJvcGEuZXUvcmVzb3VyY2UvYXV0aG9yaXR5L2xhbmd1YWdlL0hSViJdLCJsZWFybmluZ0FjdGl2aXR5VHlwZSI6WyJodHRwOi8vZGF0YS5ldXJvcGEuZXUvc25iL2xlYXJuaW5nLWFjdGl2aXR5L2ZkMzNlMjM0YWUiXSwidGl0bGUiOiJBcHBsaWVkIG1hdGhlbWF0aWNzIiwid29ya2xvYWQiOiJQVDYwSCJ9LCJzdGFydGVkQXRUaW1lIjoiMjAxNy0wOS0wNFQwMDowMDowMCswMjowMCIsInRpdGxlIjoiTWFzdGVyIG9mIFNjaWVuY2UgaW4gQ2l2aWwgRW5naW5lZXJpbmciLCJ3b3JrbG9hZCI6IlBUNjBIIn1dfV0sImlkZW50aWZpZXIiOnsic2NoZW1lSUQiOiJTdHVkZW50IGlkZW50aWZpY2F0aW9uIG51bWJlciIsInZhbHVlIjoiOTkwMDk5MDAifX0sImNyZWRlbnRpYWxTdGF0dXMiOnsiaWQiOiJodHRwczovL2Vzc2lmLmV1cm9wYS5ldS9zdGF0dXMvZWR1Y2F0aW9uI2hpZ2hlckVkdWNhdGlvbiM1MWU0MmZkYS1jYjBhLTQzMzMtYjZhNi0zNWNiMTQ3ZTFhODgiLCJ0eXBlIjoiVHJ1c3RlZENyZWRlbnRpYWxTdGF0dXMyMDIxIn19LCJqdGkiOiJ1cm46dXVpZDo5ODI1MTM3Ni05ZjUyLTQ3MWQtOGQ4OC1iODNjZDIzN2IzZmUifQ.y3TIgU_RoonvBOZwoTLm2ajBEvrtmv8KIYXpd0WiYnak2GEP4JSYJjjp3VnM5371k6T1T2_EJz6WmAdVQKGSAA"]},"iat":1726133986,"jti":"urn:uuid:32918587-90bb-405b-b453-818fe5470740"}
10851 [pool-1-thread-1 @coroutine#756] DEBUG id.walt.services.keystore.SqlKeyStoreService - Loading key "did:key:z6Mks8EGD7zpR1ui3BVPnkBHwa1iAmkDzgU3XjChwpWzSrUV#z6Mks8EGD7zpR1ui3BVPnkBHwa1iAmkDzgU3XjChwpWzSrUV"...
10851 [pool-1-thread-1 @coroutine#756] DEBUG id.walt.services.jwt.WaltIdJwtService - Signing JWT with algorithm: EdDSA_Ed25519
10851 [pool-1-thread-1 @coroutine#756] DEBUG id.walt.model.DidUrl - Trying to create DidUrl from URL: "did:key:z6Mks8EGD7zpR1ui3BVPnkBHwa1iAmkDzgU3XjChwpWzSrUV#z6Mks8EGD7zpR1ui3BVPnkBHwa1iAmkDzgU3XjChwpWzSrUV"...
10851 [pool-1-thread-1 @coroutine#756] DEBUG id.walt.services.keystore.SqlKeyStoreService - Loading key "e019f6f7093a4fe1b94963a587726990"...
10852 [pool-1-thread-1 @coroutine#756] DEBUG id.walt.services.jwt.WaltIdJwtService - Signed JWT:  eyJraWQiOiJkaWQ6a2V5Ono2TWtzOEVHRDd6cFIxdWkzQlZQbmtCSHdhMWlBbWtEemdVM1hqQ2h3cFd6U3JVViN6Nk1rczhFR0Q3enBSMXVpM0JWUG5rQkh3YTFpQW1rRHpnVTNYakNod3BXelNyVVYiLCJ0eXAiOiJKV1QiLCJhbGciOiJFZERTQSJ9.eyJzdWIiOiJkaWQ6a2V5Ono2TWtzOEVHRDd6cFIxdWkzQlZQbmtCSHdhMWlBbWtEemdVM1hqQ2h3cFd6U3JVViIsIm5iZiI6MTcyNjEzMzk4NiwiaXNzIjoiZGlkOmtleTp6Nk1rczhFR0Q3enBSMXVpM0JWUG5rQkh3YTFpQW1rRHpnVTNYakNod3BXelNyVVYiLCJ2cCI6eyJ0eXBlIjpbIlZlcmlmaWFibGVQcmVzZW50YXRpb24iXSwiQGNvbnRleHQiOlsiaHR0cHM6Ly93d3cudzMub3JnLzIwMTgvY3JlZGVudGlhbHMvdjEiXSwiaWQiOiJ1cm46dXVpZDozMjkxODU4Ny05MGJiLTQwNWItYjQ1My04MThmZTU0NzA3NDAiLCJob2xkZXIiOiJkaWQ6a2V5Ono2TWtzOEVHRDd6cFIxdWkzQlZQbmtCSHdhMWlBbWtEemdVM1hqQ2h3cFd6U3JVViIsInZlcmlmaWFibGVDcmVkZW50aWFsIjpbImV5SnJhV1FpT2lKa2FXUTZaV0p6YVRwNmNtTkJhR1JYWVhoSGFEaE1hbmR3TnpKalRVdFFSeU5oTldRM01HSXpNRFl3TnpJME5EaGhPVGc0TWpjME5UTXhZVGRqTUdZek15SXNJblI1Y0NJNklrcFhWQ0lzSW1Gc1p5STZJa1ZrUkZOQkluMC5leUp6ZFdJaU9pSmthV1E2YTJWNU9ubzJUV3R6T0VWSFJEZDZjRkl4ZFdrelFsWlFibXRDU0hkaE1XbEJiV3RFZW1kVk0xaHFRMmgzY0ZkNlUzSlZWaUlzSW01aVppSTZNVGN5TmpFek16azROaXdpYVhOeklqb2laR2xrT21WaWMyazZlbkpqUVdoa1YyRjRSMmc0VEdwM2NEY3lZMDFMVUVjaUxDSnBZWFFpT2pFM01qWXhNek01T0RZc0luWmpJanA3SW5SNWNHVWlPbHNpVm1WeWFXWnBZV0pzWlVOeVpXUmxiblJwWVd3aUxDSldaWEpwWm1saFlteGxRWFIwWlhOMFlYUnBiMjRpTENKRmRYSnZjR0Z6Y3lKZExDSkFZMjl1ZEdWNGRDSTZXeUpvZEhSd2N6b3ZMM2QzZHk1M015NXZjbWN2TWpBeE9DOWpjbVZrWlc1MGFXRnNjeTkyTVNKZExDSnBaQ0k2SW5WeWJqcDFkV2xrT2prNE1qVXhNemMyTFRsbU5USXRORGN4WkMwNFpEZzRMV0k0TTJOa01qTTNZak5tWlNJc0ltbHpjM1ZsY2lJNkltUnBaRHBsWW5OcE9ucHlZMEZvWkZkaGVFZG9PRXhxZDNBM01tTk5TMUJISWl3aWFYTnpkV0Z1WTJWRVlYUmxJam9pTWpBeU5DMHdPUzB4TWxRd09Ub3pPVG8wTmxvaUxDSnBjM04xWldRaU9pSXlNREkwTFRBNUxURXlWREE1T2pNNU9qUTJXaUlzSW5aaGJHbGtSbkp2YlNJNklqSXdNalF0TURrdE1USlVNRGs2TXprNk5EWmFJaXdpWTNKbFpHVnVkR2xoYkZOamFHVnRZU0k2ZXlKcFpDSTZJbWgwZEhCek9pOHZjbUYzTG1kcGRHaDFZblZ6WlhKamIyNTBaVzUwTG1OdmJTOTNZV3gwTFdsa0wzZGhiSFJwWkMxemMybHJhWFF0ZG1Oc2FXSXZiV0Z6ZEdWeUwzTnlZeTkwWlhOMEwzSmxjMjkxY21ObGN5OXpZMmhsYldGekwwVjFjbTl3WVhOekxtcHpiMjRpTENKMGVYQmxJam9pU25OdmJsTmphR1Z0WVZaaGJHbGtZWFJ2Y2pJd01UZ2lmU3dpWTNKbFpHVnVkR2xoYkZOMVltcGxZM1FpT25zaWFXUWlPaUprYVdRNmEyVjVPbm8yVFd0ek9FVkhSRGQ2Y0ZJeGRXa3pRbFpRYm10Q1NIZGhNV2xCYld0RWVtZFZNMWhxUTJoM2NGZDZVM0pWVmlJc0ltRmphR2xsZG1Wa0lqcGJleUpsYm5ScGRHeGxjMVJ2SWpwN0ltUmxabWx1YVhScGIyNGlPaUpEYjIxd1pYUmxibU5sY3lCMGFHVWdjM1IxWkdWdWRDQmhZM0YxYVhKbGN5QmhablJsY2lCMGFHVWdZMjl0Y0d4bGRHbHZiaUJ2WmlCSGNtRmtkV0YwWlNCMWJtbDJaWEp6YVhSNUlITjBkV1I1SUdGeVpTQnpkV1ptYVdOcFpXNTBJR052Ym1ScGRHbHZibk1nWm05eUlHRjBkR1Z1WkdsdVp5QjBhR1VnY0hKdlozSmhiVzFsSUc5bUlGQnZjM1JuY21Ga2RXRjBaU0JrYjJOMGIzSmhiQ0J6ZEhWa2VTQmhkQ0IwYUdVZ1JtRmpkV3gwZVNCdlppQkRhWFpwYkNCRmJtZHBibVZsY21sdVp5d2dRWEpqYUdsMFpXTjBkWEpsSUdGdVpDQkhaVzlrWlhONUlHbHVJRk53YkdsMExDQmhjeUIzWld4c0lHRnpJR1p2Y2lCaGRIUmxibVJwYm1jZ2RHaGxJSE5oYldVZ2IzSWdjMmx0YVd4aGNpQndjbTluY21GdGJXVnpJR0Z1WkNCUWIzTjBaM0poWkhWaGRHVWdjM0JsWTJsaGJHbHpkQ0J6ZEhWa2FXVnpJR0YwSUc5MGFHVnlJR1poWTNWc2RHbGxjeUJ2WmlCRGFYWnBiQ0JGYm1kcGJtVmxjbWx1WnlCcGJpQkRjbTloZEdsaExpQlVhR1VnWVdOeGRXbHlaV1FnYkdWaGNtNXBibWNnYjNWMFkyOXRaWE1nWlc1aFlteGxJSFJvWlNCemRIVmtaVzUwSUhSdklHRjBkR1Z1WkNCdmRHaGxjaUJ3YjNOMFozSmhaSFZoZEdVZ2MzUjFaSGtnY0hKdlozSmhiVzFsY3lCcGJpQjBhR1VnWm1sbGJHUWdiMllnZEdWamFHNXBZMkZzSUhOamFXVnVZMlZ6TGlBaUxDSnBaQ0k2SW5WeWJqcGxjR0Z6Y3pwbGJuUnBkR3hsYldWdWREb3hJaXdpYVhOemRXVmtSR0YwWlNJNklqSXdNVGt0TURrdE1qQWlMQ0p6Y0dWamFXWnBaV1JDZVNJNmV5SmxiblJwZEd4bGJXVnVkRlI1Y0dVaU9pSm9kSFJ3T2k4dlpHRjBZUzVsZFhKdmNHRXVaWFV2YzI1aUwyVnVkR2wwYkdWdFpXNTBMelkwWVdGa09USTRPREVpTENKcFpDSTZJblZ5YmpwbGNHRnpjenBsYm5ScGRHeGxiV1Z1ZEhOd1pXTTZNU0lzSW14cGJXbDBTblZ5YVhOa2FXTjBhVzl1SWpwYkltaDBkSEE2THk5d2RXSnNhV05oZEdsdmJuTXVaWFZ5YjNCaExtVjFMM0psYzI5MWNtTmxMMkYxZEdodmNtbDBlUzlqYjNWdWRISjVMMGhTVmlKZExDSnNhVzFwZEU5eVoyRnVhWE5oZEdsdmJpSTZXeUprYVdRNlpXSnphVHA2YzFOblJGaGxXVkJvV2pOQmRVdG9WRVp1WlVSbU1TSmRMQ0p6ZEdGMGRYTWlPaUpvZEhSd09pOHZaR0YwWVM1bGRYSnZjR0V1WlhVdmMyNWlMMlZ1ZEdsMGJHVnRaVzUwTFhOMFlYUjFjeTgxWWpoa05tSXpOR1ppSWl3aWRHbDBiR1VpT2lKUWIzTjBaM0poWkhWaGRHVWdaRzlqZEc5eVlXd2djM1IxWkhraWZTd2lkR2wwYkdVaU9pSlFiM04wWjNKaFpIVmhkR1VnWkc5amRHOXlZV3dnYzNSMVpIa2lmU3dpYUdGelVHRnlkQ0k2ZXlKc1pXRnlibWx1WjBGamFHbGxkbVZ0Wlc1MGN5STZXM3NpYVdRaU9pSWlMQ0pwWkdWdWRHbG1hV1Z5SWpwYmV5SnpZMmhsYldWSlJDSTZJa0ZqYUdsbGRtVnRaVzUwSUVsRUlpd2lkbUZzZFdVaU9pSkhRVUkzTURFaWZWMHNJbk53WldOcFptbGxaRUo1SWpwYmV5SmxRMVJUUTNKbFpHbDBVRzlwYm5SeklqbzFMQ0psY1dac1RHVjJaV3dpT2lKb2RIUndPaTh2WkdGMFlTNWxkWEp2Y0dFdVpYVXZjMjVpTDJWeFppODBJaXdpYVdRaU9pSjFjbTQ2WlhCaGMzTTZjWFZoYkdsbWFXTmhkR2x2YmpveElpd2lhWE5RWVhKMGFXRnNVWFZoYkdsbWFXTmhkR2x2YmlJNmRISjFaU3dpYldGNGFXMTFiVVIxY21GMGFXOXVJam9pVURaTklpd2libkZtYkV4bGRtVnNJam9pYUhSMGNEb3ZMMlJoZEdFdVpYVnliM0JoTG1WMUwzTnVZaTl4WkhJdlkxODBPVFkzTW1NMVlTSXNJblJwZEd4bElqb2lRWEJ3YkdsbFpDQnRZWFJvWlcxaGRHbGpjeUlzSW5admJIVnRaVTltVEdWaGNtNXBibWNpT2lKUVZEWXdTQ0o5WFN3aWRHbDBiR1VpT2lJaUxDSjNZWE5CZDJGeVpHVmtRbmtpT25zaVlYZGhjbVJwYm1kQ2IyUjVJanBiSW1ScFpEcGxZbk5wT25welUyZEVXR1ZaVUdoYU0wRjFTMmhVUm01bFJHWXhJbDBzSW1GM1lYSmthVzVuUkdGMFpTSTZJakl3TVRrdE1Ea3RNakJVTURBNk1EQTZNREFyTURJNk1EQWlMQ0pwWkNJNkluVnlianBsY0dGemN6cGhkMkZ5WkdsdVoxQnliMk5sYzNNNk1pSjlMQ0ozWVhORVpYSnBkbVZrUm5KdmJTSTZXM3NpWVhOelpYTnpaV1JDZVNJNld5SmthV1E2WldKemFUcDZjMU5uUkZobFdWQm9Xak5CZFV0b1ZFWnVaVVJtTVNKZExDSm5jbUZrWlNJNkltZHZiMlFnS0RNcElpd2lhV1FpT2lKMWNtNDZaWEJoYzNNNllYTnpjMlZ6YzIxbGJuUnpjR1ZqT2pJaUxDSnpjR1ZqYVdacFpXUkNlU0k2ZXlKbmNtRmthVzVuVTJOb1pXMWxJanA3SW1SbFptbHVhWFJwYjI0aU9pSlVhR1VnUTNKdllYUnBZVzRnYm1GMGFXOXVZV3dnWjNKaFpHbHVaeUJ6WTJobGJXVWdZMjl1YzJsemRITWdiMllnWm1sMlpTQm5jbUZrWlhNZ2QybDBhQ0J1ZFcxbGNtbGpZV3dnWlhGMWFYWmhiR1Z1ZEhNNklHbDZkbkp6ZEdGdUlPS0FreUExSUNodmRYUnpkR0Z1WkdsdVp5azdJSFp5Ykc4Z1pHOWlZWElnNG9DVElEUWdLSFpsY25rZ1oyOXZaQ2s3SUdSdlltRnlJT0tBa3lBeklDaG5iMjlrS1RzZ1pHOTJiMnhxWVc0ZzRvQ1RJRElnS0hOMVptWnBZMmxsYm5RcE95QnVaV1J2ZG05c2FtRnVJT0tBa3lBeElDaHBibk4xWm1acFkybGxiblFnTFNCbVlXbHNLUzRnVkdobElHMXBibWx0ZFcwZ2NHRnpjMmx1WnlCbmNtRmtaU0JwY3lCa2IzWnZiR3BoYmlEaWdKTWdNaTRpTENKcFpDSTZJblZ5YmpwbGNHRnpjenB6WTI5eWFXNW5jMk5vWlcxbGMzQmxZem95SWl3aWRHbDBiR1VpT2lKSFpXNWxjbUZzSUdkeVlXUnBibWNnYzJOb1pXMWxJR2x1SUVOeWIyRjBhV0VpZlN3aWFXUWlPaUoxY200NlpYQmhjM002WVhOemMyVnpjMjFsYm5SemNHVmpPaklpTENKMGFYUnNaU0k2SWtGd2NHeHBaV1FnYldGMGFHVnRZWFJwWTNNaWZTd2lkR2wwYkdVaU9pSkJjSEJzYVdWa0lHMWhkR2hsYldGMGFXTnpJbjFkTENKM1lYTkpibVpzZFdWdVkyVmtRbmtpT2x0N0ltUnBjbVZqZEdWa1Fua2lPbHNpWkdsa09tVmljMms2ZW5OVFowUllaVmxRYUZvelFYVkxhRlJHYm1WRVpqRWlYU3dpWlc1a1pXUkJkRlJwYldVaU9pSXlNREU0TFRBeExURTBWREF3T2pBd09qQXdLekF4T2pBd0lpd2lhV1FpT2lKMWNtNDZaWEJoYzNNNllXTjBhWFpwZEhrNk1TSXNJbWxrWlc1MGFXWnBaWElpT2x0N0luTmphR1Z0WlVsRUlqb2lRV04wYVhacGRIa2dTVVFpTENKMllXeDFaU0k2SWtkQlFqY3dNU0o5WFN3aWJHOWpZWFJwYjI0aU9sc2lkWEp1T21Wd1lYTnpPbXh2WTJGMGFXOXVPalFpWFN3aWMzQmxZMmxtYVdWa1Fua2lPbnNpYVdRaU9pSjFjbTQ2WlhCaGMzTTZiR1ZoY201cGJtZGhZM1JwZG1sMGVYTndaV002TVNJc0lteGhibWQxWVdkbElqcGJJbWgwZEhBNkx5OXdkV0pzYVdOaGRHbHZibk11WlhWeWIzQmhMbVYxTDNKbGMyOTFjbU5sTDJGMWRHaHZjbWwwZVM5c1lXNW5kV0ZuWlM5SVVsWWlYU3dpYkdWaGNtNXBibWRCWTNScGRtbDBlVlI1Y0dVaU9sc2lhSFIwY0RvdkwyUmhkR0V1WlhWeWIzQmhMbVYxTDNOdVlpOXNaV0Z5Ym1sdVp5MWhZM1JwZG1sMGVTOW1aRE16WlRJek5HRmxJbDBzSW5ScGRHeGxJam9pUVhCd2JHbGxaQ0J0WVhSb1pXMWhkR2xqY3lJc0luZHZjbXRzYjJGa0lqb2lVRlEyTUVnaWZTd2ljM1JoY25SbFpFRjBWR2x0WlNJNklqSXdNVGN0TURrdE1EUlVNREE2TURBNk1EQXJNREk2TURBaUxDSjBhWFJzWlNJNklrRndjR3hwWldRZ2JXRjBhR1Z0WVhScFkzTWlMQ0ozYjNKcmJHOWhaQ0k2SWxCVU5qQklJbjFkZlYxOUxDSnBaQ0k2SW5WeWJqcGxjR0Z6Y3pwc1pXRnlibWx1WjBGamFHbGxkbVZ0Wlc1ME9qRWlMQ0p6Y0dWamFXWnBaV1JDZVNJNlczc2laVU5VVTBOeVpXUnBkRkJ2YVc1MGN5STZNVEl3TENKbGJuUnllVkpsY1hWcGNtVnRaVzUwYzA1dmRHVWlPaUpVYUdVZ2JXbHVhVzExYlNCbFpIVmpZWFJwYjI1aGJDQnlaWEYxYVhKbGJXVnVkQ0JtYjNJZ1pXNXliMnh0Wlc1MElHbHVkRzhnWjNKaFpIVmhkR1VnZFc1cGRtVnljMmwwZVNCd2NtOW5jbUZ0YldWeklHbHpJSFJvWlNCamIyMXdiR1YwYVc5dUlHOW1JR0Z1SUhWdVpHVnlaM0poWkhWaGRHVWdkVzVwZG1WeWMybDBlU0J3Y205bmNtRnRiV1V1SUZSb1pTQjFibWwyWlhKemFYUjVJR05oYmlCaGJHeHZkeUJ6ZEhWa1pXNTBjeUIzYUc4Z2FHRjJaU0JqYjIxd2JHVjBaV1FnWVNCd2NtOW1aWE56YVc5dVlXd2djSEp2WjNKaGJXMWxJSFJ2SUdGc2MyOGdaVzV5YjJ3Z1ozSmhaSFZoZEdVZ2RXNXBkbVZ5YzJsMGVTQndjbTluY21GdGJXVnpMQ0JpZFhRZ2RHaGxlU0JoY21VZ1lXeHNiM2RsWkNCMGJ5QnpaWFFnYzNCbFkybGhiQ0J5WlhGMWFYSmxiV1Z1ZEhNZ2FXNGdkR2hsYzJVZ1kyRnpaWE11WEc1VWFHVWdiV2x1YVcxMWJTQmxaSFZqWVhScGIyNWhiQ0J5WlhGMWFYSmxiV1Z1ZENCbWIzSWdaVzV5YjJ4dFpXNTBJR2x1ZEc4Z2MzQmxZMmxoYkdsemRDQm5jbUZrZFdGMFpTQndjbTltWlhOemFXOXVZV3dnY0hKdlozSmhiVzFsY3lCcGN5QjBhR1VnWTI5dGNHeGxkR2x2YmlCdlppQmhiaUIxYm1SbGNtZHlZV1IxWVhSbElIVnVhWFpsY25OcGRIa2djSEp2WjNKaGJXMWxJRzl5SUdFZ2NISnZabVZ6YzJsdmJtRnNJSEJ5YjJkeVlXMXRaU0FvWm1seWMzUWdZM2xqYkdVcExpSXNJbVZ4Wm14TVpYWmxiQ0k2SW1oMGRIQTZMeTlrWVhSaExtVjFjbTl3WVM1bGRTOXpibUl2WlhGbUx6VWlMQ0pwWkNJNkluVnlianBsY0dGemN6cHhkV0ZzYVdacFkyRjBhVzl1T2pJd0lpd2lhWE5RWVhKMGFXRnNVWFZoYkdsbWFXTmhkR2x2YmlJNlptRnNjMlVzSW0xaGVHbHRkVzFFZFhKaGRHbHZiaUk2SWxBeU1VMGlMQ0p1Y1dac1RHVjJaV3dpT2lKb2RIUndPaTh2WkdGMFlTNWxkWEp2Y0dFdVpYVXZjMjVpTDNGa2NpOWpYMlJqWXpsaFkyRXhJaXdpZEdsMGJHVWlPaUpOWVhOMFpYSWdiMllnVTJOcFpXNWpaU0JwYmlCRGFYWnBiQ0JGYm1kcGJtVmxjbWx1WnlJc0luWnZiSFZ0WlU5bVRHVmhjbTVwYm1jaU9pSlFWREUwTkRCSUluMWRMQ0owYVhSc1pTSTZJazFoYzNSbGNpQnZaaUJUWTJsbGJtTmxJR2x1SUVOcGRtbHNJRVZ1WjJsdVpXVnlhVzVuSWl3aWQyRnpRWGRoY21SbFpFSjVJanA3SW1GM1lYSmthVzVuUW05a2VTSTZXeUprYVdRNlpXSnphVHA2YzFOblJGaGxXVkJvV2pOQmRVdG9WRVp1WlVSbU1TSmRMQ0poZDJGeVpHbHVaMFJoZEdVaU9pSXlNREU1TFRBNUxUSXdWREF3T2pBd09qQXdLekF5T2pBd0lpd2lhV1FpT2lKMWNtNDZaWEJoYzNNNllYZGhjbVJwYm1kUWNtOWpaWE56T2pFaWZTd2lkMkZ6UkdWeWFYWmxaRVp5YjIwaU9sdDdJbUZ6YzJWemMyVmtRbmtpT2xzaVpHbGtPbVZpYzJrNmVuTlRaMFJZWlZsUWFGb3pRWFZMYUZSR2JtVkVaakVpWFN3aVozSmhaR1VpT2lKbGVHTmxiR3hsYm5RZ0tEVXBJaXdpYVdRaU9pSjFjbTQ2WlhCaGMzTTZZWE56WlhOemJXVnVkRG94SWl3aWMzQmxZMmxtYVdWa1Fua2lPbnNpWjNKaFpHbHVaMU5qYUdWdFpTSTZleUprWldacGJtbDBhVzl1SWpvaVZHaGxJRU55YjJGMGFXRnVJRzVoZEdsdmJtRnNJR2R5WVdScGJtY2djMk5vWlcxbElHTnZibk5wYzNSeklHOW1JR1pwZG1VZ1ozSmhaR1Z6SUhkcGRHZ2diblZ0WlhKcFkyRnNJR1Z4ZFdsMllXeGxiblJ6T2lCcGVuWnljM1JoYmlEaWdKTWdOU0FvYjNWMGMzUmhibVJwYm1jcE95QjJjbXh2SUdSdlltRnlJT0tBa3lBMElDaDJaWEo1SUdkdmIyUXBPeUJrYjJKaGNpRGlnSk1nTXlBb1oyOXZaQ2s3SUdSdmRtOXNhbUZ1SU9LQWt5QXlJQ2h6ZFdabWFXTnBaVzUwS1RzZ2JtVmtiM1p2YkdwaGJpRGlnSk1nTVNBb2FXNXpkV1ptYVdOcFpXNTBJQzBnWm1GcGJDa3VJRlJvWlNCdGFXNXBiWFZ0SUhCaGMzTnBibWNnWjNKaFpHVWdhWE1nWkc5MmIyeHFZVzRnNG9DVElESXVJaXdpYVdRaU9pSjFjbTQ2WlhCaGMzTTZjMk52Y21sdVozTmphR1Z0WlhOd1pXTTZNU0lzSW5ScGRHeGxJam9pUjJWdVpYSmhiQ0JuY21Ga2FXNW5JSE5qYUdWdFpTQnBiaUJEY205aGRHbGhJbjBzSW1sa0lqb2lkWEp1T21Wd1lYTnpPbUZ6YzNObGMzTnRaVzUwYzNCbFl6b3hJaXdpZEdsMGJHVWlPaUpQZG1WeVlXeHNJRVJwY0d4dmJXRWdRWE56WlhOemJXVnVkQ0o5TENKMGFYUnNaU0k2SWs5MlpYSmhiR3dnUkdsd2JHOXRZU0JCYzNObGMzTnRaVzUwSW4xZExDSjNZWE5KYm1ac2RXVnVZMlZrUW5raU9sdDdJbVJwY21WamRHVmtRbmtpT2xzaVpHbGtPbVZpYzJrNmVuTlRaMFJZWlZsUWFGb3pRWFZMYUZSR2JtVkVaakVpWFN3aVpXNWtaV1JCZEZScGJXVWlPaUl5TURFNExUQXhMVEUwVkRBd09qQXdPakF3S3pBeE9qQXdJaXdpYVdRaU9pSjFjbTQ2WlhCaGMzTTZiR1ZoY201cGJtZEJZMmhwWlhabGJXVnVkRG94SWl3aWFXUmxiblJwWm1sbGNpSTZXM3NpYzJOb1pXMWxTVVFpT2lKQlkzUnBkbWwwZVNCSlJDSXNJblpoYkhWbElqb2lSMEZDTnpBeEluMWRMQ0pzYjJOaGRHbHZiaUk2V3lKMWNtNDZaWEJoYzNNNmJHOWpZWFJwYjI0Nk5DSmRMQ0p6Y0dWamFXWnBaV1JDZVNJNmV5SnBaQ0k2SW5WeWJqcGxjR0Z6Y3pwc1pXRnlibWx1WjJGamRHbDJhWFI1YzNCbFl6b3hJaXdpYkdGdVozVmhaMlVpT2xzaWFIUjBjRG92TDNCMVlteHBZMkYwYVc5dWN5NWxkWEp2Y0dFdVpYVXZjbVZ6YjNWeVkyVXZZWFYwYUc5eWFYUjVMMnhoYm1kMVlXZGxMMGhTVmlKZExDSnNaV0Z5Ym1sdVowRmpkR2wyYVhSNVZIbHdaU0k2V3lKb2RIUndPaTh2WkdGMFlTNWxkWEp2Y0dFdVpYVXZjMjVpTDJ4bFlYSnVhVzVuTFdGamRHbDJhWFI1TDJaa016TmxNak0wWVdVaVhTd2lkR2wwYkdVaU9pSkJjSEJzYVdWa0lHMWhkR2hsYldGMGFXTnpJaXdpZDI5eWEyeHZZV1FpT2lKUVZEWXdTQ0o5TENKemRHRnlkR1ZrUVhSVWFXMWxJam9pTWpBeE55MHdPUzB3TkZRd01Eb3dNRG93TUNzd01qb3dNQ0lzSW5ScGRHeGxJam9pVFdGemRHVnlJRzltSUZOamFXVnVZMlVnYVc0Z1EybDJhV3dnUlc1bmFXNWxaWEpwYm1jaUxDSjNiM0pyYkc5aFpDSTZJbEJVTmpCSUluMWRmVjBzSW1sa1pXNTBhV1pwWlhJaU9uc2ljMk5vWlcxbFNVUWlPaUpUZEhWa1pXNTBJR2xrWlc1MGFXWnBZMkYwYVc5dUlHNTFiV0psY2lJc0luWmhiSFZsSWpvaU9Ua3dNRGs1TURBaWZYMHNJbU55WldSbGJuUnBZV3hUZEdGMGRYTWlPbnNpYVdRaU9pSm9kSFJ3Y3pvdkwyVnpjMmxtTG1WMWNtOXdZUzVsZFM5emRHRjBkWE12WldSMVkyRjBhVzl1STJocFoyaGxja1ZrZFdOaGRHbHZiaU0xTVdVME1tWmtZUzFqWWpCaExUUXpNek10WWpaaE5pMHpOV05pTVRRM1pURmhPRGdpTENKMGVYQmxJam9pVkhKMWMzUmxaRU55WldSbGJuUnBZV3hUZEdGMGRYTXlNREl4SW4xOUxDSnFkR2tpT2lKMWNtNDZkWFZwWkRvNU9ESTFNVE0zTmkwNVpqVXlMVFEzTVdRdE9HUTRPQzFpT0ROalpESXpOMkl6Wm1VaWZRLnkzVElnVV9Sb29udkJPWndvVExtMmFqQkV2cnRtdjhLSVlYcGQwV2lZbmFrMkdFUDRKU1lKampwM1ZuTTUzNzFrNlQxVDJfRUp6NldtQWRWUUtHU0FBIl19LCJpYXQiOjE3MjYxMzM5ODYsImp0aSI6InVybjp1dWlkOjMyOTE4NTg3LTkwYmItNDA1Yi1iNDUzLTgxOGZlNTQ3MDc0MCJ9.0ycHomeBSWth9h7q9COKHyKPiuv8soO3m6kFFPMRJdnR_8Wrdet_Uhr3ObKWJP7rci4pm5P_ftDm98eQgJ0sAQ
10854 [pool-1-thread-1 @coroutine#756] DEBUG id.walt.services.vc.WaltIdJwtCredentialService - VP created:eyJraWQiOiJkaWQ6a2V5Ono2TWtzOEVHRDd6cFIxdWkzQlZQbmtCSHdhMWlBbWtEemdVM1hqQ2h3cFd6U3JVViN6Nk1rczhFR0Q3enBSMXVpM0JWUG5rQkh3YTFpQW1rRHpnVTNYakNod3BXelNyVVYiLCJ0eXAiOiJKV1QiLCJhbGciOiJFZERTQSJ9.eyJzdWIiOiJkaWQ6a2V5Ono2TWtzOEVHRDd6cFIxdWkzQlZQbmtCSHdhMWlBbWtEemdVM1hqQ2h3cFd6U3JVViIsIm5iZiI6MTcyNjEzMzk4NiwiaXNzIjoiZGlkOmtleTp6Nk1rczhFR0Q3enBSMXVpM0JWUG5rQkh3YTFpQW1rRHpnVTNYakNod3BXelNyVVYiLCJ2cCI6eyJ0eXBlIjpbIlZlcmlmaWFibGVQcmVzZW50YXRpb24iXSwiQGNvbnRleHQiOlsiaHR0cHM6Ly93d3cudzMub3JnLzIwMTgvY3JlZGVudGlhbHMvdjEiXSwiaWQiOiJ1cm46dXVpZDozMjkxODU4Ny05MGJiLTQwNWItYjQ1My04MThmZTU0NzA3NDAiLCJob2xkZXIiOiJkaWQ6a2V5Ono2TWtzOEVHRDd6cFIxdWkzQlZQbmtCSHdhMWlBbWtEemdVM1hqQ2h3cFd6U3JVViIsInZlcmlmaWFibGVDcmVkZW50aWFsIjpbImV5SnJhV1FpT2lKa2FXUTZaV0p6YVRwNmNtTkJhR1JYWVhoSGFEaE1hbmR3TnpKalRVdFFSeU5oTldRM01HSXpNRFl3TnpJME5EaGhPVGc0TWpjME5UTXhZVGRqTUdZek15SXNJblI1Y0NJNklrcFhWQ0lzSW1Gc1p5STZJa1ZrUkZOQkluMC5leUp6ZFdJaU9pSmthV1E2YTJWNU9ubzJUV3R6T0VWSFJEZDZjRkl4ZFdrelFsWlFibXRDU0hkaE1XbEJiV3RFZW1kVk0xaHFRMmgzY0ZkNlUzSlZWaUlzSW01aVppSTZNVGN5TmpFek16azROaXdpYVhOeklqb2laR2xrT21WaWMyazZlbkpqUVdoa1YyRjRSMmc0VEdwM2NEY3lZMDFMVUVjaUxDSnBZWFFpT2pFM01qWXhNek01T0RZc0luWmpJanA3SW5SNWNHVWlPbHNpVm1WeWFXWnBZV0pzWlVOeVpXUmxiblJwWVd3aUxDSldaWEpwWm1saFlteGxRWFIwWlhOMFlYUnBiMjRpTENKRmRYSnZjR0Z6Y3lKZExDSkFZMjl1ZEdWNGRDSTZXeUpvZEhSd2N6b3ZMM2QzZHk1M015NXZjbWN2TWpBeE9DOWpjbVZrWlc1MGFXRnNjeTkyTVNKZExDSnBaQ0k2SW5WeWJqcDFkV2xrT2prNE1qVXhNemMyTFRsbU5USXRORGN4WkMwNFpEZzRMV0k0TTJOa01qTTNZak5tWlNJc0ltbHpjM1ZsY2lJNkltUnBaRHBsWW5OcE9ucHlZMEZvWkZkaGVFZG9PRXhxZDNBM01tTk5TMUJISWl3aWFYTnpkV0Z1WTJWRVlYUmxJam9pTWpBeU5DMHdPUzB4TWxRd09Ub3pPVG8wTmxvaUxDSnBjM04xWldRaU9pSXlNREkwTFRBNUxURXlWREE1T2pNNU9qUTJXaUlzSW5aaGJHbGtSbkp2YlNJNklqSXdNalF0TURrdE1USlVNRGs2TXprNk5EWmFJaXdpWTNKbFpHVnVkR2xoYkZOamFHVnRZU0k2ZXlKcFpDSTZJbWgwZEhCek9pOHZjbUYzTG1kcGRHaDFZblZ6WlhKamIyNTBaVzUwTG1OdmJTOTNZV3gwTFdsa0wzZGhiSFJwWkMxemMybHJhWFF0ZG1Oc2FXSXZiV0Z6ZEdWeUwzTnlZeTkwWlhOMEwzSmxjMjkxY21ObGN5OXpZMmhsYldGekwwVjFjbTl3WVhOekxtcHpiMjRpTENKMGVYQmxJam9pU25OdmJsTmphR1Z0WVZaaGJHbGtZWFJ2Y2pJd01UZ2lmU3dpWTNKbFpHVnVkR2xoYkZOMVltcGxZM1FpT25zaWFXUWlPaUprYVdRNmEyVjVPbm8yVFd0ek9FVkhSRGQ2Y0ZJeGRXa3pRbFpRYm10Q1NIZGhNV2xCYld0RWVtZFZNMWhxUTJoM2NGZDZVM0pWVmlJc0ltRmphR2xsZG1Wa0lqcGJleUpsYm5ScGRHeGxjMVJ2SWpwN0ltUmxabWx1YVhScGIyNGlPaUpEYjIxd1pYUmxibU5sY3lCMGFHVWdjM1IxWkdWdWRDQmhZM0YxYVhKbGN5QmhablJsY2lCMGFHVWdZMjl0Y0d4bGRHbHZiaUJ2WmlCSGNtRmtkV0YwWlNCMWJtbDJaWEp6YVhSNUlITjBkV1I1SUdGeVpTQnpkV1ptYVdOcFpXNTBJR052Ym1ScGRHbHZibk1nWm05eUlHRjBkR1Z1WkdsdVp5QjBhR1VnY0hKdlozSmhiVzFsSUc5bUlGQnZjM1JuY21Ga2RXRjBaU0JrYjJOMGIzSmhiQ0J6ZEhWa2VTQmhkQ0IwYUdVZ1JtRmpkV3gwZVNCdlppQkRhWFpwYkNCRmJtZHBibVZsY21sdVp5d2dRWEpqYUdsMFpXTjBkWEpsSUdGdVpDQkhaVzlrWlhONUlHbHVJRk53YkdsMExDQmhjeUIzWld4c0lHRnpJR1p2Y2lCaGRIUmxibVJwYm1jZ2RHaGxJSE5oYldVZ2IzSWdjMmx0YVd4aGNpQndjbTluY21GdGJXVnpJR0Z1WkNCUWIzTjBaM0poWkhWaGRHVWdjM0JsWTJsaGJHbHpkQ0J6ZEhWa2FXVnpJR0YwSUc5MGFHVnlJR1poWTNWc2RHbGxjeUJ2WmlCRGFYWnBiQ0JGYm1kcGJtVmxjbWx1WnlCcGJpQkRjbTloZEdsaExpQlVhR1VnWVdOeGRXbHlaV1FnYkdWaGNtNXBibWNnYjNWMFkyOXRaWE1nWlc1aFlteGxJSFJvWlNCemRIVmtaVzUwSUhSdklHRjBkR1Z1WkNCdmRHaGxjaUJ3YjNOMFozSmhaSFZoZEdVZ2MzUjFaSGtnY0hKdlozSmhiVzFsY3lCcGJpQjBhR1VnWm1sbGJHUWdiMllnZEdWamFHNXBZMkZzSUhOamFXVnVZMlZ6TGlBaUxDSnBaQ0k2SW5WeWJqcGxjR0Z6Y3pwbGJuUnBkR3hsYldWdWREb3hJaXdpYVhOemRXVmtSR0YwWlNJNklqSXdNVGt0TURrdE1qQWlMQ0p6Y0dWamFXWnBaV1JDZVNJNmV5SmxiblJwZEd4bGJXVnVkRlI1Y0dVaU9pSm9kSFJ3T2k4dlpHRjBZUzVsZFhKdmNHRXVaWFV2YzI1aUwyVnVkR2wwYkdWdFpXNTBMelkwWVdGa09USTRPREVpTENKcFpDSTZJblZ5YmpwbGNHRnpjenBsYm5ScGRHeGxiV1Z1ZEhOd1pXTTZNU0lzSW14cGJXbDBTblZ5YVhOa2FXTjBhVzl1SWpwYkltaDBkSEE2THk5d2RXSnNhV05oZEdsdmJuTXVaWFZ5YjNCaExtVjFMM0psYzI5MWNtTmxMMkYxZEdodmNtbDBlUzlqYjNWdWRISjVMMGhTVmlKZExDSnNhVzFwZEU5eVoyRnVhWE5oZEdsdmJpSTZXeUprYVdRNlpXSnphVHA2YzFOblJGaGxXVkJvV2pOQmRVdG9WRVp1WlVSbU1TSmRMQ0p6ZEdGMGRYTWlPaUpvZEhSd09pOHZaR0YwWVM1bGRYSnZjR0V1WlhVdmMyNWlMMlZ1ZEdsMGJHVnRaVzUwTFhOMFlYUjFjeTgxWWpoa05tSXpOR1ppSWl3aWRHbDBiR1VpT2lKUWIzTjBaM0poWkhWaGRHVWdaRzlqZEc5eVlXd2djM1IxWkhraWZTd2lkR2wwYkdVaU9pSlFiM04wWjNKaFpIVmhkR1VnWkc5amRHOXlZV3dnYzNSMVpIa2lmU3dpYUdGelVHRnlkQ0k2ZXlKc1pXRnlibWx1WjBGamFHbGxkbVZ0Wlc1MGN5STZXM3NpYVdRaU9pSWlMQ0pwWkdWdWRHbG1hV1Z5SWpwYmV5SnpZMmhsYldWSlJDSTZJa0ZqYUdsbGRtVnRaVzUwSUVsRUlpd2lkbUZzZFdVaU9pSkhRVUkzTURFaWZWMHNJbk53WldOcFptbGxaRUo1SWpwYmV5SmxRMVJUUTNKbFpHbDBVRzlwYm5SeklqbzFMQ0psY1dac1RHVjJaV3dpT2lKb2RIUndPaTh2WkdGMFlTNWxkWEp2Y0dFdVpYVXZjMjVpTDJWeFppODBJaXdpYVdRaU9pSjFjbTQ2WlhCaGMzTTZjWFZoYkdsbWFXTmhkR2x2YmpveElpd2lhWE5RWVhKMGFXRnNVWFZoYkdsbWFXTmhkR2x2YmlJNmRISjFaU3dpYldGNGFXMTFiVVIxY21GMGFXOXVJam9pVURaTklpd2libkZtYkV4bGRtVnNJam9pYUhSMGNEb3ZMMlJoZEdFdVpYVnliM0JoTG1WMUwzTnVZaTl4WkhJdlkxODBPVFkzTW1NMVlTSXNJblJwZEd4bElqb2lRWEJ3YkdsbFpDQnRZWFJvWlcxaGRHbGpjeUlzSW5admJIVnRaVTltVEdWaGNtNXBibWNpT2lKUVZEWXdTQ0o5WFN3aWRHbDBiR1VpT2lJaUxDSjNZWE5CZDJGeVpHVmtRbmtpT25zaVlYZGhjbVJwYm1kQ2IyUjVJanBiSW1ScFpEcGxZbk5wT25welUyZEVXR1ZaVUdoYU0wRjFTMmhVUm01bFJHWXhJbDBzSW1GM1lYSmthVzVuUkdGMFpTSTZJakl3TVRrdE1Ea3RNakJVTURBNk1EQTZNREFyTURJNk1EQWlMQ0pwWkNJNkluVnlianBsY0dGemN6cGhkMkZ5WkdsdVoxQnliMk5sYzNNNk1pSjlMQ0ozWVhORVpYSnBkbVZrUm5KdmJTSTZXM3NpWVhOelpYTnpaV1JDZVNJNld5SmthV1E2WldKemFUcDZjMU5uUkZobFdWQm9Xak5CZFV0b1ZFWnVaVVJtTVNKZExDSm5jbUZrWlNJNkltZHZiMlFnS0RNcElpd2lhV1FpT2lKMWNtNDZaWEJoYzNNNllYTnpjMlZ6YzIxbGJuUnpjR1ZqT2pJaUxDSnpjR1ZqYVdacFpXUkNlU0k2ZXlKbmNtRmthVzVuVTJOb1pXMWxJanA3SW1SbFptbHVhWFJwYjI0aU9pSlVhR1VnUTNKdllYUnBZVzRnYm1GMGFXOXVZV3dnWjNKaFpHbHVaeUJ6WTJobGJXVWdZMjl1YzJsemRITWdiMllnWm1sMlpTQm5jbUZrWlhNZ2QybDBhQ0J1ZFcxbGNtbGpZV3dnWlhGMWFYWmhiR1Z1ZEhNNklHbDZkbkp6ZEdGdUlPS0FreUExSUNodmRYUnpkR0Z1WkdsdVp5azdJSFp5Ykc4Z1pHOWlZWElnNG9DVElEUWdLSFpsY25rZ1oyOXZaQ2s3SUdSdlltRnlJT0tBa3lBeklDaG5iMjlrS1RzZ1pHOTJiMnhxWVc0ZzRvQ1RJRElnS0hOMVptWnBZMmxsYm5RcE95QnVaV1J2ZG05c2FtRnVJT0tBa3lBeElDaHBibk4xWm1acFkybGxiblFnTFNCbVlXbHNLUzRnVkdobElHMXBibWx0ZFcwZ2NHRnpjMmx1WnlCbmNtRmtaU0JwY3lCa2IzWnZiR3BoYmlEaWdKTWdNaTRpTENKcFpDSTZJblZ5YmpwbGNHRnpjenB6WTI5eWFXNW5jMk5vWlcxbGMzQmxZem95SWl3aWRHbDBiR1VpT2lKSFpXNWxjbUZzSUdkeVlXUnBibWNnYzJOb1pXMWxJR2x1SUVOeWIyRjBhV0VpZlN3aWFXUWlPaUoxY200NlpYQmhjM002WVhOemMyVnpjMjFsYm5SemNHVmpPaklpTENKMGFYUnNaU0k2SWtGd2NHeHBaV1FnYldGMGFHVnRZWFJwWTNNaWZTd2lkR2wwYkdVaU9pSkJjSEJzYVdWa0lHMWhkR2hsYldGMGFXTnpJbjFkTENKM1lYTkpibVpzZFdWdVkyVmtRbmtpT2x0N0ltUnBjbVZqZEdWa1Fua2lPbHNpWkdsa09tVmljMms2ZW5OVFowUllaVmxRYUZvelFYVkxhRlJHYm1WRVpqRWlYU3dpWlc1a1pXUkJkRlJwYldVaU9pSXlNREU0TFRBeExURTBWREF3T2pBd09qQXdLekF4T2pBd0lpd2lhV1FpT2lKMWNtNDZaWEJoYzNNNllXTjBhWFpwZEhrNk1TSXNJbWxrWlc1MGFXWnBaWElpT2x0N0luTmphR1Z0WlVsRUlqb2lRV04wYVhacGRIa2dTVVFpTENKMllXeDFaU0k2SWtkQlFqY3dNU0o5WFN3aWJHOWpZWFJwYjI0aU9sc2lkWEp1T21Wd1lYTnpPbXh2WTJGMGFXOXVPalFpWFN3aWMzQmxZMmxtYVdWa1Fua2lPbnNpYVdRaU9pSjFjbTQ2WlhCaGMzTTZiR1ZoY201cGJtZGhZM1JwZG1sMGVYTndaV002TVNJc0lteGhibWQxWVdkbElqcGJJbWgwZEhBNkx5OXdkV0pzYVdOaGRHbHZibk11WlhWeWIzQmhMbVYxTDNKbGMyOTFjbU5sTDJGMWRHaHZjbWwwZVM5c1lXNW5kV0ZuWlM5SVVsWWlYU3dpYkdWaGNtNXBibWRCWTNScGRtbDBlVlI1Y0dVaU9sc2lhSFIwY0RvdkwyUmhkR0V1WlhWeWIzQmhMbVYxTDNOdVlpOXNaV0Z5Ym1sdVp5MWhZM1JwZG1sMGVTOW1aRE16WlRJek5HRmxJbDBzSW5ScGRHeGxJam9pUVhCd2JHbGxaQ0J0WVhSb1pXMWhkR2xqY3lJc0luZHZjbXRzYjJGa0lqb2lVRlEyTUVnaWZTd2ljM1JoY25SbFpFRjBWR2x0WlNJNklqSXdNVGN0TURrdE1EUlVNREE2TURBNk1EQXJNREk2TURBaUxDSjBhWFJzWlNJNklrRndjR3hwWldRZ2JXRjBhR1Z0WVhScFkzTWlMQ0ozYjNKcmJHOWhaQ0k2SWxCVU5qQklJbjFkZlYxOUxDSnBaQ0k2SW5WeWJqcGxjR0Z6Y3pwc1pXRnlibWx1WjBGamFHbGxkbVZ0Wlc1ME9qRWlMQ0p6Y0dWamFXWnBaV1JDZVNJNlczc2laVU5VVTBOeVpXUnBkRkJ2YVc1MGN5STZNVEl3TENKbGJuUnllVkpsY1hWcGNtVnRaVzUwYzA1dmRHVWlPaUpVYUdVZ2JXbHVhVzExYlNCbFpIVmpZWFJwYjI1aGJDQnlaWEYxYVhKbGJXVnVkQ0JtYjNJZ1pXNXliMnh0Wlc1MElHbHVkRzhnWjNKaFpIVmhkR1VnZFc1cGRtVnljMmwwZVNCd2NtOW5jbUZ0YldWeklHbHpJSFJvWlNCamIyMXdiR1YwYVc5dUlHOW1JR0Z1SUhWdVpHVnlaM0poWkhWaGRHVWdkVzVwZG1WeWMybDBlU0J3Y205bmNtRnRiV1V1SUZSb1pTQjFibWwyWlhKemFYUjVJR05oYmlCaGJHeHZkeUJ6ZEhWa1pXNTBjeUIzYUc4Z2FHRjJaU0JqYjIxd2JHVjBaV1FnWVNCd2NtOW1aWE56YVc5dVlXd2djSEp2WjNKaGJXMWxJSFJ2SUdGc2MyOGdaVzV5YjJ3Z1ozSmhaSFZoZEdVZ2RXNXBkbVZ5YzJsMGVTQndjbTluY21GdGJXVnpMQ0JpZFhRZ2RHaGxlU0JoY21VZ1lXeHNiM2RsWkNCMGJ5QnpaWFFnYzNCbFkybGhiQ0J5WlhGMWFYSmxiV1Z1ZEhNZ2FXNGdkR2hsYzJVZ1kyRnpaWE11WEc1VWFHVWdiV2x1YVcxMWJTQmxaSFZqWVhScGIyNWhiQ0J5WlhGMWFYSmxiV1Z1ZENCbWIzSWdaVzV5YjJ4dFpXNTBJR2x1ZEc4Z2MzQmxZMmxoYkdsemRDQm5jbUZrZFdGMFpTQndjbTltWlhOemFXOXVZV3dnY0hKdlozSmhiVzFsY3lCcGN5QjBhR1VnWTI5dGNHeGxkR2x2YmlCdlppQmhiaUIxYm1SbGNtZHlZV1IxWVhSbElIVnVhWFpsY25OcGRIa2djSEp2WjNKaGJXMWxJRzl5SUdFZ2NISnZabVZ6YzJsdmJtRnNJSEJ5YjJkeVlXMXRaU0FvWm1seWMzUWdZM2xqYkdVcExpSXNJbVZ4Wm14TVpYWmxiQ0k2SW1oMGRIQTZMeTlrWVhSaExtVjFjbTl3WVM1bGRTOXpibUl2WlhGbUx6VWlMQ0pwWkNJNkluVnlianBsY0dGemN6cHhkV0ZzYVdacFkyRjBhVzl1T2pJd0lpd2lhWE5RWVhKMGFXRnNVWFZoYkdsbWFXTmhkR2x2YmlJNlptRnNjMlVzSW0xaGVHbHRkVzFFZFhKaGRHbHZiaUk2SWxBeU1VMGlMQ0p1Y1dac1RHVjJaV3dpT2lKb2RIUndPaTh2WkdGMFlTNWxkWEp2Y0dFdVpYVXZjMjVpTDNGa2NpOWpYMlJqWXpsaFkyRXhJaXdpZEdsMGJHVWlPaUpOWVhOMFpYSWdiMllnVTJOcFpXNWpaU0JwYmlCRGFYWnBiQ0JGYm1kcGJtVmxjbWx1WnlJc0luWnZiSFZ0WlU5bVRHVmhjbTVwYm1jaU9pSlFWREUwTkRCSUluMWRMQ0owYVhSc1pTSTZJazFoYzNSbGNpQnZaaUJUWTJsbGJtTmxJR2x1SUVOcGRtbHNJRVZ1WjJsdVpXVnlhVzVuSWl3aWQyRnpRWGRoY21SbFpFSjVJanA3SW1GM1lYSmthVzVuUW05a2VTSTZXeUprYVdRNlpXSnphVHA2YzFOblJGaGxXVkJvV2pOQmRVdG9WRVp1WlVSbU1TSmRMQ0poZDJGeVpHbHVaMFJoZEdVaU9pSXlNREU1TFRBNUxUSXdWREF3T2pBd09qQXdLekF5T2pBd0lpd2lhV1FpT2lKMWNtNDZaWEJoYzNNNllYZGhjbVJwYm1kUWNtOWpaWE56T2pFaWZTd2lkMkZ6UkdWeWFYWmxaRVp5YjIwaU9sdDdJbUZ6YzJWemMyVmtRbmtpT2xzaVpHbGtPbVZpYzJrNmVuTlRaMFJZWlZsUWFGb3pRWFZMYUZSR2JtVkVaakVpWFN3aVozSmhaR1VpT2lKbGVHTmxiR3hsYm5RZ0tEVXBJaXdpYVdRaU9pSjFjbTQ2WlhCaGMzTTZZWE56WlhOemJXVnVkRG94SWl3aWMzQmxZMmxtYVdWa1Fua2lPbnNpWjNKaFpHbHVaMU5qYUdWdFpTSTZleUprWldacGJtbDBhVzl1SWpvaVZHaGxJRU55YjJGMGFXRnVJRzVoZEdsdmJtRnNJR2R5WVdScGJtY2djMk5vWlcxbElHTnZibk5wYzNSeklHOW1JR1pwZG1VZ1ozSmhaR1Z6SUhkcGRHZ2diblZ0WlhKcFkyRnNJR1Z4ZFdsMllXeGxiblJ6T2lCcGVuWnljM1JoYmlEaWdKTWdOU0FvYjNWMGMzUmhibVJwYm1jcE95QjJjbXh2SUdSdlltRnlJT0tBa3lBMElDaDJaWEo1SUdkdmIyUXBPeUJrYjJKaGNpRGlnSk1nTXlBb1oyOXZaQ2s3SUdSdmRtOXNhbUZ1SU9LQWt5QXlJQ2h6ZFdabWFXTnBaVzUwS1RzZ2JtVmtiM1p2YkdwaGJpRGlnSk1nTVNBb2FXNXpkV1ptYVdOcFpXNTBJQzBnWm1GcGJDa3VJRlJvWlNCdGFXNXBiWFZ0SUhCaGMzTnBibWNnWjNKaFpHVWdhWE1nWkc5MmIyeHFZVzRnNG9DVElESXVJaXdpYVdRaU9pSjFjbTQ2WlhCaGMzTTZjMk52Y21sdVozTmphR1Z0WlhOd1pXTTZNU0lzSW5ScGRHeGxJam9pUjJWdVpYSmhiQ0JuY21Ga2FXNW5JSE5qYUdWdFpTQnBiaUJEY205aGRHbGhJbjBzSW1sa0lqb2lkWEp1T21Wd1lYTnpPbUZ6YzNObGMzTnRaVzUwYzNCbFl6b3hJaXdpZEdsMGJHVWlPaUpQZG1WeVlXeHNJRVJwY0d4dmJXRWdRWE56WlhOemJXVnVkQ0o5TENKMGFYUnNaU0k2SWs5MlpYSmhiR3dnUkdsd2JHOXRZU0JCYzNObGMzTnRaVzUwSW4xZExDSjNZWE5KYm1ac2RXVnVZMlZrUW5raU9sdDdJbVJwY21WamRHVmtRbmtpT2xzaVpHbGtPbVZpYzJrNmVuTlRaMFJZWlZsUWFGb3pRWFZMYUZSR2JtVkVaakVpWFN3aVpXNWtaV1JCZEZScGJXVWlPaUl5TURFNExUQXhMVEUwVkRBd09qQXdPakF3S3pBeE9qQXdJaXdpYVdRaU9pSjFjbTQ2WlhCaGMzTTZiR1ZoY201cGJtZEJZMmhwWlhabGJXVnVkRG94SWl3aWFXUmxiblJwWm1sbGNpSTZXM3NpYzJOb1pXMWxTVVFpT2lKQlkzUnBkbWwwZVNCSlJDSXNJblpoYkhWbElqb2lSMEZDTnpBeEluMWRMQ0pzYjJOaGRHbHZiaUk2V3lKMWNtNDZaWEJoYzNNNmJHOWpZWFJwYjI0Nk5DSmRMQ0p6Y0dWamFXWnBaV1JDZVNJNmV5SnBaQ0k2SW5WeWJqcGxjR0Z6Y3pwc1pXRnlibWx1WjJGamRHbDJhWFI1YzNCbFl6b3hJaXdpYkdGdVozVmhaMlVpT2xzaWFIUjBjRG92TDNCMVlteHBZMkYwYVc5dWN5NWxkWEp2Y0dFdVpYVXZjbVZ6YjNWeVkyVXZZWFYwYUc5eWFYUjVMMnhoYm1kMVlXZGxMMGhTVmlKZExDSnNaV0Z5Ym1sdVowRmpkR2wyYVhSNVZIbHdaU0k2V3lKb2RIUndPaTh2WkdGMFlTNWxkWEp2Y0dFdVpYVXZjMjVpTDJ4bFlYSnVhVzVuTFdGamRHbDJhWFI1TDJaa016TmxNak0wWVdVaVhTd2lkR2wwYkdVaU9pSkJjSEJzYVdWa0lHMWhkR2hsYldGMGFXTnpJaXdpZDI5eWEyeHZZV1FpT2lKUVZEWXdTQ0o5TENKemRHRnlkR1ZrUVhSVWFXMWxJam9pTWpBeE55MHdPUzB3TkZRd01Eb3dNRG93TUNzd01qb3dNQ0lzSW5ScGRHeGxJam9pVFdGemRHVnlJRzltSUZOamFXVnVZMlVnYVc0Z1EybDJhV3dnUlc1bmFXNWxaWEpwYm1jaUxDSjNiM0pyYkc5aFpDSTZJbEJVTmpCSUluMWRmVjBzSW1sa1pXNTBhV1pwWlhJaU9uc2ljMk5vWlcxbFNVUWlPaUpUZEhWa1pXNTBJR2xrWlc1MGFXWnBZMkYwYVc5dUlHNTFiV0psY2lJc0luWmhiSFZsSWpvaU9Ua3dNRGs1TURBaWZYMHNJbU55WldSbGJuUnBZV3hUZEdGMGRYTWlPbnNpYVdRaU9pSm9kSFJ3Y3pvdkwyVnpjMmxtTG1WMWNtOXdZUzVsZFM5emRHRjBkWE12WldSMVkyRjBhVzl1STJocFoyaGxja1ZrZFdOaGRHbHZiaU0xTVdVME1tWmtZUzFqWWpCaExUUXpNek10WWpaaE5pMHpOV05pTVRRM1pURmhPRGdpTENKMGVYQmxJam9pVkhKMWMzUmxaRU55WldSbGJuUnBZV3hUZEdGMGRYTXlNREl4SW4xOUxDSnFkR2tpT2lKMWNtNDZkWFZwWkRvNU9ESTFNVE0zTmkwNVpqVXlMVFEzTVdRdE9HUTRPQzFpT0ROalpESXpOMkl6Wm1VaWZRLnkzVElnVV9Sb29udkJPWndvVExtMmFqQkV2cnRtdjhLSVlYcGQwV2lZbmFrMkdFUDRKU1lKampwM1ZuTTUzNzFrNlQxVDJfRUp6NldtQWRWUUtHU0FBIl19LCJpYXQiOjE3MjYxMzM5ODYsImp0aSI6InVybjp1dWlkOjMyOTE4NTg3LTkwYmItNDA1Yi1iNDUzLTgxOGZlNTQ3MDc0MCJ9.0ycHomeBSWth9h7q9COKHyKPiuv8soO3m6kFFPMRJdnR_8Wrdet_Uhr3ObKWJP7rci4pm5P_ftDm98eQgJ0sAQ
10854 [pool-1-thread-1 @coroutine#756] DEBUG id.walt.auditor.Auditor - Verifying vc with SignaturePolicy ...
10854 [pool-1-thread-1 @coroutine#756] DEBUG id.walt.auditor.policies.SignaturePolicy - is jwt: false
10854 [pool-1-thread-1 @coroutine#756] DEBUG id.walt.model.DidUrl - Trying to create DidUrl from URL: "did:key:z6Mks8EGD7zpR1ui3BVPnkBHwa1iAmkDzgU3XjChwpWzSrUV#z6Mks8EGD7zpR1ui3BVPnkBHwa1iAmkDzgU3XjChwpWzSrUV"...
10856 [pool-1-thread-1 @coroutine#756] DEBUG id.walt.model.DidUrl - Trying to create DidUrl from URL: "did:key:z6Mks8EGD7zpR1ui3BVPnkBHwa1iAmkDzgU3XjChwpWzSrUV"...
10856 [pool-1-thread-1 @coroutine#756] DEBUG id.walt.model.DidUrl - Trying to create DidUrl from URL: "did:key:z6Mks8EGD7zpR1ui3BVPnkBHwa1iAmkDzgU3XjChwpWzSrUV"...
10857 [pool-1-thread-1 @coroutine#756] DEBUG id.walt.services.did.DidService - DID imported: did:key:z6Mks8EGD7zpR1ui3BVPnkBHwa1iAmkDzgU3XjChwpWzSrUV#z6Mks8EGD7zpR1ui3BVPnkBHwa1iAmkDzgU3XjChwpWzSrUV
10857 [pool-1-thread-1 @coroutine#756] DEBUG id.walt.services.did.DidService - Loading or resolving "did:key:z6Mks8EGD7zpR1ui3BVPnkBHwa1iAmkDzgU3XjChwpWzSrUV#z6Mks8EGD7zpR1ui3BVPnkBHwa1iAmkDzgU3XjChwpWzSrUV"...
10857 [pool-1-thread-1 @coroutine#756] DEBUG id.walt.model.DidUrl - Trying to create DidUrl from URL: "did:key:z6Mks8EGD7zpR1ui3BVPnkBHwa1iAmkDzgU3XjChwpWzSrUV#z6Mks8EGD7zpR1ui3BVPnkBHwa1iAmkDzgU3XjChwpWzSrUV"...
10857 [pool-1-thread-1 @coroutine#756] DEBUG id.walt.services.did.DidService - loadOrResolve: url=DidUrl(method=key, identifier=z6Mks8EGD7zpR1ui3BVPnkBHwa1iAmkDzgU3XjChwpWzSrUV, fragment=z6Mks8EGD7zpR1ui3BVPnkBHwa1iAmkDzgU3XjChwpWzSrUV, query=null), length of stored=null
10857 [pool-1-thread-1 @coroutine#756] DEBUG id.walt.model.DidUrl - Trying to create DidUrl from URL: "did:key:z6Mks8EGD7zpR1ui3BVPnkBHwa1iAmkDzgU3XjChwpWzSrUV#z6Mks8EGD7zpR1ui3BVPnkBHwa1iAmkDzgU3XjChwpWzSrUV"...
10858 [pool-1-thread-1 @coroutine#756] DEBUG id.walt.model.DidUrl - Trying to create DidUrl from URL: "did:key:z6Mks8EGD7zpR1ui3BVPnkBHwa1iAmkDzgU3XjChwpWzSrUV"...
10858 [pool-1-thread-1 @coroutine#756] DEBUG id.walt.model.DidUrl - Trying to create DidUrl from URL: "did:key:z6Mks8EGD7zpR1ui3BVPnkBHwa1iAmkDzgU3XjChwpWzSrUV"...
10859 [pool-1-thread-1 @coroutine#756] DEBUG id.walt.services.did.DidService - Key imported for: did:key:z6Mks8EGD7zpR1ui3BVPnkBHwa1iAmkDzgU3XjChwpWzSrUV#z6Mks8EGD7zpR1ui3BVPnkBHwa1iAmkDzgU3XjChwpWzSrUV
10859 [pool-1-thread-1 @coroutine#756] DEBUG id.walt.services.did.DidService - Loading or resolving "did:key:z6Mks8EGD7zpR1ui3BVPnkBHwa1iAmkDzgU3XjChwpWzSrUV"...
10859 [pool-1-thread-1 @coroutine#756] DEBUG id.walt.model.DidUrl - Trying to create DidUrl from URL: "did:key:z6Mks8EGD7zpR1ui3BVPnkBHwa1iAmkDzgU3XjChwpWzSrUV"...
10859 [pool-1-thread-1 @coroutine#756] DEBUG id.walt.services.did.DidService - loadOrResolve: url=DidUrl(method=key, identifier=z6Mks8EGD7zpR1ui3BVPnkBHwa1iAmkDzgU3XjChwpWzSrUV, fragment=z6Mks8EGD7zpR1ui3BVPnkBHwa1iAmkDzgU3XjChwpWzSrUV, query=null), length of stored=1639
10860 [pool-1-thread-1 @coroutine#756] DEBUG id.walt.model.DidUrl - Trying to create DidUrl from URL: "did:key:z6Mks8EGD7zpR1ui3BVPnkBHwa1iAmkDzgU3XjChwpWzSrUV"...
10862 [pool-1-thread-1 @coroutine#756] DEBUG id.walt.services.vc.WaltIdJsonLdCredentialService - Loading verification key for:  did:key:z6Mks8EGD7zpR1ui3BVPnkBHwa1iAmkDzgU3XjChwpWzSrUV#z6Mks8EGD7zpR1ui3BVPnkBHwa1iAmkDzgU3XjChwpWzSrUV
10862 [pool-1-thread-1 @coroutine#756] DEBUG id.walt.services.vc.WaltIdJsonLdCredentialService - Document loader config: isEnableHttp (true), isEnableHttps (true), isEnableFile (true), isEnableLocalCache (true)
10862 [pool-1-thread-1 @coroutine#756] DEBUG id.walt.services.vc.WaltIdJsonLdCredentialService - Decoded Json LD object: {"type":["VerifiablePresentation"],"@context":["https://www.w3.org/2018/credentials/v1","https://w3id.org/security/suites/jws-2020/v1"],"id":"urn:uuid:e4cb52a8-bca6-4e92-a6df-643915553de6","proof":{"type":"JsonWebSignature2020","creator":"did:key:z6Mks8EGD7zpR1ui3BVPnkBHwa1iAmkDzgU3XjChwpWzSrUV","created":"2024-09-12T09:39:46Z","proofPurpose":"authentication","verificationMethod":"did:key:z6Mks8EGD7zpR1ui3BVPnkBHwa1iAmkDzgU3XjChwpWzSrUV#z6Mks8EGD7zpR1ui3BVPnkBHwa1iAmkDzgU3XjChwpWzSrUV","jws":"eyJiNjQiOmZhbHNlLCJjcml0IjpbImI2NCJdLCJhbGciOiJFZERTQSJ9..F0iDpXQALjxN-9HUeW66Cj9MqznNg7AFhEOlXeHMLT5JBzLmkw4xjZmbpLRBJLdtgjMivFlFJb7fFbtXsebbDg"},"holder":"did:key:z6Mks8EGD7zpR1ui3BVPnkBHwa1iAmkDzgU3XjChwpWzSrUV","verifiableCredential":[{"type":["VerifiableCredential","VerifiableAttestation","VerifiableId"],"@context":["https://www.w3.org/2018/credentials/v1","https://w3id.org/security/suites/jws-2020/v1"],"id":"urn:uuid:124f021c-f774-4374-9086-c7bf447e5bb2","issuer":"did:ebsi:zrcAhdWaxGh8Ljwp72cMKPG","issuanceDate":"2024-09-12T09:39:46Z","issued":"2024-09-12T09:39:46Z","validFrom":"2024-09-12T09:39:46Z","proof":{"type":"JsonWebSignature2020","creator":"did:ebsi:zrcAhdWaxGh8Ljwp72cMKPG","created":"2024-09-12T09:39:46Z","verificationMethod":"did:ebsi:zrcAhdWaxGh8Ljwp72cMKPG#a5d70b306072448a988274531a7c0f33","jws":"eyJiNjQiOmZhbHNlLCJjcml0IjpbImI2NCJdLCJhbGciOiJFZERTQSJ9.._IbcuEjzs_FNDUWdUHBKUuOM3ABTyFZ2cduVBCv_zaz30u-lfAho4pfL9QCM0NSbd4s_RK6kafLnfMYCitBvDQ"},"credentialSchema":{"id":"https://raw.githubusercontent.com/walt-id/waltid-ssikit-vclib/master/src/test/resources/schemas/VerifiableId.json","type":"FullJsonSchemaValidator2021"},"credentialSubject":{"id":"did:key:z6Mks8EGD7zpR1ui3BVPnkBHwa1iAmkDzgU3XjChwpWzSrUV","currentAddress":["1 Boulevard de la Liberté, 59800 Lille"],"dateOfBirth":"1993-04-08","familyName":"DOE","firstName":"Jane","gender":"FEMALE","nameAndFamilyNameAtBirth":"Jane DOE","personalIdentifier":"0904008084H","placeOfBirth":"LILLE, FRANCE"},"evidence":[{"documentPresence":["Physical"],"evidenceDocument":["Passport"],"subjectPresence":"Physical","type":["DocumentVerification"],"verifier":"did:ebsi:2A9BZ9SUe6BatacSpvs1V5CdjHvLpQ7bEsi2Jb6LdHKnQxaN"}]}]}
10862 [pool-1-thread-1 @coroutine#756] DEBUG id.walt.services.storeUmu.defaultSoreServiceUmu - Loading key "z6Mks8EGD7zpR1ui3BVPnkBHwa1iAmkDzgU3XjChwpWzSrUV"...
10862 [pool-1-thread-1 @coroutine#756] DEBUG id.walt.auditor.VerificationPolicy - VerificationPolicy failed: Could not load key: z6Mks8EGD7zpR1ui3BVPnkBHwa1iAmkDzgU3XjChwpWzSrUV
10862 [pool-1-thread-1 @coroutine#756] DEBUG id.walt.auditor.VerificationPolicy - VC [VerifiablePresentation] passes policy SignaturePolicy: failed: #1: IllegalArgumentException - Could not load key: z6Mks8EGD7zpR1ui3BVPnkBHwa1iAmkDzgU3XjChwpWzSrUV
10862 [pool-1-thread-1 @coroutine#756] ERROR id.walt.auditor.Auditor - SignaturePolicy: java.lang.IllegalArgumentException: Could not load key: z6Mks8EGD7zpR1ui3BVPnkBHwa1iAmkDzgU3XjChwpWzSrUV
10862 [pool-1-thread-1 @coroutine#756] DEBUG id.walt.auditor.VerificationPolicy - VerificationPolicy failed: Could not load key: z6Mks8EGD7zpR1ui3BVPnkBHwa1iAmkDzgU3XjChwpWzSrUV
10862 [pool-1-thread-1 @coroutine#756] DEBUG id.walt.auditor.Auditor - Verifying vc with JsonSchemaPolicy ...
10862 [pool-1-thread-1 @coroutine#756] DEBUG id.walt.auditor.VerificationPolicy - VC [VerifiablePresentation] passes policy JsonSchemaPolicy: passed
10862 [pool-1-thread-1 @coroutine#756] DEBUG id.walt.auditor.Auditor - Verifying VerifiableId in VP with JsonSchemaPolicy...
10892 [pool-1-thread-1 @coroutine#756] DEBUG io.mockk.impl.recording.states.AnsweringState - Answering id.walt.credentials.w3c.schema.NetworkntSchemaValidator@33886184 on SchemaValidatorFactory(object SchemaValidatorFactory).get(https://raw.githubusercontent.com/walt-id/waltid-ssikit-vclib/master/src/test/resources/schemas/VerifiableId.json)
10893 [pool-1-thread-1 @coroutine#756] DEBUG id.walt.auditor.VerificationPolicy - VC [VerifiableCredential, VerifiableAttestation, VerifiableId] passes policy JsonSchemaPolicy: passed
10894 [pool-1-thread-1 @coroutine#756] DEBUG id.walt.auditor.Auditor - Verifying vc with SignaturePolicy ...
10894 [pool-1-thread-1 @coroutine#756] DEBUG id.walt.auditor.policies.SignaturePolicy - is jwt: true
10895 [pool-1-thread-1 @coroutine#756] DEBUG id.walt.services.vc.WaltIdJwtCredentialService - Verifying vc: eyJraWQiOiJkaWQ6a2V5Ono2TWtzOEVHRDd6cFIxdWkzQlZQbmtCSHdhMWlBbWtEemdVM1hqQ2h3cFd6U3JVViN6Nk1rczhFR0Q3enBSMXVpM0JWUG5rQkh3YTFpQW1rRHpnVTNYakNod3BXelNyVVYiLCJ0eXAiOiJKV1QiLCJhbGciOiJFZERTQSJ9.eyJzdWIiOiJkaWQ6a2V5Ono2TWtzOEVHRDd6cFIxdWkzQlZQbmtCSHdhMWlBbWtEemdVM1hqQ2h3cFd6U3JVViIsIm5iZiI6MTcyNjEzMzk4NiwiaXNzIjoiZGlkOmtleTp6Nk1rczhFR0Q3enBSMXVpM0JWUG5rQkh3YTFpQW1rRHpnVTNYakNod3BXelNyVVYiLCJ2cCI6eyJ0eXBlIjpbIlZlcmlmaWFibGVQcmVzZW50YXRpb24iXSwiQGNvbnRleHQiOlsiaHR0cHM6Ly93d3cudzMub3JnLzIwMTgvY3JlZGVudGlhbHMvdjEiXSwiaWQiOiJ1cm46dXVpZDozMjkxODU4Ny05MGJiLTQwNWItYjQ1My04MThmZTU0NzA3NDAiLCJob2xkZXIiOiJkaWQ6a2V5Ono2TWtzOEVHRDd6cFIxdWkzQlZQbmtCSHdhMWlBbWtEemdVM1hqQ2h3cFd6U3JVViIsInZlcmlmaWFibGVDcmVkZW50aWFsIjpbImV5SnJhV1FpT2lKa2FXUTZaV0p6YVRwNmNtTkJhR1JYWVhoSGFEaE1hbmR3TnpKalRVdFFSeU5oTldRM01HSXpNRFl3TnpJME5EaGhPVGc0TWpjME5UTXhZVGRqTUdZek15SXNJblI1Y0NJNklrcFhWQ0lzSW1Gc1p5STZJa1ZrUkZOQkluMC5leUp6ZFdJaU9pSmthV1E2YTJWNU9ubzJUV3R6T0VWSFJEZDZjRkl4ZFdrelFsWlFibXRDU0hkaE1XbEJiV3RFZW1kVk0xaHFRMmgzY0ZkNlUzSlZWaUlzSW01aVppSTZNVGN5TmpFek16azROaXdpYVhOeklqb2laR2xrT21WaWMyazZlbkpqUVdoa1YyRjRSMmc0VEdwM2NEY3lZMDFMVUVjaUxDSnBZWFFpT2pFM01qWXhNek01T0RZc0luWmpJanA3SW5SNWNHVWlPbHNpVm1WeWFXWnBZV0pzWlVOeVpXUmxiblJwWVd3aUxDSldaWEpwWm1saFlteGxRWFIwWlhOMFlYUnBiMjRpTENKRmRYSnZjR0Z6Y3lKZExDSkFZMjl1ZEdWNGRDSTZXeUpvZEhSd2N6b3ZMM2QzZHk1M015NXZjbWN2TWpBeE9DOWpjbVZrWlc1MGFXRnNjeTkyTVNKZExDSnBaQ0k2SW5WeWJqcDFkV2xrT2prNE1qVXhNemMyTFRsbU5USXRORGN4WkMwNFpEZzRMV0k0TTJOa01qTTNZak5tWlNJc0ltbHpjM1ZsY2lJNkltUnBaRHBsWW5OcE9ucHlZMEZvWkZkaGVFZG9PRXhxZDNBM01tTk5TMUJISWl3aWFYTnpkV0Z1WTJWRVlYUmxJam9pTWpBeU5DMHdPUzB4TWxRd09Ub3pPVG8wTmxvaUxDSnBjM04xWldRaU9pSXlNREkwTFRBNUxURXlWREE1T2pNNU9qUTJXaUlzSW5aaGJHbGtSbkp2YlNJNklqSXdNalF0TURrdE1USlVNRGs2TXprNk5EWmFJaXdpWTNKbFpHVnVkR2xoYkZOamFHVnRZU0k2ZXlKcFpDSTZJbWgwZEhCek9pOHZjbUYzTG1kcGRHaDFZblZ6WlhKamIyNTBaVzUwTG1OdmJTOTNZV3gwTFdsa0wzZGhiSFJwWkMxemMybHJhWFF0ZG1Oc2FXSXZiV0Z6ZEdWeUwzTnlZeTkwWlhOMEwzSmxjMjkxY21ObGN5OXpZMmhsYldGekwwVjFjbTl3WVhOekxtcHpiMjRpTENKMGVYQmxJam9pU25OdmJsTmphR1Z0WVZaaGJHbGtZWFJ2Y2pJd01UZ2lmU3dpWTNKbFpHVnVkR2xoYkZOMVltcGxZM1FpT25zaWFXUWlPaUprYVdRNmEyVjVPbm8yVFd0ek9FVkhSRGQ2Y0ZJeGRXa3pRbFpRYm10Q1NIZGhNV2xCYld0RWVtZFZNMWhxUTJoM2NGZDZVM0pWVmlJc0ltRmphR2xsZG1Wa0lqcGJleUpsYm5ScGRHeGxjMVJ2SWpwN0ltUmxabWx1YVhScGIyNGlPaUpEYjIxd1pYUmxibU5sY3lCMGFHVWdjM1IxWkdWdWRDQmhZM0YxYVhKbGN5QmhablJsY2lCMGFHVWdZMjl0Y0d4bGRHbHZiaUJ2WmlCSGNtRmtkV0YwWlNCMWJtbDJaWEp6YVhSNUlITjBkV1I1SUdGeVpTQnpkV1ptYVdOcFpXNTBJR052Ym1ScGRHbHZibk1nWm05eUlHRjBkR1Z1WkdsdVp5QjBhR1VnY0hKdlozSmhiVzFsSUc5bUlGQnZjM1JuY21Ga2RXRjBaU0JrYjJOMGIzSmhiQ0J6ZEhWa2VTQmhkQ0IwYUdVZ1JtRmpkV3gwZVNCdlppQkRhWFpwYkNCRmJtZHBibVZsY21sdVp5d2dRWEpqYUdsMFpXTjBkWEpsSUdGdVpDQkhaVzlrWlhONUlHbHVJRk53YkdsMExDQmhjeUIzWld4c0lHRnpJR1p2Y2lCaGRIUmxibVJwYm1jZ2RHaGxJSE5oYldVZ2IzSWdjMmx0YVd4aGNpQndjbTluY21GdGJXVnpJR0Z1WkNCUWIzTjBaM0poWkhWaGRHVWdjM0JsWTJsaGJHbHpkQ0J6ZEhWa2FXVnpJR0YwSUc5MGFHVnlJR1poWTNWc2RHbGxjeUJ2WmlCRGFYWnBiQ0JGYm1kcGJtVmxjbWx1WnlCcGJpQkRjbTloZEdsaExpQlVhR1VnWVdOeGRXbHlaV1FnYkdWaGNtNXBibWNnYjNWMFkyOXRaWE1nWlc1aFlteGxJSFJvWlNCemRIVmtaVzUwSUhSdklHRjBkR1Z1WkNCdmRHaGxjaUJ3YjNOMFozSmhaSFZoZEdVZ2MzUjFaSGtnY0hKdlozSmhiVzFsY3lCcGJpQjBhR1VnWm1sbGJHUWdiMllnZEdWamFHNXBZMkZzSUhOamFXVnVZMlZ6TGlBaUxDSnBaQ0k2SW5WeWJqcGxjR0Z6Y3pwbGJuUnBkR3hsYldWdWREb3hJaXdpYVhOemRXVmtSR0YwWlNJNklqSXdNVGt0TURrdE1qQWlMQ0p6Y0dWamFXWnBaV1JDZVNJNmV5SmxiblJwZEd4bGJXVnVkRlI1Y0dVaU9pSm9kSFJ3T2k4dlpHRjBZUzVsZFhKdmNHRXVaWFV2YzI1aUwyVnVkR2wwYkdWdFpXNTBMelkwWVdGa09USTRPREVpTENKcFpDSTZJblZ5YmpwbGNHRnpjenBsYm5ScGRHeGxiV1Z1ZEhOd1pXTTZNU0lzSW14cGJXbDBTblZ5YVhOa2FXTjBhVzl1SWpwYkltaDBkSEE2THk5d2RXSnNhV05oZEdsdmJuTXVaWFZ5YjNCaExtVjFMM0psYzI5MWNtTmxMMkYxZEdodmNtbDBlUzlqYjNWdWRISjVMMGhTVmlKZExDSnNhVzFwZEU5eVoyRnVhWE5oZEdsdmJpSTZXeUprYVdRNlpXSnphVHA2YzFOblJGaGxXVkJvV2pOQmRVdG9WRVp1WlVSbU1TSmRMQ0p6ZEdGMGRYTWlPaUpvZEhSd09pOHZaR0YwWVM1bGRYSnZjR0V1WlhVdmMyNWlMMlZ1ZEdsMGJHVnRaVzUwTFhOMFlYUjFjeTgxWWpoa05tSXpOR1ppSWl3aWRHbDBiR1VpT2lKUWIzTjBaM0poWkhWaGRHVWdaRzlqZEc5eVlXd2djM1IxWkhraWZTd2lkR2wwYkdVaU9pSlFiM04wWjNKaFpIVmhkR1VnWkc5amRHOXlZV3dnYzNSMVpIa2lmU3dpYUdGelVHRnlkQ0k2ZXlKc1pXRnlibWx1WjBGamFHbGxkbVZ0Wlc1MGN5STZXM3NpYVdRaU9pSWlMQ0pwWkdWdWRHbG1hV1Z5SWpwYmV5SnpZMmhsYldWSlJDSTZJa0ZqYUdsbGRtVnRaVzUwSUVsRUlpd2lkbUZzZFdVaU9pSkhRVUkzTURFaWZWMHNJbk53WldOcFptbGxaRUo1SWpwYmV5SmxRMVJUUTNKbFpHbDBVRzlwYm5SeklqbzFMQ0psY1dac1RHVjJaV3dpT2lKb2RIUndPaTh2WkdGMFlTNWxkWEp2Y0dFdVpYVXZjMjVpTDJWeFppODBJaXdpYVdRaU9pSjFjbTQ2WlhCaGMzTTZjWFZoYkdsbWFXTmhkR2x2YmpveElpd2lhWE5RWVhKMGFXRnNVWFZoYkdsbWFXTmhkR2x2YmlJNmRISjFaU3dpYldGNGFXMTFiVVIxY21GMGFXOXVJam9pVURaTklpd2libkZtYkV4bGRtVnNJam9pYUhSMGNEb3ZMMlJoZEdFdVpYVnliM0JoTG1WMUwzTnVZaTl4WkhJdlkxODBPVFkzTW1NMVlTSXNJblJwZEd4bElqb2lRWEJ3YkdsbFpDQnRZWFJvWlcxaGRHbGpjeUlzSW5admJIVnRaVTltVEdWaGNtNXBibWNpT2lKUVZEWXdTQ0o5WFN3aWRHbDBiR1VpT2lJaUxDSjNZWE5CZDJGeVpHVmtRbmtpT25zaVlYZGhjbVJwYm1kQ2IyUjVJanBiSW1ScFpEcGxZbk5wT25welUyZEVXR1ZaVUdoYU0wRjFTMmhVUm01bFJHWXhJbDBzSW1GM1lYSmthVzVuUkdGMFpTSTZJakl3TVRrdE1Ea3RNakJVTURBNk1EQTZNREFyTURJNk1EQWlMQ0pwWkNJNkluVnlianBsY0dGemN6cGhkMkZ5WkdsdVoxQnliMk5sYzNNNk1pSjlMQ0ozWVhORVpYSnBkbVZrUm5KdmJTSTZXM3NpWVhOelpYTnpaV1JDZVNJNld5SmthV1E2WldKemFUcDZjMU5uUkZobFdWQm9Xak5CZFV0b1ZFWnVaVVJtTVNKZExDSm5jbUZrWlNJNkltZHZiMlFnS0RNcElpd2lhV1FpT2lKMWNtNDZaWEJoYzNNNllYTnpjMlZ6YzIxbGJuUnpjR1ZqT2pJaUxDSnpjR1ZqYVdacFpXUkNlU0k2ZXlKbmNtRmthVzVuVTJOb1pXMWxJanA3SW1SbFptbHVhWFJwYjI0aU9pSlVhR1VnUTNKdllYUnBZVzRnYm1GMGFXOXVZV3dnWjNKaFpHbHVaeUJ6WTJobGJXVWdZMjl1YzJsemRITWdiMllnWm1sMlpTQm5jbUZrWlhNZ2QybDBhQ0J1ZFcxbGNtbGpZV3dnWlhGMWFYWmhiR1Z1ZEhNNklHbDZkbkp6ZEdGdUlPS0FreUExSUNodmRYUnpkR0Z1WkdsdVp5azdJSFp5Ykc4Z1pHOWlZWElnNG9DVElEUWdLSFpsY25rZ1oyOXZaQ2s3SUdSdlltRnlJT0tBa3lBeklDaG5iMjlrS1RzZ1pHOTJiMnhxWVc0ZzRvQ1RJRElnS0hOMVptWnBZMmxsYm5RcE95QnVaV1J2ZG05c2FtRnVJT0tBa3lBeElDaHBibk4xWm1acFkybGxiblFnTFNCbVlXbHNLUzRnVkdobElHMXBibWx0ZFcwZ2NHRnpjMmx1WnlCbmNtRmtaU0JwY3lCa2IzWnZiR3BoYmlEaWdKTWdNaTRpTENKcFpDSTZJblZ5YmpwbGNHRnpjenB6WTI5eWFXNW5jMk5vWlcxbGMzQmxZem95SWl3aWRHbDBiR1VpT2lKSFpXNWxjbUZzSUdkeVlXUnBibWNnYzJOb1pXMWxJR2x1SUVOeWIyRjBhV0VpZlN3aWFXUWlPaUoxY200NlpYQmhjM002WVhOemMyVnpjMjFsYm5SemNHVmpPaklpTENKMGFYUnNaU0k2SWtGd2NHeHBaV1FnYldGMGFHVnRZWFJwWTNNaWZTd2lkR2wwYkdVaU9pSkJjSEJzYVdWa0lHMWhkR2hsYldGMGFXTnpJbjFkTENKM1lYTkpibVpzZFdWdVkyVmtRbmtpT2x0N0ltUnBjbVZqZEdWa1Fua2lPbHNpWkdsa09tVmljMms2ZW5OVFowUllaVmxRYUZvelFYVkxhRlJHYm1WRVpqRWlYU3dpWlc1a1pXUkJkRlJwYldVaU9pSXlNREU0TFRBeExURTBWREF3T2pBd09qQXdLekF4T2pBd0lpd2lhV1FpT2lKMWNtNDZaWEJoYzNNNllXTjBhWFpwZEhrNk1TSXNJbWxrWlc1MGFXWnBaWElpT2x0N0luTmphR1Z0WlVsRUlqb2lRV04wYVhacGRIa2dTVVFpTENKMllXeDFaU0k2SWtkQlFqY3dNU0o5WFN3aWJHOWpZWFJwYjI0aU9sc2lkWEp1T21Wd1lYTnpPbXh2WTJGMGFXOXVPalFpWFN3aWMzQmxZMmxtYVdWa1Fua2lPbnNpYVdRaU9pSjFjbTQ2WlhCaGMzTTZiR1ZoY201cGJtZGhZM1JwZG1sMGVYTndaV002TVNJc0lteGhibWQxWVdkbElqcGJJbWgwZEhBNkx5OXdkV0pzYVdOaGRHbHZibk11WlhWeWIzQmhMbVYxTDNKbGMyOTFjbU5sTDJGMWRHaHZjbWwwZVM5c1lXNW5kV0ZuWlM5SVVsWWlYU3dpYkdWaGNtNXBibWRCWTNScGRtbDBlVlI1Y0dVaU9sc2lhSFIwY0RvdkwyUmhkR0V1WlhWeWIzQmhMbVYxTDNOdVlpOXNaV0Z5Ym1sdVp5MWhZM1JwZG1sMGVTOW1aRE16WlRJek5HRmxJbDBzSW5ScGRHeGxJam9pUVhCd2JHbGxaQ0J0WVhSb1pXMWhkR2xqY3lJc0luZHZjbXRzYjJGa0lqb2lVRlEyTUVnaWZTd2ljM1JoY25SbFpFRjBWR2x0WlNJNklqSXdNVGN0TURrdE1EUlVNREE2TURBNk1EQXJNREk2TURBaUxDSjBhWFJzWlNJNklrRndjR3hwWldRZ2JXRjBhR1Z0WVhScFkzTWlMQ0ozYjNKcmJHOWhaQ0k2SWxCVU5qQklJbjFkZlYxOUxDSnBaQ0k2SW5WeWJqcGxjR0Z6Y3pwc1pXRnlibWx1WjBGamFHbGxkbVZ0Wlc1ME9qRWlMQ0p6Y0dWamFXWnBaV1JDZVNJNlczc2laVU5VVTBOeVpXUnBkRkJ2YVc1MGN5STZNVEl3TENKbGJuUnllVkpsY1hWcGNtVnRaVzUwYzA1dmRHVWlPaUpVYUdVZ2JXbHVhVzExYlNCbFpIVmpZWFJwYjI1aGJDQnlaWEYxYVhKbGJXVnVkQ0JtYjNJZ1pXNXliMnh0Wlc1MElHbHVkRzhnWjNKaFpIVmhkR1VnZFc1cGRtVnljMmwwZVNCd2NtOW5jbUZ0YldWeklHbHpJSFJvWlNCamIyMXdiR1YwYVc5dUlHOW1JR0Z1SUhWdVpHVnlaM0poWkhWaGRHVWdkVzVwZG1WeWMybDBlU0J3Y205bmNtRnRiV1V1SUZSb1pTQjFibWwyWlhKemFYUjVJR05oYmlCaGJHeHZkeUJ6ZEhWa1pXNTBjeUIzYUc4Z2FHRjJaU0JqYjIxd2JHVjBaV1FnWVNCd2NtOW1aWE56YVc5dVlXd2djSEp2WjNKaGJXMWxJSFJ2SUdGc2MyOGdaVzV5YjJ3Z1ozSmhaSFZoZEdVZ2RXNXBkbVZ5YzJsMGVTQndjbTluY21GdGJXVnpMQ0JpZFhRZ2RHaGxlU0JoY21VZ1lXeHNiM2RsWkNCMGJ5QnpaWFFnYzNCbFkybGhiQ0J5WlhGMWFYSmxiV1Z1ZEhNZ2FXNGdkR2hsYzJVZ1kyRnpaWE11WEc1VWFHVWdiV2x1YVcxMWJTQmxaSFZqWVhScGIyNWhiQ0J5WlhGMWFYSmxiV1Z1ZENCbWIzSWdaVzV5YjJ4dFpXNTBJR2x1ZEc4Z2MzQmxZMmxoYkdsemRDQm5jbUZrZFdGMFpTQndjbTltWlhOemFXOXVZV3dnY0hKdlozSmhiVzFsY3lCcGN5QjBhR1VnWTI5dGNHeGxkR2x2YmlCdlppQmhiaUIxYm1SbGNtZHlZV1IxWVhSbElIVnVhWFpsY25OcGRIa2djSEp2WjNKaGJXMWxJRzl5SUdFZ2NISnZabVZ6YzJsdmJtRnNJSEJ5YjJkeVlXMXRaU0FvWm1seWMzUWdZM2xqYkdVcExpSXNJbVZ4Wm14TVpYWmxiQ0k2SW1oMGRIQTZMeTlrWVhSaExtVjFjbTl3WVM1bGRTOXpibUl2WlhGbUx6VWlMQ0pwWkNJNkluVnlianBsY0dGemN6cHhkV0ZzYVdacFkyRjBhVzl1T2pJd0lpd2lhWE5RWVhKMGFXRnNVWFZoYkdsbWFXTmhkR2x2YmlJNlptRnNjMlVzSW0xaGVHbHRkVzFFZFhKaGRHbHZiaUk2SWxBeU1VMGlMQ0p1Y1dac1RHVjJaV3dpT2lKb2RIUndPaTh2WkdGMFlTNWxkWEp2Y0dFdVpYVXZjMjVpTDNGa2NpOWpYMlJqWXpsaFkyRXhJaXdpZEdsMGJHVWlPaUpOWVhOMFpYSWdiMllnVTJOcFpXNWpaU0JwYmlCRGFYWnBiQ0JGYm1kcGJtVmxjbWx1WnlJc0luWnZiSFZ0WlU5bVRHVmhjbTVwYm1jaU9pSlFWREUwTkRCSUluMWRMQ0owYVhSc1pTSTZJazFoYzNSbGNpQnZaaUJUWTJsbGJtTmxJR2x1SUVOcGRtbHNJRVZ1WjJsdVpXVnlhVzVuSWl3aWQyRnpRWGRoY21SbFpFSjVJanA3SW1GM1lYSmthVzVuUW05a2VTSTZXeUprYVdRNlpXSnphVHA2YzFOblJGaGxXVkJvV2pOQmRVdG9WRVp1WlVSbU1TSmRMQ0poZDJGeVpHbHVaMFJoZEdVaU9pSXlNREU1TFRBNUxUSXdWREF3T2pBd09qQXdLekF5T2pBd0lpd2lhV1FpT2lKMWNtNDZaWEJoYzNNNllYZGhjbVJwYm1kUWNtOWpaWE56T2pFaWZTd2lkMkZ6UkdWeWFYWmxaRVp5YjIwaU9sdDdJbUZ6YzJWemMyVmtRbmtpT2xzaVpHbGtPbVZpYzJrNmVuTlRaMFJZWlZsUWFGb3pRWFZMYUZSR2JtVkVaakVpWFN3aVozSmhaR1VpT2lKbGVHTmxiR3hsYm5RZ0tEVXBJaXdpYVdRaU9pSjFjbTQ2WlhCaGMzTTZZWE56WlhOemJXVnVkRG94SWl3aWMzQmxZMmxtYVdWa1Fua2lPbnNpWjNKaFpHbHVaMU5qYUdWdFpTSTZleUprWldacGJtbDBhVzl1SWpvaVZHaGxJRU55YjJGMGFXRnVJRzVoZEdsdmJtRnNJR2R5WVdScGJtY2djMk5vWlcxbElHTnZibk5wYzNSeklHOW1JR1pwZG1VZ1ozSmhaR1Z6SUhkcGRHZ2diblZ0WlhKcFkyRnNJR1Z4ZFdsMllXeGxiblJ6T2lCcGVuWnljM1JoYmlEaWdKTWdOU0FvYjNWMGMzUmhibVJwYm1jcE95QjJjbXh2SUdSdlltRnlJT0tBa3lBMElDaDJaWEo1SUdkdmIyUXBPeUJrYjJKaGNpRGlnSk1nTXlBb1oyOXZaQ2s3SUdSdmRtOXNhbUZ1SU9LQWt5QXlJQ2h6ZFdabWFXTnBaVzUwS1RzZ2JtVmtiM1p2YkdwaGJpRGlnSk1nTVNBb2FXNXpkV1ptYVdOcFpXNTBJQzBnWm1GcGJDa3VJRlJvWlNCdGFXNXBiWFZ0SUhCaGMzTnBibWNnWjNKaFpHVWdhWE1nWkc5MmIyeHFZVzRnNG9DVElESXVJaXdpYVdRaU9pSjFjbTQ2WlhCaGMzTTZjMk52Y21sdVozTmphR1Z0WlhOd1pXTTZNU0lzSW5ScGRHeGxJam9pUjJWdVpYSmhiQ0JuY21Ga2FXNW5JSE5qYUdWdFpTQnBiaUJEY205aGRHbGhJbjBzSW1sa0lqb2lkWEp1T21Wd1lYTnpPbUZ6YzNObGMzTnRaVzUwYzNCbFl6b3hJaXdpZEdsMGJHVWlPaUpQZG1WeVlXeHNJRVJwY0d4dmJXRWdRWE56WlhOemJXVnVkQ0o5TENKMGFYUnNaU0k2SWs5MlpYSmhiR3dnUkdsd2JHOXRZU0JCYzNObGMzTnRaVzUwSW4xZExDSjNZWE5KYm1ac2RXVnVZMlZrUW5raU9sdDdJbVJwY21WamRHVmtRbmtpT2xzaVpHbGtPbVZpYzJrNmVuTlRaMFJZWlZsUWFGb3pRWFZMYUZSR2JtVkVaakVpWFN3aVpXNWtaV1JCZEZScGJXVWlPaUl5TURFNExUQXhMVEUwVkRBd09qQXdPakF3S3pBeE9qQXdJaXdpYVdRaU9pSjFjbTQ2WlhCaGMzTTZiR1ZoY201cGJtZEJZMmhwWlhabGJXVnVkRG94SWl3aWFXUmxiblJwWm1sbGNpSTZXM3NpYzJOb1pXMWxTVVFpT2lKQlkzUnBkbWwwZVNCSlJDSXNJblpoYkhWbElqb2lSMEZDTnpBeEluMWRMQ0pzYjJOaGRHbHZiaUk2V3lKMWNtNDZaWEJoYzNNNmJHOWpZWFJwYjI0Nk5DSmRMQ0p6Y0dWamFXWnBaV1JDZVNJNmV5SnBaQ0k2SW5WeWJqcGxjR0Z6Y3pwc1pXRnlibWx1WjJGamRHbDJhWFI1YzNCbFl6b3hJaXdpYkdGdVozVmhaMlVpT2xzaWFIUjBjRG92TDNCMVlteHBZMkYwYVc5dWN5NWxkWEp2Y0dFdVpYVXZjbVZ6YjNWeVkyVXZZWFYwYUc5eWFYUjVMMnhoYm1kMVlXZGxMMGhTVmlKZExDSnNaV0Z5Ym1sdVowRmpkR2wyYVhSNVZIbHdaU0k2V3lKb2RIUndPaTh2WkdGMFlTNWxkWEp2Y0dFdVpYVXZjMjVpTDJ4bFlYSnVhVzVuTFdGamRHbDJhWFI1TDJaa016TmxNak0wWVdVaVhTd2lkR2wwYkdVaU9pSkJjSEJzYVdWa0lHMWhkR2hsYldGMGFXTnpJaXdpZDI5eWEyeHZZV1FpT2lKUVZEWXdTQ0o5TENKemRHRnlkR1ZrUVhSVWFXMWxJam9pTWpBeE55MHdPUzB3TkZRd01Eb3dNRG93TUNzd01qb3dNQ0lzSW5ScGRHeGxJam9pVFdGemRHVnlJRzltSUZOamFXVnVZMlVnYVc0Z1EybDJhV3dnUlc1bmFXNWxaWEpwYm1jaUxDSjNiM0pyYkc5aFpDSTZJbEJVTmpCSUluMWRmVjBzSW1sa1pXNTBhV1pwWlhJaU9uc2ljMk5vWlcxbFNVUWlPaUpUZEhWa1pXNTBJR2xrWlc1MGFXWnBZMkYwYVc5dUlHNTFiV0psY2lJc0luWmhiSFZsSWpvaU9Ua3dNRGs1TURBaWZYMHNJbU55WldSbGJuUnBZV3hUZEdGMGRYTWlPbnNpYVdRaU9pSm9kSFJ3Y3pvdkwyVnpjMmxtTG1WMWNtOXdZUzVsZFM5emRHRjBkWE12WldSMVkyRjBhVzl1STJocFoyaGxja1ZrZFdOaGRHbHZiaU0xTVdVME1tWmtZUzFqWWpCaExUUXpNek10WWpaaE5pMHpOV05pTVRRM1pURmhPRGdpTENKMGVYQmxJam9pVkhKMWMzUmxaRU55WldSbGJuUnBZV3hUZEdGMGRYTXlNREl4SW4xOUxDSnFkR2tpT2lKMWNtNDZkWFZwWkRvNU9ESTFNVE0zTmkwNVpqVXlMVFEzTVdRdE9HUTRPQzFpT0ROalpESXpOMkl6Wm1VaWZRLnkzVElnVV9Sb29udkJPWndvVExtMmFqQkV2cnRtdjhLSVlYcGQwV2lZbmFrMkdFUDRKU1lKampwM1ZuTTUzNzFrNlQxVDJfRUp6NldtQWRWUUtHU0FBIl19LCJpYXQiOjE3MjYxMzM5ODYsImp0aSI6InVybjp1dWlkOjMyOTE4NTg3LTkwYmItNDA1Yi1iNDUzLTgxOGZlNTQ3MDc0MCJ9.0ycHomeBSWth9h7q9COKHyKPiuv8soO3m6kFFPMRJdnR_8Wrdet_Uhr3ObKWJP7rci4pm5P_ftDm98eQgJ0sAQ
10896 [pool-1-thread-1 @coroutine#756] DEBUG id.walt.services.jwt.WaltIdJwtService - Verifying token:  eyJraWQiOiJkaWQ6a2V5Ono2TWtzOEVHRDd6cFIxdWkzQlZQbmtCSHdhMWlBbWtEemdVM1hqQ2h3cFd6U3JVViN6Nk1rczhFR0Q3enBSMXVpM0JWUG5rQkh3YTFpQW1rRHpnVTNYakNod3BXelNyVVYiLCJ0eXAiOiJKV1QiLCJhbGciOiJFZERTQSJ9.eyJzdWIiOiJkaWQ6a2V5Ono2TWtzOEVHRDd6cFIxdWkzQlZQbmtCSHdhMWlBbWtEemdVM1hqQ2h3cFd6U3JVViIsIm5iZiI6MTcyNjEzMzk4NiwiaXNzIjoiZGlkOmtleTp6Nk1rczhFR0Q3enBSMXVpM0JWUG5rQkh3YTFpQW1rRHpnVTNYakNod3BXelNyVVYiLCJ2cCI6eyJ0eXBlIjpbIlZlcmlmaWFibGVQcmVzZW50YXRpb24iXSwiQGNvbnRleHQiOlsiaHR0cHM6Ly93d3cudzMub3JnLzIwMTgvY3JlZGVudGlhbHMvdjEiXSwiaWQiOiJ1cm46dXVpZDozMjkxODU4Ny05MGJiLTQwNWItYjQ1My04MThmZTU0NzA3NDAiLCJob2xkZXIiOiJkaWQ6a2V5Ono2TWtzOEVHRDd6cFIxdWkzQlZQbmtCSHdhMWlBbWtEemdVM1hqQ2h3cFd6U3JVViIsInZlcmlmaWFibGVDcmVkZW50aWFsIjpbImV5SnJhV1FpT2lKa2FXUTZaV0p6YVRwNmNtTkJhR1JYWVhoSGFEaE1hbmR3TnpKalRVdFFSeU5oTldRM01HSXpNRFl3TnpJME5EaGhPVGc0TWpjME5UTXhZVGRqTUdZek15SXNJblI1Y0NJNklrcFhWQ0lzSW1Gc1p5STZJa1ZrUkZOQkluMC5leUp6ZFdJaU9pSmthV1E2YTJWNU9ubzJUV3R6T0VWSFJEZDZjRkl4ZFdrelFsWlFibXRDU0hkaE1XbEJiV3RFZW1kVk0xaHFRMmgzY0ZkNlUzSlZWaUlzSW01aVppSTZNVGN5TmpFek16azROaXdpYVhOeklqb2laR2xrT21WaWMyazZlbkpqUVdoa1YyRjRSMmc0VEdwM2NEY3lZMDFMVUVjaUxDSnBZWFFpT2pFM01qWXhNek01T0RZc0luWmpJanA3SW5SNWNHVWlPbHNpVm1WeWFXWnBZV0pzWlVOeVpXUmxiblJwWVd3aUxDSldaWEpwWm1saFlteGxRWFIwWlhOMFlYUnBiMjRpTENKRmRYSnZjR0Z6Y3lKZExDSkFZMjl1ZEdWNGRDSTZXeUpvZEhSd2N6b3ZMM2QzZHk1M015NXZjbWN2TWpBeE9DOWpjbVZrWlc1MGFXRnNjeTkyTVNKZExDSnBaQ0k2SW5WeWJqcDFkV2xrT2prNE1qVXhNemMyTFRsbU5USXRORGN4WkMwNFpEZzRMV0k0TTJOa01qTTNZak5tWlNJc0ltbHpjM1ZsY2lJNkltUnBaRHBsWW5OcE9ucHlZMEZvWkZkaGVFZG9PRXhxZDNBM01tTk5TMUJISWl3aWFYTnpkV0Z1WTJWRVlYUmxJam9pTWpBeU5DMHdPUzB4TWxRd09Ub3pPVG8wTmxvaUxDSnBjM04xWldRaU9pSXlNREkwTFRBNUxURXlWREE1T2pNNU9qUTJXaUlzSW5aaGJHbGtSbkp2YlNJNklqSXdNalF0TURrdE1USlVNRGs2TXprNk5EWmFJaXdpWTNKbFpHVnVkR2xoYkZOamFHVnRZU0k2ZXlKcFpDSTZJbWgwZEhCek9pOHZjbUYzTG1kcGRHaDFZblZ6WlhKamIyNTBaVzUwTG1OdmJTOTNZV3gwTFdsa0wzZGhiSFJwWkMxemMybHJhWFF0ZG1Oc2FXSXZiV0Z6ZEdWeUwzTnlZeTkwWlhOMEwzSmxjMjkxY21ObGN5OXpZMmhsYldGekwwVjFjbTl3WVhOekxtcHpiMjRpTENKMGVYQmxJam9pU25OdmJsTmphR1Z0WVZaaGJHbGtZWFJ2Y2pJd01UZ2lmU3dpWTNKbFpHVnVkR2xoYkZOMVltcGxZM1FpT25zaWFXUWlPaUprYVdRNmEyVjVPbm8yVFd0ek9FVkhSRGQ2Y0ZJeGRXa3pRbFpRYm10Q1NIZGhNV2xCYld0RWVtZFZNMWhxUTJoM2NGZDZVM0pWVmlJc0ltRmphR2xsZG1Wa0lqcGJleUpsYm5ScGRHeGxjMVJ2SWpwN0ltUmxabWx1YVhScGIyNGlPaUpEYjIxd1pYUmxibU5sY3lCMGFHVWdjM1IxWkdWdWRDQmhZM0YxYVhKbGN5QmhablJsY2lCMGFHVWdZMjl0Y0d4bGRHbHZiaUJ2WmlCSGNtRmtkV0YwWlNCMWJtbDJaWEp6YVhSNUlITjBkV1I1SUdGeVpTQnpkV1ptYVdOcFpXNTBJR052Ym1ScGRHbHZibk1nWm05eUlHRjBkR1Z1WkdsdVp5QjBhR1VnY0hKdlozSmhiVzFsSUc5bUlGQnZjM1JuY21Ga2RXRjBaU0JrYjJOMGIzSmhiQ0J6ZEhWa2VTQmhkQ0IwYUdVZ1JtRmpkV3gwZVNCdlppQkRhWFpwYkNCRmJtZHBibVZsY21sdVp5d2dRWEpqYUdsMFpXTjBkWEpsSUdGdVpDQkhaVzlrWlhONUlHbHVJRk53YkdsMExDQmhjeUIzWld4c0lHRnpJR1p2Y2lCaGRIUmxibVJwYm1jZ2RHaGxJSE5oYldVZ2IzSWdjMmx0YVd4aGNpQndjbTluY21GdGJXVnpJR0Z1WkNCUWIzTjBaM0poWkhWaGRHVWdjM0JsWTJsaGJHbHpkQ0J6ZEhWa2FXVnpJR0YwSUc5MGFHVnlJR1poWTNWc2RHbGxjeUJ2WmlCRGFYWnBiQ0JGYm1kcGJtVmxjbWx1WnlCcGJpQkRjbTloZEdsaExpQlVhR1VnWVdOeGRXbHlaV1FnYkdWaGNtNXBibWNnYjNWMFkyOXRaWE1nWlc1aFlteGxJSFJvWlNCemRIVmtaVzUwSUhSdklHRjBkR1Z1WkNCdmRHaGxjaUJ3YjNOMFozSmhaSFZoZEdVZ2MzUjFaSGtnY0hKdlozSmhiVzFsY3lCcGJpQjBhR1VnWm1sbGJHUWdiMllnZEdWamFHNXBZMkZzSUhOamFXVnVZMlZ6TGlBaUxDSnBaQ0k2SW5WeWJqcGxjR0Z6Y3pwbGJuUnBkR3hsYldWdWREb3hJaXdpYVhOemRXVmtSR0YwWlNJNklqSXdNVGt0TURrdE1qQWlMQ0p6Y0dWamFXWnBaV1JDZVNJNmV5SmxiblJwZEd4bGJXVnVkRlI1Y0dVaU9pSm9kSFJ3T2k4dlpHRjBZUzVsZFhKdmNHRXVaWFV2YzI1aUwyVnVkR2wwYkdWdFpXNTBMelkwWVdGa09USTRPREVpTENKcFpDSTZJblZ5YmpwbGNHRnpjenBsYm5ScGRHeGxiV1Z1ZEhOd1pXTTZNU0lzSW14cGJXbDBTblZ5YVhOa2FXTjBhVzl1SWpwYkltaDBkSEE2THk5d2RXSnNhV05oZEdsdmJuTXVaWFZ5YjNCaExtVjFMM0psYzI5MWNtTmxMMkYxZEdodmNtbDBlUzlqYjNWdWRISjVMMGhTVmlKZExDSnNhVzFwZEU5eVoyRnVhWE5oZEdsdmJpSTZXeUprYVdRNlpXSnphVHA2YzFOblJGaGxXVkJvV2pOQmRVdG9WRVp1WlVSbU1TSmRMQ0p6ZEdGMGRYTWlPaUpvZEhSd09pOHZaR0YwWVM1bGRYSnZjR0V1WlhVdmMyNWlMMlZ1ZEdsMGJHVnRaVzUwTFhOMFlYUjFjeTgxWWpoa05tSXpOR1ppSWl3aWRHbDBiR1VpT2lKUWIzTjBaM0poWkhWaGRHVWdaRzlqZEc5eVlXd2djM1IxWkhraWZTd2lkR2wwYkdVaU9pSlFiM04wWjNKaFpIVmhkR1VnWkc5amRHOXlZV3dnYzNSMVpIa2lmU3dpYUdGelVHRnlkQ0k2ZXlKc1pXRnlibWx1WjBGamFHbGxkbVZ0Wlc1MGN5STZXM3NpYVdRaU9pSWlMQ0pwWkdWdWRHbG1hV1Z5SWpwYmV5SnpZMmhsYldWSlJDSTZJa0ZqYUdsbGRtVnRaVzUwSUVsRUlpd2lkbUZzZFdVaU9pSkhRVUkzTURFaWZWMHNJbk53WldOcFptbGxaRUo1SWpwYmV5SmxRMVJUUTNKbFpHbDBVRzlwYm5SeklqbzFMQ0psY1dac1RHVjJaV3dpT2lKb2RIUndPaTh2WkdGMFlTNWxkWEp2Y0dFdVpYVXZjMjVpTDJWeFppODBJaXdpYVdRaU9pSjFjbTQ2WlhCaGMzTTZjWFZoYkdsbWFXTmhkR2x2YmpveElpd2lhWE5RWVhKMGFXRnNVWFZoYkdsbWFXTmhkR2x2YmlJNmRISjFaU3dpYldGNGFXMTFiVVIxY21GMGFXOXVJam9pVURaTklpd2libkZtYkV4bGRtVnNJam9pYUhSMGNEb3ZMMlJoZEdFdVpYVnliM0JoTG1WMUwzTnVZaTl4WkhJdlkxODBPVFkzTW1NMVlTSXNJblJwZEd4bElqb2lRWEJ3YkdsbFpDQnRZWFJvWlcxaGRHbGpjeUlzSW5admJIVnRaVTltVEdWaGNtNXBibWNpT2lKUVZEWXdTQ0o5WFN3aWRHbDBiR1VpT2lJaUxDSjNZWE5CZDJGeVpHVmtRbmtpT25zaVlYZGhjbVJwYm1kQ2IyUjVJanBiSW1ScFpEcGxZbk5wT25welUyZEVXR1ZaVUdoYU0wRjFTMmhVUm01bFJHWXhJbDBzSW1GM1lYSmthVzVuUkdGMFpTSTZJakl3TVRrdE1Ea3RNakJVTURBNk1EQTZNREFyTURJNk1EQWlMQ0pwWkNJNkluVnlianBsY0dGemN6cGhkMkZ5WkdsdVoxQnliMk5sYzNNNk1pSjlMQ0ozWVhORVpYSnBkbVZrUm5KdmJTSTZXM3NpWVhOelpYTnpaV1JDZVNJNld5SmthV1E2WldKemFUcDZjMU5uUkZobFdWQm9Xak5CZFV0b1ZFWnVaVVJtTVNKZExDSm5jbUZrWlNJNkltZHZiMlFnS0RNcElpd2lhV1FpT2lKMWNtNDZaWEJoYzNNNllYTnpjMlZ6YzIxbGJuUnpjR1ZqT2pJaUxDSnpjR1ZqYVdacFpXUkNlU0k2ZXlKbmNtRmthVzVuVTJOb1pXMWxJanA3SW1SbFptbHVhWFJwYjI0aU9pSlVhR1VnUTNKdllYUnBZVzRnYm1GMGFXOXVZV3dnWjNKaFpHbHVaeUJ6WTJobGJXVWdZMjl1YzJsemRITWdiMllnWm1sMlpTQm5jbUZrWlhNZ2QybDBhQ0J1ZFcxbGNtbGpZV3dnWlhGMWFYWmhiR1Z1ZEhNNklHbDZkbkp6ZEdGdUlPS0FreUExSUNodmRYUnpkR0Z1WkdsdVp5azdJSFp5Ykc4Z1pHOWlZWElnNG9DVElEUWdLSFpsY25rZ1oyOXZaQ2s3SUdSdlltRnlJT0tBa3lBeklDaG5iMjlrS1RzZ1pHOTJiMnhxWVc0ZzRvQ1RJRElnS0hOMVptWnBZMmxsYm5RcE95QnVaV1J2ZG05c2FtRnVJT0tBa3lBeElDaHBibk4xWm1acFkybGxiblFnTFNCbVlXbHNLUzRnVkdobElHMXBibWx0ZFcwZ2NHRnpjMmx1WnlCbmNtRmtaU0JwY3lCa2IzWnZiR3BoYmlEaWdKTWdNaTRpTENKcFpDSTZJblZ5YmpwbGNHRnpjenB6WTI5eWFXNW5jMk5vWlcxbGMzQmxZem95SWl3aWRHbDBiR1VpT2lKSFpXNWxjbUZzSUdkeVlXUnBibWNnYzJOb1pXMWxJR2x1SUVOeWIyRjBhV0VpZlN3aWFXUWlPaUoxY200NlpYQmhjM002WVhOemMyVnpjMjFsYm5SemNHVmpPaklpTENKMGFYUnNaU0k2SWtGd2NHeHBaV1FnYldGMGFHVnRZWFJwWTNNaWZTd2lkR2wwYkdVaU9pSkJjSEJzYVdWa0lHMWhkR2hsYldGMGFXTnpJbjFkTENKM1lYTkpibVpzZFdWdVkyVmtRbmtpT2x0N0ltUnBjbVZqZEdWa1Fua2lPbHNpWkdsa09tVmljMms2ZW5OVFowUllaVmxRYUZvelFYVkxhRlJHYm1WRVpqRWlYU3dpWlc1a1pXUkJkRlJwYldVaU9pSXlNREU0TFRBeExURTBWREF3T2pBd09qQXdLekF4T2pBd0lpd2lhV1FpT2lKMWNtNDZaWEJoYzNNNllXTjBhWFpwZEhrNk1TSXNJbWxrWlc1MGFXWnBaWElpT2x0N0luTmphR1Z0WlVsRUlqb2lRV04wYVhacGRIa2dTVVFpTENKMllXeDFaU0k2SWtkQlFqY3dNU0o5WFN3aWJHOWpZWFJwYjI0aU9sc2lkWEp1T21Wd1lYTnpPbXh2WTJGMGFXOXVPalFpWFN3aWMzQmxZMmxtYVdWa1Fua2lPbnNpYVdRaU9pSjFjbTQ2WlhCaGMzTTZiR1ZoY201cGJtZGhZM1JwZG1sMGVYTndaV002TVNJc0lteGhibWQxWVdkbElqcGJJbWgwZEhBNkx5OXdkV0pzYVdOaGRHbHZibk11WlhWeWIzQmhMbVYxTDNKbGMyOTFjbU5sTDJGMWRHaHZjbWwwZVM5c1lXNW5kV0ZuWlM5SVVsWWlYU3dpYkdWaGNtNXBibWRCWTNScGRtbDBlVlI1Y0dVaU9sc2lhSFIwY0RvdkwyUmhkR0V1WlhWeWIzQmhMbVYxTDNOdVlpOXNaV0Z5Ym1sdVp5MWhZM1JwZG1sMGVTOW1aRE16WlRJek5HRmxJbDBzSW5ScGRHeGxJam9pUVhCd2JHbGxaQ0J0WVhSb1pXMWhkR2xqY3lJc0luZHZjbXRzYjJGa0lqb2lVRlEyTUVnaWZTd2ljM1JoY25SbFpFRjBWR2x0WlNJNklqSXdNVGN0TURrdE1EUlVNREE2TURBNk1EQXJNREk2TURBaUxDSjBhWFJzWlNJNklrRndjR3hwWldRZ2JXRjBhR1Z0WVhScFkzTWlMQ0ozYjNKcmJHOWhaQ0k2SWxCVU5qQklJbjFkZlYxOUxDSnBaQ0k2SW5WeWJqcGxjR0Z6Y3pwc1pXRnlibWx1WjBGamFHbGxkbVZ0Wlc1ME9qRWlMQ0p6Y0dWamFXWnBaV1JDZVNJNlczc2laVU5VVTBOeVpXUnBkRkJ2YVc1MGN5STZNVEl3TENKbGJuUnllVkpsY1hWcGNtVnRaVzUwYzA1dmRHVWlPaUpVYUdVZ2JXbHVhVzExYlNCbFpIVmpZWFJwYjI1aGJDQnlaWEYxYVhKbGJXVnVkQ0JtYjNJZ1pXNXliMnh0Wlc1MElHbHVkRzhnWjNKaFpIVmhkR1VnZFc1cGRtVnljMmwwZVNCd2NtOW5jbUZ0YldWeklHbHpJSFJvWlNCamIyMXdiR1YwYVc5dUlHOW1JR0Z1SUhWdVpHVnlaM0poWkhWaGRHVWdkVzVwZG1WeWMybDBlU0J3Y205bmNtRnRiV1V1SUZSb1pTQjFibWwyWlhKemFYUjVJR05oYmlCaGJHeHZkeUJ6ZEhWa1pXNTBjeUIzYUc4Z2FHRjJaU0JqYjIxd2JHVjBaV1FnWVNCd2NtOW1aWE56YVc5dVlXd2djSEp2WjNKaGJXMWxJSFJ2SUdGc2MyOGdaVzV5YjJ3Z1ozSmhaSFZoZEdVZ2RXNXBkbVZ5YzJsMGVTQndjbTluY21GdGJXVnpMQ0JpZFhRZ2RHaGxlU0JoY21VZ1lXeHNiM2RsWkNCMGJ5QnpaWFFnYzNCbFkybGhiQ0J5WlhGMWFYSmxiV1Z1ZEhNZ2FXNGdkR2hsYzJVZ1kyRnpaWE11WEc1VWFHVWdiV2x1YVcxMWJTQmxaSFZqWVhScGIyNWhiQ0J5WlhGMWFYSmxiV1Z1ZENCbWIzSWdaVzV5YjJ4dFpXNTBJR2x1ZEc4Z2MzQmxZMmxoYkdsemRDQm5jbUZrZFdGMFpTQndjbTltWlhOemFXOXVZV3dnY0hKdlozSmhiVzFsY3lCcGN5QjBhR1VnWTI5dGNHeGxkR2x2YmlCdlppQmhiaUIxYm1SbGNtZHlZV1IxWVhSbElIVnVhWFpsY25OcGRIa2djSEp2WjNKaGJXMWxJRzl5SUdFZ2NISnZabVZ6YzJsdmJtRnNJSEJ5YjJkeVlXMXRaU0FvWm1seWMzUWdZM2xqYkdVcExpSXNJbVZ4Wm14TVpYWmxiQ0k2SW1oMGRIQTZMeTlrWVhSaExtVjFjbTl3WVM1bGRTOXpibUl2WlhGbUx6VWlMQ0pwWkNJNkluVnlianBsY0dGemN6cHhkV0ZzYVdacFkyRjBhVzl1T2pJd0lpd2lhWE5RWVhKMGFXRnNVWFZoYkdsbWFXTmhkR2x2YmlJNlptRnNjMlVzSW0xaGVHbHRkVzFFZFhKaGRHbHZiaUk2SWxBeU1VMGlMQ0p1Y1dac1RHVjJaV3dpT2lKb2RIUndPaTh2WkdGMFlTNWxkWEp2Y0dFdVpYVXZjMjVpTDNGa2NpOWpYMlJqWXpsaFkyRXhJaXdpZEdsMGJHVWlPaUpOWVhOMFpYSWdiMllnVTJOcFpXNWpaU0JwYmlCRGFYWnBiQ0JGYm1kcGJtVmxjbWx1WnlJc0luWnZiSFZ0WlU5bVRHVmhjbTVwYm1jaU9pSlFWREUwTkRCSUluMWRMQ0owYVhSc1pTSTZJazFoYzNSbGNpQnZaaUJUWTJsbGJtTmxJR2x1SUVOcGRtbHNJRVZ1WjJsdVpXVnlhVzVuSWl3aWQyRnpRWGRoY21SbFpFSjVJanA3SW1GM1lYSmthVzVuUW05a2VTSTZXeUprYVdRNlpXSnphVHA2YzFOblJGaGxXVkJvV2pOQmRVdG9WRVp1WlVSbU1TSmRMQ0poZDJGeVpHbHVaMFJoZEdVaU9pSXlNREU1TFRBNUxUSXdWREF3T2pBd09qQXdLekF5T2pBd0lpd2lhV1FpT2lKMWNtNDZaWEJoYzNNNllYZGhjbVJwYm1kUWNtOWpaWE56T2pFaWZTd2lkMkZ6UkdWeWFYWmxaRVp5YjIwaU9sdDdJbUZ6YzJWemMyVmtRbmtpT2xzaVpHbGtPbVZpYzJrNmVuTlRaMFJZWlZsUWFGb3pRWFZMYUZSR2JtVkVaakVpWFN3aVozSmhaR1VpT2lKbGVHTmxiR3hsYm5RZ0tEVXBJaXdpYVdRaU9pSjFjbTQ2WlhCaGMzTTZZWE56WlhOemJXVnVkRG94SWl3aWMzQmxZMmxtYVdWa1Fua2lPbnNpWjNKaFpHbHVaMU5qYUdWdFpTSTZleUprWldacGJtbDBhVzl1SWpvaVZHaGxJRU55YjJGMGFXRnVJRzVoZEdsdmJtRnNJR2R5WVdScGJtY2djMk5vWlcxbElHTnZibk5wYzNSeklHOW1JR1pwZG1VZ1ozSmhaR1Z6SUhkcGRHZ2diblZ0WlhKcFkyRnNJR1Z4ZFdsMllXeGxiblJ6T2lCcGVuWnljM1JoYmlEaWdKTWdOU0FvYjNWMGMzUmhibVJwYm1jcE95QjJjbXh2SUdSdlltRnlJT0tBa3lBMElDaDJaWEo1SUdkdmIyUXBPeUJrYjJKaGNpRGlnSk1nTXlBb1oyOXZaQ2s3SUdSdmRtOXNhbUZ1SU9LQWt5QXlJQ2h6ZFdabWFXTnBaVzUwS1RzZ2JtVmtiM1p2YkdwaGJpRGlnSk1nTVNBb2FXNXpkV1ptYVdOcFpXNTBJQzBnWm1GcGJDa3VJRlJvWlNCdGFXNXBiWFZ0SUhCaGMzTnBibWNnWjNKaFpHVWdhWE1nWkc5MmIyeHFZVzRnNG9DVElESXVJaXdpYVdRaU9pSjFjbTQ2WlhCaGMzTTZjMk52Y21sdVozTmphR1Z0WlhOd1pXTTZNU0lzSW5ScGRHeGxJam9pUjJWdVpYSmhiQ0JuY21Ga2FXNW5JSE5qYUdWdFpTQnBiaUJEY205aGRHbGhJbjBzSW1sa0lqb2lkWEp1T21Wd1lYTnpPbUZ6YzNObGMzTnRaVzUwYzNCbFl6b3hJaXdpZEdsMGJHVWlPaUpQZG1WeVlXeHNJRVJwY0d4dmJXRWdRWE56WlhOemJXVnVkQ0o5TENKMGFYUnNaU0k2SWs5MlpYSmhiR3dnUkdsd2JHOXRZU0JCYzNObGMzTnRaVzUwSW4xZExDSjNZWE5KYm1ac2RXVnVZMlZrUW5raU9sdDdJbVJwY21WamRHVmtRbmtpT2xzaVpHbGtPbVZpYzJrNmVuTlRaMFJZWlZsUWFGb3pRWFZMYUZSR2JtVkVaakVpWFN3aVpXNWtaV1JCZEZScGJXVWlPaUl5TURFNExUQXhMVEUwVkRBd09qQXdPakF3S3pBeE9qQXdJaXdpYVdRaU9pSjFjbTQ2WlhCaGMzTTZiR1ZoY201cGJtZEJZMmhwWlhabGJXVnVkRG94SWl3aWFXUmxiblJwWm1sbGNpSTZXM3NpYzJOb1pXMWxTVVFpT2lKQlkzUnBkbWwwZVNCSlJDSXNJblpoYkhWbElqb2lSMEZDTnpBeEluMWRMQ0pzYjJOaGRHbHZiaUk2V3lKMWNtNDZaWEJoYzNNNmJHOWpZWFJwYjI0Nk5DSmRMQ0p6Y0dWamFXWnBaV1JDZVNJNmV5SnBaQ0k2SW5WeWJqcGxjR0Z6Y3pwc1pXRnlibWx1WjJGamRHbDJhWFI1YzNCbFl6b3hJaXdpYkdGdVozVmhaMlVpT2xzaWFIUjBjRG92TDNCMVlteHBZMkYwYVc5dWN5NWxkWEp2Y0dFdVpYVXZjbVZ6YjNWeVkyVXZZWFYwYUc5eWFYUjVMMnhoYm1kMVlXZGxMMGhTVmlKZExDSnNaV0Z5Ym1sdVowRmpkR2wyYVhSNVZIbHdaU0k2V3lKb2RIUndPaTh2WkdGMFlTNWxkWEp2Y0dFdVpYVXZjMjVpTDJ4bFlYSnVhVzVuTFdGamRHbDJhWFI1TDJaa016TmxNak0wWVdVaVhTd2lkR2wwYkdVaU9pSkJjSEJzYVdWa0lHMWhkR2hsYldGMGFXTnpJaXdpZDI5eWEyeHZZV1FpT2lKUVZEWXdTQ0o5TENKemRHRnlkR1ZrUVhSVWFXMWxJam9pTWpBeE55MHdPUzB3TkZRd01Eb3dNRG93TUNzd01qb3dNQ0lzSW5ScGRHeGxJam9pVFdGemRHVnlJRzltSUZOamFXVnVZMlVnYVc0Z1EybDJhV3dnUlc1bmFXNWxaWEpwYm1jaUxDSjNiM0pyYkc5aFpDSTZJbEJVTmpCSUluMWRmVjBzSW1sa1pXNTBhV1pwWlhJaU9uc2ljMk5vWlcxbFNVUWlPaUpUZEhWa1pXNTBJR2xrWlc1MGFXWnBZMkYwYVc5dUlHNTFiV0psY2lJc0luWmhiSFZsSWpvaU9Ua3dNRGs1TURBaWZYMHNJbU55WldSbGJuUnBZV3hUZEdGMGRYTWlPbnNpYVdRaU9pSm9kSFJ3Y3pvdkwyVnpjMmxtTG1WMWNtOXdZUzVsZFM5emRHRjBkWE12WldSMVkyRjBhVzl1STJocFoyaGxja1ZrZFdOaGRHbHZiaU0xTVdVME1tWmtZUzFqWWpCaExUUXpNek10WWpaaE5pMHpOV05pTVRRM1pURmhPRGdpTENKMGVYQmxJam9pVkhKMWMzUmxaRU55WldSbGJuUnBZV3hUZEdGMGRYTXlNREl4SW4xOUxDSnFkR2tpT2lKMWNtNDZkWFZwWkRvNU9ESTFNVE0zTmkwNVpqVXlMVFEzTVdRdE9HUTRPQzFpT0ROalpESXpOMkl6Wm1VaWZRLnkzVElnVV9Sb29udkJPWndvVExtMmFqQkV2cnRtdjhLSVlYcGQwV2lZbmFrMkdFUDRKU1lKampwM1ZuTTUzNzFrNlQxVDJfRUp6NldtQWRWUUtHU0FBIl19LCJpYXQiOjE3MjYxMzM5ODYsImp0aSI6InVybjp1dWlkOjMyOTE4NTg3LTkwYmItNDA1Yi1iNDUzLTgxOGZlNTQ3MDc0MCJ9.0ycHomeBSWth9h7q9COKHyKPiuv8soO3m6kFFPMRJdnR_8Wrdet_Uhr3ObKWJP7rci4pm5P_ftDm98eQgJ0sAQ
10896 [pool-1-thread-1 @coroutine#756] DEBUG id.walt.model.DidUrl - Trying to create DidUrl from URL: "did:key:z6Mks8EGD7zpR1ui3BVPnkBHwa1iAmkDzgU3XjChwpWzSrUV#z6Mks8EGD7zpR1ui3BVPnkBHwa1iAmkDzgU3XjChwpWzSrUV"...
10896 [pool-1-thread-1 @coroutine#756] DEBUG id.walt.model.DidUrl - Trying to create DidUrl from URL: "did:key:z6Mks8EGD7zpR1ui3BVPnkBHwa1iAmkDzgU3XjChwpWzSrUV#z6Mks8EGD7zpR1ui3BVPnkBHwa1iAmkDzgU3XjChwpWzSrUV"...
10896 [pool-1-thread-1 @coroutine#756] DEBUG id.walt.services.did.DidService - Loading or resolving "did:key:z6Mks8EGD7zpR1ui3BVPnkBHwa1iAmkDzgU3XjChwpWzSrUV"...
10896 [pool-1-thread-1 @coroutine#756] DEBUG id.walt.model.DidUrl - Trying to create DidUrl from URL: "did:key:z6Mks8EGD7zpR1ui3BVPnkBHwa1iAmkDzgU3XjChwpWzSrUV"...
10896 [pool-1-thread-1 @coroutine#756] DEBUG id.walt.services.did.DidService - loadOrResolve: url=DidUrl(method=key, identifier=z6Mks8EGD7zpR1ui3BVPnkBHwa1iAmkDzgU3XjChwpWzSrUV, fragment=z6Mks8EGD7zpR1ui3BVPnkBHwa1iAmkDzgU3XjChwpWzSrUV, query=null), length of stored=1639
10897 [pool-1-thread-1 @coroutine#756] DEBUG id.walt.model.DidUrl - Trying to create DidUrl from URL: "did:key:z6Mks8EGD7zpR1ui3BVPnkBHwa1iAmkDzgU3XjChwpWzSrUV"...
10899 [pool-1-thread-1 @coroutine#756] DEBUG id.walt.services.keystore.SqlKeyStoreService - Loading key "did:key:z6Mks8EGD7zpR1ui3BVPnkBHwa1iAmkDzgU3XjChwpWzSrUV#z6Mks8EGD7zpR1ui3BVPnkBHwa1iAmkDzgU3XjChwpWzSrUV"...
10900 [pool-1-thread-1 @coroutine#756] DEBUG id.walt.services.jwt.WaltIdJwtService - JWT verified returned:  true (with key: e019f6f7093a4fe1b94963a587726990)
10900 [pool-1-thread-1 @coroutine#756] DEBUG id.walt.auditor.VerificationPolicy - VC [VerifiablePresentation] passes policy SignaturePolicy: passed
10900 [pool-1-thread-1 @coroutine#756] DEBUG id.walt.auditor.Auditor - Verifying Europass in VP with SignaturePolicy...
10900 [pool-1-thread-1 @coroutine#756] DEBUG id.walt.auditor.policies.SignaturePolicy - is jwt: true
10901 [pool-1-thread-1 @coroutine#756] DEBUG id.walt.services.vc.WaltIdJwtCredentialService - Verifying vc: eyJraWQiOiJkaWQ6ZWJzaTp6cmNBaGRXYXhHaDhMandwNzJjTUtQRyNhNWQ3MGIzMDYwNzI0NDhhOTg4Mjc0NTMxYTdjMGYzMyIsInR5cCI6IkpXVCIsImFsZyI6IkVkRFNBIn0.eyJzdWIiOiJkaWQ6a2V5Ono2TWtzOEVHRDd6cFIxdWkzQlZQbmtCSHdhMWlBbWtEemdVM1hqQ2h3cFd6U3JVViIsIm5iZiI6MTcyNjEzMzk4NiwiaXNzIjoiZGlkOmVic2k6enJjQWhkV2F4R2g4TGp3cDcyY01LUEciLCJpYXQiOjE3MjYxMzM5ODYsInZjIjp7InR5cGUiOlsiVmVyaWZpYWJsZUNyZWRlbnRpYWwiLCJWZXJpZmlhYmxlQXR0ZXN0YXRpb24iLCJFdXJvcGFzcyJdLCJAY29udGV4dCI6WyJodHRwczovL3d3dy53My5vcmcvMjAxOC9jcmVkZW50aWFscy92MSJdLCJpZCI6InVybjp1dWlkOjk4MjUxMzc2LTlmNTItNDcxZC04ZDg4LWI4M2NkMjM3YjNmZSIsImlzc3VlciI6ImRpZDplYnNpOnpyY0FoZFdheEdoOExqd3A3MmNNS1BHIiwiaXNzdWFuY2VEYXRlIjoiMjAyNC0wOS0xMlQwOTozOTo0NloiLCJpc3N1ZWQiOiIyMDI0LTA5LTEyVDA5OjM5OjQ2WiIsInZhbGlkRnJvbSI6IjIwMjQtMDktMTJUMDk6Mzk6NDZaIiwiY3JlZGVudGlhbFNjaGVtYSI6eyJpZCI6Imh0dHBzOi8vcmF3LmdpdGh1YnVzZXJjb250ZW50LmNvbS93YWx0LWlkL3dhbHRpZC1zc2lraXQtdmNsaWIvbWFzdGVyL3NyYy90ZXN0L3Jlc291cmNlcy9zY2hlbWFzL0V1cm9wYXNzLmpzb24iLCJ0eXBlIjoiSnNvblNjaGVtYVZhbGlkYXRvcjIwMTgifSwiY3JlZGVudGlhbFN1YmplY3QiOnsiaWQiOiJkaWQ6a2V5Ono2TWtzOEVHRDd6cFIxdWkzQlZQbmtCSHdhMWlBbWtEemdVM1hqQ2h3cFd6U3JVViIsImFjaGlldmVkIjpbeyJlbnRpdGxlc1RvIjp7ImRlZmluaXRpb24iOiJDb21wZXRlbmNlcyB0aGUgc3R1ZGVudCBhY3F1aXJlcyBhZnRlciB0aGUgY29tcGxldGlvbiBvZiBHcmFkdWF0ZSB1bml2ZXJzaXR5IHN0dWR5IGFyZSBzdWZmaWNpZW50IGNvbmRpdGlvbnMgZm9yIGF0dGVuZGluZyB0aGUgcHJvZ3JhbW1lIG9mIFBvc3RncmFkdWF0ZSBkb2N0b3JhbCBzdHVkeSBhdCB0aGUgRmFjdWx0eSBvZiBDaXZpbCBFbmdpbmVlcmluZywgQXJjaGl0ZWN0dXJlIGFuZCBHZW9kZXN5IGluIFNwbGl0LCBhcyB3ZWxsIGFzIGZvciBhdHRlbmRpbmcgdGhlIHNhbWUgb3Igc2ltaWxhciBwcm9ncmFtbWVzIGFuZCBQb3N0Z3JhZHVhdGUgc3BlY2lhbGlzdCBzdHVkaWVzIGF0IG90aGVyIGZhY3VsdGllcyBvZiBDaXZpbCBFbmdpbmVlcmluZyBpbiBDcm9hdGlhLiBUaGUgYWNxdWlyZWQgbGVhcm5pbmcgb3V0Y29tZXMgZW5hYmxlIHRoZSBzdHVkZW50IHRvIGF0dGVuZCBvdGhlciBwb3N0Z3JhZHVhdGUgc3R1ZHkgcHJvZ3JhbW1lcyBpbiB0aGUgZmllbGQgb2YgdGVjaG5pY2FsIHNjaWVuY2VzLiAiLCJpZCI6InVybjplcGFzczplbnRpdGxlbWVudDoxIiwiaXNzdWVkRGF0ZSI6IjIwMTktMDktMjAiLCJzcGVjaWZpZWRCeSI6eyJlbnRpdGxlbWVudFR5cGUiOiJodHRwOi8vZGF0YS5ldXJvcGEuZXUvc25iL2VudGl0bGVtZW50LzY0YWFkOTI4ODEiLCJpZCI6InVybjplcGFzczplbnRpdGxlbWVudHNwZWM6MSIsImxpbWl0SnVyaXNkaWN0aW9uIjpbImh0dHA6Ly9wdWJsaWNhdGlvbnMuZXVyb3BhLmV1L3Jlc291cmNlL2F1dGhvcml0eS9jb3VudHJ5L0hSViJdLCJsaW1pdE9yZ2FuaXNhdGlvbiI6WyJkaWQ6ZWJzaTp6c1NnRFhlWVBoWjNBdUtoVEZuZURmMSJdLCJzdGF0dXMiOiJodHRwOi8vZGF0YS5ldXJvcGEuZXUvc25iL2VudGl0bGVtZW50LXN0YXR1cy81YjhkNmIzNGZiIiwidGl0bGUiOiJQb3N0Z3JhZHVhdGUgZG9jdG9yYWwgc3R1ZHkifSwidGl0bGUiOiJQb3N0Z3JhZHVhdGUgZG9jdG9yYWwgc3R1ZHkifSwiaGFzUGFydCI6eyJsZWFybmluZ0FjaGlldmVtZW50cyI6W3siaWQiOiIiLCJpZGVudGlmaWVyIjpbeyJzY2hlbWVJRCI6IkFjaGlldmVtZW50IElEIiwidmFsdWUiOiJHQUI3MDEifV0sInNwZWNpZmllZEJ5IjpbeyJlQ1RTQ3JlZGl0UG9pbnRzIjo1LCJlcWZsTGV2ZWwiOiJodHRwOi8vZGF0YS5ldXJvcGEuZXUvc25iL2VxZi80IiwiaWQiOiJ1cm46ZXBhc3M6cXVhbGlmaWNhdGlvbjoxIiwiaXNQYXJ0aWFsUXVhbGlmaWNhdGlvbiI6dHJ1ZSwibWF4aW11bUR1cmF0aW9uIjoiUDZNIiwibnFmbExldmVsIjoiaHR0cDovL2RhdGEuZXVyb3BhLmV1L3NuYi9xZHIvY180OTY3MmM1YSIsInRpdGxlIjoiQXBwbGllZCBtYXRoZW1hdGljcyIsInZvbHVtZU9mTGVhcm5pbmciOiJQVDYwSCJ9XSwidGl0bGUiOiIiLCJ3YXNBd2FyZGVkQnkiOnsiYXdhcmRpbmdCb2R5IjpbImRpZDplYnNpOnpzU2dEWGVZUGhaM0F1S2hURm5lRGYxIl0sImF3YXJkaW5nRGF0ZSI6IjIwMTktMDktMjBUMDA6MDA6MDArMDI6MDAiLCJpZCI6InVybjplcGFzczphd2FyZGluZ1Byb2Nlc3M6MiJ9LCJ3YXNEZXJpdmVkRnJvbSI6W3siYXNzZXNzZWRCeSI6WyJkaWQ6ZWJzaTp6c1NnRFhlWVBoWjNBdUtoVEZuZURmMSJdLCJncmFkZSI6Imdvb2QgKDMpIiwiaWQiOiJ1cm46ZXBhc3M6YXNzc2Vzc21lbnRzcGVjOjIiLCJzcGVjaWZpZWRCeSI6eyJncmFkaW5nU2NoZW1lIjp7ImRlZmluaXRpb24iOiJUaGUgQ3JvYXRpYW4gbmF0aW9uYWwgZ3JhZGluZyBzY2hlbWUgY29uc2lzdHMgb2YgZml2ZSBncmFkZXMgd2l0aCBudW1lcmljYWwgZXF1aXZhbGVudHM6IGl6dnJzdGFuIOKAkyA1IChvdXRzdGFuZGluZyk7IHZybG8gZG9iYXIg4oCTIDQgKHZlcnkgZ29vZCk7IGRvYmFyIOKAkyAzIChnb29kKTsgZG92b2xqYW4g4oCTIDIgKHN1ZmZpY2llbnQpOyBuZWRvdm9samFuIOKAkyAxIChpbnN1ZmZpY2llbnQgLSBmYWlsKS4gVGhlIG1pbmltdW0gcGFzc2luZyBncmFkZSBpcyBkb3ZvbGphbiDigJMgMi4iLCJpZCI6InVybjplcGFzczpzY29yaW5nc2NoZW1lc3BlYzoyIiwidGl0bGUiOiJHZW5lcmFsIGdyYWRpbmcgc2NoZW1lIGluIENyb2F0aWEifSwiaWQiOiJ1cm46ZXBhc3M6YXNzc2Vzc21lbnRzcGVjOjIiLCJ0aXRsZSI6IkFwcGxpZWQgbWF0aGVtYXRpY3MifSwidGl0bGUiOiJBcHBsaWVkIG1hdGhlbWF0aWNzIn1dLCJ3YXNJbmZsdWVuY2VkQnkiOlt7ImRpcmVjdGVkQnkiOlsiZGlkOmVic2k6enNTZ0RYZVlQaFozQXVLaFRGbmVEZjEiXSwiZW5kZWRBdFRpbWUiOiIyMDE4LTAxLTE0VDAwOjAwOjAwKzAxOjAwIiwiaWQiOiJ1cm46ZXBhc3M6YWN0aXZpdHk6MSIsImlkZW50aWZpZXIiOlt7InNjaGVtZUlEIjoiQWN0aXZpdHkgSUQiLCJ2YWx1ZSI6IkdBQjcwMSJ9XSwibG9jYXRpb24iOlsidXJuOmVwYXNzOmxvY2F0aW9uOjQiXSwic3BlY2lmaWVkQnkiOnsiaWQiOiJ1cm46ZXBhc3M6bGVhcm5pbmdhY3Rpdml0eXNwZWM6MSIsImxhbmd1YWdlIjpbImh0dHA6Ly9wdWJsaWNhdGlvbnMuZXVyb3BhLmV1L3Jlc291cmNlL2F1dGhvcml0eS9sYW5ndWFnZS9IUlYiXSwibGVhcm5pbmdBY3Rpdml0eVR5cGUiOlsiaHR0cDovL2RhdGEuZXVyb3BhLmV1L3NuYi9sZWFybmluZy1hY3Rpdml0eS9mZDMzZTIzNGFlIl0sInRpdGxlIjoiQXBwbGllZCBtYXRoZW1hdGljcyIsIndvcmtsb2FkIjoiUFQ2MEgifSwic3RhcnRlZEF0VGltZSI6IjIwMTctMDktMDRUMDA6MDA6MDArMDI6MDAiLCJ0aXRsZSI6IkFwcGxpZWQgbWF0aGVtYXRpY3MiLCJ3b3JrbG9hZCI6IlBUNjBIIn1dfV19LCJpZCI6InVybjplcGFzczpsZWFybmluZ0FjaGlldmVtZW50OjEiLCJzcGVjaWZpZWRCeSI6W3siZUNUU0NyZWRpdFBvaW50cyI6MTIwLCJlbnRyeVJlcXVpcmVtZW50c05vdGUiOiJUaGUgbWluaW11bSBlZHVjYXRpb25hbCByZXF1aXJlbWVudCBmb3IgZW5yb2xtZW50IGludG8gZ3JhZHVhdGUgdW5pdmVyc2l0eSBwcm9ncmFtbWVzIGlzIHRoZSBjb21wbGV0aW9uIG9mIGFuIHVuZGVyZ3JhZHVhdGUgdW5pdmVyc2l0eSBwcm9ncmFtbWUuIFRoZSB1bml2ZXJzaXR5IGNhbiBhbGxvdyBzdHVkZW50cyB3aG8gaGF2ZSBjb21wbGV0ZWQgYSBwcm9mZXNzaW9uYWwgcHJvZ3JhbW1lIHRvIGFsc28gZW5yb2wgZ3JhZHVhdGUgdW5pdmVyc2l0eSBwcm9ncmFtbWVzLCBidXQgdGhleSBhcmUgYWxsb3dlZCB0byBzZXQgc3BlY2lhbCByZXF1aXJlbWVudHMgaW4gdGhlc2UgY2FzZXMuXG5UaGUgbWluaW11bSBlZHVjYXRpb25hbCByZXF1aXJlbWVudCBmb3IgZW5yb2xtZW50IGludG8gc3BlY2lhbGlzdCBncmFkdWF0ZSBwcm9mZXNzaW9uYWwgcHJvZ3JhbW1lcyBpcyB0aGUgY29tcGxldGlvbiBvZiBhbiB1bmRlcmdyYWR1YXRlIHVuaXZlcnNpdHkgcHJvZ3JhbW1lIG9yIGEgcHJvZmVzc2lvbmFsIHByb2dyYW1tZSAoZmlyc3QgY3ljbGUpLiIsImVxZmxMZXZlbCI6Imh0dHA6Ly9kYXRhLmV1cm9wYS5ldS9zbmIvZXFmLzUiLCJpZCI6InVybjplcGFzczpxdWFsaWZpY2F0aW9uOjIwIiwiaXNQYXJ0aWFsUXVhbGlmaWNhdGlvbiI6ZmFsc2UsIm1heGltdW1EdXJhdGlvbiI6IlAyMU0iLCJucWZsTGV2ZWwiOiJodHRwOi8vZGF0YS5ldXJvcGEuZXUvc25iL3Fkci9jX2RjYzlhY2ExIiwidGl0bGUiOiJNYXN0ZXIgb2YgU2NpZW5jZSBpbiBDaXZpbCBFbmdpbmVlcmluZyIsInZvbHVtZU9mTGVhcm5pbmciOiJQVDE0NDBIIn1dLCJ0aXRsZSI6Ik1hc3RlciBvZiBTY2llbmNlIGluIENpdmlsIEVuZ2luZWVyaW5nIiwid2FzQXdhcmRlZEJ5Ijp7ImF3YXJkaW5nQm9keSI6WyJkaWQ6ZWJzaTp6c1NnRFhlWVBoWjNBdUtoVEZuZURmMSJdLCJhd2FyZGluZ0RhdGUiOiIyMDE5LTA5LTIwVDAwOjAwOjAwKzAyOjAwIiwiaWQiOiJ1cm46ZXBhc3M6YXdhcmRpbmdQcm9jZXNzOjEifSwid2FzRGVyaXZlZEZyb20iOlt7ImFzc2Vzc2VkQnkiOlsiZGlkOmVic2k6enNTZ0RYZVlQaFozQXVLaFRGbmVEZjEiXSwiZ3JhZGUiOiJleGNlbGxlbnQgKDUpIiwiaWQiOiJ1cm46ZXBhc3M6YXNzZXNzbWVudDoxIiwic3BlY2lmaWVkQnkiOnsiZ3JhZGluZ1NjaGVtZSI6eyJkZWZpbml0aW9uIjoiVGhlIENyb2F0aWFuIG5hdGlvbmFsIGdyYWRpbmcgc2NoZW1lIGNvbnNpc3RzIG9mIGZpdmUgZ3JhZGVzIHdpdGggbnVtZXJpY2FsIGVxdWl2YWxlbnRzOiBpenZyc3RhbiDigJMgNSAob3V0c3RhbmRpbmcpOyB2cmxvIGRvYmFyIOKAkyA0ICh2ZXJ5IGdvb2QpOyBkb2JhciDigJMgMyAoZ29vZCk7IGRvdm9samFuIOKAkyAyIChzdWZmaWNpZW50KTsgbmVkb3ZvbGphbiDigJMgMSAoaW5zdWZmaWNpZW50IC0gZmFpbCkuIFRoZSBtaW5pbXVtIHBhc3NpbmcgZ3JhZGUgaXMgZG92b2xqYW4g4oCTIDIuIiwiaWQiOiJ1cm46ZXBhc3M6c2NvcmluZ3NjaGVtZXNwZWM6MSIsInRpdGxlIjoiR2VuZXJhbCBncmFkaW5nIHNjaGVtZSBpbiBDcm9hdGlhIn0sImlkIjoidXJuOmVwYXNzOmFzc3Nlc3NtZW50c3BlYzoxIiwidGl0bGUiOiJPdmVyYWxsIERpcGxvbWEgQXNzZXNzbWVudCJ9LCJ0aXRsZSI6Ik92ZXJhbGwgRGlwbG9tYSBBc3Nlc3NtZW50In1dLCJ3YXNJbmZsdWVuY2VkQnkiOlt7ImRpcmVjdGVkQnkiOlsiZGlkOmVic2k6enNTZ0RYZVlQaFozQXVLaFRGbmVEZjEiXSwiZW5kZWRBdFRpbWUiOiIyMDE4LTAxLTE0VDAwOjAwOjAwKzAxOjAwIiwiaWQiOiJ1cm46ZXBhc3M6bGVhcm5pbmdBY2hpZXZlbWVudDoxIiwiaWRlbnRpZmllciI6W3sic2NoZW1lSUQiOiJBY3Rpdml0eSBJRCIsInZhbHVlIjoiR0FCNzAxIn1dLCJsb2NhdGlvbiI6WyJ1cm46ZXBhc3M6bG9jYXRpb246NCJdLCJzcGVjaWZpZWRCeSI6eyJpZCI6InVybjplcGFzczpsZWFybmluZ2FjdGl2aXR5c3BlYzoxIiwibGFuZ3VhZ2UiOlsiaHR0cDovL3B1YmxpY2F0aW9ucy5ldXJvcGEuZXUvcmVzb3VyY2UvYXV0aG9yaXR5L2xhbmd1YWdlL0hSViJdLCJsZWFybmluZ0FjdGl2aXR5VHlwZSI6WyJodHRwOi8vZGF0YS5ldXJvcGEuZXUvc25iL2xlYXJuaW5nLWFjdGl2aXR5L2ZkMzNlMjM0YWUiXSwidGl0bGUiOiJBcHBsaWVkIG1hdGhlbWF0aWNzIiwid29ya2xvYWQiOiJQVDYwSCJ9LCJzdGFydGVkQXRUaW1lIjoiMjAxNy0wOS0wNFQwMDowMDowMCswMjowMCIsInRpdGxlIjoiTWFzdGVyIG9mIFNjaWVuY2UgaW4gQ2l2aWwgRW5naW5lZXJpbmciLCJ3b3JrbG9hZCI6IlBUNjBIIn1dfV0sImlkZW50aWZpZXIiOnsic2NoZW1lSUQiOiJTdHVkZW50IGlkZW50aWZpY2F0aW9uIG51bWJlciIsInZhbHVlIjoiOTkwMDk5MDAifX0sImNyZWRlbnRpYWxTdGF0dXMiOnsiaWQiOiJodHRwczovL2Vzc2lmLmV1cm9wYS5ldS9zdGF0dXMvZWR1Y2F0aW9uI2hpZ2hlckVkdWNhdGlvbiM1MWU0MmZkYS1jYjBhLTQzMzMtYjZhNi0zNWNiMTQ3ZTFhODgiLCJ0eXBlIjoiVHJ1c3RlZENyZWRlbnRpYWxTdGF0dXMyMDIxIn19LCJqdGkiOiJ1cm46dXVpZDo5ODI1MTM3Ni05ZjUyLTQ3MWQtOGQ4OC1iODNjZDIzN2IzZmUifQ.y3TIgU_RoonvBOZwoTLm2ajBEvrtmv8KIYXpd0WiYnak2GEP4JSYJjjp3VnM5371k6T1T2_EJz6WmAdVQKGSAA
10902 [pool-1-thread-1 @coroutine#756] DEBUG id.walt.services.jwt.WaltIdJwtService - Verifying token:  eyJraWQiOiJkaWQ6ZWJzaTp6cmNBaGRXYXhHaDhMandwNzJjTUtQRyNhNWQ3MGIzMDYwNzI0NDhhOTg4Mjc0NTMxYTdjMGYzMyIsInR5cCI6IkpXVCIsImFsZyI6IkVkRFNBIn0.eyJzdWIiOiJkaWQ6a2V5Ono2TWtzOEVHRDd6cFIxdWkzQlZQbmtCSHdhMWlBbWtEemdVM1hqQ2h3cFd6U3JVViIsIm5iZiI6MTcyNjEzMzk4NiwiaXNzIjoiZGlkOmVic2k6enJjQWhkV2F4R2g4TGp3cDcyY01LUEciLCJpYXQiOjE3MjYxMzM5ODYsInZjIjp7InR5cGUiOlsiVmVyaWZpYWJsZUNyZWRlbnRpYWwiLCJWZXJpZmlhYmxlQXR0ZXN0YXRpb24iLCJFdXJvcGFzcyJdLCJAY29udGV4dCI6WyJodHRwczovL3d3dy53My5vcmcvMjAxOC9jcmVkZW50aWFscy92MSJdLCJpZCI6InVybjp1dWlkOjk4MjUxMzc2LTlmNTItNDcxZC04ZDg4LWI4M2NkMjM3YjNmZSIsImlzc3VlciI6ImRpZDplYnNpOnpyY0FoZFdheEdoOExqd3A3MmNNS1BHIiwiaXNzdWFuY2VEYXRlIjoiMjAyNC0wOS0xMlQwOTozOTo0NloiLCJpc3N1ZWQiOiIyMDI0LTA5LTEyVDA5OjM5OjQ2WiIsInZhbGlkRnJvbSI6IjIwMjQtMDktMTJUMDk6Mzk6NDZaIiwiY3JlZGVudGlhbFNjaGVtYSI6eyJpZCI6Imh0dHBzOi8vcmF3LmdpdGh1YnVzZXJjb250ZW50LmNvbS93YWx0LWlkL3dhbHRpZC1zc2lraXQtdmNsaWIvbWFzdGVyL3NyYy90ZXN0L3Jlc291cmNlcy9zY2hlbWFzL0V1cm9wYXNzLmpzb24iLCJ0eXBlIjoiSnNvblNjaGVtYVZhbGlkYXRvcjIwMTgifSwiY3JlZGVudGlhbFN1YmplY3QiOnsiaWQiOiJkaWQ6a2V5Ono2TWtzOEVHRDd6cFIxdWkzQlZQbmtCSHdhMWlBbWtEemdVM1hqQ2h3cFd6U3JVViIsImFjaGlldmVkIjpbeyJlbnRpdGxlc1RvIjp7ImRlZmluaXRpb24iOiJDb21wZXRlbmNlcyB0aGUgc3R1ZGVudCBhY3F1aXJlcyBhZnRlciB0aGUgY29tcGxldGlvbiBvZiBHcmFkdWF0ZSB1bml2ZXJzaXR5IHN0dWR5IGFyZSBzdWZmaWNpZW50IGNvbmRpdGlvbnMgZm9yIGF0dGVuZGluZyB0aGUgcHJvZ3JhbW1lIG9mIFBvc3RncmFkdWF0ZSBkb2N0b3JhbCBzdHVkeSBhdCB0aGUgRmFjdWx0eSBvZiBDaXZpbCBFbmdpbmVlcmluZywgQXJjaGl0ZWN0dXJlIGFuZCBHZW9kZXN5IGluIFNwbGl0LCBhcyB3ZWxsIGFzIGZvciBhdHRlbmRpbmcgdGhlIHNhbWUgb3Igc2ltaWxhciBwcm9ncmFtbWVzIGFuZCBQb3N0Z3JhZHVhdGUgc3BlY2lhbGlzdCBzdHVkaWVzIGF0IG90aGVyIGZhY3VsdGllcyBvZiBDaXZpbCBFbmdpbmVlcmluZyBpbiBDcm9hdGlhLiBUaGUgYWNxdWlyZWQgbGVhcm5pbmcgb3V0Y29tZXMgZW5hYmxlIHRoZSBzdHVkZW50IHRvIGF0dGVuZCBvdGhlciBwb3N0Z3JhZHVhdGUgc3R1ZHkgcHJvZ3JhbW1lcyBpbiB0aGUgZmllbGQgb2YgdGVjaG5pY2FsIHNjaWVuY2VzLiAiLCJpZCI6InVybjplcGFzczplbnRpdGxlbWVudDoxIiwiaXNzdWVkRGF0ZSI6IjIwMTktMDktMjAiLCJzcGVjaWZpZWRCeSI6eyJlbnRpdGxlbWVudFR5cGUiOiJodHRwOi8vZGF0YS5ldXJvcGEuZXUvc25iL2VudGl0bGVtZW50LzY0YWFkOTI4ODEiLCJpZCI6InVybjplcGFzczplbnRpdGxlbWVudHNwZWM6MSIsImxpbWl0SnVyaXNkaWN0aW9uIjpbImh0dHA6Ly9wdWJsaWNhdGlvbnMuZXVyb3BhLmV1L3Jlc291cmNlL2F1dGhvcml0eS9jb3VudHJ5L0hSViJdLCJsaW1pdE9yZ2FuaXNhdGlvbiI6WyJkaWQ6ZWJzaTp6c1NnRFhlWVBoWjNBdUtoVEZuZURmMSJdLCJzdGF0dXMiOiJodHRwOi8vZGF0YS5ldXJvcGEuZXUvc25iL2VudGl0bGVtZW50LXN0YXR1cy81YjhkNmIzNGZiIiwidGl0bGUiOiJQb3N0Z3JhZHVhdGUgZG9jdG9yYWwgc3R1ZHkifSwidGl0bGUiOiJQb3N0Z3JhZHVhdGUgZG9jdG9yYWwgc3R1ZHkifSwiaGFzUGFydCI6eyJsZWFybmluZ0FjaGlldmVtZW50cyI6W3siaWQiOiIiLCJpZGVudGlmaWVyIjpbeyJzY2hlbWVJRCI6IkFjaGlldmVtZW50IElEIiwidmFsdWUiOiJHQUI3MDEifV0sInNwZWNpZmllZEJ5IjpbeyJlQ1RTQ3JlZGl0UG9pbnRzIjo1LCJlcWZsTGV2ZWwiOiJodHRwOi8vZGF0YS5ldXJvcGEuZXUvc25iL2VxZi80IiwiaWQiOiJ1cm46ZXBhc3M6cXVhbGlmaWNhdGlvbjoxIiwiaXNQYXJ0aWFsUXVhbGlmaWNhdGlvbiI6dHJ1ZSwibWF4aW11bUR1cmF0aW9uIjoiUDZNIiwibnFmbExldmVsIjoiaHR0cDovL2RhdGEuZXVyb3BhLmV1L3NuYi9xZHIvY180OTY3MmM1YSIsInRpdGxlIjoiQXBwbGllZCBtYXRoZW1hdGljcyIsInZvbHVtZU9mTGVhcm5pbmciOiJQVDYwSCJ9XSwidGl0bGUiOiIiLCJ3YXNBd2FyZGVkQnkiOnsiYXdhcmRpbmdCb2R5IjpbImRpZDplYnNpOnpzU2dEWGVZUGhaM0F1S2hURm5lRGYxIl0sImF3YXJkaW5nRGF0ZSI6IjIwMTktMDktMjBUMDA6MDA6MDArMDI6MDAiLCJpZCI6InVybjplcGFzczphd2FyZGluZ1Byb2Nlc3M6MiJ9LCJ3YXNEZXJpdmVkRnJvbSI6W3siYXNzZXNzZWRCeSI6WyJkaWQ6ZWJzaTp6c1NnRFhlWVBoWjNBdUtoVEZuZURmMSJdLCJncmFkZSI6Imdvb2QgKDMpIiwiaWQiOiJ1cm46ZXBhc3M6YXNzc2Vzc21lbnRzcGVjOjIiLCJzcGVjaWZpZWRCeSI6eyJncmFkaW5nU2NoZW1lIjp7ImRlZmluaXRpb24iOiJUaGUgQ3JvYXRpYW4gbmF0aW9uYWwgZ3JhZGluZyBzY2hlbWUgY29uc2lzdHMgb2YgZml2ZSBncmFkZXMgd2l0aCBudW1lcmljYWwgZXF1aXZhbGVudHM6IGl6dnJzdGFuIOKAkyA1IChvdXRzdGFuZGluZyk7IHZybG8gZG9iYXIg4oCTIDQgKHZlcnkgZ29vZCk7IGRvYmFyIOKAkyAzIChnb29kKTsgZG92b2xqYW4g4oCTIDIgKHN1ZmZpY2llbnQpOyBuZWRvdm9samFuIOKAkyAxIChpbnN1ZmZpY2llbnQgLSBmYWlsKS4gVGhlIG1pbmltdW0gcGFzc2luZyBncmFkZSBpcyBkb3ZvbGphbiDigJMgMi4iLCJpZCI6InVybjplcGFzczpzY29yaW5nc2NoZW1lc3BlYzoyIiwidGl0bGUiOiJHZW5lcmFsIGdyYWRpbmcgc2NoZW1lIGluIENyb2F0aWEifSwiaWQiOiJ1cm46ZXBhc3M6YXNzc2Vzc21lbnRzcGVjOjIiLCJ0aXRsZSI6IkFwcGxpZWQgbWF0aGVtYXRpY3MifSwidGl0bGUiOiJBcHBsaWVkIG1hdGhlbWF0aWNzIn1dLCJ3YXNJbmZsdWVuY2VkQnkiOlt7ImRpcmVjdGVkQnkiOlsiZGlkOmVic2k6enNTZ0RYZVlQaFozQXVLaFRGbmVEZjEiXSwiZW5kZWRBdFRpbWUiOiIyMDE4LTAxLTE0VDAwOjAwOjAwKzAxOjAwIiwiaWQiOiJ1cm46ZXBhc3M6YWN0aXZpdHk6MSIsImlkZW50aWZpZXIiOlt7InNjaGVtZUlEIjoiQWN0aXZpdHkgSUQiLCJ2YWx1ZSI6IkdBQjcwMSJ9XSwibG9jYXRpb24iOlsidXJuOmVwYXNzOmxvY2F0aW9uOjQiXSwic3BlY2lmaWVkQnkiOnsiaWQiOiJ1cm46ZXBhc3M6bGVhcm5pbmdhY3Rpdml0eXNwZWM6MSIsImxhbmd1YWdlIjpbImh0dHA6Ly9wdWJsaWNhdGlvbnMuZXVyb3BhLmV1L3Jlc291cmNlL2F1dGhvcml0eS9sYW5ndWFnZS9IUlYiXSwibGVhcm5pbmdBY3Rpdml0eVR5cGUiOlsiaHR0cDovL2RhdGEuZXVyb3BhLmV1L3NuYi9sZWFybmluZy1hY3Rpdml0eS9mZDMzZTIzNGFlIl0sInRpdGxlIjoiQXBwbGllZCBtYXRoZW1hdGljcyIsIndvcmtsb2FkIjoiUFQ2MEgifSwic3RhcnRlZEF0VGltZSI6IjIwMTctMDktMDRUMDA6MDA6MDArMDI6MDAiLCJ0aXRsZSI6IkFwcGxpZWQgbWF0aGVtYXRpY3MiLCJ3b3JrbG9hZCI6IlBUNjBIIn1dfV19LCJpZCI6InVybjplcGFzczpsZWFybmluZ0FjaGlldmVtZW50OjEiLCJzcGVjaWZpZWRCeSI6W3siZUNUU0NyZWRpdFBvaW50cyI6MTIwLCJlbnRyeVJlcXVpcmVtZW50c05vdGUiOiJUaGUgbWluaW11bSBlZHVjYXRpb25hbCByZXF1aXJlbWVudCBmb3IgZW5yb2xtZW50IGludG8gZ3JhZHVhdGUgdW5pdmVyc2l0eSBwcm9ncmFtbWVzIGlzIHRoZSBjb21wbGV0aW9uIG9mIGFuIHVuZGVyZ3JhZHVhdGUgdW5pdmVyc2l0eSBwcm9ncmFtbWUuIFRoZSB1bml2ZXJzaXR5IGNhbiBhbGxvdyBzdHVkZW50cyB3aG8gaGF2ZSBjb21wbGV0ZWQgYSBwcm9mZXNzaW9uYWwgcHJvZ3JhbW1lIHRvIGFsc28gZW5yb2wgZ3JhZHVhdGUgdW5pdmVyc2l0eSBwcm9ncmFtbWVzLCBidXQgdGhleSBhcmUgYWxsb3dlZCB0byBzZXQgc3BlY2lhbCByZXF1aXJlbWVudHMgaW4gdGhlc2UgY2FzZXMuXG5UaGUgbWluaW11bSBlZHVjYXRpb25hbCByZXF1aXJlbWVudCBmb3IgZW5yb2xtZW50IGludG8gc3BlY2lhbGlzdCBncmFkdWF0ZSBwcm9mZXNzaW9uYWwgcHJvZ3JhbW1lcyBpcyB0aGUgY29tcGxldGlvbiBvZiBhbiB1bmRlcmdyYWR1YXRlIHVuaXZlcnNpdHkgcHJvZ3JhbW1lIG9yIGEgcHJvZmVzc2lvbmFsIHByb2dyYW1tZSAoZmlyc3QgY3ljbGUpLiIsImVxZmxMZXZlbCI6Imh0dHA6Ly9kYXRhLmV1cm9wYS5ldS9zbmIvZXFmLzUiLCJpZCI6InVybjplcGFzczpxdWFsaWZpY2F0aW9uOjIwIiwiaXNQYXJ0aWFsUXVhbGlmaWNhdGlvbiI6ZmFsc2UsIm1heGltdW1EdXJhdGlvbiI6IlAyMU0iLCJucWZsTGV2ZWwiOiJodHRwOi8vZGF0YS5ldXJvcGEuZXUvc25iL3Fkci9jX2RjYzlhY2ExIiwidGl0bGUiOiJNYXN0ZXIgb2YgU2NpZW5jZSBpbiBDaXZpbCBFbmdpbmVlcmluZyIsInZvbHVtZU9mTGVhcm5pbmciOiJQVDE0NDBIIn1dLCJ0aXRsZSI6Ik1hc3RlciBvZiBTY2llbmNlIGluIENpdmlsIEVuZ2luZWVyaW5nIiwid2FzQXdhcmRlZEJ5Ijp7ImF3YXJkaW5nQm9keSI6WyJkaWQ6ZWJzaTp6c1NnRFhlWVBoWjNBdUtoVEZuZURmMSJdLCJhd2FyZGluZ0RhdGUiOiIyMDE5LTA5LTIwVDAwOjAwOjAwKzAyOjAwIiwiaWQiOiJ1cm46ZXBhc3M6YXdhcmRpbmdQcm9jZXNzOjEifSwid2FzRGVyaXZlZEZyb20iOlt7ImFzc2Vzc2VkQnkiOlsiZGlkOmVic2k6enNTZ0RYZVlQaFozQXVLaFRGbmVEZjEiXSwiZ3JhZGUiOiJleGNlbGxlbnQgKDUpIiwiaWQiOiJ1cm46ZXBhc3M6YXNzZXNzbWVudDoxIiwic3BlY2lmaWVkQnkiOnsiZ3JhZGluZ1NjaGVtZSI6eyJkZWZpbml0aW9uIjoiVGhlIENyb2F0aWFuIG5hdGlvbmFsIGdyYWRpbmcgc2NoZW1lIGNvbnNpc3RzIG9mIGZpdmUgZ3JhZGVzIHdpdGggbnVtZXJpY2FsIGVxdWl2YWxlbnRzOiBpenZyc3RhbiDigJMgNSAob3V0c3RhbmRpbmcpOyB2cmxvIGRvYmFyIOKAkyA0ICh2ZXJ5IGdvb2QpOyBkb2JhciDigJMgMyAoZ29vZCk7IGRvdm9samFuIOKAkyAyIChzdWZmaWNpZW50KTsgbmVkb3ZvbGphbiDigJMgMSAoaW5zdWZmaWNpZW50IC0gZmFpbCkuIFRoZSBtaW5pbXVtIHBhc3NpbmcgZ3JhZGUgaXMgZG92b2xqYW4g4oCTIDIuIiwiaWQiOiJ1cm46ZXBhc3M6c2NvcmluZ3NjaGVtZXNwZWM6MSIsInRpdGxlIjoiR2VuZXJhbCBncmFkaW5nIHNjaGVtZSBpbiBDcm9hdGlhIn0sImlkIjoidXJuOmVwYXNzOmFzc3Nlc3NtZW50c3BlYzoxIiwidGl0bGUiOiJPdmVyYWxsIERpcGxvbWEgQXNzZXNzbWVudCJ9LCJ0aXRsZSI6Ik92ZXJhbGwgRGlwbG9tYSBBc3Nlc3NtZW50In1dLCJ3YXNJbmZsdWVuY2VkQnkiOlt7ImRpcmVjdGVkQnkiOlsiZGlkOmVic2k6enNTZ0RYZVlQaFozQXVLaFRGbmVEZjEiXSwiZW5kZWRBdFRpbWUiOiIyMDE4LTAxLTE0VDAwOjAwOjAwKzAxOjAwIiwiaWQiOiJ1cm46ZXBhc3M6bGVhcm5pbmdBY2hpZXZlbWVudDoxIiwiaWRlbnRpZmllciI6W3sic2NoZW1lSUQiOiJBY3Rpdml0eSBJRCIsInZhbHVlIjoiR0FCNzAxIn1dLCJsb2NhdGlvbiI6WyJ1cm46ZXBhc3M6bG9jYXRpb246NCJdLCJzcGVjaWZpZWRCeSI6eyJpZCI6InVybjplcGFzczpsZWFybmluZ2FjdGl2aXR5c3BlYzoxIiwibGFuZ3VhZ2UiOlsiaHR0cDovL3B1YmxpY2F0aW9ucy5ldXJvcGEuZXUvcmVzb3VyY2UvYXV0aG9yaXR5L2xhbmd1YWdlL0hSViJdLCJsZWFybmluZ0FjdGl2aXR5VHlwZSI6WyJodHRwOi8vZGF0YS5ldXJvcGEuZXUvc25iL2xlYXJuaW5nLWFjdGl2aXR5L2ZkMzNlMjM0YWUiXSwidGl0bGUiOiJBcHBsaWVkIG1hdGhlbWF0aWNzIiwid29ya2xvYWQiOiJQVDYwSCJ9LCJzdGFydGVkQXRUaW1lIjoiMjAxNy0wOS0wNFQwMDowMDowMCswMjowMCIsInRpdGxlIjoiTWFzdGVyIG9mIFNjaWVuY2UgaW4gQ2l2aWwgRW5naW5lZXJpbmciLCJ3b3JrbG9hZCI6IlBUNjBIIn1dfV0sImlkZW50aWZpZXIiOnsic2NoZW1lSUQiOiJTdHVkZW50IGlkZW50aWZpY2F0aW9uIG51bWJlciIsInZhbHVlIjoiOTkwMDk5MDAifX0sImNyZWRlbnRpYWxTdGF0dXMiOnsiaWQiOiJodHRwczovL2Vzc2lmLmV1cm9wYS5ldS9zdGF0dXMvZWR1Y2F0aW9uI2hpZ2hlckVkdWNhdGlvbiM1MWU0MmZkYS1jYjBhLTQzMzMtYjZhNi0zNWNiMTQ3ZTFhODgiLCJ0eXBlIjoiVHJ1c3RlZENyZWRlbnRpYWxTdGF0dXMyMDIxIn19LCJqdGkiOiJ1cm46dXVpZDo5ODI1MTM3Ni05ZjUyLTQ3MWQtOGQ4OC1iODNjZDIzN2IzZmUifQ.y3TIgU_RoonvBOZwoTLm2ajBEvrtmv8KIYXpd0WiYnak2GEP4JSYJjjp3VnM5371k6T1T2_EJz6WmAdVQKGSAA
10903 [pool-1-thread-1 @coroutine#756] DEBUG id.walt.model.DidUrl - Trying to create DidUrl from URL: "did:ebsi:zrcAhdWaxGh8Ljwp72cMKPG#a5d70b306072448a988274531a7c0f33"...
10903 [pool-1-thread-1 @coroutine#756] DEBUG id.walt.model.DidUrl - Trying to create DidUrl from URL: "did:ebsi:zrcAhdWaxGh8Ljwp72cMKPG#a5d70b306072448a988274531a7c0f33"...
10903 [pool-1-thread-1 @coroutine#756] DEBUG id.walt.services.did.DidService - Loading or resolving "did:ebsi:zrcAhdWaxGh8Ljwp72cMKPG"...
10903 [pool-1-thread-1 @coroutine#756] DEBUG id.walt.model.DidUrl - Trying to create DidUrl from URL: "did:ebsi:zrcAhdWaxGh8Ljwp72cMKPG"...
10903 [pool-1-thread-1 @coroutine#756] DEBUG id.walt.services.did.DidService - loadOrResolve: url=DidUrl(method=ebsi, identifier=zrcAhdWaxGh8Ljwp72cMKPG, fragment=zrcAhdWaxGh8Ljwp72cMKPG, query=null), length of stored=876
10903 [pool-1-thread-1 @coroutine#756] DEBUG id.walt.model.DidUrl - Trying to create DidUrl from URL: "did:ebsi:zrcAhdWaxGh8Ljwp72cMKPG"...
10903 [pool-1-thread-1 @coroutine#756] DEBUG id.walt.model.DidUrl - Trying to create DidUrl from URL: "did:ebsi:zrcAhdWaxGh8Ljwp72cMKPG"...
10903 [pool-1-thread-1 @coroutine#756] DEBUG id.walt.model.DidUrl - Trying to create DidUrl from URL: "did:ebsi:zrcAhdWaxGh8Ljwp72cMKPG"...
10905 [pool-1-thread-1 @coroutine#756] DEBUG id.walt.services.keystore.SqlKeyStoreService - Loading key "did:ebsi:zrcAhdWaxGh8Ljwp72cMKPG#a5d70b306072448a988274531a7c0f33"...
10905 [pool-1-thread-1 @coroutine#756] DEBUG id.walt.services.jwt.WaltIdJwtService - JWT verified returned:  true (with key: a5d70b306072448a988274531a7c0f33)
10905 [pool-1-thread-1 @coroutine#756] DEBUG id.walt.auditor.VerificationPolicy - VC [VerifiableCredential, VerifiableAttestation, Europass] passes policy SignaturePolicy: passed
10905 [pool-1-thread-1 @coroutine#756] DEBUG id.walt.auditor.Auditor - Verifying vc with JsonSchemaPolicy ...
10905 [pool-1-thread-1 @coroutine#756] DEBUG id.walt.auditor.VerificationPolicy - VC [VerifiablePresentation] passes policy JsonSchemaPolicy: passed
10906 [pool-1-thread-1 @coroutine#756] DEBUG id.walt.auditor.Auditor - Verifying Europass in VP with JsonSchemaPolicy...
11161 [pool-1-thread-1 @coroutine#756] DEBUG io.mockk.impl.recording.states.AnsweringState - Answering id.walt.credentials.w3c.schema.NetworkntSchemaValidator@27630698 on SchemaValidatorFactory(object SchemaValidatorFactory).get(https://raw.githubusercontent.com/walt-id/waltid-ssikit-vclib/master/src/test/resources/schemas/Europass.json)
11167 [pool-1-thread-1 @coroutine#756] DEBUG id.walt.auditor.VerificationPolicy - VC [VerifiableCredential, VerifiableAttestation, Europass] passes policy JsonSchemaPolicy: passed
]]></system-err>
</testsuite>
