<?xml version="1.0" encoding="UTF-8"?>
<testsuite name="id.walt.services.keystore.InMemoryKeyStoreServiceTest" tests="2" skipped="0" failures="0" errors="0" timestamp="2024-09-12T09:39:47" hostname="pablito-B550-AORUS-ELITE-V2" time="0.001">
  <properties/>
  <testcase name="In memory key store can store keys, add aliases, list, get and delete keys by id" classname="id.walt.services.keystore.InMemoryKeyStoreServiceTest" time="0.0"/>
  <testcase name="All InMemoryKeyStoreService instances reference the same HKVStore" classname="id.walt.services.keystore.InMemoryKeyStoreServiceTest" time="0.0"/>
  <system-out><![CDATA[]]></system-out>
  <system-err><![CDATA[12629 [Test worker @coroutine#56] DEBUG id.walt.services.keystore.HKVKeyStoreService - Loading key "abadd8dac4444860a3ea577727f6804d".
12630 [pool-1-thread-1 @coroutine#841] DEBUG id.walt.services.keystore.HKVKeyStoreService - Storing key "54b519d8bb804d82ae663ef49429b85d".
12630 [pool-1-thread-1 @coroutine#841] DEBUG id.walt.services.keystore.HKVKeyStoreService - Loading key "54b519d8bb804d82ae663ef49429b85d".
12630 [pool-1-thread-1 @coroutine#841] DEBUG id.walt.services.keystore.HKVKeyStoreService - Loading key "54b519d8bb804d82ae663ef49429b85d".
12630 [pool-1-thread-1 @coroutine#841] DEBUG id.walt.services.keystore.HKVKeyStoreService - Loading key "54b519d8bb804d82ae663ef49429b85d".
12631 [pool-1-thread-1 @coroutine#841] DEBUG id.walt.services.keystore.HKVKeyStoreService - Loading key "my-test-alias".
12631 [pool-1-thread-1 @coroutine#841] DEBUG id.walt.services.keystore.HKVKeyStoreService - Loading key "54b519d8bb804d82ae663ef49429b85d".
12631 [pool-1-thread-1 @coroutine#841] DEBUG id.walt.services.keystore.HKVKeyStoreService - Loading key "my-test-alias".
12631 [pool-1-thread-1 @coroutine#842] DEBUG id.walt.services.keystore.HKVKeyStoreService - Storing key "54b519d8bb804d82ae663ef49429b85d".
12631 [pool-1-thread-1 @coroutine#842] DEBUG id.walt.services.keystore.HKVKeyStoreService - Loading key "54b519d8bb804d82ae663ef49429b85d".
]]></system-err>
</testsuite>
