<?xml version="1.0" encoding="UTF-8"?>
<testsuite name="id.walt.services.keystore.FileSystemKeyStoreServiceTest" tests="1" skipped="0" failures="0" errors="0" timestamp="2024-09-12T09:39:47" hostname="pablito-B550-AORUS-ELITE-V2" time="0.002">
  <properties/>
  <testcase name="listKeysTest" classname="id.walt.services.keystore.FileSystemKeyStoreServiceTest" time="0.002"/>
  <system-out><![CDATA[Generating keys...
Generated EdDSA_Ed25519 key: ff0145382716486aab878fca41581d72
Generated ECDSA_Secp256k1 key: 22bfd6581475497d9be47b0dc7b6f6d4
Loading keys...
Loading EdDSA_Ed25519 key: ff0145382716486aab878fca41581d72
Generated ECDSA_Secp256k1 key: 22bfd6581475497d9be47b0dc7b6f6d4
]]></system-out>
  <system-err><![CDATA[12620 [pool-1-thread-1 @coroutine#839] DEBUG id.walt.services.keystore.FileSystemKeyStoreService - Loading key "ff0145382716486aab878fca41581d72".
12620 [pool-1-thread-1 @coroutine#839] DEBUG id.walt.services.keystore.FileSystemKeyStoreService - Loading key "22bfd6581475497d9be47b0dc7b6f6d4".
]]></system-err>
</testsuite>
