<?xml version="1.0" encoding="UTF-8"?>
<testsuite name="id.walt.services.oidc.OIDC4VCTest" tests="21" skipped="0" failures="3" errors="0" timestamp="2024-09-12T09:39:47" hostname="pablito-B550-AORUS-ELITE-V2" time="0.262">
  <properties/>
  <testcase name="testCrosswordCyberSecurityDidProof" classname="id.walt.services.oidc.OIDC4VCTest" time="0.003">
    <failure message="java.util.NoSuchElementException: Could not load key '/keystore/keys/did:jwk:eyJ5IjoiMjJ4Rl95TlR6dW5RTE5va1YyM19pLXFKa09NMVZmUGY4TExXN3RGd0dqayIsImNydiI6IlAtMjU2IiwieCI6ImRJNkh0ek02WHFYRHBwS3NBbGI3X3dwQnZZcE5YWG9RWGpqcEJFUDVhNm8iLCJhbGciOiJFUzI1NiIsImt0eSI6IkVDIn0/meta' from HKV store" type="java.util.NoSuchElementException">java.util.NoSuchElementException: Could not load key '/keystore/keys/did:jwk:eyJ5IjoiMjJ4Rl95TlR6dW5RTE5va1YyM19pLXFKa09NMVZmUGY4TExXN3RGd0dqayIsImNydiI6IlAtMjU2IiwieCI6ImRJNkh0ek02WHFYRHBwS3NBbGI3X3dwQnZZcE5YWG9RWGpqcEJFUDVhNm8iLCJhbGciOiJFUzI1NiIsImt0eSI6IkVDIn0/meta' from HKV store
	at id.walt.services.keystore.HKVKeyStoreService.loadKey(HKVKeyStoreService.kt:101)
	at id.walt.services.keystore.HKVKeyStoreService.load(HKVKeyStoreService.kt:32)
	at id.walt.services.key.WaltIdKeyService.load(WaltIdKeyService.kt:44)
	at id.walt.services.key.KeyService.load(KeyService.kt:27)
	at id.walt.services.jwt.WaltIdJwtService.verify(WaltIdJwtService.kt:180)
	at id.walt.services.jwt.JwtService.verify(JwtService.kt:41)
	at id.walt.services.oidc.OIDC4VCTest.testCrosswordCyberSecurityDidProof(OIDC4VCTest.kt:159)
	at java.base/java.lang.reflect.Method.invoke(Method.java:568)
	at kotlin.reflect.jvm.internal.calls.CallerImpl$Method.callMethod(CallerImpl.kt:97)
	at kotlin.reflect.jvm.internal.calls.CallerImpl$Method$Instance.call(CallerImpl.kt:113)
	at kotlin.reflect.jvm.internal.KCallableImpl.call(KCallableImpl.kt:107)
	at kotlin.reflect.full.KCallables.callSuspend(KCallables.kt:54)
	at io.kotest.core.spec.style.AnnotationSpec$callNotExpectingException$1.invokeSuspend(AnnotationSpec.kt:139)
	at io.kotest.core.spec.style.AnnotationSpec$callNotExpectingException$1.invoke(AnnotationSpec.kt)
	at io.kotest.core.spec.style.AnnotationSpec$callNotExpectingException$1.invoke(AnnotationSpec.kt)
	at io.kotest.engine.test.TestCaseExecutor$execute$innerExecute$1.invokeSuspend(TestCaseExecutor.kt:88)
	at io.kotest.engine.test.TestCaseExecutor$execute$innerExecute$1.invoke(TestCaseExecutor.kt)
	at io.kotest.engine.test.TestCaseExecutor$execute$innerExecute$1.invoke(TestCaseExecutor.kt)
	at io.kotest.engine.test.interceptors.CoroutineDebugProbeInterceptor.intercept(CoroutineDebugProbeInterceptor.kt:29)
	at io.kotest.engine.test.TestCaseExecutor$execute$3$1.invokeSuspend(TestCaseExecutor.kt:97)
	at io.kotest.engine.test.TestCaseExecutor$execute$3$1.invoke(TestCaseExecutor.kt)
	at io.kotest.engine.test.TestCaseExecutor$execute$3$1.invoke(TestCaseExecutor.kt)
	at io.kotest.engine.test.TestInvocationInterceptor$runBeforeTestAfter$executeWithBeforeAfter$1.invokeSuspend(TestInvocationInterceptor.kt:63)
	at io.kotest.engine.test.TestInvocationInterceptor$runBeforeTestAfter$executeWithBeforeAfter$1.invoke(TestInvocationInterceptor.kt)
	at io.kotest.engine.test.TestInvocationInterceptor$runBeforeTestAfter$executeWithBeforeAfter$1.invoke(TestInvocationInterceptor.kt)
	at io.kotest.engine.test.interceptors.InvocationTimeoutInterceptor$intercept$3.invokeSuspend(InvocationTimeoutInterceptor.kt:43)
	at io.kotest.engine.test.interceptors.InvocationTimeoutInterceptor$intercept$3.invoke(InvocationTimeoutInterceptor.kt)
	at io.kotest.engine.test.interceptors.InvocationTimeoutInterceptor$intercept$3.invoke(InvocationTimeoutInterceptor.kt)
	at kotlinx.coroutines.intrinsics.UndispatchedKt.startUndispatchedOrReturnIgnoreTimeout(Undispatched.kt:89)
	at kotlinx.coroutines.TimeoutKt.setupTimeout(Timeout.kt:151)
	at kotlinx.coroutines.TimeoutKt.withTimeoutOrNull(Timeout.kt:107)
	at io.kotest.engine.test.interceptors.InvocationTimeoutInterceptor.intercept(InvocationTimeoutInterceptor.kt:42)
	at io.kotest.engine.test.TestInvocationInterceptor$runBeforeTestAfter$wrappedTest$1$1.invokeSuspend(TestInvocationInterceptor.kt:70)
	at io.kotest.engine.test.TestInvocationInterceptor$runBeforeTestAfter$wrappedTest$1$1.invoke(TestInvocationInterceptor.kt)
	at io.kotest.engine.test.TestInvocationInterceptor$runBeforeTestAfter$wrappedTest$1$1.invoke(TestInvocationInterceptor.kt)
	at io.kotest.engine.test.TestInvocationInterceptor.runBeforeTestAfter(TestInvocationInterceptor.kt:73)
	at io.kotest.engine.test.TestInvocationInterceptor.access$runBeforeTestAfter(TestInvocationInterceptor.kt:14)
	at io.kotest.engine.test.TestInvocationInterceptor$intercept$2$1.invokeSuspend(TestInvocationInterceptor.kt:36)
	at io.kotest.engine.test.TestInvocationInterceptor$intercept$2$1.invoke(TestInvocationInterceptor.kt)
	at io.kotest.engine.test.TestInvocationInterceptor$intercept$2$1.invoke(TestInvocationInterceptor.kt)
	at io.kotest.mpp.ReplayKt.replay(replay.kt:15)
	at io.kotest.engine.test.TestInvocationInterceptor$intercept$2.invokeSuspend(TestInvocationInterceptor.kt:32)
	at io.kotest.engine.test.TestInvocationInterceptor$intercept$2.invoke(TestInvocationInterceptor.kt)
	at io.kotest.engine.test.TestInvocationInterceptor$intercept$2.invoke(TestInvocationInterceptor.kt)
	at kotlinx.coroutines.intrinsics.UndispatchedKt.startUndispatchedOrReturn(Undispatched.kt:78)
	at kotlinx.coroutines.CoroutineScopeKt.coroutineScope(CoroutineScope.kt:264)
	at io.kotest.engine.test.TestInvocationInterceptor.intercept(TestInvocationInterceptor.kt:31)
	at io.kotest.engine.test.TestCaseExecutor$execute$3$1.invokeSuspend(TestCaseExecutor.kt:97)
	at io.kotest.engine.test.TestCaseExecutor$execute$3$1.invoke(TestCaseExecutor.kt)
	at io.kotest.engine.test.TestCaseExecutor$execute$3$1.invoke(TestCaseExecutor.kt)
	at io.kotest.engine.test.interceptors.TimeoutInterceptor.intercept(TimeoutInterceptor.kt:33)
	at io.kotest.engine.test.TestCaseExecutor$execute$3$1.invokeSuspend(TestCaseExecutor.kt:97)
	at io.kotest.engine.test.TestCaseExecutor$execute$3$1.invoke(TestCaseExecutor.kt)
	at io.kotest.engine.test.TestCaseExecutor$execute$3$1.invoke(TestCaseExecutor.kt)
	at io.kotest.engine.test.interceptors.BlockedThreadTimeoutInterceptor.intercept(BlockedThreadTimeoutInterceptor.kt:74)
	at io.kotest.engine.test.TestCaseExecutor$execute$3$1.invokeSuspend(TestCaseExecutor.kt:97)
	at io.kotest.engine.test.TestCaseExecutor$execute$3$1.invoke(TestCaseExecutor.kt)
	at io.kotest.engine.test.TestCaseExecutor$execute$3$1.invoke(TestCaseExecutor.kt)
	at io.kotest.engine.test.interceptors.CoroutineLoggingInterceptor.intercept(CoroutineLoggingInterceptor.kt:30)
	at io.kotest.engine.test.TestCaseExecutor$execute$3$1.invokeSuspend(TestCaseExecutor.kt:97)
	at io.kotest.engine.test.TestCaseExecutor$execute$3$1.invoke(TestCaseExecutor.kt)
	at io.kotest.engine.test.TestCaseExecutor$execute$3$1.invoke(TestCaseExecutor.kt)
	at io.kotest.engine.test.interceptors.SoftAssertInterceptor.intercept(SoftAssertInterceptor.kt:27)
	at io.kotest.engine.test.TestCaseExecutor$execute$3$1.invokeSuspend(TestCaseExecutor.kt:97)
	at io.kotest.engine.test.TestCaseExecutor$execute$3$1.invoke(TestCaseExecutor.kt)
	at io.kotest.engine.test.TestCaseExecutor$execute$3$1.invoke(TestCaseExecutor.kt)
	at io.kotest.engine.test.interceptors.AssertionModeInterceptor.intercept(AssertionModeInterceptor.kt:25)
	at io.kotest.engine.test.TestCaseExecutor$execute$3$1.invokeSuspend(TestCaseExecutor.kt:97)
	at io.kotest.engine.test.TestCaseExecutor$execute$3$1.invoke(TestCaseExecutor.kt)
	at io.kotest.engine.test.TestCaseExecutor$execute$3$1.invoke(TestCaseExecutor.kt)
	at io.kotest.engine.test.interceptors.LifecycleInterceptor.intercept(LifecycleInterceptor.kt:51)
	at io.kotest.engine.test.TestCaseExecutor$execute$3$1.invokeSuspend(TestCaseExecutor.kt:97)
	at io.kotest.engine.test.TestCaseExecutor$execute$3$1.invoke(TestCaseExecutor.kt)
	at io.kotest.engine.test.TestCaseExecutor$execute$3$1.invoke(TestCaseExecutor.kt)
	at io.kotest.engine.test.interceptors.EnabledCheckInterceptor.intercept(EnabledCheckInterceptor.kt:31)
	at io.kotest.engine.test.TestCaseExecutor$execute$3$1.invokeSuspend(TestCaseExecutor.kt:97)
	at io.kotest.engine.test.TestCaseExecutor$execute$3$1.invoke(TestCaseExecutor.kt)
	at io.kotest.engine.test.TestCaseExecutor$execute$3$1.invoke(TestCaseExecutor.kt)
	at io.kotest.engine.test.interceptors.TestCaseExtensionInterceptor$intercept$2.invokeSuspend(TestCaseExtensionInterceptor.kt:24)
	at io.kotest.engine.test.interceptors.TestCaseExtensionInterceptor$intercept$2.invoke(TestCaseExtensionInterceptor.kt)
	at io.kotest.engine.test.interceptors.TestCaseExtensionInterceptor$intercept$2.invoke(TestCaseExtensionInterceptor.kt)
	at io.kotest.engine.test.TestExtensions.intercept(TestExtensions.kt:154)
	at io.kotest.engine.test.interceptors.TestCaseExtensionInterceptor.intercept(TestCaseExtensionInterceptor.kt:24)
	at io.kotest.engine.test.TestCaseExecutor$execute$3$1.invokeSuspend(TestCaseExecutor.kt:97)
	at io.kotest.engine.test.TestCaseExecutor$execute$3$1.invoke(TestCaseExecutor.kt)
	at io.kotest.engine.test.TestCaseExecutor$execute$3$1.invoke(TestCaseExecutor.kt)
	at io.kotest.engine.test.interceptors.CoroutineErrorCollectorInterceptor$intercept$3.invokeSuspend(CoroutineErrorCollectorInterceptor.kt:28)
	at io.kotest.engine.test.interceptors.CoroutineErrorCollectorInterceptor$intercept$3.invoke(CoroutineErrorCollectorInterceptor.kt)
	at io.kotest.engine.test.interceptors.CoroutineErrorCollectorInterceptor$intercept$3.invoke(CoroutineErrorCollectorInterceptor.kt)
	at kotlinx.coroutines.intrinsics.UndispatchedKt.startUndispatchedOrReturn(Undispatched.kt:78)
	at kotlinx.coroutines.BuildersKt__Builders_commonKt.withContext(Builders.common.kt:167)
	at kotlinx.coroutines.BuildersKt.withContext(Unknown Source)
	at io.kotest.engine.test.interceptors.CoroutineErrorCollectorInterceptor.intercept(CoroutineErrorCollectorInterceptor.kt:27)
	at io.kotest.engine.test.TestCaseExecutor$execute$3$1.invokeSuspend(TestCaseExecutor.kt:97)
	at io.kotest.engine.test.TestCaseExecutor$execute$3$1.invoke(TestCaseExecutor.kt)
	at io.kotest.engine.test.TestCaseExecutor$execute$3$1.invoke(TestCaseExecutor.kt)
	at io.kotest.engine.test.interceptors.CoroutineDispatcherFactoryInterceptor$intercept$4.invokeSuspend(coroutineDispatcherFactoryInterceptor.kt:57)
	at io.kotest.engine.test.interceptors.CoroutineDispatcherFactoryInterceptor$intercept$4.invoke(coroutineDispatcherFactoryInterceptor.kt)
	at io.kotest.engine.test.interceptors.CoroutineDispatcherFactoryInterceptor$intercept$4.invoke(coroutineDispatcherFactoryInterceptor.kt)
	at io.kotest.engine.concurrency.FixedThreadCoroutineDispatcherFactory$withDispatcher$4.invokeSuspend(FixedThreadCoroutineDispatcherFactory.kt:54)
	at _COROUTINE._BOUNDARY._(CoroutineDebugging.kt:46)
	at kotlinx.coroutines.TimeoutKt.withTimeoutOrNull(Timeout.kt:104)
	at io.kotest.engine.test.interceptors.InvocationTimeoutInterceptor.intercept(InvocationTimeoutInterceptor.kt:42)
	at io.kotest.engine.test.TestInvocationInterceptor$runBeforeTestAfter$wrappedTest$1$1.invokeSuspend(TestInvocationInterceptor.kt:70)
	at io.kotest.engine.test.TestInvocationInterceptor$intercept$2$1.invokeSuspend(TestInvocationInterceptor.kt:36)
	at io.kotest.mpp.ReplayKt.replay(replay.kt:15)
	at io.kotest.engine.test.TestInvocationInterceptor$intercept$2.invokeSuspend(TestInvocationInterceptor.kt:32)
	at io.kotest.engine.test.TestInvocationInterceptor.intercept(TestInvocationInterceptor.kt:31)
	at io.kotest.engine.test.TestCaseExecutor$execute$3$1.invokeSuspend(TestCaseExecutor.kt:97)
	at io.kotest.engine.test.interceptors.TimeoutInterceptor.intercept(TimeoutInterceptor.kt:33)
	at io.kotest.engine.test.TestCaseExecutor$execute$3$1.invokeSuspend(TestCaseExecutor.kt:97)
	at io.kotest.engine.test.interceptors.BlockedThreadTimeoutInterceptor.intercept(BlockedThreadTimeoutInterceptor.kt:74)
	at io.kotest.engine.test.TestCaseExecutor$execute$3$1.invokeSuspend(TestCaseExecutor.kt:97)
	at io.kotest.engine.test.interceptors.CoroutineLoggingInterceptor.intercept(CoroutineLoggingInterceptor.kt:30)
	at io.kotest.engine.test.TestCaseExecutor$execute$3$1.invokeSuspend(TestCaseExecutor.kt:97)
	at io.kotest.engine.test.interceptors.SoftAssertInterceptor.intercept(SoftAssertInterceptor.kt:27)
	at io.kotest.engine.test.TestCaseExecutor$execute$3$1.invokeSuspend(TestCaseExecutor.kt:97)
	at io.kotest.engine.test.interceptors.AssertionModeInterceptor.intercept(AssertionModeInterceptor.kt:25)
	at io.kotest.engine.test.TestCaseExecutor$execute$3$1.invokeSuspend(TestCaseExecutor.kt:97)
	at io.kotest.engine.test.interceptors.LifecycleInterceptor.intercept(LifecycleInterceptor.kt:51)
	at io.kotest.engine.test.TestCaseExecutor$execute$3$1.invokeSuspend(TestCaseExecutor.kt:97)
	at io.kotest.engine.test.interceptors.EnabledCheckInterceptor.intercept(EnabledCheckInterceptor.kt:31)
	at io.kotest.engine.test.TestCaseExecutor$execute$3$1.invokeSuspend(TestCaseExecutor.kt:97)
	at io.kotest.engine.test.interceptors.TestCaseExtensionInterceptor$intercept$2.invokeSuspend(TestCaseExtensionInterceptor.kt:24)
	at io.kotest.engine.test.TestCaseExecutor$execute$3$1.invokeSuspend(TestCaseExecutor.kt:97)
	at io.kotest.engine.test.interceptors.CoroutineErrorCollectorInterceptor$intercept$3.invokeSuspend(CoroutineErrorCollectorInterceptor.kt:28)
	at io.kotest.engine.test.TestCaseExecutor$execute$3$1.invokeSuspend(TestCaseExecutor.kt:97)
	at io.kotest.engine.test.interceptors.CoroutineDispatcherFactoryInterceptor$intercept$4.invokeSuspend(coroutineDispatcherFactoryInterceptor.kt:57)
	at io.kotest.engine.concurrency.FixedThreadCoroutineDispatcherFactory$withDispatcher$4.invokeSuspend(FixedThreadCoroutineDispatcherFactory.kt:54)
	at io.kotest.engine.test.TestCaseExecutor$execute$3$1.invokeSuspend(TestCaseExecutor.kt:97)
	at io.kotest.engine.test.interceptors.SupervisorScopeInterceptor$intercept$2.invokeSuspend(SupervisorScopeInterceptor.kt:23)
	at io.kotest.engine.test.TestCaseExecutor$execute$3$1.invokeSuspend(TestCaseExecutor.kt:97)
	at io.kotest.engine.test.TestCaseExecutor$execute$3$1.invokeSuspend(TestCaseExecutor.kt:97)
	at io.kotest.engine.test.interceptors.TestFinishedInterceptor.intercept(TestFinishedInterceptor.kt:21)
	at io.kotest.engine.test.TestCaseExecutor$execute$3$1.invokeSuspend(TestCaseExecutor.kt:97)
	at io.kotest.engine.test.interceptors.TestNameContextInterceptor$intercept$2.invokeSuspend(TestPathContextInterceptor.kt:35)
	at io.kotest.engine.test.TestCaseExecutor$execute$3$1.invokeSuspend(TestCaseExecutor.kt:97)
	at io.kotest.engine.test.interceptors.TestPathContextInterceptor$intercept$2.invokeSuspend(TestPathContextInterceptor.kt:20)
	at io.kotest.engine.test.TestCaseExecutor$execute$3$1.invokeSuspend(TestCaseExecutor.kt:97)
	at io.kotest.engine.spec.runners.SingleInstanceSpecRunner.runTest(SingleInstanceSpecRunner.kt:121)
	at io.kotest.engine.spec.runners.SingleInstanceSpecRunner$execute$interceptAndRun$2$1.invokeSuspend(SingleInstanceSpecRunner.kt:51)
	at io.kotest.engine.test.scheduler.SequentialTestScheduler$schedule$3$1$1.invokeSuspend(SequentialTestScheduler.kt:20)
Caused by: java.util.NoSuchElementException: Could not load key '/keystore/keys/did:jwk:eyJ5IjoiMjJ4Rl95TlR6dW5RTE5va1YyM19pLXFKa09NMVZmUGY4TExXN3RGd0dqayIsImNydiI6IlAtMjU2IiwieCI6ImRJNkh0ek02WHFYRHBwS3NBbGI3X3dwQnZZcE5YWG9RWGpqcEJFUDVhNm8iLCJhbGciOiJFUzI1NiIsImt0eSI6IkVDIn0/meta' from HKV store
	at id.walt.services.keystore.HKVKeyStoreService.loadKey(HKVKeyStoreService.kt:101)
	at id.walt.services.keystore.HKVKeyStoreService.load(HKVKeyStoreService.kt:32)
	at id.walt.services.key.WaltIdKeyService.load(WaltIdKeyService.kt:44)
	at id.walt.services.key.KeyService.load(KeyService.kt:27)
	at id.walt.services.jwt.WaltIdJwtService.verify(WaltIdJwtService.kt:180)
	at id.walt.services.jwt.JwtService.verify(JwtService.kt:41)
	at id.walt.services.oidc.OIDC4VCTest.testCrosswordCyberSecurityDidProof(OIDC4VCTest.kt:159)
	at java.base/java.lang.reflect.Method.invoke(Method.java:568)
	at kotlin.reflect.jvm.internal.calls.CallerImpl$Method.callMethod(CallerImpl.kt:97)
	at kotlin.reflect.jvm.internal.calls.CallerImpl$Method$Instance.call(CallerImpl.kt:113)
	at kotlin.reflect.jvm.internal.KCallableImpl.call(KCallableImpl.kt:107)
	at kotlin.reflect.full.KCallables.callSuspend(KCallables.kt:54)
	at io.kotest.core.spec.style.AnnotationSpec$callNotExpectingException$1.invokeSuspend(AnnotationSpec.kt:139)
	at io.kotest.core.spec.style.AnnotationSpec$callNotExpectingException$1.invoke(AnnotationSpec.kt)
	at io.kotest.core.spec.style.AnnotationSpec$callNotExpectingException$1.invoke(AnnotationSpec.kt)
	at io.kotest.engine.test.TestCaseExecutor$execute$innerExecute$1.invokeSuspend(TestCaseExecutor.kt:88)
	at io.kotest.engine.test.TestCaseExecutor$execute$innerExecute$1.invoke(TestCaseExecutor.kt)
	at io.kotest.engine.test.TestCaseExecutor$execute$innerExecute$1.invoke(TestCaseExecutor.kt)
	at io.kotest.engine.test.interceptors.CoroutineDebugProbeInterceptor.intercept(CoroutineDebugProbeInterceptor.kt:29)
	at io.kotest.engine.test.TestCaseExecutor$execute$3$1.invokeSuspend(TestCaseExecutor.kt:97)
	at io.kotest.engine.test.TestCaseExecutor$execute$3$1.invoke(TestCaseExecutor.kt)
	at io.kotest.engine.test.TestCaseExecutor$execute$3$1.invoke(TestCaseExecutor.kt)
	at io.kotest.engine.test.TestInvocationInterceptor$runBeforeTestAfter$executeWithBeforeAfter$1.invokeSuspend(TestInvocationInterceptor.kt:63)
	at io.kotest.engine.test.TestInvocationInterceptor$runBeforeTestAfter$executeWithBeforeAfter$1.invoke(TestInvocationInterceptor.kt)
	at io.kotest.engine.test.TestInvocationInterceptor$runBeforeTestAfter$executeWithBeforeAfter$1.invoke(TestInvocationInterceptor.kt)
	at io.kotest.engine.test.interceptors.InvocationTimeoutInterceptor$intercept$3.invokeSuspend(InvocationTimeoutInterceptor.kt:43)
	at io.kotest.engine.test.interceptors.InvocationTimeoutInterceptor$intercept$3.invoke(InvocationTimeoutInterceptor.kt)
	at io.kotest.engine.test.interceptors.InvocationTimeoutInterceptor$intercept$3.invoke(InvocationTimeoutInterceptor.kt)
	at kotlinx.coroutines.intrinsics.UndispatchedKt.startUndispatchedOrReturnIgnoreTimeout(Undispatched.kt:89)
	at kotlinx.coroutines.TimeoutKt.setupTimeout(Timeout.kt:151)
	at kotlinx.coroutines.TimeoutKt.withTimeoutOrNull(Timeout.kt:107)
	at io.kotest.engine.test.interceptors.InvocationTimeoutInterceptor.intercept(InvocationTimeoutInterceptor.kt:42)
	at io.kotest.engine.test.TestInvocationInterceptor$runBeforeTestAfter$wrappedTest$1$1.invokeSuspend(TestInvocationInterceptor.kt:70)
	at io.kotest.engine.test.TestInvocationInterceptor$runBeforeTestAfter$wrappedTest$1$1.invoke(TestInvocationInterceptor.kt)
	at io.kotest.engine.test.TestInvocationInterceptor$runBeforeTestAfter$wrappedTest$1$1.invoke(TestInvocationInterceptor.kt)
	at io.kotest.engine.test.TestInvocationInterceptor.runBeforeTestAfter(TestInvocationInterceptor.kt:73)
	at io.kotest.engine.test.TestInvocationInterceptor.access$runBeforeTestAfter(TestInvocationInterceptor.kt:14)
	at io.kotest.engine.test.TestInvocationInterceptor$intercept$2$1.invokeSuspend(TestInvocationInterceptor.kt:36)
	at io.kotest.engine.test.TestInvocationInterceptor$intercept$2$1.invoke(TestInvocationInterceptor.kt)
	at io.kotest.engine.test.TestInvocationInterceptor$intercept$2$1.invoke(TestInvocationInterceptor.kt)
	at io.kotest.mpp.ReplayKt.replay(replay.kt:15)
	at io.kotest.engine.test.TestInvocationInterceptor$intercept$2.invokeSuspend(TestInvocationInterceptor.kt:32)
	at io.kotest.engine.test.TestInvocationInterceptor$intercept$2.invoke(TestInvocationInterceptor.kt)
	at io.kotest.engine.test.TestInvocationInterceptor$intercept$2.invoke(TestInvocationInterceptor.kt)
	at kotlinx.coroutines.intrinsics.UndispatchedKt.startUndispatchedOrReturn(Undispatched.kt:78)
	at kotlinx.coroutines.CoroutineScopeKt.coroutineScope(CoroutineScope.kt:264)
	at io.kotest.engine.test.TestInvocationInterceptor.intercept(TestInvocationInterceptor.kt:31)
	at io.kotest.engine.test.TestCaseExecutor$execute$3$1.invokeSuspend(TestCaseExecutor.kt:97)
	at io.kotest.engine.test.TestCaseExecutor$execute$3$1.invoke(TestCaseExecutor.kt)
	at io.kotest.engine.test.TestCaseExecutor$execute$3$1.invoke(TestCaseExecutor.kt)
	at io.kotest.engine.test.interceptors.TimeoutInterceptor.intercept(TimeoutInterceptor.kt:33)
	at io.kotest.engine.test.TestCaseExecutor$execute$3$1.invokeSuspend(TestCaseExecutor.kt:97)
	at io.kotest.engine.test.TestCaseExecutor$execute$3$1.invoke(TestCaseExecutor.kt)
	at io.kotest.engine.test.TestCaseExecutor$execute$3$1.invoke(TestCaseExecutor.kt)
	at io.kotest.engine.test.interceptors.BlockedThreadTimeoutInterceptor.intercept(BlockedThreadTimeoutInterceptor.kt:74)
	at io.kotest.engine.test.TestCaseExecutor$execute$3$1.invokeSuspend(TestCaseExecutor.kt:97)
	at io.kotest.engine.test.TestCaseExecutor$execute$3$1.invoke(TestCaseExecutor.kt)
	at io.kotest.engine.test.TestCaseExecutor$execute$3$1.invoke(TestCaseExecutor.kt)
	at io.kotest.engine.test.interceptors.CoroutineLoggingInterceptor.intercept(CoroutineLoggingInterceptor.kt:30)
	at io.kotest.engine.test.TestCaseExecutor$execute$3$1.invokeSuspend(TestCaseExecutor.kt:97)
	at io.kotest.engine.test.TestCaseExecutor$execute$3$1.invoke(TestCaseExecutor.kt)
	at io.kotest.engine.test.TestCaseExecutor$execute$3$1.invoke(TestCaseExecutor.kt)
	at io.kotest.engine.test.interceptors.SoftAssertInterceptor.intercept(SoftAssertInterceptor.kt:27)
	at io.kotest.engine.test.TestCaseExecutor$execute$3$1.invokeSuspend(TestCaseExecutor.kt:97)
	at io.kotest.engine.test.TestCaseExecutor$execute$3$1.invoke(TestCaseExecutor.kt)
	at io.kotest.engine.test.TestCaseExecutor$execute$3$1.invoke(TestCaseExecutor.kt)
	at io.kotest.engine.test.interceptors.AssertionModeInterceptor.intercept(AssertionModeInterceptor.kt:25)
	at io.kotest.engine.test.TestCaseExecutor$execute$3$1.invokeSuspend(TestCaseExecutor.kt:97)
	at io.kotest.engine.test.TestCaseExecutor$execute$3$1.invoke(TestCaseExecutor.kt)
	at io.kotest.engine.test.TestCaseExecutor$execute$3$1.invoke(TestCaseExecutor.kt)
	at io.kotest.engine.test.interceptors.LifecycleInterceptor.intercept(LifecycleInterceptor.kt:51)
	at io.kotest.engine.test.TestCaseExecutor$execute$3$1.invokeSuspend(TestCaseExecutor.kt:97)
	at io.kotest.engine.test.TestCaseExecutor$execute$3$1.invoke(TestCaseExecutor.kt)
	at io.kotest.engine.test.TestCaseExecutor$execute$3$1.invoke(TestCaseExecutor.kt)
	at io.kotest.engine.test.interceptors.EnabledCheckInterceptor.intercept(EnabledCheckInterceptor.kt:31)
	at io.kotest.engine.test.TestCaseExecutor$execute$3$1.invokeSuspend(TestCaseExecutor.kt:97)
	at io.kotest.engine.test.TestCaseExecutor$execute$3$1.invoke(TestCaseExecutor.kt)
	at io.kotest.engine.test.TestCaseExecutor$execute$3$1.invoke(TestCaseExecutor.kt)
	at io.kotest.engine.test.interceptors.TestCaseExtensionInterceptor$intercept$2.invokeSuspend(TestCaseExtensionInterceptor.kt:24)
	at io.kotest.engine.test.interceptors.TestCaseExtensionInterceptor$intercept$2.invoke(TestCaseExtensionInterceptor.kt)
	at io.kotest.engine.test.interceptors.TestCaseExtensionInterceptor$intercept$2.invoke(TestCaseExtensionInterceptor.kt)
	at io.kotest.engine.test.TestExtensions.intercept(TestExtensions.kt:154)
	at io.kotest.engine.test.interceptors.TestCaseExtensionInterceptor.intercept(TestCaseExtensionInterceptor.kt:24)
	at io.kotest.engine.test.TestCaseExecutor$execute$3$1.invokeSuspend(TestCaseExecutor.kt:97)
	at io.kotest.engine.test.TestCaseExecutor$execute$3$1.invoke(TestCaseExecutor.kt)
	at io.kotest.engine.test.TestCaseExecutor$execute$3$1.invoke(TestCaseExecutor.kt)
	at io.kotest.engine.test.interceptors.CoroutineErrorCollectorInterceptor$intercept$3.invokeSuspend(CoroutineErrorCollectorInterceptor.kt:28)
	at io.kotest.engine.test.interceptors.CoroutineErrorCollectorInterceptor$intercept$3.invoke(CoroutineErrorCollectorInterceptor.kt)
	at io.kotest.engine.test.interceptors.CoroutineErrorCollectorInterceptor$intercept$3.invoke(CoroutineErrorCollectorInterceptor.kt)
	at kotlinx.coroutines.intrinsics.UndispatchedKt.startUndispatchedOrReturn(Undispatched.kt:78)
	at kotlinx.coroutines.BuildersKt__Builders_commonKt.withContext(Builders.common.kt:167)
	at kotlinx.coroutines.BuildersKt.withContext(Unknown Source)
	at io.kotest.engine.test.interceptors.CoroutineErrorCollectorInterceptor.intercept(CoroutineErrorCollectorInterceptor.kt:27)
	at io.kotest.engine.test.TestCaseExecutor$execute$3$1.invokeSuspend(TestCaseExecutor.kt:97)
	at io.kotest.engine.test.TestCaseExecutor$execute$3$1.invoke(TestCaseExecutor.kt)
	at io.kotest.engine.test.TestCaseExecutor$execute$3$1.invoke(TestCaseExecutor.kt)
	at io.kotest.engine.test.interceptors.CoroutineDispatcherFactoryInterceptor$intercept$4.invokeSuspend(coroutineDispatcherFactoryInterceptor.kt:57)
	at io.kotest.engine.test.interceptors.CoroutineDispatcherFactoryInterceptor$intercept$4.invoke(coroutineDispatcherFactoryInterceptor.kt)
	at io.kotest.engine.test.interceptors.CoroutineDispatcherFactoryInterceptor$intercept$4.invoke(coroutineDispatcherFactoryInterceptor.kt)
	at io.kotest.engine.concurrency.FixedThreadCoroutineDispatcherFactory$withDispatcher$4.invokeSuspend(FixedThreadCoroutineDispatcherFactory.kt:54)
	at kotlin.coroutines.jvm.internal.BaseContinuationImpl.resumeWith(ContinuationImpl.kt:33)
	at kotlinx.coroutines.DispatchedTask.run(DispatchedTask.kt:108)
	at java.base/java.util.concurrent.ThreadPoolExecutor.runWorker(ThreadPoolExecutor.java:1136)
	at java.base/java.util.concurrent.ThreadPoolExecutor$Worker.run(ThreadPoolExecutor.java:635)
	at java.base/java.lang.Thread.run(Thread.java:833)
</failure>
  </testcase>
  <testcase name="testEbsiAuthRequestParsing" classname="id.walt.services.oidc.OIDC4VCTest" time="0.02"/>
  <testcase name="testFullAuthIssuanceInitiationRequest" classname="id.walt.services.oidc.OIDC4VCTest" time="0.016"/>
  <testcase name="testInputDescriptorMatching" classname="id.walt.services.oidc.OIDC4VCTest" time="0.005"/>
  <testcase name="testIssuerCredential" classname="id.walt.services.oidc.OIDC4VCTest" time="0.025"/>
  <testcase name="testIssuerPAR" classname="id.walt.services.oidc.OIDC4VCTest" time="0.002"/>
  <testcase name="testIssuerToken" classname="id.walt.services.oidc.OIDC4VCTest" time="0.011"/>
  <testcase name="testIssuerTokenPreauthz" classname="id.walt.services.oidc.OIDC4VCTest" time="0.002"/>
  <testcase name="testParseNGIPreAuthIssuanceInitiationRequest" classname="id.walt.services.oidc.OIDC4VCTest" time="0.001"/>
  <testcase name="testParseSpruceNGIOpenIDConfiguration" classname="id.walt.services.oidc.OIDC4VCTest" time="0.001"/>
  <testcase name="testPreAuthIssuanceInitiationRequest" classname="id.walt.services.oidc.OIDC4VCTest" time="0.002"/>
  <testcase name="testPresentationDefinitionByReference" classname="id.walt.services.oidc.OIDC4VCTest" time="0.007"/>
  <testcase name="testVCClaimParsing" classname="id.walt.services.oidc.OIDC4VCTest" time="0.008"/>
  <testcase name="testVCClaimParsingWhenMissing" classname="id.walt.services.oidc.OIDC4VCTest" time="0.0"/>
  <testcase name="testVPTokenConversion" classname="id.walt.services.oidc.OIDC4VCTest" time="0.016"/>
  <testcase name="testValidatedIDSIOPResponse" classname="id.walt.services.oidc.OIDC4VCTest" time="0.019"/>
  <testcase name="testVerifyJWTPresentation" classname="id.walt.services.oidc.OIDC4VCTest" time="0.026"/>
  <testcase name="testVerifyMultipleJWTPresentations" classname="id.walt.services.oidc.OIDC4VCTest" time="0.026"/>
  <testcase name="testVerifyMultiplePresentations" classname="id.walt.services.oidc.OIDC4VCTest" time="0.02">
    <failure message="java.lang.NullPointerException: getContent(...) must not be null" type="java.lang.NullPointerException">java.lang.NullPointerException: getContent(...) must not be null
	at id.walt.services.oidc.OIDC4VPService.postSIOPResponse(OIDC4VPService.kt:255)
	at id.walt.services.oidc.OIDC4VPService.postSIOPResponse$default(OIDC4VPService.kt:231)
	at id.walt.services.oidc.OIDC4VCTest.testVerifyMultiplePresentations(OIDC4VCTest.kt:255)
	at java.base/java.lang.reflect.Method.invoke(Method.java:568)
	at kotlin.reflect.jvm.internal.calls.CallerImpl$Method.callMethod(CallerImpl.kt:97)
	at kotlin.reflect.jvm.internal.calls.CallerImpl$Method$Instance.call(CallerImpl.kt:113)
	at kotlin.reflect.jvm.internal.KCallableImpl.call(KCallableImpl.kt:107)
	at kotlin.reflect.full.KCallables.callSuspend(KCallables.kt:54)
	at io.kotest.core.spec.style.AnnotationSpec$callNotExpectingException$1.invokeSuspend(AnnotationSpec.kt:139)
	at io.kotest.core.spec.style.AnnotationSpec$callNotExpectingException$1.invoke(AnnotationSpec.kt)
	at io.kotest.core.spec.style.AnnotationSpec$callNotExpectingException$1.invoke(AnnotationSpec.kt)
	at io.kotest.engine.test.TestCaseExecutor$execute$innerExecute$1.invokeSuspend(TestCaseExecutor.kt:88)
	at io.kotest.engine.test.TestCaseExecutor$execute$innerExecute$1.invoke(TestCaseExecutor.kt)
	at io.kotest.engine.test.TestCaseExecutor$execute$innerExecute$1.invoke(TestCaseExecutor.kt)
	at io.kotest.engine.test.interceptors.CoroutineDebugProbeInterceptor.intercept(CoroutineDebugProbeInterceptor.kt:29)
	at io.kotest.engine.test.TestCaseExecutor$execute$3$1.invokeSuspend(TestCaseExecutor.kt:97)
	at io.kotest.engine.test.TestCaseExecutor$execute$3$1.invoke(TestCaseExecutor.kt)
	at io.kotest.engine.test.TestCaseExecutor$execute$3$1.invoke(TestCaseExecutor.kt)
	at io.kotest.engine.test.TestInvocationInterceptor$runBeforeTestAfter$executeWithBeforeAfter$1.invokeSuspend(TestInvocationInterceptor.kt:63)
	at io.kotest.engine.test.TestInvocationInterceptor$runBeforeTestAfter$executeWithBeforeAfter$1.invoke(TestInvocationInterceptor.kt)
	at io.kotest.engine.test.TestInvocationInterceptor$runBeforeTestAfter$executeWithBeforeAfter$1.invoke(TestInvocationInterceptor.kt)
	at io.kotest.engine.test.interceptors.InvocationTimeoutInterceptor$intercept$3.invokeSuspend(InvocationTimeoutInterceptor.kt:43)
	at io.kotest.engine.test.interceptors.InvocationTimeoutInterceptor$intercept$3.invoke(InvocationTimeoutInterceptor.kt)
	at io.kotest.engine.test.interceptors.InvocationTimeoutInterceptor$intercept$3.invoke(InvocationTimeoutInterceptor.kt)
	at kotlinx.coroutines.intrinsics.UndispatchedKt.startUndispatchedOrReturnIgnoreTimeout(Undispatched.kt:89)
	at kotlinx.coroutines.TimeoutKt.setupTimeout(Timeout.kt:151)
	at kotlinx.coroutines.TimeoutKt.withTimeoutOrNull(Timeout.kt:107)
	at io.kotest.engine.test.interceptors.InvocationTimeoutInterceptor.intercept(InvocationTimeoutInterceptor.kt:42)
	at io.kotest.engine.test.TestInvocationInterceptor$runBeforeTestAfter$wrappedTest$1$1.invokeSuspend(TestInvocationInterceptor.kt:70)
	at io.kotest.engine.test.TestInvocationInterceptor$runBeforeTestAfter$wrappedTest$1$1.invoke(TestInvocationInterceptor.kt)
	at io.kotest.engine.test.TestInvocationInterceptor$runBeforeTestAfter$wrappedTest$1$1.invoke(TestInvocationInterceptor.kt)
	at io.kotest.engine.test.TestInvocationInterceptor.runBeforeTestAfter(TestInvocationInterceptor.kt:73)
	at io.kotest.engine.test.TestInvocationInterceptor.access$runBeforeTestAfter(TestInvocationInterceptor.kt:14)
	at io.kotest.engine.test.TestInvocationInterceptor$intercept$2$1.invokeSuspend(TestInvocationInterceptor.kt:36)
	at io.kotest.engine.test.TestInvocationInterceptor$intercept$2$1.invoke(TestInvocationInterceptor.kt)
	at io.kotest.engine.test.TestInvocationInterceptor$intercept$2$1.invoke(TestInvocationInterceptor.kt)
	at io.kotest.mpp.ReplayKt.replay(replay.kt:15)
	at io.kotest.engine.test.TestInvocationInterceptor$intercept$2.invokeSuspend(TestInvocationInterceptor.kt:32)
	at io.kotest.engine.test.TestInvocationInterceptor$intercept$2.invoke(TestInvocationInterceptor.kt)
	at io.kotest.engine.test.TestInvocationInterceptor$intercept$2.invoke(TestInvocationInterceptor.kt)
	at kotlinx.coroutines.intrinsics.UndispatchedKt.startUndispatchedOrReturn(Undispatched.kt:78)
	at kotlinx.coroutines.CoroutineScopeKt.coroutineScope(CoroutineScope.kt:264)
	at io.kotest.engine.test.TestInvocationInterceptor.intercept(TestInvocationInterceptor.kt:31)
	at io.kotest.engine.test.TestCaseExecutor$execute$3$1.invokeSuspend(TestCaseExecutor.kt:97)
	at io.kotest.engine.test.TestCaseExecutor$execute$3$1.invoke(TestCaseExecutor.kt)
	at io.kotest.engine.test.TestCaseExecutor$execute$3$1.invoke(TestCaseExecutor.kt)
	at io.kotest.engine.test.interceptors.TimeoutInterceptor.intercept(TimeoutInterceptor.kt:33)
	at io.kotest.engine.test.TestCaseExecutor$execute$3$1.invokeSuspend(TestCaseExecutor.kt:97)
	at io.kotest.engine.test.TestCaseExecutor$execute$3$1.invoke(TestCaseExecutor.kt)
	at io.kotest.engine.test.TestCaseExecutor$execute$3$1.invoke(TestCaseExecutor.kt)
	at io.kotest.engine.test.interceptors.BlockedThreadTimeoutInterceptor.intercept(BlockedThreadTimeoutInterceptor.kt:74)
	at io.kotest.engine.test.TestCaseExecutor$execute$3$1.invokeSuspend(TestCaseExecutor.kt:97)
	at io.kotest.engine.test.TestCaseExecutor$execute$3$1.invoke(TestCaseExecutor.kt)
	at io.kotest.engine.test.TestCaseExecutor$execute$3$1.invoke(TestCaseExecutor.kt)
	at io.kotest.engine.test.interceptors.CoroutineLoggingInterceptor.intercept(CoroutineLoggingInterceptor.kt:30)
	at io.kotest.engine.test.TestCaseExecutor$execute$3$1.invokeSuspend(TestCaseExecutor.kt:97)
	at io.kotest.engine.test.TestCaseExecutor$execute$3$1.invoke(TestCaseExecutor.kt)
	at io.kotest.engine.test.TestCaseExecutor$execute$3$1.invoke(TestCaseExecutor.kt)
	at io.kotest.engine.test.interceptors.SoftAssertInterceptor.intercept(SoftAssertInterceptor.kt:27)
	at io.kotest.engine.test.TestCaseExecutor$execute$3$1.invokeSuspend(TestCaseExecutor.kt:97)
	at io.kotest.engine.test.TestCaseExecutor$execute$3$1.invoke(TestCaseExecutor.kt)
	at io.kotest.engine.test.TestCaseExecutor$execute$3$1.invoke(TestCaseExecutor.kt)
	at io.kotest.engine.test.interceptors.AssertionModeInterceptor.intercept(AssertionModeInterceptor.kt:25)
	at io.kotest.engine.test.TestCaseExecutor$execute$3$1.invokeSuspend(TestCaseExecutor.kt:97)
	at io.kotest.engine.test.TestCaseExecutor$execute$3$1.invoke(TestCaseExecutor.kt)
	at io.kotest.engine.test.TestCaseExecutor$execute$3$1.invoke(TestCaseExecutor.kt)
	at io.kotest.engine.test.interceptors.LifecycleInterceptor.intercept(LifecycleInterceptor.kt:51)
	at io.kotest.engine.test.TestCaseExecutor$execute$3$1.invokeSuspend(TestCaseExecutor.kt:97)
	at io.kotest.engine.test.TestCaseExecutor$execute$3$1.invoke(TestCaseExecutor.kt)
	at io.kotest.engine.test.TestCaseExecutor$execute$3$1.invoke(TestCaseExecutor.kt)
	at io.kotest.engine.test.interceptors.EnabledCheckInterceptor.intercept(EnabledCheckInterceptor.kt:31)
	at io.kotest.engine.test.TestCaseExecutor$execute$3$1.invokeSuspend(TestCaseExecutor.kt:97)
	at io.kotest.engine.test.TestCaseExecutor$execute$3$1.invoke(TestCaseExecutor.kt)
	at io.kotest.engine.test.TestCaseExecutor$execute$3$1.invoke(TestCaseExecutor.kt)
	at io.kotest.engine.test.interceptors.TestCaseExtensionInterceptor$intercept$2.invokeSuspend(TestCaseExtensionInterceptor.kt:24)
	at io.kotest.engine.test.interceptors.TestCaseExtensionInterceptor$intercept$2.invoke(TestCaseExtensionInterceptor.kt)
	at io.kotest.engine.test.interceptors.TestCaseExtensionInterceptor$intercept$2.invoke(TestCaseExtensionInterceptor.kt)
	at io.kotest.engine.test.TestExtensions.intercept(TestExtensions.kt:154)
	at io.kotest.engine.test.interceptors.TestCaseExtensionInterceptor.intercept(TestCaseExtensionInterceptor.kt:24)
	at io.kotest.engine.test.TestCaseExecutor$execute$3$1.invokeSuspend(TestCaseExecutor.kt:97)
	at io.kotest.engine.test.TestCaseExecutor$execute$3$1.invoke(TestCaseExecutor.kt)
	at io.kotest.engine.test.TestCaseExecutor$execute$3$1.invoke(TestCaseExecutor.kt)
	at io.kotest.engine.test.interceptors.CoroutineErrorCollectorInterceptor$intercept$3.invokeSuspend(CoroutineErrorCollectorInterceptor.kt:28)
	at io.kotest.engine.test.interceptors.CoroutineErrorCollectorInterceptor$intercept$3.invoke(CoroutineErrorCollectorInterceptor.kt)
	at io.kotest.engine.test.interceptors.CoroutineErrorCollectorInterceptor$intercept$3.invoke(CoroutineErrorCollectorInterceptor.kt)
	at kotlinx.coroutines.intrinsics.UndispatchedKt.startUndispatchedOrReturn(Undispatched.kt:78)
	at kotlinx.coroutines.BuildersKt__Builders_commonKt.withContext(Builders.common.kt:167)
	at kotlinx.coroutines.BuildersKt.withContext(Unknown Source)
	at io.kotest.engine.test.interceptors.CoroutineErrorCollectorInterceptor.intercept(CoroutineErrorCollectorInterceptor.kt:27)
	at io.kotest.engine.test.TestCaseExecutor$execute$3$1.invokeSuspend(TestCaseExecutor.kt:97)
	at io.kotest.engine.test.TestCaseExecutor$execute$3$1.invoke(TestCaseExecutor.kt)
	at io.kotest.engine.test.TestCaseExecutor$execute$3$1.invoke(TestCaseExecutor.kt)
	at io.kotest.engine.test.interceptors.CoroutineDispatcherFactoryInterceptor$intercept$4.invokeSuspend(coroutineDispatcherFactoryInterceptor.kt:57)
	at io.kotest.engine.test.interceptors.CoroutineDispatcherFactoryInterceptor$intercept$4.invoke(coroutineDispatcherFactoryInterceptor.kt)
	at io.kotest.engine.test.interceptors.CoroutineDispatcherFactoryInterceptor$intercept$4.invoke(coroutineDispatcherFactoryInterceptor.kt)
	at io.kotest.engine.concurrency.FixedThreadCoroutineDispatcherFactory$withDispatcher$4.invokeSuspend(FixedThreadCoroutineDispatcherFactory.kt:54)
	at kotlin.coroutines.jvm.internal.BaseContinuationImpl.resumeWith(ContinuationImpl.kt:33)
	at kotlinx.coroutines.DispatchedTask.run(DispatchedTask.kt:108)
	at java.base/java.util.concurrent.ThreadPoolExecutor.runWorker(ThreadPoolExecutor.java:1136)
	at java.base/java.util.concurrent.ThreadPoolExecutor$Worker.run(ThreadPoolExecutor.java:635)
	at java.base/java.lang.Thread.run(Thread.java:833)
</failure>
  </testcase>
  <testcase name="testVerifyPresentation" classname="id.walt.services.oidc.OIDC4VCTest" time="0.025">
    <failure message="java.lang.NullPointerException: getContent(...) must not be null" type="java.lang.NullPointerException">java.lang.NullPointerException: getContent(...) must not be null
	at id.walt.services.oidc.OIDC4VPService.postSIOPResponse(OIDC4VPService.kt:255)
	at id.walt.services.oidc.OIDC4VPService.postSIOPResponse$default(OIDC4VPService.kt:231)
	at id.walt.services.oidc.OIDC4VCTest.testVerifyPresentation(OIDC4VCTest.kt:203)
	at java.base/java.lang.reflect.Method.invoke(Method.java:568)
	at kotlin.reflect.jvm.internal.calls.CallerImpl$Method.callMethod(CallerImpl.kt:97)
	at kotlin.reflect.jvm.internal.calls.CallerImpl$Method$Instance.call(CallerImpl.kt:113)
	at kotlin.reflect.jvm.internal.KCallableImpl.call(KCallableImpl.kt:107)
	at kotlin.reflect.full.KCallables.callSuspend(KCallables.kt:54)
	at io.kotest.core.spec.style.AnnotationSpec$callNotExpectingException$1.invokeSuspend(AnnotationSpec.kt:139)
	at io.kotest.core.spec.style.AnnotationSpec$callNotExpectingException$1.invoke(AnnotationSpec.kt)
	at io.kotest.core.spec.style.AnnotationSpec$callNotExpectingException$1.invoke(AnnotationSpec.kt)
	at io.kotest.engine.test.TestCaseExecutor$execute$innerExecute$1.invokeSuspend(TestCaseExecutor.kt:88)
	at io.kotest.engine.test.TestCaseExecutor$execute$innerExecute$1.invoke(TestCaseExecutor.kt)
	at io.kotest.engine.test.TestCaseExecutor$execute$innerExecute$1.invoke(TestCaseExecutor.kt)
	at io.kotest.engine.test.interceptors.CoroutineDebugProbeInterceptor.intercept(CoroutineDebugProbeInterceptor.kt:29)
	at io.kotest.engine.test.TestCaseExecutor$execute$3$1.invokeSuspend(TestCaseExecutor.kt:97)
	at io.kotest.engine.test.TestCaseExecutor$execute$3$1.invoke(TestCaseExecutor.kt)
	at io.kotest.engine.test.TestCaseExecutor$execute$3$1.invoke(TestCaseExecutor.kt)
	at io.kotest.engine.test.TestInvocationInterceptor$runBeforeTestAfter$executeWithBeforeAfter$1.invokeSuspend(TestInvocationInterceptor.kt:63)
	at io.kotest.engine.test.TestInvocationInterceptor$runBeforeTestAfter$executeWithBeforeAfter$1.invoke(TestInvocationInterceptor.kt)
	at io.kotest.engine.test.TestInvocationInterceptor$runBeforeTestAfter$executeWithBeforeAfter$1.invoke(TestInvocationInterceptor.kt)
	at io.kotest.engine.test.interceptors.InvocationTimeoutInterceptor$intercept$3.invokeSuspend(InvocationTimeoutInterceptor.kt:43)
	at io.kotest.engine.test.interceptors.InvocationTimeoutInterceptor$intercept$3.invoke(InvocationTimeoutInterceptor.kt)
	at io.kotest.engine.test.interceptors.InvocationTimeoutInterceptor$intercept$3.invoke(InvocationTimeoutInterceptor.kt)
	at kotlinx.coroutines.intrinsics.UndispatchedKt.startUndispatchedOrReturnIgnoreTimeout(Undispatched.kt:89)
	at kotlinx.coroutines.TimeoutKt.setupTimeout(Timeout.kt:151)
	at kotlinx.coroutines.TimeoutKt.withTimeoutOrNull(Timeout.kt:107)
	at io.kotest.engine.test.interceptors.InvocationTimeoutInterceptor.intercept(InvocationTimeoutInterceptor.kt:42)
	at io.kotest.engine.test.TestInvocationInterceptor$runBeforeTestAfter$wrappedTest$1$1.invokeSuspend(TestInvocationInterceptor.kt:70)
	at io.kotest.engine.test.TestInvocationInterceptor$runBeforeTestAfter$wrappedTest$1$1.invoke(TestInvocationInterceptor.kt)
	at io.kotest.engine.test.TestInvocationInterceptor$runBeforeTestAfter$wrappedTest$1$1.invoke(TestInvocationInterceptor.kt)
	at io.kotest.engine.test.TestInvocationInterceptor.runBeforeTestAfter(TestInvocationInterceptor.kt:73)
	at io.kotest.engine.test.TestInvocationInterceptor.access$runBeforeTestAfter(TestInvocationInterceptor.kt:14)
	at io.kotest.engine.test.TestInvocationInterceptor$intercept$2$1.invokeSuspend(TestInvocationInterceptor.kt:36)
	at io.kotest.engine.test.TestInvocationInterceptor$intercept$2$1.invoke(TestInvocationInterceptor.kt)
	at io.kotest.engine.test.TestInvocationInterceptor$intercept$2$1.invoke(TestInvocationInterceptor.kt)
	at io.kotest.mpp.ReplayKt.replay(replay.kt:15)
	at io.kotest.engine.test.TestInvocationInterceptor$intercept$2.invokeSuspend(TestInvocationInterceptor.kt:32)
	at io.kotest.engine.test.TestInvocationInterceptor$intercept$2.invoke(TestInvocationInterceptor.kt)
	at io.kotest.engine.test.TestInvocationInterceptor$intercept$2.invoke(TestInvocationInterceptor.kt)
	at kotlinx.coroutines.intrinsics.UndispatchedKt.startUndispatchedOrReturn(Undispatched.kt:78)
	at kotlinx.coroutines.CoroutineScopeKt.coroutineScope(CoroutineScope.kt:264)
	at io.kotest.engine.test.TestInvocationInterceptor.intercept(TestInvocationInterceptor.kt:31)
	at io.kotest.engine.test.TestCaseExecutor$execute$3$1.invokeSuspend(TestCaseExecutor.kt:97)
	at io.kotest.engine.test.TestCaseExecutor$execute$3$1.invoke(TestCaseExecutor.kt)
	at io.kotest.engine.test.TestCaseExecutor$execute$3$1.invoke(TestCaseExecutor.kt)
	at io.kotest.engine.test.interceptors.TimeoutInterceptor.intercept(TimeoutInterceptor.kt:33)
	at io.kotest.engine.test.TestCaseExecutor$execute$3$1.invokeSuspend(TestCaseExecutor.kt:97)
	at io.kotest.engine.test.TestCaseExecutor$execute$3$1.invoke(TestCaseExecutor.kt)
	at io.kotest.engine.test.TestCaseExecutor$execute$3$1.invoke(TestCaseExecutor.kt)
	at io.kotest.engine.test.interceptors.BlockedThreadTimeoutInterceptor.intercept(BlockedThreadTimeoutInterceptor.kt:74)
	at io.kotest.engine.test.TestCaseExecutor$execute$3$1.invokeSuspend(TestCaseExecutor.kt:97)
	at io.kotest.engine.test.TestCaseExecutor$execute$3$1.invoke(TestCaseExecutor.kt)
	at io.kotest.engine.test.TestCaseExecutor$execute$3$1.invoke(TestCaseExecutor.kt)
	at io.kotest.engine.test.interceptors.CoroutineLoggingInterceptor.intercept(CoroutineLoggingInterceptor.kt:30)
	at io.kotest.engine.test.TestCaseExecutor$execute$3$1.invokeSuspend(TestCaseExecutor.kt:97)
	at io.kotest.engine.test.TestCaseExecutor$execute$3$1.invoke(TestCaseExecutor.kt)
	at io.kotest.engine.test.TestCaseExecutor$execute$3$1.invoke(TestCaseExecutor.kt)
	at io.kotest.engine.test.interceptors.SoftAssertInterceptor.intercept(SoftAssertInterceptor.kt:27)
	at io.kotest.engine.test.TestCaseExecutor$execute$3$1.invokeSuspend(TestCaseExecutor.kt:97)
	at io.kotest.engine.test.TestCaseExecutor$execute$3$1.invoke(TestCaseExecutor.kt)
	at io.kotest.engine.test.TestCaseExecutor$execute$3$1.invoke(TestCaseExecutor.kt)
	at io.kotest.engine.test.interceptors.AssertionModeInterceptor.intercept(AssertionModeInterceptor.kt:25)
	at io.kotest.engine.test.TestCaseExecutor$execute$3$1.invokeSuspend(TestCaseExecutor.kt:97)
	at io.kotest.engine.test.TestCaseExecutor$execute$3$1.invoke(TestCaseExecutor.kt)
	at io.kotest.engine.test.TestCaseExecutor$execute$3$1.invoke(TestCaseExecutor.kt)
	at io.kotest.engine.test.interceptors.LifecycleInterceptor.intercept(LifecycleInterceptor.kt:51)
	at io.kotest.engine.test.TestCaseExecutor$execute$3$1.invokeSuspend(TestCaseExecutor.kt:97)
	at io.kotest.engine.test.TestCaseExecutor$execute$3$1.invoke(TestCaseExecutor.kt)
	at io.kotest.engine.test.TestCaseExecutor$execute$3$1.invoke(TestCaseExecutor.kt)
	at io.kotest.engine.test.interceptors.EnabledCheckInterceptor.intercept(EnabledCheckInterceptor.kt:31)
	at io.kotest.engine.test.TestCaseExecutor$execute$3$1.invokeSuspend(TestCaseExecutor.kt:97)
	at io.kotest.engine.test.TestCaseExecutor$execute$3$1.invoke(TestCaseExecutor.kt)
	at io.kotest.engine.test.TestCaseExecutor$execute$3$1.invoke(TestCaseExecutor.kt)
	at io.kotest.engine.test.interceptors.TestCaseExtensionInterceptor$intercept$2.invokeSuspend(TestCaseExtensionInterceptor.kt:24)
	at io.kotest.engine.test.interceptors.TestCaseExtensionInterceptor$intercept$2.invoke(TestCaseExtensionInterceptor.kt)
	at io.kotest.engine.test.interceptors.TestCaseExtensionInterceptor$intercept$2.invoke(TestCaseExtensionInterceptor.kt)
	at io.kotest.engine.test.TestExtensions.intercept(TestExtensions.kt:154)
	at io.kotest.engine.test.interceptors.TestCaseExtensionInterceptor.intercept(TestCaseExtensionInterceptor.kt:24)
	at io.kotest.engine.test.TestCaseExecutor$execute$3$1.invokeSuspend(TestCaseExecutor.kt:97)
	at io.kotest.engine.test.TestCaseExecutor$execute$3$1.invoke(TestCaseExecutor.kt)
	at io.kotest.engine.test.TestCaseExecutor$execute$3$1.invoke(TestCaseExecutor.kt)
	at io.kotest.engine.test.interceptors.CoroutineErrorCollectorInterceptor$intercept$3.invokeSuspend(CoroutineErrorCollectorInterceptor.kt:28)
	at io.kotest.engine.test.interceptors.CoroutineErrorCollectorInterceptor$intercept$3.invoke(CoroutineErrorCollectorInterceptor.kt)
	at io.kotest.engine.test.interceptors.CoroutineErrorCollectorInterceptor$intercept$3.invoke(CoroutineErrorCollectorInterceptor.kt)
	at kotlinx.coroutines.intrinsics.UndispatchedKt.startUndispatchedOrReturn(Undispatched.kt:78)
	at kotlinx.coroutines.BuildersKt__Builders_commonKt.withContext(Builders.common.kt:167)
	at kotlinx.coroutines.BuildersKt.withContext(Unknown Source)
	at io.kotest.engine.test.interceptors.CoroutineErrorCollectorInterceptor.intercept(CoroutineErrorCollectorInterceptor.kt:27)
	at io.kotest.engine.test.TestCaseExecutor$execute$3$1.invokeSuspend(TestCaseExecutor.kt:97)
	at io.kotest.engine.test.TestCaseExecutor$execute$3$1.invoke(TestCaseExecutor.kt)
	at io.kotest.engine.test.TestCaseExecutor$execute$3$1.invoke(TestCaseExecutor.kt)
	at io.kotest.engine.test.interceptors.CoroutineDispatcherFactoryInterceptor$intercept$4.invokeSuspend(coroutineDispatcherFactoryInterceptor.kt:57)
	at io.kotest.engine.test.interceptors.CoroutineDispatcherFactoryInterceptor$intercept$4.invoke(coroutineDispatcherFactoryInterceptor.kt)
	at io.kotest.engine.test.interceptors.CoroutineDispatcherFactoryInterceptor$intercept$4.invoke(coroutineDispatcherFactoryInterceptor.kt)
	at io.kotest.engine.concurrency.FixedThreadCoroutineDispatcherFactory$withDispatcher$4.invokeSuspend(FixedThreadCoroutineDispatcherFactory.kt:54)
	at kotlin.coroutines.jvm.internal.BaseContinuationImpl.resumeWith(ContinuationImpl.kt:33)
	at kotlinx.coroutines.DispatchedTask.run(DispatchedTask.kt:108)
	at java.base/java.util.concurrent.ThreadPoolExecutor.runWorker(ThreadPoolExecutor.java:1136)
	at java.base/java.util.concurrent.ThreadPoolExecutor$Worker.run(ThreadPoolExecutor.java:635)
	at java.base/java.lang.Thread.run(Thread.java:833)
</failure>
  </testcase>
  <testcase name="testWaltAuthRequestParsing" classname="id.walt.services.oidc.OIDC4VCTest" time="0.006"/>
  <system-out><![CDATA[https://api.conformance.intebsi.xyz/conformance/v1/verifier-mock/authentication-responses
{"vp_token":{"presentation_definition":{"purpose":null,"format":null,"name":null,"submission_requirements":null,"input_descriptors":[{"schema":{"uri":"https:\/\/api-pilot.ebsi.eu\/trusted-schemas-registry\/v1\/schemas\/0x14b05b9213dbe7d343ec1fe1d3c8c739a3f3dc5a59bae55eb38fa0c295124f49#"},"purpose":null,"format":null,"name":null,"id":"1","constraints":null,"group":null}],"id":"1"}}}
http://localhost:4000/verifier-api/verify/b80f6828-ea05-4122-937d-b643bf4e2444
{"vp_token":{"presentation_definition":{"purpose":null,"format":null,"name":null,"submission_requirements":null,"input_descriptors":[{"schema":{"uri":"https:\/\/api-pilot.ebsi.eu\/trusted-schemas-registry\/v1\/schemas\/0x2488fd38783d65e4fd46e7889eb113743334dbc772b05df382b8eadce763101b"},"purpose":null,"format":null,"name":null,"id":"1","constraints":null,"group":null}],"id":"1"}}}
]]></system-out>
  <system-err><![CDATA[12692 [Test worker @coroutine#60] DEBUG id.walt.services.keystore.HKVKeyStoreService - Storing key "18ab803c89704d3a8cc85b96c4beaa1c".
12692 [Test worker @coroutine#60] DEBUG id.walt.services.keystore.HKVKeyStoreService - Loading key "18ab803c89704d3a8cc85b96c4beaa1c".
12692 [Test worker @coroutine#60] DEBUG id.walt.model.DidUrl - Trying to create DidUrl from URL: "did:key:z6MknU72MoP3FRped7JF53gnYvqFaj8Ni6YZdqXqPXjo53gq"...
12693 [Test worker @coroutine#60] DEBUG id.walt.services.keystore.HKVKeyStoreService - Loading key "18ab803c89704d3a8cc85b96c4beaa1c".
12693 [Test worker @coroutine#60] DEBUG id.walt.services.did.DidService - A key with the id "18ab803c89704d3a8cc85b96c4beaa1c" exists.
12693 [Test worker @coroutine#60] DEBUG id.walt.model.DidUrl - Trying to create DidUrl from URL: "did:key:z6MknU72MoP3FRped7JF53gnYvqFaj8Ni6YZdqXqPXjo53gq"...
12693 [Test worker @coroutine#60] DEBUG id.walt.model.DidUrl - Trying to create DidUrl from URL: "did:key:z6MknU72MoP3FRped7JF53gnYvqFaj8Ni6YZdqXqPXjo53gq"...
12694 [Test worker @coroutine#60] DEBUG id.walt.services.keystore.HKVKeyStoreService - Storing key "af3ec86545244234ae851f06f99a26fb".
12694 [Test worker @coroutine#60] DEBUG id.walt.services.keystore.HKVKeyStoreService - Loading key "af3ec86545244234ae851f06f99a26fb".
12694 [Test worker @coroutine#60] DEBUG id.walt.model.DidUrl - Trying to create DidUrl from URL: "did:key:z6MkszLpPBCodb6n6X1iWj2tmRobTJMpz6pbszMAszCdN3EW"...
12695 [Test worker @coroutine#60] DEBUG id.walt.services.keystore.HKVKeyStoreService - Loading key "af3ec86545244234ae851f06f99a26fb".
12695 [Test worker @coroutine#60] DEBUG id.walt.services.did.DidService - A key with the id "af3ec86545244234ae851f06f99a26fb" exists.
12695 [Test worker @coroutine#60] DEBUG id.walt.model.DidUrl - Trying to create DidUrl from URL: "did:key:z6MkszLpPBCodb6n6X1iWj2tmRobTJMpz6pbszMAszCdN3EW"...
12695 [Test worker @coroutine#60] DEBUG id.walt.model.DidUrl - Trying to create DidUrl from URL: "did:key:z6MkszLpPBCodb6n6X1iWj2tmRobTJMpz6pbszMAszCdN3EW"...
12697 [Test worker @coroutine#60] INFO io.javalin.Javalin - 
       __                      __ _            __ __
      / /____ _ _   __ ____ _ / /(_)____      / // /
 __  / // __ `/| | / // __ `// // // __ \    / // /_
/ /_/ // /_/ / | |/ // /_/ // // // / / /   /__  __/
\____/ \__,_/  |___/ \__,_//_//_//_/ /_/      /_/

          https://javalin.io/documentation

12697 [Test worker @coroutine#60] INFO io.javalin.Javalin - Starting Javalin ...
12697 [Test worker @coroutine#60] INFO io.javalin.Javalin - You are running Javalin 4.6.8 (released May 4, 2023. Your Javalin version is 496 days old. Consider checking for a newer version.).
12700 [Test worker @coroutine#60] INFO io.javalin.Javalin - Listening on http://localhost:9000/
12700 [Test worker @coroutine#60] INFO io.javalin.Javalin - Javalin started in 3ms \o/
12706 [Test worker @coroutine#60] ERROR id.walt.services.oidc.OIDC4CIService - Error loading issuer provider metadata
12714 [pool-1-thread-1 @coroutine#855] DEBUG id.walt.services.jwt.WaltIdJwtService - Verifying token:  eyJhbGciOiJFUzI1NiIsInR5cCI6IkpXVCIsImtpZCI6ImRpZDpqd2s6ZXlKNUlqb2lNako0Umw5NVRsUjZkVzVSVEU1dmExWXlNMTlwTFhGS2EwOU5NVlptVUdZNFRFeFhOM1JHZDBkcWF5SXNJbU55ZGlJNklsQXRNalUySWl3aWVDSTZJbVJKTmtoMGVrMDJXSEZZUkhCd1MzTkJiR0kzWDNkd1FuWlpjRTVZV0c5UldHcHFjRUpGVURWaE5tOGlMQ0poYkdjaU9pSkZVekkxTmlJc0ltdDBlU0k2SWtWREluMCJ9.eyJleHAiOjE2NjYwMjM0NjYsImp0aSI6IjVVT0xnR29keXZ1R2dZVTZcLzF2Tk9kd0pVUUpkM085VWlCTHg1Z2VSSlpBPSIsImlzcyI6ImRpZDpqd2s6ZXlKNUlqb2lNako0Umw5NVRsUjZkVzVSVEU1dmExWXlNMTlwTFhGS2EwOU5NVlptVUdZNFRFeFhOM1JHZDBkcWF5SXNJbU55ZGlJNklsQXRNalUySWl3aWVDSTZJbVJKTmtoMGVrMDJXSEZZUkhCd1MzTkJiR0kzWDNkd1FuWlpjRTVZV0c5UldHcHFjRUpGVURWaE5tOGlMQ0poYkdjaU9pSkZVekkxTmlJc0ltdDBlU0k2SWtWREluMCIsImF1ZCI6Imh0dHBzOlwvXC9pc3N1ZXIud2FsdC10ZXN0LmNsb3VkXC9pc3N1ZXItYXBpXC9vaWRjXC8iLCJpYXQiOjE2NjYwMjM0MDZ9.oZd5hfs1iLQMiaL3VUvxG93B5CjKsVmH45WPdXGeeSnqBm5QF7eHNlakZ4u8KGlrq0gqXLc5lXP-u0rMzbNZkw
12714 [pool-1-thread-1 @coroutine#855] DEBUG id.walt.model.DidUrl - Trying to create DidUrl from URL: "did:jwk:eyJ5IjoiMjJ4Rl95TlR6dW5RTE5va1YyM19pLXFKa09NMVZmUGY4TExXN3RGd0dqayIsImNydiI6IlAtMjU2IiwieCI6ImRJNkh0ek02WHFYRHBwS3NBbGI3X3dwQnZZcE5YWG9RWGpqcEJFUDVhNm8iLCJhbGciOiJFUzI1NiIsImt0eSI6IkVDIn0"...
12714 [pool-1-thread-1 @coroutine#855] DEBUG id.walt.model.DidUrl - Trying to create DidUrl from URL: "did:jwk:eyJ5IjoiMjJ4Rl95TlR6dW5RTE5va1YyM19pLXFKa09NMVZmUGY4TExXN3RGd0dqayIsImNydiI6IlAtMjU2IiwieCI6ImRJNkh0ek02WHFYRHBwS3NBbGI3X3dwQnZZcE5YWG9RWGpqcEJFUDVhNm8iLCJhbGciOiJFUzI1NiIsImt0eSI6IkVDIn0"...
12714 [pool-1-thread-1 @coroutine#855] DEBUG id.walt.services.did.DidService - Loading or resolving "did:jwk:eyJ5IjoiMjJ4Rl95TlR6dW5RTE5va1YyM19pLXFKa09NMVZmUGY4TExXN3RGd0dqayIsImNydiI6IlAtMjU2IiwieCI6ImRJNkh0ek02WHFYRHBwS3NBbGI3X3dwQnZZcE5YWG9RWGpqcEJFUDVhNm8iLCJhbGciOiJFUzI1NiIsImt0eSI6IkVDIn0"...
12714 [pool-1-thread-1 @coroutine#855] DEBUG id.walt.model.DidUrl - Trying to create DidUrl from URL: "did:jwk:eyJ5IjoiMjJ4Rl95TlR6dW5RTE5va1YyM19pLXFKa09NMVZmUGY4TExXN3RGd0dqayIsImNydiI6IlAtMjU2IiwieCI6ImRJNkh0ek02WHFYRHBwS3NBbGI3X3dwQnZZcE5YWG9RWGpqcEJFUDVhNm8iLCJhbGciOiJFUzI1NiIsImt0eSI6IkVDIn0"...
12714 [pool-1-thread-1 @coroutine#855] DEBUG id.walt.services.did.DidService - loadOrResolve: url=DidUrl(method=jwk, identifier=eyJ5IjoiMjJ4Rl95TlR6dW5RTE5va1YyM19pLXFKa09NMVZmUGY4TExXN3RGd0dqayIsImNydiI6IlAtMjU2IiwieCI6ImRJNkh0ek02WHFYRHBwS3NBbGI3X3dwQnZZcE5YWG9RWGpqcEJFUDVhNm8iLCJhbGciOiJFUzI1NiIsImt0eSI6IkVDIn0, fragment=eyJ5IjoiMjJ4Rl95TlR6dW5RTE5va1YyM19pLXFKa09NMVZmUGY4TExXN3RGd0dqayIsImNydiI6IlAtMjU2IiwieCI6ImRJNkh0ek02WHFYRHBwS3NBbGI3X3dwQnZZcE5YWG9RWGpqcEJFUDVhNm8iLCJhbGciOiJFUzI1NiIsImt0eSI6IkVDIn0, query=null), length of stored=null
12714 [pool-1-thread-1 @coroutine#855] DEBUG id.walt.model.DidUrl - Trying to create DidUrl from URL: "did:jwk:eyJ5IjoiMjJ4Rl95TlR6dW5RTE5va1YyM19pLXFKa09NMVZmUGY4TExXN3RGd0dqayIsImNydiI6IlAtMjU2IiwieCI6ImRJNkh0ek02WHFYRHBwS3NBbGI3X3dwQnZZcE5YWG9RWGpqcEJFUDVhNm8iLCJhbGciOiJFUzI1NiIsImt0eSI6IkVDIn0"...
12715 [pool-1-thread-1 @coroutine#855] DEBUG id.walt.model.DidUrl - Trying to create DidUrl from URL: "did:jwk:eyJ5IjoiMjJ4Rl95TlR6dW5RTE5va1YyM19pLXFKa09NMVZmUGY4TExXN3RGd0dqayIsImNydiI6IlAtMjU2IiwieCI6ImRJNkh0ek02WHFYRHBwS3NBbGI3X3dwQnZZcE5YWG9RWGpqcEJFUDVhNm8iLCJhbGciOiJFUzI1NiIsImt0eSI6IkVDIn0"...
12715 [pool-1-thread-1 @coroutine#855] DEBUG id.walt.model.DidUrl - Trying to create DidUrl from URL: "did:jwk:eyJ5IjoiMjJ4Rl95TlR6dW5RTE5va1YyM19pLXFKa09NMVZmUGY4TExXN3RGd0dqayIsImNydiI6IlAtMjU2IiwieCI6ImRJNkh0ek02WHFYRHBwS3NBbGI3X3dwQnZZcE5YWG9RWGpqcEJFUDVhNm8iLCJhbGciOiJFUzI1NiIsImt0eSI6IkVDIn0"...
12715 [pool-1-thread-1 @coroutine#855] DEBUG id.walt.services.keystore.HKVKeyStoreService - Loading key "did:jwk:eyJ5IjoiMjJ4Rl95TlR6dW5RTE5va1YyM19pLXFKa09NMVZmUGY4TExXN3RGd0dqayIsImNydiI6IlAtMjU2IiwieCI6ImRJNkh0ek02WHFYRHBwS3NBbGI3X3dwQnZZcE5YWG9RWGpqcEJFUDVhNm8iLCJhbGciOiJFUzI1NiIsImt0eSI6IkVDIn0".
12740 [pool-1-thread-1 @coroutine#857] ERROR id.walt.services.oidc.OIDC4CIService - Error loading issuer provider metadata
12743 [pool-1-thread-1 @coroutine#857] INFO id.walt.services.oidc.OIDC4CIService - Sending PAR request to http://localhost:9000/par
 op_state=opstate&authorization_details=%5B%7B%22credential_type%22+%3A+%22VerifiableId%22%2C+%22format%22+%3A+%22ldp_vc%22%2C+%22locations%22+%3A+null%2C+%22type%22+%3A+%22openid_credential%22%7D%5D&scope=openid&response_type=code&redirect_uri=http%3A%2F%2Fblank&state=zVPZe190NJSISJLm97HDJrzSEcu7ugyetCz7hDQIOZQ&nonce=Lskia5E4HrcTAsnyP4zvk2J4356NiMWFs2aN_-rJkX8&client_id=http%3A%2F%2Fblank
12756 [pool-1-thread-1 @coroutine#858] DEBUG id.walt.model.DidUrl - Trying to create DidUrl from URL: "did:key:z6MkszLpPBCodb6n6X1iWj2tmRobTJMpz6pbszMAszCdN3EW"...
12756 [pool-1-thread-1 @coroutine#858] DEBUG id.walt.model.DidUrl - Trying to create DidUrl from URL: "did:key:z6MkszLpPBCodb6n6X1iWj2tmRobTJMpz6pbszMAszCdN3EW"...
12756 [pool-1-thread-1 @coroutine#858] DEBUG id.walt.signatory.WaltIdSignatory - Signing credential with proof using JWT...
12756 [pool-1-thread-1 @coroutine#858] DEBUG id.walt.signatory.WaltIdSignatory - Signing credential with proof using JWT, credential is: {"type":["VerifiableCredential","VerifiableAttestation","VerifiableId"],"@context":["https://www.w3.org/2018/credentials/v1"],"id":"urn:uuid:6b849cc9-cc77-4247-9b0b-5d9e4095b291","issuer":"did:key:z6MkszLpPBCodb6n6X1iWj2tmRobTJMpz6pbszMAszCdN3EW","issuanceDate":"2024-09-12T09:39:47Z","issued":"2024-09-12T09:39:47Z","validFrom":"2024-09-12T09:39:47Z","credentialSchema":{"id":"https://raw.githubusercontent.com/walt-id/waltid-ssikit-vclib/master/src/test/resources/schemas/VerifiableId.json","type":"FullJsonSchemaValidator2021"},"credentialSubject":{"id":"did:key:z6MknU72MoP3FRped7JF53gnYvqFaj8Ni6YZdqXqPXjo53gq","currentAddress":["1 Boulevard de la Liberté, 59800 Lille"],"dateOfBirth":"1993-04-08","familyName":"DOE","firstName":"Jane","gender":"FEMALE","nameAndFamilyNameAtBirth":"Jane DOE","personalIdentifier":"0904008084H","placeOfBirth":"LILLE, FRANCE"},"evidence":[{"documentPresence":["Physical"],"evidenceDocument":["Passport"],"subjectPresence":"Physical","type":["DocumentVerification"],"verifier":"did:ebsi:2A9BZ9SUe6BatacSpvs1V5CdjHvLpQ7bEsi2Jb6LdHKnQxaN"}]}
12756 [pool-1-thread-1 @coroutine#858] DEBUG id.walt.services.vc.WaltIdJwtCredentialService - Signing JWT object with config: ProofConfig(issuerDid=did:key:z6MkszLpPBCodb6n6X1iWj2tmRobTJMpz6pbszMAszCdN3EW, subjectDid=did:key:z6MknU72MoP3FRped7JF53gnYvqFaj8Ni6YZdqXqPXjo53gq, verifierDid=null, issuerVerificationMethod=did:key:z6MkszLpPBCodb6n6X1iWj2tmRobTJMpz6pbszMAszCdN3EW#z6MkszLpPBCodb6n6X1iWj2tmRobTJMpz6pbszMAszCdN3EW, proofType=JWT, domain=null, nonce=null, proofPurpose=null, credentialId=urn:uuid:6b849cc9-cc77-4247-9b0b-5d9e4095b291, issueDate=2024-09-12T09:39:47.976261517Z, validDate=2024-09-12T09:39:47.976263560Z, expirationDate=null, dataProviderIdentifier=null, ldSignatureType=null, creator=did:key:z6MkszLpPBCodb6n6X1iWj2tmRobTJMpz6pbszMAszCdN3EW, ecosystem=DEFAULT, statusType=null, statusPurpose=revocation, credentialsEndpoint=null, selectiveDisclosure=null)
12756 [pool-1-thread-1 @coroutine#858] DEBUG id.walt.services.vc.WaltIdJwtCredentialService - Signing: {"sub":"did:key:z6MknU72MoP3FRped7JF53gnYvqFaj8Ni6YZdqXqPXjo53gq","nbf":1726133987,"iss":"did:key:z6MkszLpPBCodb6n6X1iWj2tmRobTJMpz6pbszMAszCdN3EW","iat":1726133987,"vc":{"type":["VerifiableCredential","VerifiableAttestation","VerifiableId"],"@context":["https://www.w3.org/2018/credentials/v1"],"id":"urn:uuid:6b849cc9-cc77-4247-9b0b-5d9e4095b291","issuer":"did:key:z6MkszLpPBCodb6n6X1iWj2tmRobTJMpz6pbszMAszCdN3EW","issuanceDate":"2024-09-12T09:39:47Z","issued":"2024-09-12T09:39:47Z","validFrom":"2024-09-12T09:39:47Z","credentialSchema":{"id":"https://raw.githubusercontent.com/walt-id/waltid-ssikit-vclib/master/src/test/resources/schemas/VerifiableId.json","type":"FullJsonSchemaValidator2021"},"credentialSubject":{"id":"did:key:z6MknU72MoP3FRped7JF53gnYvqFaj8Ni6YZdqXqPXjo53gq","currentAddress":["1 Boulevard de la Liberté, 59800 Lille"],"dateOfBirth":"1993-04-08","familyName":"DOE","firstName":"Jane","gender":"FEMALE","nameAndFamilyNameAtBirth":"Jane DOE","personalIdentifier":"0904008084H","placeOfBirth":"LILLE, FRANCE"},"evidence":[{"documentPresence":["Physical"],"evidenceDocument":["Passport"],"subjectPresence":"Physical","type":["DocumentVerification"],"verifier":"did:ebsi:2A9BZ9SUe6BatacSpvs1V5CdjHvLpQ7bEsi2Jb6LdHKnQxaN"}]},"jti":"urn:uuid:6b849cc9-cc77-4247-9b0b-5d9e4095b291"}
12756 [pool-1-thread-1 @coroutine#858] DEBUG id.walt.services.keystore.HKVKeyStoreService - Loading key "did:key:z6MkszLpPBCodb6n6X1iWj2tmRobTJMpz6pbszMAszCdN3EW#z6MkszLpPBCodb6n6X1iWj2tmRobTJMpz6pbszMAszCdN3EW".
12757 [pool-1-thread-1 @coroutine#858] DEBUG id.walt.services.jwt.WaltIdJwtService - Signing JWT with algorithm: EdDSA_Ed25519
12757 [pool-1-thread-1 @coroutine#858] DEBUG id.walt.model.DidUrl - Trying to create DidUrl from URL: "did:key:z6MkszLpPBCodb6n6X1iWj2tmRobTJMpz6pbszMAszCdN3EW#z6MkszLpPBCodb6n6X1iWj2tmRobTJMpz6pbszMAszCdN3EW"...
12757 [pool-1-thread-1 @coroutine#858] DEBUG id.walt.services.keystore.HKVKeyStoreService - Loading key "af3ec86545244234ae851f06f99a26fb".
12757 [pool-1-thread-1 @coroutine#858] DEBUG id.walt.services.jwt.WaltIdJwtService - Signed JWT:  eyJraWQiOiJkaWQ6a2V5Ono2TWtzekxwUEJDb2RiNm42WDFpV2oydG1Sb2JUSk1wejZwYnN6TUFzekNkTjNFVyN6Nk1rc3pMcFBCQ29kYjZuNlgxaVdqMnRtUm9iVEpNcHo2cGJzek1Bc3pDZE4zRVciLCJ0eXAiOiJKV1QiLCJhbGciOiJFZERTQSJ9.eyJzdWIiOiJkaWQ6a2V5Ono2TWtuVTcyTW9QM0ZScGVkN0pGNTNnbll2cUZhajhOaTZZWmRxWHFQWGpvNTNncSIsIm5iZiI6MTcyNjEzMzk4NywiaXNzIjoiZGlkOmtleTp6Nk1rc3pMcFBCQ29kYjZuNlgxaVdqMnRtUm9iVEpNcHo2cGJzek1Bc3pDZE4zRVciLCJpYXQiOjE3MjYxMzM5ODcsInZjIjp7InR5cGUiOlsiVmVyaWZpYWJsZUNyZWRlbnRpYWwiLCJWZXJpZmlhYmxlQXR0ZXN0YXRpb24iLCJWZXJpZmlhYmxlSWQiXSwiQGNvbnRleHQiOlsiaHR0cHM6Ly93d3cudzMub3JnLzIwMTgvY3JlZGVudGlhbHMvdjEiXSwiaWQiOiJ1cm46dXVpZDo2Yjg0OWNjOS1jYzc3LTQyNDctOWIwYi01ZDllNDA5NWIyOTEiLCJpc3N1ZXIiOiJkaWQ6a2V5Ono2TWtzekxwUEJDb2RiNm42WDFpV2oydG1Sb2JUSk1wejZwYnN6TUFzekNkTjNFVyIsImlzc3VhbmNlRGF0ZSI6IjIwMjQtMDktMTJUMDk6Mzk6NDdaIiwiaXNzdWVkIjoiMjAyNC0wOS0xMlQwOTozOTo0N1oiLCJ2YWxpZEZyb20iOiIyMDI0LTA5LTEyVDA5OjM5OjQ3WiIsImNyZWRlbnRpYWxTY2hlbWEiOnsiaWQiOiJodHRwczovL3Jhdy5naXRodWJ1c2VyY29udGVudC5jb20vd2FsdC1pZC93YWx0aWQtc3Npa2l0LXZjbGliL21hc3Rlci9zcmMvdGVzdC9yZXNvdXJjZXMvc2NoZW1hcy9WZXJpZmlhYmxlSWQuanNvbiIsInR5cGUiOiJGdWxsSnNvblNjaGVtYVZhbGlkYXRvcjIwMjEifSwiY3JlZGVudGlhbFN1YmplY3QiOnsiaWQiOiJkaWQ6a2V5Ono2TWtuVTcyTW9QM0ZScGVkN0pGNTNnbll2cUZhajhOaTZZWmRxWHFQWGpvNTNncSIsImN1cnJlbnRBZGRyZXNzIjpbIjEgQm91bGV2YXJkIGRlIGxhIExpYmVydMOpLCA1OTgwMCBMaWxsZSJdLCJkYXRlT2ZCaXJ0aCI6IjE5OTMtMDQtMDgiLCJmYW1pbHlOYW1lIjoiRE9FIiwiZmlyc3ROYW1lIjoiSmFuZSIsImdlbmRlciI6IkZFTUFMRSIsIm5hbWVBbmRGYW1pbHlOYW1lQXRCaXJ0aCI6IkphbmUgRE9FIiwicGVyc29uYWxJZGVudGlmaWVyIjoiMDkwNDAwODA4NEgiLCJwbGFjZU9mQmlydGgiOiJMSUxMRSwgRlJBTkNFIn0sImV2aWRlbmNlIjpbeyJkb2N1bWVudFByZXNlbmNlIjpbIlBoeXNpY2FsIl0sImV2aWRlbmNlRG9jdW1lbnQiOlsiUGFzc3BvcnQiXSwic3ViamVjdFByZXNlbmNlIjoiUGh5c2ljYWwiLCJ0eXBlIjpbIkRvY3VtZW50VmVyaWZpY2F0aW9uIl0sInZlcmlmaWVyIjoiZGlkOmVic2k6MkE5Qlo5U1VlNkJhdGFjU3B2czFWNUNkakh2THBRN2JFc2kySmI2TGRIS25ReGFOIn1dfSwianRpIjoidXJuOnV1aWQ6NmI4NDljYzktY2M3Ny00MjQ3LTliMGItNWQ5ZTQwOTViMjkxIn0.wF9fZCvZBe_GQmkD3zHQkZK_k5UDd_uC52ZIMgFHnN3jNVCNhlFI4vp6LD77brZYa8b8PELBBJxnbva2KUVkAg
12757 [pool-1-thread-1 @coroutine#858] DEBUG id.walt.signatory.WaltIdSignatory - Signed VC is: eyJraWQiOiJkaWQ6a2V5Ono2TWtzekxwUEJDb2RiNm42WDFpV2oydG1Sb2JUSk1wejZwYnN6TUFzekNkTjNFVyN6Nk1rc3pMcFBCQ29kYjZuNlgxaVdqMnRtUm9iVEpNcHo2cGJzek1Bc3pDZE4zRVciLCJ0eXAiOiJKV1QiLCJhbGciOiJFZERTQSJ9.eyJzdWIiOiJkaWQ6a2V5Ono2TWtuVTcyTW9QM0ZScGVkN0pGNTNnbll2cUZhajhOaTZZWmRxWHFQWGpvNTNncSIsIm5iZiI6MTcyNjEzMzk4NywiaXNzIjoiZGlkOmtleTp6Nk1rc3pMcFBCQ29kYjZuNlgxaVdqMnRtUm9iVEpNcHo2cGJzek1Bc3pDZE4zRVciLCJpYXQiOjE3MjYxMzM5ODcsInZjIjp7InR5cGUiOlsiVmVyaWZpYWJsZUNyZWRlbnRpYWwiLCJWZXJpZmlhYmxlQXR0ZXN0YXRpb24iLCJWZXJpZmlhYmxlSWQiXSwiQGNvbnRleHQiOlsiaHR0cHM6Ly93d3cudzMub3JnLzIwMTgvY3JlZGVudGlhbHMvdjEiXSwiaWQiOiJ1cm46dXVpZDo2Yjg0OWNjOS1jYzc3LTQyNDctOWIwYi01ZDllNDA5NWIyOTEiLCJpc3N1ZXIiOiJkaWQ6a2V5Ono2TWtzekxwUEJDb2RiNm42WDFpV2oydG1Sb2JUSk1wejZwYnN6TUFzekNkTjNFVyIsImlzc3VhbmNlRGF0ZSI6IjIwMjQtMDktMTJUMDk6Mzk6NDdaIiwiaXNzdWVkIjoiMjAyNC0wOS0xMlQwOTozOTo0N1oiLCJ2YWxpZEZyb20iOiIyMDI0LTA5LTEyVDA5OjM5OjQ3WiIsImNyZWRlbnRpYWxTY2hlbWEiOnsiaWQiOiJodHRwczovL3Jhdy5naXRodWJ1c2VyY29udGVudC5jb20vd2FsdC1pZC93YWx0aWQtc3Npa2l0LXZjbGliL21hc3Rlci9zcmMvdGVzdC9yZXNvdXJjZXMvc2NoZW1hcy9WZXJpZmlhYmxlSWQuanNvbiIsInR5cGUiOiJGdWxsSnNvblNjaGVtYVZhbGlkYXRvcjIwMjEifSwiY3JlZGVudGlhbFN1YmplY3QiOnsiaWQiOiJkaWQ6a2V5Ono2TWtuVTcyTW9QM0ZScGVkN0pGNTNnbll2cUZhajhOaTZZWmRxWHFQWGpvNTNncSIsImN1cnJlbnRBZGRyZXNzIjpbIjEgQm91bGV2YXJkIGRlIGxhIExpYmVydMOpLCA1OTgwMCBMaWxsZSJdLCJkYXRlT2ZCaXJ0aCI6IjE5OTMtMDQtMDgiLCJmYW1pbHlOYW1lIjoiRE9FIiwiZmlyc3ROYW1lIjoiSmFuZSIsImdlbmRlciI6IkZFTUFMRSIsIm5hbWVBbmRGYW1pbHlOYW1lQXRCaXJ0aCI6IkphbmUgRE9FIiwicGVyc29uYWxJZGVudGlmaWVyIjoiMDkwNDAwODA4NEgiLCJwbGFjZU9mQmlydGgiOiJMSUxMRSwgRlJBTkNFIn0sImV2aWRlbmNlIjpbeyJkb2N1bWVudFByZXNlbmNlIjpbIlBoeXNpY2FsIl0sImV2aWRlbmNlRG9jdW1lbnQiOlsiUGFzc3BvcnQiXSwic3ViamVjdFByZXNlbmNlIjoiUGh5c2ljYWwiLCJ0eXBlIjpbIkRvY3VtZW50VmVyaWZpY2F0aW9uIl0sInZlcmlmaWVyIjoiZGlkOmVic2k6MkE5Qlo5U1VlNkJhdGFjU3B2czFWNUNkakh2THBRN2JFc2kySmI2TGRIS25ReGFOIn1dfSwianRpIjoidXJuOnV1aWQ6NmI4NDljYzktY2M3Ny00MjQ3LTliMGItNWQ5ZTQwOTViMjkxIn0.wF9fZCvZBe_GQmkD3zHQkZK_k5UDd_uC52ZIMgFHnN3jNVCNhlFI4vp6LD77brZYa8b8PELBBJxnbva2KUVkAg
12763 [pool-1-thread-1 @coroutine#859] DEBUG id.walt.model.DidUrl - Trying to create DidUrl from URL: "did:key:z6MknU72MoP3FRped7JF53gnYvqFaj8Ni6YZdqXqPXjo53gq"...
12763 [pool-1-thread-1 @coroutine#859] DEBUG id.walt.services.keystore.HKVKeyStoreService - Loading key "did:key:z6MknU72MoP3FRped7JF53gnYvqFaj8Ni6YZdqXqPXjo53gq#z6MknU72MoP3FRped7JF53gnYvqFaj8Ni6YZdqXqPXjo53gq".
12763 [pool-1-thread-1 @coroutine#859] DEBUG id.walt.services.jwt.WaltIdJwtService - Signing JWT with algorithm: EdDSA_Ed25519
12763 [pool-1-thread-1 @coroutine#859] DEBUG id.walt.model.DidUrl - Trying to create DidUrl from URL: "did:key:z6MknU72MoP3FRped7JF53gnYvqFaj8Ni6YZdqXqPXjo53gq#z6MknU72MoP3FRped7JF53gnYvqFaj8Ni6YZdqXqPXjo53gq"...
12763 [pool-1-thread-1 @coroutine#859] DEBUG id.walt.services.keystore.HKVKeyStoreService - Loading key "18ab803c89704d3a8cc85b96c4beaa1c".
12764 [pool-1-thread-1 @coroutine#859] DEBUG id.walt.services.jwt.WaltIdJwtService - Signed JWT:  eyJraWQiOiJkaWQ6a2V5Ono2TWtuVTcyTW9QM0ZScGVkN0pGNTNnbll2cUZhajhOaTZZWmRxWHFQWGpvNTNncSN6Nk1rblU3Mk1vUDNGUnBlZDdKRjUzZ25ZdnFGYWo4Tmk2WVpkcVhxUFhqbzUzZ3EiLCJ0eXAiOiJKV1QiLCJhbGciOiJFZERTQSJ9.eyJpc3MiOiJkaWQ6a2V5Ono2TWtuVTcyTW9QM0ZScGVkN0pGNTNnbll2cUZhajhOaTZZWmRxWHFQWGpvNTNncSIsImF1ZCI6Imh0dHA6Ly9sb2NhbGhvc3Q6OTAwMCIsImlhdCI6MTcyNjEzMzk4Nywibm9uY2UiOiJ0ZXN0bm9uY2UifQ.DSZPuf3HY8me9hxLZ6HQKhvFGxk4bajLo97l6IcI_lhDA0hWtez_SiBjhLRtO37JzGXWcxOzoznqw8f3u8ROBQ
12765 [pool-1-thread-1 @coroutine#859] INFO id.walt.services.oidc.OIDC4CIService - Sending credential request to http://localhost:9000/credential
 {"format" : "ldp_vc", "proof" : {"jwt" : "eyJraWQiOiJkaWQ6a2V5Ono2TWtuVTcyTW9QM0ZScGVkN0pGNTNnbll2cUZhajhOaTZZWmRxWHFQWGpvNTNncSN6Nk1rblU3Mk1vUDNGUnBlZDdKRjUzZ25ZdnFGYWo4Tmk2WVpkcVhxUFhqbzUzZ3EiLCJ0eXAiOiJKV1QiLCJhbGciOiJFZERTQSJ9.eyJpc3MiOiJkaWQ6a2V5Ono2TWtuVTcyTW9QM0ZScGVkN0pGNTNnbll2cUZhajhOaTZZWmRxWHFQWGpvNTNncSIsImF1ZCI6Imh0dHA6Ly9sb2NhbGhvc3Q6OTAwMCIsImlhdCI6MTcyNjEzMzk4Nywibm9uY2UiOiJ0ZXN0bm9uY2UifQ.DSZPuf3HY8me9hxLZ6HQKhvFGxk4bajLo97l6IcI_lhDA0hWtez_SiBjhLRtO37JzGXWcxOzoznqw8f3u8ROBQ", "proof_type" : "jwt"}, "type" : "VerifiableId"}
12768 [JettyServerThreadPool-276] DEBUG id.walt.model.DidUrl - Trying to create DidUrl from URL: "did:key:z6MknU72MoP3FRped7JF53gnYvqFaj8Ni6YZdqXqPXjo53gq#z6MknU72MoP3FRped7JF53gnYvqFaj8Ni6YZdqXqPXjo53gq"...
12768 [JettyServerThreadPool-276] DEBUG id.walt.model.DidUrl - Trying to create DidUrl from URL: "did:key:z6MkszLpPBCodb6n6X1iWj2tmRobTJMpz6pbszMAszCdN3EW"...
12768 [JettyServerThreadPool-276] DEBUG id.walt.model.DidUrl - Trying to create DidUrl from URL: "did:key:z6MkszLpPBCodb6n6X1iWj2tmRobTJMpz6pbszMAszCdN3EW"...
12768 [JettyServerThreadPool-276] DEBUG id.walt.signatory.WaltIdSignatory - Signing credential with proof using LD_PROOF...
12768 [JettyServerThreadPool-276] DEBUG id.walt.signatory.WaltIdSignatory - Signing credential with proof using LD_PROOF, credential is: {"type":["VerifiableCredential","VerifiableAttestation","VerifiableId"],"@context":["https://www.w3.org/2018/credentials/v1"],"id":"urn:uuid:fcb4ffb8-5b69-4e98-97ed-ac8d889fad8c","issuer":"did:key:z6MkszLpPBCodb6n6X1iWj2tmRobTJMpz6pbszMAszCdN3EW","issuanceDate":"2024-09-12T09:39:47Z","issued":"2024-09-12T09:39:47Z","validFrom":"2024-09-12T09:39:47Z","credentialSchema":{"id":"https://raw.githubusercontent.com/walt-id/waltid-ssikit-vclib/master/src/test/resources/schemas/VerifiableId.json","type":"FullJsonSchemaValidator2021"},"credentialSubject":{"id":"did:key:z6MknU72MoP3FRped7JF53gnYvqFaj8Ni6YZdqXqPXjo53gq","currentAddress":["1 Boulevard de la Liberté, 59800 Lille"],"dateOfBirth":"1993-04-08","familyName":"DOE","firstName":"Jane","gender":"FEMALE","nameAndFamilyNameAtBirth":"Jane DOE","personalIdentifier":"0904008084H","placeOfBirth":"LILLE, FRANCE"},"evidence":[{"documentPresence":["Physical"],"evidenceDocument":["Passport"],"subjectPresence":"Physical","type":["DocumentVerification"],"verifier":"did:ebsi:2A9BZ9SUe6BatacSpvs1V5CdjHvLpQ7bEsi2Jb6LdHKnQxaN"}]}
12768 [JettyServerThreadPool-276] DEBUG id.walt.services.vc.WaltIdJsonLdCredentialService - Signing jsonLd object with: issuerDid (did:key:z6MkszLpPBCodb6n6X1iWj2tmRobTJMpz6pbszMAszCdN3EW), domain (null), nonce (null
12768 [JettyServerThreadPool-276] DEBUG id.walt.services.keystore.HKVKeyStoreService - Loading key "did:key:z6MkszLpPBCodb6n6X1iWj2tmRobTJMpz6pbszMAszCdN3EW#z6MkszLpPBCodb6n6X1iWj2tmRobTJMpz6pbszMAszCdN3EW".
12769 [JettyServerThreadPool-276] DEBUG id.walt.services.vc.WaltIdJsonLdCredentialService - Signing: {"type":["VerifiableCredential","VerifiableAttestation","VerifiableId"],"@context":["https://www.w3.org/2018/credentials/v1"],"id":"urn:uuid:fcb4ffb8-5b69-4e98-97ed-ac8d889fad8c","issuer":"did:key:z6MkszLpPBCodb6n6X1iWj2tmRobTJMpz6pbszMAszCdN3EW","issuanceDate":"2024-09-12T09:39:47Z","issued":"2024-09-12T09:39:47Z","validFrom":"2024-09-12T09:39:47Z","credentialSchema":{"id":"https://raw.githubusercontent.com/walt-id/waltid-ssikit-vclib/master/src/test/resources/schemas/VerifiableId.json","type":"FullJsonSchemaValidator2021"},"credentialSubject":{"id":"did:key:z6MknU72MoP3FRped7JF53gnYvqFaj8Ni6YZdqXqPXjo53gq","currentAddress":["1 Boulevard de la Liberté, 59800 Lille"],"dateOfBirth":"1993-04-08","familyName":"DOE","firstName":"Jane","gender":"FEMALE","nameAndFamilyNameAtBirth":"Jane DOE","personalIdentifier":"0904008084H","placeOfBirth":"LILLE, FRANCE"},"evidence":[{"documentPresence":["Physical"],"evidenceDocument":["Passport"],"subjectPresence":"Physical","type":["DocumentVerification"],"verifier":"did:ebsi:2A9BZ9SUe6BatacSpvs1V5CdjHvLpQ7bEsi2Jb6LdHKnQxaN"}]}
12771 [JettyServerThreadPool-276] DEBUG id.walt.services.keystore.HKVKeyStoreService - Loading key "af3ec86545244234ae851f06f99a26fb".
12771 [JettyServerThreadPool-276] DEBUG id.walt.services.keystore.HKVKeyStoreService - Loading key "af3ec86545244234ae851f06f99a26fb".
12771 [JettyServerThreadPool-276] DEBUG id.walt.services.keystore.HKVKeyStoreService - Loading key "af3ec86545244234ae851f06f99a26fb".
12772 [JettyServerThreadPool-276] DEBUG id.walt.signatory.WaltIdSignatory - Signed VC is: {
  "type" : [ "VerifiableCredential", "VerifiableAttestation", "VerifiableId" ],
  "@context" : [ "https://www.w3.org/2018/credentials/v1", "https://w3id.org/security/suites/jws-2020/v1" ],
  "id" : "urn:uuid:fcb4ffb8-5b69-4e98-97ed-ac8d889fad8c",
  "issuer" : "did:key:z6MkszLpPBCodb6n6X1iWj2tmRobTJMpz6pbszMAszCdN3EW",
  "issuanceDate" : "2024-09-12T09:39:47Z",
  "issued" : "2024-09-12T09:39:47Z",
  "validFrom" : "2024-09-12T09:39:47Z",
  "credentialSchema" : {
    "id" : "https://raw.githubusercontent.com/walt-id/waltid-ssikit-vclib/master/src/test/resources/schemas/VerifiableId.json",
    "type" : "FullJsonSchemaValidator2021"
  },
  "credentialSubject" : {
    "id" : "did:key:z6MknU72MoP3FRped7JF53gnYvqFaj8Ni6YZdqXqPXjo53gq",
    "currentAddress" : [ "1 Boulevard de la Liberté, 59800 Lille" ],
    "dateOfBirth" : "1993-04-08",
    "familyName" : "DOE",
    "firstName" : "Jane",
    "gender" : "FEMALE",
    "nameAndFamilyNameAtBirth" : "Jane DOE",
    "personalIdentifier" : "0904008084H",
    "placeOfBirth" : "LILLE, FRANCE"
  },
  "evidence" : [ {
    "documentPresence" : [ "Physical" ],
    "evidenceDocument" : [ "Passport" ],
    "subjectPresence" : "Physical",
    "type" : [ "DocumentVerification" ],
    "verifier" : "did:ebsi:2A9BZ9SUe6BatacSpvs1V5CdjHvLpQ7bEsi2Jb6LdHKnQxaN"
  } ],
  "proof" : {
    "type" : "JsonWebSignature2020",
    "creator" : "did:key:z6MkszLpPBCodb6n6X1iWj2tmRobTJMpz6pbszMAszCdN3EW",
    "created" : "2024-09-12T09:39:47Z",
    "verificationMethod" : "did:key:z6MkszLpPBCodb6n6X1iWj2tmRobTJMpz6pbszMAszCdN3EW#z6MkszLpPBCodb6n6X1iWj2tmRobTJMpz6pbszMAszCdN3EW",
    "jws" : "eyJiNjQiOmZhbHNlLCJjcml0IjpbImI2NCJdLCJhbGciOiJFZERTQSJ9..wwsM3jsDnNMfYfJof1tXdHYWg0p9mHPTp9JHGJXC1zv1VaHIi3-Au91wAOD2KTfjbQqu9dAJAIgf5gIrCiHOBg"
  }
}
12776 [pool-1-thread-1 @coroutine#859] INFO id.walt.services.oidc.OIDC4CIService - Credential received: {"acceptance_token" : null, "c_nonce" : null, "c_nonce_expires_in" : null, "credential" : {"type":["VerifiableCredential","VerifiableAttestation","VerifiableId"],"@context":["https://www.w3.org/2018/credentials/v1","https://w3id.org/security/suites/jws-2020/v1"],"id":"urn:uuid:fcb4ffb8-5b69-4e98-97ed-ac8d889fad8c","issuer":"did:key:z6MkszLpPBCodb6n6X1iWj2tmRobTJMpz6pbszMAszCdN3EW","issuanceDate":"2024-09-12T09:39:47Z","issued":"2024-09-12T09:39:47Z","validFrom":"2024-09-12T09:39:47Z","proof":{"type":"JsonWebSignature2020","creator":"did:key:z6MkszLpPBCodb6n6X1iWj2tmRobTJMpz6pbszMAszCdN3EW","created":"2024-09-12T09:39:47Z","verificationMethod":"did:key:z6MkszLpPBCodb6n6X1iWj2tmRobTJMpz6pbszMAszCdN3EW#z6MkszLpPBCodb6n6X1iWj2tmRobTJMpz6pbszMAszCdN3EW","jws":"eyJiNjQiOmZhbHNlLCJjcml0IjpbImI2NCJdLCJhbGciOiJFZERTQSJ9..wwsM3jsDnNMfYfJof1tXdHYWg0p9mHPTp9JHGJXC1zv1VaHIi3-Au91wAOD2KTfjbQqu9dAJAIgf5gIrCiHOBg"},"credentialSchema":{"id":"https://raw.githubusercontent.com/walt-id/waltid-ssikit-vclib/master/src/test/resources/schemas/VerifiableId.json","type":"FullJsonSchemaValidator2021"},"credentialSubject":{"id":"did:key:z6MknU72MoP3FRped7JF53gnYvqFaj8Ni6YZdqXqPXjo53gq","currentAddress":["1 Boulevard de la Liberté, 59800 Lille"],"dateOfBirth":"1993-04-08","familyName":"DOE","firstName":"Jane","gender":"FEMALE","nameAndFamilyNameAtBirth":"Jane DOE","personalIdentifier":"0904008084H","placeOfBirth":"LILLE, FRANCE"},"evidence":[{"documentPresence":["Physical"],"evidenceDocument":["Passport"],"subjectPresence":"Physical","type":["DocumentVerification"],"verifier":"did:ebsi:2A9BZ9SUe6BatacSpvs1V5CdjHvLpQ7bEsi2Jb6LdHKnQxaN"}]}, "format" : "ldp_vc"}

12788 [pool-1-thread-1 @coroutine#860] INFO id.walt.services.oidc.OIDC4CIService - Sending PAR request to http://localhost:9000/par
 authorization_details=%5B%7B%22credential_type%22+%3A+%22VerifiableId%22%2C+%22format%22+%3A+%22ldp_vc%22%2C+%22locations%22+%3A+null%2C+%22type%22+%3A+%22openid_credential%22%7D%5D&scope=openid&response_type=code&redirect_uri=http%3A%2F%2Fblank&state=So7m3kxISG_e0wsoP5RJfJeIwYf3BQykOQ1PvMygqDA&nonce=bw5UOljMSZtPI49JZzp6kOTGjeHIBSsBLIiQRN_w-vY&client_id=http%3A%2F%2Fblank
12798 [pool-1-thread-1 @coroutine#861] INFO id.walt.services.oidc.OIDC4CIService - Sending Token request to http://localhost:9000/token
 code=testcode&redirect_uri=http%3A%2F%2Fblank&grant_type=authorization_code
12804 [pool-1-thread-1 @coroutine#862] INFO id.walt.services.oidc.OIDC4CIService - Sending Token request to http://localhost:9000/token
 pre-authorized_code=preauthcode&redirect_uri=http%3A%2F%2Fblank&grant_type=urn%3Aietf%3Aparams%3Aoauth%3Agrant-type%3Apre-authorized_code
12811 [pool-1-thread-1 @coroutine#865] ERROR id.walt.services.oidc.OIDC4CIService - Error loading issuer provider metadata
12811 [pool-1-thread-1 @coroutine#865] INFO id.walt.services.oidc.OIDC4CIService - Sending Token request to http://localhost:9000/token
 grant_type=urn%3Aietf%3Aparams%3Aoauth%3Agrant-type%3Apre-authorized_code&pre-authorized_code=preauthcode
12832 [pool-1-thread-1 @coroutine#869] DEBUG id.walt.model.DidUrl - Trying to create DidUrl from URL: "did:key:z6MkszLpPBCodb6n6X1iWj2tmRobTJMpz6pbszMAszCdN3EW"...
12832 [pool-1-thread-1 @coroutine#869] DEBUG id.walt.model.DidUrl - Trying to create DidUrl from URL: "did:key:z6MkszLpPBCodb6n6X1iWj2tmRobTJMpz6pbszMAszCdN3EW"...
12832 [pool-1-thread-1 @coroutine#869] DEBUG id.walt.signatory.WaltIdSignatory - Signing credential with proof using JWT...
12832 [pool-1-thread-1 @coroutine#869] DEBUG id.walt.signatory.WaltIdSignatory - Signing credential with proof using JWT, credential is: {"type":["VerifiableCredential","VerifiableAttestation","VerifiableId"],"@context":["https://www.w3.org/2018/credentials/v1"],"id":"urn:uuid:b9479bb2-0834-49fc-8545-5007e6a22fa1","issuer":"did:key:z6MkszLpPBCodb6n6X1iWj2tmRobTJMpz6pbszMAszCdN3EW","issuanceDate":"2024-09-12T09:39:48Z","issued":"2024-09-12T09:39:48Z","validFrom":"2024-09-12T09:39:48Z","credentialSchema":{"id":"https://raw.githubusercontent.com/walt-id/waltid-ssikit-vclib/master/src/test/resources/schemas/VerifiableId.json","type":"FullJsonSchemaValidator2021"},"credentialSubject":{"id":"did:key:z6MknU72MoP3FRped7JF53gnYvqFaj8Ni6YZdqXqPXjo53gq","currentAddress":["1 Boulevard de la Liberté, 59800 Lille"],"dateOfBirth":"1993-04-08","familyName":"DOE","firstName":"Jane","gender":"FEMALE","nameAndFamilyNameAtBirth":"Jane DOE","personalIdentifier":"0904008084H","placeOfBirth":"LILLE, FRANCE"},"evidence":[{"documentPresence":["Physical"],"evidenceDocument":["Passport"],"subjectPresence":"Physical","type":["DocumentVerification"],"verifier":"did:ebsi:2A9BZ9SUe6BatacSpvs1V5CdjHvLpQ7bEsi2Jb6LdHKnQxaN"}]}
12833 [pool-1-thread-1 @coroutine#869] DEBUG id.walt.services.vc.WaltIdJwtCredentialService - Signing JWT object with config: ProofConfig(issuerDid=did:key:z6MkszLpPBCodb6n6X1iWj2tmRobTJMpz6pbszMAszCdN3EW, subjectDid=did:key:z6MknU72MoP3FRped7JF53gnYvqFaj8Ni6YZdqXqPXjo53gq, verifierDid=null, issuerVerificationMethod=did:key:z6MkszLpPBCodb6n6X1iWj2tmRobTJMpz6pbszMAszCdN3EW#z6MkszLpPBCodb6n6X1iWj2tmRobTJMpz6pbszMAszCdN3EW, proofType=JWT, domain=null, nonce=null, proofPurpose=null, credentialId=urn:uuid:b9479bb2-0834-49fc-8545-5007e6a22fa1, issueDate=2024-09-12T09:39:48.052835135Z, validDate=2024-09-12T09:39:48.052838231Z, expirationDate=null, dataProviderIdentifier=null, ldSignatureType=null, creator=did:key:z6MkszLpPBCodb6n6X1iWj2tmRobTJMpz6pbszMAszCdN3EW, ecosystem=DEFAULT, statusType=null, statusPurpose=revocation, credentialsEndpoint=null, selectiveDisclosure=null)
12833 [pool-1-thread-1 @coroutine#869] DEBUG id.walt.services.vc.WaltIdJwtCredentialService - Signing: {"sub":"did:key:z6MknU72MoP3FRped7JF53gnYvqFaj8Ni6YZdqXqPXjo53gq","nbf":1726133988,"iss":"did:key:z6MkszLpPBCodb6n6X1iWj2tmRobTJMpz6pbszMAszCdN3EW","iat":1726133988,"vc":{"type":["VerifiableCredential","VerifiableAttestation","VerifiableId"],"@context":["https://www.w3.org/2018/credentials/v1"],"id":"urn:uuid:b9479bb2-0834-49fc-8545-5007e6a22fa1","issuer":"did:key:z6MkszLpPBCodb6n6X1iWj2tmRobTJMpz6pbszMAszCdN3EW","issuanceDate":"2024-09-12T09:39:48Z","issued":"2024-09-12T09:39:48Z","validFrom":"2024-09-12T09:39:48Z","credentialSchema":{"id":"https://raw.githubusercontent.com/walt-id/waltid-ssikit-vclib/master/src/test/resources/schemas/VerifiableId.json","type":"FullJsonSchemaValidator2021"},"credentialSubject":{"id":"did:key:z6MknU72MoP3FRped7JF53gnYvqFaj8Ni6YZdqXqPXjo53gq","currentAddress":["1 Boulevard de la Liberté, 59800 Lille"],"dateOfBirth":"1993-04-08","familyName":"DOE","firstName":"Jane","gender":"FEMALE","nameAndFamilyNameAtBirth":"Jane DOE","personalIdentifier":"0904008084H","placeOfBirth":"LILLE, FRANCE"},"evidence":[{"documentPresence":["Physical"],"evidenceDocument":["Passport"],"subjectPresence":"Physical","type":["DocumentVerification"],"verifier":"did:ebsi:2A9BZ9SUe6BatacSpvs1V5CdjHvLpQ7bEsi2Jb6LdHKnQxaN"}]},"jti":"urn:uuid:b9479bb2-0834-49fc-8545-5007e6a22fa1"}
12833 [pool-1-thread-1 @coroutine#869] DEBUG id.walt.services.keystore.HKVKeyStoreService - Loading key "did:key:z6MkszLpPBCodb6n6X1iWj2tmRobTJMpz6pbszMAszCdN3EW#z6MkszLpPBCodb6n6X1iWj2tmRobTJMpz6pbszMAszCdN3EW".
12833 [pool-1-thread-1 @coroutine#869] DEBUG id.walt.services.jwt.WaltIdJwtService - Signing JWT with algorithm: EdDSA_Ed25519
12833 [pool-1-thread-1 @coroutine#869] DEBUG id.walt.model.DidUrl - Trying to create DidUrl from URL: "did:key:z6MkszLpPBCodb6n6X1iWj2tmRobTJMpz6pbszMAszCdN3EW#z6MkszLpPBCodb6n6X1iWj2tmRobTJMpz6pbszMAszCdN3EW"...
12833 [pool-1-thread-1 @coroutine#869] DEBUG id.walt.services.keystore.HKVKeyStoreService - Loading key "af3ec86545244234ae851f06f99a26fb".
12834 [pool-1-thread-1 @coroutine#869] DEBUG id.walt.services.jwt.WaltIdJwtService - Signed JWT:  eyJraWQiOiJkaWQ6a2V5Ono2TWtzekxwUEJDb2RiNm42WDFpV2oydG1Sb2JUSk1wejZwYnN6TUFzekNkTjNFVyN6Nk1rc3pMcFBCQ29kYjZuNlgxaVdqMnRtUm9iVEpNcHo2cGJzek1Bc3pDZE4zRVciLCJ0eXAiOiJKV1QiLCJhbGciOiJFZERTQSJ9.eyJzdWIiOiJkaWQ6a2V5Ono2TWtuVTcyTW9QM0ZScGVkN0pGNTNnbll2cUZhajhOaTZZWmRxWHFQWGpvNTNncSIsIm5iZiI6MTcyNjEzMzk4OCwiaXNzIjoiZGlkOmtleTp6Nk1rc3pMcFBCQ29kYjZuNlgxaVdqMnRtUm9iVEpNcHo2cGJzek1Bc3pDZE4zRVciLCJpYXQiOjE3MjYxMzM5ODgsInZjIjp7InR5cGUiOlsiVmVyaWZpYWJsZUNyZWRlbnRpYWwiLCJWZXJpZmlhYmxlQXR0ZXN0YXRpb24iLCJWZXJpZmlhYmxlSWQiXSwiQGNvbnRleHQiOlsiaHR0cHM6Ly93d3cudzMub3JnLzIwMTgvY3JlZGVudGlhbHMvdjEiXSwiaWQiOiJ1cm46dXVpZDpiOTQ3OWJiMi0wODM0LTQ5ZmMtODU0NS01MDA3ZTZhMjJmYTEiLCJpc3N1ZXIiOiJkaWQ6a2V5Ono2TWtzekxwUEJDb2RiNm42WDFpV2oydG1Sb2JUSk1wejZwYnN6TUFzekNkTjNFVyIsImlzc3VhbmNlRGF0ZSI6IjIwMjQtMDktMTJUMDk6Mzk6NDhaIiwiaXNzdWVkIjoiMjAyNC0wOS0xMlQwOTozOTo0OFoiLCJ2YWxpZEZyb20iOiIyMDI0LTA5LTEyVDA5OjM5OjQ4WiIsImNyZWRlbnRpYWxTY2hlbWEiOnsiaWQiOiJodHRwczovL3Jhdy5naXRodWJ1c2VyY29udGVudC5jb20vd2FsdC1pZC93YWx0aWQtc3Npa2l0LXZjbGliL21hc3Rlci9zcmMvdGVzdC9yZXNvdXJjZXMvc2NoZW1hcy9WZXJpZmlhYmxlSWQuanNvbiIsInR5cGUiOiJGdWxsSnNvblNjaGVtYVZhbGlkYXRvcjIwMjEifSwiY3JlZGVudGlhbFN1YmplY3QiOnsiaWQiOiJkaWQ6a2V5Ono2TWtuVTcyTW9QM0ZScGVkN0pGNTNnbll2cUZhajhOaTZZWmRxWHFQWGpvNTNncSIsImN1cnJlbnRBZGRyZXNzIjpbIjEgQm91bGV2YXJkIGRlIGxhIExpYmVydMOpLCA1OTgwMCBMaWxsZSJdLCJkYXRlT2ZCaXJ0aCI6IjE5OTMtMDQtMDgiLCJmYW1pbHlOYW1lIjoiRE9FIiwiZmlyc3ROYW1lIjoiSmFuZSIsImdlbmRlciI6IkZFTUFMRSIsIm5hbWVBbmRGYW1pbHlOYW1lQXRCaXJ0aCI6IkphbmUgRE9FIiwicGVyc29uYWxJZGVudGlmaWVyIjoiMDkwNDAwODA4NEgiLCJwbGFjZU9mQmlydGgiOiJMSUxMRSwgRlJBTkNFIn0sImV2aWRlbmNlIjpbeyJkb2N1bWVudFByZXNlbmNlIjpbIlBoeXNpY2FsIl0sImV2aWRlbmNlRG9jdW1lbnQiOlsiUGFzc3BvcnQiXSwic3ViamVjdFByZXNlbmNlIjoiUGh5c2ljYWwiLCJ0eXBlIjpbIkRvY3VtZW50VmVyaWZpY2F0aW9uIl0sInZlcmlmaWVyIjoiZGlkOmVic2k6MkE5Qlo5U1VlNkJhdGFjU3B2czFWNUNkakh2THBRN2JFc2kySmI2TGRIS25ReGFOIn1dfSwianRpIjoidXJuOnV1aWQ6Yjk0NzliYjItMDgzNC00OWZjLTg1NDUtNTAwN2U2YTIyZmExIn0.ULY71BdbpH_7cFkPcDYnIfYCslLRWlxL-_QkxAFnVOM3aT-fYB8dL3PY_JauBcmfzeXN2gudgD5iOajUjUb8DA
12834 [pool-1-thread-1 @coroutine#869] DEBUG id.walt.signatory.WaltIdSignatory - Signed VC is: eyJraWQiOiJkaWQ6a2V5Ono2TWtzekxwUEJDb2RiNm42WDFpV2oydG1Sb2JUSk1wejZwYnN6TUFzekNkTjNFVyN6Nk1rc3pMcFBCQ29kYjZuNlgxaVdqMnRtUm9iVEpNcHo2cGJzek1Bc3pDZE4zRVciLCJ0eXAiOiJKV1QiLCJhbGciOiJFZERTQSJ9.eyJzdWIiOiJkaWQ6a2V5Ono2TWtuVTcyTW9QM0ZScGVkN0pGNTNnbll2cUZhajhOaTZZWmRxWHFQWGpvNTNncSIsIm5iZiI6MTcyNjEzMzk4OCwiaXNzIjoiZGlkOmtleTp6Nk1rc3pMcFBCQ29kYjZuNlgxaVdqMnRtUm9iVEpNcHo2cGJzek1Bc3pDZE4zRVciLCJpYXQiOjE3MjYxMzM5ODgsInZjIjp7InR5cGUiOlsiVmVyaWZpYWJsZUNyZWRlbnRpYWwiLCJWZXJpZmlhYmxlQXR0ZXN0YXRpb24iLCJWZXJpZmlhYmxlSWQiXSwiQGNvbnRleHQiOlsiaHR0cHM6Ly93d3cudzMub3JnLzIwMTgvY3JlZGVudGlhbHMvdjEiXSwiaWQiOiJ1cm46dXVpZDpiOTQ3OWJiMi0wODM0LTQ5ZmMtODU0NS01MDA3ZTZhMjJmYTEiLCJpc3N1ZXIiOiJkaWQ6a2V5Ono2TWtzekxwUEJDb2RiNm42WDFpV2oydG1Sb2JUSk1wejZwYnN6TUFzekNkTjNFVyIsImlzc3VhbmNlRGF0ZSI6IjIwMjQtMDktMTJUMDk6Mzk6NDhaIiwiaXNzdWVkIjoiMjAyNC0wOS0xMlQwOTozOTo0OFoiLCJ2YWxpZEZyb20iOiIyMDI0LTA5LTEyVDA5OjM5OjQ4WiIsImNyZWRlbnRpYWxTY2hlbWEiOnsiaWQiOiJodHRwczovL3Jhdy5naXRodWJ1c2VyY29udGVudC5jb20vd2FsdC1pZC93YWx0aWQtc3Npa2l0LXZjbGliL21hc3Rlci9zcmMvdGVzdC9yZXNvdXJjZXMvc2NoZW1hcy9WZXJpZmlhYmxlSWQuanNvbiIsInR5cGUiOiJGdWxsSnNvblNjaGVtYVZhbGlkYXRvcjIwMjEifSwiY3JlZGVudGlhbFN1YmplY3QiOnsiaWQiOiJkaWQ6a2V5Ono2TWtuVTcyTW9QM0ZScGVkN0pGNTNnbll2cUZhajhOaTZZWmRxWHFQWGpvNTNncSIsImN1cnJlbnRBZGRyZXNzIjpbIjEgQm91bGV2YXJkIGRlIGxhIExpYmVydMOpLCA1OTgwMCBMaWxsZSJdLCJkYXRlT2ZCaXJ0aCI6IjE5OTMtMDQtMDgiLCJmYW1pbHlOYW1lIjoiRE9FIiwiZmlyc3ROYW1lIjoiSmFuZSIsImdlbmRlciI6IkZFTUFMRSIsIm5hbWVBbmRGYW1pbHlOYW1lQXRCaXJ0aCI6IkphbmUgRE9FIiwicGVyc29uYWxJZGVudGlmaWVyIjoiMDkwNDAwODA4NEgiLCJwbGFjZU9mQmlydGgiOiJMSUxMRSwgRlJBTkNFIn0sImV2aWRlbmNlIjpbeyJkb2N1bWVudFByZXNlbmNlIjpbIlBoeXNpY2FsIl0sImV2aWRlbmNlRG9jdW1lbnQiOlsiUGFzc3BvcnQiXSwic3ViamVjdFByZXNlbmNlIjoiUGh5c2ljYWwiLCJ0eXBlIjpbIkRvY3VtZW50VmVyaWZpY2F0aW9uIl0sInZlcmlmaWVyIjoiZGlkOmVic2k6MkE5Qlo5U1VlNkJhdGFjU3B2czFWNUNkakh2THBRN2JFc2kySmI2TGRIS25ReGFOIn1dfSwianRpIjoidXJuOnV1aWQ6Yjk0NzliYjItMDgzNC00OWZjLTg1NDUtNTAwN2U2YTIyZmExIn0.ULY71BdbpH_7cFkPcDYnIfYCslLRWlxL-_QkxAFnVOM3aT-fYB8dL3PY_JauBcmfzeXN2gudgD5iOajUjUb8DA
12834 [pool-1-thread-1 @coroutine#869] DEBUG id.walt.services.vc.WaltIdJwtCredentialService - Creating a presentation for VCs:
[PresentableCredential(verifiableCredential=eyJraWQiOiJkaWQ6a2V5Ono2TWtzekxwUEJDb2RiNm42WDFpV2oydG1Sb2JUSk1wejZwYnN6TUFzekNkTjNFVyN6Nk1rc3pMcFBCQ29kYjZuNlgxaVdqMnRtUm9iVEpNcHo2cGJzek1Bc3pDZE4zRVciLCJ0eXAiOiJKV1QiLCJhbGciOiJFZERTQSJ9.eyJzdWIiOiJkaWQ6a2V5Ono2TWtuVTcyTW9QM0ZScGVkN0pGNTNnbll2cUZhajhOaTZZWmRxWHFQWGpvNTNncSIsIm5iZiI6MTcyNjEzMzk4OCwiaXNzIjoiZGlkOmtleTp6Nk1rc3pMcFBCQ29kYjZuNlgxaVdqMnRtUm9iVEpNcHo2cGJzek1Bc3pDZE4zRVciLCJpYXQiOjE3MjYxMzM5ODgsInZjIjp7InR5cGUiOlsiVmVyaWZpYWJsZUNyZWRlbnRpYWwiLCJWZXJpZmlhYmxlQXR0ZXN0YXRpb24iLCJWZXJpZmlhYmxlSWQiXSwiQGNvbnRleHQiOlsiaHR0cHM6Ly93d3cudzMub3JnLzIwMTgvY3JlZGVudGlhbHMvdjEiXSwiaWQiOiJ1cm46dXVpZDpiOTQ3OWJiMi0wODM0LTQ5ZmMtODU0NS01MDA3ZTZhMjJmYTEiLCJpc3N1ZXIiOiJkaWQ6a2V5Ono2TWtzekxwUEJDb2RiNm42WDFpV2oydG1Sb2JUSk1wejZwYnN6TUFzekNkTjNFVyIsImlzc3VhbmNlRGF0ZSI6IjIwMjQtMDktMTJUMDk6Mzk6NDhaIiwiaXNzdWVkIjoiMjAyNC0wOS0xMlQwOTozOTo0OFoiLCJ2YWxpZEZyb20iOiIyMDI0LTA5LTEyVDA5OjM5OjQ4WiIsImNyZWRlbnRpYWxTY2hlbWEiOnsiaWQiOiJodHRwczovL3Jhdy5naXRodWJ1c2VyY29udGVudC5jb20vd2FsdC1pZC93YWx0aWQtc3Npa2l0LXZjbGliL21hc3Rlci9zcmMvdGVzdC9yZXNvdXJjZXMvc2NoZW1hcy9WZXJpZmlhYmxlSWQuanNvbiIsInR5cGUiOiJGdWxsSnNvblNjaGVtYVZhbGlkYXRvcjIwMjEifSwiY3JlZGVudGlhbFN1YmplY3QiOnsiaWQiOiJkaWQ6a2V5Ono2TWtuVTcyTW9QM0ZScGVkN0pGNTNnbll2cUZhajhOaTZZWmRxWHFQWGpvNTNncSIsImN1cnJlbnRBZGRyZXNzIjpbIjEgQm91bGV2YXJkIGRlIGxhIExpYmVydMOpLCA1OTgwMCBMaWxsZSJdLCJkYXRlT2ZCaXJ0aCI6IjE5OTMtMDQtMDgiLCJmYW1pbHlOYW1lIjoiRE9FIiwiZmlyc3ROYW1lIjoiSmFuZSIsImdlbmRlciI6IkZFTUFMRSIsIm5hbWVBbmRGYW1pbHlOYW1lQXRCaXJ0aCI6IkphbmUgRE9FIiwicGVyc29uYWxJZGVudGlmaWVyIjoiMDkwNDAwODA4NEgiLCJwbGFjZU9mQmlydGgiOiJMSUxMRSwgRlJBTkNFIn0sImV2aWRlbmNlIjpbeyJkb2N1bWVudFByZXNlbmNlIjpbIlBoeXNpY2FsIl0sImV2aWRlbmNlRG9jdW1lbnQiOlsiUGFzc3BvcnQiXSwic3ViamVjdFByZXNlbmNlIjoiUGh5c2ljYWwiLCJ0eXBlIjpbIkRvY3VtZW50VmVyaWZpY2F0aW9uIl0sInZlcmlmaWVyIjoiZGlkOmVic2k6MkE5Qlo5U1VlNkJhdGFjU3B2czFWNUNkakh2THBRN2JFc2kySmI2TGRIS25ReGFOIn1dfSwianRpIjoidXJuOnV1aWQ6Yjk0NzliYjItMDgzNC00OWZjLTg1NDUtNTAwN2U2YTIyZmExIn0.ULY71BdbpH_7cFkPcDYnIfYCslLRWlxL-_QkxAFnVOM3aT-fYB8dL3PY_JauBcmfzeXN2gudgD5iOajUjUb8DA, selectiveDisclosure=null, discloseAll=false)]
12834 [pool-1-thread-1 @coroutine#869] DEBUG id.walt.model.DidUrl - Trying to create DidUrl from URL: "did:key:z6MknU72MoP3FRped7JF53gnYvqFaj8Ni6YZdqXqPXjo53gq"...
12834 [pool-1-thread-1 @coroutine#869] DEBUG id.walt.services.vc.WaltIdJwtCredentialService - Signing JWT object with config: ProofConfig(issuerDid=did:key:z6MknU72MoP3FRped7JF53gnYvqFaj8Ni6YZdqXqPXjo53gq, subjectDid=did:key:z6MknU72MoP3FRped7JF53gnYvqFaj8Ni6YZdqXqPXjo53gq, verifierDid=null, issuerVerificationMethod=did:key:z6MknU72MoP3FRped7JF53gnYvqFaj8Ni6YZdqXqPXjo53gq#z6MknU72MoP3FRped7JF53gnYvqFaj8Ni6YZdqXqPXjo53gq, proofType=JWT, domain=null, nonce=null, proofPurpose=null, credentialId=urn:uuid:b489436a-a363-4f74-b4eb-f10600e9914d, issueDate=null, validDate=null, expirationDate=null, dataProviderIdentifier=null, ldSignatureType=null, creator=did:key:z6MknU72MoP3FRped7JF53gnYvqFaj8Ni6YZdqXqPXjo53gq, ecosystem=DEFAULT, statusType=null, statusPurpose=revocation, credentialsEndpoint=null, selectiveDisclosure=null)
12834 [pool-1-thread-1 @coroutine#869] DEBUG id.walt.services.vc.WaltIdJwtCredentialService - Signing: {"sub":"did:key:z6MknU72MoP3FRped7JF53gnYvqFaj8Ni6YZdqXqPXjo53gq","nbf":1726133988,"iss":"did:key:z6MknU72MoP3FRped7JF53gnYvqFaj8Ni6YZdqXqPXjo53gq","vp":{"type":["VerifiablePresentation"],"@context":["https://www.w3.org/2018/credentials/v1"],"id":"urn:uuid:b489436a-a363-4f74-b4eb-f10600e9914d","holder":"did:key:z6MknU72MoP3FRped7JF53gnYvqFaj8Ni6YZdqXqPXjo53gq","verifiableCredential":["eyJraWQiOiJkaWQ6a2V5Ono2TWtzekxwUEJDb2RiNm42WDFpV2oydG1Sb2JUSk1wejZwYnN6TUFzekNkTjNFVyN6Nk1rc3pMcFBCQ29kYjZuNlgxaVdqMnRtUm9iVEpNcHo2cGJzek1Bc3pDZE4zRVciLCJ0eXAiOiJKV1QiLCJhbGciOiJFZERTQSJ9.eyJzdWIiOiJkaWQ6a2V5Ono2TWtuVTcyTW9QM0ZScGVkN0pGNTNnbll2cUZhajhOaTZZWmRxWHFQWGpvNTNncSIsIm5iZiI6MTcyNjEzMzk4OCwiaXNzIjoiZGlkOmtleTp6Nk1rc3pMcFBCQ29kYjZuNlgxaVdqMnRtUm9iVEpNcHo2cGJzek1Bc3pDZE4zRVciLCJpYXQiOjE3MjYxMzM5ODgsInZjIjp7InR5cGUiOlsiVmVyaWZpYWJsZUNyZWRlbnRpYWwiLCJWZXJpZmlhYmxlQXR0ZXN0YXRpb24iLCJWZXJpZmlhYmxlSWQiXSwiQGNvbnRleHQiOlsiaHR0cHM6Ly93d3cudzMub3JnLzIwMTgvY3JlZGVudGlhbHMvdjEiXSwiaWQiOiJ1cm46dXVpZDpiOTQ3OWJiMi0wODM0LTQ5ZmMtODU0NS01MDA3ZTZhMjJmYTEiLCJpc3N1ZXIiOiJkaWQ6a2V5Ono2TWtzekxwUEJDb2RiNm42WDFpV2oydG1Sb2JUSk1wejZwYnN6TUFzekNkTjNFVyIsImlzc3VhbmNlRGF0ZSI6IjIwMjQtMDktMTJUMDk6Mzk6NDhaIiwiaXNzdWVkIjoiMjAyNC0wOS0xMlQwOTozOTo0OFoiLCJ2YWxpZEZyb20iOiIyMDI0LTA5LTEyVDA5OjM5OjQ4WiIsImNyZWRlbnRpYWxTY2hlbWEiOnsiaWQiOiJodHRwczovL3Jhdy5naXRodWJ1c2VyY29udGVudC5jb20vd2FsdC1pZC93YWx0aWQtc3Npa2l0LXZjbGliL21hc3Rlci9zcmMvdGVzdC9yZXNvdXJjZXMvc2NoZW1hcy9WZXJpZmlhYmxlSWQuanNvbiIsInR5cGUiOiJGdWxsSnNvblNjaGVtYVZhbGlkYXRvcjIwMjEifSwiY3JlZGVudGlhbFN1YmplY3QiOnsiaWQiOiJkaWQ6a2V5Ono2TWtuVTcyTW9QM0ZScGVkN0pGNTNnbll2cUZhajhOaTZZWmRxWHFQWGpvNTNncSIsImN1cnJlbnRBZGRyZXNzIjpbIjEgQm91bGV2YXJkIGRlIGxhIExpYmVydMOpLCA1OTgwMCBMaWxsZSJdLCJkYXRlT2ZCaXJ0aCI6IjE5OTMtMDQtMDgiLCJmYW1pbHlOYW1lIjoiRE9FIiwiZmlyc3ROYW1lIjoiSmFuZSIsImdlbmRlciI6IkZFTUFMRSIsIm5hbWVBbmRGYW1pbHlOYW1lQXRCaXJ0aCI6IkphbmUgRE9FIiwicGVyc29uYWxJZGVudGlmaWVyIjoiMDkwNDAwODA4NEgiLCJwbGFjZU9mQmlydGgiOiJMSUxMRSwgRlJBTkNFIn0sImV2aWRlbmNlIjpbeyJkb2N1bWVudFByZXNlbmNlIjpbIlBoeXNpY2FsIl0sImV2aWRlbmNlRG9jdW1lbnQiOlsiUGFzc3BvcnQiXSwic3ViamVjdFByZXNlbmNlIjoiUGh5c2ljYWwiLCJ0eXBlIjpbIkRvY3VtZW50VmVyaWZpY2F0aW9uIl0sInZlcmlmaWVyIjoiZGlkOmVic2k6MkE5Qlo5U1VlNkJhdGFjU3B2czFWNUNkakh2THBRN2JFc2kySmI2TGRIS25ReGFOIn1dfSwianRpIjoidXJuOnV1aWQ6Yjk0NzliYjItMDgzNC00OWZjLTg1NDUtNTAwN2U2YTIyZmExIn0.ULY71BdbpH_7cFkPcDYnIfYCslLRWlxL-_QkxAFnVOM3aT-fYB8dL3PY_JauBcmfzeXN2gudgD5iOajUjUb8DA"]},"iat":1726133988,"jti":"urn:uuid:b489436a-a363-4f74-b4eb-f10600e9914d"}
12834 [pool-1-thread-1 @coroutine#869] DEBUG id.walt.services.keystore.HKVKeyStoreService - Loading key "did:key:z6MknU72MoP3FRped7JF53gnYvqFaj8Ni6YZdqXqPXjo53gq#z6MknU72MoP3FRped7JF53gnYvqFaj8Ni6YZdqXqPXjo53gq".
12834 [pool-1-thread-1 @coroutine#869] DEBUG id.walt.services.jwt.WaltIdJwtService - Signing JWT with algorithm: EdDSA_Ed25519
12834 [pool-1-thread-1 @coroutine#869] DEBUG id.walt.model.DidUrl - Trying to create DidUrl from URL: "did:key:z6MknU72MoP3FRped7JF53gnYvqFaj8Ni6YZdqXqPXjo53gq#z6MknU72MoP3FRped7JF53gnYvqFaj8Ni6YZdqXqPXjo53gq"...
12835 [pool-1-thread-1 @coroutine#869] DEBUG id.walt.services.keystore.HKVKeyStoreService - Loading key "18ab803c89704d3a8cc85b96c4beaa1c".
12835 [pool-1-thread-1 @coroutine#869] DEBUG id.walt.services.jwt.WaltIdJwtService - Signed JWT:  eyJraWQiOiJkaWQ6a2V5Ono2TWtuVTcyTW9QM0ZScGVkN0pGNTNnbll2cUZhajhOaTZZWmRxWHFQWGpvNTNncSN6Nk1rblU3Mk1vUDNGUnBlZDdKRjUzZ25ZdnFGYWo4Tmk2WVpkcVhxUFhqbzUzZ3EiLCJ0eXAiOiJKV1QiLCJhbGciOiJFZERTQSJ9.eyJzdWIiOiJkaWQ6a2V5Ono2TWtuVTcyTW9QM0ZScGVkN0pGNTNnbll2cUZhajhOaTZZWmRxWHFQWGpvNTNncSIsIm5iZiI6MTcyNjEzMzk4OCwiaXNzIjoiZGlkOmtleTp6Nk1rblU3Mk1vUDNGUnBlZDdKRjUzZ25ZdnFGYWo4Tmk2WVpkcVhxUFhqbzUzZ3EiLCJ2cCI6eyJ0eXBlIjpbIlZlcmlmaWFibGVQcmVzZW50YXRpb24iXSwiQGNvbnRleHQiOlsiaHR0cHM6Ly93d3cudzMub3JnLzIwMTgvY3JlZGVudGlhbHMvdjEiXSwiaWQiOiJ1cm46dXVpZDpiNDg5NDM2YS1hMzYzLTRmNzQtYjRlYi1mMTA2MDBlOTkxNGQiLCJob2xkZXIiOiJkaWQ6a2V5Ono2TWtuVTcyTW9QM0ZScGVkN0pGNTNnbll2cUZhajhOaTZZWmRxWHFQWGpvNTNncSIsInZlcmlmaWFibGVDcmVkZW50aWFsIjpbImV5SnJhV1FpT2lKa2FXUTZhMlY1T25vMlRXdHpla3h3VUVKRGIyUmlObTQyV0RGcFYyb3lkRzFTYjJKVVNrMXdlalp3WW5ONlRVRnpla05rVGpORlZ5TjZOazFyYzNwTWNGQkNRMjlrWWpadU5sZ3hhVmRxTW5SdFVtOWlWRXBOY0hvMmNHSnplazFCYzNwRFpFNHpSVmNpTENKMGVYQWlPaUpLVjFRaUxDSmhiR2NpT2lKRlpFUlRRU0o5LmV5SnpkV0lpT2lKa2FXUTZhMlY1T25vMlRXdHVWVGN5VFc5UU0wWlNjR1ZrTjBwR05UTm5ibGwyY1VaaGFqaE9hVFpaV21SeFdIRlFXR3B2TlRObmNTSXNJbTVpWmlJNk1UY3lOakV6TXprNE9Dd2lhWE56SWpvaVpHbGtPbXRsZVRwNk5rMXJjM3BNY0ZCQ1EyOWtZalp1TmxneGFWZHFNblJ0VW05aVZFcE5jSG8yY0dKemVrMUJjM3BEWkU0elJWY2lMQ0pwWVhRaU9qRTNNall4TXpNNU9EZ3NJblpqSWpwN0luUjVjR1VpT2xzaVZtVnlhV1pwWVdKc1pVTnlaV1JsYm5ScFlXd2lMQ0pXWlhKcFptbGhZbXhsUVhSMFpYTjBZWFJwYjI0aUxDSldaWEpwWm1saFlteGxTV1FpWFN3aVFHTnZiblJsZUhRaU9sc2lhSFIwY0hNNkx5OTNkM2N1ZHpNdWIzSm5Mekl3TVRndlkzSmxaR1Z1ZEdsaGJITXZkakVpWFN3aWFXUWlPaUoxY200NmRYVnBaRHBpT1RRM09XSmlNaTB3T0RNMExUUTVabU10T0RVME5TMDFNREEzWlRaaE1qSm1ZVEVpTENKcGMzTjFaWElpT2lKa2FXUTZhMlY1T25vMlRXdHpla3h3VUVKRGIyUmlObTQyV0RGcFYyb3lkRzFTYjJKVVNrMXdlalp3WW5ONlRVRnpla05rVGpORlZ5SXNJbWx6YzNWaGJtTmxSR0YwWlNJNklqSXdNalF0TURrdE1USlVNRGs2TXprNk5EaGFJaXdpYVhOemRXVmtJam9pTWpBeU5DMHdPUzB4TWxRd09Ub3pPVG8wT0ZvaUxDSjJZV3hwWkVaeWIyMGlPaUl5TURJMExUQTVMVEV5VkRBNU9qTTVPalE0V2lJc0ltTnlaV1JsYm5ScFlXeFRZMmhsYldFaU9uc2lhV1FpT2lKb2RIUndjem92TDNKaGR5NW5hWFJvZFdKMWMyVnlZMjl1ZEdWdWRDNWpiMjB2ZDJGc2RDMXBaQzkzWVd4MGFXUXRjM05wYTJsMExYWmpiR2xpTDIxaGMzUmxjaTl6Y21NdmRHVnpkQzl5WlhOdmRYSmpaWE12YzJOb1pXMWhjeTlXWlhKcFptbGhZbXhsU1dRdWFuTnZiaUlzSW5SNWNHVWlPaUpHZFd4c1NuTnZibE5qYUdWdFlWWmhiR2xrWVhSdmNqSXdNakVpZlN3aVkzSmxaR1Z1ZEdsaGJGTjFZbXBsWTNRaU9uc2lhV1FpT2lKa2FXUTZhMlY1T25vMlRXdHVWVGN5VFc5UU0wWlNjR1ZrTjBwR05UTm5ibGwyY1VaaGFqaE9hVFpaV21SeFdIRlFXR3B2TlRObmNTSXNJbU4xY25KbGJuUkJaR1J5WlhOeklqcGJJakVnUW05MWJHVjJZWEprSUdSbElHeGhJRXhwWW1WeWRNT3BMQ0ExT1Rnd01DQk1hV3hzWlNKZExDSmtZWFJsVDJaQ2FYSjBhQ0k2SWpFNU9UTXRNRFF0TURnaUxDSm1ZVzFwYkhsT1lXMWxJam9pUkU5Rklpd2labWx5YzNST1lXMWxJam9pU21GdVpTSXNJbWRsYm1SbGNpSTZJa1pGVFVGTVJTSXNJbTVoYldWQmJtUkdZVzFwYkhsT1lXMWxRWFJDYVhKMGFDSTZJa3BoYm1VZ1JFOUZJaXdpY0dWeWMyOXVZV3hKWkdWdWRHbG1hV1Z5SWpvaU1Ea3dOREF3T0RBNE5FZ2lMQ0p3YkdGalpVOW1RbWx5ZEdnaU9pSk1TVXhNUlN3Z1JsSkJUa05GSW4wc0ltVjJhV1JsYm1ObElqcGJleUprYjJOMWJXVnVkRkJ5WlhObGJtTmxJanBiSWxCb2VYTnBZMkZzSWwwc0ltVjJhV1JsYm1ObFJHOWpkVzFsYm5RaU9sc2lVR0Z6YzNCdmNuUWlYU3dpYzNWaWFtVmpkRkJ5WlhObGJtTmxJam9pVUdoNWMybGpZV3dpTENKMGVYQmxJanBiSWtSdlkzVnRaVzUwVm1WeWFXWnBZMkYwYVc5dUlsMHNJblpsY21sbWFXVnlJam9pWkdsa09tVmljMms2TWtFNVFsbzVVMVZsTmtKaGRHRmpVM0IyY3pGV05VTmtha2gyVEhCUk4ySkZjMmt5U21JMlRHUklTMjVSZUdGT0luMWRmU3dpYW5ScElqb2lkWEp1T25WMWFXUTZZamswTnpsaVlqSXRNRGd6TkMwME9XWmpMVGcxTkRVdE5UQXdOMlUyWVRJeVptRXhJbjAuVUxZNzFCZGJwSF83Y0ZrUGNEWW5JZllDc2xMUldseEwtX1FreEFGblZPTTNhVC1mWUI4ZEwzUFlfSmF1QmNtZnplWE4yZ3VkZ0Q1aU9halVqVWI4REEiXX0sImlhdCI6MTcyNjEzMzk4OCwianRpIjoidXJuOnV1aWQ6YjQ4OTQzNmEtYTM2My00Zjc0LWI0ZWItZjEwNjAwZTk5MTRkIn0.bwPFJ_V8Qe7hDTKSYIRtvlGwD6Gxp6rf-_Wm_9ZzezPhkKQ28yBICe-SxPsW5Z1PoRc6OGBrdw_2oablmznTBA
12835 [pool-1-thread-1 @coroutine#869] DEBUG id.walt.services.vc.WaltIdJwtCredentialService - VP created:eyJraWQiOiJkaWQ6a2V5Ono2TWtuVTcyTW9QM0ZScGVkN0pGNTNnbll2cUZhajhOaTZZWmRxWHFQWGpvNTNncSN6Nk1rblU3Mk1vUDNGUnBlZDdKRjUzZ25ZdnFGYWo4Tmk2WVpkcVhxUFhqbzUzZ3EiLCJ0eXAiOiJKV1QiLCJhbGciOiJFZERTQSJ9.eyJzdWIiOiJkaWQ6a2V5Ono2TWtuVTcyTW9QM0ZScGVkN0pGNTNnbll2cUZhajhOaTZZWmRxWHFQWGpvNTNncSIsIm5iZiI6MTcyNjEzMzk4OCwiaXNzIjoiZGlkOmtleTp6Nk1rblU3Mk1vUDNGUnBlZDdKRjUzZ25ZdnFGYWo4Tmk2WVpkcVhxUFhqbzUzZ3EiLCJ2cCI6eyJ0eXBlIjpbIlZlcmlmaWFibGVQcmVzZW50YXRpb24iXSwiQGNvbnRleHQiOlsiaHR0cHM6Ly93d3cudzMub3JnLzIwMTgvY3JlZGVudGlhbHMvdjEiXSwiaWQiOiJ1cm46dXVpZDpiNDg5NDM2YS1hMzYzLTRmNzQtYjRlYi1mMTA2MDBlOTkxNGQiLCJob2xkZXIiOiJkaWQ6a2V5Ono2TWtuVTcyTW9QM0ZScGVkN0pGNTNnbll2cUZhajhOaTZZWmRxWHFQWGpvNTNncSIsInZlcmlmaWFibGVDcmVkZW50aWFsIjpbImV5SnJhV1FpT2lKa2FXUTZhMlY1T25vMlRXdHpla3h3VUVKRGIyUmlObTQyV0RGcFYyb3lkRzFTYjJKVVNrMXdlalp3WW5ONlRVRnpla05rVGpORlZ5TjZOazFyYzNwTWNGQkNRMjlrWWpadU5sZ3hhVmRxTW5SdFVtOWlWRXBOY0hvMmNHSnplazFCYzNwRFpFNHpSVmNpTENKMGVYQWlPaUpLVjFRaUxDSmhiR2NpT2lKRlpFUlRRU0o5LmV5SnpkV0lpT2lKa2FXUTZhMlY1T25vMlRXdHVWVGN5VFc5UU0wWlNjR1ZrTjBwR05UTm5ibGwyY1VaaGFqaE9hVFpaV21SeFdIRlFXR3B2TlRObmNTSXNJbTVpWmlJNk1UY3lOakV6TXprNE9Dd2lhWE56SWpvaVpHbGtPbXRsZVRwNk5rMXJjM3BNY0ZCQ1EyOWtZalp1TmxneGFWZHFNblJ0VW05aVZFcE5jSG8yY0dKemVrMUJjM3BEWkU0elJWY2lMQ0pwWVhRaU9qRTNNall4TXpNNU9EZ3NJblpqSWpwN0luUjVjR1VpT2xzaVZtVnlhV1pwWVdKc1pVTnlaV1JsYm5ScFlXd2lMQ0pXWlhKcFptbGhZbXhsUVhSMFpYTjBZWFJwYjI0aUxDSldaWEpwWm1saFlteGxTV1FpWFN3aVFHTnZiblJsZUhRaU9sc2lhSFIwY0hNNkx5OTNkM2N1ZHpNdWIzSm5Mekl3TVRndlkzSmxaR1Z1ZEdsaGJITXZkakVpWFN3aWFXUWlPaUoxY200NmRYVnBaRHBpT1RRM09XSmlNaTB3T0RNMExUUTVabU10T0RVME5TMDFNREEzWlRaaE1qSm1ZVEVpTENKcGMzTjFaWElpT2lKa2FXUTZhMlY1T25vMlRXdHpla3h3VUVKRGIyUmlObTQyV0RGcFYyb3lkRzFTYjJKVVNrMXdlalp3WW5ONlRVRnpla05rVGpORlZ5SXNJbWx6YzNWaGJtTmxSR0YwWlNJNklqSXdNalF0TURrdE1USlVNRGs2TXprNk5EaGFJaXdpYVhOemRXVmtJam9pTWpBeU5DMHdPUzB4TWxRd09Ub3pPVG8wT0ZvaUxDSjJZV3hwWkVaeWIyMGlPaUl5TURJMExUQTVMVEV5VkRBNU9qTTVPalE0V2lJc0ltTnlaV1JsYm5ScFlXeFRZMmhsYldFaU9uc2lhV1FpT2lKb2RIUndjem92TDNKaGR5NW5hWFJvZFdKMWMyVnlZMjl1ZEdWdWRDNWpiMjB2ZDJGc2RDMXBaQzkzWVd4MGFXUXRjM05wYTJsMExYWmpiR2xpTDIxaGMzUmxjaTl6Y21NdmRHVnpkQzl5WlhOdmRYSmpaWE12YzJOb1pXMWhjeTlXWlhKcFptbGhZbXhsU1dRdWFuTnZiaUlzSW5SNWNHVWlPaUpHZFd4c1NuTnZibE5qYUdWdFlWWmhiR2xrWVhSdmNqSXdNakVpZlN3aVkzSmxaR1Z1ZEdsaGJGTjFZbXBsWTNRaU9uc2lhV1FpT2lKa2FXUTZhMlY1T25vMlRXdHVWVGN5VFc5UU0wWlNjR1ZrTjBwR05UTm5ibGwyY1VaaGFqaE9hVFpaV21SeFdIRlFXR3B2TlRObmNTSXNJbU4xY25KbGJuUkJaR1J5WlhOeklqcGJJakVnUW05MWJHVjJZWEprSUdSbElHeGhJRXhwWW1WeWRNT3BMQ0ExT1Rnd01DQk1hV3hzWlNKZExDSmtZWFJsVDJaQ2FYSjBhQ0k2SWpFNU9UTXRNRFF0TURnaUxDSm1ZVzFwYkhsT1lXMWxJam9pUkU5Rklpd2labWx5YzNST1lXMWxJam9pU21GdVpTSXNJbWRsYm1SbGNpSTZJa1pGVFVGTVJTSXNJbTVoYldWQmJtUkdZVzFwYkhsT1lXMWxRWFJDYVhKMGFDSTZJa3BoYm1VZ1JFOUZJaXdpY0dWeWMyOXVZV3hKWkdWdWRHbG1hV1Z5SWpvaU1Ea3dOREF3T0RBNE5FZ2lMQ0p3YkdGalpVOW1RbWx5ZEdnaU9pSk1TVXhNUlN3Z1JsSkJUa05GSW4wc0ltVjJhV1JsYm1ObElqcGJleUprYjJOMWJXVnVkRkJ5WlhObGJtTmxJanBiSWxCb2VYTnBZMkZzSWwwc0ltVjJhV1JsYm1ObFJHOWpkVzFsYm5RaU9sc2lVR0Z6YzNCdmNuUWlYU3dpYzNWaWFtVmpkRkJ5WlhObGJtTmxJam9pVUdoNWMybGpZV3dpTENKMGVYQmxJanBiSWtSdlkzVnRaVzUwVm1WeWFXWnBZMkYwYVc5dUlsMHNJblpsY21sbWFXVnlJam9pWkdsa09tVmljMms2TWtFNVFsbzVVMVZsTmtKaGRHRmpVM0IyY3pGV05VTmtha2gyVEhCUk4ySkZjMmt5U21JMlRHUklTMjVSZUdGT0luMWRmU3dpYW5ScElqb2lkWEp1T25WMWFXUTZZamswTnpsaVlqSXRNRGd6TkMwME9XWmpMVGcxTkRVdE5UQXdOMlUyWVRJeVptRXhJbjAuVUxZNzFCZGJwSF83Y0ZrUGNEWW5JZllDc2xMUldseEwtX1FreEFGblZPTTNhVC1mWUI4ZEwzUFlfSmF1QmNtZnplWE4yZ3VkZ0Q1aU9halVqVWI4REEiXX0sImlhdCI6MTcyNjEzMzk4OCwianRpIjoidXJuOnV1aWQ6YjQ4OTQzNmEtYTM2My00Zjc0LWI0ZWItZjEwNjAwZTk5MTRkIn0.bwPFJ_V8Qe7hDTKSYIRtvlGwD6Gxp6rf-_Wm_9ZzezPhkKQ28yBICe-SxPsW5Z1PoRc6OGBrdw_2oablmznTBA
12837 [pool-1-thread-1 @coroutine#869] DEBUG id.walt.model.DidUrl - Trying to create DidUrl from URL: "did:key:z6MkszLpPBCodb6n6X1iWj2tmRobTJMpz6pbszMAszCdN3EW"...
12837 [pool-1-thread-1 @coroutine#869] DEBUG id.walt.model.DidUrl - Trying to create DidUrl from URL: "did:key:z6MkszLpPBCodb6n6X1iWj2tmRobTJMpz6pbszMAszCdN3EW"...
12837 [pool-1-thread-1 @coroutine#869] DEBUG id.walt.signatory.WaltIdSignatory - Signing credential with proof using LD_PROOF...
12837 [pool-1-thread-1 @coroutine#869] DEBUG id.walt.signatory.WaltIdSignatory - Signing credential with proof using LD_PROOF, credential is: {"type":["VerifiableCredential","VerifiableAttestation","VerifiableId"],"@context":["https://www.w3.org/2018/credentials/v1"],"id":"urn:uuid:d5f32b79-698c-42ec-a90c-d47b384df2e4","issuer":"did:key:z6MkszLpPBCodb6n6X1iWj2tmRobTJMpz6pbszMAszCdN3EW","issuanceDate":"2024-09-12T09:39:48Z","issued":"2024-09-12T09:39:48Z","validFrom":"2024-09-12T09:39:48Z","credentialSchema":{"id":"https://raw.githubusercontent.com/walt-id/waltid-ssikit-vclib/master/src/test/resources/schemas/VerifiableId.json","type":"FullJsonSchemaValidator2021"},"credentialSubject":{"id":"did:key:z6MknU72MoP3FRped7JF53gnYvqFaj8Ni6YZdqXqPXjo53gq","currentAddress":["1 Boulevard de la Liberté, 59800 Lille"],"dateOfBirth":"1993-04-08","familyName":"DOE","firstName":"Jane","gender":"FEMALE","nameAndFamilyNameAtBirth":"Jane DOE","personalIdentifier":"0904008084H","placeOfBirth":"LILLE, FRANCE"},"evidence":[{"documentPresence":["Physical"],"evidenceDocument":["Passport"],"subjectPresence":"Physical","type":["DocumentVerification"],"verifier":"did:ebsi:2A9BZ9SUe6BatacSpvs1V5CdjHvLpQ7bEsi2Jb6LdHKnQxaN"}]}
12837 [pool-1-thread-1 @coroutine#869] DEBUG id.walt.services.vc.WaltIdJsonLdCredentialService - Signing jsonLd object with: issuerDid (did:key:z6MkszLpPBCodb6n6X1iWj2tmRobTJMpz6pbszMAszCdN3EW), domain (null), nonce (null
12837 [pool-1-thread-1 @coroutine#869] DEBUG id.walt.services.keystore.HKVKeyStoreService - Loading key "did:key:z6MkszLpPBCodb6n6X1iWj2tmRobTJMpz6pbszMAszCdN3EW#z6MkszLpPBCodb6n6X1iWj2tmRobTJMpz6pbszMAszCdN3EW".
12837 [pool-1-thread-1 @coroutine#869] DEBUG id.walt.services.vc.WaltIdJsonLdCredentialService - Signing: {"type":["VerifiableCredential","VerifiableAttestation","VerifiableId"],"@context":["https://www.w3.org/2018/credentials/v1"],"id":"urn:uuid:d5f32b79-698c-42ec-a90c-d47b384df2e4","issuer":"did:key:z6MkszLpPBCodb6n6X1iWj2tmRobTJMpz6pbszMAszCdN3EW","issuanceDate":"2024-09-12T09:39:48Z","issued":"2024-09-12T09:39:48Z","validFrom":"2024-09-12T09:39:48Z","credentialSchema":{"id":"https://raw.githubusercontent.com/walt-id/waltid-ssikit-vclib/master/src/test/resources/schemas/VerifiableId.json","type":"FullJsonSchemaValidator2021"},"credentialSubject":{"id":"did:key:z6MknU72MoP3FRped7JF53gnYvqFaj8Ni6YZdqXqPXjo53gq","currentAddress":["1 Boulevard de la Liberté, 59800 Lille"],"dateOfBirth":"1993-04-08","familyName":"DOE","firstName":"Jane","gender":"FEMALE","nameAndFamilyNameAtBirth":"Jane DOE","personalIdentifier":"0904008084H","placeOfBirth":"LILLE, FRANCE"},"evidence":[{"documentPresence":["Physical"],"evidenceDocument":["Passport"],"subjectPresence":"Physical","type":["DocumentVerification"],"verifier":"did:ebsi:2A9BZ9SUe6BatacSpvs1V5CdjHvLpQ7bEsi2Jb6LdHKnQxaN"}]}
12841 [pool-1-thread-1 @coroutine#869] DEBUG id.walt.services.keystore.HKVKeyStoreService - Loading key "af3ec86545244234ae851f06f99a26fb".
12841 [pool-1-thread-1 @coroutine#869] DEBUG id.walt.services.keystore.HKVKeyStoreService - Loading key "af3ec86545244234ae851f06f99a26fb".
12841 [pool-1-thread-1 @coroutine#869] DEBUG id.walt.services.keystore.HKVKeyStoreService - Loading key "af3ec86545244234ae851f06f99a26fb".
12842 [pool-1-thread-1 @coroutine#869] DEBUG id.walt.signatory.WaltIdSignatory - Signed VC is: {
  "type" : [ "VerifiableCredential", "VerifiableAttestation", "VerifiableId" ],
  "@context" : [ "https://www.w3.org/2018/credentials/v1", "https://w3id.org/security/suites/jws-2020/v1" ],
  "id" : "urn:uuid:d5f32b79-698c-42ec-a90c-d47b384df2e4",
  "issuer" : "did:key:z6MkszLpPBCodb6n6X1iWj2tmRobTJMpz6pbszMAszCdN3EW",
  "issuanceDate" : "2024-09-12T09:39:48Z",
  "issued" : "2024-09-12T09:39:48Z",
  "validFrom" : "2024-09-12T09:39:48Z",
  "credentialSchema" : {
    "id" : "https://raw.githubusercontent.com/walt-id/waltid-ssikit-vclib/master/src/test/resources/schemas/VerifiableId.json",
    "type" : "FullJsonSchemaValidator2021"
  },
  "credentialSubject" : {
    "id" : "did:key:z6MknU72MoP3FRped7JF53gnYvqFaj8Ni6YZdqXqPXjo53gq",
    "currentAddress" : [ "1 Boulevard de la Liberté, 59800 Lille" ],
    "dateOfBirth" : "1993-04-08",
    "familyName" : "DOE",
    "firstName" : "Jane",
    "gender" : "FEMALE",
    "nameAndFamilyNameAtBirth" : "Jane DOE",
    "personalIdentifier" : "0904008084H",
    "placeOfBirth" : "LILLE, FRANCE"
  },
  "evidence" : [ {
    "documentPresence" : [ "Physical" ],
    "evidenceDocument" : [ "Passport" ],
    "subjectPresence" : "Physical",
    "type" : [ "DocumentVerification" ],
    "verifier" : "did:ebsi:2A9BZ9SUe6BatacSpvs1V5CdjHvLpQ7bEsi2Jb6LdHKnQxaN"
  } ],
  "proof" : {
    "type" : "JsonWebSignature2020",
    "creator" : "did:key:z6MkszLpPBCodb6n6X1iWj2tmRobTJMpz6pbszMAszCdN3EW",
    "created" : "2024-09-12T09:39:48Z",
    "verificationMethod" : "did:key:z6MkszLpPBCodb6n6X1iWj2tmRobTJMpz6pbszMAszCdN3EW#z6MkszLpPBCodb6n6X1iWj2tmRobTJMpz6pbszMAszCdN3EW",
    "jws" : "eyJiNjQiOmZhbHNlLCJjcml0IjpbImI2NCJdLCJhbGciOiJFZERTQSJ9..HE5Ejh6bmG5XL-XBJ1bk07fct3e56tVqKU69DkXCa7QT9CcnwuizQ36BlWiyGbwloyUJtVwlibcfzi9hD1AUCg"
  }
}
12842 [pool-1-thread-1 @coroutine#869] DEBUG id.walt.services.vc.WaltIdJsonLdCredentialService - Creating a presentation for VCs:
[PresentableCredential(verifiableCredential={"type":["VerifiableCredential","VerifiableAttestation","VerifiableId"],"@context":["https://www.w3.org/2018/credentials/v1","https://w3id.org/security/suites/jws-2020/v1"],"id":"urn:uuid:d5f32b79-698c-42ec-a90c-d47b384df2e4","issuer":"did:key:z6MkszLpPBCodb6n6X1iWj2tmRobTJMpz6pbszMAszCdN3EW","issuanceDate":"2024-09-12T09:39:48Z","issued":"2024-09-12T09:39:48Z","validFrom":"2024-09-12T09:39:48Z","proof":{"type":"JsonWebSignature2020","creator":"did:key:z6MkszLpPBCodb6n6X1iWj2tmRobTJMpz6pbszMAszCdN3EW","created":"2024-09-12T09:39:48Z","verificationMethod":"did:key:z6MkszLpPBCodb6n6X1iWj2tmRobTJMpz6pbszMAszCdN3EW#z6MkszLpPBCodb6n6X1iWj2tmRobTJMpz6pbszMAszCdN3EW","jws":"eyJiNjQiOmZhbHNlLCJjcml0IjpbImI2NCJdLCJhbGciOiJFZERTQSJ9..HE5Ejh6bmG5XL-XBJ1bk07fct3e56tVqKU69DkXCa7QT9CcnwuizQ36BlWiyGbwloyUJtVwlibcfzi9hD1AUCg"},"credentialSchema":{"id":"https://raw.githubusercontent.com/walt-id/waltid-ssikit-vclib/master/src/test/resources/schemas/VerifiableId.json","type":"FullJsonSchemaValidator2021"},"credentialSubject":{"id":"did:key:z6MknU72MoP3FRped7JF53gnYvqFaj8Ni6YZdqXqPXjo53gq","currentAddress":["1 Boulevard de la Liberté, 59800 Lille"],"dateOfBirth":"1993-04-08","familyName":"DOE","firstName":"Jane","gender":"FEMALE","nameAndFamilyNameAtBirth":"Jane DOE","personalIdentifier":"0904008084H","placeOfBirth":"LILLE, FRANCE"},"evidence":[{"documentPresence":["Physical"],"evidenceDocument":["Passport"],"subjectPresence":"Physical","type":["DocumentVerification"],"verifier":"did:ebsi:2A9BZ9SUe6BatacSpvs1V5CdjHvLpQ7bEsi2Jb6LdHKnQxaN"}]}, selectiveDisclosure=null, discloseAll=false)]
12842 [pool-1-thread-1 @coroutine#869] DEBUG id.walt.model.DidUrl - Trying to create DidUrl from URL: "did:key:z6MknU72MoP3FRped7JF53gnYvqFaj8Ni6YZdqXqPXjo53gq"...
12842 [pool-1-thread-1 @coroutine#869] DEBUG id.walt.services.vc.WaltIdJsonLdCredentialService - Signing jsonLd object with: issuerDid (did:key:z6MknU72MoP3FRped7JF53gnYvqFaj8Ni6YZdqXqPXjo53gq), domain (null), nonce (null
12842 [pool-1-thread-1 @coroutine#869] DEBUG id.walt.services.keystore.HKVKeyStoreService - Loading key "did:key:z6MknU72MoP3FRped7JF53gnYvqFaj8Ni6YZdqXqPXjo53gq#z6MknU72MoP3FRped7JF53gnYvqFaj8Ni6YZdqXqPXjo53gq".
12843 [pool-1-thread-1 @coroutine#869] DEBUG id.walt.services.vc.WaltIdJsonLdCredentialService - Signing: {"type":["VerifiablePresentation"],"@context":["https://www.w3.org/2018/credentials/v1"],"id":"urn:uuid:870c76da-1612-46e8-b472-7dfcb751e6ab","holder":"did:key:z6MknU72MoP3FRped7JF53gnYvqFaj8Ni6YZdqXqPXjo53gq","verifiableCredential":[{"type":["VerifiableCredential","VerifiableAttestation","VerifiableId"],"@context":["https://www.w3.org/2018/credentials/v1","https://w3id.org/security/suites/jws-2020/v1"],"id":"urn:uuid:d5f32b79-698c-42ec-a90c-d47b384df2e4","issuer":"did:key:z6MkszLpPBCodb6n6X1iWj2tmRobTJMpz6pbszMAszCdN3EW","issuanceDate":"2024-09-12T09:39:48Z","issued":"2024-09-12T09:39:48Z","validFrom":"2024-09-12T09:39:48Z","proof":{"type":"JsonWebSignature2020","creator":"did:key:z6MkszLpPBCodb6n6X1iWj2tmRobTJMpz6pbszMAszCdN3EW","created":"2024-09-12T09:39:48Z","verificationMethod":"did:key:z6MkszLpPBCodb6n6X1iWj2tmRobTJMpz6pbszMAszCdN3EW#z6MkszLpPBCodb6n6X1iWj2tmRobTJMpz6pbszMAszCdN3EW","jws":"eyJiNjQiOmZhbHNlLCJjcml0IjpbImI2NCJdLCJhbGciOiJFZERTQSJ9..HE5Ejh6bmG5XL-XBJ1bk07fct3e56tVqKU69DkXCa7QT9CcnwuizQ36BlWiyGbwloyUJtVwlibcfzi9hD1AUCg"},"credentialSchema":{"id":"https://raw.githubusercontent.com/walt-id/waltid-ssikit-vclib/master/src/test/resources/schemas/VerifiableId.json","type":"FullJsonSchemaValidator2021"},"credentialSubject":{"id":"did:key:z6MknU72MoP3FRped7JF53gnYvqFaj8Ni6YZdqXqPXjo53gq","currentAddress":["1 Boulevard de la Liberté, 59800 Lille"],"dateOfBirth":"1993-04-08","familyName":"DOE","firstName":"Jane","gender":"FEMALE","nameAndFamilyNameAtBirth":"Jane DOE","personalIdentifier":"0904008084H","placeOfBirth":"LILLE, FRANCE"},"evidence":[{"documentPresence":["Physical"],"evidenceDocument":["Passport"],"subjectPresence":"Physical","type":["DocumentVerification"],"verifier":"did:ebsi:2A9BZ9SUe6BatacSpvs1V5CdjHvLpQ7bEsi2Jb6LdHKnQxaN"}]}]}
12845 [pool-1-thread-1 @coroutine#869] DEBUG id.walt.services.keystore.HKVKeyStoreService - Loading key "18ab803c89704d3a8cc85b96c4beaa1c".
12845 [pool-1-thread-1 @coroutine#869] DEBUG id.walt.services.keystore.HKVKeyStoreService - Loading key "18ab803c89704d3a8cc85b96c4beaa1c".
12845 [pool-1-thread-1 @coroutine#869] DEBUG id.walt.services.keystore.HKVKeyStoreService - Loading key "18ab803c89704d3a8cc85b96c4beaa1c".
12846 [pool-1-thread-1 @coroutine#869] DEBUG id.walt.services.vc.WaltIdJsonLdCredentialService - VP created:{
  "type" : [ "VerifiablePresentation" ],
  "@context" : [ "https://www.w3.org/2018/credentials/v1", "https://w3id.org/security/suites/jws-2020/v1" ],
  "id" : "urn:uuid:870c76da-1612-46e8-b472-7dfcb751e6ab",
  "holder" : "did:key:z6MknU72MoP3FRped7JF53gnYvqFaj8Ni6YZdqXqPXjo53gq",
  "verifiableCredential" : [ {
    "type" : [ "VerifiableCredential", "VerifiableAttestation", "VerifiableId" ],
    "@context" : [ "https://www.w3.org/2018/credentials/v1", "https://w3id.org/security/suites/jws-2020/v1" ],
    "id" : "urn:uuid:d5f32b79-698c-42ec-a90c-d47b384df2e4",
    "issuer" : "did:key:z6MkszLpPBCodb6n6X1iWj2tmRobTJMpz6pbszMAszCdN3EW",
    "issuanceDate" : "2024-09-12T09:39:48Z",
    "issued" : "2024-09-12T09:39:48Z",
    "validFrom" : "2024-09-12T09:39:48Z",
    "proof" : {
      "type" : "JsonWebSignature2020",
      "creator" : "did:key:z6MkszLpPBCodb6n6X1iWj2tmRobTJMpz6pbszMAszCdN3EW",
      "created" : "2024-09-12T09:39:48Z",
      "verificationMethod" : "did:key:z6MkszLpPBCodb6n6X1iWj2tmRobTJMpz6pbszMAszCdN3EW#z6MkszLpPBCodb6n6X1iWj2tmRobTJMpz6pbszMAszCdN3EW",
      "jws" : "eyJiNjQiOmZhbHNlLCJjcml0IjpbImI2NCJdLCJhbGciOiJFZERTQSJ9..HE5Ejh6bmG5XL-XBJ1bk07fct3e56tVqKU69DkXCa7QT9CcnwuizQ36BlWiyGbwloyUJtVwlibcfzi9hD1AUCg"
    },
    "credentialSchema" : {
      "id" : "https://raw.githubusercontent.com/walt-id/waltid-ssikit-vclib/master/src/test/resources/schemas/VerifiableId.json",
      "type" : "FullJsonSchemaValidator2021"
    },
    "credentialSubject" : {
      "id" : "did:key:z6MknU72MoP3FRped7JF53gnYvqFaj8Ni6YZdqXqPXjo53gq",
      "currentAddress" : [ "1 Boulevard de la Liberté, 59800 Lille" ],
      "dateOfBirth" : "1993-04-08",
      "familyName" : "DOE",
      "firstName" : "Jane",
      "gender" : "FEMALE",
      "nameAndFamilyNameAtBirth" : "Jane DOE",
      "personalIdentifier" : "0904008084H",
      "placeOfBirth" : "LILLE, FRANCE"
    },
    "evidence" : [ {
      "documentPresence" : [ "Physical" ],
      "evidenceDocument" : [ "Passport" ],
      "subjectPresence" : "Physical",
      "type" : [ "DocumentVerification" ],
      "verifier" : "did:ebsi:2A9BZ9SUe6BatacSpvs1V5CdjHvLpQ7bEsi2Jb6LdHKnQxaN"
    } ]
  } ],
  "proof" : {
    "type" : "JsonWebSignature2020",
    "creator" : "did:key:z6MknU72MoP3FRped7JF53gnYvqFaj8Ni6YZdqXqPXjo53gq",
    "created" : "2024-09-12T09:39:48Z",
    "proofPurpose" : "authentication",
    "verificationMethod" : "did:key:z6MknU72MoP3FRped7JF53gnYvqFaj8Ni6YZdqXqPXjo53gq#z6MknU72MoP3FRped7JF53gnYvqFaj8Ni6YZdqXqPXjo53gq",
    "jws" : "eyJiNjQiOmZhbHNlLCJjcml0IjpbImI2NCJdLCJhbGciOiJFZERTQSJ9..4eAya92WxMgbNqE8QrrET1EUq0oDqyvZf8WSzMEdi_tNj73g12fKgFF4hgaa790FIHtkicHA_OffUz4_n0O6BA"
  }
}
12870 [pool-1-thread-1 @coroutine#871] DEBUG id.walt.model.DidUrl - Trying to create DidUrl from URL: "did:key:z6MkszLpPBCodb6n6X1iWj2tmRobTJMpz6pbszMAszCdN3EW"...
12870 [pool-1-thread-1 @coroutine#871] DEBUG id.walt.model.DidUrl - Trying to create DidUrl from URL: "did:key:z6MkszLpPBCodb6n6X1iWj2tmRobTJMpz6pbszMAszCdN3EW"...
12870 [pool-1-thread-1 @coroutine#871] DEBUG id.walt.signatory.WaltIdSignatory - Signing credential with proof using JWT...
12870 [pool-1-thread-1 @coroutine#871] DEBUG id.walt.signatory.WaltIdSignatory - Signing credential with proof using JWT, credential is: {"type":["VerifiableCredential","VerifiableAttestation","VerifiableId"],"@context":["https://www.w3.org/2018/credentials/v1"],"id":"urn:uuid:769a0830-149f-442f-a1fd-5ef4587ea6ae","issuer":"did:key:z6MkszLpPBCodb6n6X1iWj2tmRobTJMpz6pbszMAszCdN3EW","issuanceDate":"2024-09-12T09:39:48Z","issued":"2024-09-12T09:39:48Z","validFrom":"2024-09-12T09:39:48Z","credentialSchema":{"id":"https://raw.githubusercontent.com/walt-id/waltid-ssikit-vclib/master/src/test/resources/schemas/VerifiableId.json","type":"FullJsonSchemaValidator2021"},"credentialSubject":{"id":"did:key:z6MknU72MoP3FRped7JF53gnYvqFaj8Ni6YZdqXqPXjo53gq","currentAddress":["1 Boulevard de la Liberté, 59800 Lille"],"dateOfBirth":"1993-04-08","familyName":"DOE","firstName":"Jane","gender":"FEMALE","nameAndFamilyNameAtBirth":"Jane DOE","personalIdentifier":"0904008084H","placeOfBirth":"LILLE, FRANCE"},"evidence":[{"documentPresence":["Physical"],"evidenceDocument":["Passport"],"subjectPresence":"Physical","type":["DocumentVerification"],"verifier":"did:ebsi:2A9BZ9SUe6BatacSpvs1V5CdjHvLpQ7bEsi2Jb6LdHKnQxaN"}]}
12870 [pool-1-thread-1 @coroutine#871] DEBUG id.walt.services.vc.WaltIdJwtCredentialService - Signing JWT object with config: ProofConfig(issuerDid=did:key:z6MkszLpPBCodb6n6X1iWj2tmRobTJMpz6pbszMAszCdN3EW, subjectDid=did:key:z6MknU72MoP3FRped7JF53gnYvqFaj8Ni6YZdqXqPXjo53gq, verifierDid=null, issuerVerificationMethod=did:key:z6MkszLpPBCodb6n6X1iWj2tmRobTJMpz6pbszMAszCdN3EW#z6MkszLpPBCodb6n6X1iWj2tmRobTJMpz6pbszMAszCdN3EW, proofType=JWT, domain=null, nonce=null, proofPurpose=null, credentialId=urn:uuid:769a0830-149f-442f-a1fd-5ef4587ea6ae, issueDate=2024-09-12T09:39:48.090520517Z, validDate=2024-09-12T09:39:48.090522621Z, expirationDate=null, dataProviderIdentifier=null, ldSignatureType=null, creator=did:key:z6MkszLpPBCodb6n6X1iWj2tmRobTJMpz6pbszMAszCdN3EW, ecosystem=DEFAULT, statusType=null, statusPurpose=revocation, credentialsEndpoint=null, selectiveDisclosure=null)
12870 [pool-1-thread-1 @coroutine#871] DEBUG id.walt.services.vc.WaltIdJwtCredentialService - Signing: {"sub":"did:key:z6MknU72MoP3FRped7JF53gnYvqFaj8Ni6YZdqXqPXjo53gq","nbf":1726133988,"iss":"did:key:z6MkszLpPBCodb6n6X1iWj2tmRobTJMpz6pbszMAszCdN3EW","iat":1726133988,"vc":{"type":["VerifiableCredential","VerifiableAttestation","VerifiableId"],"@context":["https://www.w3.org/2018/credentials/v1"],"id":"urn:uuid:769a0830-149f-442f-a1fd-5ef4587ea6ae","issuer":"did:key:z6MkszLpPBCodb6n6X1iWj2tmRobTJMpz6pbszMAszCdN3EW","issuanceDate":"2024-09-12T09:39:48Z","issued":"2024-09-12T09:39:48Z","validFrom":"2024-09-12T09:39:48Z","credentialSchema":{"id":"https://raw.githubusercontent.com/walt-id/waltid-ssikit-vclib/master/src/test/resources/schemas/VerifiableId.json","type":"FullJsonSchemaValidator2021"},"credentialSubject":{"id":"did:key:z6MknU72MoP3FRped7JF53gnYvqFaj8Ni6YZdqXqPXjo53gq","currentAddress":["1 Boulevard de la Liberté, 59800 Lille"],"dateOfBirth":"1993-04-08","familyName":"DOE","firstName":"Jane","gender":"FEMALE","nameAndFamilyNameAtBirth":"Jane DOE","personalIdentifier":"0904008084H","placeOfBirth":"LILLE, FRANCE"},"evidence":[{"documentPresence":["Physical"],"evidenceDocument":["Passport"],"subjectPresence":"Physical","type":["DocumentVerification"],"verifier":"did:ebsi:2A9BZ9SUe6BatacSpvs1V5CdjHvLpQ7bEsi2Jb6LdHKnQxaN"}]},"jti":"urn:uuid:769a0830-149f-442f-a1fd-5ef4587ea6ae"}
12871 [pool-1-thread-1 @coroutine#871] DEBUG id.walt.services.keystore.HKVKeyStoreService - Loading key "did:key:z6MkszLpPBCodb6n6X1iWj2tmRobTJMpz6pbszMAszCdN3EW#z6MkszLpPBCodb6n6X1iWj2tmRobTJMpz6pbszMAszCdN3EW".
12871 [pool-1-thread-1 @coroutine#871] DEBUG id.walt.services.jwt.WaltIdJwtService - Signing JWT with algorithm: EdDSA_Ed25519
12871 [pool-1-thread-1 @coroutine#871] DEBUG id.walt.model.DidUrl - Trying to create DidUrl from URL: "did:key:z6MkszLpPBCodb6n6X1iWj2tmRobTJMpz6pbszMAszCdN3EW#z6MkszLpPBCodb6n6X1iWj2tmRobTJMpz6pbszMAszCdN3EW"...
12871 [pool-1-thread-1 @coroutine#871] DEBUG id.walt.services.keystore.HKVKeyStoreService - Loading key "af3ec86545244234ae851f06f99a26fb".
12871 [pool-1-thread-1 @coroutine#871] DEBUG id.walt.services.jwt.WaltIdJwtService - Signed JWT:  eyJraWQiOiJkaWQ6a2V5Ono2TWtzekxwUEJDb2RiNm42WDFpV2oydG1Sb2JUSk1wejZwYnN6TUFzekNkTjNFVyN6Nk1rc3pMcFBCQ29kYjZuNlgxaVdqMnRtUm9iVEpNcHo2cGJzek1Bc3pDZE4zRVciLCJ0eXAiOiJKV1QiLCJhbGciOiJFZERTQSJ9.eyJzdWIiOiJkaWQ6a2V5Ono2TWtuVTcyTW9QM0ZScGVkN0pGNTNnbll2cUZhajhOaTZZWmRxWHFQWGpvNTNncSIsIm5iZiI6MTcyNjEzMzk4OCwiaXNzIjoiZGlkOmtleTp6Nk1rc3pMcFBCQ29kYjZuNlgxaVdqMnRtUm9iVEpNcHo2cGJzek1Bc3pDZE4zRVciLCJpYXQiOjE3MjYxMzM5ODgsInZjIjp7InR5cGUiOlsiVmVyaWZpYWJsZUNyZWRlbnRpYWwiLCJWZXJpZmlhYmxlQXR0ZXN0YXRpb24iLCJWZXJpZmlhYmxlSWQiXSwiQGNvbnRleHQiOlsiaHR0cHM6Ly93d3cudzMub3JnLzIwMTgvY3JlZGVudGlhbHMvdjEiXSwiaWQiOiJ1cm46dXVpZDo3NjlhMDgzMC0xNDlmLTQ0MmYtYTFmZC01ZWY0NTg3ZWE2YWUiLCJpc3N1ZXIiOiJkaWQ6a2V5Ono2TWtzekxwUEJDb2RiNm42WDFpV2oydG1Sb2JUSk1wejZwYnN6TUFzekNkTjNFVyIsImlzc3VhbmNlRGF0ZSI6IjIwMjQtMDktMTJUMDk6Mzk6NDhaIiwiaXNzdWVkIjoiMjAyNC0wOS0xMlQwOTozOTo0OFoiLCJ2YWxpZEZyb20iOiIyMDI0LTA5LTEyVDA5OjM5OjQ4WiIsImNyZWRlbnRpYWxTY2hlbWEiOnsiaWQiOiJodHRwczovL3Jhdy5naXRodWJ1c2VyY29udGVudC5jb20vd2FsdC1pZC93YWx0aWQtc3Npa2l0LXZjbGliL21hc3Rlci9zcmMvdGVzdC9yZXNvdXJjZXMvc2NoZW1hcy9WZXJpZmlhYmxlSWQuanNvbiIsInR5cGUiOiJGdWxsSnNvblNjaGVtYVZhbGlkYXRvcjIwMjEifSwiY3JlZGVudGlhbFN1YmplY3QiOnsiaWQiOiJkaWQ6a2V5Ono2TWtuVTcyTW9QM0ZScGVkN0pGNTNnbll2cUZhajhOaTZZWmRxWHFQWGpvNTNncSIsImN1cnJlbnRBZGRyZXNzIjpbIjEgQm91bGV2YXJkIGRlIGxhIExpYmVydMOpLCA1OTgwMCBMaWxsZSJdLCJkYXRlT2ZCaXJ0aCI6IjE5OTMtMDQtMDgiLCJmYW1pbHlOYW1lIjoiRE9FIiwiZmlyc3ROYW1lIjoiSmFuZSIsImdlbmRlciI6IkZFTUFMRSIsIm5hbWVBbmRGYW1pbHlOYW1lQXRCaXJ0aCI6IkphbmUgRE9FIiwicGVyc29uYWxJZGVudGlmaWVyIjoiMDkwNDAwODA4NEgiLCJwbGFjZU9mQmlydGgiOiJMSUxMRSwgRlJBTkNFIn0sImV2aWRlbmNlIjpbeyJkb2N1bWVudFByZXNlbmNlIjpbIlBoeXNpY2FsIl0sImV2aWRlbmNlRG9jdW1lbnQiOlsiUGFzc3BvcnQiXSwic3ViamVjdFByZXNlbmNlIjoiUGh5c2ljYWwiLCJ0eXBlIjpbIkRvY3VtZW50VmVyaWZpY2F0aW9uIl0sInZlcmlmaWVyIjoiZGlkOmVic2k6MkE5Qlo5U1VlNkJhdGFjU3B2czFWNUNkakh2THBRN2JFc2kySmI2TGRIS25ReGFOIn1dfSwianRpIjoidXJuOnV1aWQ6NzY5YTA4MzAtMTQ5Zi00NDJmLWExZmQtNWVmNDU4N2VhNmFlIn0.rrXp-jJx5k4HgWF6BB8hJcFVHxiCNciKRZfCs7otERpYSIwklPdH2OURCNpPu3r6Gm-ZJn4BIhxO-ociS478DQ
12872 [pool-1-thread-1 @coroutine#871] DEBUG id.walt.signatory.WaltIdSignatory - Signed VC is: eyJraWQiOiJkaWQ6a2V5Ono2TWtzekxwUEJDb2RiNm42WDFpV2oydG1Sb2JUSk1wejZwYnN6TUFzekNkTjNFVyN6Nk1rc3pMcFBCQ29kYjZuNlgxaVdqMnRtUm9iVEpNcHo2cGJzek1Bc3pDZE4zRVciLCJ0eXAiOiJKV1QiLCJhbGciOiJFZERTQSJ9.eyJzdWIiOiJkaWQ6a2V5Ono2TWtuVTcyTW9QM0ZScGVkN0pGNTNnbll2cUZhajhOaTZZWmRxWHFQWGpvNTNncSIsIm5iZiI6MTcyNjEzMzk4OCwiaXNzIjoiZGlkOmtleTp6Nk1rc3pMcFBCQ29kYjZuNlgxaVdqMnRtUm9iVEpNcHo2cGJzek1Bc3pDZE4zRVciLCJpYXQiOjE3MjYxMzM5ODgsInZjIjp7InR5cGUiOlsiVmVyaWZpYWJsZUNyZWRlbnRpYWwiLCJWZXJpZmlhYmxlQXR0ZXN0YXRpb24iLCJWZXJpZmlhYmxlSWQiXSwiQGNvbnRleHQiOlsiaHR0cHM6Ly93d3cudzMub3JnLzIwMTgvY3JlZGVudGlhbHMvdjEiXSwiaWQiOiJ1cm46dXVpZDo3NjlhMDgzMC0xNDlmLTQ0MmYtYTFmZC01ZWY0NTg3ZWE2YWUiLCJpc3N1ZXIiOiJkaWQ6a2V5Ono2TWtzekxwUEJDb2RiNm42WDFpV2oydG1Sb2JUSk1wejZwYnN6TUFzekNkTjNFVyIsImlzc3VhbmNlRGF0ZSI6IjIwMjQtMDktMTJUMDk6Mzk6NDhaIiwiaXNzdWVkIjoiMjAyNC0wOS0xMlQwOTozOTo0OFoiLCJ2YWxpZEZyb20iOiIyMDI0LTA5LTEyVDA5OjM5OjQ4WiIsImNyZWRlbnRpYWxTY2hlbWEiOnsiaWQiOiJodHRwczovL3Jhdy5naXRodWJ1c2VyY29udGVudC5jb20vd2FsdC1pZC93YWx0aWQtc3Npa2l0LXZjbGliL21hc3Rlci9zcmMvdGVzdC9yZXNvdXJjZXMvc2NoZW1hcy9WZXJpZmlhYmxlSWQuanNvbiIsInR5cGUiOiJGdWxsSnNvblNjaGVtYVZhbGlkYXRvcjIwMjEifSwiY3JlZGVudGlhbFN1YmplY3QiOnsiaWQiOiJkaWQ6a2V5Ono2TWtuVTcyTW9QM0ZScGVkN0pGNTNnbll2cUZhajhOaTZZWmRxWHFQWGpvNTNncSIsImN1cnJlbnRBZGRyZXNzIjpbIjEgQm91bGV2YXJkIGRlIGxhIExpYmVydMOpLCA1OTgwMCBMaWxsZSJdLCJkYXRlT2ZCaXJ0aCI6IjE5OTMtMDQtMDgiLCJmYW1pbHlOYW1lIjoiRE9FIiwiZmlyc3ROYW1lIjoiSmFuZSIsImdlbmRlciI6IkZFTUFMRSIsIm5hbWVBbmRGYW1pbHlOYW1lQXRCaXJ0aCI6IkphbmUgRE9FIiwicGVyc29uYWxJZGVudGlmaWVyIjoiMDkwNDAwODA4NEgiLCJwbGFjZU9mQmlydGgiOiJMSUxMRSwgRlJBTkNFIn0sImV2aWRlbmNlIjpbeyJkb2N1bWVudFByZXNlbmNlIjpbIlBoeXNpY2FsIl0sImV2aWRlbmNlRG9jdW1lbnQiOlsiUGFzc3BvcnQiXSwic3ViamVjdFByZXNlbmNlIjoiUGh5c2ljYWwiLCJ0eXBlIjpbIkRvY3VtZW50VmVyaWZpY2F0aW9uIl0sInZlcmlmaWVyIjoiZGlkOmVic2k6MkE5Qlo5U1VlNkJhdGFjU3B2czFWNUNkakh2THBRN2JFc2kySmI2TGRIS25ReGFOIn1dfSwianRpIjoidXJuOnV1aWQ6NzY5YTA4MzAtMTQ5Zi00NDJmLWExZmQtNWVmNDU4N2VhNmFlIn0.rrXp-jJx5k4HgWF6BB8hJcFVHxiCNciKRZfCs7otERpYSIwklPdH2OURCNpPu3r6Gm-ZJn4BIhxO-ociS478DQ
12872 [pool-1-thread-1 @coroutine#871] DEBUG id.walt.services.vc.WaltIdJwtCredentialService - Creating a presentation for VCs:
[PresentableCredential(verifiableCredential=eyJraWQiOiJkaWQ6a2V5Ono2TWtzekxwUEJDb2RiNm42WDFpV2oydG1Sb2JUSk1wejZwYnN6TUFzekNkTjNFVyN6Nk1rc3pMcFBCQ29kYjZuNlgxaVdqMnRtUm9iVEpNcHo2cGJzek1Bc3pDZE4zRVciLCJ0eXAiOiJKV1QiLCJhbGciOiJFZERTQSJ9.eyJzdWIiOiJkaWQ6a2V5Ono2TWtuVTcyTW9QM0ZScGVkN0pGNTNnbll2cUZhajhOaTZZWmRxWHFQWGpvNTNncSIsIm5iZiI6MTcyNjEzMzk4OCwiaXNzIjoiZGlkOmtleTp6Nk1rc3pMcFBCQ29kYjZuNlgxaVdqMnRtUm9iVEpNcHo2cGJzek1Bc3pDZE4zRVciLCJpYXQiOjE3MjYxMzM5ODgsInZjIjp7InR5cGUiOlsiVmVyaWZpYWJsZUNyZWRlbnRpYWwiLCJWZXJpZmlhYmxlQXR0ZXN0YXRpb24iLCJWZXJpZmlhYmxlSWQiXSwiQGNvbnRleHQiOlsiaHR0cHM6Ly93d3cudzMub3JnLzIwMTgvY3JlZGVudGlhbHMvdjEiXSwiaWQiOiJ1cm46dXVpZDo3NjlhMDgzMC0xNDlmLTQ0MmYtYTFmZC01ZWY0NTg3ZWE2YWUiLCJpc3N1ZXIiOiJkaWQ6a2V5Ono2TWtzekxwUEJDb2RiNm42WDFpV2oydG1Sb2JUSk1wejZwYnN6TUFzekNkTjNFVyIsImlzc3VhbmNlRGF0ZSI6IjIwMjQtMDktMTJUMDk6Mzk6NDhaIiwiaXNzdWVkIjoiMjAyNC0wOS0xMlQwOTozOTo0OFoiLCJ2YWxpZEZyb20iOiIyMDI0LTA5LTEyVDA5OjM5OjQ4WiIsImNyZWRlbnRpYWxTY2hlbWEiOnsiaWQiOiJodHRwczovL3Jhdy5naXRodWJ1c2VyY29udGVudC5jb20vd2FsdC1pZC93YWx0aWQtc3Npa2l0LXZjbGliL21hc3Rlci9zcmMvdGVzdC9yZXNvdXJjZXMvc2NoZW1hcy9WZXJpZmlhYmxlSWQuanNvbiIsInR5cGUiOiJGdWxsSnNvblNjaGVtYVZhbGlkYXRvcjIwMjEifSwiY3JlZGVudGlhbFN1YmplY3QiOnsiaWQiOiJkaWQ6a2V5Ono2TWtuVTcyTW9QM0ZScGVkN0pGNTNnbll2cUZhajhOaTZZWmRxWHFQWGpvNTNncSIsImN1cnJlbnRBZGRyZXNzIjpbIjEgQm91bGV2YXJkIGRlIGxhIExpYmVydMOpLCA1OTgwMCBMaWxsZSJdLCJkYXRlT2ZCaXJ0aCI6IjE5OTMtMDQtMDgiLCJmYW1pbHlOYW1lIjoiRE9FIiwiZmlyc3ROYW1lIjoiSmFuZSIsImdlbmRlciI6IkZFTUFMRSIsIm5hbWVBbmRGYW1pbHlOYW1lQXRCaXJ0aCI6IkphbmUgRE9FIiwicGVyc29uYWxJZGVudGlmaWVyIjoiMDkwNDAwODA4NEgiLCJwbGFjZU9mQmlydGgiOiJMSUxMRSwgRlJBTkNFIn0sImV2aWRlbmNlIjpbeyJkb2N1bWVudFByZXNlbmNlIjpbIlBoeXNpY2FsIl0sImV2aWRlbmNlRG9jdW1lbnQiOlsiUGFzc3BvcnQiXSwic3ViamVjdFByZXNlbmNlIjoiUGh5c2ljYWwiLCJ0eXBlIjpbIkRvY3VtZW50VmVyaWZpY2F0aW9uIl0sInZlcmlmaWVyIjoiZGlkOmVic2k6MkE5Qlo5U1VlNkJhdGFjU3B2czFWNUNkakh2THBRN2JFc2kySmI2TGRIS25ReGFOIn1dfSwianRpIjoidXJuOnV1aWQ6NzY5YTA4MzAtMTQ5Zi00NDJmLWExZmQtNWVmNDU4N2VhNmFlIn0.rrXp-jJx5k4HgWF6BB8hJcFVHxiCNciKRZfCs7otERpYSIwklPdH2OURCNpPu3r6Gm-ZJn4BIhxO-ociS478DQ, selectiveDisclosure=null, discloseAll=false)]
12872 [pool-1-thread-1 @coroutine#871] DEBUG id.walt.model.DidUrl - Trying to create DidUrl from URL: "did:key:z6MknU72MoP3FRped7JF53gnYvqFaj8Ni6YZdqXqPXjo53gq"...
12874 [pool-1-thread-1 @coroutine#871] DEBUG id.walt.services.vc.WaltIdJwtCredentialService - Signing JWT object with config: ProofConfig(issuerDid=did:key:z6MknU72MoP3FRped7JF53gnYvqFaj8Ni6YZdqXqPXjo53gq, subjectDid=did:key:z6MknU72MoP3FRped7JF53gnYvqFaj8Ni6YZdqXqPXjo53gq, verifierDid=null, issuerVerificationMethod=did:key:z6MknU72MoP3FRped7JF53gnYvqFaj8Ni6YZdqXqPXjo53gq#z6MknU72MoP3FRped7JF53gnYvqFaj8Ni6YZdqXqPXjo53gq, proofType=JWT, domain=null, nonce=null, proofPurpose=null, credentialId=urn:uuid:e092c345-82d7-4d0c-9662-cbdfe46d2f6a, issueDate=null, validDate=null, expirationDate=null, dataProviderIdentifier=null, ldSignatureType=null, creator=did:key:z6MknU72MoP3FRped7JF53gnYvqFaj8Ni6YZdqXqPXjo53gq, ecosystem=DEFAULT, statusType=null, statusPurpose=revocation, credentialsEndpoint=null, selectiveDisclosure=null)
12874 [pool-1-thread-1 @coroutine#871] DEBUG id.walt.services.vc.WaltIdJwtCredentialService - Signing: {"sub":"did:key:z6MknU72MoP3FRped7JF53gnYvqFaj8Ni6YZdqXqPXjo53gq","nbf":1726133988,"iss":"did:key:z6MknU72MoP3FRped7JF53gnYvqFaj8Ni6YZdqXqPXjo53gq","vp":{"type":["VerifiablePresentation"],"@context":["https://www.w3.org/2018/credentials/v1"],"id":"urn:uuid:e092c345-82d7-4d0c-9662-cbdfe46d2f6a","holder":"did:key:z6MknU72MoP3FRped7JF53gnYvqFaj8Ni6YZdqXqPXjo53gq","verifiableCredential":["eyJraWQiOiJkaWQ6a2V5Ono2TWtzekxwUEJDb2RiNm42WDFpV2oydG1Sb2JUSk1wejZwYnN6TUFzekNkTjNFVyN6Nk1rc3pMcFBCQ29kYjZuNlgxaVdqMnRtUm9iVEpNcHo2cGJzek1Bc3pDZE4zRVciLCJ0eXAiOiJKV1QiLCJhbGciOiJFZERTQSJ9.eyJzdWIiOiJkaWQ6a2V5Ono2TWtuVTcyTW9QM0ZScGVkN0pGNTNnbll2cUZhajhOaTZZWmRxWHFQWGpvNTNncSIsIm5iZiI6MTcyNjEzMzk4OCwiaXNzIjoiZGlkOmtleTp6Nk1rc3pMcFBCQ29kYjZuNlgxaVdqMnRtUm9iVEpNcHo2cGJzek1Bc3pDZE4zRVciLCJpYXQiOjE3MjYxMzM5ODgsInZjIjp7InR5cGUiOlsiVmVyaWZpYWJsZUNyZWRlbnRpYWwiLCJWZXJpZmlhYmxlQXR0ZXN0YXRpb24iLCJWZXJpZmlhYmxlSWQiXSwiQGNvbnRleHQiOlsiaHR0cHM6Ly93d3cudzMub3JnLzIwMTgvY3JlZGVudGlhbHMvdjEiXSwiaWQiOiJ1cm46dXVpZDo3NjlhMDgzMC0xNDlmLTQ0MmYtYTFmZC01ZWY0NTg3ZWE2YWUiLCJpc3N1ZXIiOiJkaWQ6a2V5Ono2TWtzekxwUEJDb2RiNm42WDFpV2oydG1Sb2JUSk1wejZwYnN6TUFzekNkTjNFVyIsImlzc3VhbmNlRGF0ZSI6IjIwMjQtMDktMTJUMDk6Mzk6NDhaIiwiaXNzdWVkIjoiMjAyNC0wOS0xMlQwOTozOTo0OFoiLCJ2YWxpZEZyb20iOiIyMDI0LTA5LTEyVDA5OjM5OjQ4WiIsImNyZWRlbnRpYWxTY2hlbWEiOnsiaWQiOiJodHRwczovL3Jhdy5naXRodWJ1c2VyY29udGVudC5jb20vd2FsdC1pZC93YWx0aWQtc3Npa2l0LXZjbGliL21hc3Rlci9zcmMvdGVzdC9yZXNvdXJjZXMvc2NoZW1hcy9WZXJpZmlhYmxlSWQuanNvbiIsInR5cGUiOiJGdWxsSnNvblNjaGVtYVZhbGlkYXRvcjIwMjEifSwiY3JlZGVudGlhbFN1YmplY3QiOnsiaWQiOiJkaWQ6a2V5Ono2TWtuVTcyTW9QM0ZScGVkN0pGNTNnbll2cUZhajhOaTZZWmRxWHFQWGpvNTNncSIsImN1cnJlbnRBZGRyZXNzIjpbIjEgQm91bGV2YXJkIGRlIGxhIExpYmVydMOpLCA1OTgwMCBMaWxsZSJdLCJkYXRlT2ZCaXJ0aCI6IjE5OTMtMDQtMDgiLCJmYW1pbHlOYW1lIjoiRE9FIiwiZmlyc3ROYW1lIjoiSmFuZSIsImdlbmRlciI6IkZFTUFMRSIsIm5hbWVBbmRGYW1pbHlOYW1lQXRCaXJ0aCI6IkphbmUgRE9FIiwicGVyc29uYWxJZGVudGlmaWVyIjoiMDkwNDAwODA4NEgiLCJwbGFjZU9mQmlydGgiOiJMSUxMRSwgRlJBTkNFIn0sImV2aWRlbmNlIjpbeyJkb2N1bWVudFByZXNlbmNlIjpbIlBoeXNpY2FsIl0sImV2aWRlbmNlRG9jdW1lbnQiOlsiUGFzc3BvcnQiXSwic3ViamVjdFByZXNlbmNlIjoiUGh5c2ljYWwiLCJ0eXBlIjpbIkRvY3VtZW50VmVyaWZpY2F0aW9uIl0sInZlcmlmaWVyIjoiZGlkOmVic2k6MkE5Qlo5U1VlNkJhdGFjU3B2czFWNUNkakh2THBRN2JFc2kySmI2TGRIS25ReGFOIn1dfSwianRpIjoidXJuOnV1aWQ6NzY5YTA4MzAtMTQ5Zi00NDJmLWExZmQtNWVmNDU4N2VhNmFlIn0.rrXp-jJx5k4HgWF6BB8hJcFVHxiCNciKRZfCs7otERpYSIwklPdH2OURCNpPu3r6Gm-ZJn4BIhxO-ociS478DQ"]},"iat":1726133988,"jti":"urn:uuid:e092c345-82d7-4d0c-9662-cbdfe46d2f6a"}
12874 [pool-1-thread-1 @coroutine#871] DEBUG id.walt.services.keystore.HKVKeyStoreService - Loading key "did:key:z6MknU72MoP3FRped7JF53gnYvqFaj8Ni6YZdqXqPXjo53gq#z6MknU72MoP3FRped7JF53gnYvqFaj8Ni6YZdqXqPXjo53gq".
12874 [pool-1-thread-1 @coroutine#871] DEBUG id.walt.services.jwt.WaltIdJwtService - Signing JWT with algorithm: EdDSA_Ed25519
12874 [pool-1-thread-1 @coroutine#871] DEBUG id.walt.model.DidUrl - Trying to create DidUrl from URL: "did:key:z6MknU72MoP3FRped7JF53gnYvqFaj8Ni6YZdqXqPXjo53gq#z6MknU72MoP3FRped7JF53gnYvqFaj8Ni6YZdqXqPXjo53gq"...
12875 [pool-1-thread-1 @coroutine#871] DEBUG id.walt.services.keystore.HKVKeyStoreService - Loading key "18ab803c89704d3a8cc85b96c4beaa1c".
12875 [pool-1-thread-1 @coroutine#871] DEBUG id.walt.services.jwt.WaltIdJwtService - Signed JWT:  eyJraWQiOiJkaWQ6a2V5Ono2TWtuVTcyTW9QM0ZScGVkN0pGNTNnbll2cUZhajhOaTZZWmRxWHFQWGpvNTNncSN6Nk1rblU3Mk1vUDNGUnBlZDdKRjUzZ25ZdnFGYWo4Tmk2WVpkcVhxUFhqbzUzZ3EiLCJ0eXAiOiJKV1QiLCJhbGciOiJFZERTQSJ9.eyJzdWIiOiJkaWQ6a2V5Ono2TWtuVTcyTW9QM0ZScGVkN0pGNTNnbll2cUZhajhOaTZZWmRxWHFQWGpvNTNncSIsIm5iZiI6MTcyNjEzMzk4OCwiaXNzIjoiZGlkOmtleTp6Nk1rblU3Mk1vUDNGUnBlZDdKRjUzZ25ZdnFGYWo4Tmk2WVpkcVhxUFhqbzUzZ3EiLCJ2cCI6eyJ0eXBlIjpbIlZlcmlmaWFibGVQcmVzZW50YXRpb24iXSwiQGNvbnRleHQiOlsiaHR0cHM6Ly93d3cudzMub3JnLzIwMTgvY3JlZGVudGlhbHMvdjEiXSwiaWQiOiJ1cm46dXVpZDplMDkyYzM0NS04MmQ3LTRkMGMtOTY2Mi1jYmRmZTQ2ZDJmNmEiLCJob2xkZXIiOiJkaWQ6a2V5Ono2TWtuVTcyTW9QM0ZScGVkN0pGNTNnbll2cUZhajhOaTZZWmRxWHFQWGpvNTNncSIsInZlcmlmaWFibGVDcmVkZW50aWFsIjpbImV5SnJhV1FpT2lKa2FXUTZhMlY1T25vMlRXdHpla3h3VUVKRGIyUmlObTQyV0RGcFYyb3lkRzFTYjJKVVNrMXdlalp3WW5ONlRVRnpla05rVGpORlZ5TjZOazFyYzNwTWNGQkNRMjlrWWpadU5sZ3hhVmRxTW5SdFVtOWlWRXBOY0hvMmNHSnplazFCYzNwRFpFNHpSVmNpTENKMGVYQWlPaUpLVjFRaUxDSmhiR2NpT2lKRlpFUlRRU0o5LmV5SnpkV0lpT2lKa2FXUTZhMlY1T25vMlRXdHVWVGN5VFc5UU0wWlNjR1ZrTjBwR05UTm5ibGwyY1VaaGFqaE9hVFpaV21SeFdIRlFXR3B2TlRObmNTSXNJbTVpWmlJNk1UY3lOakV6TXprNE9Dd2lhWE56SWpvaVpHbGtPbXRsZVRwNk5rMXJjM3BNY0ZCQ1EyOWtZalp1TmxneGFWZHFNblJ0VW05aVZFcE5jSG8yY0dKemVrMUJjM3BEWkU0elJWY2lMQ0pwWVhRaU9qRTNNall4TXpNNU9EZ3NJblpqSWpwN0luUjVjR1VpT2xzaVZtVnlhV1pwWVdKc1pVTnlaV1JsYm5ScFlXd2lMQ0pXWlhKcFptbGhZbXhsUVhSMFpYTjBZWFJwYjI0aUxDSldaWEpwWm1saFlteGxTV1FpWFN3aVFHTnZiblJsZUhRaU9sc2lhSFIwY0hNNkx5OTNkM2N1ZHpNdWIzSm5Mekl3TVRndlkzSmxaR1Z1ZEdsaGJITXZkakVpWFN3aWFXUWlPaUoxY200NmRYVnBaRG8zTmpsaE1EZ3pNQzB4TkRsbUxUUTBNbVl0WVRGbVpDMDFaV1kwTlRnM1pXRTJZV1VpTENKcGMzTjFaWElpT2lKa2FXUTZhMlY1T25vMlRXdHpla3h3VUVKRGIyUmlObTQyV0RGcFYyb3lkRzFTYjJKVVNrMXdlalp3WW5ONlRVRnpla05rVGpORlZ5SXNJbWx6YzNWaGJtTmxSR0YwWlNJNklqSXdNalF0TURrdE1USlVNRGs2TXprNk5EaGFJaXdpYVhOemRXVmtJam9pTWpBeU5DMHdPUzB4TWxRd09Ub3pPVG8wT0ZvaUxDSjJZV3hwWkVaeWIyMGlPaUl5TURJMExUQTVMVEV5VkRBNU9qTTVPalE0V2lJc0ltTnlaV1JsYm5ScFlXeFRZMmhsYldFaU9uc2lhV1FpT2lKb2RIUndjem92TDNKaGR5NW5hWFJvZFdKMWMyVnlZMjl1ZEdWdWRDNWpiMjB2ZDJGc2RDMXBaQzkzWVd4MGFXUXRjM05wYTJsMExYWmpiR2xpTDIxaGMzUmxjaTl6Y21NdmRHVnpkQzl5WlhOdmRYSmpaWE12YzJOb1pXMWhjeTlXWlhKcFptbGhZbXhsU1dRdWFuTnZiaUlzSW5SNWNHVWlPaUpHZFd4c1NuTnZibE5qYUdWdFlWWmhiR2xrWVhSdmNqSXdNakVpZlN3aVkzSmxaR1Z1ZEdsaGJGTjFZbXBsWTNRaU9uc2lhV1FpT2lKa2FXUTZhMlY1T25vMlRXdHVWVGN5VFc5UU0wWlNjR1ZrTjBwR05UTm5ibGwyY1VaaGFqaE9hVFpaV21SeFdIRlFXR3B2TlRObmNTSXNJbU4xY25KbGJuUkJaR1J5WlhOeklqcGJJakVnUW05MWJHVjJZWEprSUdSbElHeGhJRXhwWW1WeWRNT3BMQ0ExT1Rnd01DQk1hV3hzWlNKZExDSmtZWFJsVDJaQ2FYSjBhQ0k2SWpFNU9UTXRNRFF0TURnaUxDSm1ZVzFwYkhsT1lXMWxJam9pUkU5Rklpd2labWx5YzNST1lXMWxJam9pU21GdVpTSXNJbWRsYm1SbGNpSTZJa1pGVFVGTVJTSXNJbTVoYldWQmJtUkdZVzFwYkhsT1lXMWxRWFJDYVhKMGFDSTZJa3BoYm1VZ1JFOUZJaXdpY0dWeWMyOXVZV3hKWkdWdWRHbG1hV1Z5SWpvaU1Ea3dOREF3T0RBNE5FZ2lMQ0p3YkdGalpVOW1RbWx5ZEdnaU9pSk1TVXhNUlN3Z1JsSkJUa05GSW4wc0ltVjJhV1JsYm1ObElqcGJleUprYjJOMWJXVnVkRkJ5WlhObGJtTmxJanBiSWxCb2VYTnBZMkZzSWwwc0ltVjJhV1JsYm1ObFJHOWpkVzFsYm5RaU9sc2lVR0Z6YzNCdmNuUWlYU3dpYzNWaWFtVmpkRkJ5WlhObGJtTmxJam9pVUdoNWMybGpZV3dpTENKMGVYQmxJanBiSWtSdlkzVnRaVzUwVm1WeWFXWnBZMkYwYVc5dUlsMHNJblpsY21sbWFXVnlJam9pWkdsa09tVmljMms2TWtFNVFsbzVVMVZsTmtKaGRHRmpVM0IyY3pGV05VTmtha2gyVEhCUk4ySkZjMmt5U21JMlRHUklTMjVSZUdGT0luMWRmU3dpYW5ScElqb2lkWEp1T25WMWFXUTZOelk1WVRBNE16QXRNVFE1WmkwME5ESm1MV0V4Wm1RdE5XVm1ORFU0TjJWaE5tRmxJbjAucnJYcC1qSng1azRIZ1dGNkJCOGhKY0ZWSHhpQ05jaUtSWmZDczdvdEVScFlTSXdrbFBkSDJPVVJDTnBQdTNyNkdtLVpKbjRCSWh4Ty1vY2lTNDc4RFEiXX0sImlhdCI6MTcyNjEzMzk4OCwianRpIjoidXJuOnV1aWQ6ZTA5MmMzNDUtODJkNy00ZDBjLTk2NjItY2JkZmU0NmQyZjZhIn0.X7hjJ_Pb43AEbWngy13UsHk8FAm5J1gtqiuiPZg4753g4E5-KHRPrDpQr6237IC1DuYIuw7vJDfQAuKZIVsTCg
12875 [pool-1-thread-1 @coroutine#871] DEBUG id.walt.services.vc.WaltIdJwtCredentialService - VP created:eyJraWQiOiJkaWQ6a2V5Ono2TWtuVTcyTW9QM0ZScGVkN0pGNTNnbll2cUZhajhOaTZZWmRxWHFQWGpvNTNncSN6Nk1rblU3Mk1vUDNGUnBlZDdKRjUzZ25ZdnFGYWo4Tmk2WVpkcVhxUFhqbzUzZ3EiLCJ0eXAiOiJKV1QiLCJhbGciOiJFZERTQSJ9.eyJzdWIiOiJkaWQ6a2V5Ono2TWtuVTcyTW9QM0ZScGVkN0pGNTNnbll2cUZhajhOaTZZWmRxWHFQWGpvNTNncSIsIm5iZiI6MTcyNjEzMzk4OCwiaXNzIjoiZGlkOmtleTp6Nk1rblU3Mk1vUDNGUnBlZDdKRjUzZ25ZdnFGYWo4Tmk2WVpkcVhxUFhqbzUzZ3EiLCJ2cCI6eyJ0eXBlIjpbIlZlcmlmaWFibGVQcmVzZW50YXRpb24iXSwiQGNvbnRleHQiOlsiaHR0cHM6Ly93d3cudzMub3JnLzIwMTgvY3JlZGVudGlhbHMvdjEiXSwiaWQiOiJ1cm46dXVpZDplMDkyYzM0NS04MmQ3LTRkMGMtOTY2Mi1jYmRmZTQ2ZDJmNmEiLCJob2xkZXIiOiJkaWQ6a2V5Ono2TWtuVTcyTW9QM0ZScGVkN0pGNTNnbll2cUZhajhOaTZZWmRxWHFQWGpvNTNncSIsInZlcmlmaWFibGVDcmVkZW50aWFsIjpbImV5SnJhV1FpT2lKa2FXUTZhMlY1T25vMlRXdHpla3h3VUVKRGIyUmlObTQyV0RGcFYyb3lkRzFTYjJKVVNrMXdlalp3WW5ONlRVRnpla05rVGpORlZ5TjZOazFyYzNwTWNGQkNRMjlrWWpadU5sZ3hhVmRxTW5SdFVtOWlWRXBOY0hvMmNHSnplazFCYzNwRFpFNHpSVmNpTENKMGVYQWlPaUpLVjFRaUxDSmhiR2NpT2lKRlpFUlRRU0o5LmV5SnpkV0lpT2lKa2FXUTZhMlY1T25vMlRXdHVWVGN5VFc5UU0wWlNjR1ZrTjBwR05UTm5ibGwyY1VaaGFqaE9hVFpaV21SeFdIRlFXR3B2TlRObmNTSXNJbTVpWmlJNk1UY3lOakV6TXprNE9Dd2lhWE56SWpvaVpHbGtPbXRsZVRwNk5rMXJjM3BNY0ZCQ1EyOWtZalp1TmxneGFWZHFNblJ0VW05aVZFcE5jSG8yY0dKemVrMUJjM3BEWkU0elJWY2lMQ0pwWVhRaU9qRTNNall4TXpNNU9EZ3NJblpqSWpwN0luUjVjR1VpT2xzaVZtVnlhV1pwWVdKc1pVTnlaV1JsYm5ScFlXd2lMQ0pXWlhKcFptbGhZbXhsUVhSMFpYTjBZWFJwYjI0aUxDSldaWEpwWm1saFlteGxTV1FpWFN3aVFHTnZiblJsZUhRaU9sc2lhSFIwY0hNNkx5OTNkM2N1ZHpNdWIzSm5Mekl3TVRndlkzSmxaR1Z1ZEdsaGJITXZkakVpWFN3aWFXUWlPaUoxY200NmRYVnBaRG8zTmpsaE1EZ3pNQzB4TkRsbUxUUTBNbVl0WVRGbVpDMDFaV1kwTlRnM1pXRTJZV1VpTENKcGMzTjFaWElpT2lKa2FXUTZhMlY1T25vMlRXdHpla3h3VUVKRGIyUmlObTQyV0RGcFYyb3lkRzFTYjJKVVNrMXdlalp3WW5ONlRVRnpla05rVGpORlZ5SXNJbWx6YzNWaGJtTmxSR0YwWlNJNklqSXdNalF0TURrdE1USlVNRGs2TXprNk5EaGFJaXdpYVhOemRXVmtJam9pTWpBeU5DMHdPUzB4TWxRd09Ub3pPVG8wT0ZvaUxDSjJZV3hwWkVaeWIyMGlPaUl5TURJMExUQTVMVEV5VkRBNU9qTTVPalE0V2lJc0ltTnlaV1JsYm5ScFlXeFRZMmhsYldFaU9uc2lhV1FpT2lKb2RIUndjem92TDNKaGR5NW5hWFJvZFdKMWMyVnlZMjl1ZEdWdWRDNWpiMjB2ZDJGc2RDMXBaQzkzWVd4MGFXUXRjM05wYTJsMExYWmpiR2xpTDIxaGMzUmxjaTl6Y21NdmRHVnpkQzl5WlhOdmRYSmpaWE12YzJOb1pXMWhjeTlXWlhKcFptbGhZbXhsU1dRdWFuTnZiaUlzSW5SNWNHVWlPaUpHZFd4c1NuTnZibE5qYUdWdFlWWmhiR2xrWVhSdmNqSXdNakVpZlN3aVkzSmxaR1Z1ZEdsaGJGTjFZbXBsWTNRaU9uc2lhV1FpT2lKa2FXUTZhMlY1T25vMlRXdHVWVGN5VFc5UU0wWlNjR1ZrTjBwR05UTm5ibGwyY1VaaGFqaE9hVFpaV21SeFdIRlFXR3B2TlRObmNTSXNJbU4xY25KbGJuUkJaR1J5WlhOeklqcGJJakVnUW05MWJHVjJZWEprSUdSbElHeGhJRXhwWW1WeWRNT3BMQ0ExT1Rnd01DQk1hV3hzWlNKZExDSmtZWFJsVDJaQ2FYSjBhQ0k2SWpFNU9UTXRNRFF0TURnaUxDSm1ZVzFwYkhsT1lXMWxJam9pUkU5Rklpd2labWx5YzNST1lXMWxJam9pU21GdVpTSXNJbWRsYm1SbGNpSTZJa1pGVFVGTVJTSXNJbTVoYldWQmJtUkdZVzFwYkhsT1lXMWxRWFJDYVhKMGFDSTZJa3BoYm1VZ1JFOUZJaXdpY0dWeWMyOXVZV3hKWkdWdWRHbG1hV1Z5SWpvaU1Ea3dOREF3T0RBNE5FZ2lMQ0p3YkdGalpVOW1RbWx5ZEdnaU9pSk1TVXhNUlN3Z1JsSkJUa05GSW4wc0ltVjJhV1JsYm1ObElqcGJleUprYjJOMWJXVnVkRkJ5WlhObGJtTmxJanBiSWxCb2VYTnBZMkZzSWwwc0ltVjJhV1JsYm1ObFJHOWpkVzFsYm5RaU9sc2lVR0Z6YzNCdmNuUWlYU3dpYzNWaWFtVmpkRkJ5WlhObGJtTmxJam9pVUdoNWMybGpZV3dpTENKMGVYQmxJanBiSWtSdlkzVnRaVzUwVm1WeWFXWnBZMkYwYVc5dUlsMHNJblpsY21sbWFXVnlJam9pWkdsa09tVmljMms2TWtFNVFsbzVVMVZsTmtKaGRHRmpVM0IyY3pGV05VTmtha2gyVEhCUk4ySkZjMmt5U21JMlRHUklTMjVSZUdGT0luMWRmU3dpYW5ScElqb2lkWEp1T25WMWFXUTZOelk1WVRBNE16QXRNVFE1WmkwME5ESm1MV0V4Wm1RdE5XVm1ORFU0TjJWaE5tRmxJbjAucnJYcC1qSng1azRIZ1dGNkJCOGhKY0ZWSHhpQ05jaUtSWmZDczdvdEVScFlTSXdrbFBkSDJPVVJDTnBQdTNyNkdtLVpKbjRCSWh4Ty1vY2lTNDc4RFEiXX0sImlhdCI6MTcyNjEzMzk4OCwianRpIjoidXJuOnV1aWQ6ZTA5MmMzNDUtODJkNy00ZDBjLTk2NjItY2JkZmU0NmQyZjZhIn0.X7hjJ_Pb43AEbWngy13UsHk8FAm5J1gtqiuiPZg4753g4E5-KHRPrDpQr6237IC1DuYIuw7vJDfQAuKZIVsTCg
12882 [pool-1-thread-1 @coroutine#871] DEBUG id.walt.services.oidc.OIDC4VPService - Sending SIOP response to http://localhost:9000/present
 vp_token=eyJraWQiOiJkaWQ6a2V5Ono2TWtuVTcyTW9QM0ZScGVkN0pGNTNnbll2cUZhajhOaTZZWmRxWHFQWGpvNTNncSN6Nk1rblU3Mk1vUDNGUnBlZDdKRjUzZ25ZdnFGYWo4Tmk2WVpkcVhxUFhqbzUzZ3EiLCJ0eXAiOiJKV1QiLCJhbGciOiJFZERTQSJ9.eyJzdWIiOiJkaWQ6a2V5Ono2TWtuVTcyTW9QM0ZScGVkN0pGNTNnbll2cUZhajhOaTZZWmRxWHFQWGpvNTNncSIsIm5iZiI6MTcyNjEzMzk4OCwiaXNzIjoiZGlkOmtleTp6Nk1rblU3Mk1vUDNGUnBlZDdKRjUzZ25ZdnFGYWo4Tmk2WVpkcVhxUFhqbzUzZ3EiLCJ2cCI6eyJ0eXBlIjpbIlZlcmlmaWFibGVQcmVzZW50YXRpb24iXSwiQGNvbnRleHQiOlsiaHR0cHM6Ly93d3cudzMub3JnLzIwMTgvY3JlZGVudGlhbHMvdjEiXSwiaWQiOiJ1cm46dXVpZDplMDkyYzM0NS04MmQ3LTRkMGMtOTY2Mi1jYmRmZTQ2ZDJmNmEiLCJob2xkZXIiOiJkaWQ6a2V5Ono2TWtuVTcyTW9QM0ZScGVkN0pGNTNnbll2cUZhajhOaTZZWmRxWHFQWGpvNTNncSIsInZlcmlmaWFibGVDcmVkZW50aWFsIjpbImV5SnJhV1FpT2lKa2FXUTZhMlY1T25vMlRXdHpla3h3VUVKRGIyUmlObTQyV0RGcFYyb3lkRzFTYjJKVVNrMXdlalp3WW5ONlRVRnpla05rVGpORlZ5TjZOazFyYzNwTWNGQkNRMjlrWWpadU5sZ3hhVmRxTW5SdFVtOWlWRXBOY0hvMmNHSnplazFCYzNwRFpFNHpSVmNpTENKMGVYQWlPaUpLVjFRaUxDSmhiR2NpT2lKRlpFUlRRU0o5LmV5SnpkV0lpT2lKa2FXUTZhMlY1T25vMlRXdHVWVGN5VFc5UU0wWlNjR1ZrTjBwR05UTm5ibGwyY1VaaGFqaE9hVFpaV21SeFdIRlFXR3B2TlRObmNTSXNJbTVpWmlJNk1UY3lOakV6TXprNE9Dd2lhWE56SWpvaVpHbGtPbXRsZVRwNk5rMXJjM3BNY0ZCQ1EyOWtZalp1TmxneGFWZHFNblJ0VW05aVZFcE5jSG8yY0dKemVrMUJjM3BEWkU0elJWY2lMQ0pwWVhRaU9qRTNNall4TXpNNU9EZ3NJblpqSWpwN0luUjVjR1VpT2xzaVZtVnlhV1pwWVdKc1pVTnlaV1JsYm5ScFlXd2lMQ0pXWlhKcFptbGhZbXhsUVhSMFpYTjBZWFJwYjI0aUxDSldaWEpwWm1saFlteGxTV1FpWFN3aVFHTnZiblJsZUhRaU9sc2lhSFIwY0hNNkx5OTNkM2N1ZHpNdWIzSm5Mekl3TVRndlkzSmxaR1Z1ZEdsaGJITXZkakVpWFN3aWFXUWlPaUoxY200NmRYVnBaRG8zTmpsaE1EZ3pNQzB4TkRsbUxUUTBNbVl0WVRGbVpDMDFaV1kwTlRnM1pXRTJZV1VpTENKcGMzTjFaWElpT2lKa2FXUTZhMlY1T25vMlRXdHpla3h3VUVKRGIyUmlObTQyV0RGcFYyb3lkRzFTYjJKVVNrMXdlalp3WW5ONlRVRnpla05rVGpORlZ5SXNJbWx6YzNWaGJtTmxSR0YwWlNJNklqSXdNalF0TURrdE1USlVNRGs2TXprNk5EaGFJaXdpYVhOemRXVmtJam9pTWpBeU5DMHdPUzB4TWxRd09Ub3pPVG8wT0ZvaUxDSjJZV3hwWkVaeWIyMGlPaUl5TURJMExUQTVMVEV5VkRBNU9qTTVPalE0V2lJc0ltTnlaV1JsYm5ScFlXeFRZMmhsYldFaU9uc2lhV1FpT2lKb2RIUndjem92TDNKaGR5NW5hWFJvZFdKMWMyVnlZMjl1ZEdWdWRDNWpiMjB2ZDJGc2RDMXBaQzkzWVd4MGFXUXRjM05wYTJsMExYWmpiR2xpTDIxaGMzUmxjaTl6Y21NdmRHVnpkQzl5WlhOdmRYSmpaWE12YzJOb1pXMWhjeTlXWlhKcFptbGhZbXhsU1dRdWFuTnZiaUlzSW5SNWNHVWlPaUpHZFd4c1NuTnZibE5qYUdWdFlWWmhiR2xrWVhSdmNqSXdNakVpZlN3aVkzSmxaR1Z1ZEdsaGJGTjFZbXBsWTNRaU9uc2lhV1FpT2lKa2FXUTZhMlY1T25vMlRXdHVWVGN5VFc5UU0wWlNjR1ZrTjBwR05UTm5ibGwyY1VaaGFqaE9hVFpaV21SeFdIRlFXR3B2TlRObmNTSXNJbU4xY25KbGJuUkJaR1J5WlhOeklqcGJJakVnUW05MWJHVjJZWEprSUdSbElHeGhJRXhwWW1WeWRNT3BMQ0ExT1Rnd01DQk1hV3hzWlNKZExDSmtZWFJsVDJaQ2FYSjBhQ0k2SWpFNU9UTXRNRFF0TURnaUxDSm1ZVzFwYkhsT1lXMWxJam9pUkU5Rklpd2labWx5YzNST1lXMWxJam9pU21GdVpTSXNJbWRsYm1SbGNpSTZJa1pGVFVGTVJTSXNJbTVoYldWQmJtUkdZVzFwYkhsT1lXMWxRWFJDYVhKMGFDSTZJa3BoYm1VZ1JFOUZJaXdpY0dWeWMyOXVZV3hKWkdWdWRHbG1hV1Z5SWpvaU1Ea3dOREF3T0RBNE5FZ2lMQ0p3YkdGalpVOW1RbWx5ZEdnaU9pSk1TVXhNUlN3Z1JsSkJUa05GSW4wc0ltVjJhV1JsYm1ObElqcGJleUprYjJOMWJXVnVkRkJ5WlhObGJtTmxJanBiSWxCb2VYTnBZMkZzSWwwc0ltVjJhV1JsYm1ObFJHOWpkVzFsYm5RaU9sc2lVR0Z6YzNCdmNuUWlYU3dpYzNWaWFtVmpkRkJ5WlhObGJtTmxJam9pVUdoNWMybGpZV3dpTENKMGVYQmxJanBiSWtSdlkzVnRaVzUwVm1WeWFXWnBZMkYwYVc5dUlsMHNJblpsY21sbWFXVnlJam9pWkdsa09tVmljMms2TWtFNVFsbzVVMVZsTmtKaGRHRmpVM0IyY3pGV05VTmtha2gyVEhCUk4ySkZjMmt5U21JMlRHUklTMjVSZUdGT0luMWRmU3dpYW5ScElqb2lkWEp1T25WMWFXUTZOelk1WVRBNE16QXRNVFE1WmkwME5ESm1MV0V4Wm1RdE5XVm1ORFU0TjJWaE5tRmxJbjAucnJYcC1qSng1azRIZ1dGNkJCOGhKY0ZWSHhpQ05jaUtSWmZDczdvdEVScFlTSXdrbFBkSDJPVVJDTnBQdTNyNkdtLVpKbjRCSWh4Ty1vY2lTNDc4RFEiXX0sImlhdCI6MTcyNjEzMzk4OCwianRpIjoidXJuOnV1aWQ6ZTA5MmMzNDUtODJkNy00ZDBjLTk2NjItY2JkZmU0NmQyZjZhIn0.X7hjJ_Pb43AEbWngy13UsHk8FAm5J1gtqiuiPZg4753g4E5-KHRPrDpQr6237IC1DuYIuw7vJDfQAuKZIVsTCg&presentation_submission=%7B%22definition_id%22+%3A+%221%22%2C+%22descriptor_map%22+%3A+%5B%7B%22format%22+%3A+%22jwt_vp%22%2C+%22id%22+%3A+%220%22%2C+%22path%22+%3A+%22%24%22%2C+%22path_nested%22+%3A+%7B%22format%22+%3A+%22jwt_vc%22%2C+%22id%22+%3A+%220%22%2C+%22path%22+%3A+%22%24.verifiableCredential%5B0%5D%22%7D%7D%5D%2C+%22id%22+%3A+%221%22%7D&state=yG_sec_zd5kqDIYqrizkurkrMlxficfTx32imrPKGy4
12888 [JettyServerThreadPool-274] DEBUG id.walt.auditor.Auditor - Verifying vc with SignaturePolicy ...
12888 [JettyServerThreadPool-274] DEBUG id.walt.auditor.policies.SignaturePolicy - is jwt: true
12888 [JettyServerThreadPool-274] DEBUG id.walt.services.vc.WaltIdJwtCredentialService - Verifying vc: eyJraWQiOiJkaWQ6a2V5Ono2TWtuVTcyTW9QM0ZScGVkN0pGNTNnbll2cUZhajhOaTZZWmRxWHFQWGpvNTNncSN6Nk1rblU3Mk1vUDNGUnBlZDdKRjUzZ25ZdnFGYWo4Tmk2WVpkcVhxUFhqbzUzZ3EiLCJ0eXAiOiJKV1QiLCJhbGciOiJFZERTQSJ9.eyJzdWIiOiJkaWQ6a2V5Ono2TWtuVTcyTW9QM0ZScGVkN0pGNTNnbll2cUZhajhOaTZZWmRxWHFQWGpvNTNncSIsIm5iZiI6MTcyNjEzMzk4OCwiaXNzIjoiZGlkOmtleTp6Nk1rblU3Mk1vUDNGUnBlZDdKRjUzZ25ZdnFGYWo4Tmk2WVpkcVhxUFhqbzUzZ3EiLCJ2cCI6eyJ0eXBlIjpbIlZlcmlmaWFibGVQcmVzZW50YXRpb24iXSwiQGNvbnRleHQiOlsiaHR0cHM6Ly93d3cudzMub3JnLzIwMTgvY3JlZGVudGlhbHMvdjEiXSwiaWQiOiJ1cm46dXVpZDplMDkyYzM0NS04MmQ3LTRkMGMtOTY2Mi1jYmRmZTQ2ZDJmNmEiLCJob2xkZXIiOiJkaWQ6a2V5Ono2TWtuVTcyTW9QM0ZScGVkN0pGNTNnbll2cUZhajhOaTZZWmRxWHFQWGpvNTNncSIsInZlcmlmaWFibGVDcmVkZW50aWFsIjpbImV5SnJhV1FpT2lKa2FXUTZhMlY1T25vMlRXdHpla3h3VUVKRGIyUmlObTQyV0RGcFYyb3lkRzFTYjJKVVNrMXdlalp3WW5ONlRVRnpla05rVGpORlZ5TjZOazFyYzNwTWNGQkNRMjlrWWpadU5sZ3hhVmRxTW5SdFVtOWlWRXBOY0hvMmNHSnplazFCYzNwRFpFNHpSVmNpTENKMGVYQWlPaUpLVjFRaUxDSmhiR2NpT2lKRlpFUlRRU0o5LmV5SnpkV0lpT2lKa2FXUTZhMlY1T25vMlRXdHVWVGN5VFc5UU0wWlNjR1ZrTjBwR05UTm5ibGwyY1VaaGFqaE9hVFpaV21SeFdIRlFXR3B2TlRObmNTSXNJbTVpWmlJNk1UY3lOakV6TXprNE9Dd2lhWE56SWpvaVpHbGtPbXRsZVRwNk5rMXJjM3BNY0ZCQ1EyOWtZalp1TmxneGFWZHFNblJ0VW05aVZFcE5jSG8yY0dKemVrMUJjM3BEWkU0elJWY2lMQ0pwWVhRaU9qRTNNall4TXpNNU9EZ3NJblpqSWpwN0luUjVjR1VpT2xzaVZtVnlhV1pwWVdKc1pVTnlaV1JsYm5ScFlXd2lMQ0pXWlhKcFptbGhZbXhsUVhSMFpYTjBZWFJwYjI0aUxDSldaWEpwWm1saFlteGxTV1FpWFN3aVFHTnZiblJsZUhRaU9sc2lhSFIwY0hNNkx5OTNkM2N1ZHpNdWIzSm5Mekl3TVRndlkzSmxaR1Z1ZEdsaGJITXZkakVpWFN3aWFXUWlPaUoxY200NmRYVnBaRG8zTmpsaE1EZ3pNQzB4TkRsbUxUUTBNbVl0WVRGbVpDMDFaV1kwTlRnM1pXRTJZV1VpTENKcGMzTjFaWElpT2lKa2FXUTZhMlY1T25vMlRXdHpla3h3VUVKRGIyUmlObTQyV0RGcFYyb3lkRzFTYjJKVVNrMXdlalp3WW5ONlRVRnpla05rVGpORlZ5SXNJbWx6YzNWaGJtTmxSR0YwWlNJNklqSXdNalF0TURrdE1USlVNRGs2TXprNk5EaGFJaXdpYVhOemRXVmtJam9pTWpBeU5DMHdPUzB4TWxRd09Ub3pPVG8wT0ZvaUxDSjJZV3hwWkVaeWIyMGlPaUl5TURJMExUQTVMVEV5VkRBNU9qTTVPalE0V2lJc0ltTnlaV1JsYm5ScFlXeFRZMmhsYldFaU9uc2lhV1FpT2lKb2RIUndjem92TDNKaGR5NW5hWFJvZFdKMWMyVnlZMjl1ZEdWdWRDNWpiMjB2ZDJGc2RDMXBaQzkzWVd4MGFXUXRjM05wYTJsMExYWmpiR2xpTDIxaGMzUmxjaTl6Y21NdmRHVnpkQzl5WlhOdmRYSmpaWE12YzJOb1pXMWhjeTlXWlhKcFptbGhZbXhsU1dRdWFuTnZiaUlzSW5SNWNHVWlPaUpHZFd4c1NuTnZibE5qYUdWdFlWWmhiR2xrWVhSdmNqSXdNakVpZlN3aVkzSmxaR1Z1ZEdsaGJGTjFZbXBsWTNRaU9uc2lhV1FpT2lKa2FXUTZhMlY1T25vMlRXdHVWVGN5VFc5UU0wWlNjR1ZrTjBwR05UTm5ibGwyY1VaaGFqaE9hVFpaV21SeFdIRlFXR3B2TlRObmNTSXNJbU4xY25KbGJuUkJaR1J5WlhOeklqcGJJakVnUW05MWJHVjJZWEprSUdSbElHeGhJRXhwWW1WeWRNT3BMQ0ExT1Rnd01DQk1hV3hzWlNKZExDSmtZWFJsVDJaQ2FYSjBhQ0k2SWpFNU9UTXRNRFF0TURnaUxDSm1ZVzFwYkhsT1lXMWxJam9pUkU5Rklpd2labWx5YzNST1lXMWxJam9pU21GdVpTSXNJbWRsYm1SbGNpSTZJa1pGVFVGTVJTSXNJbTVoYldWQmJtUkdZVzFwYkhsT1lXMWxRWFJDYVhKMGFDSTZJa3BoYm1VZ1JFOUZJaXdpY0dWeWMyOXVZV3hKWkdWdWRHbG1hV1Z5SWpvaU1Ea3dOREF3T0RBNE5FZ2lMQ0p3YkdGalpVOW1RbWx5ZEdnaU9pSk1TVXhNUlN3Z1JsSkJUa05GSW4wc0ltVjJhV1JsYm1ObElqcGJleUprYjJOMWJXVnVkRkJ5WlhObGJtTmxJanBiSWxCb2VYTnBZMkZzSWwwc0ltVjJhV1JsYm1ObFJHOWpkVzFsYm5RaU9sc2lVR0Z6YzNCdmNuUWlYU3dpYzNWaWFtVmpkRkJ5WlhObGJtTmxJam9pVUdoNWMybGpZV3dpTENKMGVYQmxJanBiSWtSdlkzVnRaVzUwVm1WeWFXWnBZMkYwYVc5dUlsMHNJblpsY21sbWFXVnlJam9pWkdsa09tVmljMms2TWtFNVFsbzVVMVZsTmtKaGRHRmpVM0IyY3pGV05VTmtha2gyVEhCUk4ySkZjMmt5U21JMlRHUklTMjVSZUdGT0luMWRmU3dpYW5ScElqb2lkWEp1T25WMWFXUTZOelk1WVRBNE16QXRNVFE1WmkwME5ESm1MV0V4Wm1RdE5XVm1ORFU0TjJWaE5tRmxJbjAucnJYcC1qSng1azRIZ1dGNkJCOGhKY0ZWSHhpQ05jaUtSWmZDczdvdEVScFlTSXdrbFBkSDJPVVJDTnBQdTNyNkdtLVpKbjRCSWh4Ty1vY2lTNDc4RFEiXX0sImlhdCI6MTcyNjEzMzk4OCwianRpIjoidXJuOnV1aWQ6ZTA5MmMzNDUtODJkNy00ZDBjLTk2NjItY2JkZmU0NmQyZjZhIn0.X7hjJ_Pb43AEbWngy13UsHk8FAm5J1gtqiuiPZg4753g4E5-KHRPrDpQr6237IC1DuYIuw7vJDfQAuKZIVsTCg
12888 [JettyServerThreadPool-274] DEBUG id.walt.services.jwt.WaltIdJwtService - Verifying token:  eyJraWQiOiJkaWQ6a2V5Ono2TWtuVTcyTW9QM0ZScGVkN0pGNTNnbll2cUZhajhOaTZZWmRxWHFQWGpvNTNncSN6Nk1rblU3Mk1vUDNGUnBlZDdKRjUzZ25ZdnFGYWo4Tmk2WVpkcVhxUFhqbzUzZ3EiLCJ0eXAiOiJKV1QiLCJhbGciOiJFZERTQSJ9.eyJzdWIiOiJkaWQ6a2V5Ono2TWtuVTcyTW9QM0ZScGVkN0pGNTNnbll2cUZhajhOaTZZWmRxWHFQWGpvNTNncSIsIm5iZiI6MTcyNjEzMzk4OCwiaXNzIjoiZGlkOmtleTp6Nk1rblU3Mk1vUDNGUnBlZDdKRjUzZ25ZdnFGYWo4Tmk2WVpkcVhxUFhqbzUzZ3EiLCJ2cCI6eyJ0eXBlIjpbIlZlcmlmaWFibGVQcmVzZW50YXRpb24iXSwiQGNvbnRleHQiOlsiaHR0cHM6Ly93d3cudzMub3JnLzIwMTgvY3JlZGVudGlhbHMvdjEiXSwiaWQiOiJ1cm46dXVpZDplMDkyYzM0NS04MmQ3LTRkMGMtOTY2Mi1jYmRmZTQ2ZDJmNmEiLCJob2xkZXIiOiJkaWQ6a2V5Ono2TWtuVTcyTW9QM0ZScGVkN0pGNTNnbll2cUZhajhOaTZZWmRxWHFQWGpvNTNncSIsInZlcmlmaWFibGVDcmVkZW50aWFsIjpbImV5SnJhV1FpT2lKa2FXUTZhMlY1T25vMlRXdHpla3h3VUVKRGIyUmlObTQyV0RGcFYyb3lkRzFTYjJKVVNrMXdlalp3WW5ONlRVRnpla05rVGpORlZ5TjZOazFyYzNwTWNGQkNRMjlrWWpadU5sZ3hhVmRxTW5SdFVtOWlWRXBOY0hvMmNHSnplazFCYzNwRFpFNHpSVmNpTENKMGVYQWlPaUpLVjFRaUxDSmhiR2NpT2lKRlpFUlRRU0o5LmV5SnpkV0lpT2lKa2FXUTZhMlY1T25vMlRXdHVWVGN5VFc5UU0wWlNjR1ZrTjBwR05UTm5ibGwyY1VaaGFqaE9hVFpaV21SeFdIRlFXR3B2TlRObmNTSXNJbTVpWmlJNk1UY3lOakV6TXprNE9Dd2lhWE56SWpvaVpHbGtPbXRsZVRwNk5rMXJjM3BNY0ZCQ1EyOWtZalp1TmxneGFWZHFNblJ0VW05aVZFcE5jSG8yY0dKemVrMUJjM3BEWkU0elJWY2lMQ0pwWVhRaU9qRTNNall4TXpNNU9EZ3NJblpqSWpwN0luUjVjR1VpT2xzaVZtVnlhV1pwWVdKc1pVTnlaV1JsYm5ScFlXd2lMQ0pXWlhKcFptbGhZbXhsUVhSMFpYTjBZWFJwYjI0aUxDSldaWEpwWm1saFlteGxTV1FpWFN3aVFHTnZiblJsZUhRaU9sc2lhSFIwY0hNNkx5OTNkM2N1ZHpNdWIzSm5Mekl3TVRndlkzSmxaR1Z1ZEdsaGJITXZkakVpWFN3aWFXUWlPaUoxY200NmRYVnBaRG8zTmpsaE1EZ3pNQzB4TkRsbUxUUTBNbVl0WVRGbVpDMDFaV1kwTlRnM1pXRTJZV1VpTENKcGMzTjFaWElpT2lKa2FXUTZhMlY1T25vMlRXdHpla3h3VUVKRGIyUmlObTQyV0RGcFYyb3lkRzFTYjJKVVNrMXdlalp3WW5ONlRVRnpla05rVGpORlZ5SXNJbWx6YzNWaGJtTmxSR0YwWlNJNklqSXdNalF0TURrdE1USlVNRGs2TXprNk5EaGFJaXdpYVhOemRXVmtJam9pTWpBeU5DMHdPUzB4TWxRd09Ub3pPVG8wT0ZvaUxDSjJZV3hwWkVaeWIyMGlPaUl5TURJMExUQTVMVEV5VkRBNU9qTTVPalE0V2lJc0ltTnlaV1JsYm5ScFlXeFRZMmhsYldFaU9uc2lhV1FpT2lKb2RIUndjem92TDNKaGR5NW5hWFJvZFdKMWMyVnlZMjl1ZEdWdWRDNWpiMjB2ZDJGc2RDMXBaQzkzWVd4MGFXUXRjM05wYTJsMExYWmpiR2xpTDIxaGMzUmxjaTl6Y21NdmRHVnpkQzl5WlhOdmRYSmpaWE12YzJOb1pXMWhjeTlXWlhKcFptbGhZbXhsU1dRdWFuTnZiaUlzSW5SNWNHVWlPaUpHZFd4c1NuTnZibE5qYUdWdFlWWmhiR2xrWVhSdmNqSXdNakVpZlN3aVkzSmxaR1Z1ZEdsaGJGTjFZbXBsWTNRaU9uc2lhV1FpT2lKa2FXUTZhMlY1T25vMlRXdHVWVGN5VFc5UU0wWlNjR1ZrTjBwR05UTm5ibGwyY1VaaGFqaE9hVFpaV21SeFdIRlFXR3B2TlRObmNTSXNJbU4xY25KbGJuUkJaR1J5WlhOeklqcGJJakVnUW05MWJHVjJZWEprSUdSbElHeGhJRXhwWW1WeWRNT3BMQ0ExT1Rnd01DQk1hV3hzWlNKZExDSmtZWFJsVDJaQ2FYSjBhQ0k2SWpFNU9UTXRNRFF0TURnaUxDSm1ZVzFwYkhsT1lXMWxJam9pUkU5Rklpd2labWx5YzNST1lXMWxJam9pU21GdVpTSXNJbWRsYm1SbGNpSTZJa1pGVFVGTVJTSXNJbTVoYldWQmJtUkdZVzFwYkhsT1lXMWxRWFJDYVhKMGFDSTZJa3BoYm1VZ1JFOUZJaXdpY0dWeWMyOXVZV3hKWkdWdWRHbG1hV1Z5SWpvaU1Ea3dOREF3T0RBNE5FZ2lMQ0p3YkdGalpVOW1RbWx5ZEdnaU9pSk1TVXhNUlN3Z1JsSkJUa05GSW4wc0ltVjJhV1JsYm1ObElqcGJleUprYjJOMWJXVnVkRkJ5WlhObGJtTmxJanBiSWxCb2VYTnBZMkZzSWwwc0ltVjJhV1JsYm1ObFJHOWpkVzFsYm5RaU9sc2lVR0Z6YzNCdmNuUWlYU3dpYzNWaWFtVmpkRkJ5WlhObGJtTmxJam9pVUdoNWMybGpZV3dpTENKMGVYQmxJanBiSWtSdlkzVnRaVzUwVm1WeWFXWnBZMkYwYVc5dUlsMHNJblpsY21sbWFXVnlJam9pWkdsa09tVmljMms2TWtFNVFsbzVVMVZsTmtKaGRHRmpVM0IyY3pGV05VTmtha2gyVEhCUk4ySkZjMmt5U21JMlRHUklTMjVSZUdGT0luMWRmU3dpYW5ScElqb2lkWEp1T25WMWFXUTZOelk1WVRBNE16QXRNVFE1WmkwME5ESm1MV0V4Wm1RdE5XVm1ORFU0TjJWaE5tRmxJbjAucnJYcC1qSng1azRIZ1dGNkJCOGhKY0ZWSHhpQ05jaUtSWmZDczdvdEVScFlTSXdrbFBkSDJPVVJDTnBQdTNyNkdtLVpKbjRCSWh4Ty1vY2lTNDc4RFEiXX0sImlhdCI6MTcyNjEzMzk4OCwianRpIjoidXJuOnV1aWQ6ZTA5MmMzNDUtODJkNy00ZDBjLTk2NjItY2JkZmU0NmQyZjZhIn0.X7hjJ_Pb43AEbWngy13UsHk8FAm5J1gtqiuiPZg4753g4E5-KHRPrDpQr6237IC1DuYIuw7vJDfQAuKZIVsTCg
12889 [JettyServerThreadPool-274] DEBUG id.walt.model.DidUrl - Trying to create DidUrl from URL: "did:key:z6MknU72MoP3FRped7JF53gnYvqFaj8Ni6YZdqXqPXjo53gq#z6MknU72MoP3FRped7JF53gnYvqFaj8Ni6YZdqXqPXjo53gq"...
12889 [JettyServerThreadPool-274] DEBUG id.walt.model.DidUrl - Trying to create DidUrl from URL: "did:key:z6MknU72MoP3FRped7JF53gnYvqFaj8Ni6YZdqXqPXjo53gq#z6MknU72MoP3FRped7JF53gnYvqFaj8Ni6YZdqXqPXjo53gq"...
12889 [JettyServerThreadPool-274] DEBUG id.walt.services.did.DidService - Loading or resolving "did:key:z6MknU72MoP3FRped7JF53gnYvqFaj8Ni6YZdqXqPXjo53gq"...
12889 [JettyServerThreadPool-274] DEBUG id.walt.model.DidUrl - Trying to create DidUrl from URL: "did:key:z6MknU72MoP3FRped7JF53gnYvqFaj8Ni6YZdqXqPXjo53gq"...
12889 [JettyServerThreadPool-274] DEBUG id.walt.services.did.DidService - loadOrResolve: url=DidUrl(method=key, identifier=z6MknU72MoP3FRped7JF53gnYvqFaj8Ni6YZdqXqPXjo53gq, fragment=z6MknU72MoP3FRped7JF53gnYvqFaj8Ni6YZdqXqPXjo53gq, query=null), length of stored=1639
12889 [JettyServerThreadPool-274] DEBUG id.walt.model.DidUrl - Trying to create DidUrl from URL: "did:key:z6MknU72MoP3FRped7JF53gnYvqFaj8Ni6YZdqXqPXjo53gq"...
12890 [JettyServerThreadPool-274] DEBUG id.walt.services.keystore.HKVKeyStoreService - Loading key "did:key:z6MknU72MoP3FRped7JF53gnYvqFaj8Ni6YZdqXqPXjo53gq#z6MknU72MoP3FRped7JF53gnYvqFaj8Ni6YZdqXqPXjo53gq".
12891 [JettyServerThreadPool-274] DEBUG id.walt.services.jwt.WaltIdJwtService - JWT verified returned:  true (with key: 18ab803c89704d3a8cc85b96c4beaa1c)
12891 [JettyServerThreadPool-274] DEBUG id.walt.auditor.VerificationPolicy - VC [VerifiablePresentation] passes policy SignaturePolicy: passed
12891 [JettyServerThreadPool-274] DEBUG id.walt.auditor.Auditor - Verifying VerifiableId in VP with SignaturePolicy...
12891 [JettyServerThreadPool-274] DEBUG id.walt.auditor.policies.SignaturePolicy - is jwt: true
12891 [JettyServerThreadPool-274] DEBUG id.walt.services.vc.WaltIdJwtCredentialService - Verifying vc: eyJraWQiOiJkaWQ6a2V5Ono2TWtzekxwUEJDb2RiNm42WDFpV2oydG1Sb2JUSk1wejZwYnN6TUFzekNkTjNFVyN6Nk1rc3pMcFBCQ29kYjZuNlgxaVdqMnRtUm9iVEpNcHo2cGJzek1Bc3pDZE4zRVciLCJ0eXAiOiJKV1QiLCJhbGciOiJFZERTQSJ9.eyJzdWIiOiJkaWQ6a2V5Ono2TWtuVTcyTW9QM0ZScGVkN0pGNTNnbll2cUZhajhOaTZZWmRxWHFQWGpvNTNncSIsIm5iZiI6MTcyNjEzMzk4OCwiaXNzIjoiZGlkOmtleTp6Nk1rc3pMcFBCQ29kYjZuNlgxaVdqMnRtUm9iVEpNcHo2cGJzek1Bc3pDZE4zRVciLCJpYXQiOjE3MjYxMzM5ODgsInZjIjp7InR5cGUiOlsiVmVyaWZpYWJsZUNyZWRlbnRpYWwiLCJWZXJpZmlhYmxlQXR0ZXN0YXRpb24iLCJWZXJpZmlhYmxlSWQiXSwiQGNvbnRleHQiOlsiaHR0cHM6Ly93d3cudzMub3JnLzIwMTgvY3JlZGVudGlhbHMvdjEiXSwiaWQiOiJ1cm46dXVpZDo3NjlhMDgzMC0xNDlmLTQ0MmYtYTFmZC01ZWY0NTg3ZWE2YWUiLCJpc3N1ZXIiOiJkaWQ6a2V5Ono2TWtzekxwUEJDb2RiNm42WDFpV2oydG1Sb2JUSk1wejZwYnN6TUFzekNkTjNFVyIsImlzc3VhbmNlRGF0ZSI6IjIwMjQtMDktMTJUMDk6Mzk6NDhaIiwiaXNzdWVkIjoiMjAyNC0wOS0xMlQwOTozOTo0OFoiLCJ2YWxpZEZyb20iOiIyMDI0LTA5LTEyVDA5OjM5OjQ4WiIsImNyZWRlbnRpYWxTY2hlbWEiOnsiaWQiOiJodHRwczovL3Jhdy5naXRodWJ1c2VyY29udGVudC5jb20vd2FsdC1pZC93YWx0aWQtc3Npa2l0LXZjbGliL21hc3Rlci9zcmMvdGVzdC9yZXNvdXJjZXMvc2NoZW1hcy9WZXJpZmlhYmxlSWQuanNvbiIsInR5cGUiOiJGdWxsSnNvblNjaGVtYVZhbGlkYXRvcjIwMjEifSwiY3JlZGVudGlhbFN1YmplY3QiOnsiaWQiOiJkaWQ6a2V5Ono2TWtuVTcyTW9QM0ZScGVkN0pGNTNnbll2cUZhajhOaTZZWmRxWHFQWGpvNTNncSIsImN1cnJlbnRBZGRyZXNzIjpbIjEgQm91bGV2YXJkIGRlIGxhIExpYmVydMOpLCA1OTgwMCBMaWxsZSJdLCJkYXRlT2ZCaXJ0aCI6IjE5OTMtMDQtMDgiLCJmYW1pbHlOYW1lIjoiRE9FIiwiZmlyc3ROYW1lIjoiSmFuZSIsImdlbmRlciI6IkZFTUFMRSIsIm5hbWVBbmRGYW1pbHlOYW1lQXRCaXJ0aCI6IkphbmUgRE9FIiwicGVyc29uYWxJZGVudGlmaWVyIjoiMDkwNDAwODA4NEgiLCJwbGFjZU9mQmlydGgiOiJMSUxMRSwgRlJBTkNFIn0sImV2aWRlbmNlIjpbeyJkb2N1bWVudFByZXNlbmNlIjpbIlBoeXNpY2FsIl0sImV2aWRlbmNlRG9jdW1lbnQiOlsiUGFzc3BvcnQiXSwic3ViamVjdFByZXNlbmNlIjoiUGh5c2ljYWwiLCJ0eXBlIjpbIkRvY3VtZW50VmVyaWZpY2F0aW9uIl0sInZlcmlmaWVyIjoiZGlkOmVic2k6MkE5Qlo5U1VlNkJhdGFjU3B2czFWNUNkakh2THBRN2JFc2kySmI2TGRIS25ReGFOIn1dfSwianRpIjoidXJuOnV1aWQ6NzY5YTA4MzAtMTQ5Zi00NDJmLWExZmQtNWVmNDU4N2VhNmFlIn0.rrXp-jJx5k4HgWF6BB8hJcFVHxiCNciKRZfCs7otERpYSIwklPdH2OURCNpPu3r6Gm-ZJn4BIhxO-ociS478DQ
12891 [JettyServerThreadPool-274] DEBUG id.walt.services.jwt.WaltIdJwtService - Verifying token:  eyJraWQiOiJkaWQ6a2V5Ono2TWtzekxwUEJDb2RiNm42WDFpV2oydG1Sb2JUSk1wejZwYnN6TUFzekNkTjNFVyN6Nk1rc3pMcFBCQ29kYjZuNlgxaVdqMnRtUm9iVEpNcHo2cGJzek1Bc3pDZE4zRVciLCJ0eXAiOiJKV1QiLCJhbGciOiJFZERTQSJ9.eyJzdWIiOiJkaWQ6a2V5Ono2TWtuVTcyTW9QM0ZScGVkN0pGNTNnbll2cUZhajhOaTZZWmRxWHFQWGpvNTNncSIsIm5iZiI6MTcyNjEzMzk4OCwiaXNzIjoiZGlkOmtleTp6Nk1rc3pMcFBCQ29kYjZuNlgxaVdqMnRtUm9iVEpNcHo2cGJzek1Bc3pDZE4zRVciLCJpYXQiOjE3MjYxMzM5ODgsInZjIjp7InR5cGUiOlsiVmVyaWZpYWJsZUNyZWRlbnRpYWwiLCJWZXJpZmlhYmxlQXR0ZXN0YXRpb24iLCJWZXJpZmlhYmxlSWQiXSwiQGNvbnRleHQiOlsiaHR0cHM6Ly93d3cudzMub3JnLzIwMTgvY3JlZGVudGlhbHMvdjEiXSwiaWQiOiJ1cm46dXVpZDo3NjlhMDgzMC0xNDlmLTQ0MmYtYTFmZC01ZWY0NTg3ZWE2YWUiLCJpc3N1ZXIiOiJkaWQ6a2V5Ono2TWtzekxwUEJDb2RiNm42WDFpV2oydG1Sb2JUSk1wejZwYnN6TUFzekNkTjNFVyIsImlzc3VhbmNlRGF0ZSI6IjIwMjQtMDktMTJUMDk6Mzk6NDhaIiwiaXNzdWVkIjoiMjAyNC0wOS0xMlQwOTozOTo0OFoiLCJ2YWxpZEZyb20iOiIyMDI0LTA5LTEyVDA5OjM5OjQ4WiIsImNyZWRlbnRpYWxTY2hlbWEiOnsiaWQiOiJodHRwczovL3Jhdy5naXRodWJ1c2VyY29udGVudC5jb20vd2FsdC1pZC93YWx0aWQtc3Npa2l0LXZjbGliL21hc3Rlci9zcmMvdGVzdC9yZXNvdXJjZXMvc2NoZW1hcy9WZXJpZmlhYmxlSWQuanNvbiIsInR5cGUiOiJGdWxsSnNvblNjaGVtYVZhbGlkYXRvcjIwMjEifSwiY3JlZGVudGlhbFN1YmplY3QiOnsiaWQiOiJkaWQ6a2V5Ono2TWtuVTcyTW9QM0ZScGVkN0pGNTNnbll2cUZhajhOaTZZWmRxWHFQWGpvNTNncSIsImN1cnJlbnRBZGRyZXNzIjpbIjEgQm91bGV2YXJkIGRlIGxhIExpYmVydMOpLCA1OTgwMCBMaWxsZSJdLCJkYXRlT2ZCaXJ0aCI6IjE5OTMtMDQtMDgiLCJmYW1pbHlOYW1lIjoiRE9FIiwiZmlyc3ROYW1lIjoiSmFuZSIsImdlbmRlciI6IkZFTUFMRSIsIm5hbWVBbmRGYW1pbHlOYW1lQXRCaXJ0aCI6IkphbmUgRE9FIiwicGVyc29uYWxJZGVudGlmaWVyIjoiMDkwNDAwODA4NEgiLCJwbGFjZU9mQmlydGgiOiJMSUxMRSwgRlJBTkNFIn0sImV2aWRlbmNlIjpbeyJkb2N1bWVudFByZXNlbmNlIjpbIlBoeXNpY2FsIl0sImV2aWRlbmNlRG9jdW1lbnQiOlsiUGFzc3BvcnQiXSwic3ViamVjdFByZXNlbmNlIjoiUGh5c2ljYWwiLCJ0eXBlIjpbIkRvY3VtZW50VmVyaWZpY2F0aW9uIl0sInZlcmlmaWVyIjoiZGlkOmVic2k6MkE5Qlo5U1VlNkJhdGFjU3B2czFWNUNkakh2THBRN2JFc2kySmI2TGRIS25ReGFOIn1dfSwianRpIjoidXJuOnV1aWQ6NzY5YTA4MzAtMTQ5Zi00NDJmLWExZmQtNWVmNDU4N2VhNmFlIn0.rrXp-jJx5k4HgWF6BB8hJcFVHxiCNciKRZfCs7otERpYSIwklPdH2OURCNpPu3r6Gm-ZJn4BIhxO-ociS478DQ
12891 [JettyServerThreadPool-274] DEBUG id.walt.model.DidUrl - Trying to create DidUrl from URL: "did:key:z6MkszLpPBCodb6n6X1iWj2tmRobTJMpz6pbszMAszCdN3EW#z6MkszLpPBCodb6n6X1iWj2tmRobTJMpz6pbszMAszCdN3EW"...
12891 [JettyServerThreadPool-274] DEBUG id.walt.model.DidUrl - Trying to create DidUrl from URL: "did:key:z6MkszLpPBCodb6n6X1iWj2tmRobTJMpz6pbszMAszCdN3EW#z6MkszLpPBCodb6n6X1iWj2tmRobTJMpz6pbszMAszCdN3EW"...
12891 [JettyServerThreadPool-274] DEBUG id.walt.services.did.DidService - Loading or resolving "did:key:z6MkszLpPBCodb6n6X1iWj2tmRobTJMpz6pbszMAszCdN3EW"...
12891 [JettyServerThreadPool-274] DEBUG id.walt.model.DidUrl - Trying to create DidUrl from URL: "did:key:z6MkszLpPBCodb6n6X1iWj2tmRobTJMpz6pbszMAszCdN3EW"...
12891 [JettyServerThreadPool-274] DEBUG id.walt.services.did.DidService - loadOrResolve: url=DidUrl(method=key, identifier=z6MkszLpPBCodb6n6X1iWj2tmRobTJMpz6pbszMAszCdN3EW, fragment=z6MkszLpPBCodb6n6X1iWj2tmRobTJMpz6pbszMAszCdN3EW, query=null), length of stored=1639
12892 [JettyServerThreadPool-274] DEBUG id.walt.model.DidUrl - Trying to create DidUrl from URL: "did:key:z6MkszLpPBCodb6n6X1iWj2tmRobTJMpz6pbszMAszCdN3EW"...
12893 [JettyServerThreadPool-274] DEBUG id.walt.services.keystore.HKVKeyStoreService - Loading key "did:key:z6MkszLpPBCodb6n6X1iWj2tmRobTJMpz6pbszMAszCdN3EW#z6MkszLpPBCodb6n6X1iWj2tmRobTJMpz6pbszMAszCdN3EW".
12893 [JettyServerThreadPool-274] DEBUG id.walt.services.jwt.WaltIdJwtService - JWT verified returned:  true (with key: af3ec86545244234ae851f06f99a26fb)
12893 [JettyServerThreadPool-274] DEBUG id.walt.auditor.VerificationPolicy - VC [VerifiableCredential, VerifiableAttestation, VerifiableId] passes policy SignaturePolicy: passed
12894 [pool-1-thread-1 @coroutine#871] DEBUG id.walt.services.oidc.OIDC4VPService - SIOP RESPONSE SENT: received 200
12896 [pool-1-thread-1 @coroutine#872] DEBUG id.walt.model.DidUrl - Trying to create DidUrl from URL: "did:key:z6MkszLpPBCodb6n6X1iWj2tmRobTJMpz6pbszMAszCdN3EW"...
12896 [pool-1-thread-1 @coroutine#872] DEBUG id.walt.model.DidUrl - Trying to create DidUrl from URL: "did:key:z6MkszLpPBCodb6n6X1iWj2tmRobTJMpz6pbszMAszCdN3EW"...
12896 [pool-1-thread-1 @coroutine#872] DEBUG id.walt.signatory.WaltIdSignatory - Signing credential with proof using JWT...
12896 [pool-1-thread-1 @coroutine#872] DEBUG id.walt.signatory.WaltIdSignatory - Signing credential with proof using JWT, credential is: {"type":["VerifiableCredential","VerifiableAttestation","VerifiableId"],"@context":["https://www.w3.org/2018/credentials/v1"],"id":"urn:uuid:97013186-6f16-4997-adff-f8b7a8494896","issuer":"did:key:z6MkszLpPBCodb6n6X1iWj2tmRobTJMpz6pbszMAszCdN3EW","issuanceDate":"2024-09-12T09:39:48Z","issued":"2024-09-12T09:39:48Z","validFrom":"2024-09-12T09:39:48Z","credentialSchema":{"id":"https://raw.githubusercontent.com/walt-id/waltid-ssikit-vclib/master/src/test/resources/schemas/VerifiableId.json","type":"FullJsonSchemaValidator2021"},"credentialSubject":{"id":"did:key:z6MknU72MoP3FRped7JF53gnYvqFaj8Ni6YZdqXqPXjo53gq","currentAddress":["1 Boulevard de la Liberté, 59800 Lille"],"dateOfBirth":"1993-04-08","familyName":"DOE","firstName":"Jane","gender":"FEMALE","nameAndFamilyNameAtBirth":"Jane DOE","personalIdentifier":"0904008084H","placeOfBirth":"LILLE, FRANCE"},"evidence":[{"documentPresence":["Physical"],"evidenceDocument":["Passport"],"subjectPresence":"Physical","type":["DocumentVerification"],"verifier":"did:ebsi:2A9BZ9SUe6BatacSpvs1V5CdjHvLpQ7bEsi2Jb6LdHKnQxaN"}]}
12896 [pool-1-thread-1 @coroutine#872] DEBUG id.walt.services.vc.WaltIdJwtCredentialService - Signing JWT object with config: ProofConfig(issuerDid=did:key:z6MkszLpPBCodb6n6X1iWj2tmRobTJMpz6pbszMAszCdN3EW, subjectDid=did:key:z6MknU72MoP3FRped7JF53gnYvqFaj8Ni6YZdqXqPXjo53gq, verifierDid=null, issuerVerificationMethod=did:key:z6MkszLpPBCodb6n6X1iWj2tmRobTJMpz6pbszMAszCdN3EW#z6MkszLpPBCodb6n6X1iWj2tmRobTJMpz6pbszMAszCdN3EW, proofType=JWT, domain=null, nonce=null, proofPurpose=null, credentialId=urn:uuid:97013186-6f16-4997-adff-f8b7a8494896, issueDate=2024-09-12T09:39:48.116703904Z, validDate=2024-09-12T09:39:48.116705617Z, expirationDate=null, dataProviderIdentifier=null, ldSignatureType=null, creator=did:key:z6MkszLpPBCodb6n6X1iWj2tmRobTJMpz6pbszMAszCdN3EW, ecosystem=DEFAULT, statusType=null, statusPurpose=revocation, credentialsEndpoint=null, selectiveDisclosure=null)
12897 [pool-1-thread-1 @coroutine#872] DEBUG id.walt.services.vc.WaltIdJwtCredentialService - Signing: {"sub":"did:key:z6MknU72MoP3FRped7JF53gnYvqFaj8Ni6YZdqXqPXjo53gq","nbf":1726133988,"iss":"did:key:z6MkszLpPBCodb6n6X1iWj2tmRobTJMpz6pbszMAszCdN3EW","iat":1726133988,"vc":{"type":["VerifiableCredential","VerifiableAttestation","VerifiableId"],"@context":["https://www.w3.org/2018/credentials/v1"],"id":"urn:uuid:97013186-6f16-4997-adff-f8b7a8494896","issuer":"did:key:z6MkszLpPBCodb6n6X1iWj2tmRobTJMpz6pbszMAszCdN3EW","issuanceDate":"2024-09-12T09:39:48Z","issued":"2024-09-12T09:39:48Z","validFrom":"2024-09-12T09:39:48Z","credentialSchema":{"id":"https://raw.githubusercontent.com/walt-id/waltid-ssikit-vclib/master/src/test/resources/schemas/VerifiableId.json","type":"FullJsonSchemaValidator2021"},"credentialSubject":{"id":"did:key:z6MknU72MoP3FRped7JF53gnYvqFaj8Ni6YZdqXqPXjo53gq","currentAddress":["1 Boulevard de la Liberté, 59800 Lille"],"dateOfBirth":"1993-04-08","familyName":"DOE","firstName":"Jane","gender":"FEMALE","nameAndFamilyNameAtBirth":"Jane DOE","personalIdentifier":"0904008084H","placeOfBirth":"LILLE, FRANCE"},"evidence":[{"documentPresence":["Physical"],"evidenceDocument":["Passport"],"subjectPresence":"Physical","type":["DocumentVerification"],"verifier":"did:ebsi:2A9BZ9SUe6BatacSpvs1V5CdjHvLpQ7bEsi2Jb6LdHKnQxaN"}]},"jti":"urn:uuid:97013186-6f16-4997-adff-f8b7a8494896"}
12897 [pool-1-thread-1 @coroutine#872] DEBUG id.walt.services.keystore.HKVKeyStoreService - Loading key "did:key:z6MkszLpPBCodb6n6X1iWj2tmRobTJMpz6pbszMAszCdN3EW#z6MkszLpPBCodb6n6X1iWj2tmRobTJMpz6pbszMAszCdN3EW".
12897 [pool-1-thread-1 @coroutine#872] DEBUG id.walt.services.jwt.WaltIdJwtService - Signing JWT with algorithm: EdDSA_Ed25519
12897 [pool-1-thread-1 @coroutine#872] DEBUG id.walt.model.DidUrl - Trying to create DidUrl from URL: "did:key:z6MkszLpPBCodb6n6X1iWj2tmRobTJMpz6pbszMAszCdN3EW#z6MkszLpPBCodb6n6X1iWj2tmRobTJMpz6pbszMAszCdN3EW"...
12897 [pool-1-thread-1 @coroutine#872] DEBUG id.walt.services.keystore.HKVKeyStoreService - Loading key "af3ec86545244234ae851f06f99a26fb".
12897 [pool-1-thread-1 @coroutine#872] DEBUG id.walt.services.jwt.WaltIdJwtService - Signed JWT:  eyJraWQiOiJkaWQ6a2V5Ono2TWtzekxwUEJDb2RiNm42WDFpV2oydG1Sb2JUSk1wejZwYnN6TUFzekNkTjNFVyN6Nk1rc3pMcFBCQ29kYjZuNlgxaVdqMnRtUm9iVEpNcHo2cGJzek1Bc3pDZE4zRVciLCJ0eXAiOiJKV1QiLCJhbGciOiJFZERTQSJ9.eyJzdWIiOiJkaWQ6a2V5Ono2TWtuVTcyTW9QM0ZScGVkN0pGNTNnbll2cUZhajhOaTZZWmRxWHFQWGpvNTNncSIsIm5iZiI6MTcyNjEzMzk4OCwiaXNzIjoiZGlkOmtleTp6Nk1rc3pMcFBCQ29kYjZuNlgxaVdqMnRtUm9iVEpNcHo2cGJzek1Bc3pDZE4zRVciLCJpYXQiOjE3MjYxMzM5ODgsInZjIjp7InR5cGUiOlsiVmVyaWZpYWJsZUNyZWRlbnRpYWwiLCJWZXJpZmlhYmxlQXR0ZXN0YXRpb24iLCJWZXJpZmlhYmxlSWQiXSwiQGNvbnRleHQiOlsiaHR0cHM6Ly93d3cudzMub3JnLzIwMTgvY3JlZGVudGlhbHMvdjEiXSwiaWQiOiJ1cm46dXVpZDo5NzAxMzE4Ni02ZjE2LTQ5OTctYWRmZi1mOGI3YTg0OTQ4OTYiLCJpc3N1ZXIiOiJkaWQ6a2V5Ono2TWtzekxwUEJDb2RiNm42WDFpV2oydG1Sb2JUSk1wejZwYnN6TUFzekNkTjNFVyIsImlzc3VhbmNlRGF0ZSI6IjIwMjQtMDktMTJUMDk6Mzk6NDhaIiwiaXNzdWVkIjoiMjAyNC0wOS0xMlQwOTozOTo0OFoiLCJ2YWxpZEZyb20iOiIyMDI0LTA5LTEyVDA5OjM5OjQ4WiIsImNyZWRlbnRpYWxTY2hlbWEiOnsiaWQiOiJodHRwczovL3Jhdy5naXRodWJ1c2VyY29udGVudC5jb20vd2FsdC1pZC93YWx0aWQtc3Npa2l0LXZjbGliL21hc3Rlci9zcmMvdGVzdC9yZXNvdXJjZXMvc2NoZW1hcy9WZXJpZmlhYmxlSWQuanNvbiIsInR5cGUiOiJGdWxsSnNvblNjaGVtYVZhbGlkYXRvcjIwMjEifSwiY3JlZGVudGlhbFN1YmplY3QiOnsiaWQiOiJkaWQ6a2V5Ono2TWtuVTcyTW9QM0ZScGVkN0pGNTNnbll2cUZhajhOaTZZWmRxWHFQWGpvNTNncSIsImN1cnJlbnRBZGRyZXNzIjpbIjEgQm91bGV2YXJkIGRlIGxhIExpYmVydMOpLCA1OTgwMCBMaWxsZSJdLCJkYXRlT2ZCaXJ0aCI6IjE5OTMtMDQtMDgiLCJmYW1pbHlOYW1lIjoiRE9FIiwiZmlyc3ROYW1lIjoiSmFuZSIsImdlbmRlciI6IkZFTUFMRSIsIm5hbWVBbmRGYW1pbHlOYW1lQXRCaXJ0aCI6IkphbmUgRE9FIiwicGVyc29uYWxJZGVudGlmaWVyIjoiMDkwNDAwODA4NEgiLCJwbGFjZU9mQmlydGgiOiJMSUxMRSwgRlJBTkNFIn0sImV2aWRlbmNlIjpbeyJkb2N1bWVudFByZXNlbmNlIjpbIlBoeXNpY2FsIl0sImV2aWRlbmNlRG9jdW1lbnQiOlsiUGFzc3BvcnQiXSwic3ViamVjdFByZXNlbmNlIjoiUGh5c2ljYWwiLCJ0eXBlIjpbIkRvY3VtZW50VmVyaWZpY2F0aW9uIl0sInZlcmlmaWVyIjoiZGlkOmVic2k6MkE5Qlo5U1VlNkJhdGFjU3B2czFWNUNkakh2THBRN2JFc2kySmI2TGRIS25ReGFOIn1dfSwianRpIjoidXJuOnV1aWQ6OTcwMTMxODYtNmYxNi00OTk3LWFkZmYtZjhiN2E4NDk0ODk2In0.b6J6DQo16luV9VJzh2d6uF7Fq7M7J1i6nXVJroK5ToRFPg6ouqs37Kik5R48UNxl2T-6Vizj5LlaRw5yP2ZcDQ
12898 [pool-1-thread-1 @coroutine#872] DEBUG id.walt.signatory.WaltIdSignatory - Signed VC is: eyJraWQiOiJkaWQ6a2V5Ono2TWtzekxwUEJDb2RiNm42WDFpV2oydG1Sb2JUSk1wejZwYnN6TUFzekNkTjNFVyN6Nk1rc3pMcFBCQ29kYjZuNlgxaVdqMnRtUm9iVEpNcHo2cGJzek1Bc3pDZE4zRVciLCJ0eXAiOiJKV1QiLCJhbGciOiJFZERTQSJ9.eyJzdWIiOiJkaWQ6a2V5Ono2TWtuVTcyTW9QM0ZScGVkN0pGNTNnbll2cUZhajhOaTZZWmRxWHFQWGpvNTNncSIsIm5iZiI6MTcyNjEzMzk4OCwiaXNzIjoiZGlkOmtleTp6Nk1rc3pMcFBCQ29kYjZuNlgxaVdqMnRtUm9iVEpNcHo2cGJzek1Bc3pDZE4zRVciLCJpYXQiOjE3MjYxMzM5ODgsInZjIjp7InR5cGUiOlsiVmVyaWZpYWJsZUNyZWRlbnRpYWwiLCJWZXJpZmlhYmxlQXR0ZXN0YXRpb24iLCJWZXJpZmlhYmxlSWQiXSwiQGNvbnRleHQiOlsiaHR0cHM6Ly93d3cudzMub3JnLzIwMTgvY3JlZGVudGlhbHMvdjEiXSwiaWQiOiJ1cm46dXVpZDo5NzAxMzE4Ni02ZjE2LTQ5OTctYWRmZi1mOGI3YTg0OTQ4OTYiLCJpc3N1ZXIiOiJkaWQ6a2V5Ono2TWtzekxwUEJDb2RiNm42WDFpV2oydG1Sb2JUSk1wejZwYnN6TUFzekNkTjNFVyIsImlzc3VhbmNlRGF0ZSI6IjIwMjQtMDktMTJUMDk6Mzk6NDhaIiwiaXNzdWVkIjoiMjAyNC0wOS0xMlQwOTozOTo0OFoiLCJ2YWxpZEZyb20iOiIyMDI0LTA5LTEyVDA5OjM5OjQ4WiIsImNyZWRlbnRpYWxTY2hlbWEiOnsiaWQiOiJodHRwczovL3Jhdy5naXRodWJ1c2VyY29udGVudC5jb20vd2FsdC1pZC93YWx0aWQtc3Npa2l0LXZjbGliL21hc3Rlci9zcmMvdGVzdC9yZXNvdXJjZXMvc2NoZW1hcy9WZXJpZmlhYmxlSWQuanNvbiIsInR5cGUiOiJGdWxsSnNvblNjaGVtYVZhbGlkYXRvcjIwMjEifSwiY3JlZGVudGlhbFN1YmplY3QiOnsiaWQiOiJkaWQ6a2V5Ono2TWtuVTcyTW9QM0ZScGVkN0pGNTNnbll2cUZhajhOaTZZWmRxWHFQWGpvNTNncSIsImN1cnJlbnRBZGRyZXNzIjpbIjEgQm91bGV2YXJkIGRlIGxhIExpYmVydMOpLCA1OTgwMCBMaWxsZSJdLCJkYXRlT2ZCaXJ0aCI6IjE5OTMtMDQtMDgiLCJmYW1pbHlOYW1lIjoiRE9FIiwiZmlyc3ROYW1lIjoiSmFuZSIsImdlbmRlciI6IkZFTUFMRSIsIm5hbWVBbmRGYW1pbHlOYW1lQXRCaXJ0aCI6IkphbmUgRE9FIiwicGVyc29uYWxJZGVudGlmaWVyIjoiMDkwNDAwODA4NEgiLCJwbGFjZU9mQmlydGgiOiJMSUxMRSwgRlJBTkNFIn0sImV2aWRlbmNlIjpbeyJkb2N1bWVudFByZXNlbmNlIjpbIlBoeXNpY2FsIl0sImV2aWRlbmNlRG9jdW1lbnQiOlsiUGFzc3BvcnQiXSwic3ViamVjdFByZXNlbmNlIjoiUGh5c2ljYWwiLCJ0eXBlIjpbIkRvY3VtZW50VmVyaWZpY2F0aW9uIl0sInZlcmlmaWVyIjoiZGlkOmVic2k6MkE5Qlo5U1VlNkJhdGFjU3B2czFWNUNkakh2THBRN2JFc2kySmI2TGRIS25ReGFOIn1dfSwianRpIjoidXJuOnV1aWQ6OTcwMTMxODYtNmYxNi00OTk3LWFkZmYtZjhiN2E4NDk0ODk2In0.b6J6DQo16luV9VJzh2d6uF7Fq7M7J1i6nXVJroK5ToRFPg6ouqs37Kik5R48UNxl2T-6Vizj5LlaRw5yP2ZcDQ
12898 [pool-1-thread-1 @coroutine#872] DEBUG id.walt.services.vc.WaltIdJwtCredentialService - Creating a presentation for VCs:
[PresentableCredential(verifiableCredential=eyJraWQiOiJkaWQ6a2V5Ono2TWtzekxwUEJDb2RiNm42WDFpV2oydG1Sb2JUSk1wejZwYnN6TUFzekNkTjNFVyN6Nk1rc3pMcFBCQ29kYjZuNlgxaVdqMnRtUm9iVEpNcHo2cGJzek1Bc3pDZE4zRVciLCJ0eXAiOiJKV1QiLCJhbGciOiJFZERTQSJ9.eyJzdWIiOiJkaWQ6a2V5Ono2TWtuVTcyTW9QM0ZScGVkN0pGNTNnbll2cUZhajhOaTZZWmRxWHFQWGpvNTNncSIsIm5iZiI6MTcyNjEzMzk4OCwiaXNzIjoiZGlkOmtleTp6Nk1rc3pMcFBCQ29kYjZuNlgxaVdqMnRtUm9iVEpNcHo2cGJzek1Bc3pDZE4zRVciLCJpYXQiOjE3MjYxMzM5ODgsInZjIjp7InR5cGUiOlsiVmVyaWZpYWJsZUNyZWRlbnRpYWwiLCJWZXJpZmlhYmxlQXR0ZXN0YXRpb24iLCJWZXJpZmlhYmxlSWQiXSwiQGNvbnRleHQiOlsiaHR0cHM6Ly93d3cudzMub3JnLzIwMTgvY3JlZGVudGlhbHMvdjEiXSwiaWQiOiJ1cm46dXVpZDo5NzAxMzE4Ni02ZjE2LTQ5OTctYWRmZi1mOGI3YTg0OTQ4OTYiLCJpc3N1ZXIiOiJkaWQ6a2V5Ono2TWtzekxwUEJDb2RiNm42WDFpV2oydG1Sb2JUSk1wejZwYnN6TUFzekNkTjNFVyIsImlzc3VhbmNlRGF0ZSI6IjIwMjQtMDktMTJUMDk6Mzk6NDhaIiwiaXNzdWVkIjoiMjAyNC0wOS0xMlQwOTozOTo0OFoiLCJ2YWxpZEZyb20iOiIyMDI0LTA5LTEyVDA5OjM5OjQ4WiIsImNyZWRlbnRpYWxTY2hlbWEiOnsiaWQiOiJodHRwczovL3Jhdy5naXRodWJ1c2VyY29udGVudC5jb20vd2FsdC1pZC93YWx0aWQtc3Npa2l0LXZjbGliL21hc3Rlci9zcmMvdGVzdC9yZXNvdXJjZXMvc2NoZW1hcy9WZXJpZmlhYmxlSWQuanNvbiIsInR5cGUiOiJGdWxsSnNvblNjaGVtYVZhbGlkYXRvcjIwMjEifSwiY3JlZGVudGlhbFN1YmplY3QiOnsiaWQiOiJkaWQ6a2V5Ono2TWtuVTcyTW9QM0ZScGVkN0pGNTNnbll2cUZhajhOaTZZWmRxWHFQWGpvNTNncSIsImN1cnJlbnRBZGRyZXNzIjpbIjEgQm91bGV2YXJkIGRlIGxhIExpYmVydMOpLCA1OTgwMCBMaWxsZSJdLCJkYXRlT2ZCaXJ0aCI6IjE5OTMtMDQtMDgiLCJmYW1pbHlOYW1lIjoiRE9FIiwiZmlyc3ROYW1lIjoiSmFuZSIsImdlbmRlciI6IkZFTUFMRSIsIm5hbWVBbmRGYW1pbHlOYW1lQXRCaXJ0aCI6IkphbmUgRE9FIiwicGVyc29uYWxJZGVudGlmaWVyIjoiMDkwNDAwODA4NEgiLCJwbGFjZU9mQmlydGgiOiJMSUxMRSwgRlJBTkNFIn0sImV2aWRlbmNlIjpbeyJkb2N1bWVudFByZXNlbmNlIjpbIlBoeXNpY2FsIl0sImV2aWRlbmNlRG9jdW1lbnQiOlsiUGFzc3BvcnQiXSwic3ViamVjdFByZXNlbmNlIjoiUGh5c2ljYWwiLCJ0eXBlIjpbIkRvY3VtZW50VmVyaWZpY2F0aW9uIl0sInZlcmlmaWVyIjoiZGlkOmVic2k6MkE5Qlo5U1VlNkJhdGFjU3B2czFWNUNkakh2THBRN2JFc2kySmI2TGRIS25ReGFOIn1dfSwianRpIjoidXJuOnV1aWQ6OTcwMTMxODYtNmYxNi00OTk3LWFkZmYtZjhiN2E4NDk0ODk2In0.b6J6DQo16luV9VJzh2d6uF7Fq7M7J1i6nXVJroK5ToRFPg6ouqs37Kik5R48UNxl2T-6Vizj5LlaRw5yP2ZcDQ, selectiveDisclosure=null, discloseAll=false)]
12898 [pool-1-thread-1 @coroutine#872] DEBUG id.walt.model.DidUrl - Trying to create DidUrl from URL: "did:key:z6MknU72MoP3FRped7JF53gnYvqFaj8Ni6YZdqXqPXjo53gq"...
12898 [pool-1-thread-1 @coroutine#872] DEBUG id.walt.services.vc.WaltIdJwtCredentialService - Signing JWT object with config: ProofConfig(issuerDid=did:key:z6MknU72MoP3FRped7JF53gnYvqFaj8Ni6YZdqXqPXjo53gq, subjectDid=did:key:z6MknU72MoP3FRped7JF53gnYvqFaj8Ni6YZdqXqPXjo53gq, verifierDid=null, issuerVerificationMethod=did:key:z6MknU72MoP3FRped7JF53gnYvqFaj8Ni6YZdqXqPXjo53gq#z6MknU72MoP3FRped7JF53gnYvqFaj8Ni6YZdqXqPXjo53gq, proofType=JWT, domain=null, nonce=null, proofPurpose=null, credentialId=urn:uuid:26b2df5b-a1c4-44bf-becd-e6b138a4a480, issueDate=null, validDate=null, expirationDate=null, dataProviderIdentifier=null, ldSignatureType=null, creator=did:key:z6MknU72MoP3FRped7JF53gnYvqFaj8Ni6YZdqXqPXjo53gq, ecosystem=DEFAULT, statusType=null, statusPurpose=revocation, credentialsEndpoint=null, selectiveDisclosure=null)
12898 [pool-1-thread-1 @coroutine#872] DEBUG id.walt.services.vc.WaltIdJwtCredentialService - Signing: {"sub":"did:key:z6MknU72MoP3FRped7JF53gnYvqFaj8Ni6YZdqXqPXjo53gq","nbf":1726133988,"iss":"did:key:z6MknU72MoP3FRped7JF53gnYvqFaj8Ni6YZdqXqPXjo53gq","vp":{"type":["VerifiablePresentation"],"@context":["https://www.w3.org/2018/credentials/v1"],"id":"urn:uuid:26b2df5b-a1c4-44bf-becd-e6b138a4a480","holder":"did:key:z6MknU72MoP3FRped7JF53gnYvqFaj8Ni6YZdqXqPXjo53gq","verifiableCredential":["eyJraWQiOiJkaWQ6a2V5Ono2TWtzekxwUEJDb2RiNm42WDFpV2oydG1Sb2JUSk1wejZwYnN6TUFzekNkTjNFVyN6Nk1rc3pMcFBCQ29kYjZuNlgxaVdqMnRtUm9iVEpNcHo2cGJzek1Bc3pDZE4zRVciLCJ0eXAiOiJKV1QiLCJhbGciOiJFZERTQSJ9.eyJzdWIiOiJkaWQ6a2V5Ono2TWtuVTcyTW9QM0ZScGVkN0pGNTNnbll2cUZhajhOaTZZWmRxWHFQWGpvNTNncSIsIm5iZiI6MTcyNjEzMzk4OCwiaXNzIjoiZGlkOmtleTp6Nk1rc3pMcFBCQ29kYjZuNlgxaVdqMnRtUm9iVEpNcHo2cGJzek1Bc3pDZE4zRVciLCJpYXQiOjE3MjYxMzM5ODgsInZjIjp7InR5cGUiOlsiVmVyaWZpYWJsZUNyZWRlbnRpYWwiLCJWZXJpZmlhYmxlQXR0ZXN0YXRpb24iLCJWZXJpZmlhYmxlSWQiXSwiQGNvbnRleHQiOlsiaHR0cHM6Ly93d3cudzMub3JnLzIwMTgvY3JlZGVudGlhbHMvdjEiXSwiaWQiOiJ1cm46dXVpZDo5NzAxMzE4Ni02ZjE2LTQ5OTctYWRmZi1mOGI3YTg0OTQ4OTYiLCJpc3N1ZXIiOiJkaWQ6a2V5Ono2TWtzekxwUEJDb2RiNm42WDFpV2oydG1Sb2JUSk1wejZwYnN6TUFzekNkTjNFVyIsImlzc3VhbmNlRGF0ZSI6IjIwMjQtMDktMTJUMDk6Mzk6NDhaIiwiaXNzdWVkIjoiMjAyNC0wOS0xMlQwOTozOTo0OFoiLCJ2YWxpZEZyb20iOiIyMDI0LTA5LTEyVDA5OjM5OjQ4WiIsImNyZWRlbnRpYWxTY2hlbWEiOnsiaWQiOiJodHRwczovL3Jhdy5naXRodWJ1c2VyY29udGVudC5jb20vd2FsdC1pZC93YWx0aWQtc3Npa2l0LXZjbGliL21hc3Rlci9zcmMvdGVzdC9yZXNvdXJjZXMvc2NoZW1hcy9WZXJpZmlhYmxlSWQuanNvbiIsInR5cGUiOiJGdWxsSnNvblNjaGVtYVZhbGlkYXRvcjIwMjEifSwiY3JlZGVudGlhbFN1YmplY3QiOnsiaWQiOiJkaWQ6a2V5Ono2TWtuVTcyTW9QM0ZScGVkN0pGNTNnbll2cUZhajhOaTZZWmRxWHFQWGpvNTNncSIsImN1cnJlbnRBZGRyZXNzIjpbIjEgQm91bGV2YXJkIGRlIGxhIExpYmVydMOpLCA1OTgwMCBMaWxsZSJdLCJkYXRlT2ZCaXJ0aCI6IjE5OTMtMDQtMDgiLCJmYW1pbHlOYW1lIjoiRE9FIiwiZmlyc3ROYW1lIjoiSmFuZSIsImdlbmRlciI6IkZFTUFMRSIsIm5hbWVBbmRGYW1pbHlOYW1lQXRCaXJ0aCI6IkphbmUgRE9FIiwicGVyc29uYWxJZGVudGlmaWVyIjoiMDkwNDAwODA4NEgiLCJwbGFjZU9mQmlydGgiOiJMSUxMRSwgRlJBTkNFIn0sImV2aWRlbmNlIjpbeyJkb2N1bWVudFByZXNlbmNlIjpbIlBoeXNpY2FsIl0sImV2aWRlbmNlRG9jdW1lbnQiOlsiUGFzc3BvcnQiXSwic3ViamVjdFByZXNlbmNlIjoiUGh5c2ljYWwiLCJ0eXBlIjpbIkRvY3VtZW50VmVyaWZpY2F0aW9uIl0sInZlcmlmaWVyIjoiZGlkOmVic2k6MkE5Qlo5U1VlNkJhdGFjU3B2czFWNUNkakh2THBRN2JFc2kySmI2TGRIS25ReGFOIn1dfSwianRpIjoidXJuOnV1aWQ6OTcwMTMxODYtNmYxNi00OTk3LWFkZmYtZjhiN2E4NDk0ODk2In0.b6J6DQo16luV9VJzh2d6uF7Fq7M7J1i6nXVJroK5ToRFPg6ouqs37Kik5R48UNxl2T-6Vizj5LlaRw5yP2ZcDQ"]},"iat":1726133988,"jti":"urn:uuid:26b2df5b-a1c4-44bf-becd-e6b138a4a480"}
12898 [pool-1-thread-1 @coroutine#872] DEBUG id.walt.services.keystore.HKVKeyStoreService - Loading key "did:key:z6MknU72MoP3FRped7JF53gnYvqFaj8Ni6YZdqXqPXjo53gq#z6MknU72MoP3FRped7JF53gnYvqFaj8Ni6YZdqXqPXjo53gq".
12898 [pool-1-thread-1 @coroutine#872] DEBUG id.walt.services.jwt.WaltIdJwtService - Signing JWT with algorithm: EdDSA_Ed25519
12898 [pool-1-thread-1 @coroutine#872] DEBUG id.walt.model.DidUrl - Trying to create DidUrl from URL: "did:key:z6MknU72MoP3FRped7JF53gnYvqFaj8Ni6YZdqXqPXjo53gq#z6MknU72MoP3FRped7JF53gnYvqFaj8Ni6YZdqXqPXjo53gq"...
12898 [pool-1-thread-1 @coroutine#872] DEBUG id.walt.services.keystore.HKVKeyStoreService - Loading key "18ab803c89704d3a8cc85b96c4beaa1c".
12899 [pool-1-thread-1 @coroutine#872] DEBUG id.walt.services.jwt.WaltIdJwtService - Signed JWT:  eyJraWQiOiJkaWQ6a2V5Ono2TWtuVTcyTW9QM0ZScGVkN0pGNTNnbll2cUZhajhOaTZZWmRxWHFQWGpvNTNncSN6Nk1rblU3Mk1vUDNGUnBlZDdKRjUzZ25ZdnFGYWo4Tmk2WVpkcVhxUFhqbzUzZ3EiLCJ0eXAiOiJKV1QiLCJhbGciOiJFZERTQSJ9.eyJzdWIiOiJkaWQ6a2V5Ono2TWtuVTcyTW9QM0ZScGVkN0pGNTNnbll2cUZhajhOaTZZWmRxWHFQWGpvNTNncSIsIm5iZiI6MTcyNjEzMzk4OCwiaXNzIjoiZGlkOmtleTp6Nk1rblU3Mk1vUDNGUnBlZDdKRjUzZ25ZdnFGYWo4Tmk2WVpkcVhxUFhqbzUzZ3EiLCJ2cCI6eyJ0eXBlIjpbIlZlcmlmaWFibGVQcmVzZW50YXRpb24iXSwiQGNvbnRleHQiOlsiaHR0cHM6Ly93d3cudzMub3JnLzIwMTgvY3JlZGVudGlhbHMvdjEiXSwiaWQiOiJ1cm46dXVpZDoyNmIyZGY1Yi1hMWM0LTQ0YmYtYmVjZC1lNmIxMzhhNGE0ODAiLCJob2xkZXIiOiJkaWQ6a2V5Ono2TWtuVTcyTW9QM0ZScGVkN0pGNTNnbll2cUZhajhOaTZZWmRxWHFQWGpvNTNncSIsInZlcmlmaWFibGVDcmVkZW50aWFsIjpbImV5SnJhV1FpT2lKa2FXUTZhMlY1T25vMlRXdHpla3h3VUVKRGIyUmlObTQyV0RGcFYyb3lkRzFTYjJKVVNrMXdlalp3WW5ONlRVRnpla05rVGpORlZ5TjZOazFyYzNwTWNGQkNRMjlrWWpadU5sZ3hhVmRxTW5SdFVtOWlWRXBOY0hvMmNHSnplazFCYzNwRFpFNHpSVmNpTENKMGVYQWlPaUpLVjFRaUxDSmhiR2NpT2lKRlpFUlRRU0o5LmV5SnpkV0lpT2lKa2FXUTZhMlY1T25vMlRXdHVWVGN5VFc5UU0wWlNjR1ZrTjBwR05UTm5ibGwyY1VaaGFqaE9hVFpaV21SeFdIRlFXR3B2TlRObmNTSXNJbTVpWmlJNk1UY3lOakV6TXprNE9Dd2lhWE56SWpvaVpHbGtPbXRsZVRwNk5rMXJjM3BNY0ZCQ1EyOWtZalp1TmxneGFWZHFNblJ0VW05aVZFcE5jSG8yY0dKemVrMUJjM3BEWkU0elJWY2lMQ0pwWVhRaU9qRTNNall4TXpNNU9EZ3NJblpqSWpwN0luUjVjR1VpT2xzaVZtVnlhV1pwWVdKc1pVTnlaV1JsYm5ScFlXd2lMQ0pXWlhKcFptbGhZbXhsUVhSMFpYTjBZWFJwYjI0aUxDSldaWEpwWm1saFlteGxTV1FpWFN3aVFHTnZiblJsZUhRaU9sc2lhSFIwY0hNNkx5OTNkM2N1ZHpNdWIzSm5Mekl3TVRndlkzSmxaR1Z1ZEdsaGJITXZkakVpWFN3aWFXUWlPaUoxY200NmRYVnBaRG81TnpBeE16RTROaTAyWmpFMkxUUTVPVGN0WVdSbVppMW1PR0kzWVRnME9UUTRPVFlpTENKcGMzTjFaWElpT2lKa2FXUTZhMlY1T25vMlRXdHpla3h3VUVKRGIyUmlObTQyV0RGcFYyb3lkRzFTYjJKVVNrMXdlalp3WW5ONlRVRnpla05rVGpORlZ5SXNJbWx6YzNWaGJtTmxSR0YwWlNJNklqSXdNalF0TURrdE1USlVNRGs2TXprNk5EaGFJaXdpYVhOemRXVmtJam9pTWpBeU5DMHdPUzB4TWxRd09Ub3pPVG8wT0ZvaUxDSjJZV3hwWkVaeWIyMGlPaUl5TURJMExUQTVMVEV5VkRBNU9qTTVPalE0V2lJc0ltTnlaV1JsYm5ScFlXeFRZMmhsYldFaU9uc2lhV1FpT2lKb2RIUndjem92TDNKaGR5NW5hWFJvZFdKMWMyVnlZMjl1ZEdWdWRDNWpiMjB2ZDJGc2RDMXBaQzkzWVd4MGFXUXRjM05wYTJsMExYWmpiR2xpTDIxaGMzUmxjaTl6Y21NdmRHVnpkQzl5WlhOdmRYSmpaWE12YzJOb1pXMWhjeTlXWlhKcFptbGhZbXhsU1dRdWFuTnZiaUlzSW5SNWNHVWlPaUpHZFd4c1NuTnZibE5qYUdWdFlWWmhiR2xrWVhSdmNqSXdNakVpZlN3aVkzSmxaR1Z1ZEdsaGJGTjFZbXBsWTNRaU9uc2lhV1FpT2lKa2FXUTZhMlY1T25vMlRXdHVWVGN5VFc5UU0wWlNjR1ZrTjBwR05UTm5ibGwyY1VaaGFqaE9hVFpaV21SeFdIRlFXR3B2TlRObmNTSXNJbU4xY25KbGJuUkJaR1J5WlhOeklqcGJJakVnUW05MWJHVjJZWEprSUdSbElHeGhJRXhwWW1WeWRNT3BMQ0ExT1Rnd01DQk1hV3hzWlNKZExDSmtZWFJsVDJaQ2FYSjBhQ0k2SWpFNU9UTXRNRFF0TURnaUxDSm1ZVzFwYkhsT1lXMWxJam9pUkU5Rklpd2labWx5YzNST1lXMWxJam9pU21GdVpTSXNJbWRsYm1SbGNpSTZJa1pGVFVGTVJTSXNJbTVoYldWQmJtUkdZVzFwYkhsT1lXMWxRWFJDYVhKMGFDSTZJa3BoYm1VZ1JFOUZJaXdpY0dWeWMyOXVZV3hKWkdWdWRHbG1hV1Z5SWpvaU1Ea3dOREF3T0RBNE5FZ2lMQ0p3YkdGalpVOW1RbWx5ZEdnaU9pSk1TVXhNUlN3Z1JsSkJUa05GSW4wc0ltVjJhV1JsYm1ObElqcGJleUprYjJOMWJXVnVkRkJ5WlhObGJtTmxJanBiSWxCb2VYTnBZMkZzSWwwc0ltVjJhV1JsYm1ObFJHOWpkVzFsYm5RaU9sc2lVR0Z6YzNCdmNuUWlYU3dpYzNWaWFtVmpkRkJ5WlhObGJtTmxJam9pVUdoNWMybGpZV3dpTENKMGVYQmxJanBiSWtSdlkzVnRaVzUwVm1WeWFXWnBZMkYwYVc5dUlsMHNJblpsY21sbWFXVnlJam9pWkdsa09tVmljMms2TWtFNVFsbzVVMVZsTmtKaGRHRmpVM0IyY3pGV05VTmtha2gyVEhCUk4ySkZjMmt5U21JMlRHUklTMjVSZUdGT0luMWRmU3dpYW5ScElqb2lkWEp1T25WMWFXUTZPVGN3TVRNeE9EWXRObVl4TmkwME9UazNMV0ZrWm1ZdFpqaGlOMkU0TkRrME9EazJJbjAuYjZKNkRRbzE2bHVWOVZKemgyZDZ1RjdGcTdNN0oxaTZuWFZKcm9LNVRvUkZQZzZvdXFzMzdLaWs1UjQ4VU54bDJULTZWaXpqNUxsYVJ3NXlQMlpjRFEiXX0sImlhdCI6MTcyNjEzMzk4OCwianRpIjoidXJuOnV1aWQ6MjZiMmRmNWItYTFjNC00NGJmLWJlY2QtZTZiMTM4YTRhNDgwIn0.wzv-9N4vbNpsYAbN4BTtLo5xHlM8ymQtgZvoHKAx7GGD2oSfl5QrPOguLaapZG_Ojm_eXKvzcAohWE4WZV0rAA
12899 [pool-1-thread-1 @coroutine#872] DEBUG id.walt.services.vc.WaltIdJwtCredentialService - VP created:eyJraWQiOiJkaWQ6a2V5Ono2TWtuVTcyTW9QM0ZScGVkN0pGNTNnbll2cUZhajhOaTZZWmRxWHFQWGpvNTNncSN6Nk1rblU3Mk1vUDNGUnBlZDdKRjUzZ25ZdnFGYWo4Tmk2WVpkcVhxUFhqbzUzZ3EiLCJ0eXAiOiJKV1QiLCJhbGciOiJFZERTQSJ9.eyJzdWIiOiJkaWQ6a2V5Ono2TWtuVTcyTW9QM0ZScGVkN0pGNTNnbll2cUZhajhOaTZZWmRxWHFQWGpvNTNncSIsIm5iZiI6MTcyNjEzMzk4OCwiaXNzIjoiZGlkOmtleTp6Nk1rblU3Mk1vUDNGUnBlZDdKRjUzZ25ZdnFGYWo4Tmk2WVpkcVhxUFhqbzUzZ3EiLCJ2cCI6eyJ0eXBlIjpbIlZlcmlmaWFibGVQcmVzZW50YXRpb24iXSwiQGNvbnRleHQiOlsiaHR0cHM6Ly93d3cudzMub3JnLzIwMTgvY3JlZGVudGlhbHMvdjEiXSwiaWQiOiJ1cm46dXVpZDoyNmIyZGY1Yi1hMWM0LTQ0YmYtYmVjZC1lNmIxMzhhNGE0ODAiLCJob2xkZXIiOiJkaWQ6a2V5Ono2TWtuVTcyTW9QM0ZScGVkN0pGNTNnbll2cUZhajhOaTZZWmRxWHFQWGpvNTNncSIsInZlcmlmaWFibGVDcmVkZW50aWFsIjpbImV5SnJhV1FpT2lKa2FXUTZhMlY1T25vMlRXdHpla3h3VUVKRGIyUmlObTQyV0RGcFYyb3lkRzFTYjJKVVNrMXdlalp3WW5ONlRVRnpla05rVGpORlZ5TjZOazFyYzNwTWNGQkNRMjlrWWpadU5sZ3hhVmRxTW5SdFVtOWlWRXBOY0hvMmNHSnplazFCYzNwRFpFNHpSVmNpTENKMGVYQWlPaUpLVjFRaUxDSmhiR2NpT2lKRlpFUlRRU0o5LmV5SnpkV0lpT2lKa2FXUTZhMlY1T25vMlRXdHVWVGN5VFc5UU0wWlNjR1ZrTjBwR05UTm5ibGwyY1VaaGFqaE9hVFpaV21SeFdIRlFXR3B2TlRObmNTSXNJbTVpWmlJNk1UY3lOakV6TXprNE9Dd2lhWE56SWpvaVpHbGtPbXRsZVRwNk5rMXJjM3BNY0ZCQ1EyOWtZalp1TmxneGFWZHFNblJ0VW05aVZFcE5jSG8yY0dKemVrMUJjM3BEWkU0elJWY2lMQ0pwWVhRaU9qRTNNall4TXpNNU9EZ3NJblpqSWpwN0luUjVjR1VpT2xzaVZtVnlhV1pwWVdKc1pVTnlaV1JsYm5ScFlXd2lMQ0pXWlhKcFptbGhZbXhsUVhSMFpYTjBZWFJwYjI0aUxDSldaWEpwWm1saFlteGxTV1FpWFN3aVFHTnZiblJsZUhRaU9sc2lhSFIwY0hNNkx5OTNkM2N1ZHpNdWIzSm5Mekl3TVRndlkzSmxaR1Z1ZEdsaGJITXZkakVpWFN3aWFXUWlPaUoxY200NmRYVnBaRG81TnpBeE16RTROaTAyWmpFMkxUUTVPVGN0WVdSbVppMW1PR0kzWVRnME9UUTRPVFlpTENKcGMzTjFaWElpT2lKa2FXUTZhMlY1T25vMlRXdHpla3h3VUVKRGIyUmlObTQyV0RGcFYyb3lkRzFTYjJKVVNrMXdlalp3WW5ONlRVRnpla05rVGpORlZ5SXNJbWx6YzNWaGJtTmxSR0YwWlNJNklqSXdNalF0TURrdE1USlVNRGs2TXprNk5EaGFJaXdpYVhOemRXVmtJam9pTWpBeU5DMHdPUzB4TWxRd09Ub3pPVG8wT0ZvaUxDSjJZV3hwWkVaeWIyMGlPaUl5TURJMExUQTVMVEV5VkRBNU9qTTVPalE0V2lJc0ltTnlaV1JsYm5ScFlXeFRZMmhsYldFaU9uc2lhV1FpT2lKb2RIUndjem92TDNKaGR5NW5hWFJvZFdKMWMyVnlZMjl1ZEdWdWRDNWpiMjB2ZDJGc2RDMXBaQzkzWVd4MGFXUXRjM05wYTJsMExYWmpiR2xpTDIxaGMzUmxjaTl6Y21NdmRHVnpkQzl5WlhOdmRYSmpaWE12YzJOb1pXMWhjeTlXWlhKcFptbGhZbXhsU1dRdWFuTnZiaUlzSW5SNWNHVWlPaUpHZFd4c1NuTnZibE5qYUdWdFlWWmhiR2xrWVhSdmNqSXdNakVpZlN3aVkzSmxaR1Z1ZEdsaGJGTjFZbXBsWTNRaU9uc2lhV1FpT2lKa2FXUTZhMlY1T25vMlRXdHVWVGN5VFc5UU0wWlNjR1ZrTjBwR05UTm5ibGwyY1VaaGFqaE9hVFpaV21SeFdIRlFXR3B2TlRObmNTSXNJbU4xY25KbGJuUkJaR1J5WlhOeklqcGJJakVnUW05MWJHVjJZWEprSUdSbElHeGhJRXhwWW1WeWRNT3BMQ0ExT1Rnd01DQk1hV3hzWlNKZExDSmtZWFJsVDJaQ2FYSjBhQ0k2SWpFNU9UTXRNRFF0TURnaUxDSm1ZVzFwYkhsT1lXMWxJam9pUkU5Rklpd2labWx5YzNST1lXMWxJam9pU21GdVpTSXNJbWRsYm1SbGNpSTZJa1pGVFVGTVJTSXNJbTVoYldWQmJtUkdZVzFwYkhsT1lXMWxRWFJDYVhKMGFDSTZJa3BoYm1VZ1JFOUZJaXdpY0dWeWMyOXVZV3hKWkdWdWRHbG1hV1Z5SWpvaU1Ea3dOREF3T0RBNE5FZ2lMQ0p3YkdGalpVOW1RbWx5ZEdnaU9pSk1TVXhNUlN3Z1JsSkJUa05GSW4wc0ltVjJhV1JsYm1ObElqcGJleUprYjJOMWJXVnVkRkJ5WlhObGJtTmxJanBiSWxCb2VYTnBZMkZzSWwwc0ltVjJhV1JsYm1ObFJHOWpkVzFsYm5RaU9sc2lVR0Z6YzNCdmNuUWlYU3dpYzNWaWFtVmpkRkJ5WlhObGJtTmxJam9pVUdoNWMybGpZV3dpTENKMGVYQmxJanBiSWtSdlkzVnRaVzUwVm1WeWFXWnBZMkYwYVc5dUlsMHNJblpsY21sbWFXVnlJam9pWkdsa09tVmljMms2TWtFNVFsbzVVMVZsTmtKaGRHRmpVM0IyY3pGV05VTmtha2gyVEhCUk4ySkZjMmt5U21JMlRHUklTMjVSZUdGT0luMWRmU3dpYW5ScElqb2lkWEp1T25WMWFXUTZPVGN3TVRNeE9EWXRObVl4TmkwME9UazNMV0ZrWm1ZdFpqaGlOMkU0TkRrME9EazJJbjAuYjZKNkRRbzE2bHVWOVZKemgyZDZ1RjdGcTdNN0oxaTZuWFZKcm9LNVRvUkZQZzZvdXFzMzdLaWs1UjQ4VU54bDJULTZWaXpqNUxsYVJ3NXlQMlpjRFEiXX0sImlhdCI6MTcyNjEzMzk4OCwianRpIjoidXJuOnV1aWQ6MjZiMmRmNWItYTFjNC00NGJmLWJlY2QtZTZiMTM4YTRhNDgwIn0.wzv-9N4vbNpsYAbN4BTtLo5xHlM8ymQtgZvoHKAx7GGD2oSfl5QrPOguLaapZG_Ojm_eXKvzcAohWE4WZV0rAA
12902 [pool-1-thread-1 @coroutine#872] DEBUG id.walt.services.oidc.OIDC4VPService - Sending SIOP response to http://localhost:9000/present
 vp_token=%5B%22eyJraWQiOiJkaWQ6a2V5Ono2TWtuVTcyTW9QM0ZScGVkN0pGNTNnbll2cUZhajhOaTZZWmRxWHFQWGpvNTNncSN6Nk1rblU3Mk1vUDNGUnBlZDdKRjUzZ25ZdnFGYWo4Tmk2WVpkcVhxUFhqbzUzZ3EiLCJ0eXAiOiJKV1QiLCJhbGciOiJFZERTQSJ9.eyJzdWIiOiJkaWQ6a2V5Ono2TWtuVTcyTW9QM0ZScGVkN0pGNTNnbll2cUZhajhOaTZZWmRxWHFQWGpvNTNncSIsIm5iZiI6MTcyNjEzMzk4OCwiaXNzIjoiZGlkOmtleTp6Nk1rblU3Mk1vUDNGUnBlZDdKRjUzZ25ZdnFGYWo4Tmk2WVpkcVhxUFhqbzUzZ3EiLCJ2cCI6eyJ0eXBlIjpbIlZlcmlmaWFibGVQcmVzZW50YXRpb24iXSwiQGNvbnRleHQiOlsiaHR0cHM6Ly93d3cudzMub3JnLzIwMTgvY3JlZGVudGlhbHMvdjEiXSwiaWQiOiJ1cm46dXVpZDoyNmIyZGY1Yi1hMWM0LTQ0YmYtYmVjZC1lNmIxMzhhNGE0ODAiLCJob2xkZXIiOiJkaWQ6a2V5Ono2TWtuVTcyTW9QM0ZScGVkN0pGNTNnbll2cUZhajhOaTZZWmRxWHFQWGpvNTNncSIsInZlcmlmaWFibGVDcmVkZW50aWFsIjpbImV5SnJhV1FpT2lKa2FXUTZhMlY1T25vMlRXdHpla3h3VUVKRGIyUmlObTQyV0RGcFYyb3lkRzFTYjJKVVNrMXdlalp3WW5ONlRVRnpla05rVGpORlZ5TjZOazFyYzNwTWNGQkNRMjlrWWpadU5sZ3hhVmRxTW5SdFVtOWlWRXBOY0hvMmNHSnplazFCYzNwRFpFNHpSVmNpTENKMGVYQWlPaUpLVjFRaUxDSmhiR2NpT2lKRlpFUlRRU0o5LmV5SnpkV0lpT2lKa2FXUTZhMlY1T25vMlRXdHVWVGN5VFc5UU0wWlNjR1ZrTjBwR05UTm5ibGwyY1VaaGFqaE9hVFpaV21SeFdIRlFXR3B2TlRObmNTSXNJbTVpWmlJNk1UY3lOakV6TXprNE9Dd2lhWE56SWpvaVpHbGtPbXRsZVRwNk5rMXJjM3BNY0ZCQ1EyOWtZalp1TmxneGFWZHFNblJ0VW05aVZFcE5jSG8yY0dKemVrMUJjM3BEWkU0elJWY2lMQ0pwWVhRaU9qRTNNall4TXpNNU9EZ3NJblpqSWpwN0luUjVjR1VpT2xzaVZtVnlhV1pwWVdKc1pVTnlaV1JsYm5ScFlXd2lMQ0pXWlhKcFptbGhZbXhsUVhSMFpYTjBZWFJwYjI0aUxDSldaWEpwWm1saFlteGxTV1FpWFN3aVFHTnZiblJsZUhRaU9sc2lhSFIwY0hNNkx5OTNkM2N1ZHpNdWIzSm5Mekl3TVRndlkzSmxaR1Z1ZEdsaGJITXZkakVpWFN3aWFXUWlPaUoxY200NmRYVnBaRG81TnpBeE16RTROaTAyWmpFMkxUUTVPVGN0WVdSbVppMW1PR0kzWVRnME9UUTRPVFlpTENKcGMzTjFaWElpT2lKa2FXUTZhMlY1T25vMlRXdHpla3h3VUVKRGIyUmlObTQyV0RGcFYyb3lkRzFTYjJKVVNrMXdlalp3WW5ONlRVRnpla05rVGpORlZ5SXNJbWx6YzNWaGJtTmxSR0YwWlNJNklqSXdNalF0TURrdE1USlVNRGs2TXprNk5EaGFJaXdpYVhOemRXVmtJam9pTWpBeU5DMHdPUzB4TWxRd09Ub3pPVG8wT0ZvaUxDSjJZV3hwWkVaeWIyMGlPaUl5TURJMExUQTVMVEV5VkRBNU9qTTVPalE0V2lJc0ltTnlaV1JsYm5ScFlXeFRZMmhsYldFaU9uc2lhV1FpT2lKb2RIUndjem92TDNKaGR5NW5hWFJvZFdKMWMyVnlZMjl1ZEdWdWRDNWpiMjB2ZDJGc2RDMXBaQzkzWVd4MGFXUXRjM05wYTJsMExYWmpiR2xpTDIxaGMzUmxjaTl6Y21NdmRHVnpkQzl5WlhOdmRYSmpaWE12YzJOb1pXMWhjeTlXWlhKcFptbGhZbXhsU1dRdWFuTnZiaUlzSW5SNWNHVWlPaUpHZFd4c1NuTnZibE5qYUdWdFlWWmhiR2xrWVhSdmNqSXdNakVpZlN3aVkzSmxaR1Z1ZEdsaGJGTjFZbXBsWTNRaU9uc2lhV1FpT2lKa2FXUTZhMlY1T25vMlRXdHVWVGN5VFc5UU0wWlNjR1ZrTjBwR05UTm5ibGwyY1VaaGFqaE9hVFpaV21SeFdIRlFXR3B2TlRObmNTSXNJbU4xY25KbGJuUkJaR1J5WlhOeklqcGJJakVnUW05MWJHVjJZWEprSUdSbElHeGhJRXhwWW1WeWRNT3BMQ0ExT1Rnd01DQk1hV3hzWlNKZExDSmtZWFJsVDJaQ2FYSjBhQ0k2SWpFNU9UTXRNRFF0TURnaUxDSm1ZVzFwYkhsT1lXMWxJam9pUkU5Rklpd2labWx5YzNST1lXMWxJam9pU21GdVpTSXNJbWRsYm1SbGNpSTZJa1pGVFVGTVJTSXNJbTVoYldWQmJtUkdZVzFwYkhsT1lXMWxRWFJDYVhKMGFDSTZJa3BoYm1VZ1JFOUZJaXdpY0dWeWMyOXVZV3hKWkdWdWRHbG1hV1Z5SWpvaU1Ea3dOREF3T0RBNE5FZ2lMQ0p3YkdGalpVOW1RbWx5ZEdnaU9pSk1TVXhNUlN3Z1JsSkJUa05GSW4wc0ltVjJhV1JsYm1ObElqcGJleUprYjJOMWJXVnVkRkJ5WlhObGJtTmxJanBiSWxCb2VYTnBZMkZzSWwwc0ltVjJhV1JsYm1ObFJHOWpkVzFsYm5RaU9sc2lVR0Z6YzNCdmNuUWlYU3dpYzNWaWFtVmpkRkJ5WlhObGJtTmxJam9pVUdoNWMybGpZV3dpTENKMGVYQmxJanBiSWtSdlkzVnRaVzUwVm1WeWFXWnBZMkYwYVc5dUlsMHNJblpsY21sbWFXVnlJam9pWkdsa09tVmljMms2TWtFNVFsbzVVMVZsTmtKaGRHRmpVM0IyY3pGV05VTmtha2gyVEhCUk4ySkZjMmt5U21JMlRHUklTMjVSZUdGT0luMWRmU3dpYW5ScElqb2lkWEp1T25WMWFXUTZPVGN3TVRNeE9EWXRObVl4TmkwME9UazNMV0ZrWm1ZdFpqaGlOMkU0TkRrME9EazJJbjAuYjZKNkRRbzE2bHVWOVZKemgyZDZ1RjdGcTdNN0oxaTZuWFZKcm9LNVRvUkZQZzZvdXFzMzdLaWs1UjQ4VU54bDJULTZWaXpqNUxsYVJ3NXlQMlpjRFEiXX0sImlhdCI6MTcyNjEzMzk4OCwianRpIjoidXJuOnV1aWQ6MjZiMmRmNWItYTFjNC00NGJmLWJlY2QtZTZiMTM4YTRhNDgwIn0.wzv-9N4vbNpsYAbN4BTtLo5xHlM8ymQtgZvoHKAx7GGD2oSfl5QrPOguLaapZG_Ojm_eXKvzcAohWE4WZV0rAA%22%2C%22eyJraWQiOiJkaWQ6a2V5Ono2TWtuVTcyTW9QM0ZScGVkN0pGNTNnbll2cUZhajhOaTZZWmRxWHFQWGpvNTNncSN6Nk1rblU3Mk1vUDNGUnBlZDdKRjUzZ25ZdnFGYWo4Tmk2WVpkcVhxUFhqbzUzZ3EiLCJ0eXAiOiJKV1QiLCJhbGciOiJFZERTQSJ9.eyJzdWIiOiJkaWQ6a2V5Ono2TWtuVTcyTW9QM0ZScGVkN0pGNTNnbll2cUZhajhOaTZZWmRxWHFQWGpvNTNncSIsIm5iZiI6MTcyNjEzMzk4OCwiaXNzIjoiZGlkOmtleTp6Nk1rblU3Mk1vUDNGUnBlZDdKRjUzZ25ZdnFGYWo4Tmk2WVpkcVhxUFhqbzUzZ3EiLCJ2cCI6eyJ0eXBlIjpbIlZlcmlmaWFibGVQcmVzZW50YXRpb24iXSwiQGNvbnRleHQiOlsiaHR0cHM6Ly93d3cudzMub3JnLzIwMTgvY3JlZGVudGlhbHMvdjEiXSwiaWQiOiJ1cm46dXVpZDoyNmIyZGY1Yi1hMWM0LTQ0YmYtYmVjZC1lNmIxMzhhNGE0ODAiLCJob2xkZXIiOiJkaWQ6a2V5Ono2TWtuVTcyTW9QM0ZScGVkN0pGNTNnbll2cUZhajhOaTZZWmRxWHFQWGpvNTNncSIsInZlcmlmaWFibGVDcmVkZW50aWFsIjpbImV5SnJhV1FpT2lKa2FXUTZhMlY1T25vMlRXdHpla3h3VUVKRGIyUmlObTQyV0RGcFYyb3lkRzFTYjJKVVNrMXdlalp3WW5ONlRVRnpla05rVGpORlZ5TjZOazFyYzNwTWNGQkNRMjlrWWpadU5sZ3hhVmRxTW5SdFVtOWlWRXBOY0hvMmNHSnplazFCYzNwRFpFNHpSVmNpTENKMGVYQWlPaUpLVjFRaUxDSmhiR2NpT2lKRlpFUlRRU0o5LmV5SnpkV0lpT2lKa2FXUTZhMlY1T25vMlRXdHVWVGN5VFc5UU0wWlNjR1ZrTjBwR05UTm5ibGwyY1VaaGFqaE9hVFpaV21SeFdIRlFXR3B2TlRObmNTSXNJbTVpWmlJNk1UY3lOakV6TXprNE9Dd2lhWE56SWpvaVpHbGtPbXRsZVRwNk5rMXJjM3BNY0ZCQ1EyOWtZalp1TmxneGFWZHFNblJ0VW05aVZFcE5jSG8yY0dKemVrMUJjM3BEWkU0elJWY2lMQ0pwWVhRaU9qRTNNall4TXpNNU9EZ3NJblpqSWpwN0luUjVjR1VpT2xzaVZtVnlhV1pwWVdKc1pVTnlaV1JsYm5ScFlXd2lMQ0pXWlhKcFptbGhZbXhsUVhSMFpYTjBZWFJwYjI0aUxDSldaWEpwWm1saFlteGxTV1FpWFN3aVFHTnZiblJsZUhRaU9sc2lhSFIwY0hNNkx5OTNkM2N1ZHpNdWIzSm5Mekl3TVRndlkzSmxaR1Z1ZEdsaGJITXZkakVpWFN3aWFXUWlPaUoxY200NmRYVnBaRG81TnpBeE16RTROaTAyWmpFMkxUUTVPVGN0WVdSbVppMW1PR0kzWVRnME9UUTRPVFlpTENKcGMzTjFaWElpT2lKa2FXUTZhMlY1T25vMlRXdHpla3h3VUVKRGIyUmlObTQyV0RGcFYyb3lkRzFTYjJKVVNrMXdlalp3WW5ONlRVRnpla05rVGpORlZ5SXNJbWx6YzNWaGJtTmxSR0YwWlNJNklqSXdNalF0TURrdE1USlVNRGs2TXprNk5EaGFJaXdpYVhOemRXVmtJam9pTWpBeU5DMHdPUzB4TWxRd09Ub3pPVG8wT0ZvaUxDSjJZV3hwWkVaeWIyMGlPaUl5TURJMExUQTVMVEV5VkRBNU9qTTVPalE0V2lJc0ltTnlaV1JsYm5ScFlXeFRZMmhsYldFaU9uc2lhV1FpT2lKb2RIUndjem92TDNKaGR5NW5hWFJvZFdKMWMyVnlZMjl1ZEdWdWRDNWpiMjB2ZDJGc2RDMXBaQzkzWVd4MGFXUXRjM05wYTJsMExYWmpiR2xpTDIxaGMzUmxjaTl6Y21NdmRHVnpkQzl5WlhOdmRYSmpaWE12YzJOb1pXMWhjeTlXWlhKcFptbGhZbXhsU1dRdWFuTnZiaUlzSW5SNWNHVWlPaUpHZFd4c1NuTnZibE5qYUdWdFlWWmhiR2xrWVhSdmNqSXdNakVpZlN3aVkzSmxaR1Z1ZEdsaGJGTjFZbXBsWTNRaU9uc2lhV1FpT2lKa2FXUTZhMlY1T25vMlRXdHVWVGN5VFc5UU0wWlNjR1ZrTjBwR05UTm5ibGwyY1VaaGFqaE9hVFpaV21SeFdIRlFXR3B2TlRObmNTSXNJbU4xY25KbGJuUkJaR1J5WlhOeklqcGJJakVnUW05MWJHVjJZWEprSUdSbElHeGhJRXhwWW1WeWRNT3BMQ0ExT1Rnd01DQk1hV3hzWlNKZExDSmtZWFJsVDJaQ2FYSjBhQ0k2SWpFNU9UTXRNRFF0TURnaUxDSm1ZVzFwYkhsT1lXMWxJam9pUkU5Rklpd2labWx5YzNST1lXMWxJam9pU21GdVpTSXNJbWRsYm1SbGNpSTZJa1pGVFVGTVJTSXNJbTVoYldWQmJtUkdZVzFwYkhsT1lXMWxRWFJDYVhKMGFDSTZJa3BoYm1VZ1JFOUZJaXdpY0dWeWMyOXVZV3hKWkdWdWRHbG1hV1Z5SWpvaU1Ea3dOREF3T0RBNE5FZ2lMQ0p3YkdGalpVOW1RbWx5ZEdnaU9pSk1TVXhNUlN3Z1JsSkJUa05GSW4wc0ltVjJhV1JsYm1ObElqcGJleUprYjJOMWJXVnVkRkJ5WlhObGJtTmxJanBiSWxCb2VYTnBZMkZzSWwwc0ltVjJhV1JsYm1ObFJHOWpkVzFsYm5RaU9sc2lVR0Z6YzNCdmNuUWlYU3dpYzNWaWFtVmpkRkJ5WlhObGJtTmxJam9pVUdoNWMybGpZV3dpTENKMGVYQmxJanBiSWtSdlkzVnRaVzUwVm1WeWFXWnBZMkYwYVc5dUlsMHNJblpsY21sbWFXVnlJam9pWkdsa09tVmljMms2TWtFNVFsbzVVMVZsTmtKaGRHRmpVM0IyY3pGV05VTmtha2gyVEhCUk4ySkZjMmt5U21JMlRHUklTMjVSZUdGT0luMWRmU3dpYW5ScElqb2lkWEp1T25WMWFXUTZPVGN3TVRNeE9EWXRObVl4TmkwME9UazNMV0ZrWm1ZdFpqaGlOMkU0TkRrME9EazJJbjAuYjZKNkRRbzE2bHVWOVZKemgyZDZ1RjdGcTdNN0oxaTZuWFZKcm9LNVRvUkZQZzZvdXFzMzdLaWs1UjQ4VU54bDJULTZWaXpqNUxsYVJ3NXlQMlpjRFEiXX0sImlhdCI6MTcyNjEzMzk4OCwianRpIjoidXJuOnV1aWQ6MjZiMmRmNWItYTFjNC00NGJmLWJlY2QtZTZiMTM4YTRhNDgwIn0.wzv-9N4vbNpsYAbN4BTtLo5xHlM8ymQtgZvoHKAx7GGD2oSfl5QrPOguLaapZG_Ojm_eXKvzcAohWE4WZV0rAA%22%5D&presentation_submission=%7B%22definition_id%22+%3A+%221%22%2C+%22descriptor_map%22+%3A+%5B%7B%22format%22+%3A+%22jwt_vp%22%2C+%22id%22+%3A+%220%22%2C+%22path%22+%3A+%22%24%5B0%5D%22%2C+%22path_nested%22+%3A+%7B%22format%22+%3A+%22jwt_vc%22%2C+%22id%22+%3A+%220%22%2C+%22path%22+%3A+%22%24%5B0%5D.verifiableCredential%5B0%5D%22%7D%7D%2C+%7B%22format%22+%3A+%22jwt_vp%22%2C+%22id%22+%3A+%221%22%2C+%22path%22+%3A+%22%24%5B1%5D%22%2C+%22path_nested%22+%3A+%7B%22format%22+%3A+%22jwt_vc%22%2C+%22id%22+%3A+%220%22%2C+%22path%22+%3A+%22%24%5B1%5D.verifiableCredential%5B0%5D%22%7D%7D%5D%2C+%22id%22+%3A+%221%22%7D&state=jsc5_EKk28suB9JKAJHvpg6Q5thWXaLxHUxAI5Wes98
12905 [JettyServerThreadPool-276] DEBUG id.walt.auditor.Auditor - Verifying vc with SignaturePolicy ...
12905 [JettyServerThreadPool-276] DEBUG id.walt.auditor.policies.SignaturePolicy - is jwt: true
12905 [JettyServerThreadPool-276] DEBUG id.walt.services.vc.WaltIdJwtCredentialService - Verifying vc: eyJraWQiOiJkaWQ6a2V5Ono2TWtuVTcyTW9QM0ZScGVkN0pGNTNnbll2cUZhajhOaTZZWmRxWHFQWGpvNTNncSN6Nk1rblU3Mk1vUDNGUnBlZDdKRjUzZ25ZdnFGYWo4Tmk2WVpkcVhxUFhqbzUzZ3EiLCJ0eXAiOiJKV1QiLCJhbGciOiJFZERTQSJ9.eyJzdWIiOiJkaWQ6a2V5Ono2TWtuVTcyTW9QM0ZScGVkN0pGNTNnbll2cUZhajhOaTZZWmRxWHFQWGpvNTNncSIsIm5iZiI6MTcyNjEzMzk4OCwiaXNzIjoiZGlkOmtleTp6Nk1rblU3Mk1vUDNGUnBlZDdKRjUzZ25ZdnFGYWo4Tmk2WVpkcVhxUFhqbzUzZ3EiLCJ2cCI6eyJ0eXBlIjpbIlZlcmlmaWFibGVQcmVzZW50YXRpb24iXSwiQGNvbnRleHQiOlsiaHR0cHM6Ly93d3cudzMub3JnLzIwMTgvY3JlZGVudGlhbHMvdjEiXSwiaWQiOiJ1cm46dXVpZDoyNmIyZGY1Yi1hMWM0LTQ0YmYtYmVjZC1lNmIxMzhhNGE0ODAiLCJob2xkZXIiOiJkaWQ6a2V5Ono2TWtuVTcyTW9QM0ZScGVkN0pGNTNnbll2cUZhajhOaTZZWmRxWHFQWGpvNTNncSIsInZlcmlmaWFibGVDcmVkZW50aWFsIjpbImV5SnJhV1FpT2lKa2FXUTZhMlY1T25vMlRXdHpla3h3VUVKRGIyUmlObTQyV0RGcFYyb3lkRzFTYjJKVVNrMXdlalp3WW5ONlRVRnpla05rVGpORlZ5TjZOazFyYzNwTWNGQkNRMjlrWWpadU5sZ3hhVmRxTW5SdFVtOWlWRXBOY0hvMmNHSnplazFCYzNwRFpFNHpSVmNpTENKMGVYQWlPaUpLVjFRaUxDSmhiR2NpT2lKRlpFUlRRU0o5LmV5SnpkV0lpT2lKa2FXUTZhMlY1T25vMlRXdHVWVGN5VFc5UU0wWlNjR1ZrTjBwR05UTm5ibGwyY1VaaGFqaE9hVFpaV21SeFdIRlFXR3B2TlRObmNTSXNJbTVpWmlJNk1UY3lOakV6TXprNE9Dd2lhWE56SWpvaVpHbGtPbXRsZVRwNk5rMXJjM3BNY0ZCQ1EyOWtZalp1TmxneGFWZHFNblJ0VW05aVZFcE5jSG8yY0dKemVrMUJjM3BEWkU0elJWY2lMQ0pwWVhRaU9qRTNNall4TXpNNU9EZ3NJblpqSWpwN0luUjVjR1VpT2xzaVZtVnlhV1pwWVdKc1pVTnlaV1JsYm5ScFlXd2lMQ0pXWlhKcFptbGhZbXhsUVhSMFpYTjBZWFJwYjI0aUxDSldaWEpwWm1saFlteGxTV1FpWFN3aVFHTnZiblJsZUhRaU9sc2lhSFIwY0hNNkx5OTNkM2N1ZHpNdWIzSm5Mekl3TVRndlkzSmxaR1Z1ZEdsaGJITXZkakVpWFN3aWFXUWlPaUoxY200NmRYVnBaRG81TnpBeE16RTROaTAyWmpFMkxUUTVPVGN0WVdSbVppMW1PR0kzWVRnME9UUTRPVFlpTENKcGMzTjFaWElpT2lKa2FXUTZhMlY1T25vMlRXdHpla3h3VUVKRGIyUmlObTQyV0RGcFYyb3lkRzFTYjJKVVNrMXdlalp3WW5ONlRVRnpla05rVGpORlZ5SXNJbWx6YzNWaGJtTmxSR0YwWlNJNklqSXdNalF0TURrdE1USlVNRGs2TXprNk5EaGFJaXdpYVhOemRXVmtJam9pTWpBeU5DMHdPUzB4TWxRd09Ub3pPVG8wT0ZvaUxDSjJZV3hwWkVaeWIyMGlPaUl5TURJMExUQTVMVEV5VkRBNU9qTTVPalE0V2lJc0ltTnlaV1JsYm5ScFlXeFRZMmhsYldFaU9uc2lhV1FpT2lKb2RIUndjem92TDNKaGR5NW5hWFJvZFdKMWMyVnlZMjl1ZEdWdWRDNWpiMjB2ZDJGc2RDMXBaQzkzWVd4MGFXUXRjM05wYTJsMExYWmpiR2xpTDIxaGMzUmxjaTl6Y21NdmRHVnpkQzl5WlhOdmRYSmpaWE12YzJOb1pXMWhjeTlXWlhKcFptbGhZbXhsU1dRdWFuTnZiaUlzSW5SNWNHVWlPaUpHZFd4c1NuTnZibE5qYUdWdFlWWmhiR2xrWVhSdmNqSXdNakVpZlN3aVkzSmxaR1Z1ZEdsaGJGTjFZbXBsWTNRaU9uc2lhV1FpT2lKa2FXUTZhMlY1T25vMlRXdHVWVGN5VFc5UU0wWlNjR1ZrTjBwR05UTm5ibGwyY1VaaGFqaE9hVFpaV21SeFdIRlFXR3B2TlRObmNTSXNJbU4xY25KbGJuUkJaR1J5WlhOeklqcGJJakVnUW05MWJHVjJZWEprSUdSbElHeGhJRXhwWW1WeWRNT3BMQ0ExT1Rnd01DQk1hV3hzWlNKZExDSmtZWFJsVDJaQ2FYSjBhQ0k2SWpFNU9UTXRNRFF0TURnaUxDSm1ZVzFwYkhsT1lXMWxJam9pUkU5Rklpd2labWx5YzNST1lXMWxJam9pU21GdVpTSXNJbWRsYm1SbGNpSTZJa1pGVFVGTVJTSXNJbTVoYldWQmJtUkdZVzFwYkhsT1lXMWxRWFJDYVhKMGFDSTZJa3BoYm1VZ1JFOUZJaXdpY0dWeWMyOXVZV3hKWkdWdWRHbG1hV1Z5SWpvaU1Ea3dOREF3T0RBNE5FZ2lMQ0p3YkdGalpVOW1RbWx5ZEdnaU9pSk1TVXhNUlN3Z1JsSkJUa05GSW4wc0ltVjJhV1JsYm1ObElqcGJleUprYjJOMWJXVnVkRkJ5WlhObGJtTmxJanBiSWxCb2VYTnBZMkZzSWwwc0ltVjJhV1JsYm1ObFJHOWpkVzFsYm5RaU9sc2lVR0Z6YzNCdmNuUWlYU3dpYzNWaWFtVmpkRkJ5WlhObGJtTmxJam9pVUdoNWMybGpZV3dpTENKMGVYQmxJanBiSWtSdlkzVnRaVzUwVm1WeWFXWnBZMkYwYVc5dUlsMHNJblpsY21sbWFXVnlJam9pWkdsa09tVmljMms2TWtFNVFsbzVVMVZsTmtKaGRHRmpVM0IyY3pGV05VTmtha2gyVEhCUk4ySkZjMmt5U21JMlRHUklTMjVSZUdGT0luMWRmU3dpYW5ScElqb2lkWEp1T25WMWFXUTZPVGN3TVRNeE9EWXRObVl4TmkwME9UazNMV0ZrWm1ZdFpqaGlOMkU0TkRrME9EazJJbjAuYjZKNkRRbzE2bHVWOVZKemgyZDZ1RjdGcTdNN0oxaTZuWFZKcm9LNVRvUkZQZzZvdXFzMzdLaWs1UjQ4VU54bDJULTZWaXpqNUxsYVJ3NXlQMlpjRFEiXX0sImlhdCI6MTcyNjEzMzk4OCwianRpIjoidXJuOnV1aWQ6MjZiMmRmNWItYTFjNC00NGJmLWJlY2QtZTZiMTM4YTRhNDgwIn0.wzv-9N4vbNpsYAbN4BTtLo5xHlM8ymQtgZvoHKAx7GGD2oSfl5QrPOguLaapZG_Ojm_eXKvzcAohWE4WZV0rAA
12906 [JettyServerThreadPool-276] DEBUG id.walt.services.jwt.WaltIdJwtService - Verifying token:  eyJraWQiOiJkaWQ6a2V5Ono2TWtuVTcyTW9QM0ZScGVkN0pGNTNnbll2cUZhajhOaTZZWmRxWHFQWGpvNTNncSN6Nk1rblU3Mk1vUDNGUnBlZDdKRjUzZ25ZdnFGYWo4Tmk2WVpkcVhxUFhqbzUzZ3EiLCJ0eXAiOiJKV1QiLCJhbGciOiJFZERTQSJ9.eyJzdWIiOiJkaWQ6a2V5Ono2TWtuVTcyTW9QM0ZScGVkN0pGNTNnbll2cUZhajhOaTZZWmRxWHFQWGpvNTNncSIsIm5iZiI6MTcyNjEzMzk4OCwiaXNzIjoiZGlkOmtleTp6Nk1rblU3Mk1vUDNGUnBlZDdKRjUzZ25ZdnFGYWo4Tmk2WVpkcVhxUFhqbzUzZ3EiLCJ2cCI6eyJ0eXBlIjpbIlZlcmlmaWFibGVQcmVzZW50YXRpb24iXSwiQGNvbnRleHQiOlsiaHR0cHM6Ly93d3cudzMub3JnLzIwMTgvY3JlZGVudGlhbHMvdjEiXSwiaWQiOiJ1cm46dXVpZDoyNmIyZGY1Yi1hMWM0LTQ0YmYtYmVjZC1lNmIxMzhhNGE0ODAiLCJob2xkZXIiOiJkaWQ6a2V5Ono2TWtuVTcyTW9QM0ZScGVkN0pGNTNnbll2cUZhajhOaTZZWmRxWHFQWGpvNTNncSIsInZlcmlmaWFibGVDcmVkZW50aWFsIjpbImV5SnJhV1FpT2lKa2FXUTZhMlY1T25vMlRXdHpla3h3VUVKRGIyUmlObTQyV0RGcFYyb3lkRzFTYjJKVVNrMXdlalp3WW5ONlRVRnpla05rVGpORlZ5TjZOazFyYzNwTWNGQkNRMjlrWWpadU5sZ3hhVmRxTW5SdFVtOWlWRXBOY0hvMmNHSnplazFCYzNwRFpFNHpSVmNpTENKMGVYQWlPaUpLVjFRaUxDSmhiR2NpT2lKRlpFUlRRU0o5LmV5SnpkV0lpT2lKa2FXUTZhMlY1T25vMlRXdHVWVGN5VFc5UU0wWlNjR1ZrTjBwR05UTm5ibGwyY1VaaGFqaE9hVFpaV21SeFdIRlFXR3B2TlRObmNTSXNJbTVpWmlJNk1UY3lOakV6TXprNE9Dd2lhWE56SWpvaVpHbGtPbXRsZVRwNk5rMXJjM3BNY0ZCQ1EyOWtZalp1TmxneGFWZHFNblJ0VW05aVZFcE5jSG8yY0dKemVrMUJjM3BEWkU0elJWY2lMQ0pwWVhRaU9qRTNNall4TXpNNU9EZ3NJblpqSWpwN0luUjVjR1VpT2xzaVZtVnlhV1pwWVdKc1pVTnlaV1JsYm5ScFlXd2lMQ0pXWlhKcFptbGhZbXhsUVhSMFpYTjBZWFJwYjI0aUxDSldaWEpwWm1saFlteGxTV1FpWFN3aVFHTnZiblJsZUhRaU9sc2lhSFIwY0hNNkx5OTNkM2N1ZHpNdWIzSm5Mekl3TVRndlkzSmxaR1Z1ZEdsaGJITXZkakVpWFN3aWFXUWlPaUoxY200NmRYVnBaRG81TnpBeE16RTROaTAyWmpFMkxUUTVPVGN0WVdSbVppMW1PR0kzWVRnME9UUTRPVFlpTENKcGMzTjFaWElpT2lKa2FXUTZhMlY1T25vMlRXdHpla3h3VUVKRGIyUmlObTQyV0RGcFYyb3lkRzFTYjJKVVNrMXdlalp3WW5ONlRVRnpla05rVGpORlZ5SXNJbWx6YzNWaGJtTmxSR0YwWlNJNklqSXdNalF0TURrdE1USlVNRGs2TXprNk5EaGFJaXdpYVhOemRXVmtJam9pTWpBeU5DMHdPUzB4TWxRd09Ub3pPVG8wT0ZvaUxDSjJZV3hwWkVaeWIyMGlPaUl5TURJMExUQTVMVEV5VkRBNU9qTTVPalE0V2lJc0ltTnlaV1JsYm5ScFlXeFRZMmhsYldFaU9uc2lhV1FpT2lKb2RIUndjem92TDNKaGR5NW5hWFJvZFdKMWMyVnlZMjl1ZEdWdWRDNWpiMjB2ZDJGc2RDMXBaQzkzWVd4MGFXUXRjM05wYTJsMExYWmpiR2xpTDIxaGMzUmxjaTl6Y21NdmRHVnpkQzl5WlhOdmRYSmpaWE12YzJOb1pXMWhjeTlXWlhKcFptbGhZbXhsU1dRdWFuTnZiaUlzSW5SNWNHVWlPaUpHZFd4c1NuTnZibE5qYUdWdFlWWmhiR2xrWVhSdmNqSXdNakVpZlN3aVkzSmxaR1Z1ZEdsaGJGTjFZbXBsWTNRaU9uc2lhV1FpT2lKa2FXUTZhMlY1T25vMlRXdHVWVGN5VFc5UU0wWlNjR1ZrTjBwR05UTm5ibGwyY1VaaGFqaE9hVFpaV21SeFdIRlFXR3B2TlRObmNTSXNJbU4xY25KbGJuUkJaR1J5WlhOeklqcGJJakVnUW05MWJHVjJZWEprSUdSbElHeGhJRXhwWW1WeWRNT3BMQ0ExT1Rnd01DQk1hV3hzWlNKZExDSmtZWFJsVDJaQ2FYSjBhQ0k2SWpFNU9UTXRNRFF0TURnaUxDSm1ZVzFwYkhsT1lXMWxJam9pUkU5Rklpd2labWx5YzNST1lXMWxJam9pU21GdVpTSXNJbWRsYm1SbGNpSTZJa1pGVFVGTVJTSXNJbTVoYldWQmJtUkdZVzFwYkhsT1lXMWxRWFJDYVhKMGFDSTZJa3BoYm1VZ1JFOUZJaXdpY0dWeWMyOXVZV3hKWkdWdWRHbG1hV1Z5SWpvaU1Ea3dOREF3T0RBNE5FZ2lMQ0p3YkdGalpVOW1RbWx5ZEdnaU9pSk1TVXhNUlN3Z1JsSkJUa05GSW4wc0ltVjJhV1JsYm1ObElqcGJleUprYjJOMWJXVnVkRkJ5WlhObGJtTmxJanBiSWxCb2VYTnBZMkZzSWwwc0ltVjJhV1JsYm1ObFJHOWpkVzFsYm5RaU9sc2lVR0Z6YzNCdmNuUWlYU3dpYzNWaWFtVmpkRkJ5WlhObGJtTmxJam9pVUdoNWMybGpZV3dpTENKMGVYQmxJanBiSWtSdlkzVnRaVzUwVm1WeWFXWnBZMkYwYVc5dUlsMHNJblpsY21sbWFXVnlJam9pWkdsa09tVmljMms2TWtFNVFsbzVVMVZsTmtKaGRHRmpVM0IyY3pGV05VTmtha2gyVEhCUk4ySkZjMmt5U21JMlRHUklTMjVSZUdGT0luMWRmU3dpYW5ScElqb2lkWEp1T25WMWFXUTZPVGN3TVRNeE9EWXRObVl4TmkwME9UazNMV0ZrWm1ZdFpqaGlOMkU0TkRrME9EazJJbjAuYjZKNkRRbzE2bHVWOVZKemgyZDZ1RjdGcTdNN0oxaTZuWFZKcm9LNVRvUkZQZzZvdXFzMzdLaWs1UjQ4VU54bDJULTZWaXpqNUxsYVJ3NXlQMlpjRFEiXX0sImlhdCI6MTcyNjEzMzk4OCwianRpIjoidXJuOnV1aWQ6MjZiMmRmNWItYTFjNC00NGJmLWJlY2QtZTZiMTM4YTRhNDgwIn0.wzv-9N4vbNpsYAbN4BTtLo5xHlM8ymQtgZvoHKAx7GGD2oSfl5QrPOguLaapZG_Ojm_eXKvzcAohWE4WZV0rAA
12906 [JettyServerThreadPool-276] DEBUG id.walt.model.DidUrl - Trying to create DidUrl from URL: "did:key:z6MknU72MoP3FRped7JF53gnYvqFaj8Ni6YZdqXqPXjo53gq#z6MknU72MoP3FRped7JF53gnYvqFaj8Ni6YZdqXqPXjo53gq"...
12906 [JettyServerThreadPool-276] DEBUG id.walt.model.DidUrl - Trying to create DidUrl from URL: "did:key:z6MknU72MoP3FRped7JF53gnYvqFaj8Ni6YZdqXqPXjo53gq#z6MknU72MoP3FRped7JF53gnYvqFaj8Ni6YZdqXqPXjo53gq"...
12906 [JettyServerThreadPool-276] DEBUG id.walt.services.did.DidService - Loading or resolving "did:key:z6MknU72MoP3FRped7JF53gnYvqFaj8Ni6YZdqXqPXjo53gq"...
12906 [JettyServerThreadPool-276] DEBUG id.walt.model.DidUrl - Trying to create DidUrl from URL: "did:key:z6MknU72MoP3FRped7JF53gnYvqFaj8Ni6YZdqXqPXjo53gq"...
12906 [JettyServerThreadPool-276] DEBUG id.walt.services.did.DidService - loadOrResolve: url=DidUrl(method=key, identifier=z6MknU72MoP3FRped7JF53gnYvqFaj8Ni6YZdqXqPXjo53gq, fragment=z6MknU72MoP3FRped7JF53gnYvqFaj8Ni6YZdqXqPXjo53gq, query=null), length of stored=1639
12906 [JettyServerThreadPool-276] DEBUG id.walt.model.DidUrl - Trying to create DidUrl from URL: "did:key:z6MknU72MoP3FRped7JF53gnYvqFaj8Ni6YZdqXqPXjo53gq"...
12908 [JettyServerThreadPool-276] DEBUG id.walt.services.keystore.HKVKeyStoreService - Loading key "did:key:z6MknU72MoP3FRped7JF53gnYvqFaj8Ni6YZdqXqPXjo53gq#z6MknU72MoP3FRped7JF53gnYvqFaj8Ni6YZdqXqPXjo53gq".
12909 [JettyServerThreadPool-276] DEBUG id.walt.services.jwt.WaltIdJwtService - JWT verified returned:  true (with key: 18ab803c89704d3a8cc85b96c4beaa1c)
12909 [JettyServerThreadPool-276] DEBUG id.walt.auditor.VerificationPolicy - VC [VerifiablePresentation] passes policy SignaturePolicy: passed
12909 [JettyServerThreadPool-276] DEBUG id.walt.auditor.Auditor - Verifying VerifiableId in VP with SignaturePolicy...
12909 [JettyServerThreadPool-276] DEBUG id.walt.auditor.policies.SignaturePolicy - is jwt: true
12909 [JettyServerThreadPool-276] DEBUG id.walt.services.vc.WaltIdJwtCredentialService - Verifying vc: eyJraWQiOiJkaWQ6a2V5Ono2TWtzekxwUEJDb2RiNm42WDFpV2oydG1Sb2JUSk1wejZwYnN6TUFzekNkTjNFVyN6Nk1rc3pMcFBCQ29kYjZuNlgxaVdqMnRtUm9iVEpNcHo2cGJzek1Bc3pDZE4zRVciLCJ0eXAiOiJKV1QiLCJhbGciOiJFZERTQSJ9.eyJzdWIiOiJkaWQ6a2V5Ono2TWtuVTcyTW9QM0ZScGVkN0pGNTNnbll2cUZhajhOaTZZWmRxWHFQWGpvNTNncSIsIm5iZiI6MTcyNjEzMzk4OCwiaXNzIjoiZGlkOmtleTp6Nk1rc3pMcFBCQ29kYjZuNlgxaVdqMnRtUm9iVEpNcHo2cGJzek1Bc3pDZE4zRVciLCJpYXQiOjE3MjYxMzM5ODgsInZjIjp7InR5cGUiOlsiVmVyaWZpYWJsZUNyZWRlbnRpYWwiLCJWZXJpZmlhYmxlQXR0ZXN0YXRpb24iLCJWZXJpZmlhYmxlSWQiXSwiQGNvbnRleHQiOlsiaHR0cHM6Ly93d3cudzMub3JnLzIwMTgvY3JlZGVudGlhbHMvdjEiXSwiaWQiOiJ1cm46dXVpZDo5NzAxMzE4Ni02ZjE2LTQ5OTctYWRmZi1mOGI3YTg0OTQ4OTYiLCJpc3N1ZXIiOiJkaWQ6a2V5Ono2TWtzekxwUEJDb2RiNm42WDFpV2oydG1Sb2JUSk1wejZwYnN6TUFzekNkTjNFVyIsImlzc3VhbmNlRGF0ZSI6IjIwMjQtMDktMTJUMDk6Mzk6NDhaIiwiaXNzdWVkIjoiMjAyNC0wOS0xMlQwOTozOTo0OFoiLCJ2YWxpZEZyb20iOiIyMDI0LTA5LTEyVDA5OjM5OjQ4WiIsImNyZWRlbnRpYWxTY2hlbWEiOnsiaWQiOiJodHRwczovL3Jhdy5naXRodWJ1c2VyY29udGVudC5jb20vd2FsdC1pZC93YWx0aWQtc3Npa2l0LXZjbGliL21hc3Rlci9zcmMvdGVzdC9yZXNvdXJjZXMvc2NoZW1hcy9WZXJpZmlhYmxlSWQuanNvbiIsInR5cGUiOiJGdWxsSnNvblNjaGVtYVZhbGlkYXRvcjIwMjEifSwiY3JlZGVudGlhbFN1YmplY3QiOnsiaWQiOiJkaWQ6a2V5Ono2TWtuVTcyTW9QM0ZScGVkN0pGNTNnbll2cUZhajhOaTZZWmRxWHFQWGpvNTNncSIsImN1cnJlbnRBZGRyZXNzIjpbIjEgQm91bGV2YXJkIGRlIGxhIExpYmVydMOpLCA1OTgwMCBMaWxsZSJdLCJkYXRlT2ZCaXJ0aCI6IjE5OTMtMDQtMDgiLCJmYW1pbHlOYW1lIjoiRE9FIiwiZmlyc3ROYW1lIjoiSmFuZSIsImdlbmRlciI6IkZFTUFMRSIsIm5hbWVBbmRGYW1pbHlOYW1lQXRCaXJ0aCI6IkphbmUgRE9FIiwicGVyc29uYWxJZGVudGlmaWVyIjoiMDkwNDAwODA4NEgiLCJwbGFjZU9mQmlydGgiOiJMSUxMRSwgRlJBTkNFIn0sImV2aWRlbmNlIjpbeyJkb2N1bWVudFByZXNlbmNlIjpbIlBoeXNpY2FsIl0sImV2aWRlbmNlRG9jdW1lbnQiOlsiUGFzc3BvcnQiXSwic3ViamVjdFByZXNlbmNlIjoiUGh5c2ljYWwiLCJ0eXBlIjpbIkRvY3VtZW50VmVyaWZpY2F0aW9uIl0sInZlcmlmaWVyIjoiZGlkOmVic2k6MkE5Qlo5U1VlNkJhdGFjU3B2czFWNUNkakh2THBRN2JFc2kySmI2TGRIS25ReGFOIn1dfSwianRpIjoidXJuOnV1aWQ6OTcwMTMxODYtNmYxNi00OTk3LWFkZmYtZjhiN2E4NDk0ODk2In0.b6J6DQo16luV9VJzh2d6uF7Fq7M7J1i6nXVJroK5ToRFPg6ouqs37Kik5R48UNxl2T-6Vizj5LlaRw5yP2ZcDQ
12909 [JettyServerThreadPool-276] DEBUG id.walt.services.jwt.WaltIdJwtService - Verifying token:  eyJraWQiOiJkaWQ6a2V5Ono2TWtzekxwUEJDb2RiNm42WDFpV2oydG1Sb2JUSk1wejZwYnN6TUFzekNkTjNFVyN6Nk1rc3pMcFBCQ29kYjZuNlgxaVdqMnRtUm9iVEpNcHo2cGJzek1Bc3pDZE4zRVciLCJ0eXAiOiJKV1QiLCJhbGciOiJFZERTQSJ9.eyJzdWIiOiJkaWQ6a2V5Ono2TWtuVTcyTW9QM0ZScGVkN0pGNTNnbll2cUZhajhOaTZZWmRxWHFQWGpvNTNncSIsIm5iZiI6MTcyNjEzMzk4OCwiaXNzIjoiZGlkOmtleTp6Nk1rc3pMcFBCQ29kYjZuNlgxaVdqMnRtUm9iVEpNcHo2cGJzek1Bc3pDZE4zRVciLCJpYXQiOjE3MjYxMzM5ODgsInZjIjp7InR5cGUiOlsiVmVyaWZpYWJsZUNyZWRlbnRpYWwiLCJWZXJpZmlhYmxlQXR0ZXN0YXRpb24iLCJWZXJpZmlhYmxlSWQiXSwiQGNvbnRleHQiOlsiaHR0cHM6Ly93d3cudzMub3JnLzIwMTgvY3JlZGVudGlhbHMvdjEiXSwiaWQiOiJ1cm46dXVpZDo5NzAxMzE4Ni02ZjE2LTQ5OTctYWRmZi1mOGI3YTg0OTQ4OTYiLCJpc3N1ZXIiOiJkaWQ6a2V5Ono2TWtzekxwUEJDb2RiNm42WDFpV2oydG1Sb2JUSk1wejZwYnN6TUFzekNkTjNFVyIsImlzc3VhbmNlRGF0ZSI6IjIwMjQtMDktMTJUMDk6Mzk6NDhaIiwiaXNzdWVkIjoiMjAyNC0wOS0xMlQwOTozOTo0OFoiLCJ2YWxpZEZyb20iOiIyMDI0LTA5LTEyVDA5OjM5OjQ4WiIsImNyZWRlbnRpYWxTY2hlbWEiOnsiaWQiOiJodHRwczovL3Jhdy5naXRodWJ1c2VyY29udGVudC5jb20vd2FsdC1pZC93YWx0aWQtc3Npa2l0LXZjbGliL21hc3Rlci9zcmMvdGVzdC9yZXNvdXJjZXMvc2NoZW1hcy9WZXJpZmlhYmxlSWQuanNvbiIsInR5cGUiOiJGdWxsSnNvblNjaGVtYVZhbGlkYXRvcjIwMjEifSwiY3JlZGVudGlhbFN1YmplY3QiOnsiaWQiOiJkaWQ6a2V5Ono2TWtuVTcyTW9QM0ZScGVkN0pGNTNnbll2cUZhajhOaTZZWmRxWHFQWGpvNTNncSIsImN1cnJlbnRBZGRyZXNzIjpbIjEgQm91bGV2YXJkIGRlIGxhIExpYmVydMOpLCA1OTgwMCBMaWxsZSJdLCJkYXRlT2ZCaXJ0aCI6IjE5OTMtMDQtMDgiLCJmYW1pbHlOYW1lIjoiRE9FIiwiZmlyc3ROYW1lIjoiSmFuZSIsImdlbmRlciI6IkZFTUFMRSIsIm5hbWVBbmRGYW1pbHlOYW1lQXRCaXJ0aCI6IkphbmUgRE9FIiwicGVyc29uYWxJZGVudGlmaWVyIjoiMDkwNDAwODA4NEgiLCJwbGFjZU9mQmlydGgiOiJMSUxMRSwgRlJBTkNFIn0sImV2aWRlbmNlIjpbeyJkb2N1bWVudFByZXNlbmNlIjpbIlBoeXNpY2FsIl0sImV2aWRlbmNlRG9jdW1lbnQiOlsiUGFzc3BvcnQiXSwic3ViamVjdFByZXNlbmNlIjoiUGh5c2ljYWwiLCJ0eXBlIjpbIkRvY3VtZW50VmVyaWZpY2F0aW9uIl0sInZlcmlmaWVyIjoiZGlkOmVic2k6MkE5Qlo5U1VlNkJhdGFjU3B2czFWNUNkakh2THBRN2JFc2kySmI2TGRIS25ReGFOIn1dfSwianRpIjoidXJuOnV1aWQ6OTcwMTMxODYtNmYxNi00OTk3LWFkZmYtZjhiN2E4NDk0ODk2In0.b6J6DQo16luV9VJzh2d6uF7Fq7M7J1i6nXVJroK5ToRFPg6ouqs37Kik5R48UNxl2T-6Vizj5LlaRw5yP2ZcDQ
12909 [JettyServerThreadPool-276] DEBUG id.walt.model.DidUrl - Trying to create DidUrl from URL: "did:key:z6MkszLpPBCodb6n6X1iWj2tmRobTJMpz6pbszMAszCdN3EW#z6MkszLpPBCodb6n6X1iWj2tmRobTJMpz6pbszMAszCdN3EW"...
12909 [JettyServerThreadPool-276] DEBUG id.walt.model.DidUrl - Trying to create DidUrl from URL: "did:key:z6MkszLpPBCodb6n6X1iWj2tmRobTJMpz6pbszMAszCdN3EW#z6MkszLpPBCodb6n6X1iWj2tmRobTJMpz6pbszMAszCdN3EW"...
12909 [JettyServerThreadPool-276] DEBUG id.walt.services.did.DidService - Loading or resolving "did:key:z6MkszLpPBCodb6n6X1iWj2tmRobTJMpz6pbszMAszCdN3EW"...
12909 [JettyServerThreadPool-276] DEBUG id.walt.model.DidUrl - Trying to create DidUrl from URL: "did:key:z6MkszLpPBCodb6n6X1iWj2tmRobTJMpz6pbszMAszCdN3EW"...
12909 [JettyServerThreadPool-276] DEBUG id.walt.services.did.DidService - loadOrResolve: url=DidUrl(method=key, identifier=z6MkszLpPBCodb6n6X1iWj2tmRobTJMpz6pbszMAszCdN3EW, fragment=z6MkszLpPBCodb6n6X1iWj2tmRobTJMpz6pbszMAszCdN3EW, query=null), length of stored=1639
12910 [JettyServerThreadPool-276] DEBUG id.walt.model.DidUrl - Trying to create DidUrl from URL: "did:key:z6MkszLpPBCodb6n6X1iWj2tmRobTJMpz6pbszMAszCdN3EW"...
12911 [JettyServerThreadPool-276] DEBUG id.walt.services.keystore.HKVKeyStoreService - Loading key "did:key:z6MkszLpPBCodb6n6X1iWj2tmRobTJMpz6pbszMAszCdN3EW#z6MkszLpPBCodb6n6X1iWj2tmRobTJMpz6pbszMAszCdN3EW".
12912 [JettyServerThreadPool-276] DEBUG id.walt.services.jwt.WaltIdJwtService - JWT verified returned:  true (with key: af3ec86545244234ae851f06f99a26fb)
12912 [JettyServerThreadPool-276] DEBUG id.walt.auditor.VerificationPolicy - VC [VerifiableCredential, VerifiableAttestation, VerifiableId] passes policy SignaturePolicy: passed
12912 [JettyServerThreadPool-276] DEBUG id.walt.auditor.Auditor - Verifying vc with SignaturePolicy ...
12912 [JettyServerThreadPool-276] DEBUG id.walt.auditor.policies.SignaturePolicy - is jwt: true
12912 [JettyServerThreadPool-276] DEBUG id.walt.services.vc.WaltIdJwtCredentialService - Verifying vc: eyJraWQiOiJkaWQ6a2V5Ono2TWtuVTcyTW9QM0ZScGVkN0pGNTNnbll2cUZhajhOaTZZWmRxWHFQWGpvNTNncSN6Nk1rblU3Mk1vUDNGUnBlZDdKRjUzZ25ZdnFGYWo4Tmk2WVpkcVhxUFhqbzUzZ3EiLCJ0eXAiOiJKV1QiLCJhbGciOiJFZERTQSJ9.eyJzdWIiOiJkaWQ6a2V5Ono2TWtuVTcyTW9QM0ZScGVkN0pGNTNnbll2cUZhajhOaTZZWmRxWHFQWGpvNTNncSIsIm5iZiI6MTcyNjEzMzk4OCwiaXNzIjoiZGlkOmtleTp6Nk1rblU3Mk1vUDNGUnBlZDdKRjUzZ25ZdnFGYWo4Tmk2WVpkcVhxUFhqbzUzZ3EiLCJ2cCI6eyJ0eXBlIjpbIlZlcmlmaWFibGVQcmVzZW50YXRpb24iXSwiQGNvbnRleHQiOlsiaHR0cHM6Ly93d3cudzMub3JnLzIwMTgvY3JlZGVudGlhbHMvdjEiXSwiaWQiOiJ1cm46dXVpZDoyNmIyZGY1Yi1hMWM0LTQ0YmYtYmVjZC1lNmIxMzhhNGE0ODAiLCJob2xkZXIiOiJkaWQ6a2V5Ono2TWtuVTcyTW9QM0ZScGVkN0pGNTNnbll2cUZhajhOaTZZWmRxWHFQWGpvNTNncSIsInZlcmlmaWFibGVDcmVkZW50aWFsIjpbImV5SnJhV1FpT2lKa2FXUTZhMlY1T25vMlRXdHpla3h3VUVKRGIyUmlObTQyV0RGcFYyb3lkRzFTYjJKVVNrMXdlalp3WW5ONlRVRnpla05rVGpORlZ5TjZOazFyYzNwTWNGQkNRMjlrWWpadU5sZ3hhVmRxTW5SdFVtOWlWRXBOY0hvMmNHSnplazFCYzNwRFpFNHpSVmNpTENKMGVYQWlPaUpLVjFRaUxDSmhiR2NpT2lKRlpFUlRRU0o5LmV5SnpkV0lpT2lKa2FXUTZhMlY1T25vMlRXdHVWVGN5VFc5UU0wWlNjR1ZrTjBwR05UTm5ibGwyY1VaaGFqaE9hVFpaV21SeFdIRlFXR3B2TlRObmNTSXNJbTVpWmlJNk1UY3lOakV6TXprNE9Dd2lhWE56SWpvaVpHbGtPbXRsZVRwNk5rMXJjM3BNY0ZCQ1EyOWtZalp1TmxneGFWZHFNblJ0VW05aVZFcE5jSG8yY0dKemVrMUJjM3BEWkU0elJWY2lMQ0pwWVhRaU9qRTNNall4TXpNNU9EZ3NJblpqSWpwN0luUjVjR1VpT2xzaVZtVnlhV1pwWVdKc1pVTnlaV1JsYm5ScFlXd2lMQ0pXWlhKcFptbGhZbXhsUVhSMFpYTjBZWFJwYjI0aUxDSldaWEpwWm1saFlteGxTV1FpWFN3aVFHTnZiblJsZUhRaU9sc2lhSFIwY0hNNkx5OTNkM2N1ZHpNdWIzSm5Mekl3TVRndlkzSmxaR1Z1ZEdsaGJITXZkakVpWFN3aWFXUWlPaUoxY200NmRYVnBaRG81TnpBeE16RTROaTAyWmpFMkxUUTVPVGN0WVdSbVppMW1PR0kzWVRnME9UUTRPVFlpTENKcGMzTjFaWElpT2lKa2FXUTZhMlY1T25vMlRXdHpla3h3VUVKRGIyUmlObTQyV0RGcFYyb3lkRzFTYjJKVVNrMXdlalp3WW5ONlRVRnpla05rVGpORlZ5SXNJbWx6YzNWaGJtTmxSR0YwWlNJNklqSXdNalF0TURrdE1USlVNRGs2TXprNk5EaGFJaXdpYVhOemRXVmtJam9pTWpBeU5DMHdPUzB4TWxRd09Ub3pPVG8wT0ZvaUxDSjJZV3hwWkVaeWIyMGlPaUl5TURJMExUQTVMVEV5VkRBNU9qTTVPalE0V2lJc0ltTnlaV1JsYm5ScFlXeFRZMmhsYldFaU9uc2lhV1FpT2lKb2RIUndjem92TDNKaGR5NW5hWFJvZFdKMWMyVnlZMjl1ZEdWdWRDNWpiMjB2ZDJGc2RDMXBaQzkzWVd4MGFXUXRjM05wYTJsMExYWmpiR2xpTDIxaGMzUmxjaTl6Y21NdmRHVnpkQzl5WlhOdmRYSmpaWE12YzJOb1pXMWhjeTlXWlhKcFptbGhZbXhsU1dRdWFuTnZiaUlzSW5SNWNHVWlPaUpHZFd4c1NuTnZibE5qYUdWdFlWWmhiR2xrWVhSdmNqSXdNakVpZlN3aVkzSmxaR1Z1ZEdsaGJGTjFZbXBsWTNRaU9uc2lhV1FpT2lKa2FXUTZhMlY1T25vMlRXdHVWVGN5VFc5UU0wWlNjR1ZrTjBwR05UTm5ibGwyY1VaaGFqaE9hVFpaV21SeFdIRlFXR3B2TlRObmNTSXNJbU4xY25KbGJuUkJaR1J5WlhOeklqcGJJakVnUW05MWJHVjJZWEprSUdSbElHeGhJRXhwWW1WeWRNT3BMQ0ExT1Rnd01DQk1hV3hzWlNKZExDSmtZWFJsVDJaQ2FYSjBhQ0k2SWpFNU9UTXRNRFF0TURnaUxDSm1ZVzFwYkhsT1lXMWxJam9pUkU5Rklpd2labWx5YzNST1lXMWxJam9pU21GdVpTSXNJbWRsYm1SbGNpSTZJa1pGVFVGTVJTSXNJbTVoYldWQmJtUkdZVzFwYkhsT1lXMWxRWFJDYVhKMGFDSTZJa3BoYm1VZ1JFOUZJaXdpY0dWeWMyOXVZV3hKWkdWdWRHbG1hV1Z5SWpvaU1Ea3dOREF3T0RBNE5FZ2lMQ0p3YkdGalpVOW1RbWx5ZEdnaU9pSk1TVXhNUlN3Z1JsSkJUa05GSW4wc0ltVjJhV1JsYm1ObElqcGJleUprYjJOMWJXVnVkRkJ5WlhObGJtTmxJanBiSWxCb2VYTnBZMkZzSWwwc0ltVjJhV1JsYm1ObFJHOWpkVzFsYm5RaU9sc2lVR0Z6YzNCdmNuUWlYU3dpYzNWaWFtVmpkRkJ5WlhObGJtTmxJam9pVUdoNWMybGpZV3dpTENKMGVYQmxJanBiSWtSdlkzVnRaVzUwVm1WeWFXWnBZMkYwYVc5dUlsMHNJblpsY21sbWFXVnlJam9pWkdsa09tVmljMms2TWtFNVFsbzVVMVZsTmtKaGRHRmpVM0IyY3pGV05VTmtha2gyVEhCUk4ySkZjMmt5U21JMlRHUklTMjVSZUdGT0luMWRmU3dpYW5ScElqb2lkWEp1T25WMWFXUTZPVGN3TVRNeE9EWXRObVl4TmkwME9UazNMV0ZrWm1ZdFpqaGlOMkU0TkRrME9EazJJbjAuYjZKNkRRbzE2bHVWOVZKemgyZDZ1RjdGcTdNN0oxaTZuWFZKcm9LNVRvUkZQZzZvdXFzMzdLaWs1UjQ4VU54bDJULTZWaXpqNUxsYVJ3NXlQMlpjRFEiXX0sImlhdCI6MTcyNjEzMzk4OCwianRpIjoidXJuOnV1aWQ6MjZiMmRmNWItYTFjNC00NGJmLWJlY2QtZTZiMTM4YTRhNDgwIn0.wzv-9N4vbNpsYAbN4BTtLo5xHlM8ymQtgZvoHKAx7GGD2oSfl5QrPOguLaapZG_Ojm_eXKvzcAohWE4WZV0rAA
12913 [JettyServerThreadPool-276] DEBUG id.walt.services.jwt.WaltIdJwtService - Verifying token:  eyJraWQiOiJkaWQ6a2V5Ono2TWtuVTcyTW9QM0ZScGVkN0pGNTNnbll2cUZhajhOaTZZWmRxWHFQWGpvNTNncSN6Nk1rblU3Mk1vUDNGUnBlZDdKRjUzZ25ZdnFGYWo4Tmk2WVpkcVhxUFhqbzUzZ3EiLCJ0eXAiOiJKV1QiLCJhbGciOiJFZERTQSJ9.eyJzdWIiOiJkaWQ6a2V5Ono2TWtuVTcyTW9QM0ZScGVkN0pGNTNnbll2cUZhajhOaTZZWmRxWHFQWGpvNTNncSIsIm5iZiI6MTcyNjEzMzk4OCwiaXNzIjoiZGlkOmtleTp6Nk1rblU3Mk1vUDNGUnBlZDdKRjUzZ25ZdnFGYWo4Tmk2WVpkcVhxUFhqbzUzZ3EiLCJ2cCI6eyJ0eXBlIjpbIlZlcmlmaWFibGVQcmVzZW50YXRpb24iXSwiQGNvbnRleHQiOlsiaHR0cHM6Ly93d3cudzMub3JnLzIwMTgvY3JlZGVudGlhbHMvdjEiXSwiaWQiOiJ1cm46dXVpZDoyNmIyZGY1Yi1hMWM0LTQ0YmYtYmVjZC1lNmIxMzhhNGE0ODAiLCJob2xkZXIiOiJkaWQ6a2V5Ono2TWtuVTcyTW9QM0ZScGVkN0pGNTNnbll2cUZhajhOaTZZWmRxWHFQWGpvNTNncSIsInZlcmlmaWFibGVDcmVkZW50aWFsIjpbImV5SnJhV1FpT2lKa2FXUTZhMlY1T25vMlRXdHpla3h3VUVKRGIyUmlObTQyV0RGcFYyb3lkRzFTYjJKVVNrMXdlalp3WW5ONlRVRnpla05rVGpORlZ5TjZOazFyYzNwTWNGQkNRMjlrWWpadU5sZ3hhVmRxTW5SdFVtOWlWRXBOY0hvMmNHSnplazFCYzNwRFpFNHpSVmNpTENKMGVYQWlPaUpLVjFRaUxDSmhiR2NpT2lKRlpFUlRRU0o5LmV5SnpkV0lpT2lKa2FXUTZhMlY1T25vMlRXdHVWVGN5VFc5UU0wWlNjR1ZrTjBwR05UTm5ibGwyY1VaaGFqaE9hVFpaV21SeFdIRlFXR3B2TlRObmNTSXNJbTVpWmlJNk1UY3lOakV6TXprNE9Dd2lhWE56SWpvaVpHbGtPbXRsZVRwNk5rMXJjM3BNY0ZCQ1EyOWtZalp1TmxneGFWZHFNblJ0VW05aVZFcE5jSG8yY0dKemVrMUJjM3BEWkU0elJWY2lMQ0pwWVhRaU9qRTNNall4TXpNNU9EZ3NJblpqSWpwN0luUjVjR1VpT2xzaVZtVnlhV1pwWVdKc1pVTnlaV1JsYm5ScFlXd2lMQ0pXWlhKcFptbGhZbXhsUVhSMFpYTjBZWFJwYjI0aUxDSldaWEpwWm1saFlteGxTV1FpWFN3aVFHTnZiblJsZUhRaU9sc2lhSFIwY0hNNkx5OTNkM2N1ZHpNdWIzSm5Mekl3TVRndlkzSmxaR1Z1ZEdsaGJITXZkakVpWFN3aWFXUWlPaUoxY200NmRYVnBaRG81TnpBeE16RTROaTAyWmpFMkxUUTVPVGN0WVdSbVppMW1PR0kzWVRnME9UUTRPVFlpTENKcGMzTjFaWElpT2lKa2FXUTZhMlY1T25vMlRXdHpla3h3VUVKRGIyUmlObTQyV0RGcFYyb3lkRzFTYjJKVVNrMXdlalp3WW5ONlRVRnpla05rVGpORlZ5SXNJbWx6YzNWaGJtTmxSR0YwWlNJNklqSXdNalF0TURrdE1USlVNRGs2TXprNk5EaGFJaXdpYVhOemRXVmtJam9pTWpBeU5DMHdPUzB4TWxRd09Ub3pPVG8wT0ZvaUxDSjJZV3hwWkVaeWIyMGlPaUl5TURJMExUQTVMVEV5VkRBNU9qTTVPalE0V2lJc0ltTnlaV1JsYm5ScFlXeFRZMmhsYldFaU9uc2lhV1FpT2lKb2RIUndjem92TDNKaGR5NW5hWFJvZFdKMWMyVnlZMjl1ZEdWdWRDNWpiMjB2ZDJGc2RDMXBaQzkzWVd4MGFXUXRjM05wYTJsMExYWmpiR2xpTDIxaGMzUmxjaTl6Y21NdmRHVnpkQzl5WlhOdmRYSmpaWE12YzJOb1pXMWhjeTlXWlhKcFptbGhZbXhsU1dRdWFuTnZiaUlzSW5SNWNHVWlPaUpHZFd4c1NuTnZibE5qYUdWdFlWWmhiR2xrWVhSdmNqSXdNakVpZlN3aVkzSmxaR1Z1ZEdsaGJGTjFZbXBsWTNRaU9uc2lhV1FpT2lKa2FXUTZhMlY1T25vMlRXdHVWVGN5VFc5UU0wWlNjR1ZrTjBwR05UTm5ibGwyY1VaaGFqaE9hVFpaV21SeFdIRlFXR3B2TlRObmNTSXNJbU4xY25KbGJuUkJaR1J5WlhOeklqcGJJakVnUW05MWJHVjJZWEprSUdSbElHeGhJRXhwWW1WeWRNT3BMQ0ExT1Rnd01DQk1hV3hzWlNKZExDSmtZWFJsVDJaQ2FYSjBhQ0k2SWpFNU9UTXRNRFF0TURnaUxDSm1ZVzFwYkhsT1lXMWxJam9pUkU5Rklpd2labWx5YzNST1lXMWxJam9pU21GdVpTSXNJbWRsYm1SbGNpSTZJa1pGVFVGTVJTSXNJbTVoYldWQmJtUkdZVzFwYkhsT1lXMWxRWFJDYVhKMGFDSTZJa3BoYm1VZ1JFOUZJaXdpY0dWeWMyOXVZV3hKWkdWdWRHbG1hV1Z5SWpvaU1Ea3dOREF3T0RBNE5FZ2lMQ0p3YkdGalpVOW1RbWx5ZEdnaU9pSk1TVXhNUlN3Z1JsSkJUa05GSW4wc0ltVjJhV1JsYm1ObElqcGJleUprYjJOMWJXVnVkRkJ5WlhObGJtTmxJanBiSWxCb2VYTnBZMkZzSWwwc0ltVjJhV1JsYm1ObFJHOWpkVzFsYm5RaU9sc2lVR0Z6YzNCdmNuUWlYU3dpYzNWaWFtVmpkRkJ5WlhObGJtTmxJam9pVUdoNWMybGpZV3dpTENKMGVYQmxJanBiSWtSdlkzVnRaVzUwVm1WeWFXWnBZMkYwYVc5dUlsMHNJblpsY21sbWFXVnlJam9pWkdsa09tVmljMms2TWtFNVFsbzVVMVZsTmtKaGRHRmpVM0IyY3pGV05VTmtha2gyVEhCUk4ySkZjMmt5U21JMlRHUklTMjVSZUdGT0luMWRmU3dpYW5ScElqb2lkWEp1T25WMWFXUTZPVGN3TVRNeE9EWXRObVl4TmkwME9UazNMV0ZrWm1ZdFpqaGlOMkU0TkRrME9EazJJbjAuYjZKNkRRbzE2bHVWOVZKemgyZDZ1RjdGcTdNN0oxaTZuWFZKcm9LNVRvUkZQZzZvdXFzMzdLaWs1UjQ4VU54bDJULTZWaXpqNUxsYVJ3NXlQMlpjRFEiXX0sImlhdCI6MTcyNjEzMzk4OCwianRpIjoidXJuOnV1aWQ6MjZiMmRmNWItYTFjNC00NGJmLWJlY2QtZTZiMTM4YTRhNDgwIn0.wzv-9N4vbNpsYAbN4BTtLo5xHlM8ymQtgZvoHKAx7GGD2oSfl5QrPOguLaapZG_Ojm_eXKvzcAohWE4WZV0rAA
12913 [JettyServerThreadPool-276] DEBUG id.walt.model.DidUrl - Trying to create DidUrl from URL: "did:key:z6MknU72MoP3FRped7JF53gnYvqFaj8Ni6YZdqXqPXjo53gq#z6MknU72MoP3FRped7JF53gnYvqFaj8Ni6YZdqXqPXjo53gq"...
12913 [JettyServerThreadPool-276] DEBUG id.walt.model.DidUrl - Trying to create DidUrl from URL: "did:key:z6MknU72MoP3FRped7JF53gnYvqFaj8Ni6YZdqXqPXjo53gq#z6MknU72MoP3FRped7JF53gnYvqFaj8Ni6YZdqXqPXjo53gq"...
12913 [JettyServerThreadPool-276] DEBUG id.walt.services.did.DidService - Loading or resolving "did:key:z6MknU72MoP3FRped7JF53gnYvqFaj8Ni6YZdqXqPXjo53gq"...
12913 [JettyServerThreadPool-276] DEBUG id.walt.model.DidUrl - Trying to create DidUrl from URL: "did:key:z6MknU72MoP3FRped7JF53gnYvqFaj8Ni6YZdqXqPXjo53gq"...
12913 [JettyServerThreadPool-276] DEBUG id.walt.services.did.DidService - loadOrResolve: url=DidUrl(method=key, identifier=z6MknU72MoP3FRped7JF53gnYvqFaj8Ni6YZdqXqPXjo53gq, fragment=z6MknU72MoP3FRped7JF53gnYvqFaj8Ni6YZdqXqPXjo53gq, query=null), length of stored=1639
12913 [JettyServerThreadPool-276] DEBUG id.walt.model.DidUrl - Trying to create DidUrl from URL: "did:key:z6MknU72MoP3FRped7JF53gnYvqFaj8Ni6YZdqXqPXjo53gq"...
12915 [JettyServerThreadPool-276] DEBUG id.walt.services.keystore.HKVKeyStoreService - Loading key "did:key:z6MknU72MoP3FRped7JF53gnYvqFaj8Ni6YZdqXqPXjo53gq#z6MknU72MoP3FRped7JF53gnYvqFaj8Ni6YZdqXqPXjo53gq".
12916 [JettyServerThreadPool-276] DEBUG id.walt.services.jwt.WaltIdJwtService - JWT verified returned:  true (with key: 18ab803c89704d3a8cc85b96c4beaa1c)
12916 [JettyServerThreadPool-276] DEBUG id.walt.auditor.VerificationPolicy - VC [VerifiablePresentation] passes policy SignaturePolicy: passed
12916 [JettyServerThreadPool-276] DEBUG id.walt.auditor.Auditor - Verifying VerifiableId in VP with SignaturePolicy...
12916 [JettyServerThreadPool-276] DEBUG id.walt.auditor.policies.SignaturePolicy - is jwt: true
12916 [JettyServerThreadPool-276] DEBUG id.walt.services.vc.WaltIdJwtCredentialService - Verifying vc: eyJraWQiOiJkaWQ6a2V5Ono2TWtzekxwUEJDb2RiNm42WDFpV2oydG1Sb2JUSk1wejZwYnN6TUFzekNkTjNFVyN6Nk1rc3pMcFBCQ29kYjZuNlgxaVdqMnRtUm9iVEpNcHo2cGJzek1Bc3pDZE4zRVciLCJ0eXAiOiJKV1QiLCJhbGciOiJFZERTQSJ9.eyJzdWIiOiJkaWQ6a2V5Ono2TWtuVTcyTW9QM0ZScGVkN0pGNTNnbll2cUZhajhOaTZZWmRxWHFQWGpvNTNncSIsIm5iZiI6MTcyNjEzMzk4OCwiaXNzIjoiZGlkOmtleTp6Nk1rc3pMcFBCQ29kYjZuNlgxaVdqMnRtUm9iVEpNcHo2cGJzek1Bc3pDZE4zRVciLCJpYXQiOjE3MjYxMzM5ODgsInZjIjp7InR5cGUiOlsiVmVyaWZpYWJsZUNyZWRlbnRpYWwiLCJWZXJpZmlhYmxlQXR0ZXN0YXRpb24iLCJWZXJpZmlhYmxlSWQiXSwiQGNvbnRleHQiOlsiaHR0cHM6Ly93d3cudzMub3JnLzIwMTgvY3JlZGVudGlhbHMvdjEiXSwiaWQiOiJ1cm46dXVpZDo5NzAxMzE4Ni02ZjE2LTQ5OTctYWRmZi1mOGI3YTg0OTQ4OTYiLCJpc3N1ZXIiOiJkaWQ6a2V5Ono2TWtzekxwUEJDb2RiNm42WDFpV2oydG1Sb2JUSk1wejZwYnN6TUFzekNkTjNFVyIsImlzc3VhbmNlRGF0ZSI6IjIwMjQtMDktMTJUMDk6Mzk6NDhaIiwiaXNzdWVkIjoiMjAyNC0wOS0xMlQwOTozOTo0OFoiLCJ2YWxpZEZyb20iOiIyMDI0LTA5LTEyVDA5OjM5OjQ4WiIsImNyZWRlbnRpYWxTY2hlbWEiOnsiaWQiOiJodHRwczovL3Jhdy5naXRodWJ1c2VyY29udGVudC5jb20vd2FsdC1pZC93YWx0aWQtc3Npa2l0LXZjbGliL21hc3Rlci9zcmMvdGVzdC9yZXNvdXJjZXMvc2NoZW1hcy9WZXJpZmlhYmxlSWQuanNvbiIsInR5cGUiOiJGdWxsSnNvblNjaGVtYVZhbGlkYXRvcjIwMjEifSwiY3JlZGVudGlhbFN1YmplY3QiOnsiaWQiOiJkaWQ6a2V5Ono2TWtuVTcyTW9QM0ZScGVkN0pGNTNnbll2cUZhajhOaTZZWmRxWHFQWGpvNTNncSIsImN1cnJlbnRBZGRyZXNzIjpbIjEgQm91bGV2YXJkIGRlIGxhIExpYmVydMOpLCA1OTgwMCBMaWxsZSJdLCJkYXRlT2ZCaXJ0aCI6IjE5OTMtMDQtMDgiLCJmYW1pbHlOYW1lIjoiRE9FIiwiZmlyc3ROYW1lIjoiSmFuZSIsImdlbmRlciI6IkZFTUFMRSIsIm5hbWVBbmRGYW1pbHlOYW1lQXRCaXJ0aCI6IkphbmUgRE9FIiwicGVyc29uYWxJZGVudGlmaWVyIjoiMDkwNDAwODA4NEgiLCJwbGFjZU9mQmlydGgiOiJMSUxMRSwgRlJBTkNFIn0sImV2aWRlbmNlIjpbeyJkb2N1bWVudFByZXNlbmNlIjpbIlBoeXNpY2FsIl0sImV2aWRlbmNlRG9jdW1lbnQiOlsiUGFzc3BvcnQiXSwic3ViamVjdFByZXNlbmNlIjoiUGh5c2ljYWwiLCJ0eXBlIjpbIkRvY3VtZW50VmVyaWZpY2F0aW9uIl0sInZlcmlmaWVyIjoiZGlkOmVic2k6MkE5Qlo5U1VlNkJhdGFjU3B2czFWNUNkakh2THBRN2JFc2kySmI2TGRIS25ReGFOIn1dfSwianRpIjoidXJuOnV1aWQ6OTcwMTMxODYtNmYxNi00OTk3LWFkZmYtZjhiN2E4NDk0ODk2In0.b6J6DQo16luV9VJzh2d6uF7Fq7M7J1i6nXVJroK5ToRFPg6ouqs37Kik5R48UNxl2T-6Vizj5LlaRw5yP2ZcDQ
12916 [JettyServerThreadPool-276] DEBUG id.walt.services.jwt.WaltIdJwtService - Verifying token:  eyJraWQiOiJkaWQ6a2V5Ono2TWtzekxwUEJDb2RiNm42WDFpV2oydG1Sb2JUSk1wejZwYnN6TUFzekNkTjNFVyN6Nk1rc3pMcFBCQ29kYjZuNlgxaVdqMnRtUm9iVEpNcHo2cGJzek1Bc3pDZE4zRVciLCJ0eXAiOiJKV1QiLCJhbGciOiJFZERTQSJ9.eyJzdWIiOiJkaWQ6a2V5Ono2TWtuVTcyTW9QM0ZScGVkN0pGNTNnbll2cUZhajhOaTZZWmRxWHFQWGpvNTNncSIsIm5iZiI6MTcyNjEzMzk4OCwiaXNzIjoiZGlkOmtleTp6Nk1rc3pMcFBCQ29kYjZuNlgxaVdqMnRtUm9iVEpNcHo2cGJzek1Bc3pDZE4zRVciLCJpYXQiOjE3MjYxMzM5ODgsInZjIjp7InR5cGUiOlsiVmVyaWZpYWJsZUNyZWRlbnRpYWwiLCJWZXJpZmlhYmxlQXR0ZXN0YXRpb24iLCJWZXJpZmlhYmxlSWQiXSwiQGNvbnRleHQiOlsiaHR0cHM6Ly93d3cudzMub3JnLzIwMTgvY3JlZGVudGlhbHMvdjEiXSwiaWQiOiJ1cm46dXVpZDo5NzAxMzE4Ni02ZjE2LTQ5OTctYWRmZi1mOGI3YTg0OTQ4OTYiLCJpc3N1ZXIiOiJkaWQ6a2V5Ono2TWtzekxwUEJDb2RiNm42WDFpV2oydG1Sb2JUSk1wejZwYnN6TUFzekNkTjNFVyIsImlzc3VhbmNlRGF0ZSI6IjIwMjQtMDktMTJUMDk6Mzk6NDhaIiwiaXNzdWVkIjoiMjAyNC0wOS0xMlQwOTozOTo0OFoiLCJ2YWxpZEZyb20iOiIyMDI0LTA5LTEyVDA5OjM5OjQ4WiIsImNyZWRlbnRpYWxTY2hlbWEiOnsiaWQiOiJodHRwczovL3Jhdy5naXRodWJ1c2VyY29udGVudC5jb20vd2FsdC1pZC93YWx0aWQtc3Npa2l0LXZjbGliL21hc3Rlci9zcmMvdGVzdC9yZXNvdXJjZXMvc2NoZW1hcy9WZXJpZmlhYmxlSWQuanNvbiIsInR5cGUiOiJGdWxsSnNvblNjaGVtYVZhbGlkYXRvcjIwMjEifSwiY3JlZGVudGlhbFN1YmplY3QiOnsiaWQiOiJkaWQ6a2V5Ono2TWtuVTcyTW9QM0ZScGVkN0pGNTNnbll2cUZhajhOaTZZWmRxWHFQWGpvNTNncSIsImN1cnJlbnRBZGRyZXNzIjpbIjEgQm91bGV2YXJkIGRlIGxhIExpYmVydMOpLCA1OTgwMCBMaWxsZSJdLCJkYXRlT2ZCaXJ0aCI6IjE5OTMtMDQtMDgiLCJmYW1pbHlOYW1lIjoiRE9FIiwiZmlyc3ROYW1lIjoiSmFuZSIsImdlbmRlciI6IkZFTUFMRSIsIm5hbWVBbmRGYW1pbHlOYW1lQXRCaXJ0aCI6IkphbmUgRE9FIiwicGVyc29uYWxJZGVudGlmaWVyIjoiMDkwNDAwODA4NEgiLCJwbGFjZU9mQmlydGgiOiJMSUxMRSwgRlJBTkNFIn0sImV2aWRlbmNlIjpbeyJkb2N1bWVudFByZXNlbmNlIjpbIlBoeXNpY2FsIl0sImV2aWRlbmNlRG9jdW1lbnQiOlsiUGFzc3BvcnQiXSwic3ViamVjdFByZXNlbmNlIjoiUGh5c2ljYWwiLCJ0eXBlIjpbIkRvY3VtZW50VmVyaWZpY2F0aW9uIl0sInZlcmlmaWVyIjoiZGlkOmVic2k6MkE5Qlo5U1VlNkJhdGFjU3B2czFWNUNkakh2THBRN2JFc2kySmI2TGRIS25ReGFOIn1dfSwianRpIjoidXJuOnV1aWQ6OTcwMTMxODYtNmYxNi00OTk3LWFkZmYtZjhiN2E4NDk0ODk2In0.b6J6DQo16luV9VJzh2d6uF7Fq7M7J1i6nXVJroK5ToRFPg6ouqs37Kik5R48UNxl2T-6Vizj5LlaRw5yP2ZcDQ
12916 [JettyServerThreadPool-276] DEBUG id.walt.model.DidUrl - Trying to create DidUrl from URL: "did:key:z6MkszLpPBCodb6n6X1iWj2tmRobTJMpz6pbszMAszCdN3EW#z6MkszLpPBCodb6n6X1iWj2tmRobTJMpz6pbszMAszCdN3EW"...
12916 [JettyServerThreadPool-276] DEBUG id.walt.model.DidUrl - Trying to create DidUrl from URL: "did:key:z6MkszLpPBCodb6n6X1iWj2tmRobTJMpz6pbszMAszCdN3EW#z6MkszLpPBCodb6n6X1iWj2tmRobTJMpz6pbszMAszCdN3EW"...
12916 [JettyServerThreadPool-276] DEBUG id.walt.services.did.DidService - Loading or resolving "did:key:z6MkszLpPBCodb6n6X1iWj2tmRobTJMpz6pbszMAszCdN3EW"...
12916 [JettyServerThreadPool-276] DEBUG id.walt.model.DidUrl - Trying to create DidUrl from URL: "did:key:z6MkszLpPBCodb6n6X1iWj2tmRobTJMpz6pbszMAszCdN3EW"...
12916 [JettyServerThreadPool-276] DEBUG id.walt.services.did.DidService - loadOrResolve: url=DidUrl(method=key, identifier=z6MkszLpPBCodb6n6X1iWj2tmRobTJMpz6pbszMAszCdN3EW, fragment=z6MkszLpPBCodb6n6X1iWj2tmRobTJMpz6pbszMAszCdN3EW, query=null), length of stored=1639
12917 [JettyServerThreadPool-276] DEBUG id.walt.model.DidUrl - Trying to create DidUrl from URL: "did:key:z6MkszLpPBCodb6n6X1iWj2tmRobTJMpz6pbszMAszCdN3EW"...
12918 [JettyServerThreadPool-276] DEBUG id.walt.services.keystore.HKVKeyStoreService - Loading key "did:key:z6MkszLpPBCodb6n6X1iWj2tmRobTJMpz6pbszMAszCdN3EW#z6MkszLpPBCodb6n6X1iWj2tmRobTJMpz6pbszMAszCdN3EW".
12919 [JettyServerThreadPool-276] DEBUG id.walt.services.jwt.WaltIdJwtService - JWT verified returned:  true (with key: af3ec86545244234ae851f06f99a26fb)
12919 [JettyServerThreadPool-276] DEBUG id.walt.auditor.VerificationPolicy - VC [VerifiableCredential, VerifiableAttestation, VerifiableId] passes policy SignaturePolicy: passed
12920 [pool-1-thread-1 @coroutine#872] DEBUG id.walt.services.oidc.OIDC4VPService - SIOP RESPONSE SENT: received 200
12923 [pool-1-thread-1 @coroutine#873] DEBUG id.walt.model.DidUrl - Trying to create DidUrl from URL: "did:key:z6MkszLpPBCodb6n6X1iWj2tmRobTJMpz6pbszMAszCdN3EW"...
12923 [pool-1-thread-1 @coroutine#873] DEBUG id.walt.model.DidUrl - Trying to create DidUrl from URL: "did:key:z6MkszLpPBCodb6n6X1iWj2tmRobTJMpz6pbszMAszCdN3EW"...
12923 [pool-1-thread-1 @coroutine#873] DEBUG id.walt.signatory.WaltIdSignatory - Signing credential with proof using LD_PROOF...
12923 [pool-1-thread-1 @coroutine#873] DEBUG id.walt.signatory.WaltIdSignatory - Signing credential with proof using LD_PROOF, credential is: {"type":["VerifiableCredential","VerifiableAttestation","VerifiableId"],"@context":["https://www.w3.org/2018/credentials/v1"],"id":"urn:uuid:c0ce0661-1b7e-47ee-9a2d-62266accc349","issuer":"did:key:z6MkszLpPBCodb6n6X1iWj2tmRobTJMpz6pbszMAszCdN3EW","issuanceDate":"2024-09-12T09:39:48Z","issued":"2024-09-12T09:39:48Z","validFrom":"2024-09-12T09:39:48Z","credentialSchema":{"id":"https://raw.githubusercontent.com/walt-id/waltid-ssikit-vclib/master/src/test/resources/schemas/VerifiableId.json","type":"FullJsonSchemaValidator2021"},"credentialSubject":{"id":"did:key:z6MknU72MoP3FRped7JF53gnYvqFaj8Ni6YZdqXqPXjo53gq","currentAddress":["1 Boulevard de la Liberté, 59800 Lille"],"dateOfBirth":"1993-04-08","familyName":"DOE","firstName":"Jane","gender":"FEMALE","nameAndFamilyNameAtBirth":"Jane DOE","personalIdentifier":"0904008084H","placeOfBirth":"LILLE, FRANCE"},"evidence":[{"documentPresence":["Physical"],"evidenceDocument":["Passport"],"subjectPresence":"Physical","type":["DocumentVerification"],"verifier":"did:ebsi:2A9BZ9SUe6BatacSpvs1V5CdjHvLpQ7bEsi2Jb6LdHKnQxaN"}]}
12923 [pool-1-thread-1 @coroutine#873] DEBUG id.walt.services.vc.WaltIdJsonLdCredentialService - Signing jsonLd object with: issuerDid (did:key:z6MkszLpPBCodb6n6X1iWj2tmRobTJMpz6pbszMAszCdN3EW), domain (null), nonce (null
12923 [pool-1-thread-1 @coroutine#873] DEBUG id.walt.services.keystore.HKVKeyStoreService - Loading key "did:key:z6MkszLpPBCodb6n6X1iWj2tmRobTJMpz6pbszMAszCdN3EW#z6MkszLpPBCodb6n6X1iWj2tmRobTJMpz6pbszMAszCdN3EW".
12923 [pool-1-thread-1 @coroutine#873] DEBUG id.walt.services.vc.WaltIdJsonLdCredentialService - Signing: {"type":["VerifiableCredential","VerifiableAttestation","VerifiableId"],"@context":["https://www.w3.org/2018/credentials/v1"],"id":"urn:uuid:c0ce0661-1b7e-47ee-9a2d-62266accc349","issuer":"did:key:z6MkszLpPBCodb6n6X1iWj2tmRobTJMpz6pbszMAszCdN3EW","issuanceDate":"2024-09-12T09:39:48Z","issued":"2024-09-12T09:39:48Z","validFrom":"2024-09-12T09:39:48Z","credentialSchema":{"id":"https://raw.githubusercontent.com/walt-id/waltid-ssikit-vclib/master/src/test/resources/schemas/VerifiableId.json","type":"FullJsonSchemaValidator2021"},"credentialSubject":{"id":"did:key:z6MknU72MoP3FRped7JF53gnYvqFaj8Ni6YZdqXqPXjo53gq","currentAddress":["1 Boulevard de la Liberté, 59800 Lille"],"dateOfBirth":"1993-04-08","familyName":"DOE","firstName":"Jane","gender":"FEMALE","nameAndFamilyNameAtBirth":"Jane DOE","personalIdentifier":"0904008084H","placeOfBirth":"LILLE, FRANCE"},"evidence":[{"documentPresence":["Physical"],"evidenceDocument":["Passport"],"subjectPresence":"Physical","type":["DocumentVerification"],"verifier":"did:ebsi:2A9BZ9SUe6BatacSpvs1V5CdjHvLpQ7bEsi2Jb6LdHKnQxaN"}]}
12925 [pool-1-thread-1 @coroutine#873] DEBUG id.walt.services.keystore.HKVKeyStoreService - Loading key "af3ec86545244234ae851f06f99a26fb".
12925 [pool-1-thread-1 @coroutine#873] DEBUG id.walt.services.keystore.HKVKeyStoreService - Loading key "af3ec86545244234ae851f06f99a26fb".
12925 [pool-1-thread-1 @coroutine#873] DEBUG id.walt.services.keystore.HKVKeyStoreService - Loading key "af3ec86545244234ae851f06f99a26fb".
12926 [pool-1-thread-1 @coroutine#873] DEBUG id.walt.signatory.WaltIdSignatory - Signed VC is: {
  "type" : [ "VerifiableCredential", "VerifiableAttestation", "VerifiableId" ],
  "@context" : [ "https://www.w3.org/2018/credentials/v1", "https://w3id.org/security/suites/jws-2020/v1" ],
  "id" : "urn:uuid:c0ce0661-1b7e-47ee-9a2d-62266accc349",
  "issuer" : "did:key:z6MkszLpPBCodb6n6X1iWj2tmRobTJMpz6pbszMAszCdN3EW",
  "issuanceDate" : "2024-09-12T09:39:48Z",
  "issued" : "2024-09-12T09:39:48Z",
  "validFrom" : "2024-09-12T09:39:48Z",
  "credentialSchema" : {
    "id" : "https://raw.githubusercontent.com/walt-id/waltid-ssikit-vclib/master/src/test/resources/schemas/VerifiableId.json",
    "type" : "FullJsonSchemaValidator2021"
  },
  "credentialSubject" : {
    "id" : "did:key:z6MknU72MoP3FRped7JF53gnYvqFaj8Ni6YZdqXqPXjo53gq",
    "currentAddress" : [ "1 Boulevard de la Liberté, 59800 Lille" ],
    "dateOfBirth" : "1993-04-08",
    "familyName" : "DOE",
    "firstName" : "Jane",
    "gender" : "FEMALE",
    "nameAndFamilyNameAtBirth" : "Jane DOE",
    "personalIdentifier" : "0904008084H",
    "placeOfBirth" : "LILLE, FRANCE"
  },
  "evidence" : [ {
    "documentPresence" : [ "Physical" ],
    "evidenceDocument" : [ "Passport" ],
    "subjectPresence" : "Physical",
    "type" : [ "DocumentVerification" ],
    "verifier" : "did:ebsi:2A9BZ9SUe6BatacSpvs1V5CdjHvLpQ7bEsi2Jb6LdHKnQxaN"
  } ],
  "proof" : {
    "type" : "JsonWebSignature2020",
    "creator" : "did:key:z6MkszLpPBCodb6n6X1iWj2tmRobTJMpz6pbszMAszCdN3EW",
    "created" : "2024-09-12T09:39:48Z",
    "verificationMethod" : "did:key:z6MkszLpPBCodb6n6X1iWj2tmRobTJMpz6pbszMAszCdN3EW#z6MkszLpPBCodb6n6X1iWj2tmRobTJMpz6pbszMAszCdN3EW",
    "jws" : "eyJiNjQiOmZhbHNlLCJjcml0IjpbImI2NCJdLCJhbGciOiJFZERTQSJ9..i2BckPPugeoHkeF9VJcvSj-djDBd_KfmfHalYc-LFHltPmmyptOJW6-NtAkJ7Fvlow3oIsTLH7XE-sFxKE3mCA"
  }
}
12926 [pool-1-thread-1 @coroutine#873] DEBUG id.walt.services.vc.WaltIdJsonLdCredentialService - Creating a presentation for VCs:
[PresentableCredential(verifiableCredential={"type":["VerifiableCredential","VerifiableAttestation","VerifiableId"],"@context":["https://www.w3.org/2018/credentials/v1","https://w3id.org/security/suites/jws-2020/v1"],"id":"urn:uuid:c0ce0661-1b7e-47ee-9a2d-62266accc349","issuer":"did:key:z6MkszLpPBCodb6n6X1iWj2tmRobTJMpz6pbszMAszCdN3EW","issuanceDate":"2024-09-12T09:39:48Z","issued":"2024-09-12T09:39:48Z","validFrom":"2024-09-12T09:39:48Z","proof":{"type":"JsonWebSignature2020","creator":"did:key:z6MkszLpPBCodb6n6X1iWj2tmRobTJMpz6pbszMAszCdN3EW","created":"2024-09-12T09:39:48Z","verificationMethod":"did:key:z6MkszLpPBCodb6n6X1iWj2tmRobTJMpz6pbszMAszCdN3EW#z6MkszLpPBCodb6n6X1iWj2tmRobTJMpz6pbszMAszCdN3EW","jws":"eyJiNjQiOmZhbHNlLCJjcml0IjpbImI2NCJdLCJhbGciOiJFZERTQSJ9..i2BckPPugeoHkeF9VJcvSj-djDBd_KfmfHalYc-LFHltPmmyptOJW6-NtAkJ7Fvlow3oIsTLH7XE-sFxKE3mCA"},"credentialSchema":{"id":"https://raw.githubusercontent.com/walt-id/waltid-ssikit-vclib/master/src/test/resources/schemas/VerifiableId.json","type":"FullJsonSchemaValidator2021"},"credentialSubject":{"id":"did:key:z6MknU72MoP3FRped7JF53gnYvqFaj8Ni6YZdqXqPXjo53gq","currentAddress":["1 Boulevard de la Liberté, 59800 Lille"],"dateOfBirth":"1993-04-08","familyName":"DOE","firstName":"Jane","gender":"FEMALE","nameAndFamilyNameAtBirth":"Jane DOE","personalIdentifier":"0904008084H","placeOfBirth":"LILLE, FRANCE"},"evidence":[{"documentPresence":["Physical"],"evidenceDocument":["Passport"],"subjectPresence":"Physical","type":["DocumentVerification"],"verifier":"did:ebsi:2A9BZ9SUe6BatacSpvs1V5CdjHvLpQ7bEsi2Jb6LdHKnQxaN"}]}, selectiveDisclosure=null, discloseAll=false)]
12926 [pool-1-thread-1 @coroutine#873] DEBUG id.walt.model.DidUrl - Trying to create DidUrl from URL: "did:key:z6MknU72MoP3FRped7JF53gnYvqFaj8Ni6YZdqXqPXjo53gq"...
12926 [pool-1-thread-1 @coroutine#873] DEBUG id.walt.services.vc.WaltIdJsonLdCredentialService - Signing jsonLd object with: issuerDid (did:key:z6MknU72MoP3FRped7JF53gnYvqFaj8Ni6YZdqXqPXjo53gq), domain (null), nonce (null
12926 [pool-1-thread-1 @coroutine#873] DEBUG id.walt.services.keystore.HKVKeyStoreService - Loading key "did:key:z6MknU72MoP3FRped7JF53gnYvqFaj8Ni6YZdqXqPXjo53gq#z6MknU72MoP3FRped7JF53gnYvqFaj8Ni6YZdqXqPXjo53gq".
12927 [pool-1-thread-1 @coroutine#873] DEBUG id.walt.services.vc.WaltIdJsonLdCredentialService - Signing: {"type":["VerifiablePresentation"],"@context":["https://www.w3.org/2018/credentials/v1"],"id":"urn:uuid:a2c07863-a0bd-484f-911c-6feea18ddb66","holder":"did:key:z6MknU72MoP3FRped7JF53gnYvqFaj8Ni6YZdqXqPXjo53gq","verifiableCredential":[{"type":["VerifiableCredential","VerifiableAttestation","VerifiableId"],"@context":["https://www.w3.org/2018/credentials/v1","https://w3id.org/security/suites/jws-2020/v1"],"id":"urn:uuid:c0ce0661-1b7e-47ee-9a2d-62266accc349","issuer":"did:key:z6MkszLpPBCodb6n6X1iWj2tmRobTJMpz6pbszMAszCdN3EW","issuanceDate":"2024-09-12T09:39:48Z","issued":"2024-09-12T09:39:48Z","validFrom":"2024-09-12T09:39:48Z","proof":{"type":"JsonWebSignature2020","creator":"did:key:z6MkszLpPBCodb6n6X1iWj2tmRobTJMpz6pbszMAszCdN3EW","created":"2024-09-12T09:39:48Z","verificationMethod":"did:key:z6MkszLpPBCodb6n6X1iWj2tmRobTJMpz6pbszMAszCdN3EW#z6MkszLpPBCodb6n6X1iWj2tmRobTJMpz6pbszMAszCdN3EW","jws":"eyJiNjQiOmZhbHNlLCJjcml0IjpbImI2NCJdLCJhbGciOiJFZERTQSJ9..i2BckPPugeoHkeF9VJcvSj-djDBd_KfmfHalYc-LFHltPmmyptOJW6-NtAkJ7Fvlow3oIsTLH7XE-sFxKE3mCA"},"credentialSchema":{"id":"https://raw.githubusercontent.com/walt-id/waltid-ssikit-vclib/master/src/test/resources/schemas/VerifiableId.json","type":"FullJsonSchemaValidator2021"},"credentialSubject":{"id":"did:key:z6MknU72MoP3FRped7JF53gnYvqFaj8Ni6YZdqXqPXjo53gq","currentAddress":["1 Boulevard de la Liberté, 59800 Lille"],"dateOfBirth":"1993-04-08","familyName":"DOE","firstName":"Jane","gender":"FEMALE","nameAndFamilyNameAtBirth":"Jane DOE","personalIdentifier":"0904008084H","placeOfBirth":"LILLE, FRANCE"},"evidence":[{"documentPresence":["Physical"],"evidenceDocument":["Passport"],"subjectPresence":"Physical","type":["DocumentVerification"],"verifier":"did:ebsi:2A9BZ9SUe6BatacSpvs1V5CdjHvLpQ7bEsi2Jb6LdHKnQxaN"}]}]}
12929 [pool-1-thread-1 @coroutine#873] DEBUG id.walt.services.keystore.HKVKeyStoreService - Loading key "18ab803c89704d3a8cc85b96c4beaa1c".
12929 [pool-1-thread-1 @coroutine#873] DEBUG id.walt.services.keystore.HKVKeyStoreService - Loading key "18ab803c89704d3a8cc85b96c4beaa1c".
12929 [pool-1-thread-1 @coroutine#873] DEBUG id.walt.services.keystore.HKVKeyStoreService - Loading key "18ab803c89704d3a8cc85b96c4beaa1c".
12930 [pool-1-thread-1 @coroutine#873] DEBUG id.walt.services.vc.WaltIdJsonLdCredentialService - VP created:{
  "type" : [ "VerifiablePresentation" ],
  "@context" : [ "https://www.w3.org/2018/credentials/v1", "https://w3id.org/security/suites/jws-2020/v1" ],
  "id" : "urn:uuid:a2c07863-a0bd-484f-911c-6feea18ddb66",
  "holder" : "did:key:z6MknU72MoP3FRped7JF53gnYvqFaj8Ni6YZdqXqPXjo53gq",
  "verifiableCredential" : [ {
    "type" : [ "VerifiableCredential", "VerifiableAttestation", "VerifiableId" ],
    "@context" : [ "https://www.w3.org/2018/credentials/v1", "https://w3id.org/security/suites/jws-2020/v1" ],
    "id" : "urn:uuid:c0ce0661-1b7e-47ee-9a2d-62266accc349",
    "issuer" : "did:key:z6MkszLpPBCodb6n6X1iWj2tmRobTJMpz6pbszMAszCdN3EW",
    "issuanceDate" : "2024-09-12T09:39:48Z",
    "issued" : "2024-09-12T09:39:48Z",
    "validFrom" : "2024-09-12T09:39:48Z",
    "proof" : {
      "type" : "JsonWebSignature2020",
      "creator" : "did:key:z6MkszLpPBCodb6n6X1iWj2tmRobTJMpz6pbszMAszCdN3EW",
      "created" : "2024-09-12T09:39:48Z",
      "verificationMethod" : "did:key:z6MkszLpPBCodb6n6X1iWj2tmRobTJMpz6pbszMAszCdN3EW#z6MkszLpPBCodb6n6X1iWj2tmRobTJMpz6pbszMAszCdN3EW",
      "jws" : "eyJiNjQiOmZhbHNlLCJjcml0IjpbImI2NCJdLCJhbGciOiJFZERTQSJ9..i2BckPPugeoHkeF9VJcvSj-djDBd_KfmfHalYc-LFHltPmmyptOJW6-NtAkJ7Fvlow3oIsTLH7XE-sFxKE3mCA"
    },
    "credentialSchema" : {
      "id" : "https://raw.githubusercontent.com/walt-id/waltid-ssikit-vclib/master/src/test/resources/schemas/VerifiableId.json",
      "type" : "FullJsonSchemaValidator2021"
    },
    "credentialSubject" : {
      "id" : "did:key:z6MknU72MoP3FRped7JF53gnYvqFaj8Ni6YZdqXqPXjo53gq",
      "currentAddress" : [ "1 Boulevard de la Liberté, 59800 Lille" ],
      "dateOfBirth" : "1993-04-08",
      "familyName" : "DOE",
      "firstName" : "Jane",
      "gender" : "FEMALE",
      "nameAndFamilyNameAtBirth" : "Jane DOE",
      "personalIdentifier" : "0904008084H",
      "placeOfBirth" : "LILLE, FRANCE"
    },
    "evidence" : [ {
      "documentPresence" : [ "Physical" ],
      "evidenceDocument" : [ "Passport" ],
      "subjectPresence" : "Physical",
      "type" : [ "DocumentVerification" ],
      "verifier" : "did:ebsi:2A9BZ9SUe6BatacSpvs1V5CdjHvLpQ7bEsi2Jb6LdHKnQxaN"
    } ]
  } ],
  "proof" : {
    "type" : "JsonWebSignature2020",
    "creator" : "did:key:z6MknU72MoP3FRped7JF53gnYvqFaj8Ni6YZdqXqPXjo53gq",
    "created" : "2024-09-12T09:39:48Z",
    "proofPurpose" : "authentication",
    "verificationMethod" : "did:key:z6MknU72MoP3FRped7JF53gnYvqFaj8Ni6YZdqXqPXjo53gq#z6MknU72MoP3FRped7JF53gnYvqFaj8Ni6YZdqXqPXjo53gq",
    "jws" : "eyJiNjQiOmZhbHNlLCJjcml0IjpbImI2NCJdLCJhbGciOiJFZERTQSJ9..hMoSwKCiinWhbGLfXZa63S-5groXNUeJ8y_BuJ0T90xqC2O0e4mRPpjCcx6kGcF8wznpeZIc89-l4Obtb7LMBA"
  }
}
12933 [pool-1-thread-1 @coroutine#873] DEBUG id.walt.services.oidc.OIDC4VPService - Sending SIOP response to http://localhost:9000/present
 vp_token=%5B%7B%22type%22%3A%5B%22VerifiablePresentation%22%5D%2C%22%40context%22%3A%5B%22https%3A%2F%2Fwww.w3.org%2F2018%2Fcredentials%2Fv1%22%2C%22https%3A%2F%2Fw3id.org%2Fsecurity%2Fsuites%2Fjws-2020%2Fv1%22%5D%2C%22id%22%3A%22urn%3Auuid%3Aa2c07863-a0bd-484f-911c-6feea18ddb66%22%2C%22proof%22%3A%7B%22type%22%3A%22JsonWebSignature2020%22%2C%22creator%22%3A%22did%3Akey%3Az6MknU72MoP3FRped7JF53gnYvqFaj8Ni6YZdqXqPXjo53gq%22%2C%22created%22%3A%222024-09-12T09%3A39%3A48Z%22%2C%22proofPurpose%22%3A%22authentication%22%2C%22verificationMethod%22%3A%22did%3Akey%3Az6MknU72MoP3FRped7JF53gnYvqFaj8Ni6YZdqXqPXjo53gq%23z6MknU72MoP3FRped7JF53gnYvqFaj8Ni6YZdqXqPXjo53gq%22%2C%22jws%22%3A%22eyJiNjQiOmZhbHNlLCJjcml0IjpbImI2NCJdLCJhbGciOiJFZERTQSJ9..hMoSwKCiinWhbGLfXZa63S-5groXNUeJ8y_BuJ0T90xqC2O0e4mRPpjCcx6kGcF8wznpeZIc89-l4Obtb7LMBA%22%7D%2C%22holder%22%3A%22did%3Akey%3Az6MknU72MoP3FRped7JF53gnYvqFaj8Ni6YZdqXqPXjo53gq%22%2C%22verifiableCredential%22%3A%5B%7B%22type%22%3A%5B%22VerifiableCredential%22%2C%22VerifiableAttestation%22%2C%22VerifiableId%22%5D%2C%22%40context%22%3A%5B%22https%3A%2F%2Fwww.w3.org%2F2018%2Fcredentials%2Fv1%22%2C%22https%3A%2F%2Fw3id.org%2Fsecurity%2Fsuites%2Fjws-2020%2Fv1%22%5D%2C%22id%22%3A%22urn%3Auuid%3Ac0ce0661-1b7e-47ee-9a2d-62266accc349%22%2C%22issuer%22%3A%22did%3Akey%3Az6MkszLpPBCodb6n6X1iWj2tmRobTJMpz6pbszMAszCdN3EW%22%2C%22issuanceDate%22%3A%222024-09-12T09%3A39%3A48Z%22%2C%22issued%22%3A%222024-09-12T09%3A39%3A48Z%22%2C%22validFrom%22%3A%222024-09-12T09%3A39%3A48Z%22%2C%22proof%22%3A%7B%22type%22%3A%22JsonWebSignature2020%22%2C%22creator%22%3A%22did%3Akey%3Az6MkszLpPBCodb6n6X1iWj2tmRobTJMpz6pbszMAszCdN3EW%22%2C%22created%22%3A%222024-09-12T09%3A39%3A48Z%22%2C%22verificationMethod%22%3A%22did%3Akey%3Az6MkszLpPBCodb6n6X1iWj2tmRobTJMpz6pbszMAszCdN3EW%23z6MkszLpPBCodb6n6X1iWj2tmRobTJMpz6pbszMAszCdN3EW%22%2C%22jws%22%3A%22eyJiNjQiOmZhbHNlLCJjcml0IjpbImI2NCJdLCJhbGciOiJFZERTQSJ9..i2BckPPugeoHkeF9VJcvSj-djDBd_KfmfHalYc-LFHltPmmyptOJW6-NtAkJ7Fvlow3oIsTLH7XE-sFxKE3mCA%22%7D%2C%22credentialSchema%22%3A%7B%22id%22%3A%22https%3A%2F%2Fraw.githubusercontent.com%2Fwalt-id%2Fwaltid-ssikit-vclib%2Fmaster%2Fsrc%2Ftest%2Fresources%2Fschemas%2FVerifiableId.json%22%2C%22type%22%3A%22FullJsonSchemaValidator2021%22%7D%2C%22credentialSubject%22%3A%7B%22id%22%3A%22did%3Akey%3Az6MknU72MoP3FRped7JF53gnYvqFaj8Ni6YZdqXqPXjo53gq%22%2C%22currentAddress%22%3A%5B%221+Boulevard+de+la+Libert%C3%A9%2C+59800+Lille%22%5D%2C%22dateOfBirth%22%3A%221993-04-08%22%2C%22familyName%22%3A%22DOE%22%2C%22firstName%22%3A%22Jane%22%2C%22gender%22%3A%22FEMALE%22%2C%22nameAndFamilyNameAtBirth%22%3A%22Jane+DOE%22%2C%22personalIdentifier%22%3A%220904008084H%22%2C%22placeOfBirth%22%3A%22LILLE%2C+FRANCE%22%7D%2C%22evidence%22%3A%5B%7B%22documentPresence%22%3A%5B%22Physical%22%5D%2C%22evidenceDocument%22%3A%5B%22Passport%22%5D%2C%22subjectPresence%22%3A%22Physical%22%2C%22type%22%3A%5B%22DocumentVerification%22%5D%2C%22verifier%22%3A%22did%3Aebsi%3A2A9BZ9SUe6BatacSpvs1V5CdjHvLpQ7bEsi2Jb6LdHKnQxaN%22%7D%5D%7D%5D%7D%2C%7B%22type%22%3A%5B%22VerifiablePresentation%22%5D%2C%22%40context%22%3A%5B%22https%3A%2F%2Fwww.w3.org%2F2018%2Fcredentials%2Fv1%22%2C%22https%3A%2F%2Fw3id.org%2Fsecurity%2Fsuites%2Fjws-2020%2Fv1%22%5D%2C%22id%22%3A%22urn%3Auuid%3Aa2c07863-a0bd-484f-911c-6feea18ddb66%22%2C%22proof%22%3A%7B%22type%22%3A%22JsonWebSignature2020%22%2C%22creator%22%3A%22did%3Akey%3Az6MknU72MoP3FRped7JF53gnYvqFaj8Ni6YZdqXqPXjo53gq%22%2C%22created%22%3A%222024-09-12T09%3A39%3A48Z%22%2C%22proofPurpose%22%3A%22authentication%22%2C%22verificationMethod%22%3A%22did%3Akey%3Az6MknU72MoP3FRped7JF53gnYvqFaj8Ni6YZdqXqPXjo53gq%23z6MknU72MoP3FRped7JF53gnYvqFaj8Ni6YZdqXqPXjo53gq%22%2C%22jws%22%3A%22eyJiNjQiOmZhbHNlLCJjcml0IjpbImI2NCJdLCJhbGciOiJFZERTQSJ9..hMoSwKCiinWhbGLfXZa63S-5groXNUeJ8y_BuJ0T90xqC2O0e4mRPpjCcx6kGcF8wznpeZIc89-l4Obtb7LMBA%22%7D%2C%22holder%22%3A%22did%3Akey%3Az6MknU72MoP3FRped7JF53gnYvqFaj8Ni6YZdqXqPXjo53gq%22%2C%22verifiableCredential%22%3A%5B%7B%22type%22%3A%5B%22VerifiableCredential%22%2C%22VerifiableAttestation%22%2C%22VerifiableId%22%5D%2C%22%40context%22%3A%5B%22https%3A%2F%2Fwww.w3.org%2F2018%2Fcredentials%2Fv1%22%2C%22https%3A%2F%2Fw3id.org%2Fsecurity%2Fsuites%2Fjws-2020%2Fv1%22%5D%2C%22id%22%3A%22urn%3Auuid%3Ac0ce0661-1b7e-47ee-9a2d-62266accc349%22%2C%22issuer%22%3A%22did%3Akey%3Az6MkszLpPBCodb6n6X1iWj2tmRobTJMpz6pbszMAszCdN3EW%22%2C%22issuanceDate%22%3A%222024-09-12T09%3A39%3A48Z%22%2C%22issued%22%3A%222024-09-12T09%3A39%3A48Z%22%2C%22validFrom%22%3A%222024-09-12T09%3A39%3A48Z%22%2C%22proof%22%3A%7B%22type%22%3A%22JsonWebSignature2020%22%2C%22creator%22%3A%22did%3Akey%3Az6MkszLpPBCodb6n6X1iWj2tmRobTJMpz6pbszMAszCdN3EW%22%2C%22created%22%3A%222024-09-12T09%3A39%3A48Z%22%2C%22verificationMethod%22%3A%22did%3Akey%3Az6MkszLpPBCodb6n6X1iWj2tmRobTJMpz6pbszMAszCdN3EW%23z6MkszLpPBCodb6n6X1iWj2tmRobTJMpz6pbszMAszCdN3EW%22%2C%22jws%22%3A%22eyJiNjQiOmZhbHNlLCJjcml0IjpbImI2NCJdLCJhbGciOiJFZERTQSJ9..i2BckPPugeoHkeF9VJcvSj-djDBd_KfmfHalYc-LFHltPmmyptOJW6-NtAkJ7Fvlow3oIsTLH7XE-sFxKE3mCA%22%7D%2C%22credentialSchema%22%3A%7B%22id%22%3A%22https%3A%2F%2Fraw.githubusercontent.com%2Fwalt-id%2Fwaltid-ssikit-vclib%2Fmaster%2Fsrc%2Ftest%2Fresources%2Fschemas%2FVerifiableId.json%22%2C%22type%22%3A%22FullJsonSchemaValidator2021%22%7D%2C%22credentialSubject%22%3A%7B%22id%22%3A%22did%3Akey%3Az6MknU72MoP3FRped7JF53gnYvqFaj8Ni6YZdqXqPXjo53gq%22%2C%22currentAddress%22%3A%5B%221+Boulevard+de+la+Libert%C3%A9%2C+59800+Lille%22%5D%2C%22dateOfBirth%22%3A%221993-04-08%22%2C%22familyName%22%3A%22DOE%22%2C%22firstName%22%3A%22Jane%22%2C%22gender%22%3A%22FEMALE%22%2C%22nameAndFamilyNameAtBirth%22%3A%22Jane+DOE%22%2C%22personalIdentifier%22%3A%220904008084H%22%2C%22placeOfBirth%22%3A%22LILLE%2C+FRANCE%22%7D%2C%22evidence%22%3A%5B%7B%22documentPresence%22%3A%5B%22Physical%22%5D%2C%22evidenceDocument%22%3A%5B%22Passport%22%5D%2C%22subjectPresence%22%3A%22Physical%22%2C%22type%22%3A%5B%22DocumentVerification%22%5D%2C%22verifier%22%3A%22did%3Aebsi%3A2A9BZ9SUe6BatacSpvs1V5CdjHvLpQ7bEsi2Jb6LdHKnQxaN%22%7D%5D%7D%5D%7D%5D&presentation_submission=%7B%22definition_id%22+%3A+%221%22%2C+%22descriptor_map%22+%3A+%5B%7B%22format%22+%3A+%22ldp_vp%22%2C+%22id%22+%3A+%220%22%2C+%22path%22+%3A+%22%24%5B0%5D%22%2C+%22path_nested%22+%3A+%7B%22format%22+%3A+%22ldp_vc%22%2C+%22id%22+%3A+%220%22%2C+%22path%22+%3A+%22%24%5B0%5D.verifiableCredential%5B0%5D%22%7D%7D%2C+%7B%22format%22+%3A+%22ldp_vp%22%2C+%22id%22+%3A+%221%22%2C+%22path%22+%3A+%22%24%5B1%5D%22%2C+%22path_nested%22+%3A+%7B%22format%22+%3A+%22ldp_vc%22%2C+%22id%22+%3A+%220%22%2C+%22path%22+%3A+%22%24%5B1%5D.verifiableCredential%5B0%5D%22%7D%7D%5D%2C+%22id%22+%3A+%221%22%7D&state=njL51VtZU2FZd1eu3ZKKfTH17APz1KIylCvxvWvG_BE
12935 [JettyServerThreadPool-274] DEBUG id.walt.auditor.Auditor - Verifying vc with SignaturePolicy ...
12935 [JettyServerThreadPool-274] DEBUG id.walt.auditor.policies.SignaturePolicy - is jwt: false
12935 [JettyServerThreadPool-274] DEBUG id.walt.model.DidUrl - Trying to create DidUrl from URL: "did:key:z6MknU72MoP3FRped7JF53gnYvqFaj8Ni6YZdqXqPXjo53gq#z6MknU72MoP3FRped7JF53gnYvqFaj8Ni6YZdqXqPXjo53gq"...
12937 [JettyServerThreadPool-274] DEBUG id.walt.model.DidUrl - Trying to create DidUrl from URL: "did:key:z6MknU72MoP3FRped7JF53gnYvqFaj8Ni6YZdqXqPXjo53gq"...
12937 [JettyServerThreadPool-274] DEBUG id.walt.model.DidUrl - Trying to create DidUrl from URL: "did:key:z6MknU72MoP3FRped7JF53gnYvqFaj8Ni6YZdqXqPXjo53gq"...
12937 [JettyServerThreadPool-274] DEBUG id.walt.services.did.DidService - DID imported: did:key:z6MknU72MoP3FRped7JF53gnYvqFaj8Ni6YZdqXqPXjo53gq#z6MknU72MoP3FRped7JF53gnYvqFaj8Ni6YZdqXqPXjo53gq
12937 [JettyServerThreadPool-274] DEBUG id.walt.services.did.DidService - Loading or resolving "did:key:z6MknU72MoP3FRped7JF53gnYvqFaj8Ni6YZdqXqPXjo53gq#z6MknU72MoP3FRped7JF53gnYvqFaj8Ni6YZdqXqPXjo53gq"...
12937 [JettyServerThreadPool-274] DEBUG id.walt.model.DidUrl - Trying to create DidUrl from URL: "did:key:z6MknU72MoP3FRped7JF53gnYvqFaj8Ni6YZdqXqPXjo53gq#z6MknU72MoP3FRped7JF53gnYvqFaj8Ni6YZdqXqPXjo53gq"...
12937 [JettyServerThreadPool-274] DEBUG id.walt.services.did.DidService - loadOrResolve: url=DidUrl(method=key, identifier=z6MknU72MoP3FRped7JF53gnYvqFaj8Ni6YZdqXqPXjo53gq, fragment=z6MknU72MoP3FRped7JF53gnYvqFaj8Ni6YZdqXqPXjo53gq, query=null), length of stored=null
12937 [JettyServerThreadPool-274] DEBUG id.walt.model.DidUrl - Trying to create DidUrl from URL: "did:key:z6MknU72MoP3FRped7JF53gnYvqFaj8Ni6YZdqXqPXjo53gq#z6MknU72MoP3FRped7JF53gnYvqFaj8Ni6YZdqXqPXjo53gq"...
12938 [JettyServerThreadPool-274] DEBUG id.walt.model.DidUrl - Trying to create DidUrl from URL: "did:key:z6MknU72MoP3FRped7JF53gnYvqFaj8Ni6YZdqXqPXjo53gq"...
12938 [JettyServerThreadPool-274] DEBUG id.walt.model.DidUrl - Trying to create DidUrl from URL: "did:key:z6MknU72MoP3FRped7JF53gnYvqFaj8Ni6YZdqXqPXjo53gq"...
12938 [JettyServerThreadPool-274] DEBUG id.walt.services.did.DidService - Key imported for: did:key:z6MknU72MoP3FRped7JF53gnYvqFaj8Ni6YZdqXqPXjo53gq#z6MknU72MoP3FRped7JF53gnYvqFaj8Ni6YZdqXqPXjo53gq
12938 [JettyServerThreadPool-274] DEBUG id.walt.services.did.DidService - Loading or resolving "did:key:z6MknU72MoP3FRped7JF53gnYvqFaj8Ni6YZdqXqPXjo53gq"...
12938 [JettyServerThreadPool-274] DEBUG id.walt.model.DidUrl - Trying to create DidUrl from URL: "did:key:z6MknU72MoP3FRped7JF53gnYvqFaj8Ni6YZdqXqPXjo53gq"...
12938 [JettyServerThreadPool-274] DEBUG id.walt.services.did.DidService - loadOrResolve: url=DidUrl(method=key, identifier=z6MknU72MoP3FRped7JF53gnYvqFaj8Ni6YZdqXqPXjo53gq, fragment=z6MknU72MoP3FRped7JF53gnYvqFaj8Ni6YZdqXqPXjo53gq, query=null), length of stored=1639
12939 [JettyServerThreadPool-274] DEBUG id.walt.model.DidUrl - Trying to create DidUrl from URL: "did:key:z6MknU72MoP3FRped7JF53gnYvqFaj8Ni6YZdqXqPXjo53gq"...
12940 [JettyServerThreadPool-274] DEBUG id.walt.services.vc.WaltIdJsonLdCredentialService - Loading verification key for:  did:key:z6MknU72MoP3FRped7JF53gnYvqFaj8Ni6YZdqXqPXjo53gq#z6MknU72MoP3FRped7JF53gnYvqFaj8Ni6YZdqXqPXjo53gq
12940 [JettyServerThreadPool-274] DEBUG id.walt.services.vc.WaltIdJsonLdCredentialService - Document loader config: isEnableHttp (true), isEnableHttps (true), isEnableFile (true), isEnableLocalCache (true)
12940 [JettyServerThreadPool-274] DEBUG id.walt.services.vc.WaltIdJsonLdCredentialService - Decoded Json LD object: {"type":["VerifiablePresentation"],"@context":["https://www.w3.org/2018/credentials/v1","https://w3id.org/security/suites/jws-2020/v1"],"id":"urn:uuid:a2c07863-a0bd-484f-911c-6feea18ddb66","proof":{"type":"JsonWebSignature2020","creator":"did:key:z6MknU72MoP3FRped7JF53gnYvqFaj8Ni6YZdqXqPXjo53gq","created":"2024-09-12T09:39:48Z","proofPurpose":"authentication","verificationMethod":"did:key:z6MknU72MoP3FRped7JF53gnYvqFaj8Ni6YZdqXqPXjo53gq#z6MknU72MoP3FRped7JF53gnYvqFaj8Ni6YZdqXqPXjo53gq","jws":"eyJiNjQiOmZhbHNlLCJjcml0IjpbImI2NCJdLCJhbGciOiJFZERTQSJ9..hMoSwKCiinWhbGLfXZa63S-5groXNUeJ8y_BuJ0T90xqC2O0e4mRPpjCcx6kGcF8wznpeZIc89-l4Obtb7LMBA"},"holder":"did:key:z6MknU72MoP3FRped7JF53gnYvqFaj8Ni6YZdqXqPXjo53gq","verifiableCredential":[{"type":["VerifiableCredential","VerifiableAttestation","VerifiableId"],"@context":["https://www.w3.org/2018/credentials/v1","https://w3id.org/security/suites/jws-2020/v1"],"id":"urn:uuid:c0ce0661-1b7e-47ee-9a2d-62266accc349","issuer":"did:key:z6MkszLpPBCodb6n6X1iWj2tmRobTJMpz6pbszMAszCdN3EW","issuanceDate":"2024-09-12T09:39:48Z","issued":"2024-09-12T09:39:48Z","validFrom":"2024-09-12T09:39:48Z","proof":{"type":"JsonWebSignature2020","creator":"did:key:z6MkszLpPBCodb6n6X1iWj2tmRobTJMpz6pbszMAszCdN3EW","created":"2024-09-12T09:39:48Z","verificationMethod":"did:key:z6MkszLpPBCodb6n6X1iWj2tmRobTJMpz6pbszMAszCdN3EW#z6MkszLpPBCodb6n6X1iWj2tmRobTJMpz6pbszMAszCdN3EW","jws":"eyJiNjQiOmZhbHNlLCJjcml0IjpbImI2NCJdLCJhbGciOiJFZERTQSJ9..i2BckPPugeoHkeF9VJcvSj-djDBd_KfmfHalYc-LFHltPmmyptOJW6-NtAkJ7Fvlow3oIsTLH7XE-sFxKE3mCA"},"credentialSchema":{"id":"https://raw.githubusercontent.com/walt-id/waltid-ssikit-vclib/master/src/test/resources/schemas/VerifiableId.json","type":"FullJsonSchemaValidator2021"},"credentialSubject":{"id":"did:key:z6MknU72MoP3FRped7JF53gnYvqFaj8Ni6YZdqXqPXjo53gq","currentAddress":["1 Boulevard de la Liberté, 59800 Lille"],"dateOfBirth":"1993-04-08","familyName":"DOE","firstName":"Jane","gender":"FEMALE","nameAndFamilyNameAtBirth":"Jane DOE","personalIdentifier":"0904008084H","placeOfBirth":"LILLE, FRANCE"},"evidence":[{"documentPresence":["Physical"],"evidenceDocument":["Passport"],"subjectPresence":"Physical","type":["DocumentVerification"],"verifier":"did:ebsi:2A9BZ9SUe6BatacSpvs1V5CdjHvLpQ7bEsi2Jb6LdHKnQxaN"}]}]}
12940 [JettyServerThreadPool-274] DEBUG id.walt.services.storeUmu.defaultSoreServiceUmu - Loading key "z6MknU72MoP3FRped7JF53gnYvqFaj8Ni6YZdqXqPXjo53gq"...
12940 [JettyServerThreadPool-274] DEBUG id.walt.auditor.VerificationPolicy - VerificationPolicy failed: Could not load key: z6MknU72MoP3FRped7JF53gnYvqFaj8Ni6YZdqXqPXjo53gq
12940 [JettyServerThreadPool-274] DEBUG id.walt.auditor.VerificationPolicy - VC [VerifiablePresentation] passes policy SignaturePolicy: failed: #1: IllegalArgumentException - Could not load key: z6MknU72MoP3FRped7JF53gnYvqFaj8Ni6YZdqXqPXjo53gq
12940 [JettyServerThreadPool-274] ERROR id.walt.auditor.Auditor - SignaturePolicy: java.lang.IllegalArgumentException: Could not load key: z6MknU72MoP3FRped7JF53gnYvqFaj8Ni6YZdqXqPXjo53gq
12940 [JettyServerThreadPool-274] DEBUG id.walt.auditor.VerificationPolicy - VerificationPolicy failed: Could not load key: z6MknU72MoP3FRped7JF53gnYvqFaj8Ni6YZdqXqPXjo53gq
12941 [JettyServerThreadPool-274] ERROR io.javalin.Javalin - Exception occurred while servicing http-request
java.util.concurrent.CompletionException: io.kotest.assertions.AssertionFailedError: expected:<true> but was:<false>
	at java.base/java.util.concurrent.CompletableFuture.encodeThrowable(CompletableFuture.java:315)
	at java.base/java.util.concurrent.CompletableFuture.uniComposeStage(CompletableFuture.java:1194)
	at java.base/java.util.concurrent.CompletableFuture.thenCompose(CompletableFuture.java:2309)
	at io.javalin.http.JavalinServletHandler.queueNextTaskOrFinish$javalin(JavalinServletHandler.kt:85)
	at io.javalin.http.JavalinServlet.service(JavalinServlet.kt:89)
	at javax.servlet.http.HttpServlet.service(HttpServlet.java:790)
	at io.javalin.jetty.JavalinJettyServlet.service(JavalinJettyServlet.kt:58)
	at javax.servlet.http.HttpServlet.service(HttpServlet.java:790)
	at org.eclipse.jetty.servlet.ServletHolder.handle(ServletHolder.java:799)
	at org.eclipse.jetty.servlet.ServletHandler.doHandle(ServletHandler.java:554)
	at org.eclipse.jetty.server.handler.ScopedHandler.nextHandle(ScopedHandler.java:233)
	at org.eclipse.jetty.server.session.SessionHandler.doHandle(SessionHandler.java:1624)
	at org.eclipse.jetty.server.handler.ScopedHandler.nextHandle(ScopedHandler.java:233)
	at io.javalin.jetty.JettyServer$start$wsAndHttpHandler$1.doHandle(JettyServer.kt:52)
	at org.eclipse.jetty.server.handler.ScopedHandler.nextScope(ScopedHandler.java:188)
	at org.eclipse.jetty.servlet.ServletHandler.doScope(ServletHandler.java:505)
	at org.eclipse.jetty.server.session.SessionHandler.doScope(SessionHandler.java:1594)
	at org.eclipse.jetty.server.handler.ScopedHandler.nextScope(ScopedHandler.java:186)
	at org.eclipse.jetty.server.handler.ContextHandler.doScope(ContextHandler.java:1355)
	at org.eclipse.jetty.server.handler.ScopedHandler.handle(ScopedHandler.java:141)
	at org.eclipse.jetty.server.handler.StatisticsHandler.handle(StatisticsHandler.java:181)
	at org.eclipse.jetty.server.handler.HandlerWrapper.handle(HandlerWrapper.java:127)
	at org.eclipse.jetty.server.Server.handle(Server.java:516)
	at org.eclipse.jetty.server.HttpChannel.lambda$handle$1(HttpChannel.java:487)
	at org.eclipse.jetty.server.HttpChannel.dispatch(HttpChannel.java:732)
	at org.eclipse.jetty.server.HttpChannel.handle(HttpChannel.java:479)
	at org.eclipse.jetty.server.HttpConnection.onFillable(HttpConnection.java:277)
	at org.eclipse.jetty.io.AbstractConnection$ReadCallback.succeeded(AbstractConnection.java:311)
	at org.eclipse.jetty.io.FillInterest.fillable(FillInterest.java:105)
	at org.eclipse.jetty.io.ChannelEndPoint$1.run(ChannelEndPoint.java:104)
	at org.eclipse.jetty.util.thread.strategy.EatWhatYouKill.runTask(EatWhatYouKill.java:338)
	at org.eclipse.jetty.util.thread.strategy.EatWhatYouKill.doProduce(EatWhatYouKill.java:315)
	at org.eclipse.jetty.util.thread.strategy.EatWhatYouKill.tryProduce(EatWhatYouKill.java:173)
	at org.eclipse.jetty.util.thread.strategy.EatWhatYouKill.run(EatWhatYouKill.java:131)
	at org.eclipse.jetty.util.thread.ReservedThreadExecutor$ReservedThread.run(ReservedThreadExecutor.java:409)
	at org.eclipse.jetty.util.thread.QueuedThreadPool.runJob(QueuedThreadPool.java:883)
	at org.eclipse.jetty.util.thread.QueuedThreadPool$Runner.run(QueuedThreadPool.java:1034)
	at java.base/java.lang.Thread.run(Thread.java:833)
Caused by: io.kotest.assertions.AssertionFailedError: expected:<true> but was:<false>
	at id.walt.services.oidc.OIDCTestProvider.testPresent(OIDCTestProvider.kt:142)
	at io.javalin.core.security.SecurityUtil.noopAccessManager(SecurityUtil.kt:20)
	at io.javalin.http.JavalinServlet.addHandler$lambda-0(JavalinServlet.kt:96)
	at io.javalin.http.JavalinServlet$lifecycle$2$1$1.invoke(JavalinServlet.kt:43)
	at io.javalin.http.JavalinServlet$lifecycle$2$1$1.invoke(JavalinServlet.kt:43)
	at io.javalin.http.JavalinServletHandler.executeNextTask(JavalinServletHandler.kt:99)
	at io.javalin.http.JavalinServletHandler.queueNextTaskOrFinish$lambda-1(JavalinServletHandler.kt:85)
	at java.base/java.util.concurrent.CompletableFuture.uniComposeStage(CompletableFuture.java:1187)
	... 36 more
12941 [pool-1-thread-1 @coroutine#873] DEBUG id.walt.services.oidc.OIDC4VPService - SIOP RESPONSE SENT: received 500
12941 [pool-1-thread-1 @coroutine#873] ERROR id.walt.services.oidc.OIDC4VPService - Got error response from SIOP endpoint: 500: null
12943 [pool-1-thread-1 @coroutine#874] DEBUG id.walt.model.DidUrl - Trying to create DidUrl from URL: "did:key:z6MkszLpPBCodb6n6X1iWj2tmRobTJMpz6pbszMAszCdN3EW"...
12943 [pool-1-thread-1 @coroutine#874] DEBUG id.walt.model.DidUrl - Trying to create DidUrl from URL: "did:key:z6MkszLpPBCodb6n6X1iWj2tmRobTJMpz6pbszMAszCdN3EW"...
12943 [pool-1-thread-1 @coroutine#874] DEBUG id.walt.signatory.WaltIdSignatory - Signing credential with proof using LD_PROOF...
12943 [pool-1-thread-1 @coroutine#874] DEBUG id.walt.signatory.WaltIdSignatory - Signing credential with proof using LD_PROOF, credential is: {"type":["VerifiableCredential","VerifiableAttestation","VerifiableId"],"@context":["https://www.w3.org/2018/credentials/v1"],"id":"urn:uuid:fa1df50c-b5b0-49f1-b526-cff1097769c3","issuer":"did:key:z6MkszLpPBCodb6n6X1iWj2tmRobTJMpz6pbszMAszCdN3EW","issuanceDate":"2024-09-12T09:39:48Z","issued":"2024-09-12T09:39:48Z","validFrom":"2024-09-12T09:39:48Z","credentialSchema":{"id":"https://raw.githubusercontent.com/walt-id/waltid-ssikit-vclib/master/src/test/resources/schemas/VerifiableId.json","type":"FullJsonSchemaValidator2021"},"credentialSubject":{"id":"did:key:z6MknU72MoP3FRped7JF53gnYvqFaj8Ni6YZdqXqPXjo53gq","currentAddress":["1 Boulevard de la Liberté, 59800 Lille"],"dateOfBirth":"1993-04-08","familyName":"DOE","firstName":"Jane","gender":"FEMALE","nameAndFamilyNameAtBirth":"Jane DOE","personalIdentifier":"0904008084H","placeOfBirth":"LILLE, FRANCE"},"evidence":[{"documentPresence":["Physical"],"evidenceDocument":["Passport"],"subjectPresence":"Physical","type":["DocumentVerification"],"verifier":"did:ebsi:2A9BZ9SUe6BatacSpvs1V5CdjHvLpQ7bEsi2Jb6LdHKnQxaN"}]}
12943 [pool-1-thread-1 @coroutine#874] DEBUG id.walt.services.vc.WaltIdJsonLdCredentialService - Signing jsonLd object with: issuerDid (did:key:z6MkszLpPBCodb6n6X1iWj2tmRobTJMpz6pbszMAszCdN3EW), domain (null), nonce (null
12944 [pool-1-thread-1 @coroutine#874] DEBUG id.walt.services.keystore.HKVKeyStoreService - Loading key "did:key:z6MkszLpPBCodb6n6X1iWj2tmRobTJMpz6pbszMAszCdN3EW#z6MkszLpPBCodb6n6X1iWj2tmRobTJMpz6pbszMAszCdN3EW".
12944 [pool-1-thread-1 @coroutine#874] DEBUG id.walt.services.vc.WaltIdJsonLdCredentialService - Signing: {"type":["VerifiableCredential","VerifiableAttestation","VerifiableId"],"@context":["https://www.w3.org/2018/credentials/v1"],"id":"urn:uuid:fa1df50c-b5b0-49f1-b526-cff1097769c3","issuer":"did:key:z6MkszLpPBCodb6n6X1iWj2tmRobTJMpz6pbszMAszCdN3EW","issuanceDate":"2024-09-12T09:39:48Z","issued":"2024-09-12T09:39:48Z","validFrom":"2024-09-12T09:39:48Z","credentialSchema":{"id":"https://raw.githubusercontent.com/walt-id/waltid-ssikit-vclib/master/src/test/resources/schemas/VerifiableId.json","type":"FullJsonSchemaValidator2021"},"credentialSubject":{"id":"did:key:z6MknU72MoP3FRped7JF53gnYvqFaj8Ni6YZdqXqPXjo53gq","currentAddress":["1 Boulevard de la Liberté, 59800 Lille"],"dateOfBirth":"1993-04-08","familyName":"DOE","firstName":"Jane","gender":"FEMALE","nameAndFamilyNameAtBirth":"Jane DOE","personalIdentifier":"0904008084H","placeOfBirth":"LILLE, FRANCE"},"evidence":[{"documentPresence":["Physical"],"evidenceDocument":["Passport"],"subjectPresence":"Physical","type":["DocumentVerification"],"verifier":"did:ebsi:2A9BZ9SUe6BatacSpvs1V5CdjHvLpQ7bEsi2Jb6LdHKnQxaN"}]}
12947 [pool-1-thread-1 @coroutine#874] DEBUG id.walt.services.keystore.HKVKeyStoreService - Loading key "af3ec86545244234ae851f06f99a26fb".
12947 [pool-1-thread-1 @coroutine#874] DEBUG id.walt.services.keystore.HKVKeyStoreService - Loading key "af3ec86545244234ae851f06f99a26fb".
12947 [pool-1-thread-1 @coroutine#874] DEBUG id.walt.services.keystore.HKVKeyStoreService - Loading key "af3ec86545244234ae851f06f99a26fb".
12948 [pool-1-thread-1 @coroutine#874] DEBUG id.walt.signatory.WaltIdSignatory - Signed VC is: {
  "type" : [ "VerifiableCredential", "VerifiableAttestation", "VerifiableId" ],
  "@context" : [ "https://www.w3.org/2018/credentials/v1", "https://w3id.org/security/suites/jws-2020/v1" ],
  "id" : "urn:uuid:fa1df50c-b5b0-49f1-b526-cff1097769c3",
  "issuer" : "did:key:z6MkszLpPBCodb6n6X1iWj2tmRobTJMpz6pbszMAszCdN3EW",
  "issuanceDate" : "2024-09-12T09:39:48Z",
  "issued" : "2024-09-12T09:39:48Z",
  "validFrom" : "2024-09-12T09:39:48Z",
  "credentialSchema" : {
    "id" : "https://raw.githubusercontent.com/walt-id/waltid-ssikit-vclib/master/src/test/resources/schemas/VerifiableId.json",
    "type" : "FullJsonSchemaValidator2021"
  },
  "credentialSubject" : {
    "id" : "did:key:z6MknU72MoP3FRped7JF53gnYvqFaj8Ni6YZdqXqPXjo53gq",
    "currentAddress" : [ "1 Boulevard de la Liberté, 59800 Lille" ],
    "dateOfBirth" : "1993-04-08",
    "familyName" : "DOE",
    "firstName" : "Jane",
    "gender" : "FEMALE",
    "nameAndFamilyNameAtBirth" : "Jane DOE",
    "personalIdentifier" : "0904008084H",
    "placeOfBirth" : "LILLE, FRANCE"
  },
  "evidence" : [ {
    "documentPresence" : [ "Physical" ],
    "evidenceDocument" : [ "Passport" ],
    "subjectPresence" : "Physical",
    "type" : [ "DocumentVerification" ],
    "verifier" : "did:ebsi:2A9BZ9SUe6BatacSpvs1V5CdjHvLpQ7bEsi2Jb6LdHKnQxaN"
  } ],
  "proof" : {
    "type" : "JsonWebSignature2020",
    "creator" : "did:key:z6MkszLpPBCodb6n6X1iWj2tmRobTJMpz6pbszMAszCdN3EW",
    "created" : "2024-09-12T09:39:48Z",
    "verificationMethod" : "did:key:z6MkszLpPBCodb6n6X1iWj2tmRobTJMpz6pbszMAszCdN3EW#z6MkszLpPBCodb6n6X1iWj2tmRobTJMpz6pbszMAszCdN3EW",
    "jws" : "eyJiNjQiOmZhbHNlLCJjcml0IjpbImI2NCJdLCJhbGciOiJFZERTQSJ9..SgNrbML9wGZsBY2U4nu_wXfWWJJDKg8WXxqxercdNmHFXlmjbCotQGfSrZsOmrM40RU5gro1duf8XCqxcFABAw"
  }
}
12948 [pool-1-thread-1 @coroutine#874] DEBUG id.walt.services.vc.WaltIdJsonLdCredentialService - Creating a presentation for VCs:
[PresentableCredential(verifiableCredential={"type":["VerifiableCredential","VerifiableAttestation","VerifiableId"],"@context":["https://www.w3.org/2018/credentials/v1","https://w3id.org/security/suites/jws-2020/v1"],"id":"urn:uuid:fa1df50c-b5b0-49f1-b526-cff1097769c3","issuer":"did:key:z6MkszLpPBCodb6n6X1iWj2tmRobTJMpz6pbszMAszCdN3EW","issuanceDate":"2024-09-12T09:39:48Z","issued":"2024-09-12T09:39:48Z","validFrom":"2024-09-12T09:39:48Z","proof":{"type":"JsonWebSignature2020","creator":"did:key:z6MkszLpPBCodb6n6X1iWj2tmRobTJMpz6pbszMAszCdN3EW","created":"2024-09-12T09:39:48Z","verificationMethod":"did:key:z6MkszLpPBCodb6n6X1iWj2tmRobTJMpz6pbszMAszCdN3EW#z6MkszLpPBCodb6n6X1iWj2tmRobTJMpz6pbszMAszCdN3EW","jws":"eyJiNjQiOmZhbHNlLCJjcml0IjpbImI2NCJdLCJhbGciOiJFZERTQSJ9..SgNrbML9wGZsBY2U4nu_wXfWWJJDKg8WXxqxercdNmHFXlmjbCotQGfSrZsOmrM40RU5gro1duf8XCqxcFABAw"},"credentialSchema":{"id":"https://raw.githubusercontent.com/walt-id/waltid-ssikit-vclib/master/src/test/resources/schemas/VerifiableId.json","type":"FullJsonSchemaValidator2021"},"credentialSubject":{"id":"did:key:z6MknU72MoP3FRped7JF53gnYvqFaj8Ni6YZdqXqPXjo53gq","currentAddress":["1 Boulevard de la Liberté, 59800 Lille"],"dateOfBirth":"1993-04-08","familyName":"DOE","firstName":"Jane","gender":"FEMALE","nameAndFamilyNameAtBirth":"Jane DOE","personalIdentifier":"0904008084H","placeOfBirth":"LILLE, FRANCE"},"evidence":[{"documentPresence":["Physical"],"evidenceDocument":["Passport"],"subjectPresence":"Physical","type":["DocumentVerification"],"verifier":"did:ebsi:2A9BZ9SUe6BatacSpvs1V5CdjHvLpQ7bEsi2Jb6LdHKnQxaN"}]}, selectiveDisclosure=null, discloseAll=false)]
12948 [pool-1-thread-1 @coroutine#874] DEBUG id.walt.model.DidUrl - Trying to create DidUrl from URL: "did:key:z6MknU72MoP3FRped7JF53gnYvqFaj8Ni6YZdqXqPXjo53gq"...
12949 [pool-1-thread-1 @coroutine#874] DEBUG id.walt.services.vc.WaltIdJsonLdCredentialService - Signing jsonLd object with: issuerDid (did:key:z6MknU72MoP3FRped7JF53gnYvqFaj8Ni6YZdqXqPXjo53gq), domain (null), nonce (null
12949 [pool-1-thread-1 @coroutine#874] DEBUG id.walt.services.keystore.HKVKeyStoreService - Loading key "did:key:z6MknU72MoP3FRped7JF53gnYvqFaj8Ni6YZdqXqPXjo53gq#z6MknU72MoP3FRped7JF53gnYvqFaj8Ni6YZdqXqPXjo53gq".
12949 [pool-1-thread-1 @coroutine#874] DEBUG id.walt.services.vc.WaltIdJsonLdCredentialService - Signing: {"type":["VerifiablePresentation"],"@context":["https://www.w3.org/2018/credentials/v1"],"id":"urn:uuid:b4cc6853-f018-49cd-ab0a-778d9c3f9311","holder":"did:key:z6MknU72MoP3FRped7JF53gnYvqFaj8Ni6YZdqXqPXjo53gq","verifiableCredential":[{"type":["VerifiableCredential","VerifiableAttestation","VerifiableId"],"@context":["https://www.w3.org/2018/credentials/v1","https://w3id.org/security/suites/jws-2020/v1"],"id":"urn:uuid:fa1df50c-b5b0-49f1-b526-cff1097769c3","issuer":"did:key:z6MkszLpPBCodb6n6X1iWj2tmRobTJMpz6pbszMAszCdN3EW","issuanceDate":"2024-09-12T09:39:48Z","issued":"2024-09-12T09:39:48Z","validFrom":"2024-09-12T09:39:48Z","proof":{"type":"JsonWebSignature2020","creator":"did:key:z6MkszLpPBCodb6n6X1iWj2tmRobTJMpz6pbszMAszCdN3EW","created":"2024-09-12T09:39:48Z","verificationMethod":"did:key:z6MkszLpPBCodb6n6X1iWj2tmRobTJMpz6pbszMAszCdN3EW#z6MkszLpPBCodb6n6X1iWj2tmRobTJMpz6pbszMAszCdN3EW","jws":"eyJiNjQiOmZhbHNlLCJjcml0IjpbImI2NCJdLCJhbGciOiJFZERTQSJ9..SgNrbML9wGZsBY2U4nu_wXfWWJJDKg8WXxqxercdNmHFXlmjbCotQGfSrZsOmrM40RU5gro1duf8XCqxcFABAw"},"credentialSchema":{"id":"https://raw.githubusercontent.com/walt-id/waltid-ssikit-vclib/master/src/test/resources/schemas/VerifiableId.json","type":"FullJsonSchemaValidator2021"},"credentialSubject":{"id":"did:key:z6MknU72MoP3FRped7JF53gnYvqFaj8Ni6YZdqXqPXjo53gq","currentAddress":["1 Boulevard de la Liberté, 59800 Lille"],"dateOfBirth":"1993-04-08","familyName":"DOE","firstName":"Jane","gender":"FEMALE","nameAndFamilyNameAtBirth":"Jane DOE","personalIdentifier":"0904008084H","placeOfBirth":"LILLE, FRANCE"},"evidence":[{"documentPresence":["Physical"],"evidenceDocument":["Passport"],"subjectPresence":"Physical","type":["DocumentVerification"],"verifier":"did:ebsi:2A9BZ9SUe6BatacSpvs1V5CdjHvLpQ7bEsi2Jb6LdHKnQxaN"}]}]}
12952 [pool-1-thread-1 @coroutine#874] DEBUG id.walt.services.keystore.HKVKeyStoreService - Loading key "18ab803c89704d3a8cc85b96c4beaa1c".
12952 [pool-1-thread-1 @coroutine#874] DEBUG id.walt.services.keystore.HKVKeyStoreService - Loading key "18ab803c89704d3a8cc85b96c4beaa1c".
12952 [pool-1-thread-1 @coroutine#874] DEBUG id.walt.services.keystore.HKVKeyStoreService - Loading key "18ab803c89704d3a8cc85b96c4beaa1c".
12954 [pool-1-thread-1 @coroutine#874] DEBUG id.walt.services.vc.WaltIdJsonLdCredentialService - VP created:{
  "type" : [ "VerifiablePresentation" ],
  "@context" : [ "https://www.w3.org/2018/credentials/v1", "https://w3id.org/security/suites/jws-2020/v1" ],
  "id" : "urn:uuid:b4cc6853-f018-49cd-ab0a-778d9c3f9311",
  "holder" : "did:key:z6MknU72MoP3FRped7JF53gnYvqFaj8Ni6YZdqXqPXjo53gq",
  "verifiableCredential" : [ {
    "type" : [ "VerifiableCredential", "VerifiableAttestation", "VerifiableId" ],
    "@context" : [ "https://www.w3.org/2018/credentials/v1", "https://w3id.org/security/suites/jws-2020/v1" ],
    "id" : "urn:uuid:fa1df50c-b5b0-49f1-b526-cff1097769c3",
    "issuer" : "did:key:z6MkszLpPBCodb6n6X1iWj2tmRobTJMpz6pbszMAszCdN3EW",
    "issuanceDate" : "2024-09-12T09:39:48Z",
    "issued" : "2024-09-12T09:39:48Z",
    "validFrom" : "2024-09-12T09:39:48Z",
    "proof" : {
      "type" : "JsonWebSignature2020",
      "creator" : "did:key:z6MkszLpPBCodb6n6X1iWj2tmRobTJMpz6pbszMAszCdN3EW",
      "created" : "2024-09-12T09:39:48Z",
      "verificationMethod" : "did:key:z6MkszLpPBCodb6n6X1iWj2tmRobTJMpz6pbszMAszCdN3EW#z6MkszLpPBCodb6n6X1iWj2tmRobTJMpz6pbszMAszCdN3EW",
      "jws" : "eyJiNjQiOmZhbHNlLCJjcml0IjpbImI2NCJdLCJhbGciOiJFZERTQSJ9..SgNrbML9wGZsBY2U4nu_wXfWWJJDKg8WXxqxercdNmHFXlmjbCotQGfSrZsOmrM40RU5gro1duf8XCqxcFABAw"
    },
    "credentialSchema" : {
      "id" : "https://raw.githubusercontent.com/walt-id/waltid-ssikit-vclib/master/src/test/resources/schemas/VerifiableId.json",
      "type" : "FullJsonSchemaValidator2021"
    },
    "credentialSubject" : {
      "id" : "did:key:z6MknU72MoP3FRped7JF53gnYvqFaj8Ni6YZdqXqPXjo53gq",
      "currentAddress" : [ "1 Boulevard de la Liberté, 59800 Lille" ],
      "dateOfBirth" : "1993-04-08",
      "familyName" : "DOE",
      "firstName" : "Jane",
      "gender" : "FEMALE",
      "nameAndFamilyNameAtBirth" : "Jane DOE",
      "personalIdentifier" : "0904008084H",
      "placeOfBirth" : "LILLE, FRANCE"
    },
    "evidence" : [ {
      "documentPresence" : [ "Physical" ],
      "evidenceDocument" : [ "Passport" ],
      "subjectPresence" : "Physical",
      "type" : [ "DocumentVerification" ],
      "verifier" : "did:ebsi:2A9BZ9SUe6BatacSpvs1V5CdjHvLpQ7bEsi2Jb6LdHKnQxaN"
    } ]
  } ],
  "proof" : {
    "type" : "JsonWebSignature2020",
    "creator" : "did:key:z6MknU72MoP3FRped7JF53gnYvqFaj8Ni6YZdqXqPXjo53gq",
    "created" : "2024-09-12T09:39:48Z",
    "proofPurpose" : "authentication",
    "verificationMethod" : "did:key:z6MknU72MoP3FRped7JF53gnYvqFaj8Ni6YZdqXqPXjo53gq#z6MknU72MoP3FRped7JF53gnYvqFaj8Ni6YZdqXqPXjo53gq",
    "jws" : "eyJiNjQiOmZhbHNlLCJjcml0IjpbImI2NCJdLCJhbGciOiJFZERTQSJ9..dUQUPMDDlV_mAjITBiAu1kTGuUvMaYD01LwCa2ZSBE-r0tVplD2h_JO9OTXRdjE-WjN3zs9J_XtYq1K4xFKkAQ"
  }
}
12957 [pool-1-thread-1 @coroutine#874] DEBUG id.walt.services.oidc.OIDC4VPService - Sending SIOP response to http://localhost:9000/present
 vp_token=%7B%22type%22%3A%5B%22VerifiablePresentation%22%5D%2C%22%40context%22%3A%5B%22https%3A%2F%2Fwww.w3.org%2F2018%2Fcredentials%2Fv1%22%2C%22https%3A%2F%2Fw3id.org%2Fsecurity%2Fsuites%2Fjws-2020%2Fv1%22%5D%2C%22id%22%3A%22urn%3Auuid%3Ab4cc6853-f018-49cd-ab0a-778d9c3f9311%22%2C%22proof%22%3A%7B%22type%22%3A%22JsonWebSignature2020%22%2C%22creator%22%3A%22did%3Akey%3Az6MknU72MoP3FRped7JF53gnYvqFaj8Ni6YZdqXqPXjo53gq%22%2C%22created%22%3A%222024-09-12T09%3A39%3A48Z%22%2C%22proofPurpose%22%3A%22authentication%22%2C%22verificationMethod%22%3A%22did%3Akey%3Az6MknU72MoP3FRped7JF53gnYvqFaj8Ni6YZdqXqPXjo53gq%23z6MknU72MoP3FRped7JF53gnYvqFaj8Ni6YZdqXqPXjo53gq%22%2C%22jws%22%3A%22eyJiNjQiOmZhbHNlLCJjcml0IjpbImI2NCJdLCJhbGciOiJFZERTQSJ9..dUQUPMDDlV_mAjITBiAu1kTGuUvMaYD01LwCa2ZSBE-r0tVplD2h_JO9OTXRdjE-WjN3zs9J_XtYq1K4xFKkAQ%22%7D%2C%22holder%22%3A%22did%3Akey%3Az6MknU72MoP3FRped7JF53gnYvqFaj8Ni6YZdqXqPXjo53gq%22%2C%22verifiableCredential%22%3A%5B%7B%22type%22%3A%5B%22VerifiableCredential%22%2C%22VerifiableAttestation%22%2C%22VerifiableId%22%5D%2C%22%40context%22%3A%5B%22https%3A%2F%2Fwww.w3.org%2F2018%2Fcredentials%2Fv1%22%2C%22https%3A%2F%2Fw3id.org%2Fsecurity%2Fsuites%2Fjws-2020%2Fv1%22%5D%2C%22id%22%3A%22urn%3Auuid%3Afa1df50c-b5b0-49f1-b526-cff1097769c3%22%2C%22issuer%22%3A%22did%3Akey%3Az6MkszLpPBCodb6n6X1iWj2tmRobTJMpz6pbszMAszCdN3EW%22%2C%22issuanceDate%22%3A%222024-09-12T09%3A39%3A48Z%22%2C%22issued%22%3A%222024-09-12T09%3A39%3A48Z%22%2C%22validFrom%22%3A%222024-09-12T09%3A39%3A48Z%22%2C%22proof%22%3A%7B%22type%22%3A%22JsonWebSignature2020%22%2C%22creator%22%3A%22did%3Akey%3Az6MkszLpPBCodb6n6X1iWj2tmRobTJMpz6pbszMAszCdN3EW%22%2C%22created%22%3A%222024-09-12T09%3A39%3A48Z%22%2C%22verificationMethod%22%3A%22did%3Akey%3Az6MkszLpPBCodb6n6X1iWj2tmRobTJMpz6pbszMAszCdN3EW%23z6MkszLpPBCodb6n6X1iWj2tmRobTJMpz6pbszMAszCdN3EW%22%2C%22jws%22%3A%22eyJiNjQiOmZhbHNlLCJjcml0IjpbImI2NCJdLCJhbGciOiJFZERTQSJ9..SgNrbML9wGZsBY2U4nu_wXfWWJJDKg8WXxqxercdNmHFXlmjbCotQGfSrZsOmrM40RU5gro1duf8XCqxcFABAw%22%7D%2C%22credentialSchema%22%3A%7B%22id%22%3A%22https%3A%2F%2Fraw.githubusercontent.com%2Fwalt-id%2Fwaltid-ssikit-vclib%2Fmaster%2Fsrc%2Ftest%2Fresources%2Fschemas%2FVerifiableId.json%22%2C%22type%22%3A%22FullJsonSchemaValidator2021%22%7D%2C%22credentialSubject%22%3A%7B%22id%22%3A%22did%3Akey%3Az6MknU72MoP3FRped7JF53gnYvqFaj8Ni6YZdqXqPXjo53gq%22%2C%22currentAddress%22%3A%5B%221+Boulevard+de+la+Libert%C3%A9%2C+59800+Lille%22%5D%2C%22dateOfBirth%22%3A%221993-04-08%22%2C%22familyName%22%3A%22DOE%22%2C%22firstName%22%3A%22Jane%22%2C%22gender%22%3A%22FEMALE%22%2C%22nameAndFamilyNameAtBirth%22%3A%22Jane+DOE%22%2C%22personalIdentifier%22%3A%220904008084H%22%2C%22placeOfBirth%22%3A%22LILLE%2C+FRANCE%22%7D%2C%22evidence%22%3A%5B%7B%22documentPresence%22%3A%5B%22Physical%22%5D%2C%22evidenceDocument%22%3A%5B%22Passport%22%5D%2C%22subjectPresence%22%3A%22Physical%22%2C%22type%22%3A%5B%22DocumentVerification%22%5D%2C%22verifier%22%3A%22did%3Aebsi%3A2A9BZ9SUe6BatacSpvs1V5CdjHvLpQ7bEsi2Jb6LdHKnQxaN%22%7D%5D%7D%5D%7D&presentation_submission=%7B%22definition_id%22+%3A+%221%22%2C+%22descriptor_map%22+%3A+%5B%7B%22format%22+%3A+%22ldp_vp%22%2C+%22id%22+%3A+%220%22%2C+%22path%22+%3A+%22%24%22%2C+%22path_nested%22+%3A+%7B%22format%22+%3A+%22ldp_vc%22%2C+%22id%22+%3A+%220%22%2C+%22path%22+%3A+%22%24.verifiableCredential%5B0%5D%22%7D%7D%5D%2C+%22id%22+%3A+%221%22%7D&state=ft59rydJcPOO_210ErGXe2Xmm-Ktul0hVRUqwF8nX-o
12960 [JettyServerThreadPool-276] DEBUG id.walt.auditor.Auditor - Verifying vc with SignaturePolicy ...
12960 [JettyServerThreadPool-276] DEBUG id.walt.auditor.policies.SignaturePolicy - is jwt: false
12960 [JettyServerThreadPool-276] DEBUG id.walt.model.DidUrl - Trying to create DidUrl from URL: "did:key:z6MknU72MoP3FRped7JF53gnYvqFaj8Ni6YZdqXqPXjo53gq#z6MknU72MoP3FRped7JF53gnYvqFaj8Ni6YZdqXqPXjo53gq"...
12962 [JettyServerThreadPool-276] DEBUG id.walt.model.DidUrl - Trying to create DidUrl from URL: "did:key:z6MknU72MoP3FRped7JF53gnYvqFaj8Ni6YZdqXqPXjo53gq"...
12962 [JettyServerThreadPool-276] DEBUG id.walt.model.DidUrl - Trying to create DidUrl from URL: "did:key:z6MknU72MoP3FRped7JF53gnYvqFaj8Ni6YZdqXqPXjo53gq"...
12962 [JettyServerThreadPool-276] DEBUG id.walt.services.did.DidService - DID imported: did:key:z6MknU72MoP3FRped7JF53gnYvqFaj8Ni6YZdqXqPXjo53gq#z6MknU72MoP3FRped7JF53gnYvqFaj8Ni6YZdqXqPXjo53gq
12962 [JettyServerThreadPool-276] DEBUG id.walt.services.did.DidService - Loading or resolving "did:key:z6MknU72MoP3FRped7JF53gnYvqFaj8Ni6YZdqXqPXjo53gq#z6MknU72MoP3FRped7JF53gnYvqFaj8Ni6YZdqXqPXjo53gq"...
12962 [JettyServerThreadPool-276] DEBUG id.walt.model.DidUrl - Trying to create DidUrl from URL: "did:key:z6MknU72MoP3FRped7JF53gnYvqFaj8Ni6YZdqXqPXjo53gq#z6MknU72MoP3FRped7JF53gnYvqFaj8Ni6YZdqXqPXjo53gq"...
12963 [JettyServerThreadPool-276] DEBUG id.walt.services.did.DidService - loadOrResolve: url=DidUrl(method=key, identifier=z6MknU72MoP3FRped7JF53gnYvqFaj8Ni6YZdqXqPXjo53gq, fragment=z6MknU72MoP3FRped7JF53gnYvqFaj8Ni6YZdqXqPXjo53gq, query=null), length of stored=null
12963 [JettyServerThreadPool-276] DEBUG id.walt.model.DidUrl - Trying to create DidUrl from URL: "did:key:z6MknU72MoP3FRped7JF53gnYvqFaj8Ni6YZdqXqPXjo53gq#z6MknU72MoP3FRped7JF53gnYvqFaj8Ni6YZdqXqPXjo53gq"...
12964 [JettyServerThreadPool-276] DEBUG id.walt.model.DidUrl - Trying to create DidUrl from URL: "did:key:z6MknU72MoP3FRped7JF53gnYvqFaj8Ni6YZdqXqPXjo53gq"...
12964 [JettyServerThreadPool-276] DEBUG id.walt.model.DidUrl - Trying to create DidUrl from URL: "did:key:z6MknU72MoP3FRped7JF53gnYvqFaj8Ni6YZdqXqPXjo53gq"...
12965 [JettyServerThreadPool-276] DEBUG id.walt.services.did.DidService - Key imported for: did:key:z6MknU72MoP3FRped7JF53gnYvqFaj8Ni6YZdqXqPXjo53gq#z6MknU72MoP3FRped7JF53gnYvqFaj8Ni6YZdqXqPXjo53gq
12965 [JettyServerThreadPool-276] DEBUG id.walt.services.did.DidService - Loading or resolving "did:key:z6MknU72MoP3FRped7JF53gnYvqFaj8Ni6YZdqXqPXjo53gq"...
12965 [JettyServerThreadPool-276] DEBUG id.walt.model.DidUrl - Trying to create DidUrl from URL: "did:key:z6MknU72MoP3FRped7JF53gnYvqFaj8Ni6YZdqXqPXjo53gq"...
12965 [JettyServerThreadPool-276] DEBUG id.walt.services.did.DidService - loadOrResolve: url=DidUrl(method=key, identifier=z6MknU72MoP3FRped7JF53gnYvqFaj8Ni6YZdqXqPXjo53gq, fragment=z6MknU72MoP3FRped7JF53gnYvqFaj8Ni6YZdqXqPXjo53gq, query=null), length of stored=1639
12965 [JettyServerThreadPool-276] DEBUG id.walt.model.DidUrl - Trying to create DidUrl from URL: "did:key:z6MknU72MoP3FRped7JF53gnYvqFaj8Ni6YZdqXqPXjo53gq"...
12967 [JettyServerThreadPool-276] DEBUG id.walt.services.vc.WaltIdJsonLdCredentialService - Loading verification key for:  did:key:z6MknU72MoP3FRped7JF53gnYvqFaj8Ni6YZdqXqPXjo53gq#z6MknU72MoP3FRped7JF53gnYvqFaj8Ni6YZdqXqPXjo53gq
12967 [JettyServerThreadPool-276] DEBUG id.walt.services.vc.WaltIdJsonLdCredentialService - Document loader config: isEnableHttp (true), isEnableHttps (true), isEnableFile (true), isEnableLocalCache (true)
12967 [JettyServerThreadPool-276] DEBUG id.walt.services.vc.WaltIdJsonLdCredentialService - Decoded Json LD object: {"type":["VerifiablePresentation"],"@context":["https://www.w3.org/2018/credentials/v1","https://w3id.org/security/suites/jws-2020/v1"],"id":"urn:uuid:b4cc6853-f018-49cd-ab0a-778d9c3f9311","proof":{"type":"JsonWebSignature2020","creator":"did:key:z6MknU72MoP3FRped7JF53gnYvqFaj8Ni6YZdqXqPXjo53gq","created":"2024-09-12T09:39:48Z","proofPurpose":"authentication","verificationMethod":"did:key:z6MknU72MoP3FRped7JF53gnYvqFaj8Ni6YZdqXqPXjo53gq#z6MknU72MoP3FRped7JF53gnYvqFaj8Ni6YZdqXqPXjo53gq","jws":"eyJiNjQiOmZhbHNlLCJjcml0IjpbImI2NCJdLCJhbGciOiJFZERTQSJ9..dUQUPMDDlV_mAjITBiAu1kTGuUvMaYD01LwCa2ZSBE-r0tVplD2h_JO9OTXRdjE-WjN3zs9J_XtYq1K4xFKkAQ"},"holder":"did:key:z6MknU72MoP3FRped7JF53gnYvqFaj8Ni6YZdqXqPXjo53gq","verifiableCredential":[{"type":["VerifiableCredential","VerifiableAttestation","VerifiableId"],"@context":["https://www.w3.org/2018/credentials/v1","https://w3id.org/security/suites/jws-2020/v1"],"id":"urn:uuid:fa1df50c-b5b0-49f1-b526-cff1097769c3","issuer":"did:key:z6MkszLpPBCodb6n6X1iWj2tmRobTJMpz6pbszMAszCdN3EW","issuanceDate":"2024-09-12T09:39:48Z","issued":"2024-09-12T09:39:48Z","validFrom":"2024-09-12T09:39:48Z","proof":{"type":"JsonWebSignature2020","creator":"did:key:z6MkszLpPBCodb6n6X1iWj2tmRobTJMpz6pbszMAszCdN3EW","created":"2024-09-12T09:39:48Z","verificationMethod":"did:key:z6MkszLpPBCodb6n6X1iWj2tmRobTJMpz6pbszMAszCdN3EW#z6MkszLpPBCodb6n6X1iWj2tmRobTJMpz6pbszMAszCdN3EW","jws":"eyJiNjQiOmZhbHNlLCJjcml0IjpbImI2NCJdLCJhbGciOiJFZERTQSJ9..SgNrbML9wGZsBY2U4nu_wXfWWJJDKg8WXxqxercdNmHFXlmjbCotQGfSrZsOmrM40RU5gro1duf8XCqxcFABAw"},"credentialSchema":{"id":"https://raw.githubusercontent.com/walt-id/waltid-ssikit-vclib/master/src/test/resources/schemas/VerifiableId.json","type":"FullJsonSchemaValidator2021"},"credentialSubject":{"id":"did:key:z6MknU72MoP3FRped7JF53gnYvqFaj8Ni6YZdqXqPXjo53gq","currentAddress":["1 Boulevard de la Liberté, 59800 Lille"],"dateOfBirth":"1993-04-08","familyName":"DOE","firstName":"Jane","gender":"FEMALE","nameAndFamilyNameAtBirth":"Jane DOE","personalIdentifier":"0904008084H","placeOfBirth":"LILLE, FRANCE"},"evidence":[{"documentPresence":["Physical"],"evidenceDocument":["Passport"],"subjectPresence":"Physical","type":["DocumentVerification"],"verifier":"did:ebsi:2A9BZ9SUe6BatacSpvs1V5CdjHvLpQ7bEsi2Jb6LdHKnQxaN"}]}]}
12967 [JettyServerThreadPool-276] DEBUG id.walt.services.storeUmu.defaultSoreServiceUmu - Loading key "z6MknU72MoP3FRped7JF53gnYvqFaj8Ni6YZdqXqPXjo53gq"...
12967 [JettyServerThreadPool-276] DEBUG id.walt.auditor.VerificationPolicy - VerificationPolicy failed: Could not load key: z6MknU72MoP3FRped7JF53gnYvqFaj8Ni6YZdqXqPXjo53gq
12967 [JettyServerThreadPool-276] DEBUG id.walt.auditor.VerificationPolicy - VC [VerifiablePresentation] passes policy SignaturePolicy: failed: #1: IllegalArgumentException - Could not load key: z6MknU72MoP3FRped7JF53gnYvqFaj8Ni6YZdqXqPXjo53gq
12967 [JettyServerThreadPool-276] ERROR id.walt.auditor.Auditor - SignaturePolicy: java.lang.IllegalArgumentException: Could not load key: z6MknU72MoP3FRped7JF53gnYvqFaj8Ni6YZdqXqPXjo53gq
12967 [JettyServerThreadPool-276] DEBUG id.walt.auditor.VerificationPolicy - VerificationPolicy failed: Could not load key: z6MknU72MoP3FRped7JF53gnYvqFaj8Ni6YZdqXqPXjo53gq
12968 [JettyServerThreadPool-276] ERROR io.javalin.Javalin - Exception occurred while servicing http-request
java.util.concurrent.CompletionException: io.kotest.assertions.AssertionFailedError: expected:<true> but was:<false>
	at java.base/java.util.concurrent.CompletableFuture.encodeThrowable(CompletableFuture.java:315)
	at java.base/java.util.concurrent.CompletableFuture.uniComposeStage(CompletableFuture.java:1194)
	at java.base/java.util.concurrent.CompletableFuture.thenCompose(CompletableFuture.java:2309)
	at io.javalin.http.JavalinServletHandler.queueNextTaskOrFinish$javalin(JavalinServletHandler.kt:85)
	at io.javalin.http.JavalinServlet.service(JavalinServlet.kt:89)
	at javax.servlet.http.HttpServlet.service(HttpServlet.java:790)
	at io.javalin.jetty.JavalinJettyServlet.service(JavalinJettyServlet.kt:58)
	at javax.servlet.http.HttpServlet.service(HttpServlet.java:790)
	at org.eclipse.jetty.servlet.ServletHolder.handle(ServletHolder.java:799)
	at org.eclipse.jetty.servlet.ServletHandler.doHandle(ServletHandler.java:554)
	at org.eclipse.jetty.server.handler.ScopedHandler.nextHandle(ScopedHandler.java:233)
	at org.eclipse.jetty.server.session.SessionHandler.doHandle(SessionHandler.java:1624)
	at org.eclipse.jetty.server.handler.ScopedHandler.nextHandle(ScopedHandler.java:233)
	at io.javalin.jetty.JettyServer$start$wsAndHttpHandler$1.doHandle(JettyServer.kt:52)
	at org.eclipse.jetty.server.handler.ScopedHandler.nextScope(ScopedHandler.java:188)
	at org.eclipse.jetty.servlet.ServletHandler.doScope(ServletHandler.java:505)
	at org.eclipse.jetty.server.session.SessionHandler.doScope(SessionHandler.java:1594)
	at org.eclipse.jetty.server.handler.ScopedHandler.nextScope(ScopedHandler.java:186)
	at org.eclipse.jetty.server.handler.ContextHandler.doScope(ContextHandler.java:1355)
	at org.eclipse.jetty.server.handler.ScopedHandler.handle(ScopedHandler.java:141)
	at org.eclipse.jetty.server.handler.StatisticsHandler.handle(StatisticsHandler.java:181)
	at org.eclipse.jetty.server.handler.HandlerWrapper.handle(HandlerWrapper.java:127)
	at org.eclipse.jetty.server.Server.handle(Server.java:516)
	at org.eclipse.jetty.server.HttpChannel.lambda$handle$1(HttpChannel.java:487)
	at org.eclipse.jetty.server.HttpChannel.dispatch(HttpChannel.java:732)
	at org.eclipse.jetty.server.HttpChannel.handle(HttpChannel.java:479)
	at org.eclipse.jetty.server.HttpConnection.onFillable(HttpConnection.java:277)
	at org.eclipse.jetty.io.AbstractConnection$ReadCallback.succeeded(AbstractConnection.java:311)
	at org.eclipse.jetty.io.FillInterest.fillable(FillInterest.java:105)
	at org.eclipse.jetty.io.ChannelEndPoint$1.run(ChannelEndPoint.java:104)
	at org.eclipse.jetty.util.thread.strategy.EatWhatYouKill.runTask(EatWhatYouKill.java:338)
	at org.eclipse.jetty.util.thread.strategy.EatWhatYouKill.doProduce(EatWhatYouKill.java:315)
	at org.eclipse.jetty.util.thread.strategy.EatWhatYouKill.tryProduce(EatWhatYouKill.java:173)
	at org.eclipse.jetty.util.thread.strategy.EatWhatYouKill.run(EatWhatYouKill.java:131)
	at org.eclipse.jetty.util.thread.ReservedThreadExecutor$ReservedThread.run(ReservedThreadExecutor.java:409)
	at org.eclipse.jetty.util.thread.QueuedThreadPool.runJob(QueuedThreadPool.java:883)
	at org.eclipse.jetty.util.thread.QueuedThreadPool$Runner.run(QueuedThreadPool.java:1034)
	at java.base/java.lang.Thread.run(Thread.java:833)
Caused by: io.kotest.assertions.AssertionFailedError: expected:<true> but was:<false>
	at id.walt.services.oidc.OIDCTestProvider.testPresent(OIDCTestProvider.kt:142)
	at io.javalin.core.security.SecurityUtil.noopAccessManager(SecurityUtil.kt:20)
	at io.javalin.http.JavalinServlet.addHandler$lambda-0(JavalinServlet.kt:96)
	at io.javalin.http.JavalinServlet$lifecycle$2$1$1.invoke(JavalinServlet.kt:43)
	at io.javalin.http.JavalinServlet$lifecycle$2$1$1.invoke(JavalinServlet.kt:43)
	at io.javalin.http.JavalinServletHandler.executeNextTask(JavalinServletHandler.kt:99)
	at io.javalin.http.JavalinServletHandler.queueNextTaskOrFinish$lambda-1(JavalinServletHandler.kt:85)
	at java.base/java.util.concurrent.CompletableFuture.uniComposeStage(CompletableFuture.java:1187)
	... 36 more
12968 [pool-1-thread-1 @coroutine#874] DEBUG id.walt.services.oidc.OIDC4VPService - SIOP RESPONSE SENT: received 500
12968 [pool-1-thread-1 @coroutine#874] ERROR id.walt.services.oidc.OIDC4VPService - Got error response from SIOP endpoint: 500: null
]]></system-err>
</testsuite>
