<?xml version="1.0" encoding="UTF-8"?>
<testsuite name="id.walt.signatory.revocation.StatusList2021ServiceTest" tests="3" skipped="0" failures="0" errors="0" timestamp="2024-09-12T09:39:50" hostname="pablito-B550-AORUS-ELITE-V2" time="0.565">
  <properties/>
  <testcase name="test result" classname="id.walt.signatory.revocation.StatusList2021ServiceTest" time="0.243"/>
  <testcase name="test throwing" classname="id.walt.signatory.revocation.StatusList2021ServiceTest" time="0.225"/>
  <testcase name="given issuer, when issuing a credential with status then the status-list credential has the issuer's did" classname="id.walt.signatory.revocation.StatusList2021ServiceTest" time="0.095"/>
  <system-out><![CDATA[]]></system-out>
  <system-err><![CDATA[15131 [Test worker @coroutine#67] DEBUG id.walt.services.keystore.SqlKeyStoreService - Saving key "Key[0e2ab01482ba44aa8be319efad93adca; Algo: EdDSA_Ed25519; Provider: SUN]"...
15138 [pool-1-thread-1 @coroutine#1056] DEBUG io.mockk.impl.instantiation.JvmStaticMockFactory - Creating static mockk for CommonUtilsKt
15138 [pool-1-thread-1 @coroutine#1056] DEBUG io.mockk.proxy.jvm.StaticProxyMaker - Transforming class id.walt.common.CommonUtilsKt for static method interception
15205 [pool-1-thread-1 @coroutine#1056] DEBUG io.mockk.impl.recording.states.AnsweringState - Answering {
    "@context": [
        "https://www.w3.org/2018/credentials/v1",
        "https://w3id.org/vc/status-list/2021/v1"
    ],
    "id": "https://example.com/credentials/status/3",
    "type": ["VerifiableCredential", "StatusList2021Credential"],
    "issuer": "did:example:12345",
    "issued": "2021-04-05T14:27:40Z",
    "credentialSubject": {
        "id": "https://example.com/status/3#list",
        "type": "StatusList2021",
        "statusPurpose": "revocation",
        "encodedList": "H4sIAAAAAAAA/zMwNABDAKb12i0IAAAA"
    },
    "proof": { }
}
 on class id.walt.common.CommonUtilsKt.resolveContent(data/revocation/https%3A%2F%2Fexample.com%2Fcredentials%2Fstatus%2F3.cred)
15212 [pool-1-thread-1 @coroutine#1056] DEBUG io.mockk.impl.recording.states.AnsweringState - Answering [1] on class id.walt.common.CommonUtilsKt.uncompressGzip-Zf_Lc9A([31, -117, 8, 0, 0, 0, 0, 0, 0, -1, 51, 48, 52, 0, 67, 0, -90, -11, -38, 45, 8, 0, 0, 0], 3)
15212 [pool-1-thread-1 @coroutine#1056] DEBUG io.mockk.impl.instantiation.JvmStaticMockFactory - Disposing static mockk for class id.walt.common.CommonUtilsKt
15263 [pool-1-thread-1 @coroutine#1056] DEBUG io.mockk.impl.instantiation.JvmStaticMockFactory - Creating static mockk for CommonUtilsKt
15264 [pool-1-thread-1 @coroutine#1056] DEBUG io.mockk.proxy.jvm.StaticProxyMaker - Transforming class id.walt.common.CommonUtilsKt for static method interception
15326 [pool-1-thread-1 @coroutine#1056] DEBUG io.mockk.impl.recording.states.AnsweringState - Answering {
    "@context": [
        "https://www.w3.org/2018/credentials/v1",
        "https://w3id.org/vc/status-list/2021/v1"
    ],
    "id": "https://example.com/credentials/status/3",
    "type": ["VerifiableCredential", "StatusList2021Credential"],
    "issuer": "did:example:12345",
    "issued": "2021-04-05T14:27:40Z",
    "credentialSubject": {
        "id": "https://example.com/status/3#list",
        "type": "StatusList2021",
        "statusPurpose": "revocation",
        "encodedList": "H4sIAAAAAAAA/zMwNABDAKb12i0IAAAA"
    },
    "proof": { }
}
 on class id.walt.common.CommonUtilsKt.resolveContent(data/revocation/https%3A%2F%2Fexample.com%2Fcredentials%2Fstatus%2F3.cred)
15326 [pool-1-thread-1 @coroutine#1056] DEBUG io.mockk.impl.recording.states.AnsweringState - Answering [0] on class id.walt.common.CommonUtilsKt.uncompressGzip-Zf_Lc9A([31, -117, 8, 0, 0, 0, 0, 0, 0, -1, 51, 48, 52, 0, 67, 0, -90, -11, -38, 45, 8, 0, 0, 0], 2)
15326 [pool-1-thread-1 @coroutine#1056] DEBUG io.mockk.impl.instantiation.JvmStaticMockFactory - Disposing static mockk for class id.walt.common.CommonUtilsKt
15381 [pool-1-thread-1 @coroutine#1057] DEBUG io.mockk.impl.instantiation.JvmStaticMockFactory - Creating static mockk for CommonUtilsKt
15381 [pool-1-thread-1 @coroutine#1057] DEBUG io.mockk.proxy.jvm.StaticProxyMaker - Transforming class id.walt.common.CommonUtilsKt for static method interception
15441 [pool-1-thread-1 @coroutine#1057] DEBUG io.mockk.impl.recording.states.AnsweringState - Answering {
    "@context": [
        "https://www.w3.org/2018/credentials/v1",
        "https://w3id.org/vc/status-list/2021/v1"
    ],
    "id": "https://example.com/credentials/status/3",
    "type": ["VerifiableCredential", "StatusList2021Credential"],
    "issuer": "did:example:12345",
    "issued": "2021-04-05T14:27:40Z",
    "credentialSubject": {
        "id": "https://example.com/status/3#list",
        "type": "StatusList2021",
        "statusPurpose": "revocation",
        "encodedList": "H4sIAAAAAAAA/zMwNABDAKb12i0IAAAA"
    },
    "proof": { }
}
 on class id.walt.common.CommonUtilsKt.resolveContent(data/revocation/https%3A%2F%2Fexample.com%2Fcredentials%2Fstatus%2F3.cred)
15442 [pool-1-thread-1 @coroutine#1057] DEBUG io.mockk.impl.instantiation.JvmStaticMockFactory - Disposing static mockk for class id.walt.common.CommonUtilsKt
15495 [pool-1-thread-1 @coroutine#1057] DEBUG io.mockk.impl.instantiation.JvmStaticMockFactory - Creating static mockk for CommonUtilsKt
15495 [pool-1-thread-1 @coroutine#1057] DEBUG io.mockk.proxy.jvm.StaticProxyMaker - Transforming class id.walt.common.CommonUtilsKt for static method interception
15555 [pool-1-thread-1 @coroutine#1057] DEBUG io.mockk.impl.recording.states.AnsweringState - Answering {
    "@context": [
        "https://www.w3.org/2018/credentials/v1",
        "https://w3id.org/vc/status-list/2021/v1"
    ],
    "id": "https://example.com/credentials/status/3",
    "type": ["VerifiableCredential", "StatusList2021Credential"],
    "issuer": "did:example:12345",
    "issued": "2021-04-05T14:27:40Z",
    "credentialSubject": {
        "id": "https://example.com/status/3#list",
        "type": "StatusList2021",
        "statusPurpose": "revocation",
        "encodedList": "H4sIAAAAAAAA/zMwNABDAKb12i0IAAAA"
    },
    "proof": { }
}
 on class id.walt.common.CommonUtilsKt.resolveContent(data/revocation/https%3A%2F%2Fexample.com%2Fcredentials%2Fstatus%2F3.cred)
15555 [pool-1-thread-1 @coroutine#1057] DEBUG io.mockk.impl.instantiation.JvmStaticMockFactory - Disposing static mockk for class id.walt.common.CommonUtilsKt
15605 [pool-2-thread-1 @coroutine#1058] DEBUG id.walt.services.keystore.SqlKeyStoreService - Loading key "0e2ab01482ba44aa8be319efad93adca"...
15606 [pool-2-thread-1 @coroutine#1058] DEBUG id.walt.services.keystore.SqlKeyStoreService - Loading key "0e2ab01482ba44aa8be319efad93adca"...
15606 [pool-2-thread-1 @coroutine#1058] DEBUG id.walt.services.did.composers.DidDocumentComposerBase - Verification method JWK for kid: {"kty":"OKP","use":"sig","crv":"Ed25519","kid":"0e2ab01482ba44aa8be319efad93adca","x":"ZNXZyJsqnpEmSP2MYHrcbGZjh6xATBeRWcmqY8bOHI8","alg":"EdDSA"}
15606 [pool-2-thread-1 @coroutine#1058] DEBUG id.walt.services.did.composers.DidDocumentComposerBase - Verification method public JWK: {"kty":"OKP","use":"sig","crv":"Ed25519","kid":"0e2ab01482ba44aa8be319efad93adca","x":"ZNXZyJsqnpEmSP2MYHrcbGZjh6xATBeRWcmqY8bOHI8","alg":"EdDSA"}
15609 [pool-2-thread-1 @coroutine#1058] DEBUG id.walt.services.did.composers.DidDocumentComposerBase - Verification method parsed public JWK: Jwk(kid=0e2ab01482ba44aa8be319efad93adca, kty=OKP, alg=EdDSA, crv=Ed25519, use=sig, x=ZNXZyJsqnpEmSP2MYHrcbGZjh6xATBeRWcmqY8bOHI8, y=null, d=null, n=null, e=null, x5u=null)
15610 [pool-2-thread-1 @coroutine#1058] DEBUG id.walt.services.keystore.SqlKeyStoreService - Loading key "0e2ab01482ba44aa8be319efad93adca"...
15610 [pool-2-thread-1 @coroutine#1058] DEBUG id.walt.services.did.DidService - A key with the id "0e2ab01482ba44aa8be319efad93adca" exists.
15610 [pool-2-thread-1 @coroutine#1058] DEBUG id.walt.services.keystore.SqlKeyStoreService - Adding alias "did:web:example.com" for keyId "0e2ab01482ba44aa8be319efad93adca"...
15612 [pool-2-thread-1 @coroutine#1058] DEBUG id.walt.services.keystore.SqlKeyStoreService - Adding alias "did:web:example.com#0e2ab01482ba44aa8be319efad93adca" for keyId "0e2ab01482ba44aa8be319efad93adca"...
15614 [pool-2-thread-1 @coroutine#1058] DEBUG id.walt.model.DidUrl - Trying to create DidUrl from URL: "did:web:example.com"...
15614 [pool-2-thread-1 @coroutine#1058] DEBUG id.walt.model.DidUrl - Trying to create DidUrl from URL: "did:web:example.com"...
15615 [pool-2-thread-1 @coroutine#1058] DEBUG id.walt.services.keystore.SqlKeyStoreService - Loading key "0e2ab01482ba44aa8be319efad93adca"...
15615 [pool-2-thread-1 @coroutine#1058] DEBUG id.walt.model.DidUrl - Trying to create DidUrl from URL: "did:key:z6MkmEswpJqVwGALUAgFqYbZqf7yZotsqD581VB6U3c5QWtv"...
15617 [pool-2-thread-1 @coroutine#1058] DEBUG id.walt.services.keystore.SqlKeyStoreService - Loading key "0e2ab01482ba44aa8be319efad93adca"...
15617 [pool-2-thread-1 @coroutine#1058] DEBUG id.walt.services.did.DidService - A key with the id "0e2ab01482ba44aa8be319efad93adca" exists.
15617 [pool-2-thread-1 @coroutine#1058] DEBUG id.walt.services.keystore.SqlKeyStoreService - Adding alias "did:key:z6MkmEswpJqVwGALUAgFqYbZqf7yZotsqD581VB6U3c5QWtv" for keyId "0e2ab01482ba44aa8be319efad93adca"...
15619 [pool-2-thread-1 @coroutine#1058] DEBUG id.walt.services.keystore.SqlKeyStoreService - Adding alias "did:key:z6MkmEswpJqVwGALUAgFqYbZqf7yZotsqD581VB6U3c5QWtv#z6MkmEswpJqVwGALUAgFqYbZqf7yZotsqD581VB6U3c5QWtv" for keyId "0e2ab01482ba44aa8be319efad93adca"...
15621 [pool-2-thread-1 @coroutine#1058] DEBUG id.walt.services.keystore.SqlKeyStoreService - Adding alias "did:key:z6MkmEswpJqVwGALUAgFqYbZqf7yZotsqD581VB6U3c5QWtv#z6LStcyyjwh8L211R7m9qJMK7ueqt7Egpmv7QUX2HmcWCqJP" for keyId "0e2ab01482ba44aa8be319efad93adca"...
15623 [pool-2-thread-1 @coroutine#1058] DEBUG id.walt.model.DidUrl - Trying to create DidUrl from URL: "did:key:z6MkmEswpJqVwGALUAgFqYbZqf7yZotsqD581VB6U3c5QWtv"...
15623 [pool-2-thread-1 @coroutine#1058] DEBUG id.walt.model.DidUrl - Trying to create DidUrl from URL: "did:key:z6MkmEswpJqVwGALUAgFqYbZqf7yZotsqD581VB6U3c5QWtv"...
15623 [pool-2-thread-1 @coroutine#1058] DEBUG id.walt.services.keystore.SqlKeyStoreService - Loading key "0e2ab01482ba44aa8be319efad93adca"...
15624 [pool-2-thread-1 @coroutine#1058] DEBUG id.walt.services.keystore.SqlKeyStoreService - Loading key "0e2ab01482ba44aa8be319efad93adca"...
15624 [pool-2-thread-1 @coroutine#1058] DEBUG id.walt.services.did.composers.DidDocumentComposerBase - Verification method JWK for kid: {"kty":"OKP","use":"sig","crv":"Ed25519","kid":"0e2ab01482ba44aa8be319efad93adca","x":"ZNXZyJsqnpEmSP2MYHrcbGZjh6xATBeRWcmqY8bOHI8","alg":"EdDSA"}
15624 [pool-2-thread-1 @coroutine#1058] DEBUG id.walt.services.did.composers.DidDocumentComposerBase - Verification method public JWK: {"kty":"OKP","use":"sig","crv":"Ed25519","kid":"0e2ab01482ba44aa8be319efad93adca","x":"ZNXZyJsqnpEmSP2MYHrcbGZjh6xATBeRWcmqY8bOHI8","alg":"EdDSA"}
15625 [pool-2-thread-1 @coroutine#1058] DEBUG id.walt.services.did.composers.DidDocumentComposerBase - Verification method parsed public JWK: Jwk(kid=0e2ab01482ba44aa8be319efad93adca, kty=OKP, alg=EdDSA, crv=Ed25519, use=sig, x=ZNXZyJsqnpEmSP2MYHrcbGZjh6xATBeRWcmqY8bOHI8, y=null, d=null, n=null, e=null, x5u=null)
15626 [pool-2-thread-1 @coroutine#1058] DEBUG id.walt.services.keystore.SqlKeyStoreService - Loading key "0e2ab01482ba44aa8be319efad93adca"...
15626 [pool-2-thread-1 @coroutine#1058] DEBUG id.walt.services.did.DidService - A key with the id "0e2ab01482ba44aa8be319efad93adca" exists.
15626 [pool-2-thread-1 @coroutine#1058] DEBUG id.walt.services.keystore.SqlKeyStoreService - Adding alias "did:ebsi:zZA5QSZ99CRSU3t9p72GBez" for keyId "0e2ab01482ba44aa8be319efad93adca"...
15628 [pool-2-thread-1 @coroutine#1058] DEBUG id.walt.services.keystore.SqlKeyStoreService - Adding alias "did:ebsi:zZA5QSZ99CRSU3t9p72GBez#0e2ab01482ba44aa8be319efad93adca" for keyId "0e2ab01482ba44aa8be319efad93adca"...
15630 [pool-2-thread-1 @coroutine#1058] DEBUG id.walt.model.DidUrl - Trying to create DidUrl from URL: "did:ebsi:zZA5QSZ99CRSU3t9p72GBez"...
15630 [pool-2-thread-1 @coroutine#1058] DEBUG id.walt.model.DidUrl - Trying to create DidUrl from URL: "did:ebsi:zZA5QSZ99CRSU3t9p72GBez"...
15631 [pool-2-thread-1 @coroutine#1058] DEBUG id.walt.services.keystore.SqlKeyStoreService - Loading key "0e2ab01482ba44aa8be319efad93adca"...
15631 [pool-2-thread-1 @coroutine#1058] DEBUG id.walt.services.keystore.SqlKeyStoreService - Loading key "0e2ab01482ba44aa8be319efad93adca"...
15631 [pool-2-thread-1 @coroutine#1058] DEBUG id.walt.model.DidUrl - Trying to create DidUrl from URL: "did:jwk:eyJrdHkiOiJPS1AiLCJ1c2UiOiJzaWciLCJjcnYiOiJFZDI1NTE5Iiwia2lkIjoiMGUyYWIwMTQ4MmJhNDRhYThiZTMxOWVmYWQ5M2FkY2EiLCJ4IjoiWk5YWnlKc3FucEVtU1AyTVlIcmNiR1pqaDZ4QVRCZVJXY21xWThiT0hJOCIsImFsZyI6IkVkRFNBIn0"...
15632 [pool-2-thread-1 @coroutine#1058] DEBUG id.walt.services.keystore.SqlKeyStoreService - Loading key "0e2ab01482ba44aa8be319efad93adca"...
15632 [pool-2-thread-1 @coroutine#1058] DEBUG id.walt.services.did.DidService - A key with the id "0e2ab01482ba44aa8be319efad93adca" exists.
15632 [pool-2-thread-1 @coroutine#1058] DEBUG id.walt.services.keystore.SqlKeyStoreService - Adding alias "did:jwk:eyJrdHkiOiJPS1AiLCJ1c2UiOiJzaWciLCJjcnYiOiJFZDI1NTE5Iiwia2lkIjoiMGUyYWIwMTQ4MmJhNDRhYThiZTMxOWVmYWQ5M2FkY2EiLCJ4IjoiWk5YWnlKc3FucEVtU1AyTVlIcmNiR1pqaDZ4QVRCZVJXY21xWThiT0hJOCIsImFsZyI6IkVkRFNBIn0" for keyId "0e2ab01482ba44aa8be319efad93adca"...
15634 [pool-2-thread-1 @coroutine#1058] DEBUG id.walt.services.keystore.SqlKeyStoreService - Adding alias "did:jwk:eyJrdHkiOiJPS1AiLCJ1c2UiOiJzaWciLCJjcnYiOiJFZDI1NTE5Iiwia2lkIjoiMGUyYWIwMTQ4MmJhNDRhYThiZTMxOWVmYWQ5M2FkY2EiLCJ4IjoiWk5YWnlKc3FucEVtU1AyTVlIcmNiR1pqaDZ4QVRCZVJXY21xWThiT0hJOCIsImFsZyI6IkVkRFNBIn0#0" for keyId "0e2ab01482ba44aa8be319efad93adca"...
15641 [pool-2-thread-1 @coroutine#1058] DEBUG id.walt.model.DidUrl - Trying to create DidUrl from URL: "did:jwk:eyJrdHkiOiJPS1AiLCJ1c2UiOiJzaWciLCJjcnYiOiJFZDI1NTE5Iiwia2lkIjoiMGUyYWIwMTQ4MmJhNDRhYThiZTMxOWVmYWQ5M2FkY2EiLCJ4IjoiWk5YWnlKc3FucEVtU1AyTVlIcmNiR1pqaDZ4QVRCZVJXY21xWThiT0hJOCIsImFsZyI6IkVkRFNBIn0"...
15641 [pool-2-thread-1 @coroutine#1058] DEBUG id.walt.model.DidUrl - Trying to create DidUrl from URL: "did:jwk:eyJrdHkiOiJPS1AiLCJ1c2UiOiJzaWciLCJjcnYiOiJFZDI1NTE5Iiwia2lkIjoiMGUyYWIwMTQ4MmJhNDRhYThiZTMxOWVmYWQ5M2FkY2EiLCJ4IjoiWk5YWnlKc3FucEVtU1AyTVlIcmNiR1pqaDZ4QVRCZVJXY21xWThiT0hJOCIsImFsZyI6IkVkRFNBIn0"...
15641 [pool-2-thread-1 @coroutine#1058] DEBUG id.walt.services.hkvstore.FileSystemHKVStore - Mapping "did%3Ajwk%3AeyJrdHkiOiJPS1AiLCJ1c2UiOiJzaWciLCJjcnYiOiJFZDI1NTE5Iiwia2lkIjoiMGUyYWIwMTQ4MmJhNDRhYThiZTMxOWVmYWQ5M2FkY2EiLCJ4IjoiWk5YWnlKc3FucEVtU1AyTVlIcmNiR1pqaDZ4QVRCZVJXY21xWThiT0hJOCIsImFsZyI6IkVkRFNBIn0" to "3ZWBXDLAD7X6DIEY3GBMV7AYRJCZWT37RHEPTNLTZ67SJFL2YRYTLLEKCXEW23UWBEACYT6TKEEC2VPOLAL5BBVENJ3BUSWOQ2XEXYY"
15646 [pool-2-thread-1 @coroutine#1058] DEBUG id.walt.services.hkvstore.FileSystemHKVStore - File mapping is hashed: Path was "/home/pablito/Desktop/git/waltid-tango/app/./data/did/created/did%3Ajwk%3AeyJrdHkiOiJPS1AiLCJ1c2UiOiJzaWciLCJjcnYiOiJFZDI1NTE5Iiwia2lkIjoiMGUyYWIwMTQ4MmJhNDRhYThiZTMxOWVmYWQ5M2FkY2EiLCJ4IjoiWk5YWnlKc3FucEVtU1AyTVlIcmNiR1pqaDZ4QVRCZVJXY21xWThiT0hJOCIsImFsZyI6IkVkRFNBIn0", new path is ./data/did/created/3ZWBXDLAD7X6DIEY3GBMV7AYRJCZWT37RHEPTNLTZ67SJFL2YRYTLLEKCXEW23UWBEACYT6TKEEC2VPOLAL5BBVENJ3BUSWOQ2XEXYY
15647 [pool-2-thread-1 @coroutine#1058] DEBUG id.walt.model.DidUrl - Trying to create DidUrl from URL: "did:web:example.com"...
15647 [pool-2-thread-1 @coroutine#1058] DEBUG id.walt.model.DidUrl - Trying to create DidUrl from URL: "did:web:example.com"...
15657 [pool-2-thread-1 @coroutine#1058] DEBUG id.walt.model.DidUrl - Trying to create DidUrl from URL: "did:web:example.com"...
15657 [pool-2-thread-1 @coroutine#1058] DEBUG id.walt.model.DidUrl - Trying to create DidUrl from URL: "did:web:example.com"...
15657 [pool-2-thread-1 @coroutine#1058] DEBUG id.walt.signatory.WaltIdSignatory - Signing credential with proof using LD_PROOF...
15657 [pool-2-thread-1 @coroutine#1058] DEBUG id.walt.signatory.WaltIdSignatory - Signing credential with proof using LD_PROOF, credential is: {"type":["VerifiableCredential","StatusList2021Credential"],"@context":["https://www.w3.org/2018/credentials/v1","https://w3id.org/vc/status-list/2021/v1"],"id":"http://localhost:7001/credentials/status/#631159732","issuer":"did:web:example.com","issuanceDate":"2024-09-12T09:39:50Z","issued":"2024-09-12T09:39:50Z","validFrom":"2024-09-12T09:39:50Z","credentialSubject":{"id":"did:web:example.com","type":"StatusList2021Credential","statusPurpose":"revocation","encodedList":"H4sIAAAAAAAA/+3BAQ0AAADCoErvn87NHEABAAAAAAAAAAAAAAAAAAAAAAAAAAAAAAAAAAAAAAAAAAAAAAAAAAAAAAAAAAAAAAAAAAAAAAAAAAAAAAAAAAAAAAAAAAAAAAAAAAAAAAAAAAAAAAAAAAAAAAAAAAAAAAAAAAAAAAAAAAAAAAAAAAAAAAAAAAAAAAAAAAAAAAAA3AD/hHvP//8BAA=="}}
15657 [pool-2-thread-1 @coroutine#1058] DEBUG id.walt.services.vc.WaltIdJsonLdCredentialService - Signing jsonLd object with: issuerDid (did:web:example.com), domain (null), nonce (null
15657 [pool-2-thread-1 @coroutine#1058] DEBUG id.walt.services.keystore.SqlKeyStoreService - Loading key "did:web:example.com#0e2ab01482ba44aa8be319efad93adca"...
15658 [pool-2-thread-1 @coroutine#1058] DEBUG id.walt.services.vc.WaltIdJsonLdCredentialService - Signing: {"type":["VerifiableCredential","StatusList2021Credential"],"@context":["https://www.w3.org/2018/credentials/v1","https://w3id.org/vc/status-list/2021/v1"],"id":"http://localhost:7001/credentials/status/#631159732","issuer":"did:web:example.com","issuanceDate":"2024-09-12T09:39:50Z","issued":"2024-09-12T09:39:50Z","validFrom":"2024-09-12T09:39:50Z","credentialSubject":{"id":"did:web:example.com","type":"StatusList2021Credential","statusPurpose":"revocation","encodedList":"H4sIAAAAAAAA/+3BAQ0AAADCoErvn87NHEABAAAAAAAAAAAAAAAAAAAAAAAAAAAAAAAAAAAAAAAAAAAAAAAAAAAAAAAAAAAAAAAAAAAAAAAAAAAAAAAAAAAAAAAAAAAAAAAAAAAAAAAAAAAAAAAAAAAAAAAAAAAAAAAAAAAAAAAAAAAAAAAAAAAAAAAAAAAAAAAAAAAAAAAA3AD/hHvP//8BAA=="}}
15660 [pool-2-thread-1 @coroutine#1058] DEBUG id.walt.services.keystore.SqlKeyStoreService - Loading key "0e2ab01482ba44aa8be319efad93adca"...
15660 [pool-2-thread-1 @coroutine#1058] DEBUG id.walt.services.keystore.SqlKeyStoreService - Loading key "0e2ab01482ba44aa8be319efad93adca"...
15661 [pool-2-thread-1 @coroutine#1058] DEBUG id.walt.services.keystore.SqlKeyStoreService - Loading key "0e2ab01482ba44aa8be319efad93adca"...
15662 [pool-2-thread-1 @coroutine#1058] DEBUG id.walt.signatory.WaltIdSignatory - Signed VC is: {
  "type" : [ "VerifiableCredential", "StatusList2021Credential" ],
  "@context" : [ "https://www.w3.org/2018/credentials/v1", "https://w3id.org/vc/status-list/2021/v1", "https://w3id.org/security/suites/jws-2020/v1" ],
  "id" : "http://localhost:7001/credentials/status/#631159732",
  "issuer" : "did:web:example.com",
  "issuanceDate" : "2024-09-12T09:39:50Z",
  "issued" : "2024-09-12T09:39:50Z",
  "validFrom" : "2024-09-12T09:39:50Z",
  "credentialSubject" : {
    "id" : "did:web:example.com",
    "type" : "StatusList2021Credential",
    "statusPurpose" : "revocation",
    "encodedList" : "H4sIAAAAAAAA/+3BAQ0AAADCoErvn87NHEABAAAAAAAAAAAAAAAAAAAAAAAAAAAAAAAAAAAAAAAAAAAAAAAAAAAAAAAAAAAAAAAAAAAAAAAAAAAAAAAAAAAAAAAAAAAAAAAAAAAAAAAAAAAAAAAAAAAAAAAAAAAAAAAAAAAAAAAAAAAAAAAAAAAAAAAAAAAAAAAAAAAAAAAA3AD/hHvP//8BAA=="
  },
  "proof" : {
    "type" : "JsonWebSignature2020",
    "creator" : "did:web:example.com",
    "created" : "2024-09-12T09:39:50Z",
    "verificationMethod" : "did:web:example.com#0e2ab01482ba44aa8be319efad93adca",
    "jws" : "eyJiNjQiOmZhbHNlLCJjcml0IjpbImI2NCJdLCJhbGciOiJFZERTQSJ9..LdOLdLcXxVOGDq7dVmy8TVFx5S3J8gm6w4gcfF-GYb07iWRnxcB1iMDfFbRFrdB3HUwT8BGlbx93O9XxXzeEAg"
  }
}
15662 [pool-2-thread-1 @coroutine#1058] DEBUG id.walt.signatory.WaltIdSignatory - Signing credential with proof using LD_PROOF...
15662 [pool-2-thread-1 @coroutine#1058] DEBUG id.walt.signatory.WaltIdSignatory - Signing credential with proof using LD_PROOF, credential is: {"type":["VerifiableCredential","VerifiableAttestation","VerifiableId"],"@context":["https://www.w3.org/2018/credentials/v1"],"id":"urn:uuid:f06fcb5c-5f59-44da-a796-4c4b30e8d048","issuer":"did:web:example.com","issuanceDate":"2024-09-12T09:39:50Z","issued":"2024-09-12T09:39:50Z","validFrom":"2024-09-12T09:39:50Z","credentialSchema":{"id":"https://raw.githubusercontent.com/walt-id/waltid-ssikit-vclib/master/src/test/resources/schemas/VerifiableId.json","type":"FullJsonSchemaValidator2021"},"credentialSubject":{"id":"did:web:example.com","currentAddress":["1 Boulevard de la Liberté, 59800 Lille"],"dateOfBirth":"1993-04-08","familyName":"DOE","firstName":"Jane","gender":"FEMALE","nameAndFamilyNameAtBirth":"Jane DOE","personalIdentifier":"0904008084H","placeOfBirth":"LILLE, FRANCE"},"evidence":[{"documentPresence":["Physical"],"evidenceDocument":["Passport"],"subjectPresence":"Physical","type":["DocumentVerification"],"verifier":"did:ebsi:2A9BZ9SUe6BatacSpvs1V5CdjHvLpQ7bEsi2Jb6LdHKnQxaN"}],"credentialStatus":{"id":"http://localhost:7001/credentials/status/#631159732#0","statusListCredential":"http://localhost:7001/credentials/status/#631159732","statusListIndex":"0","statusPurpose":"revocation","type":"StatusList2021Entry"}}
15662 [pool-2-thread-1 @coroutine#1058] DEBUG id.walt.services.vc.WaltIdJsonLdCredentialService - Signing jsonLd object with: issuerDid (did:web:example.com), domain (null), nonce (null
15663 [pool-2-thread-1 @coroutine#1058] DEBUG id.walt.services.keystore.SqlKeyStoreService - Loading key "did:web:example.com#0e2ab01482ba44aa8be319efad93adca"...
15663 [pool-2-thread-1 @coroutine#1058] DEBUG id.walt.services.vc.WaltIdJsonLdCredentialService - Signing: {"type":["VerifiableCredential","VerifiableAttestation","VerifiableId"],"@context":["https://www.w3.org/2018/credentials/v1"],"id":"urn:uuid:f06fcb5c-5f59-44da-a796-4c4b30e8d048","issuer":"did:web:example.com","issuanceDate":"2024-09-12T09:39:50Z","issued":"2024-09-12T09:39:50Z","validFrom":"2024-09-12T09:39:50Z","credentialSchema":{"id":"https://raw.githubusercontent.com/walt-id/waltid-ssikit-vclib/master/src/test/resources/schemas/VerifiableId.json","type":"FullJsonSchemaValidator2021"},"credentialSubject":{"id":"did:web:example.com","currentAddress":["1 Boulevard de la Liberté, 59800 Lille"],"dateOfBirth":"1993-04-08","familyName":"DOE","firstName":"Jane","gender":"FEMALE","nameAndFamilyNameAtBirth":"Jane DOE","personalIdentifier":"0904008084H","placeOfBirth":"LILLE, FRANCE"},"evidence":[{"documentPresence":["Physical"],"evidenceDocument":["Passport"],"subjectPresence":"Physical","type":["DocumentVerification"],"verifier":"did:ebsi:2A9BZ9SUe6BatacSpvs1V5CdjHvLpQ7bEsi2Jb6LdHKnQxaN"}],"credentialStatus":{"id":"http://localhost:7001/credentials/status/#631159732#0","statusListCredential":"http://localhost:7001/credentials/status/#631159732","statusListIndex":"0","statusPurpose":"revocation","type":"StatusList2021Entry"}}
Sep 12, 2024 11:39:50 AM com.apicatalog.jsonld.deseralization.JsonLdToRdf build
WARNING: Non well-formed subject [http://localhost:7001/credentials/status/#631159732#0] has been skipped.
15665 [pool-2-thread-1 @coroutine#1058] DEBUG id.walt.services.keystore.SqlKeyStoreService - Loading key "0e2ab01482ba44aa8be319efad93adca"...
15665 [pool-2-thread-1 @coroutine#1058] DEBUG id.walt.services.keystore.SqlKeyStoreService - Loading key "0e2ab01482ba44aa8be319efad93adca"...
15665 [pool-2-thread-1 @coroutine#1058] DEBUG id.walt.services.keystore.SqlKeyStoreService - Loading key "0e2ab01482ba44aa8be319efad93adca"...
15667 [pool-2-thread-1 @coroutine#1058] DEBUG id.walt.signatory.WaltIdSignatory - Signed VC is: {
  "type" : [ "VerifiableCredential", "VerifiableAttestation", "VerifiableId" ],
  "@context" : [ "https://www.w3.org/2018/credentials/v1", "https://w3id.org/security/suites/jws-2020/v1" ],
  "id" : "urn:uuid:f06fcb5c-5f59-44da-a796-4c4b30e8d048",
  "issuer" : "did:web:example.com",
  "issuanceDate" : "2024-09-12T09:39:50Z",
  "issued" : "2024-09-12T09:39:50Z",
  "validFrom" : "2024-09-12T09:39:50Z",
  "credentialSchema" : {
    "id" : "https://raw.githubusercontent.com/walt-id/waltid-ssikit-vclib/master/src/test/resources/schemas/VerifiableId.json",
    "type" : "FullJsonSchemaValidator2021"
  },
  "credentialSubject" : {
    "id" : "did:web:example.com",
    "currentAddress" : [ "1 Boulevard de la Liberté, 59800 Lille" ],
    "dateOfBirth" : "1993-04-08",
    "familyName" : "DOE",
    "firstName" : "Jane",
    "gender" : "FEMALE",
    "nameAndFamilyNameAtBirth" : "Jane DOE",
    "personalIdentifier" : "0904008084H",
    "placeOfBirth" : "LILLE, FRANCE"
  },
  "evidence" : [ {
    "documentPresence" : [ "Physical" ],
    "evidenceDocument" : [ "Passport" ],
    "subjectPresence" : "Physical",
    "type" : [ "DocumentVerification" ],
    "verifier" : "did:ebsi:2A9BZ9SUe6BatacSpvs1V5CdjHvLpQ7bEsi2Jb6LdHKnQxaN"
  } ],
  "credentialStatus" : {
    "id" : "http://localhost:7001/credentials/status/#631159732#0",
    "statusListCredential" : "http://localhost:7001/credentials/status/#631159732",
    "statusListIndex" : "0",
    "statusPurpose" : "revocation",
    "type" : "StatusList2021Entry"
  },
  "proof" : {
    "type" : "JsonWebSignature2020",
    "creator" : "did:web:example.com",
    "created" : "2024-09-12T09:39:50Z",
    "verificationMethod" : "did:web:example.com#0e2ab01482ba44aa8be319efad93adca",
    "jws" : "eyJiNjQiOmZhbHNlLCJjcml0IjpbImI2NCJdLCJhbGciOiJFZERTQSJ9..ZkSmJi96CaSFcsHQldIupJxe9qAsfa7K56tybVqPrSZErWvtMC5LzwR5eSv8-nT6yQp2LrJaE6zFSD8hqmsrCw"
  }
}
15668 [pool-2-thread-1 @coroutine#1058] DEBUG id.walt.model.DidUrl - Trying to create DidUrl from URL: "did:key:z6MkmEswpJqVwGALUAgFqYbZqf7yZotsqD581VB6U3c5QWtv"...
15668 [pool-2-thread-1 @coroutine#1058] DEBUG id.walt.model.DidUrl - Trying to create DidUrl from URL: "did:key:z6MkmEswpJqVwGALUAgFqYbZqf7yZotsqD581VB6U3c5QWtv"...
15671 [pool-2-thread-1 @coroutine#1058] DEBUG id.walt.model.DidUrl - Trying to create DidUrl from URL: "did:key:z6MkmEswpJqVwGALUAgFqYbZqf7yZotsqD581VB6U3c5QWtv"...
15671 [pool-2-thread-1 @coroutine#1058] DEBUG id.walt.model.DidUrl - Trying to create DidUrl from URL: "did:key:z6MkmEswpJqVwGALUAgFqYbZqf7yZotsqD581VB6U3c5QWtv"...
15671 [pool-2-thread-1 @coroutine#1058] DEBUG id.walt.signatory.WaltIdSignatory - Signing credential with proof using LD_PROOF...
15671 [pool-2-thread-1 @coroutine#1058] DEBUG id.walt.signatory.WaltIdSignatory - Signing credential with proof using LD_PROOF, credential is: {"type":["VerifiableCredential","StatusList2021Credential"],"@context":["https://www.w3.org/2018/credentials/v1","https://w3id.org/vc/status-list/2021/v1"],"id":"http://localhost:7001/credentials/status/#-1941630695","issuer":"did:key:z6MkmEswpJqVwGALUAgFqYbZqf7yZotsqD581VB6U3c5QWtv","issuanceDate":"2024-09-12T09:39:50Z","issued":"2024-09-12T09:39:50Z","validFrom":"2024-09-12T09:39:50Z","credentialSubject":{"id":"did:key:z6MkmEswpJqVwGALUAgFqYbZqf7yZotsqD581VB6U3c5QWtv","type":"StatusList2021Credential","statusPurpose":"revocation","encodedList":"H4sIAAAAAAAA/+3BAQ0AAADCoErvn87NHEABAAAAAAAAAAAAAAAAAAAAAAAAAAAAAAAAAAAAAAAAAAAAAAAAAAAAAAAAAAAAAAAAAAAAAAAAAAAAAAAAAAAAAAAAAAAAAAAAAAAAAAAAAAAAAAAAAAAAAAAAAAAAAAAAAAAAAAAAAAAAAAAAAAAAAAAAAAAAAAAAAAAAAAAA3AD/hHvP//8BAA=="}}
15671 [pool-2-thread-1 @coroutine#1058] DEBUG id.walt.services.vc.WaltIdJsonLdCredentialService - Signing jsonLd object with: issuerDid (did:key:z6MkmEswpJqVwGALUAgFqYbZqf7yZotsqD581VB6U3c5QWtv), domain (null), nonce (null
15671 [pool-2-thread-1 @coroutine#1058] DEBUG id.walt.services.keystore.SqlKeyStoreService - Loading key "did:key:z6MkmEswpJqVwGALUAgFqYbZqf7yZotsqD581VB6U3c5QWtv#z6MkmEswpJqVwGALUAgFqYbZqf7yZotsqD581VB6U3c5QWtv"...
15672 [pool-2-thread-1 @coroutine#1058] DEBUG id.walt.services.vc.WaltIdJsonLdCredentialService - Signing: {"type":["VerifiableCredential","StatusList2021Credential"],"@context":["https://www.w3.org/2018/credentials/v1","https://w3id.org/vc/status-list/2021/v1"],"id":"http://localhost:7001/credentials/status/#-1941630695","issuer":"did:key:z6MkmEswpJqVwGALUAgFqYbZqf7yZotsqD581VB6U3c5QWtv","issuanceDate":"2024-09-12T09:39:50Z","issued":"2024-09-12T09:39:50Z","validFrom":"2024-09-12T09:39:50Z","credentialSubject":{"id":"did:key:z6MkmEswpJqVwGALUAgFqYbZqf7yZotsqD581VB6U3c5QWtv","type":"StatusList2021Credential","statusPurpose":"revocation","encodedList":"H4sIAAAAAAAA/+3BAQ0AAADCoErvn87NHEABAAAAAAAAAAAAAAAAAAAAAAAAAAAAAAAAAAAAAAAAAAAAAAAAAAAAAAAAAAAAAAAAAAAAAAAAAAAAAAAAAAAAAAAAAAAAAAAAAAAAAAAAAAAAAAAAAAAAAAAAAAAAAAAAAAAAAAAAAAAAAAAAAAAAAAAAAAAAAAAAAAAAAAAA3AD/hHvP//8BAA=="}}
15673 [pool-2-thread-1 @coroutine#1058] DEBUG id.walt.services.keystore.SqlKeyStoreService - Loading key "0e2ab01482ba44aa8be319efad93adca"...
15673 [pool-2-thread-1 @coroutine#1058] DEBUG id.walt.services.keystore.SqlKeyStoreService - Loading key "0e2ab01482ba44aa8be319efad93adca"...
15673 [pool-2-thread-1 @coroutine#1058] DEBUG id.walt.services.keystore.SqlKeyStoreService - Loading key "0e2ab01482ba44aa8be319efad93adca"...
15674 [pool-2-thread-1 @coroutine#1058] DEBUG id.walt.signatory.WaltIdSignatory - Signed VC is: {
  "type" : [ "VerifiableCredential", "StatusList2021Credential" ],
  "@context" : [ "https://www.w3.org/2018/credentials/v1", "https://w3id.org/vc/status-list/2021/v1", "https://w3id.org/security/suites/jws-2020/v1" ],
  "id" : "http://localhost:7001/credentials/status/#-1941630695",
  "issuer" : "did:key:z6MkmEswpJqVwGALUAgFqYbZqf7yZotsqD581VB6U3c5QWtv",
  "issuanceDate" : "2024-09-12T09:39:50Z",
  "issued" : "2024-09-12T09:39:50Z",
  "validFrom" : "2024-09-12T09:39:50Z",
  "credentialSubject" : {
    "id" : "did:key:z6MkmEswpJqVwGALUAgFqYbZqf7yZotsqD581VB6U3c5QWtv",
    "type" : "StatusList2021Credential",
    "statusPurpose" : "revocation",
    "encodedList" : "H4sIAAAAAAAA/+3BAQ0AAADCoErvn87NHEABAAAAAAAAAAAAAAAAAAAAAAAAAAAAAAAAAAAAAAAAAAAAAAAAAAAAAAAAAAAAAAAAAAAAAAAAAAAAAAAAAAAAAAAAAAAAAAAAAAAAAAAAAAAAAAAAAAAAAAAAAAAAAAAAAAAAAAAAAAAAAAAAAAAAAAAAAAAAAAAAAAAAAAAA3AD/hHvP//8BAA=="
  },
  "proof" : {
    "type" : "JsonWebSignature2020",
    "creator" : "did:key:z6MkmEswpJqVwGALUAgFqYbZqf7yZotsqD581VB6U3c5QWtv",
    "created" : "2024-09-12T09:39:50Z",
    "verificationMethod" : "did:key:z6MkmEswpJqVwGALUAgFqYbZqf7yZotsqD581VB6U3c5QWtv#z6MkmEswpJqVwGALUAgFqYbZqf7yZotsqD581VB6U3c5QWtv",
    "jws" : "eyJiNjQiOmZhbHNlLCJjcml0IjpbImI2NCJdLCJhbGciOiJFZERTQSJ9..OYUjbCv1N1ePQjeTxMqjDnBXokI3oTgHTkG4TSU4-vZOPpACj1IkEVA2Tzy6KqFy8QxFe2lMPJwXBPoNhqK9Cw"
  }
}
15675 [pool-2-thread-1 @coroutine#1058] DEBUG id.walt.signatory.WaltIdSignatory - Signing credential with proof using LD_PROOF...
15675 [pool-2-thread-1 @coroutine#1058] DEBUG id.walt.signatory.WaltIdSignatory - Signing credential with proof using LD_PROOF, credential is: {"type":["VerifiableCredential","VerifiableAttestation","VerifiableId"],"@context":["https://www.w3.org/2018/credentials/v1"],"id":"urn:uuid:6bd811dd-2a40-40e7-a86d-df5f098d996b","issuer":"did:key:z6MkmEswpJqVwGALUAgFqYbZqf7yZotsqD581VB6U3c5QWtv","issuanceDate":"2024-09-12T09:39:50Z","issued":"2024-09-12T09:39:50Z","validFrom":"2024-09-12T09:39:50Z","credentialSchema":{"id":"https://raw.githubusercontent.com/walt-id/waltid-ssikit-vclib/master/src/test/resources/schemas/VerifiableId.json","type":"FullJsonSchemaValidator2021"},"credentialSubject":{"id":"did:key:z6MkmEswpJqVwGALUAgFqYbZqf7yZotsqD581VB6U3c5QWtv","currentAddress":["1 Boulevard de la Liberté, 59800 Lille"],"dateOfBirth":"1993-04-08","familyName":"DOE","firstName":"Jane","gender":"FEMALE","nameAndFamilyNameAtBirth":"Jane DOE","personalIdentifier":"0904008084H","placeOfBirth":"LILLE, FRANCE"},"evidence":[{"documentPresence":["Physical"],"evidenceDocument":["Passport"],"subjectPresence":"Physical","type":["DocumentVerification"],"verifier":"did:ebsi:2A9BZ9SUe6BatacSpvs1V5CdjHvLpQ7bEsi2Jb6LdHKnQxaN"}],"credentialStatus":{"id":"http://localhost:7001/credentials/status/#-1941630695#0","statusListCredential":"http://localhost:7001/credentials/status/#-1941630695","statusListIndex":"0","statusPurpose":"revocation","type":"StatusList2021Entry"}}
15675 [pool-2-thread-1 @coroutine#1058] DEBUG id.walt.services.vc.WaltIdJsonLdCredentialService - Signing jsonLd object with: issuerDid (did:key:z6MkmEswpJqVwGALUAgFqYbZqf7yZotsqD581VB6U3c5QWtv), domain (null), nonce (null
15675 [pool-2-thread-1 @coroutine#1058] DEBUG id.walt.services.keystore.SqlKeyStoreService - Loading key "did:key:z6MkmEswpJqVwGALUAgFqYbZqf7yZotsqD581VB6U3c5QWtv#z6MkmEswpJqVwGALUAgFqYbZqf7yZotsqD581VB6U3c5QWtv"...
15675 [pool-2-thread-1 @coroutine#1058] DEBUG id.walt.services.vc.WaltIdJsonLdCredentialService - Signing: {"type":["VerifiableCredential","VerifiableAttestation","VerifiableId"],"@context":["https://www.w3.org/2018/credentials/v1"],"id":"urn:uuid:6bd811dd-2a40-40e7-a86d-df5f098d996b","issuer":"did:key:z6MkmEswpJqVwGALUAgFqYbZqf7yZotsqD581VB6U3c5QWtv","issuanceDate":"2024-09-12T09:39:50Z","issued":"2024-09-12T09:39:50Z","validFrom":"2024-09-12T09:39:50Z","credentialSchema":{"id":"https://raw.githubusercontent.com/walt-id/waltid-ssikit-vclib/master/src/test/resources/schemas/VerifiableId.json","type":"FullJsonSchemaValidator2021"},"credentialSubject":{"id":"did:key:z6MkmEswpJqVwGALUAgFqYbZqf7yZotsqD581VB6U3c5QWtv","currentAddress":["1 Boulevard de la Liberté, 59800 Lille"],"dateOfBirth":"1993-04-08","familyName":"DOE","firstName":"Jane","gender":"FEMALE","nameAndFamilyNameAtBirth":"Jane DOE","personalIdentifier":"0904008084H","placeOfBirth":"LILLE, FRANCE"},"evidence":[{"documentPresence":["Physical"],"evidenceDocument":["Passport"],"subjectPresence":"Physical","type":["DocumentVerification"],"verifier":"did:ebsi:2A9BZ9SUe6BatacSpvs1V5CdjHvLpQ7bEsi2Jb6LdHKnQxaN"}],"credentialStatus":{"id":"http://localhost:7001/credentials/status/#-1941630695#0","statusListCredential":"http://localhost:7001/credentials/status/#-1941630695","statusListIndex":"0","statusPurpose":"revocation","type":"StatusList2021Entry"}}
Sep 12, 2024 11:39:50 AM com.apicatalog.jsonld.deseralization.JsonLdToRdf build
WARNING: Non well-formed subject [http://localhost:7001/credentials/status/#-1941630695#0] has been skipped.
15677 [pool-2-thread-1 @coroutine#1058] DEBUG id.walt.services.keystore.SqlKeyStoreService - Loading key "0e2ab01482ba44aa8be319efad93adca"...
15677 [pool-2-thread-1 @coroutine#1058] DEBUG id.walt.services.keystore.SqlKeyStoreService - Loading key "0e2ab01482ba44aa8be319efad93adca"...
15677 [pool-2-thread-1 @coroutine#1058] DEBUG id.walt.services.keystore.SqlKeyStoreService - Loading key "0e2ab01482ba44aa8be319efad93adca"...
15678 [pool-2-thread-1 @coroutine#1058] DEBUG id.walt.signatory.WaltIdSignatory - Signed VC is: {
  "type" : [ "VerifiableCredential", "VerifiableAttestation", "VerifiableId" ],
  "@context" : [ "https://www.w3.org/2018/credentials/v1", "https://w3id.org/security/suites/jws-2020/v1" ],
  "id" : "urn:uuid:6bd811dd-2a40-40e7-a86d-df5f098d996b",
  "issuer" : "did:key:z6MkmEswpJqVwGALUAgFqYbZqf7yZotsqD581VB6U3c5QWtv",
  "issuanceDate" : "2024-09-12T09:39:50Z",
  "issued" : "2024-09-12T09:39:50Z",
  "validFrom" : "2024-09-12T09:39:50Z",
  "credentialSchema" : {
    "id" : "https://raw.githubusercontent.com/walt-id/waltid-ssikit-vclib/master/src/test/resources/schemas/VerifiableId.json",
    "type" : "FullJsonSchemaValidator2021"
  },
  "credentialSubject" : {
    "id" : "did:key:z6MkmEswpJqVwGALUAgFqYbZqf7yZotsqD581VB6U3c5QWtv",
    "currentAddress" : [ "1 Boulevard de la Liberté, 59800 Lille" ],
    "dateOfBirth" : "1993-04-08",
    "familyName" : "DOE",
    "firstName" : "Jane",
    "gender" : "FEMALE",
    "nameAndFamilyNameAtBirth" : "Jane DOE",
    "personalIdentifier" : "0904008084H",
    "placeOfBirth" : "LILLE, FRANCE"
  },
  "evidence" : [ {
    "documentPresence" : [ "Physical" ],
    "evidenceDocument" : [ "Passport" ],
    "subjectPresence" : "Physical",
    "type" : [ "DocumentVerification" ],
    "verifier" : "did:ebsi:2A9BZ9SUe6BatacSpvs1V5CdjHvLpQ7bEsi2Jb6LdHKnQxaN"
  } ],
  "credentialStatus" : {
    "id" : "http://localhost:7001/credentials/status/#-1941630695#0",
    "statusListCredential" : "http://localhost:7001/credentials/status/#-1941630695",
    "statusListIndex" : "0",
    "statusPurpose" : "revocation",
    "type" : "StatusList2021Entry"
  },
  "proof" : {
    "type" : "JsonWebSignature2020",
    "creator" : "did:key:z6MkmEswpJqVwGALUAgFqYbZqf7yZotsqD581VB6U3c5QWtv",
    "created" : "2024-09-12T09:39:50Z",
    "verificationMethod" : "did:key:z6MkmEswpJqVwGALUAgFqYbZqf7yZotsqD581VB6U3c5QWtv#z6MkmEswpJqVwGALUAgFqYbZqf7yZotsqD581VB6U3c5QWtv",
    "jws" : "eyJiNjQiOmZhbHNlLCJjcml0IjpbImI2NCJdLCJhbGciOiJFZERTQSJ9..yMBopKknskgHsStBL_pk4KaxxGL_Rnlzal4Q4cYSJrSSej3NtMg2xzXbF5_oAG3TdHbe1Q7S-4Q4OaWC8p0mBw"
  }
}
15678 [pool-2-thread-1 @coroutine#1058] DEBUG id.walt.model.DidUrl - Trying to create DidUrl from URL: "did:ebsi:zZA5QSZ99CRSU3t9p72GBez"...
15678 [pool-2-thread-1 @coroutine#1058] DEBUG id.walt.model.DidUrl - Trying to create DidUrl from URL: "did:ebsi:zZA5QSZ99CRSU3t9p72GBez"...
15680 [pool-2-thread-1 @coroutine#1058] DEBUG id.walt.model.DidUrl - Trying to create DidUrl from URL: "did:ebsi:zZA5QSZ99CRSU3t9p72GBez"...
15680 [pool-2-thread-1 @coroutine#1058] DEBUG id.walt.model.DidUrl - Trying to create DidUrl from URL: "did:ebsi:zZA5QSZ99CRSU3t9p72GBez"...
15680 [pool-2-thread-1 @coroutine#1058] DEBUG id.walt.signatory.WaltIdSignatory - Signing credential with proof using LD_PROOF...
15680 [pool-2-thread-1 @coroutine#1058] DEBUG id.walt.signatory.WaltIdSignatory - Signing credential with proof using LD_PROOF, credential is: {"type":["VerifiableCredential","StatusList2021Credential"],"@context":["https://www.w3.org/2018/credentials/v1","https://w3id.org/vc/status-list/2021/v1"],"id":"http://localhost:7001/credentials/status/#216596604","issuer":"did:ebsi:zZA5QSZ99CRSU3t9p72GBez","issuanceDate":"2024-09-12T09:39:50Z","issued":"2024-09-12T09:39:50Z","validFrom":"2024-09-12T09:39:50Z","credentialSubject":{"id":"did:ebsi:zZA5QSZ99CRSU3t9p72GBez","type":"StatusList2021Credential","statusPurpose":"revocation","encodedList":"H4sIAAAAAAAA/+3BAQ0AAADCoErvn87NHEABAAAAAAAAAAAAAAAAAAAAAAAAAAAAAAAAAAAAAAAAAAAAAAAAAAAAAAAAAAAAAAAAAAAAAAAAAAAAAAAAAAAAAAAAAAAAAAAAAAAAAAAAAAAAAAAAAAAAAAAAAAAAAAAAAAAAAAAAAAAAAAAAAAAAAAAAAAAAAAAAAAAAAAAA3AD/hHvP//8BAA=="}}
15681 [pool-2-thread-1 @coroutine#1058] DEBUG id.walt.services.vc.WaltIdJsonLdCredentialService - Signing jsonLd object with: issuerDid (did:ebsi:zZA5QSZ99CRSU3t9p72GBez), domain (null), nonce (null
15681 [pool-2-thread-1 @coroutine#1058] DEBUG id.walt.services.keystore.SqlKeyStoreService - Loading key "did:ebsi:zZA5QSZ99CRSU3t9p72GBez#0e2ab01482ba44aa8be319efad93adca"...
15681 [pool-2-thread-1 @coroutine#1058] DEBUG id.walt.services.vc.WaltIdJsonLdCredentialService - Signing: {"type":["VerifiableCredential","StatusList2021Credential"],"@context":["https://www.w3.org/2018/credentials/v1","https://w3id.org/vc/status-list/2021/v1"],"id":"http://localhost:7001/credentials/status/#216596604","issuer":"did:ebsi:zZA5QSZ99CRSU3t9p72GBez","issuanceDate":"2024-09-12T09:39:50Z","issued":"2024-09-12T09:39:50Z","validFrom":"2024-09-12T09:39:50Z","credentialSubject":{"id":"did:ebsi:zZA5QSZ99CRSU3t9p72GBez","type":"StatusList2021Credential","statusPurpose":"revocation","encodedList":"H4sIAAAAAAAA/+3BAQ0AAADCoErvn87NHEABAAAAAAAAAAAAAAAAAAAAAAAAAAAAAAAAAAAAAAAAAAAAAAAAAAAAAAAAAAAAAAAAAAAAAAAAAAAAAAAAAAAAAAAAAAAAAAAAAAAAAAAAAAAAAAAAAAAAAAAAAAAAAAAAAAAAAAAAAAAAAAAAAAAAAAAAAAAAAAAAAAAAAAAA3AD/hHvP//8BAA=="}}
15683 [pool-2-thread-1 @coroutine#1058] DEBUG id.walt.services.keystore.SqlKeyStoreService - Loading key "0e2ab01482ba44aa8be319efad93adca"...
15683 [pool-2-thread-1 @coroutine#1058] DEBUG id.walt.services.keystore.SqlKeyStoreService - Loading key "0e2ab01482ba44aa8be319efad93adca"...
15683 [pool-2-thread-1 @coroutine#1058] DEBUG id.walt.services.keystore.SqlKeyStoreService - Loading key "0e2ab01482ba44aa8be319efad93adca"...
15684 [pool-2-thread-1 @coroutine#1058] DEBUG id.walt.signatory.WaltIdSignatory - Signed VC is: {
  "type" : [ "VerifiableCredential", "StatusList2021Credential" ],
  "@context" : [ "https://www.w3.org/2018/credentials/v1", "https://w3id.org/vc/status-list/2021/v1", "https://w3id.org/security/suites/jws-2020/v1" ],
  "id" : "http://localhost:7001/credentials/status/#216596604",
  "issuer" : "did:ebsi:zZA5QSZ99CRSU3t9p72GBez",
  "issuanceDate" : "2024-09-12T09:39:50Z",
  "issued" : "2024-09-12T09:39:50Z",
  "validFrom" : "2024-09-12T09:39:50Z",
  "credentialSubject" : {
    "id" : "did:ebsi:zZA5QSZ99CRSU3t9p72GBez",
    "type" : "StatusList2021Credential",
    "statusPurpose" : "revocation",
    "encodedList" : "H4sIAAAAAAAA/+3BAQ0AAADCoErvn87NHEABAAAAAAAAAAAAAAAAAAAAAAAAAAAAAAAAAAAAAAAAAAAAAAAAAAAAAAAAAAAAAAAAAAAAAAAAAAAAAAAAAAAAAAAAAAAAAAAAAAAAAAAAAAAAAAAAAAAAAAAAAAAAAAAAAAAAAAAAAAAAAAAAAAAAAAAAAAAAAAAAAAAAAAAA3AD/hHvP//8BAA=="
  },
  "proof" : {
    "type" : "JsonWebSignature2020",
    "creator" : "did:ebsi:zZA5QSZ99CRSU3t9p72GBez",
    "created" : "2024-09-12T09:39:50Z",
    "verificationMethod" : "did:ebsi:zZA5QSZ99CRSU3t9p72GBez#0e2ab01482ba44aa8be319efad93adca",
    "jws" : "eyJiNjQiOmZhbHNlLCJjcml0IjpbImI2NCJdLCJhbGciOiJFZERTQSJ9..Zz6FVSERMzUsriNHQzT1MZYY-PFt2OEbluAQjPs8wgGTFCT3L6o_Ws2kAI8YvVlLlWecmtaiGY1MLUdqPh5_AQ"
  }
}
15684 [pool-2-thread-1 @coroutine#1058] DEBUG id.walt.signatory.WaltIdSignatory - Signing credential with proof using LD_PROOF...
15684 [pool-2-thread-1 @coroutine#1058] DEBUG id.walt.signatory.WaltIdSignatory - Signing credential with proof using LD_PROOF, credential is: {"type":["VerifiableCredential","VerifiableAttestation","VerifiableId"],"@context":["https://www.w3.org/2018/credentials/v1"],"id":"urn:uuid:41f5f3b5-9047-40d7-bbb4-24b15b0c2c50","issuer":"did:ebsi:zZA5QSZ99CRSU3t9p72GBez","issuanceDate":"2024-09-12T09:39:50Z","issued":"2024-09-12T09:39:50Z","validFrom":"2024-09-12T09:39:50Z","credentialSchema":{"id":"https://raw.githubusercontent.com/walt-id/waltid-ssikit-vclib/master/src/test/resources/schemas/VerifiableId.json","type":"FullJsonSchemaValidator2021"},"credentialSubject":{"id":"did:ebsi:zZA5QSZ99CRSU3t9p72GBez","currentAddress":["1 Boulevard de la Liberté, 59800 Lille"],"dateOfBirth":"1993-04-08","familyName":"DOE","firstName":"Jane","gender":"FEMALE","nameAndFamilyNameAtBirth":"Jane DOE","personalIdentifier":"0904008084H","placeOfBirth":"LILLE, FRANCE"},"evidence":[{"documentPresence":["Physical"],"evidenceDocument":["Passport"],"subjectPresence":"Physical","type":["DocumentVerification"],"verifier":"did:ebsi:2A9BZ9SUe6BatacSpvs1V5CdjHvLpQ7bEsi2Jb6LdHKnQxaN"}],"credentialStatus":{"id":"http://localhost:7001/credentials/status/#216596604#0","statusListCredential":"http://localhost:7001/credentials/status/#216596604","statusListIndex":"0","statusPurpose":"revocation","type":"StatusList2021Entry"}}
15684 [pool-2-thread-1 @coroutine#1058] DEBUG id.walt.services.vc.WaltIdJsonLdCredentialService - Signing jsonLd object with: issuerDid (did:ebsi:zZA5QSZ99CRSU3t9p72GBez), domain (null), nonce (null
15684 [pool-2-thread-1 @coroutine#1058] DEBUG id.walt.services.keystore.SqlKeyStoreService - Loading key "did:ebsi:zZA5QSZ99CRSU3t9p72GBez#0e2ab01482ba44aa8be319efad93adca"...
15685 [pool-2-thread-1 @coroutine#1058] DEBUG id.walt.services.vc.WaltIdJsonLdCredentialService - Signing: {"type":["VerifiableCredential","VerifiableAttestation","VerifiableId"],"@context":["https://www.w3.org/2018/credentials/v1"],"id":"urn:uuid:41f5f3b5-9047-40d7-bbb4-24b15b0c2c50","issuer":"did:ebsi:zZA5QSZ99CRSU3t9p72GBez","issuanceDate":"2024-09-12T09:39:50Z","issued":"2024-09-12T09:39:50Z","validFrom":"2024-09-12T09:39:50Z","credentialSchema":{"id":"https://raw.githubusercontent.com/walt-id/waltid-ssikit-vclib/master/src/test/resources/schemas/VerifiableId.json","type":"FullJsonSchemaValidator2021"},"credentialSubject":{"id":"did:ebsi:zZA5QSZ99CRSU3t9p72GBez","currentAddress":["1 Boulevard de la Liberté, 59800 Lille"],"dateOfBirth":"1993-04-08","familyName":"DOE","firstName":"Jane","gender":"FEMALE","nameAndFamilyNameAtBirth":"Jane DOE","personalIdentifier":"0904008084H","placeOfBirth":"LILLE, FRANCE"},"evidence":[{"documentPresence":["Physical"],"evidenceDocument":["Passport"],"subjectPresence":"Physical","type":["DocumentVerification"],"verifier":"did:ebsi:2A9BZ9SUe6BatacSpvs1V5CdjHvLpQ7bEsi2Jb6LdHKnQxaN"}],"credentialStatus":{"id":"http://localhost:7001/credentials/status/#216596604#0","statusListCredential":"http://localhost:7001/credentials/status/#216596604","statusListIndex":"0","statusPurpose":"revocation","type":"StatusList2021Entry"}}
Sep 12, 2024 11:39:50 AM com.apicatalog.jsonld.deseralization.JsonLdToRdf build
WARNING: Non well-formed subject [http://localhost:7001/credentials/status/#216596604#0] has been skipped.
15687 [pool-2-thread-1 @coroutine#1058] DEBUG id.walt.services.keystore.SqlKeyStoreService - Loading key "0e2ab01482ba44aa8be319efad93adca"...
15688 [pool-2-thread-1 @coroutine#1058] DEBUG id.walt.services.keystore.SqlKeyStoreService - Loading key "0e2ab01482ba44aa8be319efad93adca"...
15688 [pool-2-thread-1 @coroutine#1058] DEBUG id.walt.services.keystore.SqlKeyStoreService - Loading key "0e2ab01482ba44aa8be319efad93adca"...
15689 [pool-2-thread-1 @coroutine#1058] DEBUG id.walt.signatory.WaltIdSignatory - Signed VC is: {
  "type" : [ "VerifiableCredential", "VerifiableAttestation", "VerifiableId" ],
  "@context" : [ "https://www.w3.org/2018/credentials/v1", "https://w3id.org/security/suites/jws-2020/v1" ],
  "id" : "urn:uuid:41f5f3b5-9047-40d7-bbb4-24b15b0c2c50",
  "issuer" : "did:ebsi:zZA5QSZ99CRSU3t9p72GBez",
  "issuanceDate" : "2024-09-12T09:39:50Z",
  "issued" : "2024-09-12T09:39:50Z",
  "validFrom" : "2024-09-12T09:39:50Z",
  "credentialSchema" : {
    "id" : "https://raw.githubusercontent.com/walt-id/waltid-ssikit-vclib/master/src/test/resources/schemas/VerifiableId.json",
    "type" : "FullJsonSchemaValidator2021"
  },
  "credentialSubject" : {
    "id" : "did:ebsi:zZA5QSZ99CRSU3t9p72GBez",
    "currentAddress" : [ "1 Boulevard de la Liberté, 59800 Lille" ],
    "dateOfBirth" : "1993-04-08",
    "familyName" : "DOE",
    "firstName" : "Jane",
    "gender" : "FEMALE",
    "nameAndFamilyNameAtBirth" : "Jane DOE",
    "personalIdentifier" : "0904008084H",
    "placeOfBirth" : "LILLE, FRANCE"
  },
  "evidence" : [ {
    "documentPresence" : [ "Physical" ],
    "evidenceDocument" : [ "Passport" ],
    "subjectPresence" : "Physical",
    "type" : [ "DocumentVerification" ],
    "verifier" : "did:ebsi:2A9BZ9SUe6BatacSpvs1V5CdjHvLpQ7bEsi2Jb6LdHKnQxaN"
  } ],
  "credentialStatus" : {
    "id" : "http://localhost:7001/credentials/status/#216596604#0",
    "statusListCredential" : "http://localhost:7001/credentials/status/#216596604",
    "statusListIndex" : "0",
    "statusPurpose" : "revocation",
    "type" : "StatusList2021Entry"
  },
  "proof" : {
    "type" : "JsonWebSignature2020",
    "creator" : "did:ebsi:zZA5QSZ99CRSU3t9p72GBez",
    "created" : "2024-09-12T09:39:50Z",
    "verificationMethod" : "did:ebsi:zZA5QSZ99CRSU3t9p72GBez#0e2ab01482ba44aa8be319efad93adca",
    "jws" : "eyJiNjQiOmZhbHNlLCJjcml0IjpbImI2NCJdLCJhbGciOiJFZERTQSJ9..s-6YXErpnqUOtXGq0iR9hSzmvHMtkTlhROh56mXmC3eoTMQ8kXuMnHyasa88vJRmSaDUnpRsE8RWMbdzwaz-Dw"
  }
}
15689 [pool-2-thread-1 @coroutine#1058] DEBUG id.walt.model.DidUrl - Trying to create DidUrl from URL: "did:jwk:eyJrdHkiOiJPS1AiLCJ1c2UiOiJzaWciLCJjcnYiOiJFZDI1NTE5Iiwia2lkIjoiMGUyYWIwMTQ4MmJhNDRhYThiZTMxOWVmYWQ5M2FkY2EiLCJ4IjoiWk5YWnlKc3FucEVtU1AyTVlIcmNiR1pqaDZ4QVRCZVJXY21xWThiT0hJOCIsImFsZyI6IkVkRFNBIn0"...
15689 [pool-2-thread-1 @coroutine#1058] DEBUG id.walt.model.DidUrl - Trying to create DidUrl from URL: "did:jwk:eyJrdHkiOiJPS1AiLCJ1c2UiOiJzaWciLCJjcnYiOiJFZDI1NTE5Iiwia2lkIjoiMGUyYWIwMTQ4MmJhNDRhYThiZTMxOWVmYWQ5M2FkY2EiLCJ4IjoiWk5YWnlKc3FucEVtU1AyTVlIcmNiR1pqaDZ4QVRCZVJXY21xWThiT0hJOCIsImFsZyI6IkVkRFNBIn0"...
15692 [pool-2-thread-1 @coroutine#1058] DEBUG id.walt.model.DidUrl - Trying to create DidUrl from URL: "did:jwk:eyJrdHkiOiJPS1AiLCJ1c2UiOiJzaWciLCJjcnYiOiJFZDI1NTE5Iiwia2lkIjoiMGUyYWIwMTQ4MmJhNDRhYThiZTMxOWVmYWQ5M2FkY2EiLCJ4IjoiWk5YWnlKc3FucEVtU1AyTVlIcmNiR1pqaDZ4QVRCZVJXY21xWThiT0hJOCIsImFsZyI6IkVkRFNBIn0"...
15692 [pool-2-thread-1 @coroutine#1058] DEBUG id.walt.model.DidUrl - Trying to create DidUrl from URL: "did:jwk:eyJrdHkiOiJPS1AiLCJ1c2UiOiJzaWciLCJjcnYiOiJFZDI1NTE5Iiwia2lkIjoiMGUyYWIwMTQ4MmJhNDRhYThiZTMxOWVmYWQ5M2FkY2EiLCJ4IjoiWk5YWnlKc3FucEVtU1AyTVlIcmNiR1pqaDZ4QVRCZVJXY21xWThiT0hJOCIsImFsZyI6IkVkRFNBIn0"...
15692 [pool-2-thread-1 @coroutine#1058] DEBUG id.walt.signatory.WaltIdSignatory - Signing credential with proof using LD_PROOF...
15692 [pool-2-thread-1 @coroutine#1058] DEBUG id.walt.signatory.WaltIdSignatory - Signing credential with proof using LD_PROOF, credential is: {"type":["VerifiableCredential","StatusList2021Credential"],"@context":["https://www.w3.org/2018/credentials/v1","https://w3id.org/vc/status-list/2021/v1"],"id":"http://localhost:7001/credentials/status/#785099697","issuer":"did:jwk:eyJrdHkiOiJPS1AiLCJ1c2UiOiJzaWciLCJjcnYiOiJFZDI1NTE5Iiwia2lkIjoiMGUyYWIwMTQ4MmJhNDRhYThiZTMxOWVmYWQ5M2FkY2EiLCJ4IjoiWk5YWnlKc3FucEVtU1AyTVlIcmNiR1pqaDZ4QVRCZVJXY21xWThiT0hJOCIsImFsZyI6IkVkRFNBIn0","issuanceDate":"2024-09-12T09:39:50Z","issued":"2024-09-12T09:39:50Z","validFrom":"2024-09-12T09:39:50Z","credentialSubject":{"id":"did:jwk:eyJrdHkiOiJPS1AiLCJ1c2UiOiJzaWciLCJjcnYiOiJFZDI1NTE5Iiwia2lkIjoiMGUyYWIwMTQ4MmJhNDRhYThiZTMxOWVmYWQ5M2FkY2EiLCJ4IjoiWk5YWnlKc3FucEVtU1AyTVlIcmNiR1pqaDZ4QVRCZVJXY21xWThiT0hJOCIsImFsZyI6IkVkRFNBIn0","type":"StatusList2021Credential","statusPurpose":"revocation","encodedList":"H4sIAAAAAAAA/+3BAQ0AAADCoErvn87NHEABAAAAAAAAAAAAAAAAAAAAAAAAAAAAAAAAAAAAAAAAAAAAAAAAAAAAAAAAAAAAAAAAAAAAAAAAAAAAAAAAAAAAAAAAAAAAAAAAAAAAAAAAAAAAAAAAAAAAAAAAAAAAAAAAAAAAAAAAAAAAAAAAAAAAAAAAAAAAAAAAAAAAAAAA3AD/hHvP//8BAA=="}}
15692 [pool-2-thread-1 @coroutine#1058] DEBUG id.walt.services.vc.WaltIdJsonLdCredentialService - Signing jsonLd object with: issuerDid (did:jwk:eyJrdHkiOiJPS1AiLCJ1c2UiOiJzaWciLCJjcnYiOiJFZDI1NTE5Iiwia2lkIjoiMGUyYWIwMTQ4MmJhNDRhYThiZTMxOWVmYWQ5M2FkY2EiLCJ4IjoiWk5YWnlKc3FucEVtU1AyTVlIcmNiR1pqaDZ4QVRCZVJXY21xWThiT0hJOCIsImFsZyI6IkVkRFNBIn0), domain (null), nonce (null
15692 [pool-2-thread-1 @coroutine#1058] DEBUG id.walt.services.keystore.SqlKeyStoreService - Loading key "did:jwk:eyJrdHkiOiJPS1AiLCJ1c2UiOiJzaWciLCJjcnYiOiJFZDI1NTE5Iiwia2lkIjoiMGUyYWIwMTQ4MmJhNDRhYThiZTMxOWVmYWQ5M2FkY2EiLCJ4IjoiWk5YWnlKc3FucEVtU1AyTVlIcmNiR1pqaDZ4QVRCZVJXY21xWThiT0hJOCIsImFsZyI6IkVkRFNBIn0#0"...
15692 [pool-2-thread-1 @coroutine#1058] DEBUG id.walt.services.vc.WaltIdJsonLdCredentialService - Signing: {"type":["VerifiableCredential","StatusList2021Credential"],"@context":["https://www.w3.org/2018/credentials/v1","https://w3id.org/vc/status-list/2021/v1"],"id":"http://localhost:7001/credentials/status/#785099697","issuer":"did:jwk:eyJrdHkiOiJPS1AiLCJ1c2UiOiJzaWciLCJjcnYiOiJFZDI1NTE5Iiwia2lkIjoiMGUyYWIwMTQ4MmJhNDRhYThiZTMxOWVmYWQ5M2FkY2EiLCJ4IjoiWk5YWnlKc3FucEVtU1AyTVlIcmNiR1pqaDZ4QVRCZVJXY21xWThiT0hJOCIsImFsZyI6IkVkRFNBIn0","issuanceDate":"2024-09-12T09:39:50Z","issued":"2024-09-12T09:39:50Z","validFrom":"2024-09-12T09:39:50Z","credentialSubject":{"id":"did:jwk:eyJrdHkiOiJPS1AiLCJ1c2UiOiJzaWciLCJjcnYiOiJFZDI1NTE5Iiwia2lkIjoiMGUyYWIwMTQ4MmJhNDRhYThiZTMxOWVmYWQ5M2FkY2EiLCJ4IjoiWk5YWnlKc3FucEVtU1AyTVlIcmNiR1pqaDZ4QVRCZVJXY21xWThiT0hJOCIsImFsZyI6IkVkRFNBIn0","type":"StatusList2021Credential","statusPurpose":"revocation","encodedList":"H4sIAAAAAAAA/+3BAQ0AAADCoErvn87NHEABAAAAAAAAAAAAAAAAAAAAAAAAAAAAAAAAAAAAAAAAAAAAAAAAAAAAAAAAAAAAAAAAAAAAAAAAAAAAAAAAAAAAAAAAAAAAAAAAAAAAAAAAAAAAAAAAAAAAAAAAAAAAAAAAAAAAAAAAAAAAAAAAAAAAAAAAAAAAAAAAAAAAAAAA3AD/hHvP//8BAA=="}}
15693 [pool-2-thread-1 @coroutine#1058] DEBUG id.walt.services.keystore.SqlKeyStoreService - Loading key "0e2ab01482ba44aa8be319efad93adca"...
15694 [pool-2-thread-1 @coroutine#1058] DEBUG id.walt.services.keystore.SqlKeyStoreService - Loading key "0e2ab01482ba44aa8be319efad93adca"...
15694 [pool-2-thread-1 @coroutine#1058] DEBUG id.walt.services.keystore.SqlKeyStoreService - Loading key "0e2ab01482ba44aa8be319efad93adca"...
15695 [pool-2-thread-1 @coroutine#1058] DEBUG id.walt.signatory.WaltIdSignatory - Signed VC is: {
  "type" : [ "VerifiableCredential", "StatusList2021Credential" ],
  "@context" : [ "https://www.w3.org/2018/credentials/v1", "https://w3id.org/vc/status-list/2021/v1", "https://w3id.org/security/suites/jws-2020/v1" ],
  "id" : "http://localhost:7001/credentials/status/#785099697",
  "issuer" : "did:jwk:eyJrdHkiOiJPS1AiLCJ1c2UiOiJzaWciLCJjcnYiOiJFZDI1NTE5Iiwia2lkIjoiMGUyYWIwMTQ4MmJhNDRhYThiZTMxOWVmYWQ5M2FkY2EiLCJ4IjoiWk5YWnlKc3FucEVtU1AyTVlIcmNiR1pqaDZ4QVRCZVJXY21xWThiT0hJOCIsImFsZyI6IkVkRFNBIn0",
  "issuanceDate" : "2024-09-12T09:39:50Z",
  "issued" : "2024-09-12T09:39:50Z",
  "validFrom" : "2024-09-12T09:39:50Z",
  "credentialSubject" : {
    "id" : "did:jwk:eyJrdHkiOiJPS1AiLCJ1c2UiOiJzaWciLCJjcnYiOiJFZDI1NTE5Iiwia2lkIjoiMGUyYWIwMTQ4MmJhNDRhYThiZTMxOWVmYWQ5M2FkY2EiLCJ4IjoiWk5YWnlKc3FucEVtU1AyTVlIcmNiR1pqaDZ4QVRCZVJXY21xWThiT0hJOCIsImFsZyI6IkVkRFNBIn0",
    "type" : "StatusList2021Credential",
    "statusPurpose" : "revocation",
    "encodedList" : "H4sIAAAAAAAA/+3BAQ0AAADCoErvn87NHEABAAAAAAAAAAAAAAAAAAAAAAAAAAAAAAAAAAAAAAAAAAAAAAAAAAAAAAAAAAAAAAAAAAAAAAAAAAAAAAAAAAAAAAAAAAAAAAAAAAAAAAAAAAAAAAAAAAAAAAAAAAAAAAAAAAAAAAAAAAAAAAAAAAAAAAAAAAAAAAAAAAAAAAAA3AD/hHvP//8BAA=="
  },
  "proof" : {
    "type" : "JsonWebSignature2020",
    "creator" : "did:jwk:eyJrdHkiOiJPS1AiLCJ1c2UiOiJzaWciLCJjcnYiOiJFZDI1NTE5Iiwia2lkIjoiMGUyYWIwMTQ4MmJhNDRhYThiZTMxOWVmYWQ5M2FkY2EiLCJ4IjoiWk5YWnlKc3FucEVtU1AyTVlIcmNiR1pqaDZ4QVRCZVJXY21xWThiT0hJOCIsImFsZyI6IkVkRFNBIn0",
    "created" : "2024-09-12T09:39:50Z",
    "verificationMethod" : "did:jwk:eyJrdHkiOiJPS1AiLCJ1c2UiOiJzaWciLCJjcnYiOiJFZDI1NTE5Iiwia2lkIjoiMGUyYWIwMTQ4MmJhNDRhYThiZTMxOWVmYWQ5M2FkY2EiLCJ4IjoiWk5YWnlKc3FucEVtU1AyTVlIcmNiR1pqaDZ4QVRCZVJXY21xWThiT0hJOCIsImFsZyI6IkVkRFNBIn0#0",
    "jws" : "eyJiNjQiOmZhbHNlLCJjcml0IjpbImI2NCJdLCJhbGciOiJFZERTQSJ9..MpE5q9jpLkxixCUD_CZww0Pp1QR7__MYdyuhEe_snk1zcJ0ynBh8pLXiBeZ7IOfXGiSwxwg7vBqWdZy2EBjbBA"
  }
}
15695 [pool-2-thread-1 @coroutine#1058] DEBUG id.walt.signatory.WaltIdSignatory - Signing credential with proof using LD_PROOF...
15695 [pool-2-thread-1 @coroutine#1058] DEBUG id.walt.signatory.WaltIdSignatory - Signing credential with proof using LD_PROOF, credential is: {"type":["VerifiableCredential","VerifiableAttestation","VerifiableId"],"@context":["https://www.w3.org/2018/credentials/v1"],"id":"urn:uuid:62d54283-0fc6-4833-b049-8af5e5c195c0","issuer":"did:jwk:eyJrdHkiOiJPS1AiLCJ1c2UiOiJzaWciLCJjcnYiOiJFZDI1NTE5Iiwia2lkIjoiMGUyYWIwMTQ4MmJhNDRhYThiZTMxOWVmYWQ5M2FkY2EiLCJ4IjoiWk5YWnlKc3FucEVtU1AyTVlIcmNiR1pqaDZ4QVRCZVJXY21xWThiT0hJOCIsImFsZyI6IkVkRFNBIn0","issuanceDate":"2024-09-12T09:39:50Z","issued":"2024-09-12T09:39:50Z","validFrom":"2024-09-12T09:39:50Z","credentialSchema":{"id":"https://raw.githubusercontent.com/walt-id/waltid-ssikit-vclib/master/src/test/resources/schemas/VerifiableId.json","type":"FullJsonSchemaValidator2021"},"credentialSubject":{"id":"did:jwk:eyJrdHkiOiJPS1AiLCJ1c2UiOiJzaWciLCJjcnYiOiJFZDI1NTE5Iiwia2lkIjoiMGUyYWIwMTQ4MmJhNDRhYThiZTMxOWVmYWQ5M2FkY2EiLCJ4IjoiWk5YWnlKc3FucEVtU1AyTVlIcmNiR1pqaDZ4QVRCZVJXY21xWThiT0hJOCIsImFsZyI6IkVkRFNBIn0","currentAddress":["1 Boulevard de la Liberté, 59800 Lille"],"dateOfBirth":"1993-04-08","familyName":"DOE","firstName":"Jane","gender":"FEMALE","nameAndFamilyNameAtBirth":"Jane DOE","personalIdentifier":"0904008084H","placeOfBirth":"LILLE, FRANCE"},"evidence":[{"documentPresence":["Physical"],"evidenceDocument":["Passport"],"subjectPresence":"Physical","type":["DocumentVerification"],"verifier":"did:ebsi:2A9BZ9SUe6BatacSpvs1V5CdjHvLpQ7bEsi2Jb6LdHKnQxaN"}],"credentialStatus":{"id":"http://localhost:7001/credentials/status/#785099697#0","statusListCredential":"http://localhost:7001/credentials/status/#785099697","statusListIndex":"0","statusPurpose":"revocation","type":"StatusList2021Entry"}}
15695 [pool-2-thread-1 @coroutine#1058] DEBUG id.walt.services.vc.WaltIdJsonLdCredentialService - Signing jsonLd object with: issuerDid (did:jwk:eyJrdHkiOiJPS1AiLCJ1c2UiOiJzaWciLCJjcnYiOiJFZDI1NTE5Iiwia2lkIjoiMGUyYWIwMTQ4MmJhNDRhYThiZTMxOWVmYWQ5M2FkY2EiLCJ4IjoiWk5YWnlKc3FucEVtU1AyTVlIcmNiR1pqaDZ4QVRCZVJXY21xWThiT0hJOCIsImFsZyI6IkVkRFNBIn0), domain (null), nonce (null
15695 [pool-2-thread-1 @coroutine#1058] DEBUG id.walt.services.keystore.SqlKeyStoreService - Loading key "did:jwk:eyJrdHkiOiJPS1AiLCJ1c2UiOiJzaWciLCJjcnYiOiJFZDI1NTE5Iiwia2lkIjoiMGUyYWIwMTQ4MmJhNDRhYThiZTMxOWVmYWQ5M2FkY2EiLCJ4IjoiWk5YWnlKc3FucEVtU1AyTVlIcmNiR1pqaDZ4QVRCZVJXY21xWThiT0hJOCIsImFsZyI6IkVkRFNBIn0#0"...
15695 [pool-2-thread-1 @coroutine#1058] DEBUG id.walt.services.vc.WaltIdJsonLdCredentialService - Signing: {"type":["VerifiableCredential","VerifiableAttestation","VerifiableId"],"@context":["https://www.w3.org/2018/credentials/v1"],"id":"urn:uuid:62d54283-0fc6-4833-b049-8af5e5c195c0","issuer":"did:jwk:eyJrdHkiOiJPS1AiLCJ1c2UiOiJzaWciLCJjcnYiOiJFZDI1NTE5Iiwia2lkIjoiMGUyYWIwMTQ4MmJhNDRhYThiZTMxOWVmYWQ5M2FkY2EiLCJ4IjoiWk5YWnlKc3FucEVtU1AyTVlIcmNiR1pqaDZ4QVRCZVJXY21xWThiT0hJOCIsImFsZyI6IkVkRFNBIn0","issuanceDate":"2024-09-12T09:39:50Z","issued":"2024-09-12T09:39:50Z","validFrom":"2024-09-12T09:39:50Z","credentialSchema":{"id":"https://raw.githubusercontent.com/walt-id/waltid-ssikit-vclib/master/src/test/resources/schemas/VerifiableId.json","type":"FullJsonSchemaValidator2021"},"credentialSubject":{"id":"did:jwk:eyJrdHkiOiJPS1AiLCJ1c2UiOiJzaWciLCJjcnYiOiJFZDI1NTE5Iiwia2lkIjoiMGUyYWIwMTQ4MmJhNDRhYThiZTMxOWVmYWQ5M2FkY2EiLCJ4IjoiWk5YWnlKc3FucEVtU1AyTVlIcmNiR1pqaDZ4QVRCZVJXY21xWThiT0hJOCIsImFsZyI6IkVkRFNBIn0","currentAddress":["1 Boulevard de la Liberté, 59800 Lille"],"dateOfBirth":"1993-04-08","familyName":"DOE","firstName":"Jane","gender":"FEMALE","nameAndFamilyNameAtBirth":"Jane DOE","personalIdentifier":"0904008084H","placeOfBirth":"LILLE, FRANCE"},"evidence":[{"documentPresence":["Physical"],"evidenceDocument":["Passport"],"subjectPresence":"Physical","type":["DocumentVerification"],"verifier":"did:ebsi:2A9BZ9SUe6BatacSpvs1V5CdjHvLpQ7bEsi2Jb6LdHKnQxaN"}],"credentialStatus":{"id":"http://localhost:7001/credentials/status/#785099697#0","statusListCredential":"http://localhost:7001/credentials/status/#785099697","statusListIndex":"0","statusPurpose":"revocation","type":"StatusList2021Entry"}}
Sep 12, 2024 11:39:50 AM com.apicatalog.jsonld.deseralization.JsonLdToRdf build
WARNING: Non well-formed subject [http://localhost:7001/credentials/status/#785099697#0] has been skipped.
15697 [pool-2-thread-1 @coroutine#1058] DEBUG id.walt.services.keystore.SqlKeyStoreService - Loading key "0e2ab01482ba44aa8be319efad93adca"...
15697 [pool-2-thread-1 @coroutine#1058] DEBUG id.walt.services.keystore.SqlKeyStoreService - Loading key "0e2ab01482ba44aa8be319efad93adca"...
15697 [pool-2-thread-1 @coroutine#1058] DEBUG id.walt.services.keystore.SqlKeyStoreService - Loading key "0e2ab01482ba44aa8be319efad93adca"...
15698 [pool-2-thread-1 @coroutine#1058] DEBUG id.walt.signatory.WaltIdSignatory - Signed VC is: {
  "type" : [ "VerifiableCredential", "VerifiableAttestation", "VerifiableId" ],
  "@context" : [ "https://www.w3.org/2018/credentials/v1", "https://w3id.org/security/suites/jws-2020/v1" ],
  "id" : "urn:uuid:62d54283-0fc6-4833-b049-8af5e5c195c0",
  "issuer" : "did:jwk:eyJrdHkiOiJPS1AiLCJ1c2UiOiJzaWciLCJjcnYiOiJFZDI1NTE5Iiwia2lkIjoiMGUyYWIwMTQ4MmJhNDRhYThiZTMxOWVmYWQ5M2FkY2EiLCJ4IjoiWk5YWnlKc3FucEVtU1AyTVlIcmNiR1pqaDZ4QVRCZVJXY21xWThiT0hJOCIsImFsZyI6IkVkRFNBIn0",
  "issuanceDate" : "2024-09-12T09:39:50Z",
  "issued" : "2024-09-12T09:39:50Z",
  "validFrom" : "2024-09-12T09:39:50Z",
  "credentialSchema" : {
    "id" : "https://raw.githubusercontent.com/walt-id/waltid-ssikit-vclib/master/src/test/resources/schemas/VerifiableId.json",
    "type" : "FullJsonSchemaValidator2021"
  },
  "credentialSubject" : {
    "id" : "did:jwk:eyJrdHkiOiJPS1AiLCJ1c2UiOiJzaWciLCJjcnYiOiJFZDI1NTE5Iiwia2lkIjoiMGUyYWIwMTQ4MmJhNDRhYThiZTMxOWVmYWQ5M2FkY2EiLCJ4IjoiWk5YWnlKc3FucEVtU1AyTVlIcmNiR1pqaDZ4QVRCZVJXY21xWThiT0hJOCIsImFsZyI6IkVkRFNBIn0",
    "currentAddress" : [ "1 Boulevard de la Liberté, 59800 Lille" ],
    "dateOfBirth" : "1993-04-08",
    "familyName" : "DOE",
    "firstName" : "Jane",
    "gender" : "FEMALE",
    "nameAndFamilyNameAtBirth" : "Jane DOE",
    "personalIdentifier" : "0904008084H",
    "placeOfBirth" : "LILLE, FRANCE"
  },
  "evidence" : [ {
    "documentPresence" : [ "Physical" ],
    "evidenceDocument" : [ "Passport" ],
    "subjectPresence" : "Physical",
    "type" : [ "DocumentVerification" ],
    "verifier" : "did:ebsi:2A9BZ9SUe6BatacSpvs1V5CdjHvLpQ7bEsi2Jb6LdHKnQxaN"
  } ],
  "credentialStatus" : {
    "id" : "http://localhost:7001/credentials/status/#785099697#0",
    "statusListCredential" : "http://localhost:7001/credentials/status/#785099697",
    "statusListIndex" : "0",
    "statusPurpose" : "revocation",
    "type" : "StatusList2021Entry"
  },
  "proof" : {
    "type" : "JsonWebSignature2020",
    "creator" : "did:jwk:eyJrdHkiOiJPS1AiLCJ1c2UiOiJzaWciLCJjcnYiOiJFZDI1NTE5Iiwia2lkIjoiMGUyYWIwMTQ4MmJhNDRhYThiZTMxOWVmYWQ5M2FkY2EiLCJ4IjoiWk5YWnlKc3FucEVtU1AyTVlIcmNiR1pqaDZ4QVRCZVJXY21xWThiT0hJOCIsImFsZyI6IkVkRFNBIn0",
    "created" : "2024-09-12T09:39:50Z",
    "verificationMethod" : "did:jwk:eyJrdHkiOiJPS1AiLCJ1c2UiOiJzaWciLCJjcnYiOiJFZDI1NTE5Iiwia2lkIjoiMGUyYWIwMTQ4MmJhNDRhYThiZTMxOWVmYWQ5M2FkY2EiLCJ4IjoiWk5YWnlKc3FucEVtU1AyTVlIcmNiR1pqaDZ4QVRCZVJXY21xWThiT0hJOCIsImFsZyI6IkVkRFNBIn0#0",
    "jws" : "eyJiNjQiOmZhbHNlLCJjcml0IjpbImI2NCJdLCJhbGciOiJFZERTQSJ9..Msa26fSufv_iw43DiC_jbHmc916ZjOB0WIEd8o0drs4-92NvxxLMdVHNRInj7_6LtuwBxwwC0kKYs-syRWaHDQ"
  }
}
15699 [Test worker @coroutine#67] DEBUG id.walt.services.keystore.SqlKeyStoreService - Deleting key "0e2ab01482ba44aa8be319efad93adca".
]]></system-err>
</testsuite>
