<?xml version="1.0" encoding="UTF-8"?>
<testsuite name="id.walt.custodian.CustodianSqlKeyTests" tests="10" skipped="0" failures="0" errors="0" timestamp="2024-09-12T09:39:43" hostname="pablito-B550-AORUS-ELITE-V2" time="0.038">
  <properties/>
  <testcase name="1.1: Generate EdDSA_Ed25519 key" classname="id.walt.custodian.CustodianSqlKeyTests" time="0.004"/>
  <testcase name="1.2: Generate ECDSA_Secp256k1 key" classname="id.walt.custodian.CustodianSqlKeyTests" time="0.003"/>
  <testcase name="2.1: Load EdDSA_Ed25519 key" classname="id.walt.custodian.CustodianSqlKeyTests" time="0.0"/>
  <testcase name="2.2: Load ECDSA_Secp256k1 key" classname="id.walt.custodian.CustodianSqlKeyTests" time="0.001"/>
  <testcase name="3: List keys size" classname="id.walt.custodian.CustodianSqlKeyTests" time="0.001"/>
  <testcase name="4: Delete keys" classname="id.walt.custodian.CustodianSqlKeyTests" time="0.006"/>
  <testcase name="5.1: Store EdDSA_Ed25519 key" classname="id.walt.custodian.CustodianSqlKeyTests" time="0.002"/>
  <testcase name="5.2: Store ECDSA_Secp256k1 key" classname="id.walt.custodian.CustodianSqlKeyTests" time="0.003"/>
  <testcase name="6.1: Retrieve stored EdDSA_Ed25519 key" classname="id.walt.custodian.CustodianSqlKeyTests" time="0.001"/>
  <testcase name="6.2: Retrieve stored ECDSA_Secp256k1 key" classname="id.walt.custodian.CustodianSqlKeyTests" time="0.014"/>
  <system-out><![CDATA[]]></system-out>
  <system-err><![CDATA[8120 [pool-1-thread-1 @coroutine#211] DEBUG id.walt.services.keystore.SqlKeyStoreService - Saving key "Key[1f8be3a15be34b7197feb1203f80c09a; Algo: EdDSA_Ed25519; Provider: SUN]"...
8122 [pool-1-thread-1 @coroutine#211] DEBUG id.walt.services.keystore.SqlKeyStoreService - Loading key "1f8be3a15be34b7197feb1203f80c09a"...
8123 [pool-1-thread-1 @coroutine#212] DEBUG id.walt.services.keystore.SqlKeyStoreService - Saving key "Key[49c557e6cfea4a59964349c2cab5cbc0; Algo: ECDSA_Secp256k1; Provider: SUN]"...
8125 [pool-1-thread-1 @coroutine#212] DEBUG id.walt.services.keystore.SqlKeyStoreService - Loading key "49c557e6cfea4a59964349c2cab5cbc0"...
8127 [pool-1-thread-1 @coroutine#213] DEBUG id.walt.services.keystore.SqlKeyStoreService - Loading key "1f8be3a15be34b7197feb1203f80c09a"...
8127 [pool-1-thread-1 @coroutine#214] DEBUG id.walt.services.keystore.SqlKeyStoreService - Loading key "49c557e6cfea4a59964349c2cab5cbc0"...
8130 [pool-1-thread-1 @coroutine#216] DEBUG id.walt.services.keystore.SqlKeyStoreService - Deleting key "1f8be3a15be34b7197feb1203f80c09a".
8132 [pool-1-thread-1 @coroutine#216] DEBUG id.walt.services.keystore.SqlKeyStoreService - Deleting key "49c557e6cfea4a59964349c2cab5cbc0".
8136 [pool-1-thread-1 @coroutine#217] DEBUG id.walt.services.keystore.SqlKeyStoreService - Saving key "Key[45674a4ac169f7f4716804393d20480138a; Algo: EdDSA_Ed25519; Provider: SUN]"...
8138 [pool-1-thread-1 @coroutine#217] DEBUG id.walt.services.key.WaltIdKeyService - Importing key 45674a4ac169f7f4716804393d20480138a
8139 [pool-1-thread-1 @coroutine#218] DEBUG id.walt.services.keystore.SqlKeyStoreService - Saving key "Key[ed51ec3a165f4af8bef8298d99b41de7; Algo: ECDSA_Secp256k1; Provider: SUN]"...
8141 [pool-1-thread-1 @coroutine#218] DEBUG id.walt.services.key.WaltIdKeyService - Importing key ed51ec3a165f4af8bef8298d99b41de7
8142 [pool-1-thread-1 @coroutine#219] DEBUG id.walt.services.keystore.SqlKeyStoreService - Loading key "45674a4ac169f7f4716804393d20480138a"...
8143 [pool-1-thread-1 @coroutine#220] DEBUG id.walt.services.keystore.SqlKeyStoreService - Loading key "ed51ec3a165f4af8bef8298d99b41de7"...
8144 [pool-1-thread-1 @coroutine#220] DEBUG id.walt.services.keystore.SqlKeyStoreService - Deleting key "b97c7722362a4c59a5f9bc69f7cbb1d5".
8146 [pool-1-thread-1 @coroutine#220] DEBUG id.walt.services.keystore.SqlKeyStoreService - Deleting key "21a7da7ebd1445a89742a1939c3d1268".
8148 [pool-1-thread-1 @coroutine#220] DEBUG id.walt.services.keystore.SqlKeyStoreService - Deleting key "544c5e5e445b44bca170d52b1f8fab43".
8150 [pool-1-thread-1 @coroutine#220] DEBUG id.walt.services.keystore.SqlKeyStoreService - Deleting key "5b2736767e2746ab9bb32b4ef44503fb".
8152 [pool-1-thread-1 @coroutine#220] DEBUG id.walt.services.keystore.SqlKeyStoreService - Deleting key "45674a4ac169f7f4716804393d20480138a".
8154 [pool-1-thread-1 @coroutine#220] DEBUG id.walt.services.keystore.SqlKeyStoreService - Deleting key "ed51ec3a165f4af8bef8298d99b41de7".
]]></system-err>
</testsuite>
