<?xml version="1.0" encoding="UTF-8"?>
<testsuite name="id.walt.crypto.SunCryptoTest" tests="3" skipped="0" failures="0" errors="0" timestamp="2024-09-12T09:39:42" hostname="pablito-B550-AORUS-ELITE-V2" time="0.147">
  <properties/>
  <testcase name="signEd25519Test" classname="id.walt.crypto.SunCryptoTest" time="0.009"/>
  <testcase name="signRsaTest" classname="id.walt.crypto.SunCryptoTest" time="0.127"/>
  <testcase name="signSecp256k1Test" classname="id.walt.crypto.SunCryptoTest" time="0.009"/>
  <system-out><![CDATA[]]></system-out>
  <system-err><![CDATA[7776 [pool-1-thread-1 @coroutine#189] DEBUG id.walt.services.keystore.HKVKeyStoreService - Storing key "d2f074edf76c4a279bac53dd2e513536".
7776 [pool-1-thread-1 @coroutine#189] DEBUG id.walt.services.keystore.HKVKeyStoreService - Loading key "d2f074edf76c4a279bac53dd2e513536".
7777 [pool-1-thread-1 @coroutine#189] DEBUG id.walt.services.keystore.HKVKeyStoreService - Loading key "d2f074edf76c4a279bac53dd2e513536".
7905 [pool-1-thread-1 @coroutine#190] DEBUG id.walt.services.keystore.HKVKeyStoreService - Storing key "720aecf0b2c74cfc8c1b1b11309e7512".
7905 [pool-1-thread-1 @coroutine#190] DEBUG id.walt.services.keystore.HKVKeyStoreService - Loading key "720aecf0b2c74cfc8c1b1b11309e7512".
7907 [pool-1-thread-1 @coroutine#190] DEBUG id.walt.services.keystore.HKVKeyStoreService - Loading key "720aecf0b2c74cfc8c1b1b11309e7512".
7914 [pool-1-thread-1 @coroutine#191] DEBUG id.walt.services.keystore.HKVKeyStoreService - Storing key "435594a532284198b1f640d9fd31d4be".
7914 [pool-1-thread-1 @coroutine#191] DEBUG id.walt.services.keystore.HKVKeyStoreService - Loading key "435594a532284198b1f640d9fd31d4be".
7915 [pool-1-thread-1 @coroutine#191] DEBUG id.walt.services.keystore.HKVKeyStoreService - Loading key "435594a532284198b1f640d9fd31d4be".
]]></system-err>
</testsuite>
