<?xml version="1.0" encoding="UTF-8"?>
<testsuite name="id.walt.auditor.IssuedDateBeforePolicyTest" tests="4" skipped="0" failures="0" errors="0" timestamp="2024-09-12T09:39:41" hostname="pablito-B550-AORUS-ELITE-V2" time="0.005">
  <properties/>
  <testcase name="returns true when issuance date is before current" classname="id.walt.auditor.IssuedDateBeforePolicyTest" time="0.001"/>
  <testcase name="returns false when issuance date is in the future" classname="id.walt.auditor.IssuedDateBeforePolicyTest" time="0.0"/>
  <testcase name="returns false when vc is not a presentation and issuance date is null" classname="id.walt.auditor.IssuedDateBeforePolicyTest" time="0.001"/>
  <testcase name="returns always true when vc is a presentation" classname="id.walt.auditor.IssuedDateBeforePolicyTest" time="0.0"/>
  <system-out><![CDATA[]]></system-out>
  <system-err><![CDATA[6074 [pool-1-thread-1 @coroutine#115] DEBUG id.walt.auditor.VerificationPolicy - VC [VerifiableCredential] passes policy IssuedDateBeforePolicy: passed
6075 [pool-1-thread-1 @coroutine#116] DEBUG id.walt.auditor.VerificationPolicy - VerificationPolicy failed: 
6076 [pool-1-thread-1 @coroutine#116] DEBUG id.walt.auditor.VerificationPolicy - VC [VerifiableCredential] passes policy IssuedDateBeforePolicy: failed: 
6077 [pool-1-thread-1 @coroutine#117] DEBUG id.walt.auditor.VerificationPolicy - VerificationPolicy failed: 
6077 [pool-1-thread-1 @coroutine#117] DEBUG id.walt.auditor.VerificationPolicy - VC [VerifiableCredential] passes policy IssuedDateBeforePolicy: failed: 
6078 [pool-1-thread-1 @coroutine#118] DEBUG id.walt.auditor.VerificationPolicy - VC [VerifiablePresentation] passes policy IssuedDateBeforePolicy: passed
]]></system-err>
</testsuite>
